<?xml version="1.0" encoding="UTF-8"?>
<testsuite name="com.tripMaster.tourguideclient.TestPerformance" tests="2" skipped="0" failures="0" errors="0" timestamp="2021-11-27T19:34:20" hostname="MSI" time="1.943">
  <properties/>
  <testcase name="highVolumeTrackLocation()" classname="com.tripMaster.tourguideclient.TestPerformance" time="0.007"/>
  <testcase name="highVolumeGetRewards()" classname="com.tripMaster.tourguideclient.TestPerformance" time="1.935"/>
  <system-out><![CDATA[2021-11-27 20:34:18.079  INFO 530588 --- [    Test worker] .b.t.c.SpringBootTestContextBootstrapper : Neither @ContextConfiguration nor @ContextHierarchy found for test class [com.tripMaster.tourguideclient.TestPerformance], using SpringBootContextLoader
2021-11-27 20:34:18.079  INFO 530588 --- [    Test worker] o.s.t.c.support.AbstractContextLoader    : Could not detect default resource locations for test class [com.tripMaster.tourguideclient.TestPerformance]: no resource found for suffixes {-context.xml, Context.groovy}.
2021-11-27 20:34:18.079  INFO 530588 --- [    Test worker] t.c.s.AnnotationConfigContextLoaderUtils : Could not detect default configuration classes for test class [com.tripMaster.tourguideclient.TestPerformance]: TestPerformance does not declare any static, non-private, non-final, nested classes annotated with @Configuration.
2021-11-27 20:34:18.084  INFO 530588 --- [    Test worker] .b.t.c.SpringBootTestContextBootstrapper : Found @SpringBootConfiguration com.tripMaster.tourguideclient.TourGuideClientApplication for test class com.tripMaster.tourguideclient.TestPerformance
2021-11-27 20:34:18.093  INFO 530588 --- [    Test worker] .b.t.c.SpringBootTestContextBootstrapper : Loaded default TestExecutionListener class names from location [META-INF/spring.factories]: [org.springframework.test.context.web.ServletTestExecutionListener, org.springframework.test.context.support.DirtiesContextBeforeModesTestExecutionListener, org.springframework.test.context.event.ApplicationEventsTestExecutionListener, org.springframework.test.context.support.DependencyInjectionTestExecutionListener, org.springframework.test.context.support.DirtiesContextTestExecutionListener, org.springframework.test.context.transaction.TransactionalTestExecutionListener, org.springframework.test.context.jdbc.SqlScriptsTestExecutionListener, org.springframework.test.context.event.EventPublishingTestExecutionListener, org.springframework.boot.test.autoconfigure.restdocs.RestDocsTestExecutionListener, org.springframework.boot.test.autoconfigure.web.client.MockRestServiceServerResetTestExecutionListener, org.springframework.boot.test.autoconfigure.web.servlet.MockMvcPrintOnlyOnFailureTestExecutionListener, org.springframework.boot.test.autoconfigure.web.servlet.WebDriverTestExecutionListener, org.springframework.boot.test.autoconfigure.webservices.client.MockWebServiceServerTestExecutionListener, org.springframework.boot.test.mock.mockito.MockitoTestExecutionListener, org.springframework.boot.test.mock.mockito.ResetMocksTestExecutionListener]
2021-11-27 20:34:18.094  INFO 530588 --- [    Test worker] .b.t.c.SpringBootTestContextBootstrapper : Using TestExecutionListeners: [org.springframework.test.context.web.ServletTestExecutionListener@3575b06b, org.springframework.test.context.support.DirtiesContextBeforeModesTestExecutionListener@19372b0b, org.springframework.test.context.event.ApplicationEventsTestExecutionListener@2b6a79f, org.springframework.boot.test.mock.mockito.MockitoTestExecutionListener@7da45702, org.springframework.boot.test.autoconfigure.SpringBootDependencyInjectionTestExecutionListener@654a5635, org.springframework.test.context.support.DirtiesContextTestExecutionListener@458556e4, org.springframework.test.context.event.EventPublishingTestExecutionListener@72388b94, org.springframework.boot.test.autoconfigure.restdocs.RestDocsTestExecutionListener@2dfbde96, org.springframework.boot.test.autoconfigure.web.client.MockRestServiceServerResetTestExecutionListener@1ab7cee2, org.springframework.boot.test.autoconfigure.web.servlet.MockMvcPrintOnlyOnFailureTestExecutionListener@75ea8926, org.springframework.boot.test.autoconfigure.web.servlet.WebDriverTestExecutionListener@4338c824, org.springframework.boot.test.autoconfigure.webservices.client.MockWebServiceServerTestExecutionListener@3044b1bb, org.springframework.boot.test.mock.mockito.ResetMocksTestExecutionListener@1420b98f]

  .   ____          _            __ _ _
 /\\ / ___'_ __ _ _(_)_ __  __ _ \ \ \ \
( ( )\___ | '_ | '_| | '_ \/ _` | \ \ \ \
 \\/  ___)| |_)| | | | | || (_| |  ) ) ) )
  '  |____| .__|_| |_|_| |_\__, | / / / /
 =========|_|==============|___/=/_/_/_/
 :: Spring Boot ::                (v2.5.6)

2021-11-27 20:34:18.401  INFO 530588 --- [    Test worker] c.t.tourguideclient.TestPerformance      : Starting TestPerformance using Java 1.8.0_281 on MSI with PID 530588 (started by Kikine in C:\Users\Kikine\Desktop\tripMaster\tourguide-client)
2021-11-27 20:34:18.401 DEBUG 530588 --- [    Test worker] c.t.tourguideclient.TestPerformance      : Running with Spring Boot v2.5.6, Spring v5.3.12
2021-11-27 20:34:18.401  INFO 530588 --- [    Test worker] c.t.tourguideclient.TestPerformance      : No active profile set, falling back to default profiles: default
2021-11-27 20:34:18.872  INFO 530588 --- [    Test worker] o.s.cloud.context.scope.GenericScope     : BeanFactory id=c48ddca6-1a9d-3d7e-a9a0-a1ef86973617
2021-11-27 20:34:18.958 DEBUG 530588 --- [    Test worker] c.t.t.DAO.InternalUserMapDAO             : Created 0 internal test users.
2021-11-27 20:34:19.315  INFO 530588 --- [    Test worker] c.t.t.s.TourGuideClientServiceImpl       : TestMode enabled
2021-11-27 20:34:19.316 DEBUG 530588 --- [    Test worker] c.t.t.s.TourGuideClientServiceImpl       : Initializing users
2021-11-27 20:34:19.316 DEBUG 530588 --- [    Test worker] c.t.t.DAO.InternalUserMapDAO             : Created 0 internal test users.
2021-11-27 20:34:19.316 DEBUG 530588 --- [    Test worker] c.t.t.s.TourGuideClientServiceImpl       : Finished initializing users
2021-11-27 20:34:19.316 DEBUG 530588 --- [ool-39-thread-1] c.t.tourguideclient.utils.Tracker        : Begin Tracker. Tracking 0 users.
2021-11-27 20:34:19.316 DEBUG 530588 --- [ool-39-thread-1] c.t.tourguideclient.utils.Tracker        : Tracker Time Elapsed: 0 seconds.
2021-11-27 20:34:19.316 DEBUG 530588 --- [ool-39-thread-1] c.t.tourguideclient.utils.Tracker        : Tracker sleeping
2021-11-27 20:34:19.557  INFO 530588 --- [    Test worker] pertySourcedRequestMappingHandlerMapping : Mapped URL path [/v2/api-docs] onto method [springfox.documentation.swagger2.web.Swagger2Controller#getDocumentation(String, HttpServletRequest)]
2021-11-27 20:34:20.313  INFO 530588 --- [    Test worker] d.s.w.p.DocumentationPluginsBootstrapper : Context refreshed
2021-11-27 20:34:20.313  INFO 530588 --- [    Test worker] d.s.w.p.DocumentationPluginsBootstrapper : Found 1 custom documentation plugin(s)
2021-11-27 20:34:20.318  INFO 530588 --- [    Test worker] s.d.s.w.s.ApiListingReferenceScanner     : Scanning for api listing references
2021-11-27 20:34:20.352  INFO 530588 --- [    Test worker] c.t.tourguideclient.TestPerformance      : Started TestPerformance in 2.255 seconds (JVM running for 9.214)
2021-11-27 20:34:20.361  INFO 530588 --- [    Test worker] c.t.t.s.TourGuideClientServiceImpl       : TestMode enabled
2021-11-27 20:34:20.361 DEBUG 530588 --- [    Test worker] c.t.t.s.TourGuideClientServiceImpl       : Initializing users
2021-11-27 20:34:20.361 DEBUG 530588 --- [    Test worker] c.t.t.DAO.InternalUserMapDAO             : Created 0 internal test users.
2021-11-27 20:34:20.361 DEBUG 530588 --- [    Test worker] c.t.t.s.TourGuideClientServiceImpl       : Finished initializing users
2021-11-27 20:34:20.362 DEBUG 530588 --- [ool-40-thread-1] c.t.tourguideclient.utils.Tracker        : Begin Tracker. Tracking 0 users.
2021-11-27 20:34:20.362 DEBUG 530588 --- [ool-40-thread-1] c.t.tourguideclient.utils.Tracker        : Tracker Time Elapsed: 0 seconds.
2021-11-27 20:34:20.362 DEBUG 530588 --- [ool-40-thread-1] c.t.tourguideclient.utils.Tracker        : Tracker sleeping
highVolumeTrackLocation: Time Elapsed: 0 seconds.
2021-11-27 20:34:20.368  INFO 530588 --- [    Test worker] c.t.t.s.TourGuideClientServiceImpl       : TestMode enabled
2021-11-27 20:34:20.368 DEBUG 530588 --- [    Test worker] c.t.t.s.TourGuideClientServiceImpl       : Initializing users
2021-11-27 20:34:20.380 DEBUG 530588 --- [    Test worker] c.t.t.DAO.InternalUserMapDAO             : Created 100 internal test users.
2021-11-27 20:34:20.380 DEBUG 530588 --- [    Test worker] c.t.t.s.TourGuideClientServiceImpl       : Finished initializing users
2021-11-27 20:34:20.381 DEBUG 530588 --- [ool-42-thread-1] c.t.tourguideclient.utils.Tracker        : Begin Tracker. Tracking 100 users.
2021-11-27 20:34:20.381 DEBUG 530588 --- [ool-42-thread-1] c.t.t.s.TourGuideClientServiceImpl       : Service - user location tracked for username: internalUser78
2021-11-27 20:34:20.381 DEBUG 530588 --- [ool-42-thread-1] c.t.t.s.TourGuideClientServiceImpl       : Service - user location tracked for username: internalUser77
2021-11-27 20:34:20.382 DEBUG 530588 --- [ool-42-thread-1] c.t.t.s.TourGuideClientServiceImpl       : Service - user location tracked for username: internalUser79
2021-11-27 20:34:20.382 DEBUG 530588 --- [ool-42-thread-1] c.t.t.s.TourGuideClientServiceImpl       : Service - user location tracked for username: internalUser74
2021-11-27 20:34:20.382 DEBUG 530588 --- [ool-42-thread-1] c.t.t.s.TourGuideClientServiceImpl       : Service - user location tracked for username: internalUser73
2021-11-27 20:34:20.383 DEBUG 530588 --- [ool-42-thread-1] c.t.t.s.TourGuideClientServiceImpl       : Service - user location tracked for username: internalUser76
2021-11-27 20:34:20.383 DEBUG 530588 --- [ool-42-thread-1] c.t.t.s.TourGuideClientServiceImpl       : Service - user location tracked for username: internalUser75
2021-11-27 20:34:20.383 DEBUG 530588 --- [ool-42-thread-1] c.t.t.s.TourGuideClientServiceImpl       : Service - user location tracked for username: internalUser70
2021-11-27 20:34:20.383 DEBUG 530588 --- [ool-42-thread-1] c.t.t.s.TourGuideClientServiceImpl       : Service - user location tracked for username: internalUser72
2021-11-27 20:34:20.383 DEBUG 530588 --- [ool-42-thread-1] c.t.t.s.TourGuideClientServiceImpl       : Service - user location tracked for username: internalUser71
2021-11-27 20:34:20.384 DEBUG 530588 --- [ool-42-thread-1] c.t.t.s.TourGuideClientServiceImpl       : Service - user location tracked for username: internalUser90
2021-11-27 20:34:20.384 DEBUG 530588 --- [ool-42-thread-1] c.t.t.s.TourGuideClientServiceImpl       : Service - user location tracked for username: internalUser89
2021-11-27 20:34:20.384 DEBUG 530588 --- [ool-42-thread-1] c.t.t.s.TourGuideClientServiceImpl       : Service - user location tracked for username: internalUser88
2021-11-27 20:34:20.384 DEBUG 530588 --- [ool-42-thread-1] c.t.t.s.TourGuideClientServiceImpl       : Service - user location tracked for username: internalUser85
2021-11-27 20:34:20.384 DEBUG 530588 --- [ool-42-thread-1] c.t.t.s.TourGuideClientServiceImpl       : Service - user location tracked for username: internalUser84
2021-11-27 20:34:20.385 DEBUG 530588 --- [ool-42-thread-1] c.t.t.s.TourGuideClientServiceImpl       : Service - user location tracked for username: internalUser87
2021-11-27 20:34:20.385 DEBUG 530588 --- [ool-42-thread-1] c.t.t.s.TourGuideClientServiceImpl       : Service - user location tracked for username: internalUser86
2021-11-27 20:34:20.385 DEBUG 530588 --- [ool-42-thread-1] c.t.t.s.TourGuideClientServiceImpl       : Service - user location tracked for username: internalUser81
2021-11-27 20:34:20.385 DEBUG 530588 --- [ool-42-thread-1] c.t.t.s.TourGuideClientServiceImpl       : Service - user location tracked for username: internalUser80
2021-11-27 20:34:20.385 DEBUG 530588 --- [ool-42-thread-1] c.t.t.s.TourGuideClientServiceImpl       : Service - user location tracked for username: internalUser83
2021-11-27 20:34:20.386 DEBUG 530588 --- [ool-42-thread-1] c.t.t.s.TourGuideClientServiceImpl       : Service - user location tracked for username: internalUser82
2021-11-27 20:34:20.386 DEBUG 530588 --- [ool-42-thread-1] c.t.t.s.TourGuideClientServiceImpl       : Service - user location tracked for username: internalUser9
2021-11-27 20:34:20.386 DEBUG 530588 --- [ool-42-thread-1] c.t.t.s.TourGuideClientServiceImpl       : Service - user location tracked for username: internalUser8
2021-11-27 20:34:20.387 DEBUG 530588 --- [ool-42-thread-1] c.t.t.s.TourGuideClientServiceImpl       : Service - user location tracked for username: internalUser19
2021-11-27 20:34:20.387 DEBUG 530588 --- [ool-42-thread-1] c.t.t.s.TourGuideClientServiceImpl       : Service - user location tracked for username: internalUser16
2021-11-27 20:34:20.388 DEBUG 530588 --- [ool-42-thread-1] c.t.t.s.TourGuideClientServiceImpl       : Service - user location tracked for username: internalUser15
2021-11-27 20:34:20.388 DEBUG 530588 --- [ool-42-thread-1] c.t.t.s.TourGuideClientServiceImpl       : Service - user location tracked for username: internalUser18
2021-11-27 20:34:20.388 DEBUG 530588 --- [ool-42-thread-1] c.t.t.s.TourGuideClientServiceImpl       : Service - user location tracked for username: internalUser17
2021-11-27 20:34:20.388 DEBUG 530588 --- [ool-42-thread-1] c.t.t.s.TourGuideClientServiceImpl       : Service - user location tracked for username: internalUser12
2021-11-27 20:34:20.389 DEBUG 530588 --- [ool-42-thread-1] c.t.t.s.TourGuideClientServiceImpl       : Service - user location tracked for username: internalUser11
2021-11-27 20:34:20.389 DEBUG 530588 --- [ool-42-thread-1] c.t.t.s.TourGuideClientServiceImpl       : Service - user location tracked for username: internalUser99
2021-11-27 20:34:20.389 DEBUG 530588 --- [ool-42-thread-1] c.t.t.s.TourGuideClientServiceImpl       : Service - user location tracked for username: internalUser14
2021-11-27 20:34:20.389 DEBUG 530588 --- [ool-42-thread-1] c.t.t.s.TourGuideClientServiceImpl       : Service - user location tracked for username: internalUser13
2021-11-27 20:34:20.390 DEBUG 530588 --- [ool-42-thread-1] c.t.t.s.TourGuideClientServiceImpl       : Service - user location tracked for username: internalUser3
2021-11-27 20:34:20.390 DEBUG 530588 --- [ool-42-thread-1] c.t.t.s.TourGuideClientServiceImpl       : Service - user location tracked for username: internalUser96
2021-11-27 20:34:20.391 DEBUG 530588 --- [ool-42-thread-1] c.t.t.s.TourGuideClientServiceImpl       : Service - user location tracked for username: internalUser2
2021-11-27 20:34:20.391 DEBUG 530588 --- [ool-42-thread-1] c.t.t.s.TourGuideClientServiceImpl       : Service - user location tracked for username: internalUser95
2021-11-27 20:34:20.392 DEBUG 530588 --- [ool-42-thread-1] c.t.t.s.TourGuideClientServiceImpl       : Service - user location tracked for username: internalUser1
2021-11-27 20:34:20.392 DEBUG 530588 --- [ool-42-thread-1] c.t.t.s.TourGuideClientServiceImpl       : Service - user location tracked for username: internalUser10
2021-11-27 20:34:20.392 DEBUG 530588 --- [ool-42-thread-1] c.t.t.s.TourGuideClientServiceImpl       : Service - user location tracked for username: internalUser98
2021-11-27 20:34:20.393 DEBUG 530588 --- [ool-42-thread-1] c.t.t.s.TourGuideClientServiceImpl       : Service - user location tracked for username: internalUser0
2021-11-27 20:34:20.393 DEBUG 530588 --- [ool-42-thread-1] c.t.t.s.TourGuideClientServiceImpl       : Service - user location tracked for username: internalUser97
2021-11-27 20:34:20.394 DEBUG 530588 --- [ool-42-thread-1] c.t.t.s.TourGuideClientServiceImpl       : Service - user location tracked for username: internalUser7
2021-11-27 20:34:20.394 DEBUG 530588 --- [ool-42-thread-1] c.t.t.s.TourGuideClientServiceImpl       : Service - user location tracked for username: internalUser92
2021-11-27 20:34:20.394 DEBUG 530588 --- [ool-42-thread-1] c.t.t.s.TourGuideClientServiceImpl       : Service - user location tracked for username: internalUser6
2021-11-27 20:34:20.394 DEBUG 530588 --- [ool-42-thread-1] c.t.t.s.TourGuideClientServiceImpl       : Service - user location tracked for username: internalUser91
2021-11-27 20:34:20.394 DEBUG 530588 --- [ool-42-thread-1] c.t.t.s.TourGuideClientServiceImpl       : Service - user location tracked for username: internalUser5
2021-11-27 20:34:20.395 DEBUG 530588 --- [ool-42-thread-1] c.t.t.s.TourGuideClientServiceImpl       : Service - user location tracked for username: internalUser94
2021-11-27 20:34:20.395 DEBUG 530588 --- [ool-42-thread-1] c.t.t.s.TourGuideClientServiceImpl       : Service - user location tracked for username: internalUser4
2021-11-27 20:34:20.395 DEBUG 530588 --- [ool-42-thread-1] c.t.t.s.TourGuideClientServiceImpl       : Service - user location tracked for username: internalUser93
2021-11-27 20:34:20.396 DEBUG 530588 --- [ool-42-thread-1] c.t.t.s.TourGuideClientServiceImpl       : Service - user location tracked for username: internalUser27
2021-11-27 20:34:20.397 DEBUG 530588 --- [ool-42-thread-1] c.t.t.s.TourGuideClientServiceImpl       : Service - user location tracked for username: internalUser26
2021-11-27 20:34:20.397 DEBUG 530588 --- [ool-42-thread-1] c.t.t.s.TourGuideClientServiceImpl       : Service - user location tracked for username: internalUser29
2021-11-27 20:34:20.397 DEBUG 530588 --- [ool-42-thread-1] c.t.t.s.TourGuideClientServiceImpl       : Service - user location tracked for username: internalUser28
2021-11-27 20:34:20.397 DEBUG 530588 --- [ool-42-thread-1] c.t.t.s.TourGuideClientServiceImpl       : Service - user location tracked for username: internalUser23
2021-11-27 20:34:20.398 DEBUG 530588 --- [ool-42-thread-1] c.t.t.s.TourGuideClientServiceImpl       : Service - user location tracked for username: internalUser22
2021-11-27 20:34:20.398 DEBUG 530588 --- [ool-42-thread-1] c.t.t.s.TourGuideClientServiceImpl       : Service - user location tracked for username: internalUser25
2021-11-27 20:34:20.398 DEBUG 530588 --- [ool-42-thread-1] c.t.t.s.TourGuideClientServiceImpl       : Service - user location tracked for username: internalUser24
2021-11-27 20:34:20.398 DEBUG 530588 --- [ool-42-thread-1] c.t.t.s.TourGuideClientServiceImpl       : Service - user location tracked for username: internalUser21
2021-11-27 20:34:20.398 DEBUG 530588 --- [ool-42-thread-1] c.t.t.s.TourGuideClientServiceImpl       : Service - user location tracked for username: internalUser20
2021-11-27 20:34:20.399 DEBUG 530588 --- [ool-42-thread-1] c.t.t.s.TourGuideClientServiceImpl       : Service - user location tracked for username: internalUser38
2021-11-27 20:34:20.400 DEBUG 530588 --- [ool-42-thread-1] c.t.t.s.TourGuideClientServiceImpl       : Service - user location tracked for username: internalUser37
2021-11-27 20:34:20.400 DEBUG 530588 --- [ool-42-thread-1] c.t.t.s.TourGuideClientServiceImpl       : Service - user location tracked for username: internalUser39
2021-11-27 20:34:20.401 DEBUG 530588 --- [ool-42-thread-1] c.t.t.s.TourGuideClientServiceImpl       : Service - user location tracked for username: internalUser34
2021-11-27 20:34:20.401 DEBUG 530588 --- [ool-42-thread-1] c.t.t.s.TourGuideClientServiceImpl       : Service - user location tracked for username: internalUser33
2021-11-27 20:34:20.401 DEBUG 530588 --- [ool-42-thread-1] c.t.t.s.TourGuideClientServiceImpl       : Service - user location tracked for username: internalUser36
2021-11-27 20:34:20.401 DEBUG 530588 --- [ool-42-thread-1] c.t.t.s.TourGuideClientServiceImpl       : Service - user location tracked for username: internalUser35
2021-11-27 20:34:20.401 DEBUG 530588 --- [ool-42-thread-1] c.t.t.s.TourGuideClientServiceImpl       : Service - user location tracked for username: internalUser30
2021-11-27 20:34:20.407 DEBUG 530588 --- [ool-42-thread-1] c.t.t.s.TourGuideClientServiceImpl       : Service - user location tracked for username: internalUser32
2021-11-27 20:34:20.407 DEBUG 530588 --- [ool-42-thread-1] c.t.t.s.TourGuideClientServiceImpl       : Service - user location tracked for username: internalUser31
2021-11-27 20:34:20.407 DEBUG 530588 --- [ool-42-thread-1] c.t.t.s.TourGuideClientServiceImpl       : Service - user location tracked for username: internalUser49
2021-11-27 20:34:20.408 DEBUG 530588 --- [ool-42-thread-1] c.t.t.s.TourGuideClientServiceImpl       : Service - user location tracked for username: internalUser48
2021-11-27 20:34:20.410 DEBUG 530588 --- [ool-42-thread-1] c.t.t.s.TourGuideClientServiceImpl       : Service - user location tracked for username: internalUser45
2021-11-27 20:34:20.418 DEBUG 530588 --- [ool-42-thread-1] c.t.t.s.TourGuideClientServiceImpl       : Service - user location tracked for username: internalUser44
2021-11-27 20:34:20.419 DEBUG 530588 --- [ool-42-thread-1] c.t.t.s.TourGuideClientServiceImpl       : Service - user location tracked for username: internalUser47
2021-11-27 20:34:20.419 DEBUG 530588 --- [ool-42-thread-1] c.t.t.s.TourGuideClientServiceImpl       : Service - user location tracked for username: internalUser46
2021-11-27 20:34:20.419 DEBUG 530588 --- [ool-42-thread-1] c.t.t.s.TourGuideClientServiceImpl       : Service - user location tracked for username: internalUser41
2021-11-27 20:34:20.419 DEBUG 530588 --- [ool-42-thread-1] c.t.t.s.TourGuideClientServiceImpl       : Service - user location tracked for username: internalUser40
2021-11-27 20:34:20.420 DEBUG 530588 --- [ool-42-thread-1] c.t.t.s.TourGuideClientServiceImpl       : Service - user location tracked for username: internalUser43
2021-11-27 20:34:20.420 DEBUG 530588 --- [ool-42-thread-1] c.t.t.s.TourGuideClientServiceImpl       : Service - user location tracked for username: internalUser42
2021-11-27 20:34:20.420 DEBUG 530588 --- [ool-42-thread-1] c.t.t.s.TourGuideClientServiceImpl       : Service - user location tracked for username: internalUser59
2021-11-27 20:34:20.420 DEBUG 530588 --- [ool-42-thread-1] c.t.t.s.TourGuideClientServiceImpl       : Service - user location tracked for username: internalUser56
2021-11-27 20:34:20.420 DEBUG 530588 --- [ool-42-thread-1] c.t.t.s.TourGuideClientServiceImpl       : Service - user location tracked for username: internalUser55
2021-11-27 20:34:20.421 DEBUG 530588 --- [ool-42-thread-1] c.t.t.s.TourGuideClientServiceImpl       : Service - user location tracked for username: internalUser58
2021-11-27 20:34:20.421 DEBUG 530588 --- [ool-42-thread-1] c.t.t.s.TourGuideClientServiceImpl       : Service - user location tracked for username: internalUser57
2021-11-27 20:34:20.421 DEBUG 530588 --- [ool-42-thread-1] c.t.t.s.TourGuideClientServiceImpl       : Service - user location tracked for username: internalUser52
2021-11-27 20:34:20.421 DEBUG 530588 --- [ool-42-thread-1] c.t.t.s.TourGuideClientServiceImpl       : Service - user location tracked for username: internalUser51
2021-11-27 20:34:20.421 DEBUG 530588 --- [ool-42-thread-1] c.t.t.s.TourGuideClientServiceImpl       : Service - user location tracked for username: internalUser54
2021-11-27 20:34:20.421 DEBUG 530588 --- [ool-42-thread-1] c.t.t.s.TourGuideClientServiceImpl       : Service - user location tracked for username: internalUser53
2021-11-27 20:34:20.422 DEBUG 530588 --- [ool-42-thread-1] c.t.t.s.TourGuideClientServiceImpl       : Service - user location tracked for username: internalUser50
2021-11-27 20:34:20.422 DEBUG 530588 --- [ool-42-thread-1] c.t.t.s.TourGuideClientServiceImpl       : Service - user location tracked for username: internalUser67
2021-11-27 20:34:20.422 DEBUG 530588 --- [ool-42-thread-1] c.t.t.s.TourGuideClientServiceImpl       : Service - user location tracked for username: internalUser66
2021-11-27 20:34:20.423 DEBUG 530588 --- [ool-42-thread-1] c.t.t.s.TourGuideClientServiceImpl       : Service - user location tracked for username: internalUser69
2021-11-27 20:34:20.423 DEBUG 530588 --- [ool-42-thread-1] c.t.t.s.TourGuideClientServiceImpl       : Service - user location tracked for username: internalUser68
2021-11-27 20:34:20.424 DEBUG 530588 --- [ool-42-thread-1] c.t.t.s.TourGuideClientServiceImpl       : Service - user location tracked for username: internalUser63
2021-11-27 20:34:20.425 DEBUG 530588 --- [ool-42-thread-1] c.t.t.s.TourGuideClientServiceImpl       : Service - user location tracked for username: internalUser62
2021-11-27 20:34:20.425 DEBUG 530588 --- [ool-42-thread-1] c.t.t.s.TourGuideClientServiceImpl       : Service - user location tracked for username: internalUser65
2021-11-27 20:34:20.425 DEBUG 530588 --- [ool-42-thread-1] c.t.t.s.TourGuideClientServiceImpl       : Service - user location tracked for username: internalUser64
2021-11-27 20:34:20.425 DEBUG 530588 --- [ool-42-thread-1] c.t.t.s.TourGuideClientServiceImpl       : Service - user location tracked for username: internalUser61
2021-11-27 20:34:20.425 DEBUG 530588 --- [ool-42-thread-1] c.t.t.s.TourGuideClientServiceImpl       : Service - user location tracked for username: internalUser60
2021-11-27 20:34:20.426 DEBUG 530588 --- [ool-42-thread-1] c.t.tourguideclient.utils.Tracker        : Tracker Time Elapsed: 0 seconds.
2021-11-27 20:34:20.426 DEBUG 530588 --- [ool-42-thread-1] c.t.tourguideclient.utils.Tracker        : Tracker sleeping
2021-11-27 20:34:20.671 DEBUG 530588 --- [ool-46-thread-2] c.t.t.s.TourGuideClientServiceImpl       : Service - Visited location added for user: internalUser74
2021-11-27 20:34:20.671 DEBUG 530588 --- [ol-134-thread-2] c.t.t.s.TourGuideClientServiceImpl       : Service - Visited location added for user: internalUser66
2021-11-27 20:34:20.671 DEBUG 530588 --- [ool-85-thread-2] c.t.t.s.TourGuideClientServiceImpl       : Service - Visited location added for user: internalUser7
2021-11-27 20:34:20.671 DEBUG 530588 --- [ol-104-thread-2] c.t.t.s.TourGuideClientServiceImpl       : Service - Visited location added for user: internalUser37
2021-11-27 20:34:20.672 DEBUG 530588 --- [ool-95-thread-2] c.t.t.s.TourGuideClientServiceImpl       : Service - Visited location added for user: internalUser29
2021-11-27 20:34:20.671 DEBUG 530588 --- [ool-44-thread-2] c.t.t.s.TourGuideClientServiceImpl       : Service - Visited location added for user: internalUser77
2021-11-27 20:34:20.673 DEBUG 530588 --- [ool-97-thread-2] c.t.t.s.TourGuideClientServiceImpl       : Service - Visited location added for user: internalUser23
2021-11-27 20:34:20.674 DEBUG 530588 --- [ool-65-thread-2] c.t.t.s.TourGuideClientServiceImpl       : Service - Visited location added for user: internalUser8
2021-11-27 20:34:20.674 DEBUG 530588 --- [ol-117-thread-2] c.t.t.s.TourGuideClientServiceImpl       : Service - Visited location added for user: internalUser47
2021-11-27 20:34:20.672 DEBUG 530588 --- [ol-115-thread-2] c.t.t.s.TourGuideClientServiceImpl       : Service - Visited location added for user: internalUser45
2021-11-27 20:34:20.674 DEBUG 530588 --- [ool-57-thread-2] c.t.t.s.TourGuideClientServiceImpl       : Service - Visited location added for user: internalUser84
2021-11-27 20:34:20.672 DEBUG 530588 --- [ol-100-thread-2] c.t.t.s.TourGuideClientServiceImpl       : Service - Visited location added for user: internalUser24
2021-11-27 20:34:20.674 DEBUG 530588 --- [ol-107-thread-2] c.t.t.s.TourGuideClientServiceImpl       : Service - Visited location added for user: internalUser33
2021-11-27 20:34:20.674 DEBUG 530588 --- [ol-142-thread-2] c.t.t.s.TourGuideClientServiceImpl       : Service - Visited location added for user: internalUser60
2021-11-27 20:34:20.674 DEBUG 530588 --- [ool-73-thread-2] c.t.t.s.TourGuideClientServiceImpl       : Service - Visited location added for user: internalUser99
2021-11-27 20:34:20.675 DEBUG 530588 --- [ool-77-thread-2] c.t.t.s.TourGuideClientServiceImpl       : Service - Visited location added for user: internalUser96
2021-11-27 20:34:20.677 DEBUG 530588 --- [ol-137-thread-2] c.t.t.s.TourGuideClientServiceImpl       : Service - Visited location added for user: internalUser63
2021-11-27 20:34:20.679 DEBUG 530588 --- [ool-59-thread-2] c.t.t.s.TourGuideClientServiceImpl       : Service - Visited location added for user: internalUser86
2021-11-27 20:34:20.674 DEBUG 530588 --- [ol-139-thread-2] c.t.t.s.TourGuideClientServiceImpl       : Service - Visited location added for user: internalUser65
2021-11-27 20:34:20.680 DEBUG 530588 --- [ol-118-thread-2] c.t.t.s.TourGuideClientServiceImpl       : Service - Visited location added for user: internalUser46
2021-11-27 20:34:20.674 DEBUG 530588 --- [ool-82-thread-2] c.t.t.s.TourGuideClientServiceImpl       : Service - Visited location added for user: internalUser98
2021-11-27 20:34:20.682 DEBUG 530588 --- [ool-64-thread-2] c.t.t.s.TourGuideClientServiceImpl       : Service - Visited location added for user: internalUser9
2021-11-27 20:34:20.683 DEBUG 530588 --- [ool-86-thread-2] c.t.t.s.TourGuideClientServiceImpl       : Service - Visited location added for user: internalUser92
2021-11-27 20:34:20.683 DEBUG 530588 --- [ool-68-thread-2] c.t.t.s.TourGuideClientServiceImpl       : Service - Visited location added for user: internalUser15
2021-11-27 20:34:20.683 DEBUG 530588 --- [ol-112-thread-2] c.t.t.s.TourGuideClientServiceImpl       : Service - Visited location added for user: internalUser31
2021-11-27 20:34:20.683 DEBUG 530588 --- [ol-138-thread-2] c.t.t.s.TourGuideClientServiceImpl       : Service - Visited location added for user: internalUser62
2021-11-27 20:34:20.683 DEBUG 530588 --- [ol-127-thread-2] c.t.t.s.TourGuideClientServiceImpl       : Service - Visited location added for user: internalUser57
2021-11-27 20:34:20.682 DEBUG 530588 --- [ool-66-thread-2] c.t.t.s.TourGuideClientServiceImpl       : Service - Visited location added for user: internalUser19
2021-11-27 20:34:20.674 DEBUG 530588 --- [ool-67-thread-2] c.t.t.s.TourGuideClientServiceImpl       : Service - Visited location added for user: internalUser16
2021-11-27 20:34:20.685 DEBUG 530588 --- [ol-101-thread-2] c.t.t.s.TourGuideClientServiceImpl       : Service - Visited location added for user: internalUser21
2021-11-27 20:34:20.687 DEBUG 530588 --- [ol-122-thread-2] c.t.t.s.TourGuideClientServiceImpl       : Service - Visited location added for user: internalUser42
2021-11-27 20:34:20.687 DEBUG 530588 --- [ool-48-thread-2] c.t.t.s.TourGuideClientServiceImpl       : Service - Visited location added for user: internalUser76
2021-11-27 20:34:20.687 DEBUG 530588 --- [ool-58-thread-2] c.t.t.s.TourGuideClientServiceImpl       : Service - Visited location added for user: internalUser87
2021-11-27 20:34:20.688 DEBUG 530588 --- [ool-83-thread-2] c.t.t.s.TourGuideClientServiceImpl       : Service - Visited location added for user: internalUser0
2021-11-27 20:34:20.688 DEBUG 530588 --- [ool-53-thread-2] c.t.t.s.TourGuideClientServiceImpl       : Service - Visited location added for user: internalUser90
2021-11-27 20:34:20.688 DEBUG 530588 --- [ool-60-thread-2] c.t.t.s.TourGuideClientServiceImpl       : Service - Visited location added for user: internalUser81
2021-11-27 20:34:20.688 DEBUG 530588 --- [ool-49-thread-2] c.t.t.s.TourGuideClientServiceImpl       : Service - Visited location added for user: internalUser75
2021-11-27 20:34:20.689 DEBUG 530588 --- [ol-136-thread-2] c.t.t.s.TourGuideClientServiceImpl       : Service - Visited location added for user: internalUser68
2021-11-27 20:34:20.675 DEBUG 530588 --- [ol-109-thread-2] c.t.t.s.TourGuideClientServiceImpl       : Service - Visited location added for user: internalUser35
2021-11-27 20:34:20.689 DEBUG 530588 --- [ool-74-thread-2] c.t.t.s.TourGuideClientServiceImpl       : Service - Visited location added for user: internalUser14
2021-11-27 20:34:20.690 DEBUG 530588 --- [ol-129-thread-2] c.t.t.s.TourGuideClientServiceImpl       : Service - Visited location added for user: internalUser51
2021-11-27 20:34:20.675 DEBUG 530588 --- [ol-121-thread-2] c.t.t.s.TourGuideClientServiceImpl       : Service - Visited location added for user: internalUser43
2021-11-27 20:34:20.692 DEBUG 530588 --- [ool-75-thread-2] c.t.t.s.TourGuideClientServiceImpl       : Service - Visited location added for user: internalUser13
2021-11-27 20:34:20.693 DEBUG 530588 --- [ool-69-thread-2] c.t.t.s.TourGuideClientServiceImpl       : Service - Visited location added for user: internalUser18
2021-11-27 20:34:20.679 DEBUG 530588 --- [ool-87-thread-2] c.t.t.s.TourGuideClientServiceImpl       : Service - Visited location added for user: internalUser6
2021-11-27 20:34:20.679 DEBUG 530588 --- [ool-51-thread-2] c.t.t.s.TourGuideClientServiceImpl       : Service - Visited location added for user: internalUser72
2021-11-27 20:34:20.696 DEBUG 530588 --- [ol-103-thread-2] c.t.t.s.TourGuideClientServiceImpl       : Service - Visited location added for user: internalUser38
2021-11-27 20:34:20.680 DEBUG 530588 --- [ool-52-thread-2] c.t.t.s.TourGuideClientServiceImpl       : Service - Visited location added for user: internalUser71
2021-11-27 20:34:20.680 DEBUG 530588 --- [ool-88-thread-2] c.t.t.s.TourGuideClientServiceImpl       : Service - Visited location added for user: internalUser91
2021-11-27 20:34:20.696 DEBUG 530588 --- [ool-61-thread-2] c.t.t.s.TourGuideClientServiceImpl       : Service - Visited location added for user: internalUser80
2021-11-27 20:34:20.680 DEBUG 530588 --- [ol-131-thread-2] c.t.t.s.TourGuideClientServiceImpl       : Service - Visited location added for user: internalUser53
2021-11-27 20:34:20.680 DEBUG 530588 --- [ool-43-thread-2] c.t.t.s.TourGuideClientServiceImpl       : Service - Visited location added for user: internalUser78
2021-11-27 20:34:20.680 DEBUG 530588 --- [ool-71-thread-2] c.t.t.s.TourGuideClientServiceImpl       : Service - Visited location added for user: internalUser12
2021-11-27 20:34:20.703 DEBUG 530588 --- [    Test worker] c.t.t.s.TourGuideClientServiceImpl       : Service - Visited location added for user: internalUser78
2021-11-27 20:34:20.703 DEBUG 530588 --- [    Test worker] c.t.t.s.TourGuideClientServiceImpl       : Service - Visited location added for user: internalUser77
2021-11-27 20:34:20.681 DEBUG 530588 --- [ool-56-thread-2] c.t.t.s.TourGuideClientServiceImpl       : Service - Visited location added for user: internalUser85
2021-11-27 20:34:20.704 DEBUG 530588 --- [    Test worker] c.t.t.s.TourGuideClientServiceImpl       : Service - Visited location added for user: internalUser79
2021-11-27 20:34:20.704 DEBUG 530588 --- [    Test worker] c.t.t.s.TourGuideClientServiceImpl       : Service - Visited location added for user: internalUser74
2021-11-27 20:34:20.704 DEBUG 530588 --- [    Test worker] c.t.t.s.TourGuideClientServiceImpl       : Service - Visited location added for user: internalUser73
2021-11-27 20:34:20.704 DEBUG 530588 --- [    Test worker] c.t.t.s.TourGuideClientServiceImpl       : Service - Visited location added for user: internalUser76
2021-11-27 20:34:20.704 DEBUG 530588 --- [    Test worker] c.t.t.s.TourGuideClientServiceImpl       : Service - Visited location added for user: internalUser75
2021-11-27 20:34:20.704 DEBUG 530588 --- [    Test worker] c.t.t.s.TourGuideClientServiceImpl       : Service - Visited location added for user: internalUser70
2021-11-27 20:34:20.704 DEBUG 530588 --- [    Test worker] c.t.t.s.TourGuideClientServiceImpl       : Service - Visited location added for user: internalUser72
2021-11-27 20:34:20.704 DEBUG 530588 --- [    Test worker] c.t.t.s.TourGuideClientServiceImpl       : Service - Visited location added for user: internalUser71
2021-11-27 20:34:20.704 DEBUG 530588 --- [    Test worker] c.t.t.s.TourGuideClientServiceImpl       : Service - Visited location added for user: internalUser90
2021-11-27 20:34:20.704 DEBUG 530588 --- [    Test worker] c.t.t.s.TourGuideClientServiceImpl       : Service - Visited location added for user: internalUser89
2021-11-27 20:34:20.704 DEBUG 530588 --- [    Test worker] c.t.t.s.TourGuideClientServiceImpl       : Service - Visited location added for user: internalUser88
2021-11-27 20:34:20.704 DEBUG 530588 --- [    Test worker] c.t.t.s.TourGuideClientServiceImpl       : Service - Visited location added for user: internalUser85
2021-11-27 20:34:20.704 DEBUG 530588 --- [    Test worker] c.t.t.s.TourGuideClientServiceImpl       : Service - Visited location added for user: internalUser84
2021-11-27 20:34:20.704 DEBUG 530588 --- [    Test worker] c.t.t.s.TourGuideClientServiceImpl       : Service - Visited location added for user: internalUser87
2021-11-27 20:34:20.704 DEBUG 530588 --- [    Test worker] c.t.t.s.TourGuideClientServiceImpl       : Service - Visited location added for user: internalUser86
2021-11-27 20:34:20.704 DEBUG 530588 --- [    Test worker] c.t.t.s.TourGuideClientServiceImpl       : Service - Visited location added for user: internalUser81
2021-11-27 20:34:20.704 DEBUG 530588 --- [    Test worker] c.t.t.s.TourGuideClientServiceImpl       : Service - Visited location added for user: internalUser80
2021-11-27 20:34:20.704 DEBUG 530588 --- [    Test worker] c.t.t.s.TourGuideClientServiceImpl       : Service - Visited location added for user: internalUser83
2021-11-27 20:34:20.680 DEBUG 530588 --- [ool-91-thread-2] c.t.t.s.TourGuideClientServiceImpl       : Service - Visited location added for user: internalUser4
2021-11-27 20:34:20.681 DEBUG 530588 --- [ol-128-thread-2] c.t.t.s.TourGuideClientServiceImpl       : Service - Visited location added for user: internalUser52
2021-11-27 20:34:20.682 DEBUG 530588 --- [ool-84-thread-2] c.t.t.s.TourGuideClientServiceImpl       : Service - Visited location added for user: internalUser97
2021-11-27 20:34:20.682 DEBUG 530588 --- [ol-126-thread-2] c.t.t.s.TourGuideClientServiceImpl       : Service - Visited location added for user: internalUser58
2021-11-27 20:34:20.681 DEBUG 530588 --- [ool-63-thread-2] c.t.t.s.TourGuideClientServiceImpl       : Service - Visited location added for user: internalUser82
2021-11-27 20:34:20.681 DEBUG 530588 --- [ool-62-thread-2] c.t.t.s.TourGuideClientServiceImpl       : Service - Visited location added for user: internalUser83
2021-11-27 20:34:20.715  INFO 530588 --- [ol-121-thread-2] .t.t.s.TourGuideClientRewardsServiceImpl : Service - Distance calculated: 1982.9669917888673
2021-11-27 20:34:20.715  INFO 530588 --- [ol-121-thread-2] .t.t.s.TourGuideClientRewardsServiceImpl : Service - Distance calculated: 1229.642901073329
2021-11-27 20:34:20.715  INFO 530588 --- [ol-121-thread-2] .t.t.s.TourGuideClientRewardsServiceImpl : Service - Distance calculated: 1857.3670610294862
2021-11-27 20:34:20.715  INFO 530588 --- [ol-121-thread-2] .t.t.s.TourGuideClientRewardsServiceImpl : Service - Distance calculated: 1947.1360251825506
2021-11-27 20:34:20.715  INFO 530588 --- [ol-121-thread-2] .t.t.s.TourGuideClientRewardsServiceImpl : Service - Distance calculated: 1738.3104091487967
2021-11-27 20:34:20.715  INFO 530588 --- [ol-121-thread-2] .t.t.s.TourGuideClientRewardsServiceImpl : Service - Distance calculated: 1835.154058632498
2021-11-27 20:34:20.715  INFO 530588 --- [ol-121-thread-2] .t.t.s.TourGuideClientRewardsServiceImpl : Service - Distance calculated: 2019.386964359053
2021-11-27 20:34:20.715  INFO 530588 --- [ol-121-thread-2] .t.t.s.TourGuideClientRewardsServiceImpl : Service - Distance calculated: 1641.1454704296814
2021-11-27 20:34:20.716  INFO 530588 --- [ol-121-thread-2] .t.t.s.TourGuideClientRewardsServiceImpl : Service - Distance calculated: 1787.7527117048746
2021-11-27 20:34:20.716  INFO 530588 --- [ol-121-thread-2] .t.t.s.TourGuideClientRewardsServiceImpl : Service - Distance calculated: 1585.7336975919309
2021-11-27 20:34:20.716  INFO 530588 --- [ol-121-thread-2] .t.t.s.TourGuideClientRewardsServiceImpl : Service - Distance calculated: 1797.863396609348
2021-11-27 20:34:20.716  INFO 530588 --- [ol-121-thread-2] .t.t.s.TourGuideClientRewardsServiceImpl : Service - Distance calculated: 1708.9823971838778
2021-11-27 20:34:20.716  INFO 530588 --- [ol-121-thread-2] .t.t.s.TourGuideClientRewardsServiceImpl : Service - Distance calculated: 1830.4652313872184
2021-11-27 20:34:20.716  INFO 530588 --- [ol-121-thread-2] .t.t.s.TourGuideClientRewardsServiceImpl : Service - Distance calculated: 2531.593484226517
2021-11-27 20:34:20.716  INFO 530588 --- [ol-121-thread-2] .t.t.s.TourGuideClientRewardsServiceImpl : Service - Distance calculated: 2094.873397443076
2021-11-27 20:34:20.716  INFO 530588 --- [ol-121-thread-2] .t.t.s.TourGuideClientRewardsServiceImpl : Service - Distance calculated: 1989.2097261404328
2021-11-27 20:34:20.716  INFO 530588 --- [ol-121-thread-2] .t.t.s.TourGuideClientRewardsServiceImpl : Service - Distance calculated: 2133.1245340799424
2021-11-27 20:34:20.716  INFO 530588 --- [ol-121-thread-2] .t.t.s.TourGuideClientRewardsServiceImpl : Service - Distance calculated: 1867.0877472005245
2021-11-27 20:34:20.716  INFO 530588 --- [ol-121-thread-2] .t.t.s.TourGuideClientRewardsServiceImpl : Service - Distance calculated: 2078.8831828129278
2021-11-27 20:34:20.716  INFO 530588 --- [ol-121-thread-2] .t.t.s.TourGuideClientRewardsServiceImpl : Service - Distance calculated: 2042.406282216127
2021-11-27 20:34:20.716  INFO 530588 --- [ol-121-thread-2] .t.t.s.TourGuideClientRewardsServiceImpl : Service - Distance calculated: 2415.3938170466054
2021-11-27 20:34:20.716  INFO 530588 --- [ol-121-thread-2] .t.t.s.TourGuideClientRewardsServiceImpl : Service - Distance calculated: 1789.5894427820938
2021-11-27 20:34:20.716  INFO 530588 --- [ol-121-thread-2] .t.t.s.TourGuideClientRewardsServiceImpl : Service - Distance calculated: 1996.7436153112026
2021-11-27 20:34:20.716  INFO 530588 --- [ol-121-thread-2] .t.t.s.TourGuideClientRewardsServiceImpl : Service - Distance calculated: 1516.1347900338242
2021-11-27 20:34:20.717  INFO 530588 --- [ol-121-thread-2] .t.t.s.TourGuideClientRewardsServiceImpl : Service - Distance calculated: 1794.4610818399995
2021-11-27 20:34:20.717  INFO 530588 --- [ol-121-thread-2] .t.t.s.TourGuideClientRewardsServiceImpl : Service - Distance calculated: 2404.108743670502
2021-11-27 20:34:20.717  INFO 530588 --- [ol-121-thread-2] .t.t.s.TourGuideClientRewardsServiceImpl : Service - Distance calculated: 8663.667155410245
2021-11-27 20:34:20.717  INFO 530588 --- [ol-121-thread-2] .t.t.s.TourGuideClientRewardsServiceImpl : Service - Distance calculated: 8210.397693409008
2021-11-27 20:34:20.717  INFO 530588 --- [ol-121-thread-2] .t.t.s.TourGuideClientRewardsServiceImpl : Service - Distance calculated: 8518.806444692684
2021-11-27 20:34:20.717  INFO 530588 --- [ol-121-thread-2] .t.t.s.TourGuideClientRewardsServiceImpl : Service - Distance calculated: 8547.793352529388
2021-11-27 20:34:20.717  INFO 530588 --- [ol-121-thread-2] .t.t.s.TourGuideClientRewardsServiceImpl : Service - Distance calculated: 7245.655995617396
2021-11-27 20:34:20.717  INFO 530588 --- [ol-121-thread-2] .t.t.s.TourGuideClientRewardsServiceImpl : Service - Distance calculated: 7247.395384730153
2021-11-27 20:34:20.717  INFO 530588 --- [ol-121-thread-2] .t.t.s.TourGuideClientRewardsServiceImpl : Service - Distance calculated: 8230.87523250984
2021-11-27 20:34:20.717  INFO 530588 --- [ol-121-thread-2] .t.t.s.TourGuideClientRewardsServiceImpl : Service - Distance calculated: 6741.511544994849
2021-11-27 20:34:20.717  INFO 530588 --- [ol-121-thread-2] .t.t.s.TourGuideClientRewardsServiceImpl : Service - Distance calculated: 6785.988706533807
2021-11-27 20:34:20.717  INFO 530588 --- [ol-121-thread-2] .t.t.s.TourGuideClientRewardsServiceImpl : Service - Distance calculated: 9004.588771377143
2021-11-27 20:34:20.717  INFO 530588 --- [ol-121-thread-2] .t.t.s.TourGuideClientRewardsServiceImpl : Service - Distance calculated: 6330.624632693046
2021-11-27 20:34:20.717  INFO 530588 --- [ol-121-thread-2] .t.t.s.TourGuideClientRewardsServiceImpl : Service - Distance calculated: 6590.096446318531
2021-11-27 20:34:20.717  INFO 530588 --- [ol-121-thread-2] .t.t.s.TourGuideClientRewardsServiceImpl : Service - Distance calculated: 6444.717586865867
2021-11-27 20:34:20.718  INFO 530588 --- [ol-121-thread-2] .t.t.s.TourGuideClientRewardsServiceImpl : Service - Distance calculated: 6387.821051043764
2021-11-27 20:34:20.718  INFO 530588 --- [ol-121-thread-2] .t.t.s.TourGuideClientRewardsServiceImpl : Service - Distance calculated: 7479.866964281584
2021-11-27 20:34:20.718  INFO 530588 --- [ol-121-thread-2] .t.t.s.TourGuideClientRewardsServiceImpl : Service - Distance calculated: 6921.772193683165
2021-11-27 20:34:20.718  INFO 530588 --- [ol-121-thread-2] .t.t.s.TourGuideClientRewardsServiceImpl : Service - Distance calculated: 7095.389958454343
2021-11-27 20:34:20.718  INFO 530588 --- [ol-121-thread-2] .t.t.s.TourGuideClientRewardsServiceImpl : Service - Distance calculated: 6759.955777479702
2021-11-27 20:34:20.718  INFO 530588 --- [ol-121-thread-2] .t.t.s.TourGuideClientRewardsServiceImpl : Service - Distance calculated: 7400.524761077297
2021-11-27 20:34:20.718  INFO 530588 --- [ol-121-thread-2] .t.t.s.TourGuideClientRewardsServiceImpl : Service - Distance calculated: 8625.435570574446
2021-11-27 20:34:20.718  INFO 530588 --- [ol-121-thread-2] .t.t.s.TourGuideClientRewardsServiceImpl : Service - Distance calculated: 6547.131387745933
2021-11-27 20:34:20.718  INFO 530588 --- [ol-121-thread-2] .t.t.s.TourGuideClientRewardsServiceImpl : Service - Distance calculated: 6224.950854431445
2021-11-27 20:34:20.718  INFO 530588 --- [ol-121-thread-2] .t.t.s.TourGuideClientRewardsServiceImpl : Service - Distance calculated: 8001.838551165774
2021-11-27 20:34:20.718  INFO 530588 --- [ol-121-thread-2] .t.t.s.TourGuideClientRewardsServiceImpl : Service - Distance calculated: 7367.437617950081
2021-11-27 20:34:20.718  INFO 530588 --- [ol-121-thread-2] .t.t.s.TourGuideClientRewardsServiceImpl : Service - Distance calculated: 6327.290383755123
2021-11-27 20:34:20.718  INFO 530588 --- [ol-121-thread-2] .t.t.s.TourGuideClientRewardsServiceImpl : Service - Distance calculated: 6501.963543464077
2021-11-27 20:34:20.681 DEBUG 530588 --- [ol-110-thread-2] c.t.t.s.TourGuideClientServiceImpl       : Service - Visited location added for user: internalUser30
2021-11-27 20:34:20.719  INFO 530588 --- [ool-59-thread-2] .t.t.s.TourGuideClientRewardsServiceImpl : Service - Distance calculated: 2686.7947752619066
2021-11-27 20:34:20.719  INFO 530588 --- [ool-59-thread-2] .t.t.s.TourGuideClientRewardsServiceImpl : Service - Distance calculated: 2330.759101860756
2021-11-27 20:34:20.719  INFO 530588 --- [ool-59-thread-2] .t.t.s.TourGuideClientRewardsServiceImpl : Service - Distance calculated: 2541.9495596951188
2021-11-27 20:34:20.719  INFO 530588 --- [ool-59-thread-2] .t.t.s.TourGuideClientRewardsServiceImpl : Service - Distance calculated: 2571.0580443966746
2021-11-27 20:34:20.719  INFO 530588 --- [ool-59-thread-2] .t.t.s.TourGuideClientRewardsServiceImpl : Service - Distance calculated: 1276.827605513429
2021-11-27 20:34:20.719  INFO 530588 --- [ool-59-thread-2] .t.t.s.TourGuideClientRewardsServiceImpl : Service - Distance calculated: 1270.8213830415655
2021-11-27 20:34:20.719  INFO 530588 --- [ool-59-thread-2] .t.t.s.TourGuideClientRewardsServiceImpl : Service - Distance calculated: 2264.705622441573
2021-11-27 20:34:20.719  INFO 530588 --- [ool-59-thread-2] .t.t.s.TourGuideClientRewardsServiceImpl : Service - Distance calculated: 926.9649140297121
2021-11-27 20:34:20.684 DEBUG 530588 --- [ool-81-thread-2] c.t.t.s.TourGuideClientServiceImpl       : Service - Visited location added for user: internalUser10
2021-11-27 20:34:20.684 DEBUG 530588 --- [ool-92-thread-2] c.t.t.s.TourGuideClientServiceImpl       : Service - Visited location added for user: internalUser93
2021-11-27 20:34:20.722  INFO 530588 --- [ool-57-thread-2] .t.t.s.TourGuideClientRewardsServiceImpl : Service - Distance calculated: 4081.826124221669
2021-11-27 20:34:20.722  INFO 530588 --- [ool-57-thread-2] .t.t.s.TourGuideClientRewardsServiceImpl : Service - Distance calculated: 3494.5497338541386
2021-11-27 20:34:20.723  INFO 530588 --- [ool-57-thread-2] .t.t.s.TourGuideClientRewardsServiceImpl : Service - Distance calculated: 4017.8561388010203
2021-11-27 20:34:20.723  INFO 530588 --- [ool-57-thread-2] .t.t.s.TourGuideClientRewardsServiceImpl : Service - Distance calculated: 4099.159763275364
2021-11-27 20:34:20.723  INFO 530588 --- [ool-44-thread-2] .t.t.s.TourGuideClientRewardsServiceImpl : Service - Distance calculated: 8417.780565818133
2021-11-27 20:34:20.723  INFO 530588 --- [ool-44-thread-2] .t.t.s.TourGuideClientRewardsServiceImpl : Service - Distance calculated: 8754.108603684383
2021-11-27 20:34:20.723  INFO 530588 --- [ool-44-thread-2] .t.t.s.TourGuideClientRewardsServiceImpl : Service - Distance calculated: 8555.963828548476
2021-11-27 20:34:20.723  INFO 530588 --- [ool-44-thread-2] .t.t.s.TourGuideClientRewardsServiceImpl : Service - Distance calculated: 8533.754422320118
2021-11-27 20:34:20.723  INFO 530588 --- [ool-44-thread-2] .t.t.s.TourGuideClientRewardsServiceImpl : Service - Distance calculated: 9807.668788291423
2021-11-27 20:34:20.723  INFO 530588 --- [ool-95-thread-2] .t.t.s.TourGuideClientRewardsServiceImpl : Service - Distance calculated: 3413.660027189885
2021-11-27 20:34:20.723  INFO 530588 --- [ool-44-thread-2] .t.t.s.TourGuideClientRewardsServiceImpl : Service - Distance calculated: 9820.673619338913
2021-11-27 20:34:20.723  INFO 530588 --- [ool-95-thread-2] .t.t.s.TourGuideClientRewardsServiceImpl : Service - Distance calculated: 2905.9018661507457
2021-11-27 20:34:20.723  INFO 530588 --- [ool-44-thread-2] .t.t.s.TourGuideClientRewardsServiceImpl : Service - Distance calculated: 8856.468124928671
2021-11-27 20:34:20.723  INFO 530588 --- [ool-95-thread-2] .t.t.s.TourGuideClientRewardsServiceImpl : Service - Distance calculated: 3369.1620717805017
2021-11-27 20:34:20.723  INFO 530588 --- [ool-95-thread-2] .t.t.s.TourGuideClientRewardsServiceImpl : Service - Distance calculated: 3444.9174822348273
2021-11-27 20:34:20.723  INFO 530588 --- [ool-95-thread-2] .t.t.s.TourGuideClientRewardsServiceImpl : Service - Distance calculated: 3731.698590219953
2021-11-27 20:34:20.723  INFO 530588 --- [ool-95-thread-2] .t.t.s.TourGuideClientRewardsServiceImpl : Service - Distance calculated: 3821.942521979565
2021-11-27 20:34:20.723  INFO 530588 --- [ool-95-thread-2] .t.t.s.TourGuideClientRewardsServiceImpl : Service - Distance calculated: 3678.5049881552054
2021-11-27 20:34:20.723  INFO 530588 --- [ool-95-thread-2] .t.t.s.TourGuideClientRewardsServiceImpl : Service - Distance calculated: 3662.4087458800655
2021-11-27 20:34:20.723  INFO 530588 --- [ool-95-thread-2] .t.t.s.TourGuideClientRewardsServiceImpl : Service - Distance calculated: 3815.4586495382787
2021-11-27 20:34:20.723  INFO 530588 --- [ol-103-thread-2] .t.t.s.TourGuideClientRewardsServiceImpl : Service - Distance calculated: 6926.831605562881
2021-11-27 20:34:20.723  INFO 530588 --- [ool-95-thread-2] .t.t.s.TourGuideClientRewardsServiceImpl : Service - Distance calculated: 1133.806745516609
2021-11-27 20:34:20.724  INFO 530588 --- [ool-95-thread-2] .t.t.s.TourGuideClientRewardsServiceImpl : Service - Distance calculated: 3755.778325599699
2021-11-27 20:34:20.724  INFO 530588 --- [ool-95-thread-2] .t.t.s.TourGuideClientRewardsServiceImpl : Service - Distance calculated: 3716.2293780013556
2021-11-27 20:34:20.724  INFO 530588 --- [ool-95-thread-2] .t.t.s.TourGuideClientRewardsServiceImpl : Service - Distance calculated: 3824.8735033077573
2021-11-27 20:34:20.724  INFO 530588 --- [ool-95-thread-2] .t.t.s.TourGuideClientRewardsServiceImpl : Service - Distance calculated: 4559.33064021874
2021-11-27 20:34:20.724  INFO 530588 --- [ool-95-thread-2] .t.t.s.TourGuideClientRewardsServiceImpl : Service - Distance calculated: 4012.4002004858953
2021-11-27 20:34:20.724  INFO 530588 --- [ool-46-thread-2] .t.t.s.TourGuideClientRewardsServiceImpl : Service - Distance calculated: 7284.847177801776
2021-11-27 20:34:20.724  INFO 530588 --- [ool-46-thread-2] .t.t.s.TourGuideClientRewardsServiceImpl : Service - Distance calculated: 6512.373730388046
2021-11-27 20:34:20.724  INFO 530588 --- [ool-46-thread-2] .t.t.s.TourGuideClientRewardsServiceImpl : Service - Distance calculated: 7145.506557311957
2021-11-27 20:34:20.724  INFO 530588 --- [ool-46-thread-2] .t.t.s.TourGuideClientRewardsServiceImpl : Service - Distance calculated: 7233.793949360769
2021-11-27 20:34:20.724  INFO 530588 --- [ool-57-thread-2] .t.t.s.TourGuideClientRewardsServiceImpl : Service - Distance calculated: 4177.094305120363
2021-11-27 20:34:20.724  INFO 530588 --- [ool-46-thread-2] .t.t.s.TourGuideClientRewardsServiceImpl : Service - Distance calculated: 6405.577850212346
2021-11-27 20:34:20.724  INFO 530588 --- [ool-64-thread-2] .t.t.s.TourGuideClientRewardsServiceImpl : Service - Distance calculated: 7869.85977709483
2021-11-27 20:34:20.724  INFO 530588 --- [ool-57-thread-2] .t.t.s.TourGuideClientRewardsServiceImpl : Service - Distance calculated: 4274.7350918954835
2021-11-27 20:34:20.724  INFO 530588 --- [ool-46-thread-2] .t.t.s.TourGuideClientRewardsServiceImpl : Service - Distance calculated: 6493.038112923495
2021-11-27 20:34:20.724  INFO 530588 --- [ool-64-thread-2] .t.t.s.TourGuideClientRewardsServiceImpl : Service - Distance calculated: 7105.144842037797
2021-11-27 20:34:20.724  INFO 530588 --- [ool-46-thread-2] .t.t.s.TourGuideClientRewardsServiceImpl : Service - Distance calculated: 7214.097740249524
2021-11-27 20:34:20.724  INFO 530588 --- [ool-46-thread-2] .t.t.s.TourGuideClientRewardsServiceImpl : Service - Distance calculated: 5820.270549447933
2021-11-27 20:34:20.724  INFO 530588 --- [ool-46-thread-2] .t.t.s.TourGuideClientRewardsServiceImpl : Service - Distance calculated: 6019.531767264431
2021-11-27 20:34:20.724  INFO 530588 --- [ool-46-thread-2] .t.t.s.TourGuideClientRewardsServiceImpl : Service - Distance calculated: 5714.191846616289
2021-11-27 20:34:20.724  INFO 530588 --- [ool-46-thread-2] .t.t.s.TourGuideClientRewardsServiceImpl : Service - Distance calculated: 5449.052196296645
2021-11-27 20:34:20.724  INFO 530588 --- [ool-46-thread-2] .t.t.s.TourGuideClientRewardsServiceImpl : Service - Distance calculated: 5706.965630496879
2021-11-27 20:34:20.725  INFO 530588 --- [ool-46-thread-2] .t.t.s.TourGuideClientRewardsServiceImpl : Service - Distance calculated: 5653.468366495113
2021-11-27 20:34:20.725  INFO 530588 --- [ool-73-thread-2] .t.t.s.TourGuideClientRewardsServiceImpl : Service - Distance calculated: 9422.348477414407
2021-11-27 20:34:20.725  INFO 530588 --- [ool-46-thread-2] .t.t.s.TourGuideClientRewardsServiceImpl : Service - Distance calculated: 6337.770878037663
2021-11-27 20:34:20.725  INFO 530588 --- [ool-73-thread-2] .t.t.s.TourGuideClientRewardsServiceImpl : Service - Distance calculated: 9890.84646948527
2021-11-27 20:34:20.725  INFO 530588 --- [ool-46-thread-2] .t.t.s.TourGuideClientRewardsServiceImpl : Service - Distance calculated: 6892.379093545651
2021-11-27 20:34:20.725  INFO 530588 --- [ool-73-thread-2] .t.t.s.TourGuideClientRewardsServiceImpl : Service - Distance calculated: 9458.88349945822
2021-11-27 20:34:20.725  INFO 530588 --- [ool-46-thread-2] .t.t.s.TourGuideClientRewardsServiceImpl : Service - Distance calculated: 6350.119266521934
2021-11-27 20:34:20.725  INFO 530588 --- [ool-46-thread-2] .t.t.s.TourGuideClientRewardsServiceImpl : Service - Distance calculated: 6636.51838019004
2021-11-27 20:34:20.725  INFO 530588 --- [ool-46-thread-2] .t.t.s.TourGuideClientRewardsServiceImpl : Service - Distance calculated: 6070.457795818984
2021-11-27 20:34:20.725  INFO 530588 --- [ol-142-thread-2] .t.t.s.TourGuideClientRewardsServiceImpl : Service - Distance calculated: 5274.7003106581515
2021-11-27 20:34:20.725  INFO 530588 --- [ool-46-thread-2] .t.t.s.TourGuideClientRewardsServiceImpl : Service - Distance calculated: 6823.480327849115
2021-11-27 20:34:20.725  INFO 530588 --- [ol-142-thread-2] .t.t.s.TourGuideClientRewardsServiceImpl : Service - Distance calculated: 5334.750024916953
2021-11-27 20:34:20.725  INFO 530588 --- [ool-85-thread-2] .t.t.s.TourGuideClientRewardsServiceImpl : Service - Distance calculated: 8103.028389420243
2021-11-27 20:34:20.725  INFO 530588 --- [ol-142-thread-2] .t.t.s.TourGuideClientRewardsServiceImpl : Service - Distance calculated: 5205.357902604138
2021-11-27 20:34:20.725  INFO 530588 --- [ool-85-thread-2] .t.t.s.TourGuideClientRewardsServiceImpl : Service - Distance calculated: 8829.477166060622
2021-11-27 20:34:20.725  INFO 530588 --- [ool-82-thread-2] .t.t.s.TourGuideClientRewardsServiceImpl : Service - Distance calculated: 2037.0542471917477
2021-11-27 20:34:20.725  INFO 530588 --- [ool-85-thread-2] .t.t.s.TourGuideClientRewardsServiceImpl : Service - Distance calculated: 8213.68655089929
2021-11-27 20:34:20.725  INFO 530588 --- [ool-82-thread-2] .t.t.s.TourGuideClientRewardsServiceImpl : Service - Distance calculated: 1510.7285633751312
2021-11-27 20:34:20.725  INFO 530588 --- [ool-85-thread-2] .t.t.s.TourGuideClientRewardsServiceImpl : Service - Distance calculated: 8124.35630609112
2021-11-27 20:34:20.725  INFO 530588 --- [ool-82-thread-2] .t.t.s.TourGuideClientRewardsServiceImpl : Service - Distance calculated: 1875.3687691087257
2021-11-27 20:34:20.725  INFO 530588 --- [ool-85-thread-2] .t.t.s.TourGuideClientRewardsServiceImpl : Service - Distance calculated: 8492.71410047804
2021-11-27 20:34:20.725  INFO 530588 --- [ol-138-thread-2] .t.t.s.TourGuideClientRewardsServiceImpl : Service - Distance calculated: 6358.014347920411
2021-11-27 20:34:20.725  INFO 530588 --- [ool-85-thread-2] .t.t.s.TourGuideClientRewardsServiceImpl : Service - Distance calculated: 8390.42549146603
2021-11-27 20:34:20.725  INFO 530588 --- [ol-138-thread-2] .t.t.s.TourGuideClientRewardsServiceImpl : Service - Distance calculated: 6325.889134718947
2021-11-27 20:34:20.725  INFO 530588 --- [ool-85-thread-2] .t.t.s.TourGuideClientRewardsServiceImpl : Service - Distance calculated: 8034.107937694569
2021-11-27 20:34:20.725  INFO 530588 --- [ol-138-thread-2] .t.t.s.TourGuideClientRewardsServiceImpl : Service - Distance calculated: 6274.388431445944
2021-11-27 20:34:20.725  INFO 530588 --- [ool-85-thread-2] .t.t.s.TourGuideClientRewardsServiceImpl : Service - Distance calculated: 8874.040578703058
2021-11-27 20:34:20.725  INFO 530588 --- [ol-138-thread-2] .t.t.s.TourGuideClientRewardsServiceImpl : Service - Distance calculated: 6255.559292492299
2021-11-27 20:34:20.726  INFO 530588 --- [ool-85-thread-2] .t.t.s.TourGuideClientRewardsServiceImpl : Service - Distance calculated: 8665.77360033938
2021-11-27 20:34:20.726  INFO 530588 --- [ool-85-thread-2] .t.t.s.TourGuideClientRewardsServiceImpl : Service - Distance calculated: 9802.95650283351
2021-11-27 20:34:20.726  INFO 530588 --- [ool-85-thread-2] .t.t.s.TourGuideClientRewardsServiceImpl : Service - Distance calculated: 9024.070874866371
2021-11-27 20:34:20.725  INFO 530588 --- [ol-142-thread-2] .t.t.s.TourGuideClientRewardsServiceImpl : Service - Distance calculated: 5177.854913626145
2021-11-27 20:34:20.726  INFO 530588 --- [ool-85-thread-2] .t.t.s.TourGuideClientRewardsServiceImpl : Service - Distance calculated: 8905.15143075597
2021-11-27 20:34:20.726  INFO 530588 --- [ol-142-thread-2] .t.t.s.TourGuideClientRewardsServiceImpl : Service - Distance calculated: 4285.771045718851
2021-11-27 20:34:20.726  INFO 530588 --- [ool-85-thread-2] .t.t.s.TourGuideClientRewardsServiceImpl : Service - Distance calculated: 8865.16936413374
2021-11-27 20:34:20.726  INFO 530588 --- [ol-142-thread-2] .t.t.s.TourGuideClientRewardsServiceImpl : Service - Distance calculated: 4218.027235313411
2021-11-27 20:34:20.726  INFO 530588 --- [ool-85-thread-2] .t.t.s.TourGuideClientRewardsServiceImpl : Service - Distance calculated: 8017.0404194016255
2021-11-27 20:34:20.726  INFO 530588 --- [ol-142-thread-2] .t.t.s.TourGuideClientRewardsServiceImpl : Service - Distance calculated: 4831.47418950916
2021-11-27 20:34:20.726  INFO 530588 --- [ool-85-thread-2] .t.t.s.TourGuideClientRewardsServiceImpl : Service - Distance calculated: 8052.9351461916185
2021-11-27 20:34:20.726  INFO 530588 --- [ool-85-thread-2] .t.t.s.TourGuideClientRewardsServiceImpl : Service - Distance calculated: 8361.497082751495
2021-11-27 20:34:20.726  INFO 530588 --- [ool-85-thread-2] .t.t.s.TourGuideClientRewardsServiceImpl : Service - Distance calculated: 8131.786313527687
2021-11-27 20:34:20.726  INFO 530588 --- [ool-85-thread-2] .t.t.s.TourGuideClientRewardsServiceImpl : Service - Distance calculated: 8587.903632197555
2021-11-27 20:34:20.681 DEBUG 530588 --- [ol-113-thread-2] c.t.t.s.TourGuideClientServiceImpl       : Service - Visited location added for user: internalUser49
2021-11-27 20:34:20.729  INFO 530588 --- [ool-83-thread-2] .t.t.s.TourGuideClientRewardsServiceImpl : Service - Distance calculated: 6138.37835920289
2021-11-27 20:34:20.729  INFO 530588 --- [ool-83-thread-2] .t.t.s.TourGuideClientRewardsServiceImpl : Service - Distance calculated: 6241.153694096597
2021-11-27 20:34:20.729  INFO 530588 --- [ool-83-thread-2] .t.t.s.TourGuideClientRewardsServiceImpl : Service - Distance calculated: 6080.197868952277
2021-11-27 20:34:20.729  INFO 530588 --- [ool-83-thread-2] .t.t.s.TourGuideClientRewardsServiceImpl : Service - Distance calculated: 6046.649830235136
2021-11-27 20:34:20.729  INFO 530588 --- [ool-83-thread-2] .t.t.s.TourGuideClientRewardsServiceImpl : Service - Distance calculated: 5199.640613445313
2021-11-27 20:34:20.729  INFO 530588 --- [ool-83-thread-2] .t.t.s.TourGuideClientRewardsServiceImpl : Service - Distance calculated: 5130.524988545697
2021-11-27 20:34:20.729  INFO 530588 --- [ool-83-thread-2] .t.t.s.TourGuideClientRewardsServiceImpl : Service - Distance calculated: 5705.5519643052285
2021-11-27 20:34:20.729  INFO 530588 --- [ool-83-thread-2] .t.t.s.TourGuideClientRewardsServiceImpl : Service - Distance calculated: 5111.569797332436
2021-11-27 20:34:20.729  INFO 530588 --- [ool-83-thread-2] .t.t.s.TourGuideClientRewardsServiceImpl : Service - Distance calculated: 4989.826723461838
2021-11-27 20:34:20.729  INFO 530588 --- [ool-83-thread-2] .t.t.s.TourGuideClientRewardsServiceImpl : Service - Distance calculated: 8194.47063746151
2021-11-27 20:34:20.729  INFO 530588 --- [ool-83-thread-2] .t.t.s.TourGuideClientRewardsServiceImpl : Service - Distance calculated: 4968.79803294847
2021-11-27 20:34:20.729  INFO 530588 --- [ool-83-thread-2] .t.t.s.TourGuideClientRewardsServiceImpl : Service - Distance calculated: 5036.125520397309
2021-11-27 20:34:20.729  INFO 530588 --- [ool-83-thread-2] .t.t.s.TourGuideClientRewardsServiceImpl : Service - Distance calculated: 4915.984349321012
2021-11-27 20:34:20.729  INFO 530588 --- [ool-83-thread-2] .t.t.s.TourGuideClientRewardsServiceImpl : Service - Distance calculated: 4263.467072803508
2021-11-27 20:34:20.730  INFO 530588 --- [ool-83-thread-2] .t.t.s.TourGuideClientRewardsServiceImpl : Service - Distance calculated: 5087.948758377417
2021-11-27 20:34:20.730  INFO 530588 --- [ool-83-thread-2] .t.t.s.TourGuideClientRewardsServiceImpl : Service - Distance calculated: 4869.544204455698
2021-11-27 20:34:20.730  INFO 530588 --- [ool-83-thread-2] .t.t.s.TourGuideClientRewardsServiceImpl : Service - Distance calculated: 4840.9767504721385
2021-11-27 20:34:20.730  INFO 530588 --- [ool-83-thread-2] .t.t.s.TourGuideClientRewardsServiceImpl : Service - Distance calculated: 4916.081470132894
2021-11-27 20:34:20.730  INFO 530588 --- [ool-83-thread-2] .t.t.s.TourGuideClientRewardsServiceImpl : Service - Distance calculated: 5048.714464069962
2021-11-27 20:34:20.730  INFO 530588 --- [ool-83-thread-2] .t.t.s.TourGuideClientRewardsServiceImpl : Service - Distance calculated: 6058.857426462887
2021-11-27 20:34:20.731  INFO 530588 --- [ool-83-thread-2] .t.t.s.TourGuideClientRewardsServiceImpl : Service - Distance calculated: 4404.0711500776015
2021-11-27 20:34:20.731  INFO 530588 --- [ool-83-thread-2] .t.t.s.TourGuideClientRewardsServiceImpl : Service - Distance calculated: 5016.519757091923
2021-11-27 20:34:20.731  INFO 530588 --- [ol-137-thread-2] .t.t.s.TourGuideClientRewardsServiceImpl : Service - Distance calculated: 8033.63004706264
2021-11-27 20:34:20.731  INFO 530588 --- [ol-137-thread-2] .t.t.s.TourGuideClientRewardsServiceImpl : Service - Distance calculated: 7299.288193944852
2021-11-27 20:34:20.731  INFO 530588 --- [ol-137-thread-2] .t.t.s.TourGuideClientRewardsServiceImpl : Service - Distance calculated: 7870.68916412091
2021-11-27 20:34:20.731  INFO 530588 --- [ol-137-thread-2] .t.t.s.TourGuideClientRewardsServiceImpl : Service - Distance calculated: 7945.142140100169
2021-11-27 20:34:20.731  INFO 530588 --- [ol-137-thread-2] .t.t.s.TourGuideClientRewardsServiceImpl : Service - Distance calculated: 6775.199951822809
2021-11-27 20:34:20.732  INFO 530588 --- [ol-137-thread-2] .t.t.s.TourGuideClientRewardsServiceImpl : Service - Distance calculated: 6833.395535421291
2021-11-27 20:34:20.732  INFO 530588 --- [ol-137-thread-2] .t.t.s.TourGuideClientRewardsServiceImpl : Service - Distance calculated: 7784.263454578437
2021-11-27 20:34:20.732  INFO 530588 --- [ol-137-thread-2] .t.t.s.TourGuideClientRewardsServiceImpl : Service - Distance calculated: 6150.695955752641
2021-11-27 20:34:20.732  INFO 530588 --- [ol-137-thread-2] .t.t.s.TourGuideClientRewardsServiceImpl : Service - Distance calculated: 6301.143191437503
2021-11-27 20:34:20.732  INFO 530588 --- [ol-137-thread-2] .t.t.s.TourGuideClientRewardsServiceImpl : Service - Distance calculated: 7114.175612674492
2021-11-27 20:34:20.732  INFO 530588 --- [ol-137-thread-2] .t.t.s.TourGuideClientRewardsServiceImpl : Service - Distance calculated: 5710.516537327391
2021-11-27 20:34:20.733  INFO 530588 --- [ol-137-thread-2] .t.t.s.TourGuideClientRewardsServiceImpl : Service - Distance calculated: 6003.701230062365
2021-11-27 20:34:20.733  INFO 530588 --- [ol-137-thread-2] .t.t.s.TourGuideClientRewardsServiceImpl : Service - Distance calculated: 5897.910491698024
2021-11-27 20:34:20.733  INFO 530588 --- [ol-137-thread-2] .t.t.s.TourGuideClientRewardsServiceImpl : Service - Distance calculated: 6313.729441261136
2021-11-27 20:34:20.733  INFO 530588 --- [ol-137-thread-2] .t.t.s.TourGuideClientRewardsServiceImpl : Service - Distance calculated: 7209.063812745645
2021-11-27 20:34:20.733  INFO 530588 --- [ol-137-thread-2] .t.t.s.TourGuideClientRewardsServiceImpl : Service - Distance calculated: 6582.176507756651
2021-11-27 20:34:20.733  INFO 530588 --- [ol-137-thread-2] .t.t.s.TourGuideClientRewardsServiceImpl : Service - Distance calculated: 6853.9493445994085
2021-11-27 20:34:20.733  INFO 530588 --- [ol-137-thread-2] .t.t.s.TourGuideClientRewardsServiceImpl : Service - Distance calculated: 6321.48242340821
2021-11-27 20:34:20.733  INFO 530588 --- [ol-137-thread-2] .t.t.s.TourGuideClientRewardsServiceImpl : Service - Distance calculated: 7125.067587627663
2021-11-27 20:34:20.733  INFO 530588 --- [ol-122-thread-2] .t.t.s.TourGuideClientRewardsServiceImpl : Service - Distance calculated: 3513.3870935598998
2021-11-27 20:34:20.733  INFO 530588 --- [ol-137-thread-2] .t.t.s.TourGuideClientRewardsServiceImpl : Service - Distance calculated: 8051.639185401554
2021-11-27 20:34:20.733  INFO 530588 --- [ol-122-thread-2] .t.t.s.TourGuideClientRewardsServiceImpl : Service - Distance calculated: 2752.1315513809454
2021-11-27 20:34:20.733  INFO 530588 --- [ol-137-thread-2] .t.t.s.TourGuideClientRewardsServiceImpl : Service - Distance calculated: 6425.788756916679
2021-11-27 20:34:20.733  INFO 530588 --- [ol-137-thread-2] .t.t.s.TourGuideClientRewardsServiceImpl : Service - Distance calculated: 5540.200593470587
2021-11-27 20:34:20.733  INFO 530588 --- [ool-88-thread-2] .t.t.s.TourGuideClientRewardsServiceImpl : Service - Distance calculated: 8325.031670513643
2021-11-27 20:34:20.733  INFO 530588 --- [ol-137-thread-2] .t.t.s.TourGuideClientRewardsServiceImpl : Service - Distance calculated: 7599.882631200452
2021-11-27 20:34:20.733  INFO 530588 --- [ol-137-thread-2] .t.t.s.TourGuideClientRewardsServiceImpl : Service - Distance calculated: 6769.323360578259
2021-11-27 20:34:20.733  INFO 530588 --- [ol-137-thread-2] .t.t.s.TourGuideClientRewardsServiceImpl : Service - Distance calculated: 5702.741510524299
2021-11-27 20:34:20.733  INFO 530588 --- [ol-137-thread-2] .t.t.s.TourGuideClientRewardsServiceImpl : Service - Distance calculated: 6365.5750140314685
2021-11-27 20:34:20.733  INFO 530588 --- [ol-137-thread-2] .t.t.s.TourGuideClientRewardsServiceImpl : Service - Distance calculated: 2864.879283787764
2021-11-27 20:34:20.734  INFO 530588 --- [ol-137-thread-2] .t.t.s.TourGuideClientRewardsServiceImpl : Service - Distance calculated: 2100.677225077318
2021-11-27 20:34:20.734  INFO 530588 --- [ol-137-thread-2] .t.t.s.TourGuideClientRewardsServiceImpl : Service - Distance calculated: 2733.672437549063
2021-11-27 20:34:20.734  INFO 530588 --- [ool-88-thread-2] .t.t.s.TourGuideClientRewardsServiceImpl : Service - Distance calculated: 8289.22242615186
2021-11-27 20:34:20.734  INFO 530588 --- [ol-137-thread-2] .t.t.s.TourGuideClientRewardsServiceImpl : Service - Distance calculated: 2823.184882234415
2021-11-27 20:34:20.734  INFO 530588 --- [ool-88-thread-2] .t.t.s.TourGuideClientRewardsServiceImpl : Service - Distance calculated: 8247.065146276213
2021-11-27 20:34:20.734  INFO 530588 --- [ool-68-thread-2] .t.t.s.TourGuideClientRewardsServiceImpl : Service - Distance calculated: 10340.254218653914
2021-11-27 20:34:20.734  INFO 530588 --- [ool-88-thread-2] .t.t.s.TourGuideClientRewardsServiceImpl : Service - Distance calculated: 8225.150942910786
2021-11-27 20:34:20.734  INFO 530588 --- [ool-68-thread-2] .t.t.s.TourGuideClientRewardsServiceImpl : Service - Distance calculated: 9711.223643264733
2021-11-27 20:34:20.734  INFO 530588 --- [ool-68-thread-2] .t.t.s.TourGuideClientRewardsServiceImpl : Service - Distance calculated: 10276.3662870034
2021-11-27 20:34:20.734  INFO 530588 --- [ool-68-thread-2] .t.t.s.TourGuideClientRewardsServiceImpl : Service - Distance calculated: 10358.87862969028
2021-11-27 20:34:20.734  INFO 530588 --- [ool-67-thread-2] .t.t.s.TourGuideClientRewardsServiceImpl : Service - Distance calculated: 8748.532653146374
2021-11-27 20:34:20.734  INFO 530588 --- [ool-67-thread-2] .t.t.s.TourGuideClientRewardsServiceImpl : Service - Distance calculated: 8555.488585054145
2021-11-27 20:34:20.734  INFO 530588 --- [ool-67-thread-2] .t.t.s.TourGuideClientRewardsServiceImpl : Service - Distance calculated: 8796.478162795955
2021-11-27 20:34:20.734  INFO 530588 --- [ool-67-thread-2] .t.t.s.TourGuideClientRewardsServiceImpl : Service - Distance calculated: 8835.98453900407
2021-11-27 20:34:20.734  INFO 530588 --- [ool-67-thread-2] .t.t.s.TourGuideClientRewardsServiceImpl : Service - Distance calculated: 9493.082747147195
2021-11-27 20:34:20.734  INFO 530588 --- [ool-61-thread-2] .t.t.s.TourGuideClientRewardsServiceImpl : Service - Distance calculated: 5925.184190854419
2021-11-27 20:34:20.734  INFO 530588 --- [ool-67-thread-2] .t.t.s.TourGuideClientRewardsServiceImpl : Service - Distance calculated: 9581.019945014044
2021-11-27 20:34:20.734  INFO 530588 --- [ool-61-thread-2] .t.t.s.TourGuideClientRewardsServiceImpl : Service - Distance calculated: 6150.090217425184
2021-11-27 20:34:20.735  INFO 530588 --- [ool-67-thread-2] .t.t.s.TourGuideClientRewardsServiceImpl : Service - Distance calculated: 9169.629622421728
2021-11-27 20:34:20.735  INFO 530588 --- [ol-104-thread-2] .t.t.s.TourGuideClientRewardsServiceImpl : Service - Distance calculated: 3631.609548205926
2021-11-27 20:34:20.735  INFO 530588 --- [ool-67-thread-2] .t.t.s.TourGuideClientRewardsServiceImpl : Service - Distance calculated: 9358.117932223955
2021-11-27 20:34:20.735  INFO 530588 --- [ol-104-thread-2] .t.t.s.TourGuideClientRewardsServiceImpl : Service - Distance calculated: 4242.7308292972675
2021-11-27 20:34:20.735  INFO 530588 --- [ool-67-thread-2] .t.t.s.TourGuideClientRewardsServiceImpl : Service - Distance calculated: 9539.662466337984
2021-11-27 20:34:20.735  INFO 530588 --- [ol-104-thread-2] .t.t.s.TourGuideClientRewardsServiceImpl : Service - Distance calculated: 3694.142842763613
2021-11-27 20:34:20.735  INFO 530588 --- [ool-86-thread-2] .t.t.s.TourGuideClientRewardsServiceImpl : Service - Distance calculated: 2425.7270689788847
2021-11-27 20:34:20.735  INFO 530588 --- [ol-104-thread-2] .t.t.s.TourGuideClientRewardsServiceImpl : Service - Distance calculated: 3612.451486654641
2021-11-27 20:34:20.735  INFO 530588 --- [ool-86-thread-2] .t.t.s.TourGuideClientRewardsServiceImpl : Service - Distance calculated: 1918.2224960818328
2021-11-27 20:34:20.735  INFO 530588 --- [ol-104-thread-2] .t.t.s.TourGuideClientRewardsServiceImpl : Service - Distance calculated: 3829.941187352073
2021-11-27 20:34:20.735  INFO 530588 --- [ool-86-thread-2] .t.t.s.TourGuideClientRewardsServiceImpl : Service - Distance calculated: 2375.8363467616814
2021-11-27 20:34:20.735  INFO 530588 --- [ol-104-thread-2] .t.t.s.TourGuideClientRewardsServiceImpl : Service - Distance calculated: 3728.517857536461
2021-11-27 20:34:20.735  INFO 530588 --- [ool-86-thread-2] .t.t.s.TourGuideClientRewardsServiceImpl : Service - Distance calculated: 2452.8161180247735
2021-11-27 20:34:20.735  INFO 530588 --- [ool-86-thread-2] .t.t.s.TourGuideClientRewardsServiceImpl : Service - Distance calculated: 2809.597157325545
2021-11-27 20:34:20.735  INFO 530588 --- [ol-104-thread-2] .t.t.s.TourGuideClientRewardsServiceImpl : Service - Distance calculated: 3431.892481151441
2021-11-27 20:34:20.735  INFO 530588 --- [ool-86-thread-2] .t.t.s.TourGuideClientRewardsServiceImpl : Service - Distance calculated: 2893.0952302835435
2021-11-27 20:34:20.735  INFO 530588 --- [ol-104-thread-2] .t.t.s.TourGuideClientRewardsServiceImpl : Service - Distance calculated: 4292.299073699388
2021-11-27 20:34:20.735  INFO 530588 --- [ool-86-thread-2] .t.t.s.TourGuideClientRewardsServiceImpl : Service - Distance calculated: 2683.6044301424067
2021-11-27 20:34:20.735  INFO 530588 --- [ol-104-thread-2] .t.t.s.TourGuideClientRewardsServiceImpl : Service - Distance calculated: 4078.687356110514
2021-11-27 20:34:20.735  INFO 530588 --- [ool-86-thread-2] .t.t.s.TourGuideClientRewardsServiceImpl : Service - Distance calculated: 2842.4355450746693
2021-11-27 20:34:20.735  INFO 530588 --- [ol-104-thread-2] .t.t.s.TourGuideClientRewardsServiceImpl : Service - Distance calculated: 5939.175277959052
2021-11-27 20:34:20.735  INFO 530588 --- [ool-86-thread-2] .t.t.s.TourGuideClientRewardsServiceImpl : Service - Distance calculated: 2965.4531386258136
2021-11-27 20:34:20.735  INFO 530588 --- [ol-104-thread-2] .t.t.s.TourGuideClientRewardsServiceImpl : Service - Distance calculated: 4566.815278530351
2021-11-27 20:34:20.735  INFO 530588 --- [ool-86-thread-2] .t.t.s.TourGuideClientRewardsServiceImpl : Service - Distance calculated: 469.7411502524593
2021-11-27 20:34:20.735  INFO 530588 --- [ol-104-thread-2] .t.t.s.TourGuideClientRewardsServiceImpl : Service - Distance calculated: 4364.140978766304
2021-11-27 20:34:20.681 DEBUG 530588 --- [ol-123-thread-2] c.t.t.s.TourGuideClientServiceImpl       : Service - Visited location added for user: internalUser59
2021-11-27 20:34:20.736  INFO 530588 --- [ool-52-thread-2] .t.t.s.TourGuideClientRewardsServiceImpl : Service - Distance calculated: 2912.04667211688
2021-11-27 20:34:20.736  INFO 530588 --- [ool-52-thread-2] .t.t.s.TourGuideClientRewardsServiceImpl : Service - Distance calculated: 3056.3427376961317
2021-11-27 20:34:20.736  INFO 530588 --- [ool-52-thread-2] .t.t.s.TourGuideClientRewardsServiceImpl : Service - Distance calculated: 2849.5511339188806
2021-11-27 20:34:20.736  INFO 530588 --- [ool-52-thread-2] .t.t.s.TourGuideClientRewardsServiceImpl : Service - Distance calculated: 2817.561743507359
2021-11-27 20:34:20.736  INFO 530588 --- [ool-52-thread-2] .t.t.s.TourGuideClientRewardsServiceImpl : Service - Distance calculated: 2118.074703935588
2021-11-27 20:34:20.736  INFO 530588 --- [ool-52-thread-2] .t.t.s.TourGuideClientRewardsServiceImpl : Service - Distance calculated: 2028.5179582857813
2021-11-27 20:34:20.736  INFO 530588 --- [ool-52-thread-2] .t.t.s.TourGuideClientRewardsServiceImpl : Service - Distance calculated: 2474.8986663727865
2021-11-27 20:34:20.736  INFO 530588 --- [ool-52-thread-2] .t.t.s.TourGuideClientRewardsServiceImpl : Service - Distance calculated: 2299.5893360521873
2021-11-27 20:34:20.736  INFO 530588 --- [ool-52-thread-2] .t.t.s.TourGuideClientRewardsServiceImpl : Service - Distance calculated: 2106.5736313746975
2021-11-27 20:34:20.681 DEBUG 530588 --- [ol-105-thread-2] c.t.t.s.TourGuideClientServiceImpl       : Service - Visited location added for user: internalUser39
2021-11-27 20:34:20.737  INFO 530588 --- [ool-91-thread-2] .t.t.s.TourGuideClientRewardsServiceImpl : Service - Distance calculated: 7469.12818288258
2021-11-27 20:34:20.737  INFO 530588 --- [ool-91-thread-2] .t.t.s.TourGuideClientRewardsServiceImpl : Service - Distance calculated: 6885.475850226232
2021-11-27 20:34:20.737  INFO 530588 --- [ool-91-thread-2] .t.t.s.TourGuideClientRewardsServiceImpl : Service - Distance calculated: 7308.960504863819
2021-11-27 20:34:20.737  INFO 530588 --- [ool-91-thread-2] .t.t.s.TourGuideClientRewardsServiceImpl : Service - Distance calculated: 7358.587893937487
2021-11-27 20:34:20.737  INFO 530588 --- [ool-91-thread-2] .t.t.s.TourGuideClientRewardsServiceImpl : Service - Distance calculated: 6051.038809620704
2021-11-27 20:34:20.737  INFO 530588 --- [ool-91-thread-2] .t.t.s.TourGuideClientRewardsServiceImpl : Service - Distance calculated: 6076.993249412447
2021-11-27 20:34:20.737  INFO 530588 --- [ool-91-thread-2] .t.t.s.TourGuideClientRewardsServiceImpl : Service - Distance calculated: 7092.7366841255125
2021-11-27 20:34:20.737  INFO 530588 --- [ool-91-thread-2] .t.t.s.TourGuideClientRewardsServiceImpl : Service - Distance calculated: 5477.683637632424
2021-11-27 20:34:20.737  INFO 530588 --- [ool-91-thread-2] .t.t.s.TourGuideClientRewardsServiceImpl : Service - Distance calculated: 5566.218798658385
2021-11-27 20:34:20.685 DEBUG 530588 --- [ool-76-thread-2] c.t.t.s.TourGuideClientServiceImpl       : Service - Visited location added for user: internalUser3
2021-11-27 20:34:20.685 DEBUG 530588 --- [ol-102-thread-2] c.t.t.s.TourGuideClientServiceImpl       : Service - Visited location added for user: internalUser20
2021-11-27 20:34:20.742  INFO 530588 --- [ool-62-thread-2] .t.t.s.TourGuideClientRewardsServiceImpl : Service - Distance calculated: 7288.470022793782
2021-11-27 20:34:20.742  INFO 530588 --- [ool-62-thread-2] .t.t.s.TourGuideClientRewardsServiceImpl : Service - Distance calculated: 7354.131340377511
2021-11-27 20:34:20.742  INFO 530588 --- [ool-84-thread-2] .t.t.s.TourGuideClientRewardsServiceImpl : Service - Distance calculated: 6906.02609923083
2021-11-27 20:34:20.742  INFO 530588 --- [ool-62-thread-2] .t.t.s.TourGuideClientRewardsServiceImpl : Service - Distance calculated: 7226.434121696932
2021-11-27 20:34:20.742  INFO 530588 --- [ool-62-thread-2] .t.t.s.TourGuideClientRewardsServiceImpl : Service - Distance calculated: 7195.204501136837
2021-11-27 20:34:20.742  INFO 530588 --- [ool-62-thread-2] .t.t.s.TourGuideClientRewardsServiceImpl : Service - Distance calculated: 6289.057314347421
2021-11-27 20:34:20.742  INFO 530588 --- [ool-62-thread-2] .t.t.s.TourGuideClientRewardsServiceImpl : Service - Distance calculated: 6227.284446030002
2021-11-27 20:34:20.742  INFO 530588 --- [ool-62-thread-2] .t.t.s.TourGuideClientRewardsServiceImpl : Service - Distance calculated: 6851.894691817087
2021-11-27 20:34:20.742  INFO 530588 --- [ool-62-thread-2] .t.t.s.TourGuideClientRewardsServiceImpl : Service - Distance calculated: 6128.86170408319
2021-11-27 20:34:20.742  INFO 530588 --- [ool-62-thread-2] .t.t.s.TourGuideClientRewardsServiceImpl : Service - Distance calculated: 6031.489282831877
2021-11-27 20:34:20.742  INFO 530588 --- [ool-62-thread-2] .t.t.s.TourGuideClientRewardsServiceImpl : Service - Distance calculated: 9251.625286058861
2021-11-27 20:34:20.742  INFO 530588 --- [ool-62-thread-2] .t.t.s.TourGuideClientRewardsServiceImpl : Service - Distance calculated: 5923.332077164039
2021-11-27 20:34:20.742  INFO 530588 --- [ool-62-thread-2] .t.t.s.TourGuideClientRewardsServiceImpl : Service - Distance calculated: 6034.727855875741
2021-11-27 20:34:20.742  INFO 530588 --- [ool-62-thread-2] .t.t.s.TourGuideClientRewardsServiceImpl : Service - Distance calculated: 5902.773636174871
2021-11-27 20:34:20.742  INFO 530588 --- [ool-62-thread-2] .t.t.s.TourGuideClientRewardsServiceImpl : Service - Distance calculated: 5330.196602043023
2021-11-27 20:34:20.742  INFO 530588 --- [ol-126-thread-2] .t.t.s.TourGuideClientRewardsServiceImpl : Service - Distance calculated: 8541.755031498053
2021-11-27 20:34:20.742  INFO 530588 --- [ool-62-thread-2] .t.t.s.TourGuideClientRewardsServiceImpl : Service - Distance calculated: 6215.1564744135685
2021-11-27 20:34:20.742  INFO 530588 --- [ol-126-thread-2] .t.t.s.TourGuideClientRewardsServiceImpl : Service - Distance calculated: 8462.556169415848
2021-11-27 20:34:20.742  INFO 530588 --- [ol-126-thread-2] .t.t.s.TourGuideClientRewardsServiceImpl : Service - Distance calculated: 8612.33936206558
2021-11-27 20:34:20.742  INFO 530588 --- [ol-126-thread-2] .t.t.s.TourGuideClientRewardsServiceImpl : Service - Distance calculated: 8639.422176394768
2021-11-27 20:34:20.743  INFO 530588 --- [ol-126-thread-2] .t.t.s.TourGuideClientRewardsServiceImpl : Service - Distance calculated: 9480.549140752632
2021-11-27 20:34:20.743  INFO 530588 --- [ol-126-thread-2] .t.t.s.TourGuideClientRewardsServiceImpl : Service - Distance calculated: 9556.77569535284
2021-11-27 20:34:20.743  INFO 530588 --- [ol-128-thread-2] .t.t.s.TourGuideClientRewardsServiceImpl : Service - Distance calculated: 3963.082739476025
2021-11-27 20:34:20.743  INFO 530588 --- [ol-126-thread-2] .t.t.s.TourGuideClientRewardsServiceImpl : Service - Distance calculated: 8986.183663175203
2021-11-27 20:34:20.743  INFO 530588 --- [ol-128-thread-2] .t.t.s.TourGuideClientRewardsServiceImpl : Service - Distance calculated: 3358.522271604003
2021-11-27 20:34:20.743  INFO 530588 --- [ol-126-thread-2] .t.t.s.TourGuideClientRewardsServiceImpl : Service - Distance calculated: 9462.409318526115
2021-11-27 20:34:20.743  INFO 530588 --- [ol-128-thread-2] .t.t.s.TourGuideClientRewardsServiceImpl : Service - Distance calculated: 3893.775915447727
2021-11-27 20:34:20.743  INFO 530588 --- [ol-126-thread-2] .t.t.s.TourGuideClientRewardsServiceImpl : Service - Distance calculated: 9619.582248466828
2021-11-27 20:34:20.743  INFO 530588 --- [ol-128-thread-2] .t.t.s.TourGuideClientRewardsServiceImpl : Service - Distance calculated: 3976.3519747579985
2021-11-27 20:34:20.743  INFO 530588 --- [ol-126-thread-2] .t.t.s.TourGuideClientRewardsServiceImpl : Service - Distance calculated: 6487.575194961692
2021-11-27 20:34:20.743  INFO 530588 --- [ol-128-thread-2] .t.t.s.TourGuideClientRewardsServiceImpl : Service - Distance calculated: 4019.1299753324943
2021-11-27 20:34:20.743  INFO 530588 --- [ol-126-thread-2] .t.t.s.TourGuideClientRewardsServiceImpl : Service - Distance calculated: 9483.393019783893
2021-11-27 20:34:20.743  INFO 530588 --- [ol-128-thread-2] .t.t.s.TourGuideClientRewardsServiceImpl : Service - Distance calculated: 4117.313599880794
2021-11-27 20:34:20.743  INFO 530588 --- [ol-126-thread-2] .t.t.s.TourGuideClientRewardsServiceImpl : Service - Distance calculated: 9501.935794679834
2021-11-27 20:34:20.743  INFO 530588 --- [ol-128-thread-2] .t.t.s.TourGuideClientRewardsServiceImpl : Service - Distance calculated: 4163.6749914197435
2021-11-27 20:34:20.743  INFO 530588 --- [ol-126-thread-2] .t.t.s.TourGuideClientRewardsServiceImpl : Service - Distance calculated: 9593.453282185274
2021-11-27 20:34:20.743  INFO 530588 --- [ol-128-thread-2] .t.t.s.TourGuideClientRewardsServiceImpl : Service - Distance calculated: 3817.7527342301373
2021-11-27 20:34:20.743  INFO 530588 --- [ol-126-thread-2] .t.t.s.TourGuideClientRewardsServiceImpl : Service - Distance calculated: 10363.452075171048
2021-11-27 20:34:20.743  INFO 530588 --- [ol-128-thread-2] .t.t.s.TourGuideClientRewardsServiceImpl : Service - Distance calculated: 3999.742833300835
2021-11-27 20:34:20.743  INFO 530588 --- [ol-126-thread-2] .t.t.s.TourGuideClientRewardsServiceImpl : Service - Distance calculated: 9618.901039878563
2021-11-27 20:34:20.743  INFO 530588 --- [ol-128-thread-2] .t.t.s.TourGuideClientRewardsServiceImpl : Service - Distance calculated: 1825.0612983768588
2021-11-27 20:34:20.743  INFO 530588 --- [ol-128-thread-2] .t.t.s.TourGuideClientRewardsServiceImpl : Service - Distance calculated: 3810.5589267286123
2021-11-27 20:34:20.743  INFO 530588 --- [ol-128-thread-2] .t.t.s.TourGuideClientRewardsServiceImpl : Service - Distance calculated: 3837.574160041967
2021-11-27 20:34:20.743  INFO 530588 --- [ol-128-thread-2] .t.t.s.TourGuideClientRewardsServiceImpl : Service - Distance calculated: 3920.921180619752
2021-11-27 20:34:20.743  INFO 530588 --- [ool-58-thread-2] .t.t.s.TourGuideClientRewardsServiceImpl : Service - Distance calculated: 6166.585690275787
2021-11-27 20:34:20.743  INFO 530588 --- [ool-58-thread-2] .t.t.s.TourGuideClientRewardsServiceImpl : Service - Distance calculated: 6022.646933611648
2021-11-27 20:34:20.743  INFO 530588 --- [ool-58-thread-2] .t.t.s.TourGuideClientRewardsServiceImpl : Service - Distance calculated: 6062.630895262312
2021-11-27 20:34:20.744  INFO 530588 --- [ol-112-thread-2] .t.t.s.TourGuideClientRewardsServiceImpl : Service - Distance calculated: 12282.022788783535
2021-11-27 20:34:20.744  INFO 530588 --- [ol-112-thread-2] .t.t.s.TourGuideClientRewardsServiceImpl : Service - Distance calculated: 11674.355012551912
2021-11-27 20:34:20.744  INFO 530588 --- [ol-112-thread-2] .t.t.s.TourGuideClientRewardsServiceImpl : Service - Distance calculated: 12181.403065445009
2021-11-27 20:34:20.744  INFO 530588 --- [ol-112-thread-2] .t.t.s.TourGuideClientRewardsServiceImpl : Service - Distance calculated: 12184.478835902642
2021-11-27 20:34:20.744  INFO 530588 --- [ol-112-thread-2] .t.t.s.TourGuideClientRewardsServiceImpl : Service - Distance calculated: 10909.002318107918
2021-11-27 20:34:20.744  INFO 530588 --- [ool-77-thread-2] .t.t.s.TourGuideClientRewardsServiceImpl : Service - Distance calculated: 6448.044984201564
2021-11-27 20:34:20.744  INFO 530588 --- [ol-112-thread-2] .t.t.s.TourGuideClientRewardsServiceImpl : Service - Distance calculated: 10911.343607730523
2021-11-27 20:34:20.744  INFO 530588 --- [ool-77-thread-2] .t.t.s.TourGuideClientRewardsServiceImpl : Service - Distance calculated: 7171.249294317757
2021-11-27 20:34:20.744  INFO 530588 --- [ol-112-thread-2] .t.t.s.TourGuideClientRewardsServiceImpl : Service - Distance calculated: 11832.898924670628
2021-11-27 20:34:20.744  INFO 530588 --- [ool-91-thread-2] .t.t.s.TourGuideClientRewardsServiceImpl : Service - Distance calculated: 7495.9942552211605
2021-11-27 20:34:20.744  INFO 530588 --- [ool-91-thread-2] .t.t.s.TourGuideClientRewardsServiceImpl : Service - Distance calculated: 5039.974455108239
2021-11-27 20:34:20.744  INFO 530588 --- [ool-77-thread-2] .t.t.s.TourGuideClientRewardsServiceImpl : Service - Distance calculated: 6556.140750832189
2021-11-27 20:34:20.744  INFO 530588 --- [ool-91-thread-2] .t.t.s.TourGuideClientRewardsServiceImpl : Service - Distance calculated: 5322.111266180517
2021-11-27 20:34:20.744  INFO 530588 --- [ool-91-thread-2] .t.t.s.TourGuideClientRewardsServiceImpl : Service - Distance calculated: 5186.432521222144
2021-11-27 20:34:20.744  INFO 530588 --- [ool-77-thread-2] .t.t.s.TourGuideClientRewardsServiceImpl : Service - Distance calculated: 6466.945474263985
2021-11-27 20:34:20.744  INFO 530588 --- [ool-91-thread-2] .t.t.s.TourGuideClientRewardsServiceImpl : Service - Distance calculated: 5336.603357354329
2021-11-27 20:34:20.744  INFO 530588 --- [ool-77-thread-2] .t.t.s.TourGuideClientRewardsServiceImpl : Service - Distance calculated: 6910.336829973251
2021-11-27 20:34:20.744  INFO 530588 --- [ol-101-thread-2] .t.t.s.TourGuideClientRewardsServiceImpl : Service - Distance calculated: 6749.881765626862
2021-11-27 20:34:20.744  INFO 530588 --- [ool-77-thread-2] .t.t.s.TourGuideClientRewardsServiceImpl : Service - Distance calculated: 6809.470980412027
2021-11-27 20:34:20.744  INFO 530588 --- [ool-77-thread-2] .t.t.s.TourGuideClientRewardsServiceImpl : Service - Distance calculated: 6378.424062803985
2021-11-27 20:34:20.745  INFO 530588 --- [ool-77-thread-2] .t.t.s.TourGuideClientRewardsServiceImpl : Service - Distance calculated: 7369.202263530514
2021-11-27 20:34:20.745  INFO 530588 --- [ool-77-thread-2] .t.t.s.TourGuideClientRewardsServiceImpl : Service - Distance calculated: 7155.615875998827
2021-11-27 20:34:20.745  INFO 530588 --- [ool-77-thread-2] .t.t.s.TourGuideClientRewardsServiceImpl : Service - Distance calculated: 8358.50734094403
2021-11-27 20:34:20.745  INFO 530588 --- [ool-77-thread-2] .t.t.s.TourGuideClientRewardsServiceImpl : Service - Distance calculated: 7610.776591207214
2021-11-27 20:34:20.745  INFO 530588 --- [ool-77-thread-2] .t.t.s.TourGuideClientRewardsServiceImpl : Service - Distance calculated: 7431.558320043652
2021-11-27 20:34:20.745  INFO 530588 --- [ool-77-thread-2] .t.t.s.TourGuideClientRewardsServiceImpl : Service - Distance calculated: 7425.19821647013
2021-11-27 20:34:20.745  INFO 530588 --- [ool-77-thread-2] .t.t.s.TourGuideClientRewardsServiceImpl : Service - Distance calculated: 6596.966927087793
2021-11-27 20:34:20.745  INFO 530588 --- [ool-77-thread-2] .t.t.s.TourGuideClientRewardsServiceImpl : Service - Distance calculated: 6448.116040582634
2021-11-27 20:34:20.745  INFO 530588 --- [ool-77-thread-2] .t.t.s.TourGuideClientRewardsServiceImpl : Service - Distance calculated: 6831.220169195073
2021-11-27 20:34:20.745  INFO 530588 --- [ool-48-thread-2] .t.t.s.TourGuideClientRewardsServiceImpl : Service - Distance calculated: 7978.672019593376
2021-11-27 20:34:20.745  INFO 530588 --- [ool-48-thread-2] .t.t.s.TourGuideClientRewardsServiceImpl : Service - Distance calculated: 8484.349533188046
2021-11-27 20:34:20.745  INFO 530588 --- [ool-48-thread-2] .t.t.s.TourGuideClientRewardsServiceImpl : Service - Distance calculated: 8134.671841810851
2021-11-27 20:34:20.745  INFO 530588 --- [ool-48-thread-2] .t.t.s.TourGuideClientRewardsServiceImpl : Service - Distance calculated: 8091.717108120017
2021-11-27 20:34:20.745  INFO 530588 --- [ool-48-thread-2] .t.t.s.TourGuideClientRewardsServiceImpl : Service - Distance calculated: 9405.88665813634
2021-11-27 20:34:20.745  INFO 530588 --- [ool-48-thread-2] .t.t.s.TourGuideClientRewardsServiceImpl : Service - Distance calculated: 9385.214517647173
2021-11-27 20:34:20.745  INFO 530588 --- [ool-48-thread-2] .t.t.s.TourGuideClientRewardsServiceImpl : Service - Distance calculated: 8370.066616283282
2021-11-27 20:34:20.745  INFO 530588 --- [ool-48-thread-2] .t.t.s.TourGuideClientRewardsServiceImpl : Service - Distance calculated: 9949.145506138126
2021-11-27 20:34:20.745  INFO 530588 --- [ool-48-thread-2] .t.t.s.TourGuideClientRewardsServiceImpl : Service - Distance calculated: 9884.994846408365
2021-11-27 20:34:20.684 DEBUG 530588 --- [ool-99-thread-2] c.t.t.s.TourGuideClientServiceImpl       : Service - Visited location added for user: internalUser25
2021-11-27 20:34:20.746  INFO 530588 --- [ool-66-thread-2] .t.t.s.TourGuideClientRewardsServiceImpl : Service - Distance calculated: 5103.303731976859
2021-11-27 20:34:20.746  INFO 530588 --- [ool-66-thread-2] .t.t.s.TourGuideClientRewardsServiceImpl : Service - Distance calculated: 4385.131142138363
2021-11-27 20:34:20.746  INFO 530588 --- [ool-66-thread-2] .t.t.s.TourGuideClientRewardsServiceImpl : Service - Distance calculated: 4939.638103190199
2021-11-27 20:34:20.681 DEBUG 530588 --- [ol-119-thread-2] c.t.t.s.TourGuideClientServiceImpl       : Service - Visited location added for user: internalUser41
2021-11-27 20:34:20.681 DEBUG 530588 --- [ol-111-thread-2] c.t.t.s.TourGuideClientServiceImpl       : Service - Visited location added for user: internalUser32
2021-11-27 20:34:20.682 DEBUG 530588 --- [ol-114-thread-2] c.t.t.s.TourGuideClientServiceImpl       : Service - Visited location added for user: internalUser48
2021-11-27 20:34:20.684 DEBUG 530588 --- [ol-140-thread-2] c.t.t.s.TourGuideClientServiceImpl       : Service - Visited location added for user: internalUser64
2021-11-27 20:34:20.683 DEBUG 530588 --- [ool-50-thread-2] c.t.t.s.TourGuideClientServiceImpl       : Service - Visited location added for user: internalUser70
2021-11-27 20:34:20.683 DEBUG 530588 --- [ol-130-thread-2] c.t.t.s.TourGuideClientServiceImpl       : Service - Visited location added for user: internalUser54
2021-11-27 20:34:20.683 DEBUG 530588 --- [ol-132-thread-2] c.t.t.s.TourGuideClientServiceImpl       : Service - Visited location added for user: internalUser50
2021-11-27 20:34:20.683 DEBUG 530588 --- [ol-124-thread-2] c.t.t.s.TourGuideClientServiceImpl       : Service - Visited location added for user: internalUser56
2021-11-27 20:34:20.683 DEBUG 530588 --- [ool-72-thread-2] c.t.t.s.TourGuideClientServiceImpl       : Service - Visited location added for user: internalUser11
2021-11-27 20:34:20.683 DEBUG 530588 --- [ol-120-thread-2] c.t.t.s.TourGuideClientServiceImpl       : Service - Visited location added for user: internalUser40
2021-11-27 20:34:20.683 DEBUG 530588 --- [ool-79-thread-2] c.t.t.s.TourGuideClientServiceImpl       : Service - Visited location added for user: internalUser95
2021-11-27 20:34:20.753  INFO 530588 --- [ool-53-thread-2] .t.t.s.TourGuideClientRewardsServiceImpl : Service - Distance calculated: 2186.2448656445013
2021-11-27 20:34:20.753  INFO 530588 --- [ool-53-thread-2] .t.t.s.TourGuideClientRewardsServiceImpl : Service - Distance calculated: 2960.6994529643666
2021-11-27 20:34:20.753  INFO 530588 --- [ool-53-thread-2] .t.t.s.TourGuideClientRewardsServiceImpl : Service - Distance calculated: 2333.7664521965157
2021-11-27 20:34:20.753  INFO 530588 --- [ool-53-thread-2] .t.t.s.TourGuideClientRewardsServiceImpl : Service - Distance calculated: 2247.9812626933413
2021-11-27 20:34:20.753  INFO 530588 --- [ool-53-thread-2] .t.t.s.TourGuideClientRewardsServiceImpl : Service - Distance calculated: 3291.092003001722
2021-11-27 20:34:20.753  INFO 530588 --- [ool-53-thread-2] .t.t.s.TourGuideClientRewardsServiceImpl : Service - Distance calculated: 3226.181044793711
2021-11-27 20:34:20.753  INFO 530588 --- [ool-53-thread-2] .t.t.s.TourGuideClientRewardsServiceImpl : Service - Distance calculated: 2329.1599535541463
2021-11-27 20:34:20.753  INFO 530588 --- [ool-53-thread-2] .t.t.s.TourGuideClientRewardsServiceImpl : Service - Distance calculated: 3916.3572390704194
2021-11-27 20:34:20.753  INFO 530588 --- [ool-53-thread-2] .t.t.s.TourGuideClientRewardsServiceImpl : Service - Distance calculated: 3755.168841018756
2021-11-27 20:34:20.753  INFO 530588 --- [ool-53-thread-2] .t.t.s.TourGuideClientRewardsServiceImpl : Service - Distance calculated: 3977.0986732049214
2021-11-27 20:34:20.753  INFO 530588 --- [ool-53-thread-2] .t.t.s.TourGuideClientRewardsServiceImpl : Service - Distance calculated: 4349.604670675583
2021-11-27 20:34:20.753  INFO 530588 --- [ool-53-thread-2] .t.t.s.TourGuideClientRewardsServiceImpl : Service - Distance calculated: 4058.780777921581
2021-11-27 20:34:20.753  INFO 530588 --- [ool-53-thread-2] .t.t.s.TourGuideClientRewardsServiceImpl : Service - Distance calculated: 4157.46122676887
2021-11-27 20:34:20.753  INFO 530588 --- [ool-53-thread-2] .t.t.s.TourGuideClientRewardsServiceImpl : Service - Distance calculated: 3745.690760129944
2021-11-27 20:34:20.753  INFO 530588 --- [ool-53-thread-2] .t.t.s.TourGuideClientRewardsServiceImpl : Service - Distance calculated: 2842.497058063332
2021-11-27 20:34:20.753  INFO 530588 --- [ool-53-thread-2] .t.t.s.TourGuideClientRewardsServiceImpl : Service - Distance calculated: 3466.027312150441
2021-11-27 20:34:20.753  INFO 530588 --- [ool-53-thread-2] .t.t.s.TourGuideClientRewardsServiceImpl : Service - Distance calculated: 3192.174962613476
2021-11-27 20:34:20.753  INFO 530588 --- [ool-49-thread-2] .t.t.s.TourGuideClientRewardsServiceImpl : Service - Distance calculated: 3757.0794675178718
2021-11-27 20:34:20.753  INFO 530588 --- [ool-49-thread-2] .t.t.s.TourGuideClientRewardsServiceImpl : Service - Distance calculated: 4009.77482766917
2021-11-27 20:34:20.754  INFO 530588 --- [ool-49-thread-2] .t.t.s.TourGuideClientRewardsServiceImpl : Service - Distance calculated: 3872.1364352387764
2021-11-27 20:34:20.754  INFO 530588 --- [ool-49-thread-2] .t.t.s.TourGuideClientRewardsServiceImpl : Service - Distance calculated: 3869.3174762968574
2021-11-27 20:34:20.754  INFO 530588 --- [ool-49-thread-2] .t.t.s.TourGuideClientRewardsServiceImpl : Service - Distance calculated: 5073.581873813782
2021-11-27 20:34:20.754  INFO 530588 --- [ool-49-thread-2] .t.t.s.TourGuideClientRewardsServiceImpl : Service - Distance calculated: 5097.744092649723
2021-11-27 20:34:20.754  INFO 530588 --- [ool-49-thread-2] .t.t.s.TourGuideClientRewardsServiceImpl : Service - Distance calculated: 4216.540638924854
2021-11-27 20:34:20.754  INFO 530588 --- [ool-49-thread-2] .t.t.s.TourGuideClientRewardsServiceImpl : Service - Distance calculated: 5470.666969259959
2021-11-27 20:34:20.754  INFO 530588 --- [ool-49-thread-2] .t.t.s.TourGuideClientRewardsServiceImpl : Service - Distance calculated: 5478.328316341721
2021-11-27 20:34:20.754  INFO 530588 --- [ool-49-thread-2] .t.t.s.TourGuideClientRewardsServiceImpl : Service - Distance calculated: 2744.6020240584407
2021-11-27 20:34:20.754  INFO 530588 --- [ool-49-thread-2] .t.t.s.TourGuideClientRewardsServiceImpl : Service - Distance calculated: 5828.155080959153
2021-11-27 20:34:20.754  INFO 530588 --- [ool-49-thread-2] .t.t.s.TourGuideClientRewardsServiceImpl : Service - Distance calculated: 5608.98899454844
2021-11-27 20:34:20.754  INFO 530588 --- [ool-49-thread-2] .t.t.s.TourGuideClientRewardsServiceImpl : Service - Distance calculated: 5757.585689580056
2021-11-27 20:34:20.754  INFO 530588 --- [ool-49-thread-2] .t.t.s.TourGuideClientRewardsServiceImpl : Service - Distance calculated: 6018.147428720097
2021-11-27 20:34:20.754  INFO 530588 --- [ool-49-thread-2] .t.t.s.TourGuideClientRewardsServiceImpl : Service - Distance calculated: 4956.136307080656
2021-11-27 20:34:20.754  INFO 530588 --- [ool-49-thread-2] .t.t.s.TourGuideClientRewardsServiceImpl : Service - Distance calculated: 5421.988405739795
2021-11-27 20:34:20.754  INFO 530588 --- [ool-49-thread-2] .t.t.s.TourGuideClientRewardsServiceImpl : Service - Distance calculated: 5311.043006474273
2021-11-27 20:34:20.754  INFO 530588 --- [ool-49-thread-2] .t.t.s.TourGuideClientRewardsServiceImpl : Service - Distance calculated: 5522.501552600973
2021-11-27 20:34:20.754  INFO 530588 --- [ool-49-thread-2] .t.t.s.TourGuideClientRewardsServiceImpl : Service - Distance calculated: 5024.372115537601
2021-11-27 20:34:20.754  INFO 530588 --- [ool-49-thread-2] .t.t.s.TourGuideClientRewardsServiceImpl : Service - Distance calculated: 3816.872933482155
2021-11-27 20:34:20.754  INFO 530588 --- [ool-49-thread-2] .t.t.s.TourGuideClientRewardsServiceImpl : Service - Distance calculated: 5854.529166318717
2021-11-27 20:34:20.754  INFO 530588 --- [ool-49-thread-2] .t.t.s.TourGuideClientRewardsServiceImpl : Service - Distance calculated: 5895.403438842469
2021-11-27 20:34:20.754  INFO 530588 --- [ool-60-thread-2] .t.t.s.TourGuideClientRewardsServiceImpl : Service - Distance calculated: 1437.6250828997147
2021-11-27 20:34:20.683 DEBUG 530588 --- [ool-78-thread-2] c.t.t.s.TourGuideClientServiceImpl       : Service - Visited location added for user: internalUser2
2021-11-27 20:34:20.754  INFO 530588 --- [ol-136-thread-2] .t.t.s.TourGuideClientRewardsServiceImpl : Service - Distance calculated: 9488.425097203117
2021-11-27 20:34:20.754  INFO 530588 --- [ol-136-thread-2] .t.t.s.TourGuideClientRewardsServiceImpl : Service - Distance calculated: 10215.535858316209
2021-11-27 20:34:20.754  INFO 530588 --- [ol-136-thread-2] .t.t.s.TourGuideClientRewardsServiceImpl : Service - Distance calculated: 9650.469214104913
2021-11-27 20:34:20.754  INFO 530588 --- [ol-136-thread-2] .t.t.s.TourGuideClientRewardsServiceImpl : Service - Distance calculated: 9573.70952407797
2021-11-27 20:34:20.754  INFO 530588 --- [ol-136-thread-2] .t.t.s.TourGuideClientRewardsServiceImpl : Service - Distance calculated: 10576.614402971149
2021-11-27 20:34:20.687 DEBUG 530588 --- [ool-96-thread-2] c.t.t.s.TourGuideClientServiceImpl       : Service - Visited location added for user: internalUser28
2021-11-27 20:34:20.755  INFO 530588 --- [ol-136-thread-2] .t.t.s.TourGuideClientRewardsServiceImpl : Service - Distance calculated: 10487.730415343654
2021-11-27 20:34:20.755  INFO 530588 --- [ol-136-thread-2] .t.t.s.TourGuideClientRewardsServiceImpl : Service - Distance calculated: 9694.83286892561
2021-11-27 20:34:20.755  INFO 530588 --- [ol-136-thread-2] .t.t.s.TourGuideClientRewardsServiceImpl : Service - Distance calculated: 11139.626214798447
2021-11-27 20:34:20.755  INFO 530588 --- [ol-136-thread-2] .t.t.s.TourGuideClientRewardsServiceImpl : Service - Distance calculated: 10929.254132437043
2021-11-27 20:34:20.686 DEBUG 530588 --- [ool-45-thread-2] c.t.t.s.TourGuideClientServiceImpl       : Service - Visited location added for user: internalUser79
2021-11-27 20:34:20.687 DEBUG 530588 --- [ool-55-thread-2] c.t.t.s.TourGuideClientServiceImpl       : Service - Visited location added for user: internalUser88
2021-11-27 20:34:20.687 DEBUG 530588 --- [ool-80-thread-2] c.t.t.s.TourGuideClientServiceImpl       : Service - Visited location added for user: internalUser1
2021-11-27 20:34:20.688 DEBUG 530588 --- [ol-133-thread-2] c.t.t.s.TourGuideClientServiceImpl       : Service - Visited location added for user: internalUser67
2021-11-27 20:34:20.688 DEBUG 530588 --- [ool-54-thread-2] c.t.t.s.TourGuideClientServiceImpl       : Service - Visited location added for user: internalUser89
2021-11-27 20:34:20.690 DEBUG 530588 --- [ool-90-thread-2] c.t.t.s.TourGuideClientServiceImpl       : Service - Visited location added for user: internalUser94
2021-11-27 20:34:20.689 DEBUG 530588 --- [ool-70-thread-2] c.t.t.s.TourGuideClientServiceImpl       : Service - Visited location added for user: internalUser17
2021-11-27 20:34:20.691 DEBUG 530588 --- [ol-116-thread-2] c.t.t.s.TourGuideClientServiceImpl       : Service - Visited location added for user: internalUser44
2021-11-27 20:34:20.695 DEBUG 530588 --- [ol-125-thread-2] c.t.t.s.TourGuideClientServiceImpl       : Service - Visited location added for user: internalUser55
2021-11-27 20:34:20.696 DEBUG 530588 --- [ool-98-thread-2] c.t.t.s.TourGuideClientServiceImpl       : Service - Visited location added for user: internalUser22
2021-11-27 20:34:20.695 DEBUG 530588 --- [ol-135-thread-2] c.t.t.s.TourGuideClientServiceImpl       : Service - Visited location added for user: internalUser69
2021-11-27 20:34:20.696 DEBUG 530588 --- [ool-94-thread-2] c.t.t.s.TourGuideClientServiceImpl       : Service - Visited location added for user: internalUser26
2021-11-27 20:34:20.695 DEBUG 530588 --- [ool-47-thread-2] c.t.t.s.TourGuideClientServiceImpl       : Service - Visited location added for user: internalUser73
2021-11-27 20:34:20.696 DEBUG 530588 --- [ool-93-thread-2] c.t.t.s.TourGuideClientServiceImpl       : Service - Visited location added for user: internalUser27
2021-11-27 20:34:20.695 DEBUG 530588 --- [ool-89-thread-2] c.t.t.s.TourGuideClientServiceImpl       : Service - Visited location added for user: internalUser5
2021-11-27 20:34:20.695 DEBUG 530588 --- [ol-108-thread-2] c.t.t.s.TourGuideClientServiceImpl       : Service - Visited location added for user: internalUser36
2021-11-27 20:34:20.761  INFO 530588 --- [ol-123-thread-2] .t.t.s.TourGuideClientRewardsServiceImpl : Service - Distance calculated: 2333.0532892095853
2021-11-27 20:34:20.762  INFO 530588 --- [ol-123-thread-2] .t.t.s.TourGuideClientRewardsServiceImpl : Service - Distance calculated: 1593.92823963668
2021-11-27 20:34:20.762  INFO 530588 --- [ol-123-thread-2] .t.t.s.TourGuideClientRewardsServiceImpl : Service - Distance calculated: 2214.563742392633
2021-11-27 20:34:20.762  INFO 530588 --- [ol-123-thread-2] .t.t.s.TourGuideClientRewardsServiceImpl : Service - Distance calculated: 2304.2371869091653
2021-11-27 20:34:20.762  INFO 530588 --- [ol-123-thread-2] .t.t.s.TourGuideClientRewardsServiceImpl : Service - Distance calculated: 2089.65304868524
2021-11-27 20:34:20.762  INFO 530588 --- [ol-123-thread-2] .t.t.s.TourGuideClientRewardsServiceImpl : Service - Distance calculated: 2188.5802869628606
2021-11-27 20:34:20.762  INFO 530588 --- [ol-123-thread-2] .t.t.s.TourGuideClientRewardsServiceImpl : Service - Distance calculated: 2391.1781322865195
2021-11-27 20:34:20.762  INFO 530588 --- [ol-123-thread-2] .t.t.s.TourGuideClientRewardsServiceImpl : Service - Distance calculated: 1926.079137125203
2021-11-27 20:34:20.762  INFO 530588 --- [ol-123-thread-2] .t.t.s.TourGuideClientRewardsServiceImpl : Service - Distance calculated: 2091.721452360086
2021-11-27 20:34:20.762  INFO 530588 --- [ol-123-thread-2] .t.t.s.TourGuideClientRewardsServiceImpl : Service - Distance calculated: 1515.6779716165966
2021-11-27 20:34:20.762  INFO 530588 --- [ol-123-thread-2] .t.t.s.TourGuideClientRewardsServiceImpl : Service - Distance calculated: 2015.5981777377522
2021-11-27 20:34:20.762  INFO 530588 --- [ol-123-thread-2] .t.t.s.TourGuideClientRewardsServiceImpl : Service - Distance calculated: 1972.5926882741312
2021-11-27 20:34:20.762  INFO 530588 --- [ol-123-thread-2] .t.t.s.TourGuideClientRewardsServiceImpl : Service - Distance calculated: 2079.7857223913406
2021-11-27 20:34:20.762  INFO 530588 --- [ol-123-thread-2] .t.t.s.TourGuideClientRewardsServiceImpl : Service - Distance calculated: 2832.279006308884
2021-11-27 20:34:20.762  INFO 530588 --- [ol-123-thread-2] .t.t.s.TourGuideClientRewardsServiceImpl : Service - Distance calculated: 2463.341010994219
2021-11-27 20:34:20.762  INFO 530588 --- [ol-123-thread-2] .t.t.s.TourGuideClientRewardsServiceImpl : Service - Distance calculated: 2319.6033000916696
2021-11-27 20:34:20.762  INFO 530588 --- [ol-123-thread-2] .t.t.s.TourGuideClientRewardsServiceImpl : Service - Distance calculated: 2482.0413033179107
2021-11-27 20:34:20.762  INFO 530588 --- [ol-123-thread-2] .t.t.s.TourGuideClientRewardsServiceImpl : Service - Distance calculated: 2172.7670013750117
2021-11-27 20:34:20.762  INFO 530588 --- [ol-123-thread-2] .t.t.s.TourGuideClientRewardsServiceImpl : Service - Distance calculated: 2444.093500030969
2021-11-27 20:34:20.762  INFO 530588 --- [ol-123-thread-2] .t.t.s.TourGuideClientRewardsServiceImpl : Service - Distance calculated: 2396.4310510946084
2021-11-27 20:34:20.763  INFO 530588 --- [ol-123-thread-2] .t.t.s.TourGuideClientRewardsServiceImpl : Service - Distance calculated: 2726.881959967699
2021-11-27 20:34:20.763  INFO 530588 --- [ol-123-thread-2] .t.t.s.TourGuideClientRewardsServiceImpl : Service - Distance calculated: 1975.41245782471
2021-11-27 20:34:20.763  INFO 530588 --- [ol-123-thread-2] .t.t.s.TourGuideClientRewardsServiceImpl : Service - Distance calculated: 2372.568635018233
2021-11-27 20:34:20.763  INFO 530588 --- [ol-123-thread-2] .t.t.s.TourGuideClientRewardsServiceImpl : Service - Distance calculated: 1872.4891931304253
2021-11-27 20:34:20.763  INFO 530588 --- [ol-123-thread-2] .t.t.s.TourGuideClientRewardsServiceImpl : Service - Distance calculated: 2010.698660138909
2021-11-27 20:34:20.763  INFO 530588 --- [ol-123-thread-2] .t.t.s.TourGuideClientRewardsServiceImpl : Service - Distance calculated: 2710.2599996773392
2021-11-27 20:34:20.763  INFO 530588 --- [ol-110-thread-2] .t.t.s.TourGuideClientRewardsServiceImpl : Service - Distance calculated: 8387.851033447712
2021-11-27 20:34:20.763  INFO 530588 --- [ol-110-thread-2] .t.t.s.TourGuideClientRewardsServiceImpl : Service - Distance calculated: 8755.27421302846
2021-11-27 20:34:20.763  INFO 530588 --- [ol-110-thread-2] .t.t.s.TourGuideClientRewardsServiceImpl : Service - Distance calculated: 8395.248809549093
2021-11-27 20:34:20.763  INFO 530588 --- [ol-131-thread-2] .t.t.s.TourGuideClientRewardsServiceImpl : Service - Distance calculated: 5688.950870447644
2021-11-27 20:34:20.763  INFO 530588 --- [ol-110-thread-2] .t.t.s.TourGuideClientRewardsServiceImpl : Service - Distance calculated: 8332.089387772661
2021-11-27 20:34:20.763  INFO 530588 --- [ol-131-thread-2] .t.t.s.TourGuideClientRewardsServiceImpl : Service - Distance calculated: 6462.301027991488
2021-11-27 20:34:20.763  INFO 530588 --- [ol-110-thread-2] .t.t.s.TourGuideClientRewardsServiceImpl : Service - Distance calculated: 7825.305141424473
2021-11-27 20:34:20.763  INFO 530588 --- [ol-131-thread-2] .t.t.s.TourGuideClientRewardsServiceImpl : Service - Distance calculated: 5838.388997411214
2021-11-27 20:34:20.763  INFO 530588 --- [ol-110-thread-2] .t.t.s.TourGuideClientRewardsServiceImpl : Service - Distance calculated: 7741.891391959195
2021-11-27 20:34:20.763  INFO 530588 --- [ol-131-thread-2] .t.t.s.TourGuideClientRewardsServiceImpl : Service - Distance calculated: 5752.837936496361
2021-11-27 20:34:20.763  INFO 530588 --- [ol-131-thread-2] .t.t.s.TourGuideClientRewardsServiceImpl : Service - Distance calculated: 6683.682863769649
2021-11-27 20:34:20.763  INFO 530588 --- [ol-131-thread-2] .t.t.s.TourGuideClientRewardsServiceImpl : Service - Distance calculated: 6600.972666086291
2021-11-27 20:34:20.763  INFO 530588 --- [ol-131-thread-2] .t.t.s.TourGuideClientRewardsServiceImpl : Service - Distance calculated: 5813.998068000457
2021-11-27 20:34:20.763  INFO 530588 --- [ol-131-thread-2] .t.t.s.TourGuideClientRewardsServiceImpl : Service - Distance calculated: 7284.9680881745035
2021-11-27 20:34:20.763  INFO 530588 --- [ol-131-thread-2] .t.t.s.TourGuideClientRewardsServiceImpl : Service - Distance calculated: 7092.0943502937635
2021-11-27 20:34:20.763  INFO 530588 --- [ol-131-thread-2] .t.t.s.TourGuideClientRewardsServiceImpl : Service - Distance calculated: 6968.105210801154
2021-11-27 20:34:20.763  INFO 530588 --- [ol-131-thread-2] .t.t.s.TourGuideClientRewardsServiceImpl : Service - Distance calculated: 7673.296102376872
2021-11-27 20:34:20.763  INFO 530588 --- [ol-131-thread-2] .t.t.s.TourGuideClientRewardsServiceImpl : Service - Distance calculated: 7406.009653401879
2021-11-27 20:34:20.763  INFO 530588 --- [ol-131-thread-2] .t.t.s.TourGuideClientRewardsServiceImpl : Service - Distance calculated: 7469.144264207018
2021-11-27 20:34:20.763  INFO 530588 --- [ol-131-thread-2] .t.t.s.TourGuideClientRewardsServiceImpl : Service - Distance calculated: 6813.119380949694
2021-11-27 20:34:20.695 DEBUG 530588 --- [ol-141-thread-2] c.t.t.s.TourGuideClientServiceImpl       : Service - Visited location added for user: internalUser61
2021-11-27 20:34:20.765  INFO 530588 --- [ol-110-thread-2] .t.t.s.TourGuideClientRewardsServiceImpl : Service - Distance calculated: 8048.402595914431
2021-11-27 20:34:20.695 DEBUG 530588 --- [ol-106-thread-2] c.t.t.s.TourGuideClientServiceImpl       : Service - Visited location added for user: internalUser34
2021-11-27 20:34:20.704 DEBUG 530588 --- [    Test worker] c.t.t.s.TourGuideClientServiceImpl       : Service - Visited location added for user: internalUser82
2021-11-27 20:34:20.717  INFO 530588 --- [ol-100-thread-2] .t.t.s.TourGuideClientRewardsServiceImpl : Service - Distance calculated: 10206.88075066798
2021-11-27 20:34:20.718  INFO 530588 --- [ool-65-thread-2] .t.t.s.TourGuideClientRewardsServiceImpl : Service - Distance calculated: 6333.828737809473
2021-11-27 20:34:20.766 DEBUG 530588 --- [    Test worker] c.t.t.s.TourGuideClientServiceImpl       : Service - Visited location added for user: internalUser9
2021-11-27 20:34:20.766 DEBUG 530588 --- [    Test worker] c.t.t.s.TourGuideClientServiceImpl       : Service - Visited location added for user: internalUser8
2021-11-27 20:34:20.766  INFO 530588 --- [ool-65-thread-2] .t.t.s.TourGuideClientRewardsServiceImpl : Service - Distance calculated: 5785.50859389081
2021-11-27 20:34:20.766 DEBUG 530588 --- [    Test worker] c.t.t.s.TourGuideClientServiceImpl       : Service - Visited location added for user: internalUser19
2021-11-27 20:34:20.766 DEBUG 530588 --- [    Test worker] c.t.t.s.TourGuideClientServiceImpl       : Service - Visited location added for user: internalUser16
2021-11-27 20:34:20.718  INFO 530588 --- [ol-121-thread-2] .t.t.s.TourGuideClientRewardsServiceImpl : Service - Distance calculated: 4404.32435055778
2021-11-27 20:34:20.766 DEBUG 530588 --- [    Test worker] c.t.t.s.TourGuideClientServiceImpl       : Service - Visited location added for user: internalUser15
2021-11-27 20:34:20.766  INFO 530588 --- [ool-65-thread-2] .t.t.s.TourGuideClientRewardsServiceImpl : Service - Distance calculated: 6175.797230472887
2021-11-27 20:34:20.720  INFO 530588 --- [ool-59-thread-2] .t.t.s.TourGuideClientRewardsServiceImpl : Service - Distance calculated: 867.5118413065493
2021-11-27 20:34:20.720  INFO 530588 --- [ool-97-thread-2] .t.t.s.TourGuideClientRewardsServiceImpl : Service - Distance calculated: 8954.49037121203
2021-11-27 20:34:20.720  INFO 530588 --- [ool-69-thread-2] .t.t.s.TourGuideClientRewardsServiceImpl : Service - Distance calculated: 621.4047747595813
2021-11-27 20:34:20.720  INFO 530588 --- [ol-139-thread-2] .t.t.s.TourGuideClientRewardsServiceImpl : Service - Distance calculated: 4636.852944865922
2021-11-27 20:34:20.767  INFO 530588 --- [ool-97-thread-2] .t.t.s.TourGuideClientRewardsServiceImpl : Service - Distance calculated: 8287.56231694442
2021-11-27 20:34:20.767  INFO 530588 --- [ool-69-thread-2] .t.t.s.TourGuideClientRewardsServiceImpl : Service - Distance calculated: 661.9714314363296
2021-11-27 20:34:20.720  INFO 530588 --- [ol-127-thread-2] .t.t.s.TourGuideClientRewardsServiceImpl : Service - Distance calculated: 3556.1916384601
2021-11-27 20:34:20.767  INFO 530588 --- [ool-69-thread-2] .t.t.s.TourGuideClientRewardsServiceImpl : Service - Distance calculated: 625.3038257861759
2021-11-27 20:34:20.767 DEBUG 530588 --- [    Test worker] c.t.t.s.TourGuideClientServiceImpl       : Service - Visited location added for user: internalUser18
2021-11-27 20:34:20.767  INFO 530588 --- [ol-127-thread-2] .t.t.s.TourGuideClientRewardsServiceImpl : Service - Distance calculated: 2973.759485216789
2021-11-27 20:34:20.767  INFO 530588 --- [ool-69-thread-2] .t.t.s.TourGuideClientRewardsServiceImpl : Service - Distance calculated: 679.2137693038356
2021-11-27 20:34:20.767  INFO 530588 --- [ol-121-thread-2] .t.t.s.TourGuideClientRewardsServiceImpl : Service - Distance calculated: 4665.231021098974
2021-11-27 20:34:20.767  INFO 530588 --- [ool-69-thread-2] .t.t.s.TourGuideClientRewardsServiceImpl : Service - Distance calculated: 1694.2905404863866
2021-11-27 20:34:20.767  INFO 530588 --- [ol-121-thread-2] .t.t.s.TourGuideClientRewardsServiceImpl : Service - Distance calculated: 4522.683060616679
2021-11-27 20:34:20.767  INFO 530588 --- [ool-69-thread-2] .t.t.s.TourGuideClientRewardsServiceImpl : Service - Distance calculated: 1721.08065180222
2021-11-27 20:34:20.767  INFO 530588 --- [ol-121-thread-2] .t.t.s.TourGuideClientRewardsServiceImpl : Service - Distance calculated: 4517.411408259047
2021-11-27 20:34:20.721  INFO 530588 --- [ol-109-thread-2] .t.t.s.TourGuideClientRewardsServiceImpl : Service - Distance calculated: 7462.547923254457
2021-11-27 20:34:20.767  INFO 530588 --- [ol-121-thread-2] .t.t.s.TourGuideClientRewardsServiceImpl : Service - Distance calculated: 5729.670274216083
2021-11-27 20:34:20.721  INFO 530588 --- [ol-115-thread-2] .t.t.s.TourGuideClientRewardsServiceImpl : Service - Distance calculated: 6933.260703012882
2021-11-27 20:34:20.767  INFO 530588 --- [ol-121-thread-2] .t.t.s.TourGuideClientRewardsServiceImpl : Service - Distance calculated: 5753.344814810049
2021-11-27 20:34:20.722  INFO 530588 --- [ol-117-thread-2] .t.t.s.TourGuideClientRewardsServiceImpl : Service - Distance calculated: 5410.135584828595
2021-11-27 20:34:20.722  INFO 530588 --- [ol-107-thread-2] .t.t.s.TourGuideClientRewardsServiceImpl : Service - Distance calculated: 8196.208675697651
2021-11-27 20:34:20.723  INFO 530588 --- [ool-44-thread-2] .t.t.s.TourGuideClientRewardsServiceImpl : Service - Distance calculated: 10200.271563941484
2021-11-27 20:34:20.768  INFO 530588 --- [ol-121-thread-2] .t.t.s.TourGuideClientRewardsServiceImpl : Service - Distance calculated: 4862.774557192817
2021-11-27 20:34:20.768  INFO 530588 --- [ol-117-thread-2] .t.t.s.TourGuideClientRewardsServiceImpl : Service - Distance calculated: 4645.048678536245
2021-11-27 20:34:20.768  INFO 530588 --- [ol-121-thread-2] .t.t.s.TourGuideClientRewardsServiceImpl : Service - Distance calculated: 6123.001399174384
2021-11-27 20:34:20.768  INFO 530588 --- [ol-109-thread-2] .t.t.s.TourGuideClientRewardsServiceImpl : Service - Distance calculated: 6847.35751840275
2021-11-27 20:34:20.768  INFO 530588 --- [ol-121-thread-2] .t.t.s.TourGuideClientRewardsServiceImpl : Service - Distance calculated: 6133.548457499454
2021-11-27 20:34:20.768  INFO 530588 --- [ol-115-thread-2] .t.t.s.TourGuideClientRewardsServiceImpl : Service - Distance calculated: 6165.665605302141
2021-11-27 20:34:20.768  INFO 530588 --- [ol-109-thread-2] .t.t.s.TourGuideClientRewardsServiceImpl : Service - Distance calculated: 7396.105415284879
2021-11-27 20:34:20.723  INFO 530588 --- [ol-118-thread-2] .t.t.s.TourGuideClientRewardsServiceImpl : Service - Distance calculated: 10425.922210167733
2021-11-27 20:34:20.768  INFO 530588 --- [ol-109-thread-2] .t.t.s.TourGuideClientRewardsServiceImpl : Service - Distance calculated: 7478.504973023503
2021-11-27 20:34:20.768  INFO 530588 --- [ol-109-thread-2] .t.t.s.TourGuideClientRewardsServiceImpl : Service - Distance calculated: 7325.23314167799
2021-11-27 20:34:20.724  INFO 530588 --- [ol-103-thread-2] .t.t.s.TourGuideClientRewardsServiceImpl : Service - Distance calculated: 6255.421586768401
2021-11-27 20:34:20.768  INFO 530588 --- [ol-109-thread-2] .t.t.s.TourGuideClientRewardsServiceImpl : Service - Distance calculated: 7427.568693468043
2021-11-27 20:34:20.768  INFO 530588 --- [ol-109-thread-2] .t.t.s.TourGuideClientRewardsServiceImpl : Service - Distance calculated: 7657.694551710801
2021-11-27 20:34:20.724  INFO 530588 --- [ool-95-thread-2] .t.t.s.TourGuideClientRewardsServiceImpl : Service - Distance calculated: 4008.833921830789
2021-11-27 20:34:20.724  INFO 530588 --- [ool-57-thread-2] .t.t.s.TourGuideClientRewardsServiceImpl : Service - Distance calculated: 4296.085944948161
2021-11-27 20:34:20.769  INFO 530588 --- [ol-109-thread-2] .t.t.s.TourGuideClientRewardsServiceImpl : Service - Distance calculated: 6924.196102190529
2021-11-27 20:34:20.769  INFO 530588 --- [ool-57-thread-2] .t.t.s.TourGuideClientRewardsServiceImpl : Service - Distance calculated: 3984.13158182404
2021-11-27 20:34:20.724  INFO 530588 --- [ool-64-thread-2] .t.t.s.TourGuideClientRewardsServiceImpl : Service - Distance calculated: 7713.586989793687
2021-11-27 20:34:20.725  INFO 530588 --- [ool-46-thread-2] .t.t.s.TourGuideClientRewardsServiceImpl : Service - Distance calculated: 7335.574065644854
2021-11-27 20:34:20.769  INFO 530588 --- [ool-64-thread-2] .t.t.s.TourGuideClientRewardsServiceImpl : Service - Distance calculated: 7795.45479423908
2021-11-27 20:34:20.725  INFO 530588 --- [ool-73-thread-2] .t.t.s.TourGuideClientRewardsServiceImpl : Service - Distance calculated: 9385.751540547806
2021-11-27 20:34:20.725  INFO 530588 --- [ool-87-thread-2] .t.t.s.TourGuideClientRewardsServiceImpl : Service - Distance calculated: 3248.7156366543904
2021-11-27 20:34:20.725  INFO 530588 --- [ool-82-thread-2] .t.t.s.TourGuideClientRewardsServiceImpl : Service - Distance calculated: 1928.9152976183536
2021-11-27 20:34:20.769  INFO 530588 --- [ool-64-thread-2] .t.t.s.TourGuideClientRewardsServiceImpl : Service - Distance calculated: 6740.668658517826
2021-11-27 20:34:20.726  INFO 530588 --- [ol-138-thread-2] .t.t.s.TourGuideClientRewardsServiceImpl : Service - Distance calculated: 5244.061338487882
2021-11-27 20:34:20.769  INFO 530588 --- [ool-64-thread-2] .t.t.s.TourGuideClientRewardsServiceImpl : Service - Distance calculated: 6811.703491749247
2021-11-27 20:34:20.726  INFO 530588 --- [ol-134-thread-2] .t.t.s.TourGuideClientRewardsServiceImpl : Service - Distance calculated: 5351.324653921968
2021-11-27 20:34:20.769  INFO 530588 --- [ol-138-thread-2] .t.t.s.TourGuideClientRewardsServiceImpl : Service - Distance calculated: 5189.987179924961
2021-11-27 20:34:20.726  INFO 530588 --- [ol-142-thread-2] .t.t.s.TourGuideClientRewardsServiceImpl : Service - Distance calculated: 4201.260342514408
2021-11-27 20:34:20.726  INFO 530588 --- [ool-85-thread-2] .t.t.s.TourGuideClientRewardsServiceImpl : Service - Distance calculated: 8089.78126840953
2021-11-27 20:34:20.769  INFO 530588 --- [ol-142-thread-2] .t.t.s.TourGuideClientRewardsServiceImpl : Service - Distance calculated: 4075.8327664412645
2021-11-27 20:34:20.728  INFO 530588 --- [ool-71-thread-2] .t.t.s.TourGuideClientRewardsServiceImpl : Service - Distance calculated: 4927.095811295004
2021-11-27 20:34:20.769  INFO 530588 --- [ool-85-thread-2] .t.t.s.TourGuideClientRewardsServiceImpl : Service - Distance calculated: 8035.50464976056
2021-11-27 20:34:20.731  INFO 530588 --- [ool-83-thread-2] .t.t.s.TourGuideClientRewardsServiceImpl : Service - Distance calculated: 5528.182974627261
2021-11-27 20:34:20.769  INFO 530588 --- [ool-85-thread-2] .t.t.s.TourGuideClientRewardsServiceImpl : Service - Distance calculated: 8066.322950735983
2021-11-27 20:34:20.731  INFO 530588 --- [ol-129-thread-2] .t.t.s.TourGuideClientRewardsServiceImpl : Service - Distance calculated: 8130.596650149284
2021-11-27 20:34:20.769  INFO 530588 --- [ool-71-thread-2] .t.t.s.TourGuideClientRewardsServiceImpl : Service - Distance calculated: 4217.646781305675
2021-11-27 20:34:20.733  INFO 530588 --- [ol-122-thread-2] .t.t.s.TourGuideClientRewardsServiceImpl : Service - Distance calculated: 3384.3961783397335
2021-11-27 20:34:20.769  INFO 530588 --- [ol-129-thread-2] .t.t.s.TourGuideClientRewardsServiceImpl : Service - Distance calculated: 8353.072613602717
2021-11-27 20:34:20.734  INFO 530588 --- [ool-43-thread-2] .t.t.s.TourGuideClientRewardsServiceImpl : Service - Distance calculated: 4225.653683994547
2021-11-27 20:34:20.769  INFO 530588 --- [ool-71-thread-2] .t.t.s.TourGuideClientRewardsServiceImpl : Service - Distance calculated: 4824.026717020881
2021-11-27 20:34:20.769  INFO 530588 --- [ool-43-thread-2] .t.t.s.TourGuideClientRewardsServiceImpl : Service - Distance calculated: 3461.4319010431236
2021-11-27 20:34:20.734  INFO 530588 --- [ol-137-thread-2] .t.t.s.TourGuideClientRewardsServiceImpl : Service - Distance calculated: 2368.246131996466
2021-11-27 20:34:20.734  INFO 530588 --- [ool-88-thread-2] .t.t.s.TourGuideClientRewardsServiceImpl : Service - Distance calculated: 7201.494511963153
2021-11-27 20:34:20.734  INFO 530588 --- [ool-68-thread-2] .t.t.s.TourGuideClientRewardsServiceImpl : Service - Distance calculated: 9942.035724081508
2021-11-27 20:34:20.735  INFO 530588 --- [ool-61-thread-2] .t.t.s.TourGuideClientRewardsServiceImpl : Service - Distance calculated: 6041.58119044622
2021-11-27 20:34:20.769  INFO 530588 --- [ol-137-thread-2] .t.t.s.TourGuideClientRewardsServiceImpl : Service - Distance calculated: 2470.5836679530566
2021-11-27 20:34:20.735  INFO 530588 --- [ool-67-thread-2] .t.t.s.TourGuideClientRewardsServiceImpl : Service - Distance calculated: 6557.057430015459
2021-11-27 20:34:20.735  INFO 530588 --- [ool-56-thread-2] .t.t.s.TourGuideClientRewardsServiceImpl : Service - Distance calculated: 5227.566182425712
2021-11-27 20:34:20.769  INFO 530588 --- [ol-137-thread-2] .t.t.s.TourGuideClientRewardsServiceImpl : Service - Distance calculated: 2863.0495864543373
2021-11-27 20:34:20.735  INFO 530588 --- [ool-86-thread-2] .t.t.s.TourGuideClientRewardsServiceImpl : Service - Distance calculated: 3025.681958318449
2021-11-27 20:34:20.735  INFO 530588 --- [ol-104-thread-2] .t.t.s.TourGuideClientRewardsServiceImpl : Service - Distance calculated: 4372.279116932486
2021-11-27 20:34:20.770  INFO 530588 --- [ool-56-thread-2] .t.t.s.TourGuideClientRewardsServiceImpl : Service - Distance calculated: 5997.364203410618
2021-11-27 20:34:20.770  INFO 530588 --- [ool-86-thread-2] .t.t.s.TourGuideClientRewardsServiceImpl : Service - Distance calculated: 2924.3334322276996
2021-11-27 20:34:20.770  INFO 530588 --- [ol-104-thread-2] .t.t.s.TourGuideClientRewardsServiceImpl : Service - Distance calculated: 3577.877601395784
2021-11-27 20:34:20.770  INFO 530588 --- [ool-86-thread-2] .t.t.s.TourGuideClientRewardsServiceImpl : Service - Distance calculated: 3051.5367745831586
2021-11-27 20:34:20.770  INFO 530588 --- [ol-104-thread-2] .t.t.s.TourGuideClientRewardsServiceImpl : Service - Distance calculated: 3377.298346249773
2021-11-27 20:34:20.770  INFO 530588 --- [ool-86-thread-2] .t.t.s.TourGuideClientRewardsServiceImpl : Service - Distance calculated: 3700.175795582646
2021-11-27 20:34:20.770  INFO 530588 --- [ol-104-thread-2] .t.t.s.TourGuideClientRewardsServiceImpl : Service - Distance calculated: 3750.923205906528
2021-11-27 20:34:20.770  INFO 530588 --- [ool-86-thread-2] .t.t.s.TourGuideClientRewardsServiceImpl : Service - Distance calculated: 3047.409804005274
2021-11-27 20:34:20.770  INFO 530588 --- [ol-104-thread-2] .t.t.s.TourGuideClientRewardsServiceImpl : Service - Distance calculated: 3493.0464396260727
2021-11-27 20:34:20.736  INFO 530588 --- [ool-52-thread-2] .t.t.s.TourGuideClientRewardsServiceImpl : Service - Distance calculated: 5053.423538159082
2021-11-27 20:34:20.770  INFO 530588 --- [ol-104-thread-2] .t.t.s.TourGuideClientRewardsServiceImpl : Service - Distance calculated: 4009.3727510856384
2021-11-27 20:34:20.770  INFO 530588 --- [ol-104-thread-2] .t.t.s.TourGuideClientRewardsServiceImpl : Service - Distance calculated: 3417.6673676852456
2021-11-27 20:34:20.741  INFO 530588 --- [ool-51-thread-2] .t.t.s.TourGuideClientRewardsServiceImpl : Service - Distance calculated: 10165.63365635289
2021-11-27 20:34:20.770  INFO 530588 --- [ool-52-thread-2] .t.t.s.TourGuideClientRewardsServiceImpl : Service - Distance calculated: 2419.704868567647
2021-11-27 20:34:20.770  INFO 530588 --- [ool-86-thread-2] .t.t.s.TourGuideClientRewardsServiceImpl : Service - Distance calculated: 3113.6484711526996
2021-11-27 20:34:20.742  INFO 530588 --- [ool-84-thread-2] .t.t.s.TourGuideClientRewardsServiceImpl : Service - Distance calculated: 6917.90122108096
2021-11-27 20:34:20.771  INFO 530588 --- [ool-84-thread-2] .t.t.s.TourGuideClientRewardsServiceImpl : Service - Distance calculated: 6988.333531195986
2021-11-27 20:34:20.771  INFO 530588 --- [ool-84-thread-2] .t.t.s.TourGuideClientRewardsServiceImpl : Service - Distance calculated: 7008.1041945604775
2021-11-27 20:34:20.771  INFO 530588 --- [ool-84-thread-2] .t.t.s.TourGuideClientRewardsServiceImpl : Service - Distance calculated: 7991.6206229247355
2021-11-27 20:34:20.771  INFO 530588 --- [ool-84-thread-2] .t.t.s.TourGuideClientRewardsServiceImpl : Service - Distance calculated: 8050.48087398677
2021-11-27 20:34:20.771  INFO 530588 --- [ool-84-thread-2] .t.t.s.TourGuideClientRewardsServiceImpl : Service - Distance calculated: 7358.505261388472
2021-11-27 20:34:20.771  INFO 530588 --- [ool-84-thread-2] .t.t.s.TourGuideClientRewardsServiceImpl : Service - Distance calculated: 8146.552071481025
2021-11-27 20:34:20.771  INFO 530588 --- [ool-84-thread-2] .t.t.s.TourGuideClientRewardsServiceImpl : Service - Distance calculated: 8250.631790780075
2021-11-27 20:34:20.771  INFO 530588 --- [ool-84-thread-2] .t.t.s.TourGuideClientRewardsServiceImpl : Service - Distance calculated: 5029.353540574796
2021-11-27 20:34:20.771  INFO 530588 --- [ool-84-thread-2] .t.t.s.TourGuideClientRewardsServiceImpl : Service - Distance calculated: 8322.133903433572
2021-11-27 20:34:20.771  INFO 530588 --- [ool-84-thread-2] .t.t.s.TourGuideClientRewardsServiceImpl : Service - Distance calculated: 8233.600434418116
2021-11-27 20:34:20.771  INFO 530588 --- [ool-84-thread-2] .t.t.s.TourGuideClientRewardsServiceImpl : Service - Distance calculated: 8360.47730024731
2021-11-27 20:34:20.771  INFO 530588 --- [ool-84-thread-2] .t.t.s.TourGuideClientRewardsServiceImpl : Service - Distance calculated: 8953.634592854929
2021-11-27 20:34:20.771  INFO 530588 --- [ool-84-thread-2] .t.t.s.TourGuideClientRewardsServiceImpl : Service - Distance calculated: 8036.214227125531
2021-11-27 20:34:20.771  INFO 530588 --- [ool-84-thread-2] .t.t.s.TourGuideClientRewardsServiceImpl : Service - Distance calculated: 8334.596414756083
2021-11-27 20:34:20.771  INFO 530588 --- [ool-84-thread-2] .t.t.s.TourGuideClientRewardsServiceImpl : Service - Distance calculated: 8324.889616783692
2021-11-27 20:34:20.771  INFO 530588 --- [ool-84-thread-2] .t.t.s.TourGuideClientRewardsServiceImpl : Service - Distance calculated: 8320.281569849149
2021-11-27 20:34:20.771  INFO 530588 --- [ool-84-thread-2] .t.t.s.TourGuideClientRewardsServiceImpl : Service - Distance calculated: 8086.5182795041155
2021-11-27 20:34:20.771  INFO 530588 --- [ool-84-thread-2] .t.t.s.TourGuideClientRewardsServiceImpl : Service - Distance calculated: 6978.616053950938
2021-11-27 20:34:20.771  INFO 530588 --- [ool-84-thread-2] .t.t.s.TourGuideClientRewardsServiceImpl : Service - Distance calculated: 8803.353334878399
2021-11-27 20:34:20.771  INFO 530588 --- [ool-84-thread-2] .t.t.s.TourGuideClientRewardsServiceImpl : Service - Distance calculated: 8285.137493611286
2021-11-27 20:34:20.771  INFO 530588 --- [ool-84-thread-2] .t.t.s.TourGuideClientRewardsServiceImpl : Service - Distance calculated: 7556.792610704592
2021-11-27 20:34:20.771  INFO 530588 --- [ool-84-thread-2] .t.t.s.TourGuideClientRewardsServiceImpl : Service - Distance calculated: 7776.511335494349
2021-11-27 20:34:20.771  INFO 530588 --- [ool-84-thread-2] .t.t.s.TourGuideClientRewardsServiceImpl : Service - Distance calculated: 8317.839220504049
2021-11-27 20:34:20.771  INFO 530588 --- [ool-84-thread-2] .t.t.s.TourGuideClientRewardsServiceImpl : Service - Distance calculated: 8815.339224215388
2021-11-27 20:34:20.771  INFO 530588 --- [ool-84-thread-2] .t.t.s.TourGuideClientRewardsServiceImpl : Service - Distance calculated: 5822.076437759632
2021-11-27 20:34:20.771  INFO 530588 --- [ool-84-thread-2] .t.t.s.TourGuideClientRewardsServiceImpl : Service - Distance calculated: 6591.071557969783
2021-11-27 20:34:20.771  INFO 530588 --- [ool-84-thread-2] .t.t.s.TourGuideClientRewardsServiceImpl : Service - Distance calculated: 5975.6791046714625
2021-11-27 20:34:20.771  INFO 530588 --- [ool-84-thread-2] .t.t.s.TourGuideClientRewardsServiceImpl : Service - Distance calculated: 5892.033712869474
2021-11-27 20:34:20.771  INFO 530588 --- [ool-84-thread-2] .t.t.s.TourGuideClientRewardsServiceImpl : Service - Distance calculated: 6875.955060538526
2021-11-27 20:34:20.771  INFO 530588 --- [ool-84-thread-2] .t.t.s.TourGuideClientRewardsServiceImpl : Service - Distance calculated: 6796.60562947508
2021-11-27 20:34:20.771  INFO 530588 --- [ool-84-thread-2] .t.t.s.TourGuideClientRewardsServiceImpl : Service - Distance calculated: 5974.510167733579
2021-11-27 20:34:20.771  INFO 530588 --- [ool-84-thread-2] .t.t.s.TourGuideClientRewardsServiceImpl : Service - Distance calculated: 7485.6837682611695
2021-11-27 20:34:20.771  INFO 530588 --- [ool-84-thread-2] .t.t.s.TourGuideClientRewardsServiceImpl : Service - Distance calculated: 7297.952172828928
2021-11-27 20:34:20.771  INFO 530588 --- [ool-84-thread-2] .t.t.s.TourGuideClientRewardsServiceImpl : Service - Distance calculated: 6959.045385703745
2021-11-27 20:34:20.771  INFO 530588 --- [ool-84-thread-2] .t.t.s.TourGuideClientRewardsServiceImpl : Service - Distance calculated: 7885.200898589203
2021-11-27 20:34:20.771  INFO 530588 --- [ool-84-thread-2] .t.t.s.TourGuideClientRewardsServiceImpl : Service - Distance calculated: 7611.794928452494
2021-11-27 20:34:20.772  INFO 530588 --- [ool-84-thread-2] .t.t.s.TourGuideClientRewardsServiceImpl : Service - Distance calculated: 7681.891862466699
2021-11-27 20:34:20.772  INFO 530588 --- [ool-84-thread-2] .t.t.s.TourGuideClientRewardsServiceImpl : Service - Distance calculated: 7051.347427935071
2021-11-27 20:34:20.772  INFO 530588 --- [ool-84-thread-2] .t.t.s.TourGuideClientRewardsServiceImpl : Service - Distance calculated: 6397.060471695433
2021-11-27 20:34:20.772  INFO 530588 --- [ool-84-thread-2] .t.t.s.TourGuideClientRewardsServiceImpl : Service - Distance calculated: 6975.965637226097
2021-11-27 20:34:20.772  INFO 530588 --- [ool-84-thread-2] .t.t.s.TourGuideClientRewardsServiceImpl : Service - Distance calculated: 6688.464870715065
2021-11-27 20:34:20.772  INFO 530588 --- [ool-84-thread-2] .t.t.s.TourGuideClientRewardsServiceImpl : Service - Distance calculated: 7255.258594261238
2021-11-27 20:34:20.772  INFO 530588 --- [ool-84-thread-2] .t.t.s.TourGuideClientRewardsServiceImpl : Service - Distance calculated: 6472.226199170422
2021-11-27 20:34:20.772  INFO 530588 --- [ool-84-thread-2] .t.t.s.TourGuideClientRewardsServiceImpl : Service - Distance calculated: 5785.828461799568
2021-11-27 20:34:20.772  INFO 530588 --- [ool-84-thread-2] .t.t.s.TourGuideClientRewardsServiceImpl : Service - Distance calculated: 6985.444387059038
2021-11-27 20:34:20.772  INFO 530588 --- [ool-84-thread-2] .t.t.s.TourGuideClientRewardsServiceImpl : Service - Distance calculated: 8069.190209177715
2021-11-27 20:34:20.772  INFO 530588 --- [ool-84-thread-2] .t.t.s.TourGuideClientRewardsServiceImpl : Service - Distance calculated: 6118.0244992895505
2021-11-27 20:34:20.772  INFO 530588 --- [ool-84-thread-2] .t.t.s.TourGuideClientRewardsServiceImpl : Service - Distance calculated: 6943.081721590286
2021-11-27 20:34:20.772  INFO 530588 --- [ool-84-thread-2] .t.t.s.TourGuideClientRewardsServiceImpl : Service - Distance calculated: 7894.431405562128
2021-11-27 20:34:20.772  INFO 530588 --- [ool-84-thread-2] .t.t.s.TourGuideClientRewardsServiceImpl : Service - Distance calculated: 7045.280382209677
2021-11-27 20:34:20.772  INFO 530588 --- [ool-84-thread-2] .t.t.s.TourGuideClientRewardsServiceImpl : Service - Distance calculated: 4871.298882087769
2021-11-27 20:34:20.772  INFO 530588 --- [ool-84-thread-2] .t.t.s.TourGuideClientRewardsServiceImpl : Service - Distance calculated: 4431.5812714187905
2021-11-27 20:34:20.772  INFO 530588 --- [ool-84-thread-2] .t.t.s.TourGuideClientRewardsServiceImpl : Service - Distance calculated: 4849.072700623737
2021-11-27 20:34:20.772  INFO 530588 --- [ool-84-thread-2] .t.t.s.TourGuideClientRewardsServiceImpl : Service - Distance calculated: 4917.906459701388
2021-11-27 20:34:20.772  INFO 530588 --- [ool-84-thread-2] .t.t.s.TourGuideClientRewardsServiceImpl : Service - Distance calculated: 5269.488907406341
2021-11-27 20:34:20.772  INFO 530588 --- [ool-84-thread-2] .t.t.s.TourGuideClientRewardsServiceImpl : Service - Distance calculated: 5360.980160974181
2021-11-27 20:34:20.772  INFO 530588 --- [ool-84-thread-2] .t.t.s.TourGuideClientRewardsServiceImpl : Service - Distance calculated: 5180.258868800616
2021-11-27 20:34:20.772  INFO 530588 --- [ool-84-thread-2] .t.t.s.TourGuideClientRewardsServiceImpl : Service - Distance calculated: 5158.405970577131
2021-11-27 20:34:20.772  INFO 530588 --- [ool-84-thread-2] .t.t.s.TourGuideClientRewardsServiceImpl : Service - Distance calculated: 5325.061729322204
2021-11-27 20:34:20.772  INFO 530588 --- [ool-84-thread-2] .t.t.s.TourGuideClientRewardsServiceImpl : Service - Distance calculated: 2510.98825035842
2021-11-27 20:34:20.772  INFO 530588 --- [ool-84-thread-2] .t.t.s.TourGuideClientRewardsServiceImpl : Service - Distance calculated: 5193.826170661356
2021-11-27 20:34:20.772  INFO 530588 --- [ool-84-thread-2] .t.t.s.TourGuideClientRewardsServiceImpl : Service - Distance calculated: 5195.235830529606
2021-11-27 20:34:20.772  INFO 530588 --- [ool-84-thread-2] .t.t.s.TourGuideClientRewardsServiceImpl : Service - Distance calculated: 5290.007883318149
2021-11-27 20:34:20.772  INFO 530588 --- [ool-84-thread-2] .t.t.s.TourGuideClientRewardsServiceImpl : Service - Distance calculated: 6066.031350246705
2021-11-27 20:34:20.772  INFO 530588 --- [ool-84-thread-2] .t.t.s.TourGuideClientRewardsServiceImpl : Service - Distance calculated: 5552.389269238922
2021-11-27 20:34:20.772  INFO 530588 --- [ool-84-thread-2] .t.t.s.TourGuideClientRewardsServiceImpl : Service - Distance calculated: 5537.1818792253025
2021-11-27 20:34:20.772  INFO 530588 --- [ool-84-thread-2] .t.t.s.TourGuideClientRewardsServiceImpl : Service - Distance calculated: 5664.012676726588
2021-11-27 20:34:20.772  INFO 530588 --- [ool-84-thread-2] .t.t.s.TourGuideClientRewardsServiceImpl : Service - Distance calculated: 5405.889570473499
2021-11-27 20:34:20.772  INFO 530588 --- [ool-84-thread-2] .t.t.s.TourGuideClientRewardsServiceImpl : Service - Distance calculated: 5557.903766857385
2021-11-27 20:34:20.772  INFO 530588 --- [ool-84-thread-2] .t.t.s.TourGuideClientRewardsServiceImpl : Service - Distance calculated: 4958.020730840738
2021-11-27 20:34:20.772  INFO 530588 --- [ool-84-thread-2] .t.t.s.TourGuideClientRewardsServiceImpl : Service - Distance calculated: 5958.990415989649
2021-11-27 20:34:20.772  INFO 530588 --- [ool-84-thread-2] .t.t.s.TourGuideClientRewardsServiceImpl : Service - Distance calculated: 5111.340118143698
2021-11-27 20:34:20.772  INFO 530588 --- [ool-84-thread-2] .t.t.s.TourGuideClientRewardsServiceImpl : Service - Distance calculated: 5273.9445168683
2021-11-27 20:34:20.772  INFO 530588 --- [ool-84-thread-2] .t.t.s.TourGuideClientRewardsServiceImpl : Service - Distance calculated: 5041.017160042328
2021-11-27 20:34:20.772  INFO 530588 --- [ool-84-thread-2] .t.t.s.TourGuideClientRewardsServiceImpl : Service - Distance calculated: 5187.256873999176
2021-11-27 20:34:20.772  INFO 530588 --- [ool-84-thread-2] .t.t.s.TourGuideClientRewardsServiceImpl : Service - Distance calculated: 5943.70416495617
2021-11-27 20:34:20.772  INFO 530588 --- [ool-84-thread-2] .t.t.s.TourGuideClientRewardsServiceImpl : Service - Distance calculated: 8598.503646158817
2021-11-27 20:34:20.772  INFO 530588 --- [ool-84-thread-2] .t.t.s.TourGuideClientRewardsServiceImpl : Service - Distance calculated: 9330.985789952105
2021-11-27 20:34:20.772  INFO 530588 --- [ool-84-thread-2] .t.t.s.TourGuideClientRewardsServiceImpl : Service - Distance calculated: 8712.222753654409
2021-11-27 20:34:20.773  INFO 530588 --- [ool-84-thread-2] .t.t.s.TourGuideClientRewardsServiceImpl : Service - Distance calculated: 8622.711624978036
2021-11-27 20:34:20.773  INFO 530588 --- [ool-84-thread-2] .t.t.s.TourGuideClientRewardsServiceImpl : Service - Distance calculated: 8983.440296311901
2021-11-27 20:34:20.773  INFO 530588 --- [ool-84-thread-2] .t.t.s.TourGuideClientRewardsServiceImpl : Service - Distance calculated: 8881.091525091286
2021-11-27 20:34:20.773  INFO 530588 --- [ool-84-thread-2] .t.t.s.TourGuideClientRewardsServiceImpl : Service - Distance calculated: 8537.6945402231
2021-11-27 20:34:20.773  INFO 530588 --- [ool-84-thread-2] .t.t.s.TourGuideClientRewardsServiceImpl : Service - Distance calculated: 9338.911224253316
2021-11-27 20:34:20.773  INFO 530588 --- [ool-84-thread-2] .t.t.s.TourGuideClientRewardsServiceImpl : Service - Distance calculated: 9134.103619831118
2021-11-27 20:34:20.773  INFO 530588 --- [ool-84-thread-2] .t.t.s.TourGuideClientRewardsServiceImpl : Service - Distance calculated: 10155.568098609176
2021-11-27 20:34:20.773  INFO 530588 --- [ool-84-thread-2] .t.t.s.TourGuideClientRewardsServiceImpl : Service - Distance calculated: 9455.238747306283
2021-11-27 20:34:20.773  INFO 530588 --- [ool-84-thread-2] .t.t.s.TourGuideClientRewardsServiceImpl : Service - Distance calculated: 9359.151170584399
2021-11-27 20:34:20.773  INFO 530588 --- [ool-84-thread-2] .t.t.s.TourGuideClientRewardsServiceImpl : Service - Distance calculated: 9308.07019811974
2021-11-27 20:34:20.773  INFO 530588 --- [ool-84-thread-2] .t.t.s.TourGuideClientRewardsServiceImpl : Service - Distance calculated: 8463.160654965197
2021-11-27 20:34:20.773  INFO 530588 --- [ool-84-thread-2] .t.t.s.TourGuideClientRewardsServiceImpl : Service - Distance calculated: 8550.24551195886
2021-11-27 20:34:20.773  INFO 530588 --- [ool-84-thread-2] .t.t.s.TourGuideClientRewardsServiceImpl : Service - Distance calculated: 8838.011239859168
2021-11-27 20:34:20.773  INFO 530588 --- [ool-84-thread-2] .t.t.s.TourGuideClientRewardsServiceImpl : Service - Distance calculated: 8616.48747126334
2021-11-27 20:34:20.773  INFO 530588 --- [ool-84-thread-2] .t.t.s.TourGuideClientRewardsServiceImpl : Service - Distance calculated: 9054.88113379819
2021-11-27 20:34:20.773  INFO 530588 --- [ool-84-thread-2] .t.t.s.TourGuideClientRewardsServiceImpl : Service - Distance calculated: 8585.04009578889
2021-11-27 20:34:20.773  INFO 530588 --- [ool-84-thread-2] .t.t.s.TourGuideClientRewardsServiceImpl : Service - Distance calculated: 8532.453541142339
2021-11-27 20:34:20.773  INFO 530588 --- [ool-84-thread-2] .t.t.s.TourGuideClientRewardsServiceImpl : Service - Distance calculated: 8522.56538654469
2021-11-27 20:34:20.773  INFO 530588 --- [ool-84-thread-2] .t.t.s.TourGuideClientRewardsServiceImpl : Service - Distance calculated: 9581.270080897832
2021-11-27 20:34:20.773  INFO 530588 --- [ool-84-thread-2] .t.t.s.TourGuideClientRewardsServiceImpl : Service - Distance calculated: 8570.522076748088
2021-11-27 20:34:20.773  INFO 530588 --- [ool-84-thread-2] .t.t.s.TourGuideClientRewardsServiceImpl : Service - Distance calculated: 9173.736908607038
2021-11-27 20:34:20.773  INFO 530588 --- [ool-84-thread-2] .t.t.s.TourGuideClientRewardsServiceImpl : Service - Distance calculated: 9463.681520613218
2021-11-27 20:34:20.773  INFO 530588 --- [ool-84-thread-2] .t.t.s.TourGuideClientRewardsServiceImpl : Service - Distance calculated: 8557.1113529696
2021-11-27 20:34:20.773  INFO 530588 --- [ool-84-thread-2] .t.t.s.TourGuideClientRewardsServiceImpl : Service - Calculate rewards points for user: internalUser97
2021-11-27 20:34:20.742  INFO 530588 --- [ool-62-thread-2] .t.t.s.TourGuideClientRewardsServiceImpl : Service - Distance calculated: 5948.201126274461
2021-11-27 20:34:20.770  INFO 530588 --- [ool-51-thread-2] .t.t.s.TourGuideClientRewardsServiceImpl : Service - Distance calculated: 9933.02732132891
2021-11-27 20:34:20.774  INFO 530588 --- [ool-62-thread-2] .t.t.s.TourGuideClientRewardsServiceImpl : Service - Distance calculated: 5946.839802724792
2021-11-27 20:34:20.774  INFO 530588 --- [ool-51-thread-2] .t.t.s.TourGuideClientRewardsServiceImpl : Service - Distance calculated: 10214.028094256953
2021-11-27 20:34:20.774  INFO 530588 --- [ool-62-thread-2] .t.t.s.TourGuideClientRewardsServiceImpl : Service - Distance calculated: 5962.733414886078
2021-11-27 20:34:20.774  INFO 530588 --- [ool-51-thread-2] .t.t.s.TourGuideClientRewardsServiceImpl : Service - Distance calculated: 10253.946068242549
2021-11-27 20:34:20.774  INFO 530588 --- [ool-62-thread-2] .t.t.s.TourGuideClientRewardsServiceImpl : Service - Distance calculated: 6171.0799249211095
2021-11-27 20:34:20.774  INFO 530588 --- [ool-51-thread-2] .t.t.s.TourGuideClientRewardsServiceImpl : Service - Distance calculated: 10733.138518193857
2021-11-27 20:34:20.774  INFO 530588 --- [ool-62-thread-2] .t.t.s.TourGuideClientRewardsServiceImpl : Service - Distance calculated: 7209.598243054143
2021-11-27 20:34:20.774  INFO 530588 --- [ool-51-thread-2] .t.t.s.TourGuideClientRewardsServiceImpl : Service - Distance calculated: 10833.252156335931
2021-11-27 20:34:20.774  INFO 530588 --- [ool-62-thread-2] .t.t.s.TourGuideClientRewardsServiceImpl : Service - Distance calculated: 5479.4530710517165
2021-11-27 20:34:20.774  INFO 530588 --- [ool-51-thread-2] .t.t.s.TourGuideClientRewardsServiceImpl : Service - Distance calculated: 10586.482115462662
2021-11-27 20:34:20.774  INFO 530588 --- [ool-62-thread-2] .t.t.s.TourGuideClientRewardsServiceImpl : Service - Distance calculated: 5939.716743987705
2021-11-27 20:34:20.774  INFO 530588 --- [ool-51-thread-2] .t.t.s.TourGuideClientRewardsServiceImpl : Service - Distance calculated: 10381.665043284598
2021-11-27 20:34:20.774  INFO 530588 --- [ool-62-thread-2] .t.t.s.TourGuideClientRewardsServiceImpl : Service - Distance calculated: 6669.4800702862085
2021-11-27 20:34:20.775  INFO 530588 --- [ool-62-thread-2] .t.t.s.TourGuideClientRewardsServiceImpl : Service - Distance calculated: 6506.127510350496
2021-11-27 20:34:20.775  INFO 530588 --- [ool-62-thread-2] .t.t.s.TourGuideClientRewardsServiceImpl : Service - Distance calculated: 5926.706198995753
2021-11-27 20:34:20.775  INFO 530588 --- [ool-62-thread-2] .t.t.s.TourGuideClientRewardsServiceImpl : Service - Distance calculated: 5468.417990095138
2021-11-27 20:34:20.775  INFO 530588 --- [ool-62-thread-2] .t.t.s.TourGuideClientRewardsServiceImpl : Service - Distance calculated: 5952.920073901959
2021-11-27 20:34:20.775  INFO 530588 --- [ool-62-thread-2] .t.t.s.TourGuideClientRewardsServiceImpl : Service - Distance calculated: 6722.292488751401
2021-11-27 20:34:20.775  INFO 530588 --- [ool-62-thread-2] .t.t.s.TourGuideClientRewardsServiceImpl : Service - Distance calculated: 6088.296588162396
2021-11-27 20:34:20.775  INFO 530588 --- [ool-62-thread-2] .t.t.s.TourGuideClientRewardsServiceImpl : Service - Distance calculated: 5999.3515396280545
2021-11-27 20:34:20.775  INFO 530588 --- [ool-62-thread-2] .t.t.s.TourGuideClientRewardsServiceImpl : Service - Distance calculated: 6751.08766431732
2021-11-27 20:34:20.775  INFO 530588 --- [ool-62-thread-2] .t.t.s.TourGuideClientRewardsServiceImpl : Service - Distance calculated: 6658.78597163167
2021-11-27 20:34:20.775  INFO 530588 --- [ool-62-thread-2] .t.t.s.TourGuideClientRewardsServiceImpl : Service - Distance calculated: 5999.414835493756
2021-11-27 20:34:20.775  INFO 530588 --- [ool-62-thread-2] .t.t.s.TourGuideClientRewardsServiceImpl : Service - Distance calculated: 7310.096546071808
2021-11-27 20:34:20.775  INFO 530588 --- [ool-52-thread-2] .t.t.s.TourGuideClientRewardsServiceImpl : Service - Distance calculated: 2307.5981226598074
2021-11-27 20:34:20.775  INFO 530588 --- [ool-52-thread-2] .t.t.s.TourGuideClientRewardsServiceImpl : Service - Distance calculated: 2258.706896009459
2021-11-27 20:34:20.775  INFO 530588 --- [ool-52-thread-2] .t.t.s.TourGuideClientRewardsServiceImpl : Service - Distance calculated: 1411.3331290701785
2021-11-27 20:34:20.775  INFO 530588 --- [ool-52-thread-2] .t.t.s.TourGuideClientRewardsServiceImpl : Service - Distance calculated: 1891.1849314294655
2021-11-27 20:34:20.775  INFO 530588 --- [ool-52-thread-2] .t.t.s.TourGuideClientRewardsServiceImpl : Service - Distance calculated: 1857.5620600712853
2021-11-27 20:34:20.775  INFO 530588 --- [ool-52-thread-2] .t.t.s.TourGuideClientRewardsServiceImpl : Service - Distance calculated: 1724.8667400213435
2021-11-27 20:34:20.775  INFO 530588 --- [ol-130-thread-2] .t.t.s.TourGuideClientRewardsServiceImpl : Service - Distance calculated: 6677.400382016573
2021-11-27 20:34:20.775  INFO 530588 --- [ol-130-thread-2] .t.t.s.TourGuideClientRewardsServiceImpl : Service - Distance calculated: 6736.897089833013
2021-11-27 20:34:20.775  INFO 530588 --- [ol-119-thread-2] .t.t.s.TourGuideClientRewardsServiceImpl : Service - Distance calculated: 1037.9921770223464
2021-11-27 20:34:20.775  INFO 530588 --- [ool-62-thread-2] .t.t.s.TourGuideClientRewardsServiceImpl : Service - Distance calculated: 7103.420610097304
2021-11-27 20:34:20.775  INFO 530588 --- [ol-119-thread-2] .t.t.s.TourGuideClientRewardsServiceImpl : Service - Distance calculated: 1022.1128040806922
2021-11-27 20:34:20.775  INFO 530588 --- [ol-119-thread-2] .t.t.s.TourGuideClientRewardsServiceImpl : Service - Distance calculated: 915.6646278599784
2021-11-27 20:34:20.775  INFO 530588 --- [ool-62-thread-2] .t.t.s.TourGuideClientRewardsServiceImpl : Service - Distance calculated: 7512.5558118608915
2021-11-27 20:34:20.776  INFO 530588 --- [ool-62-thread-2] .t.t.s.TourGuideClientRewardsServiceImpl : Service - Distance calculated: 7649.237583499708
2021-11-27 20:34:20.776  INFO 530588 --- [ool-62-thread-2] .t.t.s.TourGuideClientRewardsServiceImpl : Service - Distance calculated: 7410.452625447946
2021-11-27 20:34:20.776  INFO 530588 --- [ool-62-thread-2] .t.t.s.TourGuideClientRewardsServiceImpl : Service - Distance calculated: 7446.813834364791
2021-11-27 20:34:20.776  INFO 530588 --- [ool-62-thread-2] .t.t.s.TourGuideClientRewardsServiceImpl : Service - Distance calculated: 6702.41468219374
2021-11-27 20:34:20.776  INFO 530588 --- [ool-62-thread-2] .t.t.s.TourGuideClientRewardsServiceImpl : Service - Distance calculated: 6264.259732335756
2021-11-27 20:34:20.776  INFO 530588 --- [ool-62-thread-2] .t.t.s.TourGuideClientRewardsServiceImpl : Service - Distance calculated: 6769.284171048025
2021-11-27 20:34:20.776  INFO 530588 --- [ool-62-thread-2] .t.t.s.TourGuideClientRewardsServiceImpl : Service - Distance calculated: 6487.701264674291
2021-11-27 20:34:20.776  INFO 530588 --- [ool-62-thread-2] .t.t.s.TourGuideClientRewardsServiceImpl : Service - Distance calculated: 7045.502954911969
2021-11-27 20:34:20.776  INFO 530588 --- [ool-62-thread-2] .t.t.s.TourGuideClientRewardsServiceImpl : Service - Distance calculated: 6327.708166623459
2021-11-27 20:34:20.776  INFO 530588 --- [ool-62-thread-2] .t.t.s.TourGuideClientRewardsServiceImpl : Service - Distance calculated: 5899.195303994498
2021-11-27 20:34:20.776  INFO 530588 --- [ool-62-thread-2] .t.t.s.TourGuideClientRewardsServiceImpl : Service - Distance calculated: 6671.505523939953
2021-11-27 20:34:20.776  INFO 530588 --- [ool-62-thread-2] .t.t.s.TourGuideClientRewardsServiceImpl : Service - Distance calculated: 7831.678499090414
2021-11-27 20:34:20.776  INFO 530588 --- [ool-62-thread-2] .t.t.s.TourGuideClientRewardsServiceImpl : Service - Distance calculated: 6097.007879160334
2021-11-27 20:34:20.776  INFO 530588 --- [ool-62-thread-2] .t.t.s.TourGuideClientRewardsServiceImpl : Service - Distance calculated: 6868.339181777111
2021-11-27 20:34:20.776  INFO 530588 --- [ool-62-thread-2] .t.t.s.TourGuideClientRewardsServiceImpl : Service - Distance calculated: 7659.022865419679
2021-11-27 20:34:20.776  INFO 530588 --- [ool-62-thread-2] .t.t.s.TourGuideClientRewardsServiceImpl : Service - Distance calculated: 6727.292328508142
2021-11-27 20:34:20.776  INFO 530588 --- [ool-62-thread-2] .t.t.s.TourGuideClientRewardsServiceImpl : Service - Distance calculated: 3107.379745587875
2021-11-27 20:34:20.776  INFO 530588 --- [ool-62-thread-2] .t.t.s.TourGuideClientRewardsServiceImpl : Service - Distance calculated: 3662.090543780196
2021-11-27 20:34:20.776  INFO 530588 --- [ool-62-thread-2] .t.t.s.TourGuideClientRewardsServiceImpl : Service - Distance calculated: 3150.1026340772873
2021-11-27 20:34:20.776  INFO 530588 --- [ool-62-thread-2] .t.t.s.TourGuideClientRewardsServiceImpl : Service - Distance calculated: 3073.6345322633483
2021-11-27 20:34:20.776  INFO 530588 --- [ool-62-thread-2] .t.t.s.TourGuideClientRewardsServiceImpl : Service - Distance calculated: 3184.288703200536
2021-11-27 20:34:20.776  INFO 530588 --- [ool-62-thread-2] .t.t.s.TourGuideClientRewardsServiceImpl : Service - Distance calculated: 3082.436761734252
2021-11-27 20:34:20.776  INFO 530588 --- [ool-62-thread-2] .t.t.s.TourGuideClientRewardsServiceImpl : Service - Distance calculated: 2858.3682941283646
2021-11-27 20:34:20.776  INFO 530588 --- [ool-62-thread-2] .t.t.s.TourGuideClientRewardsServiceImpl : Service - Distance calculated: 3637.737987783167
2021-11-27 20:34:20.776  INFO 530588 --- [ool-62-thread-2] .t.t.s.TourGuideClientRewardsServiceImpl : Service - Distance calculated: 3424.095344426626
2021-11-27 20:34:20.776  INFO 530588 --- [ool-62-thread-2] .t.t.s.TourGuideClientRewardsServiceImpl : Service - Distance calculated: 5457.763650026456
2021-11-27 20:34:20.776  INFO 530588 --- [ool-62-thread-2] .t.t.s.TourGuideClientRewardsServiceImpl : Service - Distance calculated: 3913.368697164535
2021-11-27 20:34:20.776  INFO 530588 --- [ool-62-thread-2] .t.t.s.TourGuideClientRewardsServiceImpl : Service - Distance calculated: 3709.1840977836005
2021-11-27 20:34:20.776  INFO 530588 --- [ool-62-thread-2] .t.t.s.TourGuideClientRewardsServiceImpl : Service - Distance calculated: 3718.1328357967946
2021-11-27 20:34:20.776  INFO 530588 --- [ool-62-thread-2] .t.t.s.TourGuideClientRewardsServiceImpl : Service - Distance calculated: 2930.0456730676583
2021-11-27 20:34:20.776  INFO 530588 --- [ool-62-thread-2] .t.t.s.TourGuideClientRewardsServiceImpl : Service - Distance calculated: 2740.2810985586525
2021-11-27 20:34:20.776  INFO 530588 --- [ool-62-thread-2] .t.t.s.TourGuideClientRewardsServiceImpl : Service - Distance calculated: 3096.970599191348
2021-11-27 20:34:20.776  INFO 530588 --- [ool-62-thread-2] .t.t.s.TourGuideClientRewardsServiceImpl : Service - Distance calculated: 2841.362379753029
2021-11-27 20:34:20.776  INFO 530588 --- [ool-62-thread-2] .t.t.s.TourGuideClientRewardsServiceImpl : Service - Distance calculated: 3354.540566128354
2021-11-27 20:34:20.776  INFO 530588 --- [ool-62-thread-2] .t.t.s.TourGuideClientRewardsServiceImpl : Service - Distance calculated: 2776.662670947918
2021-11-27 20:34:20.776  INFO 530588 --- [ool-62-thread-2] .t.t.s.TourGuideClientRewardsServiceImpl : Service - Distance calculated: 3021.8575975331682
2021-11-27 20:34:20.776  INFO 530588 --- [ool-62-thread-2] .t.t.s.TourGuideClientRewardsServiceImpl : Service - Distance calculated: 2914.9513712588523
2021-11-27 20:34:20.776  INFO 530588 --- [ool-62-thread-2] .t.t.s.TourGuideClientRewardsServiceImpl : Service - Distance calculated: 4089.4950591465777
2021-11-27 20:34:20.776  INFO 530588 --- [ool-62-thread-2] .t.t.s.TourGuideClientRewardsServiceImpl : Service - Distance calculated: 2823.8601197980524
2021-11-27 20:34:20.776  INFO 530588 --- [ool-62-thread-2] .t.t.s.TourGuideClientRewardsServiceImpl : Service - Distance calculated: 3365.3021120016165
2021-11-27 20:34:20.776  INFO 530588 --- [ool-62-thread-2] .t.t.s.TourGuideClientRewardsServiceImpl : Service - Distance calculated: 3923.196988039887
2021-11-27 20:34:20.776  INFO 530588 --- [ool-62-thread-2] .t.t.s.TourGuideClientRewardsServiceImpl : Service - Distance calculated: 2967.4748130261332
2021-11-27 20:34:20.776  INFO 530588 --- [ool-62-thread-2] .t.t.s.TourGuideClientRewardsServiceImpl : Service - Distance calculated: 10942.25136288773
2021-11-27 20:34:20.777  INFO 530588 --- [ool-62-thread-2] .t.t.s.TourGuideClientRewardsServiceImpl : Service - Distance calculated: 11245.629224111315
2021-11-27 20:34:20.777  INFO 530588 --- [ool-62-thread-2] .t.t.s.TourGuideClientRewardsServiceImpl : Service - Distance calculated: 10959.255617601211
2021-11-27 20:34:20.777  INFO 530588 --- [ool-62-thread-2] .t.t.s.TourGuideClientRewardsServiceImpl : Service - Distance calculated: 10894.02651460672
2021-11-27 20:34:20.777  INFO 530588 --- [ool-62-thread-2] .t.t.s.TourGuideClientRewardsServiceImpl : Service - Distance calculated: 10180.004273451994
2021-11-27 20:34:20.777  INFO 530588 --- [ool-62-thread-2] .t.t.s.TourGuideClientRewardsServiceImpl : Service - Distance calculated: 10121.31004703884
2021-11-27 20:34:20.777  INFO 530588 --- [ool-62-thread-2] .t.t.s.TourGuideClientRewardsServiceImpl : Service - Distance calculated: 10610.558247137644
2021-11-27 20:34:20.777  INFO 530588 --- [ool-62-thread-2] .t.t.s.TourGuideClientRewardsServiceImpl : Service - Distance calculated: 9924.224410471568
2021-11-27 20:34:20.777  INFO 530588 --- [ool-78-thread-2] .t.t.s.TourGuideClientRewardsServiceImpl : Service - Distance calculated: 8206.521116939626
2021-11-27 20:34:20.777  INFO 530588 --- [ool-78-thread-2] .t.t.s.TourGuideClientRewardsServiceImpl : Service - Distance calculated: 8938.7506018749
2021-11-27 20:34:20.777  INFO 530588 --- [ool-78-thread-2] .t.t.s.TourGuideClientRewardsServiceImpl : Service - Distance calculated: 8319.815211432699
2021-11-27 20:34:20.777  INFO 530588 --- [ool-78-thread-2] .t.t.s.TourGuideClientRewardsServiceImpl : Service - Distance calculated: 8230.314970743308
2021-11-27 20:34:20.777  INFO 530588 --- [ool-78-thread-2] .t.t.s.TourGuideClientRewardsServiceImpl : Service - Distance calculated: 8618.277078682035
2021-11-27 20:34:20.777  INFO 530588 --- [ool-78-thread-2] .t.t.s.TourGuideClientRewardsServiceImpl : Service - Distance calculated: 8516.024562995613
2021-11-27 20:34:20.777  INFO 530588 --- [ool-78-thread-2] .t.t.s.TourGuideClientRewardsServiceImpl : Service - Distance calculated: 8146.738635024279
2021-11-27 20:34:20.777  INFO 530588 --- [ool-78-thread-2] .t.t.s.TourGuideClientRewardsServiceImpl : Service - Distance calculated: 9002.758778714317
2021-11-27 20:34:20.777  INFO 530588 --- [ool-78-thread-2] .t.t.s.TourGuideClientRewardsServiceImpl : Service - Distance calculated: 8794.321631216684
2021-11-27 20:34:20.777  INFO 530588 --- [ool-78-thread-2] .t.t.s.TourGuideClientRewardsServiceImpl : Service - Distance calculated: 9848.570718436686
2021-11-27 20:34:20.777  INFO 530588 --- [ool-78-thread-2] .t.t.s.TourGuideClientRewardsServiceImpl : Service - Distance calculated: 9152.956547173162
2021-11-27 20:34:20.777  INFO 530588 --- [ool-81-thread-2] .t.t.s.TourGuideClientRewardsServiceImpl : Service - Distance calculated: 9074.23237836835
2021-11-27 20:34:20.777  INFO 530588 --- [ool-81-thread-2] .t.t.s.TourGuideClientRewardsServiceImpl : Service - Distance calculated: 9720.023580844638
2021-11-27 20:34:20.777  INFO 530588 --- [ool-81-thread-2] .t.t.s.TourGuideClientRewardsServiceImpl : Service - Distance calculated: 9157.542583297916
2021-11-27 20:34:20.777  INFO 530588 --- [ool-81-thread-2] .t.t.s.TourGuideClientRewardsServiceImpl : Service - Distance calculated: 9072.07519768663
2021-11-27 20:34:20.777  INFO 530588 --- [ool-81-thread-2] .t.t.s.TourGuideClientRewardsServiceImpl : Service - Distance calculated: 9094.219277964865
2021-11-27 20:34:20.777  INFO 530588 --- [ool-81-thread-2] .t.t.s.TourGuideClientRewardsServiceImpl : Service - Distance calculated: 8995.87398883848
2021-11-27 20:34:20.777  INFO 530588 --- [ool-81-thread-2] .t.t.s.TourGuideClientRewardsServiceImpl : Service - Distance calculated: 8909.627524620839
2021-11-27 20:34:20.777  INFO 530588 --- [ool-81-thread-2] .t.t.s.TourGuideClientRewardsServiceImpl : Service - Distance calculated: 9285.882969275617
2021-11-27 20:34:20.777  INFO 530588 --- [ool-81-thread-2] .t.t.s.TourGuideClientRewardsServiceImpl : Service - Distance calculated: 9107.73426001089
2021-11-27 20:34:20.777  INFO 530588 --- [ool-81-thread-2] .t.t.s.TourGuideClientRewardsServiceImpl : Service - Distance calculated: 10966.969618444402
2021-11-27 20:34:20.777  INFO 530588 --- [ool-81-thread-2] .t.t.s.TourGuideClientRewardsServiceImpl : Service - Distance calculated: 9268.84265745185
2021-11-27 20:34:20.777  INFO 530588 --- [ool-81-thread-2] .t.t.s.TourGuideClientRewardsServiceImpl : Service - Distance calculated: 9259.343370658415
2021-11-27 20:34:20.777  INFO 530588 --- [ool-81-thread-2] .t.t.s.TourGuideClientRewardsServiceImpl : Service - Distance calculated: 9169.601241368631
2021-11-27 20:34:20.777  INFO 530588 --- [ool-81-thread-2] .t.t.s.TourGuideClientRewardsServiceImpl : Service - Distance calculated: 8375.52211901193
2021-11-27 20:34:20.777  INFO 530588 --- [ool-81-thread-2] .t.t.s.TourGuideClientRewardsServiceImpl : Service - Distance calculated: 8735.881268628184
2021-11-27 20:34:20.777  INFO 530588 --- [ool-81-thread-2] .t.t.s.TourGuideClientRewardsServiceImpl : Service - Distance calculated: 8866.349393102037
2021-11-27 20:34:20.777  INFO 530588 --- [ool-81-thread-2] .t.t.s.TourGuideClientRewardsServiceImpl : Service - Distance calculated: 8701.207206778081
2021-11-27 20:34:20.777  INFO 530588 --- [ool-81-thread-2] .t.t.s.TourGuideClientRewardsServiceImpl : Service - Distance calculated: 9026.147004601977
2021-11-27 20:34:20.777  INFO 530588 --- [ool-81-thread-2] .t.t.s.TourGuideClientRewardsServiceImpl : Service - Distance calculated: 8749.520041630674
2021-11-27 20:34:20.777  INFO 530588 --- [ool-86-thread-2] .t.t.s.TourGuideClientRewardsServiceImpl : Service - Distance calculated: 3195.904707092164
2021-11-27 20:34:20.777  INFO 530588 --- [ool-86-thread-2] .t.t.s.TourGuideClientRewardsServiceImpl : Service - Distance calculated: 3040.6698190697502
2021-11-27 20:34:20.777  INFO 530588 --- [ool-86-thread-2] .t.t.s.TourGuideClientRewardsServiceImpl : Service - Distance calculated: 3058.9919166613176
2021-11-27 20:34:20.778  INFO 530588 --- [ool-86-thread-2] .t.t.s.TourGuideClientRewardsServiceImpl : Service - Distance calculated: 2509.5103033027194
2021-11-27 20:34:20.778  INFO 530588 --- [ool-86-thread-2] .t.t.s.TourGuideClientRewardsServiceImpl : Service - Distance calculated: 3568.3268634813326
2021-11-27 20:34:20.778  INFO 530588 --- [ool-86-thread-2] .t.t.s.TourGuideClientRewardsServiceImpl : Service - Distance calculated: 3014.5477307999217
2021-11-27 20:34:20.778  INFO 530588 --- [ool-86-thread-2] .t.t.s.TourGuideClientRewardsServiceImpl : Service - Distance calculated: 2763.4419954704863
2021-11-27 20:34:20.778  INFO 530588 --- [ool-55-thread-2] .t.t.s.TourGuideClientRewardsServiceImpl : Service - Distance calculated: 9398.526368687139
2021-11-27 20:34:20.778  INFO 530588 --- [ool-55-thread-2] .t.t.s.TourGuideClientRewardsServiceImpl : Service - Distance calculated: 8635.347712586452
2021-11-27 20:34:20.778  INFO 530588 --- [ool-55-thread-2] .t.t.s.TourGuideClientRewardsServiceImpl : Service - Distance calculated: 9268.943346548464
2021-11-27 20:34:20.778  INFO 530588 --- [ool-55-thread-2] .t.t.s.TourGuideClientRewardsServiceImpl : Service - Distance calculated: 9358.352961280045
2021-11-27 20:34:20.778  INFO 530588 --- [ool-55-thread-2] .t.t.s.TourGuideClientRewardsServiceImpl : Service - Distance calculated: 8528.826300871637
2021-11-27 20:34:20.778  INFO 530588 --- [ool-55-thread-2] .t.t.s.TourGuideClientRewardsServiceImpl : Service - Distance calculated: 8611.16982712236
2021-11-27 20:34:20.778  INFO 530588 --- [ool-55-thread-2] .t.t.s.TourGuideClientRewardsServiceImpl : Service - Distance calculated: 9358.97338015365
2021-11-27 20:34:20.778  INFO 530588 --- [ool-55-thread-2] .t.t.s.TourGuideClientRewardsServiceImpl : Service - Distance calculated: 7924.845419817167
2021-11-27 20:34:20.778  INFO 530588 --- [ool-55-thread-2] .t.t.s.TourGuideClientRewardsServiceImpl : Service - Distance calculated: 8113.80530261326
2021-11-27 20:34:20.778  INFO 530588 --- [ool-55-thread-2] .t.t.s.TourGuideClientRewardsServiceImpl : Service - Distance calculated: 7479.566661408265
2021-11-27 20:34:20.778  INFO 530588 --- [ool-55-thread-2] .t.t.s.TourGuideClientRewardsServiceImpl : Service - Distance calculated: 7525.7886552915115
2021-11-27 20:34:20.778  INFO 530588 --- [ool-55-thread-2] .t.t.s.TourGuideClientRewardsServiceImpl : Service - Distance calculated: 7799.935771998767
2021-11-27 20:34:20.778  INFO 530588 --- [ool-55-thread-2] .t.t.s.TourGuideClientRewardsServiceImpl : Service - Distance calculated: 7728.627630649172
2021-11-27 20:34:20.778  INFO 530588 --- [ool-55-thread-2] .t.t.s.TourGuideClientRewardsServiceImpl : Service - Distance calculated: 8310.53279284936
2021-11-27 20:34:20.778  INFO 530588 --- [ol-132-thread-2] .t.t.s.TourGuideClientRewardsServiceImpl : Service - Distance calculated: 7855.849532605603
2021-11-27 20:34:20.778  INFO 530588 --- [ol-132-thread-2] .t.t.s.TourGuideClientRewardsServiceImpl : Service - Distance calculated: 7253.274567437683
2021-11-27 20:34:20.778  INFO 530588 --- [ol-132-thread-2] .t.t.s.TourGuideClientRewardsServiceImpl : Service - Distance calculated: 7794.200606108316
2021-11-27 20:34:20.778  INFO 530588 --- [ol-132-thread-2] .t.t.s.TourGuideClientRewardsServiceImpl : Service - Distance calculated: 7875.497607548542
2021-11-27 20:34:20.778  INFO 530588 --- [ol-132-thread-2] .t.t.s.TourGuideClientRewardsServiceImpl : Service - Distance calculated: 7736.722519913927
2021-11-27 20:34:20.778  INFO 530588 --- [ol-132-thread-2] .t.t.s.TourGuideClientRewardsServiceImpl : Service - Distance calculated: 7839.040473123629
2021-11-27 20:34:20.778  INFO 530588 --- [ol-132-thread-2] .t.t.s.TourGuideClientRewardsServiceImpl : Service - Distance calculated: 8062.596774583315
2021-11-27 20:34:20.778  INFO 530588 --- [ol-132-thread-2] .t.t.s.TourGuideClientRewardsServiceImpl : Service - Distance calculated: 7328.526165457048
2021-11-27 20:34:20.778  INFO 530588 --- [ol-132-thread-2] .t.t.s.TourGuideClientRewardsServiceImpl : Service - Distance calculated: 7540.934502668186
2021-11-27 20:34:20.778  INFO 530588 --- [ol-132-thread-2] .t.t.s.TourGuideClientRewardsServiceImpl : Service - Distance calculated: 5557.3740083549565
2021-11-27 20:34:20.778  INFO 530588 --- [ol-132-thread-2] .t.t.s.TourGuideClientRewardsServiceImpl : Service - Distance calculated: 7106.207636192722
2021-11-27 20:34:20.778  INFO 530588 --- [ol-132-thread-2] .t.t.s.TourGuideClientRewardsServiceImpl : Service - Distance calculated: 7276.0359334149525
2021-11-27 20:34:20.778  INFO 530588 --- [ol-132-thread-2] .t.t.s.TourGuideClientRewardsServiceImpl : Service - Distance calculated: 7289.263648923212
2021-11-27 20:34:20.778  INFO 530588 --- [ol-132-thread-2] .t.t.s.TourGuideClientRewardsServiceImpl : Service - Distance calculated: 8121.343551100472
2021-11-27 20:34:20.778  INFO 530588 --- [ol-132-thread-2] .t.t.s.TourGuideClientRewardsServiceImpl : Service - Distance calculated: 8167.980826384421
2021-11-27 20:34:20.778  INFO 530588 --- [ol-132-thread-2] .t.t.s.TourGuideClientRewardsServiceImpl : Service - Distance calculated: 7856.874904740797
2021-11-27 20:34:20.778  INFO 530588 --- [ol-132-thread-2] .t.t.s.TourGuideClientRewardsServiceImpl : Service - Distance calculated: 8095.76478207873
2021-11-27 20:34:20.778  INFO 530588 --- [ol-132-thread-2] .t.t.s.TourGuideClientRewardsServiceImpl : Service - Distance calculated: 7615.476133246188
2021-11-27 20:34:20.778  INFO 530588 --- [ol-132-thread-2] .t.t.s.TourGuideClientRewardsServiceImpl : Service - Distance calculated: 8135.646104464156
2021-11-27 20:34:20.778  INFO 530588 --- [ol-132-thread-2] .t.t.s.TourGuideClientRewardsServiceImpl : Service - Distance calculated: 7938.49712588445
2021-11-27 20:34:20.778  INFO 530588 --- [ol-132-thread-2] .t.t.s.TourGuideClientRewardsServiceImpl : Service - Distance calculated: 8103.565116262444
2021-11-27 20:34:20.778  INFO 530588 --- [ol-132-thread-2] .t.t.s.TourGuideClientRewardsServiceImpl : Service - Distance calculated: 6941.634492697212
2021-11-27 20:34:20.778  INFO 530588 --- [ol-132-thread-2] .t.t.s.TourGuideClientRewardsServiceImpl : Service - Distance calculated: 8083.60824326636
2021-11-27 20:34:20.779  INFO 530588 --- [ol-132-thread-2] .t.t.s.TourGuideClientRewardsServiceImpl : Service - Distance calculated: 7547.197085274076
2021-11-27 20:34:20.779  INFO 530588 --- [ol-132-thread-2] .t.t.s.TourGuideClientRewardsServiceImpl : Service - Distance calculated: 7096.58657508168
2021-11-27 20:34:20.779  INFO 530588 --- [ol-132-thread-2] .t.t.s.TourGuideClientRewardsServiceImpl : Service - Distance calculated: 8057.840916731678
2021-11-27 20:34:20.779  INFO 530588 --- [ol-132-thread-2] .t.t.s.TourGuideClientRewardsServiceImpl : Service - Distance calculated: 2661.493832907076
2021-11-27 20:34:20.779  INFO 530588 --- [ol-132-thread-2] .t.t.s.TourGuideClientRewardsServiceImpl : Service - Distance calculated: 3154.9190246365583
2021-11-27 20:34:20.779  INFO 530588 --- [ol-132-thread-2] .t.t.s.TourGuideClientRewardsServiceImpl : Service - Distance calculated: 2808.9592632432605
2021-11-27 20:34:20.779  INFO 530588 --- [ol-132-thread-2] .t.t.s.TourGuideClientRewardsServiceImpl : Service - Distance calculated: 2777.1678651529087
2021-11-27 20:34:20.779  INFO 530588 --- [ol-132-thread-2] .t.t.s.TourGuideClientRewardsServiceImpl : Service - Distance calculated: 4084.635440437572
2021-11-27 20:34:20.779  INFO 530588 --- [ol-132-thread-2] .t.t.s.TourGuideClientRewardsServiceImpl : Service - Distance calculated: 4079.512874436139
2021-11-27 20:34:20.779  INFO 530588 --- [ol-132-thread-2] .t.t.s.TourGuideClientRewardsServiceImpl : Service - Distance calculated: 3091.368969516816
2021-11-27 20:34:20.779  INFO 530588 --- [ol-132-thread-2] .t.t.s.TourGuideClientRewardsServiceImpl : Service - Distance calculated: 4606.8577683827725
2021-11-27 20:34:20.779  INFO 530588 --- [ol-132-thread-2] .t.t.s.TourGuideClientRewardsServiceImpl : Service - Distance calculated: 4550.848119589903
2021-11-27 20:34:20.779  INFO 530588 --- [ol-132-thread-2] .t.t.s.TourGuideClientRewardsServiceImpl : Service - Distance calculated: 2762.2385537561513
2021-11-27 20:34:20.779  INFO 530588 --- [ol-132-thread-2] .t.t.s.TourGuideClientRewardsServiceImpl : Service - Distance calculated: 5028.664112716182
2021-11-27 20:34:20.779  INFO 530588 --- [ol-132-thread-2] .t.t.s.TourGuideClientRewardsServiceImpl : Service - Distance calculated: 4760.26218998418
2021-11-27 20:34:20.779  INFO 530588 --- [ol-132-thread-2] .t.t.s.TourGuideClientRewardsServiceImpl : Service - Distance calculated: 4903.381175296353
2021-11-27 20:34:20.779  INFO 530588 --- [ol-132-thread-2] .t.t.s.TourGuideClientRewardsServiceImpl : Service - Distance calculated: 4934.151515612809
2021-11-27 20:34:20.779  INFO 530588 --- [ol-132-thread-2] .t.t.s.TourGuideClientRewardsServiceImpl : Service - Distance calculated: 3842.113099673405
2021-11-27 20:34:20.779  INFO 530588 --- [ol-132-thread-2] .t.t.s.TourGuideClientRewardsServiceImpl : Service - Distance calculated: 4404.061930321765
2021-11-27 20:34:20.779  INFO 530588 --- [ol-132-thread-2] .t.t.s.TourGuideClientRewardsServiceImpl : Service - Distance calculated: 4226.853996311101
2021-11-27 20:34:20.779  INFO 530588 --- [ol-132-thread-2] .t.t.s.TourGuideClientRewardsServiceImpl : Service - Distance calculated: 4573.392109334228
2021-11-27 20:34:20.779  INFO 530588 --- [ol-132-thread-2] .t.t.s.TourGuideClientRewardsServiceImpl : Service - Distance calculated: 3921.542125068797
2021-11-27 20:34:20.779  INFO 530588 --- [ol-132-thread-2] .t.t.s.TourGuideClientRewardsServiceImpl : Service - Distance calculated: 2697.8290952354528
2021-11-27 20:34:20.779  INFO 530588 --- [ol-132-thread-2] .t.t.s.TourGuideClientRewardsServiceImpl : Service - Distance calculated: 4774.882037280335
2021-11-27 20:34:20.779  INFO 530588 --- [ol-132-thread-2] .t.t.s.TourGuideClientRewardsServiceImpl : Service - Distance calculated: 5145.862042683251
2021-11-27 20:34:20.779  INFO 530588 --- [ol-132-thread-2] .t.t.s.TourGuideClientRewardsServiceImpl : Service - Distance calculated: 3320.398870784457
2021-11-27 20:34:20.779  INFO 530588 --- [ol-132-thread-2] .t.t.s.TourGuideClientRewardsServiceImpl : Service - Distance calculated: 3971.950185685161
2021-11-27 20:34:20.779  INFO 530588 --- [ol-132-thread-2] .t.t.s.TourGuideClientRewardsServiceImpl : Service - Distance calculated: 5032.669814615844
2021-11-27 20:34:20.779  INFO 530588 --- [ol-132-thread-2] .t.t.s.TourGuideClientRewardsServiceImpl : Service - Distance calculated: 4820.213353527831
2021-11-27 20:34:20.779  INFO 530588 --- [ol-132-thread-2] .t.t.s.TourGuideClientRewardsServiceImpl : Service - Distance calculated: 11364.712193573172
2021-11-27 20:34:20.779  INFO 530588 --- [ol-132-thread-2] .t.t.s.TourGuideClientRewardsServiceImpl : Service - Distance calculated: 10856.223531212056
2021-11-27 20:34:20.779  INFO 530588 --- [ol-132-thread-2] .t.t.s.TourGuideClientRewardsServiceImpl : Service - Distance calculated: 11355.43283917133
2021-11-27 20:34:20.779  INFO 530588 --- [ol-132-thread-2] .t.t.s.TourGuideClientRewardsServiceImpl : Service - Distance calculated: 11422.716874006766
2021-11-27 20:34:20.779  INFO 530588 --- [ol-132-thread-2] .t.t.s.TourGuideClientRewardsServiceImpl : Service - Distance calculated: 11021.55188607709
2021-11-27 20:34:20.780  INFO 530588 --- [ol-132-thread-2] .t.t.s.TourGuideClientRewardsServiceImpl : Service - Distance calculated: 11101.51528582702
2021-11-27 20:34:20.780  INFO 530588 --- [ol-132-thread-2] .t.t.s.TourGuideClientRewardsServiceImpl : Service - Distance calculated: 11664.027320828649
2021-11-27 20:34:20.780  INFO 530588 --- [ol-132-thread-2] .t.t.s.TourGuideClientRewardsServiceImpl : Service - Distance calculated: 10410.257832896907
2021-11-27 20:34:20.780  INFO 530588 --- [ol-132-thread-2] .t.t.s.TourGuideClientRewardsServiceImpl : Service - Distance calculated: 10589.102824191707
2021-11-27 20:34:20.780  INFO 530588 --- [ol-132-thread-2] .t.t.s.TourGuideClientRewardsServiceImpl : Service - Distance calculated: 9012.539334770365
2021-11-27 20:34:20.780  INFO 530588 --- [ol-132-thread-2] .t.t.s.TourGuideClientRewardsServiceImpl : Service - Distance calculated: 9993.962909717617
2021-11-27 20:34:20.780  INFO 530588 --- [ol-132-thread-2] .t.t.s.TourGuideClientRewardsServiceImpl : Service - Distance calculated: 10277.920475165809
2021-11-27 20:34:20.780  INFO 530588 --- [ol-132-thread-2] .t.t.s.TourGuideClientRewardsServiceImpl : Service - Distance calculated: 10192.049124410352
2021-11-27 20:34:20.780  INFO 530588 --- [ol-132-thread-2] .t.t.s.TourGuideClientRewardsServiceImpl : Service - Distance calculated: 10597.948966226426
2021-11-27 20:34:20.780  INFO 530588 --- [ol-132-thread-2] .t.t.s.TourGuideClientRewardsServiceImpl : Service - Distance calculated: 11500.11681900098
2021-11-27 20:34:20.780  INFO 530588 --- [ol-132-thread-2] .t.t.s.TourGuideClientRewardsServiceImpl : Service - Distance calculated: 10893.563735199734
2021-11-27 20:34:20.780  INFO 530588 --- [ol-132-thread-2] .t.t.s.TourGuideClientRewardsServiceImpl : Service - Distance calculated: 11172.409311776193
2021-11-27 20:34:20.780  INFO 530588 --- [ol-132-thread-2] .t.t.s.TourGuideClientRewardsServiceImpl : Service - Distance calculated: 10622.042679674401
2021-11-27 20:34:20.780  INFO 530588 --- [ol-132-thread-2] .t.t.s.TourGuideClientRewardsServiceImpl : Service - Distance calculated: 11422.325777407437
2021-11-27 20:34:20.780  INFO 530588 --- [ol-132-thread-2] .t.t.s.TourGuideClientRewardsServiceImpl : Service - Distance calculated: 11451.469568248467
2021-11-27 20:34:20.780  INFO 530588 --- [ol-132-thread-2] .t.t.s.TourGuideClientRewardsServiceImpl : Service - Distance calculated: 10728.324003658441
2021-11-27 20:34:20.780  INFO 530588 --- [ol-132-thread-2] .t.t.s.TourGuideClientRewardsServiceImpl : Service - Distance calculated: 9813.573108463706
2021-11-27 20:34:20.780  INFO 530588 --- [ol-132-thread-2] .t.t.s.TourGuideClientRewardsServiceImpl : Service - Distance calculated: 11667.999851502213
2021-11-27 20:34:20.780  INFO 530588 --- [ol-132-thread-2] .t.t.s.TourGuideClientRewardsServiceImpl : Service - Distance calculated: 10930.958910058174
2021-11-27 20:34:20.780  INFO 530588 --- [ol-132-thread-2] .t.t.s.TourGuideClientRewardsServiceImpl : Service - Distance calculated: 9985.26718951231
2021-11-27 20:34:20.780  INFO 530588 --- [ol-132-thread-2] .t.t.s.TourGuideClientRewardsServiceImpl : Service - Distance calculated: 10669.908480271517
2021-11-27 20:34:20.780  INFO 530588 --- [ol-132-thread-2] .t.t.s.TourGuideClientRewardsServiceImpl : Service - Distance calculated: 3778.2832194306848
2021-11-27 20:34:20.780  INFO 530588 --- [ol-132-thread-2] .t.t.s.TourGuideClientRewardsServiceImpl : Service - Distance calculated: 3235.3522158884466
2021-11-27 20:34:20.781  INFO 530588 --- [ol-132-thread-2] .t.t.s.TourGuideClientRewardsServiceImpl : Service - Distance calculated: 3725.8230321660208
2021-11-27 20:34:20.781  INFO 530588 --- [ool-72-thread-2] .t.t.s.TourGuideClientRewardsServiceImpl : Service - Distance calculated: 7729.779863895422
2021-11-27 20:34:20.781  INFO 530588 --- [ol-132-thread-2] .t.t.s.TourGuideClientRewardsServiceImpl : Service - Distance calculated: 3804.0001608206016
2021-11-27 20:34:20.781  INFO 530588 --- [ool-72-thread-2] .t.t.s.TourGuideClientRewardsServiceImpl : Service - Distance calculated: 6987.880231989726
2021-11-27 20:34:20.781  INFO 530588 --- [ol-132-thread-2] .t.t.s.TourGuideClientRewardsServiceImpl : Service - Distance calculated: 3998.7522004272505
2021-11-27 20:34:20.781  INFO 530588 --- [ool-72-thread-2] .t.t.s.TourGuideClientRewardsServiceImpl : Service - Distance calculated: 7567.8617968075905
2021-11-27 20:34:20.781  INFO 530588 --- [ol-132-thread-2] .t.t.s.TourGuideClientRewardsServiceImpl : Service - Distance calculated: 4092.8462010551957
2021-11-27 20:34:20.781  INFO 530588 --- [ool-72-thread-2] .t.t.s.TourGuideClientRewardsServiceImpl : Service - Distance calculated: 7644.1085299262
2021-11-27 20:34:20.781  INFO 530588 --- [ol-132-thread-2] .t.t.s.TourGuideClientRewardsServiceImpl : Service - Distance calculated: 4022.843804270331
2021-11-27 20:34:20.781  INFO 530588 --- [ool-72-thread-2] .t.t.s.TourGuideClientRewardsServiceImpl : Service - Distance calculated: 6500.468058342178
2021-11-27 20:34:20.781  INFO 530588 --- [ol-132-thread-2] .t.t.s.TourGuideClientRewardsServiceImpl : Service - Distance calculated: 3870.0783896779008
2021-11-27 20:34:20.781  INFO 530588 --- [ool-72-thread-2] .t.t.s.TourGuideClientRewardsServiceImpl : Service - Distance calculated: 6562.596196366106
2021-11-27 20:34:20.781  INFO 530588 --- [ol-132-thread-2] .t.t.s.TourGuideClientRewardsServiceImpl : Service - Distance calculated: 4037.3647435804883
2021-11-27 20:34:20.781  INFO 530588 --- [ool-72-thread-2] .t.t.s.TourGuideClientRewardsServiceImpl : Service - Distance calculated: 7496.067112473539
2021-11-27 20:34:20.781  INFO 530588 --- [ol-132-thread-2] .t.t.s.TourGuideClientRewardsServiceImpl : Service - Distance calculated: 1526.348472456071
2021-11-27 20:34:20.781  INFO 530588 --- [ool-72-thread-2] .t.t.s.TourGuideClientRewardsServiceImpl : Service - Distance calculated: 5874.964975971785
2021-11-27 20:34:20.781  INFO 530588 --- [ol-132-thread-2] .t.t.s.TourGuideClientRewardsServiceImpl : Service - Distance calculated: 3916.2575364133813
2021-11-27 20:34:20.781  INFO 530588 --- [ool-72-thread-2] .t.t.s.TourGuideClientRewardsServiceImpl : Service - Distance calculated: 6032.433576389556
2021-11-27 20:34:20.781  INFO 530588 --- [ol-132-thread-2] .t.t.s.TourGuideClientRewardsServiceImpl : Service - Distance calculated: 3908.34144482488
2021-11-27 20:34:20.781  INFO 530588 --- [ool-72-thread-2] .t.t.s.TourGuideClientRewardsServiceImpl : Service - Distance calculated: 6788.566311869925
2021-11-27 20:34:20.781  INFO 530588 --- [ol-132-thread-2] .t.t.s.TourGuideClientRewardsServiceImpl : Service - Distance calculated: 4005.673719872438
2021-11-27 20:34:20.781  INFO 530588 --- [ool-72-thread-2] .t.t.s.TourGuideClientRewardsServiceImpl : Service - Distance calculated: 5438.731164047153
2021-11-27 20:34:20.781  INFO 530588 --- [ol-132-thread-2] .t.t.s.TourGuideClientRewardsServiceImpl : Service - Distance calculated: 4777.803109624667
2021-11-27 20:34:20.781  INFO 530588 --- [ool-72-thread-2] .t.t.s.TourGuideClientRewardsServiceImpl : Service - Distance calculated: 5730.514033639221
2021-11-27 20:34:20.781  INFO 530588 --- [ol-132-thread-2] .t.t.s.TourGuideClientRewardsServiceImpl : Service - Distance calculated: 4310.883469600886
2021-11-27 20:34:20.781  INFO 530588 --- [ool-72-thread-2] .t.t.s.TourGuideClientRewardsServiceImpl : Service - Distance calculated: 5629.881302813973
2021-11-27 20:34:20.781  INFO 530588 --- [ol-132-thread-2] .t.t.s.TourGuideClientRewardsServiceImpl : Service - Distance calculated: 4255.44413639701
2021-11-27 20:34:20.781  INFO 530588 --- [ool-72-thread-2] .t.t.s.TourGuideClientRewardsServiceImpl : Service - Distance calculated: 6085.695174196007
2021-11-27 20:34:20.781  INFO 530588 --- [ol-132-thread-2] .t.t.s.TourGuideClientRewardsServiceImpl : Service - Distance calculated: 4394.145769119606
2021-11-27 20:34:20.781  INFO 530588 --- [ool-72-thread-2] .t.t.s.TourGuideClientRewardsServiceImpl : Service - Distance calculated: 6944.688614061352
2021-11-27 20:34:20.781  INFO 530588 --- [ol-132-thread-2] .t.t.s.TourGuideClientRewardsServiceImpl : Service - Distance calculated: 4118.323237776894
2021-11-27 20:34:20.781  INFO 530588 --- [ool-72-thread-2] .t.t.s.TourGuideClientRewardsServiceImpl : Service - Distance calculated: 6322.197411873376
2021-11-27 20:34:20.781  INFO 530588 --- [ol-132-thread-2] .t.t.s.TourGuideClientRewardsServiceImpl : Service - Distance calculated: 4308.801806775234
2021-11-27 20:34:20.781  INFO 530588 --- [ool-72-thread-2] .t.t.s.TourGuideClientRewardsServiceImpl : Service - Distance calculated: 6598.541497807687
2021-11-27 20:34:20.781  INFO 530588 --- [ol-132-thread-2] .t.t.s.TourGuideClientRewardsServiceImpl : Service - Distance calculated: 3861.9688386859234
2021-11-27 20:34:20.781  INFO 530588 --- [ool-72-thread-2] .t.t.s.TourGuideClientRewardsServiceImpl : Service - Distance calculated: 6056.648303773681
2021-11-27 20:34:20.781  INFO 530588 --- [ol-132-thread-2] .t.t.s.TourGuideClientRewardsServiceImpl : Service - Distance calculated: 4671.996286684471
2021-11-27 20:34:20.781  INFO 530588 --- [ool-72-thread-2] .t.t.s.TourGuideClientRewardsServiceImpl : Service - Distance calculated: 6861.730929661992
2021-11-27 20:34:20.781  INFO 530588 --- [ol-132-thread-2] .t.t.s.TourGuideClientRewardsServiceImpl : Service - Distance calculated: 3842.9732025154026
2021-11-27 20:34:20.781  INFO 530588 --- [ool-72-thread-2] .t.t.s.TourGuideClientRewardsServiceImpl : Service - Distance calculated: 7750.933841913149
2021-11-27 20:34:20.781  INFO 530588 --- [ol-132-thread-2] .t.t.s.TourGuideClientRewardsServiceImpl : Service - Distance calculated: 4085.014962322099
2021-11-27 20:34:20.781  INFO 530588 --- [ool-72-thread-2] .t.t.s.TourGuideClientRewardsServiceImpl : Service - Distance calculated: 6190.452926532257
2021-11-27 20:34:20.781  INFO 530588 --- [ol-132-thread-2] .t.t.s.TourGuideClientRewardsServiceImpl : Service - Distance calculated: 3772.38639031401
2021-11-27 20:34:20.781  INFO 530588 --- [ool-72-thread-2] .t.t.s.TourGuideClientRewardsServiceImpl : Service - Distance calculated: 5265.1890549309865
2021-11-27 20:34:20.781  INFO 530588 --- [ol-132-thread-2] .t.t.s.TourGuideClientRewardsServiceImpl : Service - Distance calculated: 3910.037669178
2021-11-27 20:34:20.781  INFO 530588 --- [ool-72-thread-2] .t.t.s.TourGuideClientRewardsServiceImpl : Service - Distance calculated: 7317.958700239125
2021-11-27 20:34:20.781  INFO 530588 --- [ol-132-thread-2] .t.t.s.TourGuideClientRewardsServiceImpl : Service - Distance calculated: 4655.956096523652
2021-11-27 20:34:20.781  INFO 530588 --- [ool-72-thread-2] .t.t.s.TourGuideClientRewardsServiceImpl : Service - Distance calculated: 6484.327040689231
2021-11-27 20:34:20.781  INFO 530588 --- [ol-132-thread-2] .t.t.s.TourGuideClientRewardsServiceImpl : Service - Calculate rewards points for user: internalUser50
2021-11-27 20:34:20.781  INFO 530588 --- [ool-72-thread-2] .t.t.s.TourGuideClientRewardsServiceImpl : Service - Distance calculated: 5430.674895498644
2021-11-27 20:34:20.781  INFO 530588 --- [ool-72-thread-2] .t.t.s.TourGuideClientRewardsServiceImpl : Service - Distance calculated: 6129.812307635421
2021-11-27 20:34:20.781  INFO 530588 --- [ool-72-thread-2] .t.t.s.TourGuideClientRewardsServiceImpl : Service - Distance calculated: 9078.376599535457
2021-11-27 20:34:20.781  INFO 530588 --- [ool-72-thread-2] .t.t.s.TourGuideClientRewardsServiceImpl : Service - Distance calculated: 8770.114950830668
2021-11-27 20:34:20.781  INFO 530588 --- [ool-72-thread-2] .t.t.s.TourGuideClientRewardsServiceImpl : Service - Distance calculated: 8955.747128737125
2021-11-27 20:34:20.781  INFO 530588 --- [ool-72-thread-2] .t.t.s.TourGuideClientRewardsServiceImpl : Service - Distance calculated: 8964.484932865418
2021-11-27 20:34:20.781  INFO 530588 --- [ool-72-thread-2] .t.t.s.TourGuideClientRewardsServiceImpl : Service - Distance calculated: 7727.689748293883
2021-11-27 20:34:20.781  INFO 530588 --- [ool-72-thread-2] .t.t.s.TourGuideClientRewardsServiceImpl : Service - Distance calculated: 7710.312491475241
2021-11-27 20:34:20.781  INFO 530588 --- [ool-72-thread-2] .t.t.s.TourGuideClientRewardsServiceImpl : Service - Distance calculated: 8621.282941614616
2021-11-27 20:34:20.781  INFO 530588 --- [ool-72-thread-2] .t.t.s.TourGuideClientRewardsServiceImpl : Service - Distance calculated: 7296.003495149389
2021-11-27 20:34:20.781  INFO 530588 --- [ool-72-thread-2] .t.t.s.TourGuideClientRewardsServiceImpl : Service - Distance calculated: 7304.571735333854
2021-11-27 20:34:20.781  INFO 530588 --- [ool-72-thread-2] .t.t.s.TourGuideClientRewardsServiceImpl : Service - Distance calculated: 9824.155129066909
2021-11-27 20:34:20.781  INFO 530588 --- [ool-72-thread-2] .t.t.s.TourGuideClientRewardsServiceImpl : Service - Distance calculated: 6918.1978555297455
2021-11-27 20:34:20.782  INFO 530588 --- [ool-72-thread-2] .t.t.s.TourGuideClientRewardsServiceImpl : Service - Distance calculated: 7152.493304166888
2021-11-27 20:34:20.782  INFO 530588 --- [ool-72-thread-2] .t.t.s.TourGuideClientRewardsServiceImpl : Service - Distance calculated: 7003.998042882789
2021-11-27 20:34:20.782  INFO 530588 --- [ool-72-thread-2] .t.t.s.TourGuideClientRewardsServiceImpl : Service - Distance calculated: 6799.771748056185
2021-11-27 20:34:20.782  INFO 530588 --- [ool-72-thread-2] .t.t.s.TourGuideClientRewardsServiceImpl : Service - Distance calculated: 7874.695944044876
2021-11-27 20:34:20.782  INFO 530588 --- [ool-72-thread-2] .t.t.s.TourGuideClientRewardsServiceImpl : Service - Distance calculated: 7383.693699840494
2021-11-27 20:34:20.782  INFO 530588 --- [ool-72-thread-2] .t.t.s.TourGuideClientRewardsServiceImpl : Service - Distance calculated: 7510.985912397983
2021-11-27 20:34:20.782  INFO 530588 --- [ool-72-thread-2] .t.t.s.TourGuideClientRewardsServiceImpl : Service - Distance calculated: 7265.491398513539
2021-11-27 20:34:20.782  INFO 530588 --- [ool-72-thread-2] .t.t.s.TourGuideClientRewardsServiceImpl : Service - Distance calculated: 7803.586305631391
2021-11-27 20:34:20.782  INFO 530588 --- [ool-72-thread-2] .t.t.s.TourGuideClientRewardsServiceImpl : Service - Distance calculated: 9022.678480562636
2021-11-27 20:34:20.782  INFO 530588 --- [ool-72-thread-2] .t.t.s.TourGuideClientRewardsServiceImpl : Service - Distance calculated: 6963.267390508552
2021-11-27 20:34:20.782  INFO 530588 --- [ool-72-thread-2] .t.t.s.TourGuideClientRewardsServiceImpl : Service - Distance calculated: 6836.722216343045
2021-11-27 20:34:20.782  INFO 530588 --- [ool-72-thread-2] .t.t.s.TourGuideClientRewardsServiceImpl : Service - Distance calculated: 8397.785410191182
2021-11-27 20:34:20.782  INFO 530588 --- [ool-72-thread-2] .t.t.s.TourGuideClientRewardsServiceImpl : Service - Distance calculated: 7883.11520168388
2021-11-27 20:34:20.782  INFO 530588 --- [ool-72-thread-2] .t.t.s.TourGuideClientRewardsServiceImpl : Service - Distance calculated: 6916.3350074486825
2021-11-27 20:34:20.782  INFO 530588 --- [ool-72-thread-2] .t.t.s.TourGuideClientRewardsServiceImpl : Service - Distance calculated: 6926.516455245202
2021-11-27 20:34:20.782  INFO 530588 --- [ool-72-thread-2] .t.t.s.TourGuideClientRewardsServiceImpl : Service - Distance calculated: 8543.033028955873
2021-11-27 20:34:20.782  INFO 530588 --- [ool-72-thread-2] .t.t.s.TourGuideClientRewardsServiceImpl : Service - Distance calculated: 7796.643815240642
2021-11-27 20:34:20.782  INFO 530588 --- [ool-72-thread-2] .t.t.s.TourGuideClientRewardsServiceImpl : Service - Distance calculated: 8381.560047806692
2021-11-27 20:34:20.782  INFO 530588 --- [ool-72-thread-2] .t.t.s.TourGuideClientRewardsServiceImpl : Service - Distance calculated: 8458.327420243759
2021-11-27 20:34:20.782  INFO 530588 --- [ool-72-thread-2] .t.t.s.TourGuideClientRewardsServiceImpl : Service - Distance calculated: 7308.415349632169
2021-11-27 20:34:20.782  INFO 530588 --- [ool-72-thread-2] .t.t.s.TourGuideClientRewardsServiceImpl : Service - Distance calculated: 7368.10890539006
2021-11-27 20:34:20.782  INFO 530588 --- [ool-72-thread-2] .t.t.s.TourGuideClientRewardsServiceImpl : Service - Distance calculated: 8310.051407687202
2021-11-27 20:34:20.782  INFO 530588 --- [ool-72-thread-2] .t.t.s.TourGuideClientRewardsServiceImpl : Service - Distance calculated: 6683.323792772979
2021-11-27 20:34:20.782  INFO 530588 --- [ol-124-thread-2] .t.t.s.TourGuideClientRewardsServiceImpl : Service - Distance calculated: 5327.460767524845
2021-11-27 20:34:20.782  INFO 530588 --- [ol-124-thread-2] .t.t.s.TourGuideClientRewardsServiceImpl : Service - Distance calculated: 4724.31460626977
2021-11-27 20:34:20.782  INFO 530588 --- [ol-124-thread-2] .t.t.s.TourGuideClientRewardsServiceImpl : Service - Distance calculated: 5261.358035526393
2021-11-27 20:34:20.782  INFO 530588 --- [ol-124-thread-2] .t.t.s.TourGuideClientRewardsServiceImpl : Service - Distance calculated: 5343.386164314036
2021-11-27 20:34:20.782  INFO 530588 --- [ol-124-thread-2] .t.t.s.TourGuideClientRewardsServiceImpl : Service - Distance calculated: 5319.278561228791
2021-11-27 20:34:20.782  INFO 530588 --- [ol-124-thread-2] .t.t.s.TourGuideClientRewardsServiceImpl : Service - Distance calculated: 5420.143366841107
2021-11-27 20:34:20.782  INFO 530588 --- [ol-124-thread-2] .t.t.s.TourGuideClientRewardsServiceImpl : Service - Distance calculated: 5531.23056000705
2021-11-27 20:34:20.782  INFO 530588 --- [ol-124-thread-2] .t.t.s.TourGuideClientRewardsServiceImpl : Service - Distance calculated: 5032.945115536018
2021-11-27 20:34:20.782  INFO 530588 --- [ol-124-thread-2] .t.t.s.TourGuideClientRewardsServiceImpl : Service - Distance calculated: 5231.371316047574
2021-11-27 20:34:20.782  INFO 530588 --- [ol-124-thread-2] .t.t.s.TourGuideClientRewardsServiceImpl : Service - Distance calculated: 3095.6758362868172
2021-11-27 20:34:20.782  INFO 530588 --- [ol-124-thread-2] .t.t.s.TourGuideClientRewardsServiceImpl : Service - Distance calculated: 4937.343963693698
2021-11-27 20:34:20.782  INFO 530588 --- [ol-124-thread-2] .t.t.s.TourGuideClientRewardsServiceImpl : Service - Distance calculated: 5023.960813573839
2021-11-27 20:34:20.782  INFO 530588 --- [ol-124-thread-2] .t.t.s.TourGuideClientRewardsServiceImpl : Service - Distance calculated: 5081.456285234244
2021-11-27 20:34:20.782  INFO 530588 --- [ol-124-thread-2] .t.t.s.TourGuideClientRewardsServiceImpl : Service - Distance calculated: 5922.7877111003545
2021-11-27 20:34:20.782  INFO 530588 --- [ol-124-thread-2] .t.t.s.TourGuideClientRewardsServiceImpl : Service - Distance calculated: 5704.343718355645
2021-11-27 20:34:20.782  INFO 530588 --- [ol-124-thread-2] .t.t.s.TourGuideClientRewardsServiceImpl : Service - Distance calculated: 5509.149874929325
2021-11-27 20:34:20.782  INFO 530588 --- [ol-124-thread-2] .t.t.s.TourGuideClientRewardsServiceImpl : Service - Distance calculated: 5704.689013733233
2021-11-27 20:34:20.782  INFO 530588 --- [ol-124-thread-2] .t.t.s.TourGuideClientRewardsServiceImpl : Service - Distance calculated: 5312.097553258602
2021-11-27 20:34:20.782  INFO 530588 --- [ol-124-thread-2] .t.t.s.TourGuideClientRewardsServiceImpl : Service - Distance calculated: 5685.238506778929
2021-11-27 20:34:20.782  INFO 530588 --- [ol-124-thread-2] .t.t.s.TourGuideClientRewardsServiceImpl : Service - Distance calculated: 5408.958448873433
2021-11-27 20:34:20.782  INFO 530588 --- [ol-124-thread-2] .t.t.s.TourGuideClientRewardsServiceImpl : Service - Distance calculated: 5855.071044280772
2021-11-27 20:34:20.782  INFO 530588 --- [ol-124-thread-2] .t.t.s.TourGuideClientRewardsServiceImpl : Service - Distance calculated: 4810.728948055461
2021-11-27 20:34:20.783  INFO 530588 --- [ol-124-thread-2] .t.t.s.TourGuideClientRewardsServiceImpl : Service - Distance calculated: 5563.045270370513
2021-11-27 20:34:20.783  INFO 530588 --- [ol-124-thread-2] .t.t.s.TourGuideClientRewardsServiceImpl : Service - Distance calculated: 5108.8702051547625
2021-11-27 20:34:20.783  INFO 530588 --- [ol-124-thread-2] .t.t.s.TourGuideClientRewardsServiceImpl : Service - Distance calculated: 4928.941569131226
2021-11-27 20:34:20.783  INFO 530588 --- [ol-124-thread-2] .t.t.s.TourGuideClientRewardsServiceImpl : Service - Distance calculated: 5823.726050018715
2021-11-27 20:34:20.783  INFO 530588 --- [ol-124-thread-2] .t.t.s.TourGuideClientRewardsServiceImpl : Service - Distance calculated: 10796.282908625097
2021-11-27 20:34:20.783  INFO 530588 --- [ol-124-thread-2] .t.t.s.TourGuideClientRewardsServiceImpl : Service - Distance calculated: 10957.983087258954
2021-11-27 20:34:20.783  INFO 530588 --- [ol-124-thread-2] .t.t.s.TourGuideClientRewardsServiceImpl : Service - Distance calculated: 10925.602520258039
2021-11-27 20:34:20.783  INFO 530588 --- [ol-124-thread-2] .t.t.s.TourGuideClientRewardsServiceImpl : Service - Distance calculated: 10911.798218167254
2021-11-27 20:34:20.783  INFO 530588 --- [ol-124-thread-2] .t.t.s.TourGuideClientRewardsServiceImpl : Service - Distance calculated: 11979.049824451222
2021-11-27 20:34:20.783  INFO 530588 --- [ol-124-thread-2] .t.t.s.TourGuideClientRewardsServiceImpl : Service - Distance calculated: 12067.049719178707
2021-11-27 20:34:20.783  INFO 530588 --- [ol-124-thread-2] .t.t.s.TourGuideClientRewardsServiceImpl : Service - Distance calculated: 11240.537642684088
2021-11-27 20:34:20.783  INFO 530588 --- [ol-124-thread-2] .t.t.s.TourGuideClientRewardsServiceImpl : Service - Distance calculated: 11593.199835723348
2021-11-27 20:34:20.783  INFO 530588 --- [ol-124-thread-2] .t.t.s.TourGuideClientRewardsServiceImpl : Service - Distance calculated: 11802.656343794602
2021-11-27 20:34:20.783  INFO 530588 --- [ol-124-thread-2] .t.t.s.TourGuideClientRewardsServiceImpl : Service - Distance calculated: 9001.58351801578
2021-11-27 20:34:20.783  INFO 530588 --- [ol-124-thread-2] .t.t.s.TourGuideClientRewardsServiceImpl : Service - Distance calculated: 11235.087377914073
2021-11-27 20:34:20.783  INFO 530588 --- [ol-124-thread-2] .t.t.s.TourGuideClientRewardsServiceImpl : Service - Distance calculated: 11494.391323403952
2021-11-27 20:34:20.783  INFO 530588 --- [ol-124-thread-2] .t.t.s.TourGuideClientRewardsServiceImpl : Service - Distance calculated: 11439.111900662823
2021-11-27 20:34:20.783  INFO 530588 --- [ol-124-thread-2] .t.t.s.TourGuideClientRewardsServiceImpl : Service - Distance calculated: 11770.870451172425
2021-11-27 20:34:20.783  INFO 530588 --- [ol-124-thread-2] .t.t.s.TourGuideClientRewardsServiceImpl : Service - Distance calculated: 11990.713105892304
2021-11-27 20:34:20.783  INFO 530588 --- [ol-124-thread-2] .t.t.s.TourGuideClientRewardsServiceImpl : Service - Distance calculated: 12136.964405902663
2021-11-27 20:34:20.783  INFO 530588 --- [ol-124-thread-2] .t.t.s.TourGuideClientRewardsServiceImpl : Service - Distance calculated: 12365.649700517057
2021-11-27 20:34:20.783  INFO 530588 --- [ol-124-thread-2] .t.t.s.TourGuideClientRewardsServiceImpl : Service - Distance calculated: 11859.141593237542
2021-11-27 20:34:20.783  INFO 530588 --- [ol-124-thread-2] .t.t.s.TourGuideClientRewardsServiceImpl : Service - Distance calculated: 12071.250800886328
2021-11-27 20:34:20.783  INFO 530588 --- [ol-124-thread-2] .t.t.s.TourGuideClientRewardsServiceImpl : Service - Distance calculated: 10842.533940223246
2021-11-27 20:34:20.783  INFO 530588 --- [ol-124-thread-2] .t.t.s.TourGuideClientRewardsServiceImpl : Service - Distance calculated: 11931.987256474209
2021-11-27 20:34:20.783  INFO 530588 --- [ol-124-thread-2] .t.t.s.TourGuideClientRewardsServiceImpl : Service - Distance calculated: 11050.46577695515
2021-11-27 20:34:20.783  INFO 530588 --- [ol-124-thread-2] .t.t.s.TourGuideClientRewardsServiceImpl : Service - Distance calculated: 11469.476324257546
2021-11-27 20:34:20.783  INFO 530588 --- [ol-124-thread-2] .t.t.s.TourGuideClientRewardsServiceImpl : Service - Distance calculated: 11749.856281552346
2021-11-27 20:34:20.783  INFO 530588 --- [ol-124-thread-2] .t.t.s.TourGuideClientRewardsServiceImpl : Service - Distance calculated: 11225.699167815106
2021-11-27 20:34:20.783  INFO 530588 --- [ol-124-thread-2] .t.t.s.TourGuideClientRewardsServiceImpl : Service - Distance calculated: 11886.38386737077
2021-11-27 20:34:20.783  INFO 530588 --- [ol-124-thread-2] .t.t.s.TourGuideClientRewardsServiceImpl : Service - Distance calculated: 2090.265405682033
2021-11-27 20:34:20.783  INFO 530588 --- [ol-124-thread-2] .t.t.s.TourGuideClientRewardsServiceImpl : Service - Distance calculated: 1752.583018530848
2021-11-27 20:34:20.783  INFO 530588 --- [ol-124-thread-2] .t.t.s.TourGuideClientRewardsServiceImpl : Service - Distance calculated: 2076.570366530645
2021-11-27 20:34:20.783  INFO 530588 --- [ol-124-thread-2] .t.t.s.TourGuideClientRewardsServiceImpl : Service - Distance calculated: 2141.2304812458174
2021-11-27 20:34:20.784  INFO 530588 --- [ol-124-thread-2] .t.t.s.TourGuideClientRewardsServiceImpl : Service - Distance calculated: 2776.049967546894
2021-11-27 20:34:20.784  INFO 530588 --- [ol-124-thread-2] .t.t.s.TourGuideClientRewardsServiceImpl : Service - Distance calculated: 2844.642763482316
2021-11-27 20:34:20.784  INFO 530588 --- [ol-124-thread-2] .t.t.s.TourGuideClientRewardsServiceImpl : Service - Distance calculated: 2423.9079785920367
2021-11-27 20:34:20.784  INFO 530588 --- [ol-124-thread-2] .t.t.s.TourGuideClientRewardsServiceImpl : Service - Distance calculated: 2943.7441683294705
2021-11-27 20:34:20.784  INFO 530588 --- [ol-124-thread-2] .t.t.s.TourGuideClientRewardsServiceImpl : Service - Distance calculated: 3027.431219687592
2021-11-27 20:34:20.784  INFO 530588 --- [ol-124-thread-2] .t.t.s.TourGuideClientRewardsServiceImpl : Service - Distance calculated: 271.1902965205672
2021-11-27 20:34:20.784  INFO 530588 --- [ol-124-thread-2] .t.t.s.TourGuideClientRewardsServiceImpl : Service - Distance calculated: 3205.4061177834565
2021-11-27 20:34:20.784  INFO 530588 --- [ol-124-thread-2] .t.t.s.TourGuideClientRewardsServiceImpl : Service - Distance calculated: 3051.3382609425284
2021-11-27 20:34:20.784  INFO 530588 --- [ol-124-thread-2] .t.t.s.TourGuideClientRewardsServiceImpl : Service - Distance calculated: 3191.3627588960053
2021-11-27 20:34:20.784  INFO 530588 --- [ol-124-thread-2] .t.t.s.TourGuideClientRewardsServiceImpl : Service - Distance calculated: 3726.2349795192217
2021-11-27 20:34:20.784  INFO 530588 --- [ol-124-thread-2] .t.t.s.TourGuideClientRewardsServiceImpl : Service - Distance calculated: 2917.890033587681
2021-11-27 20:34:20.784  INFO 530588 --- [ol-124-thread-2] .t.t.s.TourGuideClientRewardsServiceImpl : Service - Distance calculated: 3110.9405920382637
2021-11-27 20:34:20.784  INFO 530588 --- [ol-124-thread-2] .t.t.s.TourGuideClientRewardsServiceImpl : Service - Distance calculated: 3136.147162181568
2021-11-27 20:34:20.784  INFO 530588 --- [ol-124-thread-2] .t.t.s.TourGuideClientRewardsServiceImpl : Service - Distance calculated: 3094.4983532681285
2021-11-27 20:34:20.784  INFO 530588 --- [ol-124-thread-2] .t.t.s.TourGuideClientRewardsServiceImpl : Service - Distance calculated: 2946.616285373733
2021-11-27 20:34:20.784  INFO 530588 --- [ol-124-thread-2] .t.t.s.TourGuideClientRewardsServiceImpl : Service - Distance calculated: 2177.141808852845
2021-11-27 20:34:20.784  INFO 530588 --- [ol-124-thread-2] .t.t.s.TourGuideClientRewardsServiceImpl : Service - Distance calculated: 3579.072193842843
2021-11-27 20:34:20.784  INFO 530588 --- [ol-140-thread-2] .t.t.s.TourGuideClientRewardsServiceImpl : Service - Distance calculated: 6199.92445296226
2021-11-27 20:34:20.784  INFO 530588 --- [ol-140-thread-2] .t.t.s.TourGuideClientRewardsServiceImpl : Service - Distance calculated: 6429.119698969184
2021-11-27 20:34:20.784  INFO 530588 --- [ol-140-thread-2] .t.t.s.TourGuideClientRewardsServiceImpl : Service - Distance calculated: 6317.637492179921
2021-11-27 20:34:20.784  INFO 530588 --- [ol-140-thread-2] .t.t.s.TourGuideClientRewardsServiceImpl : Service - Distance calculated: 6313.008242318883
2021-11-27 20:34:20.784  INFO 530588 --- [ol-140-thread-2] .t.t.s.TourGuideClientRewardsServiceImpl : Service - Distance calculated: 7507.89096413019
2021-11-27 20:34:20.784  INFO 530588 --- [ol-140-thread-2] .t.t.s.TourGuideClientRewardsServiceImpl : Service - Distance calculated: 7537.311743498008
2021-11-27 20:34:20.784  INFO 530588 --- [ol-140-thread-2] .t.t.s.TourGuideClientRewardsServiceImpl : Service - Distance calculated: 6658.220059930977
2021-11-27 20:34:20.784  INFO 530588 --- [ol-140-thread-2] .t.t.s.TourGuideClientRewardsServiceImpl : Service - Distance calculated: 7853.868961978555
2021-11-27 20:34:20.784  INFO 530588 --- [ol-140-thread-2] .t.t.s.TourGuideClientRewardsServiceImpl : Service - Distance calculated: 7888.167626200851
2021-11-27 20:34:20.784  INFO 530588 --- [ol-140-thread-2] .t.t.s.TourGuideClientRewardsServiceImpl : Service - Distance calculated: 4834.47137981855
2021-11-27 20:34:20.784  INFO 530588 --- [ol-140-thread-2] .t.t.s.TourGuideClientRewardsServiceImpl : Service - Distance calculated: 8162.025550911449
2021-11-27 20:34:20.784  INFO 530588 --- [ol-140-thread-2] .t.t.s.TourGuideClientRewardsServiceImpl : Service - Distance calculated: 7980.064780907084
2021-11-27 20:34:20.784  INFO 530588 --- [ol-140-thread-2] .t.t.s.TourGuideClientRewardsServiceImpl : Service - Distance calculated: 8126.094494105528
2021-11-27 20:34:20.784  INFO 530588 --- [ol-140-thread-2] .t.t.s.TourGuideClientRewardsServiceImpl : Service - Distance calculated: 8461.841211836227
2021-11-27 20:34:20.784  INFO 530588 --- [ol-140-thread-2] .t.t.s.TourGuideClientRewardsServiceImpl : Service - Distance calculated: 7401.336780414149
2021-11-27 20:34:20.784  INFO 530588 --- [ol-140-thread-2] .t.t.s.TourGuideClientRewardsServiceImpl : Service - Distance calculated: 7858.825261728285
2021-11-27 20:34:20.784  INFO 530588 --- [ol-140-thread-2] .t.t.s.TourGuideClientRewardsServiceImpl : Service - Distance calculated: 7756.6047128409655
2021-11-27 20:34:20.785  INFO 530588 --- [ol-140-thread-2] .t.t.s.TourGuideClientRewardsServiceImpl : Service - Distance calculated: 7939.172424552073
2021-11-27 20:34:20.785  INFO 530588 --- [ol-140-thread-2] .t.t.s.TourGuideClientRewardsServiceImpl : Service - Distance calculated: 7470.149267817097
2021-11-27 20:34:20.785  INFO 530588 --- [ol-140-thread-2] .t.t.s.TourGuideClientRewardsServiceImpl : Service - Distance calculated: 6257.207286006039
2021-11-27 20:34:20.785  INFO 530588 --- [ol-140-thread-2] .t.t.s.TourGuideClientRewardsServiceImpl : Service - Distance calculated: 8298.359371936871
2021-11-27 20:34:20.785  INFO 530588 --- [ol-140-thread-2] .t.t.s.TourGuideClientRewardsServiceImpl : Service - Distance calculated: 8192.600974383167
2021-11-27 20:34:20.785  INFO 530588 --- [ol-140-thread-2] .t.t.s.TourGuideClientRewardsServiceImpl : Service - Distance calculated: 6880.370242290342
2021-11-27 20:34:20.785  INFO 530588 --- [ol-140-thread-2] .t.t.s.TourGuideClientRewardsServiceImpl : Service - Distance calculated: 7329.548663288991
2021-11-27 20:34:20.785  INFO 530588 --- [ol-140-thread-2] .t.t.s.TourGuideClientRewardsServiceImpl : Service - Distance calculated: 8161.192175343594
2021-11-27 20:34:20.785  INFO 530588 --- [ol-140-thread-2] .t.t.s.TourGuideClientRewardsServiceImpl : Service - Distance calculated: 8330.544335185616
2021-11-27 20:34:20.785  INFO 530588 --- [ol-140-thread-2] .t.t.s.TourGuideClientRewardsServiceImpl : Service - Distance calculated: 5598.709681796116
2021-11-27 20:34:20.785  INFO 530588 --- [ol-140-thread-2] .t.t.s.TourGuideClientRewardsServiceImpl : Service - Distance calculated: 6337.655277032089
2021-11-27 20:34:20.785  INFO 530588 --- [ol-140-thread-2] .t.t.s.TourGuideClientRewardsServiceImpl : Service - Distance calculated: 5760.792902635693
2021-11-27 20:34:20.785  INFO 530588 --- [ol-140-thread-2] .t.t.s.TourGuideClientRewardsServiceImpl : Service - Distance calculated: 5684.685674880428
2021-11-27 20:34:20.785  INFO 530588 --- [ol-140-thread-2] .t.t.s.TourGuideClientRewardsServiceImpl : Service - Distance calculated: 6816.528269077455
2021-11-27 20:34:20.742  INFO 530588 --- [ool-74-thread-2] .t.t.s.TourGuideClientRewardsServiceImpl : Service - Distance calculated: 6569.841020479931
2021-11-27 20:34:20.785  INFO 530588 --- [ool-74-thread-2] .t.t.s.TourGuideClientRewardsServiceImpl : Service - Distance calculated: 7143.594997572036
2021-11-27 20:34:20.785  INFO 530588 --- [ool-74-thread-2] .t.t.s.TourGuideClientRewardsServiceImpl : Service - Distance calculated: 6730.229211859304
2021-11-27 20:34:20.785  INFO 530588 --- [ool-74-thread-2] .t.t.s.TourGuideClientRewardsServiceImpl : Service - Distance calculated: 6680.038391533493
2021-11-27 20:34:20.785  INFO 530588 --- [ool-74-thread-2] .t.t.s.TourGuideClientRewardsServiceImpl : Service - Distance calculated: 7984.612511187599
2021-11-27 20:34:20.785  INFO 530588 --- [ool-74-thread-2] .t.t.s.TourGuideClientRewardsServiceImpl : Service - Distance calculated: 7955.336767516443
2021-11-27 20:34:20.785  INFO 530588 --- [ool-74-thread-2] .t.t.s.TourGuideClientRewardsServiceImpl : Service - Distance calculated: 6940.3758177785385
2021-11-27 20:34:20.743  INFO 530588 --- [ool-63-thread-2] .t.t.s.TourGuideClientRewardsServiceImpl : Service - Distance calculated: 5710.456327965915
2021-11-27 20:34:20.785  INFO 530588 --- [ool-80-thread-2] .t.t.s.TourGuideClientRewardsServiceImpl : Service - Distance calculated: 6605.629955194638
2021-11-27 20:34:20.785  INFO 530588 --- [ool-63-thread-2] .t.t.s.TourGuideClientRewardsServiceImpl : Service - Distance calculated: 5077.985030297724
2021-11-27 20:34:20.785  INFO 530588 --- [ool-80-thread-2] .t.t.s.TourGuideClientRewardsServiceImpl : Service - Distance calculated: 7375.143644665372
2021-11-27 20:34:20.785  INFO 530588 --- [ool-63-thread-2] .t.t.s.TourGuideClientRewardsServiceImpl : Service - Distance calculated: 5635.734293567336
2021-11-27 20:34:20.785  INFO 530588 --- [ool-80-thread-2] .t.t.s.TourGuideClientRewardsServiceImpl : Service - Distance calculated: 6758.654057005913
2021-11-27 20:34:20.785  INFO 530588 --- [ool-80-thread-2] .t.t.s.TourGuideClientRewardsServiceImpl : Service - Distance calculated: 6674.627945759355
2021-11-27 20:34:20.785  INFO 530588 --- [ool-63-thread-2] .t.t.s.TourGuideClientRewardsServiceImpl : Service - Distance calculated: 5719.778327819582
2021-11-27 20:34:20.785  INFO 530588 --- [ool-80-thread-2] .t.t.s.TourGuideClientRewardsServiceImpl : Service - Distance calculated: 7626.9771039452235
2021-11-27 20:34:20.785  INFO 530588 --- [ool-63-thread-2] .t.t.s.TourGuideClientRewardsServiceImpl : Service - Distance calculated: 5598.7078542860045
2021-11-27 20:34:20.785  INFO 530588 --- [ool-80-thread-2] .t.t.s.TourGuideClientRewardsServiceImpl : Service - Distance calculated: 7543.858189017106
2021-11-27 20:34:20.785  INFO 530588 --- [ool-63-thread-2] .t.t.s.TourGuideClientRewardsServiceImpl : Service - Distance calculated: 5700.703032718786
2021-11-27 20:34:20.785  INFO 530588 --- [ool-80-thread-2] .t.t.s.TourGuideClientRewardsServiceImpl : Service - Distance calculated: 6749.825965364054
2021-11-27 20:34:20.785  INFO 530588 --- [ool-63-thread-2] .t.t.s.TourGuideClientRewardsServiceImpl : Service - Distance calculated: 5888.798990510366
2021-11-27 20:34:20.785  INFO 530588 --- [ool-80-thread-2] .t.t.s.TourGuideClientRewardsServiceImpl : Service - Distance calculated: 8226.341347298669
2021-11-27 20:34:20.785  INFO 530588 --- [ool-54-thread-2] .t.t.s.TourGuideClientRewardsServiceImpl : Service - Distance calculated: 4332.127467933913
2021-11-27 20:34:20.785  INFO 530588 --- [ool-80-thread-2] .t.t.s.TourGuideClientRewardsServiceImpl : Service - Distance calculated: 8031.645599074796
2021-11-27 20:34:20.785  INFO 530588 --- [ool-54-thread-2] .t.t.s.TourGuideClientRewardsServiceImpl : Service - Distance calculated: 3559.5368436173776
2021-11-27 20:34:20.785  INFO 530588 --- [ool-80-thread-2] .t.t.s.TourGuideClientRewardsServiceImpl : Service - Distance calculated: 7648.441630012139
2021-11-27 20:34:20.785  INFO 530588 --- [ool-54-thread-2] .t.t.s.TourGuideClientRewardsServiceImpl : Service - Distance calculated: 4192.886769775131
2021-11-27 20:34:20.785  INFO 530588 --- [ool-54-thread-2] .t.t.s.TourGuideClientRewardsServiceImpl : Service - Distance calculated: 4281.357286958218
2021-11-27 20:34:20.784  INFO 530588 --- [ol-124-thread-2] .t.t.s.TourGuideClientRewardsServiceImpl : Service - Distance calculated: 3229.5132850239766
2021-11-27 20:34:20.785  INFO 530588 --- [ool-54-thread-2] .t.t.s.TourGuideClientRewardsServiceImpl : Service - Distance calculated: 3586.173680117812
2021-11-27 20:34:20.785  INFO 530588 --- [ol-124-thread-2] .t.t.s.TourGuideClientRewardsServiceImpl : Service - Distance calculated: 2547.6831149289046
2021-11-27 20:34:20.786  INFO 530588 --- [ool-54-thread-2] .t.t.s.TourGuideClientRewardsServiceImpl : Service - Distance calculated: 3683.857321280903
2021-11-27 20:34:20.786  INFO 530588 --- [ool-54-thread-2] .t.t.s.TourGuideClientRewardsServiceImpl : Service - Distance calculated: 4278.68860702648
2021-11-27 20:34:20.786  INFO 530588 --- [ool-54-thread-2] .t.t.s.TourGuideClientRewardsServiceImpl : Service - Distance calculated: 3084.579273006498
2021-11-27 20:34:20.786  INFO 530588 --- [ool-54-thread-2] .t.t.s.TourGuideClientRewardsServiceImpl : Service - Distance calculated: 3298.027111402879
2021-11-27 20:34:20.786  INFO 530588 --- [ool-54-thread-2] .t.t.s.TourGuideClientRewardsServiceImpl : Service - Distance calculated: 3167.8061902880504
2021-11-27 20:34:20.786  INFO 530588 --- [ool-54-thread-2] .t.t.s.TourGuideClientRewardsServiceImpl : Service - Distance calculated: 2827.035051573262
2021-11-27 20:34:20.786  INFO 530588 --- [ool-54-thread-2] .t.t.s.TourGuideClientRewardsServiceImpl : Service - Distance calculated: 3013.2336829820697
2021-11-27 20:34:20.786  INFO 530588 --- [ool-54-thread-2] .t.t.s.TourGuideClientRewardsServiceImpl : Service - Distance calculated: 3013.9873706127178
2021-11-27 20:34:20.786  INFO 530588 --- [ool-54-thread-2] .t.t.s.TourGuideClientRewardsServiceImpl : Service - Distance calculated: 3840.861938388812
2021-11-27 20:34:20.786  INFO 530588 --- [ool-54-thread-2] .t.t.s.TourGuideClientRewardsServiceImpl : Service - Distance calculated: 4065.509464903798
2021-11-27 20:34:20.786  INFO 530588 --- [ool-54-thread-2] .t.t.s.TourGuideClientRewardsServiceImpl : Service - Distance calculated: 3627.7164111828524
2021-11-27 20:34:20.786  INFO 530588 --- [ool-54-thread-2] .t.t.s.TourGuideClientRewardsServiceImpl : Service - Distance calculated: 3893.3529434823354
2021-11-27 20:34:20.786  INFO 530588 --- [ool-54-thread-2] .t.t.s.TourGuideClientRewardsServiceImpl : Service - Distance calculated: 3366.821788935674
2021-11-27 20:34:20.786  INFO 530588 --- [ool-54-thread-2] .t.t.s.TourGuideClientRewardsServiceImpl : Service - Distance calculated: 4010.1960780698087
2021-11-27 20:34:20.786  INFO 530588 --- [ool-54-thread-2] .t.t.s.TourGuideClientRewardsServiceImpl : Service - Distance calculated: 4382.808090624064
2021-11-27 20:34:20.786  INFO 530588 --- [ool-54-thread-2] .t.t.s.TourGuideClientRewardsServiceImpl : Service - Distance calculated: 3827.365418242731
2021-11-27 20:34:20.786  INFO 530588 --- [ool-54-thread-2] .t.t.s.TourGuideClientRewardsServiceImpl : Service - Distance calculated: 2661.151243547917
2021-11-27 20:34:20.786  INFO 530588 --- [ool-54-thread-2] .t.t.s.TourGuideClientRewardsServiceImpl : Service - Distance calculated: 4188.25650730428
2021-11-27 20:34:20.786  INFO 530588 --- [ool-54-thread-2] .t.t.s.TourGuideClientRewardsServiceImpl : Service - Distance calculated: 3444.834520070104
2021-11-27 20:34:20.786  INFO 530588 --- [ool-54-thread-2] .t.t.s.TourGuideClientRewardsServiceImpl : Service - Distance calculated: 2817.3564723595846
2021-11-27 20:34:20.786  INFO 530588 --- [ool-54-thread-2] .t.t.s.TourGuideClientRewardsServiceImpl : Service - Distance calculated: 3779.87145002159
2021-11-27 20:34:20.786  INFO 530588 --- [ool-54-thread-2] .t.t.s.TourGuideClientRewardsServiceImpl : Service - Distance calculated: 9742.942102264706
2021-11-27 20:34:20.786  INFO 530588 --- [ool-54-thread-2] .t.t.s.TourGuideClientRewardsServiceImpl : Service - Distance calculated: 9493.477209606002
2021-11-27 20:34:20.786  INFO 530588 --- [ool-54-thread-2] .t.t.s.TourGuideClientRewardsServiceImpl : Service - Distance calculated: 9783.957524317235
2021-11-27 20:34:20.786  INFO 530588 --- [ool-54-thread-2] .t.t.s.TourGuideClientRewardsServiceImpl : Service - Distance calculated: 9827.373619564058
2021-11-27 20:34:20.786  INFO 530588 --- [ool-54-thread-2] .t.t.s.TourGuideClientRewardsServiceImpl : Service - Distance calculated: 10322.685419058684
2021-11-27 20:34:20.786  INFO 530588 --- [ool-54-thread-2] .t.t.s.TourGuideClientRewardsServiceImpl : Service - Distance calculated: 10420.562914428054
2021-11-27 20:34:20.786  INFO 530588 --- [ool-54-thread-2] .t.t.s.TourGuideClientRewardsServiceImpl : Service - Distance calculated: 10154.431945496508
2021-11-27 20:34:20.786  INFO 530588 --- [ool-54-thread-2] .t.t.s.TourGuideClientRewardsServiceImpl : Service - Distance calculated: 10029.338910340206
2021-11-27 20:34:20.786  INFO 530588 --- [ool-54-thread-2] .t.t.s.TourGuideClientRewardsServiceImpl : Service - Distance calculated: 10236.111650957208
2021-11-27 20:34:20.786  INFO 530588 --- [ool-54-thread-2] .t.t.s.TourGuideClientRewardsServiceImpl : Service - Distance calculated: 7501.044052827265
2021-11-27 20:34:20.786  INFO 530588 --- [ool-54-thread-2] .t.t.s.TourGuideClientRewardsServiceImpl : Service - Distance calculated: 9837.987274413868
2021-11-27 20:34:20.786  INFO 530588 --- [ool-54-thread-2] .t.t.s.TourGuideClientRewardsServiceImpl : Service - Distance calculated: 9993.929587808021
2021-11-27 20:34:20.786  INFO 530588 --- [ool-54-thread-2] .t.t.s.TourGuideClientRewardsServiceImpl : Service - Distance calculated: 10017.668364850268
2021-11-27 20:34:20.786  INFO 530588 --- [ool-54-thread-2] .t.t.s.TourGuideClientRewardsServiceImpl : Service - Distance calculated: 10854.0257027873
2021-11-27 20:34:20.786  INFO 530588 --- [ool-54-thread-2] .t.t.s.TourGuideClientRewardsServiceImpl : Service - Distance calculated: 10636.62385496589
2021-11-27 20:34:20.786  INFO 530588 --- [ool-54-thread-2] .t.t.s.TourGuideClientRewardsServiceImpl : Service - Distance calculated: 10526.37803453673
2021-11-27 20:34:20.786  INFO 530588 --- [ool-54-thread-2] .t.t.s.TourGuideClientRewardsServiceImpl : Service - Distance calculated: 10715.290488082199
2021-11-27 20:34:20.786  INFO 530588 --- [ool-54-thread-2] .t.t.s.TourGuideClientRewardsServiceImpl : Service - Distance calculated: 10314.856456320409
2021-11-27 20:34:20.786  INFO 530588 --- [ool-54-thread-2] .t.t.s.TourGuideClientRewardsServiceImpl : Service - Distance calculated: 10641.897639556726
2021-11-27 20:34:20.787  INFO 530588 --- [ool-54-thread-2] .t.t.s.TourGuideClientRewardsServiceImpl : Service - Distance calculated: 9825.036523471532
2021-11-27 20:34:20.787  INFO 530588 --- [ool-54-thread-2] .t.t.s.TourGuideClientRewardsServiceImpl : Service - Distance calculated: 10830.11548597379
2021-11-27 20:34:20.787  INFO 530588 --- [ool-54-thread-2] .t.t.s.TourGuideClientRewardsServiceImpl : Service - Distance calculated: 9674.316095056487
2021-11-27 20:34:20.787  INFO 530588 --- [ool-54-thread-2] .t.t.s.TourGuideClientRewardsServiceImpl : Service - Distance calculated: 10301.923178567862
2021-11-27 20:34:20.787  INFO 530588 --- [ool-54-thread-2] .t.t.s.TourGuideClientRewardsServiceImpl : Service - Distance calculated: 10101.626599506912
2021-11-27 20:34:20.787  INFO 530588 --- [ool-54-thread-2] .t.t.s.TourGuideClientRewardsServiceImpl : Service - Distance calculated: 9828.413523418658
2021-11-27 20:34:20.787  INFO 530588 --- [ool-54-thread-2] .t.t.s.TourGuideClientRewardsServiceImpl : Service - Distance calculated: 10787.106581045013
2021-11-27 20:34:20.787  INFO 530588 --- [ool-54-thread-2] .t.t.s.TourGuideClientRewardsServiceImpl : Service - Distance calculated: 8660.255264492122
2021-11-27 20:34:20.787  INFO 530588 --- [ool-54-thread-2] .t.t.s.TourGuideClientRewardsServiceImpl : Service - Distance calculated: 7955.38628753792
2021-11-27 20:34:20.787  INFO 530588 --- [ool-54-thread-2] .t.t.s.TourGuideClientRewardsServiceImpl : Service - Distance calculated: 8562.251328429687
2021-11-27 20:34:20.787  INFO 530588 --- [ool-54-thread-2] .t.t.s.TourGuideClientRewardsServiceImpl : Service - Distance calculated: 8650.560677738787
2021-11-27 20:34:20.787  INFO 530588 --- [ool-54-thread-2] .t.t.s.TourGuideClientRewardsServiceImpl : Service - Distance calculated: 8147.877325469624
2021-11-27 20:34:20.787  INFO 530588 --- [ool-54-thread-2] .t.t.s.TourGuideClientRewardsServiceImpl : Service - Distance calculated: 8244.562785972488
2021-11-27 20:34:20.787  INFO 530588 --- [ool-54-thread-2] .t.t.s.TourGuideClientRewardsServiceImpl : Service - Distance calculated: 8751.154434668924
2021-11-27 20:34:20.787  INFO 530588 --- [ool-54-thread-2] .t.t.s.TourGuideClientRewardsServiceImpl : Service - Distance calculated: 7616.056675893017
2021-11-27 20:34:20.787  INFO 530588 --- [ool-54-thread-2] .t.t.s.TourGuideClientRewardsServiceImpl : Service - Distance calculated: 7825.58424487842
2021-11-27 20:34:20.787  INFO 530588 --- [ool-54-thread-2] .t.t.s.TourGuideClientRewardsServiceImpl : Service - Distance calculated: 6518.085991431877
2021-11-27 20:34:20.787  INFO 530588 --- [ool-54-thread-2] .t.t.s.TourGuideClientRewardsServiceImpl : Service - Distance calculated: 7288.36685198807
2021-11-27 20:34:20.787  INFO 530588 --- [ool-45-thread-2] .t.t.s.TourGuideClientRewardsServiceImpl : Service - Distance calculated: 5492.214007016291
2021-11-27 20:34:20.787  INFO 530588 --- [ool-54-thread-2] .t.t.s.TourGuideClientRewardsServiceImpl : Service - Distance calculated: 7522.156762137635
2021-11-27 20:34:20.787  INFO 530588 --- [ool-45-thread-2] .t.t.s.TourGuideClientRewardsServiceImpl : Service - Distance calculated: 5726.3346704863225
2021-11-27 20:34:20.788  INFO 530588 --- [ool-45-thread-2] .t.t.s.TourGuideClientRewardsServiceImpl : Service - Distance calculated: 5609.0531278524495
2021-11-27 20:34:20.788  INFO 530588 --- [ool-45-thread-2] .t.t.s.TourGuideClientRewardsServiceImpl : Service - Distance calculated: 5605.04515878819
2021-11-27 20:34:20.788  INFO 530588 --- [ool-45-thread-2] .t.t.s.TourGuideClientRewardsServiceImpl : Service - Distance calculated: 6801.885207444049
2021-11-27 20:34:20.788  INFO 530588 --- [ool-45-thread-2] .t.t.s.TourGuideClientRewardsServiceImpl : Service - Distance calculated: 6829.914044266031
2021-11-27 20:34:20.788  INFO 530588 --- [ool-45-thread-2] .t.t.s.TourGuideClientRewardsServiceImpl : Service - Distance calculated: 5950.933443395063
2021-11-27 20:34:20.788  INFO 530588 --- [ool-45-thread-2] .t.t.s.TourGuideClientRewardsServiceImpl : Service - Distance calculated: 7162.993655031997
2021-11-27 20:34:20.788  INFO 530588 --- [ool-45-thread-2] .t.t.s.TourGuideClientRewardsServiceImpl : Service - Distance calculated: 7189.423253937347
2021-11-27 20:34:20.788  INFO 530588 --- [ool-45-thread-2] .t.t.s.TourGuideClientRewardsServiceImpl : Service - Distance calculated: 4198.629090895406
2021-11-27 20:34:20.788  INFO 530588 --- [ool-45-thread-2] .t.t.s.TourGuideClientRewardsServiceImpl : Service - Distance calculated: 7487.204769840532
2021-11-27 20:34:20.788  INFO 530588 --- [ool-45-thread-2] .t.t.s.TourGuideClientRewardsServiceImpl : Service - Distance calculated: 7293.14533678754
2021-11-27 20:34:20.788  INFO 530588 --- [ool-45-thread-2] .t.t.s.TourGuideClientRewardsServiceImpl : Service - Distance calculated: 7440.350779721417
2021-11-27 20:34:20.788  INFO 530588 --- [ool-45-thread-2] .t.t.s.TourGuideClientRewardsServiceImpl : Service - Distance calculated: 7753.471116157769
2021-11-27 20:34:20.788  INFO 530588 --- [ool-50-thread-2] .t.t.s.TourGuideClientRewardsServiceImpl : Service - Distance calculated: 4151.909323594669
2021-11-27 20:34:20.788  INFO 530588 --- [ool-50-thread-2] .t.t.s.TourGuideClientRewardsServiceImpl : Service - Distance calculated: 3506.867452251215
2021-11-27 20:34:20.788  INFO 530588 --- [ool-50-thread-2] .t.t.s.TourGuideClientRewardsServiceImpl : Service - Distance calculated: 4070.602724465165
2021-11-27 20:34:20.788  INFO 530588 --- [ool-50-thread-2] .t.t.s.TourGuideClientRewardsServiceImpl : Service - Distance calculated: 4155.806294729239
2021-11-27 20:34:20.788  INFO 530588 --- [ool-50-thread-2] .t.t.s.TourGuideClientRewardsServiceImpl : Service - Distance calculated: 4079.8883221530905
2021-11-27 20:34:20.788  INFO 530588 --- [ool-50-thread-2] .t.t.s.TourGuideClientRewardsServiceImpl : Service - Distance calculated: 4180.377432165091
2021-11-27 20:34:20.788  INFO 530588 --- [ool-50-thread-2] .t.t.s.TourGuideClientRewardsServiceImpl : Service - Distance calculated: 4317.7902129290915
2021-11-27 20:34:20.788  INFO 530588 --- [ool-50-thread-2] .t.t.s.TourGuideClientRewardsServiceImpl : Service - Distance calculated: 3820.9186561435
2021-11-27 20:34:20.788  INFO 530588 --- [ool-50-thread-2] .t.t.s.TourGuideClientRewardsServiceImpl : Service - Distance calculated: 4013.172394269892
2021-11-27 20:34:20.788  INFO 530588 --- [ool-50-thread-2] .t.t.s.TourGuideClientRewardsServiceImpl : Service - Distance calculated: 2108.792878608636
2021-11-27 20:34:20.788  INFO 530588 --- [ool-50-thread-2] .t.t.s.TourGuideClientRewardsServiceImpl : Service - Distance calculated: 3768.504886308565
2021-11-27 20:34:20.788  INFO 530588 --- [ool-50-thread-2] .t.t.s.TourGuideClientRewardsServiceImpl : Service - Distance calculated: 3825.0071999521983
2021-11-27 20:34:20.788  INFO 530588 --- [ool-50-thread-2] .t.t.s.TourGuideClientRewardsServiceImpl : Service - Distance calculated: 3895.579733412804
2021-11-27 20:34:20.788  INFO 530588 --- [ool-76-thread-2] .t.t.s.TourGuideClientRewardsServiceImpl : Service - Distance calculated: 10327.970753593769
2021-11-27 20:34:20.788  INFO 530588 --- [ool-50-thread-2] .t.t.s.TourGuideClientRewardsServiceImpl : Service - Distance calculated: 4723.2741789633765
2021-11-27 20:34:20.788  INFO 530588 --- [ool-76-thread-2] .t.t.s.TourGuideClientRewardsServiceImpl : Service - Distance calculated: 10835.944545354283
2021-11-27 20:34:20.788  INFO 530588 --- [ool-76-thread-2] .t.t.s.TourGuideClientRewardsServiceImpl : Service - Distance calculated: 10380.823963698413
2021-11-27 20:34:20.788  INFO 530588 --- [ool-76-thread-2] .t.t.s.TourGuideClientRewardsServiceImpl : Service - Distance calculated: 10303.171052441065
2021-11-27 20:34:20.788  INFO 530588 --- [ool-76-thread-2] .t.t.s.TourGuideClientRewardsServiceImpl : Service - Distance calculated: 9916.10620167252
2021-11-27 20:34:20.788  INFO 530588 --- [ool-76-thread-2] .t.t.s.TourGuideClientRewardsServiceImpl : Service - Distance calculated: 9836.016922913277
2021-11-27 20:34:20.788  INFO 530588 --- [ool-76-thread-2] .t.t.s.TourGuideClientRewardsServiceImpl : Service - Distance calculated: 10074.210282824928
2021-11-27 20:34:20.788  INFO 530588 --- [ool-76-thread-2] .t.t.s.TourGuideClientRewardsServiceImpl : Service - Distance calculated: 9838.642868336297
2021-11-27 20:34:20.788  INFO 530588 --- [ool-76-thread-2] .t.t.s.TourGuideClientRewardsServiceImpl : Service - Distance calculated: 9729.866655611913
2021-11-27 20:34:20.788  INFO 530588 --- [ool-76-thread-2] .t.t.s.TourGuideClientRewardsServiceImpl : Service - Distance calculated: 11875.62987259896
2021-11-27 20:34:20.788  INFO 530588 --- [ool-76-thread-2] .t.t.s.TourGuideClientRewardsServiceImpl : Service - Distance calculated: 9619.888486199527
2021-11-27 20:34:20.788  INFO 530588 --- [ool-76-thread-2] .t.t.s.TourGuideClientRewardsServiceImpl : Service - Distance calculated: 9745.71143876882
2021-11-27 20:34:20.788  INFO 530588 --- [ool-76-thread-2] .t.t.s.TourGuideClientRewardsServiceImpl : Service - Distance calculated: 9612.32402552901
2021-11-27 20:34:20.788  INFO 530588 --- [ool-76-thread-2] .t.t.s.TourGuideClientRewardsServiceImpl : Service - Distance calculated: 9004.347311018237
2021-11-27 20:34:20.788  INFO 530588 --- [ool-76-thread-2] .t.t.s.TourGuideClientRewardsServiceImpl : Service - Distance calculated: 9697.944739276694
2021-11-27 20:34:20.789  INFO 530588 --- [ool-76-thread-2] .t.t.s.TourGuideClientRewardsServiceImpl : Service - Distance calculated: 9602.09135302479
2021-11-27 20:34:20.789  INFO 530588 --- [ool-76-thread-2] .t.t.s.TourGuideClientRewardsServiceImpl : Service - Distance calculated: 9534.749160147992
2021-11-27 20:34:20.789  INFO 530588 --- [ool-76-thread-2] .t.t.s.TourGuideClientRewardsServiceImpl : Service - Distance calculated: 9657.16863862564
2021-11-27 20:34:20.789  INFO 530588 --- [ool-76-thread-2] .t.t.s.TourGuideClientRewardsServiceImpl : Service - Distance calculated: 9683.310836949286
2021-11-27 20:34:20.789  INFO 530588 --- [ool-76-thread-2] .t.t.s.TourGuideClientRewardsServiceImpl : Service - Distance calculated: 10244.755026865394
2021-11-27 20:34:20.789  INFO 530588 --- [ool-76-thread-2] .t.t.s.TourGuideClientRewardsServiceImpl : Service - Distance calculated: 9141.541873042173
2021-11-27 20:34:20.789  INFO 530588 --- [ool-76-thread-2] .t.t.s.TourGuideClientRewardsServiceImpl : Service - Distance calculated: 9613.292211994076
2021-11-27 20:34:20.789  INFO 530588 --- [ool-76-thread-2] .t.t.s.TourGuideClientRewardsServiceImpl : Service - Distance calculated: 9992.677967986785
2021-11-27 20:34:20.789  INFO 530588 --- [ool-76-thread-2] .t.t.s.TourGuideClientRewardsServiceImpl : Service - Distance calculated: 10145.026976844412
2021-11-27 20:34:20.789  INFO 530588 --- [ool-76-thread-2] .t.t.s.TourGuideClientRewardsServiceImpl : Service - Distance calculated: 9622.349922018824
2021-11-27 20:34:20.789  INFO 530588 --- [ool-76-thread-2] .t.t.s.TourGuideClientRewardsServiceImpl : Service - Distance calculated: 9140.02884538295
2021-11-27 20:34:20.789  INFO 530588 --- [ool-76-thread-2] .t.t.s.TourGuideClientRewardsServiceImpl : Service - Distance calculated: 2919.3218225448786
2021-11-27 20:34:20.789  INFO 530588 --- [ool-76-thread-2] .t.t.s.TourGuideClientRewardsServiceImpl : Service - Distance calculated: 2841.4560926612326
2021-11-27 20:34:20.789  INFO 530588 --- [ool-76-thread-2] .t.t.s.TourGuideClientRewardsServiceImpl : Service - Distance calculated: 2968.874632252528
2021-11-27 20:34:20.789  INFO 530588 --- [ool-76-thread-2] .t.t.s.TourGuideClientRewardsServiceImpl : Service - Distance calculated: 3006.111487307669
2021-11-27 20:34:20.789  INFO 530588 --- [ool-76-thread-2] .t.t.s.TourGuideClientRewardsServiceImpl : Service - Distance calculated: 3921.182538555712
2021-11-27 20:34:20.789  INFO 530588 --- [ool-76-thread-2] .t.t.s.TourGuideClientRewardsServiceImpl : Service - Distance calculated: 3975.990366570055
2021-11-27 20:34:20.789  INFO 530588 --- [ool-76-thread-2] .t.t.s.TourGuideClientRewardsServiceImpl : Service - Distance calculated: 3343.2639846174284
2021-11-27 20:34:20.789  INFO 530588 --- [ool-76-thread-2] .t.t.s.TourGuideClientRewardsServiceImpl : Service - Distance calculated: 4161.502245012382
2021-11-27 20:34:20.789  INFO 530588 --- [ool-76-thread-2] .t.t.s.TourGuideClientRewardsServiceImpl : Service - Distance calculated: 4226.439518048965
2021-11-27 20:34:20.789  INFO 530588 --- [ool-76-thread-2] .t.t.s.TourGuideClientRewardsServiceImpl : Service - Distance calculated: 1145.4515562928786
2021-11-27 20:34:20.789  INFO 530588 --- [ool-76-thread-2] .t.t.s.TourGuideClientRewardsServiceImpl : Service - Distance calculated: 4443.458389067751
2021-11-27 20:34:20.789  INFO 530588 --- [ool-76-thread-2] .t.t.s.TourGuideClientRewardsServiceImpl : Service - Distance calculated: 4277.078235571522
2021-11-27 20:34:20.789  INFO 530588 --- [ool-76-thread-2] .t.t.s.TourGuideClientRewardsServiceImpl : Service - Distance calculated: 4419.941625684931
2021-11-27 20:34:20.789  INFO 530588 --- [ool-76-thread-2] .t.t.s.TourGuideClientRewardsServiceImpl : Service - Distance calculated: 4891.197376256422
2021-11-27 20:34:20.789  INFO 530588 --- [ool-76-thread-2] .t.t.s.TourGuideClientRewardsServiceImpl : Service - Distance calculated: 3970.5619303351705
2021-11-27 20:34:20.789  INFO 530588 --- [ool-76-thread-2] .t.t.s.TourGuideClientRewardsServiceImpl : Service - Distance calculated: 4269.004910027496
2021-11-27 20:34:20.789  INFO 530588 --- [ool-76-thread-2] .t.t.s.TourGuideClientRewardsServiceImpl : Service - Distance calculated: 4248.230985806851
2021-11-27 20:34:20.789  INFO 530588 --- [ool-76-thread-2] .t.t.s.TourGuideClientRewardsServiceImpl : Service - Distance calculated: 4288.098842927212
2021-11-27 20:34:20.789  INFO 530588 --- [ool-76-thread-2] .t.t.s.TourGuideClientRewardsServiceImpl : Service - Distance calculated: 4015.925778355227
2021-11-27 20:34:20.789  INFO 530588 --- [ool-76-thread-2] .t.t.s.TourGuideClientRewardsServiceImpl : Service - Distance calculated: 3001.461851431845
2021-11-27 20:34:20.789  INFO 530588 --- [ool-76-thread-2] .t.t.s.TourGuideClientRewardsServiceImpl : Service - Distance calculated: 4736.059571240091
2021-11-27 20:34:20.789  INFO 530588 --- [ool-76-thread-2] .t.t.s.TourGuideClientRewardsServiceImpl : Service - Distance calculated: 4471.844767494308
2021-11-27 20:34:20.789  INFO 530588 --- [ool-76-thread-2] .t.t.s.TourGuideClientRewardsServiceImpl : Service - Distance calculated: 3519.0121281568413
2021-11-27 20:34:20.789  INFO 530588 --- [ool-76-thread-2] .t.t.s.TourGuideClientRewardsServiceImpl : Service - Distance calculated: 3712.60546147006
2021-11-27 20:34:20.789  INFO 530588 --- [ool-76-thread-2] .t.t.s.TourGuideClientRewardsServiceImpl : Service - Distance calculated: 4442.290361581654
2021-11-27 20:34:20.789  INFO 530588 --- [ool-76-thread-2] .t.t.s.TourGuideClientRewardsServiceImpl : Service - Distance calculated: 4752.945489536931
2021-11-27 20:34:20.789  INFO 530588 --- [ool-76-thread-2] .t.t.s.TourGuideClientRewardsServiceImpl : Service - Distance calculated: 4273.177351670746
2021-11-27 20:34:20.789  INFO 530588 --- [ool-76-thread-2] .t.t.s.TourGuideClientRewardsServiceImpl : Service - Distance calculated: 3988.183628896743
2021-11-27 20:34:20.789  INFO 530588 --- [ool-76-thread-2] .t.t.s.TourGuideClientRewardsServiceImpl : Service - Distance calculated: 4142.529375295659
2021-11-27 20:34:20.789  INFO 530588 --- [ool-76-thread-2] .t.t.s.TourGuideClientRewardsServiceImpl : Service - Distance calculated: 4157.748915805372
2021-11-27 20:34:20.789  INFO 530588 --- [ool-76-thread-2] .t.t.s.TourGuideClientRewardsServiceImpl : Service - Distance calculated: 2916.478772184683
2021-11-27 20:34:20.789  INFO 530588 --- [ool-76-thread-2] .t.t.s.TourGuideClientRewardsServiceImpl : Service - Distance calculated: 2893.914831494664
2021-11-27 20:34:20.789  INFO 530588 --- [ool-76-thread-2] .t.t.s.TourGuideClientRewardsServiceImpl : Service - Distance calculated: 3824.4300904829674
2021-11-27 20:34:20.790  INFO 530588 --- [ool-76-thread-2] .t.t.s.TourGuideClientRewardsServiceImpl : Service - Distance calculated: 2566.4269746768136
2021-11-27 20:34:20.790  INFO 530588 --- [ool-76-thread-2] .t.t.s.TourGuideClientRewardsServiceImpl : Service - Distance calculated: 2527.0135340919705
2021-11-27 20:34:20.790  INFO 530588 --- [ool-76-thread-2] .t.t.s.TourGuideClientRewardsServiceImpl : Service - Distance calculated: 5645.646954858095
2021-11-27 20:34:20.790  INFO 530588 --- [ool-76-thread-2] .t.t.s.TourGuideClientRewardsServiceImpl : Service - Distance calculated: 2288.272234945672
2021-11-27 20:34:20.790  INFO 530588 --- [ool-76-thread-2] .t.t.s.TourGuideClientRewardsServiceImpl : Service - Distance calculated: 2445.8398581303068
2021-11-27 20:34:20.790  INFO 530588 --- [ool-76-thread-2] .t.t.s.TourGuideClientRewardsServiceImpl : Service - Distance calculated: 2302.361942196571
2021-11-27 20:34:20.790  INFO 530588 --- [ool-76-thread-2] .t.t.s.TourGuideClientRewardsServiceImpl : Service - Distance calculated: 1984.5342822147525
2021-11-27 20:34:20.790  INFO 530588 --- [ool-76-thread-2] .t.t.s.TourGuideClientRewardsServiceImpl : Service - Distance calculated: 3071.2607253045176
2021-11-27 20:34:20.790  INFO 530588 --- [ool-76-thread-2] .t.t.s.TourGuideClientRewardsServiceImpl : Service - Distance calculated: 2568.544301354076
2021-11-27 20:34:20.790  INFO 530588 --- [ool-76-thread-2] .t.t.s.TourGuideClientRewardsServiceImpl : Service - Distance calculated: 2697.342803640531
2021-11-27 20:34:20.790  INFO 530588 --- [ool-76-thread-2] .t.t.s.TourGuideClientRewardsServiceImpl : Service - Distance calculated: 2476.4341418991316
2021-11-27 20:34:20.790  INFO 530588 --- [ool-76-thread-2] .t.t.s.TourGuideClientRewardsServiceImpl : Service - Distance calculated: 2995.8938606660126
2021-11-27 20:34:20.790  INFO 530588 --- [ool-76-thread-2] .t.t.s.TourGuideClientRewardsServiceImpl : Service - Distance calculated: 4224.970346920082
2021-11-27 20:34:20.790  INFO 530588 --- [ool-76-thread-2] .t.t.s.TourGuideClientRewardsServiceImpl : Service - Distance calculated: 2147.5245265382036
2021-11-27 20:34:20.790  INFO 530588 --- [ool-76-thread-2] .t.t.s.TourGuideClientRewardsServiceImpl : Service - Distance calculated: 2286.54897005167
2021-11-27 20:34:20.790  INFO 530588 --- [ool-76-thread-2] .t.t.s.TourGuideClientRewardsServiceImpl : Service - Distance calculated: 3596.6675869497353
2021-11-27 20:34:20.790  INFO 530588 --- [ool-76-thread-2] .t.t.s.TourGuideClientRewardsServiceImpl : Service - Distance calculated: 3088.1446067087754
2021-11-27 20:34:20.790  INFO 530588 --- [ool-76-thread-2] .t.t.s.TourGuideClientRewardsServiceImpl : Service - Distance calculated: 2290.415258341454
2021-11-27 20:34:20.790  INFO 530588 --- [ool-76-thread-2] .t.t.s.TourGuideClientRewardsServiceImpl : Service - Distance calculated: 2109.2114044573677
2021-11-27 20:34:20.790  INFO 530588 --- [ool-76-thread-2] .t.t.s.TourGuideClientRewardsServiceImpl : Service - Distance calculated: 3631.9121519858754
2021-11-27 20:34:20.790  INFO 530588 --- [ool-76-thread-2] .t.t.s.TourGuideClientRewardsServiceImpl : Service - Distance calculated: 3111.8423533965984
2021-11-27 20:34:20.790  INFO 530588 --- [ool-76-thread-2] .t.t.s.TourGuideClientRewardsServiceImpl : Service - Distance calculated: 3473.6827849028564
2021-11-27 20:34:20.790  INFO 530588 --- [ool-76-thread-2] .t.t.s.TourGuideClientRewardsServiceImpl : Service - Distance calculated: 3520.2237944438302
2021-11-27 20:34:20.790  INFO 530588 --- [ool-76-thread-2] .t.t.s.TourGuideClientRewardsServiceImpl : Service - Distance calculated: 2211.232076119054
2021-11-27 20:34:20.790  INFO 530588 --- [ool-76-thread-2] .t.t.s.TourGuideClientRewardsServiceImpl : Service - Distance calculated: 2240.214695518563
2021-11-27 20:34:20.790  INFO 530588 --- [ool-76-thread-2] .t.t.s.TourGuideClientRewardsServiceImpl : Service - Distance calculated: 3254.9685117804283
2021-11-27 20:34:20.790  INFO 530588 --- [ool-76-thread-2] .t.t.s.TourGuideClientRewardsServiceImpl : Service - Distance calculated: 1650.318377227443
2021-11-27 20:34:20.790  INFO 530588 --- [ool-76-thread-2] .t.t.s.TourGuideClientRewardsServiceImpl : Service - Distance calculated: 1726.4022700936082
2021-11-27 20:34:20.790  INFO 530588 --- [ool-76-thread-2] .t.t.s.TourGuideClientRewardsServiceImpl : Service - Distance calculated: 4435.253182488269
2021-11-27 20:34:20.790  INFO 530588 --- [ool-76-thread-2] .t.t.s.TourGuideClientRewardsServiceImpl : Service - Distance calculated: 1232.1659077491238
2021-11-27 20:34:20.790  INFO 530588 --- [ool-76-thread-2] .t.t.s.TourGuideClientRewardsServiceImpl : Service - Distance calculated: 1496.3471835689577
2021-11-27 20:34:20.790  INFO 530588 --- [ool-76-thread-2] .t.t.s.TourGuideClientRewardsServiceImpl : Service - Distance calculated: 1354.5657682140597
2021-11-27 20:34:20.790  INFO 530588 --- [ool-76-thread-2] .t.t.s.TourGuideClientRewardsServiceImpl : Service - Distance calculated: 1624.4345272622563
2021-11-27 20:34:20.790  INFO 530588 --- [ool-76-thread-2] .t.t.s.TourGuideClientRewardsServiceImpl : Service - Distance calculated: 2569.9284568682083
2021-11-27 20:34:20.790  INFO 530588 --- [ool-76-thread-2] .t.t.s.TourGuideClientRewardsServiceImpl : Service - Distance calculated: 1942.805881409331
2021-11-27 20:34:20.790  INFO 530588 --- [ool-76-thread-2] .t.t.s.TourGuideClientRewardsServiceImpl : Service - Distance calculated: 2191.0759569760858
2021-11-27 20:34:20.790  INFO 530588 --- [ool-76-thread-2] .t.t.s.TourGuideClientRewardsServiceImpl : Service - Distance calculated: 1719.226878562439
2021-11-27 20:34:20.791  INFO 530588 --- [ool-76-thread-2] .t.t.s.TourGuideClientRewardsServiceImpl : Service - Distance calculated: 2484.018624769949
2021-11-27 20:34:20.791  INFO 530588 --- [ol-135-thread-2] .t.t.s.TourGuideClientRewardsServiceImpl : Service - Distance calculated: 9451.226796010871
2021-11-27 20:34:20.791  INFO 530588 --- [ool-76-thread-2] .t.t.s.TourGuideClientRewardsServiceImpl : Service - Distance calculated: 3613.3090785983436
2021-11-27 20:34:20.791  INFO 530588 --- [ol-135-thread-2] .t.t.s.TourGuideClientRewardsServiceImpl : Service - Distance calculated: 9586.853091163206
2021-11-27 20:34:20.791  INFO 530588 --- [ool-76-thread-2] .t.t.s.TourGuideClientRewardsServiceImpl : Service - Distance calculated: 1733.503525892101
2021-11-27 20:34:20.791  INFO 530588 --- [ol-113-thread-2] .t.t.s.TourGuideClientRewardsServiceImpl : Service - Distance calculated: 7401.9942398066305
2021-11-27 20:34:20.791  INFO 530588 --- [ool-76-thread-2] .t.t.s.TourGuideClientRewardsServiceImpl : Service - Distance calculated: 1138.6281283240398
2021-11-27 20:34:20.791  INFO 530588 --- [ol-113-thread-2] .t.t.s.TourGuideClientRewardsServiceImpl : Service - Distance calculated: 7957.127693691371
2021-11-27 20:34:20.791  INFO 530588 --- [ool-76-thread-2] .t.t.s.TourGuideClientRewardsServiceImpl : Service - Distance calculated: 3037.1462252207057
2021-11-27 20:34:20.791  INFO 530588 --- [ol-113-thread-2] .t.t.s.TourGuideClientRewardsServiceImpl : Service - Distance calculated: 7454.575271572347
2021-11-27 20:34:20.791  INFO 530588 --- [ool-76-thread-2] .t.t.s.TourGuideClientRewardsServiceImpl : Service - Distance calculated: 2292.4298061102095
2021-11-27 20:34:20.791  INFO 530588 --- [ool-76-thread-2] .t.t.s.TourGuideClientRewardsServiceImpl : Service - Distance calculated: 1228.992897372775
2021-11-27 20:34:20.791  INFO 530588 --- [ool-76-thread-2] .t.t.s.TourGuideClientRewardsServiceImpl : Service - Distance calculated: 1673.404257089519
2021-11-27 20:34:20.791  INFO 530588 --- [ool-76-thread-2] .t.t.s.TourGuideClientRewardsServiceImpl : Service - Calculate rewards points for user: internalUser3
2021-11-27 20:34:20.791  INFO 530588 --- [ool-79-thread-2] .t.t.s.TourGuideClientRewardsServiceImpl : Service - Distance calculated: 11894.491172145777
2021-11-27 20:34:20.791  INFO 530588 --- [ool-79-thread-2] .t.t.s.TourGuideClientRewardsServiceImpl : Service - Distance calculated: 11984.239275408887
2021-11-27 20:34:20.791  INFO 530588 --- [ool-79-thread-2] .t.t.s.TourGuideClientRewardsServiceImpl : Service - Distance calculated: 11948.975789551463
2021-11-27 20:34:20.791  INFO 530588 --- [ool-79-thread-2] .t.t.s.TourGuideClientRewardsServiceImpl : Service - Distance calculated: 11874.776699715125
2021-11-27 20:34:20.791  INFO 530588 --- [ool-79-thread-2] .t.t.s.TourGuideClientRewardsServiceImpl : Service - Distance calculated: 10966.69295089061
2021-11-27 20:34:20.791  INFO 530588 --- [ool-79-thread-2] .t.t.s.TourGuideClientRewardsServiceImpl : Service - Distance calculated: 10938.781110676957
2021-11-27 20:34:20.791  INFO 530588 --- [ool-79-thread-2] .t.t.s.TourGuideClientRewardsServiceImpl : Service - Distance calculated: 11605.45777745118
2021-11-27 20:34:20.791  INFO 530588 --- [ool-79-thread-2] .t.t.s.TourGuideClientRewardsServiceImpl : Service - Distance calculated: 10520.29356766696
2021-11-27 20:34:20.791  INFO 530588 --- [ool-79-thread-2] .t.t.s.TourGuideClientRewardsServiceImpl : Service - Distance calculated: 10547.13167933561
2021-11-27 20:34:20.791  INFO 530588 --- [ool-79-thread-2] .t.t.s.TourGuideClientRewardsServiceImpl : Service - Distance calculated: 10559.721179132004
2021-11-27 20:34:20.791  INFO 530588 --- [ool-79-thread-2] .t.t.s.TourGuideClientRewardsServiceImpl : Service - Distance calculated: 10109.198916941163
2021-11-27 20:34:20.791  INFO 530588 --- [ool-79-thread-2] .t.t.s.TourGuideClientRewardsServiceImpl : Service - Distance calculated: 10369.906733923479
2021-11-27 20:34:20.791  INFO 530588 --- [ool-79-thread-2] .t.t.s.TourGuideClientRewardsServiceImpl : Service - Distance calculated: 10223.81929408959
2021-11-27 20:34:20.791  INFO 530588 --- [ool-79-thread-2] .t.t.s.TourGuideClientRewardsServiceImpl : Service - Distance calculated: 10011.058333265893
2021-11-27 20:34:20.791  INFO 530588 --- [ool-79-thread-2] .t.t.s.TourGuideClientRewardsServiceImpl : Service - Distance calculated: 11011.19255985661
2021-11-27 20:34:20.775  INFO 530588 --- [ool-52-thread-2] .t.t.s.TourGuideClientRewardsServiceImpl : Service - Distance calculated: 2025.1023518654424
2021-11-27 20:34:20.791  INFO 530588 --- [ool-52-thread-2] .t.t.s.TourGuideClientRewardsServiceImpl : Service - Distance calculated: 1866.723254783968
2021-11-27 20:34:20.795  INFO 530588 --- [ol-125-thread-2] .t.t.s.TourGuideClientRewardsServiceImpl : Service - Distance calculated: 4047.698890320555
2021-11-27 20:34:20.796  INFO 530588 --- [ool-52-thread-2] .t.t.s.TourGuideClientRewardsServiceImpl : Service - Distance calculated: 2834.575529977412
2021-11-27 20:34:20.795  INFO 530588 --- [ol-120-thread-2] .t.t.s.TourGuideClientRewardsServiceImpl : Service - Distance calculated: 7492.094061646352
2021-11-27 20:34:20.796  INFO 530588 --- [ool-52-thread-2] .t.t.s.TourGuideClientRewardsServiceImpl : Service - Distance calculated: 1476.3308044205185
2021-11-27 20:34:20.796  INFO 530588 --- [ol-120-thread-2] .t.t.s.TourGuideClientRewardsServiceImpl : Service - Distance calculated: 8036.651130202028
2021-11-27 20:34:20.796  INFO 530588 --- [ool-52-thread-2] .t.t.s.TourGuideClientRewardsServiceImpl : Service - Distance calculated: 2568.242305516871
2021-11-27 20:34:20.796  INFO 530588 --- [ol-120-thread-2] .t.t.s.TourGuideClientRewardsServiceImpl : Service - Distance calculated: 7541.899855751564
2021-11-27 20:34:20.796  INFO 530588 --- [ol-120-thread-2] .t.t.s.TourGuideClientRewardsServiceImpl : Service - Distance calculated: 7464.238852820874
2021-11-27 20:34:20.796  INFO 530588 --- [ool-52-thread-2] .t.t.s.TourGuideClientRewardsServiceImpl : Service - Distance calculated: 2299.9987803307044
2021-11-27 20:34:20.796  INFO 530588 --- [ol-120-thread-2] .t.t.s.TourGuideClientRewardsServiceImpl : Service - Distance calculated: 7329.682864948441
2021-11-27 20:34:20.796  INFO 530588 --- [ol-120-thread-2] .t.t.s.TourGuideClientRewardsServiceImpl : Service - Distance calculated: 7231.992654197197
2021-11-27 20:34:20.796  INFO 530588 --- [ool-52-thread-2] .t.t.s.TourGuideClientRewardsServiceImpl : Service - Distance calculated: 2347.3381607365623
2021-11-27 20:34:20.796  INFO 530588 --- [ol-120-thread-2] .t.t.s.TourGuideClientRewardsServiceImpl : Service - Distance calculated: 7245.154099532144
2021-11-27 20:34:20.796  INFO 530588 --- [ool-52-thread-2] .t.t.s.TourGuideClientRewardsServiceImpl : Service - Distance calculated: 2428.795269901124
2021-11-27 20:34:20.796  INFO 530588 --- [ool-52-thread-2] .t.t.s.TourGuideClientRewardsServiceImpl : Service - Distance calculated: 1506.887219562884
2021-11-27 20:34:20.796  INFO 530588 --- [ool-52-thread-2] .t.t.s.TourGuideClientRewardsServiceImpl : Service - Distance calculated: 7241.558779048007
2021-11-27 20:34:20.796  INFO 530588 --- [ool-52-thread-2] .t.t.s.TourGuideClientRewardsServiceImpl : Service - Distance calculated: 7954.714141196856
2021-11-27 20:34:20.796  INFO 530588 --- [ool-52-thread-2] .t.t.s.TourGuideClientRewardsServiceImpl : Service - Distance calculated: 7405.553202307031
2021-11-27 20:34:20.796  INFO 530588 --- [ool-52-thread-2] .t.t.s.TourGuideClientRewardsServiceImpl : Service - Distance calculated: 7333.280784893951
2021-11-27 20:34:20.796  INFO 530588 --- [ool-52-thread-2] .t.t.s.TourGuideClientRewardsServiceImpl : Service - Distance calculated: 8489.868563281076
2021-11-27 20:34:20.796  INFO 530588 --- [ool-52-thread-2] .t.t.s.TourGuideClientRewardsServiceImpl : Service - Distance calculated: 8424.30597974655
2021-11-27 20:34:20.796  INFO 530588 --- [ool-52-thread-2] .t.t.s.TourGuideClientRewardsServiceImpl : Service - Distance calculated: 7496.450058081261
2021-11-27 20:34:20.796  INFO 530588 --- [ool-52-thread-2] .t.t.s.TourGuideClientRewardsServiceImpl : Service - Distance calculated: 9115.201261424958
2021-11-27 20:34:20.796  INFO 530588 --- [ool-52-thread-2] .t.t.s.TourGuideClientRewardsServiceImpl : Service - Distance calculated: 8950.339566446892
2021-11-27 20:34:20.796  INFO 530588 --- [ool-52-thread-2] .t.t.s.TourGuideClientRewardsServiceImpl : Service - Distance calculated: 7579.047834888875
2021-11-27 20:34:20.796  INFO 530588 --- [ool-52-thread-2] .t.t.s.TourGuideClientRewardsServiceImpl : Service - Distance calculated: 9545.99728366237
2021-11-27 20:34:20.796  INFO 530588 --- [ool-52-thread-2] .t.t.s.TourGuideClientRewardsServiceImpl : Service - Distance calculated: 9256.855168449032
2021-11-27 20:34:20.796  INFO 530588 --- [ool-52-thread-2] .t.t.s.TourGuideClientRewardsServiceImpl : Service - Distance calculated: 9350.146647550453
2021-11-27 20:34:20.796  INFO 530588 --- [ool-52-thread-2] .t.t.s.TourGuideClientRewardsServiceImpl : Service - Distance calculated: 8796.246056627426
2021-11-27 20:34:20.796  INFO 530588 --- [ool-52-thread-2] .t.t.s.TourGuideClientRewardsServiceImpl : Service - Distance calculated: 8035.822133492195
2021-11-27 20:34:20.796  INFO 530588 --- [ool-52-thread-2] .t.t.s.TourGuideClientRewardsServiceImpl : Service - Distance calculated: 8648.157645415615
2021-11-27 20:34:20.796  INFO 530588 --- [ool-52-thread-2] .t.t.s.TourGuideClientRewardsServiceImpl : Service - Distance calculated: 8365.310722403923
2021-11-27 20:34:20.796  INFO 530588 --- [ool-52-thread-2] .t.t.s.TourGuideClientRewardsServiceImpl : Service - Distance calculated: 8920.446357122995
2021-11-27 20:34:20.796  INFO 530588 --- [ol-133-thread-2] .t.t.s.TourGuideClientRewardsServiceImpl : Service - Distance calculated: 4174.781291027166
2021-11-27 20:34:20.796  INFO 530588 --- [ol-133-thread-2] .t.t.s.TourGuideClientRewardsServiceImpl : Service - Distance calculated: 3769.3551481991885
2021-11-27 20:34:20.794  INFO 530588 --- [ol-114-thread-2] .t.t.s.TourGuideClientRewardsServiceImpl : Service - Distance calculated: 8862.107430648086
2021-11-27 20:34:20.797  INFO 530588 --- [ol-114-thread-2] .t.t.s.TourGuideClientRewardsServiceImpl : Service - Distance calculated: 8558.606303510427
2021-11-27 20:34:20.797  INFO 530588 --- [ol-114-thread-2] .t.t.s.TourGuideClientRewardsServiceImpl : Service - Distance calculated: 8739.486299251364
2021-11-27 20:34:20.797  INFO 530588 --- [ool-90-thread-2] .t.t.s.TourGuideClientRewardsServiceImpl : Service - Distance calculated: 6609.1114031020425
2021-11-27 20:34:20.797  INFO 530588 --- [ool-90-thread-2] .t.t.s.TourGuideClientRewardsServiceImpl : Service - Distance calculated: 5920.777231678242
2021-11-27 20:34:20.797  INFO 530588 --- [ool-90-thread-2] .t.t.s.TourGuideClientRewardsServiceImpl : Service - Distance calculated: 6444.216692989608
2021-11-27 20:34:20.794  INFO 530588 --- [ool-98-thread-2] .t.t.s.TourGuideClientRewardsServiceImpl : Service - Distance calculated: 3254.625872974308
2021-11-27 20:34:20.797  INFO 530588 --- [ool-90-thread-2] .t.t.s.TourGuideClientRewardsServiceImpl : Service - Distance calculated: 6511.179178133709
2021-11-27 20:34:20.797  INFO 530588 --- [ool-90-thread-2] .t.t.s.TourGuideClientRewardsServiceImpl : Service - Distance calculated: 5284.955731556212
2021-11-27 20:34:20.797  INFO 530588 --- [ool-90-thread-2] .t.t.s.TourGuideClientRewardsServiceImpl : Service - Distance calculated: 5336.799434939693
2021-11-27 20:34:20.797  INFO 530588 --- [ool-90-thread-2] .t.t.s.TourGuideClientRewardsServiceImpl : Service - Distance calculated: 6314.63833904003
2021-11-27 20:34:20.797  INFO 530588 --- [ool-90-thread-2] .t.t.s.TourGuideClientRewardsServiceImpl : Service - Distance calculated: 4665.456087694487
2021-11-27 20:34:20.794  INFO 530588 --- [ool-92-thread-2] .t.t.s.TourGuideClientRewardsServiceImpl : Service - Distance calculated: 1575.809597368101
2021-11-27 20:34:20.792  INFO 530588 --- [ool-93-thread-2] .t.t.s.TourGuideClientRewardsServiceImpl : Service - Distance calculated: 8542.841022323308
2021-11-27 20:34:20.797  INFO 530588 --- [ool-90-thread-2] .t.t.s.TourGuideClientRewardsServiceImpl : Service - Distance calculated: 4803.725584199703
2021-11-27 20:34:20.798  INFO 530588 --- [ool-90-thread-2] .t.t.s.TourGuideClientRewardsServiceImpl : Service - Distance calculated: 6223.515266188319
2021-11-27 20:34:20.798  INFO 530588 --- [ool-90-thread-2] .t.t.s.TourGuideClientRewardsServiceImpl : Service - Distance calculated: 4220.672222542055
2021-11-27 20:34:20.798  INFO 530588 --- [ool-90-thread-2] .t.t.s.TourGuideClientRewardsServiceImpl : Service - Distance calculated: 4514.707901574294
2021-11-27 20:34:20.798  INFO 530588 --- [ool-90-thread-2] .t.t.s.TourGuideClientRewardsServiceImpl : Service - Distance calculated: 4401.20928835771
2021-11-27 20:34:20.798  INFO 530588 --- [ool-90-thread-2] .t.t.s.TourGuideClientRewardsServiceImpl : Service - Distance calculated: 4792.612228247164
2021-11-27 20:34:20.798  INFO 530588 --- [ool-90-thread-2] .t.t.s.TourGuideClientRewardsServiceImpl : Service - Distance calculated: 5703.141951575086
2021-11-27 20:34:20.798  INFO 530588 --- [ool-90-thread-2] .t.t.s.TourGuideClientRewardsServiceImpl : Service - Distance calculated: 5073.4844461650155
2021-11-27 20:34:20.798  INFO 530588 --- [ool-90-thread-2] .t.t.s.TourGuideClientRewardsServiceImpl : Service - Distance calculated: 5340.761679776165
2021-11-27 20:34:20.798  INFO 530588 --- [ool-90-thread-2] .t.t.s.TourGuideClientRewardsServiceImpl : Service - Distance calculated: 4818.864535272571
2021-11-27 20:34:20.798  INFO 530588 --- [ool-90-thread-2] .t.t.s.TourGuideClientRewardsServiceImpl : Service - Distance calculated: 5618.292682559686
2021-11-27 20:34:20.798  INFO 530588 --- [ool-90-thread-2] .t.t.s.TourGuideClientRewardsServiceImpl : Service - Distance calculated: 6615.310338233882
2021-11-27 20:34:20.743  INFO 530588 --- [ol-126-thread-2] .t.t.s.TourGuideClientRewardsServiceImpl : Service - Distance calculated: 9792.688247136526
2021-11-27 20:34:20.797  INFO 530588 --- [ool-98-thread-2] .t.t.s.TourGuideClientRewardsServiceImpl : Service - Distance calculated: 2765.1230648701985
2021-11-27 20:34:20.743  INFO 530588 --- [ol-128-thread-2] .t.t.s.TourGuideClientRewardsServiceImpl : Service - Distance calculated: 4727.470118215642
2021-11-27 20:34:20.798  INFO 530588 --- [ol-128-thread-2] .t.t.s.TourGuideClientRewardsServiceImpl : Service - Distance calculated: 4372.3725032347975
2021-11-27 20:34:20.798  INFO 530588 --- [ol-128-thread-2] .t.t.s.TourGuideClientRewardsServiceImpl : Service - Distance calculated: 4245.856381681456
2021-11-27 20:34:20.798  INFO 530588 --- [ol-128-thread-2] .t.t.s.TourGuideClientRewardsServiceImpl : Service - Distance calculated: 4412.278888294503
2021-11-27 20:34:20.798  INFO 530588 --- [ol-128-thread-2] .t.t.s.TourGuideClientRewardsServiceImpl : Service - Distance calculated: 4081.3942476198235
2021-11-27 20:34:20.798  INFO 530588 --- [ol-128-thread-2] .t.t.s.TourGuideClientRewardsServiceImpl : Service - Distance calculated: 4360.659907181108
2021-11-27 20:34:20.798  INFO 530588 --- [ol-128-thread-2] .t.t.s.TourGuideClientRewardsServiceImpl : Service - Distance calculated: 4043.715309854942
2021-11-27 20:34:20.798  INFO 530588 --- [ol-128-thread-2] .t.t.s.TourGuideClientRewardsServiceImpl : Service - Distance calculated: 4635.781524349094
2021-11-27 20:34:20.798  INFO 530588 --- [ol-128-thread-2] .t.t.s.TourGuideClientRewardsServiceImpl : Service - Distance calculated: 3717.8617417659916
2021-11-27 20:34:20.798  INFO 530588 --- [ol-128-thread-2] .t.t.s.TourGuideClientRewardsServiceImpl : Service - Distance calculated: 4201.048137654193
2021-11-27 20:34:20.798  INFO 530588 --- [ol-128-thread-2] .t.t.s.TourGuideClientRewardsServiceImpl : Service - Distance calculated: 3799.428194275541
2021-11-27 20:34:20.798  INFO 530588 --- [ol-128-thread-2] .t.t.s.TourGuideClientRewardsServiceImpl : Service - Distance calculated: 3803.486293600553
2021-11-27 20:34:20.798  INFO 530588 --- [ol-128-thread-2] .t.t.s.TourGuideClientRewardsServiceImpl : Service - Distance calculated: 4613.440076046006
2021-11-27 20:34:20.798  INFO 530588 --- [ol-128-thread-2] .t.t.s.TourGuideClientRewardsServiceImpl : Service - Distance calculated: 5427.792686695865
2021-11-27 20:34:20.798  INFO 530588 --- [ol-128-thread-2] .t.t.s.TourGuideClientRewardsServiceImpl : Service - Distance calculated: 5643.9651038977245
2021-11-27 20:34:20.798  INFO 530588 --- [ol-128-thread-2] .t.t.s.TourGuideClientRewardsServiceImpl : Service - Distance calculated: 5391.272741369927
2021-11-27 20:34:20.798  INFO 530588 --- [ol-128-thread-2] .t.t.s.TourGuideClientRewardsServiceImpl : Service - Distance calculated: 5346.496080138541
2021-11-27 20:34:20.798  INFO 530588 --- [ol-128-thread-2] .t.t.s.TourGuideClientRewardsServiceImpl : Service - Distance calculated: 4674.52678890039
2021-11-27 20:34:20.798  INFO 530588 --- [ol-128-thread-2] .t.t.s.TourGuideClientRewardsServiceImpl : Service - Distance calculated: 4592.469980719419
2021-11-27 20:34:20.799  INFO 530588 --- [ool-96-thread-2] .t.t.s.TourGuideClientRewardsServiceImpl : Service - Distance calculated: 3087.6114227476774
2021-11-27 20:34:20.799  INFO 530588 --- [ool-96-thread-2] .t.t.s.TourGuideClientRewardsServiceImpl : Service - Distance calculated: 3275.3350350008495
2021-11-27 20:34:20.799  INFO 530588 --- [ool-96-thread-2] .t.t.s.TourGuideClientRewardsServiceImpl : Service - Distance calculated: 3188.794148725646
2021-11-27 20:34:20.799  INFO 530588 --- [ol-105-thread-2] .t.t.s.TourGuideClientRewardsServiceImpl : Service - Distance calculated: 7791.633163307474
2021-11-27 20:34:20.799  INFO 530588 --- [ol-105-thread-2] .t.t.s.TourGuideClientRewardsServiceImpl : Service - Distance calculated: 7982.7749917897045
2021-11-27 20:34:20.799  INFO 530588 --- [ol-105-thread-2] .t.t.s.TourGuideClientRewardsServiceImpl : Service - Distance calculated: 7757.191709026631
2021-11-27 20:34:20.799  INFO 530588 --- [ol-105-thread-2] .t.t.s.TourGuideClientRewardsServiceImpl : Service - Distance calculated: 7711.923187107413
2021-11-27 20:34:20.799  INFO 530588 --- [ol-105-thread-2] .t.t.s.TourGuideClientRewardsServiceImpl : Service - Distance calculated: 6958.856040585309
2021-11-27 20:34:20.799  INFO 530588 --- [ol-128-thread-2] .t.t.s.TourGuideClientRewardsServiceImpl : Service - Distance calculated: 5020.749286139595
2021-11-27 20:34:20.800  INFO 530588 --- [ol-105-thread-2] .t.t.s.TourGuideClientRewardsServiceImpl : Service - Distance calculated: 6887.1437403425325
2021-11-27 20:34:20.800  INFO 530588 --- [ol-105-thread-2] .t.t.s.TourGuideClientRewardsServiceImpl : Service - Distance calculated: 7386.446935234512
2021-11-27 20:34:20.800  INFO 530588 --- [ol-105-thread-2] .t.t.s.TourGuideClientRewardsServiceImpl : Service - Distance calculated: 6867.817762028731
2021-11-27 20:34:20.800  INFO 530588 --- [ol-105-thread-2] .t.t.s.TourGuideClientRewardsServiceImpl : Service - Distance calculated: 6751.42584215516
2021-11-27 20:34:20.800  INFO 530588 --- [ol-128-thread-2] .t.t.s.TourGuideClientRewardsServiceImpl : Service - Distance calculated: 4711.5493846705285
2021-11-27 20:34:20.800  INFO 530588 --- [ol-128-thread-2] .t.t.s.TourGuideClientRewardsServiceImpl : Service - Distance calculated: 4555.957882671073
2021-11-27 20:34:20.800  INFO 530588 --- [ool-99-thread-2] .t.t.s.TourGuideClientRewardsServiceImpl : Service - Distance calculated: 7349.954680316433
2021-11-27 20:34:20.800  INFO 530588 --- [ool-99-thread-2] .t.t.s.TourGuideClientRewardsServiceImpl : Service - Distance calculated: 6716.557281884065
2021-11-27 20:34:20.800  INFO 530588 --- [ool-99-thread-2] .t.t.s.TourGuideClientRewardsServiceImpl : Service - Distance calculated: 7186.49514786354
2021-11-27 20:34:20.800  INFO 530588 --- [ool-99-thread-2] .t.t.s.TourGuideClientRewardsServiceImpl : Service - Distance calculated: 7243.852562371231
2021-11-27 20:34:20.800  INFO 530588 --- [ool-99-thread-2] .t.t.s.TourGuideClientRewardsServiceImpl : Service - Distance calculated: 5958.274297923086
2021-11-27 20:34:20.800  INFO 530588 --- [ol-102-thread-2] .t.t.s.TourGuideClientRewardsServiceImpl : Service - Distance calculated: 5033.791917228019
2021-11-27 20:34:20.800  INFO 530588 --- [ol-102-thread-2] .t.t.s.TourGuideClientRewardsServiceImpl : Service - Distance calculated: 5372.464916334113
2021-11-27 20:34:20.800  INFO 530588 --- [ol-102-thread-2] .t.t.s.TourGuideClientRewardsServiceImpl : Service - Distance calculated: 5024.134248967054
2021-11-27 20:34:20.800  INFO 530588 --- [ol-102-thread-2] .t.t.s.TourGuideClientRewardsServiceImpl : Service - Distance calculated: 4967.097039552961
2021-11-27 20:34:20.800  INFO 530588 --- [ol-102-thread-2] .t.t.s.TourGuideClientRewardsServiceImpl : Service - Distance calculated: 4511.82295627784
2021-11-27 20:34:20.800  INFO 530588 --- [ol-102-thread-2] .t.t.s.TourGuideClientRewardsServiceImpl : Service - Distance calculated: 4419.303802250664
2021-11-27 20:34:20.800  INFO 530588 --- [ol-102-thread-2] .t.t.s.TourGuideClientRewardsServiceImpl : Service - Distance calculated: 4668.371704226724
2021-11-27 20:34:20.800  INFO 530588 --- [ol-102-thread-2] .t.t.s.TourGuideClientRewardsServiceImpl : Service - Distance calculated: 4672.107736983775
2021-11-27 20:34:20.800  INFO 530588 --- [ol-102-thread-2] .t.t.s.TourGuideClientRewardsServiceImpl : Service - Distance calculated: 4490.266046471935
2021-11-27 20:34:20.800  INFO 530588 --- [ol-102-thread-2] .t.t.s.TourGuideClientRewardsServiceImpl : Service - Distance calculated: 7352.900681932637
2021-11-27 20:34:20.744  INFO 530588 --- [ool-58-thread-2] .t.t.s.TourGuideClientRewardsServiceImpl : Service - Distance calculated: 6057.123882123215
2021-11-27 20:34:20.801  INFO 530588 --- [ool-58-thread-2] .t.t.s.TourGuideClientRewardsServiceImpl : Service - Distance calculated: 4933.631343275811
2021-11-27 20:34:20.801  INFO 530588 --- [ool-58-thread-2] .t.t.s.TourGuideClientRewardsServiceImpl : Service - Distance calculated: 4892.6703316849
2021-11-27 20:34:20.801  INFO 530588 --- [ool-58-thread-2] .t.t.s.TourGuideClientRewardsServiceImpl : Service - Distance calculated: 5706.596134779405
2021-11-27 20:34:20.801  INFO 530588 --- [ool-58-thread-2] .t.t.s.TourGuideClientRewardsServiceImpl : Service - Distance calculated: 4653.1174815906825
2021-11-27 20:34:20.801  INFO 530588 --- [ool-58-thread-2] .t.t.s.TourGuideClientRewardsServiceImpl : Service - Distance calculated: 4593.268076526318
2021-11-27 20:34:20.801  INFO 530588 --- [ool-58-thread-2] .t.t.s.TourGuideClientRewardsServiceImpl : Service - Distance calculated: 7743.4934406941875
2021-11-27 20:34:20.801  INFO 530588 --- [ool-58-thread-2] .t.t.s.TourGuideClientRewardsServiceImpl : Service - Distance calculated: 4386.760800012736
2021-11-27 20:34:20.801  INFO 530588 --- [ool-58-thread-2] .t.t.s.TourGuideClientRewardsServiceImpl : Service - Distance calculated: 4538.974567323655
2021-11-27 20:34:20.801  INFO 530588 --- [ool-58-thread-2] .t.t.s.TourGuideClientRewardsServiceImpl : Service - Distance calculated: 4397.504222490377
2021-11-27 20:34:20.801  INFO 530588 --- [ool-58-thread-2] .t.t.s.TourGuideClientRewardsServiceImpl : Service - Distance calculated: 3963.428898574233
2021-11-27 20:34:20.801  INFO 530588 --- [ool-58-thread-2] .t.t.s.TourGuideClientRewardsServiceImpl : Service - Distance calculated: 4982.735858270046
2021-11-27 20:34:20.801  INFO 530588 --- [ool-58-thread-2] .t.t.s.TourGuideClientRewardsServiceImpl : Service - Distance calculated: 4581.213789513905
2021-11-27 20:34:20.802  INFO 530588 --- [ool-58-thread-2] .t.t.s.TourGuideClientRewardsServiceImpl : Service - Distance calculated: 4649.505452763604
2021-11-27 20:34:20.802  INFO 530588 --- [ool-58-thread-2] .t.t.s.TourGuideClientRewardsServiceImpl : Service - Distance calculated: 4534.768492970833
2021-11-27 20:34:20.802  INFO 530588 --- [ool-58-thread-2] .t.t.s.TourGuideClientRewardsServiceImpl : Service - Distance calculated: 4920.5201179018
2021-11-27 20:34:20.802  INFO 530588 --- [ool-58-thread-2] .t.t.s.TourGuideClientRewardsServiceImpl : Service - Distance calculated: 6102.308217686145
2021-11-27 20:34:20.802  INFO 530588 --- [ool-58-thread-2] .t.t.s.TourGuideClientRewardsServiceImpl : Service - Distance calculated: 4124.500555262078
2021-11-27 20:34:20.802  INFO 530588 --- [ool-58-thread-2] .t.t.s.TourGuideClientRewardsServiceImpl : Service - Distance calculated: 4378.693881910309
2021-11-27 20:34:20.802  INFO 530588 --- [ool-58-thread-2] .t.t.s.TourGuideClientRewardsServiceImpl : Service - Distance calculated: 5492.225700023999
2021-11-27 20:34:20.802  INFO 530588 --- [ool-58-thread-2] .t.t.s.TourGuideClientRewardsServiceImpl : Service - Distance calculated: 5127.974358497145
2021-11-27 20:34:20.802  INFO 530588 --- [ool-58-thread-2] .t.t.s.TourGuideClientRewardsServiceImpl : Service - Distance calculated: 4388.793744811827
2021-11-27 20:34:20.802  INFO 530588 --- [ool-58-thread-2] .t.t.s.TourGuideClientRewardsServiceImpl : Service - Distance calculated: 4099.393246246798
2021-11-27 20:34:20.802  INFO 530588 --- [ool-58-thread-2] .t.t.s.TourGuideClientRewardsServiceImpl : Service - Distance calculated: 8172.098038500941
2021-11-27 20:34:20.802  INFO 530588 --- [ool-58-thread-2] .t.t.s.TourGuideClientRewardsServiceImpl : Service - Distance calculated: 8799.221551571409
2021-11-27 20:34:20.802  INFO 530588 --- [ool-58-thread-2] .t.t.s.TourGuideClientRewardsServiceImpl : Service - Distance calculated: 8247.566192961593
2021-11-27 20:34:20.802  INFO 530588 --- [ool-58-thread-2] .t.t.s.TourGuideClientRewardsServiceImpl : Service - Distance calculated: 8163.552351337945
2021-11-27 20:34:20.802  INFO 530588 --- [ool-58-thread-2] .t.t.s.TourGuideClientRewardsServiceImpl : Service - Distance calculated: 8196.283414274096
2021-11-27 20:34:20.802  INFO 530588 --- [ool-58-thread-2] .t.t.s.TourGuideClientRewardsServiceImpl : Service - Distance calculated: 8096.314463634971
2021-11-27 20:34:20.802  INFO 530588 --- [ool-58-thread-2] .t.t.s.TourGuideClientRewardsServiceImpl : Service - Distance calculated: 7989.913138204865
2021-11-27 20:34:20.802  INFO 530588 --- [ool-58-thread-2] .t.t.s.TourGuideClientRewardsServiceImpl : Service - Distance calculated: 8442.81653033065
2021-11-27 20:34:20.802  INFO 530588 --- [ool-58-thread-2] .t.t.s.TourGuideClientRewardsServiceImpl : Service - Distance calculated: 8252.315036550097
2021-11-27 20:34:20.802  INFO 530588 --- [ool-58-thread-2] .t.t.s.TourGuideClientRewardsServiceImpl : Service - Distance calculated: 10280.8932673952
2021-11-27 20:34:20.802  INFO 530588 --- [ool-58-thread-2] .t.t.s.TourGuideClientRewardsServiceImpl : Service - Distance calculated: 8488.724932024197
2021-11-27 20:34:20.802  INFO 530588 --- [ool-58-thread-2] .t.t.s.TourGuideClientRewardsServiceImpl : Service - Distance calculated: 8436.110177987674
2021-11-27 20:34:20.802  INFO 530588 --- [ol-108-thread-2] .t.t.s.TourGuideClientRewardsServiceImpl : Service - Distance calculated: 1435.092783366035
2021-11-27 20:34:20.802  INFO 530588 --- [ol-108-thread-2] .t.t.s.TourGuideClientRewardsServiceImpl : Service - Distance calculated: 2100.4666119165577
2021-11-27 20:34:20.802  INFO 530588 --- [ol-108-thread-2] .t.t.s.TourGuideClientRewardsServiceImpl : Service - Distance calculated: 1598.0543747500167
2021-11-27 20:34:20.802  INFO 530588 --- [ol-108-thread-2] .t.t.s.TourGuideClientRewardsServiceImpl : Service - Distance calculated: 1543.0136864270005
2021-11-27 20:34:20.802  INFO 530588 --- [ol-108-thread-2] .t.t.s.TourGuideClientRewardsServiceImpl : Service - Distance calculated: 2847.887248302203
2021-11-27 20:34:20.802  INFO 530588 --- [ol-108-thread-2] .t.t.s.TourGuideClientRewardsServiceImpl : Service - Distance calculated: 2824.416330129038
2021-11-27 20:34:20.802  INFO 530588 --- [ol-108-thread-2] .t.t.s.TourGuideClientRewardsServiceImpl : Service - Distance calculated: 1809.738161268652
2021-11-27 20:34:20.802  INFO 530588 --- [ol-108-thread-2] .t.t.s.TourGuideClientRewardsServiceImpl : Service - Distance calculated: 3427.111676478772
2021-11-27 20:34:20.802  INFO 530588 --- [ol-108-thread-2] .t.t.s.TourGuideClientRewardsServiceImpl : Service - Distance calculated: 3332.5916844965814
2021-11-27 20:34:20.802  INFO 530588 --- [ol-108-thread-2] .t.t.s.TourGuideClientRewardsServiceImpl : Service - Distance calculated: 2674.734209478532
2021-11-27 20:34:20.802  INFO 530588 --- [ol-108-thread-2] .t.t.s.TourGuideClientRewardsServiceImpl : Service - Distance calculated: 3869.5253443081538
2021-11-27 20:34:20.802  INFO 530588 --- [ol-108-thread-2] .t.t.s.TourGuideClientRewardsServiceImpl : Service - Distance calculated: 3582.650715687115
2021-11-27 20:34:20.802  INFO 530588 --- [ol-108-thread-2] .t.t.s.TourGuideClientRewardsServiceImpl : Service - Distance calculated: 3715.314832612026
2021-11-27 20:34:20.802  INFO 530588 --- [ol-108-thread-2] .t.t.s.TourGuideClientRewardsServiceImpl : Service - Distance calculated: 3621.7305089908923
2021-11-27 20:34:20.802  INFO 530588 --- [ol-108-thread-2] .t.t.s.TourGuideClientRewardsServiceImpl : Service - Distance calculated: 2539.4756714320856
2021-11-27 20:34:20.802  INFO 530588 --- [ol-108-thread-2] .t.t.s.TourGuideClientRewardsServiceImpl : Service - Distance calculated: 3137.314384616917
2021-11-27 20:34:20.802  INFO 530588 --- [ol-108-thread-2] .t.t.s.TourGuideClientRewardsServiceImpl : Service - Distance calculated: 2929.515582528314
2021-11-27 20:34:20.802  INFO 530588 --- [ol-108-thread-2] .t.t.s.TourGuideClientRewardsServiceImpl : Service - Distance calculated: 3340.8444814696
2021-11-27 20:34:20.802  INFO 530588 --- [ol-108-thread-2] .t.t.s.TourGuideClientRewardsServiceImpl : Service - Distance calculated: 2622.676392263797
2021-11-27 20:34:20.802  INFO 530588 --- [ol-108-thread-2] .t.t.s.TourGuideClientRewardsServiceImpl : Service - Distance calculated: 1446.6684334998681
2021-11-27 20:34:20.802  INFO 530588 --- [ol-106-thread-2] .t.t.s.TourGuideClientRewardsServiceImpl : Service - Distance calculated: 9366.202884269529
2021-11-27 20:34:20.803  INFO 530588 --- [ol-108-thread-2] .t.t.s.TourGuideClientRewardsServiceImpl : Service - Distance calculated: 3467.3230528497443
2021-11-27 20:34:20.803  INFO 530588 --- [ol-108-thread-2] .t.t.s.TourGuideClientRewardsServiceImpl : Service - Distance calculated: 4013.280536238841
2021-11-27 20:34:20.803  INFO 530588 --- [ol-108-thread-2] .t.t.s.TourGuideClientRewardsServiceImpl : Service - Distance calculated: 2034.1996770343494
2021-11-27 20:34:20.803  INFO 530588 --- [ol-108-thread-2] .t.t.s.TourGuideClientRewardsServiceImpl : Service - Distance calculated: 2778.2954725114114
2021-11-27 20:34:20.803  INFO 530588 --- [ol-108-thread-2] .t.t.s.TourGuideClientRewardsServiceImpl : Service - Distance calculated: 3875.2407948667274
2021-11-27 20:34:20.803  INFO 530588 --- [ol-108-thread-2] .t.t.s.TourGuideClientRewardsServiceImpl : Service - Distance calculated: 3516.89470922671
2021-11-27 20:34:20.803  INFO 530588 --- [ol-108-thread-2] .t.t.s.TourGuideClientRewardsServiceImpl : Service - Distance calculated: 4224.712862432749
2021-11-27 20:34:20.803  INFO 530588 --- [ol-108-thread-2] .t.t.s.TourGuideClientRewardsServiceImpl : Service - Distance calculated: 3462.214105851414
2021-11-27 20:34:20.803  INFO 530588 --- [ol-108-thread-2] .t.t.s.TourGuideClientRewardsServiceImpl : Service - Distance calculated: 4095.0294788042015
2021-11-27 20:34:20.803  INFO 530588 --- [ol-108-thread-2] .t.t.s.TourGuideClientRewardsServiceImpl : Service - Distance calculated: 4184.587856098576
2021-11-27 20:34:20.803  INFO 530588 --- [ol-108-thread-2] .t.t.s.TourGuideClientRewardsServiceImpl : Service - Distance calculated: 3614.805692506889
2021-11-27 20:34:20.803  INFO 530588 --- [ol-108-thread-2] .t.t.s.TourGuideClientRewardsServiceImpl : Service - Distance calculated: 3715.3389632102057
2021-11-27 20:34:20.803  INFO 530588 --- [ol-108-thread-2] .t.t.s.TourGuideClientRewardsServiceImpl : Service - Distance calculated: 4217.628553531933
2021-11-27 20:34:20.803  INFO 530588 --- [ol-108-thread-2] .t.t.s.TourGuideClientRewardsServiceImpl : Service - Distance calculated: 3161.8941753305126
2021-11-27 20:34:20.803  INFO 530588 --- [ol-108-thread-2] .t.t.s.TourGuideClientRewardsServiceImpl : Service - Distance calculated: 3374.9406586030677
2021-11-27 20:34:20.803  INFO 530588 --- [ol-108-thread-2] .t.t.s.TourGuideClientRewardsServiceImpl : Service - Distance calculated: 2874.0589993955864
2021-11-27 20:34:20.803  INFO 530588 --- [ol-108-thread-2] .t.t.s.TourGuideClientRewardsServiceImpl : Service - Distance calculated: 2952.8193403315154
2021-11-27 20:34:20.803  INFO 530588 --- [ol-108-thread-2] .t.t.s.TourGuideClientRewardsServiceImpl : Service - Distance calculated: 3108.5294800623687
2021-11-27 20:34:20.803  INFO 530588 --- [ol-108-thread-2] .t.t.s.TourGuideClientRewardsServiceImpl : Service - Distance calculated: 3127.8542720043934
2021-11-27 20:34:20.803  INFO 530588 --- [ol-108-thread-2] .t.t.s.TourGuideClientRewardsServiceImpl : Service - Distance calculated: 3970.709140416803
2021-11-27 20:34:20.803  INFO 530588 --- [ol-108-thread-2] .t.t.s.TourGuideClientRewardsServiceImpl : Service - Distance calculated: 4081.418473145404
2021-11-27 20:34:20.803  INFO 530588 --- [ol-108-thread-2] .t.t.s.TourGuideClientRewardsServiceImpl : Service - Distance calculated: 3695.966201886458
2021-11-27 20:34:20.803  INFO 530588 --- [ol-108-thread-2] .t.t.s.TourGuideClientRewardsServiceImpl : Service - Distance calculated: 3947.8489198964794
2021-11-27 20:34:20.803  INFO 530588 --- [ol-108-thread-2] .t.t.s.TourGuideClientRewardsServiceImpl : Service - Distance calculated: 3448.4600684586608
2021-11-27 20:34:20.803  INFO 530588 --- [ol-108-thread-2] .t.t.s.TourGuideClientRewardsServiceImpl : Service - Distance calculated: 4033.4466404981335
2021-11-27 20:34:20.803  INFO 530588 --- [ol-108-thread-2] .t.t.s.TourGuideClientRewardsServiceImpl : Service - Distance calculated: 4282.137709399813
2021-11-27 20:34:20.803  INFO 530588 --- [ol-108-thread-2] .t.t.s.TourGuideClientRewardsServiceImpl : Service - Distance calculated: 3940.431176066179
2021-11-27 20:34:20.803  INFO 530588 --- [ol-108-thread-2] .t.t.s.TourGuideClientRewardsServiceImpl : Service - Distance calculated: 2798.972682902191
2021-11-27 20:34:20.803  INFO 530588 --- [ol-108-thread-2] .t.t.s.TourGuideClientRewardsServiceImpl : Service - Distance calculated: 4149.465431599274
2021-11-27 20:34:20.803  INFO 530588 --- [ol-108-thread-2] .t.t.s.TourGuideClientRewardsServiceImpl : Service - Distance calculated: 3453.138509211904
2021-11-27 20:34:20.803  INFO 530588 --- [ol-108-thread-2] .t.t.s.TourGuideClientRewardsServiceImpl : Service - Distance calculated: 2943.449082220438
2021-11-27 20:34:20.803  INFO 530588 --- [ol-108-thread-2] .t.t.s.TourGuideClientRewardsServiceImpl : Service - Distance calculated: 3897.183505309877
2021-11-27 20:34:20.803  INFO 530588 --- [ol-108-thread-2] .t.t.s.TourGuideClientRewardsServiceImpl : Service - Distance calculated: 4531.523891175651
2021-11-27 20:34:20.803  INFO 530588 --- [ol-108-thread-2] .t.t.s.TourGuideClientRewardsServiceImpl : Service - Distance calculated: 5263.807944438394
2021-11-27 20:34:20.803  INFO 530588 --- [ol-108-thread-2] .t.t.s.TourGuideClientRewardsServiceImpl : Service - Distance calculated: 4694.640897041259
2021-11-27 20:34:20.803  INFO 530588 --- [ol-108-thread-2] .t.t.s.TourGuideClientRewardsServiceImpl : Service - Distance calculated: 4620.523606592074
2021-11-27 20:34:20.803  INFO 530588 --- [ol-108-thread-2] .t.t.s.TourGuideClientRewardsServiceImpl : Service - Distance calculated: 5792.405666629762
2021-11-27 20:34:20.803  INFO 530588 --- [ol-108-thread-2] .t.t.s.TourGuideClientRewardsServiceImpl : Service - Distance calculated: 5734.206875951257
2021-11-27 20:34:20.803  INFO 530588 --- [ol-108-thread-2] .t.t.s.TourGuideClientRewardsServiceImpl : Service - Distance calculated: 4782.884086879564
2021-11-27 20:34:20.803  INFO 530588 --- [ol-108-thread-2] .t.t.s.TourGuideClientRewardsServiceImpl : Service - Distance calculated: 6416.891482044559
2021-11-27 20:34:20.803  INFO 530588 --- [ol-108-thread-2] .t.t.s.TourGuideClientRewardsServiceImpl : Service - Distance calculated: 6266.442372414744
2021-11-27 20:34:20.803  INFO 530588 --- [ol-108-thread-2] .t.t.s.TourGuideClientRewardsServiceImpl : Service - Distance calculated: 5413.819442888955
2021-11-27 20:34:20.803  INFO 530588 --- [ol-108-thread-2] .t.t.s.TourGuideClientRewardsServiceImpl : Service - Distance calculated: 6857.09557401986
2021-11-27 20:34:20.803  INFO 530588 --- [ol-108-thread-2] .t.t.s.TourGuideClientRewardsServiceImpl : Service - Distance calculated: 6563.908456023533
2021-11-27 20:34:20.803  INFO 530588 --- [ol-108-thread-2] .t.t.s.TourGuideClientRewardsServiceImpl : Service - Distance calculated: 6669.672102039466
2021-11-27 20:34:20.803  INFO 530588 --- [ol-108-thread-2] .t.t.s.TourGuideClientRewardsServiceImpl : Service - Distance calculated: 6250.895547812172
2021-11-27 20:34:20.803  INFO 530588 --- [ol-108-thread-2] .t.t.s.TourGuideClientRewardsServiceImpl : Service - Distance calculated: 5358.392050277442
2021-11-27 20:34:20.804  INFO 530588 --- [ol-108-thread-2] .t.t.s.TourGuideClientRewardsServiceImpl : Service - Distance calculated: 5985.138785320305
2021-11-27 20:34:20.804  INFO 530588 --- [ol-108-thread-2] .t.t.s.TourGuideClientRewardsServiceImpl : Service - Distance calculated: 5713.109771744429
2021-11-27 20:34:20.804  INFO 530588 --- [ol-108-thread-2] .t.t.s.TourGuideClientRewardsServiceImpl : Service - Distance calculated: 6246.020997257879
2021-11-27 20:34:20.804  INFO 530588 --- [ol-108-thread-2] .t.t.s.TourGuideClientRewardsServiceImpl : Service - Distance calculated: 5442.355782302495
2021-11-27 20:34:20.804  INFO 530588 --- [ol-108-thread-2] .t.t.s.TourGuideClientRewardsServiceImpl : Service - Distance calculated: 4514.0972724258
2021-11-27 20:34:20.804  INFO 530588 --- [ol-108-thread-2] .t.t.s.TourGuideClientRewardsServiceImpl : Service - Distance calculated: 6139.641395759013
2021-11-27 20:34:20.804  INFO 530588 --- [ol-108-thread-2] .t.t.s.TourGuideClientRewardsServiceImpl : Service - Distance calculated: 7027.387494753154
2021-11-27 20:34:20.804  INFO 530588 --- [ol-108-thread-2] .t.t.s.TourGuideClientRewardsServiceImpl : Service - Distance calculated: 4967.587738564553
2021-11-27 20:34:20.804  INFO 530588 --- [ol-108-thread-2] .t.t.s.TourGuideClientRewardsServiceImpl : Service - Distance calculated: 5797.964587477548
2021-11-27 20:34:20.804  INFO 530588 --- [ol-108-thread-2] .t.t.s.TourGuideClientRewardsServiceImpl : Service - Distance calculated: 6864.870390634906
2021-11-27 20:34:20.804  INFO 530588 --- [ol-108-thread-2] .t.t.s.TourGuideClientRewardsServiceImpl : Service - Distance calculated: 6199.909830003415
2021-11-27 20:34:20.804  INFO 530588 --- [ol-108-thread-2] .t.t.s.TourGuideClientRewardsServiceImpl : Service - Distance calculated: 5875.980497034441
2021-11-27 20:34:20.804  INFO 530588 --- [ol-108-thread-2] .t.t.s.TourGuideClientRewardsServiceImpl : Service - Distance calculated: 5168.028333274734
2021-11-27 20:34:20.804  INFO 530588 --- [ol-108-thread-2] .t.t.s.TourGuideClientRewardsServiceImpl : Service - Distance calculated: 5711.614072002716
2021-11-27 20:34:20.804  INFO 530588 --- [ol-108-thread-2] .t.t.s.TourGuideClientRewardsServiceImpl : Service - Distance calculated: 5782.48792405515
2021-11-27 20:34:20.804  INFO 530588 --- [ol-108-thread-2] .t.t.s.TourGuideClientRewardsServiceImpl : Service - Distance calculated: 4599.952105104436
2021-11-27 20:34:20.804  INFO 530588 --- [ol-108-thread-2] .t.t.s.TourGuideClientRewardsServiceImpl : Service - Distance calculated: 4660.39395628296
2021-11-27 20:34:20.804  INFO 530588 --- [ol-108-thread-2] .t.t.s.TourGuideClientRewardsServiceImpl : Service - Distance calculated: 5608.757180968983
2021-11-27 20:34:20.804  INFO 530588 --- [ol-108-thread-2] .t.t.s.TourGuideClientRewardsServiceImpl : Service - Distance calculated: 3974.8763961807354
2021-11-27 20:34:20.804  INFO 530588 --- [ol-108-thread-2] .t.t.s.TourGuideClientRewardsServiceImpl : Service - Distance calculated: 4129.592182387067
2021-11-27 20:34:20.804  INFO 530588 --- [ol-108-thread-2] .t.t.s.TourGuideClientRewardsServiceImpl : Service - Distance calculated: 5468.57018977963
2021-11-27 20:34:20.804  INFO 530588 --- [ol-108-thread-2] .t.t.s.TourGuideClientRewardsServiceImpl : Service - Distance calculated: 3536.572867348734
2021-11-27 20:34:20.804  INFO 530588 --- [ol-108-thread-2] .t.t.s.TourGuideClientRewardsServiceImpl : Service - Distance calculated: 3829.006294544759
2021-11-27 20:34:20.804  INFO 530588 --- [ol-108-thread-2] .t.t.s.TourGuideClientRewardsServiceImpl : Service - Distance calculated: 3726.8750971448185
2021-11-27 20:34:20.804  INFO 530588 --- [ol-108-thread-2] .t.t.s.TourGuideClientRewardsServiceImpl : Service - Distance calculated: 4213.2282852689295
2021-11-27 20:34:20.804  INFO 530588 --- [ol-108-thread-2] .t.t.s.TourGuideClientRewardsServiceImpl : Service - Distance calculated: 5041.561232692821
2021-11-27 20:34:20.804  INFO 530588 --- [ol-108-thread-2] .t.t.s.TourGuideClientRewardsServiceImpl : Service - Distance calculated: 4419.744319503127
2021-11-27 20:34:20.804  INFO 530588 --- [ol-108-thread-2] .t.t.s.TourGuideClientRewardsServiceImpl : Service - Distance calculated: 4697.486471559895
2021-11-27 20:34:20.804  INFO 530588 --- [ol-108-thread-2] .t.t.s.TourGuideClientRewardsServiceImpl : Service - Distance calculated: 4153.532314347058
2021-11-27 20:34:20.804  INFO 530588 --- [ol-108-thread-2] .t.t.s.TourGuideClientRewardsServiceImpl : Service - Distance calculated: 4958.633748128551
2021-11-27 20:34:20.804  INFO 530588 --- [ol-108-thread-2] .t.t.s.TourGuideClientRewardsServiceImpl : Service - Distance calculated: 5888.093309015134
2021-11-27 20:34:20.804  INFO 530588 --- [ol-108-thread-2] .t.t.s.TourGuideClientRewardsServiceImpl : Service - Distance calculated: 4307.412250461978
2021-11-27 20:34:20.804  INFO 530588 --- [ol-108-thread-2] .t.t.s.TourGuideClientRewardsServiceImpl : Service - Distance calculated: 3364.5032544884984
2021-11-27 20:34:20.804  INFO 530588 --- [ol-108-thread-2] .t.t.s.TourGuideClientRewardsServiceImpl : Service - Distance calculated: 5423.13251531738
2021-11-27 20:34:20.804  INFO 530588 --- [ol-108-thread-2] .t.t.s.TourGuideClientRewardsServiceImpl : Service - Distance calculated: 4593.113817753418
2021-11-27 20:34:20.804  INFO 530588 --- [ol-108-thread-2] .t.t.s.TourGuideClientRewardsServiceImpl : Service - Distance calculated: 3528.617646540333
2021-11-27 20:34:20.804  INFO 530588 --- [ol-108-thread-2] .t.t.s.TourGuideClientRewardsServiceImpl : Service - Distance calculated: 4246.531947291385
2021-11-27 20:34:20.804  INFO 530588 --- [ol-108-thread-2] .t.t.s.TourGuideClientRewardsServiceImpl : Service - Calculate rewards points for user: internalUser36
2021-11-27 20:34:20.805  INFO 530588 --- [ol-116-thread-2] .t.t.s.TourGuideClientRewardsServiceImpl : Service - Distance calculated: 6007.630479648074
2021-11-27 20:34:20.805  INFO 530588 --- [ol-116-thread-2] .t.t.s.TourGuideClientRewardsServiceImpl : Service - Distance calculated: 5494.619192415115
2021-11-27 20:34:20.805  INFO 530588 --- [ol-116-thread-2] .t.t.s.TourGuideClientRewardsServiceImpl : Service - Distance calculated: 5852.555658058589
2021-11-27 20:34:20.805  INFO 530588 --- [ol-116-thread-2] .t.t.s.TourGuideClientRewardsServiceImpl : Service - Distance calculated: 5894.060346434978
2021-11-27 20:34:20.805  INFO 530588 --- [ol-116-thread-2] .t.t.s.TourGuideClientRewardsServiceImpl : Service - Distance calculated: 4579.165555033555
2021-11-27 20:34:20.805  INFO 530588 --- [ol-116-thread-2] .t.t.s.TourGuideClientRewardsServiceImpl : Service - Distance calculated: 4595.991517985726
2021-11-27 20:34:20.805  INFO 530588 --- [ol-116-thread-2] .t.t.s.TourGuideClientRewardsServiceImpl : Service - Distance calculated: 5608.444605234124
2021-11-27 20:34:20.805  INFO 530588 --- [ol-116-thread-2] .t.t.s.TourGuideClientRewardsServiceImpl : Service - Distance calculated: 4037.6691669979054
2021-11-27 20:34:20.805  INFO 530588 --- [ol-116-thread-2] .t.t.s.TourGuideClientRewardsServiceImpl : Service - Distance calculated: 4102.393214069621
2021-11-27 20:34:20.805  INFO 530588 --- [ol-116-thread-2] .t.t.s.TourGuideClientRewardsServiceImpl : Service - Distance calculated: 6523.728933031602
2021-11-27 20:34:20.805  INFO 530588 --- [ol-116-thread-2] .t.t.s.TourGuideClientRewardsServiceImpl : Service - Distance calculated: 3616.44046908772
2021-11-27 20:34:20.805  INFO 530588 --- [ol-116-thread-2] .t.t.s.TourGuideClientRewardsServiceImpl : Service - Distance calculated: 3883.9559995905424
2021-11-27 20:34:20.805  INFO 530588 --- [ol-116-thread-2] .t.t.s.TourGuideClientRewardsServiceImpl : Service - Distance calculated: 3741.434528133831
2021-11-27 20:34:20.805  INFO 530588 --- [ol-116-thread-2] .t.t.s.TourGuideClientRewardsServiceImpl : Service - Distance calculated: 3823.42856268949
2021-11-27 20:34:20.805  INFO 530588 --- [ol-116-thread-2] .t.t.s.TourGuideClientRewardsServiceImpl : Service - Distance calculated: 4883.989177536029
2021-11-27 20:34:20.805  INFO 530588 --- [ol-116-thread-2] .t.t.s.TourGuideClientRewardsServiceImpl : Service - Distance calculated: 4280.546286689214
2021-11-27 20:34:20.805  INFO 530588 --- [ol-116-thread-2] .t.t.s.TourGuideClientRewardsServiceImpl : Service - Distance calculated: 4493.975696101901
2021-11-27 20:34:20.805  INFO 530588 --- [ol-116-thread-2] .t.t.s.TourGuideClientRewardsServiceImpl : Service - Distance calculated: 4086.1804652811256
2021-11-27 20:34:20.805  INFO 530588 --- [ol-116-thread-2] .t.t.s.TourGuideClientRewardsServiceImpl : Service - Distance calculated: 4799.564743056429
2021-11-27 20:34:20.805  INFO 530588 --- [ool-94-thread-2] .t.t.s.TourGuideClientRewardsServiceImpl : Service - Distance calculated: 7224.764665054876
2021-11-27 20:34:20.805  INFO 530588 --- [ool-94-thread-2] .t.t.s.TourGuideClientRewardsServiceImpl : Service - Distance calculated: 6784.823022679408
2021-11-27 20:34:20.805  INFO 530588 --- [ool-94-thread-2] .t.t.s.TourGuideClientRewardsServiceImpl : Service - Distance calculated: 7208.5609530395495
2021-11-27 20:34:20.805  INFO 530588 --- [ool-94-thread-2] .t.t.s.TourGuideClientRewardsServiceImpl : Service - Distance calculated: 7275.719500438302
2021-11-27 20:34:20.805  INFO 530588 --- [ool-94-thread-2] .t.t.s.TourGuideClientRewardsServiceImpl : Service - Distance calculated: 7543.2635088908955
2021-11-27 20:34:20.805  INFO 530588 --- [ool-94-thread-2] .t.t.s.TourGuideClientRewardsServiceImpl : Service - Distance calculated: 7640.918939644921
2021-11-27 20:34:20.805  INFO 530588 --- [ool-94-thread-2] .t.t.s.TourGuideClientRewardsServiceImpl : Service - Distance calculated: 7541.5720120961505
2021-11-27 20:34:20.805  INFO 530588 --- [ool-94-thread-2] .t.t.s.TourGuideClientRewardsServiceImpl : Service - Distance calculated: 7307.842231111829
2021-11-27 20:34:20.805  INFO 530588 --- [ool-94-thread-2] .t.t.s.TourGuideClientRewardsServiceImpl : Service - Distance calculated: 7501.730136001727
2021-11-27 20:34:20.805  INFO 530588 --- [ool-94-thread-2] .t.t.s.TourGuideClientRewardsServiceImpl : Service - Distance calculated: 4865.575724633561
2021-11-27 20:34:20.805  INFO 530588 --- [ool-94-thread-2] .t.t.s.TourGuideClientRewardsServiceImpl : Service - Distance calculated: 7218.632115671874
2021-11-27 20:34:20.806  INFO 530588 --- [ool-94-thread-2] .t.t.s.TourGuideClientRewardsServiceImpl : Service - Distance calculated: 7304.410836971427
2021-11-27 20:34:20.806  INFO 530588 --- [ool-94-thread-2] .t.t.s.TourGuideClientRewardsServiceImpl : Service - Distance calculated: 7363.795304141555
2021-11-27 20:34:20.806  INFO 530588 --- [ool-94-thread-2] .t.t.s.TourGuideClientRewardsServiceImpl : Service - Distance calculated: 8203.747739401404
2021-11-27 20:34:20.806  INFO 530588 --- [ool-94-thread-2] .t.t.s.TourGuideClientRewardsServiceImpl : Service - Distance calculated: 7877.173009026483
2021-11-27 20:34:20.806  INFO 530588 --- [ool-94-thread-2] .t.t.s.TourGuideClientRewardsServiceImpl : Service - Distance calculated: 7764.813442670012
2021-11-27 20:34:20.806  INFO 530588 --- [ool-94-thread-2] .t.t.s.TourGuideClientRewardsServiceImpl : Service - Distance calculated: 7936.782584491723
2021-11-27 20:34:20.806  INFO 530588 --- [ool-94-thread-2] .t.t.s.TourGuideClientRewardsServiceImpl : Service - Distance calculated: 7583.043799871372
2021-11-27 20:34:20.806  INFO 530588 --- [ool-94-thread-2] .t.t.s.TourGuideClientRewardsServiceImpl : Service - Distance calculated: 7872.91841029929
2021-11-27 20:34:20.806  INFO 530588 --- [ool-94-thread-2] .t.t.s.TourGuideClientRewardsServiceImpl : Service - Distance calculated: 7311.743603990564
2021-11-27 20:34:20.806  INFO 530588 --- [ool-94-thread-2] .t.t.s.TourGuideClientRewardsServiceImpl : Service - Distance calculated: 8131.191621745269
2021-11-27 20:34:20.806  INFO 530588 --- [ool-94-thread-2] .t.t.s.TourGuideClientRewardsServiceImpl : Service - Distance calculated: 7088.284737036768
2021-11-27 20:34:20.806  INFO 530588 --- [ool-94-thread-2] .t.t.s.TourGuideClientRewardsServiceImpl : Service - Distance calculated: 7631.200595104105
2021-11-27 20:34:20.806  INFO 530588 --- [ool-94-thread-2] .t.t.s.TourGuideClientRewardsServiceImpl : Service - Distance calculated: 7322.087149511175
2021-11-27 20:34:20.806  INFO 530588 --- [ool-94-thread-2] .t.t.s.TourGuideClientRewardsServiceImpl : Service - Distance calculated: 7210.136426641448
2021-11-27 20:34:20.806  INFO 530588 --- [ool-94-thread-2] .t.t.s.TourGuideClientRewardsServiceImpl : Service - Distance calculated: 8101.963864420502
2021-11-27 20:34:20.806  INFO 530588 --- [ool-94-thread-2] .t.t.s.TourGuideClientRewardsServiceImpl : Service - Distance calculated: 10729.681189533512
2021-11-27 20:34:20.806  INFO 530588 --- [ool-94-thread-2] .t.t.s.TourGuideClientRewardsServiceImpl : Service - Distance calculated: 11172.418560916112
2021-11-27 20:34:20.806  INFO 530588 --- [ool-94-thread-2] .t.t.s.TourGuideClientRewardsServiceImpl : Service - Distance calculated: 10887.72311572974
2021-11-27 20:34:20.806  INFO 530588 --- [ool-94-thread-2] .t.t.s.TourGuideClientRewardsServiceImpl : Service - Distance calculated: 10841.023206260152
2021-11-27 20:34:20.806  INFO 530588 --- [ool-94-thread-2] .t.t.s.TourGuideClientRewardsServiceImpl : Service - Distance calculated: 12123.79640792436
2021-11-27 20:34:20.744  INFO 530588 --- [ol-112-thread-2] .t.t.s.TourGuideClientRewardsServiceImpl : Service - Distance calculated: 10366.365995243019
2021-11-27 20:34:20.806  INFO 530588 --- [ool-94-thread-2] .t.t.s.TourGuideClientRewardsServiceImpl : Service - Distance calculated: 12052.136367828418
2021-11-27 20:34:20.806  INFO 530588 --- [ol-112-thread-2] .t.t.s.TourGuideClientRewardsServiceImpl : Service - Distance calculated: 10439.324135877565
2021-11-27 20:34:20.806  INFO 530588 --- [ool-94-thread-2] .t.t.s.TourGuideClientRewardsServiceImpl : Service - Distance calculated: 11089.36858246829
2021-11-27 20:34:20.806  INFO 530588 --- [ool-94-thread-2] .t.t.s.TourGuideClientRewardsServiceImpl : Service - Distance calculated: 12107.494968019351
2021-11-27 20:34:20.744  INFO 530588 --- [ool-91-thread-2] .t.t.s.TourGuideClientRewardsServiceImpl : Service - Distance calculated: 6384.29054391714
2021-11-27 20:34:20.744  INFO 530588 --- [ol-101-thread-2] .t.t.s.TourGuideClientRewardsServiceImpl : Service - Distance calculated: 5985.486623252199
2021-11-27 20:34:20.806  INFO 530588 --- [ool-91-thread-2] .t.t.s.TourGuideClientRewardsServiceImpl : Service - Distance calculated: 5769.828883565866
2021-11-27 20:34:20.806  INFO 530588 --- [ol-101-thread-2] .t.t.s.TourGuideClientRewardsServiceImpl : Service - Distance calculated: 6593.827505710016
2021-11-27 20:34:20.806  INFO 530588 --- [ool-91-thread-2] .t.t.s.TourGuideClientRewardsServiceImpl : Service - Distance calculated: 5995.716218040156
2021-11-27 20:34:20.806  INFO 530588 --- [ol-101-thread-2] .t.t.s.TourGuideClientRewardsServiceImpl : Service - Distance calculated: 6675.971250402366
2021-11-27 20:34:20.806  INFO 530588 --- [ool-91-thread-2] .t.t.s.TourGuideClientRewardsServiceImpl : Service - Distance calculated: 5558.405726552824
2021-11-27 20:34:20.806  INFO 530588 --- [ol-101-thread-2] .t.t.s.TourGuideClientRewardsServiceImpl : Service - Distance calculated: 5651.98466509971
2021-11-27 20:34:20.806  INFO 530588 --- [ool-91-thread-2] .t.t.s.TourGuideClientRewardsServiceImpl : Service - Distance calculated: 6299.073243722694
2021-11-27 20:34:20.806  INFO 530588 --- [ol-101-thread-2] .t.t.s.TourGuideClientRewardsServiceImpl : Service - Distance calculated: 5727.943315686998
2021-11-27 20:34:20.806  INFO 530588 --- [ol-101-thread-2] .t.t.s.TourGuideClientRewardsServiceImpl : Service - Distance calculated: 6578.118225851957
2021-11-27 20:34:20.745  INFO 530588 --- [ool-77-thread-2] .t.t.s.TourGuideClientRewardsServiceImpl : Service - Distance calculated: 6576.457363916448
2021-11-27 20:34:20.806  INFO 530588 --- [ool-77-thread-2] .t.t.s.TourGuideClientRewardsServiceImpl : Service - Distance calculated: 7083.924301922747
2021-11-27 20:34:20.806  INFO 530588 --- [ool-77-thread-2] .t.t.s.TourGuideClientRewardsServiceImpl : Service - Distance calculated: 6493.599581356541
2021-11-27 20:34:20.745  INFO 530588 --- [ool-48-thread-2] .t.t.s.TourGuideClientRewardsServiceImpl : Service - Distance calculated: 7242.502627579002
2021-11-27 20:34:20.746  INFO 530588 --- [ool-66-thread-2] .t.t.s.TourGuideClientRewardsServiceImpl : Service - Distance calculated: 5012.844058694738
2021-11-27 20:34:20.806  INFO 530588 --- [ool-48-thread-2] .t.t.s.TourGuideClientRewardsServiceImpl : Service - Distance calculated: 10364.017808756755
2021-11-27 20:34:20.806  INFO 530588 --- [ool-48-thread-2] .t.t.s.TourGuideClientRewardsServiceImpl : Service - Distance calculated: 10102.188045899187
2021-11-27 20:34:20.752  INFO 530588 --- [ool-75-thread-2] .t.t.s.TourGuideClientRewardsServiceImpl : Service - Distance calculated: 9281.476395778469
2021-11-27 20:34:20.806  INFO 530588 --- [ool-48-thread-2] .t.t.s.TourGuideClientRewardsServiceImpl : Service - Distance calculated: 10245.720273319865
2021-11-27 20:34:20.753  INFO 530588 --- [ool-53-thread-2] .t.t.s.TourGuideClientRewardsServiceImpl : Service - Distance calculated: 3730.5516128183262
2021-11-27 20:34:20.754  INFO 530588 --- [ool-49-thread-2] .t.t.s.TourGuideClientRewardsServiceImpl : Service - Distance calculated: 4436.751602627377
2021-11-27 20:34:20.754  INFO 530588 --- [ool-60-thread-2] .t.t.s.TourGuideClientRewardsServiceImpl : Service - Distance calculated: 1710.2414047924206
2021-11-27 20:34:20.807  INFO 530588 --- [ool-48-thread-2] .t.t.s.TourGuideClientRewardsServiceImpl : Service - Distance calculated: 10103.071674943349
2021-11-27 20:34:20.756  INFO 530588 --- [ol-136-thread-2] .t.t.s.TourGuideClientRewardsServiceImpl : Service - Distance calculated: 9425.747638319426
2021-11-27 20:34:20.807  INFO 530588 --- [ool-48-thread-2] .t.t.s.TourGuideClientRewardsServiceImpl : Service - Distance calculated: 9080.043445013256
2021-11-27 20:34:20.763  INFO 530588 --- [ol-123-thread-2] .t.t.s.TourGuideClientRewardsServiceImpl : Service - Distance calculated: 5375.028913902915
2021-11-27 20:34:20.807  INFO 530588 --- [ol-136-thread-2] .t.t.s.TourGuideClientRewardsServiceImpl : Service - Distance calculated: 11415.027739374735
2021-11-27 20:34:20.764  INFO 530588 --- [ol-131-thread-2] .t.t.s.TourGuideClientRewardsServiceImpl : Service - Distance calculated: 6200.629121283368
2021-11-27 20:34:20.807  INFO 530588 --- [ol-136-thread-2] .t.t.s.TourGuideClientRewardsServiceImpl : Service - Distance calculated: 11225.796514520669
2021-11-27 20:34:20.765  INFO 530588 --- [ol-110-thread-2] .t.t.s.TourGuideClientRewardsServiceImpl : Service - Distance calculated: 7830.906137298865
2021-11-27 20:34:20.807  INFO 530588 --- [ol-136-thread-2] .t.t.s.TourGuideClientRewardsServiceImpl : Service - Distance calculated: 11230.5728887066
2021-11-27 20:34:20.767  INFO 530588 --- [ol-100-thread-2] .t.t.s.TourGuideClientRewardsServiceImpl : Service - Distance calculated: 9836.65377783502
2021-11-27 20:34:20.807  INFO 530588 --- [ol-136-thread-2] .t.t.s.TourGuideClientRewardsServiceImpl : Service - Distance calculated: 10397.433147221867
2021-11-27 20:34:20.767  INFO 530588 --- [ol-139-thread-2] .t.t.s.TourGuideClientRewardsServiceImpl : Service - Distance calculated: 5143.760715172786
2021-11-27 20:34:20.807  INFO 530588 --- [ol-100-thread-2] .t.t.s.TourGuideClientRewardsServiceImpl : Service - Distance calculated: 10079.560705532213
2021-11-27 20:34:20.767  INFO 530588 --- [ool-97-thread-2] .t.t.s.TourGuideClientRewardsServiceImpl : Service - Distance calculated: 8872.297015659853
2021-11-27 20:34:20.767  INFO 530588 --- [ool-65-thread-2] .t.t.s.TourGuideClientRewardsServiceImpl : Service - Distance calculated: 6221.769935602602
2021-11-27 20:34:20.807  INFO 530588 --- [ool-97-thread-2] .t.t.s.TourGuideClientRewardsServiceImpl : Service - Distance calculated: 8958.22643245036
2021-11-27 20:34:20.767 DEBUG 530588 --- [    Test worker] c.t.t.s.TourGuideClientServiceImpl       : Service - Visited location added for user: internalUser17
2021-11-27 20:34:20.807  INFO 530588 --- [ool-97-thread-2] .t.t.s.TourGuideClientRewardsServiceImpl : Service - Distance calculated: 8566.169251057456
2021-11-27 20:34:20.767  INFO 530588 --- [ol-127-thread-2] .t.t.s.TourGuideClientRewardsServiceImpl : Service - Distance calculated: 3492.1285853083705
2021-11-27 20:34:20.767  INFO 530588 --- [ool-69-thread-2] .t.t.s.TourGuideClientRewardsServiceImpl : Service - Distance calculated: 994.7216000515994
2021-11-27 20:34:20.767  INFO 530588 --- [ool-59-thread-2] .t.t.s.TourGuideClientRewardsServiceImpl : Service - Distance calculated: 4049.6427588244737
2021-11-27 20:34:20.807 DEBUG 530588 --- [    Test worker] c.t.t.s.TourGuideClientServiceImpl       : Service - Visited location added for user: internalUser12
2021-11-27 20:34:20.768  INFO 530588 --- [ol-107-thread-2] .t.t.s.TourGuideClientRewardsServiceImpl : Service - Distance calculated: 8883.102652552021
2021-11-27 20:34:20.807  INFO 530588 --- [ool-59-thread-2] .t.t.s.TourGuideClientRewardsServiceImpl : Service - Distance calculated: 784.3231504991074
2021-11-27 20:34:20.807 DEBUG 530588 --- [    Test worker] c.t.t.s.TourGuideClientServiceImpl       : Service - Visited location added for user: internalUser11
2021-11-27 20:34:20.768  INFO 530588 --- [ool-44-thread-2] .t.t.s.TourGuideClientRewardsServiceImpl : Service - Distance calculated: 10222.304434075306
2021-11-27 20:34:20.807  INFO 530588 --- [ol-107-thread-2] .t.t.s.TourGuideClientRewardsServiceImpl : Service - Distance calculated: 8291.50611334529
2021-11-27 20:34:20.807  INFO 530588 --- [ool-59-thread-2] .t.t.s.TourGuideClientRewardsServiceImpl : Service - Distance calculated: 831.0132261905875
2021-11-27 20:34:20.768  INFO 530588 --- [ol-117-thread-2] .t.t.s.TourGuideClientRewardsServiceImpl : Service - Distance calculated: 5278.64029397373
2021-11-27 20:34:20.768  INFO 530588 --- [ol-115-thread-2] .t.t.s.TourGuideClientRewardsServiceImpl : Service - Distance calculated: 6778.715373543599
2021-11-27 20:34:20.768  INFO 530588 --- [ol-121-thread-2] .t.t.s.TourGuideClientRewardsServiceImpl : Service - Distance calculated: 3310.2965829305476
2021-11-27 20:34:20.807  INFO 530588 --- [ol-115-thread-2] .t.t.s.TourGuideClientRewardsServiceImpl : Service - Distance calculated: 6861.794742691996
2021-11-27 20:34:20.768  INFO 530588 --- [ol-118-thread-2] .t.t.s.TourGuideClientRewardsServiceImpl : Service - Distance calculated: 10108.25141383464
2021-11-27 20:34:20.807  INFO 530588 --- [ol-121-thread-2] .t.t.s.TourGuideClientRewardsServiceImpl : Service - Distance calculated: 6474.073062711839
2021-11-27 20:34:20.807  INFO 530588 --- [ol-118-thread-2] .t.t.s.TourGuideClientRewardsServiceImpl : Service - Distance calculated: 10309.075387678577
2021-11-27 20:34:20.769  INFO 530588 --- [ool-95-thread-2] .t.t.s.TourGuideClientRewardsServiceImpl : Service - Distance calculated: 4125.364893373782
2021-11-27 20:34:20.807  INFO 530588 --- [ol-121-thread-2] .t.t.s.TourGuideClientRewardsServiceImpl : Service - Distance calculated: 6259.904287623875
2021-11-27 20:34:20.807  INFO 530588 --- [ool-95-thread-2] .t.t.s.TourGuideClientRewardsServiceImpl : Service - Distance calculated: 3894.9977630622952
2021-11-27 20:34:20.769  INFO 530588 --- [ol-109-thread-2] .t.t.s.TourGuideClientRewardsServiceImpl : Service - Distance calculated: 7136.063112465007
2021-11-27 20:34:20.807  INFO 530588 --- [ool-95-thread-2] .t.t.s.TourGuideClientRewardsServiceImpl : Service - Distance calculated: 4016.8181988716187
2021-11-27 20:34:20.769  INFO 530588 --- [ool-57-thread-2] .t.t.s.TourGuideClientRewardsServiceImpl : Service - Distance calculated: 4164.915392913775
2021-11-27 20:34:20.807  INFO 530588 --- [ol-109-thread-2] .t.t.s.TourGuideClientRewardsServiceImpl : Service - Distance calculated: 5187.190021963038
2021-11-27 20:34:20.769  INFO 530588 --- [ol-103-thread-2] .t.t.s.TourGuideClientRewardsServiceImpl : Service - Distance calculated: 6840.239469149421
2021-11-27 20:34:20.807  INFO 530588 --- [ool-57-thread-2] .t.t.s.TourGuideClientRewardsServiceImpl : Service - Distance calculated: 1891.189518485763
2021-11-27 20:34:20.769  INFO 530588 --- [ool-46-thread-2] .t.t.s.TourGuideClientRewardsServiceImpl : Service - Distance calculated: 6390.345888381902
2021-11-27 20:34:20.807  INFO 530588 --- [ool-57-thread-2] .t.t.s.TourGuideClientRewardsServiceImpl : Service - Distance calculated: 3979.862191582952
2021-11-27 20:34:20.807  INFO 530588 --- [ol-103-thread-2] .t.t.s.TourGuideClientRewardsServiceImpl : Service - Distance calculated: 6926.710093623035
2021-11-27 20:34:20.769  INFO 530588 --- [ool-73-thread-2] .t.t.s.TourGuideClientRewardsServiceImpl : Service - Distance calculated: 9002.742406211199
2021-11-27 20:34:20.769  INFO 530588 --- [ool-87-thread-2] .t.t.s.TourGuideClientRewardsServiceImpl : Service - Distance calculated: 3370.8058937588753
2021-11-27 20:34:20.769  INFO 530588 --- [ool-82-thread-2] .t.t.s.TourGuideClientRewardsServiceImpl : Service - Distance calculated: 676.0203680727736
2021-11-27 20:34:20.807  INFO 530588 --- [ool-87-thread-2] .t.t.s.TourGuideClientRewardsServiceImpl : Service - Distance calculated: 3183.654152364866
2021-11-27 20:34:20.769  INFO 530588 --- [ool-64-thread-2] .t.t.s.TourGuideClientRewardsServiceImpl : Service - Distance calculated: 7690.254982669989
2021-11-27 20:34:20.808  INFO 530588 --- [ool-82-thread-2] .t.t.s.TourGuideClientRewardsServiceImpl : Service - Distance calculated: 744.2708859831672
2021-11-27 20:34:20.808  INFO 530588 --- [ool-87-thread-2] .t.t.s.TourGuideClientRewardsServiceImpl : Service - Distance calculated: 3153.229073926546
2021-11-27 20:34:20.769  INFO 530588 --- [ol-138-thread-2] .t.t.s.TourGuideClientRewardsServiceImpl : Service - Distance calculated: 5904.908231754822
2021-11-27 20:34:20.769  INFO 530588 --- [ol-134-thread-2] .t.t.s.TourGuideClientRewardsServiceImpl : Service - Distance calculated: 4606.643258957249
2021-11-27 20:34:20.808  INFO 530588 --- [ol-138-thread-2] .t.t.s.TourGuideClientRewardsServiceImpl : Service - Distance calculated: 5043.242575720896
2021-11-27 20:34:20.808  INFO 530588 --- [ool-64-thread-2] .t.t.s.TourGuideClientRewardsServiceImpl : Service - Distance calculated: 6118.460608088529
2021-11-27 20:34:20.808  INFO 530588 --- [ol-138-thread-2] .t.t.s.TourGuideClientRewardsServiceImpl : Service - Distance calculated: 4956.264768358949
2021-11-27 20:34:20.769  INFO 530588 --- [ol-142-thread-2] .t.t.s.TourGuideClientRewardsServiceImpl : Service - Distance calculated: 7279.199090024662
2021-11-27 20:34:20.808  INFO 530588 --- [ol-138-thread-2] .t.t.s.TourGuideClientRewardsServiceImpl : Service - Distance calculated: 8166.368702886954
2021-11-27 20:34:20.769  INFO 530588 --- [ool-83-thread-2] .t.t.s.TourGuideClientRewardsServiceImpl : Service - Distance calculated: 5423.151977878316
2021-11-27 20:34:20.808  INFO 530588 --- [ol-138-thread-2] .t.t.s.TourGuideClientRewardsServiceImpl : Service - Distance calculated: 4824.797383228894
2021-11-27 20:34:20.808  INFO 530588 --- [ol-142-thread-2] .t.t.s.TourGuideClientRewardsServiceImpl : Service - Distance calculated: 4076.3601760198117
2021-11-27 20:34:20.808  INFO 530588 --- [ol-138-thread-2] .t.t.s.TourGuideClientRewardsServiceImpl : Service - Distance calculated: 4943.912016214495
2021-11-27 20:34:20.808  INFO 530588 --- [ool-83-thread-2] .t.t.s.TourGuideClientRewardsServiceImpl : Service - Distance calculated: 4973.662931703739
2021-11-27 20:34:20.769  INFO 530588 --- [ool-85-thread-2] .t.t.s.TourGuideClientRewardsServiceImpl : Service - Distance calculated: 9162.578685274084
2021-11-27 20:34:20.808  INFO 530588 --- [ool-83-thread-2] .t.t.s.TourGuideClientRewardsServiceImpl : Service - Distance calculated: 4399.8779642605305
2021-11-27 20:34:20.769  INFO 530588 --- [ol-122-thread-2] .t.t.s.TourGuideClientRewardsServiceImpl : Service - Distance calculated: 3474.0150232661063
2021-11-27 20:34:20.769  INFO 530588 --- [ol-129-thread-2] .t.t.s.TourGuideClientRewardsServiceImpl : Service - Distance calculated: 8104.185966833109
2021-11-27 20:34:20.808  INFO 530588 --- [ool-83-thread-2] .t.t.s.TourGuideClientRewardsServiceImpl : Service - Distance calculated: 7630.574217691721
2021-11-27 20:34:20.769  INFO 530588 --- [ool-71-thread-2] .t.t.s.TourGuideClientRewardsServiceImpl : Service - Distance calculated: 4912.691095883122
2021-11-27 20:34:20.808  INFO 530588 --- [ool-83-thread-2] .t.t.s.TourGuideClientRewardsServiceImpl : Service - Distance calculated: 7606.082421443987
2021-11-27 20:34:20.808  INFO 530588 --- [ool-71-thread-2] .t.t.s.TourGuideClientRewardsServiceImpl : Service - Distance calculated: 4579.311488081021
2021-11-27 20:34:20.769  INFO 530588 --- [ool-43-thread-2] .t.t.s.TourGuideClientRewardsServiceImpl : Service - Distance calculated: 4094.7097713599933
2021-11-27 20:34:20.769  INFO 530588 --- [ool-88-thread-2] .t.t.s.TourGuideClientRewardsServiceImpl : Service - Distance calculated: 7152.990375203627
2021-11-27 20:34:20.769  INFO 530588 --- [ool-61-thread-2] .t.t.s.TourGuideClientRewardsServiceImpl : Service - Distance calculated: 6037.946745933024
2021-11-27 20:34:20.769  INFO 530588 --- [ool-67-thread-2] .t.t.s.TourGuideClientRewardsServiceImpl : Service - Distance calculated: 9299.254277638925
2021-11-27 20:34:20.808  INFO 530588 --- [ool-61-thread-2] .t.t.s.TourGuideClientRewardsServiceImpl : Service - Distance calculated: 7228.948353553675
2021-11-27 20:34:20.769  INFO 530588 --- [ool-68-thread-2] .t.t.s.TourGuideClientRewardsServiceImpl : Service - Distance calculated: 10035.718840138732
2021-11-27 20:34:20.770  INFO 530588 --- [ol-137-thread-2] .t.t.s.TourGuideClientRewardsServiceImpl : Service - Distance calculated: 2044.192247299134
2021-11-27 20:34:20.770  INFO 530588 --- [ool-56-thread-2] .t.t.s.TourGuideClientRewardsServiceImpl : Service - Distance calculated: 5380.79354695175
2021-11-27 20:34:20.770  INFO 530588 --- [ol-104-thread-2] .t.t.s.TourGuideClientRewardsServiceImpl : Service - Distance calculated: 3548.981559725103
2021-11-27 20:34:20.775  INFO 530588 --- [ool-51-thread-2] .t.t.s.TourGuideClientRewardsServiceImpl : Service - Distance calculated: 10593.655382439385
2021-11-27 20:34:20.775  INFO 530588 --- [ol-130-thread-2] .t.t.s.TourGuideClientRewardsServiceImpl : Service - Distance calculated: 6767.750989589761
2021-11-27 20:34:20.809  INFO 530588 --- [ool-51-thread-2] .t.t.s.TourGuideClientRewardsServiceImpl : Service - Distance calculated: 7940.643964610464
2021-11-27 20:34:20.809  INFO 530588 --- [ol-130-thread-2] .t.t.s.TourGuideClientRewardsServiceImpl : Service - Distance calculated: 6782.432789420537
2021-11-27 20:34:20.809  INFO 530588 --- [ool-51-thread-2] .t.t.s.TourGuideClientRewardsServiceImpl : Service - Distance calculated: 10138.227488295537
2021-11-27 20:34:20.809  INFO 530588 --- [ol-130-thread-2] .t.t.s.TourGuideClientRewardsServiceImpl : Service - Distance calculated: 7820.816825684871
2021-11-27 20:34:20.775  INFO 530588 --- [ol-119-thread-2] .t.t.s.TourGuideClientRewardsServiceImpl : Service - Distance calculated: 923.0949316234214
2021-11-27 20:34:20.776  INFO 530588 --- [ool-70-thread-2] .t.t.s.TourGuideClientRewardsServiceImpl : Service - Distance calculated: 1061.9617988387713
2021-11-27 20:34:20.777  INFO 530588 --- [ool-62-thread-2] .t.t.s.TourGuideClientRewardsServiceImpl : Service - Distance calculated: 9872.632812131991
2021-11-27 20:34:20.777  INFO 530588 --- [ool-78-thread-2] .t.t.s.TourGuideClientRewardsServiceImpl : Service - Distance calculated: 9034.21977151849
2021-11-27 20:34:20.809  INFO 530588 --- [ool-78-thread-2] .t.t.s.TourGuideClientRewardsServiceImpl : Service - Distance calculated: 8994.271954287397
2021-11-27 20:34:20.809  INFO 530588 --- [ool-70-thread-2] .t.t.s.TourGuideClientRewardsServiceImpl : Service - Distance calculated: 1121.7215969449057
2021-11-27 20:34:20.809  INFO 530588 --- [ool-62-thread-2] .t.t.s.TourGuideClientRewardsServiceImpl : Service - Distance calculated: 11552.553087478142
2021-11-27 20:34:20.809  INFO 530588 --- [ool-62-thread-2] .t.t.s.TourGuideClientRewardsServiceImpl : Service - Distance calculated: 9604.9077493599
2021-11-27 20:34:20.777  INFO 530588 --- [ool-81-thread-2] .t.t.s.TourGuideClientRewardsServiceImpl : Service - Distance calculated: 8997.18549957389
2021-11-27 20:34:20.778  INFO 530588 --- [ool-86-thread-2] .t.t.s.TourGuideClientRewardsServiceImpl : Service - Distance calculated: 2579.678364420124
2021-11-27 20:34:20.778  INFO 530588 --- [ool-55-thread-2] .t.t.s.TourGuideClientRewardsServiceImpl : Service - Distance calculated: 9011.420999862508
2021-11-27 20:34:20.782  INFO 530588 --- [ool-72-thread-2] .t.t.s.TourGuideClientRewardsServiceImpl : Service - Distance calculated: 6836.395118041546
2021-11-27 20:34:20.785  INFO 530588 --- [ol-140-thread-2] .t.t.s.TourGuideClientRewardsServiceImpl : Service - Distance calculated: 6751.265795532393
2021-11-27 20:34:20.809  INFO 530588 --- [ool-72-thread-2] .t.t.s.TourGuideClientRewardsServiceImpl : Service - Distance calculated: 7441.004069970869
2021-11-27 20:34:20.785  INFO 530588 --- [ool-74-thread-2] .t.t.s.TourGuideClientRewardsServiceImpl : Service - Distance calculated: 8561.5683484603
2021-11-27 20:34:20.809  INFO 530588 --- [ool-72-thread-2] .t.t.s.TourGuideClientRewardsServiceImpl : Service - Distance calculated: 6244.590862245248
2021-11-27 20:34:20.785  INFO 530588 --- [ool-63-thread-2] .t.t.s.TourGuideClientRewardsServiceImpl : Service - Distance calculated: 5261.8359266015095
2021-11-27 20:34:20.809  INFO 530588 --- [ool-74-thread-2] .t.t.s.TourGuideClientRewardsServiceImpl : Service - Distance calculated: 8470.679747161419
2021-11-27 20:34:20.809  INFO 530588 --- [ool-74-thread-2] .t.t.s.TourGuideClientRewardsServiceImpl : Service - Distance calculated: 6274.760490381691
2021-11-27 20:34:20.785  INFO 530588 --- [ool-80-thread-2] .t.t.s.TourGuideClientRewardsServiceImpl : Service - Distance calculated: 8608.8233340193
2021-11-27 20:34:20.786  INFO 530588 --- [ol-124-thread-2] .t.t.s.TourGuideClientRewardsServiceImpl : Service - Distance calculated: 2554.401653747719
2021-11-27 20:34:20.788  INFO 530588 --- [ool-54-thread-2] .t.t.s.TourGuideClientRewardsServiceImpl : Service - Distance calculated: 7490.28903696903
2021-11-27 20:34:20.810  INFO 530588 --- [ol-124-thread-2] .t.t.s.TourGuideClientRewardsServiceImpl : Service - Distance calculated: 3203.908952701145
2021-11-27 20:34:20.810  INFO 530588 --- [ool-54-thread-2] .t.t.s.TourGuideClientRewardsServiceImpl : Service - Distance calculated: 8228.298862810947
2021-11-27 20:34:20.788  INFO 530588 --- [ool-45-thread-2] .t.t.s.TourGuideClientRewardsServiceImpl : Service - Distance calculated: 6692.897612083552
2021-11-27 20:34:20.810  INFO 530588 --- [ool-45-thread-2] .t.t.s.TourGuideClientRewardsServiceImpl : Service - Distance calculated: 7152.243574076768
2021-11-27 20:34:20.810  INFO 530588 --- [ool-45-thread-2] .t.t.s.TourGuideClientRewardsServiceImpl : Service - Distance calculated: 7047.784259232468
2021-11-27 20:34:20.810  INFO 530588 --- [ool-54-thread-2] .t.t.s.TourGuideClientRewardsServiceImpl : Service - Distance calculated: 8628.209609460833
2021-11-27 20:34:20.788  INFO 530588 --- [ol-111-thread-2] .t.t.s.TourGuideClientRewardsServiceImpl : Service - Distance calculated: 8756.993586373525
2021-11-27 20:34:20.810  INFO 530588 --- [ol-111-thread-2] .t.t.s.TourGuideClientRewardsServiceImpl : Service - Distance calculated: 8687.20640165711
2021-11-27 20:34:20.810  INFO 530588 --- [ol-111-thread-2] .t.t.s.TourGuideClientRewardsServiceImpl : Service - Distance calculated: 8830.38497244704
2021-11-27 20:34:20.810  INFO 530588 --- [ool-54-thread-2] .t.t.s.TourGuideClientRewardsServiceImpl : Service - Distance calculated: 8159.879992800798
2021-11-27 20:34:20.810  INFO 530588 --- [ol-111-thread-2] .t.t.s.TourGuideClientRewardsServiceImpl : Service - Distance calculated: 8855.885329168837
2021-11-27 20:34:20.810  INFO 530588 --- [ol-111-thread-2] .t.t.s.TourGuideClientRewardsServiceImpl : Service - Distance calculated: 9704.9803659668
2021-11-27 20:34:20.810  INFO 530588 --- [ool-54-thread-2] .t.t.s.TourGuideClientRewardsServiceImpl : Service - Distance calculated: 8437.296286875864
2021-11-27 20:34:20.788  INFO 530588 --- [ool-50-thread-2] .t.t.s.TourGuideClientRewardsServiceImpl : Service - Distance calculated: 4462.704026843685
2021-11-27 20:34:20.789  INFO 530588 --- [ol-141-thread-2] .t.t.s.TourGuideClientRewardsServiceImpl : Service - Distance calculated: 1005.4755264958826
2021-11-27 20:34:20.790  INFO 530588 --- [ool-89-thread-2] .t.t.s.TourGuideClientRewardsServiceImpl : Service - Distance calculated: 4105.041589363668
2021-11-27 20:34:20.791  INFO 530588 --- [ol-135-thread-2] .t.t.s.TourGuideClientRewardsServiceImpl : Service - Distance calculated: 9564.624743828086
2021-11-27 20:34:20.791  INFO 530588 --- [ol-113-thread-2] .t.t.s.TourGuideClientRewardsServiceImpl : Service - Distance calculated: 7376.114641955328
2021-11-27 20:34:20.810  INFO 530588 --- [ol-135-thread-2] .t.t.s.TourGuideClientRewardsServiceImpl : Service - Distance calculated: 9563.65152228582
2021-11-27 20:34:20.810  INFO 530588 --- [ol-135-thread-2] .t.t.s.TourGuideClientRewardsServiceImpl : Service - Distance calculated: 10668.974736059905
2021-11-27 20:34:20.810  INFO 530588 --- [ol-113-thread-2] .t.t.s.TourGuideClientRewardsServiceImpl : Service - Distance calculated: 7269.5698638001395
2021-11-27 20:34:20.791  INFO 530588 --- [ool-47-thread-2] .t.t.s.TourGuideClientRewardsServiceImpl : Service - Distance calculated: 7636.423667265169
2021-11-27 20:34:20.791  INFO 530588 --- [ool-79-thread-2] .t.t.s.TourGuideClientRewardsServiceImpl : Service - Distance calculated: 10617.18878262058
2021-11-27 20:34:20.810  INFO 530588 --- [ool-47-thread-2] .t.t.s.TourGuideClientRewardsServiceImpl : Service - Distance calculated: 8368.80149537936
2021-11-27 20:34:20.796  INFO 530588 --- [ol-125-thread-2] .t.t.s.TourGuideClientRewardsServiceImpl : Service - Distance calculated: 3390.45185668668
2021-11-27 20:34:20.796  INFO 530588 --- [ol-120-thread-2] .t.t.s.TourGuideClientRewardsServiceImpl : Service - Distance calculated: 7536.767253042128
2021-11-27 20:34:20.810  INFO 530588 --- [ol-125-thread-2] .t.t.s.TourGuideClientRewardsServiceImpl : Service - Distance calculated: 3882.856438783828
2021-11-27 20:34:20.796  INFO 530588 --- [ool-52-thread-2] .t.t.s.TourGuideClientRewardsServiceImpl : Service - Distance calculated: 8117.008059445151
2021-11-27 20:34:20.797  INFO 530588 --- [ol-114-thread-2] .t.t.s.TourGuideClientRewardsServiceImpl : Service - Distance calculated: 8748.19520188917
2021-11-27 20:34:20.797  INFO 530588 --- [ool-92-thread-2] .t.t.s.TourGuideClientRewardsServiceImpl : Service - Distance calculated: 844.0793256784063
2021-11-27 20:34:20.798  INFO 530588 --- [ool-93-thread-2] .t.t.s.TourGuideClientRewardsServiceImpl : Service - Distance calculated: 8887.691534495076
2021-11-27 20:34:20.810  INFO 530588 --- [ool-92-thread-2] .t.t.s.TourGuideClientRewardsServiceImpl : Service - Distance calculated: 1457.6865956704744
2021-11-27 20:34:20.798  INFO 530588 --- [ool-90-thread-2] .t.t.s.TourGuideClientRewardsServiceImpl : Service - Distance calculated: 4904.70578085388
2021-11-27 20:34:20.810  INFO 530588 --- [ool-92-thread-2] .t.t.s.TourGuideClientRewardsServiceImpl : Service - Distance calculated: 1547.2783444522795
2021-11-27 20:34:20.798  INFO 530588 --- [ool-98-thread-2] .t.t.s.TourGuideClientRewardsServiceImpl : Service - Distance calculated: 3098.280096390783
2021-11-27 20:34:20.810  INFO 530588 --- [ool-90-thread-2] .t.t.s.TourGuideClientRewardsServiceImpl : Service - Distance calculated: 4057.256278854345
2021-11-27 20:34:20.811  INFO 530588 --- [ool-90-thread-2] .t.t.s.TourGuideClientRewardsServiceImpl : Service - Distance calculated: 6118.13919209953
2021-11-27 20:34:20.798  INFO 530588 --- [ol-126-thread-2] .t.t.s.TourGuideClientRewardsServiceImpl : Service - Distance calculated: 9853.084552210303
2021-11-27 20:34:20.811  INFO 530588 --- [ol-126-thread-2] .t.t.s.TourGuideClientRewardsServiceImpl : Service - Distance calculated: 9698.920335684805
2021-11-27 20:34:20.811  INFO 530588 --- [ol-126-thread-2] .t.t.s.TourGuideClientRewardsServiceImpl : Service - Distance calculated: 9657.013276463118
2021-11-27 20:34:20.811  INFO 530588 --- [ool-90-thread-2] .t.t.s.TourGuideClientRewardsServiceImpl : Service - Distance calculated: 5299.520845225563
2021-11-27 20:34:20.796  INFO 530588 --- [ol-133-thread-2] .t.t.s.TourGuideClientRewardsServiceImpl : Service - Distance calculated: 4158.798233661957
2021-11-27 20:34:20.811  INFO 530588 --- [ool-90-thread-2] .t.t.s.TourGuideClientRewardsServiceImpl : Service - Distance calculated: 4213.422818074571
2021-11-27 20:34:20.799  INFO 530588 --- [ool-96-thread-2] .t.t.s.TourGuideClientRewardsServiceImpl : Service - Distance calculated: 3195.755353922441
2021-11-27 20:34:20.811  INFO 530588 --- [ol-133-thread-2] .t.t.s.TourGuideClientRewardsServiceImpl : Service - Distance calculated: 4225.2224082533085
2021-11-27 20:34:20.800  INFO 530588 --- [ol-105-thread-2] .t.t.s.TourGuideClientRewardsServiceImpl : Service - Distance calculated: 9955.800903159297
2021-11-27 20:34:20.811  INFO 530588 --- [ol-133-thread-2] .t.t.s.TourGuideClientRewardsServiceImpl : Service - Distance calculated: 4663.678124888163
2021-11-27 20:34:20.800  INFO 530588 --- [ool-99-thread-2] .t.t.s.TourGuideClientRewardsServiceImpl : Service - Distance calculated: 5994.5187053423115
2021-11-27 20:34:20.811  INFO 530588 --- [ol-105-thread-2] .t.t.s.TourGuideClientRewardsServiceImpl : Service - Distance calculated: 6698.194564318669
2021-11-27 20:34:20.800  INFO 530588 --- [ol-128-thread-2] .t.t.s.TourGuideClientRewardsServiceImpl : Service - Distance calculated: 7641.154275759394
2021-11-27 20:34:20.800  INFO 530588 --- [ol-102-thread-2] .t.t.s.TourGuideClientRewardsServiceImpl : Service - Distance calculated: 4713.292266629922
2021-11-27 20:34:20.811  INFO 530588 --- [ol-128-thread-2] .t.t.s.TourGuideClientRewardsServiceImpl : Service - Distance calculated: 4663.2341098533425
2021-11-27 20:34:20.802  INFO 530588 --- [ool-58-thread-2] .t.t.s.TourGuideClientRewardsServiceImpl : Service - Distance calculated: 8363.640819587628
2021-11-27 20:34:20.803  INFO 530588 --- [ol-106-thread-2] .t.t.s.TourGuideClientRewardsServiceImpl : Service - Distance calculated: 8698.25007524848
2021-11-27 20:34:20.805  INFO 530588 --- [ol-116-thread-2] .t.t.s.TourGuideClientRewardsServiceImpl : Service - Distance calculated: 5982.8514019440045
2021-11-27 20:34:20.811  INFO 530588 --- [ol-106-thread-2] .t.t.s.TourGuideClientRewardsServiceImpl : Service - Distance calculated: 9284.393585915781
2021-11-27 20:34:20.811  INFO 530588 --- [ool-58-thread-2] .t.t.s.TourGuideClientRewardsServiceImpl : Service - Distance calculated: 7538.631117233638
2021-11-27 20:34:20.806  INFO 530588 --- [ol-112-thread-2] .t.t.s.TourGuideClientRewardsServiceImpl : Service - Distance calculated: 10202.652054837936
2021-11-27 20:34:20.806  INFO 530588 --- [ool-94-thread-2] .t.t.s.TourGuideClientRewardsServiceImpl : Service - Distance calculated: 12213.00579446728
2021-11-27 20:34:20.811  INFO 530588 --- [ol-112-thread-2] .t.t.s.TourGuideClientRewardsServiceImpl : Service - Distance calculated: 9929.402947439712
2021-11-27 20:34:20.811  INFO 530588 --- [ool-94-thread-2] .t.t.s.TourGuideClientRewardsServiceImpl : Service - Distance calculated: 9381.038775515792
2021-11-27 20:34:20.806  INFO 530588 --- [ool-91-thread-2] .t.t.s.TourGuideClientRewardsServiceImpl : Service - Distance calculated: 7452.849951822683
2021-11-27 20:34:20.806  INFO 530588 --- [ol-101-thread-2] .t.t.s.TourGuideClientRewardsServiceImpl : Service - Distance calculated: 5035.8164887908715
2021-11-27 20:34:20.806  INFO 530588 --- [ool-77-thread-2] .t.t.s.TourGuideClientRewardsServiceImpl : Service - Distance calculated: 6379.187050181393
2021-11-27 20:34:20.811  INFO 530588 --- [ol-101-thread-2] .t.t.s.TourGuideClientRewardsServiceImpl : Service - Distance calculated: 5217.830378150239
2021-11-27 20:34:20.806  INFO 530588 --- [ool-66-thread-2] .t.t.s.TourGuideClientRewardsServiceImpl : Service - Distance calculated: 3869.6149575482136
2021-11-27 20:34:20.811  INFO 530588 --- [ool-77-thread-2] .t.t.s.TourGuideClientRewardsServiceImpl : Service - Distance calculated: 6611.198874118234
2021-11-27 20:34:20.807  INFO 530588 --- [ool-53-thread-2] .t.t.s.TourGuideClientRewardsServiceImpl : Service - Distance calculated: 2925.507560989376
2021-11-27 20:34:20.811  INFO 530588 --- [ool-77-thread-2] .t.t.s.TourGuideClientRewardsServiceImpl : Service - Distance calculated: 7776.6452941728285
2021-11-27 20:34:20.811  INFO 530588 --- [ool-77-thread-2] .t.t.s.TourGuideClientRewardsServiceImpl : Service - Distance calculated: 6419.083847227795
2021-11-27 20:34:20.811  INFO 530588 --- [ool-53-thread-2] .t.t.s.TourGuideClientRewardsServiceImpl : Service - Distance calculated: 2142.9986550116005
2021-11-27 20:34:20.811  INFO 530588 --- [ool-77-thread-2] .t.t.s.TourGuideClientRewardsServiceImpl : Service - Distance calculated: 7077.192445571171
2021-11-27 20:34:20.807  INFO 530588 --- [ool-75-thread-2] .t.t.s.TourGuideClientRewardsServiceImpl : Service - Distance calculated: 9822.64772611649
2021-11-27 20:34:20.807  INFO 530588 --- [ool-49-thread-2] .t.t.s.TourGuideClientRewardsServiceImpl : Service - Distance calculated: 4906.376017071424
2021-11-27 20:34:20.811  INFO 530588 --- [ool-75-thread-2] .t.t.s.TourGuideClientRewardsServiceImpl : Service - Distance calculated: 9335.821334028067
2021-11-27 20:34:20.807  INFO 530588 --- [ool-60-thread-2] .t.t.s.TourGuideClientRewardsServiceImpl : Service - Distance calculated: 1386.9694481235463
2021-11-27 20:34:20.811  INFO 530588 --- [ool-49-thread-2] .t.t.s.TourGuideClientRewardsServiceImpl : Service - Distance calculated: 5829.214066160174
2021-11-27 20:34:20.807  INFO 530588 --- [ool-48-thread-2] .t.t.s.TourGuideClientRewardsServiceImpl : Service - Distance calculated: 9695.317732339781
2021-11-27 20:34:20.811  INFO 530588 --- [ool-49-thread-2] .t.t.s.TourGuideClientRewardsServiceImpl : Service - Distance calculated: 5888.305669813556
2021-11-27 20:34:20.807  INFO 530588 --- [ol-123-thread-2] .t.t.s.TourGuideClientRewardsServiceImpl : Service - Distance calculated: 5341.608382626139
2021-11-27 20:34:20.811  INFO 530588 --- [ool-60-thread-2] .t.t.s.TourGuideClientRewardsServiceImpl : Service - Distance calculated: 1347.3721947513768
2021-11-27 20:34:20.807  INFO 530588 --- [ol-131-thread-2] .t.t.s.TourGuideClientRewardsServiceImpl : Service - Distance calculated: 6765.937852049725
2021-11-27 20:34:20.807  INFO 530588 --- [ol-136-thread-2] .t.t.s.TourGuideClientRewardsServiceImpl : Service - Distance calculated: 10089.451148978724
2021-11-27 20:34:20.807  INFO 530588 --- [ol-110-thread-2] .t.t.s.TourGuideClientRewardsServiceImpl : Service - Distance calculated: 7690.740430254612
2021-11-27 20:34:20.807  INFO 530588 --- [ol-139-thread-2] .t.t.s.TourGuideClientRewardsServiceImpl : Service - Distance calculated: 4669.811247705482
2021-11-27 20:34:20.812  INFO 530588 --- [ol-136-thread-2] .t.t.s.TourGuideClientRewardsServiceImpl : Service - Distance calculated: 10595.309725538893
2021-11-27 20:34:20.807  INFO 530588 --- [ol-100-thread-2] .t.t.s.TourGuideClientRewardsServiceImpl : Service - Distance calculated: 10092.268651450515
2021-11-27 20:34:20.812  INFO 530588 --- [ol-136-thread-2] .t.t.s.TourGuideClientRewardsServiceImpl : Service - Distance calculated: 10318.027485162447
2021-11-27 20:34:20.807  INFO 530588 --- [ool-65-thread-2] .t.t.s.TourGuideClientRewardsServiceImpl : Service - Distance calculated: 4909.624279376095
2021-11-27 20:34:20.812  INFO 530588 --- [ol-100-thread-2] .t.t.s.TourGuideClientRewardsServiceImpl : Service - Distance calculated: 8831.75566422572
2021-11-27 20:34:20.807  INFO 530588 --- [ool-97-thread-2] .t.t.s.TourGuideClientRewardsServiceImpl : Service - Distance calculated: 8664.813521571372
2021-11-27 20:34:20.807  INFO 530588 --- [ol-127-thread-2] .t.t.s.TourGuideClientRewardsServiceImpl : Service - Distance calculated: 3573.3460951792194
2021-11-27 20:34:20.812  INFO 530588 --- [ol-100-thread-2] .t.t.s.TourGuideClientRewardsServiceImpl : Service - Distance calculated: 8821.312286596165
2021-11-27 20:34:20.812  INFO 530588 --- [ol-127-thread-2] .t.t.s.TourGuideClientRewardsServiceImpl : Service - Distance calculated: 3694.412797705012
2021-11-27 20:34:20.812  INFO 530588 --- [ol-100-thread-2] .t.t.s.TourGuideClientRewardsServiceImpl : Service - Distance calculated: 9751.4558409182
2021-11-27 20:34:20.807  INFO 530588 --- [ool-69-thread-2] .t.t.s.TourGuideClientRewardsServiceImpl : Service - Distance calculated: 2135.6615342083855
2021-11-27 20:34:20.812  INFO 530588 --- [ool-97-thread-2] .t.t.s.TourGuideClientRewardsServiceImpl : Service - Distance calculated: 9095.176766864122
2021-11-27 20:34:20.812  INFO 530588 --- [ol-100-thread-2] .t.t.s.TourGuideClientRewardsServiceImpl : Service - Distance calculated: 8361.026483791908
2021-11-27 20:34:20.807 DEBUG 530588 --- [    Test worker] c.t.t.s.TourGuideClientServiceImpl       : Service - Visited location added for user: internalUser99
2021-11-27 20:34:20.812  INFO 530588 --- [ool-69-thread-2] .t.t.s.TourGuideClientRewardsServiceImpl : Service - Distance calculated: 2112.8570057477937
2021-11-27 20:34:20.807  INFO 530588 --- [ool-44-thread-2] .t.t.s.TourGuideClientRewardsServiceImpl : Service - Distance calculated: 7146.771823281093
2021-11-27 20:34:20.812 DEBUG 530588 --- [    Test worker] c.t.t.s.TourGuideClientServiceImpl       : Service - Visited location added for user: internalUser14
2021-11-27 20:34:20.807  INFO 530588 --- [ol-107-thread-2] .t.t.s.TourGuideClientRewardsServiceImpl : Service - Distance calculated: 8203.886733581883
2021-11-27 20:34:20.812  INFO 530588 --- [ool-69-thread-2] .t.t.s.TourGuideClientRewardsServiceImpl : Service - Distance calculated: 1739.4150399419173
2021-11-27 20:34:20.807  INFO 530588 --- [ool-59-thread-2] .t.t.s.TourGuideClientRewardsServiceImpl : Service - Distance calculated: 707.0015849839958
2021-11-27 20:34:20.812  INFO 530588 --- [ool-69-thread-2] .t.t.s.TourGuideClientRewardsServiceImpl : Service - Distance calculated: 2541.7316736889716
2021-11-27 20:34:20.807  INFO 530588 --- [ol-117-thread-2] .t.t.s.TourGuideClientRewardsServiceImpl : Service - Distance calculated: 5368.033242223288
2021-11-27 20:34:20.807  INFO 530588 --- [ol-115-thread-2] .t.t.s.TourGuideClientRewardsServiceImpl : Service - Distance calculated: 5855.449411541065
2021-11-27 20:34:20.812  INFO 530588 --- [ol-117-thread-2] .t.t.s.TourGuideClientRewardsServiceImpl : Service - Distance calculated: 4708.11114124851
2021-11-27 20:34:20.807  INFO 530588 --- [ol-118-thread-2] .t.t.s.TourGuideClientRewardsServiceImpl : Service - Distance calculated: 10313.580441183643
2021-11-27 20:34:20.812  INFO 530588 --- [ol-115-thread-2] .t.t.s.TourGuideClientRewardsServiceImpl : Service - Distance calculated: 5932.454214166282
2021-11-27 20:34:20.807  INFO 530588 --- [ol-121-thread-2] .t.t.s.TourGuideClientRewardsServiceImpl : Service - Distance calculated: 6408.370783218743
2021-11-27 20:34:20.812  INFO 530588 --- [ol-115-thread-2] .t.t.s.TourGuideClientRewardsServiceImpl : Service - Distance calculated: 6772.190988718784
2021-11-27 20:34:20.812  INFO 530588 --- [ol-118-thread-2] .t.t.s.TourGuideClientRewardsServiceImpl : Service - Distance calculated: 9082.51964170956
2021-11-27 20:34:20.807  INFO 530588 --- [ool-95-thread-2] .t.t.s.TourGuideClientRewardsServiceImpl : Service - Distance calculated: 3498.383467041646
2021-11-27 20:34:20.807  INFO 530588 --- [ol-109-thread-2] .t.t.s.TourGuideClientRewardsServiceImpl : Service - Distance calculated: 6712.222220280566
2021-11-27 20:34:20.812  INFO 530588 --- [ool-95-thread-2] .t.t.s.TourGuideClientRewardsServiceImpl : Service - Distance calculated: 4442.850628253581
2021-11-27 20:34:20.807  INFO 530588 --- [ool-46-thread-2] .t.t.s.TourGuideClientRewardsServiceImpl : Service - Distance calculated: 5264.372146507763
2021-11-27 20:34:20.812  INFO 530588 --- [ool-95-thread-2] .t.t.s.TourGuideClientRewardsServiceImpl : Service - Distance calculated: 3701.909833721469
2021-11-27 20:34:20.807  INFO 530588 --- [ool-57-thread-2] .t.t.s.TourGuideClientRewardsServiceImpl : Service - Distance calculated: 4005.309459173424
2021-11-27 20:34:20.812  INFO 530588 --- [ool-46-thread-2] .t.t.s.TourGuideClientRewardsServiceImpl : Service - Distance calculated: 7102.238267390703
2021-11-27 20:34:20.812  INFO 530588 --- [ool-57-thread-2] .t.t.s.TourGuideClientRewardsServiceImpl : Service - Distance calculated: 4089.469231952487
2021-11-27 20:34:20.812  INFO 530588 --- [ool-46-thread-2] .t.t.s.TourGuideClientRewardsServiceImpl : Service - Distance calculated: 6307.331323012764
2021-11-27 20:34:20.807  INFO 530588 --- [ol-103-thread-2] .t.t.s.TourGuideClientRewardsServiceImpl : Service - Distance calculated: 6631.375122912729
2021-11-27 20:34:20.812  INFO 530588 --- [ool-46-thread-2] .t.t.s.TourGuideClientRewardsServiceImpl : Service - Distance calculated: 5439.476502222568
2021-11-27 20:34:20.807  INFO 530588 --- [ool-73-thread-2] .t.t.s.TourGuideClientRewardsServiceImpl : Service - Distance calculated: 8917.465702726395
2021-11-27 20:34:20.812  INFO 530588 --- [ol-103-thread-2] .t.t.s.TourGuideClientRewardsServiceImpl : Service - Distance calculated: 6733.2426754146845
2021-11-27 20:34:20.808  INFO 530588 --- [ool-82-thread-2] .t.t.s.TourGuideClientRewardsServiceImpl : Service - Distance calculated: 1699.788526728658
2021-11-27 20:34:20.812  INFO 530588 --- [ol-103-thread-2] .t.t.s.TourGuideClientRewardsServiceImpl : Service - Distance calculated: 7064.661279981728
2021-11-27 20:34:20.808  INFO 530588 --- [ool-87-thread-2] .t.t.s.TourGuideClientRewardsServiceImpl : Service - Distance calculated: 2399.2665545799496
2021-11-27 20:34:20.812  INFO 530588 --- [ol-103-thread-2] .t.t.s.TourGuideClientRewardsServiceImpl : Service - Distance calculated: 6198.0448124919885
2021-11-27 20:34:20.808  INFO 530588 --- [ol-134-thread-2] .t.t.s.TourGuideClientRewardsServiceImpl : Service - Distance calculated: 5190.511973359256
2021-11-27 20:34:20.808  INFO 530588 --- [ool-64-thread-2] .t.t.s.TourGuideClientRewardsServiceImpl : Service - Distance calculated: 6291.240642504675
2021-11-27 20:34:20.808  INFO 530588 --- [ol-138-thread-2] .t.t.s.TourGuideClientRewardsServiceImpl : Service - Distance calculated: 4809.575821648258
2021-11-27 20:34:20.808  INFO 530588 --- [ol-142-thread-2] .t.t.s.TourGuideClientRewardsServiceImpl : Service - Distance calculated: 4130.192900439608
2021-11-27 20:34:20.808  INFO 530588 --- [ool-85-thread-2] .t.t.s.TourGuideClientRewardsServiceImpl : Service - Distance calculated: 8066.250167891057
2021-11-27 20:34:20.808  INFO 530588 --- [ol-129-thread-2] .t.t.s.TourGuideClientRewardsServiceImpl : Service - Distance calculated: 8055.23593314232
2021-11-27 20:34:20.813  INFO 530588 --- [ool-85-thread-2] .t.t.s.TourGuideClientRewardsServiceImpl : Service - Distance calculated: 8678.506477841014
2021-11-27 20:34:20.808  INFO 530588 --- [ol-122-thread-2] .t.t.s.TourGuideClientRewardsServiceImpl : Service - Distance calculated: 2970.8426960518736
2021-11-27 20:34:20.813  INFO 530588 --- [ool-85-thread-2] .t.t.s.TourGuideClientRewardsServiceImpl : Service - Distance calculated: 9032.94246514124
2021-11-27 20:34:20.808  INFO 530588 --- [ool-83-thread-2] .t.t.s.TourGuideClientRewardsServiceImpl : Service - Distance calculated: 7552.243842383083
2021-11-27 20:34:20.808  INFO 530588 --- [ool-71-thread-2] .t.t.s.TourGuideClientRewardsServiceImpl : Service - Distance calculated: 4681.582532567659
2021-11-27 20:34:20.808  INFO 530588 --- [ool-43-thread-2] .t.t.s.TourGuideClientRewardsServiceImpl : Service - Distance calculated: 4184.183096604166
2021-11-27 20:34:20.813  INFO 530588 --- [ool-71-thread-2] .t.t.s.TourGuideClientRewardsServiceImpl : Service - Distance calculated: 5019.725726039764
2021-11-27 20:34:20.808  INFO 530588 --- [ool-88-thread-2] .t.t.s.TourGuideClientRewardsServiceImpl : Service - Distance calculated: 7875.754098886621
2021-11-27 20:34:20.813  INFO 530588 --- [ool-43-thread-2] .t.t.s.TourGuideClientRewardsServiceImpl : Service - Distance calculated: 3599.3453771737713
2021-11-27 20:34:20.809  INFO 530588 --- [ool-67-thread-2] .t.t.s.TourGuideClientRewardsServiceImpl : Service - Distance calculated: 9369.588321383007
2021-11-27 20:34:20.813  INFO 530588 --- [ool-88-thread-2] .t.t.s.TourGuideClientRewardsServiceImpl : Service - Distance calculated: 6939.488411020586
2021-11-27 20:34:20.809  INFO 530588 --- [ool-61-thread-2] .t.t.s.TourGuideClientRewardsServiceImpl : Service - Distance calculated: 7258.66065032009
2021-11-27 20:34:20.809  INFO 530588 --- [ool-68-thread-2] .t.t.s.TourGuideClientRewardsServiceImpl : Service - Distance calculated: 10521.50375730264
2021-11-27 20:34:20.809  INFO 530588 --- [ol-137-thread-2] .t.t.s.TourGuideClientRewardsServiceImpl : Service - Distance calculated: 2241.809683143708
2021-11-27 20:34:20.809  INFO 530588 --- [ool-56-thread-2] .t.t.s.TourGuideClientRewardsServiceImpl : Service - Distance calculated: 5297.005965428829
2021-11-27 20:34:20.809  INFO 530588 --- [ol-104-thread-2] .t.t.s.TourGuideClientRewardsServiceImpl : Service - Distance calculated: 3567.199788383404
2021-11-27 20:34:20.813  INFO 530588 --- [ool-56-thread-2] .t.t.s.TourGuideClientRewardsServiceImpl : Service - Distance calculated: 6292.041126261389
2021-11-27 20:34:20.809  INFO 530588 --- [ool-51-thread-2] .t.t.s.TourGuideClientRewardsServiceImpl : Service - Distance calculated: 10326.932557300826
2021-11-27 20:34:20.813  INFO 530588 --- [ool-56-thread-2] .t.t.s.TourGuideClientRewardsServiceImpl : Service - Distance calculated: 6214.702573926774
2021-11-27 20:34:20.809  INFO 530588 --- [ol-130-thread-2] .t.t.s.TourGuideClientRewardsServiceImpl : Service - Distance calculated: 7873.3365744555485
2021-11-27 20:34:20.813  INFO 530588 --- [ool-56-thread-2] .t.t.s.TourGuideClientRewardsServiceImpl : Service - Distance calculated: 5380.471509181948
2021-11-27 20:34:20.809  INFO 530588 --- [ol-119-thread-2] .t.t.s.TourGuideClientRewardsServiceImpl : Service - Distance calculated: 539.909165699542
2021-11-27 20:34:20.809  INFO 530588 --- [ool-78-thread-2] .t.t.s.TourGuideClientRewardsServiceImpl : Service - Distance calculated: 8146.150557588565
2021-11-27 20:34:20.813  INFO 530588 --- [ol-119-thread-2] .t.t.s.TourGuideClientRewardsServiceImpl : Service - Distance calculated: 475.2168836449314
2021-11-27 20:34:20.809  INFO 530588 --- [ool-70-thread-2] .t.t.s.TourGuideClientRewardsServiceImpl : Service - Distance calculated: 953.829792679035
2021-11-27 20:34:20.809  INFO 530588 --- [ool-62-thread-2] .t.t.s.TourGuideClientRewardsServiceImpl : Service - Distance calculated: 9799.35725338583
2021-11-27 20:34:20.813  INFO 530588 --- [ool-78-thread-2] .t.t.s.TourGuideClientRewardsServiceImpl : Service - Distance calculated: 8176.42095347877
2021-11-27 20:34:20.809  INFO 530588 --- [ool-81-thread-2] .t.t.s.TourGuideClientRewardsServiceImpl : Service - Distance calculated: 8471.283299409986
2021-11-27 20:34:20.813  INFO 530588 --- [ool-62-thread-2] .t.t.s.TourGuideClientRewardsServiceImpl : Service - Distance calculated: 9653.002303820953
2021-11-27 20:34:20.813  INFO 530588 --- [ool-81-thread-2] .t.t.s.TourGuideClientRewardsServiceImpl : Service - Distance calculated: 9349.0234529016
2021-11-27 20:34:20.809  INFO 530588 --- [ool-86-thread-2] .t.t.s.TourGuideClientRewardsServiceImpl : Service - Distance calculated: 3022.3428407454744
2021-11-27 20:34:20.809  INFO 530588 --- [ool-55-thread-2] .t.t.s.TourGuideClientRewardsServiceImpl : Service - Distance calculated: 8435.120785846311
2021-11-27 20:34:20.809  INFO 530588 --- [ol-140-thread-2] .t.t.s.TourGuideClientRewardsServiceImpl : Service - Distance calculated: 5830.088667697531
2021-11-27 20:34:20.813  INFO 530588 --- [ool-55-thread-2] .t.t.s.TourGuideClientRewardsServiceImpl : Service - Distance calculated: 8722.428084772037
2021-11-27 20:34:20.813  INFO 530588 --- [ool-55-thread-2] .t.t.s.TourGuideClientRewardsServiceImpl : Service - Distance calculated: 8156.1453728686165
2021-11-27 20:34:20.809  INFO 530588 --- [ool-72-thread-2] .t.t.s.TourGuideClientRewardsServiceImpl : Service - Distance calculated: 6537.33104478862
2021-11-27 20:34:20.813  INFO 530588 --- [ol-140-thread-2] .t.t.s.TourGuideClientRewardsServiceImpl : Service - Distance calculated: 7441.860477545867
2021-11-27 20:34:20.813  INFO 530588 --- [ool-72-thread-2] .t.t.s.TourGuideClientRewardsServiceImpl : Service - Distance calculated: 6433.265839730934
2021-11-27 20:34:20.809  INFO 530588 --- [ool-63-thread-2] .t.t.s.TourGuideClientRewardsServiceImpl : Service - Distance calculated: 5467.036647876217
2021-11-27 20:34:20.809  INFO 530588 --- [ool-74-thread-2] .t.t.s.TourGuideClientRewardsServiceImpl : Service - Distance calculated: 8998.805328832275
2021-11-27 20:34:20.813  INFO 530588 --- [ool-63-thread-2] .t.t.s.TourGuideClientRewardsServiceImpl : Service - Distance calculated: 3519.088330130421
2021-11-27 20:34:20.810  INFO 530588 --- [ol-124-thread-2] .t.t.s.TourGuideClientRewardsServiceImpl : Service - Distance calculated: 3588.219019252914
2021-11-27 20:34:20.813  INFO 530588 --- [ool-74-thread-2] .t.t.s.TourGuideClientRewardsServiceImpl : Service - Distance calculated: 8717.141127011346
2021-11-27 20:34:20.810  INFO 530588 --- [ool-80-thread-2] .t.t.s.TourGuideClientRewardsServiceImpl : Service - Distance calculated: 8345.307234550017
2021-11-27 20:34:20.810  INFO 530588 --- [ool-45-thread-2] .t.t.s.TourGuideClientRewardsServiceImpl : Service - Distance calculated: 7238.465287074991
2021-11-27 20:34:20.810  INFO 530588 --- [ol-111-thread-2] .t.t.s.TourGuideClientRewardsServiceImpl : Service - Distance calculated: 9781.56650626367
2021-11-27 20:34:20.814  INFO 530588 --- [ool-74-thread-2] .t.t.s.TourGuideClientRewardsServiceImpl : Service - Distance calculated: 8852.586402926678
2021-11-27 20:34:20.810  INFO 530588 --- [ool-54-thread-2] .t.t.s.TourGuideClientRewardsServiceImpl : Service - Distance calculated: 7886.349933197802
2021-11-27 20:34:20.814  INFO 530588 --- [ol-111-thread-2] .t.t.s.TourGuideClientRewardsServiceImpl : Service - Distance calculated: 9203.711459141503
2021-11-27 20:34:20.810  INFO 530588 --- [ool-50-thread-2] .t.t.s.TourGuideClientRewardsServiceImpl : Service - Distance calculated: 4279.91125828099
2021-11-27 20:34:20.810  INFO 530588 --- [ool-89-thread-2] .t.t.s.TourGuideClientRewardsServiceImpl : Service - Distance calculated: 4827.02659965808
2021-11-27 20:34:20.810  INFO 530588 --- [ol-141-thread-2] .t.t.s.TourGuideClientRewardsServiceImpl : Service - Distance calculated: 379.8910150047567
2021-11-27 20:34:20.814  INFO 530588 --- [ool-50-thread-2] .t.t.s.TourGuideClientRewardsServiceImpl : Service - Distance calculated: 4467.366977896458
2021-11-27 20:34:20.810  INFO 530588 --- [ol-135-thread-2] .t.t.s.TourGuideClientRewardsServiceImpl : Service - Distance calculated: 10723.30516716897
2021-11-27 20:34:20.814  INFO 530588 --- [ool-50-thread-2] .t.t.s.TourGuideClientRewardsServiceImpl : Service - Distance calculated: 4094.5400356172204
2021-11-27 20:34:20.810  INFO 530588 --- [ol-113-thread-2] .t.t.s.TourGuideClientRewardsServiceImpl : Service - Distance calculated: 7171.165907196405
2021-11-27 20:34:20.810  INFO 530588 --- [ool-79-thread-2] .t.t.s.TourGuideClientRewardsServiceImpl : Service - Distance calculated: 10701.781773870596
2021-11-27 20:34:20.810  INFO 530588 --- [ol-120-thread-2] .t.t.s.TourGuideClientRewardsServiceImpl : Service - Distance calculated: 7351.46941892796
2021-11-27 20:34:20.810  INFO 530588 --- [ol-125-thread-2] .t.t.s.TourGuideClientRewardsServiceImpl : Service - Distance calculated: 3947.4434066768163
2021-11-27 20:34:20.814  INFO 530588 --- [ol-120-thread-2] .t.t.s.TourGuideClientRewardsServiceImpl : Service - Distance calculated: 9794.087885973062
2021-11-27 20:34:20.810  INFO 530588 --- [ool-47-thread-2] .t.t.s.TourGuideClientRewardsServiceImpl : Service - Distance calculated: 7798.749398993516
2021-11-27 20:34:20.814  INFO 530588 --- [ol-125-thread-2] .t.t.s.TourGuideClientRewardsServiceImpl : Service - Distance calculated: 2728.393359717135
2021-11-27 20:34:20.814  INFO 530588 --- [ool-79-thread-2] .t.t.s.TourGuideClientRewardsServiceImpl : Service - Distance calculated: 10509.957599571695
2021-11-27 20:34:20.814  INFO 530588 --- [ool-47-thread-2] .t.t.s.TourGuideClientRewardsServiceImpl : Service - Distance calculated: 7722.780802047606
2021-11-27 20:34:20.810  INFO 530588 --- [ool-52-thread-2] .t.t.s.TourGuideClientRewardsServiceImpl : Service - Distance calculated: 7227.23906835752
2021-11-27 20:34:20.814  INFO 530588 --- [ool-47-thread-2] .t.t.s.TourGuideClientRewardsServiceImpl : Service - Distance calculated: 8819.219468181565
2021-11-27 20:34:20.810  INFO 530588 --- [ol-114-thread-2] .t.t.s.TourGuideClientRewardsServiceImpl : Service - Distance calculated: 7512.983282283862
2021-11-27 20:34:20.814  INFO 530588 --- [ool-47-thread-2] .t.t.s.TourGuideClientRewardsServiceImpl : Service - Distance calculated: 8745.608284391403
2021-11-27 20:34:20.814  INFO 530588 --- [ool-52-thread-2] .t.t.s.TourGuideClientRewardsServiceImpl : Service - Distance calculated: 8717.479004788544
2021-11-27 20:34:20.814  INFO 530588 --- [ol-114-thread-2] .t.t.s.TourGuideClientRewardsServiceImpl : Service - Distance calculated: 7494.973455309008
2021-11-27 20:34:20.810  INFO 530588 --- [ool-93-thread-2] .t.t.s.TourGuideClientRewardsServiceImpl : Service - Distance calculated: 8545.587713349525
2021-11-27 20:34:20.814  INFO 530588 --- [ool-52-thread-2] .t.t.s.TourGuideClientRewardsServiceImpl : Service - Distance calculated: 9722.99059375788
2021-11-27 20:34:20.814  INFO 530588 --- [ool-52-thread-2] .t.t.s.TourGuideClientRewardsServiceImpl : Service - Distance calculated: 7675.859435703487
2021-11-27 20:34:20.814  INFO 530588 --- [ool-93-thread-2] .t.t.s.TourGuideClientRewardsServiceImpl : Service - Distance calculated: 8484.290068209628
2021-11-27 20:34:20.814  INFO 530588 --- [ool-52-thread-2] .t.t.s.TourGuideClientRewardsServiceImpl : Service - Distance calculated: 8509.417156396272
2021-11-27 20:34:20.810  INFO 530588 --- [ool-92-thread-2] .t.t.s.TourGuideClientRewardsServiceImpl : Service - Distance calculated: 1556.0779401672737
2021-11-27 20:34:20.814  INFO 530588 --- [ool-52-thread-2] .t.t.s.TourGuideClientRewardsServiceImpl : Service - Distance calculated: 9554.401831217683
2021-11-27 20:34:20.814  INFO 530588 --- [ool-92-thread-2] .t.t.s.TourGuideClientRewardsServiceImpl : Service - Distance calculated: 1642.8806710679341
2021-11-27 20:34:20.811  INFO 530588 --- [ool-98-thread-2] .t.t.s.TourGuideClientRewardsServiceImpl : Service - Distance calculated: 3141.877260021115
2021-11-27 20:34:20.811  INFO 530588 --- [ol-126-thread-2] .t.t.s.TourGuideClientRewardsServiceImpl : Service - Distance calculated: 8617.45314881805
2021-11-27 20:34:20.811  INFO 530588 --- [ool-90-thread-2] .t.t.s.TourGuideClientRewardsServiceImpl : Service - Distance calculated: 4844.554582106241
2021-11-27 20:34:20.814  INFO 530588 --- [ol-126-thread-2] .t.t.s.TourGuideClientRewardsServiceImpl : Service - Distance calculated: 10242.765487487748
2021-11-27 20:34:20.811  INFO 530588 --- [ool-96-thread-2] .t.t.s.TourGuideClientRewardsServiceImpl : Service - Distance calculated: 4351.201380232637
2021-11-27 20:34:20.814  INFO 530588 --- [ol-126-thread-2] .t.t.s.TourGuideClientRewardsServiceImpl : Service - Distance calculated: 9379.432131787393
2021-11-27 20:34:20.811  INFO 530588 --- [ol-133-thread-2] .t.t.s.TourGuideClientRewardsServiceImpl : Service - Distance calculated: 4750.373254780418
2021-11-27 20:34:20.814  INFO 530588 --- [ool-96-thread-2] .t.t.s.TourGuideClientRewardsServiceImpl : Service - Distance calculated: 4381.660151444004
2021-11-27 20:34:20.811  INFO 530588 --- [ol-105-thread-2] .t.t.s.TourGuideClientRewardsServiceImpl : Service - Distance calculated: 6785.927240342898
2021-11-27 20:34:20.814  INFO 530588 --- [ool-96-thread-2] .t.t.s.TourGuideClientRewardsServiceImpl : Service - Distance calculated: 3546.939047391081
2021-11-27 20:34:20.811  INFO 530588 --- [ool-99-thread-2] .t.t.s.TourGuideClientRewardsServiceImpl : Service - Distance calculated: 7004.3080813846755
2021-11-27 20:34:20.814  INFO 530588 --- [ol-105-thread-2] .t.t.s.TourGuideClientRewardsServiceImpl : Service - Distance calculated: 6660.701856946807
2021-11-27 20:34:20.811  INFO 530588 --- [ol-102-thread-2] .t.t.s.TourGuideClientRewardsServiceImpl : Service - Distance calculated: 4657.824357033346
2021-11-27 20:34:20.814  INFO 530588 --- [ool-99-thread-2] .t.t.s.TourGuideClientRewardsServiceImpl : Service - Distance calculated: 5361.780772308957
2021-11-27 20:34:20.811  INFO 530588 --- [ol-128-thread-2] .t.t.s.TourGuideClientRewardsServiceImpl : Service - Distance calculated: 4666.5914397773995
2021-11-27 20:34:20.814  INFO 530588 --- [ool-99-thread-2] .t.t.s.TourGuideClientRewardsServiceImpl : Service - Distance calculated: 5470.443510422291
2021-11-27 20:34:20.811  INFO 530588 --- [ol-116-thread-2] .t.t.s.TourGuideClientRewardsServiceImpl : Service - Distance calculated: 3969.4557293154267
2021-11-27 20:34:20.811  INFO 530588 --- [ol-106-thread-2] .t.t.s.TourGuideClientRewardsServiceImpl : Service - Distance calculated: 9370.326185737575
2021-11-27 20:34:20.811  INFO 530588 --- [ool-58-thread-2] .t.t.s.TourGuideClientRewardsServiceImpl : Service - Distance calculated: 7821.570700667477
2021-11-27 20:34:20.815  INFO 530588 --- [ol-106-thread-2] .t.t.s.TourGuideClientRewardsServiceImpl : Service - Distance calculated: 8944.166571568423
2021-11-27 20:34:20.811  INFO 530588 --- [ol-112-thread-2] .t.t.s.TourGuideClientRewardsServiceImpl : Service - Distance calculated: 10210.957660966418
2021-11-27 20:34:20.815  INFO 530588 --- [ol-106-thread-2] .t.t.s.TourGuideClientRewardsServiceImpl : Service - Distance calculated: 9041.228592479525
2021-11-27 20:34:20.815  INFO 530588 --- [ool-58-thread-2] .t.t.s.TourGuideClientRewardsServiceImpl : Service - Distance calculated: 7989.635104834457
2021-11-27 20:34:20.815  INFO 530588 --- [ol-106-thread-2] .t.t.s.TourGuideClientRewardsServiceImpl : Service - Distance calculated: 9504.78407523278
2021-11-27 20:34:20.811  INFO 530588 --- [ool-94-thread-2] .t.t.s.TourGuideClientRewardsServiceImpl : Service - Distance calculated: 11665.950309067232
2021-11-27 20:34:20.815  INFO 530588 --- [ol-106-thread-2] .t.t.s.TourGuideClientRewardsServiceImpl : Service - Distance calculated: 8412.596211149332
2021-11-27 20:34:20.811  INFO 530588 --- [ool-91-thread-2] .t.t.s.TourGuideClientRewardsServiceImpl : Service - Distance calculated: 5479.911421872797
2021-11-27 20:34:20.815  INFO 530588 --- [ol-106-thread-2] .t.t.s.TourGuideClientRewardsServiceImpl : Service - Distance calculated: 8621.620167894986
2021-11-27 20:34:20.815  INFO 530588 --- [ool-91-thread-2] .t.t.s.TourGuideClientRewardsServiceImpl : Service - Distance calculated: 4906.94991852896
2021-11-27 20:34:20.811  INFO 530588 --- [ol-101-thread-2] .t.t.s.TourGuideClientRewardsServiceImpl : Service - Distance calculated: 5678.728027790361
2021-11-27 20:34:20.815  INFO 530588 --- [ool-91-thread-2] .t.t.s.TourGuideClientRewardsServiceImpl : Service - Distance calculated: 6871.887584448744
2021-11-27 20:34:20.811  INFO 530588 --- [ool-66-thread-2] .t.t.s.TourGuideClientRewardsServiceImpl : Service - Distance calculated: 3937.0984704415264
2021-11-27 20:34:20.815  INFO 530588 --- [ool-91-thread-2] .t.t.s.TourGuideClientRewardsServiceImpl : Service - Distance calculated: 6125.615255335045
2021-11-27 20:34:20.811  INFO 530588 --- [ool-53-thread-2] .t.t.s.TourGuideClientRewardsServiceImpl : Service - Distance calculated: 3626.7009076716417
2021-11-27 20:34:20.815  INFO 530588 --- [ool-66-thread-2] .t.t.s.TourGuideClientRewardsServiceImpl : Service - Distance calculated: 4855.573599234158
2021-11-27 20:34:20.811  INFO 530588 --- [ool-77-thread-2] .t.t.s.TourGuideClientRewardsServiceImpl : Service - Distance calculated: 7620.440269836555
2021-11-27 20:34:20.811  INFO 530588 --- [ool-75-thread-2] .t.t.s.TourGuideClientRewardsServiceImpl : Service - Distance calculated: 9257.287743246314
2021-11-27 20:34:20.815  INFO 530588 --- [ool-77-thread-2] .t.t.s.TourGuideClientRewardsServiceImpl : Service - Distance calculated: 6658.162434797462
2021-11-27 20:34:20.811  INFO 530588 --- [ool-49-thread-2] .t.t.s.TourGuideClientRewardsServiceImpl : Service - Distance calculated: 9315.906351378851
2021-11-27 20:34:20.811  INFO 530588 --- [ool-48-thread-2] .t.t.s.TourGuideClientRewardsServiceImpl : Service - Distance calculated: 9467.436215759493
2021-11-27 20:34:20.815  INFO 530588 --- [ool-49-thread-2] .t.t.s.TourGuideClientRewardsServiceImpl : Service - Distance calculated: 10078.867891757005
2021-11-27 20:34:20.811  INFO 530588 --- [ool-60-thread-2] .t.t.s.TourGuideClientRewardsServiceImpl : Service - Distance calculated: 1142.9035942845699
2021-11-27 20:34:20.815  INFO 530588 --- [ool-48-thread-2] .t.t.s.TourGuideClientRewardsServiceImpl : Service - Distance calculated: 9899.272456230236
2021-11-27 20:34:20.811  INFO 530588 --- [ol-123-thread-2] .t.t.s.TourGuideClientRewardsServiceImpl : Service - Distance calculated: 5444.146863372878
2021-11-27 20:34:20.812  INFO 530588 --- [ol-131-thread-2] .t.t.s.TourGuideClientRewardsServiceImpl : Service - Distance calculated: 6478.391179081516
2021-11-27 20:34:20.812  INFO 530588 --- [ol-110-thread-2] .t.t.s.TourGuideClientRewardsServiceImpl : Service - Distance calculated: 10736.903521444536
2021-11-27 20:34:20.812  INFO 530588 --- [ol-139-thread-2] .t.t.s.TourGuideClientRewardsServiceImpl : Service - Distance calculated: 4596.772126145912
2021-11-27 20:34:20.815  INFO 530588 --- [ol-110-thread-2] .t.t.s.TourGuideClientRewardsServiceImpl : Service - Distance calculated: 7711.668994427518
2021-11-27 20:34:20.812  INFO 530588 --- [ool-65-thread-2] .t.t.s.TourGuideClientRewardsServiceImpl : Service - Distance calculated: 4932.258978707673
2021-11-27 20:34:20.815  INFO 530588 --- [ol-110-thread-2] .t.t.s.TourGuideClientRewardsServiceImpl : Service - Distance calculated: 7766.781670413921
2021-11-27 20:34:20.812  INFO 530588 --- [ol-136-thread-2] .t.t.s.TourGuideClientRewardsServiceImpl : Service - Distance calculated: 10865.58584166245
2021-11-27 20:34:20.812  INFO 530588 --- [ol-127-thread-2] .t.t.s.TourGuideClientRewardsServiceImpl : Service - Distance calculated: 3789.974068775754
2021-11-27 20:34:20.815  INFO 530588 --- [ol-136-thread-2] .t.t.s.TourGuideClientRewardsServiceImpl : Service - Distance calculated: 10156.612460003404
2021-11-27 20:34:20.812  INFO 530588 --- [ool-97-thread-2] .t.t.s.TourGuideClientRewardsServiceImpl : Service - Distance calculated: 8053.698339267409
2021-11-27 20:34:20.815  INFO 530588 --- [ol-136-thread-2] .t.t.s.TourGuideClientRewardsServiceImpl : Service - Distance calculated: 9466.768308733606
2021-11-27 20:34:20.812  INFO 530588 --- [ol-100-thread-2] .t.t.s.TourGuideClientRewardsServiceImpl : Service - Distance calculated: 8390.331946748507
2021-11-27 20:34:20.815  INFO 530588 --- [ool-97-thread-2] .t.t.s.TourGuideClientRewardsServiceImpl : Service - Distance calculated: 8265.012150152941
2021-11-27 20:34:20.812  INFO 530588 --- [ool-44-thread-2] .t.t.s.TourGuideClientRewardsServiceImpl : Service - Distance calculated: 10500.87918204016
2021-11-27 20:34:20.815  INFO 530588 --- [ool-97-thread-2] .t.t.s.TourGuideClientRewardsServiceImpl : Service - Distance calculated: 6715.491819837972
2021-11-27 20:34:20.815  INFO 530588 --- [ol-100-thread-2] .t.t.s.TourGuideClientRewardsServiceImpl : Service - Distance calculated: 10343.418668642355
2021-11-27 20:34:20.812 DEBUG 530588 --- [    Test worker] c.t.t.s.TourGuideClientServiceImpl       : Service - Visited location added for user: internalUser13
2021-11-27 20:34:20.815  INFO 530588 --- [ol-100-thread-2] .t.t.s.TourGuideClientRewardsServiceImpl : Service - Distance calculated: 7958.962145796388
2021-11-27 20:34:20.812  INFO 530588 --- [ol-107-thread-2] .t.t.s.TourGuideClientRewardsServiceImpl : Service - Distance calculated: 8414.087066774819
2021-11-27 20:34:20.815  INFO 530588 --- [ol-100-thread-2] .t.t.s.TourGuideClientRewardsServiceImpl : Service - Distance calculated: 8211.893721686962
2021-11-27 20:34:20.815 DEBUG 530588 --- [    Test worker] c.t.t.s.TourGuideClientServiceImpl       : Service - Visited location added for user: internalUser3
2021-11-27 20:34:20.812  INFO 530588 --- [ool-59-thread-2] .t.t.s.TourGuideClientRewardsServiceImpl : Service - Distance calculated: 518.4326929783413
2021-11-27 20:34:20.816  INFO 530588 --- [ol-107-thread-2] .t.t.s.TourGuideClientRewardsServiceImpl : Service - Distance calculated: 8312.14438043877
2021-11-27 20:34:20.816  INFO 530588 --- [ool-59-thread-2] .t.t.s.TourGuideClientRewardsServiceImpl : Service - Distance calculated: 1531.1054439208208
2021-11-27 20:34:20.812  INFO 530588 --- [ool-69-thread-2] .t.t.s.TourGuideClientRewardsServiceImpl : Service - Distance calculated: 2284.965167955566
2021-11-27 20:34:20.816  INFO 530588 --- [ool-59-thread-2] .t.t.s.TourGuideClientRewardsServiceImpl : Service - Distance calculated: 944.5340541077929
2021-11-27 20:34:20.812  INFO 530588 --- [ol-117-thread-2] .t.t.s.TourGuideClientRewardsServiceImpl : Service - Distance calculated: 4805.137928711731
2021-11-27 20:34:20.816  INFO 530588 --- [ool-59-thread-2] .t.t.s.TourGuideClientRewardsServiceImpl : Service - Distance calculated: 1141.0225268066629
2021-11-27 20:34:20.812  INFO 530588 --- [ol-121-thread-2] .t.t.s.TourGuideClientRewardsServiceImpl : Service - Distance calculated: 6672.429786993921
2021-11-27 20:34:20.816  INFO 530588 --- [ool-59-thread-2] .t.t.s.TourGuideClientRewardsServiceImpl : Service - Distance calculated: 817.5006664848439
2021-11-27 20:34:20.812  INFO 530588 --- [ol-115-thread-2] .t.t.s.TourGuideClientRewardsServiceImpl : Service - Distance calculated: 5241.003498754941
2021-11-27 20:34:20.816  INFO 530588 --- [ool-59-thread-2] .t.t.s.TourGuideClientRewardsServiceImpl : Service - Distance calculated: 1446.9012139369122
2021-11-27 20:34:20.816  INFO 530588 --- [ol-121-thread-2] .t.t.s.TourGuideClientRewardsServiceImpl : Service - Distance calculated: 5606.0200978251
2021-11-27 20:34:20.816  INFO 530588 --- [ol-115-thread-2] .t.t.s.TourGuideClientRewardsServiceImpl : Service - Distance calculated: 5424.557678206571
2021-11-27 20:34:20.812  INFO 530588 --- [ol-118-thread-2] .t.t.s.TourGuideClientRewardsServiceImpl : Service - Distance calculated: 9066.614460516907
2021-11-27 20:34:20.816  INFO 530588 --- [ol-121-thread-2] .t.t.s.TourGuideClientRewardsServiceImpl : Service - Distance calculated: 6077.865396167043
2021-11-27 20:34:20.812  INFO 530588 --- [ol-109-thread-2] .t.t.s.TourGuideClientRewardsServiceImpl : Service - Distance calculated: 6875.149477680643
2021-11-27 20:34:20.816  INFO 530588 --- [ol-121-thread-2] .t.t.s.TourGuideClientRewardsServiceImpl : Service - Distance calculated: 5964.091435884564
2021-11-27 20:34:20.812  INFO 530588 --- [ool-95-thread-2] .t.t.s.TourGuideClientRewardsServiceImpl : Service - Distance calculated: 3754.0581586473263
2021-11-27 20:34:20.816  INFO 530588 --- [ol-121-thread-2] .t.t.s.TourGuideClientRewardsServiceImpl : Service - Distance calculated: 6178.23805826833
2021-11-27 20:34:20.812  INFO 530588 --- [ool-57-thread-2] .t.t.s.TourGuideClientRewardsServiceImpl : Service - Distance calculated: 4894.125045264893
2021-11-27 20:34:20.816  INFO 530588 --- [ol-121-thread-2] .t.t.s.TourGuideClientRewardsServiceImpl : Service - Distance calculated: 5675.408739190526
2021-11-27 20:34:20.812  INFO 530588 --- [ool-46-thread-2] .t.t.s.TourGuideClientRewardsServiceImpl : Service - Distance calculated: 6331.79386056637
2021-11-27 20:34:20.812  INFO 530588 --- [ool-73-thread-2] .t.t.s.TourGuideClientRewardsServiceImpl : Service - Distance calculated: 9138.051278524963
2021-11-27 20:34:20.812  INFO 530588 --- [ool-82-thread-2] .t.t.s.TourGuideClientRewardsServiceImpl : Service - Distance calculated: 50.979635057328245
2021-11-27 20:34:20.812  INFO 530588 --- [ool-87-thread-2] .t.t.s.TourGuideClientRewardsServiceImpl : Service - Distance calculated: 2314.4313034803354
2021-11-27 20:34:20.812  INFO 530588 --- [ol-103-thread-2] .t.t.s.TourGuideClientRewardsServiceImpl : Service - Distance calculated: 6411.174289399916
2021-11-27 20:34:20.816  INFO 530588 --- [ool-87-thread-2] .t.t.s.TourGuideClientRewardsServiceImpl : Service - Distance calculated: 2809.0955170957086
2021-11-27 20:34:20.813  INFO 530588 --- [ol-138-thread-2] .t.t.s.TourGuideClientRewardsServiceImpl : Service - Distance calculated: 4274.770151967208
2021-11-27 20:34:20.816  INFO 530588 --- [ool-87-thread-2] .t.t.s.TourGuideClientRewardsServiceImpl : Service - Distance calculated: 2518.436420705293
2021-11-27 20:34:20.813  INFO 530588 --- [ol-134-thread-2] .t.t.s.TourGuideClientRewardsServiceImpl : Service - Distance calculated: 5268.541291465155
2021-11-27 20:34:20.813  INFO 530588 --- [ool-64-thread-2] .t.t.s.TourGuideClientRewardsServiceImpl : Service - Distance calculated: 6649.162874884075
2021-11-27 20:34:20.816  INFO 530588 --- [ol-134-thread-2] .t.t.s.TourGuideClientRewardsServiceImpl : Service - Distance calculated: 4193.929566775673
2021-11-27 20:34:20.813  INFO 530588 --- [ol-142-thread-2] .t.t.s.TourGuideClientRewardsServiceImpl : Service - Distance calculated: 4013.666149155103
2021-11-27 20:34:20.813  INFO 530588 --- [ool-85-thread-2] .t.t.s.TourGuideClientRewardsServiceImpl : Service - Distance calculated: 8104.005167670019
2021-11-27 20:34:20.813  INFO 530588 --- [ol-122-thread-2] .t.t.s.TourGuideClientRewardsServiceImpl : Service - Distance calculated: 3072.8173456511545
2021-11-27 20:34:20.813  INFO 530588 --- [ol-129-thread-2] .t.t.s.TourGuideClientRewardsServiceImpl : Service - Distance calculated: 7338.590914565635
2021-11-27 20:34:20.816  INFO 530588 --- [ol-122-thread-2] .t.t.s.TourGuideClientRewardsServiceImpl : Service - Distance calculated: 3514.8280472869355
2021-11-27 20:34:20.813  INFO 530588 --- [ool-83-thread-2] .t.t.s.TourGuideClientRewardsServiceImpl : Service - Distance calculated: 7530.408762220765
2021-11-27 20:34:20.816  INFO 530588 --- [ol-122-thread-2] .t.t.s.TourGuideClientRewardsServiceImpl : Service - Distance calculated: 2576.931603996492
2021-11-27 20:34:20.813  INFO 530588 --- [ool-71-thread-2] .t.t.s.TourGuideClientRewardsServiceImpl : Service - Distance calculated: 4188.8202730413
2021-11-27 20:34:20.813  INFO 530588 --- [ool-43-thread-2] .t.t.s.TourGuideClientRewardsServiceImpl : Service - Distance calculated: 3699.628116376973
2021-11-27 20:34:20.816  INFO 530588 --- [ool-71-thread-2] .t.t.s.TourGuideClientRewardsServiceImpl : Service - Distance calculated: 4398.491445561986
2021-11-27 20:34:20.813  INFO 530588 --- [ool-67-thread-2] .t.t.s.TourGuideClientRewardsServiceImpl : Service - Distance calculated: 9438.232555179622
2021-11-27 20:34:20.816  INFO 530588 --- [ool-71-thread-2] .t.t.s.TourGuideClientRewardsServiceImpl : Service - Distance calculated: 3047.0033200354505
2021-11-27 20:34:20.813  INFO 530588 --- [ool-88-thread-2] .t.t.s.TourGuideClientRewardsServiceImpl : Service - Distance calculated: 6878.438729258172
2021-11-27 20:34:20.816  INFO 530588 --- [ool-67-thread-2] .t.t.s.TourGuideClientRewardsServiceImpl : Service - Distance calculated: 10266.241075731159
2021-11-27 20:34:20.813  INFO 530588 --- [ool-61-thread-2] .t.t.s.TourGuideClientRewardsServiceImpl : Service - Distance calculated: 6383.962357392271
2021-11-27 20:34:20.816  INFO 530588 --- [ool-67-thread-2] .t.t.s.TourGuideClientRewardsServiceImpl : Service - Distance calculated: 9719.44211630882
2021-11-27 20:34:20.813  INFO 530588 --- [ool-68-thread-2] .t.t.s.TourGuideClientRewardsServiceImpl : Service - Distance calculated: 9380.128139370843
2021-11-27 20:34:20.816  INFO 530588 --- [ool-61-thread-2] .t.t.s.TourGuideClientRewardsServiceImpl : Service - Distance calculated: 7576.572464475798
2021-11-27 20:34:20.816  INFO 530588 --- [ool-67-thread-2] .t.t.s.TourGuideClientRewardsServiceImpl : Service - Distance calculated: 9766.489893248427
2021-11-27 20:34:20.813  INFO 530588 --- [ol-137-thread-2] .t.t.s.TourGuideClientRewardsServiceImpl : Service - Distance calculated: 1979.3901923219955
2021-11-27 20:34:20.813  INFO 530588 --- [ol-104-thread-2] .t.t.s.TourGuideClientRewardsServiceImpl : Service - Distance calculated: 4742.128549095659
2021-11-27 20:34:20.816  INFO 530588 --- [ol-137-thread-2] .t.t.s.TourGuideClientRewardsServiceImpl : Service - Distance calculated: 1995.6736014437022
2021-11-27 20:34:20.813  INFO 530588 --- [ool-51-thread-2] .t.t.s.TourGuideClientRewardsServiceImpl : Service - Distance calculated: 10329.976677773593
2021-11-27 20:34:20.816  INFO 530588 --- [ol-137-thread-2] .t.t.s.TourGuideClientRewardsServiceImpl : Service - Distance calculated: 2043.492843225292
2021-11-27 20:34:20.813  INFO 530588 --- [ol-130-thread-2] .t.t.s.TourGuideClientRewardsServiceImpl : Service - Distance calculated: 7133.917182282036
2021-11-27 20:34:20.813  INFO 530588 --- [ool-56-thread-2] .t.t.s.TourGuideClientRewardsServiceImpl : Service - Distance calculated: 6905.949199202933
2021-11-27 20:34:20.816  INFO 530588 --- [ol-137-thread-2] .t.t.s.TourGuideClientRewardsServiceImpl : Service - Distance calculated: 2115.069093804233
2021-11-27 20:34:20.813  INFO 530588 --- [ol-119-thread-2] .t.t.s.TourGuideClientRewardsServiceImpl : Service - Distance calculated: 591.4401970262122
2021-11-27 20:34:20.813  INFO 530588 --- [ool-70-thread-2] .t.t.s.TourGuideClientRewardsServiceImpl : Service - Distance calculated: 949.8526215093057
2021-11-27 20:34:20.813  INFO 530588 --- [ool-78-thread-2] .t.t.s.TourGuideClientRewardsServiceImpl : Service - Distance calculated: 8489.417200246422
2021-11-27 20:34:20.813  INFO 530588 --- [ool-81-thread-2] .t.t.s.TourGuideClientRewardsServiceImpl : Service - Distance calculated: 8886.762936883579
2021-11-27 20:34:20.817  INFO 530588 --- [ool-78-thread-2] .t.t.s.TourGuideClientRewardsServiceImpl : Service - Distance calculated: 8258.655304675925
2021-11-27 20:34:20.813  INFO 530588 --- [ool-62-thread-2] .t.t.s.TourGuideClientRewardsServiceImpl : Service - Distance calculated: 9212.028908082559
2021-11-27 20:34:20.813  INFO 530588 --- [ool-86-thread-2] .t.t.s.TourGuideClientRewardsServiceImpl : Service - Distance calculated: 3566.3229074781734
2021-11-27 20:34:20.817  INFO 530588 --- [ool-62-thread-2] .t.t.s.TourGuideClientRewardsServiceImpl : Service - Distance calculated: 10087.216001605892
2021-11-27 20:34:20.813  INFO 530588 --- [ool-55-thread-2] .t.t.s.TourGuideClientRewardsServiceImpl : Service - Distance calculated: 8937.699932417745
2021-11-27 20:34:20.813  INFO 530588 --- [ool-72-thread-2] .t.t.s.TourGuideClientRewardsServiceImpl : Service - Distance calculated: 6850.461280101059
2021-11-27 20:34:20.817  INFO 530588 --- [ool-62-thread-2] .t.t.s.TourGuideClientRewardsServiceImpl : Service - Distance calculated: 9833.935072413884
2021-11-27 20:34:20.813  INFO 530588 --- [ol-140-thread-2] .t.t.s.TourGuideClientRewardsServiceImpl : Service - Distance calculated: 7278.488294376335
2021-11-27 20:34:20.813  INFO 530588 --- [ool-63-thread-2] .t.t.s.TourGuideClientRewardsServiceImpl : Service - Distance calculated: 5122.211064196447
2021-11-27 20:34:20.813  INFO 530588 --- [ol-124-thread-2] .t.t.s.TourGuideClientRewardsServiceImpl : Service - Distance calculated: 5390.148982787357
2021-11-27 20:34:20.817  INFO 530588 --- [ool-63-thread-2] .t.t.s.TourGuideClientRewardsServiceImpl : Service - Distance calculated: 5237.395120213487
2021-11-27 20:34:20.814  INFO 530588 --- [ool-80-thread-2] .t.t.s.TourGuideClientRewardsServiceImpl : Service - Distance calculated: 8404.417717183971
2021-11-27 20:34:20.817  INFO 530588 --- [ool-63-thread-2] .t.t.s.TourGuideClientRewardsServiceImpl : Service - Distance calculated: 5280.633105624025
2021-11-27 20:34:20.814  INFO 530588 --- [ool-45-thread-2] .t.t.s.TourGuideClientRewardsServiceImpl : Service - Distance calculated: 6761.452122996316
2021-11-27 20:34:20.817  INFO 530588 --- [ool-63-thread-2] .t.t.s.TourGuideClientRewardsServiceImpl : Service - Distance calculated: 6128.530345018861
2021-11-27 20:34:20.817  INFO 530588 --- [ool-80-thread-2] .t.t.s.TourGuideClientRewardsServiceImpl : Service - Distance calculated: 7721.700059216446
2021-11-27 20:34:20.817  INFO 530588 --- [ool-45-thread-2] .t.t.s.TourGuideClientRewardsServiceImpl : Service - Distance calculated: 5550.25814388128
2021-11-27 20:34:20.817  INFO 530588 --- [ool-80-thread-2] .t.t.s.TourGuideClientRewardsServiceImpl : Service - Distance calculated: 7143.490942445612
2021-11-27 20:34:20.817  INFO 530588 --- [ool-45-thread-2] .t.t.s.TourGuideClientRewardsServiceImpl : Service - Distance calculated: 7589.941756781881
2021-11-27 20:34:20.817  INFO 530588 --- [ool-80-thread-2] .t.t.s.TourGuideClientRewardsServiceImpl : Service - Distance calculated: 7703.742423832054
2021-11-27 20:34:20.814  INFO 530588 --- [ool-74-thread-2] .t.t.s.TourGuideClientRewardsServiceImpl : Service - Distance calculated: 8651.857049120197
2021-11-27 20:34:20.817  INFO 530588 --- [ool-80-thread-2] .t.t.s.TourGuideClientRewardsServiceImpl : Service - Distance calculated: 7416.462137562398
2021-11-27 20:34:20.817  INFO 530588 --- [ool-74-thread-2] .t.t.s.TourGuideClientRewardsServiceImpl : Service - Distance calculated: 7635.068985868168
2021-11-27 20:34:20.814  INFO 530588 --- [ool-54-thread-2] .t.t.s.TourGuideClientRewardsServiceImpl : Service - Distance calculated: 8572.349655265121
2021-11-27 20:34:20.817  INFO 530588 --- [ool-74-thread-2] .t.t.s.TourGuideClientRewardsServiceImpl : Service - Distance calculated: 8256.895090847818
2021-11-27 20:34:20.814  INFO 530588 --- [ol-111-thread-2] .t.t.s.TourGuideClientRewardsServiceImpl : Service - Distance calculated: 9676.46367660751
2021-11-27 20:34:20.817  INFO 530588 --- [ool-74-thread-2] .t.t.s.TourGuideClientRewardsServiceImpl : Service - Distance calculated: 8020.262622565485
2021-11-27 20:34:20.814  INFO 530588 --- [ool-89-thread-2] .t.t.s.TourGuideClientRewardsServiceImpl : Service - Distance calculated: 4269.079006111701
2021-11-27 20:34:20.817  INFO 530588 --- [ool-74-thread-2] .t.t.s.TourGuideClientRewardsServiceImpl : Service - Distance calculated: 8476.155271411362
2021-11-27 20:34:20.817  INFO 530588 --- [ol-111-thread-2] .t.t.s.TourGuideClientRewardsServiceImpl : Service - Distance calculated: 9837.183474254134
2021-11-27 20:34:20.817  INFO 530588 --- [ool-89-thread-2] .t.t.s.TourGuideClientRewardsServiceImpl : Service - Distance calculated: 4197.347585363946
2021-11-27 20:34:20.814  INFO 530588 --- [ol-141-thread-2] .t.t.s.TourGuideClientRewardsServiceImpl : Service - Distance calculated: 842.6741516491437
2021-11-27 20:34:20.817  INFO 530588 --- [ool-89-thread-2] .t.t.s.TourGuideClientRewardsServiceImpl : Service - Distance calculated: 5398.900543215605
2021-11-27 20:34:20.814  INFO 530588 --- [ol-135-thread-2] .t.t.s.TourGuideClientRewardsServiceImpl : Service - Distance calculated: 9910.106388813963
2021-11-27 20:34:20.817  INFO 530588 --- [ool-89-thread-2] .t.t.s.TourGuideClientRewardsServiceImpl : Service - Distance calculated: 5345.79887677071
2021-11-27 20:34:20.817  INFO 530588 --- [ol-141-thread-2] .t.t.s.TourGuideClientRewardsServiceImpl : Service - Distance calculated: 919.5807236966874
2021-11-27 20:34:20.814  INFO 530588 --- [ool-50-thread-2] .t.t.s.TourGuideClientRewardsServiceImpl : Service - Distance calculated: 4443.408336019301
2021-11-27 20:34:20.814  INFO 530588 --- [ol-113-thread-2] .t.t.s.TourGuideClientRewardsServiceImpl : Service - Distance calculated: 7162.161644284097
2021-11-27 20:34:20.817  INFO 530588 --- [ool-50-thread-2] .t.t.s.TourGuideClientRewardsServiceImpl : Service - Distance calculated: 4229.666886164488
2021-11-27 20:34:20.814  INFO 530588 --- [ol-120-thread-2] .t.t.s.TourGuideClientRewardsServiceImpl : Service - Distance calculated: 7568.385727893606
2021-11-27 20:34:20.817  INFO 530588 --- [ool-50-thread-2] .t.t.s.TourGuideClientRewardsServiceImpl : Service - Distance calculated: 4644.164837947569
2021-11-27 20:34:20.814  INFO 530588 --- [ol-125-thread-2] .t.t.s.TourGuideClientRewardsServiceImpl : Service - Distance calculated: 2787.2097848530907
2021-11-27 20:34:20.817  INFO 530588 --- [ool-50-thread-2] .t.t.s.TourGuideClientRewardsServiceImpl : Service - Distance calculated: 3660.0374442300295
2021-11-27 20:34:20.814  INFO 530588 --- [ool-79-thread-2] .t.t.s.TourGuideClientRewardsServiceImpl : Service - Distance calculated: 10959.71803833423
2021-11-27 20:34:20.817  INFO 530588 --- [ol-125-thread-2] .t.t.s.TourGuideClientRewardsServiceImpl : Service - Distance calculated: 3748.993135534245
2021-11-27 20:34:20.814  INFO 530588 --- [ool-47-thread-2] .t.t.s.TourGuideClientRewardsServiceImpl : Service - Distance calculated: 7861.037846956337
2021-11-27 20:34:20.817  INFO 530588 --- [ool-79-thread-2] .t.t.s.TourGuideClientRewardsServiceImpl : Service - Distance calculated: 11814.273521585965
2021-11-27 20:34:20.814  INFO 530588 --- [ol-114-thread-2] .t.t.s.TourGuideClientRewardsServiceImpl : Service - Distance calculated: 8405.105200488
2021-11-27 20:34:20.814  INFO 530588 --- [ool-93-thread-2] .t.t.s.TourGuideClientRewardsServiceImpl : Service - Distance calculated: 7936.389229195497
2021-11-27 20:34:20.818  INFO 530588 --- [ool-47-thread-2] .t.t.s.TourGuideClientRewardsServiceImpl : Service - Distance calculated: 9438.567003997014
2021-11-27 20:34:20.818  INFO 530588 --- [ol-114-thread-2] .t.t.s.TourGuideClientRewardsServiceImpl : Service - Distance calculated: 7086.005248211902
2021-11-27 20:34:20.818  INFO 530588 --- [ool-93-thread-2] .t.t.s.TourGuideClientRewardsServiceImpl : Service - Distance calculated: 7855.323730706521
2021-11-27 20:34:20.814  INFO 530588 --- [ool-52-thread-2] .t.t.s.TourGuideClientRewardsServiceImpl : Service - Distance calculated: 8778.126738107101
2021-11-27 20:34:20.814  INFO 530588 --- [ool-92-thread-2] .t.t.s.TourGuideClientRewardsServiceImpl : Service - Distance calculated: 1651.7776565467714
2021-11-27 20:34:20.814  INFO 530588 --- [ool-98-thread-2] .t.t.s.TourGuideClientRewardsServiceImpl : Service - Distance calculated: 1828.8700792655425
2021-11-27 20:34:20.814  INFO 530588 --- [ool-90-thread-2] .t.t.s.TourGuideClientRewardsServiceImpl : Service - Distance calculated: 8756.311009178806
2021-11-27 20:34:20.814  INFO 530588 --- [ol-126-thread-2] .t.t.s.TourGuideClientRewardsServiceImpl : Service - Distance calculated: 9172.21611578669
2021-11-27 20:34:20.814  INFO 530588 --- [ol-133-thread-2] .t.t.s.TourGuideClientRewardsServiceImpl : Service - Distance calculated: 4497.707821911658
2021-11-27 20:34:20.814  INFO 530588 --- [ool-96-thread-2] .t.t.s.TourGuideClientRewardsServiceImpl : Service - Distance calculated: 4724.98832786261
2021-11-27 20:34:20.818  INFO 530588 --- [ol-126-thread-2] .t.t.s.TourGuideClientRewardsServiceImpl : Service - Distance calculated: 9252.436379833372
2021-11-27 20:34:20.818  INFO 530588 --- [ol-133-thread-2] .t.t.s.TourGuideClientRewardsServiceImpl : Service - Distance calculated: 4621.006287856804
2021-11-27 20:34:20.818  INFO 530588 --- [ool-96-thread-2] .t.t.s.TourGuideClientRewardsServiceImpl : Service - Distance calculated: 4741.006913076599
2021-11-27 20:34:20.818  INFO 530588 --- [ol-126-thread-2] .t.t.s.TourGuideClientRewardsServiceImpl : Service - Distance calculated: 9476.061455233152
2021-11-27 20:34:20.818  INFO 530588 --- [ool-96-thread-2] .t.t.s.TourGuideClientRewardsServiceImpl : Service - Distance calculated: 2033.1092849487507
2021-11-27 20:34:20.814  INFO 530588 --- [ol-105-thread-2] .t.t.s.TourGuideClientRewardsServiceImpl : Service - Distance calculated: 6026.794407972668
2021-11-27 20:34:20.818  INFO 530588 --- [ol-126-thread-2] .t.t.s.TourGuideClientRewardsServiceImpl : Service - Distance calculated: 10235.095098813756
2021-11-27 20:34:20.815  INFO 530588 --- [ol-102-thread-2] .t.t.s.TourGuideClientRewardsServiceImpl : Service - Distance calculated: 4583.899964255583
2021-11-27 20:34:20.818  INFO 530588 --- [ol-105-thread-2] .t.t.s.TourGuideClientRewardsServiceImpl : Service - Distance calculated: 6820.0384071176595
2021-11-27 20:34:20.815  INFO 530588 --- [ol-116-thread-2] .t.t.s.TourGuideClientRewardsServiceImpl : Service - Distance calculated: 3505.6139104280805
2021-11-27 20:34:20.818  INFO 530588 --- [ol-102-thread-2] .t.t.s.TourGuideClientRewardsServiceImpl : Service - Distance calculated: 3763.2669448807305
2021-11-27 20:34:20.815  INFO 530588 --- [ool-99-thread-2] .t.t.s.TourGuideClientRewardsServiceImpl : Service - Distance calculated: 7160.243731320966
2021-11-27 20:34:20.818  INFO 530588 --- [ol-116-thread-2] .t.t.s.TourGuideClientRewardsServiceImpl : Service - Distance calculated: 5383.55390862665
2021-11-27 20:34:20.815  INFO 530588 --- [ol-128-thread-2] .t.t.s.TourGuideClientRewardsServiceImpl : Service - Distance calculated: 4568.23422877064
2021-11-27 20:34:20.818  INFO 530588 --- [ool-99-thread-2] .t.t.s.TourGuideClientRewardsServiceImpl : Service - Distance calculated: 4917.289784677304
2021-11-27 20:34:20.818  INFO 530588 --- [ol-116-thread-2] .t.t.s.TourGuideClientRewardsServiceImpl : Service - Distance calculated: 4676.4978879885375
2021-11-27 20:34:20.815  INFO 530588 --- [ol-112-thread-2] .t.t.s.TourGuideClientRewardsServiceImpl : Service - Distance calculated: 10073.025098407114
2021-11-27 20:34:20.818  INFO 530588 --- [ol-116-thread-2] .t.t.s.TourGuideClientRewardsServiceImpl : Service - Distance calculated: 3612.660864744654
2021-11-27 20:34:20.818  INFO 530588 --- [ol-112-thread-2] .t.t.s.TourGuideClientRewardsServiceImpl : Service - Distance calculated: 10023.736699953586
2021-11-27 20:34:20.815  INFO 530588 --- [ool-58-thread-2] .t.t.s.TourGuideClientRewardsServiceImpl : Service - Distance calculated: 7807.01892576915
2021-11-27 20:34:20.815  INFO 530588 --- [ool-94-thread-2] .t.t.s.TourGuideClientRewardsServiceImpl : Service - Distance calculated: 11959.985240012056
2021-11-27 20:34:20.815  INFO 530588 --- [ol-106-thread-2] .t.t.s.TourGuideClientRewardsServiceImpl : Service - Distance calculated: 7114.337304326555
2021-11-27 20:34:20.818  INFO 530588 --- [ool-94-thread-2] .t.t.s.TourGuideClientRewardsServiceImpl : Service - Distance calculated: 11839.253294784956
2021-11-27 20:34:20.815  INFO 530588 --- [ol-101-thread-2] .t.t.s.TourGuideClientRewardsServiceImpl : Service - Distance calculated: 4625.959666281759
2021-11-27 20:34:20.818  INFO 530588 --- [ool-94-thread-2] .t.t.s.TourGuideClientRewardsServiceImpl : Service - Distance calculated: 11538.815287346048
2021-11-27 20:34:20.815  INFO 530588 --- [ool-91-thread-2] .t.t.s.TourGuideClientRewardsServiceImpl : Service - Distance calculated: 5034.866820363516
2021-11-27 20:34:20.818  INFO 530588 --- [ool-94-thread-2] .t.t.s.TourGuideClientRewardsServiceImpl : Service - Distance calculated: 11652.317652765154
2021-11-27 20:34:20.818  INFO 530588 --- [ol-101-thread-2] .t.t.s.TourGuideClientRewardsServiceImpl : Service - Distance calculated: 4904.9645243556815
2021-11-27 20:34:20.818  INFO 530588 --- [ool-91-thread-2] .t.t.s.TourGuideClientRewardsServiceImpl : Service - Distance calculated: 5425.493030737446
2021-11-27 20:34:20.818  INFO 530588 --- [ol-101-thread-2] .t.t.s.TourGuideClientRewardsServiceImpl : Service - Distance calculated: 4827.739154067738
2021-11-27 20:34:20.818  INFO 530588 --- [ool-91-thread-2] .t.t.s.TourGuideClientRewardsServiceImpl : Service - Distance calculated: 8576.316640086594
2021-11-27 20:34:20.815  INFO 530588 --- [ool-53-thread-2] .t.t.s.TourGuideClientRewardsServiceImpl : Service - Distance calculated: 4524.71777826322
2021-11-27 20:34:20.815  INFO 530588 --- [ool-66-thread-2] .t.t.s.TourGuideClientRewardsServiceImpl : Service - Distance calculated: 3244.9216208807343
2021-11-27 20:34:20.815  INFO 530588 --- [ool-75-thread-2] .t.t.s.TourGuideClientRewardsServiceImpl : Service - Distance calculated: 9019.841739372643
2021-11-27 20:34:20.815  INFO 530588 --- [ool-77-thread-2] .t.t.s.TourGuideClientRewardsServiceImpl : Service - Distance calculated: 8319.076239935424
2021-11-27 20:34:20.818  INFO 530588 --- [ool-66-thread-2] .t.t.s.TourGuideClientRewardsServiceImpl : Service - Distance calculated: 3413.5252559462906
2021-11-27 20:34:20.815  INFO 530588 --- [ool-49-thread-2] .t.t.s.TourGuideClientRewardsServiceImpl : Service - Distance calculated: 9446.170588837904
2021-11-27 20:34:20.818  INFO 530588 --- [ool-77-thread-2] .t.t.s.TourGuideClientRewardsServiceImpl : Service - Distance calculated: 8726.105600817167
2021-11-27 20:34:20.818  INFO 530588 --- [ool-66-thread-2] .t.t.s.TourGuideClientRewardsServiceImpl : Service - Distance calculated: 4743.000684590636
2021-11-27 20:34:20.818  INFO 530588 --- [ool-49-thread-2] .t.t.s.TourGuideClientRewardsServiceImpl : Service - Distance calculated: 9356.608894305404
2021-11-27 20:34:20.815  INFO 530588 --- [ool-48-thread-2] .t.t.s.TourGuideClientRewardsServiceImpl : Service - Distance calculated: 9165.476437577001
2021-11-27 20:34:20.815  INFO 530588 --- [ool-60-thread-2] .t.t.s.TourGuideClientRewardsServiceImpl : Service - Distance calculated: 1044.0913550892158
2021-11-27 20:34:20.819  INFO 530588 --- [ool-66-thread-2] .t.t.s.TourGuideClientRewardsServiceImpl : Service - Distance calculated: 2817.829148912334
2021-11-27 20:34:20.819  INFO 530588 --- [ool-48-thread-2] .t.t.s.TourGuideClientRewardsServiceImpl : Service - Distance calculated: 8001.418092425019
2021-11-27 20:34:20.819  INFO 530588 --- [ool-60-thread-2] .t.t.s.TourGuideClientRewardsServiceImpl : Service - Distance calculated: 1015.2418868746121
2021-11-27 20:34:20.819  INFO 530588 --- [ool-66-thread-2] .t.t.s.TourGuideClientRewardsServiceImpl : Service - Distance calculated: 3105.179355337721
2021-11-27 20:34:20.819  INFO 530588 --- [ool-48-thread-2] .t.t.s.TourGuideClientRewardsServiceImpl : Service - Distance calculated: 9969.649781667673
2021-11-27 20:34:20.815  INFO 530588 --- [ol-123-thread-2] .t.t.s.TourGuideClientRewardsServiceImpl : Service - Distance calculated: 5471.460718838191
2021-11-27 20:34:20.819  INFO 530588 --- [ool-48-thread-2] .t.t.s.TourGuideClientRewardsServiceImpl : Service - Distance calculated: 10462.42910019029
2021-11-27 20:34:20.815  INFO 530588 --- [ol-131-thread-2] .t.t.s.TourGuideClientRewardsServiceImpl : Service - Distance calculated: 7045.8794080662365
2021-11-27 20:34:20.815  INFO 530588 --- [ol-139-thread-2] .t.t.s.TourGuideClientRewardsServiceImpl : Service - Distance calculated: 4497.535197027066
2021-11-27 20:34:20.815  INFO 530588 --- [ool-65-thread-2] .t.t.s.TourGuideClientRewardsServiceImpl : Service - Distance calculated: 5947.643877483852
2021-11-27 20:34:20.819  INFO 530588 --- [ol-139-thread-2] .t.t.s.TourGuideClientRewardsServiceImpl : Service - Distance calculated: 4396.359867117334
2021-11-27 20:34:20.819  INFO 530588 --- [ol-131-thread-2] .t.t.s.TourGuideClientRewardsServiceImpl : Service - Distance calculated: 6273.508793025504
2021-11-27 20:34:20.819  INFO 530588 --- [ol-139-thread-2] .t.t.s.TourGuideClientRewardsServiceImpl : Service - Distance calculated: 4357.922432605366
2021-11-27 20:34:20.819  INFO 530588 --- [ol-131-thread-2] .t.t.s.TourGuideClientRewardsServiceImpl : Service - Distance calculated: 5647.695783232439
2021-11-27 20:34:20.815  INFO 530588 --- [ol-110-thread-2] .t.t.s.TourGuideClientRewardsServiceImpl : Service - Distance calculated: 7652.144554565889
2021-11-27 20:34:20.815  INFO 530588 --- [ol-127-thread-2] .t.t.s.TourGuideClientRewardsServiceImpl : Service - Distance calculated: 3772.6615191587703
2021-11-27 20:34:20.815  INFO 530588 --- [ol-136-thread-2] .t.t.s.TourGuideClientRewardsServiceImpl : Service - Distance calculated: 10416.860494819084
2021-11-27 20:34:20.815  INFO 530588 --- [ool-97-thread-2] .t.t.s.TourGuideClientRewardsServiceImpl : Service - Distance calculated: 7739.254193083715
2021-11-27 20:34:20.815  INFO 530588 --- [ool-44-thread-2] .t.t.s.TourGuideClientRewardsServiceImpl : Service - Distance calculated: 10327.730002582395
2021-11-27 20:34:20.819  INFO 530588 --- [ool-97-thread-2] .t.t.s.TourGuideClientRewardsServiceImpl : Service - Distance calculated: 7965.636533534303
2021-11-27 20:34:20.816 DEBUG 530588 --- [    Test worker] c.t.t.s.TourGuideClientServiceImpl       : Service - Visited location added for user: internalUser96
2021-11-27 20:34:20.819  INFO 530588 --- [ool-97-thread-2] .t.t.s.TourGuideClientRewardsServiceImpl : Service - Distance calculated: 7939.8150443821005
2021-11-27 20:34:20.816  INFO 530588 --- [ol-100-thread-2] .t.t.s.TourGuideClientRewardsServiceImpl : Service - Distance calculated: 8065.018041277927
2021-11-27 20:34:20.816  INFO 530588 --- [ol-107-thread-2] .t.t.s.TourGuideClientRewardsServiceImpl : Service - Distance calculated: 8073.858929263916
2021-11-27 20:34:20.816  INFO 530588 --- [ool-69-thread-2] .t.t.s.TourGuideClientRewardsServiceImpl : Service - Distance calculated: 2431.6904897639174
2021-11-27 20:34:20.819  INFO 530588 --- [ol-107-thread-2] .t.t.s.TourGuideClientRewardsServiceImpl : Service - Distance calculated: 8730.15731373622
2021-11-27 20:34:20.816  INFO 530588 --- [ol-117-thread-2] .t.t.s.TourGuideClientRewardsServiceImpl : Service - Distance calculated: 5387.672278354663
2021-11-27 20:34:20.816  INFO 530588 --- [ool-59-thread-2] .t.t.s.TourGuideClientRewardsServiceImpl : Service - Distance calculated: 2651.6310836820912
2021-11-27 20:34:20.816  INFO 530588 --- [ol-115-thread-2] .t.t.s.TourGuideClientRewardsServiceImpl : Service - Distance calculated: 5782.702655610707
2021-11-27 20:34:20.819  INFO 530588 --- [ool-59-thread-2] .t.t.s.TourGuideClientRewardsServiceImpl : Service - Distance calculated: 634.4940331178917
2021-11-27 20:34:20.816  INFO 530588 --- [ol-118-thread-2] .t.t.s.TourGuideClientRewardsServiceImpl : Service - Distance calculated: 9966.385538180768
2021-11-27 20:34:20.819  INFO 530588 --- [ol-115-thread-2] .t.t.s.TourGuideClientRewardsServiceImpl : Service - Distance calculated: 4833.605983329498
2021-11-27 20:34:20.816  INFO 530588 --- [ol-109-thread-2] .t.t.s.TourGuideClientRewardsServiceImpl : Service - Distance calculated: 6892.422798953793
2021-11-27 20:34:20.816  INFO 530588 --- [ool-95-thread-2] .t.t.s.TourGuideClientRewardsServiceImpl : Service - Distance calculated: 3502.5382847646406
2021-11-27 20:34:20.819  INFO 530588 --- [ol-109-thread-2] .t.t.s.TourGuideClientRewardsServiceImpl : Service - Distance calculated: 7729.406258537624
2021-11-27 20:34:20.816  INFO 530588 --- [ol-121-thread-2] .t.t.s.TourGuideClientRewardsServiceImpl : Service - Distance calculated: 4461.965594109025
2021-11-27 20:34:20.819  INFO 530588 --- [ol-109-thread-2] .t.t.s.TourGuideClientRewardsServiceImpl : Service - Distance calculated: 7755.345332871506
2021-11-27 20:34:20.819  INFO 530588 --- [ool-95-thread-2] .t.t.s.TourGuideClientRewardsServiceImpl : Service - Distance calculated: 3750.4349444745067
2021-11-27 20:34:20.819  INFO 530588 --- [ol-121-thread-2] .t.t.s.TourGuideClientRewardsServiceImpl : Service - Distance calculated: 6508.789605544401
2021-11-27 20:34:20.816  INFO 530588 --- [ool-57-thread-2] .t.t.s.TourGuideClientRewardsServiceImpl : Service - Distance calculated: 4523.587739094644
2021-11-27 20:34:20.819  INFO 530588 --- [ol-121-thread-2] .t.t.s.TourGuideClientRewardsServiceImpl : Service - Distance calculated: 6535.639033955778
2021-11-27 20:34:20.816  INFO 530588 --- [ool-46-thread-2] .t.t.s.TourGuideClientRewardsServiceImpl : Service - Distance calculated: 9237.055432875444
2021-11-27 20:34:20.819  INFO 530588 --- [ool-57-thread-2] .t.t.s.TourGuideClientRewardsServiceImpl : Service - Distance calculated: 4408.129429797519
2021-11-27 20:34:20.816  INFO 530588 --- [ool-73-thread-2] .t.t.s.TourGuideClientRewardsServiceImpl : Service - Distance calculated: 9005.877169969024
2021-11-27 20:34:20.819  INFO 530588 --- [ool-57-thread-2] .t.t.s.TourGuideClientRewardsServiceImpl : Service - Distance calculated: 4570.91864328963
2021-11-27 20:34:20.816  INFO 530588 --- [ool-82-thread-2] .t.t.s.TourGuideClientRewardsServiceImpl : Service - Distance calculated: 257.68993426853416
2021-11-27 20:34:20.819  INFO 530588 --- [ool-73-thread-2] .t.t.s.TourGuideClientRewardsServiceImpl : Service - Distance calculated: 8870.334387999079
2021-11-27 20:34:20.816  INFO 530588 --- [ol-103-thread-2] .t.t.s.TourGuideClientRewardsServiceImpl : Service - Distance calculated: 4772.680034702345
2021-11-27 20:34:20.819  INFO 530588 --- [ool-82-thread-2] .t.t.s.TourGuideClientRewardsServiceImpl : Service - Distance calculated: 3131.170418974026
2021-11-27 20:34:20.816  INFO 530588 --- [ool-87-thread-2] .t.t.s.TourGuideClientRewardsServiceImpl : Service - Distance calculated: 2337.3435168181595
2021-11-27 20:34:20.816  INFO 530588 --- [ol-138-thread-2] .t.t.s.TourGuideClientRewardsServiceImpl : Service - Distance calculated: 5220.90947104889
2021-11-27 20:34:20.816  INFO 530588 --- [ool-64-thread-2] .t.t.s.TourGuideClientRewardsServiceImpl : Service - Distance calculated: 5695.761300088239
2021-11-27 20:34:20.816  INFO 530588 --- [ol-134-thread-2] .t.t.s.TourGuideClientRewardsServiceImpl : Service - Distance calculated: 4268.335184781296
2021-11-27 20:34:20.816  INFO 530588 --- [ol-142-thread-2] .t.t.s.TourGuideClientRewardsServiceImpl : Service - Distance calculated: 3347.937062448568
2021-11-27 20:34:20.820  INFO 530588 --- [ol-134-thread-2] .t.t.s.TourGuideClientRewardsServiceImpl : Service - Distance calculated: 5142.423435147433
2021-11-27 20:34:20.816  INFO 530588 --- [ool-85-thread-2] .t.t.s.TourGuideClientRewardsServiceImpl : Service - Distance calculated: 6447.698645038246
2021-11-27 20:34:20.820  INFO 530588 --- [ol-142-thread-2] .t.t.s.TourGuideClientRewardsServiceImpl : Service - Distance calculated: 4189.168066756589
2021-11-27 20:34:20.820  INFO 530588 --- [ol-142-thread-2] .t.t.s.TourGuideClientRewardsServiceImpl : Service - Distance calculated: 3954.2878852804333
2021-11-27 20:34:20.820  INFO 530588 --- [ol-142-thread-2] .t.t.s.TourGuideClientRewardsServiceImpl : Service - Distance calculated: 3930.798869825476
2021-11-27 20:34:20.816  INFO 530588 --- [ol-129-thread-2] .t.t.s.TourGuideClientRewardsServiceImpl : Service - Distance calculated: 7265.485378990248
2021-11-27 20:34:20.816  INFO 530588 --- [ol-122-thread-2] .t.t.s.TourGuideClientRewardsServiceImpl : Service - Distance calculated: 2785.172588484063
2021-11-27 20:34:20.820  INFO 530588 --- [ol-129-thread-2] .t.t.s.TourGuideClientRewardsServiceImpl : Service - Distance calculated: 7736.283498628159
2021-11-27 20:34:20.816  INFO 530588 --- [ool-83-thread-2] .t.t.s.TourGuideClientRewardsServiceImpl : Service - Distance calculated: 6521.138630299559
2021-11-27 20:34:20.816  INFO 530588 --- [ool-43-thread-2] .t.t.s.TourGuideClientRewardsServiceImpl : Service - Distance calculated: 4212.889685986199
2021-11-27 20:34:20.816  INFO 530588 --- [ool-71-thread-2] .t.t.s.TourGuideClientRewardsServiceImpl : Service - Distance calculated: 4019.4266090363285
2021-11-27 20:34:20.816  INFO 530588 --- [ool-88-thread-2] .t.t.s.TourGuideClientRewardsServiceImpl : Service - Distance calculated: 9997.906405848797
2021-11-27 20:34:20.820  INFO 530588 --- [ool-71-thread-2] .t.t.s.TourGuideClientRewardsServiceImpl : Service - Distance calculated: 4151.936032419075
2021-11-27 20:34:20.816  INFO 530588 --- [ool-68-thread-2] .t.t.s.TourGuideClientRewardsServiceImpl : Service - Distance calculated: 9582.586788813387
2021-11-27 20:34:20.816  INFO 530588 --- [ool-61-thread-2] .t.t.s.TourGuideClientRewardsServiceImpl : Service - Distance calculated: 7609.535200224598
2021-11-27 20:34:20.820  INFO 530588 --- [ool-68-thread-2] .t.t.s.TourGuideClientRewardsServiceImpl : Service - Distance calculated: 8014.207260381604
2021-11-27 20:34:20.816  INFO 530588 --- [ool-67-thread-2] .t.t.s.TourGuideClientRewardsServiceImpl : Service - Distance calculated: 9884.662351974543
2021-11-27 20:34:20.820  INFO 530588 --- [ool-68-thread-2] .t.t.s.TourGuideClientRewardsServiceImpl : Service - Distance calculated: 9013.521704958668
2021-11-27 20:34:20.816  INFO 530588 --- [ol-104-thread-2] .t.t.s.TourGuideClientRewardsServiceImpl : Service - Distance calculated: 3421.1548335210023
2021-11-27 20:34:20.816  INFO 530588 --- [ool-51-thread-2] .t.t.s.TourGuideClientRewardsServiceImpl : Service - Distance calculated: 11124.645960992995
2021-11-27 20:34:20.816  INFO 530588 --- [ol-130-thread-2] .t.t.s.TourGuideClientRewardsServiceImpl : Service - Distance calculated: 8022.91651106725
2021-11-27 20:34:20.820  INFO 530588 --- [ool-51-thread-2] .t.t.s.TourGuideClientRewardsServiceImpl : Service - Distance calculated: 11071.480759125126
2021-11-27 20:34:20.816  INFO 530588 --- [ool-56-thread-2] .t.t.s.TourGuideClientRewardsServiceImpl : Service - Distance calculated: 6722.12737414158
2021-11-27 20:34:20.820  INFO 530588 --- [ol-130-thread-2] .t.t.s.TourGuideClientRewardsServiceImpl : Service - Distance calculated: 8111.278437558865
2021-11-27 20:34:20.820  INFO 530588 --- [ool-56-thread-2] .t.t.s.TourGuideClientRewardsServiceImpl : Service - Distance calculated: 6457.056429450003
2021-11-27 20:34:20.817  INFO 530588 --- [ol-137-thread-2] .t.t.s.TourGuideClientRewardsServiceImpl : Service - Distance calculated: 2942.274627693553
2021-11-27 20:34:20.817  INFO 530588 --- [ol-119-thread-2] .t.t.s.TourGuideClientRewardsServiceImpl : Service - Distance calculated: 1164.128640257875
2021-11-27 20:34:20.817  INFO 530588 --- [ool-70-thread-2] .t.t.s.TourGuideClientRewardsServiceImpl : Service - Distance calculated: 631.8742382555043
2021-11-27 20:34:20.817  INFO 530588 --- [ool-78-thread-2] .t.t.s.TourGuideClientRewardsServiceImpl : Service - Distance calculated: 8716.541750339498
2021-11-27 20:34:20.820  INFO 530588 --- [ool-70-thread-2] .t.t.s.TourGuideClientRewardsServiceImpl : Service - Distance calculated: 555.4694597792461
2021-11-27 20:34:20.820  INFO 530588 --- [ool-78-thread-2] .t.t.s.TourGuideClientRewardsServiceImpl : Service - Distance calculated: 8214.071629938348
2021-11-27 20:34:20.820  INFO 530588 --- [ool-70-thread-2] .t.t.s.TourGuideClientRewardsServiceImpl : Service - Distance calculated: 603.6908942195317
2021-11-27 20:34:20.817  INFO 530588 --- [ool-81-thread-2] .t.t.s.TourGuideClientRewardsServiceImpl : Service - Distance calculated: 9313.41447713281
2021-11-27 20:34:20.817  INFO 530588 --- [ool-86-thread-2] .t.t.s.TourGuideClientRewardsServiceImpl : Service - Distance calculated: 4290.49693738717
2021-11-27 20:34:20.820  INFO 530588 --- [ool-81-thread-2] .t.t.s.TourGuideClientRewardsServiceImpl : Service - Distance calculated: 9275.415755603706
2021-11-27 20:34:20.820  INFO 530588 --- [ool-86-thread-2] .t.t.s.TourGuideClientRewardsServiceImpl : Service - Distance calculated: 3669.4569651199263
2021-11-27 20:34:20.817  INFO 530588 --- [ool-55-thread-2] .t.t.s.TourGuideClientRewardsServiceImpl : Service - Distance calculated: 9456.491653010835
2021-11-27 20:34:20.817  INFO 530588 --- [ool-72-thread-2] .t.t.s.TourGuideClientRewardsServiceImpl : Service - Distance calculated: 7745.695805207657
2021-11-27 20:34:20.817  INFO 530588 --- [ool-62-thread-2] .t.t.s.TourGuideClientRewardsServiceImpl : Service - Distance calculated: 9840.795441149283
2021-11-27 20:34:20.820  INFO 530588 --- [ool-55-thread-2] .t.t.s.TourGuideClientRewardsServiceImpl : Service - Distance calculated: 8395.046291491348
2021-11-27 20:34:20.817  INFO 530588 --- [ol-140-thread-2] .t.t.s.TourGuideClientRewardsServiceImpl : Service - Distance calculated: 6387.234948421305
2021-11-27 20:34:20.817  INFO 530588 --- [ol-124-thread-2] .t.t.s.TourGuideClientRewardsServiceImpl : Service - Distance calculated: 4902.393784653832
2021-11-27 20:34:20.817  INFO 530588 --- [ool-63-thread-2] .t.t.s.TourGuideClientRewardsServiceImpl : Service - Distance calculated: 6007.5705749544395
2021-11-27 20:34:20.817  INFO 530588 --- [ool-45-thread-2] .t.t.s.TourGuideClientRewardsServiceImpl : Service - Distance calculated: 7529.480206517691
2021-11-27 20:34:20.817  INFO 530588 --- [ool-80-thread-2] .t.t.s.TourGuideClientRewardsServiceImpl : Service - Distance calculated: 7983.738569004697
2021-11-27 20:34:20.817  INFO 530588 --- [ool-54-thread-2] .t.t.s.TourGuideClientRewardsServiceImpl : Service - Distance calculated: 8733.459717005497
2021-11-27 20:34:20.817  INFO 530588 --- [ool-74-thread-2] .t.t.s.TourGuideClientRewardsServiceImpl : Service - Distance calculated: 7720.8129170884795
2021-11-27 20:34:20.817  INFO 530588 --- [ol-111-thread-2] .t.t.s.TourGuideClientRewardsServiceImpl : Service - Distance calculated: 6712.543111599335
2021-11-27 20:34:20.817  INFO 530588 --- [ol-135-thread-2] .t.t.s.TourGuideClientRewardsServiceImpl : Service - Distance calculated: 10765.983457304495
2021-11-27 20:34:20.817  INFO 530588 --- [ool-89-thread-2] .t.t.s.TourGuideClientRewardsServiceImpl : Service - Distance calculated: 4375.457489780863
2021-11-27 20:34:20.821  INFO 530588 --- [ol-135-thread-2] .t.t.s.TourGuideClientRewardsServiceImpl : Service - Distance calculated: 10903.99658630664
2021-11-27 20:34:20.817  INFO 530588 --- [ol-141-thread-2] .t.t.s.TourGuideClientRewardsServiceImpl : Service - Distance calculated: 736.9047493690449
2021-11-27 20:34:20.817  INFO 530588 --- [ol-113-thread-2] .t.t.s.TourGuideClientRewardsServiceImpl : Service - Distance calculated: 7491.819999732929
2021-11-27 20:34:20.821  INFO 530588 --- [ol-141-thread-2] .t.t.s.TourGuideClientRewardsServiceImpl : Service - Distance calculated: 799.084460487621
2021-11-27 20:34:20.817  INFO 530588 --- [ol-120-thread-2] .t.t.s.TourGuideClientRewardsServiceImpl : Service - Distance calculated: 7523.451258487959
2021-11-27 20:34:20.821  INFO 530588 --- [ol-141-thread-2] .t.t.s.TourGuideClientRewardsServiceImpl : Service - Distance calculated: 853.5092224769489
2021-11-27 20:34:20.817  INFO 530588 --- [ool-50-thread-2] .t.t.s.TourGuideClientRewardsServiceImpl : Service - Distance calculated: 4335.762771381775
2021-11-27 20:34:20.817  INFO 530588 --- [ol-125-thread-2] .t.t.s.TourGuideClientRewardsServiceImpl : Service - Distance calculated: 2104.499085413161
2021-11-27 20:34:20.818  INFO 530588 --- [ool-79-thread-2] .t.t.s.TourGuideClientRewardsServiceImpl : Service - Distance calculated: 10173.73991343753
2021-11-27 20:34:20.821  INFO 530588 --- [ol-125-thread-2] .t.t.s.TourGuideClientRewardsServiceImpl : Service - Distance calculated: 2256.07939433665
2021-11-27 20:34:20.818  INFO 530588 --- [ool-47-thread-2] .t.t.s.TourGuideClientRewardsServiceImpl : Service - Distance calculated: 9258.171285703056
2021-11-27 20:34:20.818  INFO 530588 --- [ol-114-thread-2] .t.t.s.TourGuideClientRewardsServiceImpl : Service - Distance calculated: 7092.014111088365
2021-11-27 20:34:20.821  INFO 530588 --- [ool-47-thread-2] .t.t.s.TourGuideClientRewardsServiceImpl : Service - Distance calculated: 8055.504496999483
2021-11-27 20:34:20.818  INFO 530588 --- [ool-93-thread-2] .t.t.s.TourGuideClientRewardsServiceImpl : Service - Distance calculated: 8194.719022956206
2021-11-27 20:34:20.821  INFO 530588 --- [ool-47-thread-2] .t.t.s.TourGuideClientRewardsServiceImpl : Service - Distance calculated: 9849.842745505208
2021-11-27 20:34:20.818  INFO 530588 --- [ool-52-thread-2] .t.t.s.TourGuideClientRewardsServiceImpl : Service - Distance calculated: 8266.337891433563
2021-11-27 20:34:20.821  INFO 530588 --- [ool-47-thread-2] .t.t.s.TourGuideClientRewardsServiceImpl : Service - Distance calculated: 9570.858891685308
2021-11-27 20:34:20.818  INFO 530588 --- [ool-92-thread-2] .t.t.s.TourGuideClientRewardsServiceImpl : Service - Distance calculated: 1617.9965832136854
2021-11-27 20:34:20.818  INFO 530588 --- [ool-98-thread-2] .t.t.s.TourGuideClientRewardsServiceImpl : Service - Distance calculated: 1853.7291294987433
2021-11-27 20:34:20.821  INFO 530588 --- [ool-52-thread-2] .t.t.s.TourGuideClientRewardsServiceImpl : Service - Distance calculated: 8994.417377647118
2021-11-27 20:34:20.821  INFO 530588 --- [ool-92-thread-2] .t.t.s.TourGuideClientRewardsServiceImpl : Service - Distance calculated: 1720.7580838470067
2021-11-27 20:34:20.821  INFO 530588 --- [ool-98-thread-2] .t.t.s.TourGuideClientRewardsServiceImpl : Service - Distance calculated: 2869.3928579456747
2021-11-27 20:34:20.818  INFO 530588 --- [ool-90-thread-2] .t.t.s.TourGuideClientRewardsServiceImpl : Service - Distance calculated: 9462.6680979207
2021-11-27 20:34:20.821  INFO 530588 --- [ool-98-thread-2] .t.t.s.TourGuideClientRewardsServiceImpl : Service - Distance calculated: 1290.300391761908
2021-11-27 20:34:20.818  INFO 530588 --- [ol-133-thread-2] .t.t.s.TourGuideClientRewardsServiceImpl : Service - Distance calculated: 4770.532616171347
2021-11-27 20:34:20.821  INFO 530588 --- [ool-98-thread-2] .t.t.s.TourGuideClientRewardsServiceImpl : Service - Distance calculated: 1347.9932859688554
2021-11-27 20:34:20.818  INFO 530588 --- [ool-96-thread-2] .t.t.s.TourGuideClientRewardsServiceImpl : Service - Distance calculated: 5075.304596843514
2021-11-27 20:34:20.821  INFO 530588 --- [ool-98-thread-2] .t.t.s.TourGuideClientRewardsServiceImpl : Service - Distance calculated: 4209.0034431194645
2021-11-27 20:34:20.818  INFO 530588 --- [ol-126-thread-2] .t.t.s.TourGuideClientRewardsServiceImpl : Service - Distance calculated: 6756.795978106547
2021-11-27 20:34:20.821  INFO 530588 --- [ool-98-thread-2] .t.t.s.TourGuideClientRewardsServiceImpl : Service - Distance calculated: 900.4705869895989
2021-11-27 20:34:20.818  INFO 530588 --- [ol-105-thread-2] .t.t.s.TourGuideClientRewardsServiceImpl : Service - Distance calculated: 6631.751430252892
2021-11-27 20:34:20.821  INFO 530588 --- [ool-98-thread-2] .t.t.s.TourGuideClientRewardsServiceImpl : Service - Distance calculated: 1140.1235311262963
2021-11-27 20:34:20.821  INFO 530588 --- [ol-126-thread-2] .t.t.s.TourGuideClientRewardsServiceImpl : Service - Distance calculated: 6433.428063265783
2021-11-27 20:34:20.818  INFO 530588 --- [ol-102-thread-2] .t.t.s.TourGuideClientRewardsServiceImpl : Service - Distance calculated: 4232.380876542446
2021-11-27 20:34:20.821  INFO 530588 --- [ol-126-thread-2] .t.t.s.TourGuideClientRewardsServiceImpl : Service - Distance calculated: 6768.224320405678
2021-11-27 20:34:20.818  INFO 530588 --- [ol-128-thread-2] .t.t.s.TourGuideClientRewardsServiceImpl : Service - Distance calculated: 3812.083668847261
2021-11-27 20:34:20.821  INFO 530588 --- [ol-126-thread-2] .t.t.s.TourGuideClientRewardsServiceImpl : Service - Distance calculated: 6824.368580105148
2021-11-27 20:34:20.818  INFO 530588 --- [ool-99-thread-2] .t.t.s.TourGuideClientRewardsServiceImpl : Service - Distance calculated: 5206.6883939107865
2021-11-27 20:34:20.821  INFO 530588 --- [ol-126-thread-2] .t.t.s.TourGuideClientRewardsServiceImpl : Service - Distance calculated: 7326.731694804921
2021-11-27 20:34:20.818  INFO 530588 --- [ol-116-thread-2] .t.t.s.TourGuideClientRewardsServiceImpl : Service - Distance calculated: 3916.214951404301
2021-11-27 20:34:20.818  INFO 530588 --- [ol-112-thread-2] .t.t.s.TourGuideClientRewardsServiceImpl : Service - Distance calculated: 11101.052106983145
2021-11-27 20:34:20.818  INFO 530588 --- [ool-58-thread-2] .t.t.s.TourGuideClientRewardsServiceImpl : Service - Distance calculated: 8170.83286542104
2021-11-27 20:34:20.818  INFO 530588 --- [ol-106-thread-2] .t.t.s.TourGuideClientRewardsServiceImpl : Service - Distance calculated: 8079.186909236305
2021-11-27 20:34:20.818  INFO 530588 --- [ool-94-thread-2] .t.t.s.TourGuideClientRewardsServiceImpl : Service - Distance calculated: 12096.223051318151
2021-11-27 20:34:20.822  INFO 530588 --- [ool-58-thread-2] .t.t.s.TourGuideClientRewardsServiceImpl : Service - Distance calculated: 7838.5880329573065
2021-11-27 20:34:20.818  INFO 530588 --- [ol-101-thread-2] .t.t.s.TourGuideClientRewardsServiceImpl : Service - Distance calculated: 5425.616591816996
2021-11-27 20:34:20.822  INFO 530588 --- [ool-58-thread-2] .t.t.s.TourGuideClientRewardsServiceImpl : Service - Distance calculated: 8092.82888336594
2021-11-27 20:34:20.822  INFO 530588 --- [ool-94-thread-2] .t.t.s.TourGuideClientRewardsServiceImpl : Service - Distance calculated: 11870.210751833398
2021-11-27 20:34:20.818  INFO 530588 --- [ool-91-thread-2] .t.t.s.TourGuideClientRewardsServiceImpl : Service - Distance calculated: 9349.860427340358
2021-11-27 20:34:20.822  INFO 530588 --- [ool-94-thread-2] .t.t.s.TourGuideClientRewardsServiceImpl : Service - Distance calculated: 12169.436218547775
2021-11-27 20:34:20.818  INFO 530588 --- [ool-53-thread-2] .t.t.s.TourGuideClientRewardsServiceImpl : Service - Distance calculated: 2487.866998726493
2021-11-27 20:34:20.818  INFO 530588 --- [ool-75-thread-2] .t.t.s.TourGuideClientRewardsServiceImpl : Service - Distance calculated: 8928.823825141328
2021-11-27 20:34:20.819  INFO 530588 --- [ool-77-thread-2] .t.t.s.TourGuideClientRewardsServiceImpl : Service - Distance calculated: 8465.56119920269
2021-11-27 20:34:20.819  INFO 530588 --- [ool-60-thread-2] .t.t.s.TourGuideClientRewardsServiceImpl : Service - Distance calculated: 1681.655598801757
2021-11-27 20:34:20.822  INFO 530588 --- [ool-77-thread-2] .t.t.s.TourGuideClientRewardsServiceImpl : Service - Distance calculated: 8434.69466126548
2021-11-27 20:34:20.819  INFO 530588 --- [ool-66-thread-2] .t.t.s.TourGuideClientRewardsServiceImpl : Service - Distance calculated: 3015.4459466200406
2021-11-27 20:34:20.822  INFO 530588 --- [ool-77-thread-2] .t.t.s.TourGuideClientRewardsServiceImpl : Service - Distance calculated: 9737.945930728592
2021-11-27 20:34:20.819  INFO 530588 --- [ool-49-thread-2] .t.t.s.TourGuideClientRewardsServiceImpl : Service - Distance calculated: 9832.121511551411
2021-11-27 20:34:20.819  INFO 530588 --- [ol-123-thread-2] .t.t.s.TourGuideClientRewardsServiceImpl : Service - Distance calculated: 6413.518542498821
2021-11-27 20:34:20.819  INFO 530588 --- [ool-48-thread-2] .t.t.s.TourGuideClientRewardsServiceImpl : Service - Distance calculated: 8592.491165083518
2021-11-27 20:34:20.819  INFO 530588 --- [ool-65-thread-2] .t.t.s.TourGuideClientRewardsServiceImpl : Service - Distance calculated: 4348.990304553279
2021-11-27 20:34:20.822  INFO 530588 --- [ool-48-thread-2] .t.t.s.TourGuideClientRewardsServiceImpl : Service - Distance calculated: 9311.611693302028
2021-11-27 20:34:20.822  INFO 530588 --- [ool-65-thread-2] .t.t.s.TourGuideClientRewardsServiceImpl : Service - Distance calculated: 4427.376134693177
2021-11-27 20:34:20.822  INFO 530588 --- [ool-48-thread-2] .t.t.s.TourGuideClientRewardsServiceImpl : Service - Distance calculated: 10367.22293277296
2021-11-27 20:34:20.822  INFO 530588 --- [ool-65-thread-2] .t.t.s.TourGuideClientRewardsServiceImpl : Service - Distance calculated: 6670.900171954314
2021-11-27 20:34:20.822  INFO 530588 --- [ool-48-thread-2] .t.t.s.TourGuideClientRewardsServiceImpl : Service - Distance calculated: 10026.42197258314
2021-11-27 20:34:20.822  INFO 530588 --- [ool-65-thread-2] .t.t.s.TourGuideClientRewardsServiceImpl : Service - Distance calculated: 3917.8947358103933
2021-11-27 20:34:20.819  INFO 530588 --- [ol-139-thread-2] .t.t.s.TourGuideClientRewardsServiceImpl : Service - Distance calculated: 4820.798944451271
2021-11-27 20:34:20.822  INFO 530588 --- [ool-65-thread-2] .t.t.s.TourGuideClientRewardsServiceImpl : Service - Distance calculated: 4193.930278212218
2021-11-27 20:34:20.819  INFO 530588 --- [ol-110-thread-2] .t.t.s.TourGuideClientRewardsServiceImpl : Service - Distance calculated: 6949.406460165721
2021-11-27 20:34:20.822  INFO 530588 --- [ool-65-thread-2] .t.t.s.TourGuideClientRewardsServiceImpl : Service - Distance calculated: 4054.883533561093
2021-11-27 20:34:20.819  INFO 530588 --- [ol-131-thread-2] .t.t.s.TourGuideClientRewardsServiceImpl : Service - Distance calculated: 6753.569541010434
2021-11-27 20:34:20.822  INFO 530588 --- [ol-110-thread-2] .t.t.s.TourGuideClientRewardsServiceImpl : Service - Distance calculated: 7602.111407685176
2021-11-27 20:34:20.819  INFO 530588 --- [ol-127-thread-2] .t.t.s.TourGuideClientRewardsServiceImpl : Service - Distance calculated: 3547.880194750096
2021-11-27 20:34:20.822  INFO 530588 --- [ol-131-thread-2] .t.t.s.TourGuideClientRewardsServiceImpl : Service - Distance calculated: 7857.927762432505
2021-11-27 20:34:20.822  INFO 530588 --- [ol-110-thread-2] .t.t.s.TourGuideClientRewardsServiceImpl : Service - Distance calculated: 7524.832169984411
2021-11-27 20:34:20.822  INFO 530588 --- [ol-131-thread-2] .t.t.s.TourGuideClientRewardsServiceImpl : Service - Distance calculated: 5946.707136504076
2021-11-27 20:34:20.819  INFO 530588 --- [ol-136-thread-2] .t.t.s.TourGuideClientRewardsServiceImpl : Service - Distance calculated: 11572.465595825033
2021-11-27 20:34:20.822  INFO 530588 --- [ol-110-thread-2] .t.t.s.TourGuideClientRewardsServiceImpl : Service - Distance calculated: 7439.291699223781
2021-11-27 20:34:20.819  INFO 530588 --- [ool-44-thread-2] .t.t.s.TourGuideClientRewardsServiceImpl : Service - Distance calculated: 10473.646806354915
2021-11-27 20:34:20.822  INFO 530588 --- [ol-136-thread-2] .t.t.s.TourGuideClientRewardsServiceImpl : Service - Distance calculated: 9844.361601464187
2021-11-27 20:34:20.822  INFO 530588 --- [ool-44-thread-2] .t.t.s.TourGuideClientRewardsServiceImpl : Service - Distance calculated: 10699.560768030775
2021-11-27 20:34:20.822  INFO 530588 --- [ol-136-thread-2] .t.t.s.TourGuideClientRewardsServiceImpl : Service - Distance calculated: 10666.385932383238
2021-11-27 20:34:20.819  INFO 530588 --- [ool-97-thread-2] .t.t.s.TourGuideClientRewardsServiceImpl : Service - Distance calculated: 8691.338201680366
2021-11-27 20:34:20.819 DEBUG 530588 --- [    Test worker] c.t.t.s.TourGuideClientServiceImpl       : Service - Visited location added for user: internalUser2
2021-11-27 20:34:20.819  INFO 530588 --- [ol-100-thread-2] .t.t.s.TourGuideClientRewardsServiceImpl : Service - Distance calculated: 7921.500956542619
2021-11-27 20:34:20.819  INFO 530588 --- [ol-107-thread-2] .t.t.s.TourGuideClientRewardsServiceImpl : Service - Distance calculated: 8529.452256382345
2021-11-27 20:34:20.822  INFO 530588 --- [ol-100-thread-2] .t.t.s.TourGuideClientRewardsServiceImpl : Service - Distance calculated: 9002.51139676769
2021-11-27 20:34:20.819  INFO 530588 --- [ool-69-thread-2] .t.t.s.TourGuideClientRewardsServiceImpl : Service - Distance calculated: 2647.840595383415
2021-11-27 20:34:20.822  INFO 530588 --- [ol-100-thread-2] .t.t.s.TourGuideClientRewardsServiceImpl : Service - Distance calculated: 8493.75162070851
2021-11-27 20:34:20.819  INFO 530588 --- [ol-117-thread-2] .t.t.s.TourGuideClientRewardsServiceImpl : Service - Distance calculated: 4192.182116298332
2021-11-27 20:34:20.822  INFO 530588 --- [ol-100-thread-2] .t.t.s.TourGuideClientRewardsServiceImpl : Service - Distance calculated: 8634.099134956936
2021-11-27 20:34:20.819  INFO 530588 --- [ool-59-thread-2] .t.t.s.TourGuideClientRewardsServiceImpl : Service - Distance calculated: 886.9133366700537
2021-11-27 20:34:20.822  INFO 530588 --- [ol-117-thread-2] .t.t.s.TourGuideClientRewardsServiceImpl : Service - Distance calculated: 4404.636961266016
2021-11-27 20:34:20.819  INFO 530588 --- [ol-115-thread-2] .t.t.s.TourGuideClientRewardsServiceImpl : Service - Distance calculated: 5111.364658161499
2021-11-27 20:34:20.822  INFO 530588 --- [ol-117-thread-2] .t.t.s.TourGuideClientRewardsServiceImpl : Service - Distance calculated: 3902.574213334262
2021-11-27 20:34:20.819  INFO 530588 --- [ol-118-thread-2] .t.t.s.TourGuideClientRewardsServiceImpl : Service - Distance calculated: 8630.749333485568
2021-11-27 20:34:20.822  INFO 530588 --- [ol-115-thread-2] .t.t.s.TourGuideClientRewardsServiceImpl : Service - Distance calculated: 5035.773362097852
2021-11-27 20:34:20.819  INFO 530588 --- [ol-109-thread-2] .t.t.s.TourGuideClientRewardsServiceImpl : Service - Distance calculated: 7449.787771745584
2021-11-27 20:34:20.822  INFO 530588 --- [ol-118-thread-2] .t.t.s.TourGuideClientRewardsServiceImpl : Service - Distance calculated: 8651.480509973406
2021-11-27 20:34:20.819  INFO 530588 --- [ool-95-thread-2] .t.t.s.TourGuideClientRewardsServiceImpl : Service - Distance calculated: 4432.098852985519
2021-11-27 20:34:20.822  INFO 530588 --- [ol-118-thread-2] .t.t.s.TourGuideClientRewardsServiceImpl : Service - Distance calculated: 10598.494515748693
2021-11-27 20:34:20.819  INFO 530588 --- [ol-121-thread-2] .t.t.s.TourGuideClientRewardsServiceImpl : Service - Distance calculated: 5084.762164914163
2021-11-27 20:34:20.822  INFO 530588 --- [ol-118-thread-2] .t.t.s.TourGuideClientRewardsServiceImpl : Service - Distance calculated: 8235.55764726597
2021-11-27 20:34:20.819  INFO 530588 --- [ool-46-thread-2] .t.t.s.TourGuideClientRewardsServiceImpl : Service - Distance calculated: 9964.680366077302
2021-11-27 20:34:20.819  INFO 530588 --- [ool-57-thread-2] .t.t.s.TourGuideClientRewardsServiceImpl : Service - Distance calculated: 4246.549328570046
2021-11-27 20:34:20.823  INFO 530588 --- [ol-121-thread-2] .t.t.s.TourGuideClientRewardsServiceImpl : Service - Distance calculated: 5562.343918459131
2021-11-27 20:34:20.823  INFO 530588 --- [ool-57-thread-2] .t.t.s.TourGuideClientRewardsServiceImpl : Service - Distance calculated: 4513.66796391236
2021-11-27 20:34:20.819  INFO 530588 --- [ool-73-thread-2] .t.t.s.TourGuideClientRewardsServiceImpl : Service - Distance calculated: 11722.300530383323
2021-11-27 20:34:20.823  INFO 530588 --- [ool-57-thread-2] .t.t.s.TourGuideClientRewardsServiceImpl : Service - Distance calculated: 4163.574142950577
2021-11-27 20:34:20.820  INFO 530588 --- [ool-82-thread-2] .t.t.s.TourGuideClientRewardsServiceImpl : Service - Distance calculated: 399.1164277864076
2021-11-27 20:34:20.823  INFO 530588 --- [ool-57-thread-2] .t.t.s.TourGuideClientRewardsServiceImpl : Service - Distance calculated: 4801.171961597034
2021-11-27 20:34:20.820  INFO 530588 --- [ol-103-thread-2] .t.t.s.TourGuideClientRewardsServiceImpl : Service - Distance calculated: 5967.170564119481
2021-11-27 20:34:20.823  INFO 530588 --- [ool-57-thread-2] .t.t.s.TourGuideClientRewardsServiceImpl : Service - Distance calculated: 3887.4606737350837
2021-11-27 20:34:20.820  INFO 530588 --- [ol-138-thread-2] .t.t.s.TourGuideClientRewardsServiceImpl : Service - Distance calculated: 4896.712834710379
2021-11-27 20:34:20.823  INFO 530588 --- [ool-57-thread-2] .t.t.s.TourGuideClientRewardsServiceImpl : Service - Distance calculated: 4340.045213482049
2021-11-27 20:34:20.820  INFO 530588 --- [ool-87-thread-2] .t.t.s.TourGuideClientRewardsServiceImpl : Service - Distance calculated: 5363.234126780626
2021-11-27 20:34:20.823  INFO 530588 --- [ool-57-thread-2] .t.t.s.TourGuideClientRewardsServiceImpl : Service - Distance calculated: 3956.1358688420996
2021-11-27 20:34:20.820  INFO 530588 --- [ool-64-thread-2] .t.t.s.TourGuideClientRewardsServiceImpl : Service - Distance calculated: 5981.533773044772
2021-11-27 20:34:20.823  INFO 530588 --- [ool-57-thread-2] .t.t.s.TourGuideClientRewardsServiceImpl : Service - Distance calculated: 3972.810390753685
2021-11-27 20:34:20.823  INFO 530588 --- [ool-87-thread-2] .t.t.s.TourGuideClientRewardsServiceImpl : Service - Distance calculated: 2585.8212798612935
2021-11-27 20:34:20.823  INFO 530588 --- [ool-64-thread-2] .t.t.s.TourGuideClientRewardsServiceImpl : Service - Distance calculated: 5893.863590510381
2021-11-27 20:34:20.820  INFO 530588 --- [ol-134-thread-2] .t.t.s.TourGuideClientRewardsServiceImpl : Service - Distance calculated: 3575.6080999147207
2021-11-27 20:34:20.823  INFO 530588 --- [ool-64-thread-2] .t.t.s.TourGuideClientRewardsServiceImpl : Service - Distance calculated: 6422.221164393996
2021-11-27 20:34:20.820  INFO 530588 --- [ool-85-thread-2] .t.t.s.TourGuideClientRewardsServiceImpl : Service - Distance calculated: 7130.959951327659
2021-11-27 20:34:20.820  INFO 530588 --- [ol-142-thread-2] .t.t.s.TourGuideClientRewardsServiceImpl : Service - Distance calculated: 4001.6041072464714
2021-11-27 20:34:20.820  INFO 530588 --- [ol-122-thread-2] .t.t.s.TourGuideClientRewardsServiceImpl : Service - Distance calculated: 2328.2649568684315
2021-11-27 20:34:20.823  INFO 530588 --- [ol-142-thread-2] .t.t.s.TourGuideClientRewardsServiceImpl : Service - Distance calculated: 4146.489777448825
2021-11-27 20:34:20.820  INFO 530588 --- [ool-83-thread-2] .t.t.s.TourGuideClientRewardsServiceImpl : Service - Distance calculated: 6469.583663111423
2021-11-27 20:34:20.823  INFO 530588 --- [ol-122-thread-2] .t.t.s.TourGuideClientRewardsServiceImpl : Service - Distance calculated: 2440.5378539843405
2021-11-27 20:34:20.820  INFO 530588 --- [ol-129-thread-2] .t.t.s.TourGuideClientRewardsServiceImpl : Service - Distance calculated: 7253.964927182595
2021-11-27 20:34:20.823  INFO 530588 --- [ol-122-thread-2] .t.t.s.TourGuideClientRewardsServiceImpl : Service - Distance calculated: 2547.9025386566636
2021-11-27 20:34:20.820  INFO 530588 --- [ool-43-thread-2] .t.t.s.TourGuideClientRewardsServiceImpl : Service - Distance calculated: 3140.862025799415
2021-11-27 20:34:20.820  INFO 530588 --- [ool-88-thread-2] .t.t.s.TourGuideClientRewardsServiceImpl : Service - Distance calculated: 6660.109930669246
2021-11-27 20:34:20.820  INFO 530588 --- [ool-71-thread-2] .t.t.s.TourGuideClientRewardsServiceImpl : Service - Distance calculated: 4185.18481665296
2021-11-27 20:34:20.820  INFO 530588 --- [ool-61-thread-2] .t.t.s.TourGuideClientRewardsServiceImpl : Service - Distance calculated: 4570.115180793423
2021-11-27 20:34:20.823  INFO 530588 --- [ool-71-thread-2] .t.t.s.TourGuideClientRewardsServiceImpl : Service - Distance calculated: 5032.90069994825
2021-11-27 20:34:20.820  INFO 530588 --- [ool-68-thread-2] .t.t.s.TourGuideClientRewardsServiceImpl : Service - Distance calculated: 9270.983961080554
2021-11-27 20:34:20.823  INFO 530588 --- [ool-71-thread-2] .t.t.s.TourGuideClientRewardsServiceImpl : Service - Distance calculated: 5018.9178480598
2021-11-27 20:34:20.820  INFO 530588 --- [ool-67-thread-2] .t.t.s.TourGuideClientRewardsServiceImpl : Service - Distance calculated: 9621.247359357636
2021-11-27 20:34:20.823  INFO 530588 --- [ool-71-thread-2] .t.t.s.TourGuideClientRewardsServiceImpl : Service - Distance calculated: 4706.212784640196
2021-11-27 20:34:20.820  INFO 530588 --- [ol-104-thread-2] .t.t.s.TourGuideClientRewardsServiceImpl : Service - Distance calculated: 4005.0921352333025
2021-11-27 20:34:20.823  INFO 530588 --- [ool-67-thread-2] .t.t.s.TourGuideClientRewardsServiceImpl : Service - Distance calculated: 9741.551133952735
2021-11-27 20:34:20.820  INFO 530588 --- [ool-51-thread-2] .t.t.s.TourGuideClientRewardsServiceImpl : Service - Distance calculated: 10903.666874431881
2021-11-27 20:34:20.823  INFO 530588 --- [ool-67-thread-2] .t.t.s.TourGuideClientRewardsServiceImpl : Service - Distance calculated: 8829.664335298794
2021-11-27 20:34:20.820  INFO 530588 --- [ol-130-thread-2] .t.t.s.TourGuideClientRewardsServiceImpl : Service - Distance calculated: 4899.166161291224
2021-11-27 20:34:20.823  INFO 530588 --- [ool-67-thread-2] .t.t.s.TourGuideClientRewardsServiceImpl : Service - Distance calculated: 10176.100516590153
2021-11-27 20:34:20.820  INFO 530588 --- [ool-56-thread-2] .t.t.s.TourGuideClientRewardsServiceImpl : Service - Distance calculated: 7313.023996473024
2021-11-27 20:34:20.823  INFO 530588 --- [ool-67-thread-2] .t.t.s.TourGuideClientRewardsServiceImpl : Service - Distance calculated: 9170.978530377908
2021-11-27 20:34:20.820  INFO 530588 --- [ol-137-thread-2] .t.t.s.TourGuideClientRewardsServiceImpl : Service - Distance calculated: 2802.149222647451
2021-11-27 20:34:20.823  INFO 530588 --- [ool-67-thread-2] .t.t.s.TourGuideClientRewardsServiceImpl : Service - Distance calculated: 9330.982876875762
2021-11-27 20:34:20.820  INFO 530588 --- [ol-119-thread-2] .t.t.s.TourGuideClientRewardsServiceImpl : Service - Distance calculated: 1007.9077159510263
2021-11-27 20:34:20.823  INFO 530588 --- [ol-137-thread-2] .t.t.s.TourGuideClientRewardsServiceImpl : Service - Distance calculated: 2525.435471453162
2021-11-27 20:34:20.820  INFO 530588 --- [ool-78-thread-2] .t.t.s.TourGuideClientRewardsServiceImpl : Service - Distance calculated: 8140.210150471511
2021-11-27 20:34:20.823  INFO 530588 --- [ol-119-thread-2] .t.t.s.TourGuideClientRewardsServiceImpl : Service - Distance calculated: 3020.683694741879
2021-11-27 20:34:20.823  INFO 530588 --- [ol-137-thread-2] .t.t.s.TourGuideClientRewardsServiceImpl : Service - Distance calculated: 2738.458329583293
2021-11-27 20:34:20.823  INFO 530588 --- [ol-119-thread-2] .t.t.s.TourGuideClientRewardsServiceImpl : Service - Distance calculated: 1598.8013274443483
2021-11-27 20:34:20.820  INFO 530588 --- [ool-70-thread-2] .t.t.s.TourGuideClientRewardsServiceImpl : Service - Distance calculated: 1248.77817527769
2021-11-27 20:34:20.823  INFO 530588 --- [ol-119-thread-2] .t.t.s.TourGuideClientRewardsServiceImpl : Service - Distance calculated: 1306.7714197174848
2021-11-27 20:34:20.820  INFO 530588 --- [ool-81-thread-2] .t.t.s.TourGuideClientRewardsServiceImpl : Service - Distance calculated: 8492.002937394902
2021-11-27 20:34:20.823  INFO 530588 --- [ol-119-thread-2] .t.t.s.TourGuideClientRewardsServiceImpl : Service - Distance calculated: 1411.1081888821918
2021-11-27 20:34:20.823  INFO 530588 --- [ool-70-thread-2] .t.t.s.TourGuideClientRewardsServiceImpl : Service - Distance calculated: 1080.8394664418831
2021-11-27 20:34:20.820  INFO 530588 --- [ool-86-thread-2] .t.t.s.TourGuideClientRewardsServiceImpl : Service - Distance calculated: 4126.650215160078
2021-11-27 20:34:20.823  INFO 530588 --- [ool-70-thread-2] .t.t.s.TourGuideClientRewardsServiceImpl : Service - Distance calculated: 3117.5237320775286
2021-11-27 20:34:20.820  INFO 530588 --- [ool-72-thread-2] .t.t.s.TourGuideClientRewardsServiceImpl : Service - Distance calculated: 7119.549033414586
2021-11-27 20:34:20.821  INFO 530588 --- [ool-62-thread-2] .t.t.s.TourGuideClientRewardsServiceImpl : Service - Distance calculated: 9813.08525837048
2021-11-27 20:34:20.821  INFO 530588 --- [ool-55-thread-2] .t.t.s.TourGuideClientRewardsServiceImpl : Service - Distance calculated: 7342.090805431869
2021-11-27 20:34:20.821  INFO 530588 --- [ol-140-thread-2] .t.t.s.TourGuideClientRewardsServiceImpl : Service - Distance calculated: 7873.818220859706
2021-11-27 20:34:20.821  INFO 530588 --- [ol-124-thread-2] .t.t.s.TourGuideClientRewardsServiceImpl : Service - Distance calculated: 5356.875259109857
2021-11-27 20:34:20.824  INFO 530588 --- [ool-55-thread-2] .t.t.s.TourGuideClientRewardsServiceImpl : Service - Distance calculated: 9248.093315563798
2021-11-27 20:34:20.824  INFO 530588 --- [ol-140-thread-2] .t.t.s.TourGuideClientRewardsServiceImpl : Service - Distance calculated: 7583.893516890646
2021-11-27 20:34:20.821  INFO 530588 --- [ool-63-thread-2] .t.t.s.TourGuideClientRewardsServiceImpl : Service - Distance calculated: 5761.104171114061
2021-11-27 20:34:20.821  INFO 530588 --- [ool-45-thread-2] .t.t.s.TourGuideClientRewardsServiceImpl : Service - Distance calculated: 6172.479246413247
2021-11-27 20:34:20.824  INFO 530588 --- [ool-63-thread-2] .t.t.s.TourGuideClientRewardsServiceImpl : Service - Distance calculated: 5974.869398199681
2021-11-27 20:34:20.821  INFO 530588 --- [ool-80-thread-2] .t.t.s.TourGuideClientRewardsServiceImpl : Service - Distance calculated: 7215.905383689515
2021-11-27 20:34:20.821  INFO 530588 --- [ool-54-thread-2] .t.t.s.TourGuideClientRewardsServiceImpl : Service - Distance calculated: 8265.139241885145
2021-11-27 20:34:20.824  INFO 530588 --- [ool-80-thread-2] .t.t.s.TourGuideClientRewardsServiceImpl : Service - Distance calculated: 6568.594308012548
2021-11-27 20:34:20.821  INFO 530588 --- [ool-74-thread-2] .t.t.s.TourGuideClientRewardsServiceImpl : Service - Distance calculated: 6585.06957952289
2021-11-27 20:34:20.821  INFO 530588 --- [ol-111-thread-2] .t.t.s.TourGuideClientRewardsServiceImpl : Service - Distance calculated: 9682.505259142325
2021-11-27 20:34:20.824  INFO 530588 --- [ool-74-thread-2] .t.t.s.TourGuideClientRewardsServiceImpl : Service - Distance calculated: 8517.726203632634
2021-11-27 20:34:20.821  INFO 530588 --- [ool-89-thread-2] .t.t.s.TourGuideClientRewardsServiceImpl : Service - Distance calculated: 6020.299512047876
2021-11-27 20:34:20.824  INFO 530588 --- [ool-74-thread-2] .t.t.s.TourGuideClientRewardsServiceImpl : Service - Distance calculated: 9129.16350589009
2021-11-27 20:34:20.821  INFO 530588 --- [ol-135-thread-2] .t.t.s.TourGuideClientRewardsServiceImpl : Service - Distance calculated: 7696.90234329035
2021-11-27 20:34:20.824  INFO 530588 --- [ool-74-thread-2] .t.t.s.TourGuideClientRewardsServiceImpl : Service - Distance calculated: 7158.680369416961
2021-11-27 20:34:20.821  INFO 530588 --- [ol-113-thread-2] .t.t.s.TourGuideClientRewardsServiceImpl : Service - Distance calculated: 7303.747220900746
2021-11-27 20:34:20.824  INFO 530588 --- [ool-74-thread-2] .t.t.s.TourGuideClientRewardsServiceImpl : Service - Distance calculated: 7913.561879506094
2021-11-27 20:34:20.821  INFO 530588 --- [ol-120-thread-2] .t.t.s.TourGuideClientRewardsServiceImpl : Service - Distance calculated: 7446.844553990399
2021-11-27 20:34:20.824  INFO 530588 --- [ool-74-thread-2] .t.t.s.TourGuideClientRewardsServiceImpl : Service - Distance calculated: 9003.811869174453
2021-11-27 20:34:20.821  INFO 530588 --- [ol-141-thread-2] .t.t.s.TourGuideClientRewardsServiceImpl : Service - Distance calculated: 1099.3866212981306
2021-11-27 20:34:20.821  INFO 530588 --- [ool-50-thread-2] .t.t.s.TourGuideClientRewardsServiceImpl : Service - Distance calculated: 3867.901820735171
2021-11-27 20:34:20.821  INFO 530588 --- [ol-125-thread-2] .t.t.s.TourGuideClientRewardsServiceImpl : Service - Distance calculated: 4240.220804479966
2021-11-27 20:34:20.824  INFO 530588 --- [ool-50-thread-2] .t.t.s.TourGuideClientRewardsServiceImpl : Service - Distance calculated: 3760.776519615331
2021-11-27 20:34:20.821  INFO 530588 --- [ool-79-thread-2] .t.t.s.TourGuideClientRewardsServiceImpl : Service - Distance calculated: 9994.371150789126
2021-11-27 20:34:20.824  INFO 530588 --- [ool-50-thread-2] .t.t.s.TourGuideClientRewardsServiceImpl : Service - Distance calculated: 4616.785060280058
2021-11-27 20:34:20.821  INFO 530588 --- [ol-114-thread-2] .t.t.s.TourGuideClientRewardsServiceImpl : Service - Distance calculated: 9674.332990660236
2021-11-27 20:34:20.824  INFO 530588 --- [ool-50-thread-2] .t.t.s.TourGuideClientRewardsServiceImpl : Service - Distance calculated: 8273.159252139176
2021-11-27 20:34:20.821  INFO 530588 --- [ool-93-thread-2] .t.t.s.TourGuideClientRewardsServiceImpl : Service - Distance calculated: 7916.0653949991365
2021-11-27 20:34:20.824  INFO 530588 --- [ol-114-thread-2] .t.t.s.TourGuideClientRewardsServiceImpl : Service - Distance calculated: 6711.815451261947
2021-11-27 20:34:20.824  INFO 530588 --- [ool-93-thread-2] .t.t.s.TourGuideClientRewardsServiceImpl : Service - Distance calculated: 7782.930616779131
2021-11-27 20:34:20.821  INFO 530588 --- [ool-47-thread-2] .t.t.s.TourGuideClientRewardsServiceImpl : Service - Distance calculated: 9647.63789811984
2021-11-27 20:34:20.824  INFO 530588 --- [ool-93-thread-2] .t.t.s.TourGuideClientRewardsServiceImpl : Service - Distance calculated: 10879.977488467694
2021-11-27 20:34:20.821  INFO 530588 --- [ool-92-thread-2] .t.t.s.TourGuideClientRewardsServiceImpl : Service - Distance calculated: 1505.9184127211356
2021-11-27 20:34:20.824  INFO 530588 --- [ool-93-thread-2] .t.t.s.TourGuideClientRewardsServiceImpl : Service - Distance calculated: 7777.753200333025
2021-11-27 20:34:20.821  INFO 530588 --- [ool-52-thread-2] .t.t.s.TourGuideClientRewardsServiceImpl : Service - Distance calculated: 8377.838371540583
2021-11-27 20:34:20.821  INFO 530588 --- [ool-90-thread-2] .t.t.s.TourGuideClientRewardsServiceImpl : Service - Distance calculated: 8859.544345398619
2021-11-27 20:34:20.824  INFO 530588 --- [ool-52-thread-2] .t.t.s.TourGuideClientRewardsServiceImpl : Service - Distance calculated: 8288.454989328273
2021-11-27 20:34:20.824  INFO 530588 --- [ool-90-thread-2] .t.t.s.TourGuideClientRewardsServiceImpl : Service - Distance calculated: 8770.948001041517
2021-11-27 20:34:20.821  INFO 530588 --- [ol-133-thread-2] .t.t.s.TourGuideClientRewardsServiceImpl : Service - Distance calculated: 1815.0001453793213
2021-11-27 20:34:20.824  INFO 530588 --- [ool-90-thread-2] .t.t.s.TourGuideClientRewardsServiceImpl : Service - Distance calculated: 9010.453170692756
2021-11-27 20:34:20.821  INFO 530588 --- [ool-96-thread-2] .t.t.s.TourGuideClientRewardsServiceImpl : Service - Distance calculated: 4860.986073102492
2021-11-27 20:34:20.824  INFO 530588 --- [ool-90-thread-2] .t.t.s.TourGuideClientRewardsServiceImpl : Service - Distance calculated: 8908.646297565407
2021-11-27 20:34:20.821  INFO 530588 --- [ol-105-thread-2] .t.t.s.TourGuideClientRewardsServiceImpl : Service - Distance calculated: 6593.829109640607
2021-11-27 20:34:20.824  INFO 530588 --- [ool-90-thread-2] .t.t.s.TourGuideClientRewardsServiceImpl : Service - Distance calculated: 8656.873175204937
2021-11-27 20:34:20.821  INFO 530588 --- [ool-98-thread-2] .t.t.s.TourGuideClientRewardsServiceImpl : Service - Distance calculated: 993.6695343218328
2021-11-27 20:34:20.824  INFO 530588 --- [ool-90-thread-2] .t.t.s.TourGuideClientRewardsServiceImpl : Service - Distance calculated: 9309.301794536312
2021-11-27 20:34:20.824  INFO 530588 --- [ol-105-thread-2] .t.t.s.TourGuideClientRewardsServiceImpl : Service - Distance calculated: 6678.321584490477
2021-11-27 20:34:20.824  INFO 530588 --- [ool-90-thread-2] .t.t.s.TourGuideClientRewardsServiceImpl : Service - Distance calculated: 9112.216331027003
2021-11-27 20:34:20.824  INFO 530588 --- [ool-98-thread-2] .t.t.s.TourGuideClientRewardsServiceImpl : Service - Distance calculated: 1243.1376864157967
2021-11-27 20:34:20.824  INFO 530588 --- [ol-105-thread-2] .t.t.s.TourGuideClientRewardsServiceImpl : Service - Distance calculated: 6787.038892757791
2021-11-27 20:34:20.821  INFO 530588 --- [ol-102-thread-2] .t.t.s.TourGuideClientRewardsServiceImpl : Service - Distance calculated: 4255.467338006677
2021-11-27 20:34:20.824  INFO 530588 --- [ool-98-thread-2] .t.t.s.TourGuideClientRewardsServiceImpl : Service - Distance calculated: 2177.952496957631
2021-11-27 20:34:20.821  INFO 530588 --- [ol-128-thread-2] .t.t.s.TourGuideClientRewardsServiceImpl : Service - Distance calculated: 4478.981366710604
2021-11-27 20:34:20.824  INFO 530588 --- [ool-98-thread-2] .t.t.s.TourGuideClientRewardsServiceImpl : Service - Distance calculated: 1552.1546775038955
2021-11-27 20:34:20.821  INFO 530588 --- [ool-99-thread-2] .t.t.s.TourGuideClientRewardsServiceImpl : Service - Distance calculated: 5078.315869478525
2021-11-27 20:34:20.824  INFO 530588 --- [ol-128-thread-2] .t.t.s.TourGuideClientRewardsServiceImpl : Service - Distance calculated: 4374.713301669785
2021-11-27 20:34:20.824  INFO 530588 --- [ool-99-thread-2] .t.t.s.TourGuideClientRewardsServiceImpl : Service - Distance calculated: 5319.043238752057
2021-11-27 20:34:20.821  INFO 530588 --- [ol-126-thread-2] .t.t.s.TourGuideClientRewardsServiceImpl : Service - Distance calculated: 7416.20103776685
2021-11-27 20:34:20.824  INFO 530588 --- [ool-99-thread-2] .t.t.s.TourGuideClientRewardsServiceImpl : Service - Distance calculated: 6327.317147330306
2021-11-27 20:34:20.821  INFO 530588 --- [ol-116-thread-2] .t.t.s.TourGuideClientRewardsServiceImpl : Service - Distance calculated: 2239.3613538181603
2021-11-27 20:34:20.822  INFO 530588 --- [ol-112-thread-2] .t.t.s.TourGuideClientRewardsServiceImpl : Service - Distance calculated: 10584.806187522378
2021-11-27 20:34:20.825  INFO 530588 --- [ool-99-thread-2] .t.t.s.TourGuideClientRewardsServiceImpl : Service - Distance calculated: 5701.192509806221
2021-11-27 20:34:20.825  INFO 530588 --- [ol-126-thread-2] .t.t.s.TourGuideClientRewardsServiceImpl : Service - Distance calculated: 7125.927488791954
2021-11-27 20:34:20.822  INFO 530588 --- [ol-106-thread-2] .t.t.s.TourGuideClientRewardsServiceImpl : Service - Distance calculated: 8316.975157714978
2021-11-27 20:34:20.822  INFO 530588 --- [ol-101-thread-2] .t.t.s.TourGuideClientRewardsServiceImpl : Service - Distance calculated: 6125.66653440322
2021-11-27 20:34:20.822  INFO 530588 --- [ool-58-thread-2] .t.t.s.TourGuideClientRewardsServiceImpl : Service - Distance calculated: 7619.954227295669
2021-11-27 20:34:20.825  INFO 530588 --- [ol-101-thread-2] .t.t.s.TourGuideClientRewardsServiceImpl : Service - Distance calculated: 5534.572980089411
2021-11-27 20:34:20.822  INFO 530588 --- [ool-91-thread-2] .t.t.s.TourGuideClientRewardsServiceImpl : Service - Distance calculated: 8717.161614885043
2021-11-27 20:34:20.825  INFO 530588 --- [ol-101-thread-2] .t.t.s.TourGuideClientRewardsServiceImpl : Service - Distance calculated: 5821.248895196392
2021-11-27 20:34:20.822  INFO 530588 --- [ool-94-thread-2] .t.t.s.TourGuideClientRewardsServiceImpl : Service - Distance calculated: 11724.996315849943
2021-11-27 20:34:20.825  INFO 530588 --- [ol-101-thread-2] .t.t.s.TourGuideClientRewardsServiceImpl : Service - Distance calculated: 5256.737898089711
2021-11-27 20:34:20.822  INFO 530588 --- [ool-53-thread-2] .t.t.s.TourGuideClientRewardsServiceImpl : Service - Distance calculated: 3322.600253339917
2021-11-27 20:34:20.825  INFO 530588 --- [ol-101-thread-2] .t.t.s.TourGuideClientRewardsServiceImpl : Service - Distance calculated: 6048.47963942588
2021-11-27 20:34:20.822  INFO 530588 --- [ool-75-thread-2] .t.t.s.TourGuideClientRewardsServiceImpl : Service - Distance calculated: 9038.54385687181
2021-11-27 20:34:20.825  INFO 530588 --- [ol-101-thread-2] .t.t.s.TourGuideClientRewardsServiceImpl : Service - Distance calculated: 6782.656857201661
2021-11-27 20:34:20.822  INFO 530588 --- [ool-60-thread-2] .t.t.s.TourGuideClientRewardsServiceImpl : Service - Distance calculated: 1478.6689036211158
2021-11-27 20:34:20.825  INFO 530588 --- [ol-101-thread-2] .t.t.s.TourGuideClientRewardsServiceImpl : Service - Distance calculated: 5499.735969387484
2021-11-27 20:34:20.822  INFO 530588 --- [ool-77-thread-2] .t.t.s.TourGuideClientRewardsServiceImpl : Service - Distance calculated: 9736.849849643168
2021-11-27 20:34:20.825  INFO 530588 --- [ol-101-thread-2] .t.t.s.TourGuideClientRewardsServiceImpl : Service - Distance calculated: 4443.243373331545
2021-11-27 20:34:20.822  INFO 530588 --- [ool-66-thread-2] .t.t.s.TourGuideClientRewardsServiceImpl : Service - Distance calculated: 3589.196967345799
2021-11-27 20:34:20.825  INFO 530588 --- [ol-101-thread-2] .t.t.s.TourGuideClientRewardsServiceImpl : Service - Distance calculated: 6426.33332904402
2021-11-27 20:34:20.822  INFO 530588 --- [ool-49-thread-2] .t.t.s.TourGuideClientRewardsServiceImpl : Service - Distance calculated: 9729.812145957192
2021-11-27 20:34:20.825  INFO 530588 --- [ol-101-thread-2] .t.t.s.TourGuideClientRewardsServiceImpl : Service - Distance calculated: 5595.956010404865
2021-11-27 20:34:20.822  INFO 530588 --- [ol-123-thread-2] .t.t.s.TourGuideClientRewardsServiceImpl : Service - Distance calculated: 6472.740001445134
2021-11-27 20:34:20.825  INFO 530588 --- [ol-101-thread-2] .t.t.s.TourGuideClientRewardsServiceImpl : Service - Distance calculated: 4616.937668266254
2021-11-27 20:34:20.822  INFO 530588 --- [ool-48-thread-2] .t.t.s.TourGuideClientRewardsServiceImpl : Service - Distance calculated: 4864.597145517869
2021-11-27 20:34:20.825  INFO 530588 --- [ol-101-thread-2] .t.t.s.TourGuideClientRewardsServiceImpl : Service - Distance calculated: 5439.367915898802
2021-11-27 20:34:20.822  INFO 530588 --- [ol-139-thread-2] .t.t.s.TourGuideClientRewardsServiceImpl : Service - Distance calculated: 4614.9392316555295
2021-11-27 20:34:20.825  INFO 530588 --- [ol-101-thread-2] .t.t.s.TourGuideClientRewardsServiceImpl : Service - Distance calculated: 7382.244300807394
2021-11-27 20:34:20.825  INFO 530588 --- [ool-48-thread-2] .t.t.s.TourGuideClientRewardsServiceImpl : Service - Distance calculated: 4185.418208758401
2021-11-27 20:34:20.825  INFO 530588 --- [ol-101-thread-2] .t.t.s.TourGuideClientRewardsServiceImpl : Service - Distance calculated: 7615.762936685597
2021-11-27 20:34:20.822  INFO 530588 --- [ool-65-thread-2] .t.t.s.TourGuideClientRewardsServiceImpl : Service - Distance calculated: 4187.44598565395
2021-11-27 20:34:20.822  INFO 530588 --- [ol-127-thread-2] .t.t.s.TourGuideClientRewardsServiceImpl : Service - Distance calculated: 3718.0390584982033
2021-11-27 20:34:20.825  INFO 530588 --- [ool-65-thread-2] .t.t.s.TourGuideClientRewardsServiceImpl : Service - Distance calculated: 5234.460048551186
2021-11-27 20:34:20.822  INFO 530588 --- [ol-131-thread-2] .t.t.s.TourGuideClientRewardsServiceImpl : Service - Distance calculated: 6762.9542626779985
2021-11-27 20:34:20.822  INFO 530588 --- [ol-110-thread-2] .t.t.s.TourGuideClientRewardsServiceImpl : Service - Distance calculated: 7613.146036916339
2021-11-27 20:34:20.822  INFO 530588 --- [ool-44-thread-2] .t.t.s.TourGuideClientRewardsServiceImpl : Service - Distance calculated: 9607.774900241942
2021-11-27 20:34:20.822  INFO 530588 --- [ol-136-thread-2] .t.t.s.TourGuideClientRewardsServiceImpl : Service - Distance calculated: 11424.584777431959
2021-11-27 20:34:20.822  INFO 530588 --- [ool-97-thread-2] .t.t.s.TourGuideClientRewardsServiceImpl : Service - Distance calculated: 9039.652266399054
2021-11-27 20:34:20.822 DEBUG 530588 --- [    Test worker] c.t.t.s.TourGuideClientServiceImpl       : Service - Visited location added for user: internalUser95
2021-11-27 20:34:20.825  INFO 530588 --- [ool-97-thread-2] .t.t.s.TourGuideClientRewardsServiceImpl : Service - Distance calculated: 8598.57158955521
2021-11-27 20:34:20.822  INFO 530588 --- [ol-107-thread-2] .t.t.s.TourGuideClientRewardsServiceImpl : Service - Distance calculated: 10091.73946586842
2021-11-27 20:34:20.825  INFO 530588 --- [ool-97-thread-2] .t.t.s.TourGuideClientRewardsServiceImpl : Service - Distance calculated: 8871.462306082345
2021-11-27 20:34:20.822  INFO 530588 --- [ool-69-thread-2] .t.t.s.TourGuideClientRewardsServiceImpl : Service - Distance calculated: 1634.5845353512386
2021-11-27 20:34:20.825  INFO 530588 --- [ool-97-thread-2] .t.t.s.TourGuideClientRewardsServiceImpl : Service - Distance calculated: 8328.314041407459
2021-11-27 20:34:20.822  INFO 530588 --- [ol-100-thread-2] .t.t.s.TourGuideClientRewardsServiceImpl : Service - Distance calculated: 8357.519601666441
2021-11-27 20:34:20.825  INFO 530588 --- [ool-69-thread-2] .t.t.s.TourGuideClientRewardsServiceImpl : Service - Distance calculated: 2043.4151810668884
2021-11-27 20:34:20.822  INFO 530588 --- [ool-59-thread-2] .t.t.s.TourGuideClientRewardsServiceImpl : Service - Distance calculated: 2037.1597379538875
2021-11-27 20:34:20.825  INFO 530588 --- [ool-69-thread-2] .t.t.s.TourGuideClientRewardsServiceImpl : Service - Distance calculated: 1953.6362224739175
2021-11-27 20:34:20.822  INFO 530588 --- [ol-117-thread-2] .t.t.s.TourGuideClientRewardsServiceImpl : Service - Distance calculated: 3904.947088362466
2021-11-27 20:34:20.822  INFO 530588 --- [ol-115-thread-2] .t.t.s.TourGuideClientRewardsServiceImpl : Service - Distance calculated: 5638.072438654308
2021-11-27 20:34:20.825  INFO 530588 --- [ool-69-thread-2] .t.t.s.TourGuideClientRewardsServiceImpl : Service - Distance calculated: 2150.761453732714
2021-11-27 20:34:20.822  INFO 530588 --- [ol-109-thread-2] .t.t.s.TourGuideClientRewardsServiceImpl : Service - Distance calculated: 7686.075245112589
2021-11-27 20:34:20.825  INFO 530588 --- [ol-117-thread-2] .t.t.s.TourGuideClientRewardsServiceImpl : Service - Distance calculated: 4111.413043069594
2021-11-27 20:34:20.822  INFO 530588 --- [ool-95-thread-2] .t.t.s.TourGuideClientRewardsServiceImpl : Service - Distance calculated: 6422.694095821652
2021-11-27 20:34:20.825  INFO 530588 --- [ol-109-thread-2] .t.t.s.TourGuideClientRewardsServiceImpl : Service - Distance calculated: 7211.306247150519
2021-11-27 20:34:20.823  INFO 530588 --- [ol-118-thread-2] .t.t.s.TourGuideClientRewardsServiceImpl : Service - Distance calculated: 8483.34959042506
2021-11-27 20:34:20.825  INFO 530588 --- [ol-109-thread-2] .t.t.s.TourGuideClientRewardsServiceImpl : Service - Distance calculated: 7723.235195313106
2021-11-27 20:34:20.823  INFO 530588 --- [ool-46-thread-2] .t.t.s.TourGuideClientRewardsServiceImpl : Service - Distance calculated: 9399.21327021936
2021-11-27 20:34:20.825  INFO 530588 --- [ol-118-thread-2] .t.t.s.TourGuideClientRewardsServiceImpl : Service - Distance calculated: 8335.747989907453
2021-11-27 20:34:20.823  INFO 530588 --- [ol-121-thread-2] .t.t.s.TourGuideClientRewardsServiceImpl : Service - Distance calculated: 6474.843544604383
2021-11-27 20:34:20.825  INFO 530588 --- [ool-46-thread-2] .t.t.s.TourGuideClientRewardsServiceImpl : Service - Distance calculated: 9322.693869206885
2021-11-27 20:34:20.823  INFO 530588 --- [ool-73-thread-2] .t.t.s.TourGuideClientRewardsServiceImpl : Service - Distance calculated: 8861.577682884124
2021-11-27 20:34:20.823  INFO 530588 --- [ool-82-thread-2] .t.t.s.TourGuideClientRewardsServiceImpl : Service - Distance calculated: 114.84104950485279
2021-11-27 20:34:20.823  INFO 530588 --- [ol-103-thread-2] .t.t.s.TourGuideClientRewardsServiceImpl : Service - Distance calculated: 6141.016695606907
2021-11-27 20:34:20.823  INFO 530588 --- [ol-138-thread-2] .t.t.s.TourGuideClientRewardsServiceImpl : Service - Distance calculated: 4922.460107755125
2021-11-27 20:34:20.826  INFO 530588 --- [ool-82-thread-2] .t.t.s.TourGuideClientRewardsServiceImpl : Service - Distance calculated: 262.02500937022353
2021-11-27 20:34:20.823  INFO 530588 --- [ool-57-thread-2] .t.t.s.TourGuideClientRewardsServiceImpl : Service - Distance calculated: 4779.391764869333
2021-11-27 20:34:20.823  INFO 530588 --- [ool-87-thread-2] .t.t.s.TourGuideClientRewardsServiceImpl : Service - Distance calculated: 2508.145421468359
2021-11-27 20:34:20.826  INFO 530588 --- [ool-57-thread-2] .t.t.s.TourGuideClientRewardsServiceImpl : Service - Distance calculated: 8453.318482027982
2021-11-27 20:34:20.823  INFO 530588 --- [ool-64-thread-2] .t.t.s.TourGuideClientRewardsServiceImpl : Service - Distance calculated: 7204.943946660513
2021-11-27 20:34:20.826  INFO 530588 --- [ool-57-thread-2] .t.t.s.TourGuideClientRewardsServiceImpl : Service - Distance calculated: 7836.559540968817
2021-11-27 20:34:20.823  INFO 530588 --- [ol-134-thread-2] .t.t.s.TourGuideClientRewardsServiceImpl : Service - Distance calculated: 3756.579266744117
2021-11-27 20:34:20.826  INFO 530588 --- [ool-57-thread-2] .t.t.s.TourGuideClientRewardsServiceImpl : Service - Distance calculated: 8388.145782882919
2021-11-27 20:34:20.823  INFO 530588 --- [ool-85-thread-2] .t.t.s.TourGuideClientRewardsServiceImpl : Service - Distance calculated: 6539.672178929864
2021-11-27 20:34:20.826  INFO 530588 --- [ool-57-thread-2] .t.t.s.TourGuideClientRewardsServiceImpl : Service - Distance calculated: 8470.404718589503
2021-11-27 20:34:20.823  INFO 530588 --- [ol-142-thread-2] .t.t.s.TourGuideClientRewardsServiceImpl : Service - Distance calculated: 5198.212093135392
2021-11-27 20:34:20.826  INFO 530588 --- [ool-57-thread-2] .t.t.s.TourGuideClientRewardsServiceImpl : Service - Distance calculated: 8259.358716210414
2021-11-27 20:34:20.823  INFO 530588 --- [ool-83-thread-2] .t.t.s.TourGuideClientRewardsServiceImpl : Service - Distance calculated: 7180.927300815273
2021-11-27 20:34:20.826  INFO 530588 --- [ol-142-thread-2] .t.t.s.TourGuideClientRewardsServiceImpl : Service - Distance calculated: 3488.5242237228654
2021-11-27 20:34:20.823  INFO 530588 --- [ol-129-thread-2] .t.t.s.TourGuideClientRewardsServiceImpl : Service - Distance calculated: 7136.747060119734
2021-11-27 20:34:20.826  INFO 530588 --- [ol-142-thread-2] .t.t.s.TourGuideClientRewardsServiceImpl : Service - Distance calculated: 4135.2175931345055
2021-11-27 20:34:20.823  INFO 530588 --- [ol-122-thread-2] .t.t.s.TourGuideClientRewardsServiceImpl : Service - Distance calculated: 2592.5748377901677
2021-11-27 20:34:20.823  INFO 530588 --- [ool-43-thread-2] .t.t.s.TourGuideClientRewardsServiceImpl : Service - Distance calculated: 3354.1018128667597
2021-11-27 20:34:20.826  INFO 530588 --- [ol-122-thread-2] .t.t.s.TourGuideClientRewardsServiceImpl : Service - Distance calculated: 3439.7009179904358
2021-11-27 20:34:20.823  INFO 530588 --- [ool-88-thread-2] .t.t.s.TourGuideClientRewardsServiceImpl : Service - Distance calculated: 6823.484249324114
2021-11-27 20:34:20.826  INFO 530588 --- [ol-122-thread-2] .t.t.s.TourGuideClientRewardsServiceImpl : Service - Distance calculated: 3422.322679417516
2021-11-27 20:34:20.823  INFO 530588 --- [ool-61-thread-2] .t.t.s.TourGuideClientRewardsServiceImpl : Service - Distance calculated: 7888.5925620869475
2021-11-27 20:34:20.823  INFO 530588 --- [ool-68-thread-2] .t.t.s.TourGuideClientRewardsServiceImpl : Service - Distance calculated: 9217.960655196768
2021-11-27 20:34:20.826  INFO 530588 --- [ool-61-thread-2] .t.t.s.TourGuideClientRewardsServiceImpl : Service - Distance calculated: 7703.626985520653
2021-11-27 20:34:20.823  INFO 530588 --- [ool-71-thread-2] .t.t.s.TourGuideClientRewardsServiceImpl : Service - Distance calculated: 4938.827721970292
2021-11-27 20:34:20.823  INFO 530588 --- [ol-104-thread-2] .t.t.s.TourGuideClientRewardsServiceImpl : Service - Distance calculated: 4576.6365844151
2021-11-27 20:34:20.826  INFO 530588 --- [ool-71-thread-2] .t.t.s.TourGuideClientRewardsServiceImpl : Service - Distance calculated: 4475.5800214382225
2021-11-27 20:34:20.823  INFO 530588 --- [ool-51-thread-2] .t.t.s.TourGuideClientRewardsServiceImpl : Service - Distance calculated: 11118.932105069936
2021-11-27 20:34:20.826  INFO 530588 --- [ol-104-thread-2] .t.t.s.TourGuideClientRewardsServiceImpl : Service - Distance calculated: 3619.0390212999987
2021-11-27 20:34:20.823  INFO 530588 --- [ol-130-thread-2] .t.t.s.TourGuideClientRewardsServiceImpl : Service - Distance calculated: 8233.0353397917
2021-11-27 20:34:20.826  INFO 530588 --- [ool-51-thread-2] .t.t.s.TourGuideClientRewardsServiceImpl : Service - Distance calculated: 10668.706395464444
2021-11-27 20:34:20.823  INFO 530588 --- [ool-56-thread-2] .t.t.s.TourGuideClientRewardsServiceImpl : Service - Distance calculated: 7035.356789259096
2021-11-27 20:34:20.826  INFO 530588 --- [ool-51-thread-2] .t.t.s.TourGuideClientRewardsServiceImpl : Service - Distance calculated: 11072.371416569184
2021-11-27 20:34:20.823  INFO 530588 --- [ool-67-thread-2] .t.t.s.TourGuideClientRewardsServiceImpl : Service - Distance calculated: 9263.293173262538
2021-11-27 20:34:20.826  INFO 530588 --- [ool-51-thread-2] .t.t.s.TourGuideClientRewardsServiceImpl : Service - Distance calculated: 10246.030229660124
2021-11-27 20:34:20.823  INFO 530588 --- [ool-78-thread-2] .t.t.s.TourGuideClientRewardsServiceImpl : Service - Distance calculated: 8195.387133524686
2021-11-27 20:34:20.826  INFO 530588 --- [ool-51-thread-2] .t.t.s.TourGuideClientRewardsServiceImpl : Service - Distance calculated: 11139.225575305532
2021-11-27 20:34:20.823  INFO 530588 --- [ol-137-thread-2] .t.t.s.TourGuideClientRewardsServiceImpl : Service - Distance calculated: 2322.5136610854743
2021-11-27 20:34:20.823  INFO 530588 --- [ool-81-thread-2] .t.t.s.TourGuideClientRewardsServiceImpl : Service - Distance calculated: 8636.251169069814
2021-11-27 20:34:20.823  INFO 530588 --- [ol-119-thread-2] .t.t.s.TourGuideClientRewardsServiceImpl : Service - Distance calculated: 1253.8635836538733
2021-11-27 20:34:20.823  INFO 530588 --- [ool-86-thread-2] .t.t.s.TourGuideClientRewardsServiceImpl : Service - Distance calculated: 4185.660606815265
2021-11-27 20:34:20.826  INFO 530588 --- [ol-119-thread-2] .t.t.s.TourGuideClientRewardsServiceImpl : Service - Distance calculated: 168.7372305412892
2021-11-27 20:34:20.823  INFO 530588 --- [ool-70-thread-2] .t.t.s.TourGuideClientRewardsServiceImpl : Service - Distance calculated: 1675.7639934979477
2021-11-27 20:34:20.826  INFO 530588 --- [ool-86-thread-2] .t.t.s.TourGuideClientRewardsServiceImpl : Service - Distance calculated: 2922.39531340583
2021-11-27 20:34:20.823  INFO 530588 --- [ool-72-thread-2] .t.t.s.TourGuideClientRewardsServiceImpl : Service - Distance calculated: 7391.984737455005
2021-11-27 20:34:20.826  INFO 530588 --- [ool-86-thread-2] .t.t.s.TourGuideClientRewardsServiceImpl : Service - Distance calculated: 2970.330130740791
2021-11-27 20:34:20.824  INFO 530588 --- [ool-62-thread-2] .t.t.s.TourGuideClientRewardsServiceImpl : Service - Distance calculated: 10051.95075644806
2021-11-27 20:34:20.826  INFO 530588 --- [ool-86-thread-2] .t.t.s.TourGuideClientRewardsServiceImpl : Service - Distance calculated: 3961.8222947395716
2021-11-27 20:34:20.824  INFO 530588 --- [ol-124-thread-2] .t.t.s.TourGuideClientRewardsServiceImpl : Service - Distance calculated: 5429.559426682228
2021-11-27 20:34:20.826  INFO 530588 --- [ool-86-thread-2] .t.t.s.TourGuideClientRewardsServiceImpl : Service - Distance calculated: 2310.501680324618
2021-11-27 20:34:20.826  INFO 530588 --- [ool-62-thread-2] .t.t.s.TourGuideClientRewardsServiceImpl : Service - Distance calculated: 10855.617779843502
2021-11-27 20:34:20.824  INFO 530588 --- [ol-140-thread-2] .t.t.s.TourGuideClientRewardsServiceImpl : Service - Distance calculated: 7679.468492221797
2021-11-27 20:34:20.826  INFO 530588 --- [ool-86-thread-2] .t.t.s.TourGuideClientRewardsServiceImpl : Service - Distance calculated: 2437.8824639708796
2021-11-27 20:34:20.824  INFO 530588 --- [ool-55-thread-2] .t.t.s.TourGuideClientRewardsServiceImpl : Service - Distance calculated: 8445.015484180109
2021-11-27 20:34:20.826  INFO 530588 --- [ool-86-thread-2] .t.t.s.TourGuideClientRewardsServiceImpl : Service - Distance calculated: 4609.2861136063175
2021-11-27 20:34:20.824  INFO 530588 --- [ool-45-thread-2] .t.t.s.TourGuideClientRewardsServiceImpl : Service - Distance calculated: 6626.474324519365
2021-11-27 20:34:20.826  INFO 530588 --- [ool-86-thread-2] .t.t.s.TourGuideClientRewardsServiceImpl : Service - Distance calculated: 1864.2701792010625
2021-11-27 20:34:20.824  INFO 530588 --- [ool-63-thread-2] .t.t.s.TourGuideClientRewardsServiceImpl : Service - Distance calculated: 5546.206230053237
2021-11-27 20:34:20.826  INFO 530588 --- [ool-45-thread-2] .t.t.s.TourGuideClientRewardsServiceImpl : Service - Distance calculated: 7486.961724200294
2021-11-27 20:34:20.824  INFO 530588 --- [ool-54-thread-2] .t.t.s.TourGuideClientRewardsServiceImpl : Service - Distance calculated: 7106.275377579734
2021-11-27 20:34:20.826  INFO 530588 --- [ool-63-thread-2] .t.t.s.TourGuideClientRewardsServiceImpl : Service - Distance calculated: 5981.675954087289
2021-11-27 20:34:20.824  INFO 530588 --- [ool-80-thread-2] .t.t.s.TourGuideClientRewardsServiceImpl : Service - Distance calculated: 7671.683321508387
2021-11-27 20:34:20.826  INFO 530588 --- [ool-54-thread-2] .t.t.s.TourGuideClientRewardsServiceImpl : Service - Distance calculated: 8705.976874797625
2021-11-27 20:34:20.824  INFO 530588 --- [ol-111-thread-2] .t.t.s.TourGuideClientRewardsServiceImpl : Service - Distance calculated: 9711.597055106597
2021-11-27 20:34:20.824  INFO 530588 --- [ool-89-thread-2] .t.t.s.TourGuideClientRewardsServiceImpl : Service - Distance calculated: 5878.9114076992055
2021-11-27 20:34:20.827  INFO 530588 --- [ool-80-thread-2] .t.t.s.TourGuideClientRewardsServiceImpl : Service - Distance calculated: 8793.5898635524
2021-11-27 20:34:20.824  INFO 530588 --- [ol-135-thread-2] .t.t.s.TourGuideClientRewardsServiceImpl : Service - Distance calculated: 10800.663711283607
2021-11-27 20:34:20.827  INFO 530588 --- [ool-80-thread-2] .t.t.s.TourGuideClientRewardsServiceImpl : Service - Distance calculated: 6887.129211255615
2021-11-27 20:34:20.824  INFO 530588 --- [ol-113-thread-2] .t.t.s.TourGuideClientRewardsServiceImpl : Service - Distance calculated: 9694.207841685808
2021-11-27 20:34:20.824  INFO 530588 --- [ol-120-thread-2] .t.t.s.TourGuideClientRewardsServiceImpl : Service - Distance calculated: 6628.851930197468
2021-11-27 20:34:20.824  INFO 530588 --- [ool-74-thread-2] .t.t.s.TourGuideClientRewardsServiceImpl : Service - Distance calculated: 8574.578222446904
2021-11-27 20:34:20.827  INFO 530588 --- [ol-120-thread-2] .t.t.s.TourGuideClientRewardsServiceImpl : Service - Distance calculated: 6986.278535726053
2021-11-27 20:34:20.824  INFO 530588 --- [ol-141-thread-2] .t.t.s.TourGuideClientRewardsServiceImpl : Service - Distance calculated: 1089.8853596844706
2021-11-27 20:34:20.827  INFO 530588 --- [ol-120-thread-2] .t.t.s.TourGuideClientRewardsServiceImpl : Service - Distance calculated: 7101.799077432535
2021-11-27 20:34:20.824  INFO 530588 --- [ol-125-thread-2] .t.t.s.TourGuideClientRewardsServiceImpl : Service - Distance calculated: 1663.7171368369866
2021-11-27 20:34:20.827  INFO 530588 --- [ol-120-thread-2] .t.t.s.TourGuideClientRewardsServiceImpl : Service - Distance calculated: 6935.997503660267
2021-11-27 20:34:20.824  INFO 530588 --- [ool-79-thread-2] .t.t.s.TourGuideClientRewardsServiceImpl : Service - Distance calculated: 11460.053827058884
2021-11-27 20:34:20.824  INFO 530588 --- [ool-50-thread-2] .t.t.s.TourGuideClientRewardsServiceImpl : Service - Distance calculated: 9047.34147580575
2021-11-27 20:34:20.827  INFO 530588 --- [ol-125-thread-2] .t.t.s.TourGuideClientRewardsServiceImpl : Service - Distance calculated: 1956.8316351494223
2021-11-27 20:34:20.824  INFO 530588 --- [ol-114-thread-2] .t.t.s.TourGuideClientRewardsServiceImpl : Service - Distance calculated: 6943.344599509042
2021-11-27 20:34:20.824  INFO 530588 --- [ool-47-thread-2] .t.t.s.TourGuideClientRewardsServiceImpl : Service - Distance calculated: 9009.56592622669
2021-11-27 20:34:20.827  INFO 530588 --- [ol-114-thread-2] .t.t.s.TourGuideClientRewardsServiceImpl : Service - Distance calculated: 6794.762885947449
2021-11-27 20:34:20.824  INFO 530588 --- [ool-93-thread-2] .t.t.s.TourGuideClientRewardsServiceImpl : Service - Distance calculated: 7845.771852101597
2021-11-27 20:34:20.827  INFO 530588 --- [ol-114-thread-2] .t.t.s.TourGuideClientRewardsServiceImpl : Service - Distance calculated: 6583.701371224872
2021-11-27 20:34:20.827  INFO 530588 --- [ool-93-thread-2] .t.t.s.TourGuideClientRewardsServiceImpl : Service - Distance calculated: 7727.061805510245
2021-11-27 20:34:20.827  INFO 530588 --- [ol-114-thread-2] .t.t.s.TourGuideClientRewardsServiceImpl : Service - Distance calculated: 7658.398508994781
2021-11-27 20:34:20.824  INFO 530588 --- [ool-92-thread-2] .t.t.s.TourGuideClientRewardsServiceImpl : Service - Distance calculated: 1873.1962819234952
2021-11-27 20:34:20.827  INFO 530588 --- [ol-114-thread-2] .t.t.s.TourGuideClientRewardsServiceImpl : Service - Distance calculated: 7168.50147816841
2021-11-27 20:34:20.824  INFO 530588 --- [ool-52-thread-2] .t.t.s.TourGuideClientRewardsServiceImpl : Service - Distance calculated: 8653.211543958274
2021-11-27 20:34:20.824  INFO 530588 --- [ol-133-thread-2] .t.t.s.TourGuideClientRewardsServiceImpl : Service - Distance calculated: 4714.182096207352
2021-11-27 20:34:20.827  INFO 530588 --- [ool-52-thread-2] .t.t.s.TourGuideClientRewardsServiceImpl : Service - Distance calculated: 8550.887600411063
2021-11-27 20:34:20.824  INFO 530588 --- [ool-96-thread-2] .t.t.s.TourGuideClientRewardsServiceImpl : Service - Distance calculated: 5009.3845289092815
2021-11-27 20:34:20.827  INFO 530588 --- [ool-52-thread-2] .t.t.s.TourGuideClientRewardsServiceImpl : Service - Distance calculated: 8199.504962304043
2021-11-27 20:34:20.824  INFO 530588 --- [ool-90-thread-2] .t.t.s.TourGuideClientRewardsServiceImpl : Service - Distance calculated: 10444.245154971399
2021-11-27 20:34:20.827  INFO 530588 --- [ool-52-thread-2] .t.t.s.TourGuideClientRewardsServiceImpl : Service - Distance calculated: 9026.198773812872
2021-11-27 20:34:20.824  INFO 530588 --- [ol-105-thread-2] .t.t.s.TourGuideClientRewardsServiceImpl : Service - Distance calculated: 7707.482457432738
2021-11-27 20:34:20.827  INFO 530588 --- [ool-52-thread-2] .t.t.s.TourGuideClientRewardsServiceImpl : Service - Distance calculated: 8818.955716980568
2021-11-27 20:34:20.827  INFO 530588 --- [ol-105-thread-2] .t.t.s.TourGuideClientRewardsServiceImpl : Service - Distance calculated: 6167.030126827356
2021-11-27 20:34:20.824  INFO 530588 --- [ol-102-thread-2] .t.t.s.TourGuideClientRewardsServiceImpl : Service - Distance calculated: 4116.759150051893
2021-11-27 20:34:20.827  INFO 530588 --- [ol-105-thread-2] .t.t.s.TourGuideClientRewardsServiceImpl : Service - Distance calculated: 6728.168429908021
2021-11-27 20:34:20.824  INFO 530588 --- [ool-98-thread-2] .t.t.s.TourGuideClientRewardsServiceImpl : Service - Distance calculated: 1798.2469268376983
2021-11-27 20:34:20.824  INFO 530588 --- [ol-128-thread-2] .t.t.s.TourGuideClientRewardsServiceImpl : Service - Distance calculated: 4290.852506609126
2021-11-27 20:34:20.825  INFO 530588 --- [ol-116-thread-2] .t.t.s.TourGuideClientRewardsServiceImpl : Service - Distance calculated: 2986.1375950906945
2021-11-27 20:34:20.827  INFO 530588 --- [ol-128-thread-2] .t.t.s.TourGuideClientRewardsServiceImpl : Service - Distance calculated: 4476.547615560183
2021-11-27 20:34:20.825  INFO 530588 --- [ool-99-thread-2] .t.t.s.TourGuideClientRewardsServiceImpl : Service - Distance calculated: 5944.825554348374
2021-11-27 20:34:20.827  INFO 530588 --- [ol-128-thread-2] .t.t.s.TourGuideClientRewardsServiceImpl : Service - Distance calculated: 4453.668726884098
2021-11-27 20:34:20.825  INFO 530588 --- [ol-112-thread-2] .t.t.s.TourGuideClientRewardsServiceImpl : Service - Distance calculated: 10736.406875502686
2021-11-27 20:34:20.827  INFO 530588 --- [ool-99-thread-2] .t.t.s.TourGuideClientRewardsServiceImpl : Service - Distance calculated: 5471.349317355408
2021-11-27 20:34:20.825  INFO 530588 --- [ol-126-thread-2] .t.t.s.TourGuideClientRewardsServiceImpl : Service - Distance calculated: 7214.168482398366
2021-11-27 20:34:20.825  INFO 530588 --- [ol-106-thread-2] .t.t.s.TourGuideClientRewardsServiceImpl : Service - Distance calculated: 8281.901840713817
2021-11-27 20:34:20.827  INFO 530588 --- [ol-126-thread-2] .t.t.s.TourGuideClientRewardsServiceImpl : Service - Distance calculated: 7385.410795747039
2021-11-27 20:34:20.825  INFO 530588 --- [ool-58-thread-2] .t.t.s.TourGuideClientRewardsServiceImpl : Service - Distance calculated: 8595.6741943502
2021-11-27 20:34:20.827  INFO 530588 --- [ol-126-thread-2] .t.t.s.TourGuideClientRewardsServiceImpl : Service - Distance calculated: 4445.467770622404
2021-11-27 20:34:20.825  INFO 530588 --- [ool-91-thread-2] .t.t.s.TourGuideClientRewardsServiceImpl : Service - Distance calculated: 8628.951273667513
2021-11-27 20:34:20.825  INFO 530588 --- [ool-94-thread-2] .t.t.s.TourGuideClientRewardsServiceImpl : Service - Distance calculated: 10746.565513193967
2021-11-27 20:34:20.825  INFO 530588 --- [ool-53-thread-2] .t.t.s.TourGuideClientRewardsServiceImpl : Service - Distance calculated: 4357.77665744384
2021-11-27 20:34:20.827  INFO 530588 --- [ool-94-thread-2] .t.t.s.TourGuideClientRewardsServiceImpl : Service - Distance calculated: 11671.215417028186
2021-11-27 20:34:20.825  INFO 530588 --- [ool-75-thread-2] .t.t.s.TourGuideClientRewardsServiceImpl : Service - Distance calculated: 9092.293712100713
2021-11-27 20:34:20.825  INFO 530588 --- [ool-60-thread-2] .t.t.s.TourGuideClientRewardsServiceImpl : Service - Distance calculated: 3681.8825498475826
2021-11-27 20:34:20.828  INFO 530588 --- [ool-94-thread-2] .t.t.s.TourGuideClientRewardsServiceImpl : Service - Distance calculated: 11497.400258663989
2021-11-27 20:34:20.825  INFO 530588 --- [ool-77-thread-2] .t.t.s.TourGuideClientRewardsServiceImpl : Service - Distance calculated: 8741.448765843152
2021-11-27 20:34:20.828  INFO 530588 --- [ool-60-thread-2] .t.t.s.TourGuideClientRewardsServiceImpl : Service - Distance calculated: 2052.25558384746
2021-11-27 20:34:20.825  INFO 530588 --- [ool-66-thread-2] .t.t.s.TourGuideClientRewardsServiceImpl : Service - Distance calculated: 4327.825005843371
2021-11-27 20:34:20.825  INFO 530588 --- [ool-49-thread-2] .t.t.s.TourGuideClientRewardsServiceImpl : Service - Distance calculated: 9316.289294997194
2021-11-27 20:34:20.825  INFO 530588 --- [ol-123-thread-2] .t.t.s.TourGuideClientRewardsServiceImpl : Service - Distance calculated: 5817.887160153579
2021-11-27 20:34:20.828  INFO 530588 --- [ool-49-thread-2] .t.t.s.TourGuideClientRewardsServiceImpl : Service - Distance calculated: 10186.993721528648
2021-11-27 20:34:20.825  INFO 530588 --- [ol-139-thread-2] .t.t.s.TourGuideClientRewardsServiceImpl : Service - Distance calculated: 6993.233244164934
2021-11-27 20:34:20.825  INFO 530588 --- [ool-48-thread-2] .t.t.s.TourGuideClientRewardsServiceImpl : Service - Distance calculated: 4772.878040303726
2021-11-27 20:34:20.825  INFO 530588 --- [ol-101-thread-2] .t.t.s.TourGuideClientRewardsServiceImpl : Service - Distance calculated: 7503.422071559569
2021-11-27 20:34:20.825  INFO 530588 --- [ool-65-thread-2] .t.t.s.TourGuideClientRewardsServiceImpl : Service - Distance calculated: 4622.282577684269
2021-11-27 20:34:20.828  INFO 530588 --- [ol-101-thread-2] .t.t.s.TourGuideClientRewardsServiceImpl : Service - Distance calculated: 7496.140217471747
2021-11-27 20:34:20.825  INFO 530588 --- [ol-127-thread-2] .t.t.s.TourGuideClientRewardsServiceImpl : Service - Distance calculated: 1413.3013195290323
2021-11-27 20:34:20.828  INFO 530588 --- [ool-65-thread-2] .t.t.s.TourGuideClientRewardsServiceImpl : Service - Distance calculated: 4845.590885066046
2021-11-27 20:34:20.828  INFO 530588 --- [ol-127-thread-2] .t.t.s.TourGuideClientRewardsServiceImpl : Service - Distance calculated: 3588.2491930239
2021-11-27 20:34:20.825  INFO 530588 --- [ol-110-thread-2] .t.t.s.TourGuideClientRewardsServiceImpl : Service - Distance calculated: 7585.1802250101855
2021-11-27 20:34:20.825  INFO 530588 --- [ol-131-thread-2] .t.t.s.TourGuideClientRewardsServiceImpl : Service - Distance calculated: 7682.693935176667
2021-11-27 20:34:20.828  INFO 530588 --- [ol-110-thread-2] .t.t.s.TourGuideClientRewardsServiceImpl : Service - Distance calculated: 8300.816618248982
2021-11-27 20:34:20.825  INFO 530588 --- [ool-44-thread-2] .t.t.s.TourGuideClientRewardsServiceImpl : Service - Distance calculated: 10148.234634505936
2021-11-27 20:34:20.828  INFO 530588 --- [ol-110-thread-2] .t.t.s.TourGuideClientRewardsServiceImpl : Service - Distance calculated: 7075.469010734135
2021-11-27 20:34:20.825  INFO 530588 --- [ol-136-thread-2] .t.t.s.TourGuideClientRewardsServiceImpl : Service - Distance calculated: 10463.605220975482
2021-11-27 20:34:20.828  INFO 530588 --- [ol-110-thread-2] .t.t.s.TourGuideClientRewardsServiceImpl : Service - Distance calculated: 7759.3676043695
2021-11-27 20:34:20.825 DEBUG 530588 --- [    Test worker] c.t.t.s.TourGuideClientServiceImpl       : Service - Visited location added for user: internalUser1
2021-11-27 20:34:20.828  INFO 530588 --- [ol-110-thread-2] .t.t.s.TourGuideClientRewardsServiceImpl : Service - Distance calculated: 7932.901517213564
2021-11-27 20:34:20.825  INFO 530588 --- [ol-107-thread-2] .t.t.s.TourGuideClientRewardsServiceImpl : Service - Distance calculated: 8826.742374445372
2021-11-27 20:34:20.828  INFO 530588 --- [ol-110-thread-2] .t.t.s.TourGuideClientRewardsServiceImpl : Service - Distance calculated: 8055.268850295611
2021-11-27 20:34:20.825  INFO 530588 --- [ool-97-thread-2] .t.t.s.TourGuideClientRewardsServiceImpl : Service - Distance calculated: 8988.651673042035
2021-11-27 20:34:20.828  INFO 530588 --- [ol-110-thread-2] .t.t.s.TourGuideClientRewardsServiceImpl : Service - Distance calculated: 7716.665183008525
2021-11-27 20:34:20.825  INFO 530588 --- [ol-100-thread-2] .t.t.s.TourGuideClientRewardsServiceImpl : Service - Distance calculated: 8929.928635579761
2021-11-27 20:34:20.828  INFO 530588 --- [ool-97-thread-2] .t.t.s.TourGuideClientRewardsServiceImpl : Service - Distance calculated: 9032.724581132064
2021-11-27 20:34:20.828  INFO 530588 --- [ol-100-thread-2] .t.t.s.TourGuideClientRewardsServiceImpl : Service - Distance calculated: 10153.132873937613
2021-11-27 20:34:20.828  INFO 530588 --- [ool-97-thread-2] .t.t.s.TourGuideClientRewardsServiceImpl : Service - Distance calculated: 8723.296152395642
2021-11-27 20:34:20.825  INFO 530588 --- [ool-59-thread-2] .t.t.s.TourGuideClientRewardsServiceImpl : Service - Distance calculated: 1432.7283337461433
2021-11-27 20:34:20.828  INFO 530588 --- [ool-97-thread-2] .t.t.s.TourGuideClientRewardsServiceImpl : Service - Distance calculated: 7558.418247402532
2021-11-27 20:34:20.825  INFO 530588 --- [ol-115-thread-2] .t.t.s.TourGuideClientRewardsServiceImpl : Service - Distance calculated: 6330.805376449795
2021-11-27 20:34:20.825  INFO 530588 --- [ool-69-thread-2] .t.t.s.TourGuideClientRewardsServiceImpl : Service - Distance calculated: 1689.5641372033645
2021-11-27 20:34:20.825  INFO 530588 --- [ol-117-thread-2] .t.t.s.TourGuideClientRewardsServiceImpl : Service - Distance calculated: 4099.319750398835
2021-11-27 20:34:20.828  INFO 530588 --- [ool-69-thread-2] .t.t.s.TourGuideClientRewardsServiceImpl : Service - Distance calculated: 708.3410480050811
2021-11-27 20:34:20.828  INFO 530588 --- [ol-117-thread-2] .t.t.s.TourGuideClientRewardsServiceImpl : Service - Distance calculated: 4903.202857049127
2021-11-27 20:34:20.828  INFO 530588 --- [ool-69-thread-2] .t.t.s.TourGuideClientRewardsServiceImpl : Service - Distance calculated: 2484.9177775906314
2021-11-27 20:34:20.828  INFO 530588 --- [ol-117-thread-2] .t.t.s.TourGuideClientRewardsServiceImpl : Service - Distance calculated: 5188.71614580793
2021-11-27 20:34:20.825  INFO 530588 --- [ool-95-thread-2] .t.t.s.TourGuideClientRewardsServiceImpl : Service - Distance calculated: 5724.277905303011
2021-11-27 20:34:20.825  INFO 530588 --- [ol-109-thread-2] .t.t.s.TourGuideClientRewardsServiceImpl : Service - Distance calculated: 7544.23365293601
2021-11-27 20:34:20.828  INFO 530588 --- [ool-95-thread-2] .t.t.s.TourGuideClientRewardsServiceImpl : Service - Distance calculated: 6257.957718306115
2021-11-27 20:34:20.825  INFO 530588 --- [ol-118-thread-2] .t.t.s.TourGuideClientRewardsServiceImpl : Service - Distance calculated: 8155.681460483209
2021-11-27 20:34:20.825  INFO 530588 --- [ol-121-thread-2] .t.t.s.TourGuideClientRewardsServiceImpl : Service - Distance calculated: 6543.152092562882
2021-11-27 20:34:20.825  INFO 530588 --- [ool-46-thread-2] .t.t.s.TourGuideClientRewardsServiceImpl : Service - Distance calculated: 10348.370513690737
2021-11-27 20:34:20.826  INFO 530588 --- [ool-73-thread-2] .t.t.s.TourGuideClientRewardsServiceImpl : Service - Distance calculated: 8935.531976302627
2021-11-27 20:34:20.826  INFO 530588 --- [ol-103-thread-2] .t.t.s.TourGuideClientRewardsServiceImpl : Service - Distance calculated: 6151.2472779749205
2021-11-27 20:34:20.826  INFO 530588 --- [ool-82-thread-2] .t.t.s.TourGuideClientRewardsServiceImpl : Service - Distance calculated: 930.6092243144677
2021-11-27 20:34:20.828  INFO 530588 --- [ol-103-thread-2] .t.t.s.TourGuideClientRewardsServiceImpl : Service - Distance calculated: 6981.898372151555
2021-11-27 20:34:20.826  INFO 530588 --- [ol-138-thread-2] .t.t.s.TourGuideClientRewardsServiceImpl : Service - Distance calculated: 4890.4044178433305
2021-11-27 20:34:20.828  INFO 530588 --- [ol-103-thread-2] .t.t.s.TourGuideClientRewardsServiceImpl : Service - Distance calculated: 7079.736985952206
2021-11-27 20:34:20.826  INFO 530588 --- [ool-87-thread-2] .t.t.s.TourGuideClientRewardsServiceImpl : Service - Distance calculated: 2442.160329949238
2021-11-27 20:34:20.828  INFO 530588 --- [ol-138-thread-2] .t.t.s.TourGuideClientRewardsServiceImpl : Service - Distance calculated: 5168.420572929684
2021-11-27 20:34:20.826  INFO 530588 --- [ool-64-thread-2] .t.t.s.TourGuideClientRewardsServiceImpl : Service - Distance calculated: 6597.681632311786
2021-11-27 20:34:20.826  INFO 530588 --- [ol-134-thread-2] .t.t.s.TourGuideClientRewardsServiceImpl : Service - Distance calculated: 4724.623086123432
2021-11-27 20:34:20.826  INFO 530588 --- [ool-85-thread-2] .t.t.s.TourGuideClientRewardsServiceImpl : Service - Distance calculated: 6452.404264982754
2021-11-27 20:34:20.829  INFO 530588 --- [ol-138-thread-2] .t.t.s.TourGuideClientRewardsServiceImpl : Service - Distance calculated: 6285.62233052531
2021-11-27 20:34:20.829  INFO 530588 --- [ool-85-thread-2] .t.t.s.TourGuideClientRewardsServiceImpl : Service - Distance calculated: 6743.2395791135605
2021-11-27 20:34:20.826  INFO 530588 --- [ool-57-thread-2] .t.t.s.TourGuideClientRewardsServiceImpl : Service - Distance calculated: 8361.101010433917
2021-11-27 20:34:20.829  INFO 530588 --- [ool-85-thread-2] .t.t.s.TourGuideClientRewardsServiceImpl : Service - Distance calculated: 6641.039360980525
2021-11-27 20:34:20.826  INFO 530588 --- [ool-83-thread-2] .t.t.s.TourGuideClientRewardsServiceImpl : Service - Distance calculated: 6287.0528240787335
2021-11-27 20:34:20.829  INFO 530588 --- [ool-85-thread-2] .t.t.s.TourGuideClientRewardsServiceImpl : Service - Distance calculated: 6322.910046158333
2021-11-27 20:34:20.826  INFO 530588 --- [ol-142-thread-2] .t.t.s.TourGuideClientRewardsServiceImpl : Service - Distance calculated: 4644.755219946804
2021-11-27 20:34:20.826  INFO 530588 --- [ol-129-thread-2] .t.t.s.TourGuideClientRewardsServiceImpl : Service - Distance calculated: 10335.4213629196
2021-11-27 20:34:20.829  INFO 530588 --- [ol-142-thread-2] .t.t.s.TourGuideClientRewardsServiceImpl : Service - Distance calculated: 4508.531521215599
2021-11-27 20:34:20.829  INFO 530588 --- [ol-129-thread-2] .t.t.s.TourGuideClientRewardsServiceImpl : Service - Distance calculated: 7083.11554780969
2021-11-27 20:34:20.826  INFO 530588 --- [ool-43-thread-2] .t.t.s.TourGuideClientRewardsServiceImpl : Service - Distance calculated: 2900.4422801149135
2021-11-27 20:34:20.829  INFO 530588 --- [ol-129-thread-2] .t.t.s.TourGuideClientRewardsServiceImpl : Service - Distance calculated: 7172.1558876712315
2021-11-27 20:34:20.829  INFO 530588 --- [ool-43-thread-2] .t.t.s.TourGuideClientRewardsServiceImpl : Service - Distance calculated: 2926.689582527653
2021-11-27 20:34:20.826  INFO 530588 --- [ol-122-thread-2] .t.t.s.TourGuideClientRewardsServiceImpl : Service - Distance calculated: 3090.790167247604
2021-11-27 20:34:20.829  INFO 530588 --- [ool-43-thread-2] .t.t.s.TourGuideClientRewardsServiceImpl : Service - Distance calculated: 3085.589265505387
2021-11-27 20:34:20.826  INFO 530588 --- [ool-88-thread-2] .t.t.s.TourGuideClientRewardsServiceImpl : Service - Distance calculated: 6680.738124667293
2021-11-27 20:34:20.829  INFO 530588 --- [ool-43-thread-2] .t.t.s.TourGuideClientRewardsServiceImpl : Service - Distance calculated: 3103.0384307711033
2021-11-27 20:34:20.826  INFO 530588 --- [ool-68-thread-2] .t.t.s.TourGuideClientRewardsServiceImpl : Service - Distance calculated: 9851.057743275167
2021-11-27 20:34:20.829  INFO 530588 --- [ool-43-thread-2] .t.t.s.TourGuideClientRewardsServiceImpl : Service - Distance calculated: 3944.7691580256624
2021-11-27 20:34:20.829  INFO 530588 --- [ool-88-thread-2] .t.t.s.TourGuideClientRewardsServiceImpl : Service - Distance calculated: 6229.012227668048
2021-11-27 20:34:20.829  INFO 530588 --- [ool-68-thread-2] .t.t.s.TourGuideClientRewardsServiceImpl : Service - Distance calculated: 10427.093513542895
2021-11-27 20:34:20.826  INFO 530588 --- [ool-61-thread-2] .t.t.s.TourGuideClientRewardsServiceImpl : Service - Distance calculated: 7849.951438404807
2021-11-27 20:34:20.829  INFO 530588 --- [ool-68-thread-2] .t.t.s.TourGuideClientRewardsServiceImpl : Service - Distance calculated: 9914.421106873579
2021-11-27 20:34:20.826  INFO 530588 --- [ool-71-thread-2] .t.t.s.TourGuideClientRewardsServiceImpl : Service - Distance calculated: 4982.391464642517
2021-11-27 20:34:20.829  INFO 530588 --- [ool-61-thread-2] .t.t.s.TourGuideClientRewardsServiceImpl : Service - Distance calculated: 8183.670092784909
2021-11-27 20:34:20.826  INFO 530588 --- [ol-104-thread-2] .t.t.s.TourGuideClientRewardsServiceImpl : Service - Distance calculated: 9377.294910094728
2021-11-27 20:34:20.826  INFO 530588 --- [ol-130-thread-2] .t.t.s.TourGuideClientRewardsServiceImpl : Service - Distance calculated: 8120.483079247062
2021-11-27 20:34:20.826  INFO 530588 --- [ool-56-thread-2] .t.t.s.TourGuideClientRewardsServiceImpl : Service - Distance calculated: 7110.86553572426
2021-11-27 20:34:20.829  INFO 530588 --- [ol-130-thread-2] .t.t.s.TourGuideClientRewardsServiceImpl : Service - Distance calculated: 8253.563967558519
2021-11-27 20:34:20.829  INFO 530588 --- [ool-56-thread-2] .t.t.s.TourGuideClientRewardsServiceImpl : Service - Distance calculated: 6512.259178233968
2021-11-27 20:34:20.829  INFO 530588 --- [ol-130-thread-2] .t.t.s.TourGuideClientRewardsServiceImpl : Service - Distance calculated: 8791.175953837212
2021-11-27 20:34:20.826  INFO 530588 --- [ool-67-thread-2] .t.t.s.TourGuideClientRewardsServiceImpl : Service - Distance calculated: 9290.897894625452
2021-11-27 20:34:20.829  INFO 530588 --- [ol-130-thread-2] .t.t.s.TourGuideClientRewardsServiceImpl : Service - Distance calculated: 7830.916403327272
2021-11-27 20:34:20.826  INFO 530588 --- [ool-51-thread-2] .t.t.s.TourGuideClientRewardsServiceImpl : Service - Distance calculated: 9964.277623952561
2021-11-27 20:34:20.829  INFO 530588 --- [ool-67-thread-2] .t.t.s.TourGuideClientRewardsServiceImpl : Service - Distance calculated: 10154.260093592162
2021-11-27 20:34:20.826  INFO 530588 --- [ool-78-thread-2] .t.t.s.TourGuideClientRewardsServiceImpl : Service - Distance calculated: 9291.020489503753
2021-11-27 20:34:20.829  INFO 530588 --- [ool-51-thread-2] .t.t.s.TourGuideClientRewardsServiceImpl : Service - Distance calculated: 10739.637702429605
2021-11-27 20:34:20.826  INFO 530588 --- [ol-137-thread-2] .t.t.s.TourGuideClientRewardsServiceImpl : Service - Distance calculated: 2766.342518875953
2021-11-27 20:34:20.829  INFO 530588 --- [ool-51-thread-2] .t.t.s.TourGuideClientRewardsServiceImpl : Service - Distance calculated: 10517.767653697352
2021-11-27 20:34:20.826  INFO 530588 --- [ool-81-thread-2] .t.t.s.TourGuideClientRewardsServiceImpl : Service - Distance calculated: 9378.33205320137
2021-11-27 20:34:20.826  INFO 530588 --- [ol-119-thread-2] .t.t.s.TourGuideClientRewardsServiceImpl : Service - Distance calculated: 755.5480190344341
2021-11-27 20:34:20.829  INFO 530588 --- [ool-81-thread-2] .t.t.s.TourGuideClientRewardsServiceImpl : Service - Distance calculated: 8796.884102431366
2021-11-27 20:34:20.826  INFO 530588 --- [ool-70-thread-2] .t.t.s.TourGuideClientRewardsServiceImpl : Service - Distance calculated: 1386.5627513447212
2021-11-27 20:34:20.829  INFO 530588 --- [ool-81-thread-2] .t.t.s.TourGuideClientRewardsServiceImpl : Service - Distance calculated: 8718.417193941334
2021-11-27 20:34:20.826  INFO 530588 --- [ool-72-thread-2] .t.t.s.TourGuideClientRewardsServiceImpl : Service - Distance calculated: 6857.801838290754
2021-11-27 20:34:20.826  INFO 530588 --- [ol-124-thread-2] .t.t.s.TourGuideClientRewardsServiceImpl : Service - Distance calculated: 5667.568634713198
2021-11-27 20:34:20.826  INFO 530588 --- [ool-62-thread-2] .t.t.s.TourGuideClientRewardsServiceImpl : Service - Distance calculated: 9366.090310733318
2021-11-27 20:34:20.829  INFO 530588 --- [ol-124-thread-2] .t.t.s.TourGuideClientRewardsServiceImpl : Service - Distance calculated: 5763.399646990005
2021-11-27 20:34:20.826  INFO 530588 --- [ol-140-thread-2] .t.t.s.TourGuideClientRewardsServiceImpl : Service - Distance calculated: 7175.812270611819
2021-11-27 20:34:20.829  INFO 530588 --- [ol-124-thread-2] .t.t.s.TourGuideClientRewardsServiceImpl : Service - Distance calculated: 5674.331702068376
2021-11-27 20:34:20.826  INFO 530588 --- [ool-55-thread-2] .t.t.s.TourGuideClientRewardsServiceImpl : Service - Distance calculated: 7516.618570938356
2021-11-27 20:34:20.829  INFO 530588 --- [ol-124-thread-2] .t.t.s.TourGuideClientRewardsServiceImpl : Service - Distance calculated: 5486.713573766862
2021-11-27 20:34:20.826  INFO 530588 --- [ool-86-thread-2] .t.t.s.TourGuideClientRewardsServiceImpl : Service - Distance calculated: 2156.989302229988
2021-11-27 20:34:20.829  INFO 530588 --- [ool-55-thread-2] .t.t.s.TourGuideClientRewardsServiceImpl : Service - Distance calculated: 8334.314295334752
2021-11-27 20:34:20.826  INFO 530588 --- [ool-45-thread-2] .t.t.s.TourGuideClientRewardsServiceImpl : Service - Distance calculated: 7622.556582774902
2021-11-27 20:34:20.829  INFO 530588 --- [ool-55-thread-2] .t.t.s.TourGuideClientRewardsServiceImpl : Service - Distance calculated: 5887.910307500112
2021-11-27 20:34:20.826  INFO 530588 --- [ool-63-thread-2] .t.t.s.TourGuideClientRewardsServiceImpl : Service - Distance calculated: 5790.110879945554
2021-11-27 20:34:20.827  INFO 530588 --- [ool-54-thread-2] .t.t.s.TourGuideClientRewardsServiceImpl : Service - Distance calculated: 8005.746954622721
2021-11-27 20:34:20.829  INFO 530588 --- [ool-55-thread-2] .t.t.s.TourGuideClientRewardsServiceImpl : Service - Distance calculated: 5734.833937309202
2021-11-27 20:34:20.829  INFO 530588 --- [ool-63-thread-2] .t.t.s.TourGuideClientRewardsServiceImpl : Service - Distance calculated: 6075.647642470097
2021-11-27 20:34:20.827  INFO 530588 --- [ol-111-thread-2] .t.t.s.TourGuideClientRewardsServiceImpl : Service - Distance calculated: 9799.087214157307
2021-11-27 20:34:20.827  INFO 530588 --- [ool-89-thread-2] .t.t.s.TourGuideClientRewardsServiceImpl : Service - Distance calculated: 4972.962901589047
2021-11-27 20:34:20.830  INFO 530588 --- [ool-55-thread-2] .t.t.s.TourGuideClientRewardsServiceImpl : Service - Distance calculated: 5934.515334067058
2021-11-27 20:34:20.830  INFO 530588 --- [ol-111-thread-2] .t.t.s.TourGuideClientRewardsServiceImpl : Service - Distance calculated: 10580.862431177537
2021-11-27 20:34:20.830  INFO 530588 --- [ool-63-thread-2] .t.t.s.TourGuideClientRewardsServiceImpl : Service - Distance calculated: 4981.930823209877
2021-11-27 20:34:20.830  INFO 530588 --- [ool-55-thread-2] .t.t.s.TourGuideClientRewardsServiceImpl : Service - Distance calculated: 5974.0525070577305
2021-11-27 20:34:20.830  INFO 530588 --- [ol-111-thread-2] .t.t.s.TourGuideClientRewardsServiceImpl : Service - Distance calculated: 9842.572205890421
2021-11-27 20:34:20.830  INFO 530588 --- [ool-63-thread-2] .t.t.s.TourGuideClientRewardsServiceImpl : Service - Distance calculated: 5905.099454211143
2021-11-27 20:34:20.830  INFO 530588 --- [ol-111-thread-2] .t.t.s.TourGuideClientRewardsServiceImpl : Service - Distance calculated: 10015.513358135655
2021-11-27 20:34:20.830  INFO 530588 --- [ool-63-thread-2] .t.t.s.TourGuideClientRewardsServiceImpl : Service - Distance calculated: 5397.212027664198
2021-11-27 20:34:20.830  INFO 530588 --- [ol-111-thread-2] .t.t.s.TourGuideClientRewardsServiceImpl : Service - Distance calculated: 10078.080397496034
2021-11-27 20:34:20.830  INFO 530588 --- [ool-63-thread-2] .t.t.s.TourGuideClientRewardsServiceImpl : Service - Distance calculated: 5113.314738804589
2021-11-27 20:34:20.830  INFO 530588 --- [ol-111-thread-2] .t.t.s.TourGuideClientRewardsServiceImpl : Service - Distance calculated: 9916.944646846612
2021-11-27 20:34:20.830  INFO 530588 --- [ool-63-thread-2] .t.t.s.TourGuideClientRewardsServiceImpl : Service - Distance calculated: 6039.397101442614
2021-11-27 20:34:20.830  INFO 530588 --- [ol-111-thread-2] .t.t.s.TourGuideClientRewardsServiceImpl : Service - Distance calculated: 9881.34548260479
2021-11-27 20:34:20.830  INFO 530588 --- [ool-63-thread-2] .t.t.s.TourGuideClientRewardsServiceImpl : Service - Distance calculated: 7059.860367447499
2021-11-27 20:34:20.827  INFO 530588 --- [ol-135-thread-2] .t.t.s.TourGuideClientRewardsServiceImpl : Service - Distance calculated: 10816.766856981929
2021-11-27 20:34:20.830  INFO 530588 --- [ool-63-thread-2] .t.t.s.TourGuideClientRewardsServiceImpl : Service - Distance calculated: 7033.654367828417
2021-11-27 20:34:20.827  INFO 530588 --- [ool-80-thread-2] .t.t.s.TourGuideClientRewardsServiceImpl : Service - Distance calculated: 7705.805516560479
2021-11-27 20:34:20.830  INFO 530588 --- [ool-63-thread-2] .t.t.s.TourGuideClientRewardsServiceImpl : Service - Distance calculated: 6979.4005199954745
2021-11-27 20:34:20.827  INFO 530588 --- [ol-113-thread-2] .t.t.s.TourGuideClientRewardsServiceImpl : Service - Distance calculated: 7535.787468929757
2021-11-27 20:34:20.830  INFO 530588 --- [ool-63-thread-2] .t.t.s.TourGuideClientRewardsServiceImpl : Service - Distance calculated: 6958.746892583998
2021-11-27 20:34:20.827  INFO 530588 --- [ool-74-thread-2] .t.t.s.TourGuideClientRewardsServiceImpl : Service - Distance calculated: 5450.036188104846
2021-11-27 20:34:20.830  INFO 530588 --- [ol-113-thread-2] .t.t.s.TourGuideClientRewardsServiceImpl : Service - Distance calculated: 7482.741881455062
2021-11-27 20:34:20.827  INFO 530588 --- [ol-141-thread-2] .t.t.s.TourGuideClientRewardsServiceImpl : Service - Distance calculated: 2275.741331139409
2021-11-27 20:34:20.830  INFO 530588 --- [ol-113-thread-2] .t.t.s.TourGuideClientRewardsServiceImpl : Service - Distance calculated: 7409.682719685733
2021-11-27 20:34:20.827  INFO 530588 --- [ol-120-thread-2] .t.t.s.TourGuideClientRewardsServiceImpl : Service - Distance calculated: 7269.816575136494
2021-11-27 20:34:20.827  INFO 530588 --- [ool-79-thread-2] .t.t.s.TourGuideClientRewardsServiceImpl : Service - Distance calculated: 11127.491739686595
2021-11-27 20:34:20.830  INFO 530588 --- [ol-120-thread-2] .t.t.s.TourGuideClientRewardsServiceImpl : Service - Distance calculated: 6994.7061656869
2021-11-27 20:34:20.830  INFO 530588 --- [ool-79-thread-2] .t.t.s.TourGuideClientRewardsServiceImpl : Service - Distance calculated: 10105.526544906865
2021-11-27 20:34:20.830  INFO 530588 --- [ol-120-thread-2] .t.t.s.TourGuideClientRewardsServiceImpl : Service - Distance calculated: 7407.878701131573
2021-11-27 20:34:20.830  INFO 530588 --- [ool-79-thread-2] .t.t.s.TourGuideClientRewardsServiceImpl : Service - Distance calculated: 10144.382787534712
2021-11-27 20:34:20.827  INFO 530588 --- [ol-125-thread-2] .t.t.s.TourGuideClientRewardsServiceImpl : Service - Distance calculated: 1853.38361003059
2021-11-27 20:34:20.830  INFO 530588 --- [ool-79-thread-2] .t.t.s.TourGuideClientRewardsServiceImpl : Service - Distance calculated: 4609.615647218205
2021-11-27 20:34:20.827  INFO 530588 --- [ool-50-thread-2] .t.t.s.TourGuideClientRewardsServiceImpl : Service - Distance calculated: 8420.11546332137
2021-11-27 20:34:20.830  INFO 530588 --- [ool-79-thread-2] .t.t.s.TourGuideClientRewardsServiceImpl : Service - Distance calculated: 4624.87139859228
2021-11-27 20:34:20.827  INFO 530588 --- [ool-47-thread-2] .t.t.s.TourGuideClientRewardsServiceImpl : Service - Distance calculated: 8349.079874659918
2021-11-27 20:34:20.830  INFO 530588 --- [ool-79-thread-2] .t.t.s.TourGuideClientRewardsServiceImpl : Service - Distance calculated: 4685.560067783911
2021-11-27 20:34:20.830  INFO 530588 --- [ool-50-thread-2] .t.t.s.TourGuideClientRewardsServiceImpl : Service - Distance calculated: 8333.4687515193
2021-11-27 20:34:20.830  INFO 530588 --- [ool-47-thread-2] .t.t.s.TourGuideClientRewardsServiceImpl : Service - Distance calculated: 8940.849745900874
2021-11-27 20:34:20.830  INFO 530588 --- [ool-50-thread-2] .t.t.s.TourGuideClientRewardsServiceImpl : Service - Distance calculated: 9124.143120621731
2021-11-27 20:34:20.827  INFO 530588 --- [ool-93-thread-2] .t.t.s.TourGuideClientRewardsServiceImpl : Service - Distance calculated: 7044.684286356998
2021-11-27 20:34:20.830  INFO 530588 --- [ool-50-thread-2] .t.t.s.TourGuideClientRewardsServiceImpl : Service - Distance calculated: 9029.170224840987
2021-11-27 20:34:20.827  INFO 530588 --- [ol-114-thread-2] .t.t.s.TourGuideClientRewardsServiceImpl : Service - Distance calculated: 7294.805480686333
2021-11-27 20:34:20.830  INFO 530588 --- [ool-50-thread-2] .t.t.s.TourGuideClientRewardsServiceImpl : Service - Distance calculated: 8367.91579752964
2021-11-27 20:34:20.827  INFO 530588 --- [ool-92-thread-2] .t.t.s.TourGuideClientRewardsServiceImpl : Service - Distance calculated: 1719.404925762607
2021-11-27 20:34:20.830  INFO 530588 --- [ool-50-thread-2] .t.t.s.TourGuideClientRewardsServiceImpl : Service - Distance calculated: 9653.649900086848
2021-11-27 20:34:20.827  INFO 530588 --- [ol-133-thread-2] .t.t.s.TourGuideClientRewardsServiceImpl : Service - Distance calculated: 4676.491234521866
2021-11-27 20:34:20.827  INFO 530588 --- [ool-96-thread-2] .t.t.s.TourGuideClientRewardsServiceImpl : Service - Distance calculated: 5308.647454619558
2021-11-27 20:34:20.830  INFO 530588 --- [ol-133-thread-2] .t.t.s.TourGuideClientRewardsServiceImpl : Service - Distance calculated: 4785.269925780362
2021-11-27 20:34:20.827  INFO 530588 --- [ool-90-thread-2] .t.t.s.TourGuideClientRewardsServiceImpl : Service - Distance calculated: 9377.561596947879
2021-11-27 20:34:20.827  INFO 530588 --- [ool-52-thread-2] .t.t.s.TourGuideClientRewardsServiceImpl : Service - Distance calculated: 9925.955583055587
2021-11-27 20:34:20.830  INFO 530588 --- [ool-90-thread-2] .t.t.s.TourGuideClientRewardsServiceImpl : Service - Distance calculated: 9312.495979991529
2021-11-27 20:34:20.827  INFO 530588 --- [ol-102-thread-2] .t.t.s.TourGuideClientRewardsServiceImpl : Service - Distance calculated: 4408.645057428045
2021-11-27 20:34:20.830  INFO 530588 --- [ool-90-thread-2] .t.t.s.TourGuideClientRewardsServiceImpl : Service - Distance calculated: 9246.609074025879
2021-11-27 20:34:20.827  INFO 530588 --- [ol-105-thread-2] .t.t.s.TourGuideClientRewardsServiceImpl : Service - Distance calculated: 7228.93557046018
2021-11-27 20:34:20.830  INFO 530588 --- [ool-90-thread-2] .t.t.s.TourGuideClientRewardsServiceImpl : Service - Distance calculated: 8413.138342479475
2021-11-27 20:34:20.827  INFO 530588 --- [ool-98-thread-2] .t.t.s.TourGuideClientRewardsServiceImpl : Service - Distance calculated: 1335.5936450279
2021-11-27 20:34:20.830  INFO 530588 --- [ool-90-thread-2] .t.t.s.TourGuideClientRewardsServiceImpl : Service - Distance calculated: 8601.060039813958
2021-11-27 20:34:20.830  INFO 530588 --- [ol-105-thread-2] .t.t.s.TourGuideClientRewardsServiceImpl : Service - Distance calculated: 7183.799836778872
2021-11-27 20:34:20.830  INFO 530588 --- [ool-90-thread-2] .t.t.s.TourGuideClientRewardsServiceImpl : Service - Distance calculated: 8833.486463851492
2021-11-27 20:34:20.830  INFO 530588 --- [ol-105-thread-2] .t.t.s.TourGuideClientRewardsServiceImpl : Service - Distance calculated: 6702.283154818463
2021-11-27 20:34:20.830  INFO 530588 --- [ool-90-thread-2] .t.t.s.TourGuideClientRewardsServiceImpl : Service - Distance calculated: 8630.794947110346
2021-11-27 20:34:20.830  INFO 530588 --- [ol-105-thread-2] .t.t.s.TourGuideClientRewardsServiceImpl : Service - Distance calculated: 6163.1893909044875
2021-11-27 20:34:20.830  INFO 530588 --- [ool-90-thread-2] .t.t.s.TourGuideClientRewardsServiceImpl : Service - Distance calculated: 9031.36509666158
2021-11-27 20:34:20.830  INFO 530588 --- [ol-105-thread-2] .t.t.s.TourGuideClientRewardsServiceImpl : Service - Distance calculated: 4077.466642854987
2021-11-27 20:34:20.827  INFO 530588 --- [ol-116-thread-2] .t.t.s.TourGuideClientRewardsServiceImpl : Service - Distance calculated: 2401.549377479514
2021-11-27 20:34:20.827  INFO 530588 --- [ol-128-thread-2] .t.t.s.TourGuideClientRewardsServiceImpl : Service - Distance calculated: 5344.28213864628
2021-11-27 20:34:20.827  INFO 530588 --- [ol-112-thread-2] .t.t.s.TourGuideClientRewardsServiceImpl : Service - Distance calculated: 10419.568637587463
2021-11-27 20:34:20.827  INFO 530588 --- [ool-99-thread-2] .t.t.s.TourGuideClientRewardsServiceImpl : Service - Distance calculated: 6241.423701921956
2021-11-27 20:34:20.831  INFO 530588 --- [ol-112-thread-2] .t.t.s.TourGuideClientRewardsServiceImpl : Service - Distance calculated: 11030.81951562347
2021-11-27 20:34:20.827  INFO 530588 --- [ol-106-thread-2] .t.t.s.TourGuideClientRewardsServiceImpl : Service - Distance calculated: 9001.500413132135
2021-11-27 20:34:20.831  INFO 530588 --- [ol-112-thread-2] .t.t.s.TourGuideClientRewardsServiceImpl : Service - Distance calculated: 12197.727284067429
2021-11-27 20:34:20.827  INFO 530588 --- [ool-58-thread-2] .t.t.s.TourGuideClientRewardsServiceImpl : Service - Distance calculated: 7964.033620767871
2021-11-27 20:34:20.831  INFO 530588 --- [ol-112-thread-2] .t.t.s.TourGuideClientRewardsServiceImpl : Service - Distance calculated: 10186.699803339186
2021-11-27 20:34:20.827  INFO 530588 --- [ol-126-thread-2] .t.t.s.TourGuideClientRewardsServiceImpl : Service - Distance calculated: 7216.750244774445
2021-11-27 20:34:20.831  INFO 530588 --- [ool-58-thread-2] .t.t.s.TourGuideClientRewardsServiceImpl : Service - Distance calculated: 8410.54116941289
2021-11-27 20:34:20.827  INFO 530588 --- [ool-91-thread-2] .t.t.s.TourGuideClientRewardsServiceImpl : Service - Distance calculated: 9312.701491925487
2021-11-27 20:34:20.831  INFO 530588 --- [ol-126-thread-2] .t.t.s.TourGuideClientRewardsServiceImpl : Service - Distance calculated: 7242.7736226546185
2021-11-27 20:34:20.828  INFO 530588 --- [ool-53-thread-2] .t.t.s.TourGuideClientRewardsServiceImpl : Service - Distance calculated: 3686.4024178237955
2021-11-27 20:34:20.831  INFO 530588 --- [ol-126-thread-2] .t.t.s.TourGuideClientRewardsServiceImpl : Service - Distance calculated: 7329.043087157156
2021-11-27 20:34:20.828  INFO 530588 --- [ool-75-thread-2] .t.t.s.TourGuideClientRewardsServiceImpl : Service - Distance calculated: 8939.697565948214
2021-11-27 20:34:20.828  INFO 530588 --- [ool-94-thread-2] .t.t.s.TourGuideClientRewardsServiceImpl : Service - Distance calculated: 11293.08868079337
2021-11-27 20:34:20.828  INFO 530588 --- [ool-60-thread-2] .t.t.s.TourGuideClientRewardsServiceImpl : Service - Distance calculated: 1790.6035014872236
2021-11-27 20:34:20.831  INFO 530588 --- [ool-94-thread-2] .t.t.s.TourGuideClientRewardsServiceImpl : Service - Distance calculated: 12061.195740267372
2021-11-27 20:34:20.828  INFO 530588 --- [ool-77-thread-2] .t.t.s.TourGuideClientRewardsServiceImpl : Service - Distance calculated: 10199.628893375211
2021-11-27 20:34:20.831  INFO 530588 --- [ool-94-thread-2] .t.t.s.TourGuideClientRewardsServiceImpl : Service - Distance calculated: 11658.599357283612
2021-11-27 20:34:20.828  INFO 530588 --- [ool-66-thread-2] .t.t.s.TourGuideClientRewardsServiceImpl : Service - Distance calculated: 3719.541310588483
2021-11-27 20:34:20.831  INFO 530588 --- [ool-94-thread-2] .t.t.s.TourGuideClientRewardsServiceImpl : Service - Distance calculated: 11673.907165276656
2021-11-27 20:34:20.828  INFO 530588 --- [ool-49-thread-2] .t.t.s.TourGuideClientRewardsServiceImpl : Service - Distance calculated: 9984.153191065709
2021-11-27 20:34:20.831  INFO 530588 --- [ool-66-thread-2] .t.t.s.TourGuideClientRewardsServiceImpl : Service - Distance calculated: 4003.6799753225414
2021-11-27 20:34:20.828  INFO 530588 --- [ol-123-thread-2] .t.t.s.TourGuideClientRewardsServiceImpl : Service - Distance calculated: 6588.663517148907
2021-11-27 20:34:20.828  INFO 530588 --- [ol-139-thread-2] .t.t.s.TourGuideClientRewardsServiceImpl : Service - Distance calculated: 4980.690088877207
2021-11-27 20:34:20.831  INFO 530588 --- [ol-123-thread-2] .t.t.s.TourGuideClientRewardsServiceImpl : Service - Distance calculated: 6681.998142385345
2021-11-27 20:34:20.828  INFO 530588 --- [ool-48-thread-2] .t.t.s.TourGuideClientRewardsServiceImpl : Service - Distance calculated: 4860.013542417906
2021-11-27 20:34:20.831  INFO 530588 --- [ol-123-thread-2] .t.t.s.TourGuideClientRewardsServiceImpl : Service - Distance calculated: 3464.7962791355026
2021-11-27 20:34:20.828  INFO 530588 --- [ol-101-thread-2] .t.t.s.TourGuideClientRewardsServiceImpl : Service - Distance calculated: 8697.129723090675
2021-11-27 20:34:20.831  INFO 530588 --- [ol-123-thread-2] .t.t.s.TourGuideClientRewardsServiceImpl : Service - Distance calculated: 6800.375084872564
2021-11-27 20:34:20.828  INFO 530588 --- [ool-65-thread-2] .t.t.s.TourGuideClientRewardsServiceImpl : Service - Distance calculated: 4416.302345828777
2021-11-27 20:34:20.828  INFO 530588 --- [ol-127-thread-2] .t.t.s.TourGuideClientRewardsServiceImpl : Service - Distance calculated: 3583.460489430704
2021-11-27 20:34:20.831  INFO 530588 --- [ool-65-thread-2] .t.t.s.TourGuideClientRewardsServiceImpl : Service - Distance calculated: 5149.358551894392
2021-11-27 20:34:20.828  INFO 530588 --- [ol-131-thread-2] .t.t.s.TourGuideClientRewardsServiceImpl : Service - Distance calculated: 6812.863839506681
2021-11-27 20:34:20.828  INFO 530588 --- [ool-44-thread-2] .t.t.s.TourGuideClientRewardsServiceImpl : Service - Distance calculated: 9991.689552966576
2021-11-27 20:34:20.828  INFO 530588 --- [ol-136-thread-2] .t.t.s.TourGuideClientRewardsServiceImpl : Service - Distance calculated: 6970.543673560631
2021-11-27 20:34:20.831  INFO 530588 --- [ool-44-thread-2] .t.t.s.TourGuideClientRewardsServiceImpl : Service - Distance calculated: 10266.738890370272
2021-11-27 20:34:20.828 DEBUG 530588 --- [    Test worker] c.t.t.s.TourGuideClientServiceImpl       : Service - Visited location added for user: internalUser10
2021-11-27 20:34:20.831  INFO 530588 --- [ool-44-thread-2] .t.t.s.TourGuideClientRewardsServiceImpl : Service - Distance calculated: 9687.081265691204
2021-11-27 20:34:20.828  INFO 530588 --- [ol-107-thread-2] .t.t.s.TourGuideClientRewardsServiceImpl : Service - Distance calculated: 8741.890057786923
2021-11-27 20:34:20.831  INFO 530588 --- [ool-44-thread-2] .t.t.s.TourGuideClientRewardsServiceImpl : Service - Distance calculated: 8460.012177735684
2021-11-27 20:34:20.831 DEBUG 530588 --- [    Test worker] c.t.t.s.TourGuideClientServiceImpl       : Service - Visited location added for user: internalUser98
2021-11-27 20:34:20.828  INFO 530588 --- [ol-110-thread-2] .t.t.s.TourGuideClientRewardsServiceImpl : Service - Distance calculated: 7080.824703161632
2021-11-27 20:34:20.831 DEBUG 530588 --- [    Test worker] c.t.t.s.TourGuideClientServiceImpl       : Service - Visited location added for user: internalUser0
2021-11-27 20:34:20.828  INFO 530588 --- [ol-100-thread-2] .t.t.s.TourGuideClientRewardsServiceImpl : Service - Distance calculated: 8084.577688024026
2021-11-27 20:34:20.831 DEBUG 530588 --- [    Test worker] c.t.t.s.TourGuideClientServiceImpl       : Service - Visited location added for user: internalUser97
2021-11-27 20:34:20.828  INFO 530588 --- [ool-97-thread-2] .t.t.s.TourGuideClientRewardsServiceImpl : Service - Distance calculated: 9072.844028304242
2021-11-27 20:34:20.831 DEBUG 530588 --- [    Test worker] c.t.t.s.TourGuideClientServiceImpl       : Service - Visited location added for user: internalUser7
2021-11-27 20:34:20.828  INFO 530588 --- [ool-59-thread-2] .t.t.s.TourGuideClientRewardsServiceImpl : Service - Distance calculated: 791.1177540675827
2021-11-27 20:34:20.831  INFO 530588 --- [ool-97-thread-2] .t.t.s.TourGuideClientRewardsServiceImpl : Service - Distance calculated: 8412.27011960353
2021-11-27 20:34:20.828  INFO 530588 --- [ol-115-thread-2] .t.t.s.TourGuideClientRewardsServiceImpl : Service - Distance calculated: 5742.587536914949
2021-11-27 20:34:20.831  INFO 530588 --- [ool-97-thread-2] .t.t.s.TourGuideClientRewardsServiceImpl : Service - Distance calculated: 7729.428718457495
2021-11-27 20:34:20.828  INFO 530588 --- [ool-69-thread-2] .t.t.s.TourGuideClientRewardsServiceImpl : Service - Distance calculated: 2651.80403794576
2021-11-27 20:34:20.828  INFO 530588 --- [ol-117-thread-2] .t.t.s.TourGuideClientRewardsServiceImpl : Service - Distance calculated: 4736.946243854995
2021-11-27 20:34:20.831  INFO 530588 --- [ool-69-thread-2] .t.t.s.TourGuideClientRewardsServiceImpl : Service - Distance calculated: 1164.3778699030825
2021-11-27 20:34:20.828  INFO 530588 --- [ol-109-thread-2] .t.t.s.TourGuideClientRewardsServiceImpl : Service - Distance calculated: 7706.1943851994065
2021-11-27 20:34:20.831  INFO 530588 --- [ool-69-thread-2] .t.t.s.TourGuideClientRewardsServiceImpl : Service - Distance calculated: 1533.1535191787195
2021-11-27 20:34:20.828  INFO 530588 --- [ool-95-thread-2] .t.t.s.TourGuideClientRewardsServiceImpl : Service - Distance calculated: 6326.783038935748
2021-11-27 20:34:20.831  INFO 530588 --- [ol-109-thread-2] .t.t.s.TourGuideClientRewardsServiceImpl : Service - Distance calculated: 6550.469140377706
2021-11-27 20:34:20.828  INFO 530588 --- [ol-118-thread-2] .t.t.s.TourGuideClientRewardsServiceImpl : Service - Distance calculated: 9225.730841976203
2021-11-27 20:34:20.832  INFO 530588 --- [ol-109-thread-2] .t.t.s.TourGuideClientRewardsServiceImpl : Service - Distance calculated: 7674.48100420185
2021-11-27 20:34:20.832  INFO 530588 --- [ol-118-thread-2] .t.t.s.TourGuideClientRewardsServiceImpl : Service - Distance calculated: 8739.768706909952
2021-11-27 20:34:20.832  INFO 530588 --- [ol-109-thread-2] .t.t.s.TourGuideClientRewardsServiceImpl : Service - Distance calculated: 7134.875690093866
2021-11-27 20:34:20.828  INFO 530588 --- [ol-121-thread-2] .t.t.s.TourGuideClientRewardsServiceImpl : Service - Distance calculated: 919.3340999114146
2021-11-27 20:34:20.828  INFO 530588 --- [ool-46-thread-2] .t.t.s.TourGuideClientRewardsServiceImpl : Service - Distance calculated: 10262.502599259342
2021-11-27 20:34:20.828  INFO 530588 --- [ool-73-thread-2] .t.t.s.TourGuideClientRewardsServiceImpl : Service - Distance calculated: 8815.816433774702
2021-11-27 20:34:20.832  INFO 530588 --- [ool-46-thread-2] .t.t.s.TourGuideClientRewardsServiceImpl : Service - Distance calculated: 9447.713432855751
2021-11-27 20:34:20.832  INFO 530588 --- [ool-73-thread-2] .t.t.s.TourGuideClientRewardsServiceImpl : Service - Distance calculated: 8130.0493002155945
2021-11-27 20:34:20.832  INFO 530588 --- [ool-46-thread-2] .t.t.s.TourGuideClientRewardsServiceImpl : Service - Distance calculated: 10930.645661002225
2021-11-27 20:34:20.832  INFO 530588 --- [ool-73-thread-2] .t.t.s.TourGuideClientRewardsServiceImpl : Service - Distance calculated: 8757.944790263613
2021-11-27 20:34:20.832  INFO 530588 --- [ool-46-thread-2] .t.t.s.TourGuideClientRewardsServiceImpl : Service - Distance calculated: 10724.977558993085
2021-11-27 20:34:20.832  INFO 530588 --- [ool-73-thread-2] .t.t.s.TourGuideClientRewardsServiceImpl : Service - Distance calculated: 8705.857013769384
2021-11-27 20:34:20.832  INFO 530588 --- [ool-46-thread-2] .t.t.s.TourGuideClientRewardsServiceImpl : Service - Distance calculated: 9256.05330320529
2021-11-27 20:34:20.832  INFO 530588 --- [ool-73-thread-2] .t.t.s.TourGuideClientRewardsServiceImpl : Service - Distance calculated: 8614.152599688365
2021-11-27 20:34:20.833  INFO 530588 --- [ool-46-thread-2] .t.t.s.TourGuideClientRewardsServiceImpl : Service - Distance calculated: 11251.749878652943
2021-11-27 20:34:20.832  INFO 530588 --- [ol-121-thread-2] .t.t.s.TourGuideClientRewardsServiceImpl : Service - Distance calculated: 677.1367062770578
2021-11-27 20:34:20.833  INFO 530588 --- [ool-46-thread-2] .t.t.s.TourGuideClientRewardsServiceImpl : Service - Distance calculated: 11030.967958989251
2021-11-27 20:34:20.833  INFO 530588 --- [ol-121-thread-2] .t.t.s.TourGuideClientRewardsServiceImpl : Service - Distance calculated: 889.9425264606854
2021-11-27 20:34:20.833  INFO 530588 --- [ool-73-thread-2] .t.t.s.TourGuideClientRewardsServiceImpl : Service - Distance calculated: 8793.215788176405
2021-11-27 20:34:20.833  INFO 530588 --- [ol-121-thread-2] .t.t.s.TourGuideClientRewardsServiceImpl : Service - Distance calculated: 958.2754972436098
2021-11-27 20:34:20.828  INFO 530588 --- [ool-82-thread-2] .t.t.s.TourGuideClientRewardsServiceImpl : Service - Distance calculated: 1140.8091946113461
2021-11-27 20:34:20.833  INFO 530588 --- [ol-121-thread-2] .t.t.s.TourGuideClientRewardsServiceImpl : Service - Distance calculated: 1766.1298268773176
2021-11-27 20:34:20.833  INFO 530588 --- [ol-121-thread-2] .t.t.s.TourGuideClientRewardsServiceImpl : Service - Distance calculated: 1810.5241719093556
2021-11-27 20:34:20.833  INFO 530588 --- [ool-82-thread-2] .t.t.s.TourGuideClientRewardsServiceImpl : Service - Distance calculated: 591.1878381114789
2021-11-27 20:34:20.833  INFO 530588 --- [ool-82-thread-2] .t.t.s.TourGuideClientRewardsServiceImpl : Service - Distance calculated: 870.6846252920311
2021-11-27 20:34:20.833  INFO 530588 --- [ool-82-thread-2] .t.t.s.TourGuideClientRewardsServiceImpl : Service - Distance calculated: 326.8897395589199
2021-11-27 20:34:20.833  INFO 530588 --- [ool-82-thread-2] .t.t.s.TourGuideClientRewardsServiceImpl : Service - Distance calculated: 1064.3681879149667
2021-11-27 20:34:20.833  INFO 530588 --- [ool-82-thread-2] .t.t.s.TourGuideClientRewardsServiceImpl : Service - Distance calculated: 2027.1579326735346
2021-11-27 20:34:20.833  INFO 530588 --- [ool-82-thread-2] .t.t.s.TourGuideClientRewardsServiceImpl : Service - Distance calculated: 850.9132376425052
2021-11-27 20:34:20.833  INFO 530588 --- [ool-82-thread-2] .t.t.s.TourGuideClientRewardsServiceImpl : Service - Distance calculated: 560.6846837996549
2021-11-27 20:34:20.833  INFO 530588 --- [ool-82-thread-2] .t.t.s.TourGuideClientRewardsServiceImpl : Service - Distance calculated: 1501.9995130297564
2021-11-27 20:34:20.833  INFO 530588 --- [ool-82-thread-2] .t.t.s.TourGuideClientRewardsServiceImpl : Service - Distance calculated: 693.7810625558838
2021-11-27 20:34:20.833  INFO 530588 --- [ool-82-thread-2] .t.t.s.TourGuideClientRewardsServiceImpl : Service - Distance calculated: 405.5176623385367
2021-11-27 20:34:20.833  INFO 530588 --- [ool-82-thread-2] .t.t.s.TourGuideClientRewardsServiceImpl : Service - Distance calculated: 821.3215086533647
2021-11-27 20:34:20.828  INFO 530588 --- [ol-103-thread-2] .t.t.s.TourGuideClientRewardsServiceImpl : Service - Distance calculated: 6731.495320822729
2021-11-27 20:34:20.829  INFO 530588 --- [ool-87-thread-2] .t.t.s.TourGuideClientRewardsServiceImpl : Service - Distance calculated: 1610.6539058797014
2021-11-27 20:34:20.833  INFO 530588 --- [ol-103-thread-2] .t.t.s.TourGuideClientRewardsServiceImpl : Service - Distance calculated: 6978.630098306984
2021-11-27 20:34:20.829  INFO 530588 --- [ol-134-thread-2] .t.t.s.TourGuideClientRewardsServiceImpl : Service - Distance calculated: 3164.822520164353
2021-11-27 20:34:20.833  INFO 530588 --- [ol-134-thread-2] .t.t.s.TourGuideClientRewardsServiceImpl : Service - Distance calculated: 3443.8284254767054
2021-11-27 20:34:20.833  INFO 530588 --- [ol-134-thread-2] .t.t.s.TourGuideClientRewardsServiceImpl : Service - Distance calculated: 3366.8675168732516
2021-11-27 20:34:20.833  INFO 530588 --- [ol-134-thread-2] .t.t.s.TourGuideClientRewardsServiceImpl : Service - Distance calculated: 3991.000608489599
2021-11-27 20:34:20.833  INFO 530588 --- [ol-134-thread-2] .t.t.s.TourGuideClientRewardsServiceImpl : Service - Distance calculated: 4665.27714935994
2021-11-27 20:34:20.833  INFO 530588 --- [ol-134-thread-2] .t.t.s.TourGuideClientRewardsServiceImpl : Service - Distance calculated: 4073.691545649466
2021-11-27 20:34:20.833  INFO 530588 --- [ol-134-thread-2] .t.t.s.TourGuideClientRewardsServiceImpl : Service - Distance calculated: 4360.591118599279
2021-11-27 20:34:20.833  INFO 530588 --- [ol-134-thread-2] .t.t.s.TourGuideClientRewardsServiceImpl : Service - Distance calculated: 3795.6026475819426
2021-11-27 20:34:20.833  INFO 530588 --- [ol-134-thread-2] .t.t.s.TourGuideClientRewardsServiceImpl : Service - Distance calculated: 4587.664041695518
2021-11-27 20:34:20.833  INFO 530588 --- [ol-134-thread-2] .t.t.s.TourGuideClientRewardsServiceImpl : Service - Distance calculated: 5375.554309617894
2021-11-27 20:34:20.833  INFO 530588 --- [ol-134-thread-2] .t.t.s.TourGuideClientRewardsServiceImpl : Service - Distance calculated: 4055.030477819003
2021-11-27 20:34:20.833  INFO 530588 --- [ol-134-thread-2] .t.t.s.TourGuideClientRewardsServiceImpl : Service - Distance calculated: 2981.986437200777
2021-11-27 20:34:20.833  INFO 530588 --- [ol-134-thread-2] .t.t.s.TourGuideClientRewardsServiceImpl : Service - Distance calculated: 4980.337525744602
2021-11-27 20:34:20.833  INFO 530588 --- [ol-134-thread-2] .t.t.s.TourGuideClientRewardsServiceImpl : Service - Distance calculated: 4146.421928869198
2021-11-27 20:34:20.833  INFO 530588 --- [ol-134-thread-2] .t.t.s.TourGuideClientRewardsServiceImpl : Service - Distance calculated: 3155.7771535290594
2021-11-27 20:34:20.833  INFO 530588 --- [ol-134-thread-2] .t.t.s.TourGuideClientRewardsServiceImpl : Service - Distance calculated: 3995.2543753935306
2021-11-27 20:34:20.833  INFO 530588 --- [ol-134-thread-2] .t.t.s.TourGuideClientRewardsServiceImpl : Service - Distance calculated: 2842.4339488158575
2021-11-27 20:34:20.833  INFO 530588 --- [ol-134-thread-2] .t.t.s.TourGuideClientRewardsServiceImpl : Service - Distance calculated: 2233.33317434142
2021-11-27 20:34:20.833  INFO 530588 --- [ol-134-thread-2] .t.t.s.TourGuideClientRewardsServiceImpl : Service - Distance calculated: 2768.2644792422534
2021-11-27 20:34:20.834  INFO 530588 --- [ol-134-thread-2] .t.t.s.TourGuideClientRewardsServiceImpl : Service - Distance calculated: 2851.7048546255264
2021-11-27 20:34:20.834  INFO 530588 --- [ol-134-thread-2] .t.t.s.TourGuideClientRewardsServiceImpl : Service - Distance calculated: 2966.6951335394797
2021-11-27 20:34:20.834  INFO 530588 --- [ol-134-thread-2] .t.t.s.TourGuideClientRewardsServiceImpl : Service - Distance calculated: 3060.29001719701
2021-11-27 20:34:20.834  INFO 530588 --- [ol-134-thread-2] .t.t.s.TourGuideClientRewardsServiceImpl : Service - Distance calculated: 3036.509364794938
2021-11-27 20:34:20.834  INFO 530588 --- [ol-134-thread-2] .t.t.s.TourGuideClientRewardsServiceImpl : Service - Distance calculated: 2868.921046895021
2021-11-27 20:34:20.834  INFO 530588 --- [ol-134-thread-2] .t.t.s.TourGuideClientRewardsServiceImpl : Service - Distance calculated: 3025.484541417948
2021-11-27 20:34:20.834  INFO 530588 --- [ol-134-thread-2] .t.t.s.TourGuideClientRewardsServiceImpl : Service - Distance calculated: 987.94961995841
2021-11-27 20:34:20.829  INFO 530588 --- [ool-64-thread-2] .t.t.s.TourGuideClientRewardsServiceImpl : Service - Distance calculated: 6881.081263683333
2021-11-27 20:34:20.834  INFO 530588 --- [ool-64-thread-2] .t.t.s.TourGuideClientRewardsServiceImpl : Service - Distance calculated: 6323.97730817915
2021-11-27 20:34:20.829  INFO 530588 --- [ol-138-thread-2] .t.t.s.TourGuideClientRewardsServiceImpl : Service - Distance calculated: 4429.266749802638
2021-11-27 20:34:20.834  INFO 530588 --- [ool-64-thread-2] .t.t.s.TourGuideClientRewardsServiceImpl : Service - Distance calculated: 7125.067387094556
2021-11-27 20:34:20.829  INFO 530588 --- [ool-57-thread-2] .t.t.s.TourGuideClientRewardsServiceImpl : Service - Distance calculated: 8647.544682065265
2021-11-27 20:34:20.829  INFO 530588 --- [ool-83-thread-2] .t.t.s.TourGuideClientRewardsServiceImpl : Service - Distance calculated: 6214.547833798609
2021-11-27 20:34:20.829  INFO 530588 --- [ool-85-thread-2] .t.t.s.TourGuideClientRewardsServiceImpl : Service - Distance calculated: 7150.155155890676
2021-11-27 20:34:20.834  INFO 530588 --- [ool-83-thread-2] .t.t.s.TourGuideClientRewardsServiceImpl : Service - Distance calculated: 9389.167819101956
2021-11-27 20:34:20.829  INFO 530588 --- [ol-142-thread-2] .t.t.s.TourGuideClientRewardsServiceImpl : Service - Distance calculated: 4081.707222547844
2021-11-27 20:34:20.829  INFO 530588 --- [ol-129-thread-2] .t.t.s.TourGuideClientRewardsServiceImpl : Service - Distance calculated: 7046.76226652805
2021-11-27 20:34:20.829  INFO 530588 --- [ol-122-thread-2] .t.t.s.TourGuideClientRewardsServiceImpl : Service - Distance calculated: 3324.7007470368917
2021-11-27 20:34:20.829  INFO 530588 --- [ool-43-thread-2] .t.t.s.TourGuideClientRewardsServiceImpl : Service - Distance calculated: 4067.661694205951
2021-11-27 20:34:20.829  INFO 530588 --- [ool-88-thread-2] .t.t.s.TourGuideClientRewardsServiceImpl : Service - Distance calculated: 7196.526744123337
2021-11-27 20:34:20.829  INFO 530588 --- [ool-68-thread-2] .t.t.s.TourGuideClientRewardsServiceImpl : Service - Distance calculated: 10200.015938806662
2021-11-27 20:34:20.829  INFO 530588 --- [ool-71-thread-2] .t.t.s.TourGuideClientRewardsServiceImpl : Service - Distance calculated: 4997.869581581272
2021-11-27 20:34:20.834  INFO 530588 --- [ool-68-thread-2] .t.t.s.TourGuideClientRewardsServiceImpl : Service - Distance calculated: 9635.047026861654
2021-11-27 20:34:20.834  INFO 530588 --- [ool-71-thread-2] .t.t.s.TourGuideClientRewardsServiceImpl : Service - Distance calculated: 4990.242567899658
2021-11-27 20:34:20.834  INFO 530588 --- [ool-68-thread-2] .t.t.s.TourGuideClientRewardsServiceImpl : Service - Distance calculated: 10366.374926675591
2021-11-27 20:34:20.829  INFO 530588 --- [ool-61-thread-2] .t.t.s.TourGuideClientRewardsServiceImpl : Service - Distance calculated: 7125.531211236393
2021-11-27 20:34:20.829  INFO 530588 --- [ol-104-thread-2] .t.t.s.TourGuideClientRewardsServiceImpl : Service - Distance calculated: 10111.984803331383
2021-11-27 20:34:20.829  INFO 530588 --- [ool-56-thread-2] .t.t.s.TourGuideClientRewardsServiceImpl : Service - Distance calculated: 5816.193938777875
2021-11-27 20:34:20.834  INFO 530588 --- [ool-56-thread-2] .t.t.s.TourGuideClientRewardsServiceImpl : Service - Distance calculated: 6404.048417457928
2021-11-27 20:34:20.829  INFO 530588 --- [ol-130-thread-2] .t.t.s.TourGuideClientRewardsServiceImpl : Service - Distance calculated: 8169.012126422028
2021-11-27 20:34:20.834  INFO 530588 --- [ol-130-thread-2] .t.t.s.TourGuideClientRewardsServiceImpl : Service - Distance calculated: 8137.40920858096
2021-11-27 20:34:20.834  INFO 530588 --- [ol-130-thread-2] .t.t.s.TourGuideClientRewardsServiceImpl : Service - Distance calculated: 8177.201281731573
2021-11-27 20:34:20.829  INFO 530588 --- [ool-67-thread-2] .t.t.s.TourGuideClientRewardsServiceImpl : Service - Distance calculated: 4040.3500569414
2021-11-27 20:34:20.829  INFO 530588 --- [ool-78-thread-2] .t.t.s.TourGuideClientRewardsServiceImpl : Service - Distance calculated: 8182.716764170817
2021-11-27 20:34:20.829  INFO 530588 --- [ol-137-thread-2] .t.t.s.TourGuideClientRewardsServiceImpl : Service - Distance calculated: 2921.151788533832
2021-11-27 20:34:20.834  INFO 530588 --- [ol-137-thread-2] .t.t.s.TourGuideClientRewardsServiceImpl : Service - Distance calculated: 2867.268211044591
2021-11-27 20:34:20.829  INFO 530588 --- [ool-51-thread-2] .t.t.s.TourGuideClientRewardsServiceImpl : Service - Distance calculated: 10128.429725060862
2021-11-27 20:34:20.834  INFO 530588 --- [ool-78-thread-2] .t.t.s.TourGuideClientRewardsServiceImpl : Service - Distance calculated: 8802.682598429565
2021-11-27 20:34:20.829  INFO 530588 --- [ol-119-thread-2] .t.t.s.TourGuideClientRewardsServiceImpl : Service - Distance calculated: 544.1883405920261
2021-11-27 20:34:20.829  INFO 530588 --- [ool-70-thread-2] .t.t.s.TourGuideClientRewardsServiceImpl : Service - Distance calculated: 1483.2360338524575
2021-11-27 20:34:20.829  INFO 530588 --- [ool-81-thread-2] .t.t.s.TourGuideClientRewardsServiceImpl : Service - Distance calculated: 9736.060753635245
2021-11-27 20:34:20.829  INFO 530588 --- [ool-72-thread-2] .t.t.s.TourGuideClientRewardsServiceImpl : Service - Distance calculated: 7661.910483961821
2021-11-27 20:34:20.829  INFO 530588 --- [ool-62-thread-2] .t.t.s.TourGuideClientRewardsServiceImpl : Service - Distance calculated: 9548.939704150645
2021-11-27 20:34:20.835  INFO 530588 --- [ool-72-thread-2] .t.t.s.TourGuideClientRewardsServiceImpl : Service - Distance calculated: 8565.211120715978
2021-11-27 20:34:20.829  INFO 530588 --- [ol-140-thread-2] .t.t.s.TourGuideClientRewardsServiceImpl : Service - Distance calculated: 6364.2246788523435
2021-11-27 20:34:20.829  INFO 530588 --- [ol-124-thread-2] .t.t.s.TourGuideClientRewardsServiceImpl : Service - Distance calculated: 5668.231452801402
2021-11-27 20:34:20.829  INFO 530588 --- [ool-86-thread-2] .t.t.s.TourGuideClientRewardsServiceImpl : Service - Distance calculated: 2037.0384643419732
2021-11-27 20:34:20.835  INFO 530588 --- [ol-140-thread-2] .t.t.s.TourGuideClientRewardsServiceImpl : Service - Distance calculated: 6980.725262242924
2021-11-27 20:34:20.835  INFO 530588 --- [ool-86-thread-2] .t.t.s.TourGuideClientRewardsServiceImpl : Service - Distance calculated: 2468.259812752191
2021-11-27 20:34:20.835  INFO 530588 --- [ol-124-thread-2] .t.t.s.TourGuideClientRewardsServiceImpl : Service - Distance calculated: 3039.2231908004596
2021-11-27 20:34:20.829  INFO 530588 --- [ool-45-thread-2] .t.t.s.TourGuideClientRewardsServiceImpl : Service - Distance calculated: 9209.709181827693
2021-11-27 20:34:20.835  INFO 530588 --- [ol-124-thread-2] .t.t.s.TourGuideClientRewardsServiceImpl : Service - Distance calculated: 5465.4943046261415
2021-11-27 20:34:20.829  INFO 530588 --- [ool-54-thread-2] .t.t.s.TourGuideClientRewardsServiceImpl : Service - Distance calculated: 7278.567914731372
2021-11-27 20:34:20.830  INFO 530588 --- [ool-89-thread-2] .t.t.s.TourGuideClientRewardsServiceImpl : Service - Distance calculated: 6463.961702868843
2021-11-27 20:34:20.835  INFO 530588 --- [ool-54-thread-2] .t.t.s.TourGuideClientRewardsServiceImpl : Service - Distance calculated: 8208.754578433955
2021-11-27 20:34:20.835  INFO 530588 --- [ool-89-thread-2] .t.t.s.TourGuideClientRewardsServiceImpl : Service - Distance calculated: 6169.97184849358
2021-11-27 20:34:20.830  INFO 530588 --- [ool-55-thread-2] .t.t.s.TourGuideClientRewardsServiceImpl : Service - Distance calculated: 6758.995479732797
2021-11-27 20:34:20.835  INFO 530588 --- [ool-89-thread-2] .t.t.s.TourGuideClientRewardsServiceImpl : Service - Distance calculated: 6281.676952873315
2021-11-27 20:34:20.830  INFO 530588 --- [ol-111-thread-2] .t.t.s.TourGuideClientRewardsServiceImpl : Service - Distance calculated: 8831.775741137588
2021-11-27 20:34:20.835  INFO 530588 --- [ool-89-thread-2] .t.t.s.TourGuideClientRewardsServiceImpl : Service - Distance calculated: 5914.596423018871
2021-11-27 20:34:20.835  INFO 530588 --- [ool-55-thread-2] .t.t.s.TourGuideClientRewardsServiceImpl : Service - Distance calculated: 6831.580804891878
2021-11-27 20:34:20.835  INFO 530588 --- [ool-89-thread-2] .t.t.s.TourGuideClientRewardsServiceImpl : Service - Distance calculated: 4979.429945492173
2021-11-27 20:34:20.830  INFO 530588 --- [ool-80-thread-2] .t.t.s.TourGuideClientRewardsServiceImpl : Service - Distance calculated: 8618.317564219778
2021-11-27 20:34:20.830  INFO 530588 --- [ol-135-thread-2] .t.t.s.TourGuideClientRewardsServiceImpl : Service - Distance calculated: 10912.458917092581
2021-11-27 20:34:20.835  INFO 530588 --- [ool-80-thread-2] .t.t.s.TourGuideClientRewardsServiceImpl : Service - Distance calculated: 7730.083985903512
2021-11-27 20:34:20.835  INFO 530588 --- [ool-80-thread-2] .t.t.s.TourGuideClientRewardsServiceImpl : Service - Distance calculated: 8075.761449450594
2021-11-27 20:34:20.830  INFO 530588 --- [ool-63-thread-2] .t.t.s.TourGuideClientRewardsServiceImpl : Service - Distance calculated: 5950.275412933173
2021-11-27 20:34:20.830  INFO 530588 --- [ool-74-thread-2] .t.t.s.TourGuideClientRewardsServiceImpl : Service - Distance calculated: 6040.311442363372
2021-11-27 20:34:20.835  INFO 530588 --- [ool-63-thread-2] .t.t.s.TourGuideClientRewardsServiceImpl : Service - Distance calculated: 5897.401334599642
2021-11-27 20:34:20.830  INFO 530588 --- [ol-141-thread-2] .t.t.s.TourGuideClientRewardsServiceImpl : Service - Distance calculated: 1509.450088254267
2021-11-27 20:34:20.835  INFO 530588 --- [ool-63-thread-2] .t.t.s.TourGuideClientRewardsServiceImpl : Service - Distance calculated: 6608.748143860515
2021-11-27 20:34:20.835  INFO 530588 --- [ol-141-thread-2] .t.t.s.TourGuideClientRewardsServiceImpl : Service - Distance calculated: 1248.5758587998425
2021-11-27 20:34:20.830  INFO 530588 --- [ol-113-thread-2] .t.t.s.TourGuideClientRewardsServiceImpl : Service - Distance calculated: 6585.982630792502
2021-11-27 20:34:20.830  INFO 530588 --- [ol-120-thread-2] .t.t.s.TourGuideClientRewardsServiceImpl : Service - Distance calculated: 6716.253493641249
2021-11-27 20:34:20.836  INFO 530588 --- [ol-141-thread-2] .t.t.s.TourGuideClientRewardsServiceImpl : Service - Distance calculated: 1395.255761828199
2021-11-27 20:34:20.830  INFO 530588 --- [ol-125-thread-2] .t.t.s.TourGuideClientRewardsServiceImpl : Service - Distance calculated: 2402.838681497403
2021-11-27 20:34:20.836  INFO 530588 --- [ol-141-thread-2] .t.t.s.TourGuideClientRewardsServiceImpl : Service - Distance calculated: 1706.4528575878057
2021-11-27 20:34:20.830  INFO 530588 --- [ool-79-thread-2] .t.t.s.TourGuideClientRewardsServiceImpl : Service - Distance calculated: 4708.775047088698
2021-11-27 20:34:20.830  INFO 530588 --- [ool-47-thread-2] .t.t.s.TourGuideClientRewardsServiceImpl : Service - Distance calculated: 8653.845002760323
2021-11-27 20:34:20.836  INFO 530588 --- [ol-141-thread-2] .t.t.s.TourGuideClientRewardsServiceImpl : Service - Distance calculated: 922.9510327738302
2021-11-27 20:34:20.830  INFO 530588 --- [ool-93-thread-2] .t.t.s.TourGuideClientRewardsServiceImpl : Service - Distance calculated: 7729.217189253271
2021-11-27 20:34:20.836  INFO 530588 --- [ool-79-thread-2] .t.t.s.TourGuideClientRewardsServiceImpl : Service - Distance calculated: 5709.273535969048
2021-11-27 20:34:20.836  INFO 530588 --- [ol-141-thread-2] .t.t.s.TourGuideClientRewardsServiceImpl : Service - Distance calculated: 1084.1751763451246
2021-11-27 20:34:20.830  INFO 530588 --- [ol-114-thread-2] .t.t.s.TourGuideClientRewardsServiceImpl : Service - Distance calculated: 7052.224426402534
2021-11-27 20:34:20.830  INFO 530588 --- [ool-92-thread-2] .t.t.s.TourGuideClientRewardsServiceImpl : Service - Distance calculated: 1857.9848829362452
2021-11-27 20:34:20.836  INFO 530588 --- [ol-114-thread-2] .t.t.s.TourGuideClientRewardsServiceImpl : Service - Distance calculated: 7587.293800165897
2021-11-27 20:34:20.830  INFO 530588 --- [ool-50-thread-2] .t.t.s.TourGuideClientRewardsServiceImpl : Service - Distance calculated: 9441.530538226416
2021-11-27 20:34:20.836  INFO 530588 --- [ol-114-thread-2] .t.t.s.TourGuideClientRewardsServiceImpl : Service - Distance calculated: 8806.541431047921
2021-11-27 20:34:20.830  INFO 530588 --- [ool-96-thread-2] .t.t.s.TourGuideClientRewardsServiceImpl : Service - Distance calculated: 4269.23035819597
2021-11-27 20:34:20.836  INFO 530588 --- [ol-114-thread-2] .t.t.s.TourGuideClientRewardsServiceImpl : Service - Distance calculated: 6747.214377627519
2021-11-27 20:34:20.830  INFO 530588 --- [ol-133-thread-2] .t.t.s.TourGuideClientRewardsServiceImpl : Service - Distance calculated: 5514.166935154459
2021-11-27 20:34:20.836  INFO 530588 --- [ol-114-thread-2] .t.t.s.TourGuideClientRewardsServiceImpl : Service - Distance calculated: 6633.279268205629
2021-11-27 20:34:20.830  INFO 530588 --- [ool-52-thread-2] .t.t.s.TourGuideClientRewardsServiceImpl : Service - Distance calculated: 9165.59535243917
2021-11-27 20:34:20.836  INFO 530588 --- [ol-114-thread-2] .t.t.s.TourGuideClientRewardsServiceImpl : Service - Distance calculated: 8181.523650360697
2021-11-27 20:34:20.830  INFO 530588 --- [ol-102-thread-2] .t.t.s.TourGuideClientRewardsServiceImpl : Service - Distance calculated: 4223.709193834415
2021-11-27 20:34:20.836  INFO 530588 --- [ol-114-thread-2] .t.t.s.TourGuideClientRewardsServiceImpl : Service - Distance calculated: 7669.838656753195
2021-11-27 20:34:20.830  INFO 530588 --- [ool-98-thread-2] .t.t.s.TourGuideClientRewardsServiceImpl : Service - Distance calculated: 2092.0433159868426
2021-11-27 20:34:20.836  INFO 530588 --- [ol-114-thread-2] .t.t.s.TourGuideClientRewardsServiceImpl : Service - Distance calculated: 6710.1134680462965
2021-11-27 20:34:20.830  INFO 530588 --- [ool-90-thread-2] .t.t.s.TourGuideClientRewardsServiceImpl : Service - Distance calculated: 8628.35919189064
2021-11-27 20:34:20.836  INFO 530588 --- [ool-98-thread-2] .t.t.s.TourGuideClientRewardsServiceImpl : Service - Distance calculated: 3233.0848252294527
2021-11-27 20:34:20.830  INFO 530588 --- [ol-105-thread-2] .t.t.s.TourGuideClientRewardsServiceImpl : Service - Distance calculated: 4581.119114243661
2021-11-27 20:34:20.836  INFO 530588 --- [ool-90-thread-2] .t.t.s.TourGuideClientRewardsServiceImpl : Service - Distance calculated: 8685.809194336238
2021-11-27 20:34:20.830  INFO 530588 --- [ol-116-thread-2] .t.t.s.TourGuideClientRewardsServiceImpl : Service - Distance calculated: 2326.253642220985
2021-11-27 20:34:20.830  INFO 530588 --- [ol-128-thread-2] .t.t.s.TourGuideClientRewardsServiceImpl : Service - Distance calculated: 3930.877171171028
2021-11-27 20:34:20.836  INFO 530588 --- [ool-90-thread-2] .t.t.s.TourGuideClientRewardsServiceImpl : Service - Distance calculated: 8486.289233166513
2021-11-27 20:34:20.831  INFO 530588 --- [ool-99-thread-2] .t.t.s.TourGuideClientRewardsServiceImpl : Service - Distance calculated: 7343.0470916832855
2021-11-27 20:34:20.831  INFO 530588 --- [ol-106-thread-2] .t.t.s.TourGuideClientRewardsServiceImpl : Service - Distance calculated: 9423.054853577034
2021-11-27 20:34:20.831  INFO 530588 --- [ol-112-thread-2] .t.t.s.TourGuideClientRewardsServiceImpl : Service - Distance calculated: 9791.690504483393
2021-11-27 20:34:20.831  INFO 530588 --- [ool-58-thread-2] .t.t.s.TourGuideClientRewardsServiceImpl : Service - Distance calculated: 8496.384654916063
2021-11-27 20:34:20.831  INFO 530588 --- [ool-91-thread-2] .t.t.s.TourGuideClientRewardsServiceImpl : Service - Distance calculated: 9213.875982183947
2021-11-27 20:34:20.836  INFO 530588 --- [ool-58-thread-2] .t.t.s.TourGuideClientRewardsServiceImpl : Service - Distance calculated: 7646.452801209254
2021-11-27 20:34:20.831  INFO 530588 --- [ol-126-thread-2] .t.t.s.TourGuideClientRewardsServiceImpl : Service - Distance calculated: 8123.911669524843
2021-11-27 20:34:20.836  INFO 530588 --- [ool-58-thread-2] .t.t.s.TourGuideClientRewardsServiceImpl : Service - Distance calculated: 4149.44351916648
2021-11-27 20:34:20.831  INFO 530588 --- [ool-53-thread-2] .t.t.s.TourGuideClientRewardsServiceImpl : Service - Distance calculated: 6046.603444525532
2021-11-27 20:34:20.836  INFO 530588 --- [ol-126-thread-2] .t.t.s.TourGuideClientRewardsServiceImpl : Service - Distance calculated: 7582.662651138021
2021-11-27 20:34:20.831  INFO 530588 --- [ool-75-thread-2] .t.t.s.TourGuideClientRewardsServiceImpl : Service - Distance calculated: 11457.953688212108
2021-11-27 20:34:20.836  INFO 530588 --- [ool-53-thread-2] .t.t.s.TourGuideClientRewardsServiceImpl : Service - Distance calculated: 6487.738010888503
2021-11-27 20:34:20.831  INFO 530588 --- [ool-60-thread-2] .t.t.s.TourGuideClientRewardsServiceImpl : Service - Distance calculated: 1848.0571149328034
2021-11-27 20:34:20.831  INFO 530588 --- [ool-77-thread-2] .t.t.s.TourGuideClientRewardsServiceImpl : Service - Distance calculated: 10186.50942827772
2021-11-27 20:34:20.831  INFO 530588 --- [ool-94-thread-2] .t.t.s.TourGuideClientRewardsServiceImpl : Service - Distance calculated: 3993.652361632928
2021-11-27 20:34:20.836  INFO 530588 --- [ool-60-thread-2] .t.t.s.TourGuideClientRewardsServiceImpl : Service - Distance calculated: 1312.1864773010648
2021-11-27 20:34:20.831  INFO 530588 --- [ool-49-thread-2] .t.t.s.TourGuideClientRewardsServiceImpl : Service - Distance calculated: 10331.45050994173
2021-11-27 20:34:20.836  INFO 530588 --- [ool-60-thread-2] .t.t.s.TourGuideClientRewardsServiceImpl : Service - Distance calculated: 679.9909390929827
2021-11-27 20:34:20.831  INFO 530588 --- [ool-66-thread-2] .t.t.s.TourGuideClientRewardsServiceImpl : Service - Distance calculated: 3445.545900418861
2021-11-27 20:34:20.831  INFO 530588 --- [ol-139-thread-2] .t.t.s.TourGuideClientRewardsServiceImpl : Service - Distance calculated: 4849.4806420975465
2021-11-27 20:34:20.836  INFO 530588 --- [ool-66-thread-2] .t.t.s.TourGuideClientRewardsServiceImpl : Service - Distance calculated: 4247.341303842349
2021-11-27 20:34:20.831  INFO 530588 --- [ool-48-thread-2] .t.t.s.TourGuideClientRewardsServiceImpl : Service - Distance calculated: 4638.632545658259
2021-11-27 20:34:20.831  INFO 530588 --- [ol-123-thread-2] .t.t.s.TourGuideClientRewardsServiceImpl : Service - Distance calculated: 6685.037357972723
2021-11-27 20:34:20.831  INFO 530588 --- [ol-101-thread-2] .t.t.s.TourGuideClientRewardsServiceImpl : Service - Distance calculated: 8727.349777512563
2021-11-27 20:34:20.831  INFO 530588 --- [ol-127-thread-2] .t.t.s.TourGuideClientRewardsServiceImpl : Service - Distance calculated: 3679.2769766766783
2021-11-27 20:34:20.837  INFO 530588 --- [ol-101-thread-2] .t.t.s.TourGuideClientRewardsServiceImpl : Service - Distance calculated: 7838.700955115756
2021-11-27 20:34:20.831  INFO 530588 --- [ool-65-thread-2] .t.t.s.TourGuideClientRewardsServiceImpl : Service - Distance calculated: 6313.74246971184
2021-11-27 20:34:20.837  INFO 530588 --- [ol-127-thread-2] .t.t.s.TourGuideClientRewardsServiceImpl : Service - Distance calculated: 4456.790841676031
2021-11-27 20:34:20.831  INFO 530588 --- [ol-131-thread-2] .t.t.s.TourGuideClientRewardsServiceImpl : Service - Distance calculated: 8175.612467804909
2021-11-27 20:34:20.837  INFO 530588 --- [ool-65-thread-2] .t.t.s.TourGuideClientRewardsServiceImpl : Service - Distance calculated: 4329.836039406235
2021-11-27 20:34:20.831  INFO 530588 --- [ol-136-thread-2] .t.t.s.TourGuideClientRewardsServiceImpl : Service - Distance calculated: 6198.995724719078
2021-11-27 20:34:20.831  INFO 530588 --- [ol-107-thread-2] .t.t.s.TourGuideClientRewardsServiceImpl : Service - Distance calculated: 8684.63529340198
2021-11-27 20:34:20.831  INFO 530588 --- [ool-44-thread-2] .t.t.s.TourGuideClientRewardsServiceImpl : Service - Distance calculated: 10540.54000359786
2021-11-27 20:34:20.837  INFO 530588 --- [ol-136-thread-2] .t.t.s.TourGuideClientRewardsServiceImpl : Service - Distance calculated: 6832.577824301116
2021-11-27 20:34:20.831  INFO 530588 --- [ol-110-thread-2] .t.t.s.TourGuideClientRewardsServiceImpl : Service - Distance calculated: 541.0305011260212
2021-11-27 20:34:20.831  INFO 530588 --- [ol-100-thread-2] .t.t.s.TourGuideClientRewardsServiceImpl : Service - Distance calculated: 7857.6050604037555
2021-11-27 20:34:20.831 DEBUG 530588 --- [    Test worker] c.t.t.s.TourGuideClientServiceImpl       : Service - Visited location added for user: internalUser92
2021-11-27 20:34:20.831  INFO 530588 --- [ool-59-thread-2] .t.t.s.TourGuideClientRewardsServiceImpl : Service - Distance calculated: 576.1999261823719
2021-11-27 20:34:20.831  INFO 530588 --- [ool-97-thread-2] .t.t.s.TourGuideClientRewardsServiceImpl : Service - Distance calculated: 8667.707984004768
2021-11-27 20:34:20.837  INFO 530588 --- [ool-59-thread-2] .t.t.s.TourGuideClientRewardsServiceImpl : Service - Distance calculated: 5671.315598903052
2021-11-27 20:34:20.831  INFO 530588 --- [ol-115-thread-2] .t.t.s.TourGuideClientRewardsServiceImpl : Service - Distance calculated: 6029.506284527446
2021-11-27 20:34:20.831  INFO 530588 --- [ol-117-thread-2] .t.t.s.TourGuideClientRewardsServiceImpl : Service - Distance calculated: 5007.4834536466715
2021-11-27 20:34:20.837  INFO 530588 --- [ol-115-thread-2] .t.t.s.TourGuideClientRewardsServiceImpl : Service - Distance calculated: 5464.363571392783
2021-11-27 20:34:20.837  INFO 530588 --- [ol-117-thread-2] .t.t.s.TourGuideClientRewardsServiceImpl : Service - Distance calculated: 4470.548056145289
2021-11-27 20:34:20.831  INFO 530588 --- [ool-69-thread-2] .t.t.s.TourGuideClientRewardsServiceImpl : Service - Distance calculated: 2545.1267315399864
2021-11-27 20:34:20.832  INFO 530588 --- [ool-95-thread-2] .t.t.s.TourGuideClientRewardsServiceImpl : Service - Distance calculated: 5118.043211116947
2021-11-27 20:34:20.837  INFO 530588 --- [ool-69-thread-2] .t.t.s.TourGuideClientRewardsServiceImpl : Service - Distance calculated: 2515.024632862722
2021-11-27 20:34:20.832  INFO 530588 --- [ol-109-thread-2] .t.t.s.TourGuideClientRewardsServiceImpl : Service - Distance calculated: 6702.671068585197
2021-11-27 20:34:20.837  INFO 530588 --- [ool-69-thread-2] .t.t.s.TourGuideClientRewardsServiceImpl : Service - Distance calculated: 948.700318808732
2021-11-27 20:34:20.837  INFO 530588 --- [ol-109-thread-2] .t.t.s.TourGuideClientRewardsServiceImpl : Service - Distance calculated: 7661.7588465310055
2021-11-27 20:34:20.832  INFO 530588 --- [ol-118-thread-2] .t.t.s.TourGuideClientRewardsServiceImpl : Service - Distance calculated: 8866.095510302996
2021-11-27 20:34:20.833  INFO 530588 --- [ool-46-thread-2] .t.t.s.TourGuideClientRewardsServiceImpl : Service - Distance calculated: 11055.617584930875
2021-11-27 20:34:20.833  INFO 530588 --- [ool-73-thread-2] .t.t.s.TourGuideClientRewardsServiceImpl : Service - Distance calculated: 8746.666480292393
2021-11-27 20:34:20.833  INFO 530588 --- [ol-121-thread-2] .t.t.s.TourGuideClientRewardsServiceImpl : Service - Distance calculated: 1237.1550487054342
2021-11-27 20:34:20.837  INFO 530588 --- [ool-73-thread-2] .t.t.s.TourGuideClientRewardsServiceImpl : Service - Distance calculated: 9336.805155480426
2021-11-27 20:34:20.833  INFO 530588 --- [ool-82-thread-2] .t.t.s.TourGuideClientRewardsServiceImpl : Service - Distance calculated: 5531.848621105508
2021-11-27 20:34:20.833  INFO 530588 --- [ool-87-thread-2] .t.t.s.TourGuideClientRewardsServiceImpl : Service - Distance calculated: 2206.2704603793027
2021-11-27 20:34:20.833  INFO 530588 --- [ol-103-thread-2] .t.t.s.TourGuideClientRewardsServiceImpl : Service - Distance calculated: 6484.42681108977
2021-11-27 20:34:20.834  INFO 530588 --- [ol-134-thread-2] .t.t.s.TourGuideClientRewardsServiceImpl : Service - Distance calculated: 2963.63421199349
2021-11-27 20:34:20.837  INFO 530588 --- [ool-87-thread-2] .t.t.s.TourGuideClientRewardsServiceImpl : Service - Distance calculated: 2116.058070342089
2021-11-27 20:34:20.834  INFO 530588 --- [ol-138-thread-2] .t.t.s.TourGuideClientRewardsServiceImpl : Service - Distance calculated: 4839.001011844166
2021-11-27 20:34:20.834  INFO 530588 --- [ool-64-thread-2] .t.t.s.TourGuideClientRewardsServiceImpl : Service - Distance calculated: 7902.2113400938215
2021-11-27 20:34:20.837  INFO 530588 --- [ool-87-thread-2] .t.t.s.TourGuideClientRewardsServiceImpl : Service - Distance calculated: 2011.7215459643635
2021-11-27 20:34:20.837  INFO 530588 --- [ool-64-thread-2] .t.t.s.TourGuideClientRewardsServiceImpl : Service - Distance calculated: 6513.984492137853
2021-11-27 20:34:20.837  INFO 530588 --- [ool-87-thread-2] .t.t.s.TourGuideClientRewardsServiceImpl : Service - Distance calculated: 2255.795781427598
2021-11-27 20:34:20.834  INFO 530588 --- [ool-57-thread-2] .t.t.s.TourGuideClientRewardsServiceImpl : Service - Distance calculated: 7810.036851556554
2021-11-27 20:34:20.837  INFO 530588 --- [ool-64-thread-2] .t.t.s.TourGuideClientRewardsServiceImpl : Service - Distance calculated: 5516.098641523159
2021-11-27 20:34:20.838  INFO 530588 --- [ool-57-thread-2] .t.t.s.TourGuideClientRewardsServiceImpl : Service - Distance calculated: 8023.697867658398
2021-11-27 20:34:20.834  INFO 530588 --- [ool-85-thread-2] .t.t.s.TourGuideClientRewardsServiceImpl : Service - Distance calculated: 6938.625836855762
2021-11-27 20:34:20.838  INFO 530588 --- [ool-57-thread-2] .t.t.s.TourGuideClientRewardsServiceImpl : Service - Distance calculated: 6158.4318075243855
2021-11-27 20:34:20.838  INFO 530588 --- [ool-64-thread-2] .t.t.s.TourGuideClientRewardsServiceImpl : Service - Distance calculated: 7531.615906357116
2021-11-27 20:34:20.838  INFO 530588 --- [ool-85-thread-2] .t.t.s.TourGuideClientRewardsServiceImpl : Service - Distance calculated: 8520.105822294612
2021-11-27 20:34:20.834  INFO 530588 --- [ool-83-thread-2] .t.t.s.TourGuideClientRewardsServiceImpl : Service - Distance calculated: 6031.9810769333535
2021-11-27 20:34:20.838  INFO 530588 --- [ool-85-thread-2] .t.t.s.TourGuideClientRewardsServiceImpl : Service - Distance calculated: 7348.5003373009895
2021-11-27 20:34:20.838  INFO 530588 --- [ool-85-thread-2] .t.t.s.TourGuideClientRewardsServiceImpl : Service - Distance calculated: 7196.071718808774
2021-11-27 20:34:20.838  INFO 530588 --- [ool-64-thread-2] .t.t.s.TourGuideClientRewardsServiceImpl : Service - Distance calculated: 6697.853651080133
2021-11-27 20:34:20.838  INFO 530588 --- [ool-85-thread-2] .t.t.s.TourGuideClientRewardsServiceImpl : Service - Distance calculated: 7173.365688708476
2021-11-27 20:34:20.834  INFO 530588 --- [ol-142-thread-2] .t.t.s.TourGuideClientRewardsServiceImpl : Service - Distance calculated: 3484.282150642216
2021-11-27 20:34:20.834  INFO 530588 --- [ol-129-thread-2] .t.t.s.TourGuideClientRewardsServiceImpl : Service - Distance calculated: 6410.653503148131
2021-11-27 20:34:20.834  INFO 530588 --- [ol-122-thread-2] .t.t.s.TourGuideClientRewardsServiceImpl : Service - Distance calculated: 2863.0201384806937
2021-11-27 20:34:20.834  INFO 530588 --- [ool-43-thread-2] .t.t.s.TourGuideClientRewardsServiceImpl : Service - Distance calculated: 3676.250353913478
2021-11-27 20:34:20.838  INFO 530588 --- [ol-122-thread-2] .t.t.s.TourGuideClientRewardsServiceImpl : Service - Distance calculated: 3380.669811786144
2021-11-27 20:34:20.834  INFO 530588 --- [ool-88-thread-2] .t.t.s.TourGuideClientRewardsServiceImpl : Service - Distance calculated: 6850.719561546539
2021-11-27 20:34:20.834  INFO 530588 --- [ool-71-thread-2] .t.t.s.TourGuideClientRewardsServiceImpl : Service - Distance calculated: 3873.35320395416
2021-11-27 20:34:20.838  INFO 530588 --- [ool-88-thread-2] .t.t.s.TourGuideClientRewardsServiceImpl : Service - Distance calculated: 6892.615701436187
2021-11-27 20:34:20.834  INFO 530588 --- [ool-68-thread-2] .t.t.s.TourGuideClientRewardsServiceImpl : Service - Distance calculated: 10423.042678698635
2021-11-27 20:34:20.838  INFO 530588 --- [ool-88-thread-2] .t.t.s.TourGuideClientRewardsServiceImpl : Service - Distance calculated: 6818.488120456569
2021-11-27 20:34:20.834  INFO 530588 --- [ool-61-thread-2] .t.t.s.TourGuideClientRewardsServiceImpl : Service - Distance calculated: 7579.96171054029
2021-11-27 20:34:20.838  INFO 530588 --- [ool-88-thread-2] .t.t.s.TourGuideClientRewardsServiceImpl : Service - Distance calculated: 7143.336709624415
2021-11-27 20:34:20.834  INFO 530588 --- [ool-56-thread-2] .t.t.s.TourGuideClientRewardsServiceImpl : Service - Distance calculated: 6117.142638409064
2021-11-27 20:34:20.838  INFO 530588 --- [ool-88-thread-2] .t.t.s.TourGuideClientRewardsServiceImpl : Service - Distance calculated: 8250.198134361253
2021-11-27 20:34:20.834  INFO 530588 --- [ol-104-thread-2] .t.t.s.TourGuideClientRewardsServiceImpl : Service - Distance calculated: 9492.777499942913
2021-11-27 20:34:20.838  INFO 530588 --- [ool-56-thread-2] .t.t.s.TourGuideClientRewardsServiceImpl : Service - Distance calculated: 6682.2667324048025
2021-11-27 20:34:20.834  INFO 530588 --- [ol-130-thread-2] .t.t.s.TourGuideClientRewardsServiceImpl : Service - Distance calculated: 7885.842394282303
2021-11-27 20:34:20.838  INFO 530588 --- [ool-56-thread-2] .t.t.s.TourGuideClientRewardsServiceImpl : Service - Distance calculated: 5892.715398397279
2021-11-27 20:34:20.838  INFO 530588 --- [ol-130-thread-2] .t.t.s.TourGuideClientRewardsServiceImpl : Service - Distance calculated: 6747.198020607633
2021-11-27 20:34:20.834  INFO 530588 --- [ool-67-thread-2] .t.t.s.TourGuideClientRewardsServiceImpl : Service - Distance calculated: 4716.642504312785
2021-11-27 20:34:20.838  INFO 530588 --- [ol-130-thread-2] .t.t.s.TourGuideClientRewardsServiceImpl : Service - Distance calculated: 8635.878372411686
2021-11-27 20:34:20.838  INFO 530588 --- [ol-104-thread-2] .t.t.s.TourGuideClientRewardsServiceImpl : Service - Distance calculated: 9403.20237770617
2021-11-27 20:34:20.835  INFO 530588 --- [ol-137-thread-2] .t.t.s.TourGuideClientRewardsServiceImpl : Service - Distance calculated: 1901.658005829431
2021-11-27 20:34:20.835  INFO 530588 --- [ool-51-thread-2] .t.t.s.TourGuideClientRewardsServiceImpl : Service - Distance calculated: 11087.764578138962
2021-11-27 20:34:20.835  INFO 530588 --- [ool-78-thread-2] .t.t.s.TourGuideClientRewardsServiceImpl : Service - Distance calculated: 9161.816689997631
2021-11-27 20:34:20.835  INFO 530588 --- [ol-119-thread-2] .t.t.s.TourGuideClientRewardsServiceImpl : Service - Distance calculated: 992.9880802758586
2021-11-27 20:34:20.835  INFO 530588 --- [ool-70-thread-2] .t.t.s.TourGuideClientRewardsServiceImpl : Service - Distance calculated: 1253.4734405543486
2021-11-27 20:34:20.838  INFO 530588 --- [ol-119-thread-2] .t.t.s.TourGuideClientRewardsServiceImpl : Service - Distance calculated: 239.97632079749627
2021-11-27 20:34:20.835  INFO 530588 --- [ool-81-thread-2] .t.t.s.TourGuideClientRewardsServiceImpl : Service - Distance calculated: 9652.237250787728
2021-11-27 20:34:20.835  INFO 530588 --- [ool-62-thread-2] .t.t.s.TourGuideClientRewardsServiceImpl : Service - Distance calculated: 10480.3921369724
2021-11-27 20:34:20.838  INFO 530588 --- [ool-81-thread-2] .t.t.s.TourGuideClientRewardsServiceImpl : Service - Distance calculated: 8833.482998288304
2021-11-27 20:34:20.835  INFO 530588 --- [ool-72-thread-2] .t.t.s.TourGuideClientRewardsServiceImpl : Service - Distance calculated: 6963.574008940185
2021-11-27 20:34:20.835  INFO 530588 --- [ool-86-thread-2] .t.t.s.TourGuideClientRewardsServiceImpl : Service - Distance calculated: 3333.9757315562933
2021-11-27 20:34:20.838  INFO 530588 --- [ool-72-thread-2] .t.t.s.TourGuideClientRewardsServiceImpl : Service - Distance calculated: 6072.97257263221
2021-11-27 20:34:20.835  INFO 530588 --- [ol-140-thread-2] .t.t.s.TourGuideClientRewardsServiceImpl : Service - Distance calculated: 6700.327248804719
2021-11-27 20:34:20.835  INFO 530588 --- [ol-124-thread-2] .t.t.s.TourGuideClientRewardsServiceImpl : Service - Distance calculated: 5504.566008576333
2021-11-27 20:34:20.835  INFO 530588 --- [ool-45-thread-2] .t.t.s.TourGuideClientRewardsServiceImpl : Service - Distance calculated: 9692.712573033872
2021-11-27 20:34:20.839  INFO 530588 --- [ol-140-thread-2] .t.t.s.TourGuideClientRewardsServiceImpl : Service - Distance calculated: 7250.557311954399
2021-11-27 20:34:20.839  INFO 530588 --- [ool-45-thread-2] .t.t.s.TourGuideClientRewardsServiceImpl : Service - Distance calculated: 9248.767770595878
2021-11-27 20:34:20.839  INFO 530588 --- [ol-140-thread-2] .t.t.s.TourGuideClientRewardsServiceImpl : Service - Distance calculated: 6446.002882247422
2021-11-27 20:34:20.835  INFO 530588 --- [ool-54-thread-2] .t.t.s.TourGuideClientRewardsServiceImpl : Service - Distance calculated: 4490.859752349211
2021-11-27 20:34:20.835  INFO 530588 --- [ol-111-thread-2] .t.t.s.TourGuideClientRewardsServiceImpl : Service - Distance calculated: 10463.18778854229
2021-11-27 20:34:20.835  INFO 530588 --- [ool-55-thread-2] .t.t.s.TourGuideClientRewardsServiceImpl : Service - Distance calculated: 6308.03399401608
2021-11-27 20:34:20.839  INFO 530588 --- [ol-111-thread-2] .t.t.s.TourGuideClientRewardsServiceImpl : Service - Distance calculated: 9572.255821972754
2021-11-27 20:34:20.835  INFO 530588 --- [ool-89-thread-2] .t.t.s.TourGuideClientRewardsServiceImpl : Service - Distance calculated: 5609.447779767022
2021-11-27 20:34:20.835  INFO 530588 --- [ol-135-thread-2] .t.t.s.TourGuideClientRewardsServiceImpl : Service - Distance calculated: 11630.772718297007
2021-11-27 20:34:20.835  INFO 530588 --- [ool-80-thread-2] .t.t.s.TourGuideClientRewardsServiceImpl : Service - Distance calculated: 8042.638052284591
2021-11-27 20:34:20.835  INFO 530588 --- [ool-74-thread-2] .t.t.s.TourGuideClientRewardsServiceImpl : Service - Distance calculated: 5610.99228521065
2021-11-27 20:34:20.839  INFO 530588 --- [ool-80-thread-2] .t.t.s.TourGuideClientRewardsServiceImpl : Service - Distance calculated: 7997.356381904113
2021-11-27 20:34:20.839  INFO 530588 --- [ool-74-thread-2] .t.t.s.TourGuideClientRewardsServiceImpl : Service - Distance calculated: 5559.767652715106
2021-11-27 20:34:20.836  INFO 530588 --- [ool-63-thread-2] .t.t.s.TourGuideClientRewardsServiceImpl : Service - Distance calculated: 5732.0437119598655
2021-11-27 20:34:20.836  INFO 530588 --- [ol-113-thread-2] .t.t.s.TourGuideClientRewardsServiceImpl : Service - Distance calculated: 6918.1388556460515
2021-11-27 20:34:20.839  INFO 530588 --- [ool-63-thread-2] .t.t.s.TourGuideClientRewardsServiceImpl : Service - Distance calculated: 5652.718438610249
2021-11-27 20:34:20.836  INFO 530588 --- [ol-120-thread-2] .t.t.s.TourGuideClientRewardsServiceImpl : Service - Distance calculated: 7673.763549207001
2021-11-27 20:34:20.836  INFO 530588 --- [ol-125-thread-2] .t.t.s.TourGuideClientRewardsServiceImpl : Service - Distance calculated: 3168.380214549614
2021-11-27 20:34:20.839  INFO 530588 --- [ool-63-thread-2] .t.t.s.TourGuideClientRewardsServiceImpl : Service - Distance calculated: 8848.219088184225
2021-11-27 20:34:20.836  INFO 530588 --- [ool-47-thread-2] .t.t.s.TourGuideClientRewardsServiceImpl : Service - Distance calculated: 9219.072613606766
2021-11-27 20:34:20.839  INFO 530588 --- [ool-63-thread-2] .t.t.s.TourGuideClientRewardsServiceImpl : Service - Distance calculated: 5493.4676682994295
2021-11-27 20:34:20.836  INFO 530588 --- [ool-93-thread-2] .t.t.s.TourGuideClientRewardsServiceImpl : Service - Distance calculated: 7628.938188456873
2021-11-27 20:34:20.839  INFO 530588 --- [ool-63-thread-2] .t.t.s.TourGuideClientRewardsServiceImpl : Service - Distance calculated: 5627.286664308307
2021-11-27 20:34:20.836  INFO 530588 --- [ool-79-thread-2] .t.t.s.TourGuideClientRewardsServiceImpl : Service - Distance calculated: 5761.283530806416
2021-11-27 20:34:20.836  INFO 530588 --- [ol-141-thread-2] .t.t.s.TourGuideClientRewardsServiceImpl : Service - Distance calculated: 1090.2343940437772
2021-11-27 20:34:20.836  INFO 530588 --- [ool-92-thread-2] .t.t.s.TourGuideClientRewardsServiceImpl : Service - Distance calculated: 2447.2729341520626
2021-11-27 20:34:20.839  INFO 530588 --- [ool-79-thread-2] .t.t.s.TourGuideClientRewardsServiceImpl : Service - Distance calculated: 5057.599262102916
2021-11-27 20:34:20.836  INFO 530588 --- [ool-50-thread-2] .t.t.s.TourGuideClientRewardsServiceImpl : Service - Distance calculated: 9195.536794943138
2021-11-27 20:34:20.839  INFO 530588 --- [ool-79-thread-2] .t.t.s.TourGuideClientRewardsServiceImpl : Service - Distance calculated: 5942.848236920501
2021-11-27 20:34:20.839  INFO 530588 --- [ool-50-thread-2] .t.t.s.TourGuideClientRewardsServiceImpl : Service - Distance calculated: 9936.637966590686
2021-11-27 20:34:20.836  INFO 530588 --- [ool-96-thread-2] .t.t.s.TourGuideClientRewardsServiceImpl : Service - Distance calculated: 4702.255706900182
2021-11-27 20:34:20.839  INFO 530588 --- [ool-50-thread-2] .t.t.s.TourGuideClientRewardsServiceImpl : Service - Distance calculated: 9735.149109743408
2021-11-27 20:34:20.836  INFO 530588 --- [ol-133-thread-2] .t.t.s.TourGuideClientRewardsServiceImpl : Service - Distance calculated: 4910.913576450682
2021-11-27 20:34:20.836  INFO 530588 --- [ool-52-thread-2] .t.t.s.TourGuideClientRewardsServiceImpl : Service - Distance calculated: 9053.845189104404
2021-11-27 20:34:20.839  INFO 530588 --- [ol-133-thread-2] .t.t.s.TourGuideClientRewardsServiceImpl : Service - Distance calculated: 4953.027826980618
2021-11-27 20:34:20.836  INFO 530588 --- [ol-102-thread-2] .t.t.s.TourGuideClientRewardsServiceImpl : Service - Distance calculated: 4947.413601945613
2021-11-27 20:34:20.839  INFO 530588 --- [ool-52-thread-2] .t.t.s.TourGuideClientRewardsServiceImpl : Service - Distance calculated: 9010.293522473037
2021-11-27 20:34:20.836  INFO 530588 --- [ol-114-thread-2] .t.t.s.TourGuideClientRewardsServiceImpl : Service - Distance calculated: 6710.6087152478885
2021-11-27 20:34:20.836  INFO 530588 --- [ool-98-thread-2] .t.t.s.TourGuideClientRewardsServiceImpl : Service - Distance calculated: 1345.4011517264596
2021-11-27 20:34:20.836  INFO 530588 --- [ol-105-thread-2] .t.t.s.TourGuideClientRewardsServiceImpl : Service - Distance calculated: 4108.007561117087
2021-11-27 20:34:20.836  INFO 530588 --- [ol-116-thread-2] .t.t.s.TourGuideClientRewardsServiceImpl : Service - Distance calculated: 3524.442254271273
2021-11-27 20:34:20.836  INFO 530588 --- [ool-90-thread-2] .t.t.s.TourGuideClientRewardsServiceImpl : Service - Distance calculated: 9487.908015370607
2021-11-27 20:34:20.839  INFO 530588 --- [ol-116-thread-2] .t.t.s.TourGuideClientRewardsServiceImpl : Service - Distance calculated: 3475.4722970764615
2021-11-27 20:34:20.836  INFO 530588 --- [ol-128-thread-2] .t.t.s.TourGuideClientRewardsServiceImpl : Service - Distance calculated: 4749.498804798019
2021-11-27 20:34:20.839  INFO 530588 --- [ool-90-thread-2] .t.t.s.TourGuideClientRewardsServiceImpl : Service - Distance calculated: 8669.449270202545
2021-11-27 20:34:20.836  INFO 530588 --- [ool-99-thread-2] .t.t.s.TourGuideClientRewardsServiceImpl : Service - Distance calculated: 5452.816026140234
2021-11-27 20:34:20.836  INFO 530588 --- [ol-106-thread-2] .t.t.s.TourGuideClientRewardsServiceImpl : Service - Distance calculated: 8955.971912263758
2021-11-27 20:34:20.836  INFO 530588 --- [ol-112-thread-2] .t.t.s.TourGuideClientRewardsServiceImpl : Service - Distance calculated: 11619.893691045252
2021-11-27 20:34:20.840  INFO 530588 --- [ol-106-thread-2] .t.t.s.TourGuideClientRewardsServiceImpl : Service - Distance calculated: 9234.21554280505
2021-11-27 20:34:20.836  INFO 530588 --- [ool-91-thread-2] .t.t.s.TourGuideClientRewardsServiceImpl : Service - Distance calculated: 8634.556223333682
2021-11-27 20:34:20.840  INFO 530588 --- [ol-106-thread-2] .t.t.s.TourGuideClientRewardsServiceImpl : Service - Distance calculated: 8681.55020664124
2021-11-27 20:34:20.836  INFO 530588 --- [ool-58-thread-2] .t.t.s.TourGuideClientRewardsServiceImpl : Service - Distance calculated: 4789.3570697536525
2021-11-27 20:34:20.836  INFO 530588 --- [ol-126-thread-2] .t.t.s.TourGuideClientRewardsServiceImpl : Service - Distance calculated: 7599.819250984587
2021-11-27 20:34:20.840  INFO 530588 --- [ool-58-thread-2] .t.t.s.TourGuideClientRewardsServiceImpl : Service - Distance calculated: 4222.900195232549
2021-11-27 20:34:20.836  INFO 530588 --- [ool-53-thread-2] .t.t.s.TourGuideClientRewardsServiceImpl : Service - Distance calculated: 6193.494977854127
2021-11-27 20:34:20.836  INFO 530588 --- [ool-75-thread-2] .t.t.s.TourGuideClientRewardsServiceImpl : Service - Distance calculated: 8993.246710854408
2021-11-27 20:34:20.836  INFO 530588 --- [ool-77-thread-2] .t.t.s.TourGuideClientRewardsServiceImpl : Service - Distance calculated: 7242.082353109428
2021-11-27 20:34:20.836  INFO 530588 --- [ool-94-thread-2] .t.t.s.TourGuideClientRewardsServiceImpl : Service - Distance calculated: 3543.6655515920597
2021-11-27 20:34:20.840  INFO 530588 --- [ool-77-thread-2] .t.t.s.TourGuideClientRewardsServiceImpl : Service - Distance calculated: 10553.490928870215
2021-11-27 20:34:20.836  INFO 530588 --- [ool-49-thread-2] .t.t.s.TourGuideClientRewardsServiceImpl : Service - Distance calculated: 10273.561119872971
2021-11-27 20:34:20.836  INFO 530588 --- [ool-60-thread-2] .t.t.s.TourGuideClientRewardsServiceImpl : Service - Distance calculated: 1147.38305914072
2021-11-27 20:34:20.836  INFO 530588 --- [ol-139-thread-2] .t.t.s.TourGuideClientRewardsServiceImpl : Service - Distance calculated: 4813.4906020218905
2021-11-27 20:34:20.840  INFO 530588 --- [ool-49-thread-2] .t.t.s.TourGuideClientRewardsServiceImpl : Service - Distance calculated: 10199.921364712593
2021-11-27 20:34:20.836  INFO 530588 --- [ool-66-thread-2] .t.t.s.TourGuideClientRewardsServiceImpl : Service - Distance calculated: 5119.127883088291
2021-11-27 20:34:20.840  INFO 530588 --- [ol-139-thread-2] .t.t.s.TourGuideClientRewardsServiceImpl : Service - Distance calculated: 3965.8216160571924
2021-11-27 20:34:20.837  INFO 530588 --- [ol-123-thread-2] .t.t.s.TourGuideClientRewardsServiceImpl : Service - Distance calculated: 6818.101040886605
2021-11-27 20:34:20.837  INFO 530588 --- [ool-48-thread-2] .t.t.s.TourGuideClientRewardsServiceImpl : Service - Distance calculated: 4740.86468684688
2021-11-27 20:34:20.840  INFO 530588 --- [ol-123-thread-2] .t.t.s.TourGuideClientRewardsServiceImpl : Service - Distance calculated: 7376.71426330676
2021-11-27 20:34:20.837  INFO 530588 --- [ol-101-thread-2] .t.t.s.TourGuideClientRewardsServiceImpl : Service - Distance calculated: 9021.869492190557
2021-11-27 20:34:20.837  INFO 530588 --- [ol-127-thread-2] .t.t.s.TourGuideClientRewardsServiceImpl : Service - Distance calculated: 4021.931982324626
2021-11-27 20:34:20.837  INFO 530588 --- [ol-131-thread-2] .t.t.s.TourGuideClientRewardsServiceImpl : Service - Distance calculated: 7746.684576971364
2021-11-27 20:34:20.840  INFO 530588 --- [ol-127-thread-2] .t.t.s.TourGuideClientRewardsServiceImpl : Service - Distance calculated: 3942.807428330889
2021-11-27 20:34:20.837  INFO 530588 --- [ool-65-thread-2] .t.t.s.TourGuideClientRewardsServiceImpl : Service - Distance calculated: 3795.2480899219445
2021-11-27 20:34:20.837  INFO 530588 --- [ol-136-thread-2] .t.t.s.TourGuideClientRewardsServiceImpl : Service - Distance calculated: 6921.121401154745
2021-11-27 20:34:20.837  INFO 530588 --- [ool-44-thread-2] .t.t.s.TourGuideClientRewardsServiceImpl : Service - Distance calculated: 10511.388850651188
2021-11-27 20:34:20.840  INFO 530588 --- [ool-65-thread-2] .t.t.s.TourGuideClientRewardsServiceImpl : Service - Distance calculated: 5725.2869403811
2021-11-27 20:34:20.837  INFO 530588 --- [ol-107-thread-2] .t.t.s.TourGuideClientRewardsServiceImpl : Service - Distance calculated: 7843.315085550803
2021-11-27 20:34:20.840  INFO 530588 --- [ool-65-thread-2] .t.t.s.TourGuideClientRewardsServiceImpl : Service - Distance calculated: 4993.979902406273
2021-11-27 20:34:20.837  INFO 530588 --- [ol-110-thread-2] .t.t.s.TourGuideClientRewardsServiceImpl : Service - Distance calculated: 989.9975531395136
2021-11-27 20:34:20.840  INFO 530588 --- [ol-107-thread-2] .t.t.s.TourGuideClientRewardsServiceImpl : Service - Distance calculated: 8002.972882210179
2021-11-27 20:34:20.837 DEBUG 530588 --- [    Test worker] c.t.t.s.TourGuideClientServiceImpl       : Service - Visited location added for user: internalUser6
2021-11-27 20:34:20.837  INFO 530588 --- [ol-100-thread-2] .t.t.s.TourGuideClientRewardsServiceImpl : Service - Distance calculated: 9526.78986493378
2021-11-27 20:34:20.837  INFO 530588 --- [ool-97-thread-2] .t.t.s.TourGuideClientRewardsServiceImpl : Service - Distance calculated: 2470.506010601292
2021-11-27 20:34:20.837  INFO 530588 --- [ool-59-thread-2] .t.t.s.TourGuideClientRewardsServiceImpl : Service - Distance calculated: 6373.363931209964
2021-11-27 20:34:20.840 DEBUG 530588 --- [    Test worker] c.t.t.s.TourGuideClientServiceImpl       : Service - Visited location added for user: internalUser91
2021-11-27 20:34:20.840  INFO 530588 --- [ool-59-thread-2] .t.t.s.TourGuideClientRewardsServiceImpl : Service - Distance calculated: 5769.877454413623
2021-11-27 20:34:20.840 DEBUG 530588 --- [    Test worker] c.t.t.s.TourGuideClientServiceImpl       : Service - Visited location added for user: internalUser5
2021-11-27 20:34:20.837  INFO 530588 --- [ol-117-thread-2] .t.t.s.TourGuideClientRewardsServiceImpl : Service - Distance calculated: 5132.510177813787
2021-11-27 20:34:20.837  INFO 530588 --- [ol-115-thread-2] .t.t.s.TourGuideClientRewardsServiceImpl : Service - Distance calculated: 6254.155423279665
2021-11-27 20:34:20.840  INFO 530588 --- [ol-117-thread-2] .t.t.s.TourGuideClientRewardsServiceImpl : Service - Distance calculated: 5466.487891287625
2021-11-27 20:34:20.840 DEBUG 530588 --- [    Test worker] c.t.t.s.TourGuideClientServiceImpl       : Service - Visited location added for user: internalUser94
2021-11-27 20:34:20.837  INFO 530588 --- [ool-95-thread-2] .t.t.s.TourGuideClientRewardsServiceImpl : Service - Distance calculated: 5173.319530838536
2021-11-27 20:34:20.841  INFO 530588 --- [ol-115-thread-2] .t.t.s.TourGuideClientRewardsServiceImpl : Service - Distance calculated: 6968.213559523091
2021-11-27 20:34:20.837  INFO 530588 --- [ool-69-thread-2] .t.t.s.TourGuideClientRewardsServiceImpl : Service - Distance calculated: 1519.5440489063085
2021-11-27 20:34:20.841 DEBUG 530588 --- [    Test worker] c.t.t.s.TourGuideClientServiceImpl       : Service - Visited location added for user: internalUser4
2021-11-27 20:34:20.841  INFO 530588 --- [ool-69-thread-2] .t.t.s.TourGuideClientRewardsServiceImpl : Service - Distance calculated: 978.1959172213552
2021-11-27 20:34:20.837  INFO 530588 --- [ol-109-thread-2] .t.t.s.TourGuideClientRewardsServiceImpl : Service - Distance calculated: 10953.197997775895
2021-11-27 20:34:20.841  INFO 530588 --- [ool-69-thread-2] .t.t.s.TourGuideClientRewardsServiceImpl : Service - Distance calculated: 903.6575014187888
2021-11-27 20:34:20.841 DEBUG 530588 --- [    Test worker] c.t.t.s.TourGuideClientServiceImpl       : Service - Visited location added for user: internalUser93
2021-11-27 20:34:20.841  INFO 530588 --- [ool-95-thread-2] .t.t.s.TourGuideClientRewardsServiceImpl : Service - Distance calculated: 6140.194854487675
2021-11-27 20:34:20.841  INFO 530588 --- [ol-109-thread-2] .t.t.s.TourGuideClientRewardsServiceImpl : Service - Distance calculated: 10968.88859709237
2021-11-27 20:34:20.837  INFO 530588 --- [ol-118-thread-2] .t.t.s.TourGuideClientRewardsServiceImpl : Service - Distance calculated: 8615.424595092156
2021-11-27 20:34:20.837  INFO 530588 --- [ool-46-thread-2] .t.t.s.TourGuideClientRewardsServiceImpl : Service - Distance calculated: 10247.577816167439
2021-11-27 20:34:20.837  INFO 530588 --- [ool-73-thread-2] .t.t.s.TourGuideClientRewardsServiceImpl : Service - Distance calculated: 8256.897657765705
2021-11-27 20:34:20.841  INFO 530588 --- [ol-118-thread-2] .t.t.s.TourGuideClientRewardsServiceImpl : Service - Distance calculated: 9156.321707569465
2021-11-27 20:34:20.837  INFO 530588 --- [ol-121-thread-2] .t.t.s.TourGuideClientRewardsServiceImpl : Service - Distance calculated: 2124.5314818890392
2021-11-27 20:34:20.837  INFO 530588 --- [ool-82-thread-2] .t.t.s.TourGuideClientRewardsServiceImpl : Service - Distance calculated: 5811.515313993561
2021-11-27 20:34:20.837  INFO 530588 --- [ol-134-thread-2] .t.t.s.TourGuideClientRewardsServiceImpl : Service - Distance calculated: 2921.213756280996
2021-11-27 20:34:20.841  INFO 530588 --- [ool-82-thread-2] .t.t.s.TourGuideClientRewardsServiceImpl : Service - Distance calculated: 5655.855311966658
2021-11-27 20:34:20.841  INFO 530588 --- [ol-134-thread-2] .t.t.s.TourGuideClientRewardsServiceImpl : Service - Distance calculated: 3029.9686176910495
2021-11-27 20:34:20.841  INFO 530588 --- [ol-121-thread-2] .t.t.s.TourGuideClientRewardsServiceImpl : Service - Distance calculated: 2135.5296347290887
2021-11-27 20:34:20.837  INFO 530588 --- [ol-103-thread-2] .t.t.s.TourGuideClientRewardsServiceImpl : Service - Distance calculated: 7040.512255573134
2021-11-27 20:34:20.837  INFO 530588 --- [ol-138-thread-2] .t.t.s.TourGuideClientRewardsServiceImpl : Service - Distance calculated: 5705.124750567816
2021-11-27 20:34:20.841  INFO 530588 --- [ol-103-thread-2] .t.t.s.TourGuideClientRewardsServiceImpl : Service - Distance calculated: 7003.490775727383
2021-11-27 20:34:20.838  INFO 530588 --- [ool-87-thread-2] .t.t.s.TourGuideClientRewardsServiceImpl : Service - Distance calculated: 2176.315764314417
2021-11-27 20:34:20.841  INFO 530588 --- [ol-138-thread-2] .t.t.s.TourGuideClientRewardsServiceImpl : Service - Distance calculated: 5453.839888914259
2021-11-27 20:34:20.838  INFO 530588 --- [ool-57-thread-2] .t.t.s.TourGuideClientRewardsServiceImpl : Service - Distance calculated: 7549.480547778077
2021-11-27 20:34:20.841  INFO 530588 --- [ol-103-thread-2] .t.t.s.TourGuideClientRewardsServiceImpl : Service - Distance calculated: 6965.538418594463
2021-11-27 20:34:20.841  INFO 530588 --- [ol-121-thread-2] .t.t.s.TourGuideClientRewardsServiceImpl : Service - Distance calculated: 1454.900843009238
2021-11-27 20:34:20.838  INFO 530588 --- [ool-83-thread-2] .t.t.s.TourGuideClientRewardsServiceImpl : Service - Distance calculated: 6177.806035144368
2021-11-27 20:34:20.841  INFO 530588 --- [ol-103-thread-2] .t.t.s.TourGuideClientRewardsServiceImpl : Service - Distance calculated: 5802.187570671242
2021-11-27 20:34:20.841  INFO 530588 --- [ol-121-thread-2] .t.t.s.TourGuideClientRewardsServiceImpl : Service - Distance calculated: 2499.289539805489
2021-11-27 20:34:20.841  INFO 530588 --- [ol-103-thread-2] .t.t.s.TourGuideClientRewardsServiceImpl : Service - Distance calculated: 7053.694454933557
2021-11-27 20:34:20.841  INFO 530588 --- [ool-83-thread-2] .t.t.s.TourGuideClientRewardsServiceImpl : Service - Distance calculated: 6038.111427476278
2021-11-27 20:34:20.838  INFO 530588 --- [ool-64-thread-2] .t.t.s.TourGuideClientRewardsServiceImpl : Service - Distance calculated: 5687.115045113093
2021-11-27 20:34:20.838  INFO 530588 --- [ool-85-thread-2] .t.t.s.TourGuideClientRewardsServiceImpl : Service - Distance calculated: 6330.4494615721105
2021-11-27 20:34:20.838  INFO 530588 --- [ol-142-thread-2] .t.t.s.TourGuideClientRewardsServiceImpl : Service - Distance calculated: 8233.4200729763
2021-11-27 20:34:20.841  INFO 530588 --- [ool-85-thread-2] .t.t.s.TourGuideClientRewardsServiceImpl : Service - Distance calculated: 6302.22288100241
2021-11-27 20:34:20.838  INFO 530588 --- [ol-129-thread-2] .t.t.s.TourGuideClientRewardsServiceImpl : Service - Distance calculated: 7188.517487408797
2021-11-27 20:34:20.841  INFO 530588 --- [ol-142-thread-2] .t.t.s.TourGuideClientRewardsServiceImpl : Service - Distance calculated: 7525.030731866848
2021-11-27 20:34:20.838  INFO 530588 --- [ool-43-thread-2] .t.t.s.TourGuideClientRewardsServiceImpl : Service - Distance calculated: 3929.7585611124655
2021-11-27 20:34:20.841  INFO 530588 --- [ol-129-thread-2] .t.t.s.TourGuideClientRewardsServiceImpl : Service - Distance calculated: 7013.703018255265
2021-11-27 20:34:20.838  INFO 530588 --- [ol-122-thread-2] .t.t.s.TourGuideClientRewardsServiceImpl : Service - Distance calculated: 3571.1631542103214
2021-11-27 20:34:20.841  INFO 530588 --- [ool-43-thread-2] .t.t.s.TourGuideClientRewardsServiceImpl : Service - Distance calculated: 3427.1732498289703
2021-11-27 20:34:20.838  INFO 530588 --- [ool-71-thread-2] .t.t.s.TourGuideClientRewardsServiceImpl : Service - Distance calculated: 4995.857783699273
2021-11-27 20:34:20.838  INFO 530588 --- [ool-68-thread-2] .t.t.s.TourGuideClientRewardsServiceImpl : Service - Distance calculated: 9927.655156517632
2021-11-27 20:34:20.841  INFO 530588 --- [ool-71-thread-2] .t.t.s.TourGuideClientRewardsServiceImpl : Service - Distance calculated: 4393.648707291895
2021-11-27 20:34:20.838  INFO 530588 --- [ool-88-thread-2] .t.t.s.TourGuideClientRewardsServiceImpl : Service - Distance calculated: 6387.033235934266
2021-11-27 20:34:20.841  INFO 530588 --- [ool-68-thread-2] .t.t.s.TourGuideClientRewardsServiceImpl : Service - Distance calculated: 8828.773588188316
2021-11-27 20:34:20.838  INFO 530588 --- [ool-56-thread-2] .t.t.s.TourGuideClientRewardsServiceImpl : Service - Distance calculated: 5190.855186829582
2021-11-27 20:34:20.838  INFO 530588 --- [ool-67-thread-2] .t.t.s.TourGuideClientRewardsServiceImpl : Service - Distance calculated: 4127.021010563301
2021-11-27 20:34:20.842  INFO 530588 --- [ool-88-thread-2] .t.t.s.TourGuideClientRewardsServiceImpl : Service - Distance calculated: 6637.5938590655405
2021-11-27 20:34:20.838  INFO 530588 --- [ol-130-thread-2] .t.t.s.TourGuideClientRewardsServiceImpl : Service - Distance calculated: 8212.307847238277
2021-11-27 20:34:20.842  INFO 530588 --- [ool-67-thread-2] .t.t.s.TourGuideClientRewardsServiceImpl : Service - Distance calculated: 4040.3872382322616
2021-11-27 20:34:20.838  INFO 530588 --- [ool-61-thread-2] .t.t.s.TourGuideClientRewardsServiceImpl : Service - Distance calculated: 7479.220160778562
2021-11-27 20:34:20.842  INFO 530588 --- [ool-67-thread-2] .t.t.s.TourGuideClientRewardsServiceImpl : Service - Distance calculated: 4426.756758276666
2021-11-27 20:34:20.838  INFO 530588 --- [ol-104-thread-2] .t.t.s.TourGuideClientRewardsServiceImpl : Service - Distance calculated: 9701.243907696124
2021-11-27 20:34:20.842  INFO 530588 --- [ool-61-thread-2] .t.t.s.TourGuideClientRewardsServiceImpl : Service - Distance calculated: 7660.316570480247
2021-11-27 20:34:20.842  INFO 530588 --- [ool-67-thread-2] .t.t.s.TourGuideClientRewardsServiceImpl : Service - Distance calculated: 4327.1689541490305
2021-11-27 20:34:20.838  INFO 530588 --- [ol-137-thread-2] .t.t.s.TourGuideClientRewardsServiceImpl : Service - Distance calculated: 2808.5290396047462
2021-11-27 20:34:20.838  INFO 530588 --- [ool-51-thread-2] .t.t.s.TourGuideClientRewardsServiceImpl : Service - Distance calculated: 7685.974751414077
2021-11-27 20:34:20.842  INFO 530588 --- [ool-67-thread-2] .t.t.s.TourGuideClientRewardsServiceImpl : Service - Distance calculated: 3910.081840381556
2021-11-27 20:34:20.838  INFO 530588 --- [ool-78-thread-2] .t.t.s.TourGuideClientRewardsServiceImpl : Service - Distance calculated: 8233.110687999719
2021-11-27 20:34:20.842  INFO 530588 --- [ool-67-thread-2] .t.t.s.TourGuideClientRewardsServiceImpl : Service - Distance calculated: 4923.230756231963
2021-11-27 20:34:20.838  INFO 530588 --- [ool-70-thread-2] .t.t.s.TourGuideClientRewardsServiceImpl : Service - Distance calculated: 174.26452893703902
2021-11-27 20:34:20.842  INFO 530588 --- [ool-67-thread-2] .t.t.s.TourGuideClientRewardsServiceImpl : Service - Distance calculated: 4710.575442977057
2021-11-27 20:34:20.838  INFO 530588 --- [ol-119-thread-2] .t.t.s.TourGuideClientRewardsServiceImpl : Service - Distance calculated: 989.6165214949287
2021-11-27 20:34:20.842  INFO 530588 --- [ool-67-thread-2] .t.t.s.TourGuideClientRewardsServiceImpl : Service - Distance calculated: 6240.834793094947
2021-11-27 20:34:20.838  INFO 530588 --- [ool-62-thread-2] .t.t.s.TourGuideClientRewardsServiceImpl : Service - Distance calculated: 10391.022506552898
2021-11-27 20:34:20.838  INFO 530588 --- [ool-81-thread-2] .t.t.s.TourGuideClientRewardsServiceImpl : Service - Distance calculated: 10329.877817838154
2021-11-27 20:34:20.838  INFO 530588 --- [ool-86-thread-2] .t.t.s.TourGuideClientRewardsServiceImpl : Service - Distance calculated: 2704.480515050025
2021-11-27 20:34:20.842  INFO 530588 --- [ool-81-thread-2] .t.t.s.TourGuideClientRewardsServiceImpl : Service - Distance calculated: 10129.740229112367
2021-11-27 20:34:20.838  INFO 530588 --- [ool-72-thread-2] .t.t.s.TourGuideClientRewardsServiceImpl : Service - Distance calculated: 8129.775618787598
2021-11-27 20:34:20.842  INFO 530588 --- [ool-86-thread-2] .t.t.s.TourGuideClientRewardsServiceImpl : Service - Distance calculated: 2973.842134893172
2021-11-27 20:34:20.839  INFO 530588 --- [ol-124-thread-2] .t.t.s.TourGuideClientRewardsServiceImpl : Service - Distance calculated: 5584.140950812137
2021-11-27 20:34:20.842  INFO 530588 --- [ool-86-thread-2] .t.t.s.TourGuideClientRewardsServiceImpl : Service - Distance calculated: 2450.5109741947313
2021-11-27 20:34:20.839  INFO 530588 --- [ool-45-thread-2] .t.t.s.TourGuideClientRewardsServiceImpl : Service - Distance calculated: 9174.754591072395
2021-11-27 20:34:20.842  INFO 530588 --- [ool-86-thread-2] .t.t.s.TourGuideClientRewardsServiceImpl : Service - Distance calculated: 3249.147942390143
2021-11-27 20:34:20.839  INFO 530588 --- [ol-140-thread-2] .t.t.s.TourGuideClientRewardsServiceImpl : Service - Distance calculated: 5577.869005975181
2021-11-27 20:34:20.842  INFO 530588 --- [ool-45-thread-2] .t.t.s.TourGuideClientRewardsServiceImpl : Service - Distance calculated: 8830.186974735716
2021-11-27 20:34:20.839  INFO 530588 --- [ool-54-thread-2] .t.t.s.TourGuideClientRewardsServiceImpl : Service - Distance calculated: 4811.60206288193
2021-11-27 20:34:20.842  INFO 530588 --- [ol-140-thread-2] .t.t.s.TourGuideClientRewardsServiceImpl : Service - Distance calculated: 7081.925118389816
2021-11-27 20:34:20.839  INFO 530588 --- [ol-111-thread-2] .t.t.s.TourGuideClientRewardsServiceImpl : Service - Distance calculated: 9392.150119853337
2021-11-27 20:34:20.839  INFO 530588 --- [ool-55-thread-2] .t.t.s.TourGuideClientRewardsServiceImpl : Service - Distance calculated: 6824.761883700043
2021-11-27 20:34:20.839  INFO 530588 --- [ool-89-thread-2] .t.t.s.TourGuideClientRewardsServiceImpl : Service - Distance calculated: 5344.230757035203
2021-11-27 20:34:20.842  INFO 530588 --- [ol-111-thread-2] .t.t.s.TourGuideClientRewardsServiceImpl : Service - Distance calculated: 9476.67155634341
2021-11-27 20:34:20.839  INFO 530588 --- [ol-135-thread-2] .t.t.s.TourGuideClientRewardsServiceImpl : Service - Distance calculated: 10648.141668918646
2021-11-27 20:34:20.842  INFO 530588 --- [ool-89-thread-2] .t.t.s.TourGuideClientRewardsServiceImpl : Service - Distance calculated: 5863.351316264318
2021-11-27 20:34:20.842  INFO 530588 --- [ol-111-thread-2] .t.t.s.TourGuideClientRewardsServiceImpl : Service - Distance calculated: 9674.91518226044
2021-11-27 20:34:20.839  INFO 530588 --- [ool-80-thread-2] .t.t.s.TourGuideClientRewardsServiceImpl : Service - Distance calculated: 7975.651288469785
2021-11-27 20:34:20.842  INFO 530588 --- [ol-111-thread-2] .t.t.s.TourGuideClientRewardsServiceImpl : Service - Distance calculated: 10454.036113250828
2021-11-27 20:34:20.839  INFO 530588 --- [ool-74-thread-2] .t.t.s.TourGuideClientRewardsServiceImpl : Service - Distance calculated: 6863.465959152302
2021-11-27 20:34:20.842  INFO 530588 --- [ool-80-thread-2] .t.t.s.TourGuideClientRewardsServiceImpl : Service - Distance calculated: 6955.645830227854
2021-11-27 20:34:20.842  INFO 530588 --- [ol-111-thread-2] .t.t.s.TourGuideClientRewardsServiceImpl : Service - Distance calculated: 3672.474341645108
2021-11-27 20:34:20.839  INFO 530588 --- [ol-113-thread-2] .t.t.s.TourGuideClientRewardsServiceImpl : Service - Distance calculated: 7048.433859996281
2021-11-27 20:34:20.842  INFO 530588 --- [ol-111-thread-2] .t.t.s.TourGuideClientRewardsServiceImpl : Service - Distance calculated: 3726.012129940138
2021-11-27 20:34:20.839  INFO 530588 --- [ol-120-thread-2] .t.t.s.TourGuideClientRewardsServiceImpl : Service - Distance calculated: 7187.6813140978165
2021-11-27 20:34:20.842  INFO 530588 --- [ol-113-thread-2] .t.t.s.TourGuideClientRewardsServiceImpl : Service - Distance calculated: 6876.894865628335
2021-11-27 20:34:20.839  INFO 530588 --- [ol-125-thread-2] .t.t.s.TourGuideClientRewardsServiceImpl : Service - Distance calculated: 2549.020696172248
2021-11-27 20:34:20.842  INFO 530588 --- [ol-120-thread-2] .t.t.s.TourGuideClientRewardsServiceImpl : Service - Distance calculated: 7550.614459508007
2021-11-27 20:34:20.842  INFO 530588 --- [ol-113-thread-2] .t.t.s.TourGuideClientRewardsServiceImpl : Service - Distance calculated: 7222.148102940574
2021-11-27 20:34:20.839  INFO 530588 --- [ool-47-thread-2] .t.t.s.TourGuideClientRewardsServiceImpl : Service - Distance calculated: 8426.888481153486
2021-11-27 20:34:20.839  INFO 530588 --- [ool-93-thread-2] .t.t.s.TourGuideClientRewardsServiceImpl : Service - Distance calculated: 7553.8941517868525
2021-11-27 20:34:20.842  INFO 530588 --- [ool-47-thread-2] .t.t.s.TourGuideClientRewardsServiceImpl : Service - Distance calculated: 7615.95878625135
2021-11-27 20:34:20.842  INFO 530588 --- [ool-93-thread-2] .t.t.s.TourGuideClientRewardsServiceImpl : Service - Distance calculated: 7706.464115683224
2021-11-27 20:34:20.839  INFO 530588 --- [ool-63-thread-2] .t.t.s.TourGuideClientRewardsServiceImpl : Service - Distance calculated: 5489.897044132823
2021-11-27 20:34:20.842  INFO 530588 --- [ool-93-thread-2] .t.t.s.TourGuideClientRewardsServiceImpl : Service - Distance calculated: 7709.381422710154
2021-11-27 20:34:20.839  INFO 530588 --- [ol-141-thread-2] .t.t.s.TourGuideClientRewardsServiceImpl : Service - Distance calculated: 1136.6320187841388
2021-11-27 20:34:20.842  INFO 530588 --- [ool-93-thread-2] .t.t.s.TourGuideClientRewardsServiceImpl : Service - Distance calculated: 8455.837523370043
2021-11-27 20:34:20.839  INFO 530588 --- [ool-92-thread-2] .t.t.s.TourGuideClientRewardsServiceImpl : Service - Distance calculated: 1837.4597195066654
2021-11-27 20:34:20.842  INFO 530588 --- [ol-141-thread-2] .t.t.s.TourGuideClientRewardsServiceImpl : Service - Distance calculated: 930.5005859414848
2021-11-27 20:34:20.839  INFO 530588 --- [ool-79-thread-2] .t.t.s.TourGuideClientRewardsServiceImpl : Service - Distance calculated: 6015.043650233208
2021-11-27 20:34:20.839  INFO 530588 --- [ool-96-thread-2] .t.t.s.TourGuideClientRewardsServiceImpl : Service - Distance calculated: 4609.769244234923
2021-11-27 20:34:20.839  INFO 530588 --- [ool-50-thread-2] .t.t.s.TourGuideClientRewardsServiceImpl : Service - Distance calculated: 9744.669057664712
2021-11-27 20:34:20.843  INFO 530588 --- [ol-141-thread-2] .t.t.s.TourGuideClientRewardsServiceImpl : Service - Distance calculated: 1026.5940588207468
2021-11-27 20:34:20.839  INFO 530588 --- [ol-133-thread-2] .t.t.s.TourGuideClientRewardsServiceImpl : Service - Distance calculated: 5053.935854725852
2021-11-27 20:34:20.843  INFO 530588 --- [ool-79-thread-2] .t.t.s.TourGuideClientRewardsServiceImpl : Service - Distance calculated: 2843.1695694821237
2021-11-27 20:34:20.843  INFO 530588 --- [ool-92-thread-2] .t.t.s.TourGuideClientRewardsServiceImpl : Service - Distance calculated: 1856.0928916585501
2021-11-27 20:34:20.843  INFO 530588 --- [ool-79-thread-2] .t.t.s.TourGuideClientRewardsServiceImpl : Service - Distance calculated: 6199.795350966834
2021-11-27 20:34:20.839  INFO 530588 --- [ool-52-thread-2] .t.t.s.TourGuideClientRewardsServiceImpl : Service - Distance calculated: 8162.691257870482
2021-11-27 20:34:20.839  INFO 530588 --- [ol-102-thread-2] .t.t.s.TourGuideClientRewardsServiceImpl : Service - Distance calculated: 3853.955630399389
2021-11-27 20:34:20.839  INFO 530588 --- [ol-114-thread-2] .t.t.s.TourGuideClientRewardsServiceImpl : Service - Distance calculated: 2424.7502718335286
2021-11-27 20:34:20.839  INFO 530588 --- [ool-98-thread-2] .t.t.s.TourGuideClientRewardsServiceImpl : Service - Distance calculated: 846.9614848188136
2021-11-27 20:34:20.843  INFO 530588 --- [ol-114-thread-2] .t.t.s.TourGuideClientRewardsServiceImpl : Service - Distance calculated: 3171.0803892251884
2021-11-27 20:34:20.843  INFO 530588 --- [ool-98-thread-2] .t.t.s.TourGuideClientRewardsServiceImpl : Service - Distance calculated: 2649.772614408879
2021-11-27 20:34:20.843  INFO 530588 --- [ol-114-thread-2] .t.t.s.TourGuideClientRewardsServiceImpl : Service - Distance calculated: 2586.890787809009
2021-11-27 20:34:20.839  INFO 530588 --- [ol-105-thread-2] .t.t.s.TourGuideClientRewardsServiceImpl : Service - Distance calculated: 4035.6275683526187
2021-11-27 20:34:20.840  INFO 530588 --- [ool-90-thread-2] .t.t.s.TourGuideClientRewardsServiceImpl : Service - Distance calculated: 9213.167590875259
2021-11-27 20:34:20.843  INFO 530588 --- [ool-52-thread-2] .t.t.s.TourGuideClientRewardsServiceImpl : Service - Distance calculated: 8215.642906361589
2021-11-27 20:34:20.843  INFO 530588 --- [ool-90-thread-2] .t.t.s.TourGuideClientRewardsServiceImpl : Service - Distance calculated: 9385.400104667726
2021-11-27 20:34:20.840  INFO 530588 --- [ol-116-thread-2] .t.t.s.TourGuideClientRewardsServiceImpl : Service - Distance calculated: 2495.926444782706
2021-11-27 20:34:20.843  INFO 530588 --- [ool-90-thread-2] .t.t.s.TourGuideClientRewardsServiceImpl : Service - Distance calculated: 8516.03702830086
2021-11-27 20:34:20.840  INFO 530588 --- [ool-99-thread-2] .t.t.s.TourGuideClientRewardsServiceImpl : Service - Distance calculated: 4771.154283341155
2021-11-27 20:34:20.843  INFO 530588 --- [ool-90-thread-2] .t.t.s.TourGuideClientRewardsServiceImpl : Service - Distance calculated: 3884.0759110112654
2021-11-27 20:34:20.840  INFO 530588 --- [ol-128-thread-2] .t.t.s.TourGuideClientRewardsServiceImpl : Service - Distance calculated: 4866.83212756573
2021-11-27 20:34:20.840  INFO 530588 --- [ol-112-thread-2] .t.t.s.TourGuideClientRewardsServiceImpl : Service - Distance calculated: 11012.06129988444
2021-11-27 20:34:20.840  INFO 530588 --- [ol-106-thread-2] .t.t.s.TourGuideClientRewardsServiceImpl : Service - Distance calculated: 9368.387849623978
2021-11-27 20:34:20.843  INFO 530588 --- [ol-112-thread-2] .t.t.s.TourGuideClientRewardsServiceImpl : Service - Distance calculated: 9924.186047154773
2021-11-27 20:34:20.840  INFO 530588 --- [ool-91-thread-2] .t.t.s.TourGuideClientRewardsServiceImpl : Service - Distance calculated: 9793.488780912909
2021-11-27 20:34:20.840  INFO 530588 --- [ool-58-thread-2] .t.t.s.TourGuideClientRewardsServiceImpl : Service - Distance calculated: 4138.803600985134
2021-11-27 20:34:20.843  INFO 530588 --- [ool-91-thread-2] .t.t.s.TourGuideClientRewardsServiceImpl : Service - Distance calculated: 9579.8629039042
2021-11-27 20:34:20.840  INFO 530588 --- [ol-126-thread-2] .t.t.s.TourGuideClientRewardsServiceImpl : Service - Distance calculated: 7719.817824215094
2021-11-27 20:34:20.840  INFO 530588 --- [ool-53-thread-2] .t.t.s.TourGuideClientRewardsServiceImpl : Service - Distance calculated: 6162.235031448745
2021-11-27 20:34:20.840  INFO 530588 --- [ool-75-thread-2] .t.t.s.TourGuideClientRewardsServiceImpl : Service - Distance calculated: 9037.28708583008
2021-11-27 20:34:20.840  INFO 530588 --- [ool-94-thread-2] .t.t.s.TourGuideClientRewardsServiceImpl : Service - Distance calculated: 3966.048045292437
2021-11-27 20:34:20.843  INFO 530588 --- [ool-75-thread-2] .t.t.s.TourGuideClientRewardsServiceImpl : Service - Distance calculated: 8927.418261722436
2021-11-27 20:34:20.840  INFO 530588 --- [ool-77-thread-2] .t.t.s.TourGuideClientRewardsServiceImpl : Service - Distance calculated: 10340.319023839482
2021-11-27 20:34:20.843  INFO 530588 --- [ool-94-thread-2] .t.t.s.TourGuideClientRewardsServiceImpl : Service - Distance calculated: 4036.533673408716
2021-11-27 20:34:20.840  INFO 530588 --- [ool-60-thread-2] .t.t.s.TourGuideClientRewardsServiceImpl : Service - Distance calculated: 861.2635336416986
2021-11-27 20:34:20.840  INFO 530588 --- [ol-139-thread-2] .t.t.s.TourGuideClientRewardsServiceImpl : Service - Distance calculated: 4114.334493856301
2021-11-27 20:34:20.840  INFO 530588 --- [ool-66-thread-2] .t.t.s.TourGuideClientRewardsServiceImpl : Service - Distance calculated: 3663.541705151919
2021-11-27 20:34:20.843  INFO 530588 --- [ool-60-thread-2] .t.t.s.TourGuideClientRewardsServiceImpl : Service - Distance calculated: 1427.1430647290133
2021-11-27 20:34:20.840  INFO 530588 --- [ool-49-thread-2] .t.t.s.TourGuideClientRewardsServiceImpl : Service - Distance calculated: 10139.538355996914
2021-11-27 20:34:20.840  INFO 530588 --- [ol-123-thread-2] .t.t.s.TourGuideClientRewardsServiceImpl : Service - Distance calculated: 6470.834600132478
2021-11-27 20:34:20.840  INFO 530588 --- [ool-48-thread-2] .t.t.s.TourGuideClientRewardsServiceImpl : Service - Distance calculated: 4995.196976846549
2021-11-27 20:34:20.843  INFO 530588 --- [ol-123-thread-2] .t.t.s.TourGuideClientRewardsServiceImpl : Service - Distance calculated: 6756.8806788171805
2021-11-27 20:34:20.840  INFO 530588 --- [ol-101-thread-2] .t.t.s.TourGuideClientRewardsServiceImpl : Service - Distance calculated: 9068.284098342674
2021-11-27 20:34:20.843  INFO 530588 --- [ol-123-thread-2] .t.t.s.TourGuideClientRewardsServiceImpl : Service - Distance calculated: 6749.219973379754
2021-11-27 20:34:20.840  INFO 530588 --- [ol-131-thread-2] .t.t.s.TourGuideClientRewardsServiceImpl : Service - Distance calculated: 8032.988903600111
2021-11-27 20:34:20.840  INFO 530588 --- [ol-127-thread-2] .t.t.s.TourGuideClientRewardsServiceImpl : Service - Distance calculated: 4089.666833647116
2021-11-27 20:34:20.840  INFO 530588 --- [ol-136-thread-2] .t.t.s.TourGuideClientRewardsServiceImpl : Service - Distance calculated: 6120.430813445265
2021-11-27 20:34:20.844  INFO 530588 --- [ol-123-thread-2] .t.t.s.TourGuideClientRewardsServiceImpl : Service - Distance calculated: 6749.707806267155
2021-11-27 20:34:20.844  INFO 530588 --- [ol-101-thread-2] .t.t.s.TourGuideClientRewardsServiceImpl : Service - Distance calculated: 5943.951137419233
2021-11-27 20:34:20.844  INFO 530588 --- [ol-131-thread-2] .t.t.s.TourGuideClientRewardsServiceImpl : Service - Distance calculated: 8059.640346243645
2021-11-27 20:34:20.840  INFO 530588 --- [ool-44-thread-2] .t.t.s.TourGuideClientRewardsServiceImpl : Service - Distance calculated: 9085.477667214729
2021-11-27 20:34:20.840  INFO 530588 --- [ool-65-thread-2] .t.t.s.TourGuideClientRewardsServiceImpl : Service - Distance calculated: 3913.402939906117
2021-11-27 20:34:20.844  INFO 530588 --- [ool-44-thread-2] .t.t.s.TourGuideClientRewardsServiceImpl : Service - Distance calculated: 9649.90381860385
2021-11-27 20:34:20.840  INFO 530588 --- [ol-107-thread-2] .t.t.s.TourGuideClientRewardsServiceImpl : Service - Distance calculated: 8244.101724946386
2021-11-27 20:34:20.844  INFO 530588 --- [ool-65-thread-2] .t.t.s.TourGuideClientRewardsServiceImpl : Service - Distance calculated: 4275.2282575382105
2021-11-27 20:34:20.840  INFO 530588 --- [ol-110-thread-2] .t.t.s.TourGuideClientRewardsServiceImpl : Service - Distance calculated: 502.89748100578754
2021-11-27 20:34:20.844  INFO 530588 --- [ol-107-thread-2] .t.t.s.TourGuideClientRewardsServiceImpl : Service - Distance calculated: 8036.352619681945
2021-11-27 20:34:20.840  INFO 530588 --- [ol-100-thread-2] .t.t.s.TourGuideClientRewardsServiceImpl : Service - Distance calculated: 8972.63936968618
2021-11-27 20:34:20.844  INFO 530588 --- [ol-107-thread-2] .t.t.s.TourGuideClientRewardsServiceImpl : Service - Distance calculated: 8449.170747799506
2021-11-27 20:34:20.840  INFO 530588 --- [ool-97-thread-2] .t.t.s.TourGuideClientRewardsServiceImpl : Service - Distance calculated: 2300.8766384487267
2021-11-27 20:34:20.844  INFO 530588 --- [ol-107-thread-2] .t.t.s.TourGuideClientRewardsServiceImpl : Service - Distance calculated: 8030.388939029715
2021-11-27 20:34:20.840  INFO 530588 --- [ool-59-thread-2] .t.t.s.TourGuideClientRewardsServiceImpl : Service - Distance calculated: 5681.635306709423
2021-11-27 20:34:20.844  INFO 530588 --- [ol-107-thread-2] .t.t.s.TourGuideClientRewardsServiceImpl : Service - Distance calculated: 8122.699839600354
2021-11-27 20:34:20.844  INFO 530588 --- [ool-59-thread-2] .t.t.s.TourGuideClientRewardsServiceImpl : Service - Distance calculated: 6075.973087804494
2021-11-27 20:34:20.844  INFO 530588 --- [ol-107-thread-2] .t.t.s.TourGuideClientRewardsServiceImpl : Service - Distance calculated: 7909.250952126647
2021-11-27 20:34:20.844  INFO 530588 --- [ool-59-thread-2] .t.t.s.TourGuideClientRewardsServiceImpl : Service - Distance calculated: 5975.006432455543
2021-11-27 20:34:20.844  INFO 530588 --- [ol-107-thread-2] .t.t.s.TourGuideClientRewardsServiceImpl : Service - Distance calculated: 8949.276186800735
2021-11-27 20:34:20.844  INFO 530588 --- [ool-59-thread-2] .t.t.s.TourGuideClientRewardsServiceImpl : Service - Distance calculated: 5571.81843419539
2021-11-27 20:34:20.844  INFO 530588 --- [ol-107-thread-2] .t.t.s.TourGuideClientRewardsServiceImpl : Service - Distance calculated: 8078.735663020445
2021-11-27 20:34:20.844  INFO 530588 --- [ool-59-thread-2] .t.t.s.TourGuideClientRewardsServiceImpl : Service - Distance calculated: 6537.016685860497
2021-11-27 20:34:20.844  INFO 530588 --- [ol-107-thread-2] .t.t.s.TourGuideClientRewardsServiceImpl : Service - Distance calculated: 8615.572471624468
2021-11-27 20:34:20.844  INFO 530588 --- [ool-59-thread-2] .t.t.s.TourGuideClientRewardsServiceImpl : Service - Distance calculated: 6323.357552056171
2021-11-27 20:34:20.844  INFO 530588 --- [ol-107-thread-2] .t.t.s.TourGuideClientRewardsServiceImpl : Service - Distance calculated: 8835.028699352268
2021-11-27 20:34:20.844  INFO 530588 --- [ool-59-thread-2] .t.t.s.TourGuideClientRewardsServiceImpl : Service - Distance calculated: 7725.285571112271
2021-11-27 20:34:20.841  INFO 530588 --- [ol-117-thread-2] .t.t.s.TourGuideClientRewardsServiceImpl : Service - Distance calculated: 4905.6157760195065
2021-11-27 20:34:20.841  INFO 530588 --- [ol-115-thread-2] .t.t.s.TourGuideClientRewardsServiceImpl : Service - Distance calculated: 5711.605393818935
2021-11-27 20:34:20.844  INFO 530588 --- [ol-117-thread-2] .t.t.s.TourGuideClientRewardsServiceImpl : Service - Distance calculated: 3730.8249436763736
2021-11-27 20:34:20.844  INFO 530588 --- [ol-115-thread-2] .t.t.s.TourGuideClientRewardsServiceImpl : Service - Distance calculated: 4650.549562219407
2021-11-27 20:34:20.844  INFO 530588 --- [ol-117-thread-2] .t.t.s.TourGuideClientRewardsServiceImpl : Service - Distance calculated: 5305.902476741013
2021-11-27 20:34:20.844  INFO 530588 --- [ol-115-thread-2] .t.t.s.TourGuideClientRewardsServiceImpl : Service - Distance calculated: 6624.0533221720425
2021-11-27 20:34:20.841  INFO 530588 --- [ool-69-thread-2] .t.t.s.TourGuideClientRewardsServiceImpl : Service - Distance calculated: 1474.622364121108
2021-11-27 20:34:20.844  INFO 530588 --- [ol-117-thread-2] .t.t.s.TourGuideClientRewardsServiceImpl : Service - Distance calculated: 4568.710903716179
2021-11-27 20:34:20.841 DEBUG 530588 --- [    Test worker] c.t.t.s.TourGuideClientServiceImpl       : Service - Visited location added for user: internalUser27
2021-11-27 20:34:20.841  INFO 530588 --- [ol-109-thread-2] .t.t.s.TourGuideClientRewardsServiceImpl : Service - Distance calculated: 10909.32368325653
2021-11-27 20:34:20.841  INFO 530588 --- [ool-95-thread-2] .t.t.s.TourGuideClientRewardsServiceImpl : Service - Distance calculated: 4495.602125731918
2021-11-27 20:34:20.844 DEBUG 530588 --- [    Test worker] c.t.t.s.TourGuideClientServiceImpl       : Service - Visited location added for user: internalUser26
2021-11-27 20:34:20.841  INFO 530588 --- [ool-46-thread-2] .t.t.s.TourGuideClientRewardsServiceImpl : Service - Distance calculated: 9862.639020106455
2021-11-27 20:34:20.844 DEBUG 530588 --- [    Test worker] c.t.t.s.TourGuideClientServiceImpl       : Service - Visited location added for user: internalUser29
2021-11-27 20:34:20.844  INFO 530588 --- [ool-95-thread-2] .t.t.s.TourGuideClientRewardsServiceImpl : Service - Distance calculated: 4640.417764939505
2021-11-27 20:34:20.841  INFO 530588 --- [ool-73-thread-2] .t.t.s.TourGuideClientRewardsServiceImpl : Service - Distance calculated: 8893.22316547626
2021-11-27 20:34:20.844  INFO 530588 --- [ool-95-thread-2] .t.t.s.TourGuideClientRewardsServiceImpl : Service - Distance calculated: 5999.765308195968
2021-11-27 20:34:20.844  INFO 530588 --- [ool-73-thread-2] .t.t.s.TourGuideClientRewardsServiceImpl : Service - Distance calculated: 9049.02547764134
2021-11-27 20:34:20.844  INFO 530588 --- [ool-95-thread-2] .t.t.s.TourGuideClientRewardsServiceImpl : Service - Distance calculated: 4052.7117545206875
2021-11-27 20:34:20.841  INFO 530588 --- [ol-118-thread-2] .t.t.s.TourGuideClientRewardsServiceImpl : Service - Distance calculated: 10365.57462908826
2021-11-27 20:34:20.844  INFO 530588 --- [ool-95-thread-2] .t.t.s.TourGuideClientRewardsServiceImpl : Service - Distance calculated: 4346.555829694383
2021-11-27 20:34:20.841  INFO 530588 --- [ool-82-thread-2] .t.t.s.TourGuideClientRewardsServiceImpl : Service - Distance calculated: 5646.165524574938
2021-11-27 20:34:20.844  INFO 530588 --- [ool-95-thread-2] .t.t.s.TourGuideClientRewardsServiceImpl : Service - Distance calculated: 4237.2301686038945
2021-11-27 20:34:20.841  INFO 530588 --- [ool-87-thread-2] .t.t.s.TourGuideClientRewardsServiceImpl : Service - Distance calculated: 3171.751488168893
2021-11-27 20:34:20.844  INFO 530588 --- [ool-95-thread-2] .t.t.s.TourGuideClientRewardsServiceImpl : Service - Distance calculated: 4663.354201241091
2021-11-27 20:34:20.841  INFO 530588 --- [ol-138-thread-2] .t.t.s.TourGuideClientRewardsServiceImpl : Service - Distance calculated: 4828.001603097526
2021-11-27 20:34:20.844  INFO 530588 --- [ool-95-thread-2] .t.t.s.TourGuideClientRewardsServiceImpl : Service - Distance calculated: 5545.85946165957
2021-11-27 20:34:20.841  INFO 530588 --- [ol-134-thread-2] .t.t.s.TourGuideClientRewardsServiceImpl : Service - Distance calculated: 3769.0175300110423
2021-11-27 20:34:20.844  INFO 530588 --- [ol-138-thread-2] .t.t.s.TourGuideClientRewardsServiceImpl : Service - Distance calculated: 4413.125074459353
2021-11-27 20:34:20.841  INFO 530588 --- [ool-57-thread-2] .t.t.s.TourGuideClientRewardsServiceImpl : Service - Distance calculated: 7743.330951045576
2021-11-27 20:34:20.844  INFO 530588 --- [ol-138-thread-2] .t.t.s.TourGuideClientRewardsServiceImpl : Service - Distance calculated: 4451.775499566184
2021-11-27 20:34:20.841  INFO 530588 --- [ol-121-thread-2] .t.t.s.TourGuideClientRewardsServiceImpl : Service - Distance calculated: 2265.3726937080833
2021-11-27 20:34:20.844  INFO 530588 --- [ol-138-thread-2] .t.t.s.TourGuideClientRewardsServiceImpl : Service - Distance calculated: 4310.163135582652
2021-11-27 20:34:20.841  INFO 530588 --- [ol-103-thread-2] .t.t.s.TourGuideClientRewardsServiceImpl : Service - Distance calculated: 6452.469645717562
2021-11-27 20:34:20.841  INFO 530588 --- [ool-83-thread-2] .t.t.s.TourGuideClientRewardsServiceImpl : Service - Distance calculated: 5549.63507071886
2021-11-27 20:34:20.841  INFO 530588 --- [ool-64-thread-2] .t.t.s.TourGuideClientRewardsServiceImpl : Service - Distance calculated: 6453.097569052995
2021-11-27 20:34:20.844  INFO 530588 --- [ool-83-thread-2] .t.t.s.TourGuideClientRewardsServiceImpl : Service - Distance calculated: 6503.884596140505
2021-11-27 20:34:20.841  INFO 530588 --- [ool-85-thread-2] .t.t.s.TourGuideClientRewardsServiceImpl : Service - Distance calculated: 6625.354314595443
2021-11-27 20:34:20.844  INFO 530588 --- [ool-83-thread-2] .t.t.s.TourGuideClientRewardsServiceImpl : Service - Distance calculated: 6171.903189147534
2021-11-27 20:34:20.841  INFO 530588 --- [ol-142-thread-2] .t.t.s.TourGuideClientRewardsServiceImpl : Service - Distance calculated: 8133.459615332422
2021-11-27 20:34:20.841  INFO 530588 --- [ol-129-thread-2] .t.t.s.TourGuideClientRewardsServiceImpl : Service - Distance calculated: 6970.587771410729
2021-11-27 20:34:20.841  INFO 530588 --- [ool-43-thread-2] .t.t.s.TourGuideClientRewardsServiceImpl : Service - Distance calculated: 4018.840710860694
2021-11-27 20:34:20.841  INFO 530588 --- [ol-122-thread-2] .t.t.s.TourGuideClientRewardsServiceImpl : Service - Distance calculated: 3386.4638229501306
2021-11-27 20:34:20.845  INFO 530588 --- [ol-142-thread-2] .t.t.s.TourGuideClientRewardsServiceImpl : Service - Distance calculated: 8221.96589942134
2021-11-27 20:34:20.845  INFO 530588 --- [ol-129-thread-2] .t.t.s.TourGuideClientRewardsServiceImpl : Service - Distance calculated: 7063.377702841488
2021-11-27 20:34:20.845  INFO 530588 --- [ol-122-thread-2] .t.t.s.TourGuideClientRewardsServiceImpl : Service - Distance calculated: 2311.228063394726
2021-11-27 20:34:20.841  INFO 530588 --- [ool-71-thread-2] .t.t.s.TourGuideClientRewardsServiceImpl : Service - Distance calculated: 4010.3159815606764
2021-11-27 20:34:20.845  INFO 530588 --- [ol-142-thread-2] .t.t.s.TourGuideClientRewardsServiceImpl : Service - Distance calculated: 7730.519226520658
2021-11-27 20:34:20.845  INFO 530588 --- [ool-71-thread-2] .t.t.s.TourGuideClientRewardsServiceImpl : Service - Distance calculated: 4950.687011959151
2021-11-27 20:34:20.842  INFO 530588 --- [ool-56-thread-2] .t.t.s.TourGuideClientRewardsServiceImpl : Service - Distance calculated: 6437.230610208648
2021-11-27 20:34:20.845  INFO 530588 --- [ool-71-thread-2] .t.t.s.TourGuideClientRewardsServiceImpl : Service - Distance calculated: 6879.684332898475
2021-11-27 20:34:20.842  INFO 530588 --- [ool-68-thread-2] .t.t.s.TourGuideClientRewardsServiceImpl : Service - Distance calculated: 10502.292179925813
2021-11-27 20:34:20.845  INFO 530588 --- [ool-71-thread-2] .t.t.s.TourGuideClientRewardsServiceImpl : Service - Distance calculated: 6112.4643213384425
2021-11-27 20:34:20.842  INFO 530588 --- [ool-88-thread-2] .t.t.s.TourGuideClientRewardsServiceImpl : Service - Distance calculated: 7679.232932308704
2021-11-27 20:34:20.845  INFO 530588 --- [ool-71-thread-2] .t.t.s.TourGuideClientRewardsServiceImpl : Service - Distance calculated: 6746.4260851859535
2021-11-27 20:34:20.842  INFO 530588 --- [ol-130-thread-2] .t.t.s.TourGuideClientRewardsServiceImpl : Service - Distance calculated: 7338.702980652186
2021-11-27 20:34:20.845  INFO 530588 --- [ool-68-thread-2] .t.t.s.TourGuideClientRewardsServiceImpl : Service - Distance calculated: 9810.059076788571
2021-11-27 20:34:20.842  INFO 530588 --- [ool-61-thread-2] .t.t.s.TourGuideClientRewardsServiceImpl : Service - Distance calculated: 7193.792255987868
2021-11-27 20:34:20.845  INFO 530588 --- [ool-68-thread-2] .t.t.s.TourGuideClientRewardsServiceImpl : Service - Distance calculated: 9003.982448599727
2021-11-27 20:34:20.845  INFO 530588 --- [ool-61-thread-2] .t.t.s.TourGuideClientRewardsServiceImpl : Service - Distance calculated: 5983.309195768096
2021-11-27 20:34:20.845  INFO 530588 --- [ool-68-thread-2] .t.t.s.TourGuideClientRewardsServiceImpl : Service - Distance calculated: 9867.365063586189
2021-11-27 20:34:20.842  INFO 530588 --- [ool-51-thread-2] .t.t.s.TourGuideClientRewardsServiceImpl : Service - Distance calculated: 7222.001184887707
2021-11-27 20:34:20.845  INFO 530588 --- [ool-68-thread-2] .t.t.s.TourGuideClientRewardsServiceImpl : Service - Distance calculated: 6360.042523079278
2021-11-27 20:34:20.845  INFO 530588 --- [ool-51-thread-2] .t.t.s.TourGuideClientRewardsServiceImpl : Service - Distance calculated: 7664.605310306621
2021-11-27 20:34:20.842  INFO 530588 --- [ol-104-thread-2] .t.t.s.TourGuideClientRewardsServiceImpl : Service - Distance calculated: 9599.531961793276
2021-11-27 20:34:20.842  INFO 530588 --- [ol-137-thread-2] .t.t.s.TourGuideClientRewardsServiceImpl : Service - Distance calculated: 2177.586847757519
2021-11-27 20:34:20.845  INFO 530588 --- [ol-104-thread-2] .t.t.s.TourGuideClientRewardsServiceImpl : Service - Distance calculated: 9316.623633366677
2021-11-27 20:34:20.842  INFO 530588 --- [ool-78-thread-2] .t.t.s.TourGuideClientRewardsServiceImpl : Service - Distance calculated: 4072.527899028204
2021-11-27 20:34:20.845  INFO 530588 --- [ol-137-thread-2] .t.t.s.TourGuideClientRewardsServiceImpl : Service - Distance calculated: 1988.398442807453
2021-11-27 20:34:20.842  INFO 530588 --- [ool-70-thread-2] .t.t.s.TourGuideClientRewardsServiceImpl : Service - Distance calculated: 804.359130809194
2021-11-27 20:34:20.842  INFO 530588 --- [ol-119-thread-2] .t.t.s.TourGuideClientRewardsServiceImpl : Service - Distance calculated: 1092.992884059443
2021-11-27 20:34:20.845  INFO 530588 --- [ool-70-thread-2] .t.t.s.TourGuideClientRewardsServiceImpl : Service - Distance calculated: 561.4693577405012
2021-11-27 20:34:20.842  INFO 530588 --- [ool-67-thread-2] .t.t.s.TourGuideClientRewardsServiceImpl : Service - Distance calculated: 5219.58566255024
2021-11-27 20:34:20.845  INFO 530588 --- [ool-70-thread-2] .t.t.s.TourGuideClientRewardsServiceImpl : Service - Distance calculated: 1058.088460153456
2021-11-27 20:34:20.842  INFO 530588 --- [ool-62-thread-2] .t.t.s.TourGuideClientRewardsServiceImpl : Service - Distance calculated: 9604.70230765285
2021-11-27 20:34:20.842  INFO 530588 --- [ool-81-thread-2] .t.t.s.TourGuideClientRewardsServiceImpl : Service - Distance calculated: 8934.273960231383
2021-11-27 20:34:20.845  INFO 530588 --- [ool-62-thread-2] .t.t.s.TourGuideClientRewardsServiceImpl : Service - Distance calculated: 9350.369707108945
2021-11-27 20:34:20.842  INFO 530588 --- [ool-72-thread-2] .t.t.s.TourGuideClientRewardsServiceImpl : Service - Distance calculated: 7297.14579330686
2021-11-27 20:34:20.842  INFO 530588 --- [ol-124-thread-2] .t.t.s.TourGuideClientRewardsServiceImpl : Service - Distance calculated: 6396.251038249024
2021-11-27 20:34:20.842  INFO 530588 --- [ool-86-thread-2] .t.t.s.TourGuideClientRewardsServiceImpl : Service - Distance calculated: 4286.211862508974
2021-11-27 20:34:20.842  INFO 530588 --- [ool-45-thread-2] .t.t.s.TourGuideClientRewardsServiceImpl : Service - Distance calculated: 8742.637485823172
2021-11-27 20:34:20.842  INFO 530588 --- [ol-140-thread-2] .t.t.s.TourGuideClientRewardsServiceImpl : Service - Distance calculated: 8049.968370505232
2021-11-27 20:34:20.842  INFO 530588 --- [ool-54-thread-2] .t.t.s.TourGuideClientRewardsServiceImpl : Service - Distance calculated: 4475.17402751699
2021-11-27 20:34:20.845  INFO 530588 --- [ool-45-thread-2] .t.t.s.TourGuideClientRewardsServiceImpl : Service - Distance calculated: 8931.825984870335
2021-11-27 20:34:20.845  INFO 530588 --- [ol-140-thread-2] .t.t.s.TourGuideClientRewardsServiceImpl : Service - Distance calculated: 6004.959221724704
2021-11-27 20:34:20.842  INFO 530588 --- [ool-55-thread-2] .t.t.s.TourGuideClientRewardsServiceImpl : Service - Distance calculated: 6951.526217372824
2021-11-27 20:34:20.845  INFO 530588 --- [ool-45-thread-2] .t.t.s.TourGuideClientRewardsServiceImpl : Service - Distance calculated: 8863.258987566727
2021-11-27 20:34:20.842  INFO 530588 --- [ol-135-thread-2] .t.t.s.TourGuideClientRewardsServiceImpl : Service - Distance calculated: 11013.45432437127
2021-11-27 20:34:20.842  INFO 530588 --- [ool-89-thread-2] .t.t.s.TourGuideClientRewardsServiceImpl : Service - Distance calculated: 5064.406899736813
2021-11-27 20:34:20.845  INFO 530588 --- [ol-135-thread-2] .t.t.s.TourGuideClientRewardsServiceImpl : Service - Distance calculated: 10981.97841804993
2021-11-27 20:34:20.845  INFO 530588 --- [ool-45-thread-2] .t.t.s.TourGuideClientRewardsServiceImpl : Service - Distance calculated: 8719.457097208766
2021-11-27 20:34:20.842  INFO 530588 --- [ool-74-thread-2] .t.t.s.TourGuideClientRewardsServiceImpl : Service - Distance calculated: 6834.677444160007
2021-11-27 20:34:20.842  INFO 530588 --- [ool-80-thread-2] .t.t.s.TourGuideClientRewardsServiceImpl : Service - Distance calculated: 6906.18414708361
2021-11-27 20:34:20.842  INFO 530588 --- [ol-111-thread-2] .t.t.s.TourGuideClientRewardsServiceImpl : Service - Distance calculated: 3751.9729864319584
2021-11-27 20:34:20.842  INFO 530588 --- [ol-120-thread-2] .t.t.s.TourGuideClientRewardsServiceImpl : Service - Distance calculated: 7575.947445056802
2021-11-27 20:34:20.846  INFO 530588 --- [ool-80-thread-2] .t.t.s.TourGuideClientRewardsServiceImpl : Service - Distance calculated: 7626.14467777351
2021-11-27 20:34:20.842  INFO 530588 --- [ol-125-thread-2] .t.t.s.TourGuideClientRewardsServiceImpl : Service - Distance calculated: 2829.556236944793
2021-11-27 20:34:20.842  INFO 530588 --- [ol-113-thread-2] .t.t.s.TourGuideClientRewardsServiceImpl : Service - Distance calculated: 6928.505248373272
2021-11-27 20:34:20.846  INFO 530588 --- [ool-80-thread-2] .t.t.s.TourGuideClientRewardsServiceImpl : Service - Distance calculated: 6702.720139198671
2021-11-27 20:34:20.842  INFO 530588 --- [ool-47-thread-2] .t.t.s.TourGuideClientRewardsServiceImpl : Service - Distance calculated: 8950.974973199734
2021-11-27 20:34:20.846  INFO 530588 --- [ol-111-thread-2] .t.t.s.TourGuideClientRewardsServiceImpl : Service - Distance calculated: 3772.873648357378
2021-11-27 20:34:20.842  INFO 530588 --- [ool-63-thread-2] .t.t.s.TourGuideClientRewardsServiceImpl : Service - Distance calculated: 4979.715596319609
2021-11-27 20:34:20.846  INFO 530588 --- [ol-111-thread-2] .t.t.s.TourGuideClientRewardsServiceImpl : Service - Distance calculated: 4815.140667502015
2021-11-27 20:34:20.846  INFO 530588 --- [ool-63-thread-2] .t.t.s.TourGuideClientRewardsServiceImpl : Service - Distance calculated: 5929.287665222366
2021-11-27 20:34:20.842  INFO 530588 --- [ool-93-thread-2] .t.t.s.TourGuideClientRewardsServiceImpl : Service - Distance calculated: 7174.716323873358
2021-11-27 20:34:20.846  INFO 530588 --- [ool-63-thread-2] .t.t.s.TourGuideClientRewardsServiceImpl : Service - Distance calculated: 5601.938989910686
2021-11-27 20:34:20.843  INFO 530588 --- [ool-96-thread-2] .t.t.s.TourGuideClientRewardsServiceImpl : Service - Distance calculated: 4788.310698616786
2021-11-27 20:34:20.846  INFO 530588 --- [ool-63-thread-2] .t.t.s.TourGuideClientRewardsServiceImpl : Service - Distance calculated: 5631.088881668418
2021-11-27 20:34:20.846  INFO 530588 --- [ool-93-thread-2] .t.t.s.TourGuideClientRewardsServiceImpl : Service - Distance calculated: 7817.187449170728
2021-11-27 20:34:20.843  INFO 530588 --- [ool-50-thread-2] .t.t.s.TourGuideClientRewardsServiceImpl : Service - Distance calculated: 8929.453837651836
2021-11-27 20:34:20.846  INFO 530588 --- [ool-93-thread-2] .t.t.s.TourGuideClientRewardsServiceImpl : Service - Distance calculated: 8073.242275421079
2021-11-27 20:34:20.843  INFO 530588 --- [ol-141-thread-2] .t.t.s.TourGuideClientRewardsServiceImpl : Service - Distance calculated: 1551.1334929770428
2021-11-27 20:34:20.846  INFO 530588 --- [ool-93-thread-2] .t.t.s.TourGuideClientRewardsServiceImpl : Service - Distance calculated: 8165.837923153599
2021-11-27 20:34:20.843  INFO 530588 --- [ol-133-thread-2] .t.t.s.TourGuideClientRewardsServiceImpl : Service - Distance calculated: 4849.4871508612305
2021-11-27 20:34:20.846  INFO 530588 --- [ool-93-thread-2] .t.t.s.TourGuideClientRewardsServiceImpl : Service - Distance calculated: 7782.358344393183
2021-11-27 20:34:20.843  INFO 530588 --- [ool-92-thread-2] .t.t.s.TourGuideClientRewardsServiceImpl : Service - Distance calculated: 1946.5389772250073
2021-11-27 20:34:20.846  INFO 530588 --- [ool-93-thread-2] .t.t.s.TourGuideClientRewardsServiceImpl : Service - Distance calculated: 7177.704052135649
2021-11-27 20:34:20.843  INFO 530588 --- [ool-79-thread-2] .t.t.s.TourGuideClientRewardsServiceImpl : Service - Distance calculated: 6052.484371899392
2021-11-27 20:34:20.846  INFO 530588 --- [ool-93-thread-2] .t.t.s.TourGuideClientRewardsServiceImpl : Service - Distance calculated: 8926.705309050174
2021-11-27 20:34:20.846  INFO 530588 --- [ool-92-thread-2] .t.t.s.TourGuideClientRewardsServiceImpl : Service - Distance calculated: 1793.2621019421845
2021-11-27 20:34:20.843  INFO 530588 --- [ol-102-thread-2] .t.t.s.TourGuideClientRewardsServiceImpl : Service - Distance calculated: 4830.188194255911
2021-11-27 20:34:20.846  INFO 530588 --- [ool-92-thread-2] .t.t.s.TourGuideClientRewardsServiceImpl : Service - Distance calculated: 1836.7543007520785
2021-11-27 20:34:20.843  INFO 530588 --- [ool-98-thread-2] .t.t.s.TourGuideClientRewardsServiceImpl : Service - Distance calculated: 1922.1331434987376
2021-11-27 20:34:20.846  INFO 530588 --- [ol-102-thread-2] .t.t.s.TourGuideClientRewardsServiceImpl : Service - Distance calculated: 4546.799983850369
2021-11-27 20:34:20.843  INFO 530588 --- [ol-114-thread-2] .t.t.s.TourGuideClientRewardsServiceImpl : Service - Distance calculated: 2511.4512791856278
2021-11-27 20:34:20.846  INFO 530588 --- [ool-98-thread-2] .t.t.s.TourGuideClientRewardsServiceImpl : Service - Distance calculated: 899.2544591866773
2021-11-27 20:34:20.843  INFO 530588 --- [ol-105-thread-2] .t.t.s.TourGuideClientRewardsServiceImpl : Service - Distance calculated: 3958.051360170663
2021-11-27 20:34:20.843  INFO 530588 --- [ol-116-thread-2] .t.t.s.TourGuideClientRewardsServiceImpl : Service - Distance calculated: 4143.17278670254
2021-11-27 20:34:20.846  INFO 530588 --- [ol-105-thread-2] .t.t.s.TourGuideClientRewardsServiceImpl : Service - Distance calculated: 3856.264179567109
2021-11-27 20:34:20.843  INFO 530588 --- [ool-52-thread-2] .t.t.s.TourGuideClientRewardsServiceImpl : Service - Distance calculated: 8517.248256903713
2021-11-27 20:34:20.843  INFO 530588 --- [ool-99-thread-2] .t.t.s.TourGuideClientRewardsServiceImpl : Service - Distance calculated: 6791.2411072840505
2021-11-27 20:34:20.843  INFO 530588 --- [ool-90-thread-2] .t.t.s.TourGuideClientRewardsServiceImpl : Service - Distance calculated: 3110.045607117015
2021-11-27 20:34:20.846  INFO 530588 --- [ool-52-thread-2] .t.t.s.TourGuideClientRewardsServiceImpl : Service - Distance calculated: 8290.201560247659
2021-11-27 20:34:20.846  INFO 530588 --- [ool-99-thread-2] .t.t.s.TourGuideClientRewardsServiceImpl : Service - Distance calculated: 6009.717074159418
2021-11-27 20:34:20.843  INFO 530588 --- [ol-128-thread-2] .t.t.s.TourGuideClientRewardsServiceImpl : Service - Distance calculated: 4904.337167597466
2021-11-27 20:34:20.843  INFO 530588 --- [ol-106-thread-2] .t.t.s.TourGuideClientRewardsServiceImpl : Service - Distance calculated: 9444.637564100973
2021-11-27 20:34:20.843  INFO 530588 --- [ol-112-thread-2] .t.t.s.TourGuideClientRewardsServiceImpl : Service - Distance calculated: 10147.124154648927
2021-11-27 20:34:20.846  INFO 530588 --- [ol-128-thread-2] .t.t.s.TourGuideClientRewardsServiceImpl : Service - Distance calculated: 4669.873249819389
2021-11-27 20:34:20.846  INFO 530588 --- [ol-106-thread-2] .t.t.s.TourGuideClientRewardsServiceImpl : Service - Distance calculated: 9046.968068250728
2021-11-27 20:34:20.846  INFO 530588 --- [ol-112-thread-2] .t.t.s.TourGuideClientRewardsServiceImpl : Service - Distance calculated: 5577.4025053669875
2021-11-27 20:34:20.843  INFO 530588 --- [ool-58-thread-2] .t.t.s.TourGuideClientRewardsServiceImpl : Service - Distance calculated: 4405.683259785363
2021-11-27 20:34:20.843  INFO 530588 --- [ool-91-thread-2] .t.t.s.TourGuideClientRewardsServiceImpl : Service - Distance calculated: 9587.29436937299
2021-11-27 20:34:20.846  INFO 530588 --- [ool-58-thread-2] .t.t.s.TourGuideClientRewardsServiceImpl : Service - Distance calculated: 4304.3290574070215
2021-11-27 20:34:20.843  INFO 530588 --- [ol-126-thread-2] .t.t.s.TourGuideClientRewardsServiceImpl : Service - Distance calculated: 7466.509344973999
2021-11-27 20:34:20.846  INFO 530588 --- [ool-91-thread-2] .t.t.s.TourGuideClientRewardsServiceImpl : Service - Distance calculated: 10019.104140166915
2021-11-27 20:34:20.843  INFO 530588 --- [ool-53-thread-2] .t.t.s.TourGuideClientRewardsServiceImpl : Service - Distance calculated: 7467.705515672342
2021-11-27 20:34:20.846  INFO 530588 --- [ol-126-thread-2] .t.t.s.TourGuideClientRewardsServiceImpl : Service - Distance calculated: 7595.700406448837
2021-11-27 20:34:20.843  INFO 530588 --- [ool-75-thread-2] .t.t.s.TourGuideClientRewardsServiceImpl : Service - Distance calculated: 8195.824638979226
2021-11-27 20:34:20.843  INFO 530588 --- [ool-94-thread-2] .t.t.s.TourGuideClientRewardsServiceImpl : Service - Distance calculated: 4403.156507679043
2021-11-27 20:34:20.846  INFO 530588 --- [ool-53-thread-2] .t.t.s.TourGuideClientRewardsServiceImpl : Service - Distance calculated: 7464.53392273493
2021-11-27 20:34:20.846  INFO 530588 --- [ool-75-thread-2] .t.t.s.TourGuideClientRewardsServiceImpl : Service - Distance calculated: 8730.652008965277
2021-11-27 20:34:20.847  INFO 530588 --- [ool-94-thread-2] .t.t.s.TourGuideClientRewardsServiceImpl : Service - Distance calculated: 4492.179099559287
2021-11-27 20:34:20.843  INFO 530588 --- [ool-77-thread-2] .t.t.s.TourGuideClientRewardsServiceImpl : Service - Distance calculated: 10488.97475232563
2021-11-27 20:34:20.847  INFO 530588 --- [ool-94-thread-2] .t.t.s.TourGuideClientRewardsServiceImpl : Service - Distance calculated: 4293.533641480684
2021-11-27 20:34:20.843  INFO 530588 --- [ol-139-thread-2] .t.t.s.TourGuideClientRewardsServiceImpl : Service - Distance calculated: 4321.809718220653
2021-11-27 20:34:20.843  INFO 530588 --- [ool-49-thread-2] .t.t.s.TourGuideClientRewardsServiceImpl : Service - Distance calculated: 9300.97840724614
2021-11-27 20:34:20.843  INFO 530588 --- [ool-60-thread-2] .t.t.s.TourGuideClientRewardsServiceImpl : Service - Distance calculated: 722.5445448821245
2021-11-27 20:34:20.843  INFO 530588 --- [ool-66-thread-2] .t.t.s.TourGuideClientRewardsServiceImpl : Service - Distance calculated: 2639.1794682654468
2021-11-27 20:34:20.847  INFO 530588 --- [ool-60-thread-2] .t.t.s.TourGuideClientRewardsServiceImpl : Service - Distance calculated: 1358.6866988351394
2021-11-27 20:34:20.843  INFO 530588 --- [ool-48-thread-2] .t.t.s.TourGuideClientRewardsServiceImpl : Service - Distance calculated: 4292.471587547264
2021-11-27 20:34:20.847  INFO 530588 --- [ool-66-thread-2] .t.t.s.TourGuideClientRewardsServiceImpl : Service - Distance calculated: 4679.106752269723
2021-11-27 20:34:20.844  INFO 530588 --- [ol-123-thread-2] .t.t.s.TourGuideClientRewardsServiceImpl : Service - Distance calculated: 6517.668111078991
2021-11-27 20:34:20.844  INFO 530588 --- [ol-136-thread-2] .t.t.s.TourGuideClientRewardsServiceImpl : Service - Distance calculated: 6209.7861793560305
2021-11-27 20:34:20.844  INFO 530588 --- [ol-127-thread-2] .t.t.s.TourGuideClientRewardsServiceImpl : Service - Distance calculated: 3799.226344145238
2021-11-27 20:34:20.847  INFO 530588 --- [ol-136-thread-2] .t.t.s.TourGuideClientRewardsServiceImpl : Service - Distance calculated: 6908.563341140057
2021-11-27 20:34:20.844  INFO 530588 --- [ol-101-thread-2] .t.t.s.TourGuideClientRewardsServiceImpl : Service - Distance calculated: 9300.072981582029
2021-11-27 20:34:20.847  INFO 530588 --- [ol-127-thread-2] .t.t.s.TourGuideClientRewardsServiceImpl : Service - Distance calculated: 4016.03377198122
2021-11-27 20:34:20.844  INFO 530588 --- [ol-131-thread-2] .t.t.s.TourGuideClientRewardsServiceImpl : Service - Distance calculated: 6763.0213785768465
2021-11-27 20:34:20.847  INFO 530588 --- [ol-127-thread-2] .t.t.s.TourGuideClientRewardsServiceImpl : Service - Distance calculated: 3637.830051934195
2021-11-27 20:34:20.847  INFO 530588 --- [ol-101-thread-2] .t.t.s.TourGuideClientRewardsServiceImpl : Service - Distance calculated: 9140.925606223806
2021-11-27 20:34:20.847  INFO 530588 --- [ol-127-thread-2] .t.t.s.TourGuideClientRewardsServiceImpl : Service - Distance calculated: 4353.618345079758
2021-11-27 20:34:20.847  INFO 530588 --- [ol-131-thread-2] .t.t.s.TourGuideClientRewardsServiceImpl : Service - Distance calculated: 6761.916584566637
2021-11-27 20:34:20.844  INFO 530588 --- [ool-44-thread-2] .t.t.s.TourGuideClientRewardsServiceImpl : Service - Distance calculated: 10499.271616642627
2021-11-27 20:34:20.847  INFO 530588 --- [ol-127-thread-2] .t.t.s.TourGuideClientRewardsServiceImpl : Service - Distance calculated: 3514.409938998243
2021-11-27 20:34:20.847  INFO 530588 --- [ol-131-thread-2] .t.t.s.TourGuideClientRewardsServiceImpl : Service - Distance calculated: 7739.4370734634895
2021-11-27 20:34:20.847  INFO 530588 --- [ol-127-thread-2] .t.t.s.TourGuideClientRewardsServiceImpl : Service - Distance calculated: 3821.1098959923233
2021-11-27 20:34:20.847  INFO 530588 --- [ool-44-thread-2] .t.t.s.TourGuideClientRewardsServiceImpl : Service - Distance calculated: 10585.171965259307
2021-11-27 20:34:20.847  INFO 530588 --- [ol-127-thread-2] .t.t.s.TourGuideClientRewardsServiceImpl : Service - Distance calculated: 3469.8516994007796
2021-11-27 20:34:20.844  INFO 530588 --- [ool-65-thread-2] .t.t.s.TourGuideClientRewardsServiceImpl : Service - Distance calculated: 6685.648646036432
2021-11-27 20:34:20.844  INFO 530588 --- [ol-110-thread-2] .t.t.s.TourGuideClientRewardsServiceImpl : Service - Distance calculated: 452.9057342070859
2021-11-27 20:34:20.844  INFO 530588 --- [ol-100-thread-2] .t.t.s.TourGuideClientRewardsServiceImpl : Service - Distance calculated: 7955.966205722359
2021-11-27 20:34:20.847  INFO 530588 --- [ool-65-thread-2] .t.t.s.TourGuideClientRewardsServiceImpl : Service - Distance calculated: 6308.016421250842
2021-11-27 20:34:20.844  INFO 530588 --- [ool-97-thread-2] .t.t.s.TourGuideClientRewardsServiceImpl : Service - Distance calculated: 2348.715724687963
2021-11-27 20:34:20.844  INFO 530588 --- [ol-107-thread-2] .t.t.s.TourGuideClientRewardsServiceImpl : Service - Distance calculated: 7941.450700405076
2021-11-27 20:34:20.844  INFO 530588 --- [ool-59-thread-2] .t.t.s.TourGuideClientRewardsServiceImpl : Service - Distance calculated: 6788.751153724142
2021-11-27 20:34:20.847  INFO 530588 --- [ol-107-thread-2] .t.t.s.TourGuideClientRewardsServiceImpl : Service - Distance calculated: 7866.0908950258645
2021-11-27 20:34:20.844  INFO 530588 --- [ol-115-thread-2] .t.t.s.TourGuideClientRewardsServiceImpl : Service - Distance calculated: 5795.56301336226
2021-11-27 20:34:20.847  INFO 530588 --- [ol-107-thread-2] .t.t.s.TourGuideClientRewardsServiceImpl : Service - Distance calculated: 8000.155212018771
2021-11-27 20:34:20.844  INFO 530588 --- [ol-117-thread-2] .t.t.s.TourGuideClientRewardsServiceImpl : Service - Distance calculated: 3895.133372021139
2021-11-27 20:34:20.847  INFO 530588 --- [ol-107-thread-2] .t.t.s.TourGuideClientRewardsServiceImpl : Service - Distance calculated: 7819.9259321856325
2021-11-27 20:34:20.844  INFO 530588 --- [ool-69-thread-2] .t.t.s.TourGuideClientRewardsServiceImpl : Service - Distance calculated: 1401.898938831862
2021-11-27 20:34:20.847  INFO 530588 --- [ol-107-thread-2] .t.t.s.TourGuideClientRewardsServiceImpl : Service - Distance calculated: 7780.450015932608
2021-11-27 20:34:20.844  INFO 530588 --- [ol-109-thread-2] .t.t.s.TourGuideClientRewardsServiceImpl : Service - Distance calculated: 10870.354304199218
2021-11-27 20:34:20.847  INFO 530588 --- [ol-107-thread-2] .t.t.s.TourGuideClientRewardsServiceImpl : Service - Distance calculated: 6951.679753151739
2021-11-27 20:34:20.844  INFO 530588 --- [ool-46-thread-2] .t.t.s.TourGuideClientRewardsServiceImpl : Service - Distance calculated: 10390.843871575036
2021-11-27 20:34:20.847  INFO 530588 --- [ol-107-thread-2] .t.t.s.TourGuideClientRewardsServiceImpl : Service - Distance calculated: 6885.310362025005
2021-11-27 20:34:20.844 DEBUG 530588 --- [    Test worker] c.t.t.s.TourGuideClientServiceImpl       : Service - Visited location added for user: internalUser28
2021-11-27 20:34:20.847  INFO 530588 --- [ol-107-thread-2] .t.t.s.TourGuideClientRewardsServiceImpl : Service - Distance calculated: 7446.249560834262
2021-11-27 20:34:20.844  INFO 530588 --- [ool-73-thread-2] .t.t.s.TourGuideClientRewardsServiceImpl : Service - Distance calculated: 9232.85573352519
2021-11-27 20:34:20.844  INFO 530588 --- [ol-118-thread-2] .t.t.s.TourGuideClientRewardsServiceImpl : Service - Distance calculated: 8319.244867255005
2021-11-27 20:34:20.844  INFO 530588 --- [ool-82-thread-2] .t.t.s.TourGuideClientRewardsServiceImpl : Service - Distance calculated: 6874.602541056538
2021-11-27 20:34:20.844  INFO 530588 --- [ool-87-thread-2] .t.t.s.TourGuideClientRewardsServiceImpl : Service - Distance calculated: 1700.8644576562065
2021-11-27 20:34:20.844  INFO 530588 --- [ool-95-thread-2] .t.t.s.TourGuideClientRewardsServiceImpl : Service - Distance calculated: 4918.265731720514
2021-11-27 20:34:20.848  INFO 530588 --- [ool-87-thread-2] .t.t.s.TourGuideClientRewardsServiceImpl : Service - Distance calculated: 2719.494377684109
2021-11-27 20:34:20.848  INFO 530588 --- [ool-87-thread-2] .t.t.s.TourGuideClientRewardsServiceImpl : Service - Distance calculated: 2630.193232140653
2021-11-27 20:34:20.848  INFO 530588 --- [ool-87-thread-2] .t.t.s.TourGuideClientRewardsServiceImpl : Service - Distance calculated: 2629.38540472877
2021-11-27 20:34:20.844  INFO 530588 --- [ol-134-thread-2] .t.t.s.TourGuideClientRewardsServiceImpl : Service - Distance calculated: 3280.932271255386
2021-11-27 20:34:20.844  INFO 530588 --- [ool-57-thread-2] .t.t.s.TourGuideClientRewardsServiceImpl : Service - Distance calculated: 7741.175755417062
2021-11-27 20:34:20.844  INFO 530588 --- [ol-138-thread-2] .t.t.s.TourGuideClientRewardsServiceImpl : Service - Distance calculated: 4343.435275435751
2021-11-27 20:34:20.848  INFO 530588 --- [ool-57-thread-2] .t.t.s.TourGuideClientRewardsServiceImpl : Service - Distance calculated: 8548.98399411219
2021-11-27 20:34:20.848  INFO 530588 --- [ool-57-thread-2] .t.t.s.TourGuideClientRewardsServiceImpl : Service - Distance calculated: 8707.68239835812
2021-11-27 20:34:20.848  INFO 530588 --- [ool-57-thread-2] .t.t.s.TourGuideClientRewardsServiceImpl : Service - Distance calculated: 8348.861042539233
2021-11-27 20:34:20.844  INFO 530588 --- [ol-121-thread-2] .t.t.s.TourGuideClientRewardsServiceImpl : Service - Distance calculated: 2414.0188617565823
2021-11-27 20:34:20.844  INFO 530588 --- [ol-103-thread-2] .t.t.s.TourGuideClientRewardsServiceImpl : Service - Distance calculated: 5957.533469169021
2021-11-27 20:34:20.848  INFO 530588 --- [ol-121-thread-2] .t.t.s.TourGuideClientRewardsServiceImpl : Service - Distance calculated: 2737.6059249579707
2021-11-27 20:34:20.844  INFO 530588 --- [ool-64-thread-2] .t.t.s.TourGuideClientRewardsServiceImpl : Service - Distance calculated: 9618.500819231751
2021-11-27 20:34:20.845  INFO 530588 --- [ool-43-thread-2] .t.t.s.TourGuideClientRewardsServiceImpl : Service - Distance calculated: 4282.269228967882
2021-11-27 20:34:20.848  INFO 530588 --- [ol-103-thread-2] .t.t.s.TourGuideClientRewardsServiceImpl : Service - Distance calculated: 6919.265889449287
2021-11-27 20:34:20.848  INFO 530588 --- [ool-43-thread-2] .t.t.s.TourGuideClientRewardsServiceImpl : Service - Distance calculated: 3916.1730325973194
2021-11-27 20:34:20.848  INFO 530588 --- [ol-103-thread-2] .t.t.s.TourGuideClientRewardsServiceImpl : Service - Distance calculated: 7372.530579654865
2021-11-27 20:34:20.845  INFO 530588 --- [ool-83-thread-2] .t.t.s.TourGuideClientRewardsServiceImpl : Service - Distance calculated: 6204.845301373779
2021-11-27 20:34:20.845  INFO 530588 --- [ool-85-thread-2] .t.t.s.TourGuideClientRewardsServiceImpl : Service - Distance calculated: 6387.244555538127
2021-11-27 20:34:20.848  INFO 530588 --- [ol-103-thread-2] .t.t.s.TourGuideClientRewardsServiceImpl : Service - Distance calculated: 8145.661163690934
2021-11-27 20:34:20.848  INFO 530588 --- [ool-83-thread-2] .t.t.s.TourGuideClientRewardsServiceImpl : Service - Distance calculated: 6151.854222218501
2021-11-27 20:34:20.848  INFO 530588 --- [ool-85-thread-2] .t.t.s.TourGuideClientRewardsServiceImpl : Service - Distance calculated: 6863.01399090258
2021-11-27 20:34:20.848  INFO 530588 --- [ool-83-thread-2] .t.t.s.TourGuideClientRewardsServiceImpl : Service - Distance calculated: 6451.759480526443
2021-11-27 20:34:20.845  INFO 530588 --- [ol-129-thread-2] .t.t.s.TourGuideClientRewardsServiceImpl : Service - Distance calculated: 7157.822072427164
2021-11-27 20:34:20.848  INFO 530588 --- [ool-83-thread-2] .t.t.s.TourGuideClientRewardsServiceImpl : Service - Distance calculated: 7556.083245291015
2021-11-27 20:34:20.848  INFO 530588 --- [ool-83-thread-2] .t.t.s.TourGuideClientRewardsServiceImpl : Service - Distance calculated: 5706.024445727244
2021-11-27 20:34:20.848  INFO 530588 --- [ool-83-thread-2] .t.t.s.TourGuideClientRewardsServiceImpl : Service - Distance calculated: 6023.987092053889
2021-11-27 20:34:20.845  INFO 530588 --- [ol-122-thread-2] .t.t.s.TourGuideClientRewardsServiceImpl : Service - Distance calculated: 3455.732873341911
2021-11-27 20:34:20.845  INFO 530588 --- [ol-142-thread-2] .t.t.s.TourGuideClientRewardsServiceImpl : Service - Distance calculated: 7828.183555220219
2021-11-27 20:34:20.848  INFO 530588 --- [ol-122-thread-2] .t.t.s.TourGuideClientRewardsServiceImpl : Service - Distance calculated: 2793.673402871485
2021-11-27 20:34:20.845  INFO 530588 --- [ool-56-thread-2] .t.t.s.TourGuideClientRewardsServiceImpl : Service - Distance calculated: 7496.086895584507
2021-11-27 20:34:20.848  INFO 530588 --- [ol-122-thread-2] .t.t.s.TourGuideClientRewardsServiceImpl : Service - Distance calculated: 2431.948511799725
2021-11-27 20:34:20.845  INFO 530588 --- [ool-88-thread-2] .t.t.s.TourGuideClientRewardsServiceImpl : Service - Distance calculated: 7403.580874015922
2021-11-27 20:34:20.845  INFO 530588 --- [ool-71-thread-2] .t.t.s.TourGuideClientRewardsServiceImpl : Service - Distance calculated: 6835.604525386703
2021-11-27 20:34:20.848  INFO 530588 --- [ool-56-thread-2] .t.t.s.TourGuideClientRewardsServiceImpl : Service - Distance calculated: 5526.280836432628
2021-11-27 20:34:20.848  INFO 530588 --- [ool-71-thread-2] .t.t.s.TourGuideClientRewardsServiceImpl : Service - Distance calculated: 6090.629753381177
2021-11-27 20:34:20.848  INFO 530588 --- [ool-56-thread-2] .t.t.s.TourGuideClientRewardsServiceImpl : Service - Distance calculated: 6353.608245266023
2021-11-27 20:34:20.848  INFO 530588 --- [ool-71-thread-2] .t.t.s.TourGuideClientRewardsServiceImpl : Service - Distance calculated: 6182.543537528414
2021-11-27 20:34:20.845  INFO 530588 --- [ol-130-thread-2] .t.t.s.TourGuideClientRewardsServiceImpl : Service - Distance calculated: 7612.332619028355
2021-11-27 20:34:20.848  INFO 530588 --- [ol-130-thread-2] .t.t.s.TourGuideClientRewardsServiceImpl : Service - Distance calculated: 8229.542001114254
2021-11-27 20:34:20.848  INFO 530588 --- [ool-71-thread-2] .t.t.s.TourGuideClientRewardsServiceImpl : Service - Distance calculated: 6841.151592774886
2021-11-27 20:34:20.848  INFO 530588 --- [ol-130-thread-2] .t.t.s.TourGuideClientRewardsServiceImpl : Service - Distance calculated: 8652.891440944888
2021-11-27 20:34:20.848  INFO 530588 --- [ol-130-thread-2] .t.t.s.TourGuideClientRewardsServiceImpl : Service - Distance calculated: 7728.740615747117
2021-11-27 20:34:20.845  INFO 530588 --- [ool-61-thread-2] .t.t.s.TourGuideClientRewardsServiceImpl : Service - Distance calculated: 8020.238730248698
2021-11-27 20:34:20.845  INFO 530588 --- [ool-51-thread-2] .t.t.s.TourGuideClientRewardsServiceImpl : Service - Distance calculated: 7733.7102992634145
2021-11-27 20:34:20.845  INFO 530588 --- [ool-68-thread-2] .t.t.s.TourGuideClientRewardsServiceImpl : Service - Distance calculated: 7022.145656033528
2021-11-27 20:34:20.845  INFO 530588 --- [ol-104-thread-2] .t.t.s.TourGuideClientRewardsServiceImpl : Service - Distance calculated: 9979.652838107679
2021-11-27 20:34:20.849  INFO 530588 --- [ool-68-thread-2] .t.t.s.TourGuideClientRewardsServiceImpl : Service - Distance calculated: 6444.281849998654
2021-11-27 20:34:20.845  INFO 530588 --- [ool-78-thread-2] .t.t.s.TourGuideClientRewardsServiceImpl : Service - Distance calculated: 3497.5296731834164
2021-11-27 20:34:20.845  INFO 530588 --- [ol-137-thread-2] .t.t.s.TourGuideClientRewardsServiceImpl : Service - Distance calculated: 2837.908178061701
2021-11-27 20:34:20.845  INFO 530588 --- [ool-67-thread-2] .t.t.s.TourGuideClientRewardsServiceImpl : Service - Distance calculated: 5004.4573999261665
2021-11-27 20:34:20.845  INFO 530588 --- [ool-70-thread-2] .t.t.s.TourGuideClientRewardsServiceImpl : Service - Distance calculated: 260.17509388826215
2021-11-27 20:34:20.849  INFO 530588 --- [ool-67-thread-2] .t.t.s.TourGuideClientRewardsServiceImpl : Service - Distance calculated: 5021.803139778149
2021-11-27 20:34:20.849  INFO 530588 --- [ool-70-thread-2] .t.t.s.TourGuideClientRewardsServiceImpl : Service - Distance calculated: 1005.324942686933
2021-11-27 20:34:20.849  INFO 530588 --- [ool-67-thread-2] .t.t.s.TourGuideClientRewardsServiceImpl : Service - Distance calculated: 4244.249842587131
2021-11-27 20:34:20.849  INFO 530588 --- [ool-70-thread-2] .t.t.s.TourGuideClientRewardsServiceImpl : Service - Distance calculated: 1096.6724813418173
2021-11-27 20:34:20.849  INFO 530588 --- [ool-67-thread-2] .t.t.s.TourGuideClientRewardsServiceImpl : Service - Distance calculated: 3957.5265732917246
2021-11-27 20:34:20.849  INFO 530588 --- [ool-70-thread-2] .t.t.s.TourGuideClientRewardsServiceImpl : Service - Distance calculated: 1852.65717069281
2021-11-27 20:34:20.849  INFO 530588 --- [ool-67-thread-2] .t.t.s.TourGuideClientRewardsServiceImpl : Service - Distance calculated: 4378.695391245285
2021-11-27 20:34:20.849  INFO 530588 --- [ool-70-thread-2] .t.t.s.TourGuideClientRewardsServiceImpl : Service - Distance calculated: 383.086678871433
2021-11-27 20:34:20.849  INFO 530588 --- [ool-67-thread-2] .t.t.s.TourGuideClientRewardsServiceImpl : Service - Distance calculated: 4110.889011790854
2021-11-27 20:34:20.849  INFO 530588 --- [ool-70-thread-2] .t.t.s.TourGuideClientRewardsServiceImpl : Service - Distance calculated: 735.7799984403213
2021-11-27 20:34:20.849  INFO 530588 --- [ool-67-thread-2] .t.t.s.TourGuideClientRewardsServiceImpl : Service - Distance calculated: 4644.60283789952
2021-11-27 20:34:20.849  INFO 530588 --- [ool-70-thread-2] .t.t.s.TourGuideClientRewardsServiceImpl : Service - Distance calculated: 1684.0545005181548
2021-11-27 20:34:20.849  INFO 530588 --- [ool-67-thread-2] .t.t.s.TourGuideClientRewardsServiceImpl : Service - Distance calculated: 4006.1305785687787
2021-11-27 20:34:20.849  INFO 530588 --- [ol-137-thread-2] .t.t.s.TourGuideClientRewardsServiceImpl : Service - Distance calculated: 2477.9912764028572
2021-11-27 20:34:20.845  INFO 530588 --- [ol-119-thread-2] .t.t.s.TourGuideClientRewardsServiceImpl : Service - Distance calculated: 1772.4253650540172
2021-11-27 20:34:20.845  INFO 530588 --- [ool-81-thread-2] .t.t.s.TourGuideClientRewardsServiceImpl : Service - Distance calculated: 10687.25498076501
2021-11-27 20:34:20.845  INFO 530588 --- [ool-72-thread-2] .t.t.s.TourGuideClientRewardsServiceImpl : Service - Distance calculated: 6236.711702346049
2021-11-27 20:34:20.849  INFO 530588 --- [ool-72-thread-2] .t.t.s.TourGuideClientRewardsServiceImpl : Service - Distance calculated: 6903.421763402156
2021-11-27 20:34:20.849  INFO 530588 --- [ol-119-thread-2] .t.t.s.TourGuideClientRewardsServiceImpl : Service - Distance calculated: 362.42652919058617
2021-11-27 20:34:20.845  INFO 530588 --- [ol-124-thread-2] .t.t.s.TourGuideClientRewardsServiceImpl : Service - Distance calculated: 5989.027438485401
2021-11-27 20:34:20.849  INFO 530588 --- [ol-119-thread-2] .t.t.s.TourGuideClientRewardsServiceImpl : Service - Distance calculated: 622.3558568805241
2021-11-27 20:34:20.845  INFO 530588 --- [ool-62-thread-2] .t.t.s.TourGuideClientRewardsServiceImpl : Service - Distance calculated: 5.8950310023474215E-5
2021-11-27 20:34:20.845  INFO 530588 --- [ool-54-thread-2] .t.t.s.TourGuideClientRewardsServiceImpl : Service - Distance calculated: 4420.590298911817
2021-11-27 20:34:20.845  INFO 530588 --- [ool-86-thread-2] .t.t.s.TourGuideClientRewardsServiceImpl : Service - Distance calculated: 2563.319323438383
2021-11-27 20:34:20.849  INFO 530588 --- [ool-54-thread-2] .t.t.s.TourGuideClientRewardsServiceImpl : Service - Distance calculated: 3952.4268104678995
2021-11-27 20:34:20.849  INFO 530588 --- [ool-54-thread-2] .t.t.s.TourGuideClientRewardsServiceImpl : Service - Distance calculated: 3859.2069136938035
2021-11-27 20:34:20.849  INFO 530588 --- [ool-86-thread-2] .t.t.s.TourGuideClientRewardsServiceImpl : Service - Distance calculated: 1711.9326470280932
2021-11-27 20:34:20.845  INFO 530588 --- [ol-140-thread-2] .t.t.s.TourGuideClientRewardsServiceImpl : Service - Distance calculated: 6839.615235005898
2021-11-27 20:34:20.849  INFO 530588 --- [ool-86-thread-2] .t.t.s.TourGuideClientRewardsServiceImpl : Service - Distance calculated: 3758.0529650503695
2021-11-27 20:34:20.845  INFO 530588 --- [ool-55-thread-2] .t.t.s.TourGuideClientRewardsServiceImpl : Service - Distance calculated: 3761.9747911081154
2021-11-27 20:34:20.845  INFO 530588 --- [ol-135-thread-2] .t.t.s.TourGuideClientRewardsServiceImpl : Service - Distance calculated: 10979.234634201564
2021-11-27 20:34:20.849  INFO 530588 --- [ol-135-thread-2] .t.t.s.TourGuideClientRewardsServiceImpl : Service - Distance calculated: 10712.540689210933
2021-11-27 20:34:20.845  INFO 530588 --- [ool-45-thread-2] .t.t.s.TourGuideClientRewardsServiceImpl : Service - Distance calculated: 11509.502477566706
2021-11-27 20:34:20.845  INFO 530588 --- [ool-89-thread-2] .t.t.s.TourGuideClientRewardsServiceImpl : Service - Distance calculated: 4091.5773264403533
2021-11-27 20:34:20.845  INFO 530588 --- [ool-74-thread-2] .t.t.s.TourGuideClientRewardsServiceImpl : Service - Distance calculated: 5819.453988755518
2021-11-27 20:34:20.846  INFO 530588 --- [ol-125-thread-2] .t.t.s.TourGuideClientRewardsServiceImpl : Service - Distance calculated: 2280.626006753134
2021-11-27 20:34:20.846  INFO 530588 --- [ol-120-thread-2] .t.t.s.TourGuideClientRewardsServiceImpl : Service - Distance calculated: 6740.196952570164
2021-11-27 20:34:20.850  INFO 530588 --- [ol-125-thread-2] .t.t.s.TourGuideClientRewardsServiceImpl : Service - Distance calculated: 3085.744101028233
2021-11-27 20:34:20.850  INFO 530588 --- [ol-120-thread-2] .t.t.s.TourGuideClientRewardsServiceImpl : Service - Distance calculated: 5956.161679771262
2021-11-27 20:34:20.850  INFO 530588 --- [ol-125-thread-2] .t.t.s.TourGuideClientRewardsServiceImpl : Service - Distance calculated: 4050.7650233182308
2021-11-27 20:34:20.850  INFO 530588 --- [ool-74-thread-2] .t.t.s.TourGuideClientRewardsServiceImpl : Service - Distance calculated: 7442.559746930659
2021-11-27 20:34:20.850  INFO 530588 --- [ool-62-thread-2] .t.t.s.TourGuideClientRewardsServiceImpl : Service - Distance calculated: 774.5207212649109
2021-11-27 20:34:20.846  INFO 530588 --- [ool-80-thread-2] .t.t.s.TourGuideClientRewardsServiceImpl : Service - Distance calculated: 6637.84567369155
2021-11-27 20:34:20.850  INFO 530588 --- [ool-74-thread-2] .t.t.s.TourGuideClientRewardsServiceImpl : Service - Distance calculated: 7349.558885300406
2021-11-27 20:34:20.850  INFO 530588 --- [ool-62-thread-2] .t.t.s.TourGuideClientRewardsServiceImpl : Service - Distance calculated: 164.91310606753288
2021-11-27 20:34:20.850  INFO 530588 --- [ool-80-thread-2] .t.t.s.TourGuideClientRewardsServiceImpl : Service - Distance calculated: 9779.654989956645
2021-11-27 20:34:20.850  INFO 530588 --- [ool-62-thread-2] .t.t.s.TourGuideClientRewardsServiceImpl : Service - Distance calculated: 115.99464245531166
2021-11-27 20:34:20.846  INFO 530588 --- [ol-113-thread-2] .t.t.s.TourGuideClientRewardsServiceImpl : Service - Distance calculated: 7318.168907551354
2021-11-27 20:34:20.850  INFO 530588 --- [ool-62-thread-2] .t.t.s.TourGuideClientRewardsServiceImpl : Service - Distance calculated: 1428.8577204882306
2021-11-27 20:34:20.846  INFO 530588 --- [ool-47-thread-2] .t.t.s.TourGuideClientRewardsServiceImpl : Service - Distance calculated: 10032.757932823099
2021-11-27 20:34:20.850  INFO 530588 --- [ool-62-thread-2] .t.t.s.TourGuideClientRewardsServiceImpl : Service - Distance calculated: 1418.571827418631
2021-11-27 20:34:20.850  INFO 530588 --- [ol-113-thread-2] .t.t.s.TourGuideClientRewardsServiceImpl : Service - Distance calculated: 6669.784313143602
2021-11-27 20:34:20.850  INFO 530588 --- [ool-62-thread-2] .t.t.s.TourGuideClientRewardsServiceImpl : Service - Distance calculated: 460.11990361699293
2021-11-27 20:34:20.850  INFO 530588 --- [ol-113-thread-2] .t.t.s.TourGuideClientRewardsServiceImpl : Service - Distance calculated: 7645.47913941343
2021-11-27 20:34:20.850  INFO 530588 --- [ool-62-thread-2] .t.t.s.TourGuideClientRewardsServiceImpl : Service - Distance calculated: 1992.7911930022951
2021-11-27 20:34:20.850  INFO 530588 --- [ol-113-thread-2] .t.t.s.TourGuideClientRewardsServiceImpl : Service - Distance calculated: 7109.08363025421
2021-11-27 20:34:20.850  INFO 530588 --- [ool-62-thread-2] .t.t.s.TourGuideClientRewardsServiceImpl : Service - Distance calculated: 1906.7972782801585
2021-11-27 20:34:20.846  INFO 530588 --- [ol-111-thread-2] .t.t.s.TourGuideClientRewardsServiceImpl : Service - Distance calculated: 4860.6510743119015
2021-11-27 20:34:20.846  INFO 530588 --- [ool-96-thread-2] .t.t.s.TourGuideClientRewardsServiceImpl : Service - Distance calculated: 4332.752137551091
2021-11-27 20:34:20.846  INFO 530588 --- [ool-63-thread-2] .t.t.s.TourGuideClientRewardsServiceImpl : Service - Distance calculated: 5588.500432800011
2021-11-27 20:34:20.846  INFO 530588 --- [ool-50-thread-2] .t.t.s.TourGuideClientRewardsServiceImpl : Service - Distance calculated: 8639.408405420369
2021-11-27 20:34:20.850  INFO 530588 --- [ool-63-thread-2] .t.t.s.TourGuideClientRewardsServiceImpl : Service - Distance calculated: 5877.160789173016
2021-11-27 20:34:20.850  INFO 530588 --- [ool-50-thread-2] .t.t.s.TourGuideClientRewardsServiceImpl : Service - Distance calculated: 9108.745106640663
2021-11-27 20:34:20.846  INFO 530588 --- [ol-141-thread-2] .t.t.s.TourGuideClientRewardsServiceImpl : Service - Distance calculated: 1629.3556645656536
2021-11-27 20:34:20.850  INFO 530588 --- [ool-63-thread-2] .t.t.s.TourGuideClientRewardsServiceImpl : Service - Distance calculated: 6986.214561699293
2021-11-27 20:34:20.846  INFO 530588 --- [ol-133-thread-2] .t.t.s.TourGuideClientRewardsServiceImpl : Service - Distance calculated: 4923.212309069787
2021-11-27 20:34:20.850  INFO 530588 --- [ool-63-thread-2] .t.t.s.TourGuideClientRewardsServiceImpl : Service - Distance calculated: 5135.209041200499
2021-11-27 20:34:20.846  INFO 530588 --- [ool-93-thread-2] .t.t.s.TourGuideClientRewardsServiceImpl : Service - Distance calculated: 9695.700747019288
2021-11-27 20:34:20.850  INFO 530588 --- [ool-63-thread-2] .t.t.s.TourGuideClientRewardsServiceImpl : Service - Distance calculated: 5495.495770263516
2021-11-27 20:34:20.850  INFO 530588 --- [ool-63-thread-2] .t.t.s.TourGuideClientRewardsServiceImpl : Service - Distance calculated: 6411.106475869878
2021-11-27 20:34:20.850  INFO 530588 --- [ool-93-thread-2] .t.t.s.TourGuideClientRewardsServiceImpl : Service - Distance calculated: 9061.703879453224
2021-11-27 20:34:20.846  INFO 530588 --- [ool-79-thread-2] .t.t.s.TourGuideClientRewardsServiceImpl : Service - Distance calculated: 6192.408428333354
2021-11-27 20:34:20.850  INFO 530588 --- [ool-93-thread-2] .t.t.s.TourGuideClientRewardsServiceImpl : Service - Distance calculated: 8972.57491163928
2021-11-27 20:34:20.846  INFO 530588 --- [ool-92-thread-2] .t.t.s.TourGuideClientRewardsServiceImpl : Service - Distance calculated: 1638.9788306777002
2021-11-27 20:34:20.850  INFO 530588 --- [ool-93-thread-2] .t.t.s.TourGuideClientRewardsServiceImpl : Service - Distance calculated: 9549.353392581957
2021-11-27 20:34:20.846  INFO 530588 --- [ol-102-thread-2] .t.t.s.TourGuideClientRewardsServiceImpl : Service - Distance calculated: 4739.5644222364135
2021-11-27 20:34:20.846  INFO 530588 --- [ool-98-thread-2] .t.t.s.TourGuideClientRewardsServiceImpl : Service - Distance calculated: 1284.9484365311885
2021-11-27 20:34:20.846  INFO 530588 --- [ol-114-thread-2] .t.t.s.TourGuideClientRewardsServiceImpl : Service - Distance calculated: 3704.022910103896
2021-11-27 20:34:20.846  INFO 530588 --- [ol-105-thread-2] .t.t.s.TourGuideClientRewardsServiceImpl : Service - Distance calculated: 3794.741055133153
2021-11-27 20:34:20.846  INFO 530588 --- [ol-116-thread-2] .t.t.s.TourGuideClientRewardsServiceImpl : Service - Distance calculated: 4007.8225695904266
2021-11-27 20:34:20.850  INFO 530588 --- [ol-114-thread-2] .t.t.s.TourGuideClientRewardsServiceImpl : Service - Distance calculated: 3653.6550646005117
2021-11-27 20:34:20.846  INFO 530588 --- [ool-90-thread-2] .t.t.s.TourGuideClientRewardsServiceImpl : Service - Distance calculated: 3742.06169130631
2021-11-27 20:34:20.850  INFO 530588 --- [ol-116-thread-2] .t.t.s.TourGuideClientRewardsServiceImpl : Service - Distance calculated: 3646.951526635715
2021-11-27 20:34:20.846  INFO 530588 --- [ool-52-thread-2] .t.t.s.TourGuideClientRewardsServiceImpl : Service - Distance calculated: 8740.615317024743
2021-11-27 20:34:20.846  INFO 530588 --- [ool-99-thread-2] .t.t.s.TourGuideClientRewardsServiceImpl : Service - Distance calculated: 4911.301791403944
2021-11-27 20:34:20.846  INFO 530588 --- [ol-128-thread-2] .t.t.s.TourGuideClientRewardsServiceImpl : Service - Distance calculated: 3939.9462722930334
2021-11-27 20:34:20.850  INFO 530588 --- [ool-99-thread-2] .t.t.s.TourGuideClientRewardsServiceImpl : Service - Distance calculated: 5395.735508896354
2021-11-27 20:34:20.846  INFO 530588 --- [ol-106-thread-2] .t.t.s.TourGuideClientRewardsServiceImpl : Service - Distance calculated: 7896.282385472641
2021-11-27 20:34:20.851  INFO 530588 --- [ool-99-thread-2] .t.t.s.TourGuideClientRewardsServiceImpl : Service - Distance calculated: 7566.241250153157
2021-11-27 20:34:20.851  INFO 530588 --- [ol-128-thread-2] .t.t.s.TourGuideClientRewardsServiceImpl : Service - Distance calculated: 4043.1545254736448
2021-11-27 20:34:20.851  INFO 530588 --- [ool-99-thread-2] .t.t.s.TourGuideClientRewardsServiceImpl : Service - Distance calculated: 7286.1994643642465
2021-11-27 20:34:20.851  INFO 530588 --- [ool-99-thread-2] .t.t.s.TourGuideClientRewardsServiceImpl : Service - Distance calculated: 7590.230110073054
2021-11-27 20:34:20.851  INFO 530588 --- [ool-99-thread-2] .t.t.s.TourGuideClientRewardsServiceImpl : Service - Distance calculated: 7641.02287975369
2021-11-27 20:34:20.851  INFO 530588 --- [ool-99-thread-2] .t.t.s.TourGuideClientRewardsServiceImpl : Service - Distance calculated: 8193.721546467845
2021-11-27 20:34:20.851  INFO 530588 --- [ool-99-thread-2] .t.t.s.TourGuideClientRewardsServiceImpl : Service - Distance calculated: 8282.862829872893
2021-11-27 20:34:20.851  INFO 530588 --- [ool-99-thread-2] .t.t.s.TourGuideClientRewardsServiceImpl : Service - Distance calculated: 7954.867795239501
2021-11-27 20:34:20.851  INFO 530588 --- [ool-99-thread-2] .t.t.s.TourGuideClientRewardsServiceImpl : Service - Distance calculated: 8071.997239869835
2021-11-27 20:34:20.851  INFO 530588 --- [ool-99-thread-2] .t.t.s.TourGuideClientRewardsServiceImpl : Service - Distance calculated: 8247.080442192206
2021-11-27 20:34:20.851  INFO 530588 --- [ool-99-thread-2] .t.t.s.TourGuideClientRewardsServiceImpl : Service - Distance calculated: 5290.927973914973
2021-11-27 20:34:20.851  INFO 530588 --- [ool-99-thread-2] .t.t.s.TourGuideClientRewardsServiceImpl : Service - Distance calculated: 8053.017449927611
2021-11-27 20:34:20.851  INFO 530588 --- [ool-99-thread-2] .t.t.s.TourGuideClientRewardsServiceImpl : Service - Distance calculated: 8094.5731880395615
2021-11-27 20:34:20.846  INFO 530588 --- [ol-112-thread-2] .t.t.s.TourGuideClientRewardsServiceImpl : Service - Distance calculated: 5162.549589871482
2021-11-27 20:34:20.851  INFO 530588 --- [ol-112-thread-2] .t.t.s.TourGuideClientRewardsServiceImpl : Service - Distance calculated: 5432.500593868408
2021-11-27 20:34:20.851  INFO 530588 --- [ol-112-thread-2] .t.t.s.TourGuideClientRewardsServiceImpl : Service - Distance calculated: 5461.586168290749
2021-11-27 20:34:20.851  INFO 530588 --- [ol-112-thread-2] .t.t.s.TourGuideClientRewardsServiceImpl : Service - Distance calculated: 4161.278047568149
2021-11-27 20:34:20.851  INFO 530588 --- [ol-112-thread-2] .t.t.s.TourGuideClientRewardsServiceImpl : Service - Distance calculated: 4161.090076968675
2021-11-27 20:34:20.851  INFO 530588 --- [ol-112-thread-2] .t.t.s.TourGuideClientRewardsServiceImpl : Service - Distance calculated: 5148.908139910954
2021-11-27 20:34:20.851  INFO 530588 --- [ol-112-thread-2] .t.t.s.TourGuideClientRewardsServiceImpl : Service - Distance calculated: 3685.112926685232
2021-11-27 20:34:20.851  INFO 530588 --- [ol-112-thread-2] .t.t.s.TourGuideClientRewardsServiceImpl : Service - Distance calculated: 3710.147418906484
2021-11-27 20:34:20.846  INFO 530588 --- [ool-58-thread-2] .t.t.s.TourGuideClientRewardsServiceImpl : Service - Distance calculated: 3978.0979446299057
2021-11-27 20:34:20.851  INFO 530588 --- [ool-52-thread-2] .t.t.s.TourGuideClientRewardsServiceImpl : Service - Distance calculated: 8251.77644368681
2021-11-27 20:34:20.846  INFO 530588 --- [ool-91-thread-2] .t.t.s.TourGuideClientRewardsServiceImpl : Service - Distance calculated: 9854.291647383827
2021-11-27 20:34:20.851  INFO 530588 --- [ool-58-thread-2] .t.t.s.TourGuideClientRewardsServiceImpl : Service - Distance calculated: 4866.034254047378
2021-11-27 20:34:20.851  INFO 530588 --- [ool-52-thread-2] .t.t.s.TourGuideClientRewardsServiceImpl : Service - Distance calculated: 8199.21591962549
2021-11-27 20:34:20.846  INFO 530588 --- [ol-126-thread-2] .t.t.s.TourGuideClientRewardsServiceImpl : Service - Distance calculated: 6843.0973651905015
2021-11-27 20:34:20.847  INFO 530588 --- [ool-75-thread-2] .t.t.s.TourGuideClientRewardsServiceImpl : Service - Distance calculated: 8745.279863767084
2021-11-27 20:34:20.847  INFO 530588 --- [ool-53-thread-2] .t.t.s.TourGuideClientRewardsServiceImpl : Service - Distance calculated: 6471.749543258652
2021-11-27 20:34:20.847  INFO 530588 --- [ool-94-thread-2] .t.t.s.TourGuideClientRewardsServiceImpl : Service - Distance calculated: 4336.983384667605
2021-11-27 20:34:20.851  INFO 530588 --- [ool-53-thread-2] .t.t.s.TourGuideClientRewardsServiceImpl : Service - Distance calculated: 7963.515985306565
2021-11-27 20:34:20.847  INFO 530588 --- [ool-77-thread-2] .t.t.s.TourGuideClientRewardsServiceImpl : Service - Distance calculated: 10556.907825461058
2021-11-27 20:34:20.851  INFO 530588 --- [ool-53-thread-2] .t.t.s.TourGuideClientRewardsServiceImpl : Service - Distance calculated: 7926.358501869741
2021-11-27 20:34:20.847  INFO 530588 --- [ol-139-thread-2] .t.t.s.TourGuideClientRewardsServiceImpl : Service - Distance calculated: 4114.832260043145
2021-11-27 20:34:20.847  INFO 530588 --- [ool-49-thread-2] .t.t.s.TourGuideClientRewardsServiceImpl : Service - Distance calculated: 9390.383229278257
2021-11-27 20:34:20.851  INFO 530588 --- [ool-49-thread-2] .t.t.s.TourGuideClientRewardsServiceImpl : Service - Distance calculated: 9690.494968703233
2021-11-27 20:34:20.847  INFO 530588 --- [ool-60-thread-2] .t.t.s.TourGuideClientRewardsServiceImpl : Service - Distance calculated: 1199.4723158609413
2021-11-27 20:34:20.847  INFO 530588 --- [ool-66-thread-2] .t.t.s.TourGuideClientRewardsServiceImpl : Service - Distance calculated: 3844.5943277284105
2021-11-27 20:34:20.847  INFO 530588 --- [ool-48-thread-2] .t.t.s.TourGuideClientRewardsServiceImpl : Service - Distance calculated: 4497.772118383475
2021-11-27 20:34:20.851  INFO 530588 --- [ool-66-thread-2] .t.t.s.TourGuideClientRewardsServiceImpl : Service - Distance calculated: 2809.26296230304
2021-11-27 20:34:20.847  INFO 530588 --- [ol-123-thread-2] .t.t.s.TourGuideClientRewardsServiceImpl : Service - Distance calculated: 5452.031496996301
2021-11-27 20:34:20.851  INFO 530588 --- [ool-48-thread-2] .t.t.s.TourGuideClientRewardsServiceImpl : Service - Distance calculated: 2862.075210174663
2021-11-27 20:34:20.847  INFO 530588 --- [ol-136-thread-2] .t.t.s.TourGuideClientRewardsServiceImpl : Service - Distance calculated: 5544.051630764668
2021-11-27 20:34:20.851  INFO 530588 --- [ool-48-thread-2] .t.t.s.TourGuideClientRewardsServiceImpl : Service - Distance calculated: 4159.549039340369
2021-11-27 20:34:20.847  INFO 530588 --- [ol-101-thread-2] .t.t.s.TourGuideClientRewardsServiceImpl : Service - Distance calculated: 9284.117657218745
2021-11-27 20:34:20.847  INFO 530588 --- [ol-131-thread-2] .t.t.s.TourGuideClientRewardsServiceImpl : Service - Distance calculated: 6272.17004635032
2021-11-27 20:34:20.852  INFO 530588 --- [ool-48-thread-2] .t.t.s.TourGuideClientRewardsServiceImpl : Service - Distance calculated: 4268.938941017575
2021-11-27 20:34:20.847  INFO 530588 --- [ool-44-thread-2] .t.t.s.TourGuideClientRewardsServiceImpl : Service - Distance calculated: 6133.7960499711935
2021-11-27 20:34:20.847  INFO 530588 --- [ol-127-thread-2] .t.t.s.TourGuideClientRewardsServiceImpl : Service - Distance calculated: 3581.9848355797935
2021-11-27 20:34:20.847  INFO 530588 --- [ol-110-thread-2] .t.t.s.TourGuideClientRewardsServiceImpl : Service - Distance calculated: 1126.852633355614
2021-11-27 20:34:20.852  INFO 530588 --- [ol-127-thread-2] .t.t.s.TourGuideClientRewardsServiceImpl : Service - Distance calculated: 4336.296423057839
2021-11-27 20:34:20.847  INFO 530588 --- [ol-100-thread-2] .t.t.s.TourGuideClientRewardsServiceImpl : Service - Distance calculated: 8045.75427199855
2021-11-27 20:34:20.847  INFO 530588 --- [ool-65-thread-2] .t.t.s.TourGuideClientRewardsServiceImpl : Service - Distance calculated: 6547.227057009497
2021-11-27 20:34:20.852  INFO 530588 --- [ol-100-thread-2] .t.t.s.TourGuideClientRewardsServiceImpl : Service - Distance calculated: 2855.689483624873
2021-11-27 20:34:20.847  INFO 530588 --- [ool-97-thread-2] .t.t.s.TourGuideClientRewardsServiceImpl : Service - Distance calculated: 2356.2287232670724
2021-11-27 20:34:20.847  INFO 530588 --- [ool-59-thread-2] .t.t.s.TourGuideClientRewardsServiceImpl : Service - Distance calculated: 6602.322283130407
2021-11-27 20:34:20.852  INFO 530588 --- [ool-97-thread-2] .t.t.s.TourGuideClientRewardsServiceImpl : Service - Distance calculated: 1218.2185034561887
2021-11-27 20:34:20.847  INFO 530588 --- [ol-115-thread-2] .t.t.s.TourGuideClientRewardsServiceImpl : Service - Distance calculated: 4824.534996652798
2021-11-27 20:34:20.852  INFO 530588 --- [ool-59-thread-2] .t.t.s.TourGuideClientRewardsServiceImpl : Service - Distance calculated: 6600.250959132991
2021-11-27 20:34:20.847  INFO 530588 --- [ol-117-thread-2] .t.t.s.TourGuideClientRewardsServiceImpl : Service - Distance calculated: 4854.818083552969
2021-11-27 20:34:20.852  INFO 530588 --- [ool-59-thread-2] .t.t.s.TourGuideClientRewardsServiceImpl : Service - Distance calculated: 5779.530052788904
2021-11-27 20:34:20.847  INFO 530588 --- [ool-69-thread-2] .t.t.s.TourGuideClientRewardsServiceImpl : Service - Distance calculated: 709.2515054830286
2021-11-27 20:34:20.847  INFO 530588 --- [ol-109-thread-2] .t.t.s.TourGuideClientRewardsServiceImpl : Service - Distance calculated: 9881.394155460168
2021-11-27 20:34:20.847  INFO 530588 --- [ool-46-thread-2] .t.t.s.TourGuideClientRewardsServiceImpl : Service - Distance calculated: 10108.75992343399
2021-11-27 20:34:20.852  INFO 530588 --- [ol-109-thread-2] .t.t.s.TourGuideClientRewardsServiceImpl : Service - Distance calculated: 9840.561130796907
2021-11-27 20:34:20.847  INFO 530588 --- [ol-107-thread-2] .t.t.s.TourGuideClientRewardsServiceImpl : Service - Distance calculated: 6817.425568027006
2021-11-27 20:34:20.852  INFO 530588 --- [ol-109-thread-2] .t.t.s.TourGuideClientRewardsServiceImpl : Service - Distance calculated: 10535.00003771233
2021-11-27 20:34:20.847 DEBUG 530588 --- [    Test worker] c.t.t.s.TourGuideClientServiceImpl       : Service - Visited location added for user: internalUser23
2021-11-27 20:34:20.847  INFO 530588 --- [ool-73-thread-2] .t.t.s.TourGuideClientRewardsServiceImpl : Service - Distance calculated: 8865.87837008859
2021-11-27 20:34:20.847  INFO 530588 --- [ol-118-thread-2] .t.t.s.TourGuideClientRewardsServiceImpl : Service - Distance calculated: 8138.738098431018
2021-11-27 20:34:20.847  INFO 530588 --- [ool-82-thread-2] .t.t.s.TourGuideClientRewardsServiceImpl : Service - Distance calculated: 6896.469190506075
2021-11-27 20:34:20.852  INFO 530588 --- [ool-82-thread-2] .t.t.s.TourGuideClientRewardsServiceImpl : Service - Distance calculated: 5987.365185946912
2021-11-27 20:34:20.848  INFO 530588 --- [ool-95-thread-2] .t.t.s.TourGuideClientRewardsServiceImpl : Service - Distance calculated: 5189.849156584245
2021-11-27 20:34:20.852  INFO 530588 --- [ool-82-thread-2] .t.t.s.TourGuideClientRewardsServiceImpl : Service - Distance calculated: 7266.187316674247
2021-11-27 20:34:20.852  INFO 530588 --- [ool-82-thread-2] .t.t.s.TourGuideClientRewardsServiceImpl : Service - Distance calculated: 7279.671358918861
2021-11-27 20:34:20.852  INFO 530588 --- [ool-95-thread-2] .t.t.s.TourGuideClientRewardsServiceImpl : Service - Distance calculated: 4658.91530655561
2021-11-27 20:34:20.848  INFO 530588 --- [ool-87-thread-2] .t.t.s.TourGuideClientRewardsServiceImpl : Service - Distance calculated: 2594.3653590153367
2021-11-27 20:34:20.852  INFO 530588 --- [ool-95-thread-2] .t.t.s.TourGuideClientRewardsServiceImpl : Service - Distance calculated: 5461.630562555177
2021-11-27 20:34:20.848  INFO 530588 --- [ol-134-thread-2] .t.t.s.TourGuideClientRewardsServiceImpl : Service - Distance calculated: 3229.8117429162694
2021-11-27 20:34:20.852  INFO 530588 --- [ool-95-thread-2] .t.t.s.TourGuideClientRewardsServiceImpl : Service - Distance calculated: 6431.658159931411
2021-11-27 20:34:20.848  INFO 530588 --- [ol-138-thread-2] .t.t.s.TourGuideClientRewardsServiceImpl : Service - Distance calculated: 4340.863286740279
2021-11-27 20:34:20.852  INFO 530588 --- [ool-87-thread-2] .t.t.s.TourGuideClientRewardsServiceImpl : Service - Distance calculated: 1722.3090284260973
2021-11-27 20:34:20.848  INFO 530588 --- [ool-57-thread-2] .t.t.s.TourGuideClientRewardsServiceImpl : Service - Distance calculated: 8602.157742681764
2021-11-27 20:34:20.848  INFO 530588 --- [ol-121-thread-2] .t.t.s.TourGuideClientRewardsServiceImpl : Service - Distance calculated: 1793.6587468449447
2021-11-27 20:34:20.848  INFO 530588 --- [ool-64-thread-2] .t.t.s.TourGuideClientRewardsServiceImpl : Service - Distance calculated: 8921.220326952098
2021-11-27 20:34:20.852  INFO 530588 --- [ol-121-thread-2] .t.t.s.TourGuideClientRewardsServiceImpl : Service - Distance calculated: 2118.490987889888
2021-11-27 20:34:20.848  INFO 530588 --- [ool-43-thread-2] .t.t.s.TourGuideClientRewardsServiceImpl : Service - Distance calculated: 2771.5489794736545
2021-11-27 20:34:20.852  INFO 530588 --- [ol-121-thread-2] .t.t.s.TourGuideClientRewardsServiceImpl : Service - Distance calculated: 2072.369224689964
2021-11-27 20:34:20.848  INFO 530588 --- [ol-103-thread-2] .t.t.s.TourGuideClientRewardsServiceImpl : Service - Distance calculated: 7521.866054377112
2021-11-27 20:34:20.848  INFO 530588 --- [ool-85-thread-2] .t.t.s.TourGuideClientRewardsServiceImpl : Service - Distance calculated: 6338.887964823188
2021-11-27 20:34:20.848  INFO 530588 --- [ol-129-thread-2] .t.t.s.TourGuideClientRewardsServiceImpl : Service - Distance calculated: 8045.408243462694
2021-11-27 20:34:20.852  INFO 530588 --- [ool-85-thread-2] .t.t.s.TourGuideClientRewardsServiceImpl : Service - Distance calculated: 6372.828264859382
2021-11-27 20:34:20.848  INFO 530588 --- [ool-83-thread-2] .t.t.s.TourGuideClientRewardsServiceImpl : Service - Distance calculated: 6984.611064905469
2021-11-27 20:34:20.848  INFO 530588 --- [ol-142-thread-2] .t.t.s.TourGuideClientRewardsServiceImpl : Service - Distance calculated: 8320.356989598553
2021-11-27 20:34:20.853  INFO 530588 --- [ol-129-thread-2] .t.t.s.TourGuideClientRewardsServiceImpl : Service - Distance calculated: 6549.875553535698
2021-11-27 20:34:20.853  INFO 530588 --- [ool-83-thread-2] .t.t.s.TourGuideClientRewardsServiceImpl : Service - Distance calculated: 6727.339849222307
2021-11-27 20:34:20.848  INFO 530588 --- [ol-122-thread-2] .t.t.s.TourGuideClientRewardsServiceImpl : Service - Distance calculated: 3349.7828843815496
2021-11-27 20:34:20.853  INFO 530588 --- [ool-83-thread-2] .t.t.s.TourGuideClientRewardsServiceImpl : Service - Distance calculated: 6034.113943220999
2021-11-27 20:34:20.848  INFO 530588 --- [ool-88-thread-2] .t.t.s.TourGuideClientRewardsServiceImpl : Service - Distance calculated: 6661.513022556986
2021-11-27 20:34:20.853  INFO 530588 --- [ool-83-thread-2] .t.t.s.TourGuideClientRewardsServiceImpl : Service - Distance calculated: 5687.711857486548
2021-11-27 20:34:20.853  INFO 530588 --- [ol-122-thread-2] .t.t.s.TourGuideClientRewardsServiceImpl : Service - Distance calculated: 6895.544161000226
2021-11-27 20:34:20.848  INFO 530588 --- [ool-56-thread-2] .t.t.s.TourGuideClientRewardsServiceImpl : Service - Distance calculated: 7322.095147055586
2021-11-27 20:34:20.848  INFO 530588 --- [ool-71-thread-2] .t.t.s.TourGuideClientRewardsServiceImpl : Service - Distance calculated: 5528.309582048168
2021-11-27 20:34:20.849  INFO 530588 --- [ol-130-thread-2] .t.t.s.TourGuideClientRewardsServiceImpl : Service - Distance calculated: 7759.048814019857
2021-11-27 20:34:20.853  INFO 530588 --- [ool-71-thread-2] .t.t.s.TourGuideClientRewardsServiceImpl : Service - Distance calculated: 5734.059144210514
2021-11-27 20:34:20.849  INFO 530588 --- [ool-51-thread-2] .t.t.s.TourGuideClientRewardsServiceImpl : Service - Distance calculated: 7931.971627424408
2021-11-27 20:34:20.853  INFO 530588 --- [ool-71-thread-2] .t.t.s.TourGuideClientRewardsServiceImpl : Service - Distance calculated: 5241.3903977394975
2021-11-27 20:34:20.849  INFO 530588 --- [ool-61-thread-2] .t.t.s.TourGuideClientRewardsServiceImpl : Service - Distance calculated: 7922.389944755336
2021-11-27 20:34:20.849  INFO 530588 --- [ool-68-thread-2] .t.t.s.TourGuideClientRewardsServiceImpl : Service - Distance calculated: 6358.308119189723
2021-11-27 20:34:20.849  INFO 530588 --- [ol-104-thread-2] .t.t.s.TourGuideClientRewardsServiceImpl : Service - Distance calculated: 9787.88658296599
2021-11-27 20:34:20.853  INFO 530588 --- [ool-68-thread-2] .t.t.s.TourGuideClientRewardsServiceImpl : Service - Distance calculated: 6584.077531709156
2021-11-27 20:34:20.849  INFO 530588 --- [ool-78-thread-2] .t.t.s.TourGuideClientRewardsServiceImpl : Service - Distance calculated: 4012.0467848859807
2021-11-27 20:34:20.849  INFO 530588 --- [ool-70-thread-2] .t.t.s.TourGuideClientRewardsServiceImpl : Service - Distance calculated: 1145.504200298045
2021-11-27 20:34:20.849  INFO 530588 --- [ool-67-thread-2] .t.t.s.TourGuideClientRewardsServiceImpl : Service - Distance calculated: 3963.493350639298
2021-11-27 20:34:20.853  INFO 530588 --- [ool-70-thread-2] .t.t.s.TourGuideClientRewardsServiceImpl : Service - Distance calculated: 5415.989764101574
2021-11-27 20:34:20.853  INFO 530588 --- [ool-70-thread-2] .t.t.s.TourGuideClientRewardsServiceImpl : Service - Distance calculated: 4642.0863110648015
2021-11-27 20:34:20.849  INFO 530588 --- [ol-137-thread-2] .t.t.s.TourGuideClientRewardsServiceImpl : Service - Distance calculated: 2856.4768820706727
2021-11-27 20:34:20.849  INFO 530588 --- [ool-81-thread-2] .t.t.s.TourGuideClientRewardsServiceImpl : Service - Distance calculated: 10441.125472572765
2021-11-27 20:34:20.849  INFO 530588 --- [ool-72-thread-2] .t.t.s.TourGuideClientRewardsServiceImpl : Service - Distance calculated: 5440.043468993445
2021-11-27 20:34:20.849  INFO 530588 --- [ol-124-thread-2] .t.t.s.TourGuideClientRewardsServiceImpl : Service - Distance calculated: 5908.644797058061
2021-11-27 20:34:20.849  INFO 530588 --- [ol-119-thread-2] .t.t.s.TourGuideClientRewardsServiceImpl : Service - Distance calculated: 1606.7622432206197
2021-11-27 20:34:20.853  INFO 530588 --- [ol-124-thread-2] .t.t.s.TourGuideClientRewardsServiceImpl : Service - Distance calculated: 6062.677508030805
2021-11-27 20:34:20.853  INFO 530588 --- [ol-119-thread-2] .t.t.s.TourGuideClientRewardsServiceImpl : Service - Distance calculated: 1137.5074551679018
2021-11-27 20:34:20.849  INFO 530588 --- [ool-54-thread-2] .t.t.s.TourGuideClientRewardsServiceImpl : Service - Distance calculated: 4115.870280382008
2021-11-27 20:34:20.853  INFO 530588 --- [ol-119-thread-2] .t.t.s.TourGuideClientRewardsServiceImpl : Service - Distance calculated: 8199.83646637003
2021-11-27 20:34:20.849  INFO 530588 --- [ol-140-thread-2] .t.t.s.TourGuideClientRewardsServiceImpl : Service - Distance calculated: 7882.121299238447
2021-11-27 20:34:20.849  INFO 530588 --- [ool-86-thread-2] .t.t.s.TourGuideClientRewardsServiceImpl : Service - Distance calculated: 2954.8479724652484
2021-11-27 20:34:20.853  INFO 530588 --- [ol-140-thread-2] .t.t.s.TourGuideClientRewardsServiceImpl : Service - Distance calculated: 7142.811826881694
2021-11-27 20:34:20.849  INFO 530588 --- [ol-135-thread-2] .t.t.s.TourGuideClientRewardsServiceImpl : Service - Distance calculated: 9509.260630228595
2021-11-27 20:34:20.853  INFO 530588 --- [ol-140-thread-2] .t.t.s.TourGuideClientRewardsServiceImpl : Service - Distance calculated: 4673.0892752692325
2021-11-27 20:34:20.853  INFO 530588 --- [ool-86-thread-2] .t.t.s.TourGuideClientRewardsServiceImpl : Service - Distance calculated: 1857.6987478997185
2021-11-27 20:34:20.853  INFO 530588 --- [ol-140-thread-2] .t.t.s.TourGuideClientRewardsServiceImpl : Service - Distance calculated: 4190.4230632271565
2021-11-27 20:34:20.849  INFO 530588 --- [ool-55-thread-2] .t.t.s.TourGuideClientRewardsServiceImpl : Service - Distance calculated: 6959.510976103072
2021-11-27 20:34:20.850  INFO 530588 --- [ool-45-thread-2] .t.t.s.TourGuideClientRewardsServiceImpl : Service - Distance calculated: 8742.547766210115
2021-11-27 20:34:20.853  INFO 530588 --- [ool-55-thread-2] .t.t.s.TourGuideClientRewardsServiceImpl : Service - Distance calculated: 6896.960653185608
2021-11-27 20:34:20.853  INFO 530588 --- [ool-45-thread-2] .t.t.s.TourGuideClientRewardsServiceImpl : Service - Distance calculated: 8800.47112923189
2021-11-27 20:34:20.850  INFO 530588 --- [ool-89-thread-2] .t.t.s.TourGuideClientRewardsServiceImpl : Service - Distance calculated: 5794.539256111241
2021-11-27 20:34:20.853  INFO 530588 --- [ool-45-thread-2] .t.t.s.TourGuideClientRewardsServiceImpl : Service - Distance calculated: 8685.724434402959
2021-11-27 20:34:20.853  INFO 530588 --- [ool-45-thread-2] .t.t.s.TourGuideClientRewardsServiceImpl : Service - Distance calculated: 7976.605218475985
2021-11-27 20:34:20.850  INFO 530588 --- [ol-120-thread-2] .t.t.s.TourGuideClientRewardsServiceImpl : Service - Distance calculated: 5286.466456391396
2021-11-27 20:34:20.853  INFO 530588 --- [ool-45-thread-2] .t.t.s.TourGuideClientRewardsServiceImpl : Service - Distance calculated: 8569.738294143375
2021-11-27 20:34:20.850  INFO 530588 --- [ol-125-thread-2] .t.t.s.TourGuideClientRewardsServiceImpl : Service - Distance calculated: 2475.609115203091
2021-11-27 20:34:20.853  INFO 530588 --- [ol-120-thread-2] .t.t.s.TourGuideClientRewardsServiceImpl : Service - Distance calculated: 5791.309805879484
2021-11-27 20:34:20.850  INFO 530588 --- [ool-74-thread-2] .t.t.s.TourGuideClientRewardsServiceImpl : Service - Distance calculated: 5380.35464993138
2021-11-27 20:34:20.853  INFO 530588 --- [ol-125-thread-2] .t.t.s.TourGuideClientRewardsServiceImpl : Service - Distance calculated: 1494.2070914753112
2021-11-27 20:34:20.850  INFO 530588 --- [ool-80-thread-2] .t.t.s.TourGuideClientRewardsServiceImpl : Service - Distance calculated: 6431.389355664691
2021-11-27 20:34:20.853  INFO 530588 --- [ol-125-thread-2] .t.t.s.TourGuideClientRewardsServiceImpl : Service - Distance calculated: 3556.3930905707725
2021-11-27 20:34:20.850  INFO 530588 --- [ool-47-thread-2] .t.t.s.TourGuideClientRewardsServiceImpl : Service - Distance calculated: 8027.537255223836
2021-11-27 20:34:20.853  INFO 530588 --- [ool-74-thread-2] .t.t.s.TourGuideClientRewardsServiceImpl : Service - Distance calculated: 7881.827812566654
2021-11-27 20:34:20.850  INFO 530588 --- [ol-113-thread-2] .t.t.s.TourGuideClientRewardsServiceImpl : Service - Distance calculated: 7488.855547492833
2021-11-27 20:34:20.850  INFO 530588 --- [ool-62-thread-2] .t.t.s.TourGuideClientRewardsServiceImpl : Service - Distance calculated: 2360.645624935619
2021-11-27 20:34:20.854  INFO 530588 --- [ol-113-thread-2] .t.t.s.TourGuideClientRewardsServiceImpl : Service - Distance calculated: 7543.525054307726
2021-11-27 20:34:20.850  INFO 530588 --- [ol-111-thread-2] .t.t.s.TourGuideClientRewardsServiceImpl : Service - Distance calculated: 4122.657637502742
2021-11-27 20:34:20.854  INFO 530588 --- [ol-113-thread-2] .t.t.s.TourGuideClientRewardsServiceImpl : Service - Distance calculated: 6695.1603883626785
2021-11-27 20:34:20.854  INFO 530588 --- [ool-62-thread-2] .t.t.s.TourGuideClientRewardsServiceImpl : Service - Distance calculated: 2434.494471527265
2021-11-27 20:34:20.850  INFO 530588 --- [ool-96-thread-2] .t.t.s.TourGuideClientRewardsServiceImpl : Service - Distance calculated: 3154.4832795165335
2021-11-27 20:34:20.850  INFO 530588 --- [ool-50-thread-2] .t.t.s.TourGuideClientRewardsServiceImpl : Service - Distance calculated: 8836.207118583541
2021-11-27 20:34:20.854  INFO 530588 --- [ol-111-thread-2] .t.t.s.TourGuideClientRewardsServiceImpl : Service - Distance calculated: 5100.652779043882
2021-11-27 20:34:20.850  INFO 530588 --- [ol-133-thread-2] .t.t.s.TourGuideClientRewardsServiceImpl : Service - Distance calculated: 4261.701999894743
2021-11-27 20:34:20.854  INFO 530588 --- [ool-50-thread-2] .t.t.s.TourGuideClientRewardsServiceImpl : Service - Distance calculated: 9376.017461393485
2021-11-27 20:34:20.850  INFO 530588 --- [ol-141-thread-2] .t.t.s.TourGuideClientRewardsServiceImpl : Service - Distance calculated: 785.9389019090191
2021-11-27 20:34:20.854  INFO 530588 --- [ool-50-thread-2] .t.t.s.TourGuideClientRewardsServiceImpl : Service - Distance calculated: 8699.46921659652
2021-11-27 20:34:20.854  INFO 530588 --- [ol-133-thread-2] .t.t.s.TourGuideClientRewardsServiceImpl : Service - Distance calculated: 5394.130470568802
2021-11-27 20:34:20.854  INFO 530588 --- [ool-50-thread-2] .t.t.s.TourGuideClientRewardsServiceImpl : Service - Distance calculated: 8229.290956023278
2021-11-27 20:34:20.854  INFO 530588 --- [ol-133-thread-2] .t.t.s.TourGuideClientRewardsServiceImpl : Service - Distance calculated: 4655.861079011322
2021-11-27 20:34:20.854  INFO 530588 --- [ool-50-thread-2] .t.t.s.TourGuideClientRewardsServiceImpl : Service - Distance calculated: 8934.93926402851
2021-11-27 20:34:20.854  INFO 530588 --- [ol-133-thread-2] .t.t.s.TourGuideClientRewardsServiceImpl : Service - Distance calculated: 4602.617182570931
2021-11-27 20:34:20.850  INFO 530588 --- [ool-63-thread-2] .t.t.s.TourGuideClientRewardsServiceImpl : Service - Distance calculated: 6158.324918520557
2021-11-27 20:34:20.850  INFO 530588 --- [ool-93-thread-2] .t.t.s.TourGuideClientRewardsServiceImpl : Service - Distance calculated: 9448.073987370544
2021-11-27 20:34:20.854  INFO 530588 --- [ool-63-thread-2] .t.t.s.TourGuideClientRewardsServiceImpl : Service - Distance calculated: 5496.089476109543
2021-11-27 20:34:20.850  INFO 530588 --- [ool-92-thread-2] .t.t.s.TourGuideClientRewardsServiceImpl : Service - Distance calculated: 2312.3742197319807
2021-11-27 20:34:20.850  INFO 530588 --- [ool-79-thread-2] .t.t.s.TourGuideClientRewardsServiceImpl : Service - Distance calculated: 6680.577184049411
2021-11-27 20:34:20.854  INFO 530588 --- [ool-92-thread-2] .t.t.s.TourGuideClientRewardsServiceImpl : Service - Distance calculated: 1907.1927487970706
2021-11-27 20:34:20.850  INFO 530588 --- [ol-102-thread-2] .t.t.s.TourGuideClientRewardsServiceImpl : Service - Distance calculated: 4721.244825383597
2021-11-27 20:34:20.854  INFO 530588 --- [ool-92-thread-2] .t.t.s.TourGuideClientRewardsServiceImpl : Service - Distance calculated: 1658.2666259838625
2021-11-27 20:34:20.854  INFO 530588 --- [ool-79-thread-2] .t.t.s.TourGuideClientRewardsServiceImpl : Service - Distance calculated: 5730.272648021365
2021-11-27 20:34:20.850  INFO 530588 --- [ool-98-thread-2] .t.t.s.TourGuideClientRewardsServiceImpl : Service - Distance calculated: 3099.6587904452626
2021-11-27 20:34:20.850  INFO 530588 --- [ol-105-thread-2] .t.t.s.TourGuideClientRewardsServiceImpl : Service - Distance calculated: 4311.224912169326
2021-11-27 20:34:20.854  INFO 530588 --- [ool-98-thread-2] .t.t.s.TourGuideClientRewardsServiceImpl : Service - Distance calculated: 3874.0266587174224
2021-11-27 20:34:20.850  INFO 530588 --- [ol-114-thread-2] .t.t.s.TourGuideClientRewardsServiceImpl : Service - Distance calculated: 2678.3566668730987
2021-11-27 20:34:20.854  INFO 530588 --- [ool-98-thread-2] .t.t.s.TourGuideClientRewardsServiceImpl : Service - Distance calculated: 3247.257610210712
2021-11-27 20:34:20.850  INFO 530588 --- [ol-116-thread-2] .t.t.s.TourGuideClientRewardsServiceImpl : Service - Distance calculated: 4588.016363255771
2021-11-27 20:34:20.854  INFO 530588 --- [ool-98-thread-2] .t.t.s.TourGuideClientRewardsServiceImpl : Service - Distance calculated: 3161.307297478845
2021-11-27 20:34:20.850  INFO 530588 --- [ool-90-thread-2] .t.t.s.TourGuideClientRewardsServiceImpl : Service - Distance calculated: 3830.0296762027738
2021-11-27 20:34:20.854  INFO 530588 --- [ol-116-thread-2] .t.t.s.TourGuideClientRewardsServiceImpl : Service - Distance calculated: 4293.997729214082
2021-11-27 20:34:20.851  INFO 530588 --- [ol-106-thread-2] .t.t.s.TourGuideClientRewardsServiceImpl : Service - Distance calculated: 9477.455897120486
2021-11-27 20:34:20.854  INFO 530588 --- [ol-116-thread-2] .t.t.s.TourGuideClientRewardsServiceImpl : Service - Distance calculated: 4409.263277402894
2021-11-27 20:34:20.851  INFO 530588 --- [ol-128-thread-2] .t.t.s.TourGuideClientRewardsServiceImpl : Service - Distance calculated: 3911.6066356992733
2021-11-27 20:34:20.854  INFO 530588 --- [ol-116-thread-2] .t.t.s.TourGuideClientRewardsServiceImpl : Service - Distance calculated: 4115.8587440698775
2021-11-27 20:34:20.851  INFO 530588 --- [ol-112-thread-2] .t.t.s.TourGuideClientRewardsServiceImpl : Service - Distance calculated: 6477.796544286064
2021-11-27 20:34:20.854  INFO 530588 --- [ol-116-thread-2] .t.t.s.TourGuideClientRewardsServiceImpl : Service - Distance calculated: 3121.0951743575392
2021-11-27 20:34:20.851  INFO 530588 --- [ool-99-thread-2] .t.t.s.TourGuideClientRewardsServiceImpl : Service - Distance calculated: 8174.904143309671
2021-11-27 20:34:20.854  INFO 530588 --- [ol-112-thread-2] .t.t.s.TourGuideClientRewardsServiceImpl : Service - Distance calculated: 3302.762976402058
2021-11-27 20:34:20.854  INFO 530588 --- [ol-128-thread-2] .t.t.s.TourGuideClientRewardsServiceImpl : Service - Distance calculated: 4087.7774030740334
2021-11-27 20:34:20.851  INFO 530588 --- [ool-58-thread-2] .t.t.s.TourGuideClientRewardsServiceImpl : Service - Distance calculated: 4652.369777665732
2021-11-27 20:34:20.851  INFO 530588 --- [ool-91-thread-2] .t.t.s.TourGuideClientRewardsServiceImpl : Service - Distance calculated: 9840.90078527744
2021-11-27 20:34:20.851  INFO 530588 --- [ool-52-thread-2] .t.t.s.TourGuideClientRewardsServiceImpl : Service - Distance calculated: 8215.311864740268
2021-11-27 20:34:20.854  INFO 530588 --- [ool-91-thread-2] .t.t.s.TourGuideClientRewardsServiceImpl : Service - Distance calculated: 9000.967521513392
2021-11-27 20:34:20.851  INFO 530588 --- [ool-75-thread-2] .t.t.s.TourGuideClientRewardsServiceImpl : Service - Distance calculated: 8625.644787892033
2021-11-27 20:34:20.854  INFO 530588 --- [ool-52-thread-2] .t.t.s.TourGuideClientRewardsServiceImpl : Service - Distance calculated: 9300.303587986096
2021-11-27 20:34:20.851  INFO 530588 --- [ol-126-thread-2] .t.t.s.TourGuideClientRewardsServiceImpl : Service - Distance calculated: 8020.484544827728
2021-11-27 20:34:20.854  INFO 530588 --- [ool-52-thread-2] .t.t.s.TourGuideClientRewardsServiceImpl : Service - Distance calculated: 8231.640551276832
2021-11-27 20:34:20.851  INFO 530588 --- [ool-94-thread-2] .t.t.s.TourGuideClientRewardsServiceImpl : Service - Distance calculated: 4491.386936921659
2021-11-27 20:34:20.854  INFO 530588 --- [ol-126-thread-2] .t.t.s.TourGuideClientRewardsServiceImpl : Service - Distance calculated: 7116.012864147243
2021-11-27 20:34:20.851  INFO 530588 --- [ool-53-thread-2] .t.t.s.TourGuideClientRewardsServiceImpl : Service - Distance calculated: 5320.228476221344
2021-11-27 20:34:20.854  INFO 530588 --- [ol-126-thread-2] .t.t.s.TourGuideClientRewardsServiceImpl : Service - Distance calculated: 7252.1548703603185
2021-11-27 20:34:20.851  INFO 530588 --- [ool-77-thread-2] .t.t.s.TourGuideClientRewardsServiceImpl : Service - Distance calculated: 9481.67848067704
2021-11-27 20:34:20.854  INFO 530588 --- [ol-126-thread-2] .t.t.s.TourGuideClientRewardsServiceImpl : Service - Distance calculated: 7097.332492355071
2021-11-27 20:34:20.851  INFO 530588 --- [ool-49-thread-2] .t.t.s.TourGuideClientRewardsServiceImpl : Service - Distance calculated: 9468.33997121868
2021-11-27 20:34:20.854  INFO 530588 --- [ool-77-thread-2] .t.t.s.TourGuideClientRewardsServiceImpl : Service - Distance calculated: 10061.636585617403
2021-11-27 20:34:20.851  INFO 530588 --- [ol-139-thread-2] .t.t.s.TourGuideClientRewardsServiceImpl : Service - Distance calculated: 4535.939573552724
2021-11-27 20:34:20.851  INFO 530588 --- [ool-60-thread-2] .t.t.s.TourGuideClientRewardsServiceImpl : Service - Distance calculated: 2236.9423975562486
2021-11-27 20:34:20.851  INFO 530588 --- [ool-66-thread-2] .t.t.s.TourGuideClientRewardsServiceImpl : Service - Distance calculated: 3603.085607165587
2021-11-27 20:34:20.855  INFO 530588 --- [ol-139-thread-2] .t.t.s.TourGuideClientRewardsServiceImpl : Service - Distance calculated: 4131.289910920735
2021-11-27 20:34:20.851  INFO 530588 --- [ol-123-thread-2] .t.t.s.TourGuideClientRewardsServiceImpl : Service - Distance calculated: 7225.578402511903
2021-11-27 20:34:20.852  INFO 530588 --- [ol-136-thread-2] .t.t.s.TourGuideClientRewardsServiceImpl : Service - Distance calculated: 5746.332402553158
2021-11-27 20:34:20.855  INFO 530588 --- [ol-123-thread-2] .t.t.s.TourGuideClientRewardsServiceImpl : Service - Distance calculated: 6785.869839138287
2021-11-27 20:34:20.852  INFO 530588 --- [ol-101-thread-2] .t.t.s.TourGuideClientRewardsServiceImpl : Service - Distance calculated: 9651.691316905584
2021-11-27 20:34:20.852  INFO 530588 --- [ol-131-thread-2] .t.t.s.TourGuideClientRewardsServiceImpl : Service - Distance calculated: 6308.788877114421
2021-11-27 20:34:20.852  INFO 530588 --- [ool-48-thread-2] .t.t.s.TourGuideClientRewardsServiceImpl : Service - Distance calculated: 4314.511290907062
2021-11-27 20:34:20.855  INFO 530588 --- [ol-101-thread-2] .t.t.s.TourGuideClientRewardsServiceImpl : Service - Distance calculated: 8585.811609756222
2021-11-27 20:34:20.852  INFO 530588 --- [ool-44-thread-2] .t.t.s.TourGuideClientRewardsServiceImpl : Service - Distance calculated: 6529.886838578154
2021-11-27 20:34:20.855  INFO 530588 --- [ol-101-thread-2] .t.t.s.TourGuideClientRewardsServiceImpl : Service - Distance calculated: 9048.431902628912
2021-11-27 20:34:20.852  INFO 530588 --- [ol-110-thread-2] .t.t.s.TourGuideClientRewardsServiceImpl : Service - Distance calculated: 1081.7461491263289
2021-11-27 20:34:20.855  INFO 530588 --- [ool-44-thread-2] .t.t.s.TourGuideClientRewardsServiceImpl : Service - Distance calculated: 6141.253779523191
2021-11-27 20:34:20.852  INFO 530588 --- [ol-127-thread-2] .t.t.s.TourGuideClientRewardsServiceImpl : Service - Distance calculated: 2036.5343785016835
2021-11-27 20:34:20.855  INFO 530588 --- [ol-110-thread-2] .t.t.s.TourGuideClientRewardsServiceImpl : Service - Distance calculated: 178.9147792698698
2021-11-27 20:34:20.855  INFO 530588 --- [ool-48-thread-2] .t.t.s.TourGuideClientRewardsServiceImpl : Service - Distance calculated: 5161.788384474744
2021-11-27 20:34:20.855  INFO 530588 --- [ol-127-thread-2] .t.t.s.TourGuideClientRewardsServiceImpl : Service - Distance calculated: 1440.30544897963
2021-11-27 20:34:20.855  INFO 530588 --- [ol-110-thread-2] .t.t.s.TourGuideClientRewardsServiceImpl : Service - Distance calculated: 1746.6419387354244
2021-11-27 20:34:20.855  INFO 530588 --- [ool-48-thread-2] .t.t.s.TourGuideClientRewardsServiceImpl : Service - Distance calculated: 5058.555319771251
2021-11-27 20:34:20.855  INFO 530588 --- [ol-110-thread-2] .t.t.s.TourGuideClientRewardsServiceImpl : Service - Distance calculated: 1611.786749649679
2021-11-27 20:34:20.852  INFO 530588 --- [ol-100-thread-2] .t.t.s.TourGuideClientRewardsServiceImpl : Service - Distance calculated: 2158.749735931153
2021-11-27 20:34:20.855  INFO 530588 --- [ol-110-thread-2] .t.t.s.TourGuideClientRewardsServiceImpl : Service - Distance calculated: 2842.959698341173
2021-11-27 20:34:20.855  INFO 530588 --- [ol-110-thread-2] .t.t.s.TourGuideClientRewardsServiceImpl : Service - Distance calculated: 2190.6302088943175
2021-11-27 20:34:20.855  INFO 530588 --- [ol-100-thread-2] .t.t.s.TourGuideClientRewardsServiceImpl : Service - Distance calculated: 2754.392950321194
2021-11-27 20:34:20.852  INFO 530588 --- [ool-65-thread-2] .t.t.s.TourGuideClientRewardsServiceImpl : Service - Distance calculated: 6569.68893984816
2021-11-27 20:34:20.855  INFO 530588 --- [ol-100-thread-2] .t.t.s.TourGuideClientRewardsServiceImpl : Service - Distance calculated: 2842.6698858148575
2021-11-27 20:34:20.852  INFO 530588 --- [ool-97-thread-2] .t.t.s.TourGuideClientRewardsServiceImpl : Service - Distance calculated: 1164.323553945912
2021-11-27 20:34:20.855  INFO 530588 --- [ol-100-thread-2] .t.t.s.TourGuideClientRewardsServiceImpl : Service - Distance calculated: 2714.962422591697
2021-11-27 20:34:20.855  INFO 530588 --- [ool-97-thread-2] .t.t.s.TourGuideClientRewardsServiceImpl : Service - Distance calculated: 2016.138421846898
2021-11-27 20:34:20.855  INFO 530588 --- [ool-65-thread-2] .t.t.s.TourGuideClientRewardsServiceImpl : Service - Distance calculated: 5287.142646511396
2021-11-27 20:34:20.855  INFO 530588 --- [ool-97-thread-2] .t.t.s.TourGuideClientRewardsServiceImpl : Service - Distance calculated: 1178.7190681916377
2021-11-27 20:34:20.852  INFO 530588 --- [ol-115-thread-2] .t.t.s.TourGuideClientRewardsServiceImpl : Service - Distance calculated: 5651.277665078728
2021-11-27 20:34:20.852  INFO 530588 --- [ool-59-thread-2] .t.t.s.TourGuideClientRewardsServiceImpl : Service - Distance calculated: 5615.411829677212
2021-11-27 20:34:20.855  INFO 530588 --- [ol-115-thread-2] .t.t.s.TourGuideClientRewardsServiceImpl : Service - Distance calculated: 9025.21841470984
2021-11-27 20:34:20.852  INFO 530588 --- [ol-117-thread-2] .t.t.s.TourGuideClientRewardsServiceImpl : Service - Distance calculated: 5193.154642639857
2021-11-27 20:34:20.855  INFO 530588 --- [ol-115-thread-2] .t.t.s.TourGuideClientRewardsServiceImpl : Service - Distance calculated: 9691.506781497606
2021-11-27 20:34:20.855  INFO 530588 --- [ool-59-thread-2] .t.t.s.TourGuideClientRewardsServiceImpl : Service - Distance calculated: 5997.8407947699525
2021-11-27 20:34:20.855  INFO 530588 --- [ol-117-thread-2] .t.t.s.TourGuideClientRewardsServiceImpl : Service - Distance calculated: 4593.926686313519
2021-11-27 20:34:20.852  INFO 530588 --- [ool-69-thread-2] .t.t.s.TourGuideClientRewardsServiceImpl : Service - Distance calculated: 2095.164587415277
2021-11-27 20:34:20.855  INFO 530588 --- [ol-117-thread-2] .t.t.s.TourGuideClientRewardsServiceImpl : Service - Distance calculated: 5030.740639568495
2021-11-27 20:34:20.852  INFO 530588 --- [ool-46-thread-2] .t.t.s.TourGuideClientRewardsServiceImpl : Service - Distance calculated: 10666.442679487447
2021-11-27 20:34:20.855  INFO 530588 --- [ol-117-thread-2] .t.t.s.TourGuideClientRewardsServiceImpl : Service - Distance calculated: 5085.413430793266
2021-11-27 20:34:20.852  INFO 530588 --- [ol-107-thread-2] .t.t.s.TourGuideClientRewardsServiceImpl : Service - Distance calculated: 6713.754702467061
2021-11-27 20:34:20.855  INFO 530588 --- [ool-46-thread-2] .t.t.s.TourGuideClientRewardsServiceImpl : Service - Distance calculated: 9932.347781564718
2021-11-27 20:34:20.852  INFO 530588 --- [ol-109-thread-2] .t.t.s.TourGuideClientRewardsServiceImpl : Service - Distance calculated: 9530.83045206601
2021-11-27 20:34:20.855  INFO 530588 --- [ol-107-thread-2] .t.t.s.TourGuideClientRewardsServiceImpl : Service - Distance calculated: 9934.584721920777
2021-11-27 20:34:20.852 DEBUG 530588 --- [    Test worker] c.t.t.s.TourGuideClientServiceImpl       : Service - Visited location added for user: internalUser22
2021-11-27 20:34:20.855  INFO 530588 --- [ol-107-thread-2] .t.t.s.TourGuideClientRewardsServiceImpl : Service - Distance calculated: 6620.016830445389
2021-11-27 20:34:20.855  INFO 530588 --- [ol-109-thread-2] .t.t.s.TourGuideClientRewardsServiceImpl : Service - Distance calculated: 9511.571566175577
2021-11-27 20:34:20.855  INFO 530588 --- [ol-107-thread-2] .t.t.s.TourGuideClientRewardsServiceImpl : Service - Distance calculated: 6726.605456034514
2021-11-27 20:34:20.855 DEBUG 530588 --- [    Test worker] c.t.t.s.TourGuideClientServiceImpl       : Service - Visited location added for user: internalUser25
2021-11-27 20:34:20.852  INFO 530588 --- [ool-73-thread-2] .t.t.s.TourGuideClientRewardsServiceImpl : Service - Distance calculated: 8261.904451707196
2021-11-27 20:34:20.852  INFO 530588 --- [ol-118-thread-2] .t.t.s.TourGuideClientRewardsServiceImpl : Service - Distance calculated: 9746.123009197434
2021-11-27 20:34:20.856  INFO 530588 --- [ool-73-thread-2] .t.t.s.TourGuideClientRewardsServiceImpl : Service - Distance calculated: 3624.8315023316263
2021-11-27 20:34:20.852  INFO 530588 --- [ool-82-thread-2] .t.t.s.TourGuideClientRewardsServiceImpl : Service - Distance calculated: 4361.143549338555
2021-11-27 20:34:20.856  INFO 530588 --- [ool-73-thread-2] .t.t.s.TourGuideClientRewardsServiceImpl : Service - Distance calculated: 2892.935362322525
2021-11-27 20:34:20.852  INFO 530588 --- [ool-95-thread-2] .t.t.s.TourGuideClientRewardsServiceImpl : Service - Distance calculated: 4769.500443220635
2021-11-27 20:34:20.856  INFO 530588 --- [ool-82-thread-2] .t.t.s.TourGuideClientRewardsServiceImpl : Service - Distance calculated: 7608.120272358056
2021-11-27 20:34:20.852  INFO 530588 --- [ol-134-thread-2] .t.t.s.TourGuideClientRewardsServiceImpl : Service - Distance calculated: 3362.0039854227907
2021-11-27 20:34:20.856  INFO 530588 --- [ool-82-thread-2] .t.t.s.TourGuideClientRewardsServiceImpl : Service - Distance calculated: 7401.226647295521
2021-11-27 20:34:20.852  INFO 530588 --- [ol-138-thread-2] .t.t.s.TourGuideClientRewardsServiceImpl : Service - Distance calculated: 3221.2972519657274
2021-11-27 20:34:20.856  INFO 530588 --- [ol-134-thread-2] .t.t.s.TourGuideClientRewardsServiceImpl : Service - Distance calculated: 3105.551112311771
2021-11-27 20:34:20.852  INFO 530588 --- [ool-57-thread-2] .t.t.s.TourGuideClientRewardsServiceImpl : Service - Distance calculated: 8094.562722587638
2021-11-27 20:34:20.856  INFO 530588 --- [ol-134-thread-2] .t.t.s.TourGuideClientRewardsServiceImpl : Service - Distance calculated: 3277.09923818998
2021-11-27 20:34:20.852  INFO 530588 --- [ool-87-thread-2] .t.t.s.TourGuideClientRewardsServiceImpl : Service - Distance calculated: 3937.5390222635633
2021-11-27 20:34:20.856  INFO 530588 --- [ol-134-thread-2] .t.t.s.TourGuideClientRewardsServiceImpl : Service - Distance calculated: 2921.709425244835
2021-11-27 20:34:20.852  INFO 530588 --- [ool-43-thread-2] .t.t.s.TourGuideClientRewardsServiceImpl : Service - Distance calculated: 4142.040505217423
2021-11-27 20:34:20.852  INFO 530588 --- [ol-121-thread-2] .t.t.s.TourGuideClientRewardsServiceImpl : Service - Distance calculated: 2184.2522171641367
2021-11-27 20:34:20.856  INFO 530588 --- [ool-43-thread-2] .t.t.s.TourGuideClientRewardsServiceImpl : Service - Distance calculated: 3439.8392253338197
2021-11-27 20:34:20.852  INFO 530588 --- [ool-64-thread-2] .t.t.s.TourGuideClientRewardsServiceImpl : Service - Distance calculated: 9525.108717653664
2021-11-27 20:34:20.856  INFO 530588 --- [ool-43-thread-2] .t.t.s.TourGuideClientRewardsServiceImpl : Service - Distance calculated: 2917.281951105618
2021-11-27 20:34:20.852  INFO 530588 --- [ol-103-thread-2] .t.t.s.TourGuideClientRewardsServiceImpl : Service - Distance calculated: 7436.131467098475
2021-11-27 20:34:20.856  INFO 530588 --- [ool-43-thread-2] .t.t.s.TourGuideClientRewardsServiceImpl : Service - Distance calculated: 3872.4715270105944
2021-11-27 20:34:20.853  INFO 530588 --- [ool-85-thread-2] .t.t.s.TourGuideClientRewardsServiceImpl : Service - Distance calculated: 6361.588240902874
2021-11-27 20:34:20.856  INFO 530588 --- [ool-43-thread-2] .t.t.s.TourGuideClientRewardsServiceImpl : Service - Distance calculated: 6407.850589207061
2021-11-27 20:34:20.853  INFO 530588 --- [ol-142-thread-2] .t.t.s.TourGuideClientRewardsServiceImpl : Service - Distance calculated: 7210.2556372127865
2021-11-27 20:34:20.856  INFO 530588 --- [ool-85-thread-2] .t.t.s.TourGuideClientRewardsServiceImpl : Service - Distance calculated: 7504.534884797628
2021-11-27 20:34:20.853  INFO 530588 --- [ol-129-thread-2] .t.t.s.TourGuideClientRewardsServiceImpl : Service - Distance calculated: 7111.166412434279
2021-11-27 20:34:20.856  INFO 530588 --- [ool-85-thread-2] .t.t.s.TourGuideClientRewardsServiceImpl : Service - Distance calculated: 6335.905393686116
2021-11-27 20:34:20.853  INFO 530588 --- [ool-88-thread-2] .t.t.s.TourGuideClientRewardsServiceImpl : Service - Distance calculated: 6366.630418290205
2021-11-27 20:34:20.856  INFO 530588 --- [ol-129-thread-2] .t.t.s.TourGuideClientRewardsServiceImpl : Service - Distance calculated: 7585.80907870451
2021-11-27 20:34:20.853  INFO 530588 --- [ool-83-thread-2] .t.t.s.TourGuideClientRewardsServiceImpl : Service - Distance calculated: 6355.955579027732
2021-11-27 20:34:20.856  INFO 530588 --- [ol-129-thread-2] .t.t.s.TourGuideClientRewardsServiceImpl : Service - Distance calculated: 7564.367688736124
2021-11-27 20:34:20.853  INFO 530588 --- [ol-122-thread-2] .t.t.s.TourGuideClientRewardsServiceImpl : Service - Distance calculated: 7666.4908000593205
2021-11-27 20:34:20.856  INFO 530588 --- [ool-83-thread-2] .t.t.s.TourGuideClientRewardsServiceImpl : Service - Distance calculated: 5809.654229996913
2021-11-27 20:34:20.853  INFO 530588 --- [ool-56-thread-2] .t.t.s.TourGuideClientRewardsServiceImpl : Service - Distance calculated: 6497.630308915782
2021-11-27 20:34:20.856  INFO 530588 --- [ol-122-thread-2] .t.t.s.TourGuideClientRewardsServiceImpl : Service - Distance calculated: 7032.661833403413
2021-11-27 20:34:20.853  INFO 530588 --- [ol-130-thread-2] .t.t.s.TourGuideClientRewardsServiceImpl : Service - Distance calculated: 7661.242720184687
2021-11-27 20:34:20.853  INFO 530588 --- [ool-71-thread-2] .t.t.s.TourGuideClientRewardsServiceImpl : Service - Distance calculated: 5183.409932976483
2021-11-27 20:34:20.856  INFO 530588 --- [ol-130-thread-2] .t.t.s.TourGuideClientRewardsServiceImpl : Service - Distance calculated: 7633.14096487056
2021-11-27 20:34:20.853  INFO 530588 --- [ool-51-thread-2] .t.t.s.TourGuideClientRewardsServiceImpl : Service - Distance calculated: 8031.623684660191
2021-11-27 20:34:20.856  INFO 530588 --- [ol-130-thread-2] .t.t.s.TourGuideClientRewardsServiceImpl : Service - Distance calculated: 6682.496601353766
2021-11-27 20:34:20.853  INFO 530588 --- [ool-61-thread-2] .t.t.s.TourGuideClientRewardsServiceImpl : Service - Distance calculated: 6605.393573063101
2021-11-27 20:34:20.856  INFO 530588 --- [ool-51-thread-2] .t.t.s.TourGuideClientRewardsServiceImpl : Service - Distance calculated: 7990.929704983541
2021-11-27 20:34:20.853  INFO 530588 --- [ool-68-thread-2] .t.t.s.TourGuideClientRewardsServiceImpl : Service - Distance calculated: 6481.732835005692
2021-11-27 20:34:20.853  INFO 530588 --- [ol-104-thread-2] .t.t.s.TourGuideClientRewardsServiceImpl : Service - Distance calculated: 10661.718960176797
2021-11-27 20:34:20.856  INFO 530588 --- [ool-68-thread-2] .t.t.s.TourGuideClientRewardsServiceImpl : Service - Distance calculated: 6211.321057009875
2021-11-27 20:34:20.853  INFO 530588 --- [ool-67-thread-2] .t.t.s.TourGuideClientRewardsServiceImpl : Service - Distance calculated: 4225.115529780817
2021-11-27 20:34:20.856  INFO 530588 --- [ool-68-thread-2] .t.t.s.TourGuideClientRewardsServiceImpl : Service - Distance calculated: 6970.414777661623
2021-11-27 20:34:20.853  INFO 530588 --- [ool-78-thread-2] .t.t.s.TourGuideClientRewardsServiceImpl : Service - Distance calculated: 4092.4594126381053
2021-11-27 20:34:20.856  INFO 530588 --- [ool-67-thread-2] .t.t.s.TourGuideClientRewardsServiceImpl : Service - Distance calculated: 5397.749741300178
2021-11-27 20:34:20.853  INFO 530588 --- [ool-70-thread-2] .t.t.s.TourGuideClientRewardsServiceImpl : Service - Distance calculated: 5274.057358373737
2021-11-27 20:34:20.856  INFO 530588 --- [ool-67-thread-2] .t.t.s.TourGuideClientRewardsServiceImpl : Service - Distance calculated: 3933.4499582771805
2021-11-27 20:34:20.853  INFO 530588 --- [ol-137-thread-2] .t.t.s.TourGuideClientRewardsServiceImpl : Service - Distance calculated: 2467.1110572413213
2021-11-27 20:34:20.856  INFO 530588 --- [ool-67-thread-2] .t.t.s.TourGuideClientRewardsServiceImpl : Service - Distance calculated: 4586.015581794379
2021-11-27 20:34:20.853  INFO 530588 --- [ool-81-thread-2] .t.t.s.TourGuideClientRewardsServiceImpl : Service - Distance calculated: 10484.404937347335
2021-11-27 20:34:20.856  INFO 530588 --- [ool-67-thread-2] .t.t.s.TourGuideClientRewardsServiceImpl : Service - Distance calculated: 5229.425387859965
2021-11-27 20:34:20.853  INFO 530588 --- [ool-72-thread-2] .t.t.s.TourGuideClientRewardsServiceImpl : Service - Distance calculated: 5432.363655822652
2021-11-27 20:34:20.856  INFO 530588 --- [ool-81-thread-2] .t.t.s.TourGuideClientRewardsServiceImpl : Service - Distance calculated: 9722.511222022473
2021-11-27 20:34:20.853  INFO 530588 --- [ol-119-thread-2] .t.t.s.TourGuideClientRewardsServiceImpl : Service - Distance calculated: 8895.784697993604
2021-11-27 20:34:20.856  INFO 530588 --- [ool-81-thread-2] .t.t.s.TourGuideClientRewardsServiceImpl : Service - Distance calculated: 9251.912499371385
2021-11-27 20:34:20.856  INFO 530588 --- [ool-72-thread-2] .t.t.s.TourGuideClientRewardsServiceImpl : Service - Distance calculated: 5514.3203565841495
2021-11-27 20:34:20.856  INFO 530588 --- [ol-119-thread-2] .t.t.s.TourGuideClientRewardsServiceImpl : Service - Distance calculated: 8298.439273245112
2021-11-27 20:34:20.856  INFO 530588 --- [ool-72-thread-2] .t.t.s.TourGuideClientRewardsServiceImpl : Service - Distance calculated: 5538.666554140887
2021-11-27 20:34:20.853  INFO 530588 --- [ol-124-thread-2] .t.t.s.TourGuideClientRewardsServiceImpl : Service - Distance calculated: 5749.865564799693
2021-11-27 20:34:20.853  INFO 530588 --- [ool-54-thread-2] .t.t.s.TourGuideClientRewardsServiceImpl : Service - Distance calculated: 4131.141808893756
2021-11-27 20:34:20.857  INFO 530588 --- [ol-119-thread-2] .t.t.s.TourGuideClientRewardsServiceImpl : Service - Distance calculated: 8210.362455980896
2021-11-27 20:34:20.853  INFO 530588 --- [ol-135-thread-2] .t.t.s.TourGuideClientRewardsServiceImpl : Service - Distance calculated: 11482.196845272507
2021-11-27 20:34:20.857  INFO 530588 --- [ol-119-thread-2] .t.t.s.TourGuideClientRewardsServiceImpl : Service - Distance calculated: 8451.792309934803
2021-11-27 20:34:20.853  INFO 530588 --- [ool-86-thread-2] .t.t.s.TourGuideClientRewardsServiceImpl : Service - Distance calculated: 2502.474061895128
2021-11-27 20:34:20.857  INFO 530588 --- [ol-119-thread-2] .t.t.s.TourGuideClientRewardsServiceImpl : Service - Distance calculated: 8349.668752305672
2021-11-27 20:34:20.853  INFO 530588 --- [ol-140-thread-2] .t.t.s.TourGuideClientRewardsServiceImpl : Service - Distance calculated: 4639.295011852966
2021-11-27 20:34:20.857  INFO 530588 --- [ol-135-thread-2] .t.t.s.TourGuideClientRewardsServiceImpl : Service - Distance calculated: 10688.069838495221
2021-11-27 20:34:20.857  INFO 530588 --- [ool-86-thread-2] .t.t.s.TourGuideClientRewardsServiceImpl : Service - Distance calculated: 6008.582365449869
2021-11-27 20:34:20.857  INFO 530588 --- [ol-140-thread-2] .t.t.s.TourGuideClientRewardsServiceImpl : Service - Distance calculated: 4712.00412268824
2021-11-27 20:34:20.857  INFO 530588 --- [ol-135-thread-2] .t.t.s.TourGuideClientRewardsServiceImpl : Service - Distance calculated: 10131.077313529613
2021-11-27 20:34:20.853  INFO 530588 --- [ool-55-thread-2] .t.t.s.TourGuideClientRewardsServiceImpl : Service - Distance calculated: 7015.323083587386
2021-11-27 20:34:20.853  INFO 530588 --- [ool-89-thread-2] .t.t.s.TourGuideClientRewardsServiceImpl : Service - Distance calculated: 6629.87798118855
2021-11-27 20:34:20.857  INFO 530588 --- [ool-55-thread-2] .t.t.s.TourGuideClientRewardsServiceImpl : Service - Distance calculated: 7683.115707493368
2021-11-27 20:34:20.853  INFO 530588 --- [ool-45-thread-2] .t.t.s.TourGuideClientRewardsServiceImpl : Service - Distance calculated: 8541.71200219083
2021-11-27 20:34:20.857  INFO 530588 --- [ool-55-thread-2] .t.t.s.TourGuideClientRewardsServiceImpl : Service - Distance calculated: 6895.754662462808
2021-11-27 20:34:20.853  INFO 530588 --- [ol-120-thread-2] .t.t.s.TourGuideClientRewardsServiceImpl : Service - Distance calculated: 5855.769300045344
2021-11-27 20:34:20.857  INFO 530588 --- [ool-45-thread-2] .t.t.s.TourGuideClientRewardsServiceImpl : Service - Distance calculated: 8438.971011985208
2021-11-27 20:34:20.854  INFO 530588 --- [ol-125-thread-2] .t.t.s.TourGuideClientRewardsServiceImpl : Service - Distance calculated: 2733.1683527075706
2021-11-27 20:34:20.857  INFO 530588 --- [ool-45-thread-2] .t.t.s.TourGuideClientRewardsServiceImpl : Service - Distance calculated: 8641.125060259867
2021-11-27 20:34:20.854  INFO 530588 --- [ool-80-thread-2] .t.t.s.TourGuideClientRewardsServiceImpl : Service - Distance calculated: 6588.931139971896
2021-11-27 20:34:20.857  INFO 530588 --- [ool-45-thread-2] .t.t.s.TourGuideClientRewardsServiceImpl : Service - Distance calculated: 8561.329194216818
2021-11-27 20:34:20.854  INFO 530588 --- [ool-47-thread-2] .t.t.s.TourGuideClientRewardsServiceImpl : Service - Distance calculated: 8862.35593078993
2021-11-27 20:34:20.854  INFO 530588 --- [ool-74-thread-2] .t.t.s.TourGuideClientRewardsServiceImpl : Service - Distance calculated: 7598.176076296944
2021-11-27 20:34:20.854  INFO 530588 --- [ol-113-thread-2] .t.t.s.TourGuideClientRewardsServiceImpl : Service - Distance calculated: 6021.623514964878
2021-11-27 20:34:20.854  INFO 530588 --- [ool-62-thread-2] .t.t.s.TourGuideClientRewardsServiceImpl : Service - Distance calculated: 2148.3967563579567
2021-11-27 20:34:20.857  INFO 530588 --- [ol-113-thread-2] .t.t.s.TourGuideClientRewardsServiceImpl : Service - Distance calculated: 5578.522309455229
2021-11-27 20:34:20.854  INFO 530588 --- [ool-96-thread-2] .t.t.s.TourGuideClientRewardsServiceImpl : Service - Distance calculated: 5145.589021155769
2021-11-27 20:34:20.857  INFO 530588 --- [ol-113-thread-2] .t.t.s.TourGuideClientRewardsServiceImpl : Service - Distance calculated: 6001.57500873845
2021-11-27 20:34:20.854  INFO 530588 --- [ol-111-thread-2] .t.t.s.TourGuideClientRewardsServiceImpl : Service - Distance calculated: 5152.175381968036
2021-11-27 20:34:20.857  INFO 530588 --- [ol-113-thread-2] .t.t.s.TourGuideClientRewardsServiceImpl : Service - Distance calculated: 6069.873949247388
2021-11-27 20:34:20.854  INFO 530588 --- [ol-141-thread-2] .t.t.s.TourGuideClientRewardsServiceImpl : Service - Distance calculated: 530.7872328764549
2021-11-27 20:34:20.857  INFO 530588 --- [ol-113-thread-2] .t.t.s.TourGuideClientRewardsServiceImpl : Service - Distance calculated: 6374.863717352148
2021-11-27 20:34:20.854  INFO 530588 --- [ool-50-thread-2] .t.t.s.TourGuideClientRewardsServiceImpl : Service - Distance calculated: 10107.4592840319
2021-11-27 20:34:20.857  INFO 530588 --- [ol-113-thread-2] .t.t.s.TourGuideClientRewardsServiceImpl : Service - Distance calculated: 6469.798630838639
2021-11-27 20:34:20.857  INFO 530588 --- [ol-141-thread-2] .t.t.s.TourGuideClientRewardsServiceImpl : Service - Distance calculated: 1513.308512684603
2021-11-27 20:34:20.857  INFO 530588 --- [ol-113-thread-2] .t.t.s.TourGuideClientRewardsServiceImpl : Service - Distance calculated: 6332.812393970004
2021-11-27 20:34:20.854  INFO 530588 --- [ol-133-thread-2] .t.t.s.TourGuideClientRewardsServiceImpl : Service - Distance calculated: 4433.61504600526
2021-11-27 20:34:20.857  INFO 530588 --- [ol-113-thread-2] .t.t.s.TourGuideClientRewardsServiceImpl : Service - Distance calculated: 6199.788621453182
2021-11-27 20:34:20.854  INFO 530588 --- [ool-93-thread-2] .t.t.s.TourGuideClientRewardsServiceImpl : Service - Distance calculated: 8952.692656803647
2021-11-27 20:34:20.857  INFO 530588 --- [ol-133-thread-2] .t.t.s.TourGuideClientRewardsServiceImpl : Service - Distance calculated: 4708.687246970437
2021-11-27 20:34:20.857  INFO 530588 --- [ol-113-thread-2] .t.t.s.TourGuideClientRewardsServiceImpl : Service - Distance calculated: 6381.479499741692
2021-11-27 20:34:20.854  INFO 530588 --- [ool-63-thread-2] .t.t.s.TourGuideClientRewardsServiceImpl : Service - Distance calculated: 5117.953959618227
2021-11-27 20:34:20.854  INFO 530588 --- [ol-102-thread-2] .t.t.s.TourGuideClientRewardsServiceImpl : Service - Distance calculated: 3876.087208517078
2021-11-27 20:34:20.854  INFO 530588 --- [ool-92-thread-2] .t.t.s.TourGuideClientRewardsServiceImpl : Service - Distance calculated: 1325.9729953694216
2021-11-27 20:34:20.857  INFO 530588 --- [ol-102-thread-2] .t.t.s.TourGuideClientRewardsServiceImpl : Service - Distance calculated: 5557.521104021133
2021-11-27 20:34:20.854  INFO 530588 --- [ool-79-thread-2] .t.t.s.TourGuideClientRewardsServiceImpl : Service - Distance calculated: 6058.300226489326
2021-11-27 20:34:20.857  INFO 530588 --- [ol-102-thread-2] .t.t.s.TourGuideClientRewardsServiceImpl : Service - Distance calculated: 4789.023634338989
2021-11-27 20:34:20.854  INFO 530588 --- [ol-105-thread-2] .t.t.s.TourGuideClientRewardsServiceImpl : Service - Distance calculated: 4102.028422242553
2021-11-27 20:34:20.854  INFO 530588 --- [ol-114-thread-2] .t.t.s.TourGuideClientRewardsServiceImpl : Service - Distance calculated: 4323.917495302148
2021-11-27 20:34:20.854  INFO 530588 --- [ool-98-thread-2] .t.t.s.TourGuideClientRewardsServiceImpl : Service - Distance calculated: 4159.129569838911
2021-11-27 20:34:20.857  INFO 530588 --- [ol-114-thread-2] .t.t.s.TourGuideClientRewardsServiceImpl : Service - Distance calculated: 4186.384624823235
2021-11-27 20:34:20.854  INFO 530588 --- [ool-90-thread-2] .t.t.s.TourGuideClientRewardsServiceImpl : Service - Distance calculated: 3127.85940776922
2021-11-27 20:34:20.857  INFO 530588 --- [ol-114-thread-2] .t.t.s.TourGuideClientRewardsServiceImpl : Service - Distance calculated: 3787.552028739133
2021-11-27 20:34:20.857  INFO 530588 --- [ool-98-thread-2] .t.t.s.TourGuideClientRewardsServiceImpl : Service - Distance calculated: 4087.1223648036835
2021-11-27 20:34:20.857  INFO 530588 --- [ol-114-thread-2] .t.t.s.TourGuideClientRewardsServiceImpl : Service - Distance calculated: 4768.309335268446
2021-11-27 20:34:20.857  INFO 530588 --- [ool-90-thread-2] .t.t.s.TourGuideClientRewardsServiceImpl : Service - Distance calculated: 3226.1683585976366
2021-11-27 20:34:20.857  INFO 530588 --- [ool-98-thread-2] .t.t.s.TourGuideClientRewardsServiceImpl : Service - Distance calculated: 3231.042215053842
2021-11-27 20:34:20.857  INFO 530588 --- [ol-114-thread-2] .t.t.s.TourGuideClientRewardsServiceImpl : Service - Distance calculated: 4474.268812916581
2021-11-27 20:34:20.854  INFO 530588 --- [ol-106-thread-2] .t.t.s.TourGuideClientRewardsServiceImpl : Service - Distance calculated: 8798.64216064199
2021-11-27 20:34:20.857  INFO 530588 --- [ool-98-thread-2] .t.t.s.TourGuideClientRewardsServiceImpl : Service - Distance calculated: 4780.425885540167
2021-11-27 20:34:20.854  INFO 530588 --- [ol-116-thread-2] .t.t.s.TourGuideClientRewardsServiceImpl : Service - Distance calculated: 3751.429539582467
2021-11-27 20:34:20.857  INFO 530588 --- [ool-98-thread-2] .t.t.s.TourGuideClientRewardsServiceImpl : Service - Distance calculated: 4607.261466459564
2021-11-27 20:34:20.854  INFO 530588 --- [ool-99-thread-2] .t.t.s.TourGuideClientRewardsServiceImpl : Service - Distance calculated: 8982.359126592777
2021-11-27 20:34:20.857  INFO 530588 --- [ool-98-thread-2] .t.t.s.TourGuideClientRewardsServiceImpl : Service - Distance calculated: 4748.823261709642
2021-11-27 20:34:20.854  INFO 530588 --- [ol-112-thread-2] .t.t.s.TourGuideClientRewardsServiceImpl : Service - Distance calculated: 3539.1682372469136
2021-11-27 20:34:20.858  INFO 530588 --- [ool-99-thread-2] .t.t.s.TourGuideClientRewardsServiceImpl : Service - Distance calculated: 8441.755403630199
2021-11-27 20:34:20.854  INFO 530588 --- [ol-128-thread-2] .t.t.s.TourGuideClientRewardsServiceImpl : Service - Distance calculated: 4127.899025411814
2021-11-27 20:34:20.858  INFO 530588 --- [ool-99-thread-2] .t.t.s.TourGuideClientRewardsServiceImpl : Service - Distance calculated: 8466.241986803894
2021-11-27 20:34:20.854  INFO 530588 --- [ool-58-thread-2] .t.t.s.TourGuideClientRewardsServiceImpl : Service - Distance calculated: 6410.666304555388
2021-11-27 20:34:20.858  INFO 530588 --- [ol-128-thread-2] .t.t.s.TourGuideClientRewardsServiceImpl : Service - Distance calculated: 4966.945781443137
2021-11-27 20:34:20.854  INFO 530588 --- [ool-91-thread-2] .t.t.s.TourGuideClientRewardsServiceImpl : Service - Distance calculated: 8836.7877657859
2021-11-27 20:34:20.858  INFO 530588 --- [ol-128-thread-2] .t.t.s.TourGuideClientRewardsServiceImpl : Service - Distance calculated: 5031.196222582195
2021-11-27 20:34:20.854  INFO 530588 --- [ool-75-thread-2] .t.t.s.TourGuideClientRewardsServiceImpl : Service - Distance calculated: 8860.162112808257
2021-11-27 20:34:20.858  INFO 530588 --- [ool-91-thread-2] .t.t.s.TourGuideClientRewardsServiceImpl : Service - Distance calculated: 9254.20749262861
2021-11-27 20:34:20.854  INFO 530588 --- [ool-52-thread-2] .t.t.s.TourGuideClientRewardsServiceImpl : Service - Distance calculated: 8840.549654676592
2021-11-27 20:34:20.858  INFO 530588 --- [ool-75-thread-2] .t.t.s.TourGuideClientRewardsServiceImpl : Service - Distance calculated: 8728.437424256692
2021-11-27 20:34:20.854  INFO 530588 --- [ool-94-thread-2] .t.t.s.TourGuideClientRewardsServiceImpl : Service - Distance calculated: 1639.4355089562257
2021-11-27 20:34:20.858  INFO 530588 --- [ool-75-thread-2] .t.t.s.TourGuideClientRewardsServiceImpl : Service - Distance calculated: 9198.195102543901
2021-11-27 20:34:20.858  INFO 530588 --- [ool-94-thread-2] .t.t.s.TourGuideClientRewardsServiceImpl : Service - Distance calculated: 4418.740930400704
2021-11-27 20:34:20.858  INFO 530588 --- [ool-75-thread-2] .t.t.s.TourGuideClientRewardsServiceImpl : Service - Distance calculated: 8312.18765766618
2021-11-27 20:34:20.858  INFO 530588 --- [ool-94-thread-2] .t.t.s.TourGuideClientRewardsServiceImpl : Service - Distance calculated: 4388.169962997245
2021-11-27 20:34:20.858  INFO 530588 --- [ool-75-thread-2] .t.t.s.TourGuideClientRewardsServiceImpl : Service - Distance calculated: 9042.990118714431
2021-11-27 20:34:20.858  INFO 530588 --- [ool-94-thread-2] .t.t.s.TourGuideClientRewardsServiceImpl : Service - Distance calculated: 4494.236295155184
2021-11-27 20:34:20.858  INFO 530588 --- [ool-75-thread-2] .t.t.s.TourGuideClientRewardsServiceImpl : Service - Distance calculated: 8973.026758473728
2021-11-27 20:34:20.858  INFO 530588 --- [ool-94-thread-2] .t.t.s.TourGuideClientRewardsServiceImpl : Service - Distance calculated: 5235.241708948792
2021-11-27 20:34:20.854  INFO 530588 --- [ool-53-thread-2] .t.t.s.TourGuideClientRewardsServiceImpl : Service - Distance calculated: 8361.969729251156
2021-11-27 20:34:20.854  INFO 530588 --- [ol-126-thread-2] .t.t.s.TourGuideClientRewardsServiceImpl : Service - Distance calculated: 7209.457469260189
2021-11-27 20:34:20.855  INFO 530588 --- [ool-77-thread-2] .t.t.s.TourGuideClientRewardsServiceImpl : Service - Distance calculated: 9871.459178065648
2021-11-27 20:34:20.858  INFO 530588 --- [ol-126-thread-2] .t.t.s.TourGuideClientRewardsServiceImpl : Service - Distance calculated: 8003.785603979786
2021-11-27 20:34:20.855  INFO 530588 --- [ool-49-thread-2] .t.t.s.TourGuideClientRewardsServiceImpl : Service - Distance calculated: 9904.434426534106
2021-11-27 20:34:20.858  INFO 530588 --- [ool-77-thread-2] .t.t.s.TourGuideClientRewardsServiceImpl : Service - Distance calculated: 10219.070450611829
2021-11-27 20:34:20.858  INFO 530588 --- [ol-126-thread-2] .t.t.s.TourGuideClientRewardsServiceImpl : Service - Distance calculated: 3092.515765528729
2021-11-27 20:34:20.855  INFO 530588 --- [ool-60-thread-2] .t.t.s.TourGuideClientRewardsServiceImpl : Service - Distance calculated: 875.195504132685
2021-11-27 20:34:20.858  INFO 530588 --- [ol-126-thread-2] .t.t.s.TourGuideClientRewardsServiceImpl : Service - Distance calculated: 3611.6353973976675
2021-11-27 20:34:20.855  INFO 530588 --- [ool-66-thread-2] .t.t.s.TourGuideClientRewardsServiceImpl : Service - Distance calculated: 8504.858929756287
2021-11-27 20:34:20.855  INFO 530588 --- [ol-139-thread-2] .t.t.s.TourGuideClientRewardsServiceImpl : Service - Distance calculated: 4550.620780845985
2021-11-27 20:34:20.858  INFO 530588 --- [ool-66-thread-2] .t.t.s.TourGuideClientRewardsServiceImpl : Service - Distance calculated: 8490.239252747437
2021-11-27 20:34:20.855  INFO 530588 --- [ol-136-thread-2] .t.t.s.TourGuideClientRewardsServiceImpl : Service - Distance calculated: 5406.831114954022
2021-11-27 20:34:20.858  INFO 530588 --- [ool-66-thread-2] .t.t.s.TourGuideClientRewardsServiceImpl : Service - Distance calculated: 8431.652739151874
2021-11-27 20:34:20.855  INFO 530588 --- [ol-123-thread-2] .t.t.s.TourGuideClientRewardsServiceImpl : Service - Distance calculated: 6006.194872747959
2021-11-27 20:34:20.858  INFO 530588 --- [ool-66-thread-2] .t.t.s.TourGuideClientRewardsServiceImpl : Service - Distance calculated: 8406.985268943494
2021-11-27 20:34:20.858  INFO 530588 --- [ol-136-thread-2] .t.t.s.TourGuideClientRewardsServiceImpl : Service - Distance calculated: 5183.942656537982
2021-11-27 20:34:20.858  INFO 530588 --- [ool-66-thread-2] .t.t.s.TourGuideClientRewardsServiceImpl : Service - Distance calculated: 7403.804548057149
2021-11-27 20:34:20.855  INFO 530588 --- [ol-131-thread-2] .t.t.s.TourGuideClientRewardsServiceImpl : Service - Distance calculated: 8697.17289899898
2021-11-27 20:34:20.858  INFO 530588 --- [ool-66-thread-2] .t.t.s.TourGuideClientRewardsServiceImpl : Service - Distance calculated: 7353.696994681725
2021-11-27 20:34:20.855  INFO 530588 --- [ol-101-thread-2] .t.t.s.TourGuideClientRewardsServiceImpl : Service - Distance calculated: 8945.104144698455
2021-11-27 20:34:20.858  INFO 530588 --- [ool-66-thread-2] .t.t.s.TourGuideClientRewardsServiceImpl : Service - Distance calculated: 8058.985509686427
2021-11-27 20:34:20.858  INFO 530588 --- [ol-131-thread-2] .t.t.s.TourGuideClientRewardsServiceImpl : Service - Distance calculated: 5869.201995337383
2021-11-27 20:34:20.858  INFO 530588 --- [ool-66-thread-2] .t.t.s.TourGuideClientRewardsServiceImpl : Service - Distance calculated: 7149.3045815275445
2021-11-27 20:34:20.858  INFO 530588 --- [ol-101-thread-2] .t.t.s.TourGuideClientRewardsServiceImpl : Service - Distance calculated: 9122.008454233595
2021-11-27 20:34:20.855  INFO 530588 --- [ool-44-thread-2] .t.t.s.TourGuideClientRewardsServiceImpl : Service - Distance calculated: 6077.557112472133
2021-11-27 20:34:20.855  INFO 530588 --- [ol-127-thread-2] .t.t.s.TourGuideClientRewardsServiceImpl : Service - Distance calculated: 1872.1349845335367
2021-11-27 20:34:20.855  INFO 530588 --- [ool-48-thread-2] .t.t.s.TourGuideClientRewardsServiceImpl : Service - Distance calculated: 4793.258640372439
2021-11-27 20:34:20.858  INFO 530588 --- [ol-127-thread-2] .t.t.s.TourGuideClientRewardsServiceImpl : Service - Distance calculated: 1934.063874167882
2021-11-27 20:34:20.855  INFO 530588 --- [ol-110-thread-2] .t.t.s.TourGuideClientRewardsServiceImpl : Service - Distance calculated: 1896.5900783359846
2021-11-27 20:34:20.858  INFO 530588 --- [ool-48-thread-2] .t.t.s.TourGuideClientRewardsServiceImpl : Service - Distance calculated: 5010.875101194352
2021-11-27 20:34:20.855  INFO 530588 --- [ol-100-thread-2] .t.t.s.TourGuideClientRewardsServiceImpl : Service - Distance calculated: 2814.096297019217
2021-11-27 20:34:20.858  INFO 530588 --- [ool-48-thread-2] .t.t.s.TourGuideClientRewardsServiceImpl : Service - Distance calculated: 4576.880767907063
2021-11-27 20:34:20.855  INFO 530588 --- [ool-65-thread-2] .t.t.s.TourGuideClientRewardsServiceImpl : Service - Distance calculated: 5279.680736806021
2021-11-27 20:34:20.858  INFO 530588 --- [ool-48-thread-2] .t.t.s.TourGuideClientRewardsServiceImpl : Service - Distance calculated: 5028.735778139599
2021-11-27 20:34:20.858  INFO 530588 --- [ool-65-thread-2] .t.t.s.TourGuideClientRewardsServiceImpl : Service - Distance calculated: 6244.4058485997
2021-11-27 20:34:20.858  INFO 530588 --- [ool-48-thread-2] .t.t.s.TourGuideClientRewardsServiceImpl : Service - Distance calculated: 4939.395489508597
2021-11-27 20:34:20.855  INFO 530588 --- [ool-97-thread-2] .t.t.s.TourGuideClientRewardsServiceImpl : Service - Distance calculated: 1015.7026025251861
2021-11-27 20:34:20.858  INFO 530588 --- [ool-65-thread-2] .t.t.s.TourGuideClientRewardsServiceImpl : Service - Distance calculated: 4831.856761663733
2021-11-27 20:34:20.855  INFO 530588 --- [ol-115-thread-2] .t.t.s.TourGuideClientRewardsServiceImpl : Service - Distance calculated: 9190.12863597925
2021-11-27 20:34:20.858  INFO 530588 --- [ool-97-thread-2] .t.t.s.TourGuideClientRewardsServiceImpl : Service - Distance calculated: 4197.7689855814615
2021-11-27 20:34:20.855  INFO 530588 --- [ool-59-thread-2] .t.t.s.TourGuideClientRewardsServiceImpl : Service - Distance calculated: 5741.948496113605
2021-11-27 20:34:20.858  INFO 530588 --- [ool-97-thread-2] .t.t.s.TourGuideClientRewardsServiceImpl : Service - Distance calculated: 1246.4874549626481
2021-11-27 20:34:20.855  INFO 530588 --- [ool-69-thread-2] .t.t.s.TourGuideClientRewardsServiceImpl : Service - Distance calculated: 1925.5179412929174
2021-11-27 20:34:20.858  INFO 530588 --- [ol-115-thread-2] .t.t.s.TourGuideClientRewardsServiceImpl : Service - Distance calculated: 9123.249374616078
2021-11-27 20:34:20.855  INFO 530588 --- [ol-117-thread-2] .t.t.s.TourGuideClientRewardsServiceImpl : Service - Distance calculated: 3796.0184707952712
2021-11-27 20:34:20.855  INFO 530588 --- [ool-46-thread-2] .t.t.s.TourGuideClientRewardsServiceImpl : Service - Distance calculated: 9215.780684373274
2021-11-27 20:34:20.855  INFO 530588 --- [ol-109-thread-2] .t.t.s.TourGuideClientRewardsServiceImpl : Service - Distance calculated: 11346.702127430253
2021-11-27 20:34:20.859  INFO 530588 --- [ool-46-thread-2] .t.t.s.TourGuideClientRewardsServiceImpl : Service - Distance calculated: 10251.045510986303
2021-11-27 20:34:20.855  INFO 530588 --- [ol-107-thread-2] .t.t.s.TourGuideClientRewardsServiceImpl : Service - Distance calculated: 6596.1984573193495
2021-11-27 20:34:20.859  INFO 530588 --- [ol-109-thread-2] .t.t.s.TourGuideClientRewardsServiceImpl : Service - Distance calculated: 9173.181587267454
2021-11-27 20:34:20.856 DEBUG 530588 --- [    Test worker] c.t.t.s.TourGuideClientServiceImpl       : Service - Visited location added for user: internalUser24
2021-11-27 20:34:20.859  INFO 530588 --- [ol-107-thread-2] .t.t.s.TourGuideClientRewardsServiceImpl : Service - Distance calculated: 6002.514549077226
2021-11-27 20:34:20.856  INFO 530588 --- [ol-118-thread-2] .t.t.s.TourGuideClientRewardsServiceImpl : Service - Distance calculated: 9232.468122845186
2021-11-27 20:34:20.859 DEBUG 530588 --- [    Test worker] c.t.t.s.TourGuideClientServiceImpl       : Service - Visited location added for user: internalUser21
2021-11-27 20:34:20.856  INFO 530588 --- [ool-73-thread-2] .t.t.s.TourGuideClientRewardsServiceImpl : Service - Distance calculated: 3511.186752863766
2021-11-27 20:34:20.859 DEBUG 530588 --- [    Test worker] c.t.t.s.TourGuideClientServiceImpl       : Service - Visited location added for user: internalUser20
2021-11-27 20:34:20.859  INFO 530588 --- [ol-118-thread-2] .t.t.s.TourGuideClientRewardsServiceImpl : Service - Distance calculated: 8232.852855558198
2021-11-27 20:34:20.859 DEBUG 530588 --- [    Test worker] c.t.t.s.TourGuideClientServiceImpl       : Service - Visited location added for user: internalUser38
2021-11-27 20:34:20.856  INFO 530588 --- [ool-95-thread-2] .t.t.s.TourGuideClientRewardsServiceImpl : Service - Distance calculated: 3885.7303239824787
2021-11-27 20:34:20.859  INFO 530588 --- [ol-118-thread-2] .t.t.s.TourGuideClientRewardsServiceImpl : Service - Distance calculated: 8282.915399317557
2021-11-27 20:34:20.856  INFO 530588 --- [ool-82-thread-2] .t.t.s.TourGuideClientRewardsServiceImpl : Service - Distance calculated: 7549.41861288742
2021-11-27 20:34:20.856  INFO 530588 --- [ol-138-thread-2] .t.t.s.TourGuideClientRewardsServiceImpl : Service - Distance calculated: 3175.835792455531
2021-11-27 20:34:20.859  INFO 530588 --- [ool-82-thread-2] .t.t.s.TourGuideClientRewardsServiceImpl : Service - Distance calculated: 7811.345719519222
2021-11-27 20:34:20.856  INFO 530588 --- [ool-57-thread-2] .t.t.s.TourGuideClientRewardsServiceImpl : Service - Distance calculated: 8669.013298151613
2021-11-27 20:34:20.859  INFO 530588 --- [ool-82-thread-2] .t.t.s.TourGuideClientRewardsServiceImpl : Service - Distance calculated: 6736.083293711602
2021-11-27 20:34:20.856  INFO 530588 --- [ool-87-thread-2] .t.t.s.TourGuideClientRewardsServiceImpl : Service - Distance calculated: 4703.663818440913
2021-11-27 20:34:20.859  INFO 530588 --- [ool-82-thread-2] .t.t.s.TourGuideClientRewardsServiceImpl : Service - Distance calculated: 7221.832183819531
2021-11-27 20:34:20.859  INFO 530588 --- [ool-87-thread-2] .t.t.s.TourGuideClientRewardsServiceImpl : Service - Distance calculated: 4093.3799051929386
2021-11-27 20:34:20.856  INFO 530588 --- [ol-134-thread-2] .t.t.s.TourGuideClientRewardsServiceImpl : Service - Distance calculated: 3655.9900909171615
2021-11-27 20:34:20.859  INFO 530588 --- [ool-87-thread-2] .t.t.s.TourGuideClientRewardsServiceImpl : Service - Distance calculated: 4011.29958099777
2021-11-27 20:34:20.856  INFO 530588 --- [ol-121-thread-2] .t.t.s.TourGuideClientRewardsServiceImpl : Service - Distance calculated: 1836.8413181951817
2021-11-27 20:34:20.859  INFO 530588 --- [ool-87-thread-2] .t.t.s.TourGuideClientRewardsServiceImpl : Service - Distance calculated: 5076.175775480927
2021-11-27 20:34:20.859  INFO 530588 --- [ol-134-thread-2] .t.t.s.TourGuideClientRewardsServiceImpl : Service - Distance calculated: 2915.341408340062
2021-11-27 20:34:20.859  INFO 530588 --- [ool-87-thread-2] .t.t.s.TourGuideClientRewardsServiceImpl : Service - Distance calculated: 5007.443747707025
2021-11-27 20:34:20.856  INFO 530588 --- [ool-64-thread-2] .t.t.s.TourGuideClientRewardsServiceImpl : Service - Distance calculated: 9612.935353772855
2021-11-27 20:34:20.859  INFO 530588 --- [ol-134-thread-2] .t.t.s.TourGuideClientRewardsServiceImpl : Service - Distance calculated: 3079.0179809536367
2021-11-27 20:34:20.856  INFO 530588 --- [ol-103-thread-2] .t.t.s.TourGuideClientRewardsServiceImpl : Service - Distance calculated: 8306.530705840572
2021-11-27 20:34:20.859  INFO 530588 --- [ol-134-thread-2] .t.t.s.TourGuideClientRewardsServiceImpl : Service - Distance calculated: 2739.8246335475806
2021-11-27 20:34:20.859  INFO 530588 --- [ool-64-thread-2] .t.t.s.TourGuideClientRewardsServiceImpl : Service - Distance calculated: 9068.857752284874
2021-11-27 20:34:20.859  INFO 530588 --- [ol-103-thread-2] .t.t.s.TourGuideClientRewardsServiceImpl : Service - Distance calculated: 8217.028566762066
2021-11-27 20:34:20.859  INFO 530588 --- [ol-134-thread-2] .t.t.s.TourGuideClientRewardsServiceImpl : Service - Distance calculated: 2958.4866100192417
2021-11-27 20:34:20.859  INFO 530588 --- [ool-64-thread-2] .t.t.s.TourGuideClientRewardsServiceImpl : Service - Distance calculated: 9162.022977354989
2021-11-27 20:34:20.859  INFO 530588 --- [ol-134-thread-2] .t.t.s.TourGuideClientRewardsServiceImpl : Service - Distance calculated: 3643.3364244782892
2021-11-27 20:34:20.859  INFO 530588 --- [ool-64-thread-2] .t.t.s.TourGuideClientRewardsServiceImpl : Service - Distance calculated: 9716.778800564678
2021-11-27 20:34:20.859  INFO 530588 --- [ol-134-thread-2] .t.t.s.TourGuideClientRewardsServiceImpl : Service - Distance calculated: 3122.5704778029713
2021-11-27 20:34:20.859  INFO 530588 --- [ool-64-thread-2] .t.t.s.TourGuideClientRewardsServiceImpl : Service - Distance calculated: 8507.257603717973
2021-11-27 20:34:20.859  INFO 530588 --- [ol-134-thread-2] .t.t.s.TourGuideClientRewardsServiceImpl : Service - Distance calculated: 2465.6551202327337
2021-11-27 20:34:20.859  INFO 530588 --- [ool-64-thread-2] .t.t.s.TourGuideClientRewardsServiceImpl : Service - Distance calculated: 8710.956840184588
2021-11-27 20:34:20.856  INFO 530588 --- [ool-43-thread-2] .t.t.s.TourGuideClientRewardsServiceImpl : Service - Distance calculated: 7037.13697781252
2021-11-27 20:34:20.856  INFO 530588 --- [ol-142-thread-2] .t.t.s.TourGuideClientRewardsServiceImpl : Service - Distance calculated: 7421.264448209989
2021-11-27 20:34:20.856  INFO 530588 --- [ool-85-thread-2] .t.t.s.TourGuideClientRewardsServiceImpl : Service - Distance calculated: 6927.59729765522
2021-11-27 20:34:20.859  INFO 530588 --- [ol-142-thread-2] .t.t.s.TourGuideClientRewardsServiceImpl : Service - Distance calculated: 6123.1902070879
2021-11-27 20:34:20.856  INFO 530588 --- [ool-88-thread-2] .t.t.s.TourGuideClientRewardsServiceImpl : Service - Distance calculated: 4195.958440290781
2021-11-27 20:34:20.859  INFO 530588 --- [ol-142-thread-2] .t.t.s.TourGuideClientRewardsServiceImpl : Service - Distance calculated: 6895.622227075062
2021-11-27 20:34:20.856  INFO 530588 --- [ol-129-thread-2] .t.t.s.TourGuideClientRewardsServiceImpl : Service - Distance calculated: 7087.129394655688
2021-11-27 20:34:20.856  INFO 530588 --- [ool-83-thread-2] .t.t.s.TourGuideClientRewardsServiceImpl : Service - Distance calculated: 6198.116090762286
2021-11-27 20:34:20.856  INFO 530588 --- [ol-122-thread-2] .t.t.s.TourGuideClientRewardsServiceImpl : Service - Distance calculated: 6943.916645750205
2021-11-27 20:34:20.859  INFO 530588 --- [ool-83-thread-2] .t.t.s.TourGuideClientRewardsServiceImpl : Service - Distance calculated: 6243.774864812299
2021-11-27 20:34:20.856  INFO 530588 --- [ool-56-thread-2] .t.t.s.TourGuideClientRewardsServiceImpl : Service - Distance calculated: 6757.498311943298
2021-11-27 20:34:20.859  INFO 530588 --- [ool-83-thread-2] .t.t.s.TourGuideClientRewardsServiceImpl : Service - Distance calculated: 4931.276615009605
2021-11-27 20:34:20.856  INFO 530588 --- [ool-71-thread-2] .t.t.s.TourGuideClientRewardsServiceImpl : Service - Distance calculated: 5425.879803860885
2021-11-27 20:34:20.856  INFO 530588 --- [ol-130-thread-2] .t.t.s.TourGuideClientRewardsServiceImpl : Service - Distance calculated: 6625.58904986298
2021-11-27 20:34:20.859  INFO 530588 --- [ool-71-thread-2] .t.t.s.TourGuideClientRewardsServiceImpl : Service - Distance calculated: 5386.458922614094
2021-11-27 20:34:20.856  INFO 530588 --- [ool-51-thread-2] .t.t.s.TourGuideClientRewardsServiceImpl : Service - Distance calculated: 7650.549540576796
2021-11-27 20:34:20.859  INFO 530588 --- [ool-71-thread-2] .t.t.s.TourGuideClientRewardsServiceImpl : Service - Distance calculated: 6119.013307870987
2021-11-27 20:34:20.856  INFO 530588 --- [ool-61-thread-2] .t.t.s.TourGuideClientRewardsServiceImpl : Service - Distance calculated: 7050.5173521547695
2021-11-27 20:34:20.856  INFO 530588 --- [ol-104-thread-2] .t.t.s.TourGuideClientRewardsServiceImpl : Service - Distance calculated: 10008.086078898541
2021-11-27 20:34:20.856  INFO 530588 --- [ool-68-thread-2] .t.t.s.TourGuideClientRewardsServiceImpl : Service - Distance calculated: 6760.268629656377
2021-11-27 20:34:20.859  INFO 530588 --- [ol-104-thread-2] .t.t.s.TourGuideClientRewardsServiceImpl : Service - Distance calculated: 9971.285164566438
2021-11-27 20:34:20.856  INFO 530588 --- [ool-78-thread-2] .t.t.s.TourGuideClientRewardsServiceImpl : Service - Distance calculated: 4199.774456153655
2021-11-27 20:34:20.859  INFO 530588 --- [ol-104-thread-2] .t.t.s.TourGuideClientRewardsServiceImpl : Service - Distance calculated: 9893.96497469927
2021-11-27 20:34:20.856  INFO 530588 --- [ool-70-thread-2] .t.t.s.TourGuideClientRewardsServiceImpl : Service - Distance calculated: 5361.93239186959
2021-11-27 20:34:20.856  INFO 530588 --- [ol-137-thread-2] .t.t.s.TourGuideClientRewardsServiceImpl : Service - Distance calculated: 2409.690645463788
2021-11-27 20:34:20.856  INFO 530588 --- [ool-67-thread-2] .t.t.s.TourGuideClientRewardsServiceImpl : Service - Distance calculated: 4278.65455907498
2021-11-27 20:34:20.856  INFO 530588 --- [ool-81-thread-2] .t.t.s.TourGuideClientRewardsServiceImpl : Service - Distance calculated: 9797.688667723081
2021-11-27 20:34:20.860  INFO 530588 --- [ool-67-thread-2] .t.t.s.TourGuideClientRewardsServiceImpl : Service - Distance calculated: 6725.476486337706
2021-11-27 20:34:20.860  INFO 530588 --- [ool-81-thread-2] .t.t.s.TourGuideClientRewardsServiceImpl : Service - Distance calculated: 9512.342366030813
2021-11-27 20:34:20.860  INFO 530588 --- [ool-67-thread-2] .t.t.s.TourGuideClientRewardsServiceImpl : Service - Distance calculated: 7396.923701416169
2021-11-27 20:34:20.857  INFO 530588 --- [ol-124-thread-2] .t.t.s.TourGuideClientRewardsServiceImpl : Service - Distance calculated: 5986.268917716865
2021-11-27 20:34:20.860  INFO 530588 --- [ool-67-thread-2] .t.t.s.TourGuideClientRewardsServiceImpl : Service - Distance calculated: 6813.447603740469
2021-11-27 20:34:20.857  INFO 530588 --- [ool-72-thread-2] .t.t.s.TourGuideClientRewardsServiceImpl : Service - Distance calculated: 6509.624124477662
2021-11-27 20:34:20.860  INFO 530588 --- [ool-67-thread-2] .t.t.s.TourGuideClientRewardsServiceImpl : Service - Distance calculated: 6726.850809140902
2021-11-27 20:34:20.857  INFO 530588 --- [ool-54-thread-2] .t.t.s.TourGuideClientRewardsServiceImpl : Service - Distance calculated: 3944.7809132727007
2021-11-27 20:34:20.860  INFO 530588 --- [ool-72-thread-2] .t.t.s.TourGuideClientRewardsServiceImpl : Service - Distance calculated: 6566.339072311696
2021-11-27 20:34:20.857  INFO 530588 --- [ol-119-thread-2] .t.t.s.TourGuideClientRewardsServiceImpl : Service - Distance calculated: 8088.305976321678
2021-11-27 20:34:20.860  INFO 530588 --- [ool-54-thread-2] .t.t.s.TourGuideClientRewardsServiceImpl : Service - Distance calculated: 6796.058431884441
2021-11-27 20:34:20.857  INFO 530588 --- [ool-86-thread-2] .t.t.s.TourGuideClientRewardsServiceImpl : Service - Distance calculated: 5260.634792954047
2021-11-27 20:34:20.860  INFO 530588 --- [ool-54-thread-2] .t.t.s.TourGuideClientRewardsServiceImpl : Service - Distance calculated: 4195.714174814221
2021-11-27 20:34:20.857  INFO 530588 --- [ol-140-thread-2] .t.t.s.TourGuideClientRewardsServiceImpl : Service - Distance calculated: 4988.288985873595
2021-11-27 20:34:20.860  INFO 530588 --- [ool-86-thread-2] .t.t.s.TourGuideClientRewardsServiceImpl : Service - Distance calculated: 5888.338484137736
2021-11-27 20:34:20.860  INFO 530588 --- [ol-140-thread-2] .t.t.s.TourGuideClientRewardsServiceImpl : Service - Distance calculated: 5081.833331003105
2021-11-27 20:34:20.857  INFO 530588 --- [ol-135-thread-2] .t.t.s.TourGuideClientRewardsServiceImpl : Service - Distance calculated: 10455.365751742675
2021-11-27 20:34:20.857  INFO 530588 --- [ool-89-thread-2] .t.t.s.TourGuideClientRewardsServiceImpl : Service - Distance calculated: 4567.577960639457
2021-11-27 20:34:20.857  INFO 530588 --- [ool-55-thread-2] .t.t.s.TourGuideClientRewardsServiceImpl : Service - Distance calculated: 7083.314741918011
2021-11-27 20:34:20.857  INFO 530588 --- [ol-120-thread-2] .t.t.s.TourGuideClientRewardsServiceImpl : Service - Distance calculated: 4615.698364443918
2021-11-27 20:34:20.860  INFO 530588 --- [ool-55-thread-2] .t.t.s.TourGuideClientRewardsServiceImpl : Service - Distance calculated: 7125.344483614108
2021-11-27 20:34:20.857  INFO 530588 --- [ol-125-thread-2] .t.t.s.TourGuideClientRewardsServiceImpl : Service - Distance calculated: 1655.8973648171561
2021-11-27 20:34:20.860  INFO 530588 --- [ool-55-thread-2] .t.t.s.TourGuideClientRewardsServiceImpl : Service - Distance calculated: 7026.372756016591
2021-11-27 20:34:20.857  INFO 530588 --- [ool-45-thread-2] .t.t.s.TourGuideClientRewardsServiceImpl : Service - Distance calculated: 9124.390957187561
2021-11-27 20:34:20.860  INFO 530588 --- [ool-55-thread-2] .t.t.s.TourGuideClientRewardsServiceImpl : Service - Distance calculated: 6930.377973355655
2021-11-27 20:34:20.857  INFO 530588 --- [ool-80-thread-2] .t.t.s.TourGuideClientRewardsServiceImpl : Service - Distance calculated: 6447.14013127829
2021-11-27 20:34:20.860  INFO 530588 --- [ool-55-thread-2] .t.t.s.TourGuideClientRewardsServiceImpl : Service - Distance calculated: 5969.901884464915
2021-11-27 20:34:20.860  INFO 530588 --- [ool-45-thread-2] .t.t.s.TourGuideClientRewardsServiceImpl : Service - Distance calculated: 8098.929111738952
2021-11-27 20:34:20.860  INFO 530588 --- [ool-55-thread-2] .t.t.s.TourGuideClientRewardsServiceImpl : Service - Distance calculated: 7546.032987131565
2021-11-27 20:34:20.860  INFO 530588 --- [ool-80-thread-2] .t.t.s.TourGuideClientRewardsServiceImpl : Service - Distance calculated: 5983.329838323347
2021-11-27 20:34:20.860  INFO 530588 --- [ool-45-thread-2] .t.t.s.TourGuideClientRewardsServiceImpl : Service - Distance calculated: 8784.81529752346
2021-11-27 20:34:20.860  INFO 530588 --- [ool-80-thread-2] .t.t.s.TourGuideClientRewardsServiceImpl : Service - Distance calculated: 6947.087672201707
2021-11-27 20:34:20.860  INFO 530588 --- [ool-45-thread-2] .t.t.s.TourGuideClientRewardsServiceImpl : Service - Distance calculated: 8847.8069557445
2021-11-27 20:34:20.857  INFO 530588 --- [ool-47-thread-2] .t.t.s.TourGuideClientRewardsServiceImpl : Service - Distance calculated: 9858.903229347523
2021-11-27 20:34:20.860  INFO 530588 --- [ool-45-thread-2] .t.t.s.TourGuideClientRewardsServiceImpl : Service - Distance calculated: 9060.155351794398
2021-11-27 20:34:20.857  INFO 530588 --- [ool-74-thread-2] .t.t.s.TourGuideClientRewardsServiceImpl : Service - Distance calculated: 7732.532546197982
2021-11-27 20:34:20.860  INFO 530588 --- [ool-45-thread-2] .t.t.s.TourGuideClientRewardsServiceImpl : Service - Distance calculated: 8747.349812957484
2021-11-27 20:34:20.860  INFO 530588 --- [ool-47-thread-2] .t.t.s.TourGuideClientRewardsServiceImpl : Service - Distance calculated: 9010.350523713578
2021-11-27 20:34:20.857  INFO 530588 --- [ool-62-thread-2] .t.t.s.TourGuideClientRewardsServiceImpl : Service - Distance calculated: 2282.746325565392
2021-11-27 20:34:20.860  INFO 530588 --- [ool-47-thread-2] .t.t.s.TourGuideClientRewardsServiceImpl : Service - Distance calculated: 10072.449585536482
2021-11-27 20:34:20.857  INFO 530588 --- [ool-96-thread-2] .t.t.s.TourGuideClientRewardsServiceImpl : Service - Distance calculated: 5139.979453364632
2021-11-27 20:34:20.860  INFO 530588 --- [ool-47-thread-2] .t.t.s.TourGuideClientRewardsServiceImpl : Service - Distance calculated: 10846.836037657627
2021-11-27 20:34:20.857  INFO 530588 --- [ool-50-thread-2] .t.t.s.TourGuideClientRewardsServiceImpl : Service - Distance calculated: 8476.136142518362
2021-11-27 20:34:20.860  INFO 530588 --- [ool-47-thread-2] .t.t.s.TourGuideClientRewardsServiceImpl : Service - Distance calculated: 10215.202893496313
2021-11-27 20:34:20.857  INFO 530588 --- [ol-111-thread-2] .t.t.s.TourGuideClientRewardsServiceImpl : Service - Distance calculated: 2101.139400216393
2021-11-27 20:34:20.860  INFO 530588 --- [ool-50-thread-2] .t.t.s.TourGuideClientRewardsServiceImpl : Service - Distance calculated: 9249.688453209423
2021-11-27 20:34:20.857  INFO 530588 --- [ol-141-thread-2] .t.t.s.TourGuideClientRewardsServiceImpl : Service - Distance calculated: 1568.3461120603313
2021-11-27 20:34:20.860  INFO 530588 --- [ool-50-thread-2] .t.t.s.TourGuideClientRewardsServiceImpl : Service - Distance calculated: 9946.411927189236
2021-11-27 20:34:20.857  INFO 530588 --- [ool-93-thread-2] .t.t.s.TourGuideClientRewardsServiceImpl : Service - Distance calculated: 9971.741606067271
2021-11-27 20:34:20.857  INFO 530588 --- [ol-133-thread-2] .t.t.s.TourGuideClientRewardsServiceImpl : Service - Distance calculated: 5385.3867623506185
2021-11-27 20:34:20.860  INFO 530588 --- [ool-50-thread-2] .t.t.s.TourGuideClientRewardsServiceImpl : Service - Distance calculated: 8984.330288362089
2021-11-27 20:34:20.857  INFO 530588 --- [ol-113-thread-2] .t.t.s.TourGuideClientRewardsServiceImpl : Service - Distance calculated: 3661.0253177605587
2021-11-27 20:34:20.860  INFO 530588 --- [ool-50-thread-2] .t.t.s.TourGuideClientRewardsServiceImpl : Service - Distance calculated: 10324.921642617157
2021-11-27 20:34:20.857  INFO 530588 --- [ool-63-thread-2] .t.t.s.TourGuideClientRewardsServiceImpl : Service - Distance calculated: 2206.8164677769296
2021-11-27 20:34:20.860  INFO 530588 --- [ool-50-thread-2] .t.t.s.TourGuideClientRewardsServiceImpl : Service - Distance calculated: 10158.34342570498
2021-11-27 20:34:20.857  INFO 530588 --- [ool-92-thread-2] .t.t.s.TourGuideClientRewardsServiceImpl : Service - Distance calculated: 1872.0191692551562
2021-11-27 20:34:20.857  INFO 530588 --- [ool-79-thread-2] .t.t.s.TourGuideClientRewardsServiceImpl : Service - Distance calculated: 6027.003400825231
2021-11-27 20:34:20.860  INFO 530588 --- [ool-92-thread-2] .t.t.s.TourGuideClientRewardsServiceImpl : Service - Distance calculated: 2312.188476543056
2021-11-27 20:34:20.857  INFO 530588 --- [ol-102-thread-2] .t.t.s.TourGuideClientRewardsServiceImpl : Service - Distance calculated: 5403.919724180617
2021-11-27 20:34:20.860  INFO 530588 --- [ool-92-thread-2] .t.t.s.TourGuideClientRewardsServiceImpl : Service - Distance calculated: 9425.900517182547
2021-11-27 20:34:20.857  INFO 530588 --- [ol-105-thread-2] .t.t.s.TourGuideClientRewardsServiceImpl : Service - Distance calculated: 6436.153559377401
2021-11-27 20:34:20.860  INFO 530588 --- [ol-102-thread-2] .t.t.s.TourGuideClientRewardsServiceImpl : Service - Distance calculated: 5487.667415786066
2021-11-27 20:34:20.857  INFO 530588 --- [ool-90-thread-2] .t.t.s.TourGuideClientRewardsServiceImpl : Service - Distance calculated: 3819.3588805927316
2021-11-27 20:34:20.860  INFO 530588 --- [ol-105-thread-2] .t.t.s.TourGuideClientRewardsServiceImpl : Service - Distance calculated: 4501.269377610386
2021-11-27 20:34:20.857  INFO 530588 --- [ol-114-thread-2] .t.t.s.TourGuideClientRewardsServiceImpl : Service - Distance calculated: 4588.320912993141
2021-11-27 20:34:20.861  INFO 530588 --- [ol-105-thread-2] .t.t.s.TourGuideClientRewardsServiceImpl : Service - Distance calculated: 4350.412403437088
2021-11-27 20:34:20.857  INFO 530588 --- [ol-106-thread-2] .t.t.s.TourGuideClientRewardsServiceImpl : Service - Distance calculated: 8069.416526584495
2021-11-27 20:34:20.861  INFO 530588 --- [ol-105-thread-2] .t.t.s.TourGuideClientRewardsServiceImpl : Service - Distance calculated: 4325.307433173337
2021-11-27 20:34:20.857  INFO 530588 --- [ol-116-thread-2] .t.t.s.TourGuideClientRewardsServiceImpl : Service - Distance calculated: 3497.1474471162287
2021-11-27 20:34:20.861  INFO 530588 --- [ol-105-thread-2] .t.t.s.TourGuideClientRewardsServiceImpl : Service - Distance calculated: 3483.1422937235548
2021-11-27 20:34:20.858  INFO 530588 --- [ool-98-thread-2] .t.t.s.TourGuideClientRewardsServiceImpl : Service - Distance calculated: 5202.810318830804
2021-11-27 20:34:20.858  INFO 530588 --- [ol-112-thread-2] .t.t.s.TourGuideClientRewardsServiceImpl : Service - Distance calculated: 3391.0375398171136
2021-11-27 20:34:20.858  INFO 530588 --- [ool-99-thread-2] .t.t.s.TourGuideClientRewardsServiceImpl : Service - Distance calculated: 8586.520771489224
2021-11-27 20:34:20.861  INFO 530588 --- [ol-112-thread-2] .t.t.s.TourGuideClientRewardsServiceImpl : Service - Distance calculated: 3313.584586324572
2021-11-27 20:34:20.858  INFO 530588 --- [ool-58-thread-2] .t.t.s.TourGuideClientRewardsServiceImpl : Service - Distance calculated: 5132.9228145603665
2021-11-27 20:34:20.861  INFO 530588 --- [ol-112-thread-2] .t.t.s.TourGuideClientRewardsServiceImpl : Service - Distance calculated: 4401.952382293513
2021-11-27 20:34:20.858  INFO 530588 --- [ol-128-thread-2] .t.t.s.TourGuideClientRewardsServiceImpl : Service - Distance calculated: 4461.294988473869
2021-11-27 20:34:20.861  INFO 530588 --- [ol-112-thread-2] .t.t.s.TourGuideClientRewardsServiceImpl : Service - Distance calculated: 3835.3168847042934
2021-11-27 20:34:20.858  INFO 530588 --- [ool-91-thread-2] .t.t.s.TourGuideClientRewardsServiceImpl : Service - Distance calculated: 8994.778534657222
2021-11-27 20:34:20.861  INFO 530588 --- [ol-112-thread-2] .t.t.s.TourGuideClientRewardsServiceImpl : Service - Distance calculated: 4014.420071636664
2021-11-27 20:34:20.858  INFO 530588 --- [ool-52-thread-2] .t.t.s.TourGuideClientRewardsServiceImpl : Service - Distance calculated: 9174.33927458153
2021-11-27 20:34:20.861  INFO 530588 --- [ol-112-thread-2] .t.t.s.TourGuideClientRewardsServiceImpl : Service - Distance calculated: 3679.4980990552444
2021-11-27 20:34:20.858  INFO 530588 --- [ool-75-thread-2] .t.t.s.TourGuideClientRewardsServiceImpl : Service - Distance calculated: 9248.626674585394
2021-11-27 20:34:20.861  INFO 530588 --- [ol-112-thread-2] .t.t.s.TourGuideClientRewardsServiceImpl : Service - Distance calculated: 4320.874643739821
2021-11-27 20:34:20.858  INFO 530588 --- [ool-94-thread-2] .t.t.s.TourGuideClientRewardsServiceImpl : Service - Distance calculated: 4670.019375846451
2021-11-27 20:34:20.861  INFO 530588 --- [ol-112-thread-2] .t.t.s.TourGuideClientRewardsServiceImpl : Service - Distance calculated: 5540.572214378939
2021-11-27 20:34:20.858  INFO 530588 --- [ool-53-thread-2] .t.t.s.TourGuideClientRewardsServiceImpl : Service - Distance calculated: 8112.757834507007
2021-11-27 20:34:20.861  INFO 530588 --- [ol-112-thread-2] .t.t.s.TourGuideClientRewardsServiceImpl : Service - Distance calculated: 3469.850291468065
2021-11-27 20:34:20.861  INFO 530588 --- [ool-94-thread-2] .t.t.s.TourGuideClientRewardsServiceImpl : Service - Distance calculated: 4683.931296217749
2021-11-27 20:34:20.858  INFO 530588 --- [ool-49-thread-2] .t.t.s.TourGuideClientRewardsServiceImpl : Service - Distance calculated: 9428.662733026547
2021-11-27 20:34:20.861  INFO 530588 --- [ool-94-thread-2] .t.t.s.TourGuideClientRewardsServiceImpl : Service - Distance calculated: 4795.8210005073115
2021-11-27 20:34:20.858  INFO 530588 --- [ool-77-thread-2] .t.t.s.TourGuideClientRewardsServiceImpl : Service - Distance calculated: 9564.480839399675
2021-11-27 20:34:20.861  INFO 530588 --- [ool-94-thread-2] .t.t.s.TourGuideClientRewardsServiceImpl : Service - Distance calculated: 4571.001852383695
2021-11-27 20:34:20.858  INFO 530588 --- [ool-60-thread-2] .t.t.s.TourGuideClientRewardsServiceImpl : Service - Distance calculated: 1307.9091869640636
2021-11-27 20:34:20.861  INFO 530588 --- [ool-94-thread-2] .t.t.s.TourGuideClientRewardsServiceImpl : Service - Distance calculated: 4678.0704446610725
2021-11-27 20:34:20.858  INFO 530588 --- [ol-126-thread-2] .t.t.s.TourGuideClientRewardsServiceImpl : Service - Distance calculated: 3124.2883807714074
2021-11-27 20:34:20.861  INFO 530588 --- [ool-60-thread-2] .t.t.s.TourGuideClientRewardsServiceImpl : Service - Distance calculated: 2061.6765565462124
2021-11-27 20:34:20.858  INFO 530588 --- [ol-139-thread-2] .t.t.s.TourGuideClientRewardsServiceImpl : Service - Distance calculated: 4010.643375072953
2021-11-27 20:34:20.858  INFO 530588 --- [ol-123-thread-2] .t.t.s.TourGuideClientRewardsServiceImpl : Service - Distance calculated: 6198.794709857204
2021-11-27 20:34:20.858  INFO 530588 --- [ol-136-thread-2] .t.t.s.TourGuideClientRewardsServiceImpl : Service - Distance calculated: 5435.313730909625
2021-11-27 20:34:20.861  INFO 530588 --- [ol-123-thread-2] .t.t.s.TourGuideClientRewardsServiceImpl : Service - Distance calculated: 6797.111044082113
2021-11-27 20:34:20.858  INFO 530588 --- [ol-131-thread-2] .t.t.s.TourGuideClientRewardsServiceImpl : Service - Distance calculated: 6122.361720215654
2021-11-27 20:34:20.858  INFO 530588 --- [ool-66-thread-2] .t.t.s.TourGuideClientRewardsServiceImpl : Service - Distance calculated: 7086.108679035528
2021-11-27 20:34:20.861  INFO 530588 --- [ol-131-thread-2] .t.t.s.TourGuideClientRewardsServiceImpl : Service - Distance calculated: 5975.823409222241
2021-11-27 20:34:20.858  INFO 530588 --- [ol-101-thread-2] .t.t.s.TourGuideClientRewardsServiceImpl : Service - Distance calculated: 8656.154648333315
2021-11-27 20:34:20.861  INFO 530588 --- [ol-131-thread-2] .t.t.s.TourGuideClientRewardsServiceImpl : Service - Distance calculated: 5895.332260055453
2021-11-27 20:34:20.858  INFO 530588 --- [ool-44-thread-2] .t.t.s.TourGuideClientRewardsServiceImpl : Service - Distance calculated: 5691.741304063796
2021-11-27 20:34:20.861  INFO 530588 --- [ol-101-thread-2] .t.t.s.TourGuideClientRewardsServiceImpl : Service - Distance calculated: 7437.032181568547
2021-11-27 20:34:20.858  INFO 530588 --- [ol-127-thread-2] .t.t.s.TourGuideClientRewardsServiceImpl : Service - Distance calculated: 776.696163092838
2021-11-27 20:34:20.858  INFO 530588 --- [ol-110-thread-2] .t.t.s.TourGuideClientRewardsServiceImpl : Service - Distance calculated: 2012.0472917014206
2021-11-27 20:34:20.861  INFO 530588 --- [ol-127-thread-2] .t.t.s.TourGuideClientRewardsServiceImpl : Service - Distance calculated: 862.150342349327
2021-11-27 20:34:20.858  INFO 530588 --- [ol-100-thread-2] .t.t.s.TourGuideClientRewardsServiceImpl : Service - Distance calculated: 2968.3805609751334
2021-11-27 20:34:20.861  INFO 530588 --- [ol-127-thread-2] .t.t.s.TourGuideClientRewardsServiceImpl : Service - Distance calculated: 1740.3877668532632
2021-11-27 20:34:20.858  INFO 530588 --- [ool-48-thread-2] .t.t.s.TourGuideClientRewardsServiceImpl : Service - Distance calculated: 5106.841753473536
2021-11-27 20:34:20.861  INFO 530588 --- [ol-127-thread-2] .t.t.s.TourGuideClientRewardsServiceImpl : Service - Distance calculated: 250.33613759797757
2021-11-27 20:34:20.858  INFO 530588 --- [ool-65-thread-2] .t.t.s.TourGuideClientRewardsServiceImpl : Service - Distance calculated: 4847.900474535805
2021-11-27 20:34:20.861  INFO 530588 --- [ool-48-thread-2] .t.t.s.TourGuideClientRewardsServiceImpl : Service - Distance calculated: 4023.700583345237
2021-11-27 20:34:20.858  INFO 530588 --- [ool-59-thread-2] .t.t.s.TourGuideClientRewardsServiceImpl : Service - Distance calculated: 6252.360902138876
2021-11-27 20:34:20.861  INFO 530588 --- [ool-48-thread-2] .t.t.s.TourGuideClientRewardsServiceImpl : Service - Distance calculated: 4990.863349463172
2021-11-27 20:34:20.858  INFO 530588 --- [ool-97-thread-2] .t.t.s.TourGuideClientRewardsServiceImpl : Service - Distance calculated: 1158.0622237336008
2021-11-27 20:34:20.861  INFO 530588 --- [ool-48-thread-2] .t.t.s.TourGuideClientRewardsServiceImpl : Service - Distance calculated: 4441.678239437479
2021-11-27 20:34:20.861  INFO 530588 --- [ool-59-thread-2] .t.t.s.TourGuideClientRewardsServiceImpl : Service - Distance calculated: 5659.957813878886
2021-11-27 20:34:20.861  INFO 530588 --- [ool-48-thread-2] .t.t.s.TourGuideClientRewardsServiceImpl : Service - Distance calculated: 4150.78952987015
2021-11-27 20:34:20.861  INFO 530588 --- [ool-97-thread-2] .t.t.s.TourGuideClientRewardsServiceImpl : Service - Distance calculated: 1092.6897545410266
2021-11-27 20:34:20.859  INFO 530588 --- [ool-69-thread-2] .t.t.s.TourGuideClientRewardsServiceImpl : Service - Distance calculated: 3308.976554577487
2021-11-27 20:34:20.861  INFO 530588 --- [ool-97-thread-2] .t.t.s.TourGuideClientRewardsServiceImpl : Service - Distance calculated: 271.8620658041377
2021-11-27 20:34:20.859  INFO 530588 --- [ol-115-thread-2] .t.t.s.TourGuideClientRewardsServiceImpl : Service - Distance calculated: 10305.153524558706
2021-11-27 20:34:20.859  INFO 530588 --- [ol-117-thread-2] .t.t.s.TourGuideClientRewardsServiceImpl : Service - Distance calculated: 3833.5362120502623
2021-11-27 20:34:20.859  INFO 530588 --- [ool-46-thread-2] .t.t.s.TourGuideClientRewardsServiceImpl : Service - Distance calculated: 11425.202383948432
2021-11-27 20:34:20.859  INFO 530588 --- [ol-109-thread-2] .t.t.s.TourGuideClientRewardsServiceImpl : Service - Distance calculated: 9394.040286676225
2021-11-27 20:34:20.859  INFO 530588 --- [ol-107-thread-2] .t.t.s.TourGuideClientRewardsServiceImpl : Service - Distance calculated: 6846.171348738634
2021-11-27 20:34:20.862  INFO 530588 --- [ol-109-thread-2] .t.t.s.TourGuideClientRewardsServiceImpl : Service - Distance calculated: 9245.508670538593
2021-11-27 20:34:20.862  INFO 530588 --- [ol-107-thread-2] .t.t.s.TourGuideClientRewardsServiceImpl : Service - Distance calculated: 6616.141788859487
2021-11-27 20:34:20.859  INFO 530588 --- [ool-73-thread-2] .t.t.s.TourGuideClientRewardsServiceImpl : Service - Distance calculated: 3600.6855011892494
2021-11-27 20:34:20.859 DEBUG 530588 --- [    Test worker] c.t.t.s.TourGuideClientServiceImpl       : Service - Visited location added for user: internalUser37
2021-11-27 20:34:20.862  INFO 530588 --- [ool-73-thread-2] .t.t.s.TourGuideClientRewardsServiceImpl : Service - Distance calculated: 3259.387584764587
2021-11-27 20:34:20.859  INFO 530588 --- [ool-95-thread-2] .t.t.s.TourGuideClientRewardsServiceImpl : Service - Distance calculated: 5948.071104825154
2021-11-27 20:34:20.859  INFO 530588 --- [ol-118-thread-2] .t.t.s.TourGuideClientRewardsServiceImpl : Service - Distance calculated: 3311.924789185877
2021-11-27 20:34:20.862 DEBUG 530588 --- [    Test worker] c.t.t.s.TourGuideClientServiceImpl       : Service - Visited location added for user: internalUser39
2021-11-27 20:34:20.862  INFO 530588 --- [ool-95-thread-2] .t.t.s.TourGuideClientRewardsServiceImpl : Service - Distance calculated: 5123.966292997844
2021-11-27 20:34:20.862  INFO 530588 --- [ol-118-thread-2] .t.t.s.TourGuideClientRewardsServiceImpl : Service - Distance calculated: 2742.1895408575288
2021-11-27 20:34:20.859  INFO 530588 --- [ol-138-thread-2] .t.t.s.TourGuideClientRewardsServiceImpl : Service - Distance calculated: 3991.738065444013
2021-11-27 20:34:20.859  INFO 530588 --- [ool-57-thread-2] .t.t.s.TourGuideClientRewardsServiceImpl : Service - Distance calculated: 8535.39428661499
2021-11-27 20:34:20.859  INFO 530588 --- [ool-82-thread-2] .t.t.s.TourGuideClientRewardsServiceImpl : Service - Distance calculated: 7100.56498198142
2021-11-27 20:34:20.862  INFO 530588 --- [ool-57-thread-2] .t.t.s.TourGuideClientRewardsServiceImpl : Service - Distance calculated: 8551.021688827866
2021-11-27 20:34:20.859  INFO 530588 --- [ool-87-thread-2] .t.t.s.TourGuideClientRewardsServiceImpl : Service - Distance calculated: 4117.667852787365
2021-11-27 20:34:20.862  INFO 530588 --- [ool-82-thread-2] .t.t.s.TourGuideClientRewardsServiceImpl : Service - Distance calculated: 7324.581230082638
2021-11-27 20:34:20.862  INFO 530588 --- [ool-87-thread-2] .t.t.s.TourGuideClientRewardsServiceImpl : Service - Distance calculated: 5700.03618112477
2021-11-27 20:34:20.859  INFO 530588 --- [ol-121-thread-2] .t.t.s.TourGuideClientRewardsServiceImpl : Service - Distance calculated: 1004.6291923481905
2021-11-27 20:34:20.862  INFO 530588 --- [ool-87-thread-2] .t.t.s.TourGuideClientRewardsServiceImpl : Service - Distance calculated: 5531.543504276864
2021-11-27 20:34:20.859  INFO 530588 --- [ol-103-thread-2] .t.t.s.TourGuideClientRewardsServiceImpl : Service - Distance calculated: 7487.769893634817
2021-11-27 20:34:20.862  INFO 530588 --- [ool-87-thread-2] .t.t.s.TourGuideClientRewardsServiceImpl : Service - Distance calculated: 5262.525658776586
2021-11-27 20:34:20.859  INFO 530588 --- [ol-134-thread-2] .t.t.s.TourGuideClientRewardsServiceImpl : Service - Distance calculated: 3035.1600519130657
2021-11-27 20:34:20.862  INFO 530588 --- [ol-103-thread-2] .t.t.s.TourGuideClientRewardsServiceImpl : Service - Distance calculated: 8878.448528582738
2021-11-27 20:34:20.859  INFO 530588 --- [ool-64-thread-2] .t.t.s.TourGuideClientRewardsServiceImpl : Service - Distance calculated: 7410.4940895697355
2021-11-27 20:34:20.862  INFO 530588 --- [ol-134-thread-2] .t.t.s.TourGuideClientRewardsServiceImpl : Service - Distance calculated: 3121.3484154669536
2021-11-27 20:34:20.859  INFO 530588 --- [ool-43-thread-2] .t.t.s.TourGuideClientRewardsServiceImpl : Service - Distance calculated: 6571.505498183537
2021-11-27 20:34:20.862  INFO 530588 --- [ool-64-thread-2] .t.t.s.TourGuideClientRewardsServiceImpl : Service - Distance calculated: 8147.372926291401
2021-11-27 20:34:20.859  INFO 530588 --- [ool-85-thread-2] .t.t.s.TourGuideClientRewardsServiceImpl : Service - Distance calculated: 7357.904809728027
2021-11-27 20:34:20.862  INFO 530588 --- [ool-43-thread-2] .t.t.s.TourGuideClientRewardsServiceImpl : Service - Distance calculated: 6513.370771007178
2021-11-27 20:34:20.859  INFO 530588 --- [ol-142-thread-2] .t.t.s.TourGuideClientRewardsServiceImpl : Service - Distance calculated: 7121.3883342841455
2021-11-27 20:34:20.862  INFO 530588 --- [ool-43-thread-2] .t.t.s.TourGuideClientRewardsServiceImpl : Service - Distance calculated: 7791.000671634381
2021-11-27 20:34:20.859  INFO 530588 --- [ool-88-thread-2] .t.t.s.TourGuideClientRewardsServiceImpl : Service - Distance calculated: 3446.2235854882915
2021-11-27 20:34:20.862  INFO 530588 --- [ol-142-thread-2] .t.t.s.TourGuideClientRewardsServiceImpl : Service - Distance calculated: 7095.872963381665
2021-11-27 20:34:20.859  INFO 530588 --- [ol-129-thread-2] .t.t.s.TourGuideClientRewardsServiceImpl : Service - Distance calculated: 6546.776814941817
2021-11-27 20:34:20.862  INFO 530588 --- [ol-142-thread-2] .t.t.s.TourGuideClientRewardsServiceImpl : Service - Distance calculated: 7854.904175363236
2021-11-27 20:34:20.859  INFO 530588 --- [ol-122-thread-2] .t.t.s.TourGuideClientRewardsServiceImpl : Service - Distance calculated: 7675.502048295364
2021-11-27 20:34:20.862  INFO 530588 --- [ol-142-thread-2] .t.t.s.TourGuideClientRewardsServiceImpl : Service - Distance calculated: 8208.231690398661
2021-11-27 20:34:20.862  INFO 530588 --- [ol-129-thread-2] .t.t.s.TourGuideClientRewardsServiceImpl : Service - Distance calculated: 10751.461977437755
2021-11-27 20:34:20.862  INFO 530588 --- [ol-142-thread-2] .t.t.s.TourGuideClientRewardsServiceImpl : Service - Distance calculated: 7755.024052067605
2021-11-27 20:34:20.859  INFO 530588 --- [ool-83-thread-2] .t.t.s.TourGuideClientRewardsServiceImpl : Service - Distance calculated: 4953.457154075282
2021-11-27 20:34:20.862  INFO 530588 --- [ol-129-thread-2] .t.t.s.TourGuideClientRewardsServiceImpl : Service - Distance calculated: 10344.836772931665
2021-11-27 20:34:20.859  INFO 530588 --- [ool-56-thread-2] .t.t.s.TourGuideClientRewardsServiceImpl : Service - Distance calculated: 7524.39693518433
2021-11-27 20:34:20.862  INFO 530588 --- [ol-129-thread-2] .t.t.s.TourGuideClientRewardsServiceImpl : Service - Distance calculated: 10622.269848019898
2021-11-27 20:34:20.859  INFO 530588 --- [ol-130-thread-2] .t.t.s.TourGuideClientRewardsServiceImpl : Service - Distance calculated: 7287.312015274345
2021-11-27 20:34:20.862  INFO 530588 --- [ool-56-thread-2] .t.t.s.TourGuideClientRewardsServiceImpl : Service - Distance calculated: 6912.036909135652
2021-11-27 20:34:20.859  INFO 530588 --- [ool-71-thread-2] .t.t.s.TourGuideClientRewardsServiceImpl : Service - Distance calculated: 6577.627389675632
2021-11-27 20:34:20.862  INFO 530588 --- [ol-130-thread-2] .t.t.s.TourGuideClientRewardsServiceImpl : Service - Distance calculated: 6482.364435483885
2021-11-27 20:34:20.859  INFO 530588 --- [ool-51-thread-2] .t.t.s.TourGuideClientRewardsServiceImpl : Service - Distance calculated: 7851.501586316568
2021-11-27 20:34:20.862  INFO 530588 --- [ol-130-thread-2] .t.t.s.TourGuideClientRewardsServiceImpl : Service - Distance calculated: 6398.816850344198
2021-11-27 20:34:20.859  INFO 530588 --- [ool-61-thread-2] .t.t.s.TourGuideClientRewardsServiceImpl : Service - Distance calculated: 7887.914249904829
2021-11-27 20:34:20.859  INFO 530588 --- [ool-68-thread-2] .t.t.s.TourGuideClientRewardsServiceImpl : Service - Distance calculated: 8498.706668468716
2021-11-27 20:34:20.860  INFO 530588 --- [ol-104-thread-2] .t.t.s.TourGuideClientRewardsServiceImpl : Service - Distance calculated: 9075.019242530287
2021-11-27 20:34:20.862  INFO 530588 --- [ool-68-thread-2] .t.t.s.TourGuideClientRewardsServiceImpl : Service - Distance calculated: 7153.48315227018
2021-11-27 20:34:20.860  INFO 530588 --- [ool-78-thread-2] .t.t.s.TourGuideClientRewardsServiceImpl : Service - Distance calculated: 4296.737013299928
2021-11-27 20:34:20.862  INFO 530588 --- [ol-104-thread-2] .t.t.s.TourGuideClientRewardsServiceImpl : Service - Distance calculated: 9291.309027095851
2021-11-27 20:34:20.860  INFO 530588 --- [ool-70-thread-2] .t.t.s.TourGuideClientRewardsServiceImpl : Service - Distance calculated: 4576.214138698362
2021-11-27 20:34:20.860  INFO 530588 --- [ol-137-thread-2] .t.t.s.TourGuideClientRewardsServiceImpl : Service - Distance calculated: 2190.1051392494624
2021-11-27 20:34:20.862  INFO 530588 --- [ool-70-thread-2] .t.t.s.TourGuideClientRewardsServiceImpl : Service - Distance calculated: 4668.9070658932405
2021-11-27 20:34:20.860  INFO 530588 --- [ool-81-thread-2] .t.t.s.TourGuideClientRewardsServiceImpl : Service - Distance calculated: 10076.475162111732
2021-11-27 20:34:20.862  INFO 530588 --- [ool-70-thread-2] .t.t.s.TourGuideClientRewardsServiceImpl : Service - Distance calculated: 5341.769692399552
2021-11-27 20:34:20.860  INFO 530588 --- [ol-124-thread-2] .t.t.s.TourGuideClientRewardsServiceImpl : Service - Distance calculated: 5476.209029900149
2021-11-27 20:34:20.860  INFO 530588 --- [ool-67-thread-2] .t.t.s.TourGuideClientRewardsServiceImpl : Service - Distance calculated: 6965.222720377738
2021-11-27 20:34:20.862  INFO 530588 --- [ool-70-thread-2] .t.t.s.TourGuideClientRewardsServiceImpl : Service - Distance calculated: 4022.6239349264306
2021-11-27 20:34:20.860  INFO 530588 --- [ool-72-thread-2] .t.t.s.TourGuideClientRewardsServiceImpl : Service - Distance calculated: 5886.949956327104
2021-11-27 20:34:20.862  INFO 530588 --- [ool-67-thread-2] .t.t.s.TourGuideClientRewardsServiceImpl : Service - Distance calculated: 6862.8741795119895
2021-11-27 20:34:20.860  INFO 530588 --- [ol-119-thread-2] .t.t.s.TourGuideClientRewardsServiceImpl : Service - Distance calculated: 8779.931604630534
2021-11-27 20:34:20.862  INFO 530588 --- [ool-72-thread-2] .t.t.s.TourGuideClientRewardsServiceImpl : Service - Distance calculated: 6701.23875096178
2021-11-27 20:34:20.860  INFO 530588 --- [ool-54-thread-2] .t.t.s.TourGuideClientRewardsServiceImpl : Service - Distance calculated: 4124.143750434595
2021-11-27 20:34:20.860  INFO 530588 --- [ol-140-thread-2] .t.t.s.TourGuideClientRewardsServiceImpl : Service - Distance calculated: 4957.889108348728
2021-11-27 20:34:20.863  INFO 530588 --- [ool-54-thread-2] .t.t.s.TourGuideClientRewardsServiceImpl : Service - Distance calculated: 4057.1975652968063
2021-11-27 20:34:20.860  INFO 530588 --- [ool-86-thread-2] .t.t.s.TourGuideClientRewardsServiceImpl : Service - Distance calculated: 5978.108088478809
2021-11-27 20:34:20.863  INFO 530588 --- [ool-54-thread-2] .t.t.s.TourGuideClientRewardsServiceImpl : Service - Distance calculated: 3225.929626661845
2021-11-27 20:34:20.860  INFO 530588 --- [ol-135-thread-2] .t.t.s.TourGuideClientRewardsServiceImpl : Service - Distance calculated: 10793.090376078628
2021-11-27 20:34:20.863  INFO 530588 --- [ool-86-thread-2] .t.t.s.TourGuideClientRewardsServiceImpl : Service - Distance calculated: 5410.999488831821
2021-11-27 20:34:20.860  INFO 530588 --- [ool-89-thread-2] .t.t.s.TourGuideClientRewardsServiceImpl : Service - Distance calculated: 5391.760943584507
2021-11-27 20:34:20.863  INFO 530588 --- [ol-135-thread-2] .t.t.s.TourGuideClientRewardsServiceImpl : Service - Distance calculated: 11492.973938573503
2021-11-27 20:34:20.860  INFO 530588 --- [ol-120-thread-2] .t.t.s.TourGuideClientRewardsServiceImpl : Service - Distance calculated: 4665.8699016964265
2021-11-27 20:34:20.860  INFO 530588 --- [ol-125-thread-2] .t.t.s.TourGuideClientRewardsServiceImpl : Service - Distance calculated: 2415.149034233784
2021-11-27 20:34:20.860  INFO 530588 --- [ool-55-thread-2] .t.t.s.TourGuideClientRewardsServiceImpl : Service - Distance calculated: 6910.225809250664
2021-11-27 20:34:20.860  INFO 530588 --- [ool-80-thread-2] .t.t.s.TourGuideClientRewardsServiceImpl : Service - Distance calculated: 6605.303940067164
2021-11-27 20:34:20.863  INFO 530588 --- [ool-55-thread-2] .t.t.s.TourGuideClientRewardsServiceImpl : Service - Distance calculated: 6474.853350876334
2021-11-27 20:34:20.863  INFO 530588 --- [ool-80-thread-2] .t.t.s.TourGuideClientRewardsServiceImpl : Service - Distance calculated: 6644.478637459103
2021-11-27 20:34:20.863  INFO 530588 --- [ool-55-thread-2] .t.t.s.TourGuideClientRewardsServiceImpl : Service - Distance calculated: 6533.258743294983
2021-11-27 20:34:20.863  INFO 530588 --- [ool-80-thread-2] .t.t.s.TourGuideClientRewardsServiceImpl : Service - Distance calculated: 6576.979222623364
2021-11-27 20:34:20.863  INFO 530588 --- [ool-55-thread-2] .t.t.s.TourGuideClientRewardsServiceImpl : Service - Distance calculated: 6954.546542412824
2021-11-27 20:34:20.860  INFO 530588 --- [ool-74-thread-2] .t.t.s.TourGuideClientRewardsServiceImpl : Service - Distance calculated: 7552.088023856759
2021-11-27 20:34:20.863  INFO 530588 --- [ool-55-thread-2] .t.t.s.TourGuideClientRewardsServiceImpl : Service - Distance calculated: 7547.741556923592
2021-11-27 20:34:20.860  INFO 530588 --- [ool-45-thread-2] .t.t.s.TourGuideClientRewardsServiceImpl : Service - Distance calculated: 8106.524634933594
2021-11-27 20:34:20.863  INFO 530588 --- [ool-55-thread-2] .t.t.s.TourGuideClientRewardsServiceImpl : Service - Distance calculated: 4581.65710057313
2021-11-27 20:34:20.860  INFO 530588 --- [ool-62-thread-2] .t.t.s.TourGuideClientRewardsServiceImpl : Service - Distance calculated: 2289.4339721013357
2021-11-27 20:34:20.863  INFO 530588 --- [ool-45-thread-2] .t.t.s.TourGuideClientRewardsServiceImpl : Service - Distance calculated: 6166.488012621045
2021-11-27 20:34:20.863  INFO 530588 --- [ool-55-thread-2] .t.t.s.TourGuideClientRewardsServiceImpl : Service - Distance calculated: 4314.738253992943
2021-11-27 20:34:20.860  INFO 530588 --- [ool-96-thread-2] .t.t.s.TourGuideClientRewardsServiceImpl : Service - Distance calculated: 3759.4844030312433
2021-11-27 20:34:20.863  INFO 530588 --- [ool-45-thread-2] .t.t.s.TourGuideClientRewardsServiceImpl : Service - Distance calculated: 6092.326777390545
2021-11-27 20:34:20.863  INFO 530588 --- [ool-55-thread-2] .t.t.s.TourGuideClientRewardsServiceImpl : Service - Distance calculated: 4454.37014268008
2021-11-27 20:34:20.863  INFO 530588 --- [ool-45-thread-2] .t.t.s.TourGuideClientRewardsServiceImpl : Service - Distance calculated: 6230.028904566885
2021-11-27 20:34:20.860  INFO 530588 --- [ool-47-thread-2] .t.t.s.TourGuideClientRewardsServiceImpl : Service - Distance calculated: 10127.201273816245
2021-11-27 20:34:20.863  INFO 530588 --- [ool-45-thread-2] .t.t.s.TourGuideClientRewardsServiceImpl : Service - Distance calculated: 6260.621315713662
2021-11-27 20:34:20.860  INFO 530588 --- [ol-111-thread-2] .t.t.s.TourGuideClientRewardsServiceImpl : Service - Distance calculated: 5398.064909853573
2021-11-27 20:34:20.863  INFO 530588 --- [ool-47-thread-2] .t.t.s.TourGuideClientRewardsServiceImpl : Service - Distance calculated: 10653.550126391565
2021-11-27 20:34:20.860  INFO 530588 --- [ol-141-thread-2] .t.t.s.TourGuideClientRewardsServiceImpl : Service - Distance calculated: 6292.226897296125
2021-11-27 20:34:20.863  INFO 530588 --- [ol-111-thread-2] .t.t.s.TourGuideClientRewardsServiceImpl : Service - Distance calculated: 5221.712050824571
2021-11-27 20:34:20.860  INFO 530588 --- [ool-93-thread-2] .t.t.s.TourGuideClientRewardsServiceImpl : Service - Distance calculated: 9761.076790865196
2021-11-27 20:34:20.863  INFO 530588 --- [ol-141-thread-2] .t.t.s.TourGuideClientRewardsServiceImpl : Service - Distance calculated: 5572.847103318928
2021-11-27 20:34:20.860  INFO 530588 --- [ol-133-thread-2] .t.t.s.TourGuideClientRewardsServiceImpl : Service - Distance calculated: 6364.9978819571725
2021-11-27 20:34:20.863  INFO 530588 --- [ol-141-thread-2] .t.t.s.TourGuideClientRewardsServiceImpl : Service - Distance calculated: 6128.402172719761
2021-11-27 20:34:20.863  INFO 530588 --- [ool-93-thread-2] .t.t.s.TourGuideClientRewardsServiceImpl : Service - Distance calculated: 9976.383482767798
2021-11-27 20:34:20.863  INFO 530588 --- [ol-141-thread-2] .t.t.s.TourGuideClientRewardsServiceImpl : Service - Distance calculated: 6201.033805023507
2021-11-27 20:34:20.863  INFO 530588 --- [ool-93-thread-2] .t.t.s.TourGuideClientRewardsServiceImpl : Service - Distance calculated: 10131.707346739657
2021-11-27 20:34:20.860  INFO 530588 --- [ol-113-thread-2] .t.t.s.TourGuideClientRewardsServiceImpl : Service - Distance calculated: 6172.1589581300195
2021-11-27 20:34:20.863  INFO 530588 --- [ool-93-thread-2] .t.t.s.TourGuideClientRewardsServiceImpl : Service - Distance calculated: 10009.610058978484
2021-11-27 20:34:20.860  INFO 530588 --- [ool-50-thread-2] .t.t.s.TourGuideClientRewardsServiceImpl : Service - Distance calculated: 10234.607440585416
2021-11-27 20:34:20.863  INFO 530588 --- [ol-113-thread-2] .t.t.s.TourGuideClientRewardsServiceImpl : Service - Distance calculated: 6216.451689442721
2021-11-27 20:34:20.860  INFO 530588 --- [ool-63-thread-2] .t.t.s.TourGuideClientRewardsServiceImpl : Service - Distance calculated: 2777.9751515350217
2021-11-27 20:34:20.863  INFO 530588 --- [ool-50-thread-2] .t.t.s.TourGuideClientRewardsServiceImpl : Service - Distance calculated: 10220.89738744677
2021-11-27 20:34:20.860  INFO 530588 --- [ool-79-thread-2] .t.t.s.TourGuideClientRewardsServiceImpl : Service - Distance calculated: 6077.740996545923
2021-11-27 20:34:20.863  INFO 530588 --- [ool-63-thread-2] .t.t.s.TourGuideClientRewardsServiceImpl : Service - Distance calculated: 2250.8511889195756
2021-11-27 20:34:20.863  INFO 530588 --- [ool-79-thread-2] .t.t.s.TourGuideClientRewardsServiceImpl : Service - Distance calculated: 5781.689676388978
2021-11-27 20:34:20.863  INFO 530588 --- [ool-63-thread-2] .t.t.s.TourGuideClientRewardsServiceImpl : Service - Distance calculated: 2173.604498065512
2021-11-27 20:34:20.863  INFO 530588 --- [ool-79-thread-2] .t.t.s.TourGuideClientRewardsServiceImpl : Service - Distance calculated: 4684.891311204066
2021-11-27 20:34:20.860  INFO 530588 --- [ool-92-thread-2] .t.t.s.TourGuideClientRewardsServiceImpl : Service - Distance calculated: 9265.143031552396
2021-11-27 20:34:20.863  INFO 530588 --- [ool-63-thread-2] .t.t.s.TourGuideClientRewardsServiceImpl : Service - Distance calculated: 2423.7518166703044
2021-11-27 20:34:20.861  INFO 530588 --- [ol-102-thread-2] .t.t.s.TourGuideClientRewardsServiceImpl : Service - Distance calculated: 4535.080782789328
2021-11-27 20:34:20.863  INFO 530588 --- [ool-92-thread-2] .t.t.s.TourGuideClientRewardsServiceImpl : Service - Distance calculated: 9329.984701909607
2021-11-27 20:34:20.861  INFO 530588 --- [ool-90-thread-2] .t.t.s.TourGuideClientRewardsServiceImpl : Service - Distance calculated: 2638.9429719119976
2021-11-27 20:34:20.863  INFO 530588 --- [ool-92-thread-2] .t.t.s.TourGuideClientRewardsServiceImpl : Service - Distance calculated: 9319.533947813577
2021-11-27 20:34:20.861  INFO 530588 --- [ol-114-thread-2] .t.t.s.TourGuideClientRewardsServiceImpl : Service - Distance calculated: 4279.652239715846
2021-11-27 20:34:20.863  INFO 530588 --- [ool-90-thread-2] .t.t.s.TourGuideClientRewardsServiceImpl : Service - Distance calculated: 2852.6179151105207
2021-11-27 20:34:20.861  INFO 530588 --- [ol-106-thread-2] .t.t.s.TourGuideClientRewardsServiceImpl : Service - Distance calculated: 8989.519389784002
2021-11-27 20:34:20.863  INFO 530588 --- [ool-90-thread-2] .t.t.s.TourGuideClientRewardsServiceImpl : Service - Distance calculated: 2894.49130322082
2021-11-27 20:34:20.861  INFO 530588 --- [ol-105-thread-2] .t.t.s.TourGuideClientRewardsServiceImpl : Service - Distance calculated: 3562.8061080883977
2021-11-27 20:34:20.861  INFO 530588 --- [ol-116-thread-2] .t.t.s.TourGuideClientRewardsServiceImpl : Service - Distance calculated: 3996.600429675229
2021-11-27 20:34:20.861  INFO 530588 --- [ool-98-thread-2] .t.t.s.TourGuideClientRewardsServiceImpl : Service - Distance calculated: 4916.93054639435
2021-11-27 20:34:20.864  INFO 530588 --- [ol-116-thread-2] .t.t.s.TourGuideClientRewardsServiceImpl : Service - Distance calculated: 3206.8401969002953
2021-11-27 20:34:20.864  INFO 530588 --- [ol-116-thread-2] .t.t.s.TourGuideClientRewardsServiceImpl : Service - Distance calculated: 2219.6592350982405
2021-11-27 20:34:20.864  INFO 530588 --- [ol-116-thread-2] .t.t.s.TourGuideClientRewardsServiceImpl : Service - Distance calculated: 3981.434274671773
2021-11-27 20:34:20.864  INFO 530588 --- [ol-116-thread-2] .t.t.s.TourGuideClientRewardsServiceImpl : Service - Distance calculated: 4751.826943777652
2021-11-27 20:34:20.864  INFO 530588 --- [ol-116-thread-2] .t.t.s.TourGuideClientRewardsServiceImpl : Service - Distance calculated: 2690.491366010231
2021-11-27 20:34:20.861  INFO 530588 --- [ool-99-thread-2] .t.t.s.TourGuideClientRewardsServiceImpl : Service - Distance calculated: 8328.40536784287
2021-11-27 20:34:20.864  INFO 530588 --- [ol-116-thread-2] .t.t.s.TourGuideClientRewardsServiceImpl : Service - Distance calculated: 3512.186869325999
2021-11-27 20:34:20.864  INFO 530588 --- [ol-116-thread-2] .t.t.s.TourGuideClientRewardsServiceImpl : Service - Distance calculated: 4595.230361552023
2021-11-27 20:34:20.864  INFO 530588 --- [ool-99-thread-2] .t.t.s.TourGuideClientRewardsServiceImpl : Service - Distance calculated: 8457.373559243024
2021-11-27 20:34:20.864  INFO 530588 --- [ol-116-thread-2] .t.t.s.TourGuideClientRewardsServiceImpl : Service - Distance calculated: 4038.6200587969183
2021-11-27 20:34:20.864  INFO 530588 --- [ol-116-thread-2] .t.t.s.TourGuideClientRewardsServiceImpl : Service - Distance calculated: 2902.1861853389105
2021-11-27 20:34:20.864  INFO 530588 --- [ol-116-thread-2] .t.t.s.TourGuideClientRewardsServiceImpl : Service - Distance calculated: 3415.325749133341
2021-11-27 20:34:20.864  INFO 530588 --- [ol-116-thread-2] .t.t.s.TourGuideClientRewardsServiceImpl : Service - Distance calculated: 3052.7579307561077
2021-11-27 20:34:20.864  INFO 530588 --- [ol-116-thread-2] .t.t.s.TourGuideClientRewardsServiceImpl : Service - Distance calculated: 3017.345856879693
2021-11-27 20:34:20.864  INFO 530588 --- [ol-116-thread-2] .t.t.s.TourGuideClientRewardsServiceImpl : Service - Distance calculated: 4329.151311615464
2021-11-27 20:34:20.861  INFO 530588 --- [ool-58-thread-2] .t.t.s.TourGuideClientRewardsServiceImpl : Service - Distance calculated: 4935.501849455926
2021-11-27 20:34:20.861  INFO 530588 --- [ol-128-thread-2] .t.t.s.TourGuideClientRewardsServiceImpl : Service - Distance calculated: 5124.635276760833
2021-11-27 20:34:20.864  INFO 530588 --- [ool-58-thread-2] .t.t.s.TourGuideClientRewardsServiceImpl : Service - Distance calculated: 4940.1894701673355
2021-11-27 20:34:20.861  INFO 530588 --- [ool-91-thread-2] .t.t.s.TourGuideClientRewardsServiceImpl : Service - Distance calculated: 9508.304505865868
2021-11-27 20:34:20.864  INFO 530588 --- [ol-128-thread-2] .t.t.s.TourGuideClientRewardsServiceImpl : Service - Distance calculated: 5219.741220516379
2021-11-27 20:34:20.864  INFO 530588 --- [ol-128-thread-2] .t.t.s.TourGuideClientRewardsServiceImpl : Service - Distance calculated: 2000.7943787964912
2021-11-27 20:34:20.861  INFO 530588 --- [ool-52-thread-2] .t.t.s.TourGuideClientRewardsServiceImpl : Service - Distance calculated: 8251.983996862642
2021-11-27 20:34:20.861  INFO 530588 --- [ool-75-thread-2] .t.t.s.TourGuideClientRewardsServiceImpl : Service - Distance calculated: 8998.42077823738
2021-11-27 20:34:20.864  INFO 530588 --- [ool-52-thread-2] .t.t.s.TourGuideClientRewardsServiceImpl : Service - Distance calculated: 4649.803869542099
2021-11-27 20:34:20.864  INFO 530588 --- [ool-75-thread-2] .t.t.s.TourGuideClientRewardsServiceImpl : Service - Distance calculated: 8323.044451614587
2021-11-27 20:34:20.864  INFO 530588 --- [ool-75-thread-2] .t.t.s.TourGuideClientRewardsServiceImpl : Service - Distance calculated: 638.6716627252914
2021-11-27 20:34:20.864  INFO 530588 --- [ool-75-thread-2] .t.t.s.TourGuideClientRewardsServiceImpl : Service - Distance calculated: 986.7736040185368
2021-11-27 20:34:20.861  INFO 530588 --- [ool-53-thread-2] .t.t.s.TourGuideClientRewardsServiceImpl : Service - Distance calculated: 8259.643373648125
2021-11-27 20:34:20.861  INFO 530588 --- [ol-112-thread-2] .t.t.s.TourGuideClientRewardsServiceImpl : Service - Distance calculated: 3227.1397904381606
2021-11-27 20:34:20.864  INFO 530588 --- [ool-53-thread-2] .t.t.s.TourGuideClientRewardsServiceImpl : Service - Distance calculated: 8305.07005123133
2021-11-27 20:34:20.861  INFO 530588 --- [ool-49-thread-2] .t.t.s.TourGuideClientRewardsServiceImpl : Service - Distance calculated: 9258.988781332542
2021-11-27 20:34:20.864  INFO 530588 --- [ool-53-thread-2] .t.t.s.TourGuideClientRewardsServiceImpl : Service - Distance calculated: 7217.414161766632
2021-11-27 20:34:20.861  INFO 530588 --- [ool-77-thread-2] .t.t.s.TourGuideClientRewardsServiceImpl : Service - Distance calculated: 8353.61480580033
2021-11-27 20:34:20.864  INFO 530588 --- [ool-53-thread-2] .t.t.s.TourGuideClientRewardsServiceImpl : Service - Distance calculated: 7789.169287624686
2021-11-27 20:34:20.864  INFO 530588 --- [ool-49-thread-2] .t.t.s.TourGuideClientRewardsServiceImpl : Service - Distance calculated: 9367.191928910088
2021-11-27 20:34:20.861  INFO 530588 --- [ool-94-thread-2] .t.t.s.TourGuideClientRewardsServiceImpl : Service - Distance calculated: 4080.030276725526
2021-11-27 20:34:20.864  INFO 530588 --- [ool-49-thread-2] .t.t.s.TourGuideClientRewardsServiceImpl : Service - Distance calculated: 10383.347467424506
2021-11-27 20:34:20.864  INFO 530588 --- [ool-49-thread-2] .t.t.s.TourGuideClientRewardsServiceImpl : Service - Distance calculated: 9372.704430882472
2021-11-27 20:34:20.864  INFO 530588 --- [ool-94-thread-2] .t.t.s.TourGuideClientRewardsServiceImpl : Service - Distance calculated: 5118.956290054899
2021-11-27 20:34:20.864  INFO 530588 --- [ool-49-thread-2] .t.t.s.TourGuideClientRewardsServiceImpl : Service - Distance calculated: 10017.202298927456
2021-11-27 20:34:20.864  INFO 530588 --- [ool-94-thread-2] .t.t.s.TourGuideClientRewardsServiceImpl : Service - Distance calculated: 4357.077147053499
2021-11-27 20:34:20.864  INFO 530588 --- [ool-49-thread-2] .t.t.s.TourGuideClientRewardsServiceImpl : Service - Distance calculated: 10281.445393686461
2021-11-27 20:34:20.864  INFO 530588 --- [ool-94-thread-2] .t.t.s.TourGuideClientRewardsServiceImpl : Service - Distance calculated: 4385.651536484235
2021-11-27 20:34:20.864  INFO 530588 --- [ool-49-thread-2] .t.t.s.TourGuideClientRewardsServiceImpl : Service - Distance calculated: 9399.654908954795
2021-11-27 20:34:20.864  INFO 530588 --- [ool-94-thread-2] .t.t.s.TourGuideClientRewardsServiceImpl : Service - Distance calculated: 4173.551694911697
2021-11-27 20:34:20.864  INFO 530588 --- [ool-49-thread-2] .t.t.s.TourGuideClientRewardsServiceImpl : Service - Distance calculated: 10505.456085581318
2021-11-27 20:34:20.861  INFO 530588 --- [ool-60-thread-2] .t.t.s.TourGuideClientRewardsServiceImpl : Service - Distance calculated: 1260.0201736799145
2021-11-27 20:34:20.864  INFO 530588 --- [ool-49-thread-2] .t.t.s.TourGuideClientRewardsServiceImpl : Service - Distance calculated: 9807.691530488599
2021-11-27 20:34:20.864  INFO 530588 --- [ool-60-thread-2] .t.t.s.TourGuideClientRewardsServiceImpl : Service - Distance calculated: 7435.271848175147
2021-11-27 20:34:20.864  INFO 530588 --- [ool-49-thread-2] .t.t.s.TourGuideClientRewardsServiceImpl : Service - Distance calculated: 10413.907422687815
2021-11-27 20:34:20.864  INFO 530588 --- [ool-60-thread-2] .t.t.s.TourGuideClientRewardsServiceImpl : Service - Distance calculated: 8096.442344145919
2021-11-27 20:34:20.864  INFO 530588 --- [ool-49-thread-2] .t.t.s.TourGuideClientRewardsServiceImpl : Service - Distance calculated: 10501.678223238732
2021-11-27 20:34:20.864  INFO 530588 --- [ool-60-thread-2] .t.t.s.TourGuideClientRewardsServiceImpl : Service - Distance calculated: 7520.549435608715
2021-11-27 20:34:20.864  INFO 530588 --- [ool-49-thread-2] .t.t.s.TourGuideClientRewardsServiceImpl : Service - Distance calculated: 9859.484891796223
2021-11-27 20:34:20.864  INFO 530588 --- [ool-60-thread-2] .t.t.s.TourGuideClientRewardsServiceImpl : Service - Distance calculated: 7434.493563476914
2021-11-27 20:34:20.864  INFO 530588 --- [ool-49-thread-2] .t.t.s.TourGuideClientRewardsServiceImpl : Service - Distance calculated: 9944.899294572966
2021-11-27 20:34:20.864  INFO 530588 --- [ool-49-thread-2] .t.t.s.TourGuideClientRewardsServiceImpl : Service - Distance calculated: 10596.252111494312
2021-11-27 20:34:20.861  INFO 530588 --- [ol-126-thread-2] .t.t.s.TourGuideClientRewardsServiceImpl : Service - Distance calculated: 3051.211199088064
2021-11-27 20:34:20.864  INFO 530588 --- [ool-49-thread-2] .t.t.s.TourGuideClientRewardsServiceImpl : Service - Distance calculated: 9262.57333543446
2021-11-27 20:34:20.861  INFO 530588 --- [ol-139-thread-2] .t.t.s.TourGuideClientRewardsServiceImpl : Service - Distance calculated: 5131.122928579052
2021-11-27 20:34:20.864  INFO 530588 --- [ool-49-thread-2] .t.t.s.TourGuideClientRewardsServiceImpl : Service - Distance calculated: 9453.484825643602
2021-11-27 20:34:20.864  INFO 530588 --- [ol-139-thread-2] .t.t.s.TourGuideClientRewardsServiceImpl : Service - Distance calculated: 4294.530038788257
2021-11-27 20:34:20.861  INFO 530588 --- [ol-136-thread-2] .t.t.s.TourGuideClientRewardsServiceImpl : Service - Distance calculated: 5388.004177403427
2021-11-27 20:34:20.861  INFO 530588 --- [ol-123-thread-2] .t.t.s.TourGuideClientRewardsServiceImpl : Service - Distance calculated: 7238.3379847179685
2021-11-27 20:34:20.865  INFO 530588 --- [ol-136-thread-2] .t.t.s.TourGuideClientRewardsServiceImpl : Service - Distance calculated: 6096.07606995042
2021-11-27 20:34:20.861  INFO 530588 --- [ool-66-thread-2] .t.t.s.TourGuideClientRewardsServiceImpl : Service - Distance calculated: 10210.481858469659
2021-11-27 20:34:20.865  INFO 530588 --- [ol-136-thread-2] .t.t.s.TourGuideClientRewardsServiceImpl : Service - Distance calculated: 6607.791407610556
2021-11-27 20:34:20.865  INFO 530588 --- [ol-136-thread-2] .t.t.s.TourGuideClientRewardsServiceImpl : Service - Distance calculated: 6078.736947009614
2021-11-27 20:34:20.865  INFO 530588 --- [ool-66-thread-2] .t.t.s.TourGuideClientRewardsServiceImpl : Service - Distance calculated: 6872.23066161865
2021-11-27 20:34:20.865  INFO 530588 --- [ol-136-thread-2] .t.t.s.TourGuideClientRewardsServiceImpl : Service - Distance calculated: 6363.764788049994
2021-11-27 20:34:20.865  INFO 530588 --- [ool-66-thread-2] .t.t.s.TourGuideClientRewardsServiceImpl : Service - Distance calculated: 7034.169009764161
2021-11-27 20:34:20.865  INFO 530588 --- [ol-136-thread-2] .t.t.s.TourGuideClientRewardsServiceImpl : Service - Distance calculated: 5799.920032758789
2021-11-27 20:34:20.865  INFO 530588 --- [ool-66-thread-2] .t.t.s.TourGuideClientRewardsServiceImpl : Service - Distance calculated: 6891.728696306722
2021-11-27 20:34:20.861  INFO 530588 --- [ol-131-thread-2] .t.t.s.TourGuideClientRewardsServiceImpl : Service - Distance calculated: 6987.524595377348
2021-11-27 20:34:20.865  INFO 530588 --- [ol-136-thread-2] .t.t.s.TourGuideClientRewardsServiceImpl : Service - Distance calculated: 6540.857103507039
2021-11-27 20:34:20.865  INFO 530588 --- [ol-136-thread-2] .t.t.s.TourGuideClientRewardsServiceImpl : Service - Distance calculated: 7022.345776336429
2021-11-27 20:34:20.861  INFO 530588 --- [ool-44-thread-2] .t.t.s.TourGuideClientRewardsServiceImpl : Service - Distance calculated: 5598.864411409779
2021-11-27 20:34:20.865  INFO 530588 --- [ol-136-thread-2] .t.t.s.TourGuideClientRewardsServiceImpl : Service - Distance calculated: 6140.603142299384
2021-11-27 20:34:20.865  INFO 530588 --- [ool-44-thread-2] .t.t.s.TourGuideClientRewardsServiceImpl : Service - Distance calculated: 5798.027368378084
2021-11-27 20:34:20.865  INFO 530588 --- [ol-136-thread-2] .t.t.s.TourGuideClientRewardsServiceImpl : Service - Distance calculated: 4999.726204446605
2021-11-27 20:34:20.865  INFO 530588 --- [ool-44-thread-2] .t.t.s.TourGuideClientRewardsServiceImpl : Service - Distance calculated: 5840.9331560009805
2021-11-27 20:34:20.865  INFO 530588 --- [ol-136-thread-2] .t.t.s.TourGuideClientRewardsServiceImpl : Service - Distance calculated: 6801.918588317918
2021-11-27 20:34:20.865  INFO 530588 --- [ool-44-thread-2] .t.t.s.TourGuideClientRewardsServiceImpl : Service - Distance calculated: 5663.516853225949
2021-11-27 20:34:20.865  INFO 530588 --- [ol-136-thread-2] .t.t.s.TourGuideClientRewardsServiceImpl : Service - Distance calculated: 6015.086718054848
2021-11-27 20:34:20.865  INFO 530588 --- [ool-44-thread-2] .t.t.s.TourGuideClientRewardsServiceImpl : Service - Distance calculated: 8485.117860454482
2021-11-27 20:34:20.865  INFO 530588 --- [ol-136-thread-2] .t.t.s.TourGuideClientRewardsServiceImpl : Service - Distance calculated: 5174.2726746874205
2021-11-27 20:34:20.865  INFO 530588 --- [ool-44-thread-2] .t.t.s.TourGuideClientRewardsServiceImpl : Service - Distance calculated: 5855.2681053754295
2021-11-27 20:34:20.865  INFO 530588 --- [ol-136-thread-2] .t.t.s.TourGuideClientRewardsServiceImpl : Service - Distance calculated: 6082.967699723191
2021-11-27 20:34:20.865  INFO 530588 --- [ool-44-thread-2] .t.t.s.TourGuideClientRewardsServiceImpl : Service - Distance calculated: 5819.095467572407
2021-11-27 20:34:20.865  INFO 530588 --- [ol-136-thread-2] .t.t.s.TourGuideClientRewardsServiceImpl : Service - Distance calculated: 4178.636082318847
2021-11-27 20:34:20.865  INFO 530588 --- [ool-44-thread-2] .t.t.s.TourGuideClientRewardsServiceImpl : Service - Distance calculated: 5737.536561834185
2021-11-27 20:34:20.865  INFO 530588 --- [ol-136-thread-2] .t.t.s.TourGuideClientRewardsServiceImpl : Service - Distance calculated: 4943.363568270028
2021-11-27 20:34:20.865  INFO 530588 --- [ool-44-thread-2] .t.t.s.TourGuideClientRewardsServiceImpl : Service - Distance calculated: 4930.636719569903
2021-11-27 20:34:20.865  INFO 530588 --- [ol-136-thread-2] .t.t.s.TourGuideClientRewardsServiceImpl : Service - Distance calculated: 4335.037901137545
2021-11-27 20:34:20.861  INFO 530588 --- [ol-101-thread-2] .t.t.s.TourGuideClientRewardsServiceImpl : Service - Distance calculated: 9488.15388588509
2021-11-27 20:34:20.865  INFO 530588 --- [ol-136-thread-2] .t.t.s.TourGuideClientRewardsServiceImpl : Service - Distance calculated: 4253.309778209135
2021-11-27 20:34:20.861  INFO 530588 --- [ol-110-thread-2] .t.t.s.TourGuideClientRewardsServiceImpl : Service - Distance calculated: 1850.0298515000559
2021-11-27 20:34:20.865  INFO 530588 --- [ol-136-thread-2] .t.t.s.TourGuideClientRewardsServiceImpl : Service - Distance calculated: 5319.435101327397
2021-11-27 20:34:20.861  INFO 530588 --- [ol-100-thread-2] .t.t.s.TourGuideClientRewardsServiceImpl : Service - Distance calculated: 2521.4855114021734
2021-11-27 20:34:20.865  INFO 530588 --- [ol-110-thread-2] .t.t.s.TourGuideClientRewardsServiceImpl : Service - Distance calculated: 765.0971605845801
2021-11-27 20:34:20.861  INFO 530588 --- [ol-127-thread-2] .t.t.s.TourGuideClientRewardsServiceImpl : Service - Distance calculated: 457.34733064546543
2021-11-27 20:34:20.865  INFO 530588 --- [ol-100-thread-2] .t.t.s.TourGuideClientRewardsServiceImpl : Service - Distance calculated: 2697.4749479888374
2021-11-27 20:34:20.865  INFO 530588 --- [ol-110-thread-2] .t.t.s.TourGuideClientRewardsServiceImpl : Service - Distance calculated: 1376.3892183517762
2021-11-27 20:34:20.865  INFO 530588 --- [ol-100-thread-2] .t.t.s.TourGuideClientRewardsServiceImpl : Service - Distance calculated: 1410.5632101106412
2021-11-27 20:34:20.865  INFO 530588 --- [ol-110-thread-2] .t.t.s.TourGuideClientRewardsServiceImpl : Service - Distance calculated: 1155.3282687102712
2021-11-27 20:34:20.865  INFO 530588 --- [ol-100-thread-2] .t.t.s.TourGuideClientRewardsServiceImpl : Service - Distance calculated: 2558.2556475813294
2021-11-27 20:34:20.865  INFO 530588 --- [ol-110-thread-2] .t.t.s.TourGuideClientRewardsServiceImpl : Service - Distance calculated: 1605.0397772945764
2021-11-27 20:34:20.865  INFO 530588 --- [ol-100-thread-2] .t.t.s.TourGuideClientRewardsServiceImpl : Service - Distance calculated: 2552.7486308425837
2021-11-27 20:34:20.865  INFO 530588 --- [ol-110-thread-2] .t.t.s.TourGuideClientRewardsServiceImpl : Service - Distance calculated: 848.9016042117773
2021-11-27 20:34:20.865  INFO 530588 --- [ol-100-thread-2] .t.t.s.TourGuideClientRewardsServiceImpl : Service - Distance calculated: 2647.4346650208145
2021-11-27 20:34:20.865  INFO 530588 --- [ol-110-thread-2] .t.t.s.TourGuideClientRewardsServiceImpl : Service - Distance calculated: 463.82425994657905
2021-11-27 20:34:20.865  INFO 530588 --- [ol-100-thread-2] .t.t.s.TourGuideClientRewardsServiceImpl : Service - Distance calculated: 3431.6792680179096
2021-11-27 20:34:20.865  INFO 530588 --- [ol-110-thread-2] .t.t.s.TourGuideClientRewardsServiceImpl : Service - Distance calculated: 1693.8105560474219
2021-11-27 20:34:20.865  INFO 530588 --- [ol-100-thread-2] .t.t.s.TourGuideClientRewardsServiceImpl : Service - Distance calculated: 3086.0889779666545
2021-11-27 20:34:20.865  INFO 530588 --- [ol-110-thread-2] .t.t.s.TourGuideClientRewardsServiceImpl : Service - Distance calculated: 2356.542718390432
2021-11-27 20:34:20.865  INFO 530588 --- [ol-100-thread-2] .t.t.s.TourGuideClientRewardsServiceImpl : Service - Distance calculated: 2938.201629421321
2021-11-27 20:34:20.865  INFO 530588 --- [ol-110-thread-2] .t.t.s.TourGuideClientRewardsServiceImpl : Service - Distance calculated: 294.9657935995104
2021-11-27 20:34:20.865  INFO 530588 --- [ol-100-thread-2] .t.t.s.TourGuideClientRewardsServiceImpl : Service - Distance calculated: 3106.7433171219914
2021-11-27 20:34:20.865  INFO 530588 --- [ol-110-thread-2] .t.t.s.TourGuideClientRewardsServiceImpl : Service - Distance calculated: 1129.3803920124642
2021-11-27 20:34:20.865  INFO 530588 --- [ol-100-thread-2] .t.t.s.TourGuideClientRewardsServiceImpl : Service - Distance calculated: 2779.0147424946317
2021-11-27 20:34:20.865  INFO 530588 --- [ol-110-thread-2] .t.t.s.TourGuideClientRewardsServiceImpl : Service - Distance calculated: 2197.940537606426
2021-11-27 20:34:20.865  INFO 530588 --- [ol-100-thread-2] .t.t.s.TourGuideClientRewardsServiceImpl : Service - Distance calculated: 3068.5072715742517
2021-11-27 20:34:20.865  INFO 530588 --- [ol-110-thread-2] .t.t.s.TourGuideClientRewardsServiceImpl : Service - Distance calculated: 1742.6165942459522
2021-11-27 20:34:20.865  INFO 530588 --- [ol-100-thread-2] .t.t.s.TourGuideClientRewardsServiceImpl : Service - Distance calculated: 2926.7355836634856
2021-11-27 20:34:20.865  INFO 530588 --- [ol-110-thread-2] .t.t.s.TourGuideClientRewardsServiceImpl : Service - Distance calculated: 5427.720630773509
2021-11-27 20:34:20.865  INFO 530588 --- [ol-100-thread-2] .t.t.s.TourGuideClientRewardsServiceImpl : Service - Distance calculated: 3333.9529272904833
2021-11-27 20:34:20.865  INFO 530588 --- [ol-110-thread-2] .t.t.s.TourGuideClientRewardsServiceImpl : Service - Distance calculated: 6129.683569499066
2021-11-27 20:34:20.865  INFO 530588 --- [ol-100-thread-2] .t.t.s.TourGuideClientRewardsServiceImpl : Service - Distance calculated: 2490.347819238242
2021-11-27 20:34:20.865  INFO 530588 --- [ol-110-thread-2] .t.t.s.TourGuideClientRewardsServiceImpl : Service - Distance calculated: 5526.04445449981
2021-11-27 20:34:20.865  INFO 530588 --- [ol-100-thread-2] .t.t.s.TourGuideClientRewardsServiceImpl : Service - Distance calculated: 2969.69039376636
2021-11-27 20:34:20.865  INFO 530588 --- [ol-110-thread-2] .t.t.s.TourGuideClientRewardsServiceImpl : Service - Distance calculated: 5437.816795033658
2021-11-27 20:34:20.865  INFO 530588 --- [ol-100-thread-2] .t.t.s.TourGuideClientRewardsServiceImpl : Service - Distance calculated: 2498.177420976112
2021-11-27 20:34:20.865  INFO 530588 --- [ol-110-thread-2] .t.t.s.TourGuideClientRewardsServiceImpl : Service - Distance calculated: 5843.217488695848
2021-11-27 20:34:20.865  INFO 530588 --- [ol-100-thread-2] .t.t.s.TourGuideClientRewardsServiceImpl : Service - Distance calculated: 2552.168885866304
2021-11-27 20:34:20.865  INFO 530588 --- [ol-110-thread-2] .t.t.s.TourGuideClientRewardsServiceImpl : Service - Distance calculated: 5742.57956717329
2021-11-27 20:34:20.865  INFO 530588 --- [ol-100-thread-2] .t.t.s.TourGuideClientRewardsServiceImpl : Service - Distance calculated: 3313.964568228322
2021-11-27 20:34:20.865  INFO 530588 --- [ol-110-thread-2] .t.t.s.TourGuideClientRewardsServiceImpl : Service - Distance calculated: 5328.560283129341
2021-11-27 20:34:20.865  INFO 530588 --- [ol-100-thread-2] .t.t.s.TourGuideClientRewardsServiceImpl : Service - Distance calculated: 6608.002545174403
2021-11-27 20:34:20.865  INFO 530588 --- [ol-110-thread-2] .t.t.s.TourGuideClientRewardsServiceImpl : Service - Distance calculated: 6313.230686492075
2021-11-27 20:34:20.866  INFO 530588 --- [ol-100-thread-2] .t.t.s.TourGuideClientRewardsServiceImpl : Service - Distance calculated: 6844.8060941733365
2021-11-27 20:34:20.861  INFO 530588 --- [ool-65-thread-2] .t.t.s.TourGuideClientRewardsServiceImpl : Service - Distance calculated: 7584.9470136772925
2021-11-27 20:34:20.866  INFO 530588 --- [ol-100-thread-2] .t.t.s.TourGuideClientRewardsServiceImpl : Service - Distance calculated: 6727.83936444009
2021-11-27 20:34:20.861  INFO 530588 --- [ool-59-thread-2] .t.t.s.TourGuideClientRewardsServiceImpl : Service - Distance calculated: 5598.6033050914375
2021-11-27 20:34:20.866  INFO 530588 --- [ol-100-thread-2] .t.t.s.TourGuideClientRewardsServiceImpl : Service - Distance calculated: 6721.574042785054
2021-11-27 20:34:20.866  INFO 530588 --- [ol-100-thread-2] .t.t.s.TourGuideClientRewardsServiceImpl : Service - Distance calculated: 7923.175518377195
2021-11-27 20:34:20.866  INFO 530588 --- [ol-100-thread-2] .t.t.s.TourGuideClientRewardsServiceImpl : Service - Distance calculated: 7951.956327139066
2021-11-27 20:34:20.861  INFO 530588 --- [ool-48-thread-2] .t.t.s.TourGuideClientRewardsServiceImpl : Service - Distance calculated: 5071.083569633639
2021-11-27 20:34:20.861  INFO 530588 --- [ool-97-thread-2] .t.t.s.TourGuideClientRewardsServiceImpl : Service - Distance calculated: 1266.3294953409998
2021-11-27 20:34:20.866  INFO 530588 --- [ool-48-thread-2] .t.t.s.TourGuideClientRewardsServiceImpl : Service - Distance calculated: 2782.523575190279
2021-11-27 20:34:20.866  INFO 530588 --- [ool-97-thread-2] .t.t.s.TourGuideClientRewardsServiceImpl : Service - Distance calculated: 875.408027194912
2021-11-27 20:34:20.866  INFO 530588 --- [ool-48-thread-2] .t.t.s.TourGuideClientRewardsServiceImpl : Service - Distance calculated: 2423.2938148154767
2021-11-27 20:34:20.866  INFO 530588 --- [ool-97-thread-2] .t.t.s.TourGuideClientRewardsServiceImpl : Service - Distance calculated: 913.4979197808564
2021-11-27 20:34:20.866  INFO 530588 --- [ool-48-thread-2] .t.t.s.TourGuideClientRewardsServiceImpl : Service - Distance calculated: 2770.482155241552
2021-11-27 20:34:20.866  INFO 530588 --- [ool-97-thread-2] .t.t.s.TourGuideClientRewardsServiceImpl : Service - Distance calculated: 936.5368266952573
2021-11-27 20:34:20.866  INFO 530588 --- [ool-48-thread-2] .t.t.s.TourGuideClientRewardsServiceImpl : Service - Distance calculated: 2834.9516613628593
2021-11-27 20:34:20.866  INFO 530588 --- [ool-97-thread-2] .t.t.s.TourGuideClientRewardsServiceImpl : Service - Distance calculated: 1195.9812022515173
2021-11-27 20:34:20.861  INFO 530588 --- [ool-69-thread-2] .t.t.s.TourGuideClientRewardsServiceImpl : Service - Distance calculated: 2521.120000949478
2021-11-27 20:34:20.866  INFO 530588 --- [ool-97-thread-2] .t.t.s.TourGuideClientRewardsServiceImpl : Service - Distance calculated: 2417.8059457806007
2021-11-27 20:34:20.866  INFO 530588 --- [ool-69-thread-2] .t.t.s.TourGuideClientRewardsServiceImpl : Service - Distance calculated: 2232.908727832155
2021-11-27 20:34:20.866  INFO 530588 --- [ool-97-thread-2] .t.t.s.TourGuideClientRewardsServiceImpl : Service - Distance calculated: 407.07845668045144
2021-11-27 20:34:20.866  INFO 530588 --- [ool-69-thread-2] .t.t.s.TourGuideClientRewardsServiceImpl : Service - Distance calculated: 2326.4848193705725
2021-11-27 20:34:20.866  INFO 530588 --- [ool-97-thread-2] .t.t.s.TourGuideClientRewardsServiceImpl : Service - Distance calculated: 1394.772717083088
2021-11-27 20:34:20.866  INFO 530588 --- [ool-69-thread-2] .t.t.s.TourGuideClientRewardsServiceImpl : Service - Distance calculated: 1964.5840323219188
2021-11-27 20:34:20.866  INFO 530588 --- [ool-97-thread-2] .t.t.s.TourGuideClientRewardsServiceImpl : Service - Distance calculated: 1790.397821954797
2021-11-27 20:34:20.866  INFO 530588 --- [ool-69-thread-2] .t.t.s.TourGuideClientRewardsServiceImpl : Service - Distance calculated: 1011.13094967485
2021-11-27 20:34:20.866  INFO 530588 --- [ool-97-thread-2] .t.t.s.TourGuideClientRewardsServiceImpl : Service - Distance calculated: 1433.1744800443764
2021-11-27 20:34:20.866  INFO 530588 --- [ool-69-thread-2] .t.t.s.TourGuideClientRewardsServiceImpl : Service - Distance calculated: 1633.0819263688638
2021-11-27 20:34:20.866  INFO 530588 --- [ool-97-thread-2] .t.t.s.TourGuideClientRewardsServiceImpl : Service - Distance calculated: 1255.486907936226
2021-11-27 20:34:20.866  INFO 530588 --- [ool-69-thread-2] .t.t.s.TourGuideClientRewardsServiceImpl : Service - Distance calculated: 1361.694959190567
2021-11-27 20:34:20.866  INFO 530588 --- [ool-97-thread-2] .t.t.s.TourGuideClientRewardsServiceImpl : Service - Distance calculated: 403.6634543485359
2021-11-27 20:34:20.866  INFO 530588 --- [ool-69-thread-2] .t.t.s.TourGuideClientRewardsServiceImpl : Service - Distance calculated: 1898.3172663280236
2021-11-27 20:34:20.866  INFO 530588 --- [ool-97-thread-2] .t.t.s.TourGuideClientRewardsServiceImpl : Service - Distance calculated: 11412.247406129623
2021-11-27 20:34:20.866  INFO 530588 --- [ool-69-thread-2] .t.t.s.TourGuideClientRewardsServiceImpl : Service - Distance calculated: 1093.2250127403818
2021-11-27 20:34:20.866  INFO 530588 --- [ool-97-thread-2] .t.t.s.TourGuideClientRewardsServiceImpl : Service - Distance calculated: 12102.518283691445
2021-11-27 20:34:20.862  INFO 530588 --- [ol-115-thread-2] .t.t.s.TourGuideClientRewardsServiceImpl : Service - Distance calculated: 10237.263519571025
2021-11-27 20:34:20.866  INFO 530588 --- [ool-97-thread-2] .t.t.s.TourGuideClientRewardsServiceImpl : Service - Distance calculated: 11571.373445729463
2021-11-27 20:34:20.866  INFO 530588 --- [ol-115-thread-2] .t.t.s.TourGuideClientRewardsServiceImpl : Service - Distance calculated: 9306.9338376158
2021-11-27 20:34:20.866  INFO 530588 --- [ool-97-thread-2] .t.t.s.TourGuideClientRewardsServiceImpl : Service - Distance calculated: 11489.875382843515
2021-11-27 20:34:20.866  INFO 530588 --- [ol-115-thread-2] .t.t.s.TourGuideClientRewardsServiceImpl : Service - Distance calculated: 10929.835423609702
2021-11-27 20:34:20.862  INFO 530588 --- [ol-117-thread-2] .t.t.s.TourGuideClientRewardsServiceImpl : Service - Distance calculated: 4841.981346296749
2021-11-27 20:34:20.866  INFO 530588 --- [ol-115-thread-2] .t.t.s.TourGuideClientRewardsServiceImpl : Service - Distance calculated: 10757.379513364982
2021-11-27 20:34:20.862  INFO 530588 --- [ool-46-thread-2] .t.t.s.TourGuideClientRewardsServiceImpl : Service - Distance calculated: 9600.950769627027
2021-11-27 20:34:20.862  INFO 530588 --- [ol-107-thread-2] .t.t.s.TourGuideClientRewardsServiceImpl : Service - Distance calculated: 6598.244782918627
2021-11-27 20:34:20.866  INFO 530588 --- [ool-46-thread-2] .t.t.s.TourGuideClientRewardsServiceImpl : Service - Distance calculated: 10427.440130000981
2021-11-27 20:34:20.866  INFO 530588 --- [ol-107-thread-2] .t.t.s.TourGuideClientRewardsServiceImpl : Service - Distance calculated: 6643.3561706657865
2021-11-27 20:34:20.866  INFO 530588 --- [ool-46-thread-2] .t.t.s.TourGuideClientRewardsServiceImpl : Service - Distance calculated: 11261.57103137439
2021-11-27 20:34:20.866  INFO 530588 --- [ol-117-thread-2] .t.t.s.TourGuideClientRewardsServiceImpl : Service - Distance calculated: 3201.552476512557
2021-11-27 20:34:20.866  INFO 530588 --- [ool-46-thread-2] .t.t.s.TourGuideClientRewardsServiceImpl : Service - Distance calculated: 10301.333725676399
2021-11-27 20:34:20.862  INFO 530588 --- [ol-109-thread-2] .t.t.s.TourGuideClientRewardsServiceImpl : Service - Distance calculated: 8911.65645675881
2021-11-27 20:34:20.862  INFO 530588 --- [ool-73-thread-2] .t.t.s.TourGuideClientRewardsServiceImpl : Service - Distance calculated: 3361.687070114706
2021-11-27 20:34:20.866  INFO 530588 --- [ol-109-thread-2] .t.t.s.TourGuideClientRewardsServiceImpl : Service - Distance calculated: 9890.812794122832
2021-11-27 20:34:20.866  INFO 530588 --- [ol-109-thread-2] .t.t.s.TourGuideClientRewardsServiceImpl : Service - Distance calculated: 9528.85698049851
2021-11-27 20:34:20.862 DEBUG 530588 --- [    Test worker] c.t.t.s.TourGuideClientServiceImpl       : Service - Visited location added for user: internalUser34
2021-11-27 20:34:20.862  INFO 530588 --- [ool-95-thread-2] .t.t.s.TourGuideClientRewardsServiceImpl : Service - Distance calculated: 4045.181948533437
2021-11-27 20:34:20.866  INFO 530588 --- [ool-95-thread-2] .t.t.s.TourGuideClientRewardsServiceImpl : Service - Distance calculated: 4708.9644883209085
2021-11-27 20:34:20.862  INFO 530588 --- [ol-118-thread-2] .t.t.s.TourGuideClientRewardsServiceImpl : Service - Distance calculated: 3149.959211691001
2021-11-27 20:34:20.866  INFO 530588 --- [ool-95-thread-2] .t.t.s.TourGuideClientRewardsServiceImpl : Service - Distance calculated: 8113.565656982404
2021-11-27 20:34:20.866  INFO 530588 --- [ool-95-thread-2] .t.t.s.TourGuideClientRewardsServiceImpl : Service - Distance calculated: 8415.677238286038
2021-11-27 20:34:20.866  INFO 530588 --- [ol-118-thread-2] .t.t.s.TourGuideClientRewardsServiceImpl : Service - Distance calculated: 3203.7994519151302
2021-11-27 20:34:20.866  INFO 530588 --- [ool-95-thread-2] .t.t.s.TourGuideClientRewardsServiceImpl : Service - Distance calculated: 8104.780619747353
2021-11-27 20:34:20.862  INFO 530588 --- [ol-138-thread-2] .t.t.s.TourGuideClientRewardsServiceImpl : Service - Distance calculated: 2999.321283422741
2021-11-27 20:34:20.867  INFO 530588 --- [ol-118-thread-2] .t.t.s.TourGuideClientRewardsServiceImpl : Service - Distance calculated: 1920.8342291294427
2021-11-27 20:34:20.862  INFO 530588 --- [ool-57-thread-2] .t.t.s.TourGuideClientRewardsServiceImpl : Service - Distance calculated: 7376.845745641792
2021-11-27 20:34:20.867  INFO 530588 --- [ol-118-thread-2] .t.t.s.TourGuideClientRewardsServiceImpl : Service - Distance calculated: 1965.5051074499443
2021-11-27 20:34:20.867  INFO 530588 --- [ool-57-thread-2] .t.t.s.TourGuideClientRewardsServiceImpl : Service - Distance calculated: 8657.805529276815
2021-11-27 20:34:20.867  INFO 530588 --- [ool-57-thread-2] .t.t.s.TourGuideClientRewardsServiceImpl : Service - Distance calculated: 8080.858365987435
2021-11-27 20:34:20.862  INFO 530588 --- [ool-82-thread-2] .t.t.s.TourGuideClientRewardsServiceImpl : Service - Distance calculated: 6807.777644586845
2021-11-27 20:34:20.867  INFO 530588 --- [ool-57-thread-2] .t.t.s.TourGuideClientRewardsServiceImpl : Service - Distance calculated: 7539.694110949061
2021-11-27 20:34:20.862  INFO 530588 --- [ol-121-thread-2] .t.t.s.TourGuideClientRewardsServiceImpl : Service - Distance calculated: 2577.9311720388864
2021-11-27 20:34:20.867  INFO 530588 --- [ool-57-thread-2] .t.t.s.TourGuideClientRewardsServiceImpl : Service - Distance calculated: 8500.867120917668
2021-11-27 20:34:20.862  INFO 530588 --- [ool-87-thread-2] .t.t.s.TourGuideClientRewardsServiceImpl : Service - Distance calculated: 6127.2782828745985
2021-11-27 20:34:20.867  INFO 530588 --- [ool-57-thread-2] .t.t.s.TourGuideClientRewardsServiceImpl : Service - Distance calculated: 8792.974278841848
2021-11-27 20:34:20.867  INFO 530588 --- [ool-57-thread-2] .t.t.s.TourGuideClientRewardsServiceImpl : Service - Distance calculated: 9486.733058626702
2021-11-27 20:34:20.867  INFO 530588 --- [ol-121-thread-2] .t.t.s.TourGuideClientRewardsServiceImpl : Service - Distance calculated: 2588.822564559426
2021-11-27 20:34:20.862  INFO 530588 --- [ol-103-thread-2] .t.t.s.TourGuideClientRewardsServiceImpl : Service - Distance calculated: 8673.444974182685
2021-11-27 20:34:20.862  INFO 530588 --- [ol-134-thread-2] .t.t.s.TourGuideClientRewardsServiceImpl : Service - Distance calculated: 3088.3331321383553
2021-11-27 20:34:20.862  INFO 530588 --- [ool-64-thread-2] .t.t.s.TourGuideClientRewardsServiceImpl : Service - Distance calculated: 8400.360731216751
2021-11-27 20:34:20.862  INFO 530588 --- [ool-85-thread-2] .t.t.s.TourGuideClientRewardsServiceImpl : Service - Distance calculated: 6404.212464492327
2021-11-27 20:34:20.867  INFO 530588 --- [ool-64-thread-2] .t.t.s.TourGuideClientRewardsServiceImpl : Service - Distance calculated: 8351.68164055855
2021-11-27 20:34:20.862  INFO 530588 --- [ool-43-thread-2] .t.t.s.TourGuideClientRewardsServiceImpl : Service - Distance calculated: 7750.503036627106
2021-11-27 20:34:20.867  INFO 530588 --- [ool-64-thread-2] .t.t.s.TourGuideClientRewardsServiceImpl : Service - Distance calculated: 9021.396343465936
2021-11-27 20:34:20.867  INFO 530588 --- [ool-85-thread-2] .t.t.s.TourGuideClientRewardsServiceImpl : Service - Distance calculated: 10449.795842624637
2021-11-27 20:34:20.867  INFO 530588 --- [ool-64-thread-2] .t.t.s.TourGuideClientRewardsServiceImpl : Service - Distance calculated: 9554.744203996415
2021-11-27 20:34:20.867  INFO 530588 --- [ool-85-thread-2] .t.t.s.TourGuideClientRewardsServiceImpl : Service - Distance calculated: 10566.812903394672
2021-11-27 20:34:20.867  INFO 530588 --- [ool-64-thread-2] .t.t.s.TourGuideClientRewardsServiceImpl : Service - Distance calculated: 9043.729577821681
2021-11-27 20:34:20.867  INFO 530588 --- [ool-85-thread-2] .t.t.s.TourGuideClientRewardsServiceImpl : Service - Distance calculated: 10568.069963257285
2021-11-27 20:34:20.867  INFO 530588 --- [ool-64-thread-2] .t.t.s.TourGuideClientRewardsServiceImpl : Service - Distance calculated: 9328.278960306296
2021-11-27 20:34:20.862  INFO 530588 --- [ool-88-thread-2] .t.t.s.TourGuideClientRewardsServiceImpl : Service - Distance calculated: 4036.5153397425142
2021-11-27 20:34:20.867  INFO 530588 --- [ool-85-thread-2] .t.t.s.TourGuideClientRewardsServiceImpl : Service - Distance calculated: 10563.524785992448
2021-11-27 20:34:20.867  INFO 530588 --- [ool-88-thread-2] .t.t.s.TourGuideClientRewardsServiceImpl : Service - Distance calculated: 4116.197843109745
2021-11-27 20:34:20.862  INFO 530588 --- [ol-122-thread-2] .t.t.s.TourGuideClientRewardsServiceImpl : Service - Distance calculated: 7580.936558716371
2021-11-27 20:34:20.867  INFO 530588 --- [ool-88-thread-2] .t.t.s.TourGuideClientRewardsServiceImpl : Service - Distance calculated: 3107.873409166185
2021-11-27 20:34:20.862  INFO 530588 --- [ol-142-thread-2] .t.t.s.TourGuideClientRewardsServiceImpl : Service - Distance calculated: 8029.133353943229
2021-11-27 20:34:20.862  INFO 530588 --- [ool-83-thread-2] .t.t.s.TourGuideClientRewardsServiceImpl : Service - Distance calculated: 5968.70995323604
2021-11-27 20:34:20.867  INFO 530588 --- [ol-142-thread-2] .t.t.s.TourGuideClientRewardsServiceImpl : Service - Distance calculated: 7484.216939257056
2021-11-27 20:34:20.862  INFO 530588 --- [ol-129-thread-2] .t.t.s.TourGuideClientRewardsServiceImpl : Service - Distance calculated: 10636.649598700787
2021-11-27 20:34:20.867  INFO 530588 --- [ol-142-thread-2] .t.t.s.TourGuideClientRewardsServiceImpl : Service - Distance calculated: 8154.3347059231055
2021-11-27 20:34:20.867  INFO 530588 --- [ool-83-thread-2] .t.t.s.TourGuideClientRewardsServiceImpl : Service - Distance calculated: 4371.861029014261
2021-11-27 20:34:20.867  INFO 530588 --- [ol-142-thread-2] .t.t.s.TourGuideClientRewardsServiceImpl : Service - Distance calculated: 8305.831180783101
2021-11-27 20:34:20.867  INFO 530588 --- [ool-83-thread-2] .t.t.s.TourGuideClientRewardsServiceImpl : Service - Distance calculated: 4449.366407427214
2021-11-27 20:34:20.867  INFO 530588 --- [ol-142-thread-2] .t.t.s.TourGuideClientRewardsServiceImpl : Service - Distance calculated: 7882.373467929925
2021-11-27 20:34:20.867  INFO 530588 --- [ool-83-thread-2] .t.t.s.TourGuideClientRewardsServiceImpl : Service - Distance calculated: 6698.266382507565
2021-11-27 20:34:20.862  INFO 530588 --- [ool-56-thread-2] .t.t.s.TourGuideClientRewardsServiceImpl : Service - Distance calculated: 6828.827651967472
2021-11-27 20:34:20.867  INFO 530588 --- [ool-83-thread-2] .t.t.s.TourGuideClientRewardsServiceImpl : Service - Distance calculated: 3941.2636822168556
2021-11-27 20:34:20.862  INFO 530588 --- [ool-71-thread-2] .t.t.s.TourGuideClientRewardsServiceImpl : Service - Distance calculated: 6067.934962547977
2021-11-27 20:34:20.867  INFO 530588 --- [ool-83-thread-2] .t.t.s.TourGuideClientRewardsServiceImpl : Service - Distance calculated: 4216.859020722382
2021-11-27 20:34:20.862  INFO 530588 --- [ol-130-thread-2] .t.t.s.TourGuideClientRewardsServiceImpl : Service - Distance calculated: 9601.04963559421
2021-11-27 20:34:20.867  INFO 530588 --- [ool-71-thread-2] .t.t.s.TourGuideClientRewardsServiceImpl : Service - Distance calculated: 6350.45494946921
2021-11-27 20:34:20.862  INFO 530588 --- [ool-51-thread-2] .t.t.s.TourGuideClientRewardsServiceImpl : Service - Distance calculated: 5325.378751486906
2021-11-27 20:34:20.867  INFO 530588 --- [ool-71-thread-2] .t.t.s.TourGuideClientRewardsServiceImpl : Service - Distance calculated: 5790.931788379768
2021-11-27 20:34:20.862  INFO 530588 --- [ool-61-thread-2] .t.t.s.TourGuideClientRewardsServiceImpl : Service - Distance calculated: 8052.116245834696
2021-11-27 20:34:20.862  INFO 530588 --- [ool-68-thread-2] .t.t.s.TourGuideClientRewardsServiceImpl : Service - Distance calculated: 7010.453560946884
2021-11-27 20:34:20.862  INFO 530588 --- [ol-104-thread-2] .t.t.s.TourGuideClientRewardsServiceImpl : Service - Distance calculated: 9517.559501810007
2021-11-27 20:34:20.867  INFO 530588 --- [ol-104-thread-2] .t.t.s.TourGuideClientRewardsServiceImpl : Service - Distance calculated: 9320.147953715961
2021-11-27 20:34:20.862  INFO 530588 --- [ool-78-thread-2] .t.t.s.TourGuideClientRewardsServiceImpl : Service - Distance calculated: 4295.868520189924
2021-11-27 20:34:20.868  INFO 530588 --- [ol-104-thread-2] .t.t.s.TourGuideClientRewardsServiceImpl : Service - Distance calculated: 9706.534206810551
2021-11-27 20:34:20.868  INFO 530588 --- [ol-104-thread-2] .t.t.s.TourGuideClientRewardsServiceImpl : Service - Distance calculated: 9319.364403003929
2021-11-27 20:34:20.868  INFO 530588 --- [ol-104-thread-2] .t.t.s.TourGuideClientRewardsServiceImpl : Service - Distance calculated: 9312.234463734412
2021-11-27 20:34:20.868  INFO 530588 --- [ol-104-thread-2] .t.t.s.TourGuideClientRewardsServiceImpl : Service - Distance calculated: 9156.62225442567
2021-11-27 20:34:20.862  INFO 530588 --- [ol-137-thread-2] .t.t.s.TourGuideClientRewardsServiceImpl : Service - Distance calculated: 2087.930922074607
2021-11-27 20:34:20.868  INFO 530588 --- [ool-78-thread-2] .t.t.s.TourGuideClientRewardsServiceImpl : Service - Distance calculated: 4019.4109519014596
2021-11-27 20:34:20.868  INFO 530588 --- [ol-137-thread-2] .t.t.s.TourGuideClientRewardsServiceImpl : Service - Distance calculated: 2115.538410342738
2021-11-27 20:34:20.868  INFO 530588 --- [ol-137-thread-2] .t.t.s.TourGuideClientRewardsServiceImpl : Service - Distance calculated: 2592.9396876799497
2021-11-27 20:34:20.868  INFO 530588 --- [ol-137-thread-2] .t.t.s.TourGuideClientRewardsServiceImpl : Service - Distance calculated: 2379.6124726197527
2021-11-27 20:34:20.868  INFO 530588 --- [ol-137-thread-2] .t.t.s.TourGuideClientRewardsServiceImpl : Service - Distance calculated: 4804.082096132501
2021-11-27 20:34:20.868  INFO 530588 --- [ol-137-thread-2] .t.t.s.TourGuideClientRewardsServiceImpl : Service - Distance calculated: 2851.8631274379472
2021-11-27 20:34:20.868  INFO 530588 --- [ol-137-thread-2] .t.t.s.TourGuideClientRewardsServiceImpl : Service - Distance calculated: 2655.6861668579622
2021-11-27 20:34:20.868  INFO 530588 --- [ol-137-thread-2] .t.t.s.TourGuideClientRewardsServiceImpl : Service - Distance calculated: 2658.368989818179
2021-11-27 20:34:20.868  INFO 530588 --- [ol-137-thread-2] .t.t.s.TourGuideClientRewardsServiceImpl : Service - Distance calculated: 1867.1442419940013
2021-11-27 20:34:20.862  INFO 530588 --- [ool-81-thread-2] .t.t.s.TourGuideClientRewardsServiceImpl : Service - Distance calculated: 9323.34659248109
2021-11-27 20:34:20.862  INFO 530588 --- [ol-124-thread-2] .t.t.s.TourGuideClientRewardsServiceImpl : Service - Distance calculated: 6304.469356070663
2021-11-27 20:34:20.868  INFO 530588 --- [ool-81-thread-2] .t.t.s.TourGuideClientRewardsServiceImpl : Service - Distance calculated: 8611.386329759105
2021-11-27 20:34:20.862  INFO 530588 --- [ool-70-thread-2] .t.t.s.TourGuideClientRewardsServiceImpl : Service - Distance calculated: 4230.97713192954
2021-11-27 20:34:20.868  INFO 530588 --- [ool-81-thread-2] .t.t.s.TourGuideClientRewardsServiceImpl : Service - Distance calculated: 9704.18037236318
2021-11-27 20:34:20.868  INFO 530588 --- [ool-81-thread-2] .t.t.s.TourGuideClientRewardsServiceImpl : Service - Distance calculated: 10869.812403725095
2021-11-27 20:34:20.862  INFO 530588 --- [ool-67-thread-2] .t.t.s.TourGuideClientRewardsServiceImpl : Service - Distance calculated: 6586.787446736755
2021-11-27 20:34:20.868  INFO 530588 --- [ool-81-thread-2] .t.t.s.TourGuideClientRewardsServiceImpl : Service - Distance calculated: 8984.549733478687
2021-11-27 20:34:20.863  INFO 530588 --- [ool-72-thread-2] .t.t.s.TourGuideClientRewardsServiceImpl : Service - Distance calculated: 6789.494442032459
2021-11-27 20:34:20.863  INFO 530588 --- [ol-119-thread-2] .t.t.s.TourGuideClientRewardsServiceImpl : Service - Distance calculated: 8577.680992757743
2021-11-27 20:34:20.868  INFO 530588 --- [ool-72-thread-2] .t.t.s.TourGuideClientRewardsServiceImpl : Service - Distance calculated: 3578.081342289512
2021-11-27 20:34:20.868  INFO 530588 --- [ol-119-thread-2] .t.t.s.TourGuideClientRewardsServiceImpl : Service - Distance calculated: 10053.176999206567
2021-11-27 20:34:20.863  INFO 530588 --- [ol-140-thread-2] .t.t.s.TourGuideClientRewardsServiceImpl : Service - Distance calculated: 4852.236423344978
2021-11-27 20:34:20.868  INFO 530588 --- [ol-119-thread-2] .t.t.s.TourGuideClientRewardsServiceImpl : Service - Distance calculated: 8885.649528367274
2021-11-27 20:34:20.868  INFO 530588 --- [ol-140-thread-2] .t.t.s.TourGuideClientRewardsServiceImpl : Service - Distance calculated: 5023.555426980127
2021-11-27 20:34:20.863  INFO 530588 --- [ool-54-thread-2] .t.t.s.TourGuideClientRewardsServiceImpl : Service - Distance calculated: 3669.8581834547017
2021-11-27 20:34:20.863  INFO 530588 --- [ool-86-thread-2] .t.t.s.TourGuideClientRewardsServiceImpl : Service - Distance calculated: 5509.628473517023
2021-11-27 20:34:20.863  INFO 530588 --- [ool-89-thread-2] .t.t.s.TourGuideClientRewardsServiceImpl : Service - Distance calculated: 6471.374247096294
2021-11-27 20:34:20.868  INFO 530588 --- [ool-54-thread-2] .t.t.s.TourGuideClientRewardsServiceImpl : Service - Distance calculated: 3701.8110320197434
2021-11-27 20:34:20.863  INFO 530588 --- [ol-120-thread-2] .t.t.s.TourGuideClientRewardsServiceImpl : Service - Distance calculated: 5649.550917285036
2021-11-27 20:34:20.868  INFO 530588 --- [ool-54-thread-2] .t.t.s.TourGuideClientRewardsServiceImpl : Service - Distance calculated: 3557.135598692459
2021-11-27 20:34:20.863  INFO 530588 --- [ol-135-thread-2] .t.t.s.TourGuideClientRewardsServiceImpl : Service - Distance calculated: 8561.077304219503
2021-11-27 20:34:20.863  INFO 530588 --- [ol-125-thread-2] .t.t.s.TourGuideClientRewardsServiceImpl : Service - Distance calculated: 1969.0938508015404
2021-11-27 20:34:20.868  INFO 530588 --- [ol-135-thread-2] .t.t.s.TourGuideClientRewardsServiceImpl : Service - Distance calculated: 8044.217350870139
2021-11-27 20:34:20.863  INFO 530588 --- [ool-80-thread-2] .t.t.s.TourGuideClientRewardsServiceImpl : Service - Distance calculated: 6894.158674316837
2021-11-27 20:34:20.863  INFO 530588 --- [ool-74-thread-2] .t.t.s.TourGuideClientRewardsServiceImpl : Service - Distance calculated: 6518.817721810849
2021-11-27 20:34:20.868  INFO 530588 --- [ool-80-thread-2] .t.t.s.TourGuideClientRewardsServiceImpl : Service - Distance calculated: 8001.149708310502
2021-11-27 20:34:20.868  INFO 530588 --- [ool-80-thread-2] .t.t.s.TourGuideClientRewardsServiceImpl : Service - Distance calculated: 6140.872193422012
2021-11-27 20:34:20.868  INFO 530588 --- [ool-74-thread-2] .t.t.s.TourGuideClientRewardsServiceImpl : Service - Distance calculated: 7138.006340947214
2021-11-27 20:34:20.868  INFO 530588 --- [ool-80-thread-2] .t.t.s.TourGuideClientRewardsServiceImpl : Service - Distance calculated: 6413.794719830078
2021-11-27 20:34:20.868  INFO 530588 --- [ool-74-thread-2] .t.t.s.TourGuideClientRewardsServiceImpl : Service - Distance calculated: 6905.705586570233
2021-11-27 20:34:20.863  INFO 530588 --- [ool-62-thread-2] .t.t.s.TourGuideClientRewardsServiceImpl : Service - Distance calculated: 1204.372289719331
2021-11-27 20:34:20.863  INFO 530588 --- [ool-96-thread-2] .t.t.s.TourGuideClientRewardsServiceImpl : Service - Distance calculated: 4175.16288300078
2021-11-27 20:34:20.868  INFO 530588 --- [ool-62-thread-2] .t.t.s.TourGuideClientRewardsServiceImpl : Service - Distance calculated: 1742.5694022642394
2021-11-27 20:34:20.863  INFO 530588 --- [ool-55-thread-2] .t.t.s.TourGuideClientRewardsServiceImpl : Service - Distance calculated: 4466.681280381118
2021-11-27 20:34:20.863  INFO 530588 --- [ool-45-thread-2] .t.t.s.TourGuideClientRewardsServiceImpl : Service - Distance calculated: 7146.05217798415
2021-11-27 20:34:20.863  INFO 530588 --- [ool-47-thread-2] .t.t.s.TourGuideClientRewardsServiceImpl : Service - Distance calculated: 10551.265721836353
2021-11-27 20:34:20.863  INFO 530588 --- [ol-111-thread-2] .t.t.s.TourGuideClientRewardsServiceImpl : Service - Distance calculated: 5366.410521149667
2021-11-27 20:34:20.869  INFO 530588 --- [ool-47-thread-2] .t.t.s.TourGuideClientRewardsServiceImpl : Service - Distance calculated: 10123.545277328642
2021-11-27 20:34:20.863  INFO 530588 --- [ol-133-thread-2] .t.t.s.TourGuideClientRewardsServiceImpl : Service - Distance calculated: 5729.346601251349
2021-11-27 20:34:20.869  INFO 530588 --- [ool-47-thread-2] .t.t.s.TourGuideClientRewardsServiceImpl : Service - Distance calculated: 10938.57023608192
2021-11-27 20:34:20.863  INFO 530588 --- [ol-141-thread-2] .t.t.s.TourGuideClientRewardsServiceImpl : Service - Distance calculated: 5032.7615392594425
2021-11-27 20:34:20.869  INFO 530588 --- [ol-133-thread-2] .t.t.s.TourGuideClientRewardsServiceImpl : Service - Distance calculated: 6290.162589709965
2021-11-27 20:34:20.863  INFO 530588 --- [ool-93-thread-2] .t.t.s.TourGuideClientRewardsServiceImpl : Service - Distance calculated: 9972.745775112087
2021-11-27 20:34:20.869  INFO 530588 --- [ol-141-thread-2] .t.t.s.TourGuideClientRewardsServiceImpl : Service - Distance calculated: 5094.4343999798675
2021-11-27 20:34:20.863  INFO 530588 --- [ol-113-thread-2] .t.t.s.TourGuideClientRewardsServiceImpl : Service - Distance calculated: 6294.244225518902
2021-11-27 20:34:20.869  INFO 530588 --- [ol-141-thread-2] .t.t.s.TourGuideClientRewardsServiceImpl : Service - Distance calculated: 6035.84039075248
2021-11-27 20:34:20.869  INFO 530588 --- [ool-93-thread-2] .t.t.s.TourGuideClientRewardsServiceImpl : Service - Distance calculated: 9124.541655218996
2021-11-27 20:34:20.869  INFO 530588 --- [ol-141-thread-2] .t.t.s.TourGuideClientRewardsServiceImpl : Service - Distance calculated: 4407.362358708339
2021-11-27 20:34:20.869  INFO 530588 --- [ool-93-thread-2] .t.t.s.TourGuideClientRewardsServiceImpl : Service - Distance calculated: 9088.045107256623
2021-11-27 20:34:20.869  INFO 530588 --- [ol-141-thread-2] .t.t.s.TourGuideClientRewardsServiceImpl : Service - Distance calculated: 4564.331670743695
2021-11-27 20:34:20.869  INFO 530588 --- [ool-93-thread-2] .t.t.s.TourGuideClientRewardsServiceImpl : Service - Distance calculated: 9448.459945988843
2021-11-27 20:34:20.869  INFO 530588 --- [ol-141-thread-2] .t.t.s.TourGuideClientRewardsServiceImpl : Service - Distance calculated: 5741.264078556968
2021-11-27 20:34:20.869  INFO 530588 --- [ool-93-thread-2] .t.t.s.TourGuideClientRewardsServiceImpl : Service - Distance calculated: 9205.977420977582
2021-11-27 20:34:20.869  INFO 530588 --- [ol-141-thread-2] .t.t.s.TourGuideClientRewardsServiceImpl : Service - Distance calculated: 3970.561402511632
2021-11-27 20:34:20.869  INFO 530588 --- [ool-93-thread-2] .t.t.s.TourGuideClientRewardsServiceImpl : Service - Distance calculated: 9684.717937260988
2021-11-27 20:34:20.869  INFO 530588 --- [ol-141-thread-2] .t.t.s.TourGuideClientRewardsServiceImpl : Service - Distance calculated: 4262.456596522397
2021-11-27 20:34:20.869  INFO 530588 --- [ool-93-thread-2] .t.t.s.TourGuideClientRewardsServiceImpl : Service - Distance calculated: 9133.787590807315
2021-11-27 20:34:20.869  INFO 530588 --- [ol-141-thread-2] .t.t.s.TourGuideClientRewardsServiceImpl : Service - Distance calculated: 4161.908524538418
2021-11-27 20:34:20.869  INFO 530588 --- [ool-93-thread-2] .t.t.s.TourGuideClientRewardsServiceImpl : Service - Distance calculated: 8872.91368765992
2021-11-27 20:34:20.869  INFO 530588 --- [ol-141-thread-2] .t.t.s.TourGuideClientRewardsServiceImpl : Service - Distance calculated: 4647.76389177253
2021-11-27 20:34:20.869  INFO 530588 --- [ool-93-thread-2] .t.t.s.TourGuideClientRewardsServiceImpl : Service - Distance calculated: 9171.02374369166
2021-11-27 20:34:20.869  INFO 530588 --- [ol-141-thread-2] .t.t.s.TourGuideClientRewardsServiceImpl : Service - Distance calculated: 5477.000892187811
2021-11-27 20:34:20.869  INFO 530588 --- [ool-93-thread-2] .t.t.s.TourGuideClientRewardsServiceImpl : Service - Distance calculated: 10267.599744760884
2021-11-27 20:34:20.863  INFO 530588 --- [ool-50-thread-2] .t.t.s.TourGuideClientRewardsServiceImpl : Service - Distance calculated: 9085.973644194464
2021-11-27 20:34:20.863  INFO 530588 --- [ool-79-thread-2] .t.t.s.TourGuideClientRewardsServiceImpl : Service - Distance calculated: 6524.397386911568
2021-11-27 20:34:20.869  INFO 530588 --- [ool-50-thread-2] .t.t.s.TourGuideClientRewardsServiceImpl : Service - Distance calculated: 9055.776969954404
2021-11-27 20:34:20.869  INFO 530588 --- [ool-79-thread-2] .t.t.s.TourGuideClientRewardsServiceImpl : Service - Distance calculated: 6209.375590528577
2021-11-27 20:34:20.869  INFO 530588 --- [ool-50-thread-2] .t.t.s.TourGuideClientRewardsServiceImpl : Service - Distance calculated: 9869.474905289788
2021-11-27 20:34:20.869  INFO 530588 --- [ool-79-thread-2] .t.t.s.TourGuideClientRewardsServiceImpl : Service - Distance calculated: 5252.174083556892
2021-11-27 20:34:20.869  INFO 530588 --- [ool-50-thread-2] .t.t.s.TourGuideClientRewardsServiceImpl : Service - Distance calculated: 8697.619571228657
2021-11-27 20:34:20.863  INFO 530588 --- [ool-63-thread-2] .t.t.s.TourGuideClientRewardsServiceImpl : Service - Distance calculated: 2325.72625002544
2021-11-27 20:34:20.863  INFO 530588 --- [ol-102-thread-2] .t.t.s.TourGuideClientRewardsServiceImpl : Service - Distance calculated: 4618.734192158871
2021-11-27 20:34:20.863  INFO 530588 --- [ool-92-thread-2] .t.t.s.TourGuideClientRewardsServiceImpl : Service - Distance calculated: 8184.93154930835
2021-11-27 20:34:20.863  INFO 530588 --- [ol-114-thread-2] .t.t.s.TourGuideClientRewardsServiceImpl : Service - Distance calculated: 3295.8032636928356
2021-11-27 20:34:20.869  INFO 530588 --- [ool-92-thread-2] .t.t.s.TourGuideClientRewardsServiceImpl : Service - Distance calculated: 8151.8845306711755
2021-11-27 20:34:20.863  INFO 530588 --- [ool-90-thread-2] .t.t.s.TourGuideClientRewardsServiceImpl : Service - Distance calculated: 2404.4565791321556
2021-11-27 20:34:20.869  INFO 530588 --- [ol-114-thread-2] .t.t.s.TourGuideClientRewardsServiceImpl : Service - Distance calculated: 3926.4503674783336
2021-11-27 20:34:20.863  INFO 530588 --- [ol-106-thread-2] .t.t.s.TourGuideClientRewardsServiceImpl : Service - Distance calculated: 6931.64483420113
2021-11-27 20:34:20.869  INFO 530588 --- [ol-114-thread-2] .t.t.s.TourGuideClientRewardsServiceImpl : Service - Distance calculated: 3669.4903030778883
2021-11-27 20:34:20.869  INFO 530588 --- [ool-90-thread-2] .t.t.s.TourGuideClientRewardsServiceImpl : Service - Distance calculated: 2574.9289013664797
2021-11-27 20:34:20.869  INFO 530588 --- [ol-106-thread-2] .t.t.s.TourGuideClientRewardsServiceImpl : Service - Distance calculated: 6440.2458470490865
2021-11-27 20:34:20.864  INFO 530588 --- [ool-98-thread-2] .t.t.s.TourGuideClientRewardsServiceImpl : Service - Distance calculated: 5005.095409663844
2021-11-27 20:34:20.869  INFO 530588 --- [ool-90-thread-2] .t.t.s.TourGuideClientRewardsServiceImpl : Service - Distance calculated: 2584.9506688591146
2021-11-27 20:34:20.869  INFO 530588 --- [ol-106-thread-2] .t.t.s.TourGuideClientRewardsServiceImpl : Service - Distance calculated: 6779.73237533339
2021-11-27 20:34:20.864  INFO 530588 --- [ol-105-thread-2] .t.t.s.TourGuideClientRewardsServiceImpl : Service - Distance calculated: 3799.195669473848
2021-11-27 20:34:20.869  INFO 530588 --- [ol-106-thread-2] .t.t.s.TourGuideClientRewardsServiceImpl : Service - Distance calculated: 6816.949923418936
2021-11-27 20:34:20.864  INFO 530588 --- [ool-99-thread-2] .t.t.s.TourGuideClientRewardsServiceImpl : Service - Distance calculated: 7651.333924604878
2021-11-27 20:34:20.864  INFO 530588 --- [ol-116-thread-2] .t.t.s.TourGuideClientRewardsServiceImpl : Service - Distance calculated: 4320.667480554968
2021-11-27 20:34:20.864  INFO 530588 --- [ool-58-thread-2] .t.t.s.TourGuideClientRewardsServiceImpl : Service - Distance calculated: 4136.0128587431755
2021-11-27 20:34:20.864  INFO 530588 --- [ool-91-thread-2] .t.t.s.TourGuideClientRewardsServiceImpl : Service - Distance calculated: 8889.891661165757
2021-11-27 20:34:20.864  INFO 530588 --- [ol-128-thread-2] .t.t.s.TourGuideClientRewardsServiceImpl : Service - Distance calculated: 5343.559303218302
2021-11-27 20:34:20.869  INFO 530588 --- [ool-91-thread-2] .t.t.s.TourGuideClientRewardsServiceImpl : Service - Distance calculated: 8526.954361437458
2021-11-27 20:34:20.869  INFO 530588 --- [ool-91-thread-2] .t.t.s.TourGuideClientRewardsServiceImpl : Service - Distance calculated: 9027.029782074198
2021-11-27 20:34:20.864  INFO 530588 --- [ool-52-thread-2] .t.t.s.TourGuideClientRewardsServiceImpl : Service - Distance calculated: 4486.4521205806195
2021-11-27 20:34:20.869  INFO 530588 --- [ool-91-thread-2] .t.t.s.TourGuideClientRewardsServiceImpl : Service - Distance calculated: 10175.278320506935
2021-11-27 20:34:20.864  INFO 530588 --- [ool-75-thread-2] .t.t.s.TourGuideClientRewardsServiceImpl : Service - Distance calculated: 727.4406623078733
2021-11-27 20:34:20.869  INFO 530588 --- [ool-52-thread-2] .t.t.s.TourGuideClientRewardsServiceImpl : Service - Distance calculated: 4690.1823500018045
2021-11-27 20:34:20.864  INFO 530588 --- [ol-112-thread-2] .t.t.s.TourGuideClientRewardsServiceImpl : Service - Distance calculated: 4920.092874835692
2021-11-27 20:34:20.870  INFO 530588 --- [ool-75-thread-2] .t.t.s.TourGuideClientRewardsServiceImpl : Service - Distance calculated: 739.7352761423402
2021-11-27 20:34:20.870  INFO 530588 --- [ool-52-thread-2] .t.t.s.TourGuideClientRewardsServiceImpl : Service - Distance calculated: 4732.570813327234
2021-11-27 20:34:20.870  INFO 530588 --- [ool-75-thread-2] .t.t.s.TourGuideClientRewardsServiceImpl : Service - Distance calculated: 1947.376185113249
2021-11-27 20:34:20.870  INFO 530588 --- [ool-52-thread-2] .t.t.s.TourGuideClientRewardsServiceImpl : Service - Distance calculated: 5522.4296909133545
2021-11-27 20:34:20.870  INFO 530588 --- [ool-75-thread-2] .t.t.s.TourGuideClientRewardsServiceImpl : Service - Distance calculated: 1959.610560601737
2021-11-27 20:34:20.864  INFO 530588 --- [ool-53-thread-2] .t.t.s.TourGuideClientRewardsServiceImpl : Service - Distance calculated: 7605.45183559016
2021-11-27 20:34:20.864  INFO 530588 --- [ool-77-thread-2] .t.t.s.TourGuideClientRewardsServiceImpl : Service - Distance calculated: 10407.177711729688
2021-11-27 20:34:20.870  INFO 530588 --- [ool-53-thread-2] .t.t.s.TourGuideClientRewardsServiceImpl : Service - Distance calculated: 7953.383186422043
2021-11-27 20:34:20.864  INFO 530588 --- [ool-94-thread-2] .t.t.s.TourGuideClientRewardsServiceImpl : Service - Distance calculated: 4413.0761572322
2021-11-27 20:34:20.870  INFO 530588 --- [ool-53-thread-2] .t.t.s.TourGuideClientRewardsServiceImpl : Service - Distance calculated: 7298.795658446924
2021-11-27 20:34:20.864  INFO 530588 --- [ool-60-thread-2] .t.t.s.TourGuideClientRewardsServiceImpl : Service - Distance calculated: 7605.244165199598
2021-11-27 20:34:20.870  INFO 530588 --- [ool-53-thread-2] .t.t.s.TourGuideClientRewardsServiceImpl : Service - Distance calculated: 6081.704681597021
2021-11-27 20:34:20.870  INFO 530588 --- [ool-60-thread-2] .t.t.s.TourGuideClientRewardsServiceImpl : Service - Distance calculated: 7503.213614158496
2021-11-27 20:34:20.864  INFO 530588 --- [ol-126-thread-2] .t.t.s.TourGuideClientRewardsServiceImpl : Service - Distance calculated: 3077.3161323959393
2021-11-27 20:34:20.865  INFO 530588 --- [ool-49-thread-2] .t.t.s.TourGuideClientRewardsServiceImpl : Service - Distance calculated: 8251.362212544422
2021-11-27 20:34:20.865  INFO 530588 --- [ol-139-thread-2] .t.t.s.TourGuideClientRewardsServiceImpl : Service - Distance calculated: 4706.806267254165
2021-11-27 20:34:20.870  INFO 530588 --- [ool-49-thread-2] .t.t.s.TourGuideClientRewardsServiceImpl : Service - Distance calculated: 8866.138278252874
2021-11-27 20:34:20.865  INFO 530588 --- [ol-123-thread-2] .t.t.s.TourGuideClientRewardsServiceImpl : Service - Distance calculated: 6572.944611591922
2021-11-27 20:34:20.865  INFO 530588 --- [ool-66-thread-2] .t.t.s.TourGuideClientRewardsServiceImpl : Service - Distance calculated: 6431.6123174954855
2021-11-27 20:34:20.870  INFO 530588 --- [ol-123-thread-2] .t.t.s.TourGuideClientRewardsServiceImpl : Service - Distance calculated: 7183.062793129176
2021-11-27 20:34:20.865  INFO 530588 --- [ol-131-thread-2] .t.t.s.TourGuideClientRewardsServiceImpl : Service - Distance calculated: 6435.485726348934
2021-11-27 20:34:20.870  INFO 530588 --- [ol-123-thread-2] .t.t.s.TourGuideClientRewardsServiceImpl : Service - Distance calculated: 6640.316537818445
2021-11-27 20:34:20.870  INFO 530588 --- [ool-66-thread-2] .t.t.s.TourGuideClientRewardsServiceImpl : Service - Distance calculated: 7388.785117209044
2021-11-27 20:34:20.870  INFO 530588 --- [ol-123-thread-2] .t.t.s.TourGuideClientRewardsServiceImpl : Service - Distance calculated: 6557.913299458499
2021-11-27 20:34:20.870  INFO 530588 --- [ol-131-thread-2] .t.t.s.TourGuideClientRewardsServiceImpl : Service - Distance calculated: 6604.208237966748
2021-11-27 20:34:20.870  INFO 530588 --- [ool-66-thread-2] .t.t.s.TourGuideClientRewardsServiceImpl : Service - Distance calculated: 7053.672558623165
2021-11-27 20:34:20.870  INFO 530588 --- [ol-123-thread-2] .t.t.s.TourGuideClientRewardsServiceImpl : Service - Distance calculated: 6624.222301740248
2021-11-27 20:34:20.865  INFO 530588 --- [ool-44-thread-2] .t.t.s.TourGuideClientRewardsServiceImpl : Service - Distance calculated: 5403.117857098591
2021-11-27 20:34:20.865  INFO 530588 --- [ol-101-thread-2] .t.t.s.TourGuideClientRewardsServiceImpl : Service - Distance calculated: 9308.409354790325
2021-11-27 20:34:20.865  INFO 530588 --- [ol-136-thread-2] .t.t.s.TourGuideClientRewardsServiceImpl : Service - Distance calculated: 5250.260602322832
2021-11-27 20:34:20.870  INFO 530588 --- [ool-44-thread-2] .t.t.s.TourGuideClientRewardsServiceImpl : Service - Distance calculated: 5434.497070031407
2021-11-27 20:34:20.865  INFO 530588 --- [ol-127-thread-2] .t.t.s.TourGuideClientRewardsServiceImpl : Service - Distance calculated: 2950.2402712844187
2021-11-27 20:34:20.866  INFO 530588 --- [ol-110-thread-2] .t.t.s.TourGuideClientRewardsServiceImpl : Service - Distance calculated: 6099.571996545003
2021-11-27 20:34:20.870  INFO 530588 --- [ol-127-thread-2] .t.t.s.TourGuideClientRewardsServiceImpl : Service - Distance calculated: 447.9524169615238
2021-11-27 20:34:20.870  INFO 530588 --- [ol-110-thread-2] .t.t.s.TourGuideClientRewardsServiceImpl : Service - Distance calculated: 7495.519428996597
2021-11-27 20:34:20.866  INFO 530588 --- [ool-65-thread-2] .t.t.s.TourGuideClientRewardsServiceImpl : Service - Distance calculated: 4454.47634225102
2021-11-27 20:34:20.870  INFO 530588 --- [ol-110-thread-2] .t.t.s.TourGuideClientRewardsServiceImpl : Service - Distance calculated: 6574.884902914354
2021-11-27 20:34:20.866  INFO 530588 --- [ool-59-thread-2] .t.t.s.TourGuideClientRewardsServiceImpl : Service - Distance calculated: 5787.472206669374
2021-11-27 20:34:20.870  INFO 530588 --- [ol-110-thread-2] .t.t.s.TourGuideClientRewardsServiceImpl : Service - Distance calculated: 6382.121885851524
2021-11-27 20:34:20.866  INFO 530588 --- [ol-100-thread-2] .t.t.s.TourGuideClientRewardsServiceImpl : Service - Distance calculated: 7065.350049310439
2021-11-27 20:34:20.870  INFO 530588 --- [ol-110-thread-2] .t.t.s.TourGuideClientRewardsServiceImpl : Service - Distance calculated: 6384.152856965573
2021-11-27 20:34:20.870  INFO 530588 --- [ool-65-thread-2] .t.t.s.TourGuideClientRewardsServiceImpl : Service - Distance calculated: 4687.584697205
2021-11-27 20:34:20.866  INFO 530588 --- [ool-48-thread-2] .t.t.s.TourGuideClientRewardsServiceImpl : Service - Distance calculated: 3403.8871511529414
2021-11-27 20:34:20.870  INFO 530588 --- [ool-65-thread-2] .t.t.s.TourGuideClientRewardsServiceImpl : Service - Distance calculated: 4539.1571614120285
2021-11-27 20:34:20.866  INFO 530588 --- [ool-69-thread-2] .t.t.s.TourGuideClientRewardsServiceImpl : Service - Distance calculated: 861.7390183068809
2021-11-27 20:34:20.870  INFO 530588 --- [ool-48-thread-2] .t.t.s.TourGuideClientRewardsServiceImpl : Service - Distance calculated: 3479.906630721047
2021-11-27 20:34:20.866  INFO 530588 --- [ool-97-thread-2] .t.t.s.TourGuideClientRewardsServiceImpl : Service - Distance calculated: 11600.891414208376
2021-11-27 20:34:20.870  INFO 530588 --- [ool-48-thread-2] .t.t.s.TourGuideClientRewardsServiceImpl : Service - Distance calculated: 3116.444098700972
2021-11-27 20:34:20.866  INFO 530588 --- [ol-115-thread-2] .t.t.s.TourGuideClientRewardsServiceImpl : Service - Distance calculated: 8743.555936989043
2021-11-27 20:34:20.870  INFO 530588 --- [ool-48-thread-2] .t.t.s.TourGuideClientRewardsServiceImpl : Service - Distance calculated: 3493.132124159995
2021-11-27 20:34:20.866  INFO 530588 --- [ol-107-thread-2] .t.t.s.TourGuideClientRewardsServiceImpl : Service - Distance calculated: 6807.688858483337
2021-11-27 20:34:20.870  INFO 530588 --- [ool-48-thread-2] .t.t.s.TourGuideClientRewardsServiceImpl : Service - Distance calculated: 3603.4287916801745
2021-11-27 20:34:20.866  INFO 530588 --- [ool-46-thread-2] .t.t.s.TourGuideClientRewardsServiceImpl : Service - Distance calculated: 6891.757848743707
2021-11-27 20:34:20.870  INFO 530588 --- [ol-107-thread-2] .t.t.s.TourGuideClientRewardsServiceImpl : Service - Distance calculated: 7783.7754084421695
2021-11-27 20:34:20.866  INFO 530588 --- [ol-117-thread-2] .t.t.s.TourGuideClientRewardsServiceImpl : Service - Distance calculated: 3308.180522000564
2021-11-27 20:34:20.866  INFO 530588 --- [ool-73-thread-2] .t.t.s.TourGuideClientRewardsServiceImpl : Service - Distance calculated: 3687.4297595136736
2021-11-27 20:34:20.870  INFO 530588 --- [ol-117-thread-2] .t.t.s.TourGuideClientRewardsServiceImpl : Service - Distance calculated: 5470.298231402948
2021-11-27 20:34:20.866  INFO 530588 --- [ol-109-thread-2] .t.t.s.TourGuideClientRewardsServiceImpl : Service - Distance calculated: 9588.002536708667
2021-11-27 20:34:20.870  INFO 530588 --- [ol-117-thread-2] .t.t.s.TourGuideClientRewardsServiceImpl : Service - Distance calculated: 2758.660191766926
2021-11-27 20:34:20.870  INFO 530588 --- [ool-73-thread-2] .t.t.s.TourGuideClientRewardsServiceImpl : Service - Distance calculated: 2922.946330479175
2021-11-27 20:34:20.870  INFO 530588 --- [ol-109-thread-2] .t.t.s.TourGuideClientRewardsServiceImpl : Service - Distance calculated: 9461.64102156299
2021-11-27 20:34:20.866 DEBUG 530588 --- [    Test worker] c.t.t.s.TourGuideClientServiceImpl       : Service - Visited location added for user: internalUser33
2021-11-27 20:34:20.867  INFO 530588 --- [ool-95-thread-2] .t.t.s.TourGuideClientRewardsServiceImpl : Service - Distance calculated: 8048.0677421853015
2021-11-27 20:34:20.867  INFO 530588 --- [ol-118-thread-2] .t.t.s.TourGuideClientRewardsServiceImpl : Service - Distance calculated: 2964.5705406679845
2021-11-27 20:34:20.871  INFO 530588 --- [ool-95-thread-2] .t.t.s.TourGuideClientRewardsServiceImpl : Service - Distance calculated: 7447.017627583533
2021-11-27 20:34:20.867  INFO 530588 --- [ol-138-thread-2] .t.t.s.TourGuideClientRewardsServiceImpl : Service - Distance calculated: 2912.4120388897086
2021-11-27 20:34:20.871  INFO 530588 --- [ol-118-thread-2] .t.t.s.TourGuideClientRewardsServiceImpl : Service - Distance calculated: 1319.8441790235636
2021-11-27 20:34:20.867  INFO 530588 --- [ool-82-thread-2] .t.t.s.TourGuideClientRewardsServiceImpl : Service - Distance calculated: 5585.627063054854
2021-11-27 20:34:20.871  INFO 530588 --- [ol-118-thread-2] .t.t.s.TourGuideClientRewardsServiceImpl : Service - Distance calculated: 1434.2724189554617
2021-11-27 20:34:20.867  INFO 530588 --- [ool-87-thread-2] .t.t.s.TourGuideClientRewardsServiceImpl : Service - Distance calculated: 5839.269921007894
2021-11-27 20:34:20.867  INFO 530588 --- [ool-57-thread-2] .t.t.s.TourGuideClientRewardsServiceImpl : Service - Distance calculated: 8957.475414306891
2021-11-27 20:34:20.871  INFO 530588 --- [ool-87-thread-2] .t.t.s.TourGuideClientRewardsServiceImpl : Service - Distance calculated: 5931.185705387539
2021-11-27 20:34:20.867  INFO 530588 --- [ol-121-thread-2] .t.t.s.TourGuideClientRewardsServiceImpl : Service - Distance calculated: 1373.7903569135565
2021-11-27 20:34:20.871  INFO 530588 --- [ool-87-thread-2] .t.t.s.TourGuideClientRewardsServiceImpl : Service - Distance calculated: 5437.436956042199
2021-11-27 20:34:20.867  INFO 530588 --- [ol-103-thread-2] .t.t.s.TourGuideClientRewardsServiceImpl : Service - Distance calculated: 8407.34690756592
2021-11-27 20:34:20.871  INFO 530588 --- [ol-121-thread-2] .t.t.s.TourGuideClientRewardsServiceImpl : Service - Distance calculated: 1575.7726529944896
2021-11-27 20:34:20.871  INFO 530588 --- [ool-87-thread-2] .t.t.s.TourGuideClientRewardsServiceImpl : Service - Distance calculated: 4617.0372087736305
2021-11-27 20:34:20.867  INFO 530588 --- [ol-134-thread-2] .t.t.s.TourGuideClientRewardsServiceImpl : Service - Distance calculated: 3186.3636001831755
2021-11-27 20:34:20.871  INFO 530588 --- [ool-87-thread-2] .t.t.s.TourGuideClientRewardsServiceImpl : Service - Distance calculated: 5230.527617447992
2021-11-27 20:34:20.867  INFO 530588 --- [ool-43-thread-2] .t.t.s.TourGuideClientRewardsServiceImpl : Service - Distance calculated: 6746.289616771372
2021-11-27 20:34:20.871  INFO 530588 --- [ool-87-thread-2] .t.t.s.TourGuideClientRewardsServiceImpl : Service - Distance calculated: 4949.512867972358
2021-11-27 20:34:20.867  INFO 530588 --- [ool-64-thread-2] .t.t.s.TourGuideClientRewardsServiceImpl : Service - Distance calculated: 8765.018903896904
2021-11-27 20:34:20.871  INFO 530588 --- [ool-87-thread-2] .t.t.s.TourGuideClientRewardsServiceImpl : Service - Distance calculated: 5501.627786565851
2021-11-27 20:34:20.867  INFO 530588 --- [ool-85-thread-2] .t.t.s.TourGuideClientRewardsServiceImpl : Service - Distance calculated: 11608.748301480207
2021-11-27 20:34:20.871  INFO 530588 --- [ool-87-thread-2] .t.t.s.TourGuideClientRewardsServiceImpl : Service - Distance calculated: 4698.03952963404
2021-11-27 20:34:20.867  INFO 530588 --- [ool-88-thread-2] .t.t.s.TourGuideClientRewardsServiceImpl : Service - Distance calculated: 3191.025115698419
2021-11-27 20:34:20.871  INFO 530588 --- [ool-87-thread-2] .t.t.s.TourGuideClientRewardsServiceImpl : Service - Distance calculated: 3904.5841225295158
2021-11-27 20:34:20.867  INFO 530588 --- [ol-122-thread-2] .t.t.s.TourGuideClientRewardsServiceImpl : Service - Distance calculated: 6945.527611116605
2021-11-27 20:34:20.871  INFO 530588 --- [ool-88-thread-2] .t.t.s.TourGuideClientRewardsServiceImpl : Service - Distance calculated: 4008.3061217050845
2021-11-27 20:34:20.867  INFO 530588 --- [ol-129-thread-2] .t.t.s.TourGuideClientRewardsServiceImpl : Service - Distance calculated: 9366.574233719997
2021-11-27 20:34:20.867  INFO 530588 --- [ol-142-thread-2] .t.t.s.TourGuideClientRewardsServiceImpl : Service - Distance calculated: 6715.169563261938
2021-11-27 20:34:20.871  INFO 530588 --- [ol-129-thread-2] .t.t.s.TourGuideClientRewardsServiceImpl : Service - Distance calculated: 9359.428823893424
2021-11-27 20:34:20.867  INFO 530588 --- [ool-56-thread-2] .t.t.s.TourGuideClientRewardsServiceImpl : Service - Distance calculated: 7799.591024452111
2021-11-27 20:34:20.871  INFO 530588 --- [ol-142-thread-2] .t.t.s.TourGuideClientRewardsServiceImpl : Service - Distance calculated: 8276.189929418657
2021-11-27 20:34:20.867  INFO 530588 --- [ool-83-thread-2] .t.t.s.TourGuideClientRewardsServiceImpl : Service - Distance calculated: 4077.5807348316835
2021-11-27 20:34:20.871  INFO 530588 --- [ol-142-thread-2] .t.t.s.TourGuideClientRewardsServiceImpl : Service - Distance calculated: 7583.611856389169
2021-11-27 20:34:20.871  INFO 530588 --- [ool-83-thread-2] .t.t.s.TourGuideClientRewardsServiceImpl : Service - Distance calculated: 4205.744089453306
2021-11-27 20:34:20.871  INFO 530588 --- [ol-142-thread-2] .t.t.s.TourGuideClientRewardsServiceImpl : Service - Distance calculated: 6885.792440627458
2021-11-27 20:34:20.867  INFO 530588 --- [ol-130-thread-2] .t.t.s.TourGuideClientRewardsServiceImpl : Service - Distance calculated: 6246.625022492893
2021-11-27 20:34:20.871  INFO 530588 --- [ol-142-thread-2] .t.t.s.TourGuideClientRewardsServiceImpl : Service - Distance calculated: 7827.370652023033
2021-11-27 20:34:20.867  INFO 530588 --- [ool-51-thread-2] .t.t.s.TourGuideClientRewardsServiceImpl : Service - Distance calculated: 7521.6316867079895
2021-11-27 20:34:20.871  INFO 530588 --- [ol-142-thread-2] .t.t.s.TourGuideClientRewardsServiceImpl : Service - Distance calculated: 6677.800351736472
2021-11-27 20:34:20.871  INFO 530588 --- [ol-130-thread-2] .t.t.s.TourGuideClientRewardsServiceImpl : Service - Distance calculated: 6379.209698167048
2021-11-27 20:34:20.871  INFO 530588 --- [ol-142-thread-2] .t.t.s.TourGuideClientRewardsServiceImpl : Service - Distance calculated: 6141.615589386499
2021-11-27 20:34:20.871  INFO 530588 --- [ol-130-thread-2] .t.t.s.TourGuideClientRewardsServiceImpl : Service - Distance calculated: 6242.3758042251875
2021-11-27 20:34:20.871  INFO 530588 --- [ol-142-thread-2] .t.t.s.TourGuideClientRewardsServiceImpl : Service - Distance calculated: 6634.01512443374
2021-11-27 20:34:20.871  INFO 530588 --- [ol-130-thread-2] .t.t.s.TourGuideClientRewardsServiceImpl : Service - Distance calculated: 5715.49328141225
2021-11-27 20:34:20.867  INFO 530588 --- [ool-71-thread-2] .t.t.s.TourGuideClientRewardsServiceImpl : Service - Distance calculated: 6513.702118663029
2021-11-27 20:34:20.871  INFO 530588 --- [ol-130-thread-2] .t.t.s.TourGuideClientRewardsServiceImpl : Service - Distance calculated: 6634.306441147375
2021-11-27 20:34:20.867  INFO 530588 --- [ool-61-thread-2] .t.t.s.TourGuideClientRewardsServiceImpl : Service - Distance calculated: 10270.998498627323
2021-11-27 20:34:20.871  INFO 530588 --- [ool-71-thread-2] .t.t.s.TourGuideClientRewardsServiceImpl : Service - Distance calculated: 6934.940276670745
2021-11-27 20:34:20.867  INFO 530588 --- [ool-68-thread-2] .t.t.s.TourGuideClientRewardsServiceImpl : Service - Distance calculated: 6982.258357521977
2021-11-27 20:34:20.868  INFO 530588 --- [ol-104-thread-2] .t.t.s.TourGuideClientRewardsServiceImpl : Service - Distance calculated: 10099.457292124198
2021-11-27 20:34:20.871  INFO 530588 --- [ool-68-thread-2] .t.t.s.TourGuideClientRewardsServiceImpl : Service - Distance calculated: 6136.518072777261
2021-11-27 20:34:20.868  INFO 530588 --- [ol-137-thread-2] .t.t.s.TourGuideClientRewardsServiceImpl : Service - Distance calculated: 1792.009325185848
2021-11-27 20:34:20.871  INFO 530588 --- [ool-68-thread-2] .t.t.s.TourGuideClientRewardsServiceImpl : Service - Distance calculated: 6153.013950864649
2021-11-27 20:34:20.868  INFO 530588 --- [ool-78-thread-2] .t.t.s.TourGuideClientRewardsServiceImpl : Service - Distance calculated: 4197.824791618319
2021-11-27 20:34:20.871  INFO 530588 --- [ol-137-thread-2] .t.t.s.TourGuideClientRewardsServiceImpl : Service - Distance calculated: 2059.8408151944145
2021-11-27 20:34:20.868  INFO 530588 --- [ool-70-thread-2] .t.t.s.TourGuideClientRewardsServiceImpl : Service - Distance calculated: 4126.270670755972
2021-11-27 20:34:20.871  INFO 530588 --- [ol-104-thread-2] .t.t.s.TourGuideClientRewardsServiceImpl : Service - Distance calculated: 9342.948804748283
2021-11-27 20:34:20.868  INFO 530588 --- [ol-124-thread-2] .t.t.s.TourGuideClientRewardsServiceImpl : Service - Distance calculated: 5361.791070391646
2021-11-27 20:34:20.868  INFO 530588 --- [ool-67-thread-2] .t.t.s.TourGuideClientRewardsServiceImpl : Service - Distance calculated: 7345.372716562934
2021-11-27 20:34:20.871  INFO 530588 --- [ol-124-thread-2] .t.t.s.TourGuideClientRewardsServiceImpl : Service - Distance calculated: 5751.212643839087
2021-11-27 20:34:20.868  INFO 530588 --- [ool-81-thread-2] .t.t.s.TourGuideClientRewardsServiceImpl : Service - Distance calculated: 9810.905251024546
2021-11-27 20:34:20.868  INFO 530588 --- [ool-72-thread-2] .t.t.s.TourGuideClientRewardsServiceImpl : Service - Distance calculated: 6922.373882439091
2021-11-27 20:34:20.871  INFO 530588 --- [ool-67-thread-2] .t.t.s.TourGuideClientRewardsServiceImpl : Service - Distance calculated: 7135.968478564822
2021-11-27 20:34:20.871  INFO 530588 --- [ool-72-thread-2] .t.t.s.TourGuideClientRewardsServiceImpl : Service - Distance calculated: 6800.6512602514185
2021-11-27 20:34:20.868  INFO 530588 --- [ol-119-thread-2] .t.t.s.TourGuideClientRewardsServiceImpl : Service - Distance calculated: 8795.012218749125
2021-11-27 20:34:20.868  INFO 530588 --- [ol-140-thread-2] .t.t.s.TourGuideClientRewardsServiceImpl : Service - Distance calculated: 2326.202886372938
2021-11-27 20:34:20.868  INFO 530588 --- [ool-86-thread-2] .t.t.s.TourGuideClientRewardsServiceImpl : Service - Distance calculated: 6031.430499007161
2021-11-27 20:34:20.868  INFO 530588 --- [ool-89-thread-2] .t.t.s.TourGuideClientRewardsServiceImpl : Service - Distance calculated: 5853.991248144133
2021-11-27 20:34:20.872  INFO 530588 --- [ol-119-thread-2] .t.t.s.TourGuideClientRewardsServiceImpl : Service - Distance calculated: 8740.614765428545
2021-11-27 20:34:20.868  INFO 530588 --- [ool-54-thread-2] .t.t.s.TourGuideClientRewardsServiceImpl : Service - Distance calculated: 3863.126055229712
2021-11-27 20:34:20.872  INFO 530588 --- [ol-119-thread-2] .t.t.s.TourGuideClientRewardsServiceImpl : Service - Distance calculated: 7897.377870301779
2021-11-27 20:34:20.868  INFO 530588 --- [ol-120-thread-2] .t.t.s.TourGuideClientRewardsServiceImpl : Service - Distance calculated: 3998.4628414011268
2021-11-27 20:34:20.872  INFO 530588 --- [ool-89-thread-2] .t.t.s.TourGuideClientRewardsServiceImpl : Service - Distance calculated: 9668.625326642701
2021-11-27 20:34:20.868  INFO 530588 --- [ol-125-thread-2] .t.t.s.TourGuideClientRewardsServiceImpl : Service - Distance calculated: 2128.8308492087676
2021-11-27 20:34:20.872  INFO 530588 --- [ool-89-thread-2] .t.t.s.TourGuideClientRewardsServiceImpl : Service - Distance calculated: 10413.432162393703
2021-11-27 20:34:20.872  INFO 530588 --- [ool-89-thread-2] .t.t.s.TourGuideClientRewardsServiceImpl : Service - Distance calculated: 9828.092592926027
2021-11-27 20:34:20.872  INFO 530588 --- [ol-125-thread-2] .t.t.s.TourGuideClientRewardsServiceImpl : Service - Distance calculated: 1901.3639556940968
2021-11-27 20:34:20.872  INFO 530588 --- [ool-89-thread-2] .t.t.s.TourGuideClientRewardsServiceImpl : Service - Distance calculated: 9748.146126436815
2021-11-27 20:34:20.868  INFO 530588 --- [ol-135-thread-2] .t.t.s.TourGuideClientRewardsServiceImpl : Service - Distance calculated: 8408.364959798388
2021-11-27 20:34:20.868  INFO 530588 --- [ool-80-thread-2] .t.t.s.TourGuideClientRewardsServiceImpl : Service - Distance calculated: 7429.468943953342
2021-11-27 20:34:20.872  INFO 530588 --- [ol-135-thread-2] .t.t.s.TourGuideClientRewardsServiceImpl : Service - Distance calculated: 8446.519518200308
2021-11-27 20:34:20.872  INFO 530588 --- [ool-80-thread-2] .t.t.s.TourGuideClientRewardsServiceImpl : Service - Distance calculated: 7159.080220285951
2021-11-27 20:34:20.872  INFO 530588 --- [ol-135-thread-2] .t.t.s.TourGuideClientRewardsServiceImpl : Service - Distance calculated: 7132.530466331778
2021-11-27 20:34:20.868  INFO 530588 --- [ool-74-thread-2] .t.t.s.TourGuideClientRewardsServiceImpl : Service - Distance calculated: 7355.129367602997
2021-11-27 20:34:20.869  INFO 530588 --- [ool-62-thread-2] .t.t.s.TourGuideClientRewardsServiceImpl : Service - Distance calculated: 1576.7472428725728
2021-11-27 20:34:20.872  INFO 530588 --- [ool-74-thread-2] .t.t.s.TourGuideClientRewardsServiceImpl : Service - Distance calculated: 6604.38539086177
2021-11-27 20:34:20.869  INFO 530588 --- [ool-96-thread-2] .t.t.s.TourGuideClientRewardsServiceImpl : Service - Distance calculated: 5076.177416234443
2021-11-27 20:34:20.872  INFO 530588 --- [ool-74-thread-2] .t.t.s.TourGuideClientRewardsServiceImpl : Service - Distance calculated: 5464.332868071781
2021-11-27 20:34:20.872  INFO 530588 --- [ool-62-thread-2] .t.t.s.TourGuideClientRewardsServiceImpl : Service - Distance calculated: 1921.4807999190489
2021-11-27 20:34:20.872  INFO 530588 --- [ool-96-thread-2] .t.t.s.TourGuideClientRewardsServiceImpl : Service - Distance calculated: 5175.913576081426
2021-11-27 20:34:20.869  INFO 530588 --- [ool-55-thread-2] .t.t.s.TourGuideClientRewardsServiceImpl : Service - Distance calculated: 3239.263088323612
2021-11-27 20:34:20.872  INFO 530588 --- [ool-62-thread-2] .t.t.s.TourGuideClientRewardsServiceImpl : Service - Distance calculated: 1277.6245433336508
2021-11-27 20:34:20.872  INFO 530588 --- [ool-96-thread-2] .t.t.s.TourGuideClientRewardsServiceImpl : Service - Distance calculated: 4424.2269825976255
2021-11-27 20:34:20.872  INFO 530588 --- [ool-55-thread-2] .t.t.s.TourGuideClientRewardsServiceImpl : Service - Distance calculated: 3213.8574880460196
2021-11-27 20:34:20.872  INFO 530588 --- [ool-62-thread-2] .t.t.s.TourGuideClientRewardsServiceImpl : Service - Distance calculated: 87.03441722159666
2021-11-27 20:34:20.872  INFO 530588 --- [ool-96-thread-2] .t.t.s.TourGuideClientRewardsServiceImpl : Service - Distance calculated: 3831.5566029063457
2021-11-27 20:34:20.872  INFO 530588 --- [ool-62-thread-2] .t.t.s.TourGuideClientRewardsServiceImpl : Service - Distance calculated: 2127.2478407793283
2021-11-27 20:34:20.872  INFO 530588 --- [ool-96-thread-2] .t.t.s.TourGuideClientRewardsServiceImpl : Service - Distance calculated: 4261.792595951544
2021-11-27 20:34:20.872  INFO 530588 --- [ool-62-thread-2] .t.t.s.TourGuideClientRewardsServiceImpl : Service - Distance calculated: 2578.910516018122
2021-11-27 20:34:20.872  INFO 530588 --- [ool-96-thread-2] .t.t.s.TourGuideClientRewardsServiceImpl : Service - Distance calculated: 4316.604236552009
2021-11-27 20:34:20.869  INFO 530588 --- [ool-45-thread-2] .t.t.s.TourGuideClientRewardsServiceImpl : Service - Distance calculated: 7211.887757408183
2021-11-27 20:34:20.869  INFO 530588 --- [ol-111-thread-2] .t.t.s.TourGuideClientRewardsServiceImpl : Service - Distance calculated: 5787.389148542973
2021-11-27 20:34:20.869  INFO 530588 --- [ool-47-thread-2] .t.t.s.TourGuideClientRewardsServiceImpl : Service - Distance calculated: 10751.426109639713
2021-11-27 20:34:20.872  INFO 530588 --- [ol-111-thread-2] .t.t.s.TourGuideClientRewardsServiceImpl : Service - Distance calculated: 4806.8601589489035
2021-11-27 20:34:20.869  INFO 530588 --- [ol-133-thread-2] .t.t.s.TourGuideClientRewardsServiceImpl : Service - Distance calculated: 6374.30718307599
2021-11-27 20:34:20.869  INFO 530588 --- [ol-113-thread-2] .t.t.s.TourGuideClientRewardsServiceImpl : Service - Distance calculated: 7109.118215242504
2021-11-27 20:34:20.869  INFO 530588 --- [ol-141-thread-2] .t.t.s.TourGuideClientRewardsServiceImpl : Service - Distance calculated: 4856.074317637266
2021-11-27 20:34:20.872  INFO 530588 --- [ol-113-thread-2] .t.t.s.TourGuideClientRewardsServiceImpl : Service - Distance calculated: 6684.554728675986
2021-11-27 20:34:20.872  INFO 530588 --- [ol-141-thread-2] .t.t.s.TourGuideClientRewardsServiceImpl : Service - Distance calculated: 5134.220830576589
2021-11-27 20:34:20.869  INFO 530588 --- [ool-93-thread-2] .t.t.s.TourGuideClientRewardsServiceImpl : Service - Distance calculated: 9024.701350607196
2021-11-27 20:34:20.872  INFO 530588 --- [ol-141-thread-2] .t.t.s.TourGuideClientRewardsServiceImpl : Service - Distance calculated: 4589.1513129323885
2021-11-27 20:34:20.872  INFO 530588 --- [ool-93-thread-2] .t.t.s.TourGuideClientRewardsServiceImpl : Service - Distance calculated: 9716.996025094484
2021-11-27 20:34:20.869  INFO 530588 --- [ool-79-thread-2] .t.t.s.TourGuideClientRewardsServiceImpl : Service - Distance calculated: 5502.67009461088
2021-11-27 20:34:20.872  INFO 530588 --- [ool-93-thread-2] .t.t.s.TourGuideClientRewardsServiceImpl : Service - Distance calculated: 10140.533955194769
2021-11-27 20:34:20.872  INFO 530588 --- [ool-79-thread-2] .t.t.s.TourGuideClientRewardsServiceImpl : Service - Distance calculated: 6197.734567702224
2021-11-27 20:34:20.869  INFO 530588 --- [ool-50-thread-2] .t.t.s.TourGuideClientRewardsServiceImpl : Service - Distance calculated: 8690.353790713854
2021-11-27 20:34:20.872  INFO 530588 --- [ool-79-thread-2] .t.t.s.TourGuideClientRewardsServiceImpl : Service - Distance calculated: 6542.462997083806
2021-11-27 20:34:20.872  INFO 530588 --- [ool-50-thread-2] .t.t.s.TourGuideClientRewardsServiceImpl : Service - Distance calculated: 10990.689837600134
2021-11-27 20:34:20.872  INFO 530588 --- [ool-79-thread-2] .t.t.s.TourGuideClientRewardsServiceImpl : Service - Distance calculated: 3778.871455137788
2021-11-27 20:34:20.872  INFO 530588 --- [ool-50-thread-2] .t.t.s.TourGuideClientRewardsServiceImpl : Service - Distance calculated: 8331.516367356407
2021-11-27 20:34:20.872  INFO 530588 --- [ool-79-thread-2] .t.t.s.TourGuideClientRewardsServiceImpl : Service - Distance calculated: 4493.553867603694
2021-11-27 20:34:20.872  INFO 530588 --- [ool-50-thread-2] .t.t.s.TourGuideClientRewardsServiceImpl : Service - Distance calculated: 8557.842318948535
2021-11-27 20:34:20.872  INFO 530588 --- [ool-79-thread-2] .t.t.s.TourGuideClientRewardsServiceImpl : Service - Distance calculated: 3943.349639592699
2021-11-27 20:34:20.872  INFO 530588 --- [ool-50-thread-2] .t.t.s.TourGuideClientRewardsServiceImpl : Service - Distance calculated: 8409.17708765853
2021-11-27 20:34:20.872  INFO 530588 --- [ool-79-thread-2] .t.t.s.TourGuideClientRewardsServiceImpl : Service - Distance calculated: 3873.3383704455214
2021-11-27 20:34:20.872  INFO 530588 --- [ool-50-thread-2] .t.t.s.TourGuideClientRewardsServiceImpl : Service - Distance calculated: 8128.486753444294
2021-11-27 20:34:20.872  INFO 530588 --- [ool-79-thread-2] .t.t.s.TourGuideClientRewardsServiceImpl : Service - Distance calculated: 5093.401745845703
2021-11-27 20:34:20.872  INFO 530588 --- [ool-50-thread-2] .t.t.s.TourGuideClientRewardsServiceImpl : Service - Distance calculated: 9160.281929399069
2021-11-27 20:34:20.872  INFO 530588 --- [ool-79-thread-2] .t.t.s.TourGuideClientRewardsServiceImpl : Service - Distance calculated: 5043.9178409153865
2021-11-27 20:34:20.872  INFO 530588 --- [ool-50-thread-2] .t.t.s.TourGuideClientRewardsServiceImpl : Service - Distance calculated: 8735.10726142837
2021-11-27 20:34:20.872  INFO 530588 --- [ool-79-thread-2] .t.t.s.TourGuideClientRewardsServiceImpl : Service - Distance calculated: 4062.201930818556
2021-11-27 20:34:20.872  INFO 530588 --- [ool-50-thread-2] .t.t.s.TourGuideClientRewardsServiceImpl : Service - Distance calculated: 8825.475503108868
2021-11-27 20:34:20.872  INFO 530588 --- [ool-79-thread-2] .t.t.s.TourGuideClientRewardsServiceImpl : Service - Distance calculated: 5711.581113196441
2021-11-27 20:34:20.872  INFO 530588 --- [ool-50-thread-2] .t.t.s.TourGuideClientRewardsServiceImpl : Service - Distance calculated: 8645.009414717137
2021-11-27 20:34:20.869  INFO 530588 --- [ool-63-thread-2] .t.t.s.TourGuideClientRewardsServiceImpl : Service - Distance calculated: 1968.921171409616
2021-11-27 20:34:20.869  INFO 530588 --- [ol-102-thread-2] .t.t.s.TourGuideClientRewardsServiceImpl : Service - Distance calculated: 5410.608118981274
2021-11-27 20:34:20.869  INFO 530588 --- [ool-92-thread-2] .t.t.s.TourGuideClientRewardsServiceImpl : Service - Distance calculated: 8967.962351457221
2021-11-27 20:34:20.869  INFO 530588 --- [ol-114-thread-2] .t.t.s.TourGuideClientRewardsServiceImpl : Service - Distance calculated: 4173.926106070536
2021-11-27 20:34:20.869  INFO 530588 --- [ool-98-thread-2] .t.t.s.TourGuideClientRewardsServiceImpl : Service - Distance calculated: 4506.89992560672
2021-11-27 20:34:20.869  INFO 530588 --- [ool-90-thread-2] .t.t.s.TourGuideClientRewardsServiceImpl : Service - Distance calculated: 3422.3314047006847
2021-11-27 20:34:20.873  INFO 530588 --- [ool-98-thread-2] .t.t.s.TourGuideClientRewardsServiceImpl : Service - Distance calculated: 3693.5047166084532
2021-11-27 20:34:20.869  INFO 530588 --- [ol-106-thread-2] .t.t.s.TourGuideClientRewardsServiceImpl : Service - Distance calculated: 5503.489789993692
2021-11-27 20:34:20.873  INFO 530588 --- [ool-98-thread-2] .t.t.s.TourGuideClientRewardsServiceImpl : Service - Distance calculated: 4302.255403899313
2021-11-27 20:34:20.869  INFO 530588 --- [ol-105-thread-2] .t.t.s.TourGuideClientRewardsServiceImpl : Service - Distance calculated: 3580.8769615092524
2021-11-27 20:34:20.873  INFO 530588 --- [ool-98-thread-2] .t.t.s.TourGuideClientRewardsServiceImpl : Service - Distance calculated: 4019.951371479308
2021-11-27 20:34:20.869  INFO 530588 --- [ool-99-thread-2] .t.t.s.TourGuideClientRewardsServiceImpl : Service - Distance calculated: 8883.059868196257
2021-11-27 20:34:20.873  INFO 530588 --- [ol-105-thread-2] .t.t.s.TourGuideClientRewardsServiceImpl : Service - Distance calculated: 4024.585741807718
2021-11-27 20:34:20.869  INFO 530588 --- [ol-116-thread-2] .t.t.s.TourGuideClientRewardsServiceImpl : Service - Distance calculated: 3323.9752919939024
2021-11-27 20:34:20.873  INFO 530588 --- [ool-99-thread-2] .t.t.s.TourGuideClientRewardsServiceImpl : Service - Distance calculated: 7942.226834447107
2021-11-27 20:34:20.869  INFO 530588 --- [ool-58-thread-2] .t.t.s.TourGuideClientRewardsServiceImpl : Service - Distance calculated: 3951.2167654310447
2021-11-27 20:34:20.873  INFO 530588 --- [ool-99-thread-2] .t.t.s.TourGuideClientRewardsServiceImpl : Service - Distance calculated: 8092.891601192183
2021-11-27 20:34:20.869  INFO 530588 --- [ol-128-thread-2] .t.t.s.TourGuideClientRewardsServiceImpl : Service - Distance calculated: 5221.703798346665
2021-11-27 20:34:20.873  INFO 530588 --- [ool-99-thread-2] .t.t.s.TourGuideClientRewardsServiceImpl : Service - Distance calculated: 7964.227522180031
2021-11-27 20:34:20.873  INFO 530588 --- [ol-128-thread-2] .t.t.s.TourGuideClientRewardsServiceImpl : Service - Distance calculated: 5355.719800062245
2021-11-27 20:34:20.869  INFO 530588 --- [ool-91-thread-2] .t.t.s.TourGuideClientRewardsServiceImpl : Service - Distance calculated: 8724.20598408591
2021-11-27 20:34:20.873  INFO 530588 --- [ol-128-thread-2] .t.t.s.TourGuideClientRewardsServiceImpl : Service - Distance calculated: 5922.223445686854
2021-11-27 20:34:20.873  INFO 530588 --- [ol-128-thread-2] .t.t.s.TourGuideClientRewardsServiceImpl : Service - Distance calculated: 5062.951345248275
2021-11-27 20:34:20.870  INFO 530588 --- [ol-112-thread-2] .t.t.s.TourGuideClientRewardsServiceImpl : Service - Distance calculated: 4292.6364234858265
2021-11-27 20:34:20.870  INFO 530588 --- [ool-52-thread-2] .t.t.s.TourGuideClientRewardsServiceImpl : Service - Distance calculated: 5591.746120774242
2021-11-27 20:34:20.870  INFO 530588 --- [ool-75-thread-2] .t.t.s.TourGuideClientRewardsServiceImpl : Service - Distance calculated: 1090.9124058874027
2021-11-27 20:34:20.873  INFO 530588 --- [ool-52-thread-2] .t.t.s.TourGuideClientRewardsServiceImpl : Service - Distance calculated: 5062.634527890485
2021-11-27 20:34:20.870  INFO 530588 --- [ool-77-thread-2] .t.t.s.TourGuideClientRewardsServiceImpl : Service - Distance calculated: 10598.26668793749
2021-11-27 20:34:20.870  INFO 530588 --- [ool-94-thread-2] .t.t.s.TourGuideClientRewardsServiceImpl : Service - Distance calculated: 5108.183464735173
2021-11-27 20:34:20.873  INFO 530588 --- [ool-77-thread-2] .t.t.s.TourGuideClientRewardsServiceImpl : Service - Distance calculated: 8969.525927192843
2021-11-27 20:34:20.870  INFO 530588 --- [ool-53-thread-2] .t.t.s.TourGuideClientRewardsServiceImpl : Service - Distance calculated: 8149.119864374926
2021-11-27 20:34:20.870  INFO 530588 --- [ool-60-thread-2] .t.t.s.TourGuideClientRewardsServiceImpl : Service - Distance calculated: 7285.208832366682
2021-11-27 20:34:20.873  INFO 530588 --- [ool-77-thread-2] .t.t.s.TourGuideClientRewardsServiceImpl : Service - Distance calculated: 9604.427635148919
2021-11-27 20:34:20.873  INFO 530588 --- [ool-60-thread-2] .t.t.s.TourGuideClientRewardsServiceImpl : Service - Distance calculated: 7936.687672606578
2021-11-27 20:34:20.873  INFO 530588 --- [ool-77-thread-2] .t.t.s.TourGuideClientRewardsServiceImpl : Service - Distance calculated: 10553.727758668574
2021-11-27 20:34:20.870  INFO 530588 --- [ol-126-thread-2] .t.t.s.TourGuideClientRewardsServiceImpl : Service - Distance calculated: 2975.053518581301
2021-11-27 20:34:20.873  INFO 530588 --- [ool-77-thread-2] .t.t.s.TourGuideClientRewardsServiceImpl : Service - Distance calculated: 10458.314261522104
2021-11-27 20:34:20.870  INFO 530588 --- [ol-139-thread-2] .t.t.s.TourGuideClientRewardsServiceImpl : Service - Distance calculated: 4989.896734943197
2021-11-27 20:34:20.873  INFO 530588 --- [ool-77-thread-2] .t.t.s.TourGuideClientRewardsServiceImpl : Service - Distance calculated: 4618.417534924235
2021-11-27 20:34:20.870  INFO 530588 --- [ool-49-thread-2] .t.t.s.TourGuideClientRewardsServiceImpl : Service - Distance calculated: 9139.525404385216
2021-11-27 20:34:20.873  INFO 530588 --- [ol-139-thread-2] .t.t.s.TourGuideClientRewardsServiceImpl : Service - Distance calculated: 4048.9384687232036
2021-11-27 20:34:20.870  INFO 530588 --- [ol-131-thread-2] .t.t.s.TourGuideClientRewardsServiceImpl : Service - Distance calculated: 6280.210697770637
2021-11-27 20:34:20.870  INFO 530588 --- [ool-66-thread-2] .t.t.s.TourGuideClientRewardsServiceImpl : Service - Distance calculated: 7090.346506452877
2021-11-27 20:34:20.870  INFO 530588 --- [ol-123-thread-2] .t.t.s.TourGuideClientRewardsServiceImpl : Service - Distance calculated: 6522.572575901721
2021-11-27 20:34:20.873  INFO 530588 --- [ool-66-thread-2] .t.t.s.TourGuideClientRewardsServiceImpl : Service - Distance calculated: 7025.482927010989
2021-11-27 20:34:20.870  INFO 530588 --- [ol-101-thread-2] .t.t.s.TourGuideClientRewardsServiceImpl : Service - Distance calculated: 8062.802704909263
2021-11-27 20:34:20.873  INFO 530588 --- [ool-66-thread-2] .t.t.s.TourGuideClientRewardsServiceImpl : Service - Distance calculated: 7337.189219428581
2021-11-27 20:34:20.870  INFO 530588 --- [ol-136-thread-2] .t.t.s.TourGuideClientRewardsServiceImpl : Service - Distance calculated: 4361.608726019077
2021-11-27 20:34:20.873  INFO 530588 --- [ool-66-thread-2] .t.t.s.TourGuideClientRewardsServiceImpl : Service - Distance calculated: 8428.558650341916
2021-11-27 20:34:20.870  INFO 530588 --- [ool-44-thread-2] .t.t.s.TourGuideClientRewardsServiceImpl : Service - Distance calculated: 5296.569235104944
2021-11-27 20:34:20.873  INFO 530588 --- [ol-136-thread-2] .t.t.s.TourGuideClientRewardsServiceImpl : Service - Distance calculated: 5943.033652015978
2021-11-27 20:34:20.873  INFO 530588 --- [ool-66-thread-2] .t.t.s.TourGuideClientRewardsServiceImpl : Service - Distance calculated: 6588.900651276925
2021-11-27 20:34:20.873  INFO 530588 --- [ool-44-thread-2] .t.t.s.TourGuideClientRewardsServiceImpl : Service - Distance calculated: 5582.025952934705
2021-11-27 20:34:20.873  INFO 530588 --- [ool-66-thread-2] .t.t.s.TourGuideClientRewardsServiceImpl : Service - Distance calculated: 6850.242578749974
2021-11-27 20:34:20.873  INFO 530588 --- [ool-44-thread-2] .t.t.s.TourGuideClientRewardsServiceImpl : Service - Distance calculated: 5397.584256649734
2021-11-27 20:34:20.873  INFO 530588 --- [ool-66-thread-2] .t.t.s.TourGuideClientRewardsServiceImpl : Service - Distance calculated: 7865.9658366523445
2021-11-27 20:34:20.873  INFO 530588 --- [ool-44-thread-2] .t.t.s.TourGuideClientRewardsServiceImpl : Service - Distance calculated: 6046.76854371129
2021-11-27 20:34:20.870  INFO 530588 --- [ol-127-thread-2] .t.t.s.TourGuideClientRewardsServiceImpl : Service - Distance calculated: 280.2962199412275
2021-11-27 20:34:20.873  INFO 530588 --- [ool-44-thread-2] .t.t.s.TourGuideClientRewardsServiceImpl : Service - Distance calculated: 5027.082557786845
2021-11-27 20:34:20.870  INFO 530588 --- [ool-59-thread-2] .t.t.s.TourGuideClientRewardsServiceImpl : Service - Distance calculated: 6957.7703135609945
2021-11-27 20:34:20.873  INFO 530588 --- [ol-127-thread-2] .t.t.s.TourGuideClientRewardsServiceImpl : Service - Distance calculated: 408.66367318785626
2021-11-27 20:34:20.870  INFO 530588 --- [ol-110-thread-2] .t.t.s.TourGuideClientRewardsServiceImpl : Service - Distance calculated: 5570.270060527126
2021-11-27 20:34:20.874  INFO 530588 --- [ool-59-thread-2] .t.t.s.TourGuideClientRewardsServiceImpl : Service - Distance calculated: 5601.479370427444
2021-11-27 20:34:20.874  INFO 530588 --- [ol-110-thread-2] .t.t.s.TourGuideClientRewardsServiceImpl : Service - Distance calculated: 5379.957540668946
2021-11-27 20:34:20.874  INFO 530588 --- [ool-59-thread-2] .t.t.s.TourGuideClientRewardsServiceImpl : Service - Distance calculated: 6244.504352507234
2021-11-27 20:34:20.874  INFO 530588 --- [ol-110-thread-2] .t.t.s.TourGuideClientRewardsServiceImpl : Service - Distance calculated: 5772.316346636001
2021-11-27 20:34:20.874  INFO 530588 --- [ool-59-thread-2] .t.t.s.TourGuideClientRewardsServiceImpl : Service - Distance calculated: 6798.478295848731
2021-11-27 20:34:20.870  INFO 530588 --- [ol-100-thread-2] .t.t.s.TourGuideClientRewardsServiceImpl : Service - Distance calculated: 8267.455274793165
2021-11-27 20:34:20.870  INFO 530588 --- [ool-65-thread-2] .t.t.s.TourGuideClientRewardsServiceImpl : Service - Distance calculated: 4399.645018256112
2021-11-27 20:34:20.874  INFO 530588 --- [ol-100-thread-2] .t.t.s.TourGuideClientRewardsServiceImpl : Service - Distance calculated: 8303.511688806964
2021-11-27 20:34:20.870  INFO 530588 --- [ool-69-thread-2] .t.t.s.TourGuideClientRewardsServiceImpl : Service - Distance calculated: 1829.0516792690846
2021-11-27 20:34:20.870  INFO 530588 --- [ool-97-thread-2] .t.t.s.TourGuideClientRewardsServiceImpl : Service - Distance calculated: 11535.55128015214
2021-11-27 20:34:20.874  INFO 530588 --- [ool-69-thread-2] .t.t.s.TourGuideClientRewardsServiceImpl : Service - Distance calculated: 2698.8937690768994
2021-11-27 20:34:20.874  INFO 530588 --- [ool-65-thread-2] .t.t.s.TourGuideClientRewardsServiceImpl : Service - Distance calculated: 5491.511597079699
2021-11-27 20:34:20.874  INFO 530588 --- [ool-97-thread-2] .t.t.s.TourGuideClientRewardsServiceImpl : Service - Distance calculated: 11520.88619413469
2021-11-27 20:34:20.874  INFO 530588 --- [ool-65-thread-2] .t.t.s.TourGuideClientRewardsServiceImpl : Service - Distance calculated: 4952.211983299457
2021-11-27 20:34:20.870  INFO 530588 --- [ol-115-thread-2] .t.t.s.TourGuideClientRewardsServiceImpl : Service - Distance calculated: 11351.272966842307
2021-11-27 20:34:20.874  INFO 530588 --- [ool-65-thread-2] .t.t.s.TourGuideClientRewardsServiceImpl : Service - Distance calculated: 5110.4592145407405
2021-11-27 20:34:20.874  INFO 530588 --- [ool-97-thread-2] .t.t.s.TourGuideClientRewardsServiceImpl : Service - Distance calculated: 11272.206188873317
2021-11-27 20:34:20.874  INFO 530588 --- [ol-115-thread-2] .t.t.s.TourGuideClientRewardsServiceImpl : Service - Distance calculated: 11068.088840462813
2021-11-27 20:34:20.870  INFO 530588 --- [ool-48-thread-2] .t.t.s.TourGuideClientRewardsServiceImpl : Service - Distance calculated: 428.3660142105056
2021-11-27 20:34:20.874  INFO 530588 --- [ol-115-thread-2] .t.t.s.TourGuideClientRewardsServiceImpl : Service - Distance calculated: 11149.714693883998
2021-11-27 20:34:20.870  INFO 530588 --- [ol-107-thread-2] .t.t.s.TourGuideClientRewardsServiceImpl : Service - Distance calculated: 6148.266575497611
2021-11-27 20:34:20.870  INFO 530588 --- [ool-46-thread-2] .t.t.s.TourGuideClientRewardsServiceImpl : Service - Distance calculated: 6854.613182674395
2021-11-27 20:34:20.870  INFO 530588 --- [ol-117-thread-2] .t.t.s.TourGuideClientRewardsServiceImpl : Service - Distance calculated: 3046.1679181088075
2021-11-27 20:34:20.874  INFO 530588 --- [ool-48-thread-2] .t.t.s.TourGuideClientRewardsServiceImpl : Service - Distance calculated: 3695.5668096713443
2021-11-27 20:34:20.871  INFO 530588 --- [ool-73-thread-2] .t.t.s.TourGuideClientRewardsServiceImpl : Service - Distance calculated: 3125.0083239686155
2021-11-27 20:34:20.874  INFO 530588 --- [ool-48-thread-2] .t.t.s.TourGuideClientRewardsServiceImpl : Service - Distance calculated: 3582.702994030872
2021-11-27 20:34:20.871  INFO 530588 --- [ol-109-thread-2] .t.t.s.TourGuideClientRewardsServiceImpl : Service - Distance calculated: 9839.52672827408
2021-11-27 20:34:20.874  INFO 530588 --- [ool-73-thread-2] .t.t.s.TourGuideClientRewardsServiceImpl : Service - Distance calculated: 2116.53272165784
2021-11-27 20:34:20.871  INFO 530588 --- [ool-95-thread-2] .t.t.s.TourGuideClientRewardsServiceImpl : Service - Distance calculated: 7367.409651303965
2021-11-27 20:34:20.874  INFO 530588 --- [ol-109-thread-2] .t.t.s.TourGuideClientRewardsServiceImpl : Service - Distance calculated: 10869.28016236979
2021-11-27 20:34:20.871 DEBUG 530588 --- [    Test worker] c.t.t.s.TourGuideClientServiceImpl       : Service - Visited location added for user: internalUser36
2021-11-27 20:34:20.874  INFO 530588 --- [ool-48-thread-2] .t.t.s.TourGuideClientRewardsServiceImpl : Service - Distance calculated: 3713.572507398034
2021-11-27 20:34:20.871  INFO 530588 --- [ol-138-thread-2] .t.t.s.TourGuideClientRewardsServiceImpl : Service - Distance calculated: 6123.214128420379
2021-11-27 20:34:20.871  INFO 530588 --- [ool-82-thread-2] .t.t.s.TourGuideClientRewardsServiceImpl : Service - Distance calculated: 7647.776104316617
2021-11-27 20:34:20.874 DEBUG 530588 --- [    Test worker] c.t.t.s.TourGuideClientServiceImpl       : Service - Visited location added for user: internalUser35
2021-11-27 20:34:20.874  INFO 530588 --- [ool-82-thread-2] .t.t.s.TourGuideClientRewardsServiceImpl : Service - Distance calculated: 7660.863381375306
2021-11-27 20:34:20.871  INFO 530588 --- [ol-118-thread-2] .t.t.s.TourGuideClientRewardsServiceImpl : Service - Distance calculated: 4003.904061081364
2021-11-27 20:34:20.871  INFO 530588 --- [ool-57-thread-2] .t.t.s.TourGuideClientRewardsServiceImpl : Service - Distance calculated: 8886.868759338018
2021-11-27 20:34:20.874  INFO 530588 --- [ol-118-thread-2] .t.t.s.TourGuideClientRewardsServiceImpl : Service - Distance calculated: 878.0143446510309
2021-11-27 20:34:20.871  INFO 530588 --- [ol-103-thread-2] .t.t.s.TourGuideClientRewardsServiceImpl : Service - Distance calculated: 9221.748225133419
2021-11-27 20:34:20.874  INFO 530588 --- [ol-103-thread-2] .t.t.s.TourGuideClientRewardsServiceImpl : Service - Distance calculated: 8981.834942682575
2021-11-27 20:34:20.871  INFO 530588 --- [ol-121-thread-2] .t.t.s.TourGuideClientRewardsServiceImpl : Service - Distance calculated: 2501.409743461611
2021-11-27 20:34:20.874  INFO 530588 --- [ol-103-thread-2] .t.t.s.TourGuideClientRewardsServiceImpl : Service - Distance calculated: 9019.418762510279
2021-11-27 20:34:20.871  INFO 530588 --- [ol-134-thread-2] .t.t.s.TourGuideClientRewardsServiceImpl : Service - Distance calculated: 3276.6757985991185
2021-11-27 20:34:20.871  INFO 530588 --- [ool-43-thread-2] .t.t.s.TourGuideClientRewardsServiceImpl : Service - Distance calculated: 8393.408127883651
2021-11-27 20:34:20.874  INFO 530588 --- [ol-121-thread-2] .t.t.s.TourGuideClientRewardsServiceImpl : Service - Distance calculated: 2600.9272970621655
2021-11-27 20:34:20.871  INFO 530588 --- [ool-64-thread-2] .t.t.s.TourGuideClientRewardsServiceImpl : Service - Distance calculated: 9492.885966120044
2021-11-27 20:34:20.874  INFO 530588 --- [ool-43-thread-2] .t.t.s.TourGuideClientRewardsServiceImpl : Service - Distance calculated: 8278.517680214576
2021-11-27 20:34:20.871  INFO 530588 --- [ool-85-thread-2] .t.t.s.TourGuideClientRewardsServiceImpl : Service - Distance calculated: 11685.277861314282
2021-11-27 20:34:20.874  INFO 530588 --- [ool-43-thread-2] .t.t.s.TourGuideClientRewardsServiceImpl : Service - Distance calculated: 6386.172472710261
2021-11-27 20:34:20.871  INFO 530588 --- [ool-87-thread-2] .t.t.s.TourGuideClientRewardsServiceImpl : Service - Distance calculated: 5337.484340828642
2021-11-27 20:34:20.871  INFO 530588 --- [ol-122-thread-2] .t.t.s.TourGuideClientRewardsServiceImpl : Service - Distance calculated: 8215.3708899145
2021-11-27 20:34:20.875  INFO 530588 --- [ool-85-thread-2] .t.t.s.TourGuideClientRewardsServiceImpl : Service - Distance calculated: 10905.638584989381
2021-11-27 20:34:20.875  INFO 530588 --- [ol-122-thread-2] .t.t.s.TourGuideClientRewardsServiceImpl : Service - Distance calculated: 8005.153817486774
2021-11-27 20:34:20.871  INFO 530588 --- [ool-88-thread-2] .t.t.s.TourGuideClientRewardsServiceImpl : Service - Distance calculated: 2510.6808540652987
2021-11-27 20:34:20.871  INFO 530588 --- [ol-129-thread-2] .t.t.s.TourGuideClientRewardsServiceImpl : Service - Distance calculated: 10296.39115146945
2021-11-27 20:34:20.871  INFO 530588 --- [ool-56-thread-2] .t.t.s.TourGuideClientRewardsServiceImpl : Service - Distance calculated: 7717.408094580081
2021-11-27 20:34:20.875  INFO 530588 --- [ol-129-thread-2] .t.t.s.TourGuideClientRewardsServiceImpl : Service - Distance calculated: 8877.814775995823
2021-11-27 20:34:20.871  INFO 530588 --- [ool-83-thread-2] .t.t.s.TourGuideClientRewardsServiceImpl : Service - Distance calculated: 5254.405835694223
2021-11-27 20:34:20.871  INFO 530588 --- [ool-51-thread-2] .t.t.s.TourGuideClientRewardsServiceImpl : Service - Distance calculated: 7633.304963647424
2021-11-27 20:34:20.871  INFO 530588 --- [ol-142-thread-2] .t.t.s.TourGuideClientRewardsServiceImpl : Service - Distance calculated: 6710.212405422138
2021-11-27 20:34:20.871  INFO 530588 --- [ol-130-thread-2] .t.t.s.TourGuideClientRewardsServiceImpl : Service - Distance calculated: 6336.832272027895
2021-11-27 20:34:20.875  INFO 530588 --- [ool-51-thread-2] .t.t.s.TourGuideClientRewardsServiceImpl : Service - Distance calculated: 7679.833745484266
2021-11-27 20:34:20.871  INFO 530588 --- [ool-61-thread-2] .t.t.s.TourGuideClientRewardsServiceImpl : Service - Distance calculated: 9690.716731621147
2021-11-27 20:34:20.871  INFO 530588 --- [ool-71-thread-2] .t.t.s.TourGuideClientRewardsServiceImpl : Service - Distance calculated: 6154.950275430862
2021-11-27 20:34:20.875  INFO 530588 --- [ool-61-thread-2] .t.t.s.TourGuideClientRewardsServiceImpl : Service - Distance calculated: 10224.159424050893
2021-11-27 20:34:20.871  INFO 530588 --- [ool-68-thread-2] .t.t.s.TourGuideClientRewardsServiceImpl : Service - Distance calculated: 6452.00632229649
2021-11-27 20:34:20.875  INFO 530588 --- [ool-61-thread-2] .t.t.s.TourGuideClientRewardsServiceImpl : Service - Distance calculated: 10302.235933962404
2021-11-27 20:34:20.871  INFO 530588 --- [ool-78-thread-2] .t.t.s.TourGuideClientRewardsServiceImpl : Service - Distance calculated: 1857.1372272142246
2021-11-27 20:34:20.875  INFO 530588 --- [ool-61-thread-2] .t.t.s.TourGuideClientRewardsServiceImpl : Service - Distance calculated: 10022.220629272217
2021-11-27 20:34:20.871  INFO 530588 --- [ol-137-thread-2] .t.t.s.TourGuideClientRewardsServiceImpl : Service - Distance calculated: 1821.8279300762676
2021-11-27 20:34:20.875  INFO 530588 --- [ool-61-thread-2] .t.t.s.TourGuideClientRewardsServiceImpl : Service - Distance calculated: 10119.444233568871
2021-11-27 20:34:20.871  INFO 530588 --- [ol-104-thread-2] .t.t.s.TourGuideClientRewardsServiceImpl : Service - Distance calculated: 9904.426774253692
2021-11-27 20:34:20.875  INFO 530588 --- [ol-137-thread-2] .t.t.s.TourGuideClientRewardsServiceImpl : Service - Distance calculated: 2307.0594447989697
2021-11-27 20:34:20.871  INFO 530588 --- [ool-70-thread-2] .t.t.s.TourGuideClientRewardsServiceImpl : Service - Distance calculated: 3696.8620669881084
2021-11-27 20:34:20.875  INFO 530588 --- [ol-137-thread-2] .t.t.s.TourGuideClientRewardsServiceImpl : Service - Distance calculated: 1810.552682794246
2021-11-27 20:34:20.871  INFO 530588 --- [ol-124-thread-2] .t.t.s.TourGuideClientRewardsServiceImpl : Service - Distance calculated: 5443.332454887419
2021-11-27 20:34:20.875  INFO 530588 --- [ol-124-thread-2] .t.t.s.TourGuideClientRewardsServiceImpl : Service - Distance calculated: 5458.021540957039
2021-11-27 20:34:20.875  INFO 530588 --- [ol-137-thread-2] .t.t.s.TourGuideClientRewardsServiceImpl : Service - Distance calculated: 2391.9951401490493
2021-11-27 20:34:20.871  INFO 530588 --- [ool-81-thread-2] .t.t.s.TourGuideClientRewardsServiceImpl : Service - Distance calculated: 10697.028584537393
2021-11-27 20:34:20.875  INFO 530588 --- [ol-124-thread-2] .t.t.s.TourGuideClientRewardsServiceImpl : Service - Distance calculated: 6282.417086902366
2021-11-27 20:34:20.875  INFO 530588 --- [ol-137-thread-2] .t.t.s.TourGuideClientRewardsServiceImpl : Service - Distance calculated: 1851.9763144615647
2021-11-27 20:34:20.875  INFO 530588 --- [ool-81-thread-2] .t.t.s.TourGuideClientRewardsServiceImpl : Service - Distance calculated: 9758.429988018515
2021-11-27 20:34:20.871  INFO 530588 --- [ool-67-thread-2] .t.t.s.TourGuideClientRewardsServiceImpl : Service - Distance calculated: 8817.818346084041
2021-11-27 20:34:20.875  INFO 530588 --- [ol-124-thread-2] .t.t.s.TourGuideClientRewardsServiceImpl : Service - Calculate rewards points for user: internalUser56
2021-11-27 20:34:20.871  INFO 530588 --- [ool-72-thread-2] .t.t.s.TourGuideClientRewardsServiceImpl : Service - Distance calculated: 6935.3008955954865
2021-11-27 20:34:20.872  INFO 530588 --- [ol-140-thread-2] .t.t.s.TourGuideClientRewardsServiceImpl : Service - Distance calculated: 4874.468070052899
2021-11-27 20:34:20.872  INFO 530588 --- [ool-86-thread-2] .t.t.s.TourGuideClientRewardsServiceImpl : Service - Distance calculated: 4911.945839830511
2021-11-27 20:34:20.875  INFO 530588 --- [ool-72-thread-2] .t.t.s.TourGuideClientRewardsServiceImpl : Service - Distance calculated: 7476.374033310835
2021-11-27 20:34:20.872  INFO 530588 --- [ool-54-thread-2] .t.t.s.TourGuideClientRewardsServiceImpl : Service - Distance calculated: 3661.2092746086455
2021-11-27 20:34:20.875  INFO 530588 --- [ool-72-thread-2] .t.t.s.TourGuideClientRewardsServiceImpl : Service - Distance calculated: 6551.969761484003
2021-11-27 20:34:20.872  INFO 530588 --- [ol-119-thread-2] .t.t.s.TourGuideClientRewardsServiceImpl : Service - Distance calculated: 8034.860121715778
2021-11-27 20:34:20.872  INFO 530588 --- [ol-120-thread-2] .t.t.s.TourGuideClientRewardsServiceImpl : Service - Distance calculated: 4132.991536755068
2021-11-27 20:34:20.875  INFO 530588 --- [ol-119-thread-2] .t.t.s.TourGuideClientRewardsServiceImpl : Service - Distance calculated: 8288.670389624267
2021-11-27 20:34:20.875  INFO 530588 --- [ool-72-thread-2] .t.t.s.TourGuideClientRewardsServiceImpl : Service - Distance calculated: 6855.182328374725
2021-11-27 20:34:20.872  INFO 530588 --- [ol-125-thread-2] .t.t.s.TourGuideClientRewardsServiceImpl : Service - Distance calculated: 1871.802328310684
2021-11-27 20:34:20.872  INFO 530588 --- [ool-89-thread-2] .t.t.s.TourGuideClientRewardsServiceImpl : Service - Distance calculated: 10658.7729939272
2021-11-27 20:34:20.875  INFO 530588 --- [ool-72-thread-2] .t.t.s.TourGuideClientRewardsServiceImpl : Service - Distance calculated: 6838.861896396777
2021-11-27 20:34:20.875  INFO 530588 --- [ol-125-thread-2] .t.t.s.TourGuideClientRewardsServiceImpl : Service - Distance calculated: 1303.0109351148512
2021-11-27 20:34:20.872  INFO 530588 --- [ool-80-thread-2] .t.t.s.TourGuideClientRewardsServiceImpl : Service - Distance calculated: 6433.040614139845
2021-11-27 20:34:20.872  INFO 530588 --- [ol-135-thread-2] .t.t.s.TourGuideClientRewardsServiceImpl : Service - Distance calculated: 7144.0000579497555
2021-11-27 20:34:20.872  INFO 530588 --- [ool-74-thread-2] .t.t.s.TourGuideClientRewardsServiceImpl : Service - Distance calculated: 7412.761620672528
2021-11-27 20:34:20.875  INFO 530588 --- [ool-80-thread-2] .t.t.s.TourGuideClientRewardsServiceImpl : Service - Distance calculated: 6121.109814005009
2021-11-27 20:34:20.872  INFO 530588 --- [ool-55-thread-2] .t.t.s.TourGuideClientRewardsServiceImpl : Service - Distance calculated: 4129.5437931513625
2021-11-27 20:34:20.875  INFO 530588 --- [ool-80-thread-2] .t.t.s.TourGuideClientRewardsServiceImpl : Service - Distance calculated: 7239.967796029137
2021-11-27 20:34:20.872  INFO 530588 --- [ool-62-thread-2] .t.t.s.TourGuideClientRewardsServiceImpl : Service - Distance calculated: 680.6158831369517
2021-11-27 20:34:20.872  INFO 530588 --- [ool-96-thread-2] .t.t.s.TourGuideClientRewardsServiceImpl : Service - Distance calculated: 3030.8257221661115
2021-11-27 20:34:20.872  INFO 530588 --- [ool-45-thread-2] .t.t.s.TourGuideClientRewardsServiceImpl : Service - Distance calculated: 6604.517020093542
2021-11-27 20:34:20.876  INFO 530588 --- [ool-62-thread-2] .t.t.s.TourGuideClientRewardsServiceImpl : Service - Distance calculated: 1344.090272349311
2021-11-27 20:34:20.872  INFO 530588 --- [ool-47-thread-2] .t.t.s.TourGuideClientRewardsServiceImpl : Service - Distance calculated: 10407.82146917733
2021-11-27 20:34:20.872  INFO 530588 --- [ol-111-thread-2] .t.t.s.TourGuideClientRewardsServiceImpl : Service - Distance calculated: 5166.917791404936
2021-11-27 20:34:20.876  INFO 530588 --- [ool-47-thread-2] .t.t.s.TourGuideClientRewardsServiceImpl : Service - Distance calculated: 10911.204811354819
2021-11-27 20:34:20.872  INFO 530588 --- [ol-133-thread-2] .t.t.s.TourGuideClientRewardsServiceImpl : Service - Distance calculated: 6214.351277048465
2021-11-27 20:34:20.876  INFO 530588 --- [ol-111-thread-2] .t.t.s.TourGuideClientRewardsServiceImpl : Service - Distance calculated: 5116.3846451272475
2021-11-27 20:34:20.876  INFO 530588 --- [ool-47-thread-2] .t.t.s.TourGuideClientRewardsServiceImpl : Service - Distance calculated: 10917.202103581847
2021-11-27 20:34:20.876  INFO 530588 --- [ol-133-thread-2] .t.t.s.TourGuideClientRewardsServiceImpl : Service - Distance calculated: 6316.663303776626
2021-11-27 20:34:20.876  INFO 530588 --- [ool-47-thread-2] .t.t.s.TourGuideClientRewardsServiceImpl : Service - Distance calculated: 10825.334985846326
2021-11-27 20:34:20.872  INFO 530588 --- [ol-113-thread-2] .t.t.s.TourGuideClientRewardsServiceImpl : Service - Distance calculated: 6620.406612567026
2021-11-27 20:34:20.876  INFO 530588 --- [ool-47-thread-2] .t.t.s.TourGuideClientRewardsServiceImpl : Service - Distance calculated: 10029.468134043234
2021-11-27 20:34:20.876  INFO 530588 --- [ool-47-thread-2] .t.t.s.TourGuideClientRewardsServiceImpl : Service - Distance calculated: 10220.751401284293
2021-11-27 20:34:20.876  INFO 530588 --- [ol-113-thread-2] .t.t.s.TourGuideClientRewardsServiceImpl : Service - Distance calculated: 6770.2224970539055
2021-11-27 20:34:20.876  INFO 530588 --- [ool-47-thread-2] .t.t.s.TourGuideClientRewardsServiceImpl : Service - Distance calculated: 10482.974423999216
2021-11-27 20:34:20.876  INFO 530588 --- [ol-113-thread-2] .t.t.s.TourGuideClientRewardsServiceImpl : Service - Distance calculated: 6463.111372707933
2021-11-27 20:34:20.876  INFO 530588 --- [ool-47-thread-2] .t.t.s.TourGuideClientRewardsServiceImpl : Service - Distance calculated: 10279.525072636605
2021-11-27 20:34:20.876  INFO 530588 --- [ol-113-thread-2] .t.t.s.TourGuideClientRewardsServiceImpl : Service - Distance calculated: 6685.069379999703
2021-11-27 20:34:20.876  INFO 530588 --- [ool-47-thread-2] .t.t.s.TourGuideClientRewardsServiceImpl : Service - Distance calculated: 10669.886761716964
2021-11-27 20:34:20.876  INFO 530588 --- [ol-113-thread-2] .t.t.s.TourGuideClientRewardsServiceImpl : Service - Distance calculated: 6108.471530921148
2021-11-27 20:34:20.876  INFO 530588 --- [ool-47-thread-2] .t.t.s.TourGuideClientRewardsServiceImpl : Service - Distance calculated: 10256.910154600691
2021-11-27 20:34:20.876  INFO 530588 --- [ol-113-thread-2] .t.t.s.TourGuideClientRewardsServiceImpl : Service - Distance calculated: 7017.728687340001
2021-11-27 20:34:20.876  INFO 530588 --- [ool-47-thread-2] .t.t.s.TourGuideClientRewardsServiceImpl : Service - Distance calculated: 10024.784330636747
2021-11-27 20:34:20.876  INFO 530588 --- [ol-113-thread-2] .t.t.s.TourGuideClientRewardsServiceImpl : Service - Distance calculated: 6064.1970546090115
2021-11-27 20:34:20.876  INFO 530588 --- [ool-47-thread-2] .t.t.s.TourGuideClientRewardsServiceImpl : Service - Distance calculated: 10117.67708325226
2021-11-27 20:34:20.876  INFO 530588 --- [ol-113-thread-2] .t.t.s.TourGuideClientRewardsServiceImpl : Service - Distance calculated: 6423.52441081783
2021-11-27 20:34:20.876  INFO 530588 --- [ool-47-thread-2] .t.t.s.TourGuideClientRewardsServiceImpl : Service - Distance calculated: 10966.662618455193
2021-11-27 20:34:20.876  INFO 530588 --- [ol-113-thread-2] .t.t.s.TourGuideClientRewardsServiceImpl : Service - Distance calculated: 6149.428830557618
2021-11-27 20:34:20.876  INFO 530588 --- [ool-47-thread-2] .t.t.s.TourGuideClientRewardsServiceImpl : Service - Distance calculated: 10194.76003931323
2021-11-27 20:34:20.876  INFO 530588 --- [ol-113-thread-2] .t.t.s.TourGuideClientRewardsServiceImpl : Service - Distance calculated: 6164.529963768842
2021-11-27 20:34:20.876  INFO 530588 --- [ool-47-thread-2] .t.t.s.TourGuideClientRewardsServiceImpl : Service - Distance calculated: 10845.665035851878
2021-11-27 20:34:20.876  INFO 530588 --- [ol-113-thread-2] .t.t.s.TourGuideClientRewardsServiceImpl : Service - Distance calculated: 6995.616422370082
2021-11-27 20:34:20.876  INFO 530588 --- [ool-47-thread-2] .t.t.s.TourGuideClientRewardsServiceImpl : Service - Distance calculated: 10916.93004554038
2021-11-27 20:34:20.876  INFO 530588 --- [ol-113-thread-2] .t.t.s.TourGuideClientRewardsServiceImpl : Service - Distance calculated: 10139.038393990035
2021-11-27 20:34:20.876  INFO 530588 --- [ool-47-thread-2] .t.t.s.TourGuideClientRewardsServiceImpl : Service - Distance calculated: 10142.083058075163
2021-11-27 20:34:20.876  INFO 530588 --- [ol-113-thread-2] .t.t.s.TourGuideClientRewardsServiceImpl : Service - Distance calculated: 10007.295316623004
2021-11-27 20:34:20.876  INFO 530588 --- [ool-47-thread-2] .t.t.s.TourGuideClientRewardsServiceImpl : Service - Distance calculated: 4187.5816664878
2021-11-27 20:34:20.876  INFO 530588 --- [ol-113-thread-2] .t.t.s.TourGuideClientRewardsServiceImpl : Service - Distance calculated: 10209.085295188002
2021-11-27 20:34:20.876  INFO 530588 --- [ool-47-thread-2] .t.t.s.TourGuideClientRewardsServiceImpl : Service - Distance calculated: 3557.3835257945125
2021-11-27 20:34:20.872  INFO 530588 --- [ol-141-thread-2] .t.t.s.TourGuideClientRewardsServiceImpl : Service - Distance calculated: 5394.28717466466
2021-11-27 20:34:20.876  INFO 530588 --- [ool-47-thread-2] .t.t.s.TourGuideClientRewardsServiceImpl : Service - Distance calculated: 4111.021459816199
2021-11-27 20:34:20.872  INFO 530588 --- [ool-93-thread-2] .t.t.s.TourGuideClientRewardsServiceImpl : Service - Distance calculated: 9209.834766089809
2021-11-27 20:34:20.876  INFO 530588 --- [ool-47-thread-2] .t.t.s.TourGuideClientRewardsServiceImpl : Service - Distance calculated: 4195.258524263417
2021-11-27 20:34:20.876  INFO 530588 --- [ol-141-thread-2] .t.t.s.TourGuideClientRewardsServiceImpl : Service - Distance calculated: 6307.137219947023
2021-11-27 20:34:20.876  INFO 530588 --- [ool-47-thread-2] .t.t.s.TourGuideClientRewardsServiceImpl : Service - Distance calculated: 4158.2677709178915
2021-11-27 20:34:20.876  INFO 530588 --- [ol-141-thread-2] .t.t.s.TourGuideClientRewardsServiceImpl : Service - Distance calculated: 4743.380041110774
2021-11-27 20:34:20.876  INFO 530588 --- [ool-47-thread-2] .t.t.s.TourGuideClientRewardsServiceImpl : Service - Distance calculated: 4258.220810614794
2021-11-27 20:34:20.876  INFO 530588 --- [ol-141-thread-2] .t.t.s.TourGuideClientRewardsServiceImpl : Service - Distance calculated: 3797.327520363802
2021-11-27 20:34:20.876  INFO 530588 --- [ool-47-thread-2] .t.t.s.TourGuideClientRewardsServiceImpl : Service - Distance calculated: 4366.994361707313
2021-11-27 20:34:20.876  INFO 530588 --- [ol-141-thread-2] .t.t.s.TourGuideClientRewardsServiceImpl : Service - Distance calculated: 5853.17370706097
2021-11-27 20:34:20.876  INFO 530588 --- [ool-47-thread-2] .t.t.s.TourGuideClientRewardsServiceImpl : Service - Distance calculated: 3913.2614605922217
2021-11-27 20:34:20.876  INFO 530588 --- [ol-141-thread-2] .t.t.s.TourGuideClientRewardsServiceImpl : Service - Distance calculated: 5021.339688555134
2021-11-27 20:34:20.876  INFO 530588 --- [ool-47-thread-2] .t.t.s.TourGuideClientRewardsServiceImpl : Service - Distance calculated: 4103.355585460442
2021-11-27 20:34:20.876  INFO 530588 --- [ol-141-thread-2] .t.t.s.TourGuideClientRewardsServiceImpl : Service - Distance calculated: 3962.513762445894
2021-11-27 20:34:20.876  INFO 530588 --- [ool-47-thread-2] .t.t.s.TourGuideClientRewardsServiceImpl : Service - Distance calculated: 2094.730292778175
2021-11-27 20:34:20.876  INFO 530588 --- [ol-141-thread-2] .t.t.s.TourGuideClientRewardsServiceImpl : Service - Distance calculated: 4682.511129564163
2021-11-27 20:34:20.876  INFO 530588 --- [ool-47-thread-2] .t.t.s.TourGuideClientRewardsServiceImpl : Service - Distance calculated: 3870.0324727694338
2021-11-27 20:34:20.876  INFO 530588 --- [ol-141-thread-2] .t.t.s.TourGuideClientRewardsServiceImpl : Service - Distance calculated: 4243.775464677161
2021-11-27 20:34:20.876  INFO 530588 --- [ool-47-thread-2] .t.t.s.TourGuideClientRewardsServiceImpl : Service - Distance calculated: 3920.756335556034
2021-11-27 20:34:20.876  INFO 530588 --- [ol-141-thread-2] .t.t.s.TourGuideClientRewardsServiceImpl : Service - Distance calculated: 4262.02144117324
2021-11-27 20:34:20.876  INFO 530588 --- [ool-47-thread-2] .t.t.s.TourGuideClientRewardsServiceImpl : Service - Distance calculated: 3993.9971751804383
2021-11-27 20:34:20.876  INFO 530588 --- [ool-47-thread-2] .t.t.s.TourGuideClientRewardsServiceImpl : Service - Distance calculated: 4817.924101754146
2021-11-27 20:34:20.876  INFO 530588 --- [ool-47-thread-2] .t.t.s.TourGuideClientRewardsServiceImpl : Service - Distance calculated: 4533.025089997682
2021-11-27 20:34:20.873  INFO 530588 --- [ool-50-thread-2] .t.t.s.TourGuideClientRewardsServiceImpl : Service - Distance calculated: 9098.906902963721
2021-11-27 20:34:20.877  INFO 530588 --- [ool-47-thread-2] .t.t.s.TourGuideClientRewardsServiceImpl : Service - Distance calculated: 4365.385573267202
2021-11-27 20:34:20.877  INFO 530588 --- [ool-50-thread-2] .t.t.s.TourGuideClientRewardsServiceImpl : Service - Distance calculated: 10252.958150188995
2021-11-27 20:34:20.877  INFO 530588 --- [ool-47-thread-2] .t.t.s.TourGuideClientRewardsServiceImpl : Service - Distance calculated: 4547.600165566894
2021-11-27 20:34:20.877  INFO 530588 --- [ool-50-thread-2] .t.t.s.TourGuideClientRewardsServiceImpl : Service - Distance calculated: 8291.436856243123
2021-11-27 20:34:20.877  INFO 530588 --- [ool-50-thread-2] .t.t.s.TourGuideClientRewardsServiceImpl : Service - Distance calculated: 8254.157945971856
2021-11-27 20:34:20.877  INFO 530588 --- [ool-47-thread-2] .t.t.s.TourGuideClientRewardsServiceImpl : Service - Distance calculated: 4184.857658249311
2021-11-27 20:34:20.877  INFO 530588 --- [ool-47-thread-2] .t.t.s.TourGuideClientRewardsServiceImpl : Service - Distance calculated: 4515.940186407272
2021-11-27 20:34:20.877  INFO 530588 --- [ool-47-thread-2] .t.t.s.TourGuideClientRewardsServiceImpl : Service - Distance calculated: 4266.571761360699
2021-11-27 20:34:20.877  INFO 530588 --- [ool-47-thread-2] .t.t.s.TourGuideClientRewardsServiceImpl : Service - Distance calculated: 4735.991999658519
2021-11-27 20:34:20.877  INFO 530588 --- [ool-47-thread-2] .t.t.s.TourGuideClientRewardsServiceImpl : Service - Distance calculated: 3764.2991960791683
2021-11-27 20:34:20.877  INFO 530588 --- [ool-47-thread-2] .t.t.s.TourGuideClientRewardsServiceImpl : Service - Distance calculated: 4391.822868687995
2021-11-27 20:34:20.877  INFO 530588 --- [ool-47-thread-2] .t.t.s.TourGuideClientRewardsServiceImpl : Service - Distance calculated: 3943.9646418401667
2021-11-27 20:34:20.877  INFO 530588 --- [ool-47-thread-2] .t.t.s.TourGuideClientRewardsServiceImpl : Service - Distance calculated: 3862.4193830116114
2021-11-27 20:34:20.877  INFO 530588 --- [ool-47-thread-2] .t.t.s.TourGuideClientRewardsServiceImpl : Service - Distance calculated: 4709.717728990045
2021-11-27 20:34:20.877  INFO 530588 --- [ool-47-thread-2] .t.t.s.TourGuideClientRewardsServiceImpl : Service - Distance calculated: 4103.643356228445
2021-11-27 20:34:20.877  INFO 530588 --- [ool-47-thread-2] .t.t.s.TourGuideClientRewardsServiceImpl : Service - Distance calculated: 3492.132908454987
2021-11-27 20:34:20.877  INFO 530588 --- [ool-47-thread-2] .t.t.s.TourGuideClientRewardsServiceImpl : Service - Distance calculated: 4032.6022907604943
2021-11-27 20:34:20.877  INFO 530588 --- [ool-47-thread-2] .t.t.s.TourGuideClientRewardsServiceImpl : Service - Distance calculated: 4115.606055663318
2021-11-27 20:34:20.877  INFO 530588 --- [ool-47-thread-2] .t.t.s.TourGuideClientRewardsServiceImpl : Service - Distance calculated: 4132.56806361499
2021-11-27 20:34:20.877  INFO 530588 --- [ool-47-thread-2] .t.t.s.TourGuideClientRewardsServiceImpl : Service - Distance calculated: 4231.478379275828
2021-11-27 20:34:20.877  INFO 530588 --- [ool-47-thread-2] .t.t.s.TourGuideClientRewardsServiceImpl : Service - Distance calculated: 4298.858388391368
2021-11-27 20:34:20.877  INFO 530588 --- [ool-47-thread-2] .t.t.s.TourGuideClientRewardsServiceImpl : Service - Distance calculated: 3913.535559728369
2021-11-27 20:34:20.877  INFO 530588 --- [ool-47-thread-2] .t.t.s.TourGuideClientRewardsServiceImpl : Service - Distance calculated: 4099.041078051711
2021-11-27 20:34:20.877  INFO 530588 --- [ool-47-thread-2] .t.t.s.TourGuideClientRewardsServiceImpl : Service - Distance calculated: 1968.5491276225694
2021-11-27 20:34:20.877  INFO 530588 --- [ool-47-thread-2] .t.t.s.TourGuideClientRewardsServiceImpl : Service - Distance calculated: 3890.661518962146
2021-11-27 20:34:20.873  INFO 530588 --- [ool-79-thread-2] .t.t.s.TourGuideClientRewardsServiceImpl : Service - Distance calculated: 5576.519376454858
2021-11-27 20:34:20.873  INFO 530588 --- [ool-63-thread-2] .t.t.s.TourGuideClientRewardsServiceImpl : Service - Distance calculated: 2952.3509043760023
2021-11-27 20:34:20.873  INFO 530588 --- [ol-102-thread-2] .t.t.s.TourGuideClientRewardsServiceImpl : Service - Distance calculated: 3937.670118728932
2021-11-27 20:34:20.873  INFO 530588 --- [ool-92-thread-2] .t.t.s.TourGuideClientRewardsServiceImpl : Service - Distance calculated: 7823.006391857
2021-11-27 20:34:20.877  INFO 530588 --- [ol-102-thread-2] .t.t.s.TourGuideClientRewardsServiceImpl : Service - Distance calculated: 4133.575933765728
2021-11-27 20:34:20.873  INFO 530588 --- [ol-114-thread-2] .t.t.s.TourGuideClientRewardsServiceImpl : Service - Distance calculated: 3381.413679929757
2021-11-27 20:34:20.877  INFO 530588 --- [ool-92-thread-2] .t.t.s.TourGuideClientRewardsServiceImpl : Service - Distance calculated: 7802.382228991133
2021-11-27 20:34:20.873  INFO 530588 --- [ool-90-thread-2] .t.t.s.TourGuideClientRewardsServiceImpl : Service - Distance calculated: 3605.5782670664944
2021-11-27 20:34:20.877  INFO 530588 --- [ol-114-thread-2] .t.t.s.TourGuideClientRewardsServiceImpl : Service - Distance calculated: 2404.8180026377854
2021-11-27 20:34:20.877  INFO 530588 --- [ool-92-thread-2] .t.t.s.TourGuideClientRewardsServiceImpl : Service - Distance calculated: 10536.844054736268
2021-11-27 20:34:20.873  INFO 530588 --- [ol-106-thread-2] .t.t.s.TourGuideClientRewardsServiceImpl : Service - Distance calculated: 5514.261438948401
2021-11-27 20:34:20.873  INFO 530588 --- [ool-98-thread-2] .t.t.s.TourGuideClientRewardsServiceImpl : Service - Distance calculated: 4575.07192621894
2021-11-27 20:34:20.878  INFO 530588 --- [ool-92-thread-2] .t.t.s.TourGuideClientRewardsServiceImpl : Service - Distance calculated: 7478.046956163882
2021-11-27 20:34:20.877  INFO 530588 --- [ool-63-thread-2] .t.t.s.TourGuideClientRewardsServiceImpl : Service - Distance calculated: 2744.0308857440778
2021-11-27 20:34:20.878  INFO 530588 --- [ool-92-thread-2] .t.t.s.TourGuideClientRewardsServiceImpl : Service - Distance calculated: 7688.566841376772
2021-11-27 20:34:20.873  INFO 530588 --- [ol-105-thread-2] .t.t.s.TourGuideClientRewardsServiceImpl : Service - Distance calculated: 3582.8782218234164
2021-11-27 20:34:20.873  INFO 530588 --- [ol-116-thread-2] .t.t.s.TourGuideClientRewardsServiceImpl : Service - Distance calculated: 4860.662867050805
2021-11-27 20:34:20.878  INFO 530588 --- [ol-105-thread-2] .t.t.s.TourGuideClientRewardsServiceImpl : Service - Distance calculated: 3991.0314477160664
2021-11-27 20:34:20.878  INFO 530588 --- [ol-116-thread-2] .t.t.s.TourGuideClientRewardsServiceImpl : Service - Distance calculated: 4799.410953883423
2021-11-27 20:34:20.878  INFO 530588 --- [ol-105-thread-2] .t.t.s.TourGuideClientRewardsServiceImpl : Service - Distance calculated: 3514.148653857565
2021-11-27 20:34:20.878  INFO 530588 --- [ol-116-thread-2] .t.t.s.TourGuideClientRewardsServiceImpl : Service - Distance calculated: 3001.0295003178203
2021-11-27 20:34:20.878  INFO 530588 --- [ol-105-thread-2] .t.t.s.TourGuideClientRewardsServiceImpl : Service - Distance calculated: 4659.931761824283
2021-11-27 20:34:20.878  INFO 530588 --- [ol-116-thread-2] .t.t.s.TourGuideClientRewardsServiceImpl : Service - Distance calculated: 5285.545640341898
2021-11-27 20:34:20.878  INFO 530588 --- [ol-105-thread-2] .t.t.s.TourGuideClientRewardsServiceImpl : Service - Distance calculated: 3732.1386405291682
2021-11-27 20:34:20.878  INFO 530588 --- [ol-116-thread-2] .t.t.s.TourGuideClientRewardsServiceImpl : Service - Distance calculated: 5014.630974947891
2021-11-27 20:34:20.878  INFO 530588 --- [ol-105-thread-2] .t.t.s.TourGuideClientRewardsServiceImpl : Service - Distance calculated: 4162.922599845229
2021-11-27 20:34:20.878  INFO 530588 --- [ol-116-thread-2] .t.t.s.TourGuideClientRewardsServiceImpl : Service - Distance calculated: 5156.787721123162
2021-11-27 20:34:20.878  INFO 530588 --- [ol-105-thread-2] .t.t.s.TourGuideClientRewardsServiceImpl : Service - Distance calculated: 4510.72496321652
2021-11-27 20:34:20.878  INFO 530588 --- [ol-116-thread-2] .t.t.s.TourGuideClientRewardsServiceImpl : Service - Distance calculated: 5161.698911456313
2021-11-27 20:34:20.878  INFO 530588 --- [ol-105-thread-2] .t.t.s.TourGuideClientRewardsServiceImpl : Service - Distance calculated: 3556.2588050223326
2021-11-27 20:34:20.878  INFO 530588 --- [ol-116-thread-2] .t.t.s.TourGuideClientRewardsServiceImpl : Service - Distance calculated: 4071.230979216435
2021-11-27 20:34:20.878  INFO 530588 --- [ol-105-thread-2] .t.t.s.TourGuideClientRewardsServiceImpl : Service - Distance calculated: 2272.9409945499865
2021-11-27 20:34:20.878  INFO 530588 --- [ol-116-thread-2] .t.t.s.TourGuideClientRewardsServiceImpl : Service - Distance calculated: 4643.528608585704
2021-11-27 20:34:20.878  INFO 530588 --- [ol-105-thread-2] .t.t.s.TourGuideClientRewardsServiceImpl : Service - Distance calculated: 2964.2065671304076
2021-11-27 20:34:20.873  INFO 530588 --- [ool-58-thread-2] .t.t.s.TourGuideClientRewardsServiceImpl : Service - Distance calculated: 4325.519708518561
2021-11-27 20:34:20.873  INFO 530588 --- [ool-99-thread-2] .t.t.s.TourGuideClientRewardsServiceImpl : Service - Distance calculated: 8045.3275924501995
2021-11-27 20:34:20.873  INFO 530588 --- [ool-91-thread-2] .t.t.s.TourGuideClientRewardsServiceImpl : Service - Distance calculated: 9460.359234602787
2021-11-27 20:34:20.878  INFO 530588 --- [ool-58-thread-2] .t.t.s.TourGuideClientRewardsServiceImpl : Service - Distance calculated: 4068.7841167451525
2021-11-27 20:34:20.878  INFO 530588 --- [ool-99-thread-2] .t.t.s.TourGuideClientRewardsServiceImpl : Service - Distance calculated: 8864.66732237601
2021-11-27 20:34:20.873  INFO 530588 --- [ol-128-thread-2] .t.t.s.TourGuideClientRewardsServiceImpl : Service - Distance calculated: 5305.557543562507
2021-11-27 20:34:20.878  INFO 530588 --- [ool-99-thread-2] .t.t.s.TourGuideClientRewardsServiceImpl : Service - Distance calculated: 3086.064140619383
2021-11-27 20:34:20.873  INFO 530588 --- [ol-112-thread-2] .t.t.s.TourGuideClientRewardsServiceImpl : Service - Distance calculated: 3301.0276367572365
2021-11-27 20:34:20.878  INFO 530588 --- [ool-99-thread-2] .t.t.s.TourGuideClientRewardsServiceImpl : Service - Distance calculated: 2449.707493774149
2021-11-27 20:34:20.878  INFO 530588 --- [ol-128-thread-2] .t.t.s.TourGuideClientRewardsServiceImpl : Service - Distance calculated: 5315.851715522406
2021-11-27 20:34:20.878  INFO 530588 --- [ol-112-thread-2] .t.t.s.TourGuideClientRewardsServiceImpl : Service - Distance calculated: 3422.285103751052
2021-11-27 20:34:20.873  INFO 530588 --- [ool-52-thread-2] .t.t.s.TourGuideClientRewardsServiceImpl : Service - Distance calculated: 5632.575981684057
2021-11-27 20:34:20.878  INFO 530588 --- [ol-128-thread-2] .t.t.s.TourGuideClientRewardsServiceImpl : Service - Distance calculated: 5288.370863980439
2021-11-27 20:34:20.878  INFO 530588 --- [ol-112-thread-2] .t.t.s.TourGuideClientRewardsServiceImpl : Service - Distance calculated: 705.2398440797278
2021-11-27 20:34:20.878  INFO 530588 --- [ool-52-thread-2] .t.t.s.TourGuideClientRewardsServiceImpl : Service - Distance calculated: 5743.558093138301
2021-11-27 20:34:20.873  INFO 530588 --- [ool-75-thread-2] .t.t.s.TourGuideClientRewardsServiceImpl : Service - Distance calculated: 2435.8605343279983
2021-11-27 20:34:20.873  INFO 530588 --- [ool-94-thread-2] .t.t.s.TourGuideClientRewardsServiceImpl : Service - Distance calculated: 6616.9190480017305
2021-11-27 20:34:20.878  INFO 530588 --- [ool-75-thread-2] .t.t.s.TourGuideClientRewardsServiceImpl : Service - Distance calculated: 2393.0447539205156
2021-11-27 20:34:20.873  INFO 530588 --- [ool-53-thread-2] .t.t.s.TourGuideClientRewardsServiceImpl : Service - Distance calculated: 8452.818388106272
2021-11-27 20:34:20.873  INFO 530588 --- [ool-60-thread-2] .t.t.s.TourGuideClientRewardsServiceImpl : Service - Distance calculated: 7732.914090557861
2021-11-27 20:34:20.878  INFO 530588 --- [ool-53-thread-2] .t.t.s.TourGuideClientRewardsServiceImpl : Service - Distance calculated: 6700.389965267339
2021-11-27 20:34:20.873  INFO 530588 --- [ol-126-thread-2] .t.t.s.TourGuideClientRewardsServiceImpl : Service - Distance calculated: 2816.8464588686434
2021-11-27 20:34:20.873  INFO 530588 --- [ool-77-thread-2] .t.t.s.TourGuideClientRewardsServiceImpl : Service - Distance calculated: 5041.186760896555
2021-11-27 20:34:20.878  INFO 530588 --- [ol-126-thread-2] .t.t.s.TourGuideClientRewardsServiceImpl : Service - Distance calculated: 3508.1463465193983
2021-11-27 20:34:20.873  INFO 530588 --- [ool-49-thread-2] .t.t.s.TourGuideClientRewardsServiceImpl : Service - Distance calculated: 9068.957818999083
2021-11-27 20:34:20.873  INFO 530588 --- [ol-139-thread-2] .t.t.s.TourGuideClientRewardsServiceImpl : Service - Distance calculated: 3248.416155238955
2021-11-27 20:34:20.873  INFO 530588 --- [ol-131-thread-2] .t.t.s.TourGuideClientRewardsServiceImpl : Service - Distance calculated: 6908.723152451159
2021-11-27 20:34:20.878  INFO 530588 --- [ol-139-thread-2] .t.t.s.TourGuideClientRewardsServiceImpl : Service - Distance calculated: 3629.8721378501004
2021-11-27 20:34:20.873  INFO 530588 --- [ol-123-thread-2] .t.t.s.TourGuideClientRewardsServiceImpl : Service - Distance calculated: 6374.500468952551
2021-11-27 20:34:20.873  INFO 530588 --- [ol-101-thread-2] .t.t.s.TourGuideClientRewardsServiceImpl : Service - Distance calculated: 8515.966163998504
2021-11-27 20:34:20.878  INFO 530588 --- [ol-123-thread-2] .t.t.s.TourGuideClientRewardsServiceImpl : Service - Distance calculated: 6944.9726977115115
2021-11-27 20:34:20.878  INFO 530588 --- [ol-101-thread-2] .t.t.s.TourGuideClientRewardsServiceImpl : Service - Distance calculated: 9298.158961115538
2021-11-27 20:34:20.873  INFO 530588 --- [ol-136-thread-2] .t.t.s.TourGuideClientRewardsServiceImpl : Service - Distance calculated: 5773.64348398793
2021-11-27 20:34:20.873  INFO 530588 --- [ool-66-thread-2] .t.t.s.TourGuideClientRewardsServiceImpl : Service - Distance calculated: 7607.695440631866
2021-11-27 20:34:20.873  INFO 530588 --- [ool-44-thread-2] .t.t.s.TourGuideClientRewardsServiceImpl : Service - Distance calculated: 5959.874911403867
2021-11-27 20:34:20.874  INFO 530588 --- [ol-127-thread-2] .t.t.s.TourGuideClientRewardsServiceImpl : Service - Distance calculated: 1153.9955196106957
2021-11-27 20:34:20.879  INFO 530588 --- [ol-127-thread-2] .t.t.s.TourGuideClientRewardsServiceImpl : Service - Distance calculated: 1261.8802556721262
2021-11-27 20:34:20.879  INFO 530588 --- [ol-127-thread-2] .t.t.s.TourGuideClientRewardsServiceImpl : Service - Distance calculated: 776.0810647695682
2021-11-27 20:34:20.874  INFO 530588 --- [ol-110-thread-2] .t.t.s.TourGuideClientRewardsServiceImpl : Service - Distance calculated: 5513.513759657558
2021-11-27 20:34:20.879  INFO 530588 --- [ool-44-thread-2] .t.t.s.TourGuideClientRewardsServiceImpl : Service - Distance calculated: 5692.760106468866
2021-11-27 20:34:20.874  INFO 530588 --- [ool-59-thread-2] .t.t.s.TourGuideClientRewardsServiceImpl : Service - Distance calculated: 5835.771610098942
2021-11-27 20:34:20.879  INFO 530588 --- [ool-59-thread-2] .t.t.s.TourGuideClientRewardsServiceImpl : Service - Distance calculated: 10037.364110712308
2021-11-27 20:34:20.879  INFO 530588 --- [ool-59-thread-2] .t.t.s.TourGuideClientRewardsServiceImpl : Service - Distance calculated: 9425.432075856515
2021-11-27 20:34:20.879  INFO 530588 --- [ool-59-thread-2] .t.t.s.TourGuideClientRewardsServiceImpl : Service - Distance calculated: 9978.35655959077
2021-11-27 20:34:20.874  INFO 530588 --- [ol-100-thread-2] .t.t.s.TourGuideClientRewardsServiceImpl : Service - Distance calculated: 5231.490881534808
2021-11-27 20:34:20.879  INFO 530588 --- [ool-59-thread-2] .t.t.s.TourGuideClientRewardsServiceImpl : Service - Distance calculated: 10059.548943540365
2021-11-27 20:34:20.879  INFO 530588 --- [ol-100-thread-2] .t.t.s.TourGuideClientRewardsServiceImpl : Service - Distance calculated: 8569.852444055266
2021-11-27 20:34:20.879  INFO 530588 --- [ool-59-thread-2] .t.t.s.TourGuideClientRewardsServiceImpl : Service - Distance calculated: 9728.794267273604
2021-11-27 20:34:20.879  INFO 530588 --- [ol-100-thread-2] .t.t.s.TourGuideClientRewardsServiceImpl : Service - Distance calculated: 8392.412239972855
2021-11-27 20:34:20.874  INFO 530588 --- [ool-69-thread-2] .t.t.s.TourGuideClientRewardsServiceImpl : Service - Distance calculated: 754.2952807190703
2021-11-27 20:34:20.879  INFO 530588 --- [ool-59-thread-2] .t.t.s.TourGuideClientRewardsServiceImpl : Service - Distance calculated: 9825.952686111908
2021-11-27 20:34:20.879  INFO 530588 --- [ol-100-thread-2] .t.t.s.TourGuideClientRewardsServiceImpl : Service - Distance calculated: 8537.982626658091
2021-11-27 20:34:20.879  INFO 530588 --- [ool-59-thread-2] .t.t.s.TourGuideClientRewardsServiceImpl : Service - Distance calculated: 10236.811406429408
2021-11-27 20:34:20.879  INFO 530588 --- [ol-100-thread-2] .t.t.s.TourGuideClientRewardsServiceImpl : Service - Distance calculated: 8875.44770559078
2021-11-27 20:34:20.874  INFO 530588 --- [ool-65-thread-2] .t.t.s.TourGuideClientRewardsServiceImpl : Service - Distance calculated: 4813.064958892278
2021-11-27 20:34:20.879  INFO 530588 --- [ol-100-thread-2] .t.t.s.TourGuideClientRewardsServiceImpl : Service - Distance calculated: 7810.833457340464
2021-11-27 20:34:20.879  INFO 530588 --- [ool-65-thread-2] .t.t.s.TourGuideClientRewardsServiceImpl : Service - Distance calculated: 5413.648187845224
2021-11-27 20:34:20.879  INFO 530588 --- [ool-65-thread-2] .t.t.s.TourGuideClientRewardsServiceImpl : Service - Distance calculated: 6642.433483160151
2021-11-27 20:34:20.874  INFO 530588 --- [ool-97-thread-2] .t.t.s.TourGuideClientRewardsServiceImpl : Service - Distance calculated: 11267.557817733124
2021-11-27 20:34:20.879  INFO 530588 --- [ool-65-thread-2] .t.t.s.TourGuideClientRewardsServiceImpl : Service - Distance calculated: 4560.446457133324
2021-11-27 20:34:20.879  INFO 530588 --- [ool-65-thread-2] .t.t.s.TourGuideClientRewardsServiceImpl : Service - Distance calculated: 4378.9170596655185
2021-11-27 20:34:20.879  INFO 530588 --- [ool-97-thread-2] .t.t.s.TourGuideClientRewardsServiceImpl : Service - Distance calculated: 10248.811282441773
2021-11-27 20:34:20.874  INFO 530588 --- [ol-115-thread-2] .t.t.s.TourGuideClientRewardsServiceImpl : Service - Distance calculated: 10468.415779338888
2021-11-27 20:34:20.874  INFO 530588 --- [ol-107-thread-2] .t.t.s.TourGuideClientRewardsServiceImpl : Service - Distance calculated: 6637.763282535358
2021-11-27 20:34:20.880  INFO 530588 --- [ol-115-thread-2] .t.t.s.TourGuideClientRewardsServiceImpl : Service - Distance calculated: 9844.621549451836
2021-11-27 20:34:20.874  INFO 530588 --- [ool-46-thread-2] .t.t.s.TourGuideClientRewardsServiceImpl : Service - Distance calculated: 6808.7585694149975
2021-11-27 20:34:20.874  INFO 530588 --- [ol-117-thread-2] .t.t.s.TourGuideClientRewardsServiceImpl : Service - Distance calculated: 2916.342517839182
2021-11-27 20:34:20.880  INFO 530588 --- [ool-46-thread-2] .t.t.s.TourGuideClientRewardsServiceImpl : Service - Distance calculated: 6789.626146408975
2021-11-27 20:34:20.880  INFO 530588 --- [ool-46-thread-2] .t.t.s.TourGuideClientRewardsServiceImpl : Service - Distance calculated: 5770.270629551404
2021-11-27 20:34:20.874  INFO 530588 --- [ool-73-thread-2] .t.t.s.TourGuideClientRewardsServiceImpl : Service - Distance calculated: 2828.0340202611847
2021-11-27 20:34:20.874  INFO 530588 --- [ol-109-thread-2] .t.t.s.TourGuideClientRewardsServiceImpl : Service - Distance calculated: 9072.35994934252
2021-11-27 20:34:20.874  INFO 530588 --- [ool-95-thread-2] .t.t.s.TourGuideClientRewardsServiceImpl : Service - Distance calculated: 7746.336963998987
2021-11-27 20:34:20.880  INFO 530588 --- [ol-109-thread-2] .t.t.s.TourGuideClientRewardsServiceImpl : Service - Distance calculated: 9097.939650248787
2021-11-27 20:34:20.874  INFO 530588 --- [ol-138-thread-2] .t.t.s.TourGuideClientRewardsServiceImpl : Service - Distance calculated: 2803.608594841164
2021-11-27 20:34:20.880  INFO 530588 --- [ol-109-thread-2] .t.t.s.TourGuideClientRewardsServiceImpl : Service - Distance calculated: 10356.916044023792
2021-11-27 20:34:20.874  INFO 530588 --- [ool-48-thread-2] .t.t.s.TourGuideClientRewardsServiceImpl : Service - Distance calculated: 4327.1684511458725
2021-11-27 20:34:20.880  INFO 530588 --- [ol-109-thread-2] .t.t.s.TourGuideClientRewardsServiceImpl : Service - Distance calculated: 10069.464835730445
2021-11-27 20:34:20.874 DEBUG 530588 --- [    Test worker] c.t.t.s.TourGuideClientServiceImpl       : Service - Visited location added for user: internalUser30
2021-11-27 20:34:20.880  INFO 530588 --- [ol-109-thread-2] .t.t.s.TourGuideClientRewardsServiceImpl : Service - Distance calculated: 9171.826216191748
2021-11-27 20:34:20.874  INFO 530588 --- [ool-82-thread-2] .t.t.s.TourGuideClientRewardsServiceImpl : Service - Distance calculated: 6212.132829134787
2021-11-27 20:34:20.880  INFO 530588 --- [ol-109-thread-2] .t.t.s.TourGuideClientRewardsServiceImpl : Service - Distance calculated: 9047.674071088064
2021-11-27 20:34:20.874  INFO 530588 --- [ool-57-thread-2] .t.t.s.TourGuideClientRewardsServiceImpl : Service - Distance calculated: 10030.151348713815
2021-11-27 20:34:20.880 DEBUG 530588 --- [    Test worker] c.t.t.s.TourGuideClientServiceImpl       : Service - Visited location added for user: internalUser32
2021-11-27 20:34:20.880  INFO 530588 --- [ol-109-thread-2] .t.t.s.TourGuideClientRewardsServiceImpl : Service - Distance calculated: 7492.930966140305
2021-11-27 20:34:20.874  INFO 530588 --- [ol-118-thread-2] .t.t.s.TourGuideClientRewardsServiceImpl : Service - Distance calculated: 1164.4824260684159
2021-11-27 20:34:20.874  INFO 530588 --- [ol-103-thread-2] .t.t.s.TourGuideClientRewardsServiceImpl : Service - Distance calculated: 8264.857772944166
2021-11-27 20:34:20.880  INFO 530588 --- [ol-118-thread-2] .t.t.s.TourGuideClientRewardsServiceImpl : Service - Distance calculated: 1036.7528374660892
2021-11-27 20:34:20.874  INFO 530588 --- [ol-134-thread-2] .t.t.s.TourGuideClientRewardsServiceImpl : Service - Distance calculated: 2909.20107983737
2021-11-27 20:34:20.880  INFO 530588 --- [ol-118-thread-2] .t.t.s.TourGuideClientRewardsServiceImpl : Service - Distance calculated: 1516.2358068297362
2021-11-27 20:34:20.880  INFO 530588 --- [ol-103-thread-2] .t.t.s.TourGuideClientRewardsServiceImpl : Service - Distance calculated: 7819.170802426812
2021-11-27 20:34:20.874  INFO 530588 --- [ol-121-thread-2] .t.t.s.TourGuideClientRewardsServiceImpl : Service - Calculate rewards points for user: internalUser43
2021-11-27 20:34:20.874  INFO 530588 --- [ool-64-thread-2] .t.t.s.TourGuideClientRewardsServiceImpl : Service - Distance calculated: 9693.53121178758
2021-11-27 20:34:20.874  INFO 530588 --- [ool-43-thread-2] .t.t.s.TourGuideClientRewardsServiceImpl : Service - Distance calculated: 8838.729819902088
2021-11-27 20:34:20.875  INFO 530588 --- [ool-87-thread-2] .t.t.s.TourGuideClientRewardsServiceImpl : Service - Distance calculated: 6305.3097714787455
2021-11-27 20:34:20.880  INFO 530588 --- [ool-64-thread-2] .t.t.s.TourGuideClientRewardsServiceImpl : Service - Distance calculated: 9084.010557016214
2021-11-27 20:34:20.880  INFO 530588 --- [ool-43-thread-2] .t.t.s.TourGuideClientRewardsServiceImpl : Service - Distance calculated: 8548.110381617218
2021-11-27 20:34:20.875  INFO 530588 --- [ool-85-thread-2] .t.t.s.TourGuideClientRewardsServiceImpl : Service - Distance calculated: 11409.974187065991
2021-11-27 20:34:20.880  INFO 530588 --- [ool-87-thread-2] .t.t.s.TourGuideClientRewardsServiceImpl : Service - Distance calculated: 4278.865351239352
2021-11-27 20:34:20.875  INFO 530588 --- [ol-122-thread-2] .t.t.s.TourGuideClientRewardsServiceImpl : Service - Distance calculated: 8308.498133174091
2021-11-27 20:34:20.880  INFO 530588 --- [ool-85-thread-2] .t.t.s.TourGuideClientRewardsServiceImpl : Service - Distance calculated: 11617.857125300541
2021-11-27 20:34:20.875  INFO 530588 --- [ool-88-thread-2] .t.t.s.TourGuideClientRewardsServiceImpl : Service - Distance calculated: 2708.5406058798217
2021-11-27 20:34:20.880  INFO 530588 --- [ool-85-thread-2] .t.t.s.TourGuideClientRewardsServiceImpl : Service - Distance calculated: 8615.308487050272
2021-11-27 20:34:20.880  INFO 530588 --- [ol-122-thread-2] .t.t.s.TourGuideClientRewardsServiceImpl : Service - Distance calculated: 8527.752822382092
2021-11-27 20:34:20.875  INFO 530588 --- [ool-56-thread-2] .t.t.s.TourGuideClientRewardsServiceImpl : Service - Distance calculated: 6911.935701282502
2021-11-27 20:34:20.880  INFO 530588 --- [ol-122-thread-2] .t.t.s.TourGuideClientRewardsServiceImpl : Service - Distance calculated: 8305.855873081457
2021-11-27 20:34:20.875  INFO 530588 --- [ol-129-thread-2] .t.t.s.TourGuideClientRewardsServiceImpl : Service - Distance calculated: 8917.294453683513
2021-11-27 20:34:20.880  INFO 530588 --- [ol-122-thread-2] .t.t.s.TourGuideClientRewardsServiceImpl : Service - Distance calculated: 8329.092066401692
2021-11-27 20:34:20.875  INFO 530588 --- [ool-83-thread-2] .t.t.s.TourGuideClientRewardsServiceImpl : Service - Distance calculated: 4642.979104257525
2021-11-27 20:34:20.875  INFO 530588 --- [ol-142-thread-2] .t.t.s.TourGuideClientRewardsServiceImpl : Service - Distance calculated: 6791.645973681831
2021-11-27 20:34:20.880  INFO 530588 --- [ool-83-thread-2] .t.t.s.TourGuideClientRewardsServiceImpl : Service - Distance calculated: 4865.3777963498815
2021-11-27 20:34:20.875  INFO 530588 --- [ool-51-thread-2] .t.t.s.TourGuideClientRewardsServiceImpl : Service - Distance calculated: 8527.30516219762
2021-11-27 20:34:20.875  INFO 530588 --- [ol-130-thread-2] .t.t.s.TourGuideClientRewardsServiceImpl : Service - Distance calculated: 6352.055270234075
2021-11-27 20:34:20.875  INFO 530588 --- [ool-71-thread-2] .t.t.s.TourGuideClientRewardsServiceImpl : Service - Distance calculated: 5000.295688895661
2021-11-27 20:34:20.875  INFO 530588 --- [ool-68-thread-2] .t.t.s.TourGuideClientRewardsServiceImpl : Service - Distance calculated: 6220.88353454211
2021-11-27 20:34:20.880  INFO 530588 --- [ool-71-thread-2] .t.t.s.TourGuideClientRewardsServiceImpl : Service - Distance calculated: 6745.325647878736
2021-11-27 20:34:20.880  INFO 530588 --- [ool-68-thread-2] .t.t.s.TourGuideClientRewardsServiceImpl : Service - Distance calculated: 6683.485840958723
2021-11-27 20:34:20.875  INFO 530588 --- [ool-78-thread-2] .t.t.s.TourGuideClientRewardsServiceImpl : Service - Distance calculated: 4023.9889549094237
2021-11-27 20:34:20.880  INFO 530588 --- [ool-68-thread-2] .t.t.s.TourGuideClientRewardsServiceImpl : Service - Distance calculated: 6186.04070467241
2021-11-27 20:34:20.875  INFO 530588 --- [ool-61-thread-2] .t.t.s.TourGuideClientRewardsServiceImpl : Service - Distance calculated: 10500.859082183735
2021-11-27 20:34:20.875  INFO 530588 --- [ol-104-thread-2] .t.t.s.TourGuideClientRewardsServiceImpl : Service - Distance calculated: 10015.200810797349
2021-11-27 20:34:20.875  INFO 530588 --- [ool-70-thread-2] .t.t.s.TourGuideClientRewardsServiceImpl : Service - Distance calculated: 3926.685658582421
2021-11-27 20:34:20.875  INFO 530588 --- [ol-137-thread-2] .t.t.s.TourGuideClientRewardsServiceImpl : Service - Distance calculated: 3026.888258249912
2021-11-27 20:34:20.875  INFO 530588 --- [ool-67-thread-2] .t.t.s.TourGuideClientRewardsServiceImpl : Service - Distance calculated: 7518.528485164843
2021-11-27 20:34:20.881  INFO 530588 --- [ol-137-thread-2] .t.t.s.TourGuideClientRewardsServiceImpl : Service - Distance calculated: 2011.5835850792987
2021-11-27 20:34:20.875  INFO 530588 --- [ool-81-thread-2] .t.t.s.TourGuideClientRewardsServiceImpl : Service - Distance calculated: 5279.262281384193
2021-11-27 20:34:20.881  INFO 530588 --- [ol-137-thread-2] .t.t.s.TourGuideClientRewardsServiceImpl : Service - Distance calculated: 2391.4268791277873
2021-11-27 20:34:20.875  INFO 530588 --- [ol-140-thread-2] .t.t.s.TourGuideClientRewardsServiceImpl : Service - Distance calculated: 4884.084207591783
2021-11-27 20:34:20.881  INFO 530588 --- [ool-67-thread-2] .t.t.s.TourGuideClientRewardsServiceImpl : Service - Distance calculated: 7382.269652817844
2021-11-27 20:34:20.875  INFO 530588 --- [ool-86-thread-2] .t.t.s.TourGuideClientRewardsServiceImpl : Service - Distance calculated: 5125.093020070165
2021-11-27 20:34:20.875  INFO 530588 --- [ool-54-thread-2] .t.t.s.TourGuideClientRewardsServiceImpl : Service - Distance calculated: 4404.982128965794
2021-11-27 20:34:20.881  INFO 530588 --- [ool-54-thread-2] .t.t.s.TourGuideClientRewardsServiceImpl : Service - Distance calculated: 3309.6724653888064
2021-11-27 20:34:20.875  INFO 530588 --- [ol-120-thread-2] .t.t.s.TourGuideClientRewardsServiceImpl : Service - Distance calculated: 5775.124229277192
2021-11-27 20:34:20.875  INFO 530588 --- [ol-119-thread-2] .t.t.s.TourGuideClientRewardsServiceImpl : Service - Distance calculated: 8076.733033753661
2021-11-27 20:34:20.875  INFO 530588 --- [ool-89-thread-2] .t.t.s.TourGuideClientRewardsServiceImpl : Service - Distance calculated: 10563.86256799346
2021-11-27 20:34:20.881  INFO 530588 --- [ol-119-thread-2] .t.t.s.TourGuideClientRewardsServiceImpl : Service - Distance calculated: 8497.736275154504
2021-11-27 20:34:20.875  INFO 530588 --- [ool-72-thread-2] .t.t.s.TourGuideClientRewardsServiceImpl : Service - Distance calculated: 6855.938758423022
2021-11-27 20:34:20.881  INFO 530588 --- [ol-119-thread-2] .t.t.s.TourGuideClientRewardsServiceImpl : Service - Distance calculated: 8064.083496234569
2021-11-27 20:34:20.875  INFO 530588 --- [ol-125-thread-2] .t.t.s.TourGuideClientRewardsServiceImpl : Service - Distance calculated: 1202.6951735598682
2021-11-27 20:34:20.875  INFO 530588 --- [ol-135-thread-2] .t.t.s.TourGuideClientRewardsServiceImpl : Service - Distance calculated: 8148.040265569205
2021-11-27 20:34:20.881  INFO 530588 --- [ol-125-thread-2] .t.t.s.TourGuideClientRewardsServiceImpl : Service - Distance calculated: 1526.814482912274
2021-11-27 20:34:20.875  INFO 530588 --- [ool-55-thread-2] .t.t.s.TourGuideClientRewardsServiceImpl : Service - Distance calculated: 2897.29291720105
2021-11-27 20:34:20.881  INFO 530588 --- [ol-135-thread-2] .t.t.s.TourGuideClientRewardsServiceImpl : Service - Distance calculated: 6596.426846618392
2021-11-27 20:34:20.875  INFO 530588 --- [ool-80-thread-2] .t.t.s.TourGuideClientRewardsServiceImpl : Service - Distance calculated: 7549.132066883288
2021-11-27 20:34:20.875  INFO 530588 --- [ool-74-thread-2] .t.t.s.TourGuideClientRewardsServiceImpl : Service - Distance calculated: 8016.824747231501
2021-11-27 20:34:20.881  INFO 530588 --- [ol-135-thread-2] .t.t.s.TourGuideClientRewardsServiceImpl : Service - Distance calculated: 6659.65526256295
2021-11-27 20:34:20.876  INFO 530588 --- [ool-96-thread-2] .t.t.s.TourGuideClientRewardsServiceImpl : Service - Distance calculated: 3071.1158607686157
2021-11-27 20:34:20.881  INFO 530588 --- [ool-74-thread-2] .t.t.s.TourGuideClientRewardsServiceImpl : Service - Distance calculated: 6038.3245830536425
2021-11-27 20:34:20.876  INFO 530588 --- [ool-45-thread-2] .t.t.s.TourGuideClientRewardsServiceImpl : Service - Distance calculated: 7261.56209946991
2021-11-27 20:34:20.881  INFO 530588 --- [ool-96-thread-2] .t.t.s.TourGuideClientRewardsServiceImpl : Service - Distance calculated: 4076.1181437096698
2021-11-27 20:34:20.876  INFO 530588 --- [ool-62-thread-2] .t.t.s.TourGuideClientRewardsServiceImpl : Service - Distance calculated: 2440.177336041544
2021-11-27 20:34:20.876  INFO 530588 --- [ol-111-thread-2] .t.t.s.TourGuideClientRewardsServiceImpl : Service - Distance calculated: 5209.710964013951
2021-11-27 20:34:20.881  INFO 530588 --- [ool-62-thread-2] .t.t.s.TourGuideClientRewardsServiceImpl : Service - Distance calculated: 2168.830527042806
2021-11-27 20:34:20.881  INFO 530588 --- [ool-62-thread-2] .t.t.s.TourGuideClientRewardsServiceImpl : Service - Calculate rewards points for user: internalUser83
2021-11-27 20:34:20.876  INFO 530588 --- [ol-133-thread-2] .t.t.s.TourGuideClientRewardsServiceImpl : Service - Distance calculated: 6540.542830908177
2021-11-27 20:34:20.876  INFO 530588 --- [ol-113-thread-2] .t.t.s.TourGuideClientRewardsServiceImpl : Service - Distance calculated: 10237.083572984746
2021-11-27 20:34:20.881  INFO 530588 --- [ol-133-thread-2] .t.t.s.TourGuideClientRewardsServiceImpl : Service - Distance calculated: 5843.008315869137
2021-11-27 20:34:20.876  INFO 530588 --- [ool-93-thread-2] .t.t.s.TourGuideClientRewardsServiceImpl : Service - Distance calculated: 4864.669376718468
2021-11-27 20:34:20.881  INFO 530588 --- [ol-133-thread-2] .t.t.s.TourGuideClientRewardsServiceImpl : Service - Distance calculated: 6052.140800561004
2021-11-27 20:34:20.876  INFO 530588 --- [ol-141-thread-2] .t.t.s.TourGuideClientRewardsServiceImpl : Service - Distance calculated: 4162.875851048647
2021-11-27 20:34:20.881  INFO 530588 --- [ol-133-thread-2] .t.t.s.TourGuideClientRewardsServiceImpl : Service - Distance calculated: 4154.033088883717
2021-11-27 20:34:20.877  INFO 530588 --- [ool-50-thread-2] .t.t.s.TourGuideClientRewardsServiceImpl : Service - Distance calculated: 9663.15188084037
2021-11-27 20:34:20.881  INFO 530588 --- [ol-133-thread-2] .t.t.s.TourGuideClientRewardsServiceImpl : Service - Distance calculated: 5667.711398132463
2021-11-27 20:34:20.877  INFO 530588 --- [ool-47-thread-2] .t.t.s.TourGuideClientRewardsServiceImpl : Service - Distance calculated: 3928.122122871893
2021-11-27 20:34:20.881  INFO 530588 --- [ool-50-thread-2] .t.t.s.TourGuideClientRewardsServiceImpl : Service - Distance calculated: 9259.79166105449
2021-11-27 20:34:20.877  INFO 530588 --- [ool-79-thread-2] .t.t.s.TourGuideClientRewardsServiceImpl : Service - Distance calculated: 4648.966388963049
2021-11-27 20:34:20.881  INFO 530588 --- [ool-50-thread-2] .t.t.s.TourGuideClientRewardsServiceImpl : Service - Distance calculated: 8329.972849493173
2021-11-27 20:34:20.877  INFO 530588 --- [ol-102-thread-2] .t.t.s.TourGuideClientRewardsServiceImpl : Service - Distance calculated: 4576.115060534114
2021-11-27 20:34:20.881  INFO 530588 --- [ool-50-thread-2] .t.t.s.TourGuideClientRewardsServiceImpl : Service - Distance calculated: 8261.434744342661
2021-11-27 20:34:20.877  INFO 530588 --- [ool-90-thread-2] .t.t.s.TourGuideClientRewardsServiceImpl : Service - Distance calculated: 3179.7197569824375
2021-11-27 20:34:20.881  INFO 530588 --- [ool-50-thread-2] .t.t.s.TourGuideClientRewardsServiceImpl : Service - Distance calculated: 2214.027316977291
2021-11-27 20:34:20.877  INFO 530588 --- [ol-114-thread-2] .t.t.s.TourGuideClientRewardsServiceImpl : Service - Distance calculated: 4147.577106296009
2021-11-27 20:34:20.881  INFO 530588 --- [ool-50-thread-2] .t.t.s.TourGuideClientRewardsServiceImpl : Service - Distance calculated: 1875.7442301732885
2021-11-27 20:34:20.878  INFO 530588 --- [ool-98-thread-2] .t.t.s.TourGuideClientRewardsServiceImpl : Service - Distance calculated: 3773.417956100613
2021-11-27 20:34:20.881  INFO 530588 --- [ol-114-thread-2] .t.t.s.TourGuideClientRewardsServiceImpl : Service - Distance calculated: 4933.06289304829
2021-11-27 20:34:20.878  INFO 530588 --- [ol-106-thread-2] .t.t.s.TourGuideClientRewardsServiceImpl : Service - Distance calculated: 6519.307905902461
2021-11-27 20:34:20.881  INFO 530588 --- [ool-98-thread-2] .t.t.s.TourGuideClientRewardsServiceImpl : Service - Distance calculated: 3056.469459545106
2021-11-27 20:34:20.878  INFO 530588 --- [ool-63-thread-2] .t.t.s.TourGuideClientRewardsServiceImpl : Service - Distance calculated: 4559.745483721408
2021-11-27 20:34:20.878  INFO 530588 --- [ool-92-thread-2] .t.t.s.TourGuideClientRewardsServiceImpl : Service - Distance calculated: 7540.37190623849
2021-11-27 20:34:20.878  INFO 530588 --- [ol-116-thread-2] .t.t.s.TourGuideClientRewardsServiceImpl : Service - Distance calculated: 4458.284080576952
2021-11-27 20:34:20.878  INFO 530588 --- [ol-105-thread-2] .t.t.s.TourGuideClientRewardsServiceImpl : Service - Distance calculated: 2437.7494738524856
2021-11-27 20:34:20.882  INFO 530588 --- [ool-63-thread-2] .t.t.s.TourGuideClientRewardsServiceImpl : Service - Distance calculated: 3293.841627359814
2021-11-27 20:34:20.878  INFO 530588 --- [ool-58-thread-2] .t.t.s.TourGuideClientRewardsServiceImpl : Service - Distance calculated: 4582.383434997958
2021-11-27 20:34:20.878  INFO 530588 --- [ool-91-thread-2] .t.t.s.TourGuideClientRewardsServiceImpl : Service - Distance calculated: 10028.552302438366
2021-11-27 20:34:20.878  INFO 530588 --- [ool-99-thread-2] .t.t.s.TourGuideClientRewardsServiceImpl : Service - Distance calculated: 3004.8560845595807
2021-11-27 20:34:20.882  INFO 530588 --- [ool-91-thread-2] .t.t.s.TourGuideClientRewardsServiceImpl : Service - Distance calculated: 9071.525131340459
2021-11-27 20:34:20.878  INFO 530588 --- [ol-128-thread-2] .t.t.s.TourGuideClientRewardsServiceImpl : Service - Distance calculated: 5102.418612845096
2021-11-27 20:34:20.882  INFO 530588 --- [ool-99-thread-2] .t.t.s.TourGuideClientRewardsServiceImpl : Service - Distance calculated: 3089.8558237638854
2021-11-27 20:34:20.878  INFO 530588 --- [ol-112-thread-2] .t.t.s.TourGuideClientRewardsServiceImpl : Service - Distance calculated: 531.1506639116042
2021-11-27 20:34:20.882  INFO 530588 --- [ool-99-thread-2] .t.t.s.TourGuideClientRewardsServiceImpl : Service - Distance calculated: 3115.6262798958073
2021-11-27 20:34:20.878  INFO 530588 --- [ool-52-thread-2] .t.t.s.TourGuideClientRewardsServiceImpl : Service - Distance calculated: 2528.9996124129157
2021-11-27 20:34:20.878  INFO 530588 --- [ool-94-thread-2] .t.t.s.TourGuideClientRewardsServiceImpl : Service - Distance calculated: 6269.932497991784
2021-11-27 20:34:20.878  INFO 530588 --- [ool-75-thread-2] .t.t.s.TourGuideClientRewardsServiceImpl : Service - Distance calculated: 1861.272675665839
2021-11-27 20:34:20.878  INFO 530588 --- [ool-53-thread-2] .t.t.s.TourGuideClientRewardsServiceImpl : Service - Distance calculated: 7344.303341993905
2021-11-27 20:34:20.882  INFO 530588 --- [ool-75-thread-2] .t.t.s.TourGuideClientRewardsServiceImpl : Service - Distance calculated: 2854.8929248454283
2021-11-27 20:34:20.878  INFO 530588 --- [ool-60-thread-2] .t.t.s.TourGuideClientRewardsServiceImpl : Service - Distance calculated: 9509.933960678865
2021-11-27 20:34:20.882  INFO 530588 --- [ool-53-thread-2] .t.t.s.TourGuideClientRewardsServiceImpl : Service - Distance calculated: 8364.527659803207
2021-11-27 20:34:20.878  INFO 530588 --- [ool-77-thread-2] .t.t.s.TourGuideClientRewardsServiceImpl : Service - Distance calculated: 4760.889356521312
2021-11-27 20:34:20.882  INFO 530588 --- [ool-60-thread-2] .t.t.s.TourGuideClientRewardsServiceImpl : Service - Distance calculated: 8060.530520701344
2021-11-27 20:34:20.878  INFO 530588 --- [ol-126-thread-2] .t.t.s.TourGuideClientRewardsServiceImpl : Service - Distance calculated: 3294.563795138502
2021-11-27 20:34:20.882  INFO 530588 --- [ool-77-thread-2] .t.t.s.TourGuideClientRewardsServiceImpl : Service - Distance calculated: 4734.391058838634
2021-11-27 20:34:20.882  INFO 530588 --- [ol-126-thread-2] .t.t.s.TourGuideClientRewardsServiceImpl : Service - Distance calculated: 5451.57424339521
2021-11-27 20:34:20.878  INFO 530588 --- [ool-49-thread-2] .t.t.s.TourGuideClientRewardsServiceImpl : Service - Distance calculated: 9622.849246797474
2021-11-27 20:34:20.878  INFO 530588 --- [ol-139-thread-2] .t.t.s.TourGuideClientRewardsServiceImpl : Service - Distance calculated: 3381.9799677174715
2021-11-27 20:34:20.882  INFO 530588 --- [ool-49-thread-2] .t.t.s.TourGuideClientRewardsServiceImpl : Service - Distance calculated: 10345.125736706466
2021-11-27 20:34:20.878  INFO 530588 --- [ol-131-thread-2] .t.t.s.TourGuideClientRewardsServiceImpl : Service - Distance calculated: 8135.477009034181
2021-11-27 20:34:20.882  INFO 530588 --- [ol-139-thread-2] .t.t.s.TourGuideClientRewardsServiceImpl : Service - Distance calculated: 3363.9871667472516
2021-11-27 20:34:20.878  INFO 530588 --- [ol-101-thread-2] .t.t.s.TourGuideClientRewardsServiceImpl : Service - Distance calculated: 9520.621884420163
2021-11-27 20:34:20.878  INFO 530588 --- [ol-123-thread-2] .t.t.s.TourGuideClientRewardsServiceImpl : Service - Distance calculated: 6741.457068549162
2021-11-27 20:34:20.882  INFO 530588 --- [ol-131-thread-2] .t.t.s.TourGuideClientRewardsServiceImpl : Service - Distance calculated: 6055.196978329229
2021-11-27 20:34:20.878  INFO 530588 --- [ol-136-thread-2] .t.t.s.TourGuideClientRewardsServiceImpl : Service - Distance calculated: 5449.53217849525
2021-11-27 20:34:20.882  INFO 530588 --- [ol-123-thread-2] .t.t.s.TourGuideClientRewardsServiceImpl : Service - Distance calculated: 8812.25691719545
2021-11-27 20:34:20.879  INFO 530588 --- [ool-66-thread-2] .t.t.s.TourGuideClientRewardsServiceImpl : Service - Distance calculated: 6873.6734890945345
2021-11-27 20:34:20.879  INFO 530588 --- [ol-127-thread-2] .t.t.s.TourGuideClientRewardsServiceImpl : Service - Distance calculated: 1040.0055617346281
2021-11-27 20:34:20.879  INFO 530588 --- [ol-110-thread-2] .t.t.s.TourGuideClientRewardsServiceImpl : Service - Distance calculated: 6029.5969378472955
2021-11-27 20:34:20.882  INFO 530588 --- [ol-127-thread-2] .t.t.s.TourGuideClientRewardsServiceImpl : Service - Distance calculated: 534.9040627541248
2021-11-27 20:34:20.879  INFO 530588 --- [ool-44-thread-2] .t.t.s.TourGuideClientRewardsServiceImpl : Service - Distance calculated: 5919.220369666023
2021-11-27 20:34:20.882  INFO 530588 --- [ol-127-thread-2] .t.t.s.TourGuideClientRewardsServiceImpl : Service - Distance calculated: 1192.7607793966006
2021-11-27 20:34:20.879  INFO 530588 --- [ool-69-thread-2] .t.t.s.TourGuideClientRewardsServiceImpl : Service - Distance calculated: 1542.4400996787158
2021-11-27 20:34:20.882  INFO 530588 --- [ol-127-thread-2] .t.t.s.TourGuideClientRewardsServiceImpl : Service - Distance calculated: 2036.6133714630926
2021-11-27 20:34:20.882  INFO 530588 --- [ool-44-thread-2] .t.t.s.TourGuideClientRewardsServiceImpl : Service - Distance calculated: 5862.745295271675
2021-11-27 20:34:20.879  INFO 530588 --- [ool-59-thread-2] .t.t.s.TourGuideClientRewardsServiceImpl : Service - Distance calculated: 9193.809672857149
2021-11-27 20:34:20.882  INFO 530588 --- [ool-44-thread-2] .t.t.s.TourGuideClientRewardsServiceImpl : Service - Distance calculated: 5046.98848752849
2021-11-27 20:34:20.882  INFO 530588 --- [ool-69-thread-2] .t.t.s.TourGuideClientRewardsServiceImpl : Service - Distance calculated: 2529.5276582404554
2021-11-27 20:34:20.879  INFO 530588 --- [ol-100-thread-2] .t.t.s.TourGuideClientRewardsServiceImpl : Service - Distance calculated: 8273.914196275371
2021-11-27 20:34:20.882  INFO 530588 --- [ool-69-thread-2] .t.t.s.TourGuideClientRewardsServiceImpl : Service - Distance calculated: 1886.3818477708128
2021-11-27 20:34:20.879  INFO 530588 --- [ool-97-thread-2] .t.t.s.TourGuideClientRewardsServiceImpl : Service - Distance calculated: 10874.368954859843
2021-11-27 20:34:20.882  INFO 530588 --- [ol-100-thread-2] .t.t.s.TourGuideClientRewardsServiceImpl : Service - Distance calculated: 8168.821806024467
2021-11-27 20:34:20.882  INFO 530588 --- [ool-97-thread-2] .t.t.s.TourGuideClientRewardsServiceImpl : Service - Distance calculated: 11126.383828440094
2021-11-27 20:34:20.880  INFO 530588 --- [ool-65-thread-2] .t.t.s.TourGuideClientRewardsServiceImpl : Service - Distance calculated: 6015.6296103257
2021-11-27 20:34:20.882  INFO 530588 --- [ool-97-thread-2] .t.t.s.TourGuideClientRewardsServiceImpl : Service - Distance calculated: 10978.490917137238
2021-11-27 20:34:20.880  INFO 530588 --- [ol-107-thread-2] .t.t.s.TourGuideClientRewardsServiceImpl : Service - Distance calculated: 7277.318976680844
2021-11-27 20:34:20.882  INFO 530588 --- [ool-97-thread-2] .t.t.s.TourGuideClientRewardsServiceImpl : Service - Distance calculated: 10634.567943140017
2021-11-27 20:34:20.880  INFO 530588 --- [ol-115-thread-2] .t.t.s.TourGuideClientRewardsServiceImpl : Service - Distance calculated: 10442.87744739758
2021-11-27 20:34:20.880  INFO 530588 --- [ol-117-thread-2] .t.t.s.TourGuideClientRewardsServiceImpl : Service - Distance calculated: 3210.173217861366
2021-11-27 20:34:20.883  INFO 530588 --- [ol-115-thread-2] .t.t.s.TourGuideClientRewardsServiceImpl : Service - Distance calculated: 10156.01096330237
2021-11-27 20:34:20.880  INFO 530588 --- [ool-46-thread-2] .t.t.s.TourGuideClientRewardsServiceImpl : Service - Distance calculated: 5718.165254136876
2021-11-27 20:34:20.883  INFO 530588 --- [ol-115-thread-2] .t.t.s.TourGuideClientRewardsServiceImpl : Service - Distance calculated: 10720.600197405485
2021-11-27 20:34:20.880  INFO 530588 --- [ool-73-thread-2] .t.t.s.TourGuideClientRewardsServiceImpl : Service - Distance calculated: 2909.7839484660244
2021-11-27 20:34:20.883  INFO 530588 --- [ol-115-thread-2] .t.t.s.TourGuideClientRewardsServiceImpl : Service - Distance calculated: 9924.030695068517
2021-11-27 20:34:20.880  INFO 530588 --- [ool-95-thread-2] .t.t.s.TourGuideClientRewardsServiceImpl : Service - Distance calculated: 7420.089544746506
2021-11-27 20:34:20.880  INFO 530588 --- [ol-138-thread-2] .t.t.s.TourGuideClientRewardsServiceImpl : Service - Distance calculated: 2903.6521199078475
2021-11-27 20:34:20.883  INFO 530588 --- [ool-95-thread-2] .t.t.s.TourGuideClientRewardsServiceImpl : Service - Distance calculated: 7287.319678727211
2021-11-27 20:34:20.880  INFO 530588 --- [ool-48-thread-2] .t.t.s.TourGuideClientRewardsServiceImpl : Service - Distance calculated: 3585.2844767463166
2021-11-27 20:34:20.883  INFO 530588 --- [ool-95-thread-2] .t.t.s.TourGuideClientRewardsServiceImpl : Service - Distance calculated: 10414.237335854046
2021-11-27 20:34:20.880  INFO 530588 --- [ool-82-thread-2] .t.t.s.TourGuideClientRewardsServiceImpl : Service - Distance calculated: 6708.6392447603
2021-11-27 20:34:20.880 DEBUG 530588 --- [    Test worker] c.t.t.s.TourGuideClientServiceImpl       : Service - Visited location added for user: internalUser31
2021-11-27 20:34:20.883  INFO 530588 --- [ool-82-thread-2] .t.t.s.TourGuideClientRewardsServiceImpl : Service - Distance calculated: 7608.460296892401
2021-11-27 20:34:20.880  INFO 530588 --- [ool-57-thread-2] .t.t.s.TourGuideClientRewardsServiceImpl : Service - Distance calculated: 9957.980209198242
2021-11-27 20:34:20.880  INFO 530588 --- [ol-109-thread-2] .t.t.s.TourGuideClientRewardsServiceImpl : Service - Distance calculated: 7377.4661578152845
2021-11-27 20:34:20.880  INFO 530588 --- [ol-134-thread-2] .t.t.s.TourGuideClientRewardsServiceImpl : Service - Distance calculated: 3083.944595602934
2021-11-27 20:34:20.880  INFO 530588 --- [ol-118-thread-2] .t.t.s.TourGuideClientRewardsServiceImpl : Service - Distance calculated: 2327.4145173876427
2021-11-27 20:34:20.880  INFO 530588 --- [ol-103-thread-2] .t.t.s.TourGuideClientRewardsServiceImpl : Service - Distance calculated: 8339.693128369738
2021-11-27 20:34:20.880  INFO 530588 --- [ool-64-thread-2] .t.t.s.TourGuideClientRewardsServiceImpl : Service - Distance calculated: 7962.837957810544
2021-11-27 20:34:20.883  INFO 530588 --- [ol-103-thread-2] .t.t.s.TourGuideClientRewardsServiceImpl : Service - Distance calculated: 8056.717593072626
2021-11-27 20:34:20.880  INFO 530588 --- [ool-43-thread-2] .t.t.s.TourGuideClientRewardsServiceImpl : Service - Distance calculated: 8674.051656491049
2021-11-27 20:34:20.883  INFO 530588 --- [ol-103-thread-2] .t.t.s.TourGuideClientRewardsServiceImpl : Service - Distance calculated: 8616.784921430026
2021-11-27 20:34:20.883  INFO 530588 --- [ool-64-thread-2] .t.t.s.TourGuideClientRewardsServiceImpl : Service - Distance calculated: 9666.340225021633
2021-11-27 20:34:20.883  INFO 530588 --- [ol-103-thread-2] .t.t.s.TourGuideClientRewardsServiceImpl : Service - Distance calculated: 7885.891739206052
2021-11-27 20:34:20.880  INFO 530588 --- [ool-87-thread-2] .t.t.s.TourGuideClientRewardsServiceImpl : Service - Distance calculated: 5113.4317901191835
2021-11-27 20:34:20.883  INFO 530588 --- [ol-103-thread-2] .t.t.s.TourGuideClientRewardsServiceImpl : Service - Distance calculated: 7331.13548372465
2021-11-27 20:34:20.883  INFO 530588 --- [ool-87-thread-2] .t.t.s.TourGuideClientRewardsServiceImpl : Service - Distance calculated: 6135.749891111996
2021-11-27 20:34:20.883  INFO 530588 --- [ool-43-thread-2] .t.t.s.TourGuideClientRewardsServiceImpl : Service - Distance calculated: 8372.051592386977
2021-11-27 20:34:20.883  INFO 530588 --- [ool-87-thread-2] .t.t.s.TourGuideClientRewardsServiceImpl : Service - Distance calculated: 5398.301251235426
2021-11-27 20:34:20.883  INFO 530588 --- [ool-43-thread-2] .t.t.s.TourGuideClientRewardsServiceImpl : Service - Distance calculated: 7405.377623369752
2021-11-27 20:34:20.880  INFO 530588 --- [ool-88-thread-2] .t.t.s.TourGuideClientRewardsServiceImpl : Service - Distance calculated: 3729.301539204417
2021-11-27 20:34:20.883  INFO 530588 --- [ool-43-thread-2] .t.t.s.TourGuideClientRewardsServiceImpl : Service - Distance calculated: 8035.124699576235
2021-11-27 20:34:20.880  INFO 530588 --- [ool-85-thread-2] .t.t.s.TourGuideClientRewardsServiceImpl : Service - Distance calculated: 11166.11477363258
2021-11-27 20:34:20.883  INFO 530588 --- [ool-43-thread-2] .t.t.s.TourGuideClientRewardsServiceImpl : Service - Distance calculated: 7781.385879564277
2021-11-27 20:34:20.883  INFO 530588 --- [ool-88-thread-2] .t.t.s.TourGuideClientRewardsServiceImpl : Service - Distance calculated: 2142.2736630839813
2021-11-27 20:34:20.883  INFO 530588 --- [ool-85-thread-2] .t.t.s.TourGuideClientRewardsServiceImpl : Service - Distance calculated: 11362.653373977746
2021-11-27 20:34:20.883  INFO 530588 --- [ool-88-thread-2] .t.t.s.TourGuideClientRewardsServiceImpl : Service - Distance calculated: 2395.9438265397034
2021-11-27 20:34:20.880  INFO 530588 --- [ool-56-thread-2] .t.t.s.TourGuideClientRewardsServiceImpl : Service - Distance calculated: 8401.629047369497
2021-11-27 20:34:20.880  INFO 530588 --- [ol-122-thread-2] .t.t.s.TourGuideClientRewardsServiceImpl : Service - Distance calculated: 7546.711306049318
2021-11-27 20:34:20.880  INFO 530588 --- [ol-129-thread-2] .t.t.s.TourGuideClientRewardsServiceImpl : Service - Distance calculated: 10459.627737643194
2021-11-27 20:34:20.883  INFO 530588 --- [ol-122-thread-2] .t.t.s.TourGuideClientRewardsServiceImpl : Service - Distance calculated: 7190.5287778574575
2021-11-27 20:34:20.880  INFO 530588 --- [ol-142-thread-2] .t.t.s.TourGuideClientRewardsServiceImpl : Service - Distance calculated: 6892.153478704312
2021-11-27 20:34:20.880  INFO 530588 --- [ool-83-thread-2] .t.t.s.TourGuideClientRewardsServiceImpl : Service - Distance calculated: 4437.916349379361
2021-11-27 20:34:20.883  INFO 530588 --- [ol-142-thread-2] .t.t.s.TourGuideClientRewardsServiceImpl : Service - Distance calculated: 6934.375660350451
2021-11-27 20:34:20.883  INFO 530588 --- [ol-122-thread-2] .t.t.s.TourGuideClientRewardsServiceImpl : Service - Distance calculated: 7671.062243188571
2021-11-27 20:34:20.883  INFO 530588 --- [ol-142-thread-2] .t.t.s.TourGuideClientRewardsServiceImpl : Service - Distance calculated: 6500.899763271707
2021-11-27 20:34:20.880  INFO 530588 --- [ool-51-thread-2] .t.t.s.TourGuideClientRewardsServiceImpl : Service - Distance calculated: 8289.942634835577
2021-11-27 20:34:20.880  INFO 530588 --- [ol-130-thread-2] .t.t.s.TourGuideClientRewardsServiceImpl : Service - Distance calculated: 6333.24478058046
2021-11-27 20:34:20.880  INFO 530588 --- [ool-71-thread-2] .t.t.s.TourGuideClientRewardsServiceImpl : Service - Distance calculated: 5974.462867415124
2021-11-27 20:34:20.883  INFO 530588 --- [ol-130-thread-2] .t.t.s.TourGuideClientRewardsServiceImpl : Service - Distance calculated: 6586.761248388531
2021-11-27 20:34:20.880  INFO 530588 --- [ool-78-thread-2] .t.t.s.TourGuideClientRewardsServiceImpl : Service - Distance calculated: 4043.713579080624
2021-11-27 20:34:20.883  INFO 530588 --- [ol-130-thread-2] .t.t.s.TourGuideClientRewardsServiceImpl : Service - Distance calculated: 7651.127680720048
2021-11-27 20:34:20.883  INFO 530588 --- [ool-71-thread-2] .t.t.s.TourGuideClientRewardsServiceImpl : Service - Distance calculated: 5173.6528338203725
2021-11-27 20:34:20.880  INFO 530588 --- [ool-68-thread-2] .t.t.s.TourGuideClientRewardsServiceImpl : Service - Distance calculated: 6282.816760349206
2021-11-27 20:34:20.883  INFO 530588 --- [ool-71-thread-2] .t.t.s.TourGuideClientRewardsServiceImpl : Service - Distance calculated: 6098.464473585595
2021-11-27 20:34:20.881  INFO 530588 --- [ool-61-thread-2] .t.t.s.TourGuideClientRewardsServiceImpl : Service - Distance calculated: 9485.775206474174
2021-11-27 20:34:20.881  INFO 530588 --- [ol-104-thread-2] .t.t.s.TourGuideClientRewardsServiceImpl : Service - Distance calculated: 9183.339835706565
2021-11-27 20:34:20.881  INFO 530588 --- [ool-70-thread-2] .t.t.s.TourGuideClientRewardsServiceImpl : Service - Distance calculated: 3897.3292712633342
2021-11-27 20:34:20.883  INFO 530588 --- [ol-104-thread-2] .t.t.s.TourGuideClientRewardsServiceImpl : Service - Distance calculated: 1767.599131089377
2021-11-27 20:34:20.881  INFO 530588 --- [ol-137-thread-2] .t.t.s.TourGuideClientRewardsServiceImpl : Service - Distance calculated: 2861.6778858758744
2021-11-27 20:34:20.883  INFO 530588 --- [ool-70-thread-2] .t.t.s.TourGuideClientRewardsServiceImpl : Service - Distance calculated: 4667.509383339456
2021-11-27 20:34:20.884  INFO 530588 --- [ol-104-thread-2] .t.t.s.TourGuideClientRewardsServiceImpl : Service - Distance calculated: 1249.758123400202
2021-11-27 20:34:20.881  INFO 530588 --- [ool-81-thread-2] .t.t.s.TourGuideClientRewardsServiceImpl : Service - Distance calculated: 4517.7996117686525
2021-11-27 20:34:20.884  INFO 530588 --- [ol-104-thread-2] .t.t.s.TourGuideClientRewardsServiceImpl : Service - Distance calculated: 1708.3967752107076
2021-11-27 20:34:20.881  INFO 530588 --- [ol-140-thread-2] .t.t.s.TourGuideClientRewardsServiceImpl : Service - Distance calculated: 4975.404666484252
2021-11-27 20:34:20.881  INFO 530588 --- [ool-86-thread-2] .t.t.s.TourGuideClientRewardsServiceImpl : Service - Distance calculated: 4251.305147746235
2021-11-27 20:34:20.881  INFO 530588 --- [ool-67-thread-2] .t.t.s.TourGuideClientRewardsServiceImpl : Service - Distance calculated: 7350.4947358231775
2021-11-27 20:34:20.881  INFO 530588 --- [ool-54-thread-2] .t.t.s.TourGuideClientRewardsServiceImpl : Service - Distance calculated: 4321.540492119652
2021-11-27 20:34:20.881  INFO 530588 --- [ol-120-thread-2] .t.t.s.TourGuideClientRewardsServiceImpl : Service - Distance calculated: 3552.853142590982
2021-11-27 20:34:20.881  INFO 530588 --- [ol-119-thread-2] .t.t.s.TourGuideClientRewardsServiceImpl : Service - Distance calculated: 8127.491489859536
2021-11-27 20:34:20.884  INFO 530588 --- [ol-120-thread-2] .t.t.s.TourGuideClientRewardsServiceImpl : Service - Distance calculated: 3846.7393723055316
2021-11-27 20:34:20.881  INFO 530588 --- [ool-72-thread-2] .t.t.s.TourGuideClientRewardsServiceImpl : Service - Distance calculated: 6601.088017527562
2021-11-27 20:34:20.884  INFO 530588 --- [ol-119-thread-2] .t.t.s.TourGuideClientRewardsServiceImpl : Service - Distance calculated: 7960.499418832017
2021-11-27 20:34:20.881  INFO 530588 --- [ool-89-thread-2] .t.t.s.TourGuideClientRewardsServiceImpl : Service - Distance calculated: 9843.080728455832
2021-11-27 20:34:20.881  INFO 530588 --- [ol-125-thread-2] .t.t.s.TourGuideClientRewardsServiceImpl : Service - Distance calculated: 1679.1616884776777
2021-11-27 20:34:20.881  INFO 530588 --- [ool-55-thread-2] .t.t.s.TourGuideClientRewardsServiceImpl : Service - Distance calculated: 2856.0044034590665
2021-11-27 20:34:20.881  INFO 530588 --- [ool-80-thread-2] .t.t.s.TourGuideClientRewardsServiceImpl : Service - Distance calculated: 7229.814171233339
2021-11-27 20:34:20.881  INFO 530588 --- [ool-74-thread-2] .t.t.s.TourGuideClientRewardsServiceImpl : Service - Distance calculated: 6794.077484807615
2021-11-27 20:34:20.884  INFO 530588 --- [ool-55-thread-2] .t.t.s.TourGuideClientRewardsServiceImpl : Service - Distance calculated: 5973.568683989776
2021-11-27 20:34:20.884  INFO 530588 --- [ool-74-thread-2] .t.t.s.TourGuideClientRewardsServiceImpl : Service - Distance calculated: 7887.08240930407
2021-11-27 20:34:20.881  INFO 530588 --- [ol-135-thread-2] .t.t.s.TourGuideClientRewardsServiceImpl : Service - Distance calculated: 8680.344509620312
2021-11-27 20:34:20.884  INFO 530588 --- [ool-74-thread-2] .t.t.s.TourGuideClientRewardsServiceImpl : Service - Distance calculated: 7468.389596452615
2021-11-27 20:34:20.884  INFO 530588 --- [ool-55-thread-2] .t.t.s.TourGuideClientRewardsServiceImpl : Service - Distance calculated: 2616.8936296314805
2021-11-27 20:34:20.881  INFO 530588 --- [ool-96-thread-2] .t.t.s.TourGuideClientRewardsServiceImpl : Service - Distance calculated: 2432.964691035116
2021-11-27 20:34:20.884  INFO 530588 --- [ol-135-thread-2] .t.t.s.TourGuideClientRewardsServiceImpl : Service - Distance calculated: 6171.745937512506
2021-11-27 20:34:20.884  INFO 530588 --- [ool-55-thread-2] .t.t.s.TourGuideClientRewardsServiceImpl : Service - Distance calculated: 2776.78048410041
2021-11-27 20:34:20.884  INFO 530588 --- [ol-135-thread-2] .t.t.s.TourGuideClientRewardsServiceImpl : Service - Distance calculated: 6442.409299605495
2021-11-27 20:34:20.881  INFO 530588 --- [ool-45-thread-2] .t.t.s.TourGuideClientRewardsServiceImpl : Service - Distance calculated: 7375.1343660768
2021-11-27 20:34:20.884  INFO 530588 --- [ol-135-thread-2] .t.t.s.TourGuideClientRewardsServiceImpl : Service - Distance calculated: 6300.377855495394
2021-11-27 20:34:20.881  INFO 530588 --- [ol-111-thread-2] .t.t.s.TourGuideClientRewardsServiceImpl : Service - Distance calculated: 4861.450488635329
2021-11-27 20:34:20.884  INFO 530588 --- [ol-135-thread-2] .t.t.s.TourGuideClientRewardsServiceImpl : Service - Distance calculated: 6321.879457901688
2021-11-27 20:34:20.881  INFO 530588 --- [ol-113-thread-2] .t.t.s.TourGuideClientRewardsServiceImpl : Service - Distance calculated: 10904.61782376288
2021-11-27 20:34:20.884  INFO 530588 --- [ol-111-thread-2] .t.t.s.TourGuideClientRewardsServiceImpl : Service - Distance calculated: 3747.0018022691725
2021-11-27 20:34:20.881  INFO 530588 --- [ool-93-thread-2] .t.t.s.TourGuideClientRewardsServiceImpl : Service - Distance calculated: 4511.876545133332
2021-11-27 20:34:20.884  INFO 530588 --- [ol-111-thread-2] .t.t.s.TourGuideClientRewardsServiceImpl : Service - Distance calculated: 5628.083758180428
2021-11-27 20:34:20.881  INFO 530588 --- [ol-141-thread-2] .t.t.s.TourGuideClientRewardsServiceImpl : Service - Distance calculated: 4142.0142792293245
2021-11-27 20:34:20.884  INFO 530588 --- [ol-111-thread-2] .t.t.s.TourGuideClientRewardsServiceImpl : Service - Distance calculated: 5431.3568944431
2021-11-27 20:34:20.884  INFO 530588 --- [ool-93-thread-2] .t.t.s.TourGuideClientRewardsServiceImpl : Service - Distance calculated: 4726.277800093933
2021-11-27 20:34:20.884  INFO 530588 --- [ol-141-thread-2] .t.t.s.TourGuideClientRewardsServiceImpl : Service - Distance calculated: 3209.4915727948505
2021-11-27 20:34:20.884  INFO 530588 --- [ool-93-thread-2] .t.t.s.TourGuideClientRewardsServiceImpl : Service - Distance calculated: 4748.697082418989
2021-11-27 20:34:20.881  INFO 530588 --- [ol-133-thread-2] .t.t.s.TourGuideClientRewardsServiceImpl : Service - Distance calculated: 5806.325590743349
2021-11-27 20:34:20.884  INFO 530588 --- [ool-93-thread-2] .t.t.s.TourGuideClientRewardsServiceImpl : Service - Distance calculated: 3470.5863638413266
2021-11-27 20:34:20.881  INFO 530588 --- [ool-47-thread-2] .t.t.s.TourGuideClientRewardsServiceImpl : Service - Distance calculated: 4007.1437219853433
2021-11-27 20:34:20.884  INFO 530588 --- [ol-133-thread-2] .t.t.s.TourGuideClientRewardsServiceImpl : Service - Distance calculated: 5837.215343622606
2021-11-27 20:34:20.881  INFO 530588 --- [ool-79-thread-2] .t.t.s.TourGuideClientRewardsServiceImpl : Service - Distance calculated: 6156.731348618345
2021-11-27 20:34:20.884  INFO 530588 --- [ol-133-thread-2] .t.t.s.TourGuideClientRewardsServiceImpl : Service - Distance calculated: 6683.870275009786
2021-11-27 20:34:20.884  INFO 530588 --- [ool-47-thread-2] .t.t.s.TourGuideClientRewardsServiceImpl : Service - Distance calculated: 4821.732613816416
2021-11-27 20:34:20.884  INFO 530588 --- [ool-79-thread-2] .t.t.s.TourGuideClientRewardsServiceImpl : Service - Distance calculated: 5862.7452407900455
2021-11-27 20:34:20.881  INFO 530588 --- [ol-102-thread-2] .t.t.s.TourGuideClientRewardsServiceImpl : Service - Distance calculated: 3559.021200033986
2021-11-27 20:34:20.884  INFO 530588 --- [ool-79-thread-2] .t.t.s.TourGuideClientRewardsServiceImpl : Service - Distance calculated: 5978.167824141286
2021-11-27 20:34:20.881  INFO 530588 --- [ool-90-thread-2] .t.t.s.TourGuideClientRewardsServiceImpl : Service - Distance calculated: 3441.3982073937887
2021-11-27 20:34:20.884  INFO 530588 --- [ol-102-thread-2] .t.t.s.TourGuideClientRewardsServiceImpl : Service - Distance calculated: 3820.1699326484
2021-11-27 20:34:20.881  INFO 530588 --- [ool-50-thread-2] .t.t.s.TourGuideClientRewardsServiceImpl : Service - Distance calculated: 2068.704285316531
2021-11-27 20:34:20.884  INFO 530588 --- [ol-102-thread-2] .t.t.s.TourGuideClientRewardsServiceImpl : Service - Distance calculated: 3763.459999005044
2021-11-27 20:34:20.881  INFO 530588 --- [ol-114-thread-2] .t.t.s.TourGuideClientRewardsServiceImpl : Service - Distance calculated: 2871.06930983663
2021-11-27 20:34:20.881  INFO 530588 --- [ool-98-thread-2] .t.t.s.TourGuideClientRewardsServiceImpl : Service - Distance calculated: 4405.4555382964045
2021-11-27 20:34:20.881  INFO 530588 --- [ol-106-thread-2] .t.t.s.TourGuideClientRewardsServiceImpl : Service - Distance calculated: 4977.199896776764
2021-11-27 20:34:20.884  INFO 530588 --- [ool-98-thread-2] .t.t.s.TourGuideClientRewardsServiceImpl : Service - Distance calculated: 5382.350030985225
2021-11-27 20:34:20.882  INFO 530588 --- [ol-116-thread-2] .t.t.s.TourGuideClientRewardsServiceImpl : Service - Distance calculated: 4819.7328427124085
2021-11-27 20:34:20.884  INFO 530588 --- [ool-98-thread-2] .t.t.s.TourGuideClientRewardsServiceImpl : Service - Distance calculated: 3378.2065588618016
2021-11-27 20:34:20.882  INFO 530588 --- [ol-105-thread-2] .t.t.s.TourGuideClientRewardsServiceImpl : Service - Distance calculated: 2374.5226391953474
2021-11-27 20:34:20.884  INFO 530588 --- [ol-116-thread-2] .t.t.s.TourGuideClientRewardsServiceImpl : Service - Distance calculated: 4151.943585840848
2021-11-27 20:34:20.882  INFO 530588 --- [ool-92-thread-2] .t.t.s.TourGuideClientRewardsServiceImpl : Service - Distance calculated: 7223.4406888683525
2021-11-27 20:34:20.884  INFO 530588 --- [ol-105-thread-2] .t.t.s.TourGuideClientRewardsServiceImpl : Service - Distance calculated: 3649.8077890906898
2021-11-27 20:34:20.882  INFO 530588 --- [ool-63-thread-2] .t.t.s.TourGuideClientRewardsServiceImpl : Service - Distance calculated: 3050.2935587486613
2021-11-27 20:34:20.885  INFO 530588 --- [ol-116-thread-2] .t.t.s.TourGuideClientRewardsServiceImpl : Service - Distance calculated: 2934.727138939436
2021-11-27 20:34:20.882  INFO 530588 --- [ool-58-thread-2] .t.t.s.TourGuideClientRewardsServiceImpl : Service - Distance calculated: 3992.595352862115
2021-11-27 20:34:20.882  INFO 530588 --- [ool-91-thread-2] .t.t.s.TourGuideClientRewardsServiceImpl : Service - Distance calculated: 3949.393153832883
2021-11-27 20:34:20.885  INFO 530588 --- [ool-58-thread-2] .t.t.s.TourGuideClientRewardsServiceImpl : Service - Distance calculated: 4069.148334253192
2021-11-27 20:34:20.882  INFO 530588 --- [ol-128-thread-2] .t.t.s.TourGuideClientRewardsServiceImpl : Service - Distance calculated: 4125.847457357652
2021-11-27 20:34:20.885  INFO 530588 --- [ool-58-thread-2] .t.t.s.TourGuideClientRewardsServiceImpl : Service - Distance calculated: 4131.762263659001
2021-11-27 20:34:20.885  INFO 530588 --- [ool-91-thread-2] .t.t.s.TourGuideClientRewardsServiceImpl : Service - Distance calculated: 3838.3139622925937
2021-11-27 20:34:20.885  INFO 530588 --- [ool-58-thread-2] .t.t.s.TourGuideClientRewardsServiceImpl : Service - Distance calculated: 5306.4309907028055
2021-11-27 20:34:20.885  INFO 530588 --- [ool-91-thread-2] .t.t.s.TourGuideClientRewardsServiceImpl : Service - Distance calculated: 3997.818399850062
2021-11-27 20:34:20.885  INFO 530588 --- [ool-58-thread-2] .t.t.s.TourGuideClientRewardsServiceImpl : Service - Distance calculated: 3979.110252633083
2021-11-27 20:34:20.882  INFO 530588 --- [ol-112-thread-2] .t.t.s.TourGuideClientRewardsServiceImpl : Service - Distance calculated: 546.4130595142259
2021-11-27 20:34:20.885  INFO 530588 --- [ool-58-thread-2] .t.t.s.TourGuideClientRewardsServiceImpl : Service - Distance calculated: 4579.511760446701
2021-11-27 20:34:20.885  INFO 530588 --- [ool-91-thread-2] .t.t.s.TourGuideClientRewardsServiceImpl : Service - Distance calculated: 4035.9858258971767
2021-11-27 20:34:20.882  INFO 530588 --- [ool-99-thread-2] .t.t.s.TourGuideClientRewardsServiceImpl : Service - Distance calculated: 3212.288322364782
2021-11-27 20:34:20.882  INFO 530588 --- [ool-52-thread-2] .t.t.s.TourGuideClientRewardsServiceImpl : Service - Distance calculated: 5813.870542329114
2021-11-27 20:34:20.885  INFO 530588 --- [ool-52-thread-2] .t.t.s.TourGuideClientRewardsServiceImpl : Service - Distance calculated: 5718.29402619689
2021-11-27 20:34:20.882  INFO 530588 --- [ool-94-thread-2] .t.t.s.TourGuideClientRewardsServiceImpl : Service - Distance calculated: 6482.55260285777
2021-11-27 20:34:20.882  INFO 530588 --- [ool-75-thread-2] .t.t.s.TourGuideClientRewardsServiceImpl : Service - Distance calculated: 2588.3154252510535
2021-11-27 20:34:20.882  INFO 530588 --- [ool-53-thread-2] .t.t.s.TourGuideClientRewardsServiceImpl : Service - Distance calculated: 8197.051510988424
2021-11-27 20:34:20.885  INFO 530588 --- [ool-75-thread-2] .t.t.s.TourGuideClientRewardsServiceImpl : Service - Distance calculated: 2732.6839339192147
2021-11-27 20:34:20.882  INFO 530588 --- [ool-60-thread-2] .t.t.s.TourGuideClientRewardsServiceImpl : Service - Distance calculated: 7956.6233602170605
2021-11-27 20:34:20.885  INFO 530588 --- [ool-53-thread-2] .t.t.s.TourGuideClientRewardsServiceImpl : Service - Distance calculated: 8671.607052634872
2021-11-27 20:34:20.885  INFO 530588 --- [ool-60-thread-2] .t.t.s.TourGuideClientRewardsServiceImpl : Service - Distance calculated: 7908.100426612218
2021-11-27 20:34:20.882  INFO 530588 --- [ool-77-thread-2] .t.t.s.TourGuideClientRewardsServiceImpl : Service - Distance calculated: 6030.270809240415
2021-11-27 20:34:20.885  INFO 530588 --- [ool-60-thread-2] .t.t.s.TourGuideClientRewardsServiceImpl : Service - Distance calculated: 7061.745847161984
2021-11-27 20:34:20.882  INFO 530588 --- [ol-126-thread-2] .t.t.s.TourGuideClientRewardsServiceImpl : Service - Distance calculated: 3768.7062535009086
2021-11-27 20:34:20.885  INFO 530588 --- [ool-60-thread-2] .t.t.s.TourGuideClientRewardsServiceImpl : Service - Distance calculated: 7193.530991870861
2021-11-27 20:34:20.882  INFO 530588 --- [ool-49-thread-2] .t.t.s.TourGuideClientRewardsServiceImpl : Service - Distance calculated: 9775.47164260692
2021-11-27 20:34:20.885  INFO 530588 --- [ool-60-thread-2] .t.t.s.TourGuideClientRewardsServiceImpl : Service - Distance calculated: 7441.544706638639
2021-11-27 20:34:20.885  INFO 530588 --- [ool-49-thread-2] .t.t.s.TourGuideClientRewardsServiceImpl : Service - Distance calculated: 10062.77180401575
2021-11-27 20:34:20.885  INFO 530588 --- [ool-49-thread-2] .t.t.s.TourGuideClientRewardsServiceImpl : Service - Distance calculated: 9496.440833012939
2021-11-27 20:34:20.882  INFO 530588 --- [ol-139-thread-2] .t.t.s.TourGuideClientRewardsServiceImpl : Service - Distance calculated: 4637.5578698865465
2021-11-27 20:34:20.882  INFO 530588 --- [ol-101-thread-2] .t.t.s.TourGuideClientRewardsServiceImpl : Service - Distance calculated: 8913.662251430007
2021-11-27 20:34:20.885  INFO 530588 --- [ol-139-thread-2] .t.t.s.TourGuideClientRewardsServiceImpl : Service - Distance calculated: 4646.034980723265
2021-11-27 20:34:20.882  INFO 530588 --- [ol-131-thread-2] .t.t.s.TourGuideClientRewardsServiceImpl : Service - Distance calculated: 5770.965595294978
2021-11-27 20:34:20.882  INFO 530588 --- [ol-136-thread-2] .t.t.s.TourGuideClientRewardsServiceImpl : Service - Distance calculated: 6369.388137210617
2021-11-27 20:34:20.885  INFO 530588 --- [ol-131-thread-2] .t.t.s.TourGuideClientRewardsServiceImpl : Service - Distance calculated: 7510.43932836011
2021-11-27 20:34:20.882  INFO 530588 --- [ol-123-thread-2] .t.t.s.TourGuideClientRewardsServiceImpl : Service - Distance calculated: 7074.56364683491
2021-11-27 20:34:20.882  INFO 530588 --- [ool-66-thread-2] .t.t.s.TourGuideClientRewardsServiceImpl : Service - Distance calculated: 6569.45522589187
2021-11-27 20:34:20.882  INFO 530588 --- [ol-110-thread-2] .t.t.s.TourGuideClientRewardsServiceImpl : Service - Distance calculated: 5425.735244530643
2021-11-27 20:34:20.885  INFO 530588 --- [ol-123-thread-2] .t.t.s.TourGuideClientRewardsServiceImpl : Service - Distance calculated: 6965.475321225507
2021-11-27 20:34:20.882  INFO 530588 --- [ol-127-thread-2] .t.t.s.TourGuideClientRewardsServiceImpl : Service - Distance calculated: 1072.7709810747024
2021-11-27 20:34:20.885  INFO 530588 --- [ol-123-thread-2] .t.t.s.TourGuideClientRewardsServiceImpl : Service - Distance calculated: 6918.930965783988
2021-11-27 20:34:20.882  INFO 530588 --- [ool-59-thread-2] .t.t.s.TourGuideClientRewardsServiceImpl : Service - Distance calculated: 9401.598519575464
2021-11-27 20:34:20.885  INFO 530588 --- [ol-123-thread-2] .t.t.s.TourGuideClientRewardsServiceImpl : Service - Distance calculated: 6071.751731288822
2021-11-27 20:34:20.882  INFO 530588 --- [ool-44-thread-2] .t.t.s.TourGuideClientRewardsServiceImpl : Service - Distance calculated: 8403.26319424982
2021-11-27 20:34:20.885  INFO 530588 --- [ol-123-thread-2] .t.t.s.TourGuideClientRewardsServiceImpl : Service - Distance calculated: 6225.001038969093
2021-11-27 20:34:20.882  INFO 530588 --- [ool-69-thread-2] .t.t.s.TourGuideClientRewardsServiceImpl : Service - Distance calculated: 4533.9097026398185
2021-11-27 20:34:20.882  INFO 530588 --- [ol-100-thread-2] .t.t.s.TourGuideClientRewardsServiceImpl : Service - Distance calculated: 8354.756184827673
2021-11-27 20:34:20.885  INFO 530588 --- [ool-69-thread-2] .t.t.s.TourGuideClientRewardsServiceImpl : Service - Distance calculated: 4334.594214652861
2021-11-27 20:34:20.882  INFO 530588 --- [ool-65-thread-2] .t.t.s.TourGuideClientRewardsServiceImpl : Service - Distance calculated: 5429.358219796083
2021-11-27 20:34:20.885  INFO 530588 --- [ol-100-thread-2] .t.t.s.TourGuideClientRewardsServiceImpl : Service - Distance calculated: 7880.588930783864
2021-11-27 20:34:20.885  INFO 530588 --- [ool-65-thread-2] .t.t.s.TourGuideClientRewardsServiceImpl : Service - Distance calculated: 4452.8288022165825
2021-11-27 20:34:20.883  INFO 530588 --- [ol-107-thread-2] .t.t.s.TourGuideClientRewardsServiceImpl : Service - Distance calculated: 7172.596692680928
2021-11-27 20:34:20.885  INFO 530588 --- [ool-65-thread-2] .t.t.s.TourGuideClientRewardsServiceImpl : Service - Distance calculated: 4517.331120873839
2021-11-27 20:34:20.883  INFO 530588 --- [ool-97-thread-2] .t.t.s.TourGuideClientRewardsServiceImpl : Service - Distance calculated: 11408.8310213287
2021-11-27 20:34:20.885  INFO 530588 --- [ool-65-thread-2] .t.t.s.TourGuideClientRewardsServiceImpl : Service - Distance calculated: 8351.933842536393
2021-11-27 20:34:20.883  INFO 530588 --- [ol-117-thread-2] .t.t.s.TourGuideClientRewardsServiceImpl : Service - Distance calculated: 4174.423762052214
2021-11-27 20:34:20.883  INFO 530588 --- [ool-46-thread-2] .t.t.s.TourGuideClientRewardsServiceImpl : Service - Distance calculated: 6439.09418216447
2021-11-27 20:34:20.883  INFO 530588 --- [ol-115-thread-2] .t.t.s.TourGuideClientRewardsServiceImpl : Service - Distance calculated: 9018.89974807202
2021-11-27 20:34:20.883  INFO 530588 --- [ool-73-thread-2] .t.t.s.TourGuideClientRewardsServiceImpl : Service - Distance calculated: 2967.596036698794
2021-11-27 20:34:20.886  INFO 530588 --- [ol-115-thread-2] .t.t.s.TourGuideClientRewardsServiceImpl : Service - Distance calculated: 10429.868120542698
2021-11-27 20:34:20.883  INFO 530588 --- [ol-138-thread-2] .t.t.s.TourGuideClientRewardsServiceImpl : Service - Distance calculated: 2772.63242783829
2021-11-27 20:34:20.886  INFO 530588 --- [ol-115-thread-2] .t.t.s.TourGuideClientRewardsServiceImpl : Service - Distance calculated: 11532.945579289566
2021-11-27 20:34:20.883  INFO 530588 --- [ool-48-thread-2] .t.t.s.TourGuideClientRewardsServiceImpl : Service - Distance calculated: 3725.0645783014143
2021-11-27 20:34:20.886  INFO 530588 --- [ol-138-thread-2] .t.t.s.TourGuideClientRewardsServiceImpl : Service - Distance calculated: 2248.8366556919736
2021-11-27 20:34:20.883  INFO 530588 --- [ool-95-thread-2] .t.t.s.TourGuideClientRewardsServiceImpl : Service - Distance calculated: 7285.374089186656
2021-11-27 20:34:20.886  INFO 530588 --- [ool-48-thread-2] .t.t.s.TourGuideClientRewardsServiceImpl : Service - Distance calculated: 3778.048863470935
2021-11-27 20:34:20.883  INFO 530588 --- [ool-82-thread-2] .t.t.s.TourGuideClientRewardsServiceImpl : Service - Distance calculated: 7683.720966824944
2021-11-27 20:34:20.886  INFO 530588 --- [ool-48-thread-2] .t.t.s.TourGuideClientRewardsServiceImpl : Service - Distance calculated: 3675.954063473338
2021-11-27 20:34:20.883 DEBUG 530588 --- [    Test worker] c.t.t.s.TourGuideClientServiceImpl       : Service - Visited location added for user: internalUser49
2021-11-27 20:34:20.886  INFO 530588 --- [ool-95-thread-2] .t.t.s.TourGuideClientRewardsServiceImpl : Service - Distance calculated: 7350.26112625157
2021-11-27 20:34:20.883  INFO 530588 --- [ool-57-thread-2] .t.t.s.TourGuideClientRewardsServiceImpl : Service - Distance calculated: 9052.126169602168
2021-11-27 20:34:20.886 DEBUG 530588 --- [    Test worker] c.t.t.s.TourGuideClientServiceImpl       : Service - Visited location added for user: internalUser48
2021-11-27 20:34:20.886  INFO 530588 --- [ool-95-thread-2] .t.t.s.TourGuideClientRewardsServiceImpl : Service - Distance calculated: 7232.217532140295
2021-11-27 20:34:20.886 DEBUG 530588 --- [    Test worker] c.t.t.s.TourGuideClientServiceImpl       : Service - Visited location added for user: internalUser45
2021-11-27 20:34:20.883  INFO 530588 --- [ol-134-thread-2] .t.t.s.TourGuideClientRewardsServiceImpl : Service - Distance calculated: 1351.5735098135854
2021-11-27 20:34:20.886 DEBUG 530588 --- [    Test worker] c.t.t.s.TourGuideClientServiceImpl       : Service - Visited location added for user: internalUser44
2021-11-27 20:34:20.883  INFO 530588 --- [ol-118-thread-2] .t.t.s.TourGuideClientRewardsServiceImpl : Service - Distance calculated: 1698.282280441009
2021-11-27 20:34:20.886  INFO 530588 --- [ool-57-thread-2] .t.t.s.TourGuideClientRewardsServiceImpl : Service - Distance calculated: 10651.178222046243
2021-11-27 20:34:20.883  INFO 530588 --- [ol-109-thread-2] .t.t.s.TourGuideClientRewardsServiceImpl : Service - Distance calculated: 7552.311608036254
2021-11-27 20:34:20.886  INFO 530588 --- [ool-57-thread-2] .t.t.s.TourGuideClientRewardsServiceImpl : Service - Distance calculated: 10470.714847592748
2021-11-27 20:34:20.883  INFO 530588 --- [ool-64-thread-2] .t.t.s.TourGuideClientRewardsServiceImpl : Service - Distance calculated: 8941.84667999804
2021-11-27 20:34:20.886  INFO 530588 --- [ool-57-thread-2] .t.t.s.TourGuideClientRewardsServiceImpl : Service - Distance calculated: 8709.863806626006
2021-11-27 20:34:20.886  INFO 530588 --- [ol-109-thread-2] .t.t.s.TourGuideClientRewardsServiceImpl : Service - Distance calculated: 7585.444955318169
2021-11-27 20:34:20.886  INFO 530588 --- [ool-57-thread-2] .t.t.s.TourGuideClientRewardsServiceImpl : Service - Distance calculated: 11060.316893204696
2021-11-27 20:34:20.886  INFO 530588 --- [ool-64-thread-2] .t.t.s.TourGuideClientRewardsServiceImpl : Service - Distance calculated: 8137.753083996755
2021-11-27 20:34:20.883  INFO 530588 --- [ol-103-thread-2] .t.t.s.TourGuideClientRewardsServiceImpl : Service - Distance calculated: 8240.210346715132
2021-11-27 20:34:20.883  INFO 530588 --- [ool-87-thread-2] .t.t.s.TourGuideClientRewardsServiceImpl : Service - Distance calculated: 8036.82514156718
2021-11-27 20:34:20.883  INFO 530588 --- [ool-43-thread-2] .t.t.s.TourGuideClientRewardsServiceImpl : Service - Distance calculated: 8273.785866209837
2021-11-27 20:34:20.886  INFO 530588 --- [ool-87-thread-2] .t.t.s.TourGuideClientRewardsServiceImpl : Service - Distance calculated: 8710.565672984589
2021-11-27 20:34:20.883  INFO 530588 --- [ool-56-thread-2] .t.t.s.TourGuideClientRewardsServiceImpl : Service - Distance calculated: 8208.16867715541
2021-11-27 20:34:20.883  INFO 530588 --- [ool-85-thread-2] .t.t.s.TourGuideClientRewardsServiceImpl : Service - Distance calculated: 11362.305506669161
2021-11-27 20:34:20.886  INFO 530588 --- [ool-56-thread-2] .t.t.s.TourGuideClientRewardsServiceImpl : Service - Distance calculated: 7723.738183964834
2021-11-27 20:34:20.883  INFO 530588 --- [ool-88-thread-2] .t.t.s.TourGuideClientRewardsServiceImpl : Service - Distance calculated: 2346.234253193736
2021-11-27 20:34:20.886  INFO 530588 --- [ool-56-thread-2] .t.t.s.TourGuideClientRewardsServiceImpl : Service - Distance calculated: 8787.136888186924
2021-11-27 20:34:20.883  INFO 530588 --- [ol-129-thread-2] .t.t.s.TourGuideClientRewardsServiceImpl : Service - Distance calculated: 8465.58317928043
2021-11-27 20:34:20.883  INFO 530588 --- [ool-83-thread-2] .t.t.s.TourGuideClientRewardsServiceImpl : Service - Distance calculated: 5169.362961608106
2021-11-27 20:34:20.883  INFO 530588 --- [ol-142-thread-2] .t.t.s.TourGuideClientRewardsServiceImpl : Service - Distance calculated: 6701.6810347543305
2021-11-27 20:34:20.883  INFO 530588 --- [ol-122-thread-2] .t.t.s.TourGuideClientRewardsServiceImpl : Service - Distance calculated: 7394.464187952507
2021-11-27 20:34:20.883  INFO 530588 --- [ool-51-thread-2] .t.t.s.TourGuideClientRewardsServiceImpl : Service - Distance calculated: 8131.214627765936
2021-11-27 20:34:20.883  INFO 530588 --- [ool-78-thread-2] .t.t.s.TourGuideClientRewardsServiceImpl : Service - Distance calculated: 4130.267361720723
2021-11-27 20:34:20.886  INFO 530588 --- [ool-51-thread-2] .t.t.s.TourGuideClientRewardsServiceImpl : Service - Distance calculated: 8321.394139259362
2021-11-27 20:34:20.883  INFO 530588 --- [ol-130-thread-2] .t.t.s.TourGuideClientRewardsServiceImpl : Service - Distance calculated: 5868.655432886889
2021-11-27 20:34:20.886  INFO 530588 --- [ool-51-thread-2] .t.t.s.TourGuideClientRewardsServiceImpl : Service - Distance calculated: 7931.853380350235
2021-11-27 20:34:20.883  INFO 530588 --- [ool-68-thread-2] .t.t.s.TourGuideClientRewardsServiceImpl : Service - Distance calculated: 6173.362960428967
2021-11-27 20:34:20.883  INFO 530588 --- [ool-71-thread-2] .t.t.s.TourGuideClientRewardsServiceImpl : Service - Distance calculated: 10757.732178238135
2021-11-27 20:34:20.886  INFO 530588 --- [ool-68-thread-2] .t.t.s.TourGuideClientRewardsServiceImpl : Service - Distance calculated: 7305.960236560289
2021-11-27 20:34:20.883  INFO 530588 --- [ool-61-thread-2] .t.t.s.TourGuideClientRewardsServiceImpl : Service - Distance calculated: 9692.945584668822
2021-11-27 20:34:20.886  INFO 530588 --- [ool-71-thread-2] .t.t.s.TourGuideClientRewardsServiceImpl : Service - Distance calculated: 11365.561356341983
2021-11-27 20:34:20.884  INFO 530588 --- [ool-70-thread-2] .t.t.s.TourGuideClientRewardsServiceImpl : Service - Distance calculated: 5062.884838447445
2021-11-27 20:34:20.886  INFO 530588 --- [ool-71-thread-2] .t.t.s.TourGuideClientRewardsServiceImpl : Service - Distance calculated: 10840.002740280546
2021-11-27 20:34:20.884  INFO 530588 --- [ol-137-thread-2] .t.t.s.TourGuideClientRewardsServiceImpl : Service - Distance calculated: 1904.0639845937847
2021-11-27 20:34:20.886  INFO 530588 --- [ool-71-thread-2] .t.t.s.TourGuideClientRewardsServiceImpl : Service - Distance calculated: 10755.316832660244
2021-11-27 20:34:20.884  INFO 530588 --- [ol-104-thread-2] .t.t.s.TourGuideClientRewardsServiceImpl : Service - Distance calculated: 1787.5830534743745
2021-11-27 20:34:20.884  INFO 530588 --- [ool-81-thread-2] .t.t.s.TourGuideClientRewardsServiceImpl : Service - Distance calculated: 5150.484314070942
2021-11-27 20:34:20.884  INFO 530588 --- [ol-140-thread-2] .t.t.s.TourGuideClientRewardsServiceImpl : Service - Distance calculated: 5761.7414976193095
2021-11-27 20:34:20.887  INFO 530588 --- [ool-81-thread-2] .t.t.s.TourGuideClientRewardsServiceImpl : Service - Distance calculated: 5240.070134485751
2021-11-27 20:34:20.887  INFO 530588 --- [ol-140-thread-2] .t.t.s.TourGuideClientRewardsServiceImpl : Service - Distance calculated: 5290.629437131165
2021-11-27 20:34:20.884  INFO 530588 --- [ool-67-thread-2] .t.t.s.TourGuideClientRewardsServiceImpl : Service - Distance calculated: 6503.335304858947
2021-11-27 20:34:20.887  INFO 530588 --- [ol-140-thread-2] .t.t.s.TourGuideClientRewardsServiceImpl : Service - Distance calculated: 5245.625183496435
2021-11-27 20:34:20.884  INFO 530588 --- [ool-86-thread-2] .t.t.s.TourGuideClientRewardsServiceImpl : Service - Distance calculated: 4634.4731204212585
2021-11-27 20:34:20.884  INFO 530588 --- [ool-54-thread-2] .t.t.s.TourGuideClientRewardsServiceImpl : Service - Distance calculated: 3989.32432420637
2021-11-27 20:34:20.884  INFO 530588 --- [ol-120-thread-2] .t.t.s.TourGuideClientRewardsServiceImpl : Service - Distance calculated: 3731.025972360147
2021-11-27 20:34:20.884  INFO 530588 --- [ol-119-thread-2] .t.t.s.TourGuideClientRewardsServiceImpl : Service - Distance calculated: 9010.895450617656
2021-11-27 20:34:20.884  INFO 530588 --- [ool-72-thread-2] .t.t.s.TourGuideClientRewardsServiceImpl : Service - Distance calculated: 5515.572665835176
2021-11-27 20:34:20.884  INFO 530588 --- [ool-89-thread-2] .t.t.s.TourGuideClientRewardsServiceImpl : Service - Distance calculated: 11168.455538368231
2021-11-27 20:34:20.884  INFO 530588 --- [ol-125-thread-2] .t.t.s.TourGuideClientRewardsServiceImpl : Service - Distance calculated: 1465.7038563480048
2021-11-27 20:34:20.887  INFO 530588 --- [ool-89-thread-2] .t.t.s.TourGuideClientRewardsServiceImpl : Service - Distance calculated: 10954.794930827074
2021-11-27 20:34:20.887  INFO 530588 --- [ol-125-thread-2] .t.t.s.TourGuideClientRewardsServiceImpl : Service - Distance calculated: 4126.80933613051
2021-11-27 20:34:20.884  INFO 530588 --- [ool-80-thread-2] .t.t.s.TourGuideClientRewardsServiceImpl : Service - Distance calculated: 7173.4656023282605
2021-11-27 20:34:20.887  INFO 530588 --- [ol-125-thread-2] .t.t.s.TourGuideClientRewardsServiceImpl : Service - Distance calculated: 1955.4983571613357
2021-11-27 20:34:20.884  INFO 530588 --- [ool-74-thread-2] .t.t.s.TourGuideClientRewardsServiceImpl : Service - Distance calculated: 10695.970295580879
2021-11-27 20:34:20.887  INFO 530588 --- [ool-80-thread-2] .t.t.s.TourGuideClientRewardsServiceImpl : Service - Distance calculated: 6605.93354205896
2021-11-27 20:34:20.887  INFO 530588 --- [ool-80-thread-2] .t.t.s.TourGuideClientRewardsServiceImpl : Service - Distance calculated: 6522.576474840242
2021-11-27 20:34:20.884  INFO 530588 --- [ool-96-thread-2] .t.t.s.TourGuideClientRewardsServiceImpl : Service - Distance calculated: 2543.173484689074
2021-11-27 20:34:20.884  INFO 530588 --- [ool-55-thread-2] .t.t.s.TourGuideClientRewardsServiceImpl : Service - Distance calculated: 2633.1807983458784
2021-11-27 20:34:20.887  INFO 530588 --- [ool-96-thread-2] .t.t.s.TourGuideClientRewardsServiceImpl : Service - Distance calculated: 4842.239303126718
2021-11-27 20:34:20.884  INFO 530588 --- [ool-45-thread-2] .t.t.s.TourGuideClientRewardsServiceImpl : Service - Distance calculated: 4159.109324058038
2021-11-27 20:34:20.887  INFO 530588 --- [ool-55-thread-2] .t.t.s.TourGuideClientRewardsServiceImpl : Service - Distance calculated: 2297.43085423937
2021-11-27 20:34:20.884  INFO 530588 --- [ol-135-thread-2] .t.t.s.TourGuideClientRewardsServiceImpl : Service - Distance calculated: 7407.111125991783
2021-11-27 20:34:20.887  INFO 530588 --- [ool-55-thread-2] .t.t.s.TourGuideClientRewardsServiceImpl : Service - Distance calculated: 3377.6877552287706
2021-11-27 20:34:20.884  INFO 530588 --- [ol-113-thread-2] .t.t.s.TourGuideClientRewardsServiceImpl : Service - Distance calculated: 10999.9385883407
2021-11-27 20:34:20.887  INFO 530588 --- [ol-135-thread-2] .t.t.s.TourGuideClientRewardsServiceImpl : Service - Distance calculated: 6823.249039635242
2021-11-27 20:34:20.884  INFO 530588 --- [ol-141-thread-2] .t.t.s.TourGuideClientRewardsServiceImpl : Service - Distance calculated: 3142.0133081536082
2021-11-27 20:34:20.887  INFO 530588 --- [ol-135-thread-2] .t.t.s.TourGuideClientRewardsServiceImpl : Service - Distance calculated: 7017.936264487559
2021-11-27 20:34:20.884  INFO 530588 --- [ol-111-thread-2] .t.t.s.TourGuideClientRewardsServiceImpl : Service - Distance calculated: 4320.646354710292
2021-11-27 20:34:20.884  INFO 530588 --- [ool-93-thread-2] .t.t.s.TourGuideClientRewardsServiceImpl : Service - Distance calculated: 3460.144061681179
2021-11-27 20:34:20.887  INFO 530588 --- [ol-111-thread-2] .t.t.s.TourGuideClientRewardsServiceImpl : Service - Distance calculated: 4617.177413234684
2021-11-27 20:34:20.884  INFO 530588 --- [ol-133-thread-2] .t.t.s.TourGuideClientRewardsServiceImpl : Service - Distance calculated: 6636.2737240218285
2021-11-27 20:34:20.887  INFO 530588 --- [ool-93-thread-2] .t.t.s.TourGuideClientRewardsServiceImpl : Service - Distance calculated: 4425.192914371157
2021-11-27 20:34:20.884  INFO 530588 --- [ool-47-thread-2] .t.t.s.TourGuideClientRewardsServiceImpl : Service - Distance calculated: 4493.899316394078
2021-11-27 20:34:20.887  INFO 530588 --- [ool-93-thread-2] .t.t.s.TourGuideClientRewardsServiceImpl : Service - Distance calculated: 3048.053253745239
2021-11-27 20:34:20.884  INFO 530588 --- [ool-79-thread-2] .t.t.s.TourGuideClientRewardsServiceImpl : Service - Distance calculated: 5647.436662774411
2021-11-27 20:34:20.887  INFO 530588 --- [ool-93-thread-2] .t.t.s.TourGuideClientRewardsServiceImpl : Service - Distance calculated: 3043.9061943887696
2021-11-27 20:34:20.887  INFO 530588 --- [ool-79-thread-2] .t.t.s.TourGuideClientRewardsServiceImpl : Service - Distance calculated: 4685.040357593877
2021-11-27 20:34:20.884  INFO 530588 --- [ool-90-thread-2] .t.t.s.TourGuideClientRewardsServiceImpl : Service - Distance calculated: 2923.3483374950324
2021-11-27 20:34:20.884  INFO 530588 --- [ol-102-thread-2] .t.t.s.TourGuideClientRewardsServiceImpl : Service - Distance calculated: 4457.878756755817
2021-11-27 20:34:20.884  INFO 530588 --- [ol-114-thread-2] .t.t.s.TourGuideClientRewardsServiceImpl : Service - Distance calculated: 3694.66789966227
2021-11-27 20:34:20.884  INFO 530588 --- [ol-106-thread-2] .t.t.s.TourGuideClientRewardsServiceImpl : Service - Distance calculated: 5032.954969900117
2021-11-27 20:34:20.887  INFO 530588 --- [ol-114-thread-2] .t.t.s.TourGuideClientRewardsServiceImpl : Service - Distance calculated: 4775.60152707348
2021-11-27 20:34:20.884  INFO 530588 --- [ool-50-thread-2] .t.t.s.TourGuideClientRewardsServiceImpl : Service - Distance calculated: 2098.3752098785735
2021-11-27 20:34:20.887  INFO 530588 --- [ol-106-thread-2] .t.t.s.TourGuideClientRewardsServiceImpl : Service - Distance calculated: 7410.761085055127
2021-11-27 20:34:20.884  INFO 530588 --- [ool-98-thread-2] .t.t.s.TourGuideClientRewardsServiceImpl : Service - Distance calculated: 4208.636361940756
2021-11-27 20:34:20.887  INFO 530588 --- [ol-106-thread-2] .t.t.s.TourGuideClientRewardsServiceImpl : Service - Distance calculated: 4560.81813231103
2021-11-27 20:34:20.885  INFO 530588 --- [ol-105-thread-2] .t.t.s.TourGuideClientRewardsServiceImpl : Service - Distance calculated: 3614.706219158823
2021-11-27 20:34:20.887  INFO 530588 --- [ool-98-thread-2] .t.t.s.TourGuideClientRewardsServiceImpl : Service - Distance calculated: 5211.434135283357
2021-11-27 20:34:20.885  INFO 530588 --- [ool-92-thread-2] .t.t.s.TourGuideClientRewardsServiceImpl : Service - Distance calculated: 8253.214540061395
2021-11-27 20:34:20.887  INFO 530588 --- [ool-98-thread-2] .t.t.s.TourGuideClientRewardsServiceImpl : Service - Distance calculated: 4466.249504804125
2021-11-27 20:34:20.885  INFO 530588 --- [ool-63-thread-2] .t.t.s.TourGuideClientRewardsServiceImpl : Service - Distance calculated: 3090.197848423012
2021-11-27 20:34:20.885  INFO 530588 --- [ol-116-thread-2] .t.t.s.TourGuideClientRewardsServiceImpl : Service - Distance calculated: 5003.946111681316
2021-11-27 20:34:20.887  INFO 530588 --- [ool-63-thread-2] .t.t.s.TourGuideClientRewardsServiceImpl : Service - Distance calculated: 2406.4209326228615
2021-11-27 20:34:20.888  INFO 530588 --- [ool-63-thread-2] .t.t.s.TourGuideClientRewardsServiceImpl : Service - Distance calculated: 1949.378787266473
2021-11-27 20:34:20.885  INFO 530588 --- [ol-128-thread-2] .t.t.s.TourGuideClientRewardsServiceImpl : Service - Distance calculated: 5774.113986251608
2021-11-27 20:34:20.888  INFO 530588 --- [ool-63-thread-2] .t.t.s.TourGuideClientRewardsServiceImpl : Service - Distance calculated: 2409.70547057166
2021-11-27 20:34:20.885  INFO 530588 --- [ool-58-thread-2] .t.t.s.TourGuideClientRewardsServiceImpl : Service - Distance calculated: 5142.722774370342
2021-11-27 20:34:20.885  INFO 530588 --- [ol-112-thread-2] .t.t.s.TourGuideClientRewardsServiceImpl : Service - Distance calculated: 595.8983054196872
2021-11-27 20:34:20.888  INFO 530588 --- [ool-58-thread-2] .t.t.s.TourGuideClientRewardsServiceImpl : Service - Distance calculated: 4182.427049065348
2021-11-27 20:34:20.885  INFO 530588 --- [ool-99-thread-2] .t.t.s.TourGuideClientRewardsServiceImpl : Service - Distance calculated: 3258.64248413151
2021-11-27 20:34:20.888  INFO 530588 --- [ool-58-thread-2] .t.t.s.TourGuideClientRewardsServiceImpl : Service - Distance calculated: 4810.609929376894
2021-11-27 20:34:20.885  INFO 530588 --- [ool-91-thread-2] .t.t.s.TourGuideClientRewardsServiceImpl : Service - Distance calculated: 4900.911096859508
2021-11-27 20:34:20.888  INFO 530588 --- [ool-99-thread-2] .t.t.s.TourGuideClientRewardsServiceImpl : Service - Distance calculated: 2962.67913177678
2021-11-27 20:34:20.888  INFO 530588 --- [ool-91-thread-2] .t.t.s.TourGuideClientRewardsServiceImpl : Service - Distance calculated: 4962.97050180419
2021-11-27 20:34:20.885  INFO 530588 --- [ool-52-thread-2] .t.t.s.TourGuideClientRewardsServiceImpl : Service - Distance calculated: 5845.75787820756
2021-11-27 20:34:20.888  INFO 530588 --- [ool-91-thread-2] .t.t.s.TourGuideClientRewardsServiceImpl : Service - Distance calculated: 4371.928281817014
2021-11-27 20:34:20.885  INFO 530588 --- [ool-94-thread-2] .t.t.s.TourGuideClientRewardsServiceImpl : Service - Distance calculated: 6501.193559267619
2021-11-27 20:34:20.888  INFO 530588 --- [ool-91-thread-2] .t.t.s.TourGuideClientRewardsServiceImpl : Service - Distance calculated: 5075.8256844273055
2021-11-27 20:34:20.888  INFO 530588 --- [ool-91-thread-2] .t.t.s.TourGuideClientRewardsServiceImpl : Service - Distance calculated: 5165.324771569191
2021-11-27 20:34:20.885  INFO 530588 --- [ool-75-thread-2] .t.t.s.TourGuideClientRewardsServiceImpl : Service - Distance calculated: 2869.967316423669
2021-11-27 20:34:20.885  INFO 530588 --- [ool-53-thread-2] .t.t.s.TourGuideClientRewardsServiceImpl : Service - Distance calculated: 8970.37638058392
2021-11-27 20:34:20.885  INFO 530588 --- [ool-77-thread-2] .t.t.s.TourGuideClientRewardsServiceImpl : Service - Distance calculated: 6031.858757100287
2021-11-27 20:34:20.888  INFO 530588 --- [ool-77-thread-2] .t.t.s.TourGuideClientRewardsServiceImpl : Service - Distance calculated: 5054.391414297161
2021-11-27 20:34:20.888  INFO 530588 --- [ool-53-thread-2] .t.t.s.TourGuideClientRewardsServiceImpl : Service - Distance calculated: 8805.590192537216
2021-11-27 20:34:20.885  INFO 530588 --- [ol-126-thread-2] .t.t.s.TourGuideClientRewardsServiceImpl : Service - Distance calculated: 3573.370208262587
2021-11-27 20:34:20.888  INFO 530588 --- [ool-53-thread-2] .t.t.s.TourGuideClientRewardsServiceImpl : Service - Distance calculated: 8787.37222192354
2021-11-27 20:34:20.885  INFO 530588 --- [ool-60-thread-2] .t.t.s.TourGuideClientRewardsServiceImpl : Service - Distance calculated: 7229.186405821007
2021-11-27 20:34:20.885  INFO 530588 --- [ool-49-thread-2] .t.t.s.TourGuideClientRewardsServiceImpl : Service - Distance calculated: 10273.628873441998
2021-11-27 20:34:20.885  INFO 530588 --- [ol-101-thread-2] .t.t.s.TourGuideClientRewardsServiceImpl : Service - Distance calculated: 8778.608839116669
2021-11-27 20:34:20.888  INFO 530588 --- [ool-60-thread-2] .t.t.s.TourGuideClientRewardsServiceImpl : Service - Distance calculated: 7653.330379783399
2021-11-27 20:34:20.888  INFO 530588 --- [ol-101-thread-2] .t.t.s.TourGuideClientRewardsServiceImpl : Service - Distance calculated: 8819.856060742582
2021-11-27 20:34:20.885  INFO 530588 --- [ol-139-thread-2] .t.t.s.TourGuideClientRewardsServiceImpl : Service - Distance calculated: 3697.8554689289303
2021-11-27 20:34:20.888  INFO 530588 --- [ol-101-thread-2] .t.t.s.TourGuideClientRewardsServiceImpl : Service - Distance calculated: 8807.905961142418
2021-11-27 20:34:20.885  INFO 530588 --- [ol-136-thread-2] .t.t.s.TourGuideClientRewardsServiceImpl : Service - Distance calculated: 6081.822974895423
2021-11-27 20:34:20.888  INFO 530588 --- [ol-101-thread-2] .t.t.s.TourGuideClientRewardsServiceImpl : Service - Distance calculated: 7692.980653518629
2021-11-27 20:34:20.885  INFO 530588 --- [ol-131-thread-2] .t.t.s.TourGuideClientRewardsServiceImpl : Service - Distance calculated: 6891.1123529458555
2021-11-27 20:34:20.888  INFO 530588 --- [ol-101-thread-2] .t.t.s.TourGuideClientRewardsServiceImpl : Service - Distance calculated: 7656.178624194104
2021-11-27 20:34:20.885  INFO 530588 --- [ool-66-thread-2] .t.t.s.TourGuideClientRewardsServiceImpl : Service - Distance calculated: 11221.490736594305
2021-11-27 20:34:20.888  INFO 530588 --- [ol-101-thread-2] .t.t.s.TourGuideClientRewardsServiceImpl : Service - Distance calculated: 8456.318922531946
2021-11-27 20:34:20.885  INFO 530588 --- [ol-110-thread-2] .t.t.s.TourGuideClientRewardsServiceImpl : Service - Distance calculated: 5354.889859685752
2021-11-27 20:34:20.888  INFO 530588 --- [ol-101-thread-2] .t.t.s.TourGuideClientRewardsServiceImpl : Service - Distance calculated: 7356.807169331816
2021-11-27 20:34:20.888  INFO 530588 --- [ool-66-thread-2] .t.t.s.TourGuideClientRewardsServiceImpl : Service - Distance calculated: 11136.94441700476
2021-11-27 20:34:20.888  INFO 530588 --- [ol-110-thread-2] .t.t.s.TourGuideClientRewardsServiceImpl : Service - Distance calculated: 5573.17176120152
2021-11-27 20:34:20.888  INFO 530588 --- [ol-101-thread-2] .t.t.s.TourGuideClientRewardsServiceImpl : Service - Distance calculated: 7324.697859736316
2021-11-27 20:34:20.885  INFO 530588 --- [ol-127-thread-2] .t.t.s.TourGuideClientRewardsServiceImpl : Service - Distance calculated: 552.3369796100824
2021-11-27 20:34:20.888  INFO 530588 --- [ol-101-thread-2] .t.t.s.TourGuideClientRewardsServiceImpl : Service - Distance calculated: 10229.638065485444
2021-11-27 20:34:20.885  INFO 530588 --- [ool-59-thread-2] .t.t.s.TourGuideClientRewardsServiceImpl : Service - Distance calculated: 7706.306071088769
2021-11-27 20:34:20.885  INFO 530588 --- [ol-123-thread-2] .t.t.s.TourGuideClientRewardsServiceImpl : Service - Distance calculated: 6452.022402389817
2021-11-27 20:34:20.888  INFO 530588 --- [ool-59-thread-2] .t.t.s.TourGuideClientRewardsServiceImpl : Service - Distance calculated: 8850.529505590981
2021-11-27 20:34:20.885  INFO 530588 --- [ool-44-thread-2] .t.t.s.TourGuideClientRewardsServiceImpl : Service - Distance calculated: 9177.572218117104
2021-11-27 20:34:20.888  INFO 530588 --- [ool-59-thread-2] .t.t.s.TourGuideClientRewardsServiceImpl : Service - Distance calculated: 9094.75346069985
2021-11-27 20:34:20.885  INFO 530588 --- [ool-69-thread-2] .t.t.s.TourGuideClientRewardsServiceImpl : Service - Distance calculated: 4416.606167803728
2021-11-27 20:34:20.888  INFO 530588 --- [ool-44-thread-2] .t.t.s.TourGuideClientRewardsServiceImpl : Service - Distance calculated: 8549.737792646392
2021-11-27 20:34:20.885  INFO 530588 --- [ol-100-thread-2] .t.t.s.TourGuideClientRewardsServiceImpl : Service - Distance calculated: 6663.902099350705
2021-11-27 20:34:20.888  INFO 530588 --- [ool-44-thread-2] .t.t.s.TourGuideClientRewardsServiceImpl : Service - Distance calculated: 8462.928872244784
2021-11-27 20:34:20.885  INFO 530588 --- [ol-107-thread-2] .t.t.s.TourGuideClientRewardsServiceImpl : Service - Distance calculated: 6623.495237694989
2021-11-27 20:34:20.888  INFO 530588 --- [ool-44-thread-2] .t.t.s.TourGuideClientRewardsServiceImpl : Service - Distance calculated: 9238.382670110397
2021-11-27 20:34:20.885  INFO 530588 --- [ool-97-thread-2] .t.t.s.TourGuideClientRewardsServiceImpl : Service - Distance calculated: 11256.52943664622
2021-11-27 20:34:20.888  INFO 530588 --- [ool-44-thread-2] .t.t.s.TourGuideClientRewardsServiceImpl : Service - Distance calculated: 9142.571987700465
2021-11-27 20:34:20.885  INFO 530588 --- [ool-65-thread-2] .t.t.s.TourGuideClientRewardsServiceImpl : Service - Distance calculated: 8994.445561007624
2021-11-27 20:34:20.888  INFO 530588 --- [ool-44-thread-2] .t.t.s.TourGuideClientRewardsServiceImpl : Service - Distance calculated: 8494.193077583746
2021-11-27 20:34:20.888  INFO 530588 --- [ool-97-thread-2] .t.t.s.TourGuideClientRewardsServiceImpl : Service - Distance calculated: 11242.420890713283
2021-11-27 20:34:20.888  INFO 530588 --- [ool-65-thread-2] .t.t.s.TourGuideClientRewardsServiceImpl : Service - Distance calculated: 8516.515723439048
2021-11-27 20:34:20.886  INFO 530588 --- [ool-46-thread-2] .t.t.s.TourGuideClientRewardsServiceImpl : Service - Distance calculated: 5549.216721652994
2021-11-27 20:34:20.886  INFO 530588 --- [ol-117-thread-2] .t.t.s.TourGuideClientRewardsServiceImpl : Service - Distance calculated: 3545.281857390612
2021-11-27 20:34:20.889  INFO 530588 --- [ool-65-thread-2] .t.t.s.TourGuideClientRewardsServiceImpl : Service - Distance calculated: 8454.115803111288
2021-11-27 20:34:20.889  INFO 530588 --- [ol-117-thread-2] .t.t.s.TourGuideClientRewardsServiceImpl : Service - Distance calculated: 3797.3776081059486
2021-11-27 20:34:20.889  INFO 530588 --- [ool-46-thread-2] .t.t.s.TourGuideClientRewardsServiceImpl : Service - Distance calculated: 5470.398382966206
2021-11-27 20:34:20.889  INFO 530588 --- [ol-117-thread-2] .t.t.s.TourGuideClientRewardsServiceImpl : Service - Distance calculated: 3310.1617645419137
2021-11-27 20:34:20.886  INFO 530588 --- [ool-73-thread-2] .t.t.s.TourGuideClientRewardsServiceImpl : Service - Distance calculated: 3808.3411276226457
2021-11-27 20:34:20.886  INFO 530588 --- [ol-115-thread-2] .t.t.s.TourGuideClientRewardsServiceImpl : Service - Distance calculated: 9490.783775303242
2021-11-27 20:34:20.886  INFO 530588 --- [ol-138-thread-2] .t.t.s.TourGuideClientRewardsServiceImpl : Service - Distance calculated: 3261.608128132585
2021-11-27 20:34:20.889  INFO 530588 --- [ol-115-thread-2] .t.t.s.TourGuideClientRewardsServiceImpl : Service - Distance calculated: 10322.456081115115
2021-11-27 20:34:20.886  INFO 530588 --- [ool-82-thread-2] .t.t.s.TourGuideClientRewardsServiceImpl : Service - Distance calculated: 2462.9186591487173
2021-11-27 20:34:20.886  INFO 530588 --- [ool-48-thread-2] .t.t.s.TourGuideClientRewardsServiceImpl : Service - Distance calculated: 3608.3673139376797
2021-11-27 20:34:20.886  INFO 530588 --- [ool-95-thread-2] .t.t.s.TourGuideClientRewardsServiceImpl : Service - Distance calculated: 6549.693138005312
2021-11-27 20:34:20.886 DEBUG 530588 --- [    Test worker] c.t.t.s.TourGuideClientServiceImpl       : Service - Visited location added for user: internalUser47
2021-11-27 20:34:20.886  INFO 530588 --- [ol-134-thread-2] .t.t.s.TourGuideClientRewardsServiceImpl : Service - Distance calculated: 2942.906653079654
2021-11-27 20:34:20.889 DEBUG 530588 --- [    Test worker] c.t.t.s.TourGuideClientServiceImpl       : Service - Visited location added for user: internalUser46
2021-11-27 20:34:20.886  INFO 530588 --- [ol-118-thread-2] .t.t.s.TourGuideClientRewardsServiceImpl : Service - Distance calculated: 1969.9924786348354
2021-11-27 20:34:20.889  INFO 530588 --- [ol-134-thread-2] .t.t.s.TourGuideClientRewardsServiceImpl : Service - Distance calculated: 2940.781817128799
2021-11-27 20:34:20.886  INFO 530588 --- [ool-57-thread-2] .t.t.s.TourGuideClientRewardsServiceImpl : Service - Distance calculated: 10783.705095075227
2021-11-27 20:34:20.889  INFO 530588 --- [ol-134-thread-2] .t.t.s.TourGuideClientRewardsServiceImpl : Service - Distance calculated: 3034.78497402381
2021-11-27 20:34:20.889  INFO 530588 --- [ol-118-thread-2] .t.t.s.TourGuideClientRewardsServiceImpl : Service - Distance calculated: 1444.4264787578152
2021-11-27 20:34:20.889  INFO 530588 --- [ol-134-thread-2] .t.t.s.TourGuideClientRewardsServiceImpl : Service - Distance calculated: 3819.2606435693974
2021-11-27 20:34:20.889  INFO 530588 --- [ool-57-thread-2] .t.t.s.TourGuideClientRewardsServiceImpl : Service - Distance calculated: 10856.955867258295
2021-11-27 20:34:20.889  INFO 530588 --- [ol-134-thread-2] .t.t.s.TourGuideClientRewardsServiceImpl : Service - Distance calculated: 3444.5445458561767
2021-11-27 20:34:20.889  INFO 530588 --- [ool-57-thread-2] .t.t.s.TourGuideClientRewardsServiceImpl : Service - Distance calculated: 10164.781165087892
2021-11-27 20:34:20.886  INFO 530588 --- [ol-109-thread-2] .t.t.s.TourGuideClientRewardsServiceImpl : Service - Distance calculated: 8396.864290347297
2021-11-27 20:34:20.886  INFO 530588 --- [ool-64-thread-2] .t.t.s.TourGuideClientRewardsServiceImpl : Service - Distance calculated: 9024.682801056822
2021-11-27 20:34:20.886  INFO 530588 --- [ol-103-thread-2] .t.t.s.TourGuideClientRewardsServiceImpl : Service - Distance calculated: 9403.959167468454
2021-11-27 20:34:20.886  INFO 530588 --- [ool-43-thread-2] .t.t.s.TourGuideClientRewardsServiceImpl : Service - Distance calculated: 7491.195988132527
2021-11-27 20:34:20.889  INFO 530588 --- [ol-103-thread-2] .t.t.s.TourGuideClientRewardsServiceImpl : Service - Distance calculated: 7609.598901472426
2021-11-27 20:34:20.889  INFO 530588 --- [ool-43-thread-2] .t.t.s.TourGuideClientRewardsServiceImpl : Service - Distance calculated: 6413.545151462374
2021-11-27 20:34:20.889  INFO 530588 --- [ool-43-thread-2] .t.t.s.TourGuideClientRewardsServiceImpl : Service - Distance calculated: 8249.346883937158
2021-11-27 20:34:20.886  INFO 530588 --- [ool-87-thread-2] .t.t.s.TourGuideClientRewardsServiceImpl : Service - Distance calculated: 8127.26454518698
2021-11-27 20:34:20.886  INFO 530588 --- [ool-85-thread-2] .t.t.s.TourGuideClientRewardsServiceImpl : Service - Distance calculated: 12040.55627551357
2021-11-27 20:34:20.886  INFO 530588 --- [ool-56-thread-2] .t.t.s.TourGuideClientRewardsServiceImpl : Service - Distance calculated: 8521.992517261473
2021-11-27 20:34:20.889  INFO 530588 --- [ool-85-thread-2] .t.t.s.TourGuideClientRewardsServiceImpl : Service - Distance calculated: 11652.149320556817
2021-11-27 20:34:20.886  INFO 530588 --- [ool-88-thread-2] .t.t.s.TourGuideClientRewardsServiceImpl : Service - Distance calculated: 3084.0816934903055
2021-11-27 20:34:20.889  INFO 530588 --- [ool-85-thread-2] .t.t.s.TourGuideClientRewardsServiceImpl : Service - Distance calculated: 11892.06258395538
2021-11-27 20:34:20.889  INFO 530588 --- [ool-56-thread-2] .t.t.s.TourGuideClientRewardsServiceImpl : Service - Distance calculated: 8582.787852467161
2021-11-27 20:34:20.886  INFO 530588 --- [ol-129-thread-2] .t.t.s.TourGuideClientRewardsServiceImpl : Service - Distance calculated: 8726.513782091319
2021-11-27 20:34:20.889  INFO 530588 --- [ool-56-thread-2] .t.t.s.TourGuideClientRewardsServiceImpl : Service - Distance calculated: 7903.6414002353
2021-11-27 20:34:20.889  INFO 530588 --- [ol-129-thread-2] .t.t.s.TourGuideClientRewardsServiceImpl : Service - Distance calculated: 8581.053296944674
2021-11-27 20:34:20.889  INFO 530588 --- [ool-56-thread-2] .t.t.s.TourGuideClientRewardsServiceImpl : Service - Distance calculated: 7317.099071314381
2021-11-27 20:34:20.886  INFO 530588 --- [ool-83-thread-2] .t.t.s.TourGuideClientRewardsServiceImpl : Service - Distance calculated: 6335.518864147872
2021-11-27 20:34:20.886  INFO 530588 --- [ol-122-thread-2] .t.t.s.TourGuideClientRewardsServiceImpl : Service - Distance calculated: 7942.881869723108
2021-11-27 20:34:20.889  INFO 530588 --- [ool-83-thread-2] .t.t.s.TourGuideClientRewardsServiceImpl : Service - Distance calculated: 4348.598139921276
2021-11-27 20:34:20.889  INFO 530588 --- [ol-122-thread-2] .t.t.s.TourGuideClientRewardsServiceImpl : Service - Distance calculated: 7250.910155507236
2021-11-27 20:34:20.886  INFO 530588 --- [ol-142-thread-2] .t.t.s.TourGuideClientRewardsServiceImpl : Service - Distance calculated: 4340.666478286024
2021-11-27 20:34:20.889  INFO 530588 --- [ol-122-thread-2] .t.t.s.TourGuideClientRewardsServiceImpl : Service - Distance calculated: 6843.1608751022795
2021-11-27 20:34:20.886  INFO 530588 --- [ool-78-thread-2] .t.t.s.TourGuideClientRewardsServiceImpl : Service - Distance calculated: 4929.735683285471
2021-11-27 20:34:20.889  INFO 530588 --- [ol-122-thread-2] .t.t.s.TourGuideClientRewardsServiceImpl : Service - Distance calculated: 7533.068488482793
2021-11-27 20:34:20.886  INFO 530588 --- [ol-130-thread-2] .t.t.s.TourGuideClientRewardsServiceImpl : Service - Distance calculated: 6247.518171789667
2021-11-27 20:34:20.889  INFO 530588 --- [ol-122-thread-2] .t.t.s.TourGuideClientRewardsServiceImpl : Service - Distance calculated: 8706.21915759791
2021-11-27 20:34:20.886  INFO 530588 --- [ool-51-thread-2] .t.t.s.TourGuideClientRewardsServiceImpl : Service - Distance calculated: 8279.910465842473
2021-11-27 20:34:20.889  INFO 530588 --- [ol-122-thread-2] .t.t.s.TourGuideClientRewardsServiceImpl : Service - Distance calculated: 7040.486525656728
2021-11-27 20:34:20.889  INFO 530588 --- [ol-130-thread-2] .t.t.s.TourGuideClientRewardsServiceImpl : Service - Distance calculated: 7099.690480440021
2021-11-27 20:34:20.886  INFO 530588 --- [ool-68-thread-2] .t.t.s.TourGuideClientRewardsServiceImpl : Service - Distance calculated: 6212.376701997109
2021-11-27 20:34:20.889  INFO 530588 --- [ol-130-thread-2] .t.t.s.TourGuideClientRewardsServiceImpl : Service - Distance calculated: 6894.538500088828
2021-11-27 20:34:20.886  INFO 530588 --- [ool-61-thread-2] .t.t.s.TourGuideClientRewardsServiceImpl : Service - Distance calculated: 7920.492600797287
2021-11-27 20:34:20.886  INFO 530588 --- [ool-70-thread-2] .t.t.s.TourGuideClientRewardsServiceImpl : Service - Distance calculated: 4565.333709883433
2021-11-27 20:34:20.886  INFO 530588 --- [ol-137-thread-2] .t.t.s.TourGuideClientRewardsServiceImpl : Service - Distance calculated: 8734.693901507007
2021-11-27 20:34:20.886  INFO 530588 --- [ool-71-thread-2] .t.t.s.TourGuideClientRewardsServiceImpl : Service - Distance calculated: 10480.244801864503
2021-11-27 20:34:20.887  INFO 530588 --- [ol-104-thread-2] .t.t.s.TourGuideClientRewardsServiceImpl : Service - Distance calculated: 2198.0782289823733
2021-11-27 20:34:20.890  INFO 530588 --- [ool-71-thread-2] .t.t.s.TourGuideClientRewardsServiceImpl : Service - Distance calculated: 10400.241153388615
2021-11-27 20:34:20.887  INFO 530588 --- [ool-81-thread-2] .t.t.s.TourGuideClientRewardsServiceImpl : Service - Distance calculated: 4617.671189177434
2021-11-27 20:34:20.887  INFO 530588 --- [ool-67-thread-2] .t.t.s.TourGuideClientRewardsServiceImpl : Service - Distance calculated: 6534.932553759577
2021-11-27 20:34:20.887  INFO 530588 --- [ol-140-thread-2] .t.t.s.TourGuideClientRewardsServiceImpl : Service - Distance calculated: 5383.61354058253
2021-11-27 20:34:20.887  INFO 530588 --- [ool-86-thread-2] .t.t.s.TourGuideClientRewardsServiceImpl : Service - Distance calculated: 4835.740577278504
2021-11-27 20:34:20.887  INFO 530588 --- [ool-54-thread-2] .t.t.s.TourGuideClientRewardsServiceImpl : Service - Distance calculated: 4179.605754416237
2021-11-27 20:34:20.887  INFO 530588 --- [ol-120-thread-2] .t.t.s.TourGuideClientRewardsServiceImpl : Service - Distance calculated: 4122.963677351536
2021-11-27 20:34:20.890  INFO 530588 --- [ool-86-thread-2] .t.t.s.TourGuideClientRewardsServiceImpl : Service - Distance calculated: 4827.52230291897
2021-11-27 20:34:20.890  INFO 530588 --- [ool-54-thread-2] .t.t.s.TourGuideClientRewardsServiceImpl : Service - Distance calculated: 4204.009882150664
2021-11-27 20:34:20.887  INFO 530588 --- [ol-119-thread-2] .t.t.s.TourGuideClientRewardsServiceImpl : Service - Distance calculated: 8098.62797230851
2021-11-27 20:34:20.890  INFO 530588 --- [ool-54-thread-2] .t.t.s.TourGuideClientRewardsServiceImpl : Service - Distance calculated: 3334.4599715113454
2021-11-27 20:34:20.890  INFO 530588 --- [ool-86-thread-2] .t.t.s.TourGuideClientRewardsServiceImpl : Service - Distance calculated: 5635.123093414223
2021-11-27 20:34:20.890  INFO 530588 --- [ol-119-thread-2] .t.t.s.TourGuideClientRewardsServiceImpl : Service - Distance calculated: 8650.610466391203
2021-11-27 20:34:20.887  INFO 530588 --- [ool-72-thread-2] .t.t.s.TourGuideClientRewardsServiceImpl : Service - Distance calculated: 7323.42100399228
2021-11-27 20:34:20.890  INFO 530588 --- [ool-86-thread-2] .t.t.s.TourGuideClientRewardsServiceImpl : Service - Distance calculated: 5886.3328282859
2021-11-27 20:34:20.887  INFO 530588 --- [ool-89-thread-2] .t.t.s.TourGuideClientRewardsServiceImpl : Service - Distance calculated: 9677.521971613342
2021-11-27 20:34:20.887  INFO 530588 --- [ol-125-thread-2] .t.t.s.TourGuideClientRewardsServiceImpl : Service - Distance calculated: 1745.9231278195775
2021-11-27 20:34:20.890  INFO 530588 --- [ool-89-thread-2] .t.t.s.TourGuideClientRewardsServiceImpl : Service - Distance calculated: 11359.047703029553
2021-11-27 20:34:20.890  INFO 530588 --- [ool-54-thread-2] .t.t.s.TourGuideClientRewardsServiceImpl : Service - Distance calculated: 5.8950310023474215E-5
2021-11-27 20:34:20.887  INFO 530588 --- [ool-74-thread-2] .t.t.s.TourGuideClientRewardsServiceImpl : Service - Distance calculated: 10905.506145626427
2021-11-27 20:34:20.887  INFO 530588 --- [ool-80-thread-2] .t.t.s.TourGuideClientRewardsServiceImpl : Service - Distance calculated: 6871.421267465368
2021-11-27 20:34:20.890  INFO 530588 --- [ool-74-thread-2] .t.t.s.TourGuideClientRewardsServiceImpl : Service - Distance calculated: 10830.299209011167
2021-11-27 20:34:20.887  INFO 530588 --- [ool-96-thread-2] .t.t.s.TourGuideClientRewardsServiceImpl : Service - Distance calculated: 1989.7381423443285
2021-11-27 20:34:20.890  INFO 530588 --- [ool-74-thread-2] .t.t.s.TourGuideClientRewardsServiceImpl : Service - Distance calculated: 10811.860564412187
2021-11-27 20:34:20.887  INFO 530588 --- [ool-45-thread-2] .t.t.s.TourGuideClientRewardsServiceImpl : Service - Distance calculated: 7424.021501850651
2021-11-27 20:34:20.890  INFO 530588 --- [ool-45-thread-2] .t.t.s.TourGuideClientRewardsServiceImpl : Service - Distance calculated: 7343.232660888204
2021-11-27 20:34:20.887  INFO 530588 --- [ool-55-thread-2] .t.t.s.TourGuideClientRewardsServiceImpl : Service - Distance calculated: 2889.833010255005
2021-11-27 20:34:20.887  INFO 530588 --- [ol-113-thread-2] .t.t.s.TourGuideClientRewardsServiceImpl : Service - Distance calculated: 10583.328861233294
2021-11-27 20:34:20.887  INFO 530588 --- [ol-135-thread-2] .t.t.s.TourGuideClientRewardsServiceImpl : Service - Distance calculated: 6640.840534092973
2021-11-27 20:34:20.890  INFO 530588 --- [ol-113-thread-2] .t.t.s.TourGuideClientRewardsServiceImpl : Service - Distance calculated: 10621.447466579479
2021-11-27 20:34:20.890  INFO 530588 --- [ol-113-thread-2] .t.t.s.TourGuideClientRewardsServiceImpl : Service - Distance calculated: 10829.49614636561
2021-11-27 20:34:20.890  INFO 530588 --- [ol-113-thread-2] .t.t.s.TourGuideClientRewardsServiceImpl : Service - Distance calculated: 8008.956467644988
2021-11-27 20:34:20.890  INFO 530588 --- [ool-55-thread-2] .t.t.s.TourGuideClientRewardsServiceImpl : Service - Distance calculated: 3008.940965624812
2021-11-27 20:34:20.887  INFO 530588 --- [ol-141-thread-2] .t.t.s.TourGuideClientRewardsServiceImpl : Service - Distance calculated: 3791.920266955578
2021-11-27 20:34:20.887  INFO 530588 --- [ol-111-thread-2] .t.t.s.TourGuideClientRewardsServiceImpl : Service - Distance calculated: 5397.218604043625
2021-11-27 20:34:20.890  INFO 530588 --- [ol-111-thread-2] .t.t.s.TourGuideClientRewardsServiceImpl : Service - Distance calculated: 5650.334500249661
2021-11-27 20:34:20.890  INFO 530588 --- [ol-141-thread-2] .t.t.s.TourGuideClientRewardsServiceImpl : Service - Distance calculated: 3146.0872999231306
2021-11-27 20:34:20.890  INFO 530588 --- [ol-111-thread-2] .t.t.s.TourGuideClientRewardsServiceImpl : Service - Distance calculated: 3563.733764180315
2021-11-27 20:34:20.887  INFO 530588 --- [ol-133-thread-2] .t.t.s.TourGuideClientRewardsServiceImpl : Service - Distance calculated: 6356.850757406677
2021-11-27 20:34:20.890  INFO 530588 --- [ol-111-thread-2] .t.t.s.TourGuideClientRewardsServiceImpl : Service - Distance calculated: 3000.247298745739
2021-11-27 20:34:20.887  INFO 530588 --- [ool-47-thread-2] .t.t.s.TourGuideClientRewardsServiceImpl : Service - Distance calculated: 4351.78476839543
2021-11-27 20:34:20.890  INFO 530588 --- [ol-133-thread-2] .t.t.s.TourGuideClientRewardsServiceImpl : Service - Distance calculated: 6582.6797691983475
2021-11-27 20:34:20.887  INFO 530588 --- [ool-93-thread-2] .t.t.s.TourGuideClientRewardsServiceImpl : Service - Distance calculated: 6015.617422612255
2021-11-27 20:34:20.890  INFO 530588 --- [ol-141-thread-2] .t.t.s.TourGuideClientRewardsServiceImpl : Service - Distance calculated: 3010.664041190911
2021-11-27 20:34:20.887  INFO 530588 --- [ool-79-thread-2] .t.t.s.TourGuideClientRewardsServiceImpl : Service - Distance calculated: 5315.754333785946
2021-11-27 20:34:20.890  INFO 530588 --- [ool-93-thread-2] .t.t.s.TourGuideClientRewardsServiceImpl : Service - Distance calculated: 2707.6492609475645
2021-11-27 20:34:20.887  INFO 530588 --- [ool-90-thread-2] .t.t.s.TourGuideClientRewardsServiceImpl : Service - Distance calculated: 3551.3311698427165
2021-11-27 20:34:20.887  INFO 530588 --- [ol-102-thread-2] .t.t.s.TourGuideClientRewardsServiceImpl : Service - Distance calculated: 5019.093014640115
2021-11-27 20:34:20.890  INFO 530588 --- [ool-90-thread-2] .t.t.s.TourGuideClientRewardsServiceImpl : Service - Distance calculated: 3932.46312635255
2021-11-27 20:34:20.887  INFO 530588 --- [ol-114-thread-2] .t.t.s.TourGuideClientRewardsServiceImpl : Service - Distance calculated: 4205.249358204761
2021-11-27 20:34:20.887  INFO 530588 --- [ool-50-thread-2] .t.t.s.TourGuideClientRewardsServiceImpl : Service - Distance calculated: 806.3712085814126
2021-11-27 20:34:20.887  INFO 530588 --- [ol-106-thread-2] .t.t.s.TourGuideClientRewardsServiceImpl : Service - Distance calculated: 4824.453271772775
2021-11-27 20:34:20.891  INFO 530588 --- [ool-50-thread-2] .t.t.s.TourGuideClientRewardsServiceImpl : Service - Distance calculated: 797.5587948310157
2021-11-27 20:34:20.887  INFO 530588 --- [ol-105-thread-2] .t.t.s.TourGuideClientRewardsServiceImpl : Service - Distance calculated: 2603.768974219585
2021-11-27 20:34:20.891  INFO 530588 --- [ol-106-thread-2] .t.t.s.TourGuideClientRewardsServiceImpl : Service - Distance calculated: 4680.464913582054
2021-11-27 20:34:20.887  INFO 530588 --- [ool-92-thread-2] .t.t.s.TourGuideClientRewardsServiceImpl : Service - Distance calculated: 7833.159928520517
2021-11-27 20:34:20.887  INFO 530588 --- [ool-98-thread-2] .t.t.s.TourGuideClientRewardsServiceImpl : Service - Distance calculated: 6440.982811904977
2021-11-27 20:34:20.888  INFO 530588 --- [ol-116-thread-2] .t.t.s.TourGuideClientRewardsServiceImpl : Service - Distance calculated: 5405.415955517489
2021-11-27 20:34:20.891  INFO 530588 --- [ool-98-thread-2] .t.t.s.TourGuideClientRewardsServiceImpl : Service - Distance calculated: 6931.000450885067
2021-11-27 20:34:20.891  INFO 530588 --- [ool-98-thread-2] .t.t.s.TourGuideClientRewardsServiceImpl : Service - Distance calculated: 6473.455223500544
2021-11-27 20:34:20.888  INFO 530588 --- [ol-128-thread-2] .t.t.s.TourGuideClientRewardsServiceImpl : Service - Distance calculated: 5337.466342158053
2021-11-27 20:34:20.891  INFO 530588 --- [ool-98-thread-2] .t.t.s.TourGuideClientRewardsServiceImpl : Service - Distance calculated: 6400.920682275697
2021-11-27 20:34:20.888  INFO 530588 --- [ool-63-thread-2] .t.t.s.TourGuideClientRewardsServiceImpl : Service - Distance calculated: 2130.367544942539
2021-11-27 20:34:20.888  INFO 530588 --- [ol-112-thread-2] .t.t.s.TourGuideClientRewardsServiceImpl : Service - Distance calculated: 735.0393294765746
2021-11-27 20:34:20.888  INFO 530588 --- [ool-58-thread-2] .t.t.s.TourGuideClientRewardsServiceImpl : Service - Distance calculated: 5556.882196776462
2021-11-27 20:34:20.891  INFO 530588 --- [ol-112-thread-2] .t.t.s.TourGuideClientRewardsServiceImpl : Service - Distance calculated: 741.0347860192891
2021-11-27 20:34:20.888  INFO 530588 --- [ool-99-thread-2] .t.t.s.TourGuideClientRewardsServiceImpl : Service - Distance calculated: 3132.109527856991
2021-11-27 20:34:20.891  INFO 530588 --- [ol-112-thread-2] .t.t.s.TourGuideClientRewardsServiceImpl : Service - Distance calculated: 426.778555980568
2021-11-27 20:34:20.888  INFO 530588 --- [ool-94-thread-2] .t.t.s.TourGuideClientRewardsServiceImpl : Service - Distance calculated: 5232.784079002197
2021-11-27 20:34:20.891  INFO 530588 --- [ol-112-thread-2] .t.t.s.TourGuideClientRewardsServiceImpl : Service - Distance calculated: 1288.2184488043247
2021-11-27 20:34:20.891  INFO 530588 --- [ool-99-thread-2] .t.t.s.TourGuideClientRewardsServiceImpl : Service - Distance calculated: 1239.5642043722266
2021-11-27 20:34:20.891  INFO 530588 --- [ol-112-thread-2] .t.t.s.TourGuideClientRewardsServiceImpl : Service - Distance calculated: 1204.1465800424148
2021-11-27 20:34:20.891  INFO 530588 --- [ool-99-thread-2] .t.t.s.TourGuideClientRewardsServiceImpl : Service - Distance calculated: 3014.345454751323
2021-11-27 20:34:20.891  INFO 530588 --- [ol-112-thread-2] .t.t.s.TourGuideClientRewardsServiceImpl : Service - Distance calculated: 2525.352508924081
2021-11-27 20:34:20.891  INFO 530588 --- [ool-99-thread-2] .t.t.s.TourGuideClientRewardsServiceImpl : Service - Distance calculated: 3000.585772640267
2021-11-27 20:34:20.891  INFO 530588 --- [ool-58-thread-2] .t.t.s.TourGuideClientRewardsServiceImpl : Service - Distance calculated: 4971.807482499546
2021-11-27 20:34:20.891  INFO 530588 --- [ool-99-thread-2] .t.t.s.TourGuideClientRewardsServiceImpl : Service - Distance calculated: 3099.1106625061466
2021-11-27 20:34:20.891  INFO 530588 --- [ool-58-thread-2] .t.t.s.TourGuideClientRewardsServiceImpl : Service - Distance calculated: 4894.535081116689
2021-11-27 20:34:20.891  INFO 530588 --- [ool-99-thread-2] .t.t.s.TourGuideClientRewardsServiceImpl : Service - Distance calculated: 3871.167084379757
2021-11-27 20:34:20.888  INFO 530588 --- [ool-52-thread-2] .t.t.s.TourGuideClientRewardsServiceImpl : Service - Distance calculated: 6462.738342988799
2021-11-27 20:34:20.888  INFO 530588 --- [ool-91-thread-2] .t.t.s.TourGuideClientRewardsServiceImpl : Service - Distance calculated: 1953.6220718415118
2021-11-27 20:34:20.891  INFO 530588 --- [ool-52-thread-2] .t.t.s.TourGuideClientRewardsServiceImpl : Service - Distance calculated: 5645.8171543232775
2021-11-27 20:34:20.891  INFO 530588 --- [ool-91-thread-2] .t.t.s.TourGuideClientRewardsServiceImpl : Service - Distance calculated: 5306.27611923276
2021-11-27 20:34:20.891  INFO 530588 --- [ool-52-thread-2] .t.t.s.TourGuideClientRewardsServiceImpl : Service - Distance calculated: 5853.54888645205
2021-11-27 20:34:20.891  INFO 530588 --- [ool-91-thread-2] .t.t.s.TourGuideClientRewardsServiceImpl : Service - Distance calculated: 5176.45415913427
2021-11-27 20:34:20.891  INFO 530588 --- [ool-52-thread-2] .t.t.s.TourGuideClientRewardsServiceImpl : Service - Distance calculated: 5882.363197402286
2021-11-27 20:34:20.891  INFO 530588 --- [ool-91-thread-2] .t.t.s.TourGuideClientRewardsServiceImpl : Service - Distance calculated: 5312.321021502397
2021-11-27 20:34:20.891  INFO 530588 --- [ool-52-thread-2] .t.t.s.TourGuideClientRewardsServiceImpl : Service - Distance calculated: 5815.526722914507
2021-11-27 20:34:20.891  INFO 530588 --- [ool-91-thread-2] .t.t.s.TourGuideClientRewardsServiceImpl : Service - Distance calculated: 5860.767410134687
2021-11-27 20:34:20.891  INFO 530588 --- [ool-52-thread-2] .t.t.s.TourGuideClientRewardsServiceImpl : Service - Distance calculated: 5681.440734700197
2021-11-27 20:34:20.891  INFO 530588 --- [ool-91-thread-2] .t.t.s.TourGuideClientRewardsServiceImpl : Service - Distance calculated: 4984.37478732341
2021-11-27 20:34:20.891  INFO 530588 --- [ool-52-thread-2] .t.t.s.TourGuideClientRewardsServiceImpl : Service - Distance calculated: 4733.075602933764
2021-11-27 20:34:20.891  INFO 530588 --- [ool-91-thread-2] .t.t.s.TourGuideClientRewardsServiceImpl : Service - Distance calculated: 5242.077185821913
2021-11-27 20:34:20.891  INFO 530588 --- [ool-52-thread-2] .t.t.s.TourGuideClientRewardsServiceImpl : Service - Distance calculated: 6319.962753428444
2021-11-27 20:34:20.891  INFO 530588 --- [ool-91-thread-2] .t.t.s.TourGuideClientRewardsServiceImpl : Service - Distance calculated: 5244.733525882228
2021-11-27 20:34:20.891  INFO 530588 --- [ool-52-thread-2] .t.t.s.TourGuideClientRewardsServiceImpl : Service - Distance calculated: 5788.794785173795
2021-11-27 20:34:20.891  INFO 530588 --- [ool-91-thread-2] .t.t.s.TourGuideClientRewardsServiceImpl : Service - Distance calculated: 5232.665171431342
2021-11-27 20:34:20.891  INFO 530588 --- [ool-52-thread-2] .t.t.s.TourGuideClientRewardsServiceImpl : Service - Distance calculated: 5225.897983696498
2021-11-27 20:34:20.891  INFO 530588 --- [ool-91-thread-2] .t.t.s.TourGuideClientRewardsServiceImpl : Service - Distance calculated: 5025.737034916705
2021-11-27 20:34:20.891  INFO 530588 --- [ool-52-thread-2] .t.t.s.TourGuideClientRewardsServiceImpl : Service - Distance calculated: 5299.17154161322
2021-11-27 20:34:20.891  INFO 530588 --- [ool-91-thread-2] .t.t.s.TourGuideClientRewardsServiceImpl : Service - Distance calculated: 4031.433967869085
2021-11-27 20:34:20.891  INFO 530588 --- [ool-52-thread-2] .t.t.s.TourGuideClientRewardsServiceImpl : Service - Distance calculated: 5810.027610573888
2021-11-27 20:34:20.891  INFO 530588 --- [ool-91-thread-2] .t.t.s.TourGuideClientRewardsServiceImpl : Service - Distance calculated: 5710.849689481767
2021-11-27 20:34:20.891  INFO 530588 --- [ool-52-thread-2] .t.t.s.TourGuideClientRewardsServiceImpl : Service - Distance calculated: 6325.681538568344
2021-11-27 20:34:20.888  INFO 530588 --- [ool-75-thread-2] .t.t.s.TourGuideClientRewardsServiceImpl : Service - Distance calculated: 1809.241554388356
2021-11-27 20:34:20.891  INFO 530588 --- [ool-75-thread-2] .t.t.s.TourGuideClientRewardsServiceImpl : Service - Distance calculated: 2286.899939940669
2021-11-27 20:34:20.891  INFO 530588 --- [ool-75-thread-2] .t.t.s.TourGuideClientRewardsServiceImpl : Service - Distance calculated: 2160.8883106989024
2021-11-27 20:34:20.891  INFO 530588 --- [ool-75-thread-2] .t.t.s.TourGuideClientRewardsServiceImpl : Service - Distance calculated: 2423.266266479675
2021-11-27 20:34:20.891  INFO 530588 --- [ool-52-thread-2] .t.t.s.TourGuideClientRewardsServiceImpl : Service - Distance calculated: 5.8950310023474215E-5
2021-11-27 20:34:20.891  INFO 530588 --- [ool-75-thread-2] .t.t.s.TourGuideClientRewardsServiceImpl : Service - Distance calculated: 1875.181279527482
2021-11-27 20:34:20.891  INFO 530588 --- [ool-75-thread-2] .t.t.s.TourGuideClientRewardsServiceImpl : Service - Distance calculated: 715.445539936235
2021-11-27 20:34:20.891  INFO 530588 --- [ool-75-thread-2] .t.t.s.TourGuideClientRewardsServiceImpl : Service - Distance calculated: 2706.352242480966
2021-11-27 20:34:20.892  INFO 530588 --- [ool-75-thread-2] .t.t.s.TourGuideClientRewardsServiceImpl : Service - Distance calculated: 2973.9521380581778
2021-11-27 20:34:20.892  INFO 530588 --- [ool-75-thread-2] .t.t.s.TourGuideClientRewardsServiceImpl : Service - Distance calculated: 1298.5907525757768
2021-11-27 20:34:20.892  INFO 530588 --- [ool-75-thread-2] .t.t.s.TourGuideClientRewardsServiceImpl : Service - Distance calculated: 1810.6450250554951
2021-11-27 20:34:20.888  INFO 530588 --- [ool-77-thread-2] .t.t.s.TourGuideClientRewardsServiceImpl : Service - Distance calculated: 6517.040394601219
2021-11-27 20:34:20.888  INFO 530588 --- [ool-53-thread-2] .t.t.s.TourGuideClientRewardsServiceImpl : Service - Distance calculated: 10040.394529135145
2021-11-27 20:34:20.892  INFO 530588 --- [ool-77-thread-2] .t.t.s.TourGuideClientRewardsServiceImpl : Service - Distance calculated: 6483.064160554183
2021-11-27 20:34:20.892  INFO 530588 --- [ool-53-thread-2] .t.t.s.TourGuideClientRewardsServiceImpl : Service - Distance calculated: 10060.768373712937
2021-11-27 20:34:20.892  INFO 530588 --- [ool-53-thread-2] .t.t.s.TourGuideClientRewardsServiceImpl : Service - Distance calculated: 9115.933205755313
2021-11-27 20:34:20.892  INFO 530588 --- [ool-53-thread-2] .t.t.s.TourGuideClientRewardsServiceImpl : Service - Distance calculated: 10386.537886129316
2021-11-27 20:34:20.892  INFO 530588 --- [ool-53-thread-2] .t.t.s.TourGuideClientRewardsServiceImpl : Service - Distance calculated: 10430.958362531406
2021-11-27 20:34:20.892  INFO 530588 --- [ool-53-thread-2] .t.t.s.TourGuideClientRewardsServiceImpl : Service - Distance calculated: 7289.407787295921
2021-11-27 20:34:20.892  INFO 530588 --- [ool-53-thread-2] .t.t.s.TourGuideClientRewardsServiceImpl : Service - Distance calculated: 10643.331663488338
2021-11-27 20:34:20.892  INFO 530588 --- [ool-53-thread-2] .t.t.s.TourGuideClientRewardsServiceImpl : Service - Distance calculated: 10502.851752342589
2021-11-27 20:34:20.892  INFO 530588 --- [ool-53-thread-2] .t.t.s.TourGuideClientRewardsServiceImpl : Service - Distance calculated: 10644.030972266646
2021-11-27 20:34:20.892  INFO 530588 --- [ool-53-thread-2] .t.t.s.TourGuideClientRewardsServiceImpl : Service - Distance calculated: 10960.431071556115
2021-11-27 20:34:20.892  INFO 530588 --- [ool-53-thread-2] .t.t.s.TourGuideClientRewardsServiceImpl : Service - Distance calculated: 9869.03170583877
2021-11-27 20:34:20.892  INFO 530588 --- [ool-53-thread-2] .t.t.s.TourGuideClientRewardsServiceImpl : Service - Distance calculated: 10387.028013288182
2021-11-27 20:34:20.892  INFO 530588 --- [ool-53-thread-2] .t.t.s.TourGuideClientRewardsServiceImpl : Service - Distance calculated: 10248.301228875473
2021-11-27 20:34:20.892  INFO 530588 --- [ool-53-thread-2] .t.t.s.TourGuideClientRewardsServiceImpl : Service - Distance calculated: 10482.066214862485
2021-11-27 20:34:20.892  INFO 530588 --- [ool-53-thread-2] .t.t.s.TourGuideClientRewardsServiceImpl : Service - Distance calculated: 9946.466052534099
2021-11-27 20:34:20.892  INFO 530588 --- [ool-53-thread-2] .t.t.s.TourGuideClientRewardsServiceImpl : Service - Distance calculated: 8717.052818689097
2021-11-27 20:34:20.892  INFO 530588 --- [ool-53-thread-2] .t.t.s.TourGuideClientRewardsServiceImpl : Service - Distance calculated: 10798.793663327719
2021-11-27 20:34:20.892  INFO 530588 --- [ool-53-thread-2] .t.t.s.TourGuideClientRewardsServiceImpl : Service - Distance calculated: 10626.886407905075
2021-11-27 20:34:20.892  INFO 530588 --- [ool-53-thread-2] .t.t.s.TourGuideClientRewardsServiceImpl : Service - Distance calculated: 9344.550945955389
2021-11-27 20:34:20.892  INFO 530588 --- [ool-53-thread-2] .t.t.s.TourGuideClientRewardsServiceImpl : Service - Distance calculated: 9870.343021988745
2021-11-27 20:34:20.892  INFO 530588 --- [ool-53-thread-2] .t.t.s.TourGuideClientRewardsServiceImpl : Service - Distance calculated: 10640.36290435211
2021-11-27 20:34:20.892  INFO 530588 --- [ool-53-thread-2] .t.t.s.TourGuideClientRewardsServiceImpl : Service - Distance calculated: 10839.867098685054
2021-11-27 20:34:20.892  INFO 530588 --- [ool-53-thread-2] .t.t.s.TourGuideClientRewardsServiceImpl : Service - Distance calculated: 7113.49826689987
2021-11-27 20:34:20.892  INFO 530588 --- [ool-53-thread-2] .t.t.s.TourGuideClientRewardsServiceImpl : Service - Distance calculated: 6386.542811322548
2021-11-27 20:34:20.892  INFO 530588 --- [ool-53-thread-2] .t.t.s.TourGuideClientRewardsServiceImpl : Service - Distance calculated: 7004.362123695419
2021-11-27 20:34:20.892  INFO 530588 --- [ool-53-thread-2] .t.t.s.TourGuideClientRewardsServiceImpl : Service - Distance calculated: 7093.678465129864
2021-11-27 20:34:20.892  INFO 530588 --- [ool-53-thread-2] .t.t.s.TourGuideClientRewardsServiceImpl : Service - Distance calculated: 6581.322337493981
2021-11-27 20:34:20.892  INFO 530588 --- [ool-53-thread-2] .t.t.s.TourGuideClientRewardsServiceImpl : Service - Distance calculated: 6679.945218317131
2021-11-27 20:34:20.892  INFO 530588 --- [ool-53-thread-2] .t.t.s.TourGuideClientRewardsServiceImpl : Service - Distance calculated: 7173.751090383868
2021-11-27 20:34:20.892  INFO 530588 --- [ool-53-thread-2] .t.t.s.TourGuideClientRewardsServiceImpl : Service - Distance calculated: 6077.230884978289
2021-11-27 20:34:20.892  INFO 530588 --- [ool-53-thread-2] .t.t.s.TourGuideClientRewardsServiceImpl : Service - Distance calculated: 6289.862342834039
2021-11-27 20:34:20.892  INFO 530588 --- [ool-53-thread-2] .t.t.s.TourGuideClientRewardsServiceImpl : Service - Distance calculated: 5140.032622904188
2021-11-27 20:34:20.892  INFO 530588 --- [ool-53-thread-2] .t.t.s.TourGuideClientRewardsServiceImpl : Service - Distance calculated: 5785.4257624040365
2021-11-27 20:34:20.892  INFO 530588 --- [ool-53-thread-2] .t.t.s.TourGuideClientRewardsServiceImpl : Service - Distance calculated: 5996.552503228917
2021-11-27 20:34:20.892  INFO 530588 --- [ool-53-thread-2] .t.t.s.TourGuideClientRewardsServiceImpl : Service - Distance calculated: 5981.759701512831
2021-11-27 20:34:20.892  INFO 530588 --- [ool-53-thread-2] .t.t.s.TourGuideClientRewardsServiceImpl : Service - Distance calculated: 6772.344093192588
2021-11-27 20:34:20.892  INFO 530588 --- [ool-53-thread-2] .t.t.s.TourGuideClientRewardsServiceImpl : Service - Distance calculated: 7056.119863522081
2021-11-27 20:34:20.892  INFO 530588 --- [ool-53-thread-2] .t.t.s.TourGuideClientRewardsServiceImpl : Service - Distance calculated: 6621.827668000064
2021-11-27 20:34:20.892  INFO 530588 --- [ool-53-thread-2] .t.t.s.TourGuideClientRewardsServiceImpl : Service - Distance calculated: 6890.618520387685
2021-11-27 20:34:20.892  INFO 530588 --- [ool-53-thread-2] .t.t.s.TourGuideClientRewardsServiceImpl : Service - Distance calculated: 6355.939587521741
2021-11-27 20:34:20.892  INFO 530588 --- [ool-53-thread-2] .t.t.s.TourGuideClientRewardsServiceImpl : Service - Distance calculated: 7004.066115371283
2021-11-27 20:34:20.892  INFO 530588 --- [ool-53-thread-2] .t.t.s.TourGuideClientRewardsServiceImpl : Service - Distance calculated: 7182.045742675332
2021-11-27 20:34:20.892  INFO 530588 --- [ool-53-thread-2] .t.t.s.TourGuideClientRewardsServiceImpl : Service - Distance calculated: 6783.465682473617
2021-11-27 20:34:20.892  INFO 530588 --- [ool-53-thread-2] .t.t.s.TourGuideClientRewardsServiceImpl : Service - Distance calculated: 5608.888972988366
2021-11-27 20:34:20.892  INFO 530588 --- [ool-53-thread-2] .t.t.s.TourGuideClientRewardsServiceImpl : Service - Distance calculated: 7122.901462412289
2021-11-27 20:34:20.892  INFO 530588 --- [ool-53-thread-2] .t.t.s.TourGuideClientRewardsServiceImpl : Service - Distance calculated: 6430.057639642437
2021-11-27 20:34:20.892  INFO 530588 --- [ool-77-thread-2] .t.t.s.TourGuideClientRewardsServiceImpl : Service - Distance calculated: 4015.7120427539717
2021-11-27 20:34:20.893  INFO 530588 --- [ool-53-thread-2] .t.t.s.TourGuideClientRewardsServiceImpl : Service - Distance calculated: 5775.592163725968
2021-11-27 20:34:20.893  INFO 530588 --- [ool-77-thread-2] .t.t.s.TourGuideClientRewardsServiceImpl : Service - Distance calculated: 6916.632823963071
2021-11-27 20:34:20.893  INFO 530588 --- [ool-53-thread-2] .t.t.s.TourGuideClientRewardsServiceImpl : Service - Distance calculated: 6731.2021149451475
2021-11-27 20:34:20.888  INFO 530588 --- [ool-49-thread-2] .t.t.s.TourGuideClientRewardsServiceImpl : Service - Distance calculated: 10581.455896694613
2021-11-27 20:34:20.893  INFO 530588 --- [ool-49-thread-2] .t.t.s.TourGuideClientRewardsServiceImpl : Service - Distance calculated: 9718.534349402105
2021-11-27 20:34:20.888  INFO 530588 --- [ool-60-thread-2] .t.t.s.TourGuideClientRewardsServiceImpl : Service - Distance calculated: 7220.684489161881
2021-11-27 20:34:20.893  INFO 530588 --- [ool-60-thread-2] .t.t.s.TourGuideClientRewardsServiceImpl : Service - Distance calculated: 7358.488877867036
2021-11-27 20:34:20.888  INFO 530588 --- [ol-126-thread-2] .t.t.s.TourGuideClientRewardsServiceImpl : Service - Distance calculated: 3576.0491091447643
2021-11-27 20:34:20.888  INFO 530588 --- [ol-136-thread-2] .t.t.s.TourGuideClientRewardsServiceImpl : Service - Distance calculated: 6172.82500156695
2021-11-27 20:34:20.893  INFO 530588 --- [ol-126-thread-2] .t.t.s.TourGuideClientRewardsServiceImpl : Service - Distance calculated: 2775.367561457574
2021-11-27 20:34:20.888  INFO 530588 --- [ol-139-thread-2] .t.t.s.TourGuideClientRewardsServiceImpl : Service - Distance calculated: 5106.937561983532
2021-11-27 20:34:20.888  INFO 530588 --- [ol-131-thread-2] .t.t.s.TourGuideClientRewardsServiceImpl : Service - Distance calculated: 5866.298183366651
2021-11-27 20:34:20.893  INFO 530588 --- [ol-139-thread-2] .t.t.s.TourGuideClientRewardsServiceImpl : Service - Distance calculated: 5080.11255363342
2021-11-27 20:34:20.893  INFO 530588 --- [ol-139-thread-2] .t.t.s.TourGuideClientRewardsServiceImpl : Service - Distance calculated: 2773.5623861467416
2021-11-27 20:34:20.893  INFO 530588 --- [ol-126-thread-2] .t.t.s.TourGuideClientRewardsServiceImpl : Service - Distance calculated: 2646.5988779781255
2021-11-27 20:34:20.893  INFO 530588 --- [ol-126-thread-2] .t.t.s.TourGuideClientRewardsServiceImpl : Service - Distance calculated: 2971.337750179748
2021-11-27 20:34:20.893  INFO 530588 --- [ol-126-thread-2] .t.t.s.TourGuideClientRewardsServiceImpl : Service - Distance calculated: 2723.5347617452817
2021-11-27 20:34:20.893  INFO 530588 --- [ol-126-thread-2] .t.t.s.TourGuideClientRewardsServiceImpl : Service - Distance calculated: 3223.0380453460025
2021-11-27 20:34:20.893  INFO 530588 --- [ol-131-thread-2] .t.t.s.TourGuideClientRewardsServiceImpl : Service - Distance calculated: 6010.71078875134
2021-11-27 20:34:20.888  INFO 530588 --- [ool-66-thread-2] .t.t.s.TourGuideClientRewardsServiceImpl : Service - Distance calculated: 11164.195789121895
2021-11-27 20:34:20.893  INFO 530588 --- [ol-131-thread-2] .t.t.s.TourGuideClientRewardsServiceImpl : Service - Distance calculated: 3551.8504232185173
2021-11-27 20:34:20.893  INFO 530588 --- [ool-66-thread-2] .t.t.s.TourGuideClientRewardsServiceImpl : Service - Distance calculated: 11132.52467297562
2021-11-27 20:34:20.893  INFO 530588 --- [ool-66-thread-2] .t.t.s.TourGuideClientRewardsServiceImpl : Service - Distance calculated: 10066.175267173976
2021-11-27 20:34:20.893  INFO 530588 --- [ol-131-thread-2] .t.t.s.TourGuideClientRewardsServiceImpl : Service - Distance calculated: 4177.914423579671
2021-11-27 20:34:20.888  INFO 530588 --- [ol-110-thread-2] .t.t.s.TourGuideClientRewardsServiceImpl : Service - Distance calculated: 6746.0955014909305
2021-11-27 20:34:20.888  INFO 530588 --- [ol-101-thread-2] .t.t.s.TourGuideClientRewardsServiceImpl : Service - Distance calculated: 7029.988143735682
2021-11-27 20:34:20.893  INFO 530588 --- [ol-110-thread-2] .t.t.s.TourGuideClientRewardsServiceImpl : Service - Distance calculated: 5359.628360322534
2021-11-27 20:34:20.893  INFO 530588 --- [ol-101-thread-2] .t.t.s.TourGuideClientRewardsServiceImpl : Service - Distance calculated: 7227.211842750314
2021-11-27 20:34:20.893  INFO 530588 --- [ol-101-thread-2] .t.t.s.TourGuideClientRewardsServiceImpl : Service - Distance calculated: 7079.989845034443
2021-11-27 20:34:20.888  INFO 530588 --- [ol-127-thread-2] .t.t.s.TourGuideClientRewardsServiceImpl : Service - Distance calculated: 1560.3953178816605
2021-11-27 20:34:20.893  INFO 530588 --- [ol-101-thread-2] .t.t.s.TourGuideClientRewardsServiceImpl : Service - Distance calculated: 6726.754662210303
2021-11-27 20:34:20.893  INFO 530588 --- [ol-101-thread-2] .t.t.s.TourGuideClientRewardsServiceImpl : Service - Distance calculated: 7745.951512718734
2021-11-27 20:34:20.888  INFO 530588 --- [ol-123-thread-2] .t.t.s.TourGuideClientRewardsServiceImpl : Service - Distance calculated: 6244.26176411005
2021-11-27 20:34:20.893  INFO 530588 --- [ol-123-thread-2] .t.t.s.TourGuideClientRewardsServiceImpl : Service - Distance calculated: 6661.773040152741
2021-11-27 20:34:20.893  INFO 530588 --- [ol-123-thread-2] .t.t.s.TourGuideClientRewardsServiceImpl : Service - Distance calculated: 6247.889454804543
2021-11-27 20:34:20.888  INFO 530588 --- [ool-59-thread-2] .t.t.s.TourGuideClientRewardsServiceImpl : Service - Distance calculated: 9054.203512587908
2021-11-27 20:34:20.888  INFO 530588 --- [ool-69-thread-2] .t.t.s.TourGuideClientRewardsServiceImpl : Service - Distance calculated: 4420.782651774766
2021-11-27 20:34:20.893  INFO 530588 --- [ool-59-thread-2] .t.t.s.TourGuideClientRewardsServiceImpl : Service - Distance calculated: 9742.015137124145
2021-11-27 20:34:20.893  INFO 530588 --- [ool-69-thread-2] .t.t.s.TourGuideClientRewardsServiceImpl : Service - Distance calculated: 3247.094468592533
2021-11-27 20:34:20.893  INFO 530588 --- [ool-59-thread-2] .t.t.s.TourGuideClientRewardsServiceImpl : Service - Distance calculated: 10206.710286377986
2021-11-27 20:34:20.893  INFO 530588 --- [ool-69-thread-2] .t.t.s.TourGuideClientRewardsServiceImpl : Service - Distance calculated: 3210.617053377065
2021-11-27 20:34:20.893  INFO 530588 --- [ol-123-thread-2] .t.t.s.TourGuideClientRewardsServiceImpl : Service - Distance calculated: 6491.641399624024
2021-11-27 20:34:20.893  INFO 530588 --- [ool-69-thread-2] .t.t.s.TourGuideClientRewardsServiceImpl : Service - Distance calculated: 4075.855883122061
2021-11-27 20:34:20.894  INFO 530588 --- [ol-123-thread-2] .t.t.s.TourGuideClientRewardsServiceImpl : Service - Distance calculated: 6128.234685548694
2021-11-27 20:34:20.894  INFO 530588 --- [ol-123-thread-2] .t.t.s.TourGuideClientRewardsServiceImpl : Service - Distance calculated: 7212.470728262404
2021-11-27 20:34:20.894  INFO 530588 --- [ol-123-thread-2] .t.t.s.TourGuideClientRewardsServiceImpl : Service - Distance calculated: 6348.06986829967
2021-11-27 20:34:20.894  INFO 530588 --- [ol-123-thread-2] .t.t.s.TourGuideClientRewardsServiceImpl : Service - Distance calculated: 6829.4448148405145
2021-11-27 20:34:20.888  INFO 530588 --- [ol-100-thread-2] .t.t.s.TourGuideClientRewardsServiceImpl : Service - Distance calculated: 8711.88636598689
2021-11-27 20:34:20.888  INFO 530588 --- [ol-107-thread-2] .t.t.s.TourGuideClientRewardsServiceImpl : Service - Distance calculated: 6140.217661280803
2021-11-27 20:34:20.894  INFO 530588 --- [ol-100-thread-2] .t.t.s.TourGuideClientRewardsServiceImpl : Service - Distance calculated: 8595.478492830196
2021-11-27 20:34:20.894  INFO 530588 --- [ol-107-thread-2] .t.t.s.TourGuideClientRewardsServiceImpl : Service - Distance calculated: 5086.529440989516
2021-11-27 20:34:20.894  INFO 530588 --- [ol-107-thread-2] .t.t.s.TourGuideClientRewardsServiceImpl : Service - Distance calculated: 4433.287569367736
2021-11-27 20:34:20.888  INFO 530588 --- [ool-44-thread-2] .t.t.s.TourGuideClientRewardsServiceImpl : Service - Distance calculated: 9758.764469317544
2021-11-27 20:34:20.889  INFO 530588 --- [ool-97-thread-2] .t.t.s.TourGuideClientRewardsServiceImpl : Service - Distance calculated: 11217.048508408958
2021-11-27 20:34:20.889  INFO 530588 --- [ool-65-thread-2] .t.t.s.TourGuideClientRewardsServiceImpl : Service - Distance calculated: 9691.805780592113
2021-11-27 20:34:20.889  INFO 530588 --- [ool-46-thread-2] .t.t.s.TourGuideClientRewardsServiceImpl : Service - Distance calculated: 8665.39633140982
2021-11-27 20:34:20.889  INFO 530588 --- [ol-117-thread-2] .t.t.s.TourGuideClientRewardsServiceImpl : Service - Distance calculated: 4088.560034073801
2021-11-27 20:34:20.889  INFO 530588 --- [ool-73-thread-2] .t.t.s.TourGuideClientRewardsServiceImpl : Service - Distance calculated: 3686.6425988519213
2021-11-27 20:34:20.894  INFO 530588 --- [ol-117-thread-2] .t.t.s.TourGuideClientRewardsServiceImpl : Service - Distance calculated: 5183.341905217263
2021-11-27 20:34:20.894  INFO 530588 --- [ol-117-thread-2] .t.t.s.TourGuideClientRewardsServiceImpl : Service - Distance calculated: 3330.611222250989
2021-11-27 20:34:20.889  INFO 530588 --- [ol-138-thread-2] .t.t.s.TourGuideClientRewardsServiceImpl : Service - Distance calculated: 2870.038592292861
2021-11-27 20:34:20.889  INFO 530588 --- [ol-115-thread-2] .t.t.s.TourGuideClientRewardsServiceImpl : Service - Distance calculated: 11360.209113958263
2021-11-27 20:34:20.889  INFO 530588 --- [ool-82-thread-2] .t.t.s.TourGuideClientRewardsServiceImpl : Service - Distance calculated: 3007.8559643533035
2021-11-27 20:34:20.889  INFO 530588 --- [ool-48-thread-2] .t.t.s.TourGuideClientRewardsServiceImpl : Service - Distance calculated: 2869.489382471436
2021-11-27 20:34:20.889  INFO 530588 --- [ool-95-thread-2] .t.t.s.TourGuideClientRewardsServiceImpl : Service - Distance calculated: 7252.969606045847
2021-11-27 20:34:20.895  INFO 530588 --- [ool-48-thread-2] .t.t.s.TourGuideClientRewardsServiceImpl : Service - Distance calculated: 4188.087186490352
2021-11-27 20:34:20.895  INFO 530588 --- [ool-48-thread-2] .t.t.s.TourGuideClientRewardsServiceImpl : Service - Distance calculated: 3688.8474350772008
2021-11-27 20:34:20.895  INFO 530588 --- [ool-48-thread-2] .t.t.s.TourGuideClientRewardsServiceImpl : Service - Distance calculated: 3234.9568020670795
2021-11-27 20:34:20.895  INFO 530588 --- [ool-48-thread-2] .t.t.s.TourGuideClientRewardsServiceImpl : Service - Distance calculated: 3176.7128952233015
2021-11-27 20:34:20.895  INFO 530588 --- [ool-48-thread-2] .t.t.s.TourGuideClientRewardsServiceImpl : Service - Distance calculated: 3692.5127933925937
2021-11-27 20:34:20.895  INFO 530588 --- [ool-48-thread-2] .t.t.s.TourGuideClientRewardsServiceImpl : Service - Distance calculated: 4190.9948812968205
2021-11-27 20:34:20.895  INFO 530588 --- [ool-48-thread-2] .t.t.s.TourGuideClientRewardsServiceImpl : Service - Distance calculated: 5352.676940172431
2021-11-27 20:34:20.895  INFO 530588 --- [ool-48-thread-2] .t.t.s.TourGuideClientRewardsServiceImpl : Service - Distance calculated: 6114.211727256162
2021-11-27 20:34:20.895  INFO 530588 --- [ool-48-thread-2] .t.t.s.TourGuideClientRewardsServiceImpl : Service - Distance calculated: 5509.947458898051
2021-11-27 20:34:20.895  INFO 530588 --- [ool-48-thread-2] .t.t.s.TourGuideClientRewardsServiceImpl : Service - Distance calculated: 5428.717035795385
2021-11-27 20:34:20.895  INFO 530588 --- [ool-95-thread-2] .t.t.s.TourGuideClientRewardsServiceImpl : Service - Distance calculated: 7136.404165906949
2021-11-27 20:34:20.895  INFO 530588 --- [ool-95-thread-2] .t.t.s.TourGuideClientRewardsServiceImpl : Service - Distance calculated: 7066.9712757259385
2021-11-27 20:34:20.895  INFO 530588 --- [ool-95-thread-2] .t.t.s.TourGuideClientRewardsServiceImpl : Service - Distance calculated: 7211.016371205898
2021-11-27 20:34:20.895  INFO 530588 --- [ool-95-thread-2] .t.t.s.TourGuideClientRewardsServiceImpl : Service - Distance calculated: 7230.178745869223
2021-11-27 20:34:20.895  INFO 530588 --- [ool-95-thread-2] .t.t.s.TourGuideClientRewardsServiceImpl : Service - Distance calculated: 8026.96034302783
2021-11-27 20:34:20.895  INFO 530588 --- [ool-95-thread-2] .t.t.s.TourGuideClientRewardsServiceImpl : Service - Distance calculated: 6680.678169849811
2021-11-27 20:34:20.895  INFO 530588 --- [ool-95-thread-2] .t.t.s.TourGuideClientRewardsServiceImpl : Service - Distance calculated: 7328.26565543368
2021-11-27 20:34:20.895  INFO 530588 --- [ool-95-thread-2] .t.t.s.TourGuideClientRewardsServiceImpl : Service - Distance calculated: 7614.251673999855
2021-11-27 20:34:20.895  INFO 530588 --- [ool-95-thread-2] .t.t.s.TourGuideClientRewardsServiceImpl : Service - Distance calculated: 7676.028403082559
2021-11-27 20:34:20.895  INFO 530588 --- [ool-95-thread-2] .t.t.s.TourGuideClientRewardsServiceImpl : Service - Distance calculated: 7290.118964963659
2021-11-27 20:34:20.895  INFO 530588 --- [ool-95-thread-2] .t.t.s.TourGuideClientRewardsServiceImpl : Service - Distance calculated: 6683.039560986344
2021-11-27 20:34:20.895  INFO 530588 --- [ool-95-thread-2] .t.t.s.TourGuideClientRewardsServiceImpl : Service - Distance calculated: 8694.62696925567
2021-11-27 20:34:20.895  INFO 530588 --- [ool-95-thread-2] .t.t.s.TourGuideClientRewardsServiceImpl : Service - Distance calculated: 8081.969467653808
2021-11-27 20:34:20.895  INFO 530588 --- [ool-95-thread-2] .t.t.s.TourGuideClientRewardsServiceImpl : Service - Distance calculated: 8631.345263654532
2021-11-27 20:34:20.889 DEBUG 530588 --- [    Test worker] c.t.t.s.TourGuideClientServiceImpl       : Service - Visited location added for user: internalUser41
2021-11-27 20:34:20.889  INFO 530588 --- [ol-118-thread-2] .t.t.s.TourGuideClientRewardsServiceImpl : Service - Distance calculated: 2242.6599236417856
2021-11-27 20:34:20.896  INFO 530588 --- [ool-95-thread-2] .t.t.s.TourGuideClientRewardsServiceImpl : Service - Distance calculated: 8713.197283567853
2021-11-27 20:34:20.889  INFO 530588 --- [ol-134-thread-2] .t.t.s.TourGuideClientRewardsServiceImpl : Service - Distance calculated: 3320.1935469944983
2021-11-27 20:34:20.896 DEBUG 530588 --- [    Test worker] c.t.t.s.TourGuideClientServiceImpl       : Service - Visited location added for user: internalUser40
2021-11-27 20:34:20.896  INFO 530588 --- [ol-134-thread-2] .t.t.s.TourGuideClientRewardsServiceImpl : Service - Distance calculated: 3481.820206393723
2021-11-27 20:34:20.896 DEBUG 530588 --- [    Test worker] c.t.t.s.TourGuideClientServiceImpl       : Service - Visited location added for user: internalUser43
2021-11-27 20:34:20.896  INFO 530588 --- [ol-134-thread-2] .t.t.s.TourGuideClientRewardsServiceImpl : Service - Distance calculated: 3165.4179564336914
2021-11-27 20:34:20.896 DEBUG 530588 --- [    Test worker] c.t.t.s.TourGuideClientServiceImpl       : Service - Visited location added for user: internalUser42
2021-11-27 20:34:20.896  INFO 530588 --- [ol-134-thread-2] .t.t.s.TourGuideClientRewardsServiceImpl : Service - Distance calculated: 3431.1464569442564
2021-11-27 20:34:20.896 DEBUG 530588 --- [    Test worker] c.t.t.s.TourGuideClientServiceImpl       : Service - Visited location added for user: internalUser59
2021-11-27 20:34:20.896  INFO 530588 --- [ol-134-thread-2] .t.t.s.TourGuideClientRewardsServiceImpl : Service - Distance calculated: 3198.3721726784506
2021-11-27 20:34:20.896  INFO 530588 --- [ol-134-thread-2] .t.t.s.TourGuideClientRewardsServiceImpl : Service - Distance calculated: 3720.3553319113007
2021-11-27 20:34:20.896  INFO 530588 --- [ol-134-thread-2] .t.t.s.TourGuideClientRewardsServiceImpl : Service - Distance calculated: 2870.58187058839
2021-11-27 20:34:20.889  INFO 530588 --- [ool-57-thread-2] .t.t.s.TourGuideClientRewardsServiceImpl : Service - Distance calculated: 9561.969812655438
2021-11-27 20:34:20.896  INFO 530588 --- [ool-57-thread-2] .t.t.s.TourGuideClientRewardsServiceImpl : Service - Distance calculated: 10151.022323615816
2021-11-27 20:34:20.889  INFO 530588 --- [ol-109-thread-2] .t.t.s.TourGuideClientRewardsServiceImpl : Service - Distance calculated: 8471.643151480477
2021-11-27 20:34:20.896  INFO 530588 --- [ol-109-thread-2] .t.t.s.TourGuideClientRewardsServiceImpl : Service - Distance calculated: 7926.960557514003
2021-11-27 20:34:20.896  INFO 530588 --- [ol-109-thread-2] .t.t.s.TourGuideClientRewardsServiceImpl : Service - Distance calculated: 8417.309652102294
2021-11-27 20:34:20.896  INFO 530588 --- [ol-109-thread-2] .t.t.s.TourGuideClientRewardsServiceImpl : Service - Distance calculated: 8560.741605559246
2021-11-27 20:34:20.896  INFO 530588 --- [ol-109-thread-2] .t.t.s.TourGuideClientRewardsServiceImpl : Service - Distance calculated: 5401.843694968612
2021-11-27 20:34:20.896  INFO 530588 --- [ol-109-thread-2] .t.t.s.TourGuideClientRewardsServiceImpl : Service - Distance calculated: 8493.09653220612
2021-11-27 20:34:20.896  INFO 530588 --- [ol-109-thread-2] .t.t.s.TourGuideClientRewardsServiceImpl : Service - Distance calculated: 8472.67375233724
2021-11-27 20:34:20.896  INFO 530588 --- [ol-109-thread-2] .t.t.s.TourGuideClientRewardsServiceImpl : Service - Distance calculated: 8577.951152992515
2021-11-27 20:34:20.889  INFO 530588 --- [ool-64-thread-2] .t.t.s.TourGuideClientRewardsServiceImpl : Service - Distance calculated: 6450.921019947267
2021-11-27 20:34:20.896  INFO 530588 --- [ol-109-thread-2] .t.t.s.TourGuideClientRewardsServiceImpl : Service - Distance calculated: 9301.41253104673
2021-11-27 20:34:20.896  INFO 530588 --- [ol-109-thread-2] .t.t.s.TourGuideClientRewardsServiceImpl : Service - Distance calculated: 8536.75221581779
2021-11-27 20:34:20.889  INFO 530588 --- [ool-43-thread-2] .t.t.s.TourGuideClientRewardsServiceImpl : Service - Distance calculated: 8986.760232383207
2021-11-27 20:34:20.896  INFO 530588 --- [ol-109-thread-2] .t.t.s.TourGuideClientRewardsServiceImpl : Service - Distance calculated: 8714.681588545813
2021-11-27 20:34:20.896  INFO 530588 --- [ool-43-thread-2] .t.t.s.TourGuideClientRewardsServiceImpl : Service - Distance calculated: 6955.797671669866
2021-11-27 20:34:20.889  INFO 530588 --- [ol-103-thread-2] .t.t.s.TourGuideClientRewardsServiceImpl : Service - Distance calculated: 8408.746531204397
2021-11-27 20:34:20.896  INFO 530588 --- [ool-43-thread-2] .t.t.s.TourGuideClientRewardsServiceImpl : Service - Distance calculated: 7746.407442983893
2021-11-27 20:34:20.896  INFO 530588 --- [ool-43-thread-2] .t.t.s.TourGuideClientRewardsServiceImpl : Service - Distance calculated: 8844.893137987267
2021-11-27 20:34:20.896  INFO 530588 --- [ool-43-thread-2] .t.t.s.TourGuideClientRewardsServiceImpl : Service - Distance calculated: 8308.307324184598
2021-11-27 20:34:20.896  INFO 530588 --- [ol-103-thread-2] .t.t.s.TourGuideClientRewardsServiceImpl : Service - Distance calculated: 9231.538857566624
2021-11-27 20:34:20.889  INFO 530588 --- [ool-87-thread-2] .t.t.s.TourGuideClientRewardsServiceImpl : Service - Distance calculated: 8040.380810620422
2021-11-27 20:34:20.889  INFO 530588 --- [ool-88-thread-2] .t.t.s.TourGuideClientRewardsServiceImpl : Service - Distance calculated: 3591.3922330569935
2021-11-27 20:34:20.896  INFO 530588 --- [ool-87-thread-2] .t.t.s.TourGuideClientRewardsServiceImpl : Service - Distance calculated: 8217.145696144411
2021-11-27 20:34:20.896  INFO 530588 --- [ool-87-thread-2] .t.t.s.TourGuideClientRewardsServiceImpl : Service - Distance calculated: 8115.357691655134
2021-11-27 20:34:20.896  INFO 530588 --- [ool-88-thread-2] .t.t.s.TourGuideClientRewardsServiceImpl : Service - Distance calculated: 3039.209690609776
2021-11-27 20:34:20.896  INFO 530588 --- [ool-87-thread-2] .t.t.s.TourGuideClientRewardsServiceImpl : Service - Distance calculated: 7899.851301431648
2021-11-27 20:34:20.896  INFO 530588 --- [ool-88-thread-2] .t.t.s.TourGuideClientRewardsServiceImpl : Service - Distance calculated: 3325.4786243297967
2021-11-27 20:34:20.896  INFO 530588 --- [ool-87-thread-2] .t.t.s.TourGuideClientRewardsServiceImpl : Service - Distance calculated: 8527.169518530545
2021-11-27 20:34:20.896  INFO 530588 --- [ool-88-thread-2] .t.t.s.TourGuideClientRewardsServiceImpl : Service - Distance calculated: 2759.713649024086
2021-11-27 20:34:20.896  INFO 530588 --- [ool-87-thread-2] .t.t.s.TourGuideClientRewardsServiceImpl : Service - Distance calculated: 8326.980804499237
2021-11-27 20:34:20.896  INFO 530588 --- [ool-88-thread-2] .t.t.s.TourGuideClientRewardsServiceImpl : Service - Distance calculated: 3519.3551718185863
2021-11-27 20:34:20.896  INFO 530588 --- [ool-87-thread-2] .t.t.s.TourGuideClientRewardsServiceImpl : Service - Distance calculated: 10008.377766401258
2021-11-27 20:34:20.896  INFO 530588 --- [ool-88-thread-2] .t.t.s.TourGuideClientRewardsServiceImpl : Service - Distance calculated: 4223.208697251025
2021-11-27 20:34:20.896  INFO 530588 --- [ool-88-thread-2] .t.t.s.TourGuideClientRewardsServiceImpl : Service - Distance calculated: 3112.3487922224735
2021-11-27 20:34:20.896  INFO 530588 --- [ool-88-thread-2] .t.t.s.TourGuideClientRewardsServiceImpl : Service - Distance calculated: 1958.2615475895025
2021-11-27 20:34:20.896  INFO 530588 --- [ool-87-thread-2] .t.t.s.TourGuideClientRewardsServiceImpl : Service - Distance calculated: 8622.81701980044
2021-11-27 20:34:20.896  INFO 530588 --- [ool-88-thread-2] .t.t.s.TourGuideClientRewardsServiceImpl : Service - Distance calculated: 3859.3071802005747
2021-11-27 20:34:20.896  INFO 530588 --- [ool-87-thread-2] .t.t.s.TourGuideClientRewardsServiceImpl : Service - Distance calculated: 8538.142452153572
2021-11-27 20:34:20.896  INFO 530588 --- [ool-87-thread-2] .t.t.s.TourGuideClientRewardsServiceImpl : Service - Distance calculated: 8480.606238906505
2021-11-27 20:34:20.897  INFO 530588 --- [ool-87-thread-2] .t.t.s.TourGuideClientRewardsServiceImpl : Service - Distance calculated: 7639.45974483293
2021-11-27 20:34:20.897  INFO 530588 --- [ool-87-thread-2] .t.t.s.TourGuideClientRewardsServiceImpl : Service - Distance calculated: 7810.63003515842
2021-11-27 20:34:20.897  INFO 530588 --- [ool-87-thread-2] .t.t.s.TourGuideClientRewardsServiceImpl : Service - Distance calculated: 8043.191645381817
2021-11-27 20:34:20.897  INFO 530588 --- [ool-87-thread-2] .t.t.s.TourGuideClientRewardsServiceImpl : Service - Distance calculated: 7837.775320224607
2021-11-27 20:34:20.897  INFO 530588 --- [ool-87-thread-2] .t.t.s.TourGuideClientRewardsServiceImpl : Service - Distance calculated: 8246.59151392357
2021-11-27 20:34:20.897  INFO 530588 --- [ool-87-thread-2] .t.t.s.TourGuideClientRewardsServiceImpl : Service - Distance calculated: 7836.548162031845
2021-11-27 20:34:20.897  INFO 530588 --- [ool-87-thread-2] .t.t.s.TourGuideClientRewardsServiceImpl : Service - Distance calculated: 7961.692856378538
2021-11-27 20:34:20.897  INFO 530588 --- [ool-87-thread-2] .t.t.s.TourGuideClientRewardsServiceImpl : Service - Distance calculated: 7705.9250515063595
2021-11-27 20:34:20.897  INFO 530588 --- [ool-87-thread-2] .t.t.s.TourGuideClientRewardsServiceImpl : Service - Distance calculated: 8745.850516418763
2021-11-27 20:34:20.897  INFO 530588 --- [ool-87-thread-2] .t.t.s.TourGuideClientRewardsServiceImpl : Service - Distance calculated: 7898.245336993468
2021-11-27 20:34:20.897  INFO 530588 --- [ool-87-thread-2] .t.t.s.TourGuideClientRewardsServiceImpl : Service - Distance calculated: 8420.475544991943
2021-11-27 20:34:20.897  INFO 530588 --- [ool-87-thread-2] .t.t.s.TourGuideClientRewardsServiceImpl : Service - Distance calculated: 8631.115149909394
2021-11-27 20:34:20.897  INFO 530588 --- [ool-87-thread-2] .t.t.s.TourGuideClientRewardsServiceImpl : Service - Distance calculated: 7737.901987911246
2021-11-27 20:34:20.897  INFO 530588 --- [ool-87-thread-2] .t.t.s.TourGuideClientRewardsServiceImpl : Service - Distance calculated: 7095.708762485708
2021-11-27 20:34:20.897  INFO 530588 --- [ool-87-thread-2] .t.t.s.TourGuideClientRewardsServiceImpl : Service - Distance calculated: 7750.3183409931635
2021-11-27 20:34:20.897  INFO 530588 --- [ool-87-thread-2] .t.t.s.TourGuideClientRewardsServiceImpl : Service - Distance calculated: 7260.361997672894
2021-11-27 20:34:20.897  INFO 530588 --- [ool-87-thread-2] .t.t.s.TourGuideClientRewardsServiceImpl : Service - Distance calculated: 7197.663814052072
2021-11-27 20:34:20.897  INFO 530588 --- [ool-87-thread-2] .t.t.s.TourGuideClientRewardsServiceImpl : Service - Distance calculated: 8445.412282929234
2021-11-27 20:34:20.897  INFO 530588 --- [ool-87-thread-2] .t.t.s.TourGuideClientRewardsServiceImpl : Service - Distance calculated: 8395.822463413797
2021-11-27 20:34:20.897  INFO 530588 --- [ool-87-thread-2] .t.t.s.TourGuideClientRewardsServiceImpl : Service - Distance calculated: 7409.726183317761
2021-11-27 20:34:20.897  INFO 530588 --- [ool-87-thread-2] .t.t.s.TourGuideClientRewardsServiceImpl : Service - Distance calculated: 9061.354621241131
2021-11-27 20:34:20.897  INFO 530588 --- [ool-87-thread-2] .t.t.s.TourGuideClientRewardsServiceImpl : Service - Distance calculated: 8928.617854817045
2021-11-27 20:34:20.897  INFO 530588 --- [ool-87-thread-2] .t.t.s.TourGuideClientRewardsServiceImpl : Service - Distance calculated: 7102.701348796736
2021-11-27 20:34:20.897  INFO 530588 --- [ool-87-thread-2] .t.t.s.TourGuideClientRewardsServiceImpl : Service - Distance calculated: 9507.294255319535
2021-11-27 20:34:20.897  INFO 530588 --- [ool-87-thread-2] .t.t.s.TourGuideClientRewardsServiceImpl : Service - Distance calculated: 9213.58749364631
2021-11-27 20:34:20.897  INFO 530588 --- [ool-87-thread-2] .t.t.s.TourGuideClientRewardsServiceImpl : Service - Distance calculated: 9330.353392178324
2021-11-27 20:34:20.897  INFO 530588 --- [ool-87-thread-2] .t.t.s.TourGuideClientRewardsServiceImpl : Service - Distance calculated: 8926.11595708843
2021-11-27 20:34:20.897  INFO 530588 --- [ool-87-thread-2] .t.t.s.TourGuideClientRewardsServiceImpl : Service - Distance calculated: 8031.5672280308045
2021-11-27 20:34:20.897  INFO 530588 --- [ool-87-thread-2] .t.t.s.TourGuideClientRewardsServiceImpl : Service - Distance calculated: 8661.340833690114
2021-11-27 20:34:20.897  INFO 530588 --- [ool-87-thread-2] .t.t.s.TourGuideClientRewardsServiceImpl : Service - Distance calculated: 8393.661129458977
2021-11-27 20:34:20.897  INFO 530588 --- [ool-87-thread-2] .t.t.s.TourGuideClientRewardsServiceImpl : Service - Distance calculated: 8915.020858438767
2021-11-27 20:34:20.897  INFO 530588 --- [ool-87-thread-2] .t.t.s.TourGuideClientRewardsServiceImpl : Service - Distance calculated: 8116.473113962105
2021-11-27 20:34:20.897  INFO 530588 --- [ool-87-thread-2] .t.t.s.TourGuideClientRewardsServiceImpl : Service - Distance calculated: 7095.356001577077
2021-11-27 20:34:20.897  INFO 530588 --- [ool-87-thread-2] .t.t.s.TourGuideClientRewardsServiceImpl : Service - Distance calculated: 8820.494189258347
2021-11-27 20:34:20.897  INFO 530588 --- [ool-87-thread-2] .t.t.s.TourGuideClientRewardsServiceImpl : Service - Distance calculated: 9666.11262654338
2021-11-27 20:34:20.897  INFO 530588 --- [ool-87-thread-2] .t.t.s.TourGuideClientRewardsServiceImpl : Service - Distance calculated: 7610.510391532504
2021-11-27 20:34:20.897  INFO 530588 --- [ool-87-thread-2] .t.t.s.TourGuideClientRewardsServiceImpl : Service - Distance calculated: 8421.412196859977
2021-11-27 20:34:20.898  INFO 530588 --- [ool-87-thread-2] .t.t.s.TourGuideClientRewardsServiceImpl : Service - Distance calculated: 9514.242821161088
2021-11-27 20:34:20.898  INFO 530588 --- [ool-87-thread-2] .t.t.s.TourGuideClientRewardsServiceImpl : Service - Distance calculated: 8881.014241454279
2021-11-27 20:34:20.898  INFO 530588 --- [ool-87-thread-2] .t.t.s.TourGuideClientRewardsServiceImpl : Service - Calculate rewards points for user: internalUser6
2021-11-27 20:34:20.889  INFO 530588 --- [ool-85-thread-2] .t.t.s.TourGuideClientRewardsServiceImpl : Service - Distance calculated: 11974.44216747775
2021-11-27 20:34:20.898  INFO 530588 --- [ool-85-thread-2] .t.t.s.TourGuideClientRewardsServiceImpl : Service - Distance calculated: 11696.300855245947
2021-11-27 20:34:20.898  INFO 530588 --- [ool-85-thread-2] .t.t.s.TourGuideClientRewardsServiceImpl : Service - Distance calculated: 11718.140276769396
2021-11-27 20:34:20.898  INFO 530588 --- [ool-85-thread-2] .t.t.s.TourGuideClientRewardsServiceImpl : Service - Distance calculated: 10503.88332227838
2021-11-27 20:34:20.898  INFO 530588 --- [ool-85-thread-2] .t.t.s.TourGuideClientRewardsServiceImpl : Service - Distance calculated: 12142.036518031267
2021-11-27 20:34:20.898  INFO 530588 --- [ool-85-thread-2] .t.t.s.TourGuideClientRewardsServiceImpl : Service - Distance calculated: 10987.560128212577
2021-11-27 20:34:20.898  INFO 530588 --- [ool-85-thread-2] .t.t.s.TourGuideClientRewardsServiceImpl : Service - Distance calculated: 11130.364983196518
2021-11-27 20:34:20.899  INFO 530588 --- [ool-85-thread-2] .t.t.s.TourGuideClientRewardsServiceImpl : Service - Distance calculated: 11379.517552401863
2021-11-27 20:34:20.899  INFO 530588 --- [ool-85-thread-2] .t.t.s.TourGuideClientRewardsServiceImpl : Service - Distance calculated: 11156.275882243564
2021-11-27 20:34:20.899  INFO 530588 --- [ool-85-thread-2] .t.t.s.TourGuideClientRewardsServiceImpl : Service - Distance calculated: 12081.66346242431
2021-11-27 20:34:20.899  INFO 530588 --- [ool-85-thread-2] .t.t.s.TourGuideClientRewardsServiceImpl : Service - Distance calculated: 8169.1313166106265
2021-11-27 20:34:20.899  INFO 530588 --- [ool-85-thread-2] .t.t.s.TourGuideClientRewardsServiceImpl : Service - Distance calculated: 8769.823830798963
2021-11-27 20:34:20.899  INFO 530588 --- [ool-85-thread-2] .t.t.s.TourGuideClientRewardsServiceImpl : Service - Distance calculated: 8236.598681407737
2021-11-27 20:34:20.899  INFO 530588 --- [ool-85-thread-2] .t.t.s.TourGuideClientRewardsServiceImpl : Service - Distance calculated: 8154.406662528111
2021-11-27 20:34:20.899  INFO 530588 --- [ool-85-thread-2] .t.t.s.TourGuideClientRewardsServiceImpl : Service - Distance calculated: 8119.051570973658
2021-11-27 20:34:20.899  INFO 530588 --- [ool-85-thread-2] .t.t.s.TourGuideClientRewardsServiceImpl : Service - Distance calculated: 8020.26369824777
2021-11-27 20:34:20.899  INFO 530588 --- [ool-85-thread-2] .t.t.s.TourGuideClientRewardsServiceImpl : Service - Distance calculated: 7964.913070398189
2021-11-27 20:34:20.899  INFO 530588 --- [ool-85-thread-2] .t.t.s.TourGuideClientRewardsServiceImpl : Service - Distance calculated: 8338.052935501597
2021-11-27 20:34:20.899  INFO 530588 --- [ool-85-thread-2] .t.t.s.TourGuideClientRewardsServiceImpl : Service - Distance calculated: 8152.164839010731
2021-11-27 20:34:20.899  INFO 530588 --- [ool-85-thread-2] .t.t.s.TourGuideClientRewardsServiceImpl : Service - Distance calculated: 10344.79723336067
2021-11-27 20:34:20.900  INFO 530588 --- [ool-85-thread-2] .t.t.s.TourGuideClientRewardsServiceImpl : Service - Distance calculated: 8364.49245869537
2021-11-27 20:34:20.900  INFO 530588 --- [ool-85-thread-2] .t.t.s.TourGuideClientRewardsServiceImpl : Service - Distance calculated: 8324.349809906898
2021-11-27 20:34:20.900  INFO 530588 --- [ool-85-thread-2] .t.t.s.TourGuideClientRewardsServiceImpl : Service - Distance calculated: 8246.317053713025
2021-11-27 20:34:20.900  INFO 530588 --- [ool-85-thread-2] .t.t.s.TourGuideClientRewardsServiceImpl : Service - Distance calculated: 7430.159847328668
2021-11-27 20:34:20.900  INFO 530588 --- [ool-85-thread-2] .t.t.s.TourGuideClientRewardsServiceImpl : Service - Distance calculated: 7759.904007385231
2021-11-27 20:34:20.900  INFO 530588 --- [ool-85-thread-2] .t.t.s.TourGuideClientRewardsServiceImpl : Service - Distance calculated: 7899.170166263112
2021-11-27 20:34:20.900  INFO 530588 --- [ool-85-thread-2] .t.t.s.TourGuideClientRewardsServiceImpl : Service - Distance calculated: 7726.935259902896
2021-11-27 20:34:20.889  INFO 530588 --- [ol-129-thread-2] .t.t.s.TourGuideClientRewardsServiceImpl : Service - Distance calculated: 8464.565733009647
2021-11-27 20:34:20.900  INFO 530588 --- [ool-85-thread-2] .t.t.s.TourGuideClientRewardsServiceImpl : Service - Distance calculated: 8070.523474478068
2021-11-27 20:34:20.900  INFO 530588 --- [ol-129-thread-2] .t.t.s.TourGuideClientRewardsServiceImpl : Service - Distance calculated: 9547.113029795739
2021-11-27 20:34:20.900  INFO 530588 --- [ool-85-thread-2] .t.t.s.TourGuideClientRewardsServiceImpl : Service - Distance calculated: 7772.846700386472
2021-11-27 20:34:20.900  INFO 530588 --- [ol-129-thread-2] .t.t.s.TourGuideClientRewardsServiceImpl : Service - Distance calculated: 9031.864792926732
2021-11-27 20:34:20.900  INFO 530588 --- [ol-129-thread-2] .t.t.s.TourGuideClientRewardsServiceImpl : Service - Distance calculated: 9177.370722795908
2021-11-27 20:34:20.900  INFO 530588 --- [ol-129-thread-2] .t.t.s.TourGuideClientRewardsServiceImpl : Service - Distance calculated: 8887.579458339795
2021-11-27 20:34:20.900  INFO 530588 --- [ol-129-thread-2] .t.t.s.TourGuideClientRewardsServiceImpl : Service - Distance calculated: 9474.152819230741
2021-11-27 20:34:20.900  INFO 530588 --- [ol-129-thread-2] .t.t.s.TourGuideClientRewardsServiceImpl : Service - Distance calculated: 10698.07159006884
2021-11-27 20:34:20.900  INFO 530588 --- [ol-129-thread-2] .t.t.s.TourGuideClientRewardsServiceImpl : Service - Distance calculated: 8627.443874161832
2021-11-27 20:34:20.900  INFO 530588 --- [ol-129-thread-2] .t.t.s.TourGuideClientRewardsServiceImpl : Service - Distance calculated: 8355.02977123985
2021-11-27 20:34:20.900  INFO 530588 --- [ol-129-thread-2] .t.t.s.TourGuideClientRewardsServiceImpl : Service - Distance calculated: 10071.591124629502
2021-11-27 20:34:20.900  INFO 530588 --- [ol-129-thread-2] .t.t.s.TourGuideClientRewardsServiceImpl : Service - Distance calculated: 9499.69843316199
2021-11-27 20:34:20.901  INFO 530588 --- [ol-129-thread-2] .t.t.s.TourGuideClientRewardsServiceImpl : Service - Distance calculated: 8462.046754753925
2021-11-27 20:34:20.901  INFO 530588 --- [ol-129-thread-2] .t.t.s.TourGuideClientRewardsServiceImpl : Service - Distance calculated: 8587.917348921772
2021-11-27 20:34:20.901  INFO 530588 --- [ol-129-thread-2] .t.t.s.TourGuideClientRewardsServiceImpl : Service - Distance calculated: 4775.761615042806
2021-11-27 20:34:20.901  INFO 530588 --- [ol-129-thread-2] .t.t.s.TourGuideClientRewardsServiceImpl : Service - Distance calculated: 4130.228437268488
2021-11-27 20:34:20.901  INFO 530588 --- [ol-129-thread-2] .t.t.s.TourGuideClientRewardsServiceImpl : Service - Distance calculated: 4695.37305511623
2021-11-27 20:34:20.901  INFO 530588 --- [ol-129-thread-2] .t.t.s.TourGuideClientRewardsServiceImpl : Service - Distance calculated: 4780.476226350385
2021-11-27 20:34:20.901  INFO 530588 --- [ol-129-thread-2] .t.t.s.TourGuideClientRewardsServiceImpl : Service - Distance calculated: 4667.763782016183
2021-11-27 20:34:20.901  INFO 530588 --- [ol-129-thread-2] .t.t.s.TourGuideClientRewardsServiceImpl : Service - Distance calculated: 4769.226434459988
2021-11-27 20:34:20.901  INFO 530588 --- [ol-129-thread-2] .t.t.s.TourGuideClientRewardsServiceImpl : Service - Distance calculated: 4941.4180708830845
2021-11-27 20:34:20.901  INFO 530588 --- [ol-129-thread-2] .t.t.s.TourGuideClientRewardsServiceImpl : Service - Distance calculated: 4367.091130803997
2021-11-27 20:34:20.901  INFO 530588 --- [ol-129-thread-2] .t.t.s.TourGuideClientRewardsServiceImpl : Service - Distance calculated: 4566.657081203923
2021-11-27 20:34:20.901  INFO 530588 --- [ol-129-thread-2] .t.t.s.TourGuideClientRewardsServiceImpl : Service - Distance calculated: 2672.0728311581065
2021-11-27 20:34:20.901  INFO 530588 --- [ol-129-thread-2] .t.t.s.TourGuideClientRewardsServiceImpl : Service - Distance calculated: 4270.616562056272
2021-11-27 20:34:20.901  INFO 530588 --- [ol-129-thread-2] .t.t.s.TourGuideClientRewardsServiceImpl : Service - Distance calculated: 4356.7051169647875
2021-11-27 20:34:20.901  INFO 530588 --- [ol-129-thread-2] .t.t.s.TourGuideClientRewardsServiceImpl : Service - Distance calculated: 4413.960281230206
2021-11-27 20:34:20.901  INFO 530588 --- [ol-129-thread-2] .t.t.s.TourGuideClientRewardsServiceImpl : Service - Distance calculated: 5255.387301651756
2021-11-27 20:34:20.901  INFO 530588 --- [ol-129-thread-2] .t.t.s.TourGuideClientRewardsServiceImpl : Service - Distance calculated: 5065.74538651813
2021-11-27 20:34:20.902  INFO 530588 --- [ol-129-thread-2] .t.t.s.TourGuideClientRewardsServiceImpl : Service - Distance calculated: 4848.185781042886
2021-11-27 20:34:20.902  INFO 530588 --- [ol-129-thread-2] .t.t.s.TourGuideClientRewardsServiceImpl : Service - Distance calculated: 5049.74995998097
2021-11-27 20:34:20.902  INFO 530588 --- [ol-129-thread-2] .t.t.s.TourGuideClientRewardsServiceImpl : Service - Distance calculated: 4647.175816443861
2021-11-27 20:34:20.902  INFO 530588 --- [ol-129-thread-2] .t.t.s.TourGuideClientRewardsServiceImpl : Service - Distance calculated: 5042.598818653498
2021-11-27 20:34:20.902  INFO 530588 --- [ol-129-thread-2] .t.t.s.TourGuideClientRewardsServiceImpl : Service - Distance calculated: 4853.864422339377
2021-11-27 20:34:20.902  INFO 530588 --- [ol-129-thread-2] .t.t.s.TourGuideClientRewardsServiceImpl : Service - Distance calculated: 5188.6502406931195
2021-11-27 20:34:20.903  INFO 530588 --- [ol-129-thread-2] .t.t.s.TourGuideClientRewardsServiceImpl : Service - Distance calculated: 4145.697476277601
2021-11-27 20:34:20.903  INFO 530588 --- [ol-129-thread-2] .t.t.s.TourGuideClientRewardsServiceImpl : Service - Distance calculated: 4955.7118245699185
2021-11-27 20:34:20.903  INFO 530588 --- [ol-129-thread-2] .t.t.s.TourGuideClientRewardsServiceImpl : Service - Distance calculated: 4461.375800748329
2021-11-27 20:34:20.903  INFO 530588 --- [ol-129-thread-2] .t.t.s.TourGuideClientRewardsServiceImpl : Service - Distance calculated: 4262.261229586624
2021-11-27 20:34:20.903  INFO 530588 --- [ol-129-thread-2] .t.t.s.TourGuideClientRewardsServiceImpl : Service - Distance calculated: 5156.85144155912
2021-11-27 20:34:20.903  INFO 530588 --- [ol-129-thread-2] .t.t.s.TourGuideClientRewardsServiceImpl : Service - Distance calculated: 3442.289515767226
2021-11-27 20:34:20.903  INFO 530588 --- [ol-129-thread-2] .t.t.s.TourGuideClientRewardsServiceImpl : Service - Distance calculated: 4149.931866579235
2021-11-27 20:34:20.903  INFO 530588 --- [ol-129-thread-2] .t.t.s.TourGuideClientRewardsServiceImpl : Service - Distance calculated: 3607.046279382045
2021-11-27 20:34:20.903  INFO 530588 --- [ol-129-thread-2] .t.t.s.TourGuideClientRewardsServiceImpl : Service - Distance calculated: 3538.747942103968
2021-11-27 20:34:20.904  INFO 530588 --- [ol-129-thread-2] .t.t.s.TourGuideClientRewardsServiceImpl : Service - Distance calculated: 4775.122494221807
2021-11-27 20:34:20.904  INFO 530588 --- [ol-129-thread-2] .t.t.s.TourGuideClientRewardsServiceImpl : Service - Distance calculated: 4729.190181284065
2021-11-27 20:34:20.904  INFO 530588 --- [ol-129-thread-2] .t.t.s.TourGuideClientRewardsServiceImpl : Service - Distance calculated: 3737.917391409971
2021-11-27 20:34:20.904  INFO 530588 --- [ol-129-thread-2] .t.t.s.TourGuideClientRewardsServiceImpl : Service - Distance calculated: 5389.439828485297
2021-11-27 20:34:20.904  INFO 530588 --- [ol-129-thread-2] .t.t.s.TourGuideClientRewardsServiceImpl : Service - Distance calculated: 5260.467787205222
2021-11-27 20:34:20.904  INFO 530588 --- [ol-129-thread-2] .t.t.s.TourGuideClientRewardsServiceImpl : Service - Distance calculated: 4326.1038741266
2021-11-27 20:34:20.904  INFO 530588 --- [ol-129-thread-2] .t.t.s.TourGuideClientRewardsServiceImpl : Service - Distance calculated: 5835.406743995293
2021-11-27 20:34:20.904  INFO 530588 --- [ol-129-thread-2] .t.t.s.TourGuideClientRewardsServiceImpl : Service - Distance calculated: 5541.792961291113
2021-11-27 20:34:20.904  INFO 530588 --- [ol-129-thread-2] .t.t.s.TourGuideClientRewardsServiceImpl : Service - Distance calculated: 5660.4932986123
2021-11-27 20:34:20.904  INFO 530588 --- [ol-129-thread-2] .t.t.s.TourGuideClientRewardsServiceImpl : Service - Distance calculated: 5365.02595056653
2021-11-27 20:34:20.904  INFO 530588 --- [ol-129-thread-2] .t.t.s.TourGuideClientRewardsServiceImpl : Service - Distance calculated: 4378.309251148249
2021-11-27 20:34:20.904  INFO 530588 --- [ol-129-thread-2] .t.t.s.TourGuideClientRewardsServiceImpl : Service - Distance calculated: 5008.432485397488
2021-11-27 20:34:20.904  INFO 530588 --- [ol-129-thread-2] .t.t.s.TourGuideClientRewardsServiceImpl : Service - Distance calculated: 4754.49452895955
2021-11-27 20:34:20.904  INFO 530588 --- [ol-129-thread-2] .t.t.s.TourGuideClientRewardsServiceImpl : Service - Distance calculated: 5251.388987083489
2021-11-27 20:34:20.904  INFO 530588 --- [ol-129-thread-2] .t.t.s.TourGuideClientRewardsServiceImpl : Service - Distance calculated: 4464.090614943235
2021-11-27 20:34:20.904  INFO 530588 --- [ol-129-thread-2] .t.t.s.TourGuideClientRewardsServiceImpl : Service - Distance calculated: 3434.2529966373554
2021-11-27 20:34:20.904  INFO 530588 --- [ol-129-thread-2] .t.t.s.TourGuideClientRewardsServiceImpl : Service - Distance calculated: 5233.9580361475455
2021-11-27 20:34:20.904  INFO 530588 --- [ol-129-thread-2] .t.t.s.TourGuideClientRewardsServiceImpl : Service - Distance calculated: 5995.186240698779
2021-11-27 20:34:20.904  INFO 530588 --- [ol-129-thread-2] .t.t.s.TourGuideClientRewardsServiceImpl : Service - Distance calculated: 3939.4404034516483
2021-11-27 20:34:20.904  INFO 530588 --- [ol-129-thread-2] .t.t.s.TourGuideClientRewardsServiceImpl : Service - Distance calculated: 4751.224202884595
2021-11-27 20:34:20.904  INFO 530588 --- [ol-129-thread-2] .t.t.s.TourGuideClientRewardsServiceImpl : Service - Distance calculated: 5842.333876815716
2021-11-27 20:34:20.904  INFO 530588 --- [ol-129-thread-2] .t.t.s.TourGuideClientRewardsServiceImpl : Service - Distance calculated: 5291.74019639455
2021-11-27 20:34:20.904  INFO 530588 --- [ol-129-thread-2] .t.t.s.TourGuideClientRewardsServiceImpl : Service - Calculate rewards points for user: internalUser51
2021-11-27 20:34:20.889  INFO 530588 --- [ool-56-thread-2] .t.t.s.TourGuideClientRewardsServiceImpl : Service - Distance calculated: 7881.0919393310205
2021-11-27 20:34:20.889  INFO 530588 --- [ool-83-thread-2] .t.t.s.TourGuideClientRewardsServiceImpl : Service - Distance calculated: 3819.1986596171964
2021-11-27 20:34:20.904  INFO 530588 --- [ool-56-thread-2] .t.t.s.TourGuideClientRewardsServiceImpl : Service - Distance calculated: 7593.671458312565
2021-11-27 20:34:20.904  INFO 530588 --- [ool-83-thread-2] .t.t.s.TourGuideClientRewardsServiceImpl : Service - Distance calculated: 5746.109264995629
2021-11-27 20:34:20.904  INFO 530588 --- [ool-56-thread-2] .t.t.s.TourGuideClientRewardsServiceImpl : Service - Distance calculated: 8161.090183999202
2021-11-27 20:34:20.904  INFO 530588 --- [ool-56-thread-2] .t.t.s.TourGuideClientRewardsServiceImpl : Service - Distance calculated: 7390.167154223945
2021-11-27 20:34:20.904  INFO 530588 --- [ool-56-thread-2] .t.t.s.TourGuideClientRewardsServiceImpl : Service - Distance calculated: 6722.464292171795
2021-11-27 20:34:20.889  INFO 530588 --- [ol-142-thread-2] .t.t.s.TourGuideClientRewardsServiceImpl : Service - Distance calculated: 6381.26828337853
2021-11-27 20:34:20.904  INFO 530588 --- [ol-142-thread-2] .t.t.s.TourGuideClientRewardsServiceImpl : Service - Distance calculated: 6485.384968396623
2021-11-27 20:34:20.905  INFO 530588 --- [ol-142-thread-2] .t.t.s.TourGuideClientRewardsServiceImpl : Service - Distance calculated: 6535.099481977985
2021-11-27 20:34:20.905  INFO 530588 --- [ol-142-thread-2] .t.t.s.TourGuideClientRewardsServiceImpl : Service - Distance calculated: 7381.296835494235
2021-11-27 20:34:20.905  INFO 530588 --- [ol-142-thread-2] .t.t.s.TourGuideClientRewardsServiceImpl : Service - Distance calculated: 7166.609861286039
2021-11-27 20:34:20.905  INFO 530588 --- [ol-142-thread-2] .t.t.s.TourGuideClientRewardsServiceImpl : Service - Distance calculated: 6982.84118096279
2021-11-27 20:34:20.905  INFO 530588 --- [ol-142-thread-2] .t.t.s.TourGuideClientRewardsServiceImpl : Service - Distance calculated: 7178.299026219151
2021-11-27 20:34:20.905  INFO 530588 --- [ol-142-thread-2] .t.t.s.TourGuideClientRewardsServiceImpl : Service - Distance calculated: 6782.033642645521
2021-11-27 20:34:20.905  INFO 530588 --- [ol-142-thread-2] .t.t.s.TourGuideClientRewardsServiceImpl : Service - Distance calculated: 7151.176606418988
2021-11-27 20:34:20.905  INFO 530588 --- [ol-142-thread-2] .t.t.s.TourGuideClientRewardsServiceImpl : Service - Distance calculated: 6762.935445155863
2021-11-27 20:34:20.905  INFO 530588 --- [ol-142-thread-2] .t.t.s.TourGuideClientRewardsServiceImpl : Service - Distance calculated: 7320.7480929170515
2021-11-27 20:34:20.905  INFO 530588 --- [ol-142-thread-2] .t.t.s.TourGuideClientRewardsServiceImpl : Service - Distance calculated: 6243.973428438637
2021-11-27 20:34:20.905  INFO 530588 --- [ol-142-thread-2] .t.t.s.TourGuideClientRewardsServiceImpl : Service - Distance calculated: 6989.711241412088
2021-11-27 20:34:20.905  INFO 530588 --- [ol-142-thread-2] .t.t.s.TourGuideClientRewardsServiceImpl : Service - Distance calculated: 6579.15237137466
2021-11-27 20:34:20.905  INFO 530588 --- [ol-142-thread-2] .t.t.s.TourGuideClientRewardsServiceImpl : Service - Distance calculated: 6372.498874231946
2021-11-27 20:34:20.905  INFO 530588 --- [ol-142-thread-2] .t.t.s.TourGuideClientRewardsServiceImpl : Service - Distance calculated: 7287.196617081098
2021-11-27 20:34:20.905  INFO 530588 --- [ol-142-thread-2] .t.t.s.TourGuideClientRewardsServiceImpl : Service - Distance calculated: 6180.400152767894
2021-11-27 20:34:20.905  INFO 530588 --- [ol-142-thread-2] .t.t.s.TourGuideClientRewardsServiceImpl : Service - Distance calculated: 5670.882340661649
2021-11-27 20:34:20.905  INFO 530588 --- [ol-142-thread-2] .t.t.s.TourGuideClientRewardsServiceImpl : Service - Distance calculated: 6025.832383104637
2021-11-27 20:34:20.905  INFO 530588 --- [ol-142-thread-2] .t.t.s.TourGuideClientRewardsServiceImpl : Service - Distance calculated: 6066.614026179994
2021-11-27 20:34:20.905  INFO 530588 --- [ol-142-thread-2] .t.t.s.TourGuideClientRewardsServiceImpl : Service - Distance calculated: 4751.678386795732
2021-11-27 20:34:20.905  INFO 530588 --- [ol-142-thread-2] .t.t.s.TourGuideClientRewardsServiceImpl : Service - Distance calculated: 4767.397574240262
2021-11-27 20:34:20.905  INFO 530588 --- [ol-142-thread-2] .t.t.s.TourGuideClientRewardsServiceImpl : Service - Distance calculated: 5778.829286329328
2021-11-27 20:34:20.905  INFO 530588 --- [ol-142-thread-2] .t.t.s.TourGuideClientRewardsServiceImpl : Service - Distance calculated: 4212.853281678264
2021-11-27 20:34:20.905  INFO 530588 --- [ol-142-thread-2] .t.t.s.TourGuideClientRewardsServiceImpl : Service - Distance calculated: 4275.9503881153305
2021-11-27 20:34:20.905  INFO 530588 --- [ol-142-thread-2] .t.t.s.TourGuideClientRewardsServiceImpl : Service - Distance calculated: 6688.038610917632
2021-11-27 20:34:20.905  INFO 530588 --- [ol-142-thread-2] .t.t.s.TourGuideClientRewardsServiceImpl : Service - Distance calculated: 3792.4455815509846
2021-11-27 20:34:20.905  INFO 530588 --- [ol-142-thread-2] .t.t.s.TourGuideClientRewardsServiceImpl : Service - Distance calculated: 4059.2981989679256
2021-11-27 20:34:20.905  INFO 530588 --- [ol-142-thread-2] .t.t.s.TourGuideClientRewardsServiceImpl : Service - Distance calculated: 3916.4973082132733
2021-11-27 20:34:20.905  INFO 530588 --- [ol-142-thread-2] .t.t.s.TourGuideClientRewardsServiceImpl : Service - Distance calculated: 3986.8044139697113
2021-11-27 20:34:20.905  INFO 530588 --- [ol-142-thread-2] .t.t.s.TourGuideClientRewardsServiceImpl : Service - Distance calculated: 5051.709449434464
2021-11-27 20:34:20.905  INFO 530588 --- [ol-142-thread-2] .t.t.s.TourGuideClientRewardsServiceImpl : Service - Distance calculated: 4450.883201576068
2021-11-27 20:34:20.905  INFO 530588 --- [ol-142-thread-2] .t.t.s.TourGuideClientRewardsServiceImpl : Service - Distance calculated: 4661.5335996961885
2021-11-27 20:34:20.905  INFO 530588 --- [ol-142-thread-2] .t.t.s.TourGuideClientRewardsServiceImpl : Service - Distance calculated: 4258.935138727324
2021-11-27 20:34:20.905  INFO 530588 --- [ol-142-thread-2] .t.t.s.TourGuideClientRewardsServiceImpl : Service - Distance calculated: 4967.527091466518
2021-11-27 20:34:20.905  INFO 530588 --- [ol-142-thread-2] .t.t.s.TourGuideClientRewardsServiceImpl : Service - Distance calculated: 6154.81341162941
2021-11-27 20:34:20.905  INFO 530588 --- [ol-142-thread-2] .t.t.s.TourGuideClientRewardsServiceImpl : Service - Distance calculated: 4134.246169666693
2021-11-27 20:34:20.905  INFO 530588 --- [ol-142-thread-2] .t.t.s.TourGuideClientRewardsServiceImpl : Service - Distance calculated: 3682.0963647947765
2021-11-27 20:34:20.905  INFO 530588 --- [ol-142-thread-2] .t.t.s.TourGuideClientRewardsServiceImpl : Service - Distance calculated: 5553.429593397049
2021-11-27 20:34:20.905  INFO 530588 --- [ol-142-thread-2] .t.t.s.TourGuideClientRewardsServiceImpl : Service - Distance calculated: 4850.868215503286
2021-11-27 20:34:20.905  INFO 530588 --- [ol-142-thread-2] .t.t.s.TourGuideClientRewardsServiceImpl : Service - Distance calculated: 3788.706099777221
2021-11-27 20:34:20.905  INFO 530588 --- [ol-142-thread-2] .t.t.s.TourGuideClientRewardsServiceImpl : Service - Distance calculated: 4081.5652712217234
2021-11-27 20:34:20.905  INFO 530588 --- [ol-142-thread-2] .t.t.s.TourGuideClientRewardsServiceImpl : Service - Calculate rewards points for user: internalUser60
2021-11-27 20:34:20.889  INFO 530588 --- [ool-78-thread-2] .t.t.s.TourGuideClientRewardsServiceImpl : Service - Distance calculated: 4538.88978358515
2021-11-27 20:34:20.905  INFO 530588 --- [ool-78-thread-2] .t.t.s.TourGuideClientRewardsServiceImpl : Service - Distance calculated: 4436.3224358898515
2021-11-27 20:34:20.905  INFO 530588 --- [ool-78-thread-2] .t.t.s.TourGuideClientRewardsServiceImpl : Service - Distance calculated: 4594.252286841358
2021-11-27 20:34:20.905  INFO 530588 --- [ool-78-thread-2] .t.t.s.TourGuideClientRewardsServiceImpl : Service - Distance calculated: 4279.401289849736
2021-11-27 20:34:20.905  INFO 530588 --- [ool-78-thread-2] .t.t.s.TourGuideClientRewardsServiceImpl : Service - Distance calculated: 4530.768062419995
2021-11-27 20:34:20.905  INFO 530588 --- [ool-78-thread-2] .t.t.s.TourGuideClientRewardsServiceImpl : Service - Distance calculated: 4154.928786572911
2021-11-27 20:34:20.905  INFO 530588 --- [ool-78-thread-2] .t.t.s.TourGuideClientRewardsServiceImpl : Service - Distance calculated: 4834.289111716655
2021-11-27 20:34:20.905  INFO 530588 --- [ool-78-thread-2] .t.t.s.TourGuideClientRewardsServiceImpl : Service - Distance calculated: 3934.614242006154
2021-11-27 20:34:20.905  INFO 530588 --- [ool-78-thread-2] .t.t.s.TourGuideClientRewardsServiceImpl : Service - Distance calculated: 4344.7766806132295
2021-11-27 20:34:20.905  INFO 530588 --- [ool-78-thread-2] .t.t.s.TourGuideClientRewardsServiceImpl : Service - Distance calculated: 3977.4606835824316
2021-11-27 20:34:20.906  INFO 530588 --- [ool-78-thread-2] .t.t.s.TourGuideClientRewardsServiceImpl : Service - Distance calculated: 4017.0688124532594
2021-11-27 20:34:20.906  INFO 530588 --- [ool-78-thread-2] .t.t.s.TourGuideClientRewardsServiceImpl : Service - Distance calculated: 4813.583327728177
2021-11-27 20:34:20.906  INFO 530588 --- [ool-78-thread-2] .t.t.s.TourGuideClientRewardsServiceImpl : Service - Distance calculated: 7186.909799861687
2021-11-27 20:34:20.906  INFO 530588 --- [ool-78-thread-2] .t.t.s.TourGuideClientRewardsServiceImpl : Service - Distance calculated: 7960.730040024797
2021-11-27 20:34:20.906  INFO 530588 --- [ool-78-thread-2] .t.t.s.TourGuideClientRewardsServiceImpl : Service - Distance calculated: 7328.6026660132775
2021-11-27 20:34:20.906  INFO 530588 --- [ool-78-thread-2] .t.t.s.TourGuideClientRewardsServiceImpl : Service - Distance calculated: 7240.664642982059
2021-11-27 20:34:20.906  INFO 530588 --- [ool-78-thread-2] .t.t.s.TourGuideClientRewardsServiceImpl : Service - Distance calculated: 8015.5668747437785
2021-11-27 20:34:20.906  INFO 530588 --- [ool-78-thread-2] .t.t.s.TourGuideClientRewardsServiceImpl : Service - Distance calculated: 7922.131158502924
2021-11-27 20:34:20.906  INFO 530588 --- [ool-78-thread-2] .t.t.s.TourGuideClientRewardsServiceImpl : Service - Distance calculated: 7258.85383539403
2021-11-27 20:34:20.906  INFO 530588 --- [ool-78-thread-2] .t.t.s.TourGuideClientRewardsServiceImpl : Service - Distance calculated: 8563.244977888951
2021-11-27 20:34:20.906  INFO 530588 --- [ool-78-thread-2] .t.t.s.TourGuideClientRewardsServiceImpl : Service - Distance calculated: 8353.868187971115
2021-11-27 20:34:20.906  INFO 530588 --- [ool-78-thread-2] .t.t.s.TourGuideClientRewardsServiceImpl : Service - Distance calculated: 8455.955691619174
2021-11-27 20:34:20.906  INFO 530588 --- [ool-78-thread-2] .t.t.s.TourGuideClientRewardsServiceImpl : Service - Distance calculated: 8881.046707434693
2021-11-27 20:34:20.906  INFO 530588 --- [ool-78-thread-2] .t.t.s.TourGuideClientRewardsServiceImpl : Service - Distance calculated: 8656.231762839076
2021-11-27 20:34:20.906  INFO 530588 --- [ool-78-thread-2] .t.t.s.TourGuideClientRewardsServiceImpl : Service - Distance calculated: 8681.78016893473
2021-11-27 20:34:20.906  INFO 530588 --- [ool-78-thread-2] .t.t.s.TourGuideClientRewardsServiceImpl : Service - Distance calculated: 7902.024338043091
2021-11-27 20:34:20.906  INFO 530588 --- [ool-78-thread-2] .t.t.s.TourGuideClientRewardsServiceImpl : Service - Distance calculated: 7529.408116669556
2021-11-27 20:34:20.906  INFO 530588 --- [ool-78-thread-2] .t.t.s.TourGuideClientRewardsServiceImpl : Service - Distance calculated: 8019.579765985186
2021-11-27 20:34:20.906  INFO 530588 --- [ool-78-thread-2] .t.t.s.TourGuideClientRewardsServiceImpl : Service - Distance calculated: 7741.457943908166
2021-11-27 20:34:20.906  INFO 530588 --- [ool-78-thread-2] .t.t.s.TourGuideClientRewardsServiceImpl : Service - Distance calculated: 8292.61181011136
2021-11-27 20:34:20.906  INFO 530588 --- [ool-78-thread-2] .t.t.s.TourGuideClientRewardsServiceImpl : Service - Distance calculated: 7591.457898783723
2021-11-27 20:34:20.906  INFO 530588 --- [ool-78-thread-2] .t.t.s.TourGuideClientRewardsServiceImpl : Service - Distance calculated: 7138.201098253662
2021-11-27 20:34:20.906  INFO 530588 --- [ool-78-thread-2] .t.t.s.TourGuideClientRewardsServiceImpl : Service - Distance calculated: 7887.544855843649
2021-11-27 20:34:20.906  INFO 530588 --- [ool-78-thread-2] .t.t.s.TourGuideClientRewardsServiceImpl : Service - Distance calculated: 9060.060562453811
2021-11-27 20:34:20.906  INFO 530588 --- [ool-78-thread-2] .t.t.s.TourGuideClientRewardsServiceImpl : Service - Distance calculated: 7362.372255518779
2021-11-27 20:34:20.906  INFO 530588 --- [ool-78-thread-2] .t.t.s.TourGuideClientRewardsServiceImpl : Service - Distance calculated: 8135.929032133592
2021-11-27 20:34:20.906  INFO 530588 --- [ool-78-thread-2] .t.t.s.TourGuideClientRewardsServiceImpl : Service - Distance calculated: 8890.885179208863
2021-11-27 20:34:20.906  INFO 530588 --- [ool-78-thread-2] .t.t.s.TourGuideClientRewardsServiceImpl : Service - Distance calculated: 7940.739791435439
2021-11-27 20:34:20.906  INFO 530588 --- [ool-78-thread-2] .t.t.s.TourGuideClientRewardsServiceImpl : Service - Distance calculated: 6561.866862022487
2021-11-27 20:34:20.906  INFO 530588 --- [ool-78-thread-2] .t.t.s.TourGuideClientRewardsServiceImpl : Service - Distance calculated: 5860.672295096915
2021-11-27 20:34:20.906  INFO 530588 --- [ool-78-thread-2] .t.t.s.TourGuideClientRewardsServiceImpl : Service - Distance calculated: 6463.488461648391
2021-11-27 20:34:20.906  INFO 530588 --- [ool-78-thread-2] .t.t.s.TourGuideClientRewardsServiceImpl : Service - Distance calculated: 6551.695467372068
2021-11-27 20:34:20.906  INFO 530588 --- [ool-78-thread-2] .t.t.s.TourGuideClientRewardsServiceImpl : Service - Distance calculated: 6169.635387942509
2021-11-27 20:34:20.906  INFO 530588 --- [ool-78-thread-2] .t.t.s.TourGuideClientRewardsServiceImpl : Service - Distance calculated: 6270.878952709376
2021-11-27 20:34:20.906  INFO 530588 --- [ool-78-thread-2] .t.t.s.TourGuideClientRewardsServiceImpl : Service - Distance calculated: 6662.889371151258
2021-11-27 20:34:20.906  INFO 530588 --- [ool-78-thread-2] .t.t.s.TourGuideClientRewardsServiceImpl : Service - Distance calculated: 5717.0660792838435
2021-11-27 20:34:20.906  INFO 530588 --- [ool-78-thread-2] .t.t.s.TourGuideClientRewardsServiceImpl : Service - Distance calculated: 5930.614390580985
2021-11-27 20:34:20.906  INFO 530588 --- [ool-78-thread-2] .t.t.s.TourGuideClientRewardsServiceImpl : Service - Distance calculated: 4516.133114047104
2021-11-27 20:34:20.906  INFO 530588 --- [ool-78-thread-2] .t.t.s.TourGuideClientRewardsServiceImpl : Service - Distance calculated: 5474.435923988247
2021-11-27 20:34:20.906  INFO 530588 --- [ool-78-thread-2] .t.t.s.TourGuideClientRewardsServiceImpl : Service - Distance calculated: 5655.049077211858
2021-11-27 20:34:20.906  INFO 530588 --- [ool-78-thread-2] .t.t.s.TourGuideClientRewardsServiceImpl : Service - Distance calculated: 5660.804436543112
2021-11-27 20:34:20.906  INFO 530588 --- [ool-78-thread-2] .t.t.s.TourGuideClientRewardsServiceImpl : Service - Distance calculated: 6486.921884334738
2021-11-27 20:34:20.906  INFO 530588 --- [ool-78-thread-2] .t.t.s.TourGuideClientRewardsServiceImpl : Service - Distance calculated: 6627.514933372689
2021-11-27 20:34:20.906  INFO 530588 --- [ool-78-thread-2] .t.t.s.TourGuideClientRewardsServiceImpl : Service - Distance calculated: 6254.394864253502
2021-11-27 20:34:20.906  INFO 530588 --- [ool-78-thread-2] .t.t.s.TourGuideClientRewardsServiceImpl : Service - Distance calculated: 6507.533651191689
2021-11-27 20:34:20.906  INFO 530588 --- [ool-78-thread-2] .t.t.s.TourGuideClientRewardsServiceImpl : Service - Distance calculated: 6002.497148127572
2021-11-27 20:34:20.906  INFO 530588 --- [ool-78-thread-2] .t.t.s.TourGuideClientRewardsServiceImpl : Service - Distance calculated: 6584.147512437123
2021-11-27 20:34:20.906  INFO 530588 --- [ool-78-thread-2] .t.t.s.TourGuideClientRewardsServiceImpl : Service - Distance calculated: 6634.620136118893
2021-11-27 20:34:20.906  INFO 530588 --- [ool-78-thread-2] .t.t.s.TourGuideClientRewardsServiceImpl : Service - Distance calculated: 6474.60085866268
2021-11-27 20:34:20.906  INFO 530588 --- [ool-78-thread-2] .t.t.s.TourGuideClientRewardsServiceImpl : Service - Distance calculated: 5307.508170618869
2021-11-27 20:34:20.906  INFO 530588 --- [ool-78-thread-2] .t.t.s.TourGuideClientRewardsServiceImpl : Service - Distance calculated: 6634.9704172758
2021-11-27 20:34:20.906  INFO 530588 --- [ool-78-thread-2] .t.t.s.TourGuideClientRewardsServiceImpl : Service - Distance calculated: 5998.553220941209
2021-11-27 20:34:20.906  INFO 530588 --- [ool-78-thread-2] .t.t.s.TourGuideClientRewardsServiceImpl : Service - Distance calculated: 5464.7518739077805
2021-11-27 20:34:20.906  INFO 530588 --- [ool-78-thread-2] .t.t.s.TourGuideClientRewardsServiceImpl : Service - Distance calculated: 6427.286651771712
2021-11-27 20:34:20.906  INFO 530588 --- [ool-78-thread-2] .t.t.s.TourGuideClientRewardsServiceImpl : Service - Calculate rewards points for user: internalUser2
2021-11-27 20:34:20.889  INFO 530588 --- [ool-51-thread-2] .t.t.s.TourGuideClientRewardsServiceImpl : Service - Distance calculated: 7772.82661785794
2021-11-27 20:34:20.906  INFO 530588 --- [ool-51-thread-2] .t.t.s.TourGuideClientRewardsServiceImpl : Service - Distance calculated: 8469.707709782633
2021-11-27 20:34:20.906  INFO 530588 --- [ool-51-thread-2] .t.t.s.TourGuideClientRewardsServiceImpl : Service - Distance calculated: 7379.214665541964
2021-11-27 20:34:20.907  INFO 530588 --- [ool-51-thread-2] .t.t.s.TourGuideClientRewardsServiceImpl : Service - Distance calculated: 8071.000126930246
2021-11-27 20:34:20.907  INFO 530588 --- [ool-51-thread-2] .t.t.s.TourGuideClientRewardsServiceImpl : Service - Distance calculated: 7715.950826722135
2021-11-27 20:34:20.907  INFO 530588 --- [ool-51-thread-2] .t.t.s.TourGuideClientRewardsServiceImpl : Service - Distance calculated: 7512.6983755029005
2021-11-27 20:34:20.907  INFO 530588 --- [ool-51-thread-2] .t.t.s.TourGuideClientRewardsServiceImpl : Service - Distance calculated: 8435.415248026413
2021-11-27 20:34:20.907  INFO 530588 --- [ool-51-thread-2] .t.t.s.TourGuideClientRewardsServiceImpl : Service - Distance calculated: 2424.5700414220387
2021-11-27 20:34:20.889  INFO 530588 --- [ol-122-thread-2] .t.t.s.TourGuideClientRewardsServiceImpl : Service - Distance calculated: 7801.947940455373
2021-11-27 20:34:20.907  INFO 530588 --- [ool-51-thread-2] .t.t.s.TourGuideClientRewardsServiceImpl : Service - Distance calculated: 1843.9704949333263
2021-11-27 20:34:20.907  INFO 530588 --- [ool-51-thread-2] .t.t.s.TourGuideClientRewardsServiceImpl : Service - Distance calculated: 2261.1088101536952
2021-11-27 20:34:20.907  INFO 530588 --- [ol-122-thread-2] .t.t.s.TourGuideClientRewardsServiceImpl : Service - Distance calculated: 8537.59265346668
2021-11-27 20:34:20.907  INFO 530588 --- [ool-51-thread-2] .t.t.s.TourGuideClientRewardsServiceImpl : Service - Distance calculated: 2319.2035995916563
2021-11-27 20:34:20.907  INFO 530588 --- [ol-122-thread-2] .t.t.s.TourGuideClientRewardsServiceImpl : Service - Distance calculated: 7586.05778318472
2021-11-27 20:34:20.907  INFO 530588 --- [ool-51-thread-2] .t.t.s.TourGuideClientRewardsServiceImpl : Service - Distance calculated: 1084.847508321008
2021-11-27 20:34:20.907  INFO 530588 --- [ol-122-thread-2] .t.t.s.TourGuideClientRewardsServiceImpl : Service - Distance calculated: 6309.329495215392
2021-11-27 20:34:20.907  INFO 530588 --- [ool-51-thread-2] .t.t.s.TourGuideClientRewardsServiceImpl : Service - Distance calculated: 1150.799766760018
2021-11-27 20:34:20.907  INFO 530588 --- [ool-51-thread-2] .t.t.s.TourGuideClientRewardsServiceImpl : Service - Distance calculated: 2103.42694718505
2021-11-27 20:34:20.907  INFO 530588 --- [ol-122-thread-2] .t.t.s.TourGuideClientRewardsServiceImpl : Service - Distance calculated: 6941.330771982527
2021-11-27 20:34:20.907  INFO 530588 --- [ool-51-thread-2] .t.t.s.TourGuideClientRewardsServiceImpl : Service - Distance calculated: 459.30547678524533
2021-11-27 20:34:20.907  INFO 530588 --- [ool-51-thread-2] .t.t.s.TourGuideClientRewardsServiceImpl : Service - Distance calculated: 634.7134634677906
2021-11-27 20:34:20.907  INFO 530588 --- [ol-122-thread-2] .t.t.s.TourGuideClientRewardsServiceImpl : Service - Distance calculated: 6383.307221813262
2021-11-27 20:34:20.889  INFO 530588 --- [ol-130-thread-2] .t.t.s.TourGuideClientRewardsServiceImpl : Service - Distance calculated: 6249.228978913117
2021-11-27 20:34:20.889  INFO 530588 --- [ool-68-thread-2] .t.t.s.TourGuideClientRewardsServiceImpl : Service - Distance calculated: 6774.531487819404
2021-11-27 20:34:20.889  INFO 530588 --- [ool-61-thread-2] .t.t.s.TourGuideClientRewardsServiceImpl : Service - Distance calculated: 9138.187686965792
2021-11-27 20:34:20.890  INFO 530588 --- [ol-137-thread-2] .t.t.s.TourGuideClientRewardsServiceImpl : Service - Distance calculated: 8229.185824016218
2021-11-27 20:34:20.890  INFO 530588 --- [ool-70-thread-2] .t.t.s.TourGuideClientRewardsServiceImpl : Service - Distance calculated: 4844.927788052609
2021-11-27 20:34:20.907  INFO 530588 --- [ol-137-thread-2] .t.t.s.TourGuideClientRewardsServiceImpl : Service - Distance calculated: 8583.534901817893
2021-11-27 20:34:20.890  INFO 530588 --- [ol-104-thread-2] .t.t.s.TourGuideClientRewardsServiceImpl : Service - Distance calculated: 2274.1443759367903
2021-11-27 20:34:20.907  INFO 530588 --- [ol-137-thread-2] .t.t.s.TourGuideClientRewardsServiceImpl : Service - Distance calculated: 8619.717398317825
2021-11-27 20:34:20.907  INFO 530588 --- [ol-137-thread-2] .t.t.s.TourGuideClientRewardsServiceImpl : Service - Distance calculated: 7307.177597512822
2021-11-27 20:34:20.907  INFO 530588 --- [ol-137-thread-2] .t.t.s.TourGuideClientRewardsServiceImpl : Service - Distance calculated: 7316.489889333609
2021-11-27 20:34:20.890  INFO 530588 --- [ool-71-thread-2] .t.t.s.TourGuideClientRewardsServiceImpl : Service - Distance calculated: 10571.563679379693
2021-11-27 20:34:20.890  INFO 530588 --- [ool-81-thread-2] .t.t.s.TourGuideClientRewardsServiceImpl : Service - Distance calculated: 4715.86151353879
2021-11-27 20:34:20.907  INFO 530588 --- [ool-81-thread-2] .t.t.s.TourGuideClientRewardsServiceImpl : Service - Distance calculated: 5269.790100164253
2021-11-27 20:34:20.890  INFO 530588 --- [ol-140-thread-2] .t.t.s.TourGuideClientRewardsServiceImpl : Service - Distance calculated: 5104.756245739408
2021-11-27 20:34:20.890  INFO 530588 --- [ool-67-thread-2] .t.t.s.TourGuideClientRewardsServiceImpl : Service - Distance calculated: 6829.8089531221
2021-11-27 20:34:20.890  INFO 530588 --- [ol-120-thread-2] .t.t.s.TourGuideClientRewardsServiceImpl : Service - Distance calculated: 5030.130543389753
2021-11-27 20:34:20.907  INFO 530588 --- [ool-67-thread-2] .t.t.s.TourGuideClientRewardsServiceImpl : Service - Distance calculated: 6600.773664917245
2021-11-27 20:34:20.907  INFO 530588 --- [ol-120-thread-2] .t.t.s.TourGuideClientRewardsServiceImpl : Service - Distance calculated: 4400.194402280372
2021-11-27 20:34:20.907  INFO 530588 --- [ool-67-thread-2] .t.t.s.TourGuideClientRewardsServiceImpl : Service - Distance calculated: 7058.698513340877
2021-11-27 20:34:20.907  INFO 530588 --- [ool-67-thread-2] .t.t.s.TourGuideClientRewardsServiceImpl : Service - Distance calculated: 6567.836551399579
2021-11-27 20:34:20.890  INFO 530588 --- [ol-119-thread-2] .t.t.s.TourGuideClientRewardsServiceImpl : Service - Distance calculated: 8894.040156891935
2021-11-27 20:34:20.907  INFO 530588 --- [ool-67-thread-2] .t.t.s.TourGuideClientRewardsServiceImpl : Service - Distance calculated: 6649.390566353037
2021-11-27 20:34:20.907  INFO 530588 --- [ol-119-thread-2] .t.t.s.TourGuideClientRewardsServiceImpl : Service - Distance calculated: 7993.6763366865325
2021-11-27 20:34:20.907  INFO 530588 --- [ol-119-thread-2] .t.t.s.TourGuideClientRewardsServiceImpl : Service - Distance calculated: 6514.597009610393
2021-11-27 20:34:20.907  INFO 530588 --- [ol-119-thread-2] .t.t.s.TourGuideClientRewardsServiceImpl : Service - Distance calculated: 7226.624578493866
2021-11-27 20:34:20.908  INFO 530588 --- [ol-119-thread-2] .t.t.s.TourGuideClientRewardsServiceImpl : Service - Distance calculated: 6617.926751871842
2021-11-27 20:34:20.908  INFO 530588 --- [ol-119-thread-2] .t.t.s.TourGuideClientRewardsServiceImpl : Service - Distance calculated: 6529.181646628624
2021-11-27 20:34:20.908  INFO 530588 --- [ol-119-thread-2] .t.t.s.TourGuideClientRewardsServiceImpl : Service - Distance calculated: 6922.809557461649
2021-11-27 20:34:20.908  INFO 530588 --- [ol-119-thread-2] .t.t.s.TourGuideClientRewardsServiceImpl : Service - Distance calculated: 6821.312419433964
2021-11-27 20:34:20.908  INFO 530588 --- [ol-119-thread-2] .t.t.s.TourGuideClientRewardsServiceImpl : Service - Distance calculated: 6427.647984966595
2021-11-27 20:34:20.908  INFO 530588 --- [ol-119-thread-2] .t.t.s.TourGuideClientRewardsServiceImpl : Service - Distance calculated: 7363.402192751977
2021-11-27 20:34:20.908  INFO 530588 --- [ol-119-thread-2] .t.t.s.TourGuideClientRewardsServiceImpl : Service - Distance calculated: 7150.267659870973
2021-11-27 20:34:20.908  INFO 530588 --- [ol-119-thread-2] .t.t.s.TourGuideClientRewardsServiceImpl : Service - Distance calculated: 8473.221071370246
2021-11-27 20:34:20.908  INFO 530588 --- [ol-119-thread-2] .t.t.s.TourGuideClientRewardsServiceImpl : Service - Distance calculated: 7588.654199742995
2021-11-27 20:34:20.908  INFO 530588 --- [ol-119-thread-2] .t.t.s.TourGuideClientRewardsServiceImpl : Service - Distance calculated: 7419.611990297469
2021-11-27 20:34:20.908  INFO 530588 --- [ol-119-thread-2] .t.t.s.TourGuideClientRewardsServiceImpl : Service - Distance calculated: 7406.919978574521
2021-11-27 20:34:20.908  INFO 530588 --- [ol-119-thread-2] .t.t.s.TourGuideClientRewardsServiceImpl : Service - Distance calculated: 6571.820966927047
2021-11-27 20:34:20.908  INFO 530588 --- [ol-119-thread-2] .t.t.s.TourGuideClientRewardsServiceImpl : Service - Distance calculated: 6467.317407633565
2021-11-27 20:34:20.908  INFO 530588 --- [ol-119-thread-2] .t.t.s.TourGuideClientRewardsServiceImpl : Service - Distance calculated: 6829.5307765622165
2021-11-27 20:34:20.908  INFO 530588 --- [ol-119-thread-2] .t.t.s.TourGuideClientRewardsServiceImpl : Service - Distance calculated: 6580.4840029994475
2021-11-27 20:34:20.908  INFO 530588 --- [ol-119-thread-2] .t.t.s.TourGuideClientRewardsServiceImpl : Service - Distance calculated: 7076.999543446619
2021-11-27 20:34:20.908  INFO 530588 --- [ol-119-thread-2] .t.t.s.TourGuideClientRewardsServiceImpl : Service - Distance calculated: 6509.794836216097
2021-11-27 20:34:20.908  INFO 530588 --- [ol-119-thread-2] .t.t.s.TourGuideClientRewardsServiceImpl : Service - Distance calculated: 6443.794438532465
2021-11-27 20:34:20.908  INFO 530588 --- [ol-119-thread-2] .t.t.s.TourGuideClientRewardsServiceImpl : Service - Distance calculated: 6592.674692953101
2021-11-27 20:34:20.908  INFO 530588 --- [ol-119-thread-2] .t.t.s.TourGuideClientRewardsServiceImpl : Service - Distance calculated: 7750.835134604102
2021-11-27 20:34:20.908  INFO 530588 --- [ol-119-thread-2] .t.t.s.TourGuideClientRewardsServiceImpl : Service - Distance calculated: 6459.41071665852
2021-11-27 20:34:20.908  INFO 530588 --- [ol-119-thread-2] .t.t.s.TourGuideClientRewardsServiceImpl : Service - Distance calculated: 7096.099476124305
2021-11-27 20:34:20.908  INFO 530588 --- [ol-119-thread-2] .t.t.s.TourGuideClientRewardsServiceImpl : Service - Distance calculated: 7598.228911217677
2021-11-27 20:34:20.908  INFO 530588 --- [ol-119-thread-2] .t.t.s.TourGuideClientRewardsServiceImpl : Service - Distance calculated: 6638.017550452482
2021-11-27 20:34:20.908  INFO 530588 --- [ol-119-thread-2] .t.t.s.TourGuideClientRewardsServiceImpl : Service - Distance calculated: 1913.9796575638477
2021-11-27 20:34:20.908  INFO 530588 --- [ol-119-thread-2] .t.t.s.TourGuideClientRewardsServiceImpl : Service - Distance calculated: 1457.3571255788077
2021-11-27 20:34:20.908  INFO 530588 --- [ol-119-thread-2] .t.t.s.TourGuideClientRewardsServiceImpl : Service - Distance calculated: 1756.17115428085
2021-11-27 20:34:20.908  INFO 530588 --- [ol-119-thread-2] .t.t.s.TourGuideClientRewardsServiceImpl : Service - Distance calculated: 1802.385056741718
2021-11-27 20:34:20.908  INFO 530588 --- [ol-119-thread-2] .t.t.s.TourGuideClientRewardsServiceImpl : Service - Distance calculated: 504.66600267540963
2021-11-27 20:34:20.908  INFO 530588 --- [ol-119-thread-2] .t.t.s.TourGuideClientRewardsServiceImpl : Service - Distance calculated: 557.3796370432875
2021-11-27 20:34:20.908  INFO 530588 --- [ol-119-thread-2] .t.t.s.TourGuideClientRewardsServiceImpl : Service - Distance calculated: 1548.7461145847421
2021-11-27 20:34:20.908  INFO 530588 --- [ol-119-thread-2] .t.t.s.TourGuideClientRewardsServiceImpl : Service - Distance calculated: 167.61948149855888
2021-11-27 20:34:20.908  INFO 530588 --- [ol-119-thread-2] .t.t.s.TourGuideClientRewardsServiceImpl : Service - Distance calculated: 47.6275581175346
2021-11-27 20:34:20.908  INFO 530588 --- [ol-119-thread-2] .t.t.s.TourGuideClientRewardsServiceImpl : Service - Distance calculated: 3189.8944609621767
2021-11-27 20:34:20.908  INFO 530588 --- [ol-119-thread-2] .t.t.s.TourGuideClientRewardsServiceImpl : Service - Distance calculated: 566.831129649076
2021-11-27 20:34:20.908  INFO 530588 --- [ol-119-thread-2] .t.t.s.TourGuideClientRewardsServiceImpl : Service - Distance calculated: 278.9516890298997
2021-11-27 20:34:20.908  INFO 530588 --- [ol-119-thread-2] .t.t.s.TourGuideClientRewardsServiceImpl : Service - Distance calculated: 380.8098212942884
2021-11-27 20:34:20.908  INFO 530588 --- [ol-119-thread-2] .t.t.s.TourGuideClientRewardsServiceImpl : Service - Distance calculated: 785.2339480665479
2021-11-27 20:34:20.908  INFO 530588 --- [ol-119-thread-2] .t.t.s.TourGuideClientRewardsServiceImpl : Service - Distance calculated: 944.9065996475838
2021-11-27 20:34:20.908  INFO 530588 --- [ol-119-thread-2] .t.t.s.TourGuideClientRewardsServiceImpl : Service - Distance calculated: 377.88578404078766
2021-11-27 20:34:20.908  INFO 530588 --- [ol-119-thread-2] .t.t.s.TourGuideClientRewardsServiceImpl : Service - Distance calculated: 658.3159877420643
2021-11-27 20:34:20.908  INFO 530588 --- [ol-119-thread-2] .t.t.s.TourGuideClientRewardsServiceImpl : Service - Distance calculated: 127.92234523011007
2021-11-27 20:34:20.908  INFO 530588 --- [ol-119-thread-2] .t.t.s.TourGuideClientRewardsServiceImpl : Service - Distance calculated: 865.5145329231605
2021-11-27 20:34:20.908  INFO 530588 --- [ol-119-thread-2] .t.t.s.TourGuideClientRewardsServiceImpl : Service - Distance calculated: 1896.2807058052435
2021-11-27 20:34:20.908  INFO 530588 --- [ol-119-thread-2] .t.t.s.TourGuideClientRewardsServiceImpl : Service - Distance calculated: 681.3561359580448
2021-11-27 20:34:20.908  INFO 530588 --- [ol-119-thread-2] .t.t.s.TourGuideClientRewardsServiceImpl : Service - Distance calculated: 744.0131311911648
2021-11-27 20:34:20.908  INFO 530588 --- [ol-119-thread-2] .t.t.s.TourGuideClientRewardsServiceImpl : Service - Distance calculated: 1340.5982504490448
2021-11-27 20:34:20.908  INFO 530588 --- [ol-119-thread-2] .t.t.s.TourGuideClientRewardsServiceImpl : Service - Distance calculated: 580.5808560730809
2021-11-27 20:34:20.908  INFO 530588 --- [ol-119-thread-2] .t.t.s.TourGuideClientRewardsServiceImpl : Service - Distance calculated: 575.0168407541961
2021-11-27 20:34:20.908  INFO 530588 --- [ol-119-thread-2] .t.t.s.TourGuideClientRewardsServiceImpl : Service - Distance calculated: 661.9109207812553
2021-11-27 20:34:20.908  INFO 530588 --- [ol-119-thread-2] .t.t.s.TourGuideClientRewardsServiceImpl : Service - Calculate rewards points for user: internalUser41
2021-11-27 20:34:20.890  INFO 530588 --- [ool-72-thread-2] .t.t.s.TourGuideClientRewardsServiceImpl : Service - Distance calculated: 6911.919548282423
2021-11-27 20:34:20.890  INFO 530588 --- [ol-125-thread-2] .t.t.s.TourGuideClientRewardsServiceImpl : Service - Distance calculated: 1757.4421812936794
2021-11-27 20:34:20.890  INFO 530588 --- [ool-89-thread-2] .t.t.s.TourGuideClientRewardsServiceImpl : Service - Distance calculated: 11225.90661377407
2021-11-27 20:34:20.908  INFO 530588 --- [ol-125-thread-2] .t.t.s.TourGuideClientRewardsServiceImpl : Service - Distance calculated: 1021.0360485852078
2021-11-27 20:34:20.909  INFO 530588 --- [ol-125-thread-2] .t.t.s.TourGuideClientRewardsServiceImpl : Service - Distance calculated: 975.1830565700683
2021-11-27 20:34:20.909  INFO 530588 --- [ol-125-thread-2] .t.t.s.TourGuideClientRewardsServiceImpl : Service - Distance calculated: 1146.3715879924935
2021-11-27 20:34:20.909  INFO 530588 --- [ol-125-thread-2] .t.t.s.TourGuideClientRewardsServiceImpl : Service - Distance calculated: 919.4615670655155
2021-11-27 20:34:20.909  INFO 530588 --- [ol-125-thread-2] .t.t.s.TourGuideClientRewardsServiceImpl : Service - Distance calculated: 1393.7957759394483
2021-11-27 20:34:20.909  INFO 530588 --- [ol-125-thread-2] .t.t.s.TourGuideClientRewardsServiceImpl : Service - Distance calculated: 968.4411260516935
2021-11-27 20:34:20.909  INFO 530588 --- [ol-125-thread-2] .t.t.s.TourGuideClientRewardsServiceImpl : Service - Distance calculated: 1893.8385516365904
2021-11-27 20:34:20.909  INFO 530588 --- [ol-125-thread-2] .t.t.s.TourGuideClientRewardsServiceImpl : Service - Distance calculated: 970.479931391185
2021-11-27 20:34:20.909  INFO 530588 --- [ol-125-thread-2] .t.t.s.TourGuideClientRewardsServiceImpl : Service - Distance calculated: 2134.80849778645
2021-11-27 20:34:20.909  INFO 530588 --- [ol-125-thread-2] .t.t.s.TourGuideClientRewardsServiceImpl : Service - Distance calculated: 1351.301372626416
2021-11-27 20:34:20.909  INFO 530588 --- [ol-125-thread-2] .t.t.s.TourGuideClientRewardsServiceImpl : Service - Distance calculated: 1518.0541877631952
2021-11-27 20:34:20.909  INFO 530588 --- [ol-125-thread-2] .t.t.s.TourGuideClientRewardsServiceImpl : Service - Distance calculated: 1965.3379161686387
2021-11-27 20:34:20.909  INFO 530588 --- [ol-125-thread-2] .t.t.s.TourGuideClientRewardsServiceImpl : Service - Distance calculated: 1027.5240133834834
2021-11-27 20:34:20.909  INFO 530588 --- [ol-125-thread-2] .t.t.s.TourGuideClientRewardsServiceImpl : Service - Distance calculated: 5915.126843025474
2021-11-27 20:34:20.909  INFO 530588 --- [ol-125-thread-2] .t.t.s.TourGuideClientRewardsServiceImpl : Service - Distance calculated: 5146.149781141809
2021-11-27 20:34:20.909  INFO 530588 --- [ol-125-thread-2] .t.t.s.TourGuideClientRewardsServiceImpl : Service - Distance calculated: 5761.71687264784
2021-11-27 20:34:20.909  INFO 530588 --- [ol-125-thread-2] .t.t.s.TourGuideClientRewardsServiceImpl : Service - Distance calculated: 5845.532250749673
2021-11-27 20:34:20.909  INFO 530588 --- [ol-125-thread-2] .t.t.s.TourGuideClientRewardsServiceImpl : Service - Distance calculated: 4884.543854039887
2021-11-27 20:34:20.909  INFO 530588 --- [ol-125-thread-2] .t.t.s.TourGuideClientRewardsServiceImpl : Service - Distance calculated: 4966.894518381363
2021-11-27 20:34:20.909  INFO 530588 --- [ol-125-thread-2] .t.t.s.TourGuideClientRewardsServiceImpl : Service - Distance calculated: 5767.687582844762
2021-11-27 20:34:20.909  INFO 530588 --- [ol-125-thread-2] .t.t.s.TourGuideClientRewardsServiceImpl : Service - Distance calculated: 4282.801773825823
2021-11-27 20:34:20.909  INFO 530588 --- [ol-125-thread-2] .t.t.s.TourGuideClientRewardsServiceImpl : Service - Distance calculated: 4476.176786694047
2021-11-27 20:34:20.909  INFO 530588 --- [ol-125-thread-2] .t.t.s.TourGuideClientRewardsServiceImpl : Service - Distance calculated: 4871.312909450759
2021-11-27 20:34:20.909  INFO 530588 --- [ol-125-thread-2] .t.t.s.TourGuideClientRewardsServiceImpl : Service - Distance calculated: 3896.7176018233486
2021-11-27 20:34:20.909  INFO 530588 --- [ol-125-thread-2] .t.t.s.TourGuideClientRewardsServiceImpl : Service - Distance calculated: 4162.332879169655
2021-11-27 20:34:20.909  INFO 530588 --- [ol-125-thread-2] .t.t.s.TourGuideClientRewardsServiceImpl : Service - Distance calculated: 4101.031530090203
2021-11-27 20:34:20.909  INFO 530588 --- [ol-125-thread-2] .t.t.s.TourGuideClientRewardsServiceImpl : Service - Distance calculated: 4774.872596800961
2021-11-27 20:34:20.909  INFO 530588 --- [ol-125-thread-2] .t.t.s.TourGuideClientRewardsServiceImpl : Service - Distance calculated: 5367.217054507073
2021-11-27 20:34:20.909  INFO 530588 --- [ol-125-thread-2] .t.t.s.TourGuideClientRewardsServiceImpl : Service - Distance calculated: 4803.0767677837775
2021-11-27 20:34:20.909  INFO 530588 --- [ol-125-thread-2] .t.t.s.TourGuideClientRewardsServiceImpl : Service - Distance calculated: 5090.527867126454
2021-11-27 20:34:20.909  INFO 530588 --- [ol-125-thread-2] .t.t.s.TourGuideClientRewardsServiceImpl : Service - Distance calculated: 4523.084644898927
2021-11-27 20:34:20.909  INFO 530588 --- [ol-125-thread-2] .t.t.s.TourGuideClientRewardsServiceImpl : Service - Distance calculated: 5294.221685919148
2021-11-27 20:34:20.909  INFO 530588 --- [ol-125-thread-2] .t.t.s.TourGuideClientRewardsServiceImpl : Service - Distance calculated: 5951.660524779834
2021-11-27 20:34:20.909  INFO 530588 --- [ol-125-thread-2] .t.t.s.TourGuideClientRewardsServiceImpl : Service - Distance calculated: 4827.6386826500275
2021-11-27 20:34:20.909  INFO 530588 --- [ol-125-thread-2] .t.t.s.TourGuideClientRewardsServiceImpl : Service - Distance calculated: 3711.988497254235
2021-11-27 20:34:20.909  INFO 530588 --- [ol-125-thread-2] .t.t.s.TourGuideClientRewardsServiceImpl : Service - Distance calculated: 5628.690732030805
2021-11-27 20:34:20.909  INFO 530588 --- [ol-125-thread-2] .t.t.s.TourGuideClientRewardsServiceImpl : Service - Distance calculated: 4808.315989841574
2021-11-27 20:34:20.909  INFO 530588 --- [ol-125-thread-2] .t.t.s.TourGuideClientRewardsServiceImpl : Service - Distance calculated: 3887.2691781573
2021-11-27 20:34:20.909  INFO 530588 --- [ol-125-thread-2] .t.t.s.TourGuideClientRewardsServiceImpl : Service - Distance calculated: 4768.947874186993
2021-11-27 20:34:20.909  INFO 530588 --- [ol-125-thread-2] .t.t.s.TourGuideClientRewardsServiceImpl : Service - Distance calculated: 3906.4646834494347
2021-11-27 20:34:20.909  INFO 530588 --- [ol-125-thread-2] .t.t.s.TourGuideClientRewardsServiceImpl : Service - Distance calculated: 4607.745683364266
2021-11-27 20:34:20.909  INFO 530588 --- [ol-125-thread-2] .t.t.s.TourGuideClientRewardsServiceImpl : Service - Distance calculated: 4003.0807987466706
2021-11-27 20:34:20.909  INFO 530588 --- [ol-125-thread-2] .t.t.s.TourGuideClientRewardsServiceImpl : Service - Distance calculated: 3914.9571771992437
2021-11-27 20:34:20.909  INFO 530588 --- [ol-125-thread-2] .t.t.s.TourGuideClientRewardsServiceImpl : Service - Distance calculated: 4396.067318452653
2021-11-27 20:34:20.909  INFO 530588 --- [ol-125-thread-2] .t.t.s.TourGuideClientRewardsServiceImpl : Service - Distance calculated: 4298.613712305454
2021-11-27 20:34:20.909  INFO 530588 --- [ol-125-thread-2] .t.t.s.TourGuideClientRewardsServiceImpl : Service - Distance calculated: 3809.854532138026
2021-11-27 20:34:20.909  INFO 530588 --- [ol-125-thread-2] .t.t.s.TourGuideClientRewardsServiceImpl : Service - Distance calculated: 4919.787418439723
2021-11-27 20:34:20.909  INFO 530588 --- [ol-125-thread-2] .t.t.s.TourGuideClientRewardsServiceImpl : Service - Distance calculated: 4709.26903221469
2021-11-27 20:34:20.909  INFO 530588 --- [ol-125-thread-2] .t.t.s.TourGuideClientRewardsServiceImpl : Service - Distance calculated: 6052.0348627452895
2021-11-27 20:34:20.909  INFO 530588 --- [ol-125-thread-2] .t.t.s.TourGuideClientRewardsServiceImpl : Service - Distance calculated: 5239.601646444641
2021-11-27 20:34:20.909  INFO 530588 --- [ol-125-thread-2] .t.t.s.TourGuideClientRewardsServiceImpl : Service - Distance calculated: 5010.528287499081
2021-11-27 20:34:20.909  INFO 530588 --- [ol-125-thread-2] .t.t.s.TourGuideClientRewardsServiceImpl : Service - Distance calculated: 5038.59753192735
2021-11-27 20:34:20.909  INFO 530588 --- [ol-125-thread-2] .t.t.s.TourGuideClientRewardsServiceImpl : Service - Distance calculated: 4288.7411009074285
2021-11-27 20:34:20.909  INFO 530588 --- [ol-125-thread-2] .t.t.s.TourGuideClientRewardsServiceImpl : Service - Distance calculated: 3917.8364592784274
2021-11-27 20:34:20.909  INFO 530588 --- [ol-125-thread-2] .t.t.s.TourGuideClientRewardsServiceImpl : Service - Distance calculated: 4375.254651043196
2021-11-27 20:34:20.909  INFO 530588 --- [ol-125-thread-2] .t.t.s.TourGuideClientRewardsServiceImpl : Service - Distance calculated: 4099.969209237043
2021-11-27 20:34:20.909  INFO 530588 --- [ol-125-thread-2] .t.t.s.TourGuideClientRewardsServiceImpl : Service - Distance calculated: 4647.107528576447
2021-11-27 20:34:20.909  INFO 530588 --- [ol-125-thread-2] .t.t.s.TourGuideClientRewardsServiceImpl : Service - Distance calculated: 3972.0841824569156
2021-11-27 20:34:20.909  INFO 530588 --- [ol-125-thread-2] .t.t.s.TourGuideClientRewardsServiceImpl : Service - Distance calculated: 3832.7920046227973
2021-11-27 20:34:20.909  INFO 530588 --- [ol-125-thread-2] .t.t.s.TourGuideClientRewardsServiceImpl : Service - Distance calculated: 4256.915096153324
2021-11-27 20:34:20.909  INFO 530588 --- [ol-125-thread-2] .t.t.s.TourGuideClientRewardsServiceImpl : Service - Distance calculated: 5420.803134884749
2021-11-27 20:34:20.909  INFO 530588 --- [ol-125-thread-2] .t.t.s.TourGuideClientRewardsServiceImpl : Service - Distance calculated: 3851.193442470108
2021-11-27 20:34:20.909  INFO 530588 --- [ol-125-thread-2] .t.t.s.TourGuideClientRewardsServiceImpl : Service - Distance calculated: 4542.205663944109
2021-11-27 20:34:20.909  INFO 530588 --- [ol-125-thread-2] .t.t.s.TourGuideClientRewardsServiceImpl : Service - Distance calculated: 5249.420868379642
2021-11-27 20:34:20.909  INFO 530588 --- [ol-125-thread-2] .t.t.s.TourGuideClientRewardsServiceImpl : Service - Distance calculated: 4312.565755358014
2021-11-27 20:34:20.910  INFO 530588 --- [ol-125-thread-2] .t.t.s.TourGuideClientRewardsServiceImpl : Service - Calculate rewards points for user: internalUser55
2021-11-27 20:34:20.890  INFO 530588 --- [ool-86-thread-2] .t.t.s.TourGuideClientRewardsServiceImpl : Service - Distance calculated: 5455.842983187091
2021-11-27 20:34:20.910  INFO 530588 --- [ool-86-thread-2] .t.t.s.TourGuideClientRewardsServiceImpl : Service - Distance calculated: 5722.360083831196
2021-11-27 20:34:20.910  INFO 530588 --- [ool-86-thread-2] .t.t.s.TourGuideClientRewardsServiceImpl : Service - Distance calculated: 5192.620991121783
2021-11-27 20:34:20.910  INFO 530588 --- [ool-86-thread-2] .t.t.s.TourGuideClientRewardsServiceImpl : Service - Distance calculated: 5833.838679572249
2021-11-27 20:34:20.910  INFO 530588 --- [ool-86-thread-2] .t.t.s.TourGuideClientRewardsServiceImpl : Service - Distance calculated: 6071.658187411537
2021-11-27 20:34:20.910  INFO 530588 --- [ool-86-thread-2] .t.t.s.TourGuideClientRewardsServiceImpl : Service - Distance calculated: 5635.7623743215545
2021-11-27 20:34:20.910  INFO 530588 --- [ool-86-thread-2] .t.t.s.TourGuideClientRewardsServiceImpl : Service - Distance calculated: 4461.417136359346
2021-11-27 20:34:20.910  INFO 530588 --- [ool-86-thread-2] .t.t.s.TourGuideClientRewardsServiceImpl : Service - Distance calculated: 5968.033373212575
2021-11-27 20:34:20.910  INFO 530588 --- [ool-86-thread-2] .t.t.s.TourGuideClientRewardsServiceImpl : Service - Distance calculated: 5261.0221616953495
2021-11-27 20:34:20.910  INFO 530588 --- [ool-86-thread-2] .t.t.s.TourGuideClientRewardsServiceImpl : Service - Distance calculated: 4624.674424735553
2021-11-27 20:34:20.910  INFO 530588 --- [ool-86-thread-2] .t.t.s.TourGuideClientRewardsServiceImpl : Service - Distance calculated: 5585.442375131241
2021-11-27 20:34:20.910  INFO 530588 --- [ool-86-thread-2] .t.t.s.TourGuideClientRewardsServiceImpl : Service - Distance calculated: 3447.7870149427
2021-11-27 20:34:20.910  INFO 530588 --- [ool-86-thread-2] .t.t.s.TourGuideClientRewardsServiceImpl : Service - Distance calculated: 3101.920041280542
2021-11-27 20:34:20.910  INFO 530588 --- [ool-86-thread-2] .t.t.s.TourGuideClientRewardsServiceImpl : Service - Distance calculated: 3306.8577773002344
2021-11-27 20:34:20.910  INFO 530588 --- [ool-86-thread-2] .t.t.s.TourGuideClientRewardsServiceImpl : Service - Distance calculated: 3331.804971303638
2021-11-27 20:34:20.910  INFO 530588 --- [ool-86-thread-2] .t.t.s.TourGuideClientRewardsServiceImpl : Service - Distance calculated: 2049.3303846459885
2021-11-27 20:34:20.910  INFO 530588 --- [ool-86-thread-2] .t.t.s.TourGuideClientRewardsServiceImpl : Service - Distance calculated: 2038.808372437035
2021-11-27 20:34:20.910  INFO 530588 --- [ool-86-thread-2] .t.t.s.TourGuideClientRewardsServiceImpl : Service - Distance calculated: 3014.882773813332
2021-11-27 20:34:20.910  INFO 530588 --- [ool-86-thread-2] .t.t.s.TourGuideClientRewardsServiceImpl : Service - Distance calculated: 1663.97170620791
2021-11-27 20:34:20.910  INFO 530588 --- [ool-86-thread-2] .t.t.s.TourGuideClientRewardsServiceImpl : Service - Distance calculated: 1634.276931471759
2021-11-27 20:34:20.910  INFO 530588 --- [ool-86-thread-2] .t.t.s.TourGuideClientRewardsServiceImpl : Service - Distance calculated: 4749.688352127749
2021-11-27 20:34:20.910  INFO 530588 --- [ool-86-thread-2] .t.t.s.TourGuideClientRewardsServiceImpl : Service - Distance calculated: 1394.306986938077
2021-11-27 20:34:20.910  INFO 530588 --- [ool-86-thread-2] .t.t.s.TourGuideClientRewardsServiceImpl : Service - Distance calculated: 1542.4289093949915
2021-11-27 20:34:20.910  INFO 530588 --- [ool-86-thread-2] .t.t.s.TourGuideClientRewardsServiceImpl : Service - Distance calculated: 1399.262637542979
2021-11-27 20:34:20.910  INFO 530588 --- [ool-86-thread-2] .t.t.s.TourGuideClientRewardsServiceImpl : Service - Distance calculated: 1182.7094628543023
2021-11-27 20:34:20.910  INFO 530588 --- [ool-86-thread-2] .t.t.s.TourGuideClientRewardsServiceImpl : Service - Distance calculated: 2267.643377104046
2021-11-27 20:34:20.910  INFO 530588 --- [ool-86-thread-2] .t.t.s.TourGuideClientRewardsServiceImpl : Service - Distance calculated: 1711.2691465238393
2021-11-27 20:34:20.910  INFO 530588 --- [ool-86-thread-2] .t.t.s.TourGuideClientRewardsServiceImpl : Service - Distance calculated: 1879.999657976974
2021-11-27 20:34:20.910  INFO 530588 --- [ool-86-thread-2] .t.t.s.TourGuideClientRewardsServiceImpl : Service - Distance calculated: 1588.98568218166
2021-11-27 20:34:20.910  INFO 530588 --- [ool-86-thread-2] .t.t.s.TourGuideClientRewardsServiceImpl : Service - Distance calculated: 2186.425003898686
2021-11-27 20:34:20.910  INFO 530588 --- [ool-86-thread-2] .t.t.s.TourGuideClientRewardsServiceImpl : Service - Distance calculated: 3408.2884100767164
2021-11-27 20:34:20.910  INFO 530588 --- [ool-86-thread-2] .t.t.s.TourGuideClientRewardsServiceImpl : Service - Distance calculated: 1336.4466425589233
2021-11-27 20:34:20.910  INFO 530588 --- [ool-86-thread-2] .t.t.s.TourGuideClientRewardsServiceImpl : Service - Distance calculated: 1411.5540792589668
2021-11-27 20:34:20.910  INFO 530588 --- [ool-86-thread-2] .t.t.s.TourGuideClientRewardsServiceImpl : Service - Distance calculated: 2785.9610794340074
2021-11-27 20:34:20.910  INFO 530588 --- [ool-86-thread-2] .t.t.s.TourGuideClientRewardsServiceImpl : Service - Distance calculated: 2205.7044989654805
2021-11-27 20:34:20.910  INFO 530588 --- [ool-86-thread-2] .t.t.s.TourGuideClientRewardsServiceImpl : Service - Distance calculated: 1397.1816904876475
2021-11-27 20:34:20.910  INFO 530588 --- [ool-86-thread-2] .t.t.s.TourGuideClientRewardsServiceImpl : Service - Distance calculated: 1288.008771022894
2021-11-27 20:34:20.910  INFO 530588 --- [ool-86-thread-2] .t.t.s.TourGuideClientRewardsServiceImpl : Service - Calculate rewards points for user: internalUser92
2021-11-27 20:34:20.890  INFO 530588 --- [ool-80-thread-2] .t.t.s.TourGuideClientRewardsServiceImpl : Service - Distance calculated: 6628.87523878974
2021-11-27 20:34:20.910  INFO 530588 --- [ool-80-thread-2] .t.t.s.TourGuideClientRewardsServiceImpl : Service - Distance calculated: 6481.274774755813
2021-11-27 20:34:20.910  INFO 530588 --- [ool-80-thread-2] .t.t.s.TourGuideClientRewardsServiceImpl : Service - Distance calculated: 9545.20254636114
2021-11-27 20:34:20.910  INFO 530588 --- [ool-80-thread-2] .t.t.s.TourGuideClientRewardsServiceImpl : Service - Distance calculated: 6540.602175331391
2021-11-27 20:34:20.910  INFO 530588 --- [ool-80-thread-2] .t.t.s.TourGuideClientRewardsServiceImpl : Service - Distance calculated: 6573.314747119265
2021-11-27 20:34:20.910  INFO 530588 --- [ool-80-thread-2] .t.t.s.TourGuideClientRewardsServiceImpl : Service - Distance calculated: 6465.493333198956
2021-11-27 20:34:20.910  INFO 530588 --- [ool-80-thread-2] .t.t.s.TourGuideClientRewardsServiceImpl : Service - Distance calculated: 5738.145673510145
2021-11-27 20:34:20.910  INFO 530588 --- [ool-80-thread-2] .t.t.s.TourGuideClientRewardsServiceImpl : Service - Distance calculated: 6389.910846021199
2021-11-27 20:34:20.910  INFO 530588 --- [ool-80-thread-2] .t.t.s.TourGuideClientRewardsServiceImpl : Service - Distance calculated: 6307.1634501831995
2021-11-27 20:34:20.910  INFO 530588 --- [ool-80-thread-2] .t.t.s.TourGuideClientRewardsServiceImpl : Service - Distance calculated: 6220.094215322719
2021-11-27 20:34:20.910  INFO 530588 --- [ool-80-thread-2] .t.t.s.TourGuideClientRewardsServiceImpl : Service - Distance calculated: 6402.740115855439
2021-11-27 20:34:20.910  INFO 530588 --- [ool-80-thread-2] .t.t.s.TourGuideClientRewardsServiceImpl : Service - Distance calculated: 6370.394077466708
2021-11-27 20:34:20.910  INFO 530588 --- [ool-80-thread-2] .t.t.s.TourGuideClientRewardsServiceImpl : Service - Distance calculated: 7153.490557351092
2021-11-27 20:34:20.910  INFO 530588 --- [ool-80-thread-2] .t.t.s.TourGuideClientRewardsServiceImpl : Service - Distance calculated: 5860.8545597262355
2021-11-27 20:34:20.910  INFO 530588 --- [ool-80-thread-2] .t.t.s.TourGuideClientRewardsServiceImpl : Service - Distance calculated: 6605.151138263946
2021-11-27 20:34:20.910  INFO 530588 --- [ool-80-thread-2] .t.t.s.TourGuideClientRewardsServiceImpl : Service - Distance calculated: 6741.109553547589
2021-11-27 20:34:20.910  INFO 530588 --- [ool-80-thread-2] .t.t.s.TourGuideClientRewardsServiceImpl : Service - Distance calculated: 6835.912830156789
2021-11-27 20:34:20.910  INFO 530588 --- [ool-80-thread-2] .t.t.s.TourGuideClientRewardsServiceImpl : Service - Distance calculated: 6546.331779452747
2021-11-27 20:34:20.910  INFO 530588 --- [ool-80-thread-2] .t.t.s.TourGuideClientRewardsServiceImpl : Service - Distance calculated: 5868.014154414388
2021-11-27 20:34:20.911  INFO 530588 --- [ool-80-thread-2] .t.t.s.TourGuideClientRewardsServiceImpl : Service - Distance calculated: 3095.225521183439
2021-11-27 20:34:20.911  INFO 530588 --- [ool-80-thread-2] .t.t.s.TourGuideClientRewardsServiceImpl : Service - Distance calculated: 3868.663885419845
2021-11-27 20:34:20.911  INFO 530588 --- [ool-80-thread-2] .t.t.s.TourGuideClientRewardsServiceImpl : Service - Distance calculated: 3245.3273017073066
2021-11-27 20:34:20.911  INFO 530588 --- [ool-80-thread-2] .t.t.s.TourGuideClientRewardsServiceImpl : Service - Distance calculated: 3160.3374828812985
2021-11-27 20:34:20.911  INFO 530588 --- [ool-80-thread-2] .t.t.s.TourGuideClientRewardsServiceImpl : Service - Distance calculated: 4184.754701456052
2021-11-27 20:34:20.911  INFO 530588 --- [ool-80-thread-2] .t.t.s.TourGuideClientRewardsServiceImpl : Service - Distance calculated: 4114.831232613447
2021-11-27 20:34:20.911  INFO 530588 --- [ool-80-thread-2] .t.t.s.TourGuideClientRewardsServiceImpl : Service - Distance calculated: 3242.091891446052
2021-11-27 20:34:20.911  INFO 530588 --- [ool-80-thread-2] .t.t.s.TourGuideClientRewardsServiceImpl : Service - Distance calculated: 4807.791876686422
2021-11-27 20:34:20.911  INFO 530588 --- [ool-80-thread-2] .t.t.s.TourGuideClientRewardsServiceImpl : Service - Distance calculated: 4637.959674349518
2021-11-27 20:34:20.911  INFO 530588 --- [ool-80-thread-2] .t.t.s.TourGuideClientRewardsServiceImpl : Service - Distance calculated: 4694.397581789452
2021-11-27 20:34:20.911  INFO 530588 --- [ool-80-thread-2] .t.t.s.TourGuideClientRewardsServiceImpl : Service - Distance calculated: 5233.705293859618
2021-11-27 20:34:20.911  INFO 530588 --- [ool-80-thread-2] .t.t.s.TourGuideClientRewardsServiceImpl : Service - Distance calculated: 4946.180385788667
2021-11-27 20:34:20.911  INFO 530588 --- [ool-80-thread-2] .t.t.s.TourGuideClientRewardsServiceImpl : Service - Distance calculated: 5037.353558090782
2021-11-27 20:34:20.911  INFO 530588 --- [ool-80-thread-2] .t.t.s.TourGuideClientRewardsServiceImpl : Service - Distance calculated: 4556.3020759758165
2021-11-27 20:34:20.911  INFO 530588 --- [ool-80-thread-2] .t.t.s.TourGuideClientRewardsServiceImpl : Service - Distance calculated: 3723.513538857508
2021-11-27 20:34:20.911  INFO 530588 --- [ool-80-thread-2] .t.t.s.TourGuideClientRewardsServiceImpl : Service - Distance calculated: 4336.69472671121
2021-11-27 20:34:20.911  INFO 530588 --- [ool-80-thread-2] .t.t.s.TourGuideClientRewardsServiceImpl : Service - Distance calculated: 4055.996694601092
2021-11-27 20:34:20.911  INFO 530588 --- [ool-80-thread-2] .t.t.s.TourGuideClientRewardsServiceImpl : Service - Distance calculated: 4607.746740720449
2021-11-27 20:34:20.911  INFO 530588 --- [ool-80-thread-2] .t.t.s.TourGuideClientRewardsServiceImpl : Service - Distance calculated: 3804.329799182594
2021-11-27 20:34:20.911  INFO 530588 --- [ool-80-thread-2] .t.t.s.TourGuideClientRewardsServiceImpl : Service - Distance calculated: 3054.793839550003
2021-11-27 20:34:20.911  INFO 530588 --- [ool-80-thread-2] .t.t.s.TourGuideClientRewardsServiceImpl : Service - Distance calculated: 4451.727566492692
2021-11-27 20:34:20.911  INFO 530588 --- [ool-80-thread-2] .t.t.s.TourGuideClientRewardsServiceImpl : Service - Distance calculated: 5412.106417007846
2021-11-27 20:34:20.911  INFO 530588 --- [ool-80-thread-2] .t.t.s.TourGuideClientRewardsServiceImpl : Service - Distance calculated: 3395.10608264785
2021-11-27 20:34:20.911  INFO 530588 --- [ool-80-thread-2] .t.t.s.TourGuideClientRewardsServiceImpl : Service - Distance calculated: 4227.877073048845
2021-11-27 20:34:20.911  INFO 530588 --- [ool-80-thread-2] .t.t.s.TourGuideClientRewardsServiceImpl : Service - Distance calculated: 5242.208399518316
2021-11-27 20:34:20.911  INFO 530588 --- [ool-80-thread-2] .t.t.s.TourGuideClientRewardsServiceImpl : Service - Distance calculated: 4512.417408277953
2021-11-27 20:34:20.911  INFO 530588 --- [ool-80-thread-2] .t.t.s.TourGuideClientRewardsServiceImpl : Service - Calculate rewards points for user: internalUser1
2021-11-27 20:34:20.890  INFO 530588 --- [ool-74-thread-2] .t.t.s.TourGuideClientRewardsServiceImpl : Service - Distance calculated: 11971.799355460184
2021-11-27 20:34:20.890  INFO 530588 --- [ool-96-thread-2] .t.t.s.TourGuideClientRewardsServiceImpl : Service - Distance calculated: 2277.6727586289876
2021-11-27 20:34:20.911  INFO 530588 --- [ool-96-thread-2] .t.t.s.TourGuideClientRewardsServiceImpl : Service - Distance calculated: 2149.021076700299
2021-11-27 20:34:20.911  INFO 530588 --- [ool-74-thread-2] .t.t.s.TourGuideClientRewardsServiceImpl : Service - Distance calculated: 12040.060723705761
2021-11-27 20:34:20.911  INFO 530588 --- [ool-96-thread-2] .t.t.s.TourGuideClientRewardsServiceImpl : Service - Distance calculated: 2497.3124225594756
2021-11-27 20:34:20.911  INFO 530588 --- [ool-96-thread-2] .t.t.s.TourGuideClientRewardsServiceImpl : Service - Distance calculated: 3420.1164300400615
2021-11-27 20:34:20.911  INFO 530588 --- [ool-96-thread-2] .t.t.s.TourGuideClientRewardsServiceImpl : Service - Distance calculated: 2789.561289776353
2021-11-27 20:34:20.911  INFO 530588 --- [ool-74-thread-2] .t.t.s.TourGuideClientRewardsServiceImpl : Service - Distance calculated: 11133.588574474412
2021-11-27 20:34:20.911  INFO 530588 --- [ool-74-thread-2] .t.t.s.TourGuideClientRewardsServiceImpl : Service - Distance calculated: 11688.85179125145
2021-11-27 20:34:20.890  INFO 530588 --- [ool-45-thread-2] .t.t.s.TourGuideClientRewardsServiceImpl : Service - Distance calculated: 7467.363422981481
2021-11-27 20:34:20.890  INFO 530588 --- [ool-54-thread-2] .t.t.s.TourGuideClientRewardsServiceImpl : Service - Distance calculated: 774.5207212649109
2021-11-27 20:34:20.911  INFO 530588 --- [ool-45-thread-2] .t.t.s.TourGuideClientRewardsServiceImpl : Service - Distance calculated: 8093.183887901679
2021-11-27 20:34:20.911  INFO 530588 --- [ool-54-thread-2] .t.t.s.TourGuideClientRewardsServiceImpl : Service - Distance calculated: 164.91310606753288
2021-11-27 20:34:20.890  INFO 530588 --- [ol-113-thread-2] .t.t.s.TourGuideClientRewardsServiceImpl : Service - Distance calculated: 10408.676469917196
2021-11-27 20:34:20.911  INFO 530588 --- [ool-74-thread-2] .t.t.s.TourGuideClientRewardsServiceImpl : Service - Distance calculated: 11901.853088437105
2021-11-27 20:34:20.911  INFO 530588 --- [ool-74-thread-2] .t.t.s.TourGuideClientRewardsServiceImpl : Service - Distance calculated: 8974.936353929343
2021-11-27 20:34:20.911  INFO 530588 --- [ool-74-thread-2] .t.t.s.TourGuideClientRewardsServiceImpl : Service - Distance calculated: 11350.681604791895
2021-11-27 20:34:20.911  INFO 530588 --- [ool-74-thread-2] .t.t.s.TourGuideClientRewardsServiceImpl : Service - Distance calculated: 11601.30593180617
2021-11-27 20:34:20.911  INFO 530588 --- [ool-74-thread-2] .t.t.s.TourGuideClientRewardsServiceImpl : Service - Distance calculated: 11555.098577822459
2021-11-27 20:34:20.890  INFO 530588 --- [ol-135-thread-2] .t.t.s.TourGuideClientRewardsServiceImpl : Service - Distance calculated: 7324.901644626801
2021-11-27 20:34:20.912  INFO 530588 --- [ol-135-thread-2] .t.t.s.TourGuideClientRewardsServiceImpl : Service - Distance calculated: 8531.906881790987
2021-11-27 20:34:20.912  INFO 530588 --- [ol-135-thread-2] .t.t.s.TourGuideClientRewardsServiceImpl : Service - Distance calculated: 6476.925059651155
2021-11-27 20:34:20.912  INFO 530588 --- [ol-135-thread-2] .t.t.s.TourGuideClientRewardsServiceImpl : Service - Distance calculated: 6053.323786974233
2021-11-27 20:34:20.912  INFO 530588 --- [ol-135-thread-2] .t.t.s.TourGuideClientRewardsServiceImpl : Service - Distance calculated: 7920.280903475527
2021-11-27 20:34:20.912  INFO 530588 --- [ol-135-thread-2] .t.t.s.TourGuideClientRewardsServiceImpl : Service - Distance calculated: 7235.35758880274
2021-11-27 20:34:20.912  INFO 530588 --- [ol-135-thread-2] .t.t.s.TourGuideClientRewardsServiceImpl : Service - Distance calculated: 6167.614823768225
2021-11-27 20:34:20.912  INFO 530588 --- [ol-135-thread-2] .t.t.s.TourGuideClientRewardsServiceImpl : Service - Distance calculated: 6428.092371438887
2021-11-27 20:34:20.912  INFO 530588 --- [ol-135-thread-2] .t.t.s.TourGuideClientRewardsServiceImpl : Service - Distance calculated: 2391.869349955618
2021-11-27 20:34:20.912  INFO 530588 --- [ol-135-thread-2] .t.t.s.TourGuideClientRewardsServiceImpl : Service - Distance calculated: 1617.4964475273048
2021-11-27 20:34:20.912  INFO 530588 --- [ol-135-thread-2] .t.t.s.TourGuideClientRewardsServiceImpl : Service - Distance calculated: 2249.1606782666568
2021-11-27 20:34:20.912  INFO 530588 --- [ol-135-thread-2] .t.t.s.TourGuideClientRewardsServiceImpl : Service - Distance calculated: 2337.1651309242634
2021-11-27 20:34:20.912  INFO 530588 --- [ol-135-thread-2] .t.t.s.TourGuideClientRewardsServiceImpl : Service - Distance calculated: 1804.1236130362433
2021-11-27 20:34:20.912  INFO 530588 --- [ol-135-thread-2] .t.t.s.TourGuideClientRewardsServiceImpl : Service - Distance calculated: 1906.4436924958911
2021-11-27 20:34:20.912  INFO 530588 --- [ol-135-thread-2] .t.t.s.TourGuideClientRewardsServiceImpl : Service - Distance calculated: 2340.389406615472
2021-11-27 20:34:20.912  INFO 530588 --- [ol-135-thread-2] .t.t.s.TourGuideClientRewardsServiceImpl : Service - Distance calculated: 1510.1710963678581
2021-11-27 20:34:20.912  INFO 530588 --- [ol-135-thread-2] .t.t.s.TourGuideClientRewardsServiceImpl : Service - Distance calculated: 1699.2114782963895
2021-11-27 20:34:20.912  INFO 530588 --- [ol-135-thread-2] .t.t.s.TourGuideClientRewardsServiceImpl : Service - Distance calculated: 2032.87250049286
2021-11-27 20:34:20.912  INFO 530588 --- [ol-135-thread-2] .t.t.s.TourGuideClientRewardsServiceImpl : Service - Distance calculated: 1527.755052641055
2021-11-27 20:34:20.912  INFO 530588 --- [ol-135-thread-2] .t.t.s.TourGuideClientRewardsServiceImpl : Service - Distance calculated: 1528.3257712966654
2021-11-27 20:34:20.912  INFO 530588 --- [ol-135-thread-2] .t.t.s.TourGuideClientRewardsServiceImpl : Service - Distance calculated: 1617.698676922291
2021-11-27 20:34:20.912  INFO 530588 --- [ol-135-thread-2] .t.t.s.TourGuideClientRewardsServiceImpl : Service - Distance calculated: 2418.3665198665044
2021-11-27 20:34:20.912  INFO 530588 --- [ol-135-thread-2] .t.t.s.TourGuideClientRewardsServiceImpl : Service - Distance calculated: 2239.1471879000514
2021-11-27 20:34:20.912  INFO 530588 --- [ol-135-thread-2] .t.t.s.TourGuideClientRewardsServiceImpl : Service - Distance calculated: 1970.6942133870423
2021-11-27 20:34:20.912  INFO 530588 --- [ol-135-thread-2] .t.t.s.TourGuideClientRewardsServiceImpl : Service - Distance calculated: 2176.635748587409
2021-11-27 20:34:20.912  INFO 530588 --- [ol-135-thread-2] .t.t.s.TourGuideClientRewardsServiceImpl : Service - Distance calculated: 1780.664599286372
2021-11-27 20:34:20.912  INFO 530588 --- [ol-135-thread-2] .t.t.s.TourGuideClientRewardsServiceImpl : Service - Distance calculated: 2202.321678280159
2021-11-27 20:34:20.912  INFO 530588 --- [ol-135-thread-2] .t.t.s.TourGuideClientRewardsServiceImpl : Service - Distance calculated: 2439.5758587553305
2021-11-27 20:34:20.912  INFO 530588 --- [ol-135-thread-2] .t.t.s.TourGuideClientRewardsServiceImpl : Service - Distance calculated: 2332.0000551671415
2021-11-27 20:34:20.912  INFO 530588 --- [ol-135-thread-2] .t.t.s.TourGuideClientRewardsServiceImpl : Service - Distance calculated: 1468.0906550305026
2021-11-27 20:34:20.912  INFO 530588 --- [ol-135-thread-2] .t.t.s.TourGuideClientRewardsServiceImpl : Service - Distance calculated: 2268.436042865715
2021-11-27 20:34:20.912  INFO 530588 --- [ol-135-thread-2] .t.t.s.TourGuideClientRewardsServiceImpl : Service - Distance calculated: 1613.5468477453026
2021-11-27 20:34:20.912  INFO 530588 --- [ol-135-thread-2] .t.t.s.TourGuideClientRewardsServiceImpl : Service - Distance calculated: 1521.8456880537037
2021-11-27 20:34:20.912  INFO 530588 --- [ol-135-thread-2] .t.t.s.TourGuideClientRewardsServiceImpl : Service - Distance calculated: 2306.8476265487275
2021-11-27 20:34:20.912  INFO 530588 --- [ol-135-thread-2] .t.t.s.TourGuideClientRewardsServiceImpl : Service - Distance calculated: 5463.179268116842
2021-11-27 20:34:20.912  INFO 530588 --- [ol-135-thread-2] .t.t.s.TourGuideClientRewardsServiceImpl : Service - Distance calculated: 5222.826045909624
2021-11-27 20:34:20.912  INFO 530588 --- [ol-135-thread-2] .t.t.s.TourGuideClientRewardsServiceImpl : Service - Distance calculated: 5341.969551004676
2021-11-27 20:34:20.912  INFO 530588 --- [ol-135-thread-2] .t.t.s.TourGuideClientRewardsServiceImpl : Service - Distance calculated: 5349.3052775602855
2021-11-27 20:34:20.912  INFO 530588 --- [ol-135-thread-2] .t.t.s.TourGuideClientRewardsServiceImpl : Service - Distance calculated: 4144.129561685473
2021-11-27 20:34:20.912  INFO 530588 --- [ol-135-thread-2] .t.t.s.TourGuideClientRewardsServiceImpl : Service - Distance calculated: 4115.4765022787715
2021-11-27 20:34:20.912  INFO 530588 --- [ol-135-thread-2] .t.t.s.TourGuideClientRewardsServiceImpl : Service - Distance calculated: 5006.598072082999
2021-11-27 20:34:20.912  INFO 530588 --- [ol-135-thread-2] .t.t.s.TourGuideClientRewardsServiceImpl : Service - Distance calculated: 3804.1365948758144
2021-11-27 20:34:20.912  INFO 530588 --- [ol-135-thread-2] .t.t.s.TourGuideClientRewardsServiceImpl : Service - Distance calculated: 3765.2897598921672
2021-11-27 20:34:20.912  INFO 530588 --- [ol-135-thread-2] .t.t.s.TourGuideClientRewardsServiceImpl : Service - Distance calculated: 6856.421758315439
2021-11-27 20:34:20.912  INFO 530588 --- [ol-135-thread-2] .t.t.s.TourGuideClientRewardsServiceImpl : Service - Distance calculated: 3509.2277888117287
2021-11-27 20:34:20.912  INFO 530588 --- [ol-135-thread-2] .t.t.s.TourGuideClientRewardsServiceImpl : Service - Distance calculated: 3680.898509266699
2021-11-27 20:34:20.912  INFO 530588 --- [ol-135-thread-2] .t.t.s.TourGuideClientRewardsServiceImpl : Service - Distance calculated: 3535.9888022110845
2021-11-27 20:34:20.912  INFO 530588 --- [ol-135-thread-2] .t.t.s.TourGuideClientRewardsServiceImpl : Service - Distance calculated: 3192.5041063495764
2021-11-27 20:34:20.912  INFO 530588 --- [ol-135-thread-2] .t.t.s.TourGuideClientRewardsServiceImpl : Service - Distance calculated: 4259.642018453563
2021-11-27 20:34:20.912  INFO 530588 --- [ol-135-thread-2] .t.t.s.TourGuideClientRewardsServiceImpl : Service - Distance calculated: 3793.4052263824587
2021-11-27 20:34:20.912  INFO 530588 --- [ol-135-thread-2] .t.t.s.TourGuideClientRewardsServiceImpl : Service - Distance calculated: 3899.8972053674884
2021-11-27 20:34:20.912  INFO 530588 --- [ol-135-thread-2] .t.t.s.TourGuideClientRewardsServiceImpl : Service - Distance calculated: 3713.4820057980855
2021-11-27 20:34:20.912  INFO 530588 --- [ol-135-thread-2] .t.t.s.TourGuideClientRewardsServiceImpl : Service - Distance calculated: 4189.252578446692
2021-11-27 20:34:20.912  INFO 530588 --- [ol-135-thread-2] .t.t.s.TourGuideClientRewardsServiceImpl : Service - Distance calculated: 5408.2382457691865
2021-11-27 20:34:20.912  INFO 530588 --- [ol-135-thread-2] .t.t.s.TourGuideClientRewardsServiceImpl : Service - Distance calculated: 3356.098222438584
2021-11-27 20:34:20.912  INFO 530588 --- [ol-135-thread-2] .t.t.s.TourGuideClientRewardsServiceImpl : Service - Distance calculated: 3489.4850726202294
2021-11-27 20:34:20.912  INFO 530588 --- [ol-135-thread-2] .t.t.s.TourGuideClientRewardsServiceImpl : Service - Distance calculated: 4782.6086342826575
2021-11-27 20:34:20.912  INFO 530588 --- [ol-135-thread-2] .t.t.s.TourGuideClientRewardsServiceImpl : Service - Distance calculated: 4322.3958262011
2021-11-27 20:34:20.912  INFO 530588 --- [ol-135-thread-2] .t.t.s.TourGuideClientRewardsServiceImpl : Service - Distance calculated: 3510.5791417063733
2021-11-27 20:34:20.912  INFO 530588 --- [ol-135-thread-2] .t.t.s.TourGuideClientRewardsServiceImpl : Service - Distance calculated: 3322.9832696379062
2021-11-27 20:34:20.912  INFO 530588 --- [ol-135-thread-2] .t.t.s.TourGuideClientRewardsServiceImpl : Service - Calculate rewards points for user: internalUser69
2021-11-27 20:34:20.890  INFO 530588 --- [ool-55-thread-2] .t.t.s.TourGuideClientRewardsServiceImpl : Service - Distance calculated: 2804.3802446955665
2021-11-27 20:34:20.912  INFO 530588 --- [ool-55-thread-2] .t.t.s.TourGuideClientRewardsServiceImpl : Service - Distance calculated: 3304.166478183509
2021-11-27 20:34:20.912  INFO 530588 --- [ool-55-thread-2] .t.t.s.TourGuideClientRewardsServiceImpl : Service - Distance calculated: 4530.965851870459
2021-11-27 20:34:20.912  INFO 530588 --- [ool-55-thread-2] .t.t.s.TourGuideClientRewardsServiceImpl : Service - Distance calculated: 2460.9526201425024
2021-11-27 20:34:20.913  INFO 530588 --- [ool-55-thread-2] .t.t.s.TourGuideClientRewardsServiceImpl : Service - Distance calculated: 2610.9319158173994
2021-11-27 20:34:20.913  INFO 530588 --- [ool-55-thread-2] .t.t.s.TourGuideClientRewardsServiceImpl : Service - Distance calculated: 3902.8871458476465
2021-11-27 20:34:20.913  INFO 530588 --- [ool-55-thread-2] .t.t.s.TourGuideClientRewardsServiceImpl : Service - Distance calculated: 3414.373787617065
2021-11-27 20:34:20.913  INFO 530588 --- [ool-55-thread-2] .t.t.s.TourGuideClientRewardsServiceImpl : Service - Distance calculated: 2618.8685769873678
2021-11-27 20:34:20.913  INFO 530588 --- [ool-55-thread-2] .t.t.s.TourGuideClientRewardsServiceImpl : Service - Distance calculated: 2424.9394085162276
2021-11-27 20:34:20.913  INFO 530588 --- [ool-55-thread-2] .t.t.s.TourGuideClientRewardsServiceImpl : Service - Distance calculated: 7778.763263808533
2021-11-27 20:34:20.913  INFO 530588 --- [ool-55-thread-2] .t.t.s.TourGuideClientRewardsServiceImpl : Service - Distance calculated: 7128.606354992876
2021-11-27 20:34:20.913  INFO 530588 --- [ool-55-thread-2] .t.t.s.TourGuideClientRewardsServiceImpl : Service - Distance calculated: 7614.668505102632
2021-11-27 20:34:20.913  INFO 530588 --- [ool-55-thread-2] .t.t.s.TourGuideClientRewardsServiceImpl : Service - Distance calculated: 7674.227754868374
2021-11-27 20:34:20.913  INFO 530588 --- [ool-55-thread-2] .t.t.s.TourGuideClientRewardsServiceImpl : Service - Distance calculated: 6396.304369632407
2021-11-27 20:34:20.913  INFO 530588 --- [ool-55-thread-2] .t.t.s.TourGuideClientRewardsServiceImpl : Service - Distance calculated: 6434.4751841772395
2021-11-27 20:34:20.913  INFO 530588 --- [ool-55-thread-2] .t.t.s.TourGuideClientRewardsServiceImpl : Service - Distance calculated: 7441.761371964731
2021-11-27 20:34:20.913  INFO 530588 --- [ool-55-thread-2] .t.t.s.TourGuideClientRewardsServiceImpl : Service - Distance calculated: 5795.4272389091175
2021-11-27 20:34:20.913  INFO 530588 --- [ool-55-thread-2] .t.t.s.TourGuideClientRewardsServiceImpl : Service - Distance calculated: 5908.529979275376
2021-11-27 20:34:20.913  INFO 530588 --- [ool-55-thread-2] .t.t.s.TourGuideClientRewardsServiceImpl : Service - Distance calculated: 7436.29527600037
2021-11-27 20:34:20.913  INFO 530588 --- [ool-55-thread-2] .t.t.s.TourGuideClientRewardsServiceImpl : Service - Distance calculated: 5350.00637147881
2021-11-27 20:34:20.913  INFO 530588 --- [ool-55-thread-2] .t.t.s.TourGuideClientRewardsServiceImpl : Service - Distance calculated: 5640.733657832358
2021-11-27 20:34:20.913  INFO 530588 --- [ool-55-thread-2] .t.t.s.TourGuideClientRewardsServiceImpl : Service - Distance calculated: 5514.330943155093
2021-11-27 20:34:20.913  INFO 530588 --- [ool-55-thread-2] .t.t.s.TourGuideClientRewardsServiceImpl : Service - Distance calculated: 5765.273170789045
2021-11-27 20:34:20.913  INFO 530588 --- [ool-55-thread-2] .t.t.s.TourGuideClientRewardsServiceImpl : Service - Distance calculated: 6770.743576225132
2021-11-27 20:34:20.890  INFO 530588 --- [ol-111-thread-2] .t.t.s.TourGuideClientRewardsServiceImpl : Service - Distance calculated: 3504.9653349842324
2021-11-27 20:34:20.890  INFO 530588 --- [ol-133-thread-2] .t.t.s.TourGuideClientRewardsServiceImpl : Service - Distance calculated: 6129.585673281294
2021-11-27 20:34:20.913  INFO 530588 --- [ol-111-thread-2] .t.t.s.TourGuideClientRewardsServiceImpl : Service - Distance calculated: 3584.816445712766
2021-11-27 20:34:20.890  INFO 530588 --- [ool-47-thread-2] .t.t.s.TourGuideClientRewardsServiceImpl : Service - Distance calculated: 4524.478669697499
2021-11-27 20:34:20.913  INFO 530588 --- [ol-133-thread-2] .t.t.s.TourGuideClientRewardsServiceImpl : Service - Distance calculated: 6606.49613756452
2021-11-27 20:34:20.890  INFO 530588 --- [ol-141-thread-2] .t.t.s.TourGuideClientRewardsServiceImpl : Service - Distance calculated: 6203.757020857688
2021-11-27 20:34:20.913  INFO 530588 --- [ol-133-thread-2] .t.t.s.TourGuideClientRewardsServiceImpl : Service - Distance calculated: 6444.707845436121
2021-11-27 20:34:20.913  INFO 530588 --- [ool-47-thread-2] .t.t.s.TourGuideClientRewardsServiceImpl : Service - Distance calculated: 4180.6867780112125
2021-11-27 20:34:20.890  INFO 530588 --- [ool-93-thread-2] .t.t.s.TourGuideClientRewardsServiceImpl : Service - Distance calculated: 2911.7893654138034
2021-11-27 20:34:20.913  INFO 530588 --- [ool-47-thread-2] .t.t.s.TourGuideClientRewardsServiceImpl : Service - Distance calculated: 4480.26145344641
2021-11-27 20:34:20.913  INFO 530588 --- [ool-47-thread-2] .t.t.s.TourGuideClientRewardsServiceImpl : Service - Distance calculated: 4183.918447010805
2021-11-27 20:34:20.913  INFO 530588 --- [ool-93-thread-2] .t.t.s.TourGuideClientRewardsServiceImpl : Service - Distance calculated: 2763.511004470546
2021-11-27 20:34:20.913  INFO 530588 --- [ool-47-thread-2] .t.t.s.TourGuideClientRewardsServiceImpl : Service - Distance calculated: 4734.077958245431
2021-11-27 20:34:20.913  INFO 530588 --- [ool-93-thread-2] .t.t.s.TourGuideClientRewardsServiceImpl : Service - Distance calculated: 2580.999988658329
2021-11-27 20:34:20.913  INFO 530588 --- [ool-93-thread-2] .t.t.s.TourGuideClientRewardsServiceImpl : Service - Distance calculated: 3673.1789040663984
2021-11-27 20:34:20.913  INFO 530588 --- [ool-93-thread-2] .t.t.s.TourGuideClientRewardsServiceImpl : Service - Distance calculated: 3132.555234402524
2021-11-27 20:34:20.913  INFO 530588 --- [ool-93-thread-2] .t.t.s.TourGuideClientRewardsServiceImpl : Service - Distance calculated: 3290.3096759619716
2021-11-27 20:34:20.913  INFO 530588 --- [ool-93-thread-2] .t.t.s.TourGuideClientRewardsServiceImpl : Service - Distance calculated: 3003.9571900290266
2021-11-27 20:34:20.913  INFO 530588 --- [ool-93-thread-2] .t.t.s.TourGuideClientRewardsServiceImpl : Service - Distance calculated: 3594.4114242552746
2021-11-27 20:34:20.913  INFO 530588 --- [ool-93-thread-2] .t.t.s.TourGuideClientRewardsServiceImpl : Service - Distance calculated: 4822.182423145469
2021-11-27 20:34:20.913  INFO 530588 --- [ool-93-thread-2] .t.t.s.TourGuideClientRewardsServiceImpl : Service - Distance calculated: 2740.891033108085
2021-11-27 20:34:20.913  INFO 530588 --- [ool-93-thread-2] .t.t.s.TourGuideClientRewardsServiceImpl : Service - Distance calculated: 2664.793644401465
2021-11-27 20:34:20.913  INFO 530588 --- [ool-93-thread-2] .t.t.s.TourGuideClientRewardsServiceImpl : Service - Distance calculated: 4196.236323389551
2021-11-27 20:34:20.914  INFO 530588 --- [ool-93-thread-2] .t.t.s.TourGuideClientRewardsServiceImpl : Service - Distance calculated: 3621.5819231185264
2021-11-27 20:34:20.914  INFO 530588 --- [ool-93-thread-2] .t.t.s.TourGuideClientRewardsServiceImpl : Service - Distance calculated: 2707.671218068839
2021-11-27 20:34:20.914  INFO 530588 --- [ool-93-thread-2] .t.t.s.TourGuideClientRewardsServiceImpl : Service - Distance calculated: 2696.914135996947
2021-11-27 20:34:20.914  INFO 530588 --- [ool-93-thread-2] .t.t.s.TourGuideClientRewardsServiceImpl : Service - Distance calculated: 8036.30366778823
2021-11-27 20:34:20.914  INFO 530588 --- [ool-93-thread-2] .t.t.s.TourGuideClientRewardsServiceImpl : Service - Distance calculated: 8071.129257123609
2021-11-27 20:34:20.914  INFO 530588 --- [ool-93-thread-2] .t.t.s.TourGuideClientRewardsServiceImpl : Service - Distance calculated: 7970.803444682493
2021-11-27 20:34:20.914  INFO 530588 --- [ool-93-thread-2] .t.t.s.TourGuideClientRewardsServiceImpl : Service - Distance calculated: 7941.647188990776
2021-11-27 20:34:20.914  INFO 530588 --- [ool-93-thread-2] .t.t.s.TourGuideClientRewardsServiceImpl : Service - Distance calculated: 6993.742414273307
2021-11-27 20:34:20.914  INFO 530588 --- [ool-93-thread-2] .t.t.s.TourGuideClientRewardsServiceImpl : Service - Distance calculated: 6937.327735705864
2021-11-27 20:34:20.914  INFO 530588 --- [ool-93-thread-2] .t.t.s.TourGuideClientRewardsServiceImpl : Service - Distance calculated: 7596.631125737084
2021-11-27 20:34:20.914  INFO 530588 --- [ool-93-thread-2] .t.t.s.TourGuideClientRewardsServiceImpl : Service - Distance calculated: 6786.16691308034
2021-11-27 20:34:20.914  INFO 530588 --- [ool-93-thread-2] .t.t.s.TourGuideClientRewardsServiceImpl : Service - Distance calculated: 6705.869739255259
2021-11-27 20:34:20.914  INFO 530588 --- [ool-93-thread-2] .t.t.s.TourGuideClientRewardsServiceImpl : Service - Distance calculated: 9899.336096019557
2021-11-27 20:34:20.914  INFO 530588 --- [ool-93-thread-2] .t.t.s.TourGuideClientRewardsServiceImpl : Service - Distance calculated: 6542.13855135555
2021-11-27 20:34:20.914  INFO 530588 --- [ool-93-thread-2] .t.t.s.TourGuideClientRewardsServiceImpl : Service - Distance calculated: 6680.755733375971
2021-11-27 20:34:20.914  INFO 530588 --- [ool-93-thread-2] .t.t.s.TourGuideClientRewardsServiceImpl : Service - Distance calculated: 6542.722584223348
2021-11-27 20:34:20.914  INFO 530588 --- [ool-93-thread-2] .t.t.s.TourGuideClientRewardsServiceImpl : Service - Distance calculated: 6025.981038576745
2021-11-27 20:34:20.914  INFO 530588 --- [ool-93-thread-2] .t.t.s.TourGuideClientRewardsServiceImpl : Service - Distance calculated: 6946.377977304279
2021-11-27 20:34:20.914  INFO 530588 --- [ool-93-thread-2] .t.t.s.TourGuideClientRewardsServiceImpl : Service - Distance calculated: 6647.581055582899
2021-11-27 20:34:20.914  INFO 530588 --- [ool-93-thread-2] .t.t.s.TourGuideClientRewardsServiceImpl : Service - Distance calculated: 6664.264237780491
2021-11-27 20:34:20.914  INFO 530588 --- [ool-93-thread-2] .t.t.s.TourGuideClientRewardsServiceImpl : Service - Distance calculated: 6640.986079997288
2021-11-27 20:34:20.914  INFO 530588 --- [ool-93-thread-2] .t.t.s.TourGuideClientRewardsServiceImpl : Service - Distance calculated: 6899.013046745668
2021-11-27 20:34:20.914  INFO 530588 --- [ool-93-thread-2] .t.t.s.TourGuideClientRewardsServiceImpl : Service - Distance calculated: 7958.0913031173895
2021-11-27 20:34:20.914  INFO 530588 --- [ool-93-thread-2] .t.t.s.TourGuideClientRewardsServiceImpl : Service - Distance calculated: 6179.60017463964
2021-11-27 20:34:20.914  INFO 530588 --- [ool-93-thread-2] .t.t.s.TourGuideClientRewardsServiceImpl : Service - Distance calculated: 6537.982786800902
2021-11-27 20:34:20.914  INFO 530588 --- [ool-93-thread-2] .t.t.s.TourGuideClientRewardsServiceImpl : Service - Distance calculated: 7410.330250663676
2021-11-27 20:34:20.914  INFO 530588 --- [ool-93-thread-2] .t.t.s.TourGuideClientRewardsServiceImpl : Service - Distance calculated: 7205.097074543121
2021-11-27 20:34:20.914  INFO 530588 --- [ool-93-thread-2] .t.t.s.TourGuideClientRewardsServiceImpl : Service - Distance calculated: 6544.497999150331
2021-11-27 20:34:20.914  INFO 530588 --- [ool-93-thread-2] .t.t.s.TourGuideClientRewardsServiceImpl : Service - Distance calculated: 6164.377941610096
2021-11-27 20:34:20.914  INFO 530588 --- [ool-93-thread-2] .t.t.s.TourGuideClientRewardsServiceImpl : Service - Calculate rewards points for user: internalUser27
2021-11-27 20:34:20.890  INFO 530588 --- [ool-79-thread-2] .t.t.s.TourGuideClientRewardsServiceImpl : Service - Distance calculated: 5055.986976620243
2021-11-27 20:34:20.891  INFO 530588 --- [ool-90-thread-2] .t.t.s.TourGuideClientRewardsServiceImpl : Service - Distance calculated: 3399.2019089996606
2021-11-27 20:34:20.891  INFO 530588 --- [ol-114-thread-2] .t.t.s.TourGuideClientRewardsServiceImpl : Service - Distance calculated: 8393.426040252352
2021-11-27 20:34:20.914  INFO 530588 --- [ool-90-thread-2] .t.t.s.TourGuideClientRewardsServiceImpl : Service - Distance calculated: 2245.889631122426
2021-11-27 20:34:20.891  INFO 530588 --- [ol-102-thread-2] .t.t.s.TourGuideClientRewardsServiceImpl : Service - Distance calculated: 4462.427323315852
2021-11-27 20:34:20.914  INFO 530588 --- [ool-90-thread-2] .t.t.s.TourGuideClientRewardsServiceImpl : Service - Distance calculated: 3726.50657786634
2021-11-27 20:34:20.914  INFO 530588 --- [ol-114-thread-2] .t.t.s.TourGuideClientRewardsServiceImpl : Service - Distance calculated: 7636.807134625008
2021-11-27 20:34:20.914  INFO 530588 --- [ool-90-thread-2] .t.t.s.TourGuideClientRewardsServiceImpl : Service - Distance calculated: 2983.6113798558963
2021-11-27 20:34:20.914  INFO 530588 --- [ol-114-thread-2] .t.t.s.TourGuideClientRewardsServiceImpl : Service - Distance calculated: 8268.53041304398
2021-11-27 20:34:20.914  INFO 530588 --- [ool-90-thread-2] .t.t.s.TourGuideClientRewardsServiceImpl : Service - Distance calculated: 2394.9449387147506
2021-11-27 20:34:20.914  INFO 530588 --- [ol-114-thread-2] .t.t.s.TourGuideClientRewardsServiceImpl : Service - Distance calculated: 8358.23396738162
2021-11-27 20:34:20.914  INFO 530588 --- [ool-90-thread-2] .t.t.s.TourGuideClientRewardsServiceImpl : Service - Distance calculated: 3353.9538587981056
2021-11-27 20:34:20.914  INFO 530588 --- [ol-114-thread-2] .t.t.s.TourGuideClientRewardsServiceImpl : Service - Distance calculated: 7629.451599006092
2021-11-27 20:34:20.914  INFO 530588 --- [ool-90-thread-2] .t.t.s.TourGuideClientRewardsServiceImpl : Service - Distance calculated: 7595.59119150223
2021-11-27 20:34:20.914  INFO 530588 --- [ol-114-thread-2] .t.t.s.TourGuideClientRewardsServiceImpl : Service - Distance calculated: 7719.237226565744
2021-11-27 20:34:20.914  INFO 530588 --- [ool-90-thread-2] .t.t.s.TourGuideClientRewardsServiceImpl : Service - Distance calculated: 8124.733384836938
2021-11-27 20:34:20.914  INFO 530588 --- [ol-114-thread-2] .t.t.s.TourGuideClientRewardsServiceImpl : Service - Distance calculated: 8383.284409480288
2021-11-27 20:34:20.914  INFO 530588 --- [ool-90-thread-2] .t.t.s.TourGuideClientRewardsServiceImpl : Service - Distance calculated: 7753.225190274461
2021-11-27 20:34:20.914  INFO 530588 --- [ol-114-thread-2] .t.t.s.TourGuideClientRewardsServiceImpl : Service - Distance calculated: 7052.848687677461
2021-11-27 20:34:20.914  INFO 530588 --- [ool-90-thread-2] .t.t.s.TourGuideClientRewardsServiceImpl : Service - Distance calculated: 7707.781380570805
2021-11-27 20:34:20.914  INFO 530588 --- [ol-114-thread-2] .t.t.s.TourGuideClientRewardsServiceImpl : Service - Distance calculated: 7253.980621558714
2021-11-27 20:34:20.914  INFO 530588 --- [ool-90-thread-2] .t.t.s.TourGuideClientRewardsServiceImpl : Service - Distance calculated: 9019.773378066588
2021-11-27 20:34:20.914  INFO 530588 --- [ol-114-thread-2] .t.t.s.TourGuideClientRewardsServiceImpl : Service - Distance calculated: 6506.110351039752
2021-11-27 20:34:20.914  INFO 530588 --- [ool-90-thread-2] .t.t.s.TourGuideClientRewardsServiceImpl : Service - Distance calculated: 8995.781250468055
2021-11-27 20:34:20.914  INFO 530588 --- [ol-114-thread-2] .t.t.s.TourGuideClientRewardsServiceImpl : Service - Distance calculated: 6686.141375188731
2021-11-27 20:34:20.914  INFO 530588 --- [ool-90-thread-2] .t.t.s.TourGuideClientRewardsServiceImpl : Service - Distance calculated: 7980.059072077953
2021-11-27 20:34:20.914  INFO 530588 --- [ol-114-thread-2] .t.t.s.TourGuideClientRewardsServiceImpl : Service - Distance calculated: 6942.100906939523
2021-11-27 20:34:20.914  INFO 530588 --- [ool-90-thread-2] .t.t.s.TourGuideClientRewardsServiceImpl : Service - Distance calculated: 9576.849983717395
2021-11-27 20:34:20.914  INFO 530588 --- [ol-114-thread-2] .t.t.s.TourGuideClientRewardsServiceImpl : Service - Distance calculated: 6890.5259584957785
2021-11-27 20:34:20.914  INFO 530588 --- [ool-90-thread-2] .t.t.s.TourGuideClientRewardsServiceImpl : Service - Distance calculated: 9502.188769142094
2021-11-27 20:34:20.914  INFO 530588 --- [ol-114-thread-2] .t.t.s.TourGuideClientRewardsServiceImpl : Service - Distance calculated: 7568.73475987984
2021-11-27 20:34:20.914  INFO 530588 --- [ool-90-thread-2] .t.t.s.TourGuideClientRewardsServiceImpl : Service - Distance calculated: 6991.260058035679
2021-11-27 20:34:20.914  INFO 530588 --- [ol-114-thread-2] .t.t.s.TourGuideClientRewardsServiceImpl : Service - Distance calculated: 8116.853210749501
2021-11-27 20:34:20.914  INFO 530588 --- [ool-90-thread-2] .t.t.s.TourGuideClientRewardsServiceImpl : Service - Distance calculated: 10002.013253590976
2021-11-27 20:34:20.914  INFO 530588 --- [ol-114-thread-2] .t.t.s.TourGuideClientRewardsServiceImpl : Service - Distance calculated: 7585.518638719852
2021-11-27 20:34:20.914  INFO 530588 --- [ool-90-thread-2] .t.t.s.TourGuideClientRewardsServiceImpl : Service - Distance calculated: 9731.327324330554
2021-11-27 20:34:20.914  INFO 530588 --- [ol-114-thread-2] .t.t.s.TourGuideClientRewardsServiceImpl : Service - Distance calculated: 7871.333556493322
2021-11-27 20:34:20.914  INFO 530588 --- [ool-90-thread-2] .t.t.s.TourGuideClientRewardsServiceImpl : Service - Distance calculated: 9872.112662669286
2021-11-27 20:34:20.914  INFO 530588 --- [ol-114-thread-2] .t.t.s.TourGuideClientRewardsServiceImpl : Service - Distance calculated: 7306.147317129595
2021-11-27 20:34:20.914  INFO 530588 --- [ool-90-thread-2] .t.t.s.TourGuideClientRewardsServiceImpl : Service - Distance calculated: 9703.631217837235
2021-11-27 20:34:20.914  INFO 530588 --- [ol-114-thread-2] .t.t.s.TourGuideClientRewardsServiceImpl : Service - Distance calculated: 8050.363552748476
2021-11-27 20:34:20.915  INFO 530588 --- [ool-90-thread-2] .t.t.s.TourGuideClientRewardsServiceImpl : Service - Distance calculated: 8684.438750569141
2021-11-27 20:34:20.891  INFO 530588 --- [ool-50-thread-2] .t.t.s.TourGuideClientRewardsServiceImpl : Service - Distance calculated: 1795.7651828725338
2021-11-27 20:34:20.891  INFO 530588 --- [ol-105-thread-2] .t.t.s.TourGuideClientRewardsServiceImpl : Service - Distance calculated: 4249.310121437977
2021-11-27 20:34:20.915  INFO 530588 --- [ool-50-thread-2] .t.t.s.TourGuideClientRewardsServiceImpl : Service - Distance calculated: 587.7394138802858
2021-11-27 20:34:20.891  INFO 530588 --- [ol-106-thread-2] .t.t.s.TourGuideClientRewardsServiceImpl : Service - Distance calculated: 4701.921202623992
2021-11-27 20:34:20.915  INFO 530588 --- [ol-105-thread-2] .t.t.s.TourGuideClientRewardsServiceImpl : Service - Distance calculated: 4137.633807750657
2021-11-27 20:34:20.915  INFO 530588 --- [ool-50-thread-2] .t.t.s.TourGuideClientRewardsServiceImpl : Service - Distance calculated: 450.410425645118
2021-11-27 20:34:20.915  INFO 530588 --- [ol-105-thread-2] .t.t.s.TourGuideClientRewardsServiceImpl : Service - Distance calculated: 3329.205336507607
2021-11-27 20:34:20.915  INFO 530588 --- [ool-50-thread-2] .t.t.s.TourGuideClientRewardsServiceImpl : Service - Distance calculated: 3671.475472943175
2021-11-27 20:34:20.915  INFO 530588 --- [ol-105-thread-2] .t.t.s.TourGuideClientRewardsServiceImpl : Service - Distance calculated: 4694.960555606331
2021-11-27 20:34:20.915  INFO 530588 --- [ool-50-thread-2] .t.t.s.TourGuideClientRewardsServiceImpl : Service - Distance calculated: 697.4845226662819
2021-11-27 20:34:20.915  INFO 530588 --- [ol-105-thread-2] .t.t.s.TourGuideClientRewardsServiceImpl : Service - Distance calculated: 4403.90514151446
2021-11-27 20:34:20.915  INFO 530588 --- [ool-50-thread-2] .t.t.s.TourGuideClientRewardsServiceImpl : Service - Distance calculated: 565.0983555020161
2021-11-27 20:34:20.915  INFO 530588 --- [ol-105-thread-2] .t.t.s.TourGuideClientRewardsServiceImpl : Service - Distance calculated: 4530.467031790682
2021-11-27 20:34:20.915  INFO 530588 --- [ool-50-thread-2] .t.t.s.TourGuideClientRewardsServiceImpl : Service - Distance calculated: 517.1602243302882
2021-11-27 20:34:20.915  INFO 530588 --- [ol-105-thread-2] .t.t.s.TourGuideClientRewardsServiceImpl : Service - Distance calculated: 4340.083717801447
2021-11-27 20:34:20.915  INFO 530588 --- [ool-50-thread-2] .t.t.s.TourGuideClientRewardsServiceImpl : Service - Distance calculated: 334.83136942766544
2021-11-27 20:34:20.915  INFO 530588 --- [ol-105-thread-2] .t.t.s.TourGuideClientRewardsServiceImpl : Service - Distance calculated: 3292.769829413787
2021-11-27 20:34:20.915  INFO 530588 --- [ool-50-thread-2] .t.t.s.TourGuideClientRewardsServiceImpl : Service - Distance calculated: 1073.604542537742
2021-11-27 20:34:20.915  INFO 530588 --- [ol-105-thread-2] .t.t.s.TourGuideClientRewardsServiceImpl : Service - Distance calculated: 3913.0938343617577
2021-11-27 20:34:20.915  INFO 530588 --- [ool-50-thread-2] .t.t.s.TourGuideClientRewardsServiceImpl : Service - Distance calculated: 471.4755603499604
2021-11-27 20:34:20.915  INFO 530588 --- [ol-105-thread-2] .t.t.s.TourGuideClientRewardsServiceImpl : Service - Distance calculated: 3680.1541322868984
2021-11-27 20:34:20.891  INFO 530588 --- [ool-92-thread-2] .t.t.s.TourGuideClientRewardsServiceImpl : Service - Distance calculated: 7918.3718440903785
2021-11-27 20:34:20.915  INFO 530588 --- [ol-105-thread-2] .t.t.s.TourGuideClientRewardsServiceImpl : Service - Distance calculated: 4137.47842146907
2021-11-27 20:34:20.915  INFO 530588 --- [ool-92-thread-2] .t.t.s.TourGuideClientRewardsServiceImpl : Service - Distance calculated: 7753.575640902021
2021-11-27 20:34:20.915  INFO 530588 --- [ol-105-thread-2] .t.t.s.TourGuideClientRewardsServiceImpl : Service - Distance calculated: 3378.3120277389207
2021-11-27 20:34:20.915  INFO 530588 --- [ool-92-thread-2] .t.t.s.TourGuideClientRewardsServiceImpl : Service - Distance calculated: 8191.466845248309
2021-11-27 20:34:20.915  INFO 530588 --- [ol-105-thread-2] .t.t.s.TourGuideClientRewardsServiceImpl : Service - Distance calculated: 2272.6198175504155
2021-11-27 20:34:20.915  INFO 530588 --- [ool-92-thread-2] .t.t.s.TourGuideClientRewardsServiceImpl : Service - Distance calculated: 9356.799987732971
2021-11-27 20:34:20.915  INFO 530588 --- [ol-105-thread-2] .t.t.s.TourGuideClientRewardsServiceImpl : Service - Distance calculated: 4195.111496429359
2021-11-27 20:34:20.915  INFO 530588 --- [ool-92-thread-2] .t.t.s.TourGuideClientRewardsServiceImpl : Service - Distance calculated: 7386.097996436629
2021-11-27 20:34:20.915  INFO 530588 --- [ol-105-thread-2] .t.t.s.TourGuideClientRewardsServiceImpl : Service - Distance calculated: 4846.555267979108
2021-11-27 20:34:20.891  INFO 530588 --- [ol-116-thread-2] .t.t.s.TourGuideClientRewardsServiceImpl : Service - Distance calculated: 3552.6886016756657
2021-11-27 20:34:20.915  INFO 530588 --- [ol-105-thread-2] .t.t.s.TourGuideClientRewardsServiceImpl : Service - Distance calculated: 2817.6328126731055
2021-11-27 20:34:20.915  INFO 530588 --- [ol-116-thread-2] .t.t.s.TourGuideClientRewardsServiceImpl : Service - Distance calculated: 4222.533427570568
2021-11-27 20:34:20.915  INFO 530588 --- [ol-105-thread-2] .t.t.s.TourGuideClientRewardsServiceImpl : Service - Distance calculated: 3603.208493814559
2021-11-27 20:34:20.915  INFO 530588 --- [ol-116-thread-2] .t.t.s.TourGuideClientRewardsServiceImpl : Service - Distance calculated: 5289.73116223162
2021-11-27 20:34:20.915  INFO 530588 --- [ol-105-thread-2] .t.t.s.TourGuideClientRewardsServiceImpl : Service - Distance calculated: 4701.258869250691
2021-11-27 20:34:20.915  INFO 530588 --- [ol-116-thread-2] .t.t.s.TourGuideClientRewardsServiceImpl : Service - Distance calculated: 5050.74740996729
2021-11-27 20:34:20.915  INFO 530588 --- [ol-105-thread-2] .t.t.s.TourGuideClientRewardsServiceImpl : Service - Distance calculated: 4249.208358816885
2021-11-27 20:34:20.915  INFO 530588 --- [ol-116-thread-2] .t.t.s.TourGuideClientRewardsServiceImpl : Service - Distance calculated: 2727.018581183238
2021-11-27 20:34:20.915  INFO 530588 --- [ol-116-thread-2] .t.t.s.TourGuideClientRewardsServiceImpl : Service - Distance calculated: 1986.4233577516284
2021-11-27 20:34:20.915  INFO 530588 --- [ol-116-thread-2] .t.t.s.TourGuideClientRewardsServiceImpl : Service - Distance calculated: 2608.509730619331
2021-11-27 20:34:20.915  INFO 530588 --- [ol-116-thread-2] .t.t.s.TourGuideClientRewardsServiceImpl : Service - Distance calculated: 2698.200689920224
2021-11-27 20:34:20.915  INFO 530588 --- [ol-116-thread-2] .t.t.s.TourGuideClientRewardsServiceImpl : Service - Distance calculated: 2412.775286840824
2021-11-27 20:34:20.915  INFO 530588 --- [ol-116-thread-2] .t.t.s.TourGuideClientRewardsServiceImpl : Service - Distance calculated: 2513.88197970404
2021-11-27 20:34:20.915  INFO 530588 --- [ol-116-thread-2] .t.t.s.TourGuideClientRewardsServiceImpl : Service - Distance calculated: 2779.676418193489
2021-11-27 20:34:20.915  INFO 530588 --- [ol-116-thread-2] .t.t.s.TourGuideClientRewardsServiceImpl : Service - Distance calculated: 2170.953446360003
2021-11-27 20:34:20.915  INFO 530588 --- [ol-116-thread-2] .t.t.s.TourGuideClientRewardsServiceImpl : Service - Distance calculated: 2354.752289319643
2021-11-27 20:34:20.915  INFO 530588 --- [ol-116-thread-2] .t.t.s.TourGuideClientRewardsServiceImpl : Service - Distance calculated: 1655.1927586133615
2021-11-27 20:34:20.891  INFO 530588 --- [ol-128-thread-2] .t.t.s.TourGuideClientRewardsServiceImpl : Service - Distance calculated: 4629.915291070372
2021-11-27 20:34:20.891  INFO 530588 --- [ool-98-thread-2] .t.t.s.TourGuideClientRewardsServiceImpl : Service - Distance calculated: 6190.152272015214
2021-11-27 20:34:20.915  INFO 530588 --- [ol-128-thread-2] .t.t.s.TourGuideClientRewardsServiceImpl : Service - Distance calculated: 4748.041517992477
2021-11-27 20:34:20.915  INFO 530588 --- [ool-98-thread-2] .t.t.s.TourGuideClientRewardsServiceImpl : Service - Distance calculated: 6092.809395447097
2021-11-27 20:34:20.915  INFO 530588 --- [ol-128-thread-2] .t.t.s.TourGuideClientRewardsServiceImpl : Service - Distance calculated: 5340.644300426182
2021-11-27 20:34:20.915  INFO 530588 --- [ool-98-thread-2] .t.t.s.TourGuideClientRewardsServiceImpl : Service - Distance calculated: 6156.408790893843
2021-11-27 20:34:20.915  INFO 530588 --- [ol-128-thread-2] .t.t.s.TourGuideClientRewardsServiceImpl : Service - Distance calculated: 5784.124235815163
2021-11-27 20:34:20.915  INFO 530588 --- [ool-98-thread-2] .t.t.s.TourGuideClientRewardsServiceImpl : Service - Distance calculated: 6404.377056476824
2021-11-27 20:34:20.915  INFO 530588 --- [ol-128-thread-2] .t.t.s.TourGuideClientRewardsServiceImpl : Service - Distance calculated: 6369.978775390833
2021-11-27 20:34:20.915  INFO 530588 --- [ol-128-thread-2] .t.t.s.TourGuideClientRewardsServiceImpl : Service - Distance calculated: 5597.552021496327
2021-11-27 20:34:20.891  INFO 530588 --- [ool-63-thread-2] .t.t.s.TourGuideClientRewardsServiceImpl : Service - Distance calculated: 2685.3547506441387
2021-11-27 20:34:20.891  INFO 530588 --- [ool-94-thread-2] .t.t.s.TourGuideClientRewardsServiceImpl : Service - Distance calculated: 5220.654943084755
2021-11-27 20:34:20.891  INFO 530588 --- [ol-112-thread-2] .t.t.s.TourGuideClientRewardsServiceImpl : Service - Distance calculated: 1731.3313289750731
2021-11-27 20:34:20.915  INFO 530588 --- [ool-94-thread-2] .t.t.s.TourGuideClientRewardsServiceImpl : Service - Distance calculated: 6170.455344604579
2021-11-27 20:34:20.915  INFO 530588 --- [ool-94-thread-2] .t.t.s.TourGuideClientRewardsServiceImpl : Service - Distance calculated: 4798.37046183369
2021-11-27 20:34:20.915  INFO 530588 --- [ol-112-thread-2] .t.t.s.TourGuideClientRewardsServiceImpl : Service - Distance calculated: 1443.762124329574
2021-11-27 20:34:20.915  INFO 530588 --- [ol-112-thread-2] .t.t.s.TourGuideClientRewardsServiceImpl : Service - Distance calculated: 1577.5152376669168
2021-11-27 20:34:20.891  INFO 530588 --- [ool-58-thread-2] .t.t.s.TourGuideClientRewardsServiceImpl : Service - Distance calculated: 6022.386403454516
2021-11-27 20:34:20.915  INFO 530588 --- [ol-112-thread-2] .t.t.s.TourGuideClientRewardsServiceImpl : Service - Distance calculated: 1656.5743663270616
2021-11-27 20:34:20.916  INFO 530588 --- [ol-112-thread-2] .t.t.s.TourGuideClientRewardsServiceImpl : Service - Distance calculated: 654.3964358578744
2021-11-27 20:34:20.891  INFO 530588 --- [ool-99-thread-2] .t.t.s.TourGuideClientRewardsServiceImpl : Service - Distance calculated: 3457.3600656196995
2021-11-27 20:34:20.916  INFO 530588 --- [ol-112-thread-2] .t.t.s.TourGuideClientRewardsServiceImpl : Service - Distance calculated: 1068.529385441944
2021-11-27 20:34:20.891  INFO 530588 --- [ool-91-thread-2] .t.t.s.TourGuideClientRewardsServiceImpl : Service - Distance calculated: 5305.80737858064
2021-11-27 20:34:20.916  INFO 530588 --- [ool-99-thread-2] .t.t.s.TourGuideClientRewardsServiceImpl : Service - Distance calculated: 3358.470809046383
2021-11-27 20:34:20.916  INFO 530588 --- [ool-99-thread-2] .t.t.s.TourGuideClientRewardsServiceImpl : Service - Distance calculated: 3510.3975970219253
2021-11-27 20:34:20.916  INFO 530588 --- [ool-91-thread-2] .t.t.s.TourGuideClientRewardsServiceImpl : Service - Distance calculated: 4544.190272498235
2021-11-27 20:34:20.916  INFO 530588 --- [ool-99-thread-2] .t.t.s.TourGuideClientRewardsServiceImpl : Service - Distance calculated: 3213.288656108964
2021-11-27 20:34:20.916  INFO 530588 --- [ool-91-thread-2] .t.t.s.TourGuideClientRewardsServiceImpl : Service - Distance calculated: 4684.072849689454
2021-11-27 20:34:20.916  INFO 530588 --- [ool-99-thread-2] .t.t.s.TourGuideClientRewardsServiceImpl : Service - Distance calculated: 3447.469784662991
2021-11-27 20:34:20.916  INFO 530588 --- [ool-91-thread-2] .t.t.s.TourGuideClientRewardsServiceImpl : Service - Distance calculated: 5303.646578298883
2021-11-27 20:34:20.916  INFO 530588 --- [ool-91-thread-2] .t.t.s.TourGuideClientRewardsServiceImpl : Service - Distance calculated: 5722.464919035516
2021-11-27 20:34:20.892  INFO 530588 --- [ool-75-thread-2] .t.t.s.TourGuideClientRewardsServiceImpl : Service - Distance calculated: 2858.8939501598575
2021-11-27 20:34:20.916  INFO 530588 --- [ool-91-thread-2] .t.t.s.TourGuideClientRewardsServiceImpl : Service - Distance calculated: 7021.186399352524
2021-11-27 20:34:20.916  INFO 530588 --- [ool-75-thread-2] .t.t.s.TourGuideClientRewardsServiceImpl : Service - Distance calculated: 2742.2480682994537
2021-11-27 20:34:20.893  INFO 530588 --- [ool-77-thread-2] .t.t.s.TourGuideClientRewardsServiceImpl : Service - Distance calculated: 6666.178154481262
2021-11-27 20:34:20.916  INFO 530588 --- [ool-75-thread-2] .t.t.s.TourGuideClientRewardsServiceImpl : Service - Distance calculated: 1774.211365304912
2021-11-27 20:34:20.916  INFO 530588 --- [ool-77-thread-2] .t.t.s.TourGuideClientRewardsServiceImpl : Service - Distance calculated: 6813.093299014869
2021-11-27 20:34:20.893  INFO 530588 --- [ool-53-thread-2] .t.t.s.TourGuideClientRewardsServiceImpl : Service - Distance calculated: 5.8950310023474215E-5
2021-11-27 20:34:20.916  INFO 530588 --- [ool-77-thread-2] .t.t.s.TourGuideClientRewardsServiceImpl : Service - Distance calculated: 6898.295388254418
2021-11-27 20:34:20.916  INFO 530588 --- [ool-77-thread-2] .t.t.s.TourGuideClientRewardsServiceImpl : Service - Distance calculated: 5806.119850055886
2021-11-27 20:34:20.916  INFO 530588 --- [ool-77-thread-2] .t.t.s.TourGuideClientRewardsServiceImpl : Service - Distance calculated: 6358.375947745733
2021-11-27 20:34:20.916  INFO 530588 --- [ool-77-thread-2] .t.t.s.TourGuideClientRewardsServiceImpl : Service - Distance calculated: 6189.686862059876
2021-11-27 20:34:20.916  INFO 530588 --- [ool-77-thread-2] .t.t.s.TourGuideClientRewardsServiceImpl : Service - Distance calculated: 6512.34534028764
2021-11-27 20:34:20.916  INFO 530588 --- [ool-77-thread-2] .t.t.s.TourGuideClientRewardsServiceImpl : Service - Distance calculated: 5885.05491810248
2021-11-27 20:34:20.916  INFO 530588 --- [ool-77-thread-2] .t.t.s.TourGuideClientRewardsServiceImpl : Service - Distance calculated: 4658.518248730586
2021-11-27 20:34:20.916  INFO 530588 --- [ool-77-thread-2] .t.t.s.TourGuideClientRewardsServiceImpl : Service - Distance calculated: 6738.571245056033
2021-11-27 20:34:20.916  INFO 530588 --- [ool-77-thread-2] .t.t.s.TourGuideClientRewardsServiceImpl : Service - Distance calculated: 7011.480314271254
2021-11-27 20:34:20.916  INFO 530588 --- [ool-77-thread-2] .t.t.s.TourGuideClientRewardsServiceImpl : Service - Distance calculated: 5283.401620162879
2021-11-27 20:34:20.916  INFO 530588 --- [ool-77-thread-2] .t.t.s.TourGuideClientRewardsServiceImpl : Service - Distance calculated: 5900.619589918693
2021-11-27 20:34:20.916  INFO 530588 --- [ool-77-thread-2] .t.t.s.TourGuideClientRewardsServiceImpl : Service - Distance calculated: 6919.350338728906
2021-11-27 20:34:20.916  INFO 530588 --- [ool-77-thread-2] .t.t.s.TourGuideClientRewardsServiceImpl : Service - Distance calculated: 6783.185032748237
2021-11-27 20:34:20.916  INFO 530588 --- [ool-77-thread-2] .t.t.s.TourGuideClientRewardsServiceImpl : Service - Distance calculated: 4855.413717221308
2021-11-27 20:34:20.916  INFO 530588 --- [ool-77-thread-2] .t.t.s.TourGuideClientRewardsServiceImpl : Service - Distance calculated: 4230.051380173751
2021-11-27 20:34:20.916  INFO 530588 --- [ool-77-thread-2] .t.t.s.TourGuideClientRewardsServiceImpl : Service - Distance calculated: 4691.584203683791
2021-11-27 20:34:20.916  INFO 530588 --- [ool-77-thread-2] .t.t.s.TourGuideClientRewardsServiceImpl : Service - Distance calculated: 4750.458182842907
2021-11-27 20:34:20.916  INFO 530588 --- [ool-77-thread-2] .t.t.s.TourGuideClientRewardsServiceImpl : Service - Distance calculated: 3482.352973500521
2021-11-27 20:34:20.916  INFO 530588 --- [ool-53-thread-2] .t.t.s.TourGuideClientRewardsServiceImpl : Service - Distance calculated: 774.5207212649109
2021-11-27 20:34:20.893  INFO 530588 --- [ool-52-thread-2] .t.t.s.TourGuideClientRewardsServiceImpl : Service - Distance calculated: 774.5207212649109
2021-11-27 20:34:20.893  INFO 530588 --- [ool-49-thread-2] .t.t.s.TourGuideClientRewardsServiceImpl : Service - Distance calculated: 8682.404889850903
2021-11-27 20:34:20.916  INFO 530588 --- [ool-52-thread-2] .t.t.s.TourGuideClientRewardsServiceImpl : Service - Distance calculated: 164.91310606753288
2021-11-27 20:34:20.916  INFO 530588 --- [ool-49-thread-2] .t.t.s.TourGuideClientRewardsServiceImpl : Service - Distance calculated: 10527.846969381058
2021-11-27 20:34:20.916  INFO 530588 --- [ool-52-thread-2] .t.t.s.TourGuideClientRewardsServiceImpl : Service - Distance calculated: 115.99464245531166
2021-11-27 20:34:20.916  INFO 530588 --- [ool-49-thread-2] .t.t.s.TourGuideClientRewardsServiceImpl : Service - Distance calculated: 9760.238308216369
2021-11-27 20:34:20.916  INFO 530588 --- [ool-52-thread-2] .t.t.s.TourGuideClientRewardsServiceImpl : Service - Distance calculated: 1428.8577204882306
2021-11-27 20:34:20.893  INFO 530588 --- [ool-60-thread-2] .t.t.s.TourGuideClientRewardsServiceImpl : Service - Distance calculated: 7119.768193227142
2021-11-27 20:34:20.916  INFO 530588 --- [ool-52-thread-2] .t.t.s.TourGuideClientRewardsServiceImpl : Service - Distance calculated: 1418.571827418631
2021-11-27 20:34:20.893  INFO 530588 --- [ol-136-thread-2] .t.t.s.TourGuideClientRewardsServiceImpl : Service - Distance calculated: 5669.433524667212
2021-11-27 20:34:20.916  INFO 530588 --- [ool-52-thread-2] .t.t.s.TourGuideClientRewardsServiceImpl : Service - Distance calculated: 460.11990361699293
2021-11-27 20:34:20.916  INFO 530588 --- [ol-136-thread-2] .t.t.s.TourGuideClientRewardsServiceImpl : Service - Distance calculated: 4859.211915830307
2021-11-27 20:34:20.916  INFO 530588 --- [ool-52-thread-2] .t.t.s.TourGuideClientRewardsServiceImpl : Service - Distance calculated: 1992.7911930022951
2021-11-27 20:34:20.916  INFO 530588 --- [ol-136-thread-2] .t.t.s.TourGuideClientRewardsServiceImpl : Service - Distance calculated: 5471.313748396917
2021-11-27 20:34:20.893  INFO 530588 --- [ol-139-thread-2] .t.t.s.TourGuideClientRewardsServiceImpl : Service - Distance calculated: 5503.552023245068
2021-11-27 20:34:20.916  INFO 530588 --- [ol-136-thread-2] .t.t.s.TourGuideClientRewardsServiceImpl : Service - Distance calculated: 5189.646809029439
2021-11-27 20:34:20.916  INFO 530588 --- [ol-136-thread-2] .t.t.s.TourGuideClientRewardsServiceImpl : Service - Distance calculated: 5743.081960421198
2021-11-27 20:34:20.916  INFO 530588 --- [ol-139-thread-2] .t.t.s.TourGuideClientRewardsServiceImpl : Service - Distance calculated: 5255.065370786689
2021-11-27 20:34:20.893  INFO 530588 --- [ol-126-thread-2] .t.t.s.TourGuideClientRewardsServiceImpl : Service - Distance calculated: 2677.7264042029565
2021-11-27 20:34:20.916  INFO 530588 --- [ol-139-thread-2] .t.t.s.TourGuideClientRewardsServiceImpl : Service - Distance calculated: 5402.420693943514
2021-11-27 20:34:20.916  INFO 530588 --- [ol-126-thread-2] .t.t.s.TourGuideClientRewardsServiceImpl : Service - Distance calculated: 3006.0789226596594
2021-11-27 20:34:20.916  INFO 530588 --- [ol-139-thread-2] .t.t.s.TourGuideClientRewardsServiceImpl : Service - Distance calculated: 5537.791482487709
2021-11-27 20:34:20.917  INFO 530588 --- [ol-126-thread-2] .t.t.s.TourGuideClientRewardsServiceImpl : Service - Distance calculated: 2767.731331262521
2021-11-27 20:34:20.917  INFO 530588 --- [ol-139-thread-2] .t.t.s.TourGuideClientRewardsServiceImpl : Service - Distance calculated: 4450.5145014979025
2021-11-27 20:34:20.917  INFO 530588 --- [ol-126-thread-2] .t.t.s.TourGuideClientRewardsServiceImpl : Service - Distance calculated: 3942.592066630614
2021-11-27 20:34:20.917  INFO 530588 --- [ol-139-thread-2] .t.t.s.TourGuideClientRewardsServiceImpl : Service - Distance calculated: 4973.6170280045335
2021-11-27 20:34:20.917  INFO 530588 --- [ol-126-thread-2] .t.t.s.TourGuideClientRewardsServiceImpl : Service - Distance calculated: 2766.160887059688
2021-11-27 20:34:20.917  INFO 530588 --- [ol-139-thread-2] .t.t.s.TourGuideClientRewardsServiceImpl : Service - Distance calculated: 4824.975396922583
2021-11-27 20:34:20.917  INFO 530588 --- [ol-126-thread-2] .t.t.s.TourGuideClientRewardsServiceImpl : Service - Distance calculated: 3266.0551445085325
2021-11-27 20:34:20.917  INFO 530588 --- [ol-139-thread-2] .t.t.s.TourGuideClientRewardsServiceImpl : Service - Distance calculated: 5112.941202203401
2021-11-27 20:34:20.917  INFO 530588 --- [ol-126-thread-2] .t.t.s.TourGuideClientRewardsServiceImpl : Service - Distance calculated: 3778.5085789957925
2021-11-27 20:34:20.917  INFO 530588 --- [ol-139-thread-2] .t.t.s.TourGuideClientRewardsServiceImpl : Service - Distance calculated: 4525.524237218015
2021-11-27 20:34:20.917  INFO 530588 --- [ol-126-thread-2] .t.t.s.TourGuideClientRewardsServiceImpl : Service - Distance calculated: 2818.753923075428
2021-11-27 20:34:20.917  INFO 530588 --- [ol-139-thread-2] .t.t.s.TourGuideClientRewardsServiceImpl : Service - Distance calculated: 3296.7660706572933
2021-11-27 20:34:20.917  INFO 530588 --- [ol-126-thread-2] .t.t.s.TourGuideClientRewardsServiceImpl : Service - Distance calculated: 11761.198399090184
2021-11-27 20:34:20.917  INFO 530588 --- [ol-139-thread-2] .t.t.s.TourGuideClientRewardsServiceImpl : Service - Distance calculated: 5375.391856478226
2021-11-27 20:34:20.917  INFO 530588 --- [ol-126-thread-2] .t.t.s.TourGuideClientRewardsServiceImpl : Service - Distance calculated: 12119.910811944988
2021-11-27 20:34:20.917  INFO 530588 --- [ol-139-thread-2] .t.t.s.TourGuideClientRewardsServiceImpl : Service - Distance calculated: 5598.669087144262
2021-11-27 20:34:20.917  INFO 530588 --- [ol-126-thread-2] .t.t.s.TourGuideClientRewardsServiceImpl : Service - Distance calculated: 11849.20079317573
2021-11-27 20:34:20.917  INFO 530588 --- [ol-139-thread-2] .t.t.s.TourGuideClientRewardsServiceImpl : Service - Distance calculated: 3925.082228353253
2021-11-27 20:34:20.917  INFO 530588 --- [ol-126-thread-2] .t.t.s.TourGuideClientRewardsServiceImpl : Service - Distance calculated: 11764.999876312295
2021-11-27 20:34:20.917  INFO 530588 --- [ol-139-thread-2] .t.t.s.TourGuideClientRewardsServiceImpl : Service - Distance calculated: 4497.847944289839
2021-11-27 20:34:20.917  INFO 530588 --- [ol-126-thread-2] .t.t.s.TourGuideClientRewardsServiceImpl : Service - Distance calculated: 11048.651130476374
2021-11-27 20:34:20.917  INFO 530588 --- [ol-139-thread-2] .t.t.s.TourGuideClientRewardsServiceImpl : Service - Distance calculated: 5506.221268615294
2021-11-27 20:34:20.917  INFO 530588 --- [ol-126-thread-2] .t.t.s.TourGuideClientRewardsServiceImpl : Service - Distance calculated: 11010.10327826817
2021-11-27 20:34:20.917  INFO 530588 --- [ol-139-thread-2] .t.t.s.TourGuideClientRewardsServiceImpl : Service - Distance calculated: 5415.970875814264
2021-11-27 20:34:20.917  INFO 530588 --- [ol-126-thread-2] .t.t.s.TourGuideClientRewardsServiceImpl : Service - Distance calculated: 11548.924653196395
2021-11-27 20:34:20.917  INFO 530588 --- [ol-139-thread-2] .t.t.s.TourGuideClientRewardsServiceImpl : Service - Distance calculated: 6303.001209104616
2021-11-27 20:34:20.917  INFO 530588 --- [ol-126-thread-2] .t.t.s.TourGuideClientRewardsServiceImpl : Service - Distance calculated: 10642.383832817266
2021-11-27 20:34:20.917  INFO 530588 --- [ol-139-thread-2] .t.t.s.TourGuideClientRewardsServiceImpl : Service - Distance calculated: 5648.127171576445
2021-11-27 20:34:20.917  INFO 530588 --- [ol-126-thread-2] .t.t.s.TourGuideClientRewardsServiceImpl : Service - Distance calculated: 10653.738785403168
2021-11-27 20:34:20.917  INFO 530588 --- [ol-139-thread-2] .t.t.s.TourGuideClientRewardsServiceImpl : Service - Distance calculated: 6221.567320843507
2021-11-27 20:34:20.917  INFO 530588 --- [ol-126-thread-2] .t.t.s.TourGuideClientRewardsServiceImpl : Service - Distance calculated: 10610.585972680406
2021-11-27 20:34:20.917  INFO 530588 --- [ol-139-thread-2] .t.t.s.TourGuideClientRewardsServiceImpl : Service - Distance calculated: 6307.03998396032
2021-11-27 20:34:20.917  INFO 530588 --- [ol-126-thread-2] .t.t.s.TourGuideClientRewardsServiceImpl : Service - Distance calculated: 10242.323385118165
2021-11-27 20:34:20.917  INFO 530588 --- [ol-139-thread-2] .t.t.s.TourGuideClientRewardsServiceImpl : Service - Distance calculated: 6092.846773614073
2021-11-27 20:34:20.917  INFO 530588 --- [ol-139-thread-2] .t.t.s.TourGuideClientRewardsServiceImpl : Service - Distance calculated: 6195.190144726595
2021-11-27 20:34:20.917  INFO 530588 --- [ol-139-thread-2] .t.t.s.TourGuideClientRewardsServiceImpl : Service - Distance calculated: 6459.299186805733
2021-11-27 20:34:20.917  INFO 530588 --- [ol-139-thread-2] .t.t.s.TourGuideClientRewardsServiceImpl : Service - Distance calculated: 5703.925804616013
2021-11-27 20:34:20.917  INFO 530588 --- [ol-139-thread-2] .t.t.s.TourGuideClientRewardsServiceImpl : Service - Distance calculated: 5914.408245287758
2021-11-27 20:34:20.917  INFO 530588 --- [ol-139-thread-2] .t.t.s.TourGuideClientRewardsServiceImpl : Service - Distance calculated: 4135.5582699484385
2021-11-27 20:34:20.893  INFO 530588 --- [ool-66-thread-2] .t.t.s.TourGuideClientRewardsServiceImpl : Service - Distance calculated: 10034.193152988391
2021-11-27 20:34:20.917  INFO 530588 --- [ol-139-thread-2] .t.t.s.TourGuideClientRewardsServiceImpl : Service - Distance calculated: 5515.7570409888685
2021-11-27 20:34:20.917  INFO 530588 --- [ool-66-thread-2] .t.t.s.TourGuideClientRewardsServiceImpl : Service - Distance calculated: 10789.889597977373
2021-11-27 20:34:20.917  INFO 530588 --- [ol-139-thread-2] .t.t.s.TourGuideClientRewardsServiceImpl : Service - Distance calculated: 5662.315144015687
2021-11-27 20:34:20.917  INFO 530588 --- [ool-66-thread-2] .t.t.s.TourGuideClientRewardsServiceImpl : Service - Distance calculated: 9667.355285294041
2021-11-27 20:34:20.917  INFO 530588 --- [ol-139-thread-2] .t.t.s.TourGuideClientRewardsServiceImpl : Service - Distance calculated: 5688.63240611042
2021-11-27 20:34:20.917  INFO 530588 --- [ool-66-thread-2] .t.t.s.TourGuideClientRewardsServiceImpl : Service - Distance calculated: 9668.248765624567
2021-11-27 20:34:20.917  INFO 530588 --- [ol-139-thread-2] .t.t.s.TourGuideClientRewardsServiceImpl : Service - Distance calculated: 6533.351807094218
2021-11-27 20:34:20.917  INFO 530588 --- [ool-66-thread-2] .t.t.s.TourGuideClientRewardsServiceImpl : Service - Distance calculated: 11085.676935119634
2021-11-27 20:34:20.917  INFO 530588 --- [ol-139-thread-2] .t.t.s.TourGuideClientRewardsServiceImpl : Service - Distance calculated: 6523.79714154726
2021-11-27 20:34:20.917  INFO 530588 --- [ool-66-thread-2] .t.t.s.TourGuideClientRewardsServiceImpl : Service - Distance calculated: 9286.166585624751
2021-11-27 20:34:20.917  INFO 530588 --- [ol-139-thread-2] .t.t.s.TourGuideClientRewardsServiceImpl : Service - Distance calculated: 6223.637807920042
2021-11-27 20:34:20.917  INFO 530588 --- [ool-66-thread-2] .t.t.s.TourGuideClientRewardsServiceImpl : Service - Distance calculated: 9524.109197855767
2021-11-27 20:34:20.917  INFO 530588 --- [ol-139-thread-2] .t.t.s.TourGuideClientRewardsServiceImpl : Service - Distance calculated: 6455.639710491152
2021-11-27 20:34:20.917  INFO 530588 --- [ool-66-thread-2] .t.t.s.TourGuideClientRewardsServiceImpl : Service - Distance calculated: 9375.62551096255
2021-11-27 20:34:20.917  INFO 530588 --- [ol-139-thread-2] .t.t.s.TourGuideClientRewardsServiceImpl : Service - Distance calculated: 5990.9435902126825
2021-11-27 20:34:20.917  INFO 530588 --- [ool-66-thread-2] .t.t.s.TourGuideClientRewardsServiceImpl : Service - Distance calculated: 9105.56768747397
2021-11-27 20:34:20.917  INFO 530588 --- [ol-139-thread-2] .t.t.s.TourGuideClientRewardsServiceImpl : Service - Distance calculated: 6490.903399933342
2021-11-27 20:34:20.917  INFO 530588 --- [ool-66-thread-2] .t.t.s.TourGuideClientRewardsServiceImpl : Service - Distance calculated: 10117.5080056823
2021-11-27 20:34:20.917  INFO 530588 --- [ol-139-thread-2] .t.t.s.TourGuideClientRewardsServiceImpl : Service - Distance calculated: 6381.031601628852
2021-11-27 20:34:20.917  INFO 530588 --- [ool-66-thread-2] .t.t.s.TourGuideClientRewardsServiceImpl : Service - Distance calculated: 9714.896671990322
2021-11-27 20:34:20.917  INFO 530588 --- [ol-139-thread-2] .t.t.s.TourGuideClientRewardsServiceImpl : Service - Distance calculated: 6498.694298391309
2021-11-27 20:34:20.917  INFO 530588 --- [ool-66-thread-2] .t.t.s.TourGuideClientRewardsServiceImpl : Service - Distance calculated: 9796.618826535823
2021-11-27 20:34:20.917  INFO 530588 --- [ol-139-thread-2] .t.t.s.TourGuideClientRewardsServiceImpl : Service - Distance calculated: 5361.54840279642
2021-11-27 20:34:20.917  INFO 530588 --- [ool-66-thread-2] .t.t.s.TourGuideClientRewardsServiceImpl : Service - Distance calculated: 9624.36474863851
2021-11-27 20:34:20.917  INFO 530588 --- [ol-139-thread-2] .t.t.s.TourGuideClientRewardsServiceImpl : Service - Distance calculated: 6461.071510397475
2021-11-27 20:34:20.917  INFO 530588 --- [ool-66-thread-2] .t.t.s.TourGuideClientRewardsServiceImpl : Service - Distance calculated: 10061.055736633456
2021-11-27 20:34:20.917  INFO 530588 --- [ol-139-thread-2] .t.t.s.TourGuideClientRewardsServiceImpl : Service - Distance calculated: 5902.429304182003
2021-11-27 20:34:20.917  INFO 530588 --- [ool-66-thread-2] .t.t.s.TourGuideClientRewardsServiceImpl : Service - Distance calculated: 11139.42433863867
2021-11-27 20:34:20.917  INFO 530588 --- [ol-139-thread-2] .t.t.s.TourGuideClientRewardsServiceImpl : Service - Distance calculated: 5506.410959793545
2021-11-27 20:34:20.917  INFO 530588 --- [ool-66-thread-2] .t.t.s.TourGuideClientRewardsServiceImpl : Service - Distance calculated: 9268.051728986116
2021-11-27 20:34:20.917  INFO 530588 --- [ol-139-thread-2] .t.t.s.TourGuideClientRewardsServiceImpl : Service - Distance calculated: 6457.106299712365
2021-11-27 20:34:20.917  INFO 530588 --- [ol-139-thread-2] .t.t.s.TourGuideClientRewardsServiceImpl : Service - Distance calculated: 7181.9890265252625
2021-11-27 20:34:20.917  INFO 530588 --- [ool-66-thread-2] .t.t.s.TourGuideClientRewardsServiceImpl : Service - Distance calculated: 9195.75030048728
2021-11-27 20:34:20.917  INFO 530588 --- [ol-139-thread-2] .t.t.s.TourGuideClientRewardsServiceImpl : Service - Distance calculated: 6669.552912575589
2021-11-27 20:34:20.917  INFO 530588 --- [ol-139-thread-2] .t.t.s.TourGuideClientRewardsServiceImpl : Service - Distance calculated: 7146.029144241358
2021-11-27 20:34:20.917  INFO 530588 --- [ool-66-thread-2] .t.t.s.TourGuideClientRewardsServiceImpl : Service - Distance calculated: 10601.14367859659
2021-11-27 20:34:20.917  INFO 530588 --- [ool-66-thread-2] .t.t.s.TourGuideClientRewardsServiceImpl : Service - Distance calculated: 10239.965051489324
2021-11-27 20:34:20.917  INFO 530588 --- [ool-66-thread-2] .t.t.s.TourGuideClientRewardsServiceImpl : Service - Distance calculated: 9283.923433075206
2021-11-27 20:34:20.917  INFO 530588 --- [ool-66-thread-2] .t.t.s.TourGuideClientRewardsServiceImpl : Service - Distance calculated: 9239.41517231112
2021-11-27 20:34:20.917  INFO 530588 --- [ool-66-thread-2] .t.t.s.TourGuideClientRewardsServiceImpl : Service - Distance calculated: 11429.117440818107
2021-11-27 20:34:20.917  INFO 530588 --- [ool-66-thread-2] .t.t.s.TourGuideClientRewardsServiceImpl : Service - Distance calculated: 12145.252126069554
2021-11-27 20:34:20.917  INFO 530588 --- [ool-66-thread-2] .t.t.s.TourGuideClientRewardsServiceImpl : Service - Distance calculated: 11585.547399903282
2021-11-27 20:34:20.917  INFO 530588 --- [ool-66-thread-2] .t.t.s.TourGuideClientRewardsServiceImpl : Service - Distance calculated: 11501.958551506948
2021-11-27 20:34:20.918  INFO 530588 --- [ool-66-thread-2] .t.t.s.TourGuideClientRewardsServiceImpl : Service - Distance calculated: 11547.35553920983
2021-11-27 20:34:20.918  INFO 530588 --- [ool-66-thread-2] .t.t.s.TourGuideClientRewardsServiceImpl : Service - Distance calculated: 11482.888312907326
2021-11-27 20:34:20.918  INFO 530588 --- [ool-66-thread-2] .t.t.s.TourGuideClientRewardsServiceImpl : Service - Distance calculated: 11512.234920243667
2021-11-27 20:34:20.918  INFO 530588 --- [ool-66-thread-2] .t.t.s.TourGuideClientRewardsServiceImpl : Service - Distance calculated: 11222.612523398771
2021-11-27 20:34:20.918  INFO 530588 --- [ool-66-thread-2] .t.t.s.TourGuideClientRewardsServiceImpl : Service - Distance calculated: 11214.886282209793
2021-11-27 20:34:20.918  INFO 530588 --- [ool-66-thread-2] .t.t.s.TourGuideClientRewardsServiceImpl : Service - Distance calculated: 10300.055122571526
2021-11-27 20:34:20.918  INFO 530588 --- [ool-66-thread-2] .t.t.s.TourGuideClientRewardsServiceImpl : Service - Distance calculated: 10828.652940017042
2021-11-27 20:34:20.918  INFO 530588 --- [ool-66-thread-2] .t.t.s.TourGuideClientRewardsServiceImpl : Service - Distance calculated: 11077.810598461147
2021-11-27 20:34:20.918  INFO 530588 --- [ool-66-thread-2] .t.t.s.TourGuideClientRewardsServiceImpl : Service - Distance calculated: 10929.680141986615
2021-11-27 20:34:20.918  INFO 530588 --- [ool-66-thread-2] .t.t.s.TourGuideClientRewardsServiceImpl : Service - Distance calculated: 10580.599344680699
2021-11-27 20:34:20.918  INFO 530588 --- [ool-66-thread-2] .t.t.s.TourGuideClientRewardsServiceImpl : Service - Distance calculated: 11364.905692523404
2021-11-27 20:34:20.918  INFO 530588 --- [ool-66-thread-2] .t.t.s.TourGuideClientRewardsServiceImpl : Service - Distance calculated: 11202.599673349636
2021-11-27 20:34:20.918  INFO 530588 --- [ool-66-thread-2] .t.t.s.TourGuideClientRewardsServiceImpl : Service - Distance calculated: 11190.859303629679
2021-11-27 20:34:20.918  INFO 530588 --- [ool-66-thread-2] .t.t.s.TourGuideClientRewardsServiceImpl : Service - Distance calculated: 11163.807862967455
2021-11-27 20:34:20.918  INFO 530588 --- [ool-66-thread-2] .t.t.s.TourGuideClientRewardsServiceImpl : Service - Distance calculated: 11354.045584453741
2021-11-27 20:34:20.918  INFO 530588 --- [ool-66-thread-2] .t.t.s.TourGuideClientRewardsServiceImpl : Service - Distance calculated: 11395.875558449517
2021-11-27 20:34:20.918  INFO 530588 --- [ool-66-thread-2] .t.t.s.TourGuideClientRewardsServiceImpl : Service - Distance calculated: 10734.641251787387
2021-11-27 20:34:20.918  INFO 530588 --- [ool-66-thread-2] .t.t.s.TourGuideClientRewardsServiceImpl : Service - Distance calculated: 10719.911591376953
2021-11-27 20:34:20.918  INFO 530588 --- [ool-66-thread-2] .t.t.s.TourGuideClientRewardsServiceImpl : Service - Distance calculated: 11547.291290925885
2021-11-27 20:34:20.918  INFO 530588 --- [ool-66-thread-2] .t.t.s.TourGuideClientRewardsServiceImpl : Service - Distance calculated: 11759.142080488387
2021-11-27 20:34:20.918  INFO 530588 --- [ool-66-thread-2] .t.t.s.TourGuideClientRewardsServiceImpl : Service - Distance calculated: 10825.50247849231
2021-11-27 20:34:20.918  INFO 530588 --- [ool-66-thread-2] .t.t.s.TourGuideClientRewardsServiceImpl : Service - Distance calculated: 10718.898059617035
2021-11-27 20:34:20.918  INFO 530588 --- [ool-66-thread-2] .t.t.s.TourGuideClientRewardsServiceImpl : Service - Calculate rewards points for user: internalUser19
2021-11-27 20:34:20.893  INFO 530588 --- [ol-131-thread-2] .t.t.s.TourGuideClientRewardsServiceImpl : Service - Distance calculated: 3619.314858400074
2021-11-27 20:34:20.893  INFO 530588 --- [ol-110-thread-2] .t.t.s.TourGuideClientRewardsServiceImpl : Service - Distance calculated: 6009.0258418909625
2021-11-27 20:34:20.893  INFO 530588 --- [ol-127-thread-2] .t.t.s.TourGuideClientRewardsServiceImpl : Service - Distance calculated: 725.9152849728775
2021-11-27 20:34:20.918  INFO 530588 --- [ol-110-thread-2] .t.t.s.TourGuideClientRewardsServiceImpl : Service - Distance calculated: 6584.652040533421
2021-11-27 20:34:20.918  INFO 530588 --- [ol-127-thread-2] .t.t.s.TourGuideClientRewardsServiceImpl : Service - Distance calculated: 449.78355353887827
2021-11-27 20:34:20.918  INFO 530588 --- [ol-131-thread-2] .t.t.s.TourGuideClientRewardsServiceImpl : Service - Distance calculated: 3536.438067011197
2021-11-27 20:34:20.893  INFO 530588 --- [ol-101-thread-2] .t.t.s.TourGuideClientRewardsServiceImpl : Service - Distance calculated: 7340.560593064845
2021-11-27 20:34:20.918  INFO 530588 --- [ol-131-thread-2] .t.t.s.TourGuideClientRewardsServiceImpl : Service - Distance calculated: 3801.0123157831154
2021-11-27 20:34:20.918  INFO 530588 --- [ol-101-thread-2] .t.t.s.TourGuideClientRewardsServiceImpl : Service - Distance calculated: 7416.3743276046325
2021-11-27 20:34:20.918  INFO 530588 --- [ol-131-thread-2] .t.t.s.TourGuideClientRewardsServiceImpl : Service - Distance calculated: 3700.1971864995226
2021-11-27 20:34:20.918  INFO 530588 --- [ol-101-thread-2] .t.t.s.TourGuideClientRewardsServiceImpl : Service - Distance calculated: 7272.726479796409
2021-11-27 20:34:20.918  INFO 530588 --- [ol-101-thread-2] .t.t.s.TourGuideClientRewardsServiceImpl : Service - Distance calculated: 7685.613017335353
2021-11-27 20:34:20.918  INFO 530588 --- [ol-131-thread-2] .t.t.s.TourGuideClientRewardsServiceImpl : Service - Distance calculated: 3366.5372963294976
2021-11-27 20:34:20.918  INFO 530588 --- [ol-101-thread-2] .t.t.s.TourGuideClientRewardsServiceImpl : Service - Distance calculated: 8844.032707533128
2021-11-27 20:34:20.918  INFO 530588 --- [ol-101-thread-2] .t.t.s.TourGuideClientRewardsServiceImpl : Service - Distance calculated: 6888.726253765032
2021-11-27 20:34:20.918  INFO 530588 --- [ol-101-thread-2] .t.t.s.TourGuideClientRewardsServiceImpl : Service - Distance calculated: 6980.241644797176
2021-11-27 20:34:20.918  INFO 530588 --- [ol-131-thread-2] .t.t.s.TourGuideClientRewardsServiceImpl : Service - Distance calculated: 4278.804536177918
2021-11-27 20:34:20.893  INFO 530588 --- [ool-59-thread-2] .t.t.s.TourGuideClientRewardsServiceImpl : Service - Distance calculated: 9735.855855651931
2021-11-27 20:34:20.918  INFO 530588 --- [ool-59-thread-2] .t.t.s.TourGuideClientRewardsServiceImpl : Service - Distance calculated: 10016.092792489728
2021-11-27 20:34:20.918  INFO 530588 --- [ool-59-thread-2] .t.t.s.TourGuideClientRewardsServiceImpl : Service - Distance calculated: 9459.751735972754
2021-11-27 20:34:20.918  INFO 530588 --- [ool-59-thread-2] .t.t.s.TourGuideClientRewardsServiceImpl : Service - Distance calculated: 10152.87617879555
2021-11-27 20:34:20.918  INFO 530588 --- [ool-59-thread-2] .t.t.s.TourGuideClientRewardsServiceImpl : Service - Distance calculated: 10120.885514559139
2021-11-27 20:34:20.894  INFO 530588 --- [ool-69-thread-2] .t.t.s.TourGuideClientRewardsServiceImpl : Service - Distance calculated: 2968.448159772103
2021-11-27 20:34:20.918  INFO 530588 --- [ool-69-thread-2] .t.t.s.TourGuideClientRewardsServiceImpl : Service - Distance calculated: 2902.0709398280874
2021-11-27 20:34:20.918  INFO 530588 --- [ool-69-thread-2] .t.t.s.TourGuideClientRewardsServiceImpl : Service - Distance calculated: 6081.613170176795
2021-11-27 20:34:20.918  INFO 530588 --- [ool-69-thread-2] .t.t.s.TourGuideClientRewardsServiceImpl : Service - Distance calculated: 2732.3365104342524
2021-11-27 20:34:20.919  INFO 530588 --- [ool-69-thread-2] .t.t.s.TourGuideClientRewardsServiceImpl : Service - Distance calculated: 2860.695964403157
2021-11-27 20:34:20.919  INFO 530588 --- [ool-69-thread-2] .t.t.s.TourGuideClientRewardsServiceImpl : Service - Distance calculated: 2722.9945185259344
2021-11-27 20:34:20.919  INFO 530588 --- [ool-69-thread-2] .t.t.s.TourGuideClientRewardsServiceImpl : Service - Distance calculated: 2281.7640574786665
2021-11-27 20:34:20.919  INFO 530588 --- [ool-69-thread-2] .t.t.s.TourGuideClientRewardsServiceImpl : Service - Distance calculated: 3332.681794602103
2021-11-27 20:34:20.919  INFO 530588 --- [ool-69-thread-2] .t.t.s.TourGuideClientRewardsServiceImpl : Service - Distance calculated: 2894.591221585953
2021-11-27 20:34:20.919  INFO 530588 --- [ool-69-thread-2] .t.t.s.TourGuideClientRewardsServiceImpl : Service - Distance calculated: 2980.938744098363
2021-11-27 20:34:20.919  INFO 530588 --- [ool-69-thread-2] .t.t.s.TourGuideClientRewardsServiceImpl : Service - Distance calculated: 2843.000573354929
2021-11-27 20:34:20.919  INFO 530588 --- [ool-69-thread-2] .t.t.s.TourGuideClientRewardsServiceImpl : Service - Distance calculated: 3264.496339600193
2021-11-27 20:34:20.919  INFO 530588 --- [ool-69-thread-2] .t.t.s.TourGuideClientRewardsServiceImpl : Service - Distance calculated: 4477.084821522268
2021-11-27 20:34:20.919  INFO 530588 --- [ool-69-thread-2] .t.t.s.TourGuideClientRewardsServiceImpl : Service - Distance calculated: 2444.447027785203
2021-11-27 20:34:20.919  INFO 530588 --- [ool-69-thread-2] .t.t.s.TourGuideClientRewardsServiceImpl : Service - Distance calculated: 2748.8557125064476
2021-11-27 20:34:20.919  INFO 530588 --- [ool-69-thread-2] .t.t.s.TourGuideClientRewardsServiceImpl : Service - Distance calculated: 3853.429755308579
2021-11-27 20:34:20.919  INFO 530588 --- [ool-69-thread-2] .t.t.s.TourGuideClientRewardsServiceImpl : Service - Distance calculated: 3437.6267788016085
2021-11-27 20:34:20.919  INFO 530588 --- [ool-69-thread-2] .t.t.s.TourGuideClientRewardsServiceImpl : Service - Distance calculated: 2735.484746138693
2021-11-27 20:34:20.919  INFO 530588 --- [ool-69-thread-2] .t.t.s.TourGuideClientRewardsServiceImpl : Service - Distance calculated: 2415.8052694607545
2021-11-27 20:34:20.919  INFO 530588 --- [ool-69-thread-2] .t.t.s.TourGuideClientRewardsServiceImpl : Service - Distance calculated: 2580.419271137693
2021-11-27 20:34:20.919  INFO 530588 --- [ool-69-thread-2] .t.t.s.TourGuideClientRewardsServiceImpl : Service - Distance calculated: 2053.79458077782
2021-11-27 20:34:20.919  INFO 530588 --- [ool-69-thread-2] .t.t.s.TourGuideClientRewardsServiceImpl : Service - Distance calculated: 2420.0060625546885
2021-11-27 20:34:20.919  INFO 530588 --- [ool-69-thread-2] .t.t.s.TourGuideClientRewardsServiceImpl : Service - Distance calculated: 2470.683197664785
2021-11-27 20:34:20.919  INFO 530588 --- [ool-69-thread-2] .t.t.s.TourGuideClientRewardsServiceImpl : Service - Distance calculated: 1180.8510535055682
2021-11-27 20:34:20.919  INFO 530588 --- [ool-69-thread-2] .t.t.s.TourGuideClientRewardsServiceImpl : Service - Distance calculated: 1227.0059064001778
2021-11-27 20:34:20.919  INFO 530588 --- [ool-69-thread-2] .t.t.s.TourGuideClientRewardsServiceImpl : Service - Distance calculated: 2225.0109545419027
2021-11-27 20:34:20.919  INFO 530588 --- [ool-69-thread-2] .t.t.s.TourGuideClientRewardsServiceImpl : Service - Distance calculated: 589.8458394119942
2021-11-27 20:34:20.919  INFO 530588 --- [ool-69-thread-2] .t.t.s.TourGuideClientRewardsServiceImpl : Service - Distance calculated: 694.6956957068203
2021-11-27 20:34:20.919  INFO 530588 --- [ool-69-thread-2] .t.t.s.TourGuideClientRewardsServiceImpl : Service - Distance calculated: 3549.9311921382523
2021-11-27 20:34:20.919  INFO 530588 --- [ool-69-thread-2] .t.t.s.TourGuideClientRewardsServiceImpl : Service - Distance calculated: 193.46830579808713
2021-11-27 20:34:20.919  INFO 530588 --- [ool-69-thread-2] .t.t.s.TourGuideClientRewardsServiceImpl : Service - Distance calculated: 434.98172229284404
2021-11-27 20:34:20.919  INFO 530588 --- [ool-69-thread-2] .t.t.s.TourGuideClientRewardsServiceImpl : Service - Distance calculated: 298.15810980128606
2021-11-27 20:34:20.919  INFO 530588 --- [ool-69-thread-2] .t.t.s.TourGuideClientRewardsServiceImpl : Service - Distance calculated: 957.3764711433721
2021-11-27 20:34:20.919  INFO 530588 --- [ool-69-thread-2] .t.t.s.TourGuideClientRewardsServiceImpl : Service - Distance calculated: 1596.9070138756279
2021-11-27 20:34:20.919  INFO 530588 --- [ool-69-thread-2] .t.t.s.TourGuideClientRewardsServiceImpl : Service - Distance calculated: 974.1469691625116
2021-11-27 20:34:20.919  INFO 530588 --- [ool-69-thread-2] .t.t.s.TourGuideClientRewardsServiceImpl : Service - Distance calculated: 1255.4291509789991
2021-11-27 20:34:20.919  INFO 530588 --- [ool-69-thread-2] .t.t.s.TourGuideClientRewardsServiceImpl : Service - Distance calculated: 709.2789888335649
2021-11-27 20:34:20.919  INFO 530588 --- [ool-69-thread-2] .t.t.s.TourGuideClientRewardsServiceImpl : Service - Distance calculated: 1513.2824853297502
2021-11-27 20:34:20.919  INFO 530588 --- [ool-69-thread-2] .t.t.s.TourGuideClientRewardsServiceImpl : Service - Distance calculated: 2566.898975508009
2021-11-27 20:34:20.919  INFO 530588 --- [ool-69-thread-2] .t.t.s.TourGuideClientRewardsServiceImpl : Service - Distance calculated: 972.4562812644577
2021-11-27 20:34:20.919  INFO 530588 --- [ool-69-thread-2] .t.t.s.TourGuideClientRewardsServiceImpl : Service - Distance calculated: 248.32977938679872
2021-11-27 20:34:20.919  INFO 530588 --- [ool-69-thread-2] .t.t.s.TourGuideClientRewardsServiceImpl : Service - Distance calculated: 2016.746074793621
2021-11-27 20:34:20.919  INFO 530588 --- [ool-69-thread-2] .t.t.s.TourGuideClientRewardsServiceImpl : Service - Distance calculated: 1236.661409266362
2021-11-27 20:34:20.919  INFO 530588 --- [ool-69-thread-2] .t.t.s.TourGuideClientRewardsServiceImpl : Service - Distance calculated: 194.93220242433569
2021-11-27 20:34:20.919  INFO 530588 --- [ool-69-thread-2] .t.t.s.TourGuideClientRewardsServiceImpl : Service - Distance calculated: 917.4421525450791
2021-11-27 20:34:20.919  INFO 530588 --- [ool-69-thread-2] .t.t.s.TourGuideClientRewardsServiceImpl : Service - Calculate rewards points for user: internalUser18
2021-11-27 20:34:20.918  INFO 530588 --- [ol-131-thread-2] .t.t.s.TourGuideClientRewardsServiceImpl : Service - Distance calculated: 4065.5312330098077
2021-11-27 20:34:20.919  INFO 530588 --- [ol-131-thread-2] .t.t.s.TourGuideClientRewardsServiceImpl : Service - Distance calculated: 5845.658754040667
2021-11-27 20:34:20.919  INFO 530588 --- [ol-131-thread-2] .t.t.s.TourGuideClientRewardsServiceImpl : Service - Distance calculated: 4565.782979264093
2021-11-27 20:34:20.919  INFO 530588 --- [ol-131-thread-2] .t.t.s.TourGuideClientRewardsServiceImpl : Service - Distance calculated: 4355.6126360192675
2021-11-27 20:34:20.919  INFO 530588 --- [ol-131-thread-2] .t.t.s.TourGuideClientRewardsServiceImpl : Service - Distance calculated: 4369.121398676615
2021-11-27 20:34:20.919  INFO 530588 --- [ol-131-thread-2] .t.t.s.TourGuideClientRewardsServiceImpl : Service - Distance calculated: 3586.7415322469446
2021-11-27 20:34:20.919  INFO 530588 --- [ol-131-thread-2] .t.t.s.TourGuideClientRewardsServiceImpl : Service - Distance calculated: 3341.529832535285
2021-11-27 20:34:20.919  INFO 530588 --- [ol-131-thread-2] .t.t.s.TourGuideClientRewardsServiceImpl : Service - Distance calculated: 3735.463445796855
2021-11-27 20:34:20.894  INFO 530588 --- [ol-123-thread-2] .t.t.s.TourGuideClientRewardsServiceImpl : Service - Distance calculated: 7083.372522985229
2021-11-27 20:34:20.894  INFO 530588 --- [ol-100-thread-2] .t.t.s.TourGuideClientRewardsServiceImpl : Service - Distance calculated: 7288.616727888619
2021-11-27 20:34:20.920  INFO 530588 --- [ol-123-thread-2] .t.t.s.TourGuideClientRewardsServiceImpl : Service - Distance calculated: 6163.295625278185
2021-11-27 20:34:20.894  INFO 530588 --- [ol-107-thread-2] .t.t.s.TourGuideClientRewardsServiceImpl : Service - Distance calculated: 5004.059403701573
2021-11-27 20:34:20.920  INFO 530588 --- [ol-100-thread-2] .t.t.s.TourGuideClientRewardsServiceImpl : Service - Distance calculated: 7745.233976650365
2021-11-27 20:34:20.920  INFO 530588 --- [ol-123-thread-2] .t.t.s.TourGuideClientRewardsServiceImpl : Service - Distance calculated: 7945.511168357605
2021-11-27 20:34:20.920  INFO 530588 --- [ol-100-thread-2] .t.t.s.TourGuideClientRewardsServiceImpl : Service - Distance calculated: 8568.78434914092
2021-11-27 20:34:20.894  INFO 530588 --- [ool-44-thread-2] .t.t.s.TourGuideClientRewardsServiceImpl : Service - Distance calculated: 9545.954066104778
2021-11-27 20:34:20.920  INFO 530588 --- [ol-123-thread-2] .t.t.s.TourGuideClientRewardsServiceImpl : Service - Distance calculated: 7294.60562356563
2021-11-27 20:34:20.920  INFO 530588 --- [ol-100-thread-2] .t.t.s.TourGuideClientRewardsServiceImpl : Service - Distance calculated: 8744.682099561249
2021-11-27 20:34:20.920  INFO 530588 --- [ool-44-thread-2] .t.t.s.TourGuideClientRewardsServiceImpl : Service - Distance calculated: 9307.794284230695
2021-11-27 20:34:20.920  INFO 530588 --- [ol-100-thread-2] .t.t.s.TourGuideClientRewardsServiceImpl : Service - Distance calculated: 7753.129532786111
2021-11-27 20:34:20.920  INFO 530588 --- [ool-44-thread-2] .t.t.s.TourGuideClientRewardsServiceImpl : Service - Distance calculated: 10029.113542321844
2021-11-27 20:34:20.920  INFO 530588 --- [ol-100-thread-2] .t.t.s.TourGuideClientRewardsServiceImpl : Service - Distance calculated: 7137.904054510763
2021-11-27 20:34:20.920  INFO 530588 --- [ool-44-thread-2] .t.t.s.TourGuideClientRewardsServiceImpl : Service - Distance calculated: 9835.835797098362
2021-11-27 20:34:20.894  INFO 530588 --- [ool-97-thread-2] .t.t.s.TourGuideClientRewardsServiceImpl : Service - Distance calculated: 11400.416401226525
2021-11-27 20:34:20.920  INFO 530588 --- [ool-44-thread-2] .t.t.s.TourGuideClientRewardsServiceImpl : Service - Distance calculated: 9840.02807296934
2021-11-27 20:34:20.920  INFO 530588 --- [ool-97-thread-2] .t.t.s.TourGuideClientRewardsServiceImpl : Service - Distance calculated: 11383.17893504246
2021-11-27 20:34:20.920  INFO 530588 --- [ool-44-thread-2] .t.t.s.TourGuideClientRewardsServiceImpl : Service - Distance calculated: 9017.19945713264
2021-11-27 20:34:20.920  INFO 530588 --- [ool-97-thread-2] .t.t.s.TourGuideClientRewardsServiceImpl : Service - Distance calculated: 10788.496719802088
2021-11-27 20:34:20.920  INFO 530588 --- [ool-44-thread-2] .t.t.s.TourGuideClientRewardsServiceImpl : Service - Distance calculated: 8754.831122720523
2021-11-27 20:34:20.920  INFO 530588 --- [ool-97-thread-2] .t.t.s.TourGuideClientRewardsServiceImpl : Service - Distance calculated: 10762.736315772936
2021-11-27 20:34:20.920  INFO 530588 --- [ool-44-thread-2] .t.t.s.TourGuideClientRewardsServiceImpl : Service - Distance calculated: 9214.225949831316
2021-11-27 20:34:20.920  INFO 530588 --- [ool-97-thread-2] .t.t.s.TourGuideClientRewardsServiceImpl : Service - Distance calculated: 11569.147370066185
2021-11-27 20:34:20.920  INFO 530588 --- [ool-97-thread-2] .t.t.s.TourGuideClientRewardsServiceImpl : Service - Distance calculated: 11813.166261895216
2021-11-27 20:34:20.920  INFO 530588 --- [ool-97-thread-2] .t.t.s.TourGuideClientRewardsServiceImpl : Service - Distance calculated: 10871.043553476422
2021-11-27 20:34:20.920  INFO 530588 --- [ool-97-thread-2] .t.t.s.TourGuideClientRewardsServiceImpl : Service - Distance calculated: 10772.874962272597
2021-11-27 20:34:20.920  INFO 530588 --- [ool-97-thread-2] .t.t.s.TourGuideClientRewardsServiceImpl : Service - Distance calculated: 3971.919967581653
2021-11-27 20:34:20.920  INFO 530588 --- [ool-97-thread-2] .t.t.s.TourGuideClientRewardsServiceImpl : Service - Distance calculated: 3254.6016599879554
2021-11-27 20:34:20.920  INFO 530588 --- [ool-97-thread-2] .t.t.s.TourGuideClientRewardsServiceImpl : Service - Distance calculated: 3864.760196413894
2021-11-27 20:34:20.920  INFO 530588 --- [ool-97-thread-2] .t.t.s.TourGuideClientRewardsServiceImpl : Service - Distance calculated: 3953.7821308671614
2021-11-27 20:34:20.920  INFO 530588 --- [ool-97-thread-2] .t.t.s.TourGuideClientRewardsServiceImpl : Service - Distance calculated: 3648.6174200858104
2021-11-27 20:34:20.920  INFO 530588 --- [ool-97-thread-2] .t.t.s.TourGuideClientRewardsServiceImpl : Service - Distance calculated: 3750.90539790473
2021-11-27 20:34:20.920  INFO 530588 --- [ool-97-thread-2] .t.t.s.TourGuideClientRewardsServiceImpl : Service - Distance calculated: 4055.6700995206184
2021-11-27 20:34:20.920  INFO 530588 --- [ool-97-thread-2] .t.t.s.TourGuideClientRewardsServiceImpl : Service - Distance calculated: 3307.6872354631187
2021-11-27 20:34:20.920  INFO 530588 --- [ool-97-thread-2] .t.t.s.TourGuideClientRewardsServiceImpl : Service - Distance calculated: 3511.051129692285
2021-11-27 20:34:20.920  INFO 530588 --- [ool-97-thread-2] .t.t.s.TourGuideClientRewardsServiceImpl : Service - Distance calculated: 2280.781502606004
2021-11-27 20:34:20.920  INFO 530588 --- [ool-97-thread-2] .t.t.s.TourGuideClientRewardsServiceImpl : Service - Distance calculated: 3198.645099086693
2021-11-27 20:34:20.920  INFO 530588 --- [ool-97-thread-2] .t.t.s.TourGuideClientRewardsServiceImpl : Service - Distance calculated: 3290.6177678898525
2021-11-27 20:34:20.920  INFO 530588 --- [ool-97-thread-2] .t.t.s.TourGuideClientRewardsServiceImpl : Service - Distance calculated: 3343.9916140119426
2021-11-27 20:34:20.920  INFO 530588 --- [ool-97-thread-2] .t.t.s.TourGuideClientRewardsServiceImpl : Service - Distance calculated: 4187.752297572569
2021-11-27 20:34:20.920  INFO 530588 --- [ool-97-thread-2] .t.t.s.TourGuideClientRewardsServiceImpl : Service - Distance calculated: 4074.0144986683626
2021-11-27 20:34:20.920  INFO 530588 --- [ool-97-thread-2] .t.t.s.TourGuideClientRewardsServiceImpl : Service - Distance calculated: 3803.299519291149
2021-11-27 20:34:20.920  INFO 530588 --- [ool-97-thread-2] .t.t.s.TourGuideClientRewardsServiceImpl : Service - Distance calculated: 4019.864179135914
2021-11-27 20:34:20.920  INFO 530588 --- [ool-97-thread-2] .t.t.s.TourGuideClientRewardsServiceImpl : Service - Distance calculated: 3590.7019324444323
2021-11-27 20:34:20.920  INFO 530588 --- [ool-97-thread-2] .t.t.s.TourGuideClientRewardsServiceImpl : Service - Distance calculated: 4041.9159389988486
2021-11-27 20:34:20.920  INFO 530588 --- [ool-97-thread-2] .t.t.s.TourGuideClientRewardsServiceImpl : Service - Distance calculated: 4040.892425742822
2021-11-27 20:34:20.920  INFO 530588 --- [ool-97-thread-2] .t.t.s.TourGuideClientRewardsServiceImpl : Service - Distance calculated: 4125.982990012074
2021-11-27 20:34:20.920  INFO 530588 --- [ool-97-thread-2] .t.t.s.TourGuideClientRewardsServiceImpl : Service - Distance calculated: 3073.846155284558
2021-11-27 20:34:20.920  INFO 530588 --- [ool-97-thread-2] .t.t.s.TourGuideClientRewardsServiceImpl : Service - Distance calculated: 4033.1482709334514
2021-11-27 20:34:20.920  INFO 530588 --- [ool-97-thread-2] .t.t.s.TourGuideClientRewardsServiceImpl : Service - Distance calculated: 3453.921431212117
2021-11-27 20:34:20.920  INFO 530588 --- [ool-97-thread-2] .t.t.s.TourGuideClientRewardsServiceImpl : Service - Distance calculated: 3190.2578459199462
2021-11-27 20:34:20.920  INFO 530588 --- [ool-97-thread-2] .t.t.s.TourGuideClientRewardsServiceImpl : Service - Distance calculated: 4092.2771531041526
2021-11-27 20:34:20.920  INFO 530588 --- [ool-97-thread-2] .t.t.s.TourGuideClientRewardsServiceImpl : Service - Calculate rewards points for user: internalUser23
2021-11-27 20:34:20.894  INFO 530588 --- [ool-65-thread-2] .t.t.s.TourGuideClientRewardsServiceImpl : Service - Distance calculated: 9636.920149881475
2021-11-27 20:34:20.920  INFO 530588 --- [ool-65-thread-2] .t.t.s.TourGuideClientRewardsServiceImpl : Service - Distance calculated: 8662.679703145688
2021-11-27 20:34:20.920  INFO 530588 --- [ool-65-thread-2] .t.t.s.TourGuideClientRewardsServiceImpl : Service - Distance calculated: 10312.50220745333
2021-11-27 20:34:20.920  INFO 530588 --- [ool-65-thread-2] .t.t.s.TourGuideClientRewardsServiceImpl : Service - Distance calculated: 10169.686266949146
2021-11-27 20:34:20.920  INFO 530588 --- [ool-65-thread-2] .t.t.s.TourGuideClientRewardsServiceImpl : Service - Distance calculated: 8093.678712889159
2021-11-27 20:34:20.920  INFO 530588 --- [ool-65-thread-2] .t.t.s.TourGuideClientRewardsServiceImpl : Service - Distance calculated: 10756.875857845002
2021-11-27 20:34:20.920  INFO 530588 --- [ool-65-thread-2] .t.t.s.TourGuideClientRewardsServiceImpl : Service - Distance calculated: 10462.857190177818
2021-11-27 20:34:20.920  INFO 530588 --- [ool-65-thread-2] .t.t.s.TourGuideClientRewardsServiceImpl : Service - Distance calculated: 10572.927942251126
2021-11-27 20:34:20.920  INFO 530588 --- [ool-65-thread-2] .t.t.s.TourGuideClientRewardsServiceImpl : Service - Distance calculated: 10061.81923848768
2021-11-27 20:34:20.920  INFO 530588 --- [ool-65-thread-2] .t.t.s.TourGuideClientRewardsServiceImpl : Service - Distance calculated: 9261.443070461435
2021-11-27 20:34:20.921  INFO 530588 --- [ool-65-thread-2] .t.t.s.TourGuideClientRewardsServiceImpl : Service - Distance calculated: 9885.551198351224
2021-11-27 20:34:20.921  INFO 530588 --- [ool-65-thread-2] .t.t.s.TourGuideClientRewardsServiceImpl : Service - Distance calculated: 9608.327641837632
2021-11-27 20:34:20.921  INFO 530588 --- [ool-65-thread-2] .t.t.s.TourGuideClientRewardsServiceImpl : Service - Distance calculated: 10149.441857418076
2021-11-27 20:34:20.921  INFO 530588 --- [ool-65-thread-2] .t.t.s.TourGuideClientRewardsServiceImpl : Service - Distance calculated: 9344.989542571884
2021-11-27 20:34:20.894  INFO 530588 --- [ool-46-thread-2] .t.t.s.TourGuideClientRewardsServiceImpl : Service - Distance calculated: 5310.98117916935
2021-11-27 20:34:20.922  INFO 530588 --- [ool-65-thread-2] .t.t.s.TourGuideClientRewardsServiceImpl : Service - Distance calculated: 8351.80760449844
2021-11-27 20:34:20.894  INFO 530588 --- [ool-73-thread-2] .t.t.s.TourGuideClientRewardsServiceImpl : Service - Distance calculated: 3415.0733448461847
2021-11-27 20:34:20.894  INFO 530588 --- [ol-117-thread-2] .t.t.s.TourGuideClientRewardsServiceImpl : Service - Distance calculated: 2618.800393012854
2021-11-27 20:34:20.923  INFO 530588 --- [ol-117-thread-2] .t.t.s.TourGuideClientRewardsServiceImpl : Service - Distance calculated: 4629.681755158705
2021-11-27 20:34:20.923  INFO 530588 --- [ol-117-thread-2] .t.t.s.TourGuideClientRewardsServiceImpl : Service - Distance calculated: 3850.199308292835
2021-11-27 20:34:20.923  INFO 530588 --- [ol-117-thread-2] .t.t.s.TourGuideClientRewardsServiceImpl : Service - Distance calculated: 2752.997306628708
2021-11-27 20:34:20.923  INFO 530588 --- [ol-117-thread-2] .t.t.s.TourGuideClientRewardsServiceImpl : Service - Distance calculated: 3271.4244178515755
2021-11-27 20:34:20.923  INFO 530588 --- [ol-117-thread-2] .t.t.s.TourGuideClientRewardsServiceImpl : Service - Distance calculated: 11478.320061877732
2021-11-27 20:34:20.923  INFO 530588 --- [ool-65-thread-2] .t.t.s.TourGuideClientRewardsServiceImpl : Service - Distance calculated: 9981.859863671758
2021-11-27 20:34:20.923  INFO 530588 --- [ool-65-thread-2] .t.t.s.TourGuideClientRewardsServiceImpl : Service - Distance calculated: 10920.311647557723
2021-11-27 20:34:20.923  INFO 530588 --- [ool-65-thread-2] .t.t.s.TourGuideClientRewardsServiceImpl : Service - Distance calculated: 8859.726107915696
2021-11-27 20:34:20.923  INFO 530588 --- [ool-65-thread-2] .t.t.s.TourGuideClientRewardsServiceImpl : Service - Distance calculated: 9676.393788301897
2021-11-27 20:34:20.923  INFO 530588 --- [ool-65-thread-2] .t.t.s.TourGuideClientRewardsServiceImpl : Service - Distance calculated: 10764.241461925203
2021-11-27 20:34:20.923  INFO 530588 --- [ool-65-thread-2] .t.t.s.TourGuideClientRewardsServiceImpl : Service - Distance calculated: 10042.605247557796
2021-11-27 20:34:20.923  INFO 530588 --- [ool-65-thread-2] .t.t.s.TourGuideClientRewardsServiceImpl : Service - Distance calculated: 7181.15800190667
2021-11-27 20:34:20.923  INFO 530588 --- [ool-65-thread-2] .t.t.s.TourGuideClientRewardsServiceImpl : Service - Distance calculated: 7808.511721164656
2021-11-27 20:34:20.923  INFO 530588 --- [ool-65-thread-2] .t.t.s.TourGuideClientRewardsServiceImpl : Service - Distance calculated: 7254.941232644049
2021-11-27 20:34:20.923  INFO 530588 --- [ool-65-thread-2] .t.t.s.TourGuideClientRewardsServiceImpl : Service - Distance calculated: 7171.15715521389
2021-11-27 20:34:20.923  INFO 530588 --- [ool-65-thread-2] .t.t.s.TourGuideClientRewardsServiceImpl : Service - Distance calculated: 7256.185177410315
2021-11-27 20:34:20.923  INFO 530588 --- [ool-65-thread-2] .t.t.s.TourGuideClientRewardsServiceImpl : Service - Distance calculated: 7154.697332844509
2021-11-27 20:34:20.894  INFO 530588 --- [ol-138-thread-2] .t.t.s.TourGuideClientRewardsServiceImpl : Service - Distance calculated: 2927.7126398763144
2021-11-27 20:34:20.923  INFO 530588 --- [ol-138-thread-2] .t.t.s.TourGuideClientRewardsServiceImpl : Service - Distance calculated: 2847.74390741578
2021-11-27 20:34:20.923  INFO 530588 --- [ol-138-thread-2] .t.t.s.TourGuideClientRewardsServiceImpl : Service - Distance calculated: 3198.5310450185757
2021-11-27 20:34:20.924  INFO 530588 --- [ol-138-thread-2] .t.t.s.TourGuideClientRewardsServiceImpl : Service - Distance calculated: 4390.247288876056
2021-11-27 20:34:20.924  INFO 530588 --- [ol-138-thread-2] .t.t.s.TourGuideClientRewardsServiceImpl : Service - Distance calculated: 2408.0688736364386
2021-11-27 20:34:20.924  INFO 530588 --- [ol-138-thread-2] .t.t.s.TourGuideClientRewardsServiceImpl : Service - Distance calculated: 2839.064391590639
2021-11-27 20:34:20.924  INFO 530588 --- [ol-138-thread-2] .t.t.s.TourGuideClientRewardsServiceImpl : Service - Distance calculated: 3774.383688048256
2021-11-27 20:34:20.924  INFO 530588 --- [ol-138-thread-2] .t.t.s.TourGuideClientRewardsServiceImpl : Service - Distance calculated: 3423.0542840108897
2021-11-27 20:34:20.924  INFO 530588 --- [ol-138-thread-2] .t.t.s.TourGuideClientRewardsServiceImpl : Service - Distance calculated: 2807.7160274835555
2021-11-27 20:34:20.924  INFO 530588 --- [ol-138-thread-2] .t.t.s.TourGuideClientRewardsServiceImpl : Service - Distance calculated: 2386.1407809559023
2021-11-27 20:34:20.924  INFO 530588 --- [ol-138-thread-2] .t.t.s.TourGuideClientRewardsServiceImpl : Service - Distance calculated: 8203.499515798687
2021-11-27 20:34:20.924  INFO 530588 --- [ol-138-thread-2] .t.t.s.TourGuideClientRewardsServiceImpl : Service - Distance calculated: 7440.725341417905
2021-11-27 20:34:20.924  INFO 530588 --- [ol-138-thread-2] .t.t.s.TourGuideClientRewardsServiceImpl : Service - Distance calculated: 8074.094094003358
2021-11-27 20:34:20.924  INFO 530588 --- [ol-138-thread-2] .t.t.s.TourGuideClientRewardsServiceImpl : Service - Distance calculated: 8163.568079427017
2021-11-27 20:34:20.924  INFO 530588 --- [ol-138-thread-2] .t.t.s.TourGuideClientRewardsServiceImpl : Service - Distance calculated: 7400.544541148166
2021-11-27 20:34:20.924  INFO 530588 --- [ol-138-thread-2] .t.t.s.TourGuideClientRewardsServiceImpl : Service - Distance calculated: 7489.266822591823
2021-11-27 20:34:20.924  INFO 530588 --- [ol-138-thread-2] .t.t.s.TourGuideClientRewardsServiceImpl : Service - Distance calculated: 8174.833631409521
2021-11-27 20:34:20.894  INFO 530588 --- [ol-115-thread-2] .t.t.s.TourGuideClientRewardsServiceImpl : Service - Distance calculated: 10487.380791907939
2021-11-27 20:34:20.895  INFO 530588 --- [ool-82-thread-2] .t.t.s.TourGuideClientRewardsServiceImpl : Service - Distance calculated: 2616.26181958595
2021-11-27 20:34:20.895  INFO 530588 --- [ool-48-thread-2] .t.t.s.TourGuideClientRewardsServiceImpl : Service - Distance calculated: 6479.323821716749
2021-11-27 20:34:20.924  INFO 530588 --- [ool-48-thread-2] .t.t.s.TourGuideClientRewardsServiceImpl : Service - Distance calculated: 6406.287570510206
2021-11-27 20:34:20.924  INFO 530588 --- [ool-82-thread-2] .t.t.s.TourGuideClientRewardsServiceImpl : Service - Distance calculated: 2577.4159367595526
2021-11-27 20:34:20.924  INFO 530588 --- [ool-82-thread-2] .t.t.s.TourGuideClientRewardsServiceImpl : Service - Distance calculated: 3891.6201718337115
2021-11-27 20:34:20.924  INFO 530588 --- [ool-82-thread-2] .t.t.s.TourGuideClientRewardsServiceImpl : Service - Distance calculated: 3880.004282049389
2021-11-27 20:34:20.924  INFO 530588 --- [ool-82-thread-2] .t.t.s.TourGuideClientRewardsServiceImpl : Service - Distance calculated: 2878.3073795967557
2021-11-27 20:34:20.896  INFO 530588 --- [ol-118-thread-2] .t.t.s.TourGuideClientRewardsServiceImpl : Service - Distance calculated: 3301.6407253623074
2021-11-27 20:34:20.896  INFO 530588 --- [ool-95-thread-2] .t.t.s.TourGuideClientRewardsServiceImpl : Service - Distance calculated: 8498.292405198188
2021-11-27 20:34:20.924  INFO 530588 --- [ol-118-thread-2] .t.t.s.TourGuideClientRewardsServiceImpl : Service - Distance calculated: 1589.736750130597
2021-11-27 20:34:20.896 DEBUG 530588 --- [    Test worker] c.t.t.s.TourGuideClientServiceImpl       : Service - Visited location added for user: internalUser56
2021-11-27 20:34:20.924  INFO 530588 --- [ol-118-thread-2] .t.t.s.TourGuideClientRewardsServiceImpl : Service - Distance calculated: 751.1082160147026
2021-11-27 20:34:20.896  INFO 530588 --- [ol-134-thread-2] .t.t.s.TourGuideClientRewardsServiceImpl : Service - Distance calculated: 3296.1431864454808
2021-11-27 20:34:20.924  INFO 530588 --- [ol-118-thread-2] .t.t.s.TourGuideClientRewardsServiceImpl : Service - Distance calculated: 2756.708851511819
2021-11-27 20:34:20.924  INFO 530588 --- [ol-134-thread-2] .t.t.s.TourGuideClientRewardsServiceImpl : Service - Distance calculated: 2868.401809878409
2021-11-27 20:34:20.924  INFO 530588 --- [ol-118-thread-2] .t.t.s.TourGuideClientRewardsServiceImpl : Service - Distance calculated: 1968.5253087315891
2021-11-27 20:34:20.924  INFO 530588 --- [ol-134-thread-2] .t.t.s.TourGuideClientRewardsServiceImpl : Service - Distance calculated: 2936.6617065512028
2021-11-27 20:34:20.924  INFO 530588 --- [ol-134-thread-2] .t.t.s.TourGuideClientRewardsServiceImpl : Service - Distance calculated: 3700.977353760511
2021-11-27 20:34:20.896  INFO 530588 --- [ool-57-thread-2] .t.t.s.TourGuideClientRewardsServiceImpl : Service - Distance calculated: 9863.567963444095
2021-11-27 20:34:20.924  INFO 530588 --- [ol-134-thread-2] .t.t.s.TourGuideClientRewardsServiceImpl : Service - Distance calculated: 6376.056857404209
2021-11-27 20:34:20.896  INFO 530588 --- [ool-64-thread-2] .t.t.s.TourGuideClientRewardsServiceImpl : Service - Distance calculated: 6842.376337012012
2021-11-27 20:34:20.924  INFO 530588 --- [ool-57-thread-2] .t.t.s.TourGuideClientRewardsServiceImpl : Service - Distance calculated: 10430.07934976889
2021-11-27 20:34:20.896  INFO 530588 --- [ol-109-thread-2] .t.t.s.TourGuideClientRewardsServiceImpl : Service - Distance calculated: 8767.059877385233
2021-11-27 20:34:20.924  INFO 530588 --- [ool-57-thread-2] .t.t.s.TourGuideClientRewardsServiceImpl : Service - Distance calculated: 9639.85817628003
2021-11-27 20:34:20.924  INFO 530588 --- [ool-64-thread-2] .t.t.s.TourGuideClientRewardsServiceImpl : Service - Distance calculated: 6592.30703380725
2021-11-27 20:34:20.925  INFO 530588 --- [ool-57-thread-2] .t.t.s.TourGuideClientRewardsServiceImpl : Service - Distance calculated: 8781.236703825876
2021-11-27 20:34:20.925  INFO 530588 --- [ol-109-thread-2] .t.t.s.TourGuideClientRewardsServiceImpl : Service - Distance calculated: 8638.221879128092
2021-11-27 20:34:20.925  INFO 530588 --- [ool-64-thread-2] .t.t.s.TourGuideClientRewardsServiceImpl : Service - Distance calculated: 6566.908139553869
2021-11-27 20:34:20.896  INFO 530588 --- [ool-43-thread-2] .t.t.s.TourGuideClientRewardsServiceImpl : Service - Distance calculated: 8348.438213697567
2021-11-27 20:34:20.925  INFO 530588 --- [ol-109-thread-2] .t.t.s.TourGuideClientRewardsServiceImpl : Service - Distance calculated: 8572.727242318628
2021-11-27 20:34:20.925  INFO 530588 --- [ool-43-thread-2] .t.t.s.TourGuideClientRewardsServiceImpl : Service - Distance calculated: 8215.72738243518
2021-11-27 20:34:20.925  INFO 530588 --- [ool-64-thread-2] .t.t.s.TourGuideClientRewardsServiceImpl : Service - Distance calculated: 7857.621631707062
2021-11-27 20:34:20.896  INFO 530588 --- [ol-103-thread-2] .t.t.s.TourGuideClientRewardsServiceImpl : Service - Distance calculated: 8295.208859485001
2021-11-27 20:34:20.896  INFO 530588 --- [ool-88-thread-2] .t.t.s.TourGuideClientRewardsServiceImpl : Service - Distance calculated: 3033.7281696227183
2021-11-27 20:34:20.900  INFO 530588 --- [ool-85-thread-2] .t.t.s.TourGuideClientRewardsServiceImpl : Service - Distance calculated: 8088.059624427049
2021-11-27 20:34:20.904  INFO 530588 --- [ool-83-thread-2] .t.t.s.TourGuideClientRewardsServiceImpl : Service - Distance calculated: 5016.550722771912
2021-11-27 20:34:20.925  INFO 530588 --- [ool-88-thread-2] .t.t.s.TourGuideClientRewardsServiceImpl : Service - Distance calculated: 2132.5862942545286
2021-11-27 20:34:20.925  INFO 530588 --- [ool-83-thread-2] .t.t.s.TourGuideClientRewardsServiceImpl : Service - Distance calculated: 3936.8095737748354
2021-11-27 20:34:20.925  INFO 530588 --- [ool-88-thread-2] .t.t.s.TourGuideClientRewardsServiceImpl : Service - Distance calculated: 3056.5902899877337
2021-11-27 20:34:20.904  INFO 530588 --- [ool-56-thread-2] .t.t.s.TourGuideClientRewardsServiceImpl : Service - Distance calculated: 7852.971080065574
2021-11-27 20:34:20.925  INFO 530588 --- [ool-88-thread-2] .t.t.s.TourGuideClientRewardsServiceImpl : Service - Distance calculated: 6274.9586667318345
2021-11-27 20:34:20.925  INFO 530588 --- [ool-56-thread-2] .t.t.s.TourGuideClientRewardsServiceImpl : Service - Distance calculated: 8971.883526576486
2021-11-27 20:34:20.925  INFO 530588 --- [ool-88-thread-2] .t.t.s.TourGuideClientRewardsServiceImpl : Service - Distance calculated: 6317.765685317683
2021-11-27 20:34:20.925  INFO 530588 --- [ool-88-thread-2] .t.t.s.TourGuideClientRewardsServiceImpl : Service - Distance calculated: 6361.135155406484
2021-11-27 20:34:20.925  INFO 530588 --- [ool-88-thread-2] .t.t.s.TourGuideClientRewardsServiceImpl : Service - Distance calculated: 6378.408529650829
2021-11-27 20:34:20.925  INFO 530588 --- [ool-56-thread-2] .t.t.s.TourGuideClientRewardsServiceImpl : Service - Distance calculated: 7052.95411001424
2021-11-27 20:34:20.907  INFO 530588 --- [ool-51-thread-2] .t.t.s.TourGuideClientRewardsServiceImpl : Service - Distance calculated: 3274.1076748405308
2021-11-27 20:34:20.925  INFO 530588 --- [ool-56-thread-2] .t.t.s.TourGuideClientRewardsServiceImpl : Service - Distance calculated: 7874.644830664626
2021-11-27 20:34:20.907  INFO 530588 --- [ol-130-thread-2] .t.t.s.TourGuideClientRewardsServiceImpl : Service - Distance calculated: 5853.90694819562
2021-11-27 20:34:20.925  INFO 530588 --- [ol-130-thread-2] .t.t.s.TourGuideClientRewardsServiceImpl : Service - Distance calculated: 7191.539109488396
2021-11-27 20:34:20.925  INFO 530588 --- [ol-130-thread-2] .t.t.s.TourGuideClientRewardsServiceImpl : Service - Distance calculated: 7870.584325517883
2021-11-27 20:34:20.925  INFO 530588 --- [ool-56-thread-2] .t.t.s.TourGuideClientRewardsServiceImpl : Service - Distance calculated: 8796.599739627434
2021-11-27 20:34:20.925  INFO 530588 --- [ol-130-thread-2] .t.t.s.TourGuideClientRewardsServiceImpl : Service - Distance calculated: 7282.768003261377
2021-11-27 20:34:20.925  INFO 530588 --- [ool-56-thread-2] .t.t.s.TourGuideClientRewardsServiceImpl : Service - Distance calculated: 7911.459649865609
2021-11-27 20:34:20.907  INFO 530588 --- [ol-122-thread-2] .t.t.s.TourGuideClientRewardsServiceImpl : Service - Distance calculated: 6299.375257220239
2021-11-27 20:34:20.925  INFO 530588 --- [ool-56-thread-2] .t.t.s.TourGuideClientRewardsServiceImpl : Service - Distance calculated: 6688.534400214145
2021-11-27 20:34:20.907  INFO 530588 --- [ool-68-thread-2] .t.t.s.TourGuideClientRewardsServiceImpl : Service - Distance calculated: 7162.779024182521
2021-11-27 20:34:20.925  INFO 530588 --- [ol-122-thread-2] .t.t.s.TourGuideClientRewardsServiceImpl : Service - Distance calculated: 6437.7509432405495
2021-11-27 20:34:20.925  INFO 530588 --- [ol-122-thread-2] .t.t.s.TourGuideClientRewardsServiceImpl : Service - Distance calculated: 6335.546181638765
2021-11-27 20:34:20.907  INFO 530588 --- [ool-61-thread-2] .t.t.s.TourGuideClientRewardsServiceImpl : Service - Distance calculated: 9385.185021353742
2021-11-27 20:34:20.925  INFO 530588 --- [ool-68-thread-2] .t.t.s.TourGuideClientRewardsServiceImpl : Service - Distance calculated: 6214.37832442115
2021-11-27 20:34:20.907  INFO 530588 --- [ool-70-thread-2] .t.t.s.TourGuideClientRewardsServiceImpl : Service - Distance calculated: 4290.978522922185
2021-11-27 20:34:20.925  INFO 530588 --- [ool-61-thread-2] .t.t.s.TourGuideClientRewardsServiceImpl : Service - Distance calculated: 9342.167629708792
2021-11-27 20:34:20.925  INFO 530588 --- [ool-61-thread-2] .t.t.s.TourGuideClientRewardsServiceImpl : Service - Distance calculated: 10013.671657535086
2021-11-27 20:34:20.907  INFO 530588 --- [ol-104-thread-2] .t.t.s.TourGuideClientRewardsServiceImpl : Service - Distance calculated: 2010.355657276386
2021-11-27 20:34:20.925  INFO 530588 --- [ool-68-thread-2] .t.t.s.TourGuideClientRewardsServiceImpl : Service - Distance calculated: 3988.511094942573
2021-11-27 20:34:20.925  INFO 530588 --- [ol-104-thread-2] .t.t.s.TourGuideClientRewardsServiceImpl : Service - Distance calculated: 2325.4971703686497
2021-11-27 20:34:20.907  INFO 530588 --- [ol-137-thread-2] .t.t.s.TourGuideClientRewardsServiceImpl : Service - Distance calculated: 8316.570891149868
2021-11-27 20:34:20.925  INFO 530588 --- [ol-104-thread-2] .t.t.s.TourGuideClientRewardsServiceImpl : Service - Distance calculated: 2417.3302718562068
2021-11-27 20:34:20.925  INFO 530588 --- [ol-137-thread-2] .t.t.s.TourGuideClientRewardsServiceImpl : Service - Distance calculated: 6777.0843893046995
2021-11-27 20:34:20.925  INFO 530588 --- [ol-104-thread-2] .t.t.s.TourGuideClientRewardsServiceImpl : Service - Distance calculated: 805.0750550257495
2021-11-27 20:34:20.907  INFO 530588 --- [ool-71-thread-2] .t.t.s.TourGuideClientRewardsServiceImpl : Service - Distance calculated: 10375.945709847465
2021-11-27 20:34:20.925  INFO 530588 --- [ol-104-thread-2] .t.t.s.TourGuideClientRewardsServiceImpl : Service - Distance calculated: 2582.265319836213
2021-11-27 20:34:20.925  INFO 530588 --- [ol-104-thread-2] .t.t.s.TourGuideClientRewardsServiceImpl : Service - Distance calculated: 2430.124198130858
2021-11-27 20:34:20.907  INFO 530588 --- [ool-81-thread-2] .t.t.s.TourGuideClientRewardsServiceImpl : Service - Distance calculated: 4116.433339388942
2021-11-27 20:34:20.925  INFO 530588 --- [ol-104-thread-2] .t.t.s.TourGuideClientRewardsServiceImpl : Service - Distance calculated: 2569.273080515282
2021-11-27 20:34:20.925  INFO 530588 --- [ool-81-thread-2] .t.t.s.TourGuideClientRewardsServiceImpl : Service - Distance calculated: 4329.66296297562
2021-11-27 20:34:20.907  INFO 530588 --- [ol-140-thread-2] .t.t.s.TourGuideClientRewardsServiceImpl : Service - Distance calculated: 5291.661570055752
2021-11-27 20:34:20.907  INFO 530588 --- [ol-120-thread-2] .t.t.s.TourGuideClientRewardsServiceImpl : Service - Distance calculated: 4666.945381162592
2021-11-27 20:34:20.925  INFO 530588 --- [ool-81-thread-2] .t.t.s.TourGuideClientRewardsServiceImpl : Service - Distance calculated: 3738.9871623782337
2021-11-27 20:34:20.925  INFO 530588 --- [ol-140-thread-2] .t.t.s.TourGuideClientRewardsServiceImpl : Service - Distance calculated: 4759.05719134098
2021-11-27 20:34:20.925  INFO 530588 --- [ol-140-thread-2] .t.t.s.TourGuideClientRewardsServiceImpl : Service - Distance calculated: 5659.144306435717
2021-11-27 20:34:20.925  INFO 530588 --- [ool-71-thread-2] .t.t.s.TourGuideClientRewardsServiceImpl : Service - Distance calculated: 10279.79314321947
2021-11-27 20:34:20.926  INFO 530588 --- [ol-140-thread-2] .t.t.s.TourGuideClientRewardsServiceImpl : Service - Distance calculated: 4788.219593744159
2021-11-27 20:34:20.925  INFO 530588 --- [ool-81-thread-2] .t.t.s.TourGuideClientRewardsServiceImpl : Service - Distance calculated: 3844.832349535218
2021-11-27 20:34:20.926  INFO 530588 --- [ol-140-thread-2] .t.t.s.TourGuideClientRewardsServiceImpl : Service - Distance calculated: 5038.143039837903
2021-11-27 20:34:20.926  INFO 530588 --- [ol-140-thread-2] .t.t.s.TourGuideClientRewardsServiceImpl : Service - Distance calculated: 4761.377447222602
2021-11-27 20:34:20.926  INFO 530588 --- [ool-71-thread-2] .t.t.s.TourGuideClientRewardsServiceImpl : Service - Distance calculated: 11355.417942430844
2021-11-27 20:34:20.907  INFO 530588 --- [ool-67-thread-2] .t.t.s.TourGuideClientRewardsServiceImpl : Service - Distance calculated: 6544.159808896518
2021-11-27 20:34:20.908  INFO 530588 --- [ool-72-thread-2] .t.t.s.TourGuideClientRewardsServiceImpl : Service - Distance calculated: 6079.542373355727
2021-11-27 20:34:20.926  INFO 530588 --- [ool-67-thread-2] .t.t.s.TourGuideClientRewardsServiceImpl : Service - Distance calculated: 7667.685384400443
2021-11-27 20:34:20.909  INFO 530588 --- [ool-89-thread-2] .t.t.s.TourGuideClientRewardsServiceImpl : Service - Distance calculated: 11199.06741163961
2021-11-27 20:34:20.911  INFO 530588 --- [ool-96-thread-2] .t.t.s.TourGuideClientRewardsServiceImpl : Service - Distance calculated: 3048.844401792441
2021-11-27 20:34:20.926  INFO 530588 --- [ool-89-thread-2] .t.t.s.TourGuideClientRewardsServiceImpl : Service - Distance calculated: 10351.126020439613
2021-11-27 20:34:20.911  INFO 530588 --- [ool-45-thread-2] .t.t.s.TourGuideClientRewardsServiceImpl : Service - Distance calculated: 7237.9900850028125
2021-11-27 20:34:20.926  INFO 530588 --- [ool-96-thread-2] .t.t.s.TourGuideClientRewardsServiceImpl : Service - Distance calculated: 2547.9128314054033
2021-11-27 20:34:20.911  INFO 530588 --- [ool-54-thread-2] .t.t.s.TourGuideClientRewardsServiceImpl : Service - Distance calculated: 115.99464245531166
2021-11-27 20:34:20.911  INFO 530588 --- [ol-113-thread-2] .t.t.s.TourGuideClientRewardsServiceImpl : Service - Distance calculated: 10580.215799002854
2021-11-27 20:34:20.912  INFO 530588 --- [ool-74-thread-2] .t.t.s.TourGuideClientRewardsServiceImpl : Service - Distance calculated: 11866.96849734338
2021-11-27 20:34:20.926  INFO 530588 --- [ool-54-thread-2] .t.t.s.TourGuideClientRewardsServiceImpl : Service - Distance calculated: 1428.8577204882306
2021-11-27 20:34:20.913  INFO 530588 --- [ool-55-thread-2] .t.t.s.TourGuideClientRewardsServiceImpl : Service - Distance calculated: 6143.638962569828
2021-11-27 20:34:20.926  INFO 530588 --- [ool-55-thread-2] .t.t.s.TourGuideClientRewardsServiceImpl : Service - Distance calculated: 6389.169871696969
2021-11-27 20:34:20.926  INFO 530588 --- [ool-54-thread-2] .t.t.s.TourGuideClientRewardsServiceImpl : Service - Distance calculated: 1418.571827418631
2021-11-27 20:34:20.913  INFO 530588 --- [ol-111-thread-2] .t.t.s.TourGuideClientRewardsServiceImpl : Service - Distance calculated: 3747.87224536387
2021-11-27 20:34:20.926  INFO 530588 --- [ol-111-thread-2] .t.t.s.TourGuideClientRewardsServiceImpl : Service - Distance calculated: 3842.3361632739675
2021-11-27 20:34:20.926  INFO 530588 --- [ool-54-thread-2] .t.t.s.TourGuideClientRewardsServiceImpl : Service - Distance calculated: 460.11990361699293
2021-11-27 20:34:20.913  INFO 530588 --- [ol-141-thread-2] .t.t.s.TourGuideClientRewardsServiceImpl : Service - Distance calculated: 3060.904126099183
2021-11-27 20:34:20.913  INFO 530588 --- [ol-133-thread-2] .t.t.s.TourGuideClientRewardsServiceImpl : Service - Distance calculated: 6644.316425897881
2021-11-27 20:34:20.913  INFO 530588 --- [ool-47-thread-2] .t.t.s.TourGuideClientRewardsServiceImpl : Service - Distance calculated: 3791.978604325366
2021-11-27 20:34:20.914  INFO 530588 --- [ol-102-thread-2] .t.t.s.TourGuideClientRewardsServiceImpl : Service - Distance calculated: 4749.466775980394
2021-11-27 20:34:20.926  INFO 530588 --- [ol-133-thread-2] .t.t.s.TourGuideClientRewardsServiceImpl : Service - Distance calculated: 5516.550060494073
2021-11-27 20:34:20.915  INFO 530588 --- [ol-114-thread-2] .t.t.s.TourGuideClientRewardsServiceImpl : Service - Distance calculated: 8454.155802998475
2021-11-27 20:34:20.926  INFO 530588 --- [ol-133-thread-2] .t.t.s.TourGuideClientRewardsServiceImpl : Service - Distance calculated: 6552.217841455545
2021-11-27 20:34:20.915  INFO 530588 --- [ool-90-thread-2] .t.t.s.TourGuideClientRewardsServiceImpl : Service - Distance calculated: 9302.663094458829
2021-11-27 20:34:20.926  INFO 530588 --- [ol-133-thread-2] .t.t.s.TourGuideClientRewardsServiceImpl : Service - Distance calculated: 6019.181011288829
2021-11-27 20:34:20.915  INFO 530588 --- [ool-79-thread-2] .t.t.s.TourGuideClientRewardsServiceImpl : Service - Distance calculated: 5564.283258740206
2021-11-27 20:34:20.926  INFO 530588 --- [ool-90-thread-2] .t.t.s.TourGuideClientRewardsServiceImpl : Service - Distance calculated: 9070.944542430925
2021-11-27 20:34:20.915  INFO 530588 --- [ol-106-thread-2] .t.t.s.TourGuideClientRewardsServiceImpl : Service - Distance calculated: 5781.695540464962
2021-11-27 20:34:20.926  INFO 530588 --- [ool-90-thread-2] .t.t.s.TourGuideClientRewardsServiceImpl : Service - Distance calculated: 9512.999865398026
2021-11-27 20:34:20.915  INFO 530588 --- [ool-50-thread-2] .t.t.s.TourGuideClientRewardsServiceImpl : Service - Distance calculated: 687.8543459513436
2021-11-27 20:34:20.926  INFO 530588 --- [ool-90-thread-2] .t.t.s.TourGuideClientRewardsServiceImpl : Service - Distance calculated: 8770.022611562743
2021-11-27 20:34:20.915  INFO 530588 --- [ool-92-thread-2] .t.t.s.TourGuideClientRewardsServiceImpl : Service - Distance calculated: 7416.292360648267
2021-11-27 20:34:20.926  INFO 530588 --- [ool-90-thread-2] .t.t.s.TourGuideClientRewardsServiceImpl : Service - Distance calculated: 7615.819219329687
2021-11-27 20:34:20.915  INFO 530588 --- [ol-105-thread-2] .t.t.s.TourGuideClientRewardsServiceImpl : Service - Distance calculated: 7258.546177752393
2021-11-27 20:34:20.926  INFO 530588 --- [ool-92-thread-2] .t.t.s.TourGuideClientRewardsServiceImpl : Service - Distance calculated: 8758.573126732033
2021-11-27 20:34:20.915  INFO 530588 --- [ol-116-thread-2] .t.t.s.TourGuideClientRewardsServiceImpl : Service - Distance calculated: 2185.6614424660193
2021-11-27 20:34:20.926  INFO 530588 --- [ol-105-thread-2] .t.t.s.TourGuideClientRewardsServiceImpl : Service - Distance calculated: 6488.723681066633
2021-11-27 20:34:20.915  INFO 530588 --- [ool-98-thread-2] .t.t.s.TourGuideClientRewardsServiceImpl : Service - Distance calculated: 6215.929980400272
2021-11-27 20:34:20.926  INFO 530588 --- [ool-79-thread-2] .t.t.s.TourGuideClientRewardsServiceImpl : Service - Distance calculated: 4770.513654519874
2021-11-27 20:34:20.926  INFO 530588 --- [ol-105-thread-2] .t.t.s.TourGuideClientRewardsServiceImpl : Service - Distance calculated: 7105.319297718116
2021-11-27 20:34:20.926  INFO 530588 --- [ool-98-thread-2] .t.t.s.TourGuideClientRewardsServiceImpl : Service - Distance calculated: 8794.65220114622
2021-11-27 20:34:20.926  INFO 530588 --- [ol-105-thread-2] .t.t.s.TourGuideClientRewardsServiceImpl : Service - Distance calculated: 7189.10128619627
2021-11-27 20:34:20.926  INFO 530588 --- [ool-98-thread-2] .t.t.s.TourGuideClientRewardsServiceImpl : Service - Distance calculated: 6458.741860600318
2021-11-27 20:34:20.926  INFO 530588 --- [ol-105-thread-2] .t.t.s.TourGuideClientRewardsServiceImpl : Service - Distance calculated: 6192.489608299174
2021-11-27 20:34:20.915  INFO 530588 --- [ol-128-thread-2] .t.t.s.TourGuideClientRewardsServiceImpl : Service - Distance calculated: 6230.7963519410905
2021-11-27 20:34:20.915  INFO 530588 --- [ool-63-thread-2] .t.t.s.TourGuideClientRewardsServiceImpl : Service - Distance calculated: 2000.6340635189108
2021-11-27 20:34:20.915  INFO 530588 --- [ool-94-thread-2] .t.t.s.TourGuideClientRewardsServiceImpl : Service - Distance calculated: 4804.027426486533
2021-11-27 20:34:20.926  INFO 530588 --- [ol-128-thread-2] .t.t.s.TourGuideClientRewardsServiceImpl : Service - Distance calculated: 6319.16260829919
2021-11-27 20:34:20.926  INFO 530588 --- [ool-94-thread-2] .t.t.s.TourGuideClientRewardsServiceImpl : Service - Distance calculated: 7618.414621246022
2021-11-27 20:34:20.916  INFO 530588 --- [ool-58-thread-2] .t.t.s.TourGuideClientRewardsServiceImpl : Service - Distance calculated: 5958.187363555063
2021-11-27 20:34:20.926  INFO 530588 --- [ool-94-thread-2] .t.t.s.TourGuideClientRewardsServiceImpl : Service - Distance calculated: 4433.419753378575
2021-11-27 20:34:20.916  INFO 530588 --- [ol-112-thread-2] .t.t.s.TourGuideClientRewardsServiceImpl : Service - Distance calculated: 956.7113573396416
2021-11-27 20:34:20.916  INFO 530588 --- [ool-99-thread-2] .t.t.s.TourGuideClientRewardsServiceImpl : Service - Distance calculated: 3163.6208483853607
2021-11-27 20:34:20.916  INFO 530588 --- [ool-91-thread-2] .t.t.s.TourGuideClientRewardsServiceImpl : Service - Distance calculated: 6610.270520135778
2021-11-27 20:34:20.926  INFO 530588 --- [ool-99-thread-2] .t.t.s.TourGuideClientRewardsServiceImpl : Service - Distance calculated: 3767.6829781942747
2021-11-27 20:34:20.926  INFO 530588 --- [ool-99-thread-2] .t.t.s.TourGuideClientRewardsServiceImpl : Service - Distance calculated: 2948.4737127727135
2021-11-27 20:34:20.926  INFO 530588 --- [ool-91-thread-2] .t.t.s.TourGuideClientRewardsServiceImpl : Service - Distance calculated: 7011.926479764661
2021-11-27 20:34:20.916  INFO 530588 --- [ool-75-thread-2] .t.t.s.TourGuideClientRewardsServiceImpl : Service - Distance calculated: 1431.1162667125056
2021-11-27 20:34:20.926  INFO 530588 --- [ool-91-thread-2] .t.t.s.TourGuideClientRewardsServiceImpl : Service - Distance calculated: 7076.462031683413
2021-11-27 20:34:20.916  INFO 530588 --- [ool-77-thread-2] .t.t.s.TourGuideClientRewardsServiceImpl : Service - Distance calculated: 3527.6310379649417
2021-11-27 20:34:20.927  INFO 530588 --- [ool-77-thread-2] .t.t.s.TourGuideClientRewardsServiceImpl : Service - Distance calculated: 4523.998674373533
2021-11-27 20:34:20.927  INFO 530588 --- [ool-77-thread-2] .t.t.s.TourGuideClientRewardsServiceImpl : Service - Distance calculated: 2873.603499916897
2021-11-27 20:34:20.927  INFO 530588 --- [ool-77-thread-2] .t.t.s.TourGuideClientRewardsServiceImpl : Service - Distance calculated: 2996.35529137216
2021-11-27 20:34:20.927  INFO 530588 --- [ool-77-thread-2] .t.t.s.TourGuideClientRewardsServiceImpl : Service - Distance calculated: 5064.81083101125
2021-11-27 20:34:20.927  INFO 530588 --- [ool-77-thread-2] .t.t.s.TourGuideClientRewardsServiceImpl : Service - Distance calculated: 2427.5590726566143
2021-11-27 20:34:20.927  INFO 530588 --- [ool-77-thread-2] .t.t.s.TourGuideClientRewardsServiceImpl : Service - Distance calculated: 2719.5955682921394
2021-11-27 20:34:20.916  INFO 530588 --- [ool-53-thread-2] .t.t.s.TourGuideClientRewardsServiceImpl : Service - Distance calculated: 164.91310606753288
2021-11-27 20:34:20.916  INFO 530588 --- [ool-49-thread-2] .t.t.s.TourGuideClientRewardsServiceImpl : Service - Distance calculated: 8856.96488717469
2021-11-27 20:34:20.927  INFO 530588 --- [ool-49-thread-2] .t.t.s.TourGuideClientRewardsServiceImpl : Service - Distance calculated: 9657.644222476338
2021-11-27 20:34:20.927  INFO 530588 --- [ool-49-thread-2] .t.t.s.TourGuideClientRewardsServiceImpl : Service - Distance calculated: 9323.272892087243
2021-11-27 20:34:20.927  INFO 530588 --- [ool-49-thread-2] .t.t.s.TourGuideClientRewardsServiceImpl : Service - Distance calculated: 8783.739910555487
2021-11-27 20:34:20.916  INFO 530588 --- [ool-60-thread-2] .t.t.s.TourGuideClientRewardsServiceImpl : Service - Distance calculated: 8194.243801982784
2021-11-27 20:34:20.916  INFO 530588 --- [ool-52-thread-2] .t.t.s.TourGuideClientRewardsServiceImpl : Service - Distance calculated: 1906.7972782801585
2021-11-27 20:34:20.927  INFO 530588 --- [ool-52-thread-2] .t.t.s.TourGuideClientRewardsServiceImpl : Service - Distance calculated: 2360.645624935619
2021-11-27 20:34:20.916  INFO 530588 --- [ol-136-thread-2] .t.t.s.TourGuideClientRewardsServiceImpl : Service - Distance calculated: 4939.968763864514
2021-11-27 20:34:20.927  INFO 530588 --- [ool-52-thread-2] .t.t.s.TourGuideClientRewardsServiceImpl : Service - Distance calculated: 2434.494471527265
2021-11-27 20:34:20.917  INFO 530588 --- [ol-126-thread-2] .t.t.s.TourGuideClientRewardsServiceImpl : Service - Distance calculated: 10494.923901812232
2021-11-27 20:34:20.927  INFO 530588 --- [ol-136-thread-2] .t.t.s.TourGuideClientRewardsServiceImpl : Service - Distance calculated: 4146.521425230266
2021-11-27 20:34:20.917  INFO 530588 --- [ol-139-thread-2] .t.t.s.TourGuideClientRewardsServiceImpl : Service - Distance calculated: 7219.907436521985
2021-11-27 20:34:20.927  INFO 530588 --- [ol-126-thread-2] .t.t.s.TourGuideClientRewardsServiceImpl : Service - Distance calculated: 10347.43569605113
2021-11-27 20:34:20.927  INFO 530588 --- [ol-126-thread-2] .t.t.s.TourGuideClientRewardsServiceImpl : Service - Distance calculated: 10080.920268936477
2021-11-27 20:34:20.927  INFO 530588 --- [ol-139-thread-2] .t.t.s.TourGuideClientRewardsServiceImpl : Service - Distance calculated: 7334.301381216054
2021-11-27 20:34:20.927  INFO 530588 --- [ol-126-thread-2] .t.t.s.TourGuideClientRewardsServiceImpl : Service - Distance calculated: 11035.493870934737
2021-11-27 20:34:20.918  INFO 530588 --- [ol-110-thread-2] .t.t.s.TourGuideClientRewardsServiceImpl : Service - Distance calculated: 5622.558529014439
2021-11-27 20:34:20.927  INFO 530588 --- [ool-52-thread-2] .t.t.s.TourGuideClientRewardsServiceImpl : Service - Distance calculated: 2148.3967563579567
2021-11-27 20:34:20.927  INFO 530588 --- [ol-110-thread-2] .t.t.s.TourGuideClientRewardsServiceImpl : Service - Distance calculated: 8914.645828870167
2021-11-27 20:34:20.927  INFO 530588 --- [ool-52-thread-2] .t.t.s.TourGuideClientRewardsServiceImpl : Service - Distance calculated: 2282.746325565392
2021-11-27 20:34:20.927  INFO 530588 --- [ol-110-thread-2] .t.t.s.TourGuideClientRewardsServiceImpl : Service - Distance calculated: 9682.665232716032
2021-11-27 20:34:20.927  INFO 530588 --- [ool-52-thread-2] .t.t.s.TourGuideClientRewardsServiceImpl : Service - Distance calculated: 2289.4339721013357
2021-11-27 20:34:20.927  INFO 530588 --- [ol-110-thread-2] .t.t.s.TourGuideClientRewardsServiceImpl : Service - Distance calculated: 9067.701365500623
2021-11-27 20:34:20.927  INFO 530588 --- [ool-52-thread-2] .t.t.s.TourGuideClientRewardsServiceImpl : Service - Distance calculated: 1204.372289719331
2021-11-27 20:34:20.927  INFO 530588 --- [ol-110-thread-2] .t.t.s.TourGuideClientRewardsServiceImpl : Service - Distance calculated: 8983.423441332427
2021-11-27 20:34:20.927  INFO 530588 --- [ol-110-thread-2] .t.t.s.TourGuideClientRewardsServiceImpl : Service - Distance calculated: 9828.921741519698
2021-11-27 20:34:20.927  INFO 530588 --- [ol-110-thread-2] .t.t.s.TourGuideClientRewardsServiceImpl : Service - Distance calculated: 9734.372219798517
2021-11-27 20:34:20.927  INFO 530588 --- [ol-110-thread-2] .t.t.s.TourGuideClientRewardsServiceImpl : Service - Distance calculated: 9043.863321517052
2021-11-27 20:34:20.927  INFO 530588 --- [ol-110-thread-2] .t.t.s.TourGuideClientRewardsServiceImpl : Service - Distance calculated: 10356.603310462438
2021-11-27 20:34:20.927  INFO 530588 --- [ol-110-thread-2] .t.t.s.TourGuideClientRewardsServiceImpl : Service - Distance calculated: 10143.852156074494
2021-11-27 20:34:20.927  INFO 530588 --- [ol-110-thread-2] .t.t.s.TourGuideClientRewardsServiceImpl : Service - Distance calculated: 9464.899674204215
2021-11-27 20:34:20.927  INFO 530588 --- [ol-110-thread-2] .t.t.s.TourGuideClientRewardsServiceImpl : Service - Distance calculated: 10619.896684582092
2021-11-27 20:34:20.927  INFO 530588 --- [ol-110-thread-2] .t.t.s.TourGuideClientRewardsServiceImpl : Service - Distance calculated: 10433.115630627102
2021-11-27 20:34:20.927  INFO 530588 --- [ol-110-thread-2] .t.t.s.TourGuideClientRewardsServiceImpl : Service - Distance calculated: 10433.977462442479
2021-11-27 20:34:20.927  INFO 530588 --- [ol-110-thread-2] .t.t.s.TourGuideClientRewardsServiceImpl : Service - Distance calculated: 9604.04633367645
2021-11-27 20:34:20.927  INFO 530588 --- [ol-110-thread-2] .t.t.s.TourGuideClientRewardsServiceImpl : Service - Distance calculated: 9343.508906789457
2021-11-27 20:34:20.927  INFO 530588 --- [ol-110-thread-2] .t.t.s.TourGuideClientRewardsServiceImpl : Service - Distance calculated: 9811.970912287255
2021-11-27 20:34:20.928  INFO 530588 --- [ol-110-thread-2] .t.t.s.TourGuideClientRewardsServiceImpl : Service - Distance calculated: 9541.001195217506
2021-11-27 20:34:20.918  INFO 530588 --- [ol-127-thread-2] .t.t.s.TourGuideClientRewardsServiceImpl : Service - Distance calculated: 1044.3456142239413
2021-11-27 20:34:20.918  INFO 530588 --- [ol-101-thread-2] .t.t.s.TourGuideClientRewardsServiceImpl : Service - Distance calculated: 8248.366709875854
2021-11-27 20:34:20.928  INFO 530588 --- [ol-127-thread-2] .t.t.s.TourGuideClientRewardsServiceImpl : Service - Distance calculated: 5657.978594087098
2021-11-27 20:34:20.928  INFO 530588 --- [ol-127-thread-2] .t.t.s.TourGuideClientRewardsServiceImpl : Service - Distance calculated: 5008.898642286082
2021-11-27 20:34:20.928  INFO 530588 --- [ol-101-thread-2] .t.t.s.TourGuideClientRewardsServiceImpl : Service - Distance calculated: 7878.960257731301
2021-11-27 20:34:20.928  INFO 530588 --- [ol-127-thread-2] .t.t.s.TourGuideClientRewardsServiceImpl : Service - Distance calculated: 5493.512895671999
2021-11-27 20:34:20.928  INFO 530588 --- [ol-127-thread-2] .t.t.s.TourGuideClientRewardsServiceImpl : Service - Distance calculated: 5555.033430620401
2021-11-27 20:34:20.928  INFO 530588 --- [ol-127-thread-2] .t.t.s.TourGuideClientRewardsServiceImpl : Service - Distance calculated: 4297.4432268139335
2021-11-27 20:34:20.928  INFO 530588 --- [ol-127-thread-2] .t.t.s.TourGuideClientRewardsServiceImpl : Service - Distance calculated: 4344.09219194989
2021-11-27 20:34:20.918  INFO 530588 --- [ool-59-thread-2] .t.t.s.TourGuideClientRewardsServiceImpl : Service - Distance calculated: 9801.051570223564
2021-11-27 20:34:20.928  INFO 530588 --- [ol-127-thread-2] .t.t.s.TourGuideClientRewardsServiceImpl : Service - Distance calculated: 5336.855919742401
2021-11-27 20:34:20.928  INFO 530588 --- [ol-127-thread-2] .t.t.s.TourGuideClientRewardsServiceImpl : Service - Distance calculated: 3685.2268962205076
2021-11-27 20:34:20.928  INFO 530588 --- [ool-59-thread-2] .t.t.s.TourGuideClientRewardsServiceImpl : Service - Distance calculated: 8666.658281303431
2021-11-27 20:34:20.928  INFO 530588 --- [ol-127-thread-2] .t.t.s.TourGuideClientRewardsServiceImpl : Service - Distance calculated: 3812.2578025985854
2021-11-27 20:34:20.928  INFO 530588 --- [ol-127-thread-2] .t.t.s.TourGuideClientRewardsServiceImpl : Service - Distance calculated: 5631.81856182178
2021-11-27 20:34:20.928  INFO 530588 --- [ol-127-thread-2] .t.t.s.TourGuideClientRewardsServiceImpl : Service - Distance calculated: 3238.9741023706943
2021-11-27 20:34:20.928  INFO 530588 --- [ol-127-thread-2] .t.t.s.TourGuideClientRewardsServiceImpl : Service - Distance calculated: 3532.0310711517777
2021-11-27 20:34:20.928  INFO 530588 --- [ol-127-thread-2] .t.t.s.TourGuideClientRewardsServiceImpl : Service - Distance calculated: 3412.076640694395
2021-11-27 20:34:20.928  INFO 530588 --- [ol-127-thread-2] .t.t.s.TourGuideClientRewardsServiceImpl : Service - Distance calculated: 3779.558883576583
2021-11-27 20:34:20.928  INFO 530588 --- [ol-127-thread-2] .t.t.s.TourGuideClientRewardsServiceImpl : Service - Distance calculated: 4702.310968504476
2021-11-27 20:34:20.928  INFO 530588 --- [ol-127-thread-2] .t.t.s.TourGuideClientRewardsServiceImpl : Service - Distance calculated: 4071.6823192097454
2021-11-27 20:34:20.928  INFO 530588 --- [ol-127-thread-2] .t.t.s.TourGuideClientRewardsServiceImpl : Service - Distance calculated: 4334.8409692454225
2021-11-27 20:34:20.928  INFO 530588 --- [ol-127-thread-2] .t.t.s.TourGuideClientRewardsServiceImpl : Service - Distance calculated: 3822.8557735395307
2021-11-27 20:34:20.928  INFO 530588 --- [ol-127-thread-2] .t.t.s.TourGuideClientRewardsServiceImpl : Service - Distance calculated: 4616.982263946589
2021-11-27 20:34:20.928  INFO 530588 --- [ol-127-thread-2] .t.t.s.TourGuideClientRewardsServiceImpl : Service - Distance calculated: 5656.7205062966
2021-11-27 20:34:20.928  INFO 530588 --- [ool-59-thread-2] .t.t.s.TourGuideClientRewardsServiceImpl : Service - Distance calculated: 10233.32866333862
2021-11-27 20:34:20.928  INFO 530588 --- [ol-127-thread-2] .t.t.s.TourGuideClientRewardsServiceImpl : Service - Distance calculated: 3892.008466517084
2021-11-27 20:34:20.928  INFO 530588 --- [ol-127-thread-2] .t.t.s.TourGuideClientRewardsServiceImpl : Service - Distance calculated: 3083.4238281077137
2021-11-27 20:34:20.928  INFO 530588 --- [ol-127-thread-2] .t.t.s.TourGuideClientRewardsServiceImpl : Service - Distance calculated: 5133.217776683849
2021-11-27 20:34:20.928  INFO 530588 --- [ol-127-thread-2] .t.t.s.TourGuideClientRewardsServiceImpl : Service - Distance calculated: 4327.916849835283
2021-11-27 20:34:20.928  INFO 530588 --- [ol-127-thread-2] .t.t.s.TourGuideClientRewardsServiceImpl : Service - Distance calculated: 3232.2729053951584
2021-11-27 20:34:20.928  INFO 530588 --- [ol-127-thread-2] .t.t.s.TourGuideClientRewardsServiceImpl : Service - Distance calculated: 3831.9375544560917
2021-11-27 20:34:20.928  INFO 530588 --- [ool-59-thread-2] .t.t.s.TourGuideClientRewardsServiceImpl : Service - Distance calculated: 9580.91542634076
2021-11-27 20:34:20.928  INFO 530588 --- [ool-59-thread-2] .t.t.s.TourGuideClientRewardsServiceImpl : Service - Distance calculated: 8840.818968319629
2021-11-27 20:34:20.920  INFO 530588 --- [ol-131-thread-2] .t.t.s.TourGuideClientRewardsServiceImpl : Service - Distance calculated: 3472.639232442837
2021-11-27 20:34:20.920  INFO 530588 --- [ol-107-thread-2] .t.t.s.TourGuideClientRewardsServiceImpl : Service - Distance calculated: 5089.603385830801
2021-11-27 20:34:20.928  INFO 530588 --- [ol-131-thread-2] .t.t.s.TourGuideClientRewardsServiceImpl : Service - Distance calculated: 3997.8976782155355
2021-11-27 20:34:20.928  INFO 530588 --- [ol-107-thread-2] .t.t.s.TourGuideClientRewardsServiceImpl : Service - Distance calculated: 4938.135256346984
2021-11-27 20:34:20.928  INFO 530588 --- [ol-107-thread-2] .t.t.s.TourGuideClientRewardsServiceImpl : Service - Distance calculated: 5040.082193097722
2021-11-27 20:34:20.920  INFO 530588 --- [ol-123-thread-2] .t.t.s.TourGuideClientRewardsServiceImpl : Service - Distance calculated: 7781.427097424298
2021-11-27 20:34:20.920  INFO 530588 --- [ol-100-thread-2] .t.t.s.TourGuideClientRewardsServiceImpl : Service - Distance calculated: 7687.166617492253
2021-11-27 20:34:20.928  INFO 530588 --- [ol-123-thread-2] .t.t.s.TourGuideClientRewardsServiceImpl : Service - Distance calculated: 7840.921883420023
2021-11-27 20:34:20.928  INFO 530588 --- [ol-100-thread-2] .t.t.s.TourGuideClientRewardsServiceImpl : Service - Distance calculated: 7769.495924092022
2021-11-27 20:34:20.928  INFO 530588 --- [ol-123-thread-2] .t.t.s.TourGuideClientRewardsServiceImpl : Service - Distance calculated: 6562.056403548416
2021-11-27 20:34:20.928  INFO 530588 --- [ol-100-thread-2] .t.t.s.TourGuideClientRewardsServiceImpl : Service - Distance calculated: 7601.590948970763
2021-11-27 20:34:20.928  INFO 530588 --- [ol-123-thread-2] .t.t.s.TourGuideClientRewardsServiceImpl : Service - Distance calculated: 6599.73576656661
2021-11-27 20:34:20.928  INFO 530588 --- [ol-100-thread-2] .t.t.s.TourGuideClientRewardsServiceImpl : Service - Distance calculated: 7703.855256598224
2021-11-27 20:34:20.928  INFO 530588 --- [ol-123-thread-2] .t.t.s.TourGuideClientRewardsServiceImpl : Service - Distance calculated: 7607.674297159168
2021-11-27 20:34:20.928  INFO 530588 --- [ol-100-thread-2] .t.t.s.TourGuideClientRewardsServiceImpl : Service - Distance calculated: 7948.415943258953
2021-11-27 20:34:20.928  INFO 530588 --- [ol-123-thread-2] .t.t.s.TourGuideClientRewardsServiceImpl : Service - Distance calculated: 5961.831579936957
2021-11-27 20:34:20.928  INFO 530588 --- [ol-123-thread-2] .t.t.s.TourGuideClientRewardsServiceImpl : Service - Distance calculated: 6074.2504342129005
2021-11-27 20:34:20.928  INFO 530588 --- [ol-123-thread-2] .t.t.s.TourGuideClientRewardsServiceImpl : Service - Distance calculated: 7572.189284248705
2021-11-27 20:34:20.920  INFO 530588 --- [ool-44-thread-2] .t.t.s.TourGuideClientRewardsServiceImpl : Service - Distance calculated: 8944.141539324628
2021-11-27 20:34:20.928  INFO 530588 --- [ol-123-thread-2] .t.t.s.TourGuideClientRewardsServiceImpl : Service - Distance calculated: 5516.4852414946345
2021-11-27 20:34:20.929  INFO 530588 --- [ol-123-thread-2] .t.t.s.TourGuideClientRewardsServiceImpl : Service - Distance calculated: 5807.089583723179
2021-11-27 20:34:20.922  INFO 530588 --- [ool-46-thread-2] .t.t.s.TourGuideClientRewardsServiceImpl : Service - Distance calculated: 5444.381686116904
2021-11-27 20:34:20.929  INFO 530588 --- [ol-123-thread-2] .t.t.s.TourGuideClientRewardsServiceImpl : Service - Distance calculated: 5680.419718400283
2021-11-27 20:34:20.929  INFO 530588 --- [ol-123-thread-2] .t.t.s.TourGuideClientRewardsServiceImpl : Service - Distance calculated: 5924.733730220487
2021-11-27 20:34:20.923  INFO 530588 --- [ol-117-thread-2] .t.t.s.TourGuideClientRewardsServiceImpl : Service - Distance calculated: 11254.340921076442
2021-11-27 20:34:20.929  INFO 530588 --- [ol-117-thread-2] .t.t.s.TourGuideClientRewardsServiceImpl : Service - Distance calculated: 11556.35349593801
2021-11-27 20:34:20.929  INFO 530588 --- [ol-123-thread-2] .t.t.s.TourGuideClientRewardsServiceImpl : Service - Distance calculated: 6934.503438953575
2021-11-27 20:34:20.923  INFO 530588 --- [ool-73-thread-2] .t.t.s.TourGuideClientRewardsServiceImpl : Service - Distance calculated: 3630.554883358171
2021-11-27 20:34:20.929  INFO 530588 --- [ol-123-thread-2] .t.t.s.TourGuideClientRewardsServiceImpl : Service - Distance calculated: 6307.932022837732
2021-11-27 20:34:20.923  INFO 530588 --- [ool-65-thread-2] .t.t.s.TourGuideClientRewardsServiceImpl : Service - Distance calculated: 6998.366181778625
2021-11-27 20:34:20.924  INFO 530588 --- [ol-138-thread-2] .t.t.s.TourGuideClientRewardsServiceImpl : Service - Distance calculated: 6819.380918952905
2021-11-27 20:34:20.924  INFO 530588 --- [ol-115-thread-2] .t.t.s.TourGuideClientRewardsServiceImpl : Service - Distance calculated: 7978.939595642839
2021-11-27 20:34:20.924  INFO 530588 --- [ool-48-thread-2] .t.t.s.TourGuideClientRewardsServiceImpl : Service - Distance calculated: 5536.133359977106
2021-11-27 20:34:20.924  INFO 530588 --- [ool-82-thread-2] .t.t.s.TourGuideClientRewardsServiceImpl : Service - Distance calculated: 4434.994313532326
2021-11-27 20:34:20.924  INFO 530588 --- [ool-95-thread-2] .t.t.s.TourGuideClientRewardsServiceImpl : Service - Distance calculated: 8599.827110711789
2021-11-27 20:34:20.929  INFO 530588 --- [ool-82-thread-2] .t.t.s.TourGuideClientRewardsServiceImpl : Service - Distance calculated: 4365.994512951638
2021-11-27 20:34:20.929  INFO 530588 --- [ool-95-thread-2] .t.t.s.TourGuideClientRewardsServiceImpl : Service - Distance calculated: 8892.842549680678
2021-11-27 20:34:20.924 DEBUG 530588 --- [    Test worker] c.t.t.s.TourGuideClientServiceImpl       : Service - Visited location added for user: internalUser55
2021-11-27 20:34:20.929 DEBUG 530588 --- [    Test worker] c.t.t.s.TourGuideClientServiceImpl       : Service - Visited location added for user: internalUser58
2021-11-27 20:34:20.924  INFO 530588 --- [ol-118-thread-2] .t.t.s.TourGuideClientRewardsServiceImpl : Service - Distance calculated: 872.7204396507212
2021-11-27 20:34:20.924  INFO 530588 --- [ol-134-thread-2] .t.t.s.TourGuideClientRewardsServiceImpl : Service - Distance calculated: 5629.388513805333
2021-11-27 20:34:20.929  INFO 530588 --- [ol-118-thread-2] .t.t.s.TourGuideClientRewardsServiceImpl : Service - Distance calculated: 1529.1283354627253
2021-11-27 20:34:20.929  INFO 530588 --- [ol-134-thread-2] .t.t.s.TourGuideClientRewardsServiceImpl : Service - Distance calculated: 6215.283965590578
2021-11-27 20:34:20.925  INFO 530588 --- [ool-57-thread-2] .t.t.s.TourGuideClientRewardsServiceImpl : Service - Distance calculated: 10126.49215381917
2021-11-27 20:34:20.929  INFO 530588 --- [ol-134-thread-2] .t.t.s.TourGuideClientRewardsServiceImpl : Service - Distance calculated: 6293.241251184531
2021-11-27 20:34:20.929  INFO 530588 --- [ool-57-thread-2] .t.t.s.TourGuideClientRewardsServiceImpl : Service - Distance calculated: 11244.141607167987
2021-11-27 20:34:20.925  INFO 530588 --- [ol-109-thread-2] .t.t.s.TourGuideClientRewardsServiceImpl : Service - Distance calculated: 7571.897459258587
2021-11-27 20:34:20.925  INFO 530588 --- [ool-43-thread-2] .t.t.s.TourGuideClientRewardsServiceImpl : Service - Distance calculated: 8252.793562526113
2021-11-27 20:34:20.929  INFO 530588 --- [ol-109-thread-2] .t.t.s.TourGuideClientRewardsServiceImpl : Service - Distance calculated: 9171.797246057457
2021-11-27 20:34:20.929  INFO 530588 --- [ol-109-thread-2] .t.t.s.TourGuideClientRewardsServiceImpl : Service - Distance calculated: 8414.14941968693
2021-11-27 20:34:20.929  INFO 530588 --- [ool-43-thread-2] .t.t.s.TourGuideClientRewardsServiceImpl : Service - Distance calculated: 8241.935294699248
2021-11-27 20:34:20.925  INFO 530588 --- [ool-64-thread-2] .t.t.s.TourGuideClientRewardsServiceImpl : Service - Distance calculated: 7862.300019468306
2021-11-27 20:34:20.929  INFO 530588 --- [ool-43-thread-2] .t.t.s.TourGuideClientRewardsServiceImpl : Service - Distance calculated: 7128.551331945804
2021-11-27 20:34:20.929  INFO 530588 --- [ool-64-thread-2] .t.t.s.TourGuideClientRewardsServiceImpl : Service - Distance calculated: 6886.723646179993
2021-11-27 20:34:20.929  INFO 530588 --- [ool-64-thread-2] .t.t.s.TourGuideClientRewardsServiceImpl : Service - Distance calculated: 8318.763594354179
2021-11-27 20:34:20.929  INFO 530588 --- [ool-43-thread-2] .t.t.s.TourGuideClientRewardsServiceImpl : Service - Distance calculated: 7090.325231237016
2021-11-27 20:34:20.925  INFO 530588 --- [ol-103-thread-2] .t.t.s.TourGuideClientRewardsServiceImpl : Service - Distance calculated: 2790.3800005758826
2021-11-27 20:34:20.925  INFO 530588 --- [ool-85-thread-2] .t.t.s.TourGuideClientRewardsServiceImpl : Service - Distance calculated: 7517.257792337806
2021-11-27 20:34:20.929  INFO 530588 --- [ool-85-thread-2] .t.t.s.TourGuideClientRewardsServiceImpl : Service - Distance calculated: 8465.169480923725
2021-11-27 20:34:20.925  INFO 530588 --- [ool-83-thread-2] .t.t.s.TourGuideClientRewardsServiceImpl : Service - Distance calculated: 4294.143882178591
2021-11-27 20:34:20.929  INFO 530588 --- [ool-83-thread-2] .t.t.s.TourGuideClientRewardsServiceImpl : Service - Distance calculated: 11605.735308679825
2021-11-27 20:34:20.929  INFO 530588 --- [ol-103-thread-2] .t.t.s.TourGuideClientRewardsServiceImpl : Service - Distance calculated: 2019.9148113129786
2021-11-27 20:34:20.925  INFO 530588 --- [ool-88-thread-2] .t.t.s.TourGuideClientRewardsServiceImpl : Service - Distance calculated: 7400.554013151223
2021-11-27 20:34:20.930  INFO 530588 --- [ool-88-thread-2] .t.t.s.TourGuideClientRewardsServiceImpl : Service - Distance calculated: 7453.95182710785
2021-11-27 20:34:20.925  INFO 530588 --- [ool-51-thread-2] .t.t.s.TourGuideClientRewardsServiceImpl : Service - Distance calculated: 102.25763553465616
2021-11-27 20:34:20.930  INFO 530588 --- [ool-88-thread-2] .t.t.s.TourGuideClientRewardsServiceImpl : Service - Distance calculated: 6729.467882197308
2021-11-27 20:34:20.930  INFO 530588 --- [ool-88-thread-2] .t.t.s.TourGuideClientRewardsServiceImpl : Service - Distance calculated: 7602.945210221261
2021-11-27 20:34:20.930  INFO 530588 --- [ool-51-thread-2] .t.t.s.TourGuideClientRewardsServiceImpl : Service - Distance calculated: 321.2334710333926
2021-11-27 20:34:20.925  INFO 530588 --- [ol-130-thread-2] .t.t.s.TourGuideClientRewardsServiceImpl : Service - Distance calculated: 7195.677187603419
2021-11-27 20:34:20.925  INFO 530588 --- [ool-56-thread-2] .t.t.s.TourGuideClientRewardsServiceImpl : Service - Distance calculated: 6479.865666721468
2021-11-27 20:34:20.930  INFO 530588 --- [ol-130-thread-2] .t.t.s.TourGuideClientRewardsServiceImpl : Service - Distance calculated: 7436.106505772189
2021-11-27 20:34:20.930  INFO 530588 --- [ool-56-thread-2] .t.t.s.TourGuideClientRewardsServiceImpl : Service - Distance calculated: 6575.180217209198
2021-11-27 20:34:20.930  INFO 530588 --- [ol-130-thread-2] .t.t.s.TourGuideClientRewardsServiceImpl : Service - Distance calculated: 7333.770920856555
2021-11-27 20:34:20.930  INFO 530588 --- [ool-56-thread-2] .t.t.s.TourGuideClientRewardsServiceImpl : Service - Distance calculated: 6576.524620249204
2021-11-27 20:34:20.930  INFO 530588 --- [ol-130-thread-2] .t.t.s.TourGuideClientRewardsServiceImpl : Service - Distance calculated: 7061.098401772628
2021-11-27 20:34:20.930  INFO 530588 --- [ool-56-thread-2] .t.t.s.TourGuideClientRewardsServiceImpl : Service - Distance calculated: 5398.454006338117
2021-11-27 20:34:20.930  INFO 530588 --- [ol-130-thread-2] .t.t.s.TourGuideClientRewardsServiceImpl : Service - Distance calculated: 7802.3838259568165
2021-11-27 20:34:20.925  INFO 530588 --- [ol-122-thread-2] .t.t.s.TourGuideClientRewardsServiceImpl : Service - Distance calculated: 6130.386825378258
2021-11-27 20:34:20.925  INFO 530588 --- [ool-70-thread-2] .t.t.s.TourGuideClientRewardsServiceImpl : Service - Distance calculated: 4999.864663494453
2021-11-27 20:34:20.925  INFO 530588 --- [ool-61-thread-2] .t.t.s.TourGuideClientRewardsServiceImpl : Service - Distance calculated: 10499.539817156874
2021-11-27 20:34:20.930  INFO 530588 --- [ool-70-thread-2] .t.t.s.TourGuideClientRewardsServiceImpl : Service - Distance calculated: 5464.499440027561
2021-11-27 20:34:20.930  INFO 530588 --- [ool-70-thread-2] .t.t.s.TourGuideClientRewardsServiceImpl : Service - Distance calculated: 4686.461219776398
2021-11-27 20:34:20.930  INFO 530588 --- [ool-61-thread-2] .t.t.s.TourGuideClientRewardsServiceImpl : Service - Distance calculated: 10027.049827717754
2021-11-27 20:34:20.925  INFO 530588 --- [ool-68-thread-2] .t.t.s.TourGuideClientRewardsServiceImpl : Service - Distance calculated: 4759.419722446692
2021-11-27 20:34:20.925  INFO 530588 --- [ol-137-thread-2] .t.t.s.TourGuideClientRewardsServiceImpl : Service - Distance calculated: 6836.741100246088
2021-11-27 20:34:20.925  INFO 530588 --- [ol-104-thread-2] .t.t.s.TourGuideClientRewardsServiceImpl : Service - Distance calculated: 3129.260781914871
2021-11-27 20:34:20.925  INFO 530588 --- [ol-120-thread-2] .t.t.s.TourGuideClientRewardsServiceImpl : Service - Distance calculated: 4146.83931587658
2021-11-27 20:34:20.930  INFO 530588 --- [ol-104-thread-2] .t.t.s.TourGuideClientRewardsServiceImpl : Service - Distance calculated: 2395.042100247118
2021-11-27 20:34:20.926  INFO 530588 --- [ol-140-thread-2] .t.t.s.TourGuideClientRewardsServiceImpl : Service - Distance calculated: 4867.72064705914
2021-11-27 20:34:20.930  INFO 530588 --- [ol-104-thread-2] .t.t.s.TourGuideClientRewardsServiceImpl : Service - Distance calculated: 2521.788405991919
2021-11-27 20:34:20.930  INFO 530588 --- [ol-137-thread-2] .t.t.s.TourGuideClientRewardsServiceImpl : Service - Distance calculated: 8862.937348592983
2021-11-27 20:34:20.930  INFO 530588 --- [ol-137-thread-2] .t.t.s.TourGuideClientRewardsServiceImpl : Service - Distance calculated: 6354.558174321559
2021-11-27 20:34:20.930  INFO 530588 --- [ol-137-thread-2] .t.t.s.TourGuideClientRewardsServiceImpl : Service - Distance calculated: 6623.444491807433
2021-11-27 20:34:20.926  INFO 530588 --- [ool-81-thread-2] .t.t.s.TourGuideClientRewardsServiceImpl : Service - Distance calculated: 4041.537090794129
2021-11-27 20:34:20.930  INFO 530588 --- [ool-81-thread-2] .t.t.s.TourGuideClientRewardsServiceImpl : Service - Distance calculated: 4036.08107051356
2021-11-27 20:34:20.930  INFO 530588 --- [ool-81-thread-2] .t.t.s.TourGuideClientRewardsServiceImpl : Service - Distance calculated: 4850.968755868905
2021-11-27 20:34:20.930  INFO 530588 --- [ol-137-thread-2] .t.t.s.TourGuideClientRewardsServiceImpl : Service - Distance calculated: 6480.722870824377
2021-11-27 20:34:20.930  INFO 530588 --- [ol-137-thread-2] .t.t.s.TourGuideClientRewardsServiceImpl : Service - Distance calculated: 6484.3115513420225
2021-11-27 20:34:20.926  INFO 530588 --- [ool-71-thread-2] .t.t.s.TourGuideClientRewardsServiceImpl : Service - Distance calculated: 10121.231418879455
2021-11-27 20:34:20.930  INFO 530588 --- [ol-137-thread-2] .t.t.s.TourGuideClientRewardsServiceImpl : Service - Distance calculated: 7572.341877184956
2021-11-27 20:34:20.926  INFO 530588 --- [ool-72-thread-2] .t.t.s.TourGuideClientRewardsServiceImpl : Service - Distance calculated: 6297.4029513726355
2021-11-27 20:34:20.926  INFO 530588 --- [ool-67-thread-2] .t.t.s.TourGuideClientRewardsServiceImpl : Service - Distance calculated: 6591.265011849242
2021-11-27 20:34:20.930  INFO 530588 --- [ool-72-thread-2] .t.t.s.TourGuideClientRewardsServiceImpl : Service - Distance calculated: 6919.321272690141
2021-11-27 20:34:20.930  INFO 530588 --- [ool-67-thread-2] .t.t.s.TourGuideClientRewardsServiceImpl : Service - Distance calculated: 7156.274292693343
2021-11-27 20:34:20.926  INFO 530588 --- [ool-89-thread-2] .t.t.s.TourGuideClientRewardsServiceImpl : Service - Distance calculated: 10173.42833622628
2021-11-27 20:34:20.926  INFO 530588 --- [ool-96-thread-2] .t.t.s.TourGuideClientRewardsServiceImpl : Service - Distance calculated: 3334.4804162444257
2021-11-27 20:34:20.930  INFO 530588 --- [ool-89-thread-2] .t.t.s.TourGuideClientRewardsServiceImpl : Service - Distance calculated: 10627.645779608081
2021-11-27 20:34:20.930  INFO 530588 --- [ool-96-thread-2] .t.t.s.TourGuideClientRewardsServiceImpl : Service - Distance calculated: 4414.755658480043
2021-11-27 20:34:20.930  INFO 530588 --- [ool-89-thread-2] .t.t.s.TourGuideClientRewardsServiceImpl : Service - Distance calculated: 10363.103875685609
2021-11-27 20:34:20.926  INFO 530588 --- [ool-45-thread-2] .t.t.s.TourGuideClientRewardsServiceImpl : Service - Distance calculated: 7481.229773069129
2021-11-27 20:34:20.930  INFO 530588 --- [ool-89-thread-2] .t.t.s.TourGuideClientRewardsServiceImpl : Service - Distance calculated: 10883.35454622111
2021-11-27 20:34:20.926  INFO 530588 --- [ool-74-thread-2] .t.t.s.TourGuideClientRewardsServiceImpl : Service - Distance calculated: 11876.216299945669
2021-11-27 20:34:20.930  INFO 530588 --- [ool-89-thread-2] .t.t.s.TourGuideClientRewardsServiceImpl : Service - Distance calculated: 10234.149847676623
2021-11-27 20:34:20.930  INFO 530588 --- [ool-45-thread-2] .t.t.s.TourGuideClientRewardsServiceImpl : Service - Distance calculated: 7497.266895732134
2021-11-27 20:34:20.930  INFO 530588 --- [ool-89-thread-2] .t.t.s.TourGuideClientRewardsServiceImpl : Service - Distance calculated: 9641.160866168382
2021-11-27 20:34:20.931  INFO 530588 --- [ool-45-thread-2] .t.t.s.TourGuideClientRewardsServiceImpl : Service - Distance calculated: 7447.200696433345
2021-11-27 20:34:20.931  INFO 530588 --- [ool-45-thread-2] .t.t.s.TourGuideClientRewardsServiceImpl : Service - Distance calculated: 7280.274926455486
2021-11-27 20:34:20.931  INFO 530588 --- [ool-89-thread-2] .t.t.s.TourGuideClientRewardsServiceImpl : Service - Distance calculated: 10391.309695067075
2021-11-27 20:34:20.931  INFO 530588 --- [ool-45-thread-2] .t.t.s.TourGuideClientRewardsServiceImpl : Service - Distance calculated: 6244.751508594856
2021-11-27 20:34:20.931  INFO 530588 --- [ool-89-thread-2] .t.t.s.TourGuideClientRewardsServiceImpl : Service - Distance calculated: 11486.911322350094
2021-11-27 20:34:20.926  INFO 530588 --- [ol-113-thread-2] .t.t.s.TourGuideClientRewardsServiceImpl : Service - Distance calculated: 10595.101090818529
2021-11-27 20:34:20.931  INFO 530588 --- [ool-89-thread-2] .t.t.s.TourGuideClientRewardsServiceImpl : Service - Distance calculated: 9976.77260023936
2021-11-27 20:34:20.931  INFO 530588 --- [ol-113-thread-2] .t.t.s.TourGuideClientRewardsServiceImpl : Service - Distance calculated: 11410.658047871992
2021-11-27 20:34:20.926  INFO 530588 --- [ool-55-thread-2] .t.t.s.TourGuideClientRewardsServiceImpl : Service - Distance calculated: 5911.10882854383
2021-11-27 20:34:20.931  INFO 530588 --- [ol-113-thread-2] .t.t.s.TourGuideClientRewardsServiceImpl : Service - Distance calculated: 11171.198485108465
2021-11-27 20:34:20.931  INFO 530588 --- [ol-113-thread-2] .t.t.s.TourGuideClientRewardsServiceImpl : Service - Distance calculated: 11120.71380301534
2021-11-27 20:34:20.926  INFO 530588 --- [ol-111-thread-2] .t.t.s.TourGuideClientRewardsServiceImpl : Service - Distance calculated: 3793.677772126395
2021-11-27 20:34:20.926  INFO 530588 --- [ool-54-thread-2] .t.t.s.TourGuideClientRewardsServiceImpl : Service - Distance calculated: 1992.7911930022951
2021-11-27 20:34:20.931  INFO 530588 --- [ol-111-thread-2] .t.t.s.TourGuideClientRewardsServiceImpl : Service - Distance calculated: 3618.1719090559586
2021-11-27 20:34:20.931  INFO 530588 --- [ool-54-thread-2] .t.t.s.TourGuideClientRewardsServiceImpl : Service - Distance calculated: 1906.7972782801585
2021-11-27 20:34:20.931  INFO 530588 --- [ol-111-thread-2] .t.t.s.TourGuideClientRewardsServiceImpl : Service - Distance calculated: 3784.9177674581597
2021-11-27 20:34:20.931  INFO 530588 --- [ool-54-thread-2] .t.t.s.TourGuideClientRewardsServiceImpl : Service - Distance calculated: 2360.645624935619
2021-11-27 20:34:20.931  INFO 530588 --- [ol-111-thread-2] .t.t.s.TourGuideClientRewardsServiceImpl : Service - Distance calculated: 1373.9931846998434
2021-11-27 20:34:20.931  INFO 530588 --- [ool-54-thread-2] .t.t.s.TourGuideClientRewardsServiceImpl : Service - Distance calculated: 2434.494471527265
2021-11-27 20:34:20.931  INFO 530588 --- [ol-111-thread-2] .t.t.s.TourGuideClientRewardsServiceImpl : Service - Distance calculated: 3669.256041531166
2021-11-27 20:34:20.931  INFO 530588 --- [ool-54-thread-2] .t.t.s.TourGuideClientRewardsServiceImpl : Service - Distance calculated: 2148.3967563579567
2021-11-27 20:34:20.931  INFO 530588 --- [ol-111-thread-2] .t.t.s.TourGuideClientRewardsServiceImpl : Service - Distance calculated: 3657.5701146440047
2021-11-27 20:34:20.931  INFO 530588 --- [ool-54-thread-2] .t.t.s.TourGuideClientRewardsServiceImpl : Service - Distance calculated: 2282.746325565392
2021-11-27 20:34:20.931  INFO 530588 --- [ol-111-thread-2] .t.t.s.TourGuideClientRewardsServiceImpl : Service - Distance calculated: 3756.084221549691
2021-11-27 20:34:20.931  INFO 530588 --- [ool-54-thread-2] .t.t.s.TourGuideClientRewardsServiceImpl : Service - Distance calculated: 2289.4339721013357
2021-11-27 20:34:20.931  INFO 530588 --- [ol-111-thread-2] .t.t.s.TourGuideClientRewardsServiceImpl : Service - Distance calculated: 4525.569816750162
2021-11-27 20:34:20.931  INFO 530588 --- [ool-54-thread-2] .t.t.s.TourGuideClientRewardsServiceImpl : Service - Distance calculated: 1204.372289719331
2021-11-27 20:34:20.931  INFO 530588 --- [ol-111-thread-2] .t.t.s.TourGuideClientRewardsServiceImpl : Service - Distance calculated: 4064.763554094762
2021-11-27 20:34:20.931  INFO 530588 --- [ool-54-thread-2] .t.t.s.TourGuideClientRewardsServiceImpl : Service - Distance calculated: 1742.5694022642394
2021-11-27 20:34:20.931  INFO 530588 --- [ol-111-thread-2] .t.t.s.TourGuideClientRewardsServiceImpl : Service - Distance calculated: 4003.1087941226087
2021-11-27 20:34:20.931  INFO 530588 --- [ool-54-thread-2] .t.t.s.TourGuideClientRewardsServiceImpl : Service - Distance calculated: 1576.7472428725728
2021-11-27 20:34:20.926  INFO 530588 --- [ol-141-thread-2] .t.t.s.TourGuideClientRewardsServiceImpl : Service - Distance calculated: 3085.6709530004464
2021-11-27 20:34:20.926  INFO 530588 --- [ol-102-thread-2] .t.t.s.TourGuideClientRewardsServiceImpl : Service - Distance calculated: 4182.494461360981
2021-11-27 20:34:20.926  INFO 530588 --- [ol-114-thread-2] .t.t.s.TourGuideClientRewardsServiceImpl : Service - Distance calculated: 7625.393184160346
2021-11-27 20:34:20.931  INFO 530588 --- [ol-141-thread-2] .t.t.s.TourGuideClientRewardsServiceImpl : Service - Distance calculated: 2977.9163720747156
2021-11-27 20:34:20.926  INFO 530588 --- [ool-47-thread-2] .t.t.s.TourGuideClientRewardsServiceImpl : Service - Distance calculated: 4332.525893546615
2021-11-27 20:34:20.931  INFO 530588 --- [ol-141-thread-2] .t.t.s.TourGuideClientRewardsServiceImpl : Service - Distance calculated: 2276.5070697730357
2021-11-27 20:34:20.926  INFO 530588 --- [ol-133-thread-2] .t.t.s.TourGuideClientRewardsServiceImpl : Service - Distance calculated: 5658.460882890858
2021-11-27 20:34:20.931  INFO 530588 --- [ool-47-thread-2] .t.t.s.TourGuideClientRewardsServiceImpl : Service - Distance calculated: 3914.7761365073893
2021-11-27 20:34:20.926  INFO 530588 --- [ol-106-thread-2] .t.t.s.TourGuideClientRewardsServiceImpl : Service - Distance calculated: 5193.648021515147
2021-11-27 20:34:20.931  INFO 530588 --- [ol-133-thread-2] .t.t.s.TourGuideClientRewardsServiceImpl : Service - Distance calculated: 6604.137865836339
2021-11-27 20:34:20.926  INFO 530588 --- [ool-50-thread-2] .t.t.s.TourGuideClientRewardsServiceImpl : Service - Distance calculated: 381.37921013320556
2021-11-27 20:34:20.931  INFO 530588 --- [ol-106-thread-2] .t.t.s.TourGuideClientRewardsServiceImpl : Service - Distance calculated: 5391.841990367115
2021-11-27 20:34:20.926  INFO 530588 --- [ool-90-thread-2] .t.t.s.TourGuideClientRewardsServiceImpl : Service - Distance calculated: 9570.45182549182
2021-11-27 20:34:20.931  INFO 530588 --- [ol-106-thread-2] .t.t.s.TourGuideClientRewardsServiceImpl : Service - Distance calculated: 5012.454633946415
2021-11-27 20:34:20.931  INFO 530588 --- [ool-50-thread-2] .t.t.s.TourGuideClientRewardsServiceImpl : Service - Distance calculated: 988.1412131127506
2021-11-27 20:34:20.926  INFO 530588 --- [ool-92-thread-2] .t.t.s.TourGuideClientRewardsServiceImpl : Service - Distance calculated: 8364.748449181121
2021-11-27 20:34:20.931  INFO 530588 --- [ool-90-thread-2] .t.t.s.TourGuideClientRewardsServiceImpl : Service - Distance calculated: 10113.741980158773
2021-11-27 20:34:20.926  INFO 530588 --- [ol-116-thread-2] .t.t.s.TourGuideClientRewardsServiceImpl : Service - Distance calculated: 2192.980449173402
2021-11-27 20:34:20.931  INFO 530588 --- [ool-90-thread-2] .t.t.s.TourGuideClientRewardsServiceImpl : Service - Distance calculated: 8201.092486079355
2021-11-27 20:34:20.926  INFO 530588 --- [ool-79-thread-2] .t.t.s.TourGuideClientRewardsServiceImpl : Service - Distance calculated: 3768.1608647047415
2021-11-27 20:34:20.931  INFO 530588 --- [ol-116-thread-2] .t.t.s.TourGuideClientRewardsServiceImpl : Service - Distance calculated: 2281.893177169897
2021-11-27 20:34:20.926  INFO 530588 --- [ool-98-thread-2] .t.t.s.TourGuideClientRewardsServiceImpl : Service - Distance calculated: 6397.317166881909
2021-11-27 20:34:20.931  INFO 530588 --- [ool-79-thread-2] .t.t.s.TourGuideClientRewardsServiceImpl : Service - Distance calculated: 5521.6229902397345
2021-11-27 20:34:20.926  INFO 530588 --- [ol-105-thread-2] .t.t.s.TourGuideClientRewardsServiceImpl : Service - Distance calculated: 6269.592117581528
2021-11-27 20:34:20.931  INFO 530588 --- [ool-98-thread-2] .t.t.s.TourGuideClientRewardsServiceImpl : Service - Distance calculated: 6327.289097915434
2021-11-27 20:34:20.926  INFO 530588 --- [ool-63-thread-2] .t.t.s.TourGuideClientRewardsServiceImpl : Service - Distance calculated: 2121.2537110475796
2021-11-27 20:34:20.931  INFO 530588 --- [ool-98-thread-2] .t.t.s.TourGuideClientRewardsServiceImpl : Service - Distance calculated: 5499.555508132824
2021-11-27 20:34:20.931  INFO 530588 --- [ol-105-thread-2] .t.t.s.TourGuideClientRewardsServiceImpl : Service - Distance calculated: 7105.328770484912
2021-11-27 20:34:20.931  INFO 530588 --- [ool-98-thread-2] .t.t.s.TourGuideClientRewardsServiceImpl : Service - Distance calculated: 5854.763745828883
2021-11-27 20:34:20.931  INFO 530588 --- [ol-105-thread-2] .t.t.s.TourGuideClientRewardsServiceImpl : Service - Distance calculated: 5578.1501463198765
2021-11-27 20:34:20.926  INFO 530588 --- [ol-128-thread-2] .t.t.s.TourGuideClientRewardsServiceImpl : Service - Distance calculated: 5527.902143752043
2021-11-27 20:34:20.931  INFO 530588 --- [ool-98-thread-2] .t.t.s.TourGuideClientRewardsServiceImpl : Service - Distance calculated: 5962.2649334730495
2021-11-27 20:34:20.931  INFO 530588 --- [ol-105-thread-2] .t.t.s.TourGuideClientRewardsServiceImpl : Service - Distance calculated: 5761.5282413429195
2021-11-27 20:34:20.926  INFO 530588 --- [ool-94-thread-2] .t.t.s.TourGuideClientRewardsServiceImpl : Service - Distance calculated: 4657.154879464023
2021-11-27 20:34:20.931  INFO 530588 --- [ol-105-thread-2] .t.t.s.TourGuideClientRewardsServiceImpl : Service - Distance calculated: 6021.372007235287
2021-11-27 20:34:20.926  INFO 530588 --- [ol-112-thread-2] .t.t.s.TourGuideClientRewardsServiceImpl : Service - Distance calculated: 1223.089161944561
2021-11-27 20:34:20.931  INFO 530588 --- [ool-94-thread-2] .t.t.s.TourGuideClientRewardsServiceImpl : Service - Distance calculated: 4508.490564855057
2021-11-27 20:34:20.926  INFO 530588 --- [ool-58-thread-2] .t.t.s.TourGuideClientRewardsServiceImpl : Service - Distance calculated: 5035.078036593585
2021-11-27 20:34:20.926  INFO 530588 --- [ool-99-thread-2] .t.t.s.TourGuideClientRewardsServiceImpl : Service - Distance calculated: 3287.8573051740277
2021-11-27 20:34:20.927  INFO 530588 --- [ool-75-thread-2] .t.t.s.TourGuideClientRewardsServiceImpl : Service - Distance calculated: 1625.1230460329562
2021-11-27 20:34:20.931  INFO 530588 --- [ool-99-thread-2] .t.t.s.TourGuideClientRewardsServiceImpl : Service - Distance calculated: 2892.8546835321717
2021-11-27 20:34:20.927  INFO 530588 --- [ool-77-thread-2] .t.t.s.TourGuideClientRewardsServiceImpl : Service - Distance calculated: 2597.2357502305513
2021-11-27 20:34:20.931  INFO 530588 --- [ool-75-thread-2] .t.t.s.TourGuideClientRewardsServiceImpl : Service - Distance calculated: 1659.237951468037
2021-11-27 20:34:20.931  INFO 530588 --- [ool-75-thread-2] .t.t.s.TourGuideClientRewardsServiceImpl : Service - Distance calculated: 355.07380511708027
2021-11-27 20:34:20.931  INFO 530588 --- [ool-75-thread-2] .t.t.s.TourGuideClientRewardsServiceImpl : Service - Distance calculated: 356.9583886602901
2021-11-27 20:34:20.927  INFO 530588 --- [ool-91-thread-2] .t.t.s.TourGuideClientRewardsServiceImpl : Service - Distance calculated: 7409.398339288986
2021-11-27 20:34:20.927  INFO 530588 --- [ool-49-thread-2] .t.t.s.TourGuideClientRewardsServiceImpl : Service - Distance calculated: 9285.266237662438
2021-11-27 20:34:20.931  INFO 530588 --- [ool-49-thread-2] .t.t.s.TourGuideClientRewardsServiceImpl : Service - Distance calculated: 9360.309163826814
2021-11-27 20:34:20.931  INFO 530588 --- [ool-91-thread-2] .t.t.s.TourGuideClientRewardsServiceImpl : Service - Distance calculated: 7505.08478958421
2021-11-27 20:34:20.932  INFO 530588 --- [ool-49-thread-2] .t.t.s.TourGuideClientRewardsServiceImpl : Service - Distance calculated: 9286.579212912324
2021-11-27 20:34:20.932  INFO 530588 --- [ool-49-thread-2] .t.t.s.TourGuideClientRewardsServiceImpl : Service - Distance calculated: 9388.654638603719
2021-11-27 20:34:20.932  INFO 530588 --- [ool-49-thread-2] .t.t.s.TourGuideClientRewardsServiceImpl : Service - Distance calculated: 9583.99180399574
2021-11-27 20:34:20.932  INFO 530588 --- [ool-91-thread-2] .t.t.s.TourGuideClientRewardsServiceImpl : Service - Distance calculated: 7352.307432261929
2021-11-27 20:34:20.927  INFO 530588 --- [ool-53-thread-2] .t.t.s.TourGuideClientRewardsServiceImpl : Service - Distance calculated: 115.99464245531166
2021-11-27 20:34:20.927  INFO 530588 --- [ool-60-thread-2] .t.t.s.TourGuideClientRewardsServiceImpl : Service - Distance calculated: 7280.198680666888
2021-11-27 20:34:20.927  INFO 530588 --- [ol-136-thread-2] .t.t.s.TourGuideClientRewardsServiceImpl : Service - Distance calculated: 5571.8923282034275
2021-11-27 20:34:20.932  INFO 530588 --- [ool-60-thread-2] .t.t.s.TourGuideClientRewardsServiceImpl : Service - Distance calculated: 7805.945251966233
2021-11-27 20:34:20.932  INFO 530588 --- [ool-60-thread-2] .t.t.s.TourGuideClientRewardsServiceImpl : Service - Distance calculated: 8069.208823991231
2021-11-27 20:34:20.932  INFO 530588 --- [ol-136-thread-2] .t.t.s.TourGuideClientRewardsServiceImpl : Service - Distance calculated: 6547.782377531662
2021-11-27 20:34:20.932  INFO 530588 --- [ool-60-thread-2] .t.t.s.TourGuideClientRewardsServiceImpl : Service - Distance calculated: 7154.493315456547
2021-11-27 20:34:20.932  INFO 530588 --- [ol-136-thread-2] .t.t.s.TourGuideClientRewardsServiceImpl : Service - Distance calculated: 4522.916876796104
2021-11-27 20:34:20.932  INFO 530588 --- [ool-60-thread-2] .t.t.s.TourGuideClientRewardsServiceImpl : Service - Distance calculated: 3411.4284889719265
2021-11-27 20:34:20.932  INFO 530588 --- [ol-136-thread-2] .t.t.s.TourGuideClientRewardsServiceImpl : Service - Distance calculated: 5357.443814863757
2021-11-27 20:34:20.932  INFO 530588 --- [ool-60-thread-2] .t.t.s.TourGuideClientRewardsServiceImpl : Service - Distance calculated: 3028.2189545713345
2021-11-27 20:34:20.927  INFO 530588 --- [ol-139-thread-2] .t.t.s.TourGuideClientRewardsServiceImpl : Service - Distance calculated: 7434.769633989834
2021-11-27 20:34:20.932  INFO 530588 --- [ool-60-thread-2] .t.t.s.TourGuideClientRewardsServiceImpl : Service - Distance calculated: 3266.0078761430373
2021-11-27 20:34:20.932  INFO 530588 --- [ol-139-thread-2] .t.t.s.TourGuideClientRewardsServiceImpl : Service - Distance calculated: 7455.693454862841
2021-11-27 20:34:20.932  INFO 530588 --- [ool-60-thread-2] .t.t.s.TourGuideClientRewardsServiceImpl : Service - Distance calculated: 3295.7155355669224
2021-11-27 20:34:20.927  INFO 530588 --- [ol-126-thread-2] .t.t.s.TourGuideClientRewardsServiceImpl : Service - Distance calculated: 10696.29686158379
2021-11-27 20:34:20.932  INFO 530588 --- [ol-126-thread-2] .t.t.s.TourGuideClientRewardsServiceImpl : Service - Distance calculated: 10754.49101321875
2021-11-27 20:34:20.927  INFO 530588 --- [ool-52-thread-2] .t.t.s.TourGuideClientRewardsServiceImpl : Service - Distance calculated: 1742.5694022642394
2021-11-27 20:34:20.928  INFO 530588 --- [ol-110-thread-2] .t.t.s.TourGuideClientRewardsServiceImpl : Service - Distance calculated: 10076.877570670937
2021-11-27 20:34:20.928  INFO 530588 --- [ol-101-thread-2] .t.t.s.TourGuideClientRewardsServiceImpl : Service - Distance calculated: 7029.934513139739
2021-11-27 20:34:20.932  INFO 530588 --- [ol-110-thread-2] .t.t.s.TourGuideClientRewardsServiceImpl : Service - Distance calculated: 9404.371120757354
2021-11-27 20:34:20.928  INFO 530588 --- [ol-127-thread-2] .t.t.s.TourGuideClientRewardsServiceImpl : Service - Distance calculated: 3015.6940552076103
2021-11-27 20:34:20.932  INFO 530588 --- [ol-101-thread-2] .t.t.s.TourGuideClientRewardsServiceImpl : Service - Distance calculated: 6861.57910776766
2021-11-27 20:34:20.932  INFO 530588 --- [ol-127-thread-2] .t.t.s.TourGuideClientRewardsServiceImpl : Service - Distance calculated: 3668.6620034164525
2021-11-27 20:34:20.928  INFO 530588 --- [ool-59-thread-2] .t.t.s.TourGuideClientRewardsServiceImpl : Service - Distance calculated: 9742.165374777738
2021-11-27 20:34:20.928  INFO 530588 --- [ol-131-thread-2] .t.t.s.TourGuideClientRewardsServiceImpl : Service - Distance calculated: 3385.0003407584913
2021-11-27 20:34:20.928  INFO 530588 --- [ol-107-thread-2] .t.t.s.TourGuideClientRewardsServiceImpl : Service - Distance calculated: 5244.666334671735
2021-11-27 20:34:20.932  INFO 530588 --- [ool-59-thread-2] .t.t.s.TourGuideClientRewardsServiceImpl : Service - Distance calculated: 1864.2111552030858
2021-11-27 20:34:20.928  INFO 530588 --- [ol-100-thread-2] .t.t.s.TourGuideClientRewardsServiceImpl : Service - Distance calculated: 7187.072688757748
2021-11-27 20:34:20.932  INFO 530588 --- [ool-59-thread-2] .t.t.s.TourGuideClientRewardsServiceImpl : Service - Distance calculated: 1553.5915809678945
2021-11-27 20:34:20.929  INFO 530588 --- [ool-44-thread-2] .t.t.s.TourGuideClientRewardsServiceImpl : Service - Distance calculated: 9479.005292021913
2021-11-27 20:34:20.932  INFO 530588 --- [ool-59-thread-2] .t.t.s.TourGuideClientRewardsServiceImpl : Service - Distance calculated: 1853.2908861685519
2021-11-27 20:34:20.929  INFO 530588 --- [ool-46-thread-2] .t.t.s.TourGuideClientRewardsServiceImpl : Service - Distance calculated: 5307.012289456353
2021-11-27 20:34:20.932  INFO 530588 --- [ool-44-thread-2] .t.t.s.TourGuideClientRewardsServiceImpl : Service - Distance calculated: 8813.637085916724
2021-11-27 20:34:20.929  INFO 530588 --- [ol-117-thread-2] .t.t.s.TourGuideClientRewardsServiceImpl : Service - Distance calculated: 11581.303425000777
2021-11-27 20:34:20.929  INFO 530588 --- [ool-73-thread-2] .t.t.s.TourGuideClientRewardsServiceImpl : Service - Distance calculated: 3204.961848523869
2021-11-27 20:34:20.929  INFO 530588 --- [ol-123-thread-2] .t.t.s.TourGuideClientRewardsServiceImpl : Service - Distance calculated: 6552.25134530234
2021-11-27 20:34:20.932  INFO 530588 --- [ool-73-thread-2] .t.t.s.TourGuideClientRewardsServiceImpl : Service - Distance calculated: 3653.702908212292
2021-11-27 20:34:20.929  INFO 530588 --- [ool-65-thread-2] .t.t.s.TourGuideClientRewardsServiceImpl : Service - Distance calculated: 7563.565861051526
2021-11-27 20:34:20.932  INFO 530588 --- [ol-123-thread-2] .t.t.s.TourGuideClientRewardsServiceImpl : Service - Distance calculated: 6076.40776723941
2021-11-27 20:34:20.932  INFO 530588 --- [ool-65-thread-2] .t.t.s.TourGuideClientRewardsServiceImpl : Service - Distance calculated: 7362.435822577663
2021-11-27 20:34:20.932  INFO 530588 --- [ool-65-thread-2] .t.t.s.TourGuideClientRewardsServiceImpl : Service - Distance calculated: 9361.251965163256
2021-11-27 20:34:20.932  INFO 530588 --- [ool-65-thread-2] .t.t.s.TourGuideClientRewardsServiceImpl : Service - Distance calculated: 7673.505898936842
2021-11-27 20:34:20.932  INFO 530588 --- [ool-65-thread-2] .t.t.s.TourGuideClientRewardsServiceImpl : Service - Distance calculated: 7577.923932192609
2021-11-27 20:34:20.932  INFO 530588 --- [ool-65-thread-2] .t.t.s.TourGuideClientRewardsServiceImpl : Service - Distance calculated: 7524.951363016349
2021-11-27 20:34:20.932  INFO 530588 --- [ol-123-thread-2] .t.t.s.TourGuideClientRewardsServiceImpl : Service - Distance calculated: 6848.602808774801
2021-11-27 20:34:20.929  INFO 530588 --- [ol-138-thread-2] .t.t.s.TourGuideClientRewardsServiceImpl : Service - Distance calculated: 7019.2897132971675
2021-11-27 20:34:20.932  INFO 530588 --- [ol-123-thread-2] .t.t.s.TourGuideClientRewardsServiceImpl : Service - Distance calculated: 7941.251078112658
2021-11-27 20:34:20.932  INFO 530588 --- [ool-65-thread-2] .t.t.s.TourGuideClientRewardsServiceImpl : Service - Distance calculated: 6680.634893855938
2021-11-27 20:34:20.929  INFO 530588 --- [ol-115-thread-2] .t.t.s.TourGuideClientRewardsServiceImpl : Service - Distance calculated: 8348.030260347523
2021-11-27 20:34:20.932  INFO 530588 --- [ool-65-thread-2] .t.t.s.TourGuideClientRewardsServiceImpl : Service - Distance calculated: 6858.998967900921
2021-11-27 20:34:20.932  INFO 530588 --- [ool-65-thread-2] .t.t.s.TourGuideClientRewardsServiceImpl : Service - Distance calculated: 7078.039960420221
2021-11-27 20:34:20.929  INFO 530588 --- [ool-48-thread-2] .t.t.s.TourGuideClientRewardsServiceImpl : Service - Distance calculated: 7099.516758717235
2021-11-27 20:34:20.932  INFO 530588 --- [ool-65-thread-2] .t.t.s.TourGuideClientRewardsServiceImpl : Service - Distance calculated: 6874.600568310219
2021-11-27 20:34:20.932  INFO 530588 --- [ool-65-thread-2] .t.t.s.TourGuideClientRewardsServiceImpl : Service - Distance calculated: 7282.200319344413
2021-11-27 20:34:20.932  INFO 530588 --- [ool-48-thread-2] .t.t.s.TourGuideClientRewardsServiceImpl : Service - Distance calculated: 6922.722885490504
2021-11-27 20:34:20.932  INFO 530588 --- [ool-65-thread-2] .t.t.s.TourGuideClientRewardsServiceImpl : Service - Distance calculated: 6881.629165095476
2021-11-27 20:34:20.929  INFO 530588 --- [ool-82-thread-2] .t.t.s.TourGuideClientRewardsServiceImpl : Service - Distance calculated: 2824.5804902242858
2021-11-27 20:34:20.929  INFO 530588 --- [ool-95-thread-2] .t.t.s.TourGuideClientRewardsServiceImpl : Service - Distance calculated: 8040.066638886963
2021-11-27 20:34:20.929 DEBUG 530588 --- [    Test worker] c.t.t.s.TourGuideClientServiceImpl       : Service - Visited location added for user: internalUser57
2021-11-27 20:34:20.929  INFO 530588 --- [ol-118-thread-2] .t.t.s.TourGuideClientRewardsServiceImpl : Service - Distance calculated: 7590.597600116845
2021-11-27 20:34:20.929  INFO 530588 --- [ol-134-thread-2] .t.t.s.TourGuideClientRewardsServiceImpl : Service - Distance calculated: 5196.895293486473
2021-11-27 20:34:20.929  INFO 530588 --- [ool-57-thread-2] .t.t.s.TourGuideClientRewardsServiceImpl : Service - Distance calculated: 9228.022309069942
2021-11-27 20:34:20.933  INFO 530588 --- [ol-134-thread-2] .t.t.s.TourGuideClientRewardsServiceImpl : Service - Distance calculated: 5266.9494865221495
2021-11-27 20:34:20.933  INFO 530588 --- [ol-134-thread-2] .t.t.s.TourGuideClientRewardsServiceImpl : Service - Distance calculated: 6162.525298904745
2021-11-27 20:34:20.933  INFO 530588 --- [ol-134-thread-2] .t.t.s.TourGuideClientRewardsServiceImpl : Service - Distance calculated: 4573.843134371179
2021-11-27 20:34:20.933  INFO 530588 --- [ol-134-thread-2] .t.t.s.TourGuideClientRewardsServiceImpl : Service - Distance calculated: 4746.056632383726
2021-11-27 20:34:20.929  INFO 530588 --- [ol-109-thread-2] .t.t.s.TourGuideClientRewardsServiceImpl : Service - Distance calculated: 8103.647292202974
2021-11-27 20:34:20.929  INFO 530588 --- [ool-64-thread-2] .t.t.s.TourGuideClientRewardsServiceImpl : Service - Distance calculated: 8300.939307772374
2021-11-27 20:34:20.933 DEBUG 530588 --- [    Test worker] c.t.t.s.TourGuideClientServiceImpl       : Service - Visited location added for user: internalUser52
2021-11-27 20:34:20.929  INFO 530588 --- [ool-43-thread-2] .t.t.s.TourGuideClientRewardsServiceImpl : Service - Distance calculated: 7890.365623842607
2021-11-27 20:34:20.929  INFO 530588 --- [ool-85-thread-2] .t.t.s.TourGuideClientRewardsServiceImpl : Service - Distance calculated: 7927.357762503847
2021-11-27 20:34:20.933  INFO 530588 --- [ool-43-thread-2] .t.t.s.TourGuideClientRewardsServiceImpl : Service - Distance calculated: 6806.689908128104
2021-11-27 20:34:20.929  INFO 530588 --- [ool-83-thread-2] .t.t.s.TourGuideClientRewardsServiceImpl : Service - Distance calculated: 10831.587784874791
2021-11-27 20:34:20.933  INFO 530588 --- [ool-43-thread-2] .t.t.s.TourGuideClientRewardsServiceImpl : Service - Distance calculated: 6767.687295842533
2021-11-27 20:34:20.930  INFO 530588 --- [ol-103-thread-2] .t.t.s.TourGuideClientRewardsServiceImpl : Service - Distance calculated: 2653.9222662611555
2021-11-27 20:34:20.933  INFO 530588 --- [ool-43-thread-2] .t.t.s.TourGuideClientRewardsServiceImpl : Service - Distance calculated: 9764.82066529476
2021-11-27 20:34:20.930  INFO 530588 --- [ool-88-thread-2] .t.t.s.TourGuideClientRewardsServiceImpl : Service - Distance calculated: 7689.992115836893
2021-11-27 20:34:20.930  INFO 530588 --- [ool-51-thread-2] .t.t.s.TourGuideClientRewardsServiceImpl : Service - Distance calculated: 275.0295226274215
2021-11-27 20:34:20.933  INFO 530588 --- [ool-88-thread-2] .t.t.s.TourGuideClientRewardsServiceImpl : Service - Distance calculated: 4479.665190493015
2021-11-27 20:34:20.930  INFO 530588 --- [ool-56-thread-2] .t.t.s.TourGuideClientRewardsServiceImpl : Service - Distance calculated: 5366.778933917672
2021-11-27 20:34:20.930  INFO 530588 --- [ol-130-thread-2] .t.t.s.TourGuideClientRewardsServiceImpl : Service - Distance calculated: 7594.607089865499
2021-11-27 20:34:20.933  INFO 530588 --- [ool-51-thread-2] .t.t.s.TourGuideClientRewardsServiceImpl : Service - Distance calculated: 1111.3036203620243
2021-11-27 20:34:20.930  INFO 530588 --- [ol-122-thread-2] .t.t.s.TourGuideClientRewardsServiceImpl : Service - Distance calculated: 6793.873449677371
2021-11-27 20:34:20.933  INFO 530588 --- [ool-51-thread-2] .t.t.s.TourGuideClientRewardsServiceImpl : Service - Distance calculated: 1543.9779022390594
2021-11-27 20:34:20.930  INFO 530588 --- [ool-70-thread-2] .t.t.s.TourGuideClientRewardsServiceImpl : Service - Distance calculated: 3516.568622863364
2021-11-27 20:34:20.930  INFO 530588 --- [ool-61-thread-2] .t.t.s.TourGuideClientRewardsServiceImpl : Service - Distance calculated: 10308.196299916806
2021-11-27 20:34:20.930  INFO 530588 --- [ool-68-thread-2] .t.t.s.TourGuideClientRewardsServiceImpl : Service - Distance calculated: 4125.746457971595
2021-11-27 20:34:20.930  INFO 530588 --- [ol-120-thread-2] .t.t.s.TourGuideClientRewardsServiceImpl : Service - Distance calculated: 4945.16932541323
2021-11-27 20:34:20.930  INFO 530588 --- [ol-140-thread-2] .t.t.s.TourGuideClientRewardsServiceImpl : Service - Distance calculated: 5641.742408421013
2021-11-27 20:34:20.933  INFO 530588 --- [ol-120-thread-2] .t.t.s.TourGuideClientRewardsServiceImpl : Service - Distance calculated: 5958.853642052107
2021-11-27 20:34:20.930  INFO 530588 --- [ol-104-thread-2] .t.t.s.TourGuideClientRewardsServiceImpl : Service - Distance calculated: 2572.921558956303
2021-11-27 20:34:20.933  INFO 530588 --- [ol-140-thread-2] .t.t.s.TourGuideClientRewardsServiceImpl : Service - Distance calculated: 8895.654975560465
2021-11-27 20:34:20.933  INFO 530588 --- [ol-104-thread-2] .t.t.s.TourGuideClientRewardsServiceImpl : Service - Distance calculated: 2486.751234583286
2021-11-27 20:34:20.930  INFO 530588 --- [ool-81-thread-2] .t.t.s.TourGuideClientRewardsServiceImpl : Service - Distance calculated: 5094.963908600125
2021-11-27 20:34:20.930  INFO 530588 --- [ol-137-thread-2] .t.t.s.TourGuideClientRewardsServiceImpl : Service - Distance calculated: 6994.353808302579
2021-11-27 20:34:20.933  INFO 530588 --- [ool-81-thread-2] .t.t.s.TourGuideClientRewardsServiceImpl : Service - Distance calculated: 4660.185393811013
2021-11-27 20:34:20.930  INFO 530588 --- [ool-71-thread-2] .t.t.s.TourGuideClientRewardsServiceImpl : Service - Distance calculated: 10272.838117488349
2021-11-27 20:34:20.933  INFO 530588 --- [ool-81-thread-2] .t.t.s.TourGuideClientRewardsServiceImpl : Service - Distance calculated: 4926.689232731756
2021-11-27 20:34:20.933  INFO 530588 --- [ol-137-thread-2] .t.t.s.TourGuideClientRewardsServiceImpl : Service - Distance calculated: 7184.024989137874
2021-11-27 20:34:20.933  INFO 530588 --- [ool-81-thread-2] .t.t.s.TourGuideClientRewardsServiceImpl : Service - Distance calculated: 4397.529260252525
2021-11-27 20:34:20.933  INFO 530588 --- [ool-71-thread-2] .t.t.s.TourGuideClientRewardsServiceImpl : Service - Distance calculated: 10134.094437837563
2021-11-27 20:34:20.933  INFO 530588 --- [ol-137-thread-2] .t.t.s.TourGuideClientRewardsServiceImpl : Service - Distance calculated: 6816.411701461803
2021-11-27 20:34:20.930  INFO 530588 --- [ool-72-thread-2] .t.t.s.TourGuideClientRewardsServiceImpl : Service - Distance calculated: 7337.955258321903
2021-11-27 20:34:20.934  INFO 530588 --- [ol-137-thread-2] .t.t.s.TourGuideClientRewardsServiceImpl : Service - Distance calculated: 7490.798207222193
2021-11-27 20:34:20.930  INFO 530588 --- [ool-67-thread-2] .t.t.s.TourGuideClientRewardsServiceImpl : Service - Distance calculated: 7527.72468187783
2021-11-27 20:34:20.930  INFO 530588 --- [ool-96-thread-2] .t.t.s.TourGuideClientRewardsServiceImpl : Service - Distance calculated: 2605.6841051284537
2021-11-27 20:34:20.934  INFO 530588 --- [ol-137-thread-2] .t.t.s.TourGuideClientRewardsServiceImpl : Service - Distance calculated: 8703.426818852666
2021-11-27 20:34:20.930  INFO 530588 --- [ool-74-thread-2] .t.t.s.TourGuideClientRewardsServiceImpl : Service - Distance calculated: 12229.297358596375
2021-11-27 20:34:20.934  INFO 530588 --- [ool-74-thread-2] .t.t.s.TourGuideClientRewardsServiceImpl : Service - Distance calculated: 12266.431534214698
2021-11-27 20:34:20.934  INFO 530588 --- [ool-74-thread-2] .t.t.s.TourGuideClientRewardsServiceImpl : Service - Distance calculated: 11965.722602735843
2021-11-27 20:34:20.931  INFO 530588 --- [ool-45-thread-2] .t.t.s.TourGuideClientRewardsServiceImpl : Service - Distance calculated: 7948.753204773214
2021-11-27 20:34:20.934  INFO 530588 --- [ool-74-thread-2] .t.t.s.TourGuideClientRewardsServiceImpl : Service - Distance calculated: 11959.85012528037
2021-11-27 20:34:20.934  INFO 530588 --- [ool-45-thread-2] .t.t.s.TourGuideClientRewardsServiceImpl : Service - Distance calculated: 7384.914583104994
2021-11-27 20:34:20.934  INFO 530588 --- [ool-74-thread-2] .t.t.s.TourGuideClientRewardsServiceImpl : Service - Distance calculated: 10738.789658808786
2021-11-27 20:34:20.931  INFO 530588 --- [ool-89-thread-2] .t.t.s.TourGuideClientRewardsServiceImpl : Service - Distance calculated: 10776.915071114247
2021-11-27 20:34:20.934  INFO 530588 --- [ool-74-thread-2] .t.t.s.TourGuideClientRewardsServiceImpl : Service - Distance calculated: 12030.5730401988
2021-11-27 20:34:20.931  INFO 530588 --- [ol-113-thread-2] .t.t.s.TourGuideClientRewardsServiceImpl : Service - Distance calculated: 11299.653191165102
2021-11-27 20:34:20.931  INFO 530588 --- [ool-55-thread-2] .t.t.s.TourGuideClientRewardsServiceImpl : Service - Distance calculated: 6684.8348434416885
2021-11-27 20:34:20.931  INFO 530588 --- [ol-111-thread-2] .t.t.s.TourGuideClientRewardsServiceImpl : Service - Distance calculated: 4143.280852836492
2021-11-27 20:34:20.934  INFO 530588 --- [ool-55-thread-2] .t.t.s.TourGuideClientRewardsServiceImpl : Service - Distance calculated: 7774.617257886286
2021-11-27 20:34:20.931  INFO 530588 --- [ool-54-thread-2] .t.t.s.TourGuideClientRewardsServiceImpl : Service - Distance calculated: 1921.4807999190489
2021-11-27 20:34:20.934  INFO 530588 --- [ol-111-thread-2] .t.t.s.TourGuideClientRewardsServiceImpl : Service - Distance calculated: 3865.851560099565
2021-11-27 20:34:20.931  INFO 530588 --- [ol-102-thread-2] .t.t.s.TourGuideClientRewardsServiceImpl : Service - Distance calculated: 4947.129042131421
2021-11-27 20:34:20.934  INFO 530588 --- [ol-111-thread-2] .t.t.s.TourGuideClientRewardsServiceImpl : Service - Distance calculated: 4061.3448891716407
2021-11-27 20:34:20.931  INFO 530588 --- [ol-114-thread-2] .t.t.s.TourGuideClientRewardsServiceImpl : Service - Distance calculated: 6501.510719263404
2021-11-27 20:34:20.931  INFO 530588 --- [ol-141-thread-2] .t.t.s.TourGuideClientRewardsServiceImpl : Service - Distance calculated: 3124.920501399601
2021-11-27 20:34:20.931  INFO 530588 --- [ool-47-thread-2] .t.t.s.TourGuideClientRewardsServiceImpl : Service - Distance calculated: 3883.3405048338086
2021-11-27 20:34:20.934  INFO 530588 --- [ol-114-thread-2] .t.t.s.TourGuideClientRewardsServiceImpl : Service - Distance calculated: 8292.40603967365
2021-11-27 20:34:20.934  INFO 530588 --- [ol-141-thread-2] .t.t.s.TourGuideClientRewardsServiceImpl : Service - Distance calculated: 2878.924832255317
2021-11-27 20:34:20.934  INFO 530588 --- [ol-114-thread-2] .t.t.s.TourGuideClientRewardsServiceImpl : Service - Distance calculated: 7519.772443980788
2021-11-27 20:34:20.934  INFO 530588 --- [ol-141-thread-2] .t.t.s.TourGuideClientRewardsServiceImpl : Service - Distance calculated: 2856.1584053634633
2021-11-27 20:34:20.931  INFO 530588 --- [ol-133-thread-2] .t.t.s.TourGuideClientRewardsServiceImpl : Service - Distance calculated: 3969.887788942742
2021-11-27 20:34:20.934  INFO 530588 --- [ol-141-thread-2] .t.t.s.TourGuideClientRewardsServiceImpl : Service - Distance calculated: 2934.859164592204
2021-11-27 20:34:20.931  INFO 530588 --- [ol-106-thread-2] .t.t.s.TourGuideClientRewardsServiceImpl : Service - Distance calculated: 5698.795194959702
2021-11-27 20:34:20.931  INFO 530588 --- [ool-50-thread-2] .t.t.s.TourGuideClientRewardsServiceImpl : Service - Distance calculated: 2179.924365616397
2021-11-27 20:34:20.934  INFO 530588 --- [ool-50-thread-2] .t.t.s.TourGuideClientRewardsServiceImpl : Service - Distance calculated: 306.80515376945755
2021-11-27 20:34:20.931  INFO 530588 --- [ool-92-thread-2] .t.t.s.TourGuideClientRewardsServiceImpl : Service - Distance calculated: 7477.346600054502
2021-11-27 20:34:20.931  INFO 530588 --- [ool-90-thread-2] .t.t.s.TourGuideClientRewardsServiceImpl : Service - Distance calculated: 8933.995879955019
2021-11-27 20:34:20.934  INFO 530588 --- [ool-92-thread-2] .t.t.s.TourGuideClientRewardsServiceImpl : Service - Distance calculated: 7357.117163448929
2021-11-27 20:34:20.931  INFO 530588 --- [ol-116-thread-2] .t.t.s.TourGuideClientRewardsServiceImpl : Service - Distance calculated: 3080.6614667907998
2021-11-27 20:34:20.934  INFO 530588 --- [ool-92-thread-2] .t.t.s.TourGuideClientRewardsServiceImpl : Service - Distance calculated: 7574.595592586831
2021-11-27 20:34:20.931  INFO 530588 --- [ool-79-thread-2] .t.t.s.TourGuideClientRewardsServiceImpl : Service - Distance calculated: 6319.5263696988395
2021-11-27 20:34:20.934  INFO 530588 --- [ol-116-thread-2] .t.t.s.TourGuideClientRewardsServiceImpl : Service - Distance calculated: 2812.939586218785
2021-11-27 20:34:20.934  INFO 530588 --- [ool-79-thread-2] .t.t.s.TourGuideClientRewardsServiceImpl : Service - Distance calculated: 4259.204257238048
2021-11-27 20:34:20.934  INFO 530588 --- [ol-116-thread-2] .t.t.s.TourGuideClientRewardsServiceImpl : Service - Distance calculated: 2611.7488647766672
2021-11-27 20:34:20.931  INFO 530588 --- [ool-63-thread-2] .t.t.s.TourGuideClientRewardsServiceImpl : Service - Distance calculated: 2344.858906572391
2021-11-27 20:34:20.934  INFO 530588 --- [ol-116-thread-2] .t.t.s.TourGuideClientRewardsServiceImpl : Service - Distance calculated: 2798.2460203722612
2021-11-27 20:34:20.931  INFO 530588 --- [ool-98-thread-2] .t.t.s.TourGuideClientRewardsServiceImpl : Service - Distance calculated: 5796.161576100679
2021-11-27 20:34:20.934  INFO 530588 --- [ol-116-thread-2] .t.t.s.TourGuideClientRewardsServiceImpl : Service - Distance calculated: 2436.402303355415
2021-11-27 20:34:20.931  INFO 530588 --- [ol-128-thread-2] .t.t.s.TourGuideClientRewardsServiceImpl : Service - Distance calculated: 5618.721042956052
2021-11-27 20:34:20.934  INFO 530588 --- [ol-116-thread-2] .t.t.s.TourGuideClientRewardsServiceImpl : Service - Distance calculated: 2787.293234414107
2021-11-27 20:34:20.934  INFO 530588 --- [ool-98-thread-2] .t.t.s.TourGuideClientRewardsServiceImpl : Service - Distance calculated: 6134.331433896042
2021-11-27 20:34:20.934  INFO 530588 --- [ol-128-thread-2] .t.t.s.TourGuideClientRewardsServiceImpl : Service - Distance calculated: 6305.049150819311
2021-11-27 20:34:20.931  INFO 530588 --- [ol-105-thread-2] .t.t.s.TourGuideClientRewardsServiceImpl : Service - Distance calculated: 5170.300954788907
2021-11-27 20:34:20.934  INFO 530588 --- [ol-128-thread-2] .t.t.s.TourGuideClientRewardsServiceImpl : Service - Distance calculated: 4960.248414388991
2021-11-27 20:34:20.931  INFO 530588 --- [ool-94-thread-2] .t.t.s.TourGuideClientRewardsServiceImpl : Service - Distance calculated: 4327.60297701397
2021-11-27 20:34:20.934  INFO 530588 --- [ol-105-thread-2] .t.t.s.TourGuideClientRewardsServiceImpl : Service - Distance calculated: 5448.393999131368
2021-11-27 20:34:20.934  INFO 530588 --- [ol-105-thread-2] .t.t.s.TourGuideClientRewardsServiceImpl : Service - Distance calculated: 5372.314804059001
2021-11-27 20:34:20.934  INFO 530588 --- [ol-105-thread-2] .t.t.s.TourGuideClientRewardsServiceImpl : Service - Distance calculated: 5967.484261936405
2021-11-27 20:34:20.931  INFO 530588 --- [ol-112-thread-2] .t.t.s.TourGuideClientRewardsServiceImpl : Service - Distance calculated: 699.385264975097
2021-11-27 20:34:20.931  INFO 530588 --- [ool-58-thread-2] .t.t.s.TourGuideClientRewardsServiceImpl : Service - Distance calculated: 6647.8668712494455
2021-11-27 20:34:20.931  INFO 530588 --- [ool-99-thread-2] .t.t.s.TourGuideClientRewardsServiceImpl : Service - Distance calculated: 3008.395216980152
2021-11-27 20:34:20.931  INFO 530588 --- [ool-77-thread-2] .t.t.s.TourGuideClientRewardsServiceImpl : Service - Distance calculated: 2977.0532755590107
2021-11-27 20:34:20.931  INFO 530588 --- [ool-75-thread-2] .t.t.s.TourGuideClientRewardsServiceImpl : Service - Distance calculated: 1371.5607152009568
2021-11-27 20:34:20.935  INFO 530588 --- [ool-99-thread-2] .t.t.s.TourGuideClientRewardsServiceImpl : Service - Distance calculated: 3750.404493336969
2021-11-27 20:34:20.935  INFO 530588 --- [ool-77-thread-2] .t.t.s.TourGuideClientRewardsServiceImpl : Service - Distance calculated: 3884.9819347314597
2021-11-27 20:34:20.935  INFO 530588 --- [ool-99-thread-2] .t.t.s.TourGuideClientRewardsServiceImpl : Service - Distance calculated: 8113.770095731426
2021-11-27 20:34:20.932  INFO 530588 --- [ool-49-thread-2] .t.t.s.TourGuideClientRewardsServiceImpl : Service - Distance calculated: 8843.07735119102
2021-11-27 20:34:20.935  INFO 530588 --- [ool-58-thread-2] .t.t.s.TourGuideClientRewardsServiceImpl : Service - Distance calculated: 6486.7072258394555
2021-11-27 20:34:20.932  INFO 530588 --- [ool-91-thread-2] .t.t.s.TourGuideClientRewardsServiceImpl : Service - Distance calculated: 7209.574843020095
2021-11-27 20:34:20.932  INFO 530588 --- [ool-53-thread-2] .t.t.s.TourGuideClientRewardsServiceImpl : Service - Distance calculated: 1428.8577204882306
2021-11-27 20:34:20.932  INFO 530588 --- [ol-136-thread-2] .t.t.s.TourGuideClientRewardsServiceImpl : Service - Distance calculated: 6377.898398883404
2021-11-27 20:34:20.932  INFO 530588 --- [ol-139-thread-2] .t.t.s.TourGuideClientRewardsServiceImpl : Service - Distance calculated: 7038.9941868912765
2021-11-27 20:34:20.935  INFO 530588 --- [ol-136-thread-2] .t.t.s.TourGuideClientRewardsServiceImpl : Service - Distance calculated: 5632.752106074896
2021-11-27 20:34:20.935  INFO 530588 --- [ol-139-thread-2] .t.t.s.TourGuideClientRewardsServiceImpl : Service - Distance calculated: 7240.976634260779
2021-11-27 20:34:20.935  INFO 530588 --- [ol-136-thread-2] .t.t.s.TourGuideClientRewardsServiceImpl : Service - Distance calculated: 4997.482225837618
2021-11-27 20:34:20.935  INFO 530588 --- [ol-139-thread-2] .t.t.s.TourGuideClientRewardsServiceImpl : Service - Distance calculated: 4829.841716110655
2021-11-27 20:34:20.935  INFO 530588 --- [ol-136-thread-2] .t.t.s.TourGuideClientRewardsServiceImpl : Service - Distance calculated: 4580.917401029407
2021-11-27 20:34:20.932  INFO 530588 --- [ool-60-thread-2] .t.t.s.TourGuideClientRewardsServiceImpl : Service - Distance calculated: 1996.6466469853628
2021-11-27 20:34:20.935  INFO 530588 --- [ol-136-thread-2] .t.t.s.TourGuideClientRewardsServiceImpl : Service - Distance calculated: 4981.409365677166
2021-11-27 20:34:20.932  INFO 530588 --- [ol-126-thread-2] .t.t.s.TourGuideClientRewardsServiceImpl : Service - Distance calculated: 10611.060341525357
2021-11-27 20:34:20.935  INFO 530588 --- [ool-60-thread-2] .t.t.s.TourGuideClientRewardsServiceImpl : Service - Distance calculated: 1994.6038390207282
2021-11-27 20:34:20.932  INFO 530588 --- [ool-52-thread-2] .t.t.s.TourGuideClientRewardsServiceImpl : Service - Distance calculated: 1576.7472428725728
2021-11-27 20:34:20.935  INFO 530588 --- [ool-52-thread-2] .t.t.s.TourGuideClientRewardsServiceImpl : Service - Distance calculated: 1921.4807999190489
2021-11-27 20:34:20.935  INFO 530588 --- [ool-52-thread-2] .t.t.s.TourGuideClientRewardsServiceImpl : Service - Distance calculated: 1277.6245433336508
2021-11-27 20:34:20.935  INFO 530588 --- [ool-52-thread-2] .t.t.s.TourGuideClientRewardsServiceImpl : Service - Distance calculated: 87.03441722159666
2021-11-27 20:34:20.932  INFO 530588 --- [ol-110-thread-2] .t.t.s.TourGuideClientRewardsServiceImpl : Service - Distance calculated: 8877.532580298472
2021-11-27 20:34:20.935  INFO 530588 --- [ool-52-thread-2] .t.t.s.TourGuideClientRewardsServiceImpl : Service - Distance calculated: 2127.2478407793283
2021-11-27 20:34:20.932  INFO 530588 --- [ol-101-thread-2] .t.t.s.TourGuideClientRewardsServiceImpl : Service - Distance calculated: 3987.4586658012995
2021-11-27 20:34:20.935  INFO 530588 --- [ool-52-thread-2] .t.t.s.TourGuideClientRewardsServiceImpl : Service - Distance calculated: 2578.910516018122
2021-11-27 20:34:20.935  INFO 530588 --- [ol-110-thread-2] .t.t.s.TourGuideClientRewardsServiceImpl : Service - Distance calculated: 9620.383714808413
2021-11-27 20:34:20.935  INFO 530588 --- [ool-52-thread-2] .t.t.s.TourGuideClientRewardsServiceImpl : Service - Distance calculated: 680.6158831369517
2021-11-27 20:34:20.935  INFO 530588 --- [ol-101-thread-2] .t.t.s.TourGuideClientRewardsServiceImpl : Service - Distance calculated: 3999.6152692758665
2021-11-27 20:34:20.935  INFO 530588 --- [ol-110-thread-2] .t.t.s.TourGuideClientRewardsServiceImpl : Service - Distance calculated: 10783.043883582315
2021-11-27 20:34:20.935  INFO 530588 --- [ol-101-thread-2] .t.t.s.TourGuideClientRewardsServiceImpl : Service - Distance calculated: 4060.46029419238
2021-11-27 20:34:20.932  INFO 530588 --- [ol-127-thread-2] .t.t.s.TourGuideClientRewardsServiceImpl : Service - Distance calculated: 3179.371915480352
2021-11-27 20:34:20.935  INFO 530588 --- [ol-101-thread-2] .t.t.s.TourGuideClientRewardsServiceImpl : Service - Distance calculated: 4085.2614305567554
2021-11-27 20:34:20.935  INFO 530588 --- [ol-101-thread-2] .t.t.s.TourGuideClientRewardsServiceImpl : Service - Distance calculated: 5085.625043317942
2021-11-27 20:34:20.932  INFO 530588 --- [ol-131-thread-2] .t.t.s.TourGuideClientRewardsServiceImpl : Service - Distance calculated: 3470.155233815559
2021-11-27 20:34:20.935  INFO 530588 --- [ol-127-thread-2] .t.t.s.TourGuideClientRewardsServiceImpl : Service - Distance calculated: 3121.603314780443
2021-11-27 20:34:20.932  INFO 530588 --- [ol-107-thread-2] .t.t.s.TourGuideClientRewardsServiceImpl : Service - Distance calculated: 4610.750853427923
2021-11-27 20:34:20.935  INFO 530588 --- [ol-127-thread-2] .t.t.s.TourGuideClientRewardsServiceImpl : Service - Distance calculated: 4412.68917960412
2021-11-27 20:34:20.935  INFO 530588 --- [ol-131-thread-2] .t.t.s.TourGuideClientRewardsServiceImpl : Service - Distance calculated: 3569.352441963612
2021-11-27 20:34:20.932  INFO 530588 --- [ol-100-thread-2] .t.t.s.TourGuideClientRewardsServiceImpl : Service - Distance calculated: 7399.725862892439
2021-11-27 20:34:20.935  INFO 530588 --- [ol-131-thread-2] .t.t.s.TourGuideClientRewardsServiceImpl : Service - Distance calculated: 4743.034133362752
2021-11-27 20:34:20.935  INFO 530588 --- [ol-131-thread-2] .t.t.s.TourGuideClientRewardsServiceImpl : Service - Distance calculated: 3364.405780759135
2021-11-27 20:34:20.935  INFO 530588 --- [ol-100-thread-2] .t.t.s.TourGuideClientRewardsServiceImpl : Service - Distance calculated: 5471.329351258455
2021-11-27 20:34:20.935  INFO 530588 --- [ol-131-thread-2] .t.t.s.TourGuideClientRewardsServiceImpl : Service - Distance calculated: 3970.427376007806
2021-11-27 20:34:20.935  INFO 530588 --- [ol-100-thread-2] .t.t.s.TourGuideClientRewardsServiceImpl : Service - Distance calculated: 6961.292124393012
2021-11-27 20:34:20.935  INFO 530588 --- [ol-131-thread-2] .t.t.s.TourGuideClientRewardsServiceImpl : Service - Distance calculated: 4575.619558475119
2021-11-27 20:34:20.935  INFO 530588 --- [ol-100-thread-2] .t.t.s.TourGuideClientRewardsServiceImpl : Service - Distance calculated: 7133.093781306951
2021-11-27 20:34:20.932  INFO 530588 --- [ool-59-thread-2] .t.t.s.TourGuideClientRewardsServiceImpl : Service - Distance calculated: 1916.7015370735446
2021-11-27 20:34:20.935  INFO 530588 --- [ol-100-thread-2] .t.t.s.TourGuideClientRewardsServiceImpl : Service - Distance calculated: 7145.027922799972
2021-11-27 20:34:20.932  INFO 530588 --- [ool-46-thread-2] .t.t.s.TourGuideClientRewardsServiceImpl : Service - Distance calculated: 4799.244072609105
2021-11-27 20:34:20.935  INFO 530588 --- [ol-100-thread-2] .t.t.s.TourGuideClientRewardsServiceImpl : Service - Distance calculated: 7975.864434237482
2021-11-27 20:34:20.935  INFO 530588 --- [ool-59-thread-2] .t.t.s.TourGuideClientRewardsServiceImpl : Service - Distance calculated: 2598.435769159027
2021-11-27 20:34:20.935  INFO 530588 --- [ol-100-thread-2] .t.t.s.TourGuideClientRewardsServiceImpl : Service - Distance calculated: 8036.762761997382
2021-11-27 20:34:20.935  INFO 530588 --- [ool-46-thread-2] .t.t.s.TourGuideClientRewardsServiceImpl : Service - Distance calculated: 5754.658356645037
2021-11-27 20:34:20.935  INFO 530588 --- [ool-59-thread-2] .t.t.s.TourGuideClientRewardsServiceImpl : Service - Distance calculated: 2662.7248404785837
2021-11-27 20:34:20.935  INFO 530588 --- [ol-100-thread-2] .t.t.s.TourGuideClientRewardsServiceImpl : Service - Distance calculated: 7716.95891872956
2021-11-27 20:34:20.935  INFO 530588 --- [ool-46-thread-2] .t.t.s.TourGuideClientRewardsServiceImpl : Service - Distance calculated: 5421.512740224203
2021-11-27 20:34:20.935  INFO 530588 --- [ool-59-thread-2] .t.t.s.TourGuideClientRewardsServiceImpl : Service - Distance calculated: 2203.925823582859
2021-11-27 20:34:20.935  INFO 530588 --- [ol-100-thread-2] .t.t.s.TourGuideClientRewardsServiceImpl : Service - Distance calculated: 7958.035241199363
2021-11-27 20:34:20.932  INFO 530588 --- [ool-44-thread-2] .t.t.s.TourGuideClientRewardsServiceImpl : Service - Distance calculated: 8358.922603868126
2021-11-27 20:34:20.935  INFO 530588 --- [ol-100-thread-2] .t.t.s.TourGuideClientRewardsServiceImpl : Service - Distance calculated: 7473.890404679209
2021-11-27 20:34:20.932  INFO 530588 --- [ol-117-thread-2] .t.t.s.TourGuideClientRewardsServiceImpl : Service - Distance calculated: 11568.411549419605
2021-11-27 20:34:20.932  INFO 530588 --- [ool-73-thread-2] .t.t.s.TourGuideClientRewardsServiceImpl : Service - Distance calculated: 3690.879933805438
2021-11-27 20:34:20.932  INFO 530588 --- [ol-138-thread-2] .t.t.s.TourGuideClientRewardsServiceImpl : Service - Distance calculated: 6388.1885166241245
2021-11-27 20:34:20.932  INFO 530588 --- [ol-123-thread-2] .t.t.s.TourGuideClientRewardsServiceImpl : Service - Distance calculated: 6059.439365248177
2021-11-27 20:34:20.935  INFO 530588 --- [ool-73-thread-2] .t.t.s.TourGuideClientRewardsServiceImpl : Service - Distance calculated: 3743.0021325007706
2021-11-27 20:34:20.932  INFO 530588 --- [ol-115-thread-2] .t.t.s.TourGuideClientRewardsServiceImpl : Service - Distance calculated: 7985.228763960861
2021-11-27 20:34:20.936  INFO 530588 --- [ol-123-thread-2] .t.t.s.TourGuideClientRewardsServiceImpl : Service - Distance calculated: 5367.185708581484
2021-11-27 20:34:20.932  INFO 530588 --- [ool-48-thread-2] .t.t.s.TourGuideClientRewardsServiceImpl : Service - Distance calculated: 6423.317533716098
2021-11-27 20:34:20.933  INFO 530588 --- [ool-65-thread-2] .t.t.s.TourGuideClientRewardsServiceImpl : Service - Distance calculated: 7101.341992540869
2021-11-27 20:34:20.936  INFO 530588 --- [ool-48-thread-2] .t.t.s.TourGuideClientRewardsServiceImpl : Service - Distance calculated: 7517.142775753121
2021-11-27 20:34:20.936  INFO 530588 --- [ol-115-thread-2] .t.t.s.TourGuideClientRewardsServiceImpl : Service - Distance calculated: 7922.388585686155
2021-11-27 20:34:20.933  INFO 530588 --- [ool-82-thread-2] .t.t.s.TourGuideClientRewardsServiceImpl : Service - Distance calculated: 4865.273229950215
2021-11-27 20:34:20.933  INFO 530588 --- [ool-95-thread-2] .t.t.s.TourGuideClientRewardsServiceImpl : Service - Distance calculated: 8253.723557682806
2021-11-27 20:34:20.936  INFO 530588 --- [ool-82-thread-2] .t.t.s.TourGuideClientRewardsServiceImpl : Service - Distance calculated: 4589.762713405356
2021-11-27 20:34:20.933  INFO 530588 --- [ol-118-thread-2] .t.t.s.TourGuideClientRewardsServiceImpl : Service - Distance calculated: 7393.42078696672
2021-11-27 20:34:20.936  INFO 530588 --- [ol-118-thread-2] .t.t.s.TourGuideClientRewardsServiceImpl : Service - Distance calculated: 7633.15545884287
2021-11-27 20:34:20.933  INFO 530588 --- [ool-57-thread-2] .t.t.s.TourGuideClientRewardsServiceImpl : Service - Distance calculated: 10062.905116179689
2021-11-27 20:34:20.933  INFO 530588 --- [ol-134-thread-2] .t.t.s.TourGuideClientRewardsServiceImpl : Service - Distance calculated: 5576.50020293347
2021-11-27 20:34:20.936  INFO 530588 --- [ool-57-thread-2] .t.t.s.TourGuideClientRewardsServiceImpl : Service - Distance calculated: 11069.532072382808
2021-11-27 20:34:20.933  INFO 530588 --- [ol-109-thread-2] .t.t.s.TourGuideClientRewardsServiceImpl : Service - Distance calculated: 8169.624691725088
2021-11-27 20:34:20.936  INFO 530588 --- [ol-134-thread-2] .t.t.s.TourGuideClientRewardsServiceImpl : Service - Distance calculated: 4150.635537557236
2021-11-27 20:34:20.936  INFO 530588 --- [ol-134-thread-2] .t.t.s.TourGuideClientRewardsServiceImpl : Service - Distance calculated: 4436.382624354409
2021-11-27 20:34:20.936  INFO 530588 --- [ol-109-thread-2] .t.t.s.TourGuideClientRewardsServiceImpl : Service - Distance calculated: 8486.822613108086
2021-11-27 20:34:20.936  INFO 530588 --- [ol-134-thread-2] .t.t.s.TourGuideClientRewardsServiceImpl : Service - Distance calculated: 4349.082183350056
2021-11-27 20:34:20.936  INFO 530588 --- [ol-109-thread-2] .t.t.s.TourGuideClientRewardsServiceImpl : Service - Distance calculated: 9168.912295359158
2021-11-27 20:34:20.936  INFO 530588 --- [ol-134-thread-2] .t.t.s.TourGuideClientRewardsServiceImpl : Service - Distance calculated: 4905.757433610825
2021-11-27 20:34:20.936  INFO 530588 --- [ol-134-thread-2] .t.t.s.TourGuideClientRewardsServiceImpl : Service - Distance calculated: 5659.756504668794
2021-11-27 20:34:20.936  INFO 530588 --- [ol-109-thread-2] .t.t.s.TourGuideClientRewardsServiceImpl : Service - Distance calculated: 4613.431306567958
2021-11-27 20:34:20.936  INFO 530588 --- [ol-134-thread-2] .t.t.s.TourGuideClientRewardsServiceImpl : Service - Distance calculated: 5053.663858341684
2021-11-27 20:34:20.936  INFO 530588 --- [ol-109-thread-2] .t.t.s.TourGuideClientRewardsServiceImpl : Service - Distance calculated: 5292.2052727261735
2021-11-27 20:34:20.936  INFO 530588 --- [ol-134-thread-2] .t.t.s.TourGuideClientRewardsServiceImpl : Service - Distance calculated: 5337.890602700454
2021-11-27 20:34:20.936  INFO 530588 --- [ol-109-thread-2] .t.t.s.TourGuideClientRewardsServiceImpl : Service - Distance calculated: 4778.286872596513
2021-11-27 20:34:20.936  INFO 530588 --- [ol-134-thread-2] .t.t.s.TourGuideClientRewardsServiceImpl : Service - Distance calculated: 4779.235478238866
2021-11-27 20:34:20.936  INFO 530588 --- [ol-109-thread-2] .t.t.s.TourGuideClientRewardsServiceImpl : Service - Distance calculated: 4713.999767350244
2021-11-27 20:34:20.936  INFO 530588 --- [ol-134-thread-2] .t.t.s.TourGuideClientRewardsServiceImpl : Service - Distance calculated: 5579.871225427946
2021-11-27 20:34:20.936  INFO 530588 --- [ol-109-thread-2] .t.t.s.TourGuideClientRewardsServiceImpl : Service - Distance calculated: 5967.4324571527095
2021-11-27 20:34:20.936  INFO 530588 --- [ol-134-thread-2] .t.t.s.TourGuideClientRewardsServiceImpl : Service - Distance calculated: 6400.247105782336
2021-11-27 20:34:20.936  INFO 530588 --- [ol-109-thread-2] .t.t.s.TourGuideClientRewardsServiceImpl : Service - Distance calculated: 5923.028607592851
2021-11-27 20:34:20.936  INFO 530588 --- [ol-134-thread-2] .t.t.s.TourGuideClientRewardsServiceImpl : Service - Distance calculated: 4987.936757639789
2021-11-27 20:34:20.936  INFO 530588 --- [ol-109-thread-2] .t.t.s.TourGuideClientRewardsServiceImpl : Service - Distance calculated: 4926.9698205974
2021-11-27 20:34:20.936  INFO 530588 --- [ol-134-thread-2] .t.t.s.TourGuideClientRewardsServiceImpl : Service - Distance calculated: 3970.8958069992864
2021-11-27 20:34:20.936  INFO 530588 --- [ol-109-thread-2] .t.t.s.TourGuideClientRewardsServiceImpl : Service - Distance calculated: 6578.611243646024
2021-11-27 20:34:20.936  INFO 530588 --- [ol-134-thread-2] .t.t.s.TourGuideClientRewardsServiceImpl : Service - Distance calculated: 5995.585023368606
2021-11-27 20:34:20.936  INFO 530588 --- [ol-109-thread-2] .t.t.s.TourGuideClientRewardsServiceImpl : Service - Distance calculated: 6453.599267323242
2021-11-27 20:34:20.936  INFO 530588 --- [ol-134-thread-2] .t.t.s.TourGuideClientRewardsServiceImpl : Service - Distance calculated: 5160.499508989695
2021-11-27 20:34:20.936  INFO 530588 --- [ol-109-thread-2] .t.t.s.TourGuideClientRewardsServiceImpl : Service - Distance calculated: 5120.323742417055
2021-11-27 20:34:20.936  INFO 530588 --- [ol-134-thread-2] .t.t.s.TourGuideClientRewardsServiceImpl : Service - Distance calculated: 4141.970823622795
2021-11-27 20:34:20.936  INFO 530588 --- [ol-109-thread-2] .t.t.s.TourGuideClientRewardsServiceImpl : Service - Distance calculated: 7024.858439049603
2021-11-27 20:34:20.936  INFO 530588 --- [ol-134-thread-2] .t.t.s.TourGuideClientRewardsServiceImpl : Service - Distance calculated: 4927.20696890788
2021-11-27 20:34:20.936  INFO 530588 --- [ol-109-thread-2] .t.t.s.TourGuideClientRewardsServiceImpl : Service - Distance calculated: 6731.805421279138
2021-11-27 20:34:20.936  INFO 530588 --- [ol-134-thread-2] .t.t.s.TourGuideClientRewardsServiceImpl : Service - Calculate rewards points for user: internalUser66
2021-11-27 20:34:20.936  INFO 530588 --- [ool-57-thread-2] .t.t.s.TourGuideClientRewardsServiceImpl : Service - Distance calculated: 10183.86761632411
2021-11-27 20:34:20.936  INFO 530588 --- [ool-57-thread-2] .t.t.s.TourGuideClientRewardsServiceImpl : Service - Distance calculated: 3737.290846057466
2021-11-27 20:34:20.936  INFO 530588 --- [ool-57-thread-2] .t.t.s.TourGuideClientRewardsServiceImpl : Service - Distance calculated: 4037.149156860923
2021-11-27 20:34:20.936  INFO 530588 --- [ool-57-thread-2] .t.t.s.TourGuideClientRewardsServiceImpl : Service - Distance calculated: 3859.886958788859
2021-11-27 20:34:20.933  INFO 530588 --- [ool-64-thread-2] .t.t.s.TourGuideClientRewardsServiceImpl : Service - Distance calculated: 5519.363198374487
2021-11-27 20:34:20.933 DEBUG 530588 --- [    Test worker] c.t.t.s.TourGuideClientServiceImpl       : Service - Visited location added for user: internalUser51
2021-11-27 20:34:20.936  INFO 530588 --- [ool-64-thread-2] .t.t.s.TourGuideClientRewardsServiceImpl : Service - Distance calculated: 8695.01589295046
2021-11-27 20:34:20.936  INFO 530588 --- [ool-64-thread-2] .t.t.s.TourGuideClientRewardsServiceImpl : Service - Distance calculated: 8463.075336772756
2021-11-27 20:34:20.936  INFO 530588 --- [ool-64-thread-2] .t.t.s.TourGuideClientRewardsServiceImpl : Service - Distance calculated: 8611.50932057524
2021-11-27 20:34:20.933  INFO 530588 --- [ool-85-thread-2] .t.t.s.TourGuideClientRewardsServiceImpl : Service - Distance calculated: 8337.218434708
2021-11-27 20:34:20.936  INFO 530588 --- [ool-85-thread-2] .t.t.s.TourGuideClientRewardsServiceImpl : Service - Distance calculated: 8371.888967939816
2021-11-27 20:34:20.933  INFO 530588 --- [ool-43-thread-2] .t.t.s.TourGuideClientRewardsServiceImpl : Service - Distance calculated: 6492.910748842085
2021-11-27 20:34:20.936  INFO 530588 --- [ool-85-thread-2] .t.t.s.TourGuideClientRewardsServiceImpl : Service - Distance calculated: 7541.448815653477
2021-11-27 20:34:20.933  INFO 530588 --- [ol-103-thread-2] .t.t.s.TourGuideClientRewardsServiceImpl : Service - Distance calculated: 2742.9306243448773
2021-11-27 20:34:20.936  INFO 530588 --- [ool-85-thread-2] .t.t.s.TourGuideClientRewardsServiceImpl : Service - Calculate rewards points for user: internalUser7
2021-11-27 20:34:20.937  INFO 530588 --- [ol-103-thread-2] .t.t.s.TourGuideClientRewardsServiceImpl : Service - Distance calculated: 2230.4752951723144
2021-11-27 20:34:20.933  INFO 530588 --- [ool-83-thread-2] .t.t.s.TourGuideClientRewardsServiceImpl : Service - Distance calculated: 11460.336412129476
2021-11-27 20:34:20.937  INFO 530588 --- [ol-103-thread-2] .t.t.s.TourGuideClientRewardsServiceImpl : Service - Distance calculated: 2332.8026589751817
2021-11-27 20:34:20.937  INFO 530588 --- [ol-103-thread-2] .t.t.s.TourGuideClientRewardsServiceImpl : Service - Distance calculated: 2764.9511228985807
2021-11-27 20:34:20.937  INFO 530588 --- [ool-83-thread-2] .t.t.s.TourGuideClientRewardsServiceImpl : Service - Distance calculated: 11545.910990154229
2021-11-27 20:34:20.937  INFO 530588 --- [ol-103-thread-2] .t.t.s.TourGuideClientRewardsServiceImpl : Service - Distance calculated: 1890.7520477809655
2021-11-27 20:34:20.937  INFO 530588 --- [ool-83-thread-2] .t.t.s.TourGuideClientRewardsServiceImpl : Service - Distance calculated: 10390.98751146878
2021-11-27 20:34:20.937  INFO 530588 --- [ool-83-thread-2] .t.t.s.TourGuideClientRewardsServiceImpl : Service - Distance calculated: 10435.518352978184
2021-11-27 20:34:20.937  INFO 530588 --- [ool-83-thread-2] .t.t.s.TourGuideClientRewardsServiceImpl : Service - Distance calculated: 11421.61762585041
2021-11-27 20:34:20.933  INFO 530588 --- [ool-88-thread-2] .t.t.s.TourGuideClientRewardsServiceImpl : Service - Distance calculated: 7819.457913801469
2021-11-27 20:34:20.933  INFO 530588 --- [ool-56-thread-2] .t.t.s.TourGuideClientRewardsServiceImpl : Service - Distance calculated: 6228.98589384301
2021-11-27 20:34:20.933  INFO 530588 --- [ol-130-thread-2] .t.t.s.TourGuideClientRewardsServiceImpl : Service - Distance calculated: 9226.911379118455
2021-11-27 20:34:20.933  INFO 530588 --- [ol-122-thread-2] .t.t.s.TourGuideClientRewardsServiceImpl : Service - Distance calculated: 6586.307739411141
2021-11-27 20:34:20.937  INFO 530588 --- [ol-130-thread-2] .t.t.s.TourGuideClientRewardsServiceImpl : Service - Distance calculated: 7957.505429818082
2021-11-27 20:34:20.937  INFO 530588 --- [ool-56-thread-2] .t.t.s.TourGuideClientRewardsServiceImpl : Service - Distance calculated: 5059.200769145356
2021-11-27 20:34:20.937  INFO 530588 --- [ol-130-thread-2] .t.t.s.TourGuideClientRewardsServiceImpl : Service - Distance calculated: 7833.378316606188
2021-11-27 20:34:20.937  INFO 530588 --- [ool-56-thread-2] .t.t.s.TourGuideClientRewardsServiceImpl : Service - Distance calculated: 5023.278070049154
2021-11-27 20:34:20.937  INFO 530588 --- [ol-130-thread-2] .t.t.s.TourGuideClientRewardsServiceImpl : Service - Distance calculated: 7795.288256336361
2021-11-27 20:34:20.937  INFO 530588 --- [ol-122-thread-2] .t.t.s.TourGuideClientRewardsServiceImpl : Service - Distance calculated: 8518.346766683137
2021-11-27 20:34:20.937  INFO 530588 --- [ol-130-thread-2] .t.t.s.TourGuideClientRewardsServiceImpl : Service - Distance calculated: 6947.087730895416
2021-11-27 20:34:20.937  INFO 530588 --- [ool-56-thread-2] .t.t.s.TourGuideClientRewardsServiceImpl : Service - Distance calculated: 8070.884096290366
2021-11-27 20:34:20.933  INFO 530588 --- [ool-51-thread-2] .t.t.s.TourGuideClientRewardsServiceImpl : Service - Distance calculated: 960.0887348043443
2021-11-27 20:34:20.937  INFO 530588 --- [ool-56-thread-2] .t.t.s.TourGuideClientRewardsServiceImpl : Service - Distance calculated: 4750.455170116237
2021-11-27 20:34:20.937  INFO 530588 --- [ool-51-thread-2] .t.t.s.TourGuideClientRewardsServiceImpl : Service - Distance calculated: 1247.385571089609
2021-11-27 20:34:20.937  INFO 530588 --- [ool-51-thread-2] .t.t.s.TourGuideClientRewardsServiceImpl : Service - Distance calculated: 680.110332189965
2021-11-27 20:34:20.933  INFO 530588 --- [ool-70-thread-2] .t.t.s.TourGuideClientRewardsServiceImpl : Service - Distance calculated: 5236.436429555646
2021-11-27 20:34:20.937  INFO 530588 --- [ool-70-thread-2] .t.t.s.TourGuideClientRewardsServiceImpl : Service - Distance calculated: 4459.0279808868945
2021-11-27 20:34:20.933  INFO 530588 --- [ool-61-thread-2] .t.t.s.TourGuideClientRewardsServiceImpl : Service - Distance calculated: 9750.240984388634
2021-11-27 20:34:20.937  INFO 530588 --- [ool-56-thread-2] .t.t.s.TourGuideClientRewardsServiceImpl : Service - Distance calculated: 4933.2213896691765
2021-11-27 20:34:20.933  INFO 530588 --- [ool-68-thread-2] .t.t.s.TourGuideClientRewardsServiceImpl : Service - Distance calculated: 4037.1693656400744
2021-11-27 20:34:20.933  INFO 530588 --- [ol-120-thread-2] .t.t.s.TourGuideClientRewardsServiceImpl : Service - Distance calculated: 4232.910079796658
2021-11-27 20:34:20.933  INFO 530588 --- [ol-140-thread-2] .t.t.s.TourGuideClientRewardsServiceImpl : Service - Distance calculated: 9639.231666308273
2021-11-27 20:34:20.937  INFO 530588 --- [ool-61-thread-2] .t.t.s.TourGuideClientRewardsServiceImpl : Service - Distance calculated: 10446.208399745145
2021-11-27 20:34:20.933  INFO 530588 --- [ol-104-thread-2] .t.t.s.TourGuideClientRewardsServiceImpl : Service - Distance calculated: 2412.6636447694445
2021-11-27 20:34:20.937  INFO 530588 --- [ool-61-thread-2] .t.t.s.TourGuideClientRewardsServiceImpl : Service - Distance calculated: 10356.271508146976
2021-11-27 20:34:20.937  INFO 530588 --- [ol-104-thread-2] .t.t.s.TourGuideClientRewardsServiceImpl : Service - Distance calculated: 1849.558436213746
2021-11-27 20:34:20.937  INFO 530588 --- [ool-61-thread-2] .t.t.s.TourGuideClientRewardsServiceImpl : Service - Distance calculated: 10079.296801775636
2021-11-27 20:34:20.933  INFO 530588 --- [ool-81-thread-2] .t.t.s.TourGuideClientRewardsServiceImpl : Service - Distance calculated: 5041.139472482125
2021-11-27 20:34:20.933  INFO 530588 --- [ool-71-thread-2] .t.t.s.TourGuideClientRewardsServiceImpl : Service - Distance calculated: 9561.845078824395
2021-11-27 20:34:20.937  INFO 530588 --- [ool-81-thread-2] .t.t.s.TourGuideClientRewardsServiceImpl : Service - Distance calculated: 5337.354088174028
2021-11-27 20:34:20.937  INFO 530588 --- [ool-71-thread-2] .t.t.s.TourGuideClientRewardsServiceImpl : Service - Distance calculated: 10253.268118876756
2021-11-27 20:34:20.937  INFO 530588 --- [ool-81-thread-2] .t.t.s.TourGuideClientRewardsServiceImpl : Service - Distance calculated: 4846.54393229983
2021-11-27 20:34:20.937  INFO 530588 --- [ool-71-thread-2] .t.t.s.TourGuideClientRewardsServiceImpl : Service - Distance calculated: 10164.008366474467
2021-11-27 20:34:20.937  INFO 530588 --- [ool-81-thread-2] .t.t.s.TourGuideClientRewardsServiceImpl : Service - Distance calculated: 3673.8688076436165
2021-11-27 20:34:20.937  INFO 530588 --- [ool-71-thread-2] .t.t.s.TourGuideClientRewardsServiceImpl : Service - Distance calculated: 10098.805986574966
2021-11-27 20:34:20.934  INFO 530588 --- [ool-72-thread-2] .t.t.s.TourGuideClientRewardsServiceImpl : Service - Calculate rewards points for user: internalUser11
2021-11-27 20:34:20.934  INFO 530588 --- [ool-67-thread-2] .t.t.s.TourGuideClientRewardsServiceImpl : Service - Distance calculated: 6584.097005671754
2021-11-27 20:34:20.934  INFO 530588 --- [ool-96-thread-2] .t.t.s.TourGuideClientRewardsServiceImpl : Service - Distance calculated: 1850.7456794632515
2021-11-27 20:34:20.937  INFO 530588 --- [ool-96-thread-2] .t.t.s.TourGuideClientRewardsServiceImpl : Service - Distance calculated: 3865.7881670023166
2021-11-27 20:34:20.937  INFO 530588 --- [ool-67-thread-2] .t.t.s.TourGuideClientRewardsServiceImpl : Service - Distance calculated: 9461.776975726365
2021-11-27 20:34:20.937  INFO 530588 --- [ool-96-thread-2] .t.t.s.TourGuideClientRewardsServiceImpl : Service - Distance calculated: 3081.479258570889
2021-11-27 20:34:20.934  INFO 530588 --- [ol-137-thread-2] .t.t.s.TourGuideClientRewardsServiceImpl : Service - Distance calculated: 6640.640379929742
2021-11-27 20:34:20.937  INFO 530588 --- [ol-137-thread-2] .t.t.s.TourGuideClientRewardsServiceImpl : Service - Distance calculated: 6238.084124313157
2021-11-27 20:34:20.934  INFO 530588 --- [ool-45-thread-2] .t.t.s.TourGuideClientRewardsServiceImpl : Service - Distance calculated: 6787.042157976184
2021-11-27 20:34:20.938  INFO 530588 --- [ol-137-thread-2] .t.t.s.TourGuideClientRewardsServiceImpl : Service - Distance calculated: 8088.25792839018
2021-11-27 20:34:20.938  INFO 530588 --- [ol-137-thread-2] .t.t.s.TourGuideClientRewardsServiceImpl : Service - Distance calculated: 7413.981240594258
2021-11-27 20:34:20.938  INFO 530588 --- [ool-45-thread-2] .t.t.s.TourGuideClientRewardsServiceImpl : Service - Distance calculated: 6925.07813682691
2021-11-27 20:34:20.938  INFO 530588 --- [ool-45-thread-2] .t.t.s.TourGuideClientRewardsServiceImpl : Service - Distance calculated: 7419.571300694144
2021-11-27 20:34:20.938  INFO 530588 --- [ool-45-thread-2] .t.t.s.TourGuideClientRewardsServiceImpl : Service - Distance calculated: 7955.8055568253285
2021-11-27 20:34:20.938  INFO 530588 --- [ool-45-thread-2] .t.t.s.TourGuideClientRewardsServiceImpl : Service - Distance calculated: 5160.811657982024
2021-11-27 20:34:20.934  INFO 530588 --- [ool-74-thread-2] .t.t.s.TourGuideClientRewardsServiceImpl : Service - Distance calculated: 11165.914726590961
2021-11-27 20:34:20.934  INFO 530588 --- [ool-89-thread-2] .t.t.s.TourGuideClientRewardsServiceImpl : Service - Distance calculated: 11367.762825574917
2021-11-27 20:34:20.938  INFO 530588 --- [ool-45-thread-2] .t.t.s.TourGuideClientRewardsServiceImpl : Service - Distance calculated: 4605.982426025388
2021-11-27 20:34:20.938  INFO 530588 --- [ool-89-thread-2] .t.t.s.TourGuideClientRewardsServiceImpl : Service - Distance calculated: 10432.521724240938
2021-11-27 20:34:20.938  INFO 530588 --- [ool-45-thread-2] .t.t.s.TourGuideClientRewardsServiceImpl : Service - Distance calculated: 5108.60728172345
2021-11-27 20:34:20.938  INFO 530588 --- [ool-89-thread-2] .t.t.s.TourGuideClientRewardsServiceImpl : Service - Distance calculated: 4439.973307509104
2021-11-27 20:34:20.938  INFO 530588 --- [ool-89-thread-2] .t.t.s.TourGuideClientRewardsServiceImpl : Service - Distance calculated: 4766.432073265419
2021-11-27 20:34:20.938  INFO 530588 --- [ool-89-thread-2] .t.t.s.TourGuideClientRewardsServiceImpl : Service - Distance calculated: 4425.48173405436
2021-11-27 20:34:20.938  INFO 530588 --- [ool-89-thread-2] .t.t.s.TourGuideClientRewardsServiceImpl : Service - Distance calculated: 4370.365951396649
2021-11-27 20:34:20.934  INFO 530588 --- [ol-113-thread-2] .t.t.s.TourGuideClientRewardsServiceImpl : Service - Distance calculated: 10907.693615405256
2021-11-27 20:34:20.938  INFO 530588 --- [ool-89-thread-2] .t.t.s.TourGuideClientRewardsServiceImpl : Service - Distance calculated: 3914.5890837502325
2021-11-27 20:34:20.934  INFO 530588 --- [ool-55-thread-2] .t.t.s.TourGuideClientRewardsServiceImpl : Service - Distance calculated: 5898.863616271799
2021-11-27 20:34:20.934  INFO 530588 --- [ool-54-thread-2] .t.t.s.TourGuideClientRewardsServiceImpl : Service - Distance calculated: 1277.6245433336508
2021-11-27 20:34:20.938  INFO 530588 --- [ool-55-thread-2] .t.t.s.TourGuideClientRewardsServiceImpl : Service - Distance calculated: 5200.495381242417
2021-11-27 20:34:20.934  INFO 530588 --- [ol-102-thread-2] .t.t.s.TourGuideClientRewardsServiceImpl : Service - Distance calculated: 5593.821559073119
2021-11-27 20:34:20.938  INFO 530588 --- [ol-113-thread-2] .t.t.s.TourGuideClientRewardsServiceImpl : Service - Distance calculated: 11190.73699073814
2021-11-27 20:34:20.934  INFO 530588 --- [ol-111-thread-2] .t.t.s.TourGuideClientRewardsServiceImpl : Service - Distance calculated: 3646.355053229217
2021-11-27 20:34:20.934  INFO 530588 --- [ool-47-thread-2] .t.t.s.TourGuideClientRewardsServiceImpl : Service - Distance calculated: 4710.0837066428185
2021-11-27 20:34:20.934  INFO 530588 --- [ol-114-thread-2] .t.t.s.TourGuideClientRewardsServiceImpl : Service - Distance calculated: 6676.547727884939
2021-11-27 20:34:20.938  INFO 530588 --- [ol-114-thread-2] .t.t.s.TourGuideClientRewardsServiceImpl : Service - Distance calculated: 7566.506810904852
2021-11-27 20:34:20.938  INFO 530588 --- [ol-114-thread-2] .t.t.s.TourGuideClientRewardsServiceImpl : Service - Distance calculated: 9718.246396400657
2021-11-27 20:34:20.938  INFO 530588 --- [ol-114-thread-2] .t.t.s.TourGuideClientRewardsServiceImpl : Service - Distance calculated: 8966.531095342403
2021-11-27 20:34:20.938  INFO 530588 --- [ol-114-thread-2] .t.t.s.TourGuideClientRewardsServiceImpl : Service - Distance calculated: 9557.251255994612
2021-11-27 20:34:20.938  INFO 530588 --- [ol-114-thread-2] .t.t.s.TourGuideClientRewardsServiceImpl : Service - Distance calculated: 9634.401050077626
2021-11-27 20:34:20.938  INFO 530588 --- [ol-114-thread-2] .t.t.s.TourGuideClientRewardsServiceImpl : Service - Distance calculated: 8466.337428760113
2021-11-27 20:34:20.938  INFO 530588 --- [ol-114-thread-2] .t.t.s.TourGuideClientRewardsServiceImpl : Service - Distance calculated: 8520.800846612876
2021-11-27 20:34:20.938  INFO 530588 --- [ol-114-thread-2] .t.t.s.TourGuideClientRewardsServiceImpl : Service - Distance calculated: 9481.164984303707
2021-11-27 20:34:20.938  INFO 530588 --- [ool-47-thread-2] .t.t.s.TourGuideClientRewardsServiceImpl : Service - Distance calculated: 5.8950310023474215E-5
2021-11-27 20:34:20.934  INFO 530588 --- [ol-141-thread-2] .t.t.s.TourGuideClientRewardsServiceImpl : Service - Distance calculated: 3078.754019946553
2021-11-27 20:34:20.934  INFO 530588 --- [ol-133-thread-2] .t.t.s.TourGuideClientRewardsServiceImpl : Service - Distance calculated: 3606.995716283944
2021-11-27 20:34:20.934  INFO 530588 --- [ol-106-thread-2] .t.t.s.TourGuideClientRewardsServiceImpl : Service - Distance calculated: 6902.16457002057
2021-11-27 20:34:20.938  INFO 530588 --- [ol-133-thread-2] .t.t.s.TourGuideClientRewardsServiceImpl : Service - Distance calculated: 3963.276000360661
2021-11-27 20:34:20.934  INFO 530588 --- [ool-50-thread-2] .t.t.s.TourGuideClientRewardsServiceImpl : Service - Distance calculated: 868.6614242273681
2021-11-27 20:34:20.938  INFO 530588 --- [ol-133-thread-2] .t.t.s.TourGuideClientRewardsServiceImpl : Service - Distance calculated: 4026.1115303530605
2021-11-27 20:34:20.934  INFO 530588 --- [ool-90-thread-2] .t.t.s.TourGuideClientRewardsServiceImpl : Service - Distance calculated: 10005.952178862037
2021-11-27 20:34:20.938  INFO 530588 --- [ool-50-thread-2] .t.t.s.TourGuideClientRewardsServiceImpl : Service - Distance calculated: 1569.3439362036504
2021-11-27 20:34:20.938  INFO 530588 --- [ool-50-thread-2] .t.t.s.TourGuideClientRewardsServiceImpl : Service - Distance calculated: 975.350940764552
2021-11-27 20:34:20.938  INFO 530588 --- [ool-90-thread-2] .t.t.s.TourGuideClientRewardsServiceImpl : Service - Distance calculated: 9627.365830790186
2021-11-27 20:34:20.938  INFO 530588 --- [ool-50-thread-2] .t.t.s.TourGuideClientRewardsServiceImpl : Service - Distance calculated: 707.1850670641076
2021-11-27 20:34:20.938  INFO 530588 --- [ool-90-thread-2] .t.t.s.TourGuideClientRewardsServiceImpl : Service - Calculate rewards points for user: internalUser94
2021-11-27 20:34:20.938  INFO 530588 --- [ool-50-thread-2] .t.t.s.TourGuideClientRewardsServiceImpl : Service - Distance calculated: 255.6551225636504
2021-11-27 20:34:20.938  INFO 530588 --- [ool-50-thread-2] .t.t.s.TourGuideClientRewardsServiceImpl : Service - Distance calculated: 5.8950310023474215E-5
2021-11-27 20:34:20.934  INFO 530588 --- [ool-92-thread-2] .t.t.s.TourGuideClientRewardsServiceImpl : Service - Distance calculated: 6852.1963518006205
2021-11-27 20:34:20.938  INFO 530588 --- [ool-92-thread-2] .t.t.s.TourGuideClientRewardsServiceImpl : Service - Distance calculated: 7467.860760857481
2021-11-27 20:34:20.934  INFO 530588 --- [ool-79-thread-2] .t.t.s.TourGuideClientRewardsServiceImpl : Service - Distance calculated: 5077.649694890266
2021-11-27 20:34:20.934  INFO 530588 --- [ool-63-thread-2] .t.t.s.TourGuideClientRewardsServiceImpl : Service - Distance calculated: 3477.693276050867
2021-11-27 20:34:20.934  INFO 530588 --- [ol-116-thread-2] .t.t.s.TourGuideClientRewardsServiceImpl : Service - Distance calculated: 2790.50846512291
2021-11-27 20:34:20.939  INFO 530588 --- [ool-79-thread-2] .t.t.s.TourGuideClientRewardsServiceImpl : Service - Distance calculated: 6163.894446521975
2021-11-27 20:34:20.939  INFO 530588 --- [ol-116-thread-2] .t.t.s.TourGuideClientRewardsServiceImpl : Service - Distance calculated: 2990.0681936596043
2021-11-27 20:34:20.934  INFO 530588 --- [ool-98-thread-2] .t.t.s.TourGuideClientRewardsServiceImpl : Service - Distance calculated: 5860.403640935392
2021-11-27 20:34:20.939  INFO 530588 --- [ool-98-thread-2] .t.t.s.TourGuideClientRewardsServiceImpl : Service - Distance calculated: 6354.823499423422
2021-11-27 20:34:20.939  INFO 530588 --- [ool-98-thread-2] .t.t.s.TourGuideClientRewardsServiceImpl : Service - Distance calculated: 5582.086234338109
2021-11-27 20:34:20.939  INFO 530588 --- [ool-98-thread-2] .t.t.s.TourGuideClientRewardsServiceImpl : Service - Distance calculated: 6574.999131614386
2021-11-27 20:34:20.939  INFO 530588 --- [ool-98-thread-2] .t.t.s.TourGuideClientRewardsServiceImpl : Service - Distance calculated: 6081.695831042225
2021-11-27 20:34:20.939  INFO 530588 --- [ool-98-thread-2] .t.t.s.TourGuideClientRewardsServiceImpl : Service - Distance calculated: 6411.868682105608
2021-11-27 20:34:20.939  INFO 530588 --- [ool-98-thread-2] .t.t.s.TourGuideClientRewardsServiceImpl : Service - Distance calculated: 6466.714784008602
2021-11-27 20:34:20.939  INFO 530588 --- [ool-98-thread-2] .t.t.s.TourGuideClientRewardsServiceImpl : Service - Distance calculated: 5607.794926910953
2021-11-27 20:34:20.939  INFO 530588 --- [ool-98-thread-2] .t.t.s.TourGuideClientRewardsServiceImpl : Service - Distance calculated: 6800.5289524575455
2021-11-27 20:34:20.939  INFO 530588 --- [ool-98-thread-2] .t.t.s.TourGuideClientRewardsServiceImpl : Service - Distance calculated: 6027.828604560023
2021-11-27 20:34:20.939  INFO 530588 --- [ool-98-thread-2] .t.t.s.TourGuideClientRewardsServiceImpl : Service - Distance calculated: 6650.136751552835
2021-11-27 20:34:20.939  INFO 530588 --- [ool-98-thread-2] .t.t.s.TourGuideClientRewardsServiceImpl : Service - Distance calculated: 6735.296708783685
2021-11-27 20:34:20.939  INFO 530588 --- [ool-98-thread-2] .t.t.s.TourGuideClientRewardsServiceImpl : Service - Distance calculated: 5789.996781789882
2021-11-27 20:34:20.939  INFO 530588 --- [ool-98-thread-2] .t.t.s.TourGuideClientRewardsServiceImpl : Service - Distance calculated: 5871.650810850114
2021-11-27 20:34:20.939  INFO 530588 --- [ool-98-thread-2] .t.t.s.TourGuideClientRewardsServiceImpl : Service - Distance calculated: 6669.029986478878
2021-11-27 20:34:20.939  INFO 530588 --- [ool-98-thread-2] .t.t.s.TourGuideClientRewardsServiceImpl : Service - Distance calculated: 5185.750667604294
2021-11-27 20:34:20.934  INFO 530588 --- [ol-128-thread-2] .t.t.s.TourGuideClientRewardsServiceImpl : Service - Distance calculated: 5165.18052275538
2021-11-27 20:34:20.934  INFO 530588 --- [ool-94-thread-2] .t.t.s.TourGuideClientRewardsServiceImpl : Service - Distance calculated: 5417.120611195491
2021-11-27 20:34:20.934  INFO 530588 --- [ol-105-thread-2] .t.t.s.TourGuideClientRewardsServiceImpl : Service - Distance calculated: 6667.95493304223
2021-11-27 20:34:20.939  INFO 530588 --- [ool-94-thread-2] .t.t.s.TourGuideClientRewardsServiceImpl : Service - Distance calculated: 4893.11561310592
2021-11-27 20:34:20.935  INFO 530588 --- [ool-75-thread-2] .t.t.s.TourGuideClientRewardsServiceImpl : Service - Distance calculated: 451.8806303543047
2021-11-27 20:34:20.939  INFO 530588 --- [ol-105-thread-2] .t.t.s.TourGuideClientRewardsServiceImpl : Service - Distance calculated: 6079.149500096891
2021-11-27 20:34:20.935  INFO 530588 --- [ol-112-thread-2] .t.t.s.TourGuideClientRewardsServiceImpl : Service - Distance calculated: 694.7314284286784
2021-11-27 20:34:20.939  INFO 530588 --- [ool-75-thread-2] .t.t.s.TourGuideClientRewardsServiceImpl : Service - Distance calculated: 242.10159345674063
2021-11-27 20:34:20.939  INFO 530588 --- [ol-105-thread-2] .t.t.s.TourGuideClientRewardsServiceImpl : Service - Distance calculated: 6365.95911771417
2021-11-27 20:34:20.939  INFO 530588 --- [ol-112-thread-2] .t.t.s.TourGuideClientRewardsServiceImpl : Service - Distance calculated: 1493.0592514754119
2021-11-27 20:34:20.939  INFO 530588 --- [ol-105-thread-2] .t.t.s.TourGuideClientRewardsServiceImpl : Service - Distance calculated: 5801.077175788389
2021-11-27 20:34:20.935  INFO 530588 --- [ool-77-thread-2] .t.t.s.TourGuideClientRewardsServiceImpl : Service - Distance calculated: 3254.375086207582
2021-11-27 20:34:20.939  INFO 530588 --- [ol-105-thread-2] .t.t.s.TourGuideClientRewardsServiceImpl : Service - Distance calculated: 6591.283200767337
2021-11-27 20:34:20.935  INFO 530588 --- [ool-99-thread-2] .t.t.s.TourGuideClientRewardsServiceImpl : Service - Distance calculated: 8883.33166469527
2021-11-27 20:34:20.939  INFO 530588 --- [ool-77-thread-2] .t.t.s.TourGuideClientRewardsServiceImpl : Service - Distance calculated: 3518.337971648758
2021-11-27 20:34:20.939  INFO 530588 --- [ool-77-thread-2] .t.t.s.TourGuideClientRewardsServiceImpl : Service - Distance calculated: 3005.936243864971
2021-11-27 20:34:20.935  INFO 530588 --- [ool-49-thread-2] .t.t.s.TourGuideClientRewardsServiceImpl : Service - Distance calculated: 9056.750876818212
2021-11-27 20:34:20.939  INFO 530588 --- [ool-77-thread-2] .t.t.s.TourGuideClientRewardsServiceImpl : Service - Distance calculated: 3799.6717839885187
2021-11-27 20:34:20.939  INFO 530588 --- [ool-49-thread-2] .t.t.s.TourGuideClientRewardsServiceImpl : Service - Distance calculated: 6968.215593587906
2021-11-27 20:34:20.939  INFO 530588 --- [ool-49-thread-2] .t.t.s.TourGuideClientRewardsServiceImpl : Service - Distance calculated: 8574.21255930575
2021-11-27 20:34:20.939  INFO 530588 --- [ool-49-thread-2] .t.t.s.TourGuideClientRewardsServiceImpl : Service - Distance calculated: 8774.42028647336
2021-11-27 20:34:20.939  INFO 530588 --- [ool-49-thread-2] .t.t.s.TourGuideClientRewardsServiceImpl : Service - Distance calculated: 8768.312362461409
2021-11-27 20:34:20.939  INFO 530588 --- [ool-49-thread-2] .t.t.s.TourGuideClientRewardsServiceImpl : Service - Distance calculated: 9562.318224403773
2021-11-27 20:34:20.939  INFO 530588 --- [ool-49-thread-2] .t.t.s.TourGuideClientRewardsServiceImpl : Service - Distance calculated: 9724.932815738495
2021-11-27 20:34:20.939  INFO 530588 --- [ool-49-thread-2] .t.t.s.TourGuideClientRewardsServiceImpl : Service - Distance calculated: 9382.231607516449
2021-11-27 20:34:20.935  INFO 530588 --- [ool-58-thread-2] .t.t.s.TourGuideClientRewardsServiceImpl : Service - Distance calculated: 5777.553117723223
2021-11-27 20:34:20.939  INFO 530588 --- [ool-50-thread-2] .t.t.s.TourGuideClientRewardsServiceImpl : Service - Distance calculated: 774.5207212649109
2021-11-27 20:34:20.935  INFO 530588 --- [ool-91-thread-2] .t.t.s.TourGuideClientRewardsServiceImpl : Service - Distance calculated: 7397.468972653703
2021-11-27 20:34:20.935  INFO 530588 --- [ool-53-thread-2] .t.t.s.TourGuideClientRewardsServiceImpl : Service - Distance calculated: 1418.571827418631
2021-11-27 20:34:20.939  INFO 530588 --- [ool-91-thread-2] .t.t.s.TourGuideClientRewardsServiceImpl : Service - Distance calculated: 4667.495757838155
2021-11-27 20:34:20.939  INFO 530588 --- [ool-50-thread-2] .t.t.s.TourGuideClientRewardsServiceImpl : Service - Distance calculated: 164.91310606753288
2021-11-27 20:34:20.935  INFO 530588 --- [ol-139-thread-2] .t.t.s.TourGuideClientRewardsServiceImpl : Service - Distance calculated: 6908.4720161873975
2021-11-27 20:34:20.935  INFO 530588 --- [ol-136-thread-2] .t.t.s.TourGuideClientRewardsServiceImpl : Service - Distance calculated: 5048.063563270213
2021-11-27 20:34:20.939  INFO 530588 --- [ol-139-thread-2] .t.t.s.TourGuideClientRewardsServiceImpl : Service - Distance calculated: 7020.275056137448
2021-11-27 20:34:20.935  INFO 530588 --- [ol-126-thread-2] .t.t.s.TourGuideClientRewardsServiceImpl : Service - Distance calculated: 10992.75300278665
2021-11-27 20:34:20.935  INFO 530588 --- [ool-60-thread-2] .t.t.s.TourGuideClientRewardsServiceImpl : Service - Distance calculated: 2988.1819749593324
2021-11-27 20:34:20.940  INFO 530588 --- [ol-126-thread-2] .t.t.s.TourGuideClientRewardsServiceImpl : Service - Distance calculated: 11688.329851803563
2021-11-27 20:34:20.940  INFO 530588 --- [ol-126-thread-2] .t.t.s.TourGuideClientRewardsServiceImpl : Service - Distance calculated: 10241.884816162054
2021-11-27 20:34:20.940  INFO 530588 --- [ol-126-thread-2] .t.t.s.TourGuideClientRewardsServiceImpl : Service - Distance calculated: 10134.607153230818
2021-11-27 20:34:20.935  INFO 530588 --- [ool-52-thread-2] .t.t.s.TourGuideClientRewardsServiceImpl : Service - Distance calculated: 1344.090272349311
2021-11-27 20:34:20.935  INFO 530588 --- [ol-110-thread-2] .t.t.s.TourGuideClientRewardsServiceImpl : Service - Distance calculated: 9163.495489005625
2021-11-27 20:34:20.940  INFO 530588 --- [ool-52-thread-2] .t.t.s.TourGuideClientRewardsServiceImpl : Service - Distance calculated: 2440.177336041544
2021-11-27 20:34:20.940  INFO 530588 --- [ol-110-thread-2] .t.t.s.TourGuideClientRewardsServiceImpl : Service - Distance calculated: 9949.969282939057
2021-11-27 20:34:20.940  INFO 530588 --- [ol-110-thread-2] .t.t.s.TourGuideClientRewardsServiceImpl : Service - Distance calculated: 10629.533828139962
2021-11-27 20:34:20.940  INFO 530588 --- [ol-110-thread-2] .t.t.s.TourGuideClientRewardsServiceImpl : Service - Distance calculated: 9667.491347519703
2021-11-27 20:34:20.940  INFO 530588 --- [ool-52-thread-2] .t.t.s.TourGuideClientRewardsServiceImpl : Service - Distance calculated: 2168.830527042806
2021-11-27 20:34:20.935  INFO 530588 --- [ol-101-thread-2] .t.t.s.TourGuideClientRewardsServiceImpl : Service - Distance calculated: 5136.168190574484
2021-11-27 20:34:20.940  INFO 530588 --- [ol-101-thread-2] .t.t.s.TourGuideClientRewardsServiceImpl : Service - Distance calculated: 4433.190370733477
2021-11-27 20:34:20.940  INFO 530588 --- [ool-52-thread-2] .t.t.s.TourGuideClientRewardsServiceImpl : Service - Calculate rewards points for user: internalUser71
2021-11-27 20:34:20.935  INFO 530588 --- [ol-107-thread-2] .t.t.s.TourGuideClientRewardsServiceImpl : Service - Distance calculated: 4814.159091935311
2021-11-27 20:34:20.940  INFO 530588 --- [ol-107-thread-2] .t.t.s.TourGuideClientRewardsServiceImpl : Service - Distance calculated: 2981.389089269963
2021-11-27 20:34:20.940  INFO 530588 --- [ol-107-thread-2] .t.t.s.TourGuideClientRewardsServiceImpl : Service - Distance calculated: 4488.38568984122
2021-11-27 20:34:20.940  INFO 530588 --- [ol-107-thread-2] .t.t.s.TourGuideClientRewardsServiceImpl : Service - Distance calculated: 4591.540835401249
2021-11-27 20:34:20.940  INFO 530588 --- [ol-107-thread-2] .t.t.s.TourGuideClientRewardsServiceImpl : Service - Distance calculated: 4640.5328533849015
2021-11-27 20:34:20.940  INFO 530588 --- [ol-107-thread-2] .t.t.s.TourGuideClientRewardsServiceImpl : Service - Distance calculated: 5486.725326249724
2021-11-27 20:34:20.940  INFO 530588 --- [ol-107-thread-2] .t.t.s.TourGuideClientRewardsServiceImpl : Service - Distance calculated: 5347.045184853375
2021-11-27 20:34:20.940  INFO 530588 --- [ol-107-thread-2] .t.t.s.TourGuideClientRewardsServiceImpl : Service - Distance calculated: 5104.459381507446
2021-11-27 20:34:20.940  INFO 530588 --- [ol-107-thread-2] .t.t.s.TourGuideClientRewardsServiceImpl : Service - Distance calculated: 5315.294196444421
2021-11-27 20:34:20.940  INFO 530588 --- [ol-107-thread-2] .t.t.s.TourGuideClientRewardsServiceImpl : Service - Distance calculated: 4893.846823123452
2021-11-27 20:34:20.940  INFO 530588 --- [ol-107-thread-2] .t.t.s.TourGuideClientRewardsServiceImpl : Service - Distance calculated: 5320.808096780742
2021-11-27 20:34:20.940  INFO 530588 --- [ol-107-thread-2] .t.t.s.TourGuideClientRewardsServiceImpl : Service - Distance calculated: 5164.116111158481
2021-11-27 20:34:20.940  INFO 530588 --- [ol-107-thread-2] .t.t.s.TourGuideClientRewardsServiceImpl : Service - Distance calculated: 5428.152831019415
2021-11-27 20:34:20.940  INFO 530588 --- [ol-107-thread-2] .t.t.s.TourGuideClientRewardsServiceImpl : Service - Distance calculated: 4354.780310417933
2021-11-27 20:34:20.940  INFO 530588 --- [ol-107-thread-2] .t.t.s.TourGuideClientRewardsServiceImpl : Service - Distance calculated: 5253.394778038355
2021-11-27 20:34:20.940  INFO 530588 --- [ol-107-thread-2] .t.t.s.TourGuideClientRewardsServiceImpl : Service - Distance calculated: 4736.281967198494
2021-11-27 20:34:20.940  INFO 530588 --- [ol-107-thread-2] .t.t.s.TourGuideClientRewardsServiceImpl : Service - Distance calculated: 4479.714025086236
2021-11-27 20:34:20.940  INFO 530588 --- [ol-107-thread-2] .t.t.s.TourGuideClientRewardsServiceImpl : Service - Distance calculated: 5393.628974821154
2021-11-27 20:34:20.940  INFO 530588 --- [ol-107-thread-2] .t.t.s.TourGuideClientRewardsServiceImpl : Service - Distance calculated: 9676.406558172774
2021-11-27 20:34:20.940  INFO 530588 --- [ol-107-thread-2] .t.t.s.TourGuideClientRewardsServiceImpl : Service - Distance calculated: 9195.456516219527
2021-11-27 20:34:20.940  INFO 530588 --- [ol-107-thread-2] .t.t.s.TourGuideClientRewardsServiceImpl : Service - Distance calculated: 9657.404474059935
2021-11-27 20:34:20.940  INFO 530588 --- [ol-107-thread-2] .t.t.s.TourGuideClientRewardsServiceImpl : Service - Distance calculated: 9726.297017977766
2021-11-27 20:34:20.940  INFO 530588 --- [ol-107-thread-2] .t.t.s.TourGuideClientRewardsServiceImpl : Service - Distance calculated: 9756.177073395202
2021-11-27 20:34:20.940  INFO 530588 --- [ol-107-thread-2] .t.t.s.TourGuideClientRewardsServiceImpl : Service - Distance calculated: 9858.457051291714
2021-11-27 20:34:20.940  INFO 530588 --- [ol-107-thread-2] .t.t.s.TourGuideClientRewardsServiceImpl : Service - Distance calculated: 9979.474922238936
2021-11-27 20:34:20.940  INFO 530588 --- [ol-107-thread-2] .t.t.s.TourGuideClientRewardsServiceImpl : Service - Distance calculated: 9321.862699245508
2021-11-27 20:34:20.940  INFO 530588 --- [ol-107-thread-2] .t.t.s.TourGuideClientRewardsServiceImpl : Service - Distance calculated: 9535.525824730978
2021-11-27 20:34:20.940  INFO 530588 --- [ol-107-thread-2] .t.t.s.TourGuideClientRewardsServiceImpl : Service - Distance calculated: 7316.831357866818
2021-11-27 20:34:20.940  INFO 530588 --- [ol-107-thread-2] .t.t.s.TourGuideClientRewardsServiceImpl : Service - Distance calculated: 9052.021108088938
2021-11-27 20:34:20.940  INFO 530588 --- [ol-107-thread-2] .t.t.s.TourGuideClientRewardsServiceImpl : Service - Distance calculated: 9253.601729571928
2021-11-27 20:34:20.940  INFO 530588 --- [ol-107-thread-2] .t.t.s.TourGuideClientRewardsServiceImpl : Service - Distance calculated: 9246.768740309235
2021-11-27 20:34:20.940  INFO 530588 --- [ol-107-thread-2] .t.t.s.TourGuideClientRewardsServiceImpl : Service - Distance calculated: 10034.741985428469
2021-11-27 20:34:20.940  INFO 530588 --- [ol-107-thread-2] .t.t.s.TourGuideClientRewardsServiceImpl : Service - Distance calculated: 10184.009140500635
2021-11-27 20:34:20.940  INFO 530588 --- [ol-107-thread-2] .t.t.s.TourGuideClientRewardsServiceImpl : Service - Distance calculated: 9860.22462993611
2021-11-27 20:34:20.941  INFO 530588 --- [ol-107-thread-2] .t.t.s.TourGuideClientRewardsServiceImpl : Service - Distance calculated: 10109.755894260838
2021-11-27 20:34:20.935  INFO 530588 --- [ol-127-thread-2] .t.t.s.TourGuideClientRewardsServiceImpl : Service - Distance calculated: 4380.89688861624
2021-11-27 20:34:20.941  INFO 530588 --- [ol-107-thread-2] .t.t.s.TourGuideClientRewardsServiceImpl : Service - Distance calculated: 9606.228070754638
2021-11-27 20:34:20.941  INFO 530588 --- [ol-107-thread-2] .t.t.s.TourGuideClientRewardsServiceImpl : Service - Distance calculated: 10154.370874305614
2021-11-27 20:34:20.941  INFO 530588 --- [ol-127-thread-2] .t.t.s.TourGuideClientRewardsServiceImpl : Service - Distance calculated: 3366.958012266
2021-11-27 20:34:20.941  INFO 530588 --- [ol-107-thread-2] .t.t.s.TourGuideClientRewardsServiceImpl : Service - Distance calculated: 9763.39135413197
2021-11-27 20:34:20.941  INFO 530588 --- [ol-127-thread-2] .t.t.s.TourGuideClientRewardsServiceImpl : Service - Distance calculated: 5004.198825533333
2021-11-27 20:34:20.941  INFO 530588 --- [ol-107-thread-2] .t.t.s.TourGuideClientRewardsServiceImpl : Service - Distance calculated: 10050.765862799713
2021-11-27 20:34:20.941  INFO 530588 --- [ol-107-thread-2] .t.t.s.TourGuideClientRewardsServiceImpl : Service - Distance calculated: 8876.148687313656
2021-11-27 20:34:20.941  INFO 530588 --- [ol-107-thread-2] .t.t.s.TourGuideClientRewardsServiceImpl : Service - Distance calculated: 10044.188430424238
2021-11-27 20:34:20.941  INFO 530588 --- [ol-107-thread-2] .t.t.s.TourGuideClientRewardsServiceImpl : Service - Distance calculated: 9566.396117476346
2021-11-27 20:34:20.941  INFO 530588 --- [ol-107-thread-2] .t.t.s.TourGuideClientRewardsServiceImpl : Service - Distance calculated: 9042.195907457755
2021-11-27 20:34:20.941  INFO 530588 --- [ol-107-thread-2] .t.t.s.TourGuideClientRewardsServiceImpl : Service - Distance calculated: 9998.249183938167
2021-11-27 20:34:20.941  INFO 530588 --- [ol-107-thread-2] .t.t.s.TourGuideClientRewardsServiceImpl : Service - Calculate rewards points for user: internalUser33
2021-11-27 20:34:20.941  INFO 530588 --- [ol-127-thread-2] .t.t.s.TourGuideClientRewardsServiceImpl : Service - Distance calculated: 4900.065139004654
2021-11-27 20:34:20.935  INFO 530588 --- [ol-131-thread-2] .t.t.s.TourGuideClientRewardsServiceImpl : Service - Distance calculated: 3622.458625563373
2021-11-27 20:34:20.941  INFO 530588 --- [ol-131-thread-2] .t.t.s.TourGuideClientRewardsServiceImpl : Service - Distance calculated: 5640.850477605406
2021-11-27 20:34:20.941  INFO 530588 --- [ol-131-thread-2] .t.t.s.TourGuideClientRewardsServiceImpl : Service - Distance calculated: 5125.1309693715875
2021-11-27 20:34:20.941  INFO 530588 --- [ol-131-thread-2] .t.t.s.TourGuideClientRewardsServiceImpl : Service - Distance calculated: 5485.170447107603
2021-11-27 20:34:20.941  INFO 530588 --- [ol-131-thread-2] .t.t.s.TourGuideClientRewardsServiceImpl : Service - Distance calculated: 5527.568890680167
2021-11-27 20:34:20.935  INFO 530588 --- [ool-46-thread-2] .t.t.s.TourGuideClientRewardsServiceImpl : Service - Distance calculated: 5453.349364540609
2021-11-27 20:34:20.935  INFO 530588 --- [ool-59-thread-2] .t.t.s.TourGuideClientRewardsServiceImpl : Service - Distance calculated: 2803.7892287468135
2021-11-27 20:34:20.941  INFO 530588 --- [ool-46-thread-2] .t.t.s.TourGuideClientRewardsServiceImpl : Service - Distance calculated: 5406.385415003069
2021-11-27 20:34:20.941  INFO 530588 --- [ool-59-thread-2] .t.t.s.TourGuideClientRewardsServiceImpl : Service - Distance calculated: 2874.4608065636353
2021-11-27 20:34:20.941  INFO 530588 --- [ool-59-thread-2] .t.t.s.TourGuideClientRewardsServiceImpl : Service - Distance calculated: 498.30839917696903
2021-11-27 20:34:20.941  INFO 530588 --- [ool-46-thread-2] .t.t.s.TourGuideClientRewardsServiceImpl : Service - Distance calculated: 5701.618571054212
2021-11-27 20:34:20.941  INFO 530588 --- [ool-59-thread-2] .t.t.s.TourGuideClientRewardsServiceImpl : Service - Distance calculated: 3089.6824327153176
2021-11-27 20:34:20.941  INFO 530588 --- [ool-46-thread-2] .t.t.s.TourGuideClientRewardsServiceImpl : Service - Distance calculated: 6818.996684274943
2021-11-27 20:34:20.935  INFO 530588 --- [ool-44-thread-2] .t.t.s.TourGuideClientRewardsServiceImpl : Service - Distance calculated: 9027.848838859805
2021-11-27 20:34:20.941  INFO 530588 --- [ool-46-thread-2] .t.t.s.TourGuideClientRewardsServiceImpl : Service - Distance calculated: 4955.1518657528795
2021-11-27 20:34:20.941  INFO 530588 --- [ool-44-thread-2] .t.t.s.TourGuideClientRewardsServiceImpl : Service - Distance calculated: 10196.76076491565
2021-11-27 20:34:20.935  INFO 530588 --- [ol-100-thread-2] .t.t.s.TourGuideClientRewardsServiceImpl : Service - Distance calculated: 8002.946486992721
2021-11-27 20:34:20.941  INFO 530588 --- [ool-44-thread-2] .t.t.s.TourGuideClientRewardsServiceImpl : Service - Distance calculated: 8599.913143961017
2021-11-27 20:34:20.941  INFO 530588 --- [ool-44-thread-2] .t.t.s.TourGuideClientRewardsServiceImpl : Service - Distance calculated: 9368.061887780017
2021-11-27 20:34:20.941  INFO 530588 --- [ol-100-thread-2] .t.t.s.TourGuideClientRewardsServiceImpl : Service - Distance calculated: 7834.948877054381
2021-11-27 20:34:20.941  INFO 530588 --- [ool-44-thread-2] .t.t.s.TourGuideClientRewardsServiceImpl : Service - Distance calculated: 10038.832728210682
2021-11-27 20:34:20.941  INFO 530588 --- [ol-100-thread-2] .t.t.s.TourGuideClientRewardsServiceImpl : Service - Distance calculated: 7959.3463235301415
2021-11-27 20:34:20.935  INFO 530588 --- [ol-117-thread-2] .t.t.s.TourGuideClientRewardsServiceImpl : Service - Distance calculated: 11642.003900640846
2021-11-27 20:34:20.941  INFO 530588 --- [ol-100-thread-2] .t.t.s.TourGuideClientRewardsServiceImpl : Service - Distance calculated: 6796.166748608168
2021-11-27 20:34:20.941  INFO 530588 --- [ol-117-thread-2] .t.t.s.TourGuideClientRewardsServiceImpl : Service - Distance calculated: 11930.29451929608
2021-11-27 20:34:20.941  INFO 530588 --- [ol-100-thread-2] .t.t.s.TourGuideClientRewardsServiceImpl : Service - Distance calculated: 7963.671074931889
2021-11-27 20:34:20.941  INFO 530588 --- [ol-117-thread-2] .t.t.s.TourGuideClientRewardsServiceImpl : Service - Distance calculated: 10948.775513775387
2021-11-27 20:34:20.941  INFO 530588 --- [ol-100-thread-2] .t.t.s.TourGuideClientRewardsServiceImpl : Service - Distance calculated: 7414.24374957767
2021-11-27 20:34:20.941  INFO 530588 --- [ol-117-thread-2] .t.t.s.TourGuideClientRewardsServiceImpl : Service - Distance calculated: 11116.149867586002
2021-11-27 20:34:20.941  INFO 530588 --- [ol-100-thread-2] .t.t.s.TourGuideClientRewardsServiceImpl : Service - Distance calculated: 6951.656780513775
2021-11-27 20:34:20.935  INFO 530588 --- [ol-138-thread-2] .t.t.s.TourGuideClientRewardsServiceImpl : Service - Distance calculated: 6448.895884014743
2021-11-27 20:34:20.941  INFO 530588 --- [ol-100-thread-2] .t.t.s.TourGuideClientRewardsServiceImpl : Service - Distance calculated: 7913.285163131746
2021-11-27 20:34:20.941  INFO 530588 --- [ol-138-thread-2] .t.t.s.TourGuideClientRewardsServiceImpl : Service - Distance calculated: 6706.878127033724
2021-11-27 20:34:20.941  INFO 530588 --- [ol-100-thread-2] .t.t.s.TourGuideClientRewardsServiceImpl : Service - Calculate rewards points for user: internalUser24
2021-11-27 20:34:20.941  INFO 530588 --- [ol-138-thread-2] .t.t.s.TourGuideClientRewardsServiceImpl : Service - Distance calculated: 6653.324676619516
2021-11-27 20:34:20.941  INFO 530588 --- [ool-46-thread-2] .t.t.s.TourGuideClientRewardsServiceImpl : Service - Distance calculated: 5313.806550740221
2021-11-27 20:34:20.941  INFO 530588 --- [ool-46-thread-2] .t.t.s.TourGuideClientRewardsServiceImpl : Service - Distance calculated: 6239.549317933809
2021-11-27 20:34:20.942  INFO 530588 --- [ool-46-thread-2] .t.t.s.TourGuideClientRewardsServiceImpl : Service - Distance calculated: 5977.562243496901
2021-11-27 20:34:20.936  INFO 530588 --- [ool-73-thread-2] .t.t.s.TourGuideClientRewardsServiceImpl : Service - Distance calculated: 2709.9305403012095
2021-11-27 20:34:20.942  INFO 530588 --- [ool-46-thread-2] .t.t.s.TourGuideClientRewardsServiceImpl : Service - Distance calculated: 5313.6338021418305
2021-11-27 20:34:20.942  INFO 530588 --- [ool-46-thread-2] .t.t.s.TourGuideClientRewardsServiceImpl : Service - Distance calculated: 4937.422369792408
2021-11-27 20:34:20.942  INFO 530588 --- [ool-73-thread-2] .t.t.s.TourGuideClientRewardsServiceImpl : Service - Distance calculated: 3657.0088716534387
2021-11-27 20:34:20.942  INFO 530588 --- [ool-46-thread-2] .t.t.s.TourGuideClientRewardsServiceImpl : Service - Distance calculated: 6860.994663800737
2021-11-27 20:34:20.942  INFO 530588 --- [ool-73-thread-2] .t.t.s.TourGuideClientRewardsServiceImpl : Service - Distance calculated: 3065.455675209875
2021-11-27 20:34:20.942  INFO 530588 --- [ool-46-thread-2] .t.t.s.TourGuideClientRewardsServiceImpl : Service - Distance calculated: 7196.6316965295655
2021-11-27 20:34:20.942  INFO 530588 --- [ool-73-thread-2] .t.t.s.TourGuideClientRewardsServiceImpl : Service - Distance calculated: 2819.881105379238
2021-11-27 20:34:20.942  INFO 530588 --- [ool-73-thread-2] .t.t.s.TourGuideClientRewardsServiceImpl : Service - Distance calculated: 3710.4272219121376
2021-11-27 20:34:20.942  INFO 530588 --- [ool-73-thread-2] .t.t.s.TourGuideClientRewardsServiceImpl : Service - Distance calculated: 11767.417370627205
2021-11-27 20:34:20.942  INFO 530588 --- [ool-73-thread-2] .t.t.s.TourGuideClientRewardsServiceImpl : Service - Distance calculated: 12194.40630699841
2021-11-27 20:34:20.942  INFO 530588 --- [ool-73-thread-2] .t.t.s.TourGuideClientRewardsServiceImpl : Service - Distance calculated: 11927.780323699575
2021-11-27 20:34:20.942  INFO 530588 --- [ool-73-thread-2] .t.t.s.TourGuideClientRewardsServiceImpl : Service - Distance calculated: 11846.408752663481
2021-11-27 20:34:20.942  INFO 530588 --- [ool-73-thread-2] .t.t.s.TourGuideClientRewardsServiceImpl : Service - Distance calculated: 11486.76392895124
2021-11-27 20:34:20.942  INFO 530588 --- [ool-73-thread-2] .t.t.s.TourGuideClientRewardsServiceImpl : Service - Distance calculated: 11455.68010662294
2021-11-27 20:34:20.942  INFO 530588 --- [ool-73-thread-2] .t.t.s.TourGuideClientRewardsServiceImpl : Service - Distance calculated: 11832.868409200488
2021-11-27 20:34:20.942  INFO 530588 --- [ool-73-thread-2] .t.t.s.TourGuideClientRewardsServiceImpl : Service - Distance calculated: 11019.689743271403
2021-11-27 20:34:20.942  INFO 530588 --- [ool-73-thread-2] .t.t.s.TourGuideClientRewardsServiceImpl : Service - Distance calculated: 11061.555893461193
2021-11-27 20:34:20.942  INFO 530588 --- [ool-73-thread-2] .t.t.s.TourGuideClientRewardsServiceImpl : Service - Distance calculated: 10205.491428054667
2021-11-27 20:34:20.942  INFO 530588 --- [ool-73-thread-2] .t.t.s.TourGuideClientRewardsServiceImpl : Service - Distance calculated: 10594.041722848055
2021-11-27 20:34:20.942  INFO 530588 --- [ool-73-thread-2] .t.t.s.TourGuideClientRewardsServiceImpl : Service - Distance calculated: 10866.291075993644
2021-11-27 20:34:20.942  INFO 530588 --- [ool-73-thread-2] .t.t.s.TourGuideClientRewardsServiceImpl : Service - Distance calculated: 10723.0431409445
2021-11-27 20:34:20.942  INFO 530588 --- [ool-73-thread-2] .t.t.s.TourGuideClientRewardsServiceImpl : Service - Distance calculated: 10526.36369971727
2021-11-27 20:34:20.942  INFO 530588 --- [ool-73-thread-2] .t.t.s.TourGuideClientRewardsServiceImpl : Service - Distance calculated: 11477.914936456367
2021-11-27 20:34:20.942  INFO 530588 --- [ool-73-thread-2] .t.t.s.TourGuideClientRewardsServiceImpl : Service - Distance calculated: 11136.456555889263
2021-11-27 20:34:20.942  INFO 530588 --- [ool-73-thread-2] .t.t.s.TourGuideClientRewardsServiceImpl : Service - Distance calculated: 11205.369966447834
2021-11-27 20:34:20.942  INFO 530588 --- [ool-73-thread-2] .t.t.s.TourGuideClientRewardsServiceImpl : Service - Distance calculated: 11027.46274620613
2021-11-27 20:34:20.942  INFO 530588 --- [ool-73-thread-2] .t.t.s.TourGuideClientRewardsServiceImpl : Service - Distance calculated: 11439.97014735921
2021-11-27 20:34:20.943  INFO 530588 --- [ool-73-thread-2] .t.t.s.TourGuideClientRewardsServiceImpl : Service - Distance calculated: 11739.773190018446
2021-11-27 20:34:20.943  INFO 530588 --- [ool-73-thread-2] .t.t.s.TourGuideClientRewardsServiceImpl : Service - Distance calculated: 10688.255654429526
2021-11-27 20:34:20.943  INFO 530588 --- [ool-73-thread-2] .t.t.s.TourGuideClientRewardsServiceImpl : Service - Distance calculated: 10465.131630643918
2021-11-27 20:34:20.943  INFO 530588 --- [ool-73-thread-2] .t.t.s.TourGuideClientRewardsServiceImpl : Service - Distance calculated: 11812.094862619366
2021-11-27 20:34:20.943  INFO 530588 --- [ool-73-thread-2] .t.t.s.TourGuideClientRewardsServiceImpl : Service - Distance calculated: 11643.820947559801
2021-11-27 20:34:20.943  INFO 530588 --- [ool-73-thread-2] .t.t.s.TourGuideClientRewardsServiceImpl : Service - Distance calculated: 10589.508250643557
2021-11-27 20:34:20.943  INFO 530588 --- [ool-73-thread-2] .t.t.s.TourGuideClientRewardsServiceImpl : Service - Distance calculated: 10660.878601493934
2021-11-27 20:34:20.943  INFO 530588 --- [ool-73-thread-2] .t.t.s.TourGuideClientRewardsServiceImpl : Service - Distance calculated: 1230.0428122255762
2021-11-27 20:34:20.943  INFO 530588 --- [ool-73-thread-2] .t.t.s.TourGuideClientRewardsServiceImpl : Service - Distance calculated: 669.7579438118713
2021-11-27 20:34:20.943  INFO 530588 --- [ool-73-thread-2] .t.t.s.TourGuideClientRewardsServiceImpl : Service - Distance calculated: 1150.0519458096153
2021-11-27 20:34:20.943  INFO 530588 --- [ool-73-thread-2] .t.t.s.TourGuideClientRewardsServiceImpl : Service - Distance calculated: 1233.8328935839152
2021-11-27 20:34:20.943  INFO 530588 --- [ool-73-thread-2] .t.t.s.TourGuideClientRewardsServiceImpl : Service - Distance calculated: 1676.3683554146116
2021-11-27 20:34:20.943  INFO 530588 --- [ool-73-thread-2] .t.t.s.TourGuideClientRewardsServiceImpl : Service - Distance calculated: 1742.6989778419104
2021-11-27 20:34:20.943  INFO 530588 --- [ool-73-thread-2] .t.t.s.TourGuideClientRewardsServiceImpl : Service - Distance calculated: 1432.9888444946587
2021-11-27 20:34:20.943  INFO 530588 --- [ool-73-thread-2] .t.t.s.TourGuideClientRewardsServiceImpl : Service - Distance calculated: 1908.519518071691
2021-11-27 20:34:20.943  INFO 530588 --- [ool-73-thread-2] .t.t.s.TourGuideClientRewardsServiceImpl : Service - Distance calculated: 1962.3814116943586
2021-11-27 20:34:20.944  INFO 530588 --- [ool-73-thread-2] .t.t.s.TourGuideClientRewardsServiceImpl : Service - Distance calculated: 1337.44977698991
2021-11-27 20:34:20.944  INFO 530588 --- [ool-73-thread-2] .t.t.s.TourGuideClientRewardsServiceImpl : Service - Distance calculated: 2234.5229685514096
2021-11-27 20:34:20.944  INFO 530588 --- [ool-73-thread-2] .t.t.s.TourGuideClientRewardsServiceImpl : Service - Distance calculated: 2034.222589866352
2021-11-27 20:34:20.944  INFO 530588 --- [ool-73-thread-2] .t.t.s.TourGuideClientRewardsServiceImpl : Service - Distance calculated: 2180.972493623191
2021-11-27 20:34:20.944  INFO 530588 --- [ool-73-thread-2] .t.t.s.TourGuideClientRewardsServiceImpl : Service - Distance calculated: 2635.8700231640855
2021-11-27 20:34:20.944  INFO 530588 --- [ool-73-thread-2] .t.t.s.TourGuideClientRewardsServiceImpl : Service - Distance calculated: 1826.9647842330348
2021-11-27 20:34:20.944  INFO 530588 --- [ool-73-thread-2] .t.t.s.TourGuideClientRewardsServiceImpl : Service - Distance calculated: 2016.2362008333212
2021-11-27 20:34:20.944  INFO 530588 --- [ool-73-thread-2] .t.t.s.TourGuideClientRewardsServiceImpl : Service - Distance calculated: 2033.4505387120728
2021-11-27 20:34:20.944  INFO 530588 --- [ool-73-thread-2] .t.t.s.TourGuideClientRewardsServiceImpl : Service - Distance calculated: 2023.4656874468387
2021-11-27 20:34:20.944  INFO 530588 --- [ool-73-thread-2] .t.t.s.TourGuideClientRewardsServiceImpl : Service - Distance calculated: 1850.44883414695
2021-11-27 20:34:20.944  INFO 530588 --- [ool-73-thread-2] .t.t.s.TourGuideClientRewardsServiceImpl : Service - Distance calculated: 1306.7979517250576
2021-11-27 20:34:20.944  INFO 530588 --- [ool-73-thread-2] .t.t.s.TourGuideClientRewardsServiceImpl : Service - Distance calculated: 2485.011532127852
2021-11-27 20:34:20.944  INFO 530588 --- [ool-73-thread-2] .t.t.s.TourGuideClientRewardsServiceImpl : Service - Distance calculated: 2298.662861378494
2021-11-27 20:34:20.944  INFO 530588 --- [ool-73-thread-2] .t.t.s.TourGuideClientRewardsServiceImpl : Service - Distance calculated: 1508.908303420646
2021-11-27 20:34:20.944  INFO 530588 --- [ool-73-thread-2] .t.t.s.TourGuideClientRewardsServiceImpl : Service - Distance calculated: 1458.20116673779
2021-11-27 20:34:20.944  INFO 530588 --- [ool-73-thread-2] .t.t.s.TourGuideClientRewardsServiceImpl : Service - Distance calculated: 2235.1074830972957
2021-11-27 20:34:20.944  INFO 530588 --- [ool-73-thread-2] .t.t.s.TourGuideClientRewardsServiceImpl : Service - Distance calculated: 2497.470745684195
2021-11-27 20:34:20.944  INFO 530588 --- [ool-73-thread-2] .t.t.s.TourGuideClientRewardsServiceImpl : Service - Calculate rewards points for user: internalUser99
2021-11-27 20:34:20.936  INFO 530588 --- [ol-123-thread-2] .t.t.s.TourGuideClientRewardsServiceImpl : Service - Distance calculated: 7396.032538243306
2021-11-27 20:34:20.945  INFO 530588 --- [ol-123-thread-2] .t.t.s.TourGuideClientRewardsServiceImpl : Service - Distance calculated: 6608.728784824088
2021-11-27 20:34:20.945  INFO 530588 --- [ol-123-thread-2] .t.t.s.TourGuideClientRewardsServiceImpl : Service - Distance calculated: 5510.294336237035
2021-11-27 20:34:20.946  INFO 530588 --- [ol-123-thread-2] .t.t.s.TourGuideClientRewardsServiceImpl : Service - Distance calculated: 6002.5234717812145
2021-11-27 20:34:20.946  INFO 530588 --- [ol-123-thread-2] .t.t.s.TourGuideClientRewardsServiceImpl : Service - Calculate rewards points for user: internalUser59
2021-11-27 20:34:20.936  INFO 530588 --- [ool-48-thread-2] .t.t.s.TourGuideClientRewardsServiceImpl : Service - Distance calculated: 7234.036180737536
2021-11-27 20:34:20.946  INFO 530588 --- [ool-48-thread-2] .t.t.s.TourGuideClientRewardsServiceImpl : Service - Distance calculated: 7317.217436980609
2021-11-27 20:34:20.946  INFO 530588 --- [ool-48-thread-2] .t.t.s.TourGuideClientRewardsServiceImpl : Service - Distance calculated: 6752.535177881563
2021-11-27 20:34:20.946  INFO 530588 --- [ool-48-thread-2] .t.t.s.TourGuideClientRewardsServiceImpl : Service - Distance calculated: 6010.887288602465
2021-11-27 20:34:20.946  INFO 530588 --- [ool-48-thread-2] .t.t.s.TourGuideClientRewardsServiceImpl : Service - Distance calculated: 6611.316468464348
2021-11-27 20:34:20.947  INFO 530588 --- [ool-48-thread-2] .t.t.s.TourGuideClientRewardsServiceImpl : Service - Distance calculated: 6326.064983473223
2021-11-27 20:34:20.947  INFO 530588 --- [ool-48-thread-2] .t.t.s.TourGuideClientRewardsServiceImpl : Service - Distance calculated: 6887.198065890396
2021-11-27 20:34:20.947  INFO 530588 --- [ool-48-thread-2] .t.t.s.TourGuideClientRewardsServiceImpl : Service - Distance calculated: 6089.641071847212
2021-11-27 20:34:20.947  INFO 530588 --- [ool-48-thread-2] .t.t.s.TourGuideClientRewardsServiceImpl : Service - Distance calculated: 5321.849570256431
2021-11-27 20:34:20.947  INFO 530588 --- [ool-48-thread-2] .t.t.s.TourGuideClientRewardsServiceImpl : Service - Distance calculated: 6670.223828532821
2021-11-27 20:34:20.947  INFO 530588 --- [ool-48-thread-2] .t.t.s.TourGuideClientRewardsServiceImpl : Service - Distance calculated: 7698.2868196154795
2021-11-27 20:34:20.947  INFO 530588 --- [ool-48-thread-2] .t.t.s.TourGuideClientRewardsServiceImpl : Service - Distance calculated: 5693.578109132467
2021-11-27 20:34:20.947  INFO 530588 --- [ool-48-thread-2] .t.t.s.TourGuideClientRewardsServiceImpl : Service - Distance calculated: 6526.635899807973
2021-11-27 20:34:20.947  INFO 530588 --- [ool-48-thread-2] .t.t.s.TourGuideClientRewardsServiceImpl : Service - Distance calculated: 7525.961168269552
2021-11-27 20:34:20.947  INFO 530588 --- [ool-48-thread-2] .t.t.s.TourGuideClientRewardsServiceImpl : Service - Distance calculated: 6730.941827213192
2021-11-27 20:34:20.947  INFO 530588 --- [ool-48-thread-2] .t.t.s.TourGuideClientRewardsServiceImpl : Service - Distance calculated: 5.8950310023474215E-5
2021-11-27 20:34:20.936  INFO 530588 --- [ool-65-thread-2] .t.t.s.TourGuideClientRewardsServiceImpl : Service - Distance calculated: 6743.485338677558
2021-11-27 20:34:20.947  INFO 530588 --- [ool-65-thread-2] .t.t.s.TourGuideClientRewardsServiceImpl : Service - Distance calculated: 7804.0595078274755
2021-11-27 20:34:20.947  INFO 530588 --- [ool-65-thread-2] .t.t.s.TourGuideClientRewardsServiceImpl : Service - Distance calculated: 6977.441708120303
2021-11-27 20:34:20.947  INFO 530588 --- [ool-65-thread-2] .t.t.s.TourGuideClientRewardsServiceImpl : Service - Distance calculated: 7462.543920509182
2021-11-27 20:34:20.947  INFO 530588 --- [ool-65-thread-2] .t.t.s.TourGuideClientRewardsServiceImpl : Service - Distance calculated: 7682.059931923281
2021-11-27 20:34:20.947  INFO 530588 --- [ool-65-thread-2] .t.t.s.TourGuideClientRewardsServiceImpl : Service - Distance calculated: 6776.536843388047
2021-11-27 20:34:20.947  INFO 530588 --- [ool-65-thread-2] .t.t.s.TourGuideClientRewardsServiceImpl : Service - Calculate rewards points for user: internalUser8
2021-11-27 20:34:20.948  INFO 530588 --- [ool-48-thread-2] .t.t.s.TourGuideClientRewardsServiceImpl : Service - Distance calculated: 774.5207212649109
2021-11-27 20:34:20.948  INFO 530588 --- [ool-48-thread-2] .t.t.s.TourGuideClientRewardsServiceImpl : Service - Distance calculated: 164.91310606753288
2021-11-27 20:34:20.948  INFO 530588 --- [ool-48-thread-2] .t.t.s.TourGuideClientRewardsServiceImpl : Service - Distance calculated: 115.99464245531166
2021-11-27 20:34:20.948  INFO 530588 --- [ool-48-thread-2] .t.t.s.TourGuideClientRewardsServiceImpl : Service - Distance calculated: 1428.8577204882306
2021-11-27 20:34:20.948  INFO 530588 --- [ool-48-thread-2] .t.t.s.TourGuideClientRewardsServiceImpl : Service - Distance calculated: 1418.571827418631
2021-11-27 20:34:20.948  INFO 530588 --- [ool-48-thread-2] .t.t.s.TourGuideClientRewardsServiceImpl : Service - Distance calculated: 460.11990361699293
2021-11-27 20:34:20.948  INFO 530588 --- [ool-48-thread-2] .t.t.s.TourGuideClientRewardsServiceImpl : Service - Distance calculated: 1992.7911930022951
2021-11-27 20:34:20.948  INFO 530588 --- [ool-48-thread-2] .t.t.s.TourGuideClientRewardsServiceImpl : Service - Distance calculated: 1906.7972782801585
2021-11-27 20:34:20.948  INFO 530588 --- [ool-48-thread-2] .t.t.s.TourGuideClientRewardsServiceImpl : Service - Distance calculated: 2360.645624935619
2021-11-27 20:34:20.948  INFO 530588 --- [ool-48-thread-2] .t.t.s.TourGuideClientRewardsServiceImpl : Service - Distance calculated: 2434.494471527265
2021-11-27 20:34:20.948  INFO 530588 --- [ool-48-thread-2] .t.t.s.TourGuideClientRewardsServiceImpl : Service - Distance calculated: 2148.3967563579567
2021-11-27 20:34:20.948  INFO 530588 --- [ool-48-thread-2] .t.t.s.TourGuideClientRewardsServiceImpl : Service - Distance calculated: 2282.746325565392
2021-11-27 20:34:20.948  INFO 530588 --- [ool-48-thread-2] .t.t.s.TourGuideClientRewardsServiceImpl : Service - Distance calculated: 2289.4339721013357
2021-11-27 20:34:20.948  INFO 530588 --- [ool-48-thread-2] .t.t.s.TourGuideClientRewardsServiceImpl : Service - Distance calculated: 1204.372289719331
2021-11-27 20:34:20.948  INFO 530588 --- [ool-48-thread-2] .t.t.s.TourGuideClientRewardsServiceImpl : Service - Distance calculated: 1742.5694022642394
2021-11-27 20:34:20.948  INFO 530588 --- [ool-48-thread-2] .t.t.s.TourGuideClientRewardsServiceImpl : Service - Distance calculated: 1576.7472428725728
2021-11-27 20:34:20.948  INFO 530588 --- [ool-48-thread-2] .t.t.s.TourGuideClientRewardsServiceImpl : Service - Distance calculated: 1921.4807999190489
2021-11-27 20:34:20.949  INFO 530588 --- [ool-48-thread-2] .t.t.s.TourGuideClientRewardsServiceImpl : Service - Distance calculated: 1277.6245433336508
2021-11-27 20:34:20.949  INFO 530588 --- [ool-48-thread-2] .t.t.s.TourGuideClientRewardsServiceImpl : Service - Distance calculated: 87.03441722159666
2021-11-27 20:34:20.949  INFO 530588 --- [ool-48-thread-2] .t.t.s.TourGuideClientRewardsServiceImpl : Service - Distance calculated: 2127.2478407793283
2021-11-27 20:34:20.949  INFO 530588 --- [ool-48-thread-2] .t.t.s.TourGuideClientRewardsServiceImpl : Service - Distance calculated: 2578.910516018122
2021-11-27 20:34:20.949  INFO 530588 --- [ool-48-thread-2] .t.t.s.TourGuideClientRewardsServiceImpl : Service - Distance calculated: 680.6158831369517
2021-11-27 20:34:20.949  INFO 530588 --- [ool-48-thread-2] .t.t.s.TourGuideClientRewardsServiceImpl : Service - Distance calculated: 1344.090272349311
2021-11-27 20:34:20.949  INFO 530588 --- [ool-48-thread-2] .t.t.s.TourGuideClientRewardsServiceImpl : Service - Distance calculated: 2440.177336041544
2021-11-27 20:34:20.949  INFO 530588 --- [ool-48-thread-2] .t.t.s.TourGuideClientRewardsServiceImpl : Service - Distance calculated: 2168.830527042806
2021-11-27 20:34:20.949  INFO 530588 --- [ool-48-thread-2] .t.t.s.TourGuideClientRewardsServiceImpl : Service - Calculate rewards points for user: internalUser76
2021-11-27 20:34:20.936  INFO 530588 --- [ol-115-thread-2] .t.t.s.TourGuideClientRewardsServiceImpl : Service - Distance calculated: 7431.743393955898
2021-11-27 20:34:20.936  INFO 530588 --- [ool-95-thread-2] .t.t.s.TourGuideClientRewardsServiceImpl : Service - Distance calculated: 6390.551646110977
2021-11-27 20:34:20.951  INFO 530588 --- [ol-115-thread-2] .t.t.s.TourGuideClientRewardsServiceImpl : Service - Distance calculated: 7346.570111982484
2021-11-27 20:34:20.951  INFO 530588 --- [ool-95-thread-2] .t.t.s.TourGuideClientRewardsServiceImpl : Service - Distance calculated: 7769.892537252821
2021-11-27 20:34:20.936  INFO 530588 --- [ool-82-thread-2] .t.t.s.TourGuideClientRewardsServiceImpl : Service - Distance calculated: 4730.054441779463
2021-11-27 20:34:20.951  INFO 530588 --- [ool-95-thread-2] .t.t.s.TourGuideClientRewardsServiceImpl : Service - Distance calculated: 7969.836025817827
2021-11-27 20:34:20.951  INFO 530588 --- [ool-82-thread-2] .t.t.s.TourGuideClientRewardsServiceImpl : Service - Distance calculated: 4712.794927576854
2021-11-27 20:34:20.951  INFO 530588 --- [ool-82-thread-2] .t.t.s.TourGuideClientRewardsServiceImpl : Service - Distance calculated: 3623.3583946510857
2021-11-27 20:34:20.951  INFO 530588 --- [ool-82-thread-2] .t.t.s.TourGuideClientRewardsServiceImpl : Service - Distance calculated: 4201.242901170037
2021-11-27 20:34:20.951  INFO 530588 --- [ool-82-thread-2] .t.t.s.TourGuideClientRewardsServiceImpl : Service - Distance calculated: 4011.236296178862
2021-11-27 20:34:20.951  INFO 530588 --- [ool-82-thread-2] .t.t.s.TourGuideClientRewardsServiceImpl : Service - Distance calculated: 4383.6535944128955
2021-11-27 20:34:20.951  INFO 530588 --- [ool-82-thread-2] .t.t.s.TourGuideClientRewardsServiceImpl : Service - Distance calculated: 3704.5832930107263
2021-11-27 20:34:20.951  INFO 530588 --- [ool-82-thread-2] .t.t.s.TourGuideClientRewardsServiceImpl : Service - Distance calculated: 2492.2878462201993
2021-11-27 20:34:20.951  INFO 530588 --- [ool-82-thread-2] .t.t.s.TourGuideClientRewardsServiceImpl : Service - Distance calculated: 4555.647256467116
2021-11-27 20:34:20.951  INFO 530588 --- [ool-82-thread-2] .t.t.s.TourGuideClientRewardsServiceImpl : Service - Distance calculated: 4991.385147527075
2021-11-27 20:34:20.951  INFO 530588 --- [ool-82-thread-2] .t.t.s.TourGuideClientRewardsServiceImpl : Service - Distance calculated: 3106.6500873409714
2021-11-27 20:34:20.951  INFO 530588 --- [ool-82-thread-2] .t.t.s.TourGuideClientRewardsServiceImpl : Service - Distance calculated: 3792.584579253057
2021-11-27 20:34:20.951  INFO 530588 --- [ool-82-thread-2] .t.t.s.TourGuideClientRewardsServiceImpl : Service - Distance calculated: 4869.842981107329
2021-11-27 20:34:20.951  INFO 530588 --- [ool-82-thread-2] .t.t.s.TourGuideClientRewardsServiceImpl : Service - Distance calculated: 4603.027513936398
2021-11-27 20:34:20.951  INFO 530588 --- [ool-82-thread-2] .t.t.s.TourGuideClientRewardsServiceImpl : Service - Distance calculated: 9703.01375742465
2021-11-27 20:34:20.951  INFO 530588 --- [ool-82-thread-2] .t.t.s.TourGuideClientRewardsServiceImpl : Service - Distance calculated: 8928.605290520767
2021-11-27 20:34:20.951  INFO 530588 --- [ool-82-thread-2] .t.t.s.TourGuideClientRewardsServiceImpl : Service - Distance calculated: 9558.292887193908
2021-11-27 20:34:20.951  INFO 530588 --- [ool-82-thread-2] .t.t.s.TourGuideClientRewardsServiceImpl : Service - Distance calculated: 9645.093986351565
2021-11-27 20:34:20.951  INFO 530588 --- [ool-82-thread-2] .t.t.s.TourGuideClientRewardsServiceImpl : Service - Distance calculated: 8658.226613984549
2021-11-27 20:34:20.951  INFO 530588 --- [ool-82-thread-2] .t.t.s.TourGuideClientRewardsServiceImpl : Service - Distance calculated: 8729.75514506663
2021-11-27 20:34:20.951  INFO 530588 --- [ool-82-thread-2] .t.t.s.TourGuideClientRewardsServiceImpl : Service - Distance calculated: 9584.135970800287
2021-11-27 20:34:20.951  INFO 530588 --- [ool-82-thread-2] .t.t.s.TourGuideClientRewardsServiceImpl : Service - Distance calculated: 8036.494872001417
2021-11-27 20:34:20.951  INFO 530588 --- [ool-82-thread-2] .t.t.s.TourGuideClientRewardsServiceImpl : Service - Distance calculated: 8208.530093536583
2021-11-27 20:34:20.951  INFO 530588 --- [ool-82-thread-2] .t.t.s.TourGuideClientRewardsServiceImpl : Service - Distance calculated: 7950.828440292907
2021-11-27 20:34:20.951  INFO 530588 --- [ool-82-thread-2] .t.t.s.TourGuideClientRewardsServiceImpl : Service - Distance calculated: 7612.8506023708305
2021-11-27 20:34:20.951  INFO 530588 --- [ool-82-thread-2] .t.t.s.TourGuideClientRewardsServiceImpl : Service - Distance calculated: 7899.394952419
2021-11-27 20:34:20.951  INFO 530588 --- [ool-82-thread-2] .t.t.s.TourGuideClientRewardsServiceImpl : Service - Distance calculated: 7809.9547509261065
2021-11-27 20:34:20.951  INFO 530588 --- [ool-82-thread-2] .t.t.s.TourGuideClientRewardsServiceImpl : Service - Distance calculated: 8292.357074273401
2021-11-27 20:34:20.951  INFO 530588 --- [ool-82-thread-2] .t.t.s.TourGuideClientRewardsServiceImpl : Service - Distance calculated: 9122.648957113717
2021-11-27 20:34:20.951  INFO 530588 --- [ool-82-thread-2] .t.t.s.TourGuideClientRewardsServiceImpl : Service - Distance calculated: 8511.67034153843
2021-11-27 20:34:20.951  INFO 530588 --- [ool-82-thread-2] .t.t.s.TourGuideClientRewardsServiceImpl : Service - Distance calculated: 8792.978598400978
2021-11-27 20:34:20.951  INFO 530588 --- [ool-82-thread-2] .t.t.s.TourGuideClientRewardsServiceImpl : Service - Distance calculated: 8239.80502164379
2021-11-27 20:34:20.936  INFO 530588 --- [ol-118-thread-2] .t.t.s.TourGuideClientRewardsServiceImpl : Service - Distance calculated: 7675.090011962767
2021-11-27 20:34:20.951  INFO 530588 --- [ol-118-thread-2] .t.t.s.TourGuideClientRewardsServiceImpl : Service - Distance calculated: 8362.549872120431
2021-11-27 20:34:20.952  INFO 530588 --- [ool-82-thread-2] .t.t.s.TourGuideClientRewardsServiceImpl : Service - Distance calculated: 9042.361529084003
2021-11-27 20:34:20.952  INFO 530588 --- [ool-82-thread-2] .t.t.s.TourGuideClientRewardsServiceImpl : Service - Distance calculated: 9749.094107651794
2021-11-27 20:34:20.952  INFO 530588 --- [ol-118-thread-2] .t.t.s.TourGuideClientRewardsServiceImpl : Service - Distance calculated: 8445.262918361406
2021-11-27 20:34:20.952  INFO 530588 --- [ol-118-thread-2] .t.t.s.TourGuideClientRewardsServiceImpl : Service - Distance calculated: 8005.348573888446
2021-11-27 20:34:20.952  INFO 530588 --- [ol-118-thread-2] .t.t.s.TourGuideClientRewardsServiceImpl : Service - Distance calculated: 8308.508076285845
2021-11-27 20:34:20.952  INFO 530588 --- [ol-118-thread-2] .t.t.s.TourGuideClientRewardsServiceImpl : Service - Distance calculated: 8469.699973899586
2021-11-27 20:34:20.952  INFO 530588 --- [ol-118-thread-2] .t.t.s.TourGuideClientRewardsServiceImpl : Service - Distance calculated: 5396.936894807152
2021-11-27 20:34:20.952  INFO 530588 --- [ol-118-thread-2] .t.t.s.TourGuideClientRewardsServiceImpl : Service - Distance calculated: 8333.454915648237
2021-11-27 20:34:20.952  INFO 530588 --- [ol-118-thread-2] .t.t.s.TourGuideClientRewardsServiceImpl : Service - Distance calculated: 8346.610794975459
2021-11-27 20:34:20.952  INFO 530588 --- [ol-118-thread-2] .t.t.s.TourGuideClientRewardsServiceImpl : Service - Distance calculated: 8438.998240239023
2021-11-27 20:34:20.952  INFO 530588 --- [ol-118-thread-2] .t.t.s.TourGuideClientRewardsServiceImpl : Service - Distance calculated: 9213.057847629854
2021-11-27 20:34:20.952  INFO 530588 --- [ol-118-thread-2] .t.t.s.TourGuideClientRewardsServiceImpl : Service - Distance calculated: 8558.621606914792
2021-11-27 20:34:20.953  INFO 530588 --- [ol-118-thread-2] .t.t.s.TourGuideClientRewardsServiceImpl : Service - Distance calculated: 8659.114265310882
2021-11-27 20:34:20.953  INFO 530588 --- [ol-118-thread-2] .t.t.s.TourGuideClientRewardsServiceImpl : Service - Distance calculated: 8747.175534830578
2021-11-27 20:34:20.953  INFO 530588 --- [ol-118-thread-2] .t.t.s.TourGuideClientRewardsServiceImpl : Service - Distance calculated: 8549.73947078489
2021-11-27 20:34:20.936  INFO 530588 --- [ol-109-thread-2] .t.t.s.TourGuideClientRewardsServiceImpl : Service - Distance calculated: 6852.614958562745
2021-11-27 20:34:20.953  INFO 530588 --- [ol-109-thread-2] .t.t.s.TourGuideClientRewardsServiceImpl : Service - Distance calculated: 6549.251753899766
2021-11-27 20:34:20.936  INFO 530588 --- [ool-57-thread-2] .t.t.s.TourGuideClientRewardsServiceImpl : Service - Distance calculated: 3851.2143548823633
2021-11-27 20:34:20.953  INFO 530588 --- [ool-57-thread-2] .t.t.s.TourGuideClientRewardsServiceImpl : Service - Distance calculated: 5085.145360956125
2021-11-27 20:34:20.953  INFO 530588 --- [ool-57-thread-2] .t.t.s.TourGuideClientRewardsServiceImpl : Service - Distance calculated: 5103.652908944598
2021-11-27 20:34:20.953  INFO 530588 --- [ool-57-thread-2] .t.t.s.TourGuideClientRewardsServiceImpl : Service - Distance calculated: 4194.233650058384
2021-11-27 20:34:20.953  INFO 530588 --- [ool-57-thread-2] .t.t.s.TourGuideClientRewardsServiceImpl : Service - Distance calculated: 5508.403128851852
2021-11-27 20:34:20.953  INFO 530588 --- [ool-57-thread-2] .t.t.s.TourGuideClientRewardsServiceImpl : Service - Distance calculated: 5504.403956708742
2021-11-27 20:34:20.953  INFO 530588 --- [ool-57-thread-2] .t.t.s.TourGuideClientRewardsServiceImpl : Service - Distance calculated: 2877.1891346371954
2021-11-27 20:34:20.953  INFO 530588 --- [ool-57-thread-2] .t.t.s.TourGuideClientRewardsServiceImpl : Service - Distance calculated: 5879.68949987983
2021-11-27 20:34:20.953  INFO 530588 --- [ool-57-thread-2] .t.t.s.TourGuideClientRewardsServiceImpl : Service - Distance calculated: 5650.377704152944
2021-11-27 20:34:20.953  INFO 530588 --- [ool-57-thread-2] .t.t.s.TourGuideClientRewardsServiceImpl : Service - Distance calculated: 5799.006516743838
2021-11-27 20:34:20.953  INFO 530588 --- [ool-57-thread-2] .t.t.s.TourGuideClientRewardsServiceImpl : Service - Distance calculated: 6015.505538664925
2021-11-27 20:34:20.953  INFO 530588 --- [ool-57-thread-2] .t.t.s.TourGuideClientRewardsServiceImpl : Service - Distance calculated: 4941.014127569647
2021-11-27 20:34:20.936 DEBUG 530588 --- [    Test worker] c.t.t.s.TourGuideClientServiceImpl       : Service - Visited location added for user: internalUser54
2021-11-27 20:34:20.954 DEBUG 530588 --- [    Test worker] c.t.t.s.TourGuideClientServiceImpl       : Service - Visited location added for user: internalUser53
2021-11-27 20:34:20.954 DEBUG 530588 --- [    Test worker] c.t.t.s.TourGuideClientServiceImpl       : Service - Visited location added for user: internalUser50
2021-11-27 20:34:20.954 DEBUG 530588 --- [    Test worker] c.t.t.s.TourGuideClientServiceImpl       : Service - Visited location added for user: internalUser67
2021-11-27 20:34:20.954 DEBUG 530588 --- [    Test worker] c.t.t.s.TourGuideClientServiceImpl       : Service - Visited location added for user: internalUser66
2021-11-27 20:34:20.954 DEBUG 530588 --- [    Test worker] c.t.t.s.TourGuideClientServiceImpl       : Service - Visited location added for user: internalUser69
2021-11-27 20:34:20.954 DEBUG 530588 --- [    Test worker] c.t.t.s.TourGuideClientServiceImpl       : Service - Visited location added for user: internalUser68
2021-11-27 20:34:20.954 DEBUG 530588 --- [    Test worker] c.t.t.s.TourGuideClientServiceImpl       : Service - Visited location added for user: internalUser63
2021-11-27 20:34:20.954 DEBUG 530588 --- [    Test worker] c.t.t.s.TourGuideClientServiceImpl       : Service - Visited location added for user: internalUser62
2021-11-27 20:34:20.954 DEBUG 530588 --- [    Test worker] c.t.t.s.TourGuideClientServiceImpl       : Service - Visited location added for user: internalUser65
2021-11-27 20:34:20.954 DEBUG 530588 --- [    Test worker] c.t.t.s.TourGuideClientServiceImpl       : Service - Visited location added for user: internalUser64
2021-11-27 20:34:20.954 DEBUG 530588 --- [    Test worker] c.t.t.s.TourGuideClientServiceImpl       : Service - Visited location added for user: internalUser61
2021-11-27 20:34:20.954 DEBUG 530588 --- [    Test worker] c.t.t.s.TourGuideClientServiceImpl       : Service - Visited location added for user: internalUser60
2021-11-27 20:34:20.936  INFO 530588 --- [ool-64-thread-2] .t.t.s.TourGuideClientRewardsServiceImpl : Service - Distance calculated: 8729.606475449107
2021-11-27 20:34:20.954  INFO 530588 --- [ool-64-thread-2] .t.t.s.TourGuideClientRewardsServiceImpl : Service - Distance calculated: 7637.727388367975
2021-11-27 20:34:20.954  INFO 530588 --- [ool-64-thread-2] .t.t.s.TourGuideClientRewardsServiceImpl : Service - Distance calculated: 8189.335516468659
2021-11-27 20:34:20.954  INFO 530588 --- [ool-64-thread-2] .t.t.s.TourGuideClientRewardsServiceImpl : Service - Distance calculated: 8022.164687590294
2021-11-27 20:34:20.954  INFO 530588 --- [ool-64-thread-2] .t.t.s.TourGuideClientRewardsServiceImpl : Service - Distance calculated: 8334.552701517627
2021-11-27 20:34:20.954  INFO 530588 --- [ool-64-thread-2] .t.t.s.TourGuideClientRewardsServiceImpl : Service - Distance calculated: 7717.151118918926
2021-11-27 20:34:20.954  INFO 530588 --- [ool-64-thread-2] .t.t.s.TourGuideClientRewardsServiceImpl : Service - Distance calculated: 6491.2590594915055
2021-11-27 20:34:20.954  INFO 530588 --- [ool-64-thread-2] .t.t.s.TourGuideClientRewardsServiceImpl : Service - Distance calculated: 8570.529522175422
2021-11-27 20:34:20.954  INFO 530588 --- [ool-64-thread-2] .t.t.s.TourGuideClientRewardsServiceImpl : Service - Distance calculated: 8767.59953740786
2021-11-27 20:34:20.954  INFO 530588 --- [ool-64-thread-2] .t.t.s.TourGuideClientRewardsServiceImpl : Service - Distance calculated: 7115.757071414629
2021-11-27 20:34:20.954  INFO 530588 --- [ool-64-thread-2] .t.t.s.TourGuideClientRewardsServiceImpl : Service - Distance calculated: 7719.028296216783
2021-11-27 20:34:20.954  INFO 530588 --- [ool-64-thread-2] .t.t.s.TourGuideClientRewardsServiceImpl : Service - Distance calculated: 8696.542476963026
2021-11-27 20:34:20.954  INFO 530588 --- [ool-64-thread-2] .t.t.s.TourGuideClientRewardsServiceImpl : Service - Distance calculated: 8615.636158103185
2021-11-27 20:34:20.954  INFO 530588 --- [ool-64-thread-2] .t.t.s.TourGuideClientRewardsServiceImpl : Service - Distance calculated: 6287.757084347004
2021-11-27 20:34:20.954  INFO 530588 --- [ool-64-thread-2] .t.t.s.TourGuideClientRewardsServiceImpl : Service - Distance calculated: 7037.110160878286
2021-11-27 20:34:20.954  INFO 530588 --- [ool-64-thread-2] .t.t.s.TourGuideClientRewardsServiceImpl : Service - Distance calculated: 6408.748847159681
2021-11-27 20:34:20.954  INFO 530588 --- [ool-64-thread-2] .t.t.s.TourGuideClientRewardsServiceImpl : Service - Distance calculated: 6318.974228859667
2021-11-27 20:34:20.954  INFO 530588 --- [ool-64-thread-2] .t.t.s.TourGuideClientRewardsServiceImpl : Service - Distance calculated: 6900.346611262466
2021-11-27 20:34:20.954  INFO 530588 --- [ool-64-thread-2] .t.t.s.TourGuideClientRewardsServiceImpl : Service - Distance calculated: 6802.197016358179
2021-11-27 20:34:20.954  INFO 530588 --- [ool-64-thread-2] .t.t.s.TourGuideClientRewardsServiceImpl : Service - Distance calculated: 6268.630197910979
2021-11-27 20:34:20.954  INFO 530588 --- [ool-64-thread-2] .t.t.s.TourGuideClientRewardsServiceImpl : Service - Distance calculated: 7406.349816111013
2021-11-27 20:34:20.954  INFO 530588 --- [ool-64-thread-2] .t.t.s.TourGuideClientRewardsServiceImpl : Service - Distance calculated: 7193.552059772321
2021-11-27 20:34:20.954  INFO 530588 --- [ool-64-thread-2] .t.t.s.TourGuideClientRewardsServiceImpl : Service - Distance calculated: 8046.447654341557
2021-11-27 20:34:20.954  INFO 530588 --- [ool-64-thread-2] .t.t.s.TourGuideClientRewardsServiceImpl : Service - Distance calculated: 7691.463812270832
2021-11-27 20:34:20.954  INFO 530588 --- [ool-64-thread-2] .t.t.s.TourGuideClientRewardsServiceImpl : Service - Distance calculated: 7485.392357299221
2021-11-27 20:34:20.955  INFO 530588 --- [ool-64-thread-2] .t.t.s.TourGuideClientRewardsServiceImpl : Service - Distance calculated: 7496.904124319198
2021-11-27 20:34:20.955  INFO 530588 --- [ool-64-thread-2] .t.t.s.TourGuideClientRewardsServiceImpl : Service - Distance calculated: 6695.500826518138
2021-11-27 20:34:20.955  INFO 530588 --- [ool-64-thread-2] .t.t.s.TourGuideClientRewardsServiceImpl : Service - Distance calculated: 6423.310221302688
2021-11-27 20:34:20.955  INFO 530588 --- [ool-64-thread-2] .t.t.s.TourGuideClientRewardsServiceImpl : Service - Distance calculated: 6861.893631743539
2021-11-27 20:34:20.955  INFO 530588 --- [ool-64-thread-2] .t.t.s.TourGuideClientRewardsServiceImpl : Service - Distance calculated: 6593.364742846075
2021-11-27 20:34:20.955  INFO 530588 --- [ool-64-thread-2] .t.t.s.TourGuideClientRewardsServiceImpl : Service - Distance calculated: 7126.973834827456
2021-11-27 20:34:20.955  INFO 530588 --- [ool-64-thread-2] .t.t.s.TourGuideClientRewardsServiceImpl : Service - Distance calculated: 6476.896030410232
2021-11-27 20:34:20.955  INFO 530588 --- [ool-64-thread-2] .t.t.s.TourGuideClientRewardsServiceImpl : Service - Distance calculated: 6225.0677678760985
2021-11-27 20:34:20.955  INFO 530588 --- [ool-64-thread-2] .t.t.s.TourGuideClientRewardsServiceImpl : Service - Distance calculated: 6691.10565211241
2021-11-27 20:34:20.955  INFO 530588 --- [ool-64-thread-2] .t.t.s.TourGuideClientRewardsServiceImpl : Service - Distance calculated: 7866.033017433749
2021-11-27 20:34:20.955  INFO 530588 --- [ool-64-thread-2] .t.t.s.TourGuideClientRewardsServiceImpl : Service - Distance calculated: 6334.423029982136
2021-11-27 20:34:20.955  INFO 530588 --- [ool-64-thread-2] .t.t.s.TourGuideClientRewardsServiceImpl : Service - Distance calculated: 7047.456798257342
2021-11-27 20:34:20.955  INFO 530588 --- [ool-64-thread-2] .t.t.s.TourGuideClientRewardsServiceImpl : Service - Distance calculated: 7701.281093411955
2021-11-27 20:34:20.955  INFO 530588 --- [ool-64-thread-2] .t.t.s.TourGuideClientRewardsServiceImpl : Service - Distance calculated: 6742.185983826061
2021-11-27 20:34:20.955  INFO 530588 --- [ool-64-thread-2] .t.t.s.TourGuideClientRewardsServiceImpl : Service - Calculate rewards points for user: internalUser9
2021-11-27 20:34:20.936  INFO 530588 --- [ool-43-thread-2] .t.t.s.TourGuideClientRewardsServiceImpl : Service - Distance calculated: 6680.475170351219
2021-11-27 20:34:20.955  INFO 530588 --- [ool-43-thread-2] .t.t.s.TourGuideClientRewardsServiceImpl : Service - Distance calculated: 6534.19638014526
2021-11-27 20:34:20.955  INFO 530588 --- [ool-43-thread-2] .t.t.s.TourGuideClientRewardsServiceImpl : Service - Distance calculated: 6160.828272618289
2021-11-27 20:34:20.955  INFO 530588 --- [ool-43-thread-2] .t.t.s.TourGuideClientRewardsServiceImpl : Service - Distance calculated: 7178.025844092837
2021-11-27 20:34:20.955  INFO 530588 --- [ool-43-thread-2] .t.t.s.TourGuideClientRewardsServiceImpl : Service - Distance calculated: 6776.026773337646
2021-11-27 20:34:20.955  INFO 530588 --- [ool-43-thread-2] .t.t.s.TourGuideClientRewardsServiceImpl : Service - Distance calculated: 6848.7919407046875
2021-11-27 20:34:20.955  INFO 530588 --- [ool-43-thread-2] .t.t.s.TourGuideClientRewardsServiceImpl : Service - Distance calculated: 6713.999277277876
2021-11-27 20:34:20.955  INFO 530588 --- [ool-43-thread-2] .t.t.s.TourGuideClientRewardsServiceImpl : Service - Distance calculated: 7117.609822197117
2021-11-27 20:34:20.955  INFO 530588 --- [ool-43-thread-2] .t.t.s.TourGuideClientRewardsServiceImpl : Service - Distance calculated: 8279.79514298608
2021-11-27 20:34:20.955  INFO 530588 --- [ool-43-thread-2] .t.t.s.TourGuideClientRewardsServiceImpl : Service - Distance calculated: 6322.511567018301
2021-11-27 20:34:20.955  INFO 530588 --- [ool-43-thread-2] .t.t.s.TourGuideClientRewardsServiceImpl : Service - Distance calculated: 6452.173574383404
2021-11-27 20:34:20.955  INFO 530588 --- [ool-43-thread-2] .t.t.s.TourGuideClientRewardsServiceImpl : Service - Distance calculated: 7681.321217036042
2021-11-27 20:34:20.955  INFO 530588 --- [ool-43-thread-2] .t.t.s.TourGuideClientRewardsServiceImpl : Service - Distance calculated: 7317.162705410164
2021-11-27 20:34:20.955  INFO 530588 --- [ool-43-thread-2] .t.t.s.TourGuideClientRewardsServiceImpl : Service - Distance calculated: 6493.323323580224
2021-11-27 20:34:20.955  INFO 530588 --- [ool-43-thread-2] .t.t.s.TourGuideClientRewardsServiceImpl : Service - Distance calculated: 6296.044889618227
2021-11-27 20:34:20.955  INFO 530588 --- [ool-43-thread-2] .t.t.s.TourGuideClientRewardsServiceImpl : Service - Distance calculated: 4979.012301855867
2021-11-27 20:34:20.955  INFO 530588 --- [ool-43-thread-2] .t.t.s.TourGuideClientRewardsServiceImpl : Service - Distance calculated: 4385.045427111722
2021-11-27 20:34:20.955  INFO 530588 --- [ool-43-thread-2] .t.t.s.TourGuideClientRewardsServiceImpl : Service - Distance calculated: 4915.040463998059
2021-11-27 20:34:20.955  INFO 530588 --- [ool-43-thread-2] .t.t.s.TourGuideClientRewardsServiceImpl : Service - Distance calculated: 4996.496105388662
2021-11-27 20:34:20.955  INFO 530588 --- [ool-43-thread-2] .t.t.s.TourGuideClientRewardsServiceImpl : Service - Distance calculated: 5012.044108063967
2021-11-27 20:34:20.955  INFO 530588 --- [ool-43-thread-2] .t.t.s.TourGuideClientRewardsServiceImpl : Service - Distance calculated: 5112.038453447966
2021-11-27 20:34:20.955  INFO 530588 --- [ool-43-thread-2] .t.t.s.TourGuideClientRewardsServiceImpl : Service - Distance calculated: 5189.748948561126
2021-11-27 20:34:20.955  INFO 530588 --- [ool-43-thread-2] .t.t.s.TourGuideClientRewardsServiceImpl : Service - Distance calculated: 4754.49897935895
2021-11-27 20:34:20.955  INFO 530588 --- [ool-43-thread-2] .t.t.s.TourGuideClientRewardsServiceImpl : Service - Distance calculated: 4948.165536205864
2021-11-27 20:34:20.955  INFO 530588 --- [ool-43-thread-2] .t.t.s.TourGuideClientRewardsServiceImpl : Service - Distance calculated: 2745.9539880128973
2021-11-27 20:34:20.955  INFO 530588 --- [ool-43-thread-2] .t.t.s.TourGuideClientRewardsServiceImpl : Service - Distance calculated: 4686.0514072162605
2021-11-27 20:34:20.955  INFO 530588 --- [ool-43-thread-2] .t.t.s.TourGuideClientRewardsServiceImpl : Service - Distance calculated: 4754.687470697792
2021-11-27 20:34:20.955  INFO 530588 --- [ool-43-thread-2] .t.t.s.TourGuideClientRewardsServiceImpl : Service - Distance calculated: 4820.517673277323
2021-11-27 20:34:20.955  INFO 530588 --- [ool-43-thread-2] .t.t.s.TourGuideClientRewardsServiceImpl : Service - Distance calculated: 5653.886914599192
2021-11-27 20:34:20.955  INFO 530588 --- [ool-43-thread-2] .t.t.s.TourGuideClientRewardsServiceImpl : Service - Distance calculated: 5384.520840693161
2021-11-27 20:34:20.955  INFO 530588 --- [ool-43-thread-2] .t.t.s.TourGuideClientRewardsServiceImpl : Service - Distance calculated: 5215.8007923383175
2021-11-27 20:34:20.956  INFO 530588 --- [ool-43-thread-2] .t.t.s.TourGuideClientRewardsServiceImpl : Service - Distance calculated: 5401.043825757172
2021-11-27 20:34:20.956  INFO 530588 --- [ool-43-thread-2] .t.t.s.TourGuideClientRewardsServiceImpl : Service - Distance calculated: 5029.444570875143
2021-11-27 20:34:20.956  INFO 530588 --- [ool-43-thread-2] .t.t.s.TourGuideClientRewardsServiceImpl : Service - Distance calculated: 5368.639632025445
2021-11-27 20:34:20.956  INFO 530588 --- [ool-43-thread-2] .t.t.s.TourGuideClientRewardsServiceImpl : Service - Distance calculated: 5060.886508144976
2021-11-27 20:34:20.956  INFO 530588 --- [ool-43-thread-2] .t.t.s.TourGuideClientRewardsServiceImpl : Service - Distance calculated: 5577.88743393206
2021-11-27 20:34:20.956  INFO 530588 --- [ool-43-thread-2] .t.t.s.TourGuideClientRewardsServiceImpl : Service - Distance calculated: 4568.86359299476
2021-11-27 20:34:20.956  INFO 530588 --- [ool-43-thread-2] .t.t.s.TourGuideClientRewardsServiceImpl : Service - Distance calculated: 5227.036460067599
2021-11-27 20:34:20.956  INFO 530588 --- [ool-43-thread-2] .t.t.s.TourGuideClientRewardsServiceImpl : Service - Distance calculated: 4797.7267906343895
2021-11-27 20:34:20.956  INFO 530588 --- [ool-43-thread-2] .t.t.s.TourGuideClientRewardsServiceImpl : Service - Distance calculated: 4678.0070553409105
2021-11-27 20:34:20.956  INFO 530588 --- [ool-43-thread-2] .t.t.s.TourGuideClientRewardsServiceImpl : Service - Distance calculated: 5549.492221576619
2021-11-27 20:34:20.937  INFO 530588 --- [ol-103-thread-2] .t.t.s.TourGuideClientRewardsServiceImpl : Service - Distance calculated: 2090.104344602375
2021-11-27 20:34:20.956  INFO 530588 --- [ool-43-thread-2] .t.t.s.TourGuideClientRewardsServiceImpl : Service - Distance calculated: 5.8950310023474215E-5
2021-11-27 20:34:20.937  INFO 530588 --- [ool-83-thread-2] .t.t.s.TourGuideClientRewardsServiceImpl : Service - Distance calculated: 9774.648770975147
2021-11-27 20:34:20.956  INFO 530588 --- [ol-103-thread-2] .t.t.s.TourGuideClientRewardsServiceImpl : Service - Distance calculated: 2059.3871882539015
2021-11-27 20:34:20.956  INFO 530588 --- [ool-43-thread-2] .t.t.s.TourGuideClientRewardsServiceImpl : Service - Distance calculated: 774.5207212649109
2021-11-27 20:34:20.956  INFO 530588 --- [ool-83-thread-2] .t.t.s.TourGuideClientRewardsServiceImpl : Service - Distance calculated: 9905.333759189603
2021-11-27 20:34:20.937  INFO 530588 --- [ool-88-thread-2] .t.t.s.TourGuideClientRewardsServiceImpl : Service - Distance calculated: 7701.938257924706
2021-11-27 20:34:20.937  INFO 530588 --- [ol-130-thread-2] .t.t.s.TourGuideClientRewardsServiceImpl : Service - Distance calculated: 7009.366920595044
2021-11-27 20:34:20.956  INFO 530588 --- [ol-130-thread-2] .t.t.s.TourGuideClientRewardsServiceImpl : Service - Distance calculated: 7292.854251117026
2021-11-27 20:34:20.956  INFO 530588 --- [ol-130-thread-2] .t.t.s.TourGuideClientRewardsServiceImpl : Service - Distance calculated: 7068.471890684088
2021-11-27 20:34:20.956  INFO 530588 --- [ol-130-thread-2] .t.t.s.TourGuideClientRewardsServiceImpl : Service - Distance calculated: 7516.4722297679255
2021-11-27 20:34:20.956  INFO 530588 --- [ol-103-thread-2] .t.t.s.TourGuideClientRewardsServiceImpl : Service - Distance calculated: 1837.0908966348468
2021-11-27 20:34:20.937  INFO 530588 --- [ol-122-thread-2] .t.t.s.TourGuideClientRewardsServiceImpl : Service - Distance calculated: 6954.124098991584
2021-11-27 20:34:20.937  INFO 530588 --- [ool-51-thread-2] .t.t.s.TourGuideClientRewardsServiceImpl : Service - Distance calculated: 1465.3696865391037
2021-11-27 20:34:20.956  INFO 530588 --- [ol-122-thread-2] .t.t.s.TourGuideClientRewardsServiceImpl : Service - Distance calculated: 6825.305145337179
2021-11-27 20:34:20.956  INFO 530588 --- [ol-122-thread-2] .t.t.s.TourGuideClientRewardsServiceImpl : Service - Distance calculated: 6789.123331700913
2021-11-27 20:34:20.937  INFO 530588 --- [ool-70-thread-2] .t.t.s.TourGuideClientRewardsServiceImpl : Service - Distance calculated: 3687.032622131926
2021-11-27 20:34:20.956  INFO 530588 --- [ol-122-thread-2] .t.t.s.TourGuideClientRewardsServiceImpl : Service - Distance calculated: 5941.138904181611
2021-11-27 20:34:20.937  INFO 530588 --- [ool-56-thread-2] .t.t.s.TourGuideClientRewardsServiceImpl : Service - Distance calculated: 4787.198491631323
2021-11-27 20:34:20.937  INFO 530588 --- [ool-68-thread-2] .t.t.s.TourGuideClientRewardsServiceImpl : Service - Distance calculated: 4889.636759219726
2021-11-27 20:34:20.937  INFO 530588 --- [ol-120-thread-2] .t.t.s.TourGuideClientRewardsServiceImpl : Service - Distance calculated: 3392.1591104280897
2021-11-27 20:34:20.956  INFO 530588 --- [ool-68-thread-2] .t.t.s.TourGuideClientRewardsServiceImpl : Service - Distance calculated: 4805.84416279395
2021-11-27 20:34:20.956  INFO 530588 --- [ool-68-thread-2] .t.t.s.TourGuideClientRewardsServiceImpl : Service - Distance calculated: 4055.9415510090903
2021-11-27 20:34:20.956  INFO 530588 --- [ol-120-thread-2] .t.t.s.TourGuideClientRewardsServiceImpl : Service - Distance calculated: 5450.163685851294
2021-11-27 20:34:20.937  INFO 530588 --- [ol-140-thread-2] .t.t.s.TourGuideClientRewardsServiceImpl : Service - Distance calculated: 9014.76876295537
2021-11-27 20:34:20.937  INFO 530588 --- [ol-104-thread-2] .t.t.s.TourGuideClientRewardsServiceImpl : Service - Distance calculated: 2986.905604849054
2021-11-27 20:34:20.956  INFO 530588 --- [ol-140-thread-2] .t.t.s.TourGuideClientRewardsServiceImpl : Service - Distance calculated: 8925.039714728884
2021-11-27 20:34:20.956  INFO 530588 --- [ol-104-thread-2] .t.t.s.TourGuideClientRewardsServiceImpl : Service - Distance calculated: 2608.6123216939745
2021-11-27 20:34:20.956  INFO 530588 --- [ol-140-thread-2] .t.t.s.TourGuideClientRewardsServiceImpl : Service - Distance calculated: 9316.443635584486
2021-11-27 20:34:20.956  INFO 530588 --- [ol-104-thread-2] .t.t.s.TourGuideClientRewardsServiceImpl : Service - Distance calculated: 2091.463734935072
2021-11-27 20:34:20.956  INFO 530588 --- [ol-140-thread-2] .t.t.s.TourGuideClientRewardsServiceImpl : Service - Distance calculated: 9214.09466131484
2021-11-27 20:34:20.937  INFO 530588 --- [ool-61-thread-2] .t.t.s.TourGuideClientRewardsServiceImpl : Service - Distance calculated: 8954.001301459002
2021-11-27 20:34:20.937  INFO 530588 --- [ool-81-thread-2] .t.t.s.TourGuideClientRewardsServiceImpl : Service - Distance calculated: 5194.704822457209
2021-11-27 20:34:20.937  INFO 530588 --- [ool-71-thread-2] .t.t.s.TourGuideClientRewardsServiceImpl : Service - Distance calculated: 10209.171387884911
2021-11-27 20:34:20.937  INFO 530588 --- [ool-96-thread-2] .t.t.s.TourGuideClientRewardsServiceImpl : Service - Distance calculated: 1984.0572778581175
2021-11-27 20:34:20.956  INFO 530588 --- [ool-71-thread-2] .t.t.s.TourGuideClientRewardsServiceImpl : Service - Distance calculated: 10241.958318977133
2021-11-27 20:34:20.956  INFO 530588 --- [ool-96-thread-2] .t.t.s.TourGuideClientRewardsServiceImpl : Service - Distance calculated: 2545.399812724577
2021-11-27 20:34:20.956  INFO 530588 --- [ool-71-thread-2] .t.t.s.TourGuideClientRewardsServiceImpl : Service - Distance calculated: 10681.113035529183
2021-11-27 20:34:20.956  INFO 530588 --- [ool-96-thread-2] .t.t.s.TourGuideClientRewardsServiceImpl : Service - Distance calculated: 5250.1167209796895
2021-11-27 20:34:20.937  INFO 530588 --- [ool-67-thread-2] .t.t.s.TourGuideClientRewardsServiceImpl : Service - Distance calculated: 10078.637758801598
2021-11-27 20:34:20.957  INFO 530588 --- [ool-71-thread-2] .t.t.s.TourGuideClientRewardsServiceImpl : Service - Distance calculated: 9701.50799462241
2021-11-27 20:34:20.957  INFO 530588 --- [ool-71-thread-2] .t.t.s.TourGuideClientRewardsServiceImpl : Service - Distance calculated: 10093.154665823533
2021-11-27 20:34:20.957  INFO 530588 --- [ool-67-thread-2] .t.t.s.TourGuideClientRewardsServiceImpl : Service - Distance calculated: 9626.047019931022
2021-11-27 20:34:20.957  INFO 530588 --- [ool-71-thread-2] .t.t.s.TourGuideClientRewardsServiceImpl : Service - Distance calculated: 10515.857386049618
2021-11-27 20:34:20.957  INFO 530588 --- [ool-71-thread-2] .t.t.s.TourGuideClientRewardsServiceImpl : Service - Distance calculated: 10708.986339177685
2021-11-27 20:34:20.957  INFO 530588 --- [ool-71-thread-2] .t.t.s.TourGuideClientRewardsServiceImpl : Service - Distance calculated: 10122.636075320614
2021-11-27 20:34:20.957  INFO 530588 --- [ool-67-thread-2] .t.t.s.TourGuideClientRewardsServiceImpl : Service - Distance calculated: 9565.073878221388
2021-11-27 20:34:20.957  INFO 530588 --- [ool-71-thread-2] .t.t.s.TourGuideClientRewardsServiceImpl : Service - Distance calculated: 9698.30006394611
2021-11-27 20:34:20.957  INFO 530588 --- [ool-71-thread-2] .t.t.s.TourGuideClientRewardsServiceImpl : Service - Distance calculated: 4343.679579445962
2021-11-27 20:34:20.957  INFO 530588 --- [ool-71-thread-2] .t.t.s.TourGuideClientRewardsServiceImpl : Service - Distance calculated: 5027.86736810135
2021-11-27 20:34:20.957  INFO 530588 --- [ool-67-thread-2] .t.t.s.TourGuideClientRewardsServiceImpl : Service - Distance calculated: 10793.47729302965
2021-11-27 20:34:20.938  INFO 530588 --- [ol-137-thread-2] .t.t.s.TourGuideClientRewardsServiceImpl : Service - Distance calculated: 6350.556470259157
2021-11-27 20:34:20.957  INFO 530588 --- [ol-137-thread-2] .t.t.s.TourGuideClientRewardsServiceImpl : Service - Distance calculated: 6592.733924097997
2021-11-27 20:34:20.957  INFO 530588 --- [ol-137-thread-2] .t.t.s.TourGuideClientRewardsServiceImpl : Service - Calculate rewards points for user: internalUser63
2021-11-27 20:34:20.938  INFO 530588 --- [ool-74-thread-2] .t.t.s.TourGuideClientRewardsServiceImpl : Service - Distance calculated: 11362.514648560678
2021-11-27 20:34:20.957  INFO 530588 --- [ool-74-thread-2] .t.t.s.TourGuideClientRewardsServiceImpl : Service - Distance calculated: 11743.869877136514
2021-11-27 20:34:20.938  INFO 530588 --- [ool-45-thread-2] .t.t.s.TourGuideClientRewardsServiceImpl : Service - Distance calculated: 5186.985793897231
2021-11-27 20:34:20.957  INFO 530588 --- [ool-74-thread-2] .t.t.s.TourGuideClientRewardsServiceImpl : Service - Distance calculated: 11341.170761330373
2021-11-27 20:34:20.957  INFO 530588 --- [ool-74-thread-2] .t.t.s.TourGuideClientRewardsServiceImpl : Service - Distance calculated: 11991.941395787997
2021-11-27 20:34:20.957  INFO 530588 --- [ool-45-thread-2] .t.t.s.TourGuideClientRewardsServiceImpl : Service - Distance calculated: 5288.331147402508
2021-11-27 20:34:20.957  INFO 530588 --- [ool-74-thread-2] .t.t.s.TourGuideClientRewardsServiceImpl : Service - Distance calculated: 3779.292646831695
2021-11-27 20:34:20.957  INFO 530588 --- [ool-45-thread-2] .t.t.s.TourGuideClientRewardsServiceImpl : Service - Distance calculated: 5387.004429221189
2021-11-27 20:34:20.957  INFO 530588 --- [ool-45-thread-2] .t.t.s.TourGuideClientRewardsServiceImpl : Service - Distance calculated: 5401.157106993465
2021-11-27 20:34:20.957  INFO 530588 --- [ool-45-thread-2] .t.t.s.TourGuideClientRewardsServiceImpl : Service - Distance calculated: 5058.768906976647
2021-11-27 20:34:20.957  INFO 530588 --- [ool-45-thread-2] .t.t.s.TourGuideClientRewardsServiceImpl : Service - Distance calculated: 5248.306975353894
2021-11-27 20:34:20.957  INFO 530588 --- [ool-45-thread-2] .t.t.s.TourGuideClientRewardsServiceImpl : Service - Distance calculated: 2864.5429211352366
2021-11-27 20:34:20.957  INFO 530588 --- [ool-45-thread-2] .t.t.s.TourGuideClientRewardsServiceImpl : Service - Distance calculated: 5007.219572267812
2021-11-27 20:34:20.957  INFO 530588 --- [ool-45-thread-2] .t.t.s.TourGuideClientRewardsServiceImpl : Service - Distance calculated: 5065.385290191069
2021-11-27 20:34:20.957  INFO 530588 --- [ool-45-thread-2] .t.t.s.TourGuideClientRewardsServiceImpl : Service - Distance calculated: 5136.234547390853
2021-11-27 20:34:20.957  INFO 530588 --- [ool-45-thread-2] .t.t.s.TourGuideClientRewardsServiceImpl : Service - Distance calculated: 5963.1263853523615
2021-11-27 20:34:20.957  INFO 530588 --- [ool-45-thread-2] .t.t.s.TourGuideClientRewardsServiceImpl : Service - Distance calculated: 5642.56161509739
2021-11-27 20:34:20.957  INFO 530588 --- [ool-45-thread-2] .t.t.s.TourGuideClientRewardsServiceImpl : Service - Distance calculated: 5506.429730536409
2021-11-27 20:34:20.938  INFO 530588 --- [ool-89-thread-2] .t.t.s.TourGuideClientRewardsServiceImpl : Service - Distance calculated: 3820.8390845819017
2021-11-27 20:34:20.959  INFO 530588 --- [ool-45-thread-2] .t.t.s.TourGuideClientRewardsServiceImpl : Service - Distance calculated: 5680.522947966881
2021-11-27 20:34:20.959  INFO 530588 --- [ool-45-thread-2] .t.t.s.TourGuideClientRewardsServiceImpl : Service - Distance calculated: 5329.854019644189
2021-11-27 20:34:20.959  INFO 530588 --- [ool-45-thread-2] .t.t.s.TourGuideClientRewardsServiceImpl : Service - Distance calculated: 5631.584657917851
2021-11-27 20:34:20.938  INFO 530588 --- [ool-54-thread-2] .t.t.s.TourGuideClientRewardsServiceImpl : Service - Distance calculated: 87.03441722159666
2021-11-27 20:34:20.960  INFO 530588 --- [ool-54-thread-2] .t.t.s.TourGuideClientRewardsServiceImpl : Service - Distance calculated: 2127.2478407793283
2021-11-27 20:34:20.960  INFO 530588 --- [ool-54-thread-2] .t.t.s.TourGuideClientRewardsServiceImpl : Service - Distance calculated: 2578.910516018122
2021-11-27 20:34:20.960  INFO 530588 --- [ool-54-thread-2] .t.t.s.TourGuideClientRewardsServiceImpl : Service - Distance calculated: 680.6158831369517
2021-11-27 20:34:20.960  INFO 530588 --- [ool-54-thread-2] .t.t.s.TourGuideClientRewardsServiceImpl : Service - Distance calculated: 1344.090272349311
2021-11-27 20:34:20.960  INFO 530588 --- [ool-54-thread-2] .t.t.s.TourGuideClientRewardsServiceImpl : Service - Distance calculated: 2440.177336041544
2021-11-27 20:34:20.960  INFO 530588 --- [ool-54-thread-2] .t.t.s.TourGuideClientRewardsServiceImpl : Service - Distance calculated: 2168.830527042806
2021-11-27 20:34:20.960  INFO 530588 --- [ool-54-thread-2] .t.t.s.TourGuideClientRewardsServiceImpl : Service - Calculate rewards points for user: internalUser89
2021-11-27 20:34:20.938  INFO 530588 --- [ool-55-thread-2] .t.t.s.TourGuideClientRewardsServiceImpl : Service - Distance calculated: 7230.559091934489
2021-11-27 20:34:20.961  INFO 530588 --- [ool-55-thread-2] .t.t.s.TourGuideClientRewardsServiceImpl : Service - Distance calculated: 6442.19633713522
2021-11-27 20:34:20.961  INFO 530588 --- [ool-55-thread-2] .t.t.s.TourGuideClientRewardsServiceImpl : Service - Distance calculated: 5343.796367556273
2021-11-27 20:34:20.961  INFO 530588 --- [ool-55-thread-2] .t.t.s.TourGuideClientRewardsServiceImpl : Service - Distance calculated: 5841.706874692562
2021-11-27 20:34:20.961  INFO 530588 --- [ool-55-thread-2] .t.t.s.TourGuideClientRewardsServiceImpl : Service - Distance calculated: 5.8950310023474215E-5
2021-11-27 20:34:20.938  INFO 530588 --- [ol-113-thread-2] .t.t.s.TourGuideClientRewardsServiceImpl : Service - Distance calculated: 10213.956498521993
2021-11-27 20:34:20.938  INFO 530588 --- [ol-102-thread-2] .t.t.s.TourGuideClientRewardsServiceImpl : Service - Distance calculated: 4503.824701016545
2021-11-27 20:34:20.961  INFO 530588 --- [ol-113-thread-2] .t.t.s.TourGuideClientRewardsServiceImpl : Service - Distance calculated: 11409.270948929461
2021-11-27 20:34:20.961  INFO 530588 --- [ol-102-thread-2] .t.t.s.TourGuideClientRewardsServiceImpl : Service - Distance calculated: 3374.281952815402
2021-11-27 20:34:20.961  INFO 530588 --- [ol-113-thread-2] .t.t.s.TourGuideClientRewardsServiceImpl : Service - Distance calculated: 10238.714633811333
2021-11-27 20:34:20.961  INFO 530588 --- [ol-113-thread-2] .t.t.s.TourGuideClientRewardsServiceImpl : Service - Distance calculated: 10763.99335586403
2021-11-27 20:34:20.961  INFO 530588 --- [ol-113-thread-2] .t.t.s.TourGuideClientRewardsServiceImpl : Service - Distance calculated: 10679.540940288682
2021-11-27 20:34:20.961  INFO 530588 --- [ol-113-thread-2] .t.t.s.TourGuideClientRewardsServiceImpl : Service - Distance calculated: 10398.95573922038
2021-11-27 20:34:20.961  INFO 530588 --- [ol-113-thread-2] .t.t.s.TourGuideClientRewardsServiceImpl : Service - Distance calculated: 11361.676379726738
2021-11-27 20:34:20.961  INFO 530588 --- [ol-113-thread-2] .t.t.s.TourGuideClientRewardsServiceImpl : Service - Distance calculated: 10808.929741341957
2021-11-27 20:34:20.961  INFO 530588 --- [ol-113-thread-2] .t.t.s.TourGuideClientRewardsServiceImpl : Service - Distance calculated: 10612.790854883566
2021-11-27 20:34:20.961  INFO 530588 --- [ol-113-thread-2] .t.t.s.TourGuideClientRewardsServiceImpl : Service - Distance calculated: 10719.140489403406
2021-11-27 20:34:20.938  INFO 530588 --- [ol-111-thread-2] .t.t.s.TourGuideClientRewardsServiceImpl : Service - Distance calculated: 4419.460719046664
2021-11-27 20:34:20.961  INFO 530588 --- [ol-111-thread-2] .t.t.s.TourGuideClientRewardsServiceImpl : Service - Distance calculated: 3599.1108818033367
2021-11-27 20:34:20.961  INFO 530588 --- [ol-111-thread-2] .t.t.s.TourGuideClientRewardsServiceImpl : Service - Distance calculated: 3849.2794601774212
2021-11-27 20:34:20.961  INFO 530588 --- [ol-111-thread-2] .t.t.s.TourGuideClientRewardsServiceImpl : Service - Distance calculated: 3521.9140799987517
2021-11-27 20:34:20.938  INFO 530588 --- [ol-114-thread-2] .t.t.s.TourGuideClientRewardsServiceImpl : Service - Distance calculated: 7843.4432188999435
2021-11-27 20:34:20.961  INFO 530588 --- [ol-114-thread-2] .t.t.s.TourGuideClientRewardsServiceImpl : Service - Distance calculated: 7987.7024235668305
2021-11-27 20:34:20.961  INFO 530588 --- [ool-45-thread-2] .t.t.s.TourGuideClientRewardsServiceImpl : Service - Distance calculated: 5244.7072618580505
2021-11-27 20:34:20.961  INFO 530588 --- [ol-114-thread-2] .t.t.s.TourGuideClientRewardsServiceImpl : Service - Distance calculated: 8367.341226789802
2021-11-27 20:34:20.961  INFO 530588 --- [ool-45-thread-2] .t.t.s.TourGuideClientRewardsServiceImpl : Service - Distance calculated: 5881.407070761013
2021-11-27 20:34:20.962  INFO 530588 --- [ool-45-thread-2] .t.t.s.TourGuideClientRewardsServiceImpl : Service - Distance calculated: 4894.6271455227325
2021-11-27 20:34:20.963  INFO 530588 --- [ool-45-thread-2] .t.t.s.TourGuideClientRewardsServiceImpl : Service - Distance calculated: 5453.900860622451
2021-11-27 20:34:20.963  INFO 530588 --- [ool-45-thread-2] .t.t.s.TourGuideClientRewardsServiceImpl : Service - Distance calculated: 5069.728713689838
2021-11-27 20:34:20.963  INFO 530588 --- [ool-45-thread-2] .t.t.s.TourGuideClientRewardsServiceImpl : Service - Distance calculated: 4999.367935063503
2021-11-27 20:34:20.938  INFO 530588 --- [ol-141-thread-2] .t.t.s.TourGuideClientRewardsServiceImpl : Service - Distance calculated: 4171.143182361389
2021-11-27 20:34:20.938  INFO 530588 --- [ol-106-thread-2] .t.t.s.TourGuideClientRewardsServiceImpl : Service - Distance calculated: 4854.573037250302
2021-11-27 20:34:20.938  INFO 530588 --- [ol-133-thread-2] .t.t.s.TourGuideClientRewardsServiceImpl : Service - Distance calculated: 4542.612789661363
2021-11-27 20:34:20.938  INFO 530588 --- [ool-92-thread-2] .t.t.s.TourGuideClientRewardsServiceImpl : Service - Distance calculated: 7557.005642978514
2021-11-27 20:34:20.963  INFO 530588 --- [ol-133-thread-2] .t.t.s.TourGuideClientRewardsServiceImpl : Service - Distance calculated: 4625.390247399206
2021-11-27 20:34:20.963  INFO 530588 --- [ol-133-thread-2] .t.t.s.TourGuideClientRewardsServiceImpl : Service - Distance calculated: 4310.905526301512
2021-11-27 20:34:20.963  INFO 530588 --- [ol-133-thread-2] .t.t.s.TourGuideClientRewardsServiceImpl : Service - Distance calculated: 4544.659261633403
2021-11-27 20:34:20.939  INFO 530588 --- [ool-63-thread-2] .t.t.s.TourGuideClientRewardsServiceImpl : Service - Distance calculated: 1953.536905860631
2021-11-27 20:34:20.965  INFO 530588 --- [ol-133-thread-2] .t.t.s.TourGuideClientRewardsServiceImpl : Service - Distance calculated: 4682.696579665119
2021-11-27 20:34:20.965  INFO 530588 --- [ol-133-thread-2] .t.t.s.TourGuideClientRewardsServiceImpl : Service - Distance calculated: 1622.640525903757
2021-11-27 20:34:20.965  INFO 530588 --- [ool-63-thread-2] .t.t.s.TourGuideClientRewardsServiceImpl : Service - Distance calculated: 2577.154199827195
2021-11-27 20:34:20.939  INFO 530588 --- [ool-47-thread-2] .t.t.s.TourGuideClientRewardsServiceImpl : Service - Distance calculated: 774.5207212649109
2021-11-27 20:34:20.965  INFO 530588 --- [ool-63-thread-2] .t.t.s.TourGuideClientRewardsServiceImpl : Service - Distance calculated: 3303.554373545216
2021-11-27 20:34:20.965  INFO 530588 --- [ool-63-thread-2] .t.t.s.TourGuideClientRewardsServiceImpl : Service - Distance calculated: 2403.942973946708
2021-11-27 20:34:20.965  INFO 530588 --- [ool-63-thread-2] .t.t.s.TourGuideClientRewardsServiceImpl : Service - Distance calculated: 2565.3763150850873
2021-11-27 20:34:20.965  INFO 530588 --- [ool-63-thread-2] .t.t.s.TourGuideClientRewardsServiceImpl : Service - Distance calculated: 2166.156974252662
2021-11-27 20:34:20.965  INFO 530588 --- [ool-63-thread-2] .t.t.s.TourGuideClientRewardsServiceImpl : Service - Distance calculated: 2415.450659555364
2021-11-27 20:34:20.965  INFO 530588 --- [ool-63-thread-2] .t.t.s.TourGuideClientRewardsServiceImpl : Service - Distance calculated: 2450.4540740766392
2021-11-27 20:34:20.965  INFO 530588 --- [ool-63-thread-2] .t.t.s.TourGuideClientRewardsServiceImpl : Service - Distance calculated: 1140.0198110575393
2021-11-27 20:34:20.965  INFO 530588 --- [ool-63-thread-2] .t.t.s.TourGuideClientRewardsServiceImpl : Service - Distance calculated: 1147.6910083891416
2021-11-27 20:34:20.965  INFO 530588 --- [ool-63-thread-2] .t.t.s.TourGuideClientRewardsServiceImpl : Service - Distance calculated: 2158.296037921401
2021-11-27 20:34:20.965  INFO 530588 --- [ool-63-thread-2] .t.t.s.TourGuideClientRewardsServiceImpl : Service - Distance calculated: 732.8840103368174
2021-11-27 20:34:20.965  INFO 530588 --- [ool-63-thread-2] .t.t.s.TourGuideClientRewardsServiceImpl : Service - Distance calculated: 697.4834935098761
2021-11-27 20:34:20.967  INFO 530588 --- [ool-63-thread-2] .t.t.s.TourGuideClientRewardsServiceImpl : Service - Distance calculated: 3850.787006612374
2021-11-27 20:34:20.939  INFO 530588 --- [ool-79-thread-2] .t.t.s.TourGuideClientRewardsServiceImpl : Service - Distance calculated: 5580.305946497107
2021-11-27 20:34:20.939  INFO 530588 --- [ol-116-thread-2] .t.t.s.TourGuideClientRewardsServiceImpl : Service - Distance calculated: 2113.2276558741096
2021-11-27 20:34:20.969  INFO 530588 --- [ol-116-thread-2] .t.t.s.TourGuideClientRewardsServiceImpl : Service - Distance calculated: 2753.009532516068
2021-11-27 20:34:20.939  INFO 530588 --- [ool-98-thread-2] .t.t.s.TourGuideClientRewardsServiceImpl : Service - Distance calculated: 5376.91208548009
2021-11-27 20:34:20.969  INFO 530588 --- [ol-116-thread-2] .t.t.s.TourGuideClientRewardsServiceImpl : Service - Distance calculated: 2205.0334637433766
2021-11-27 20:34:20.969  INFO 530588 --- [ol-116-thread-2] .t.t.s.TourGuideClientRewardsServiceImpl : Service - Distance calculated: 2179.327284739553
2021-11-27 20:34:20.939  INFO 530588 --- [ol-128-thread-2] .t.t.s.TourGuideClientRewardsServiceImpl : Service - Distance calculated: 4895.910222053984
2021-11-27 20:34:20.969  INFO 530588 --- [ol-116-thread-2] .t.t.s.TourGuideClientRewardsServiceImpl : Service - Distance calculated: 2966.9089854742924
2021-11-27 20:34:20.939  INFO 530588 --- [ool-94-thread-2] .t.t.s.TourGuideClientRewardsServiceImpl : Service - Distance calculated: 5040.172177266806
2021-11-27 20:34:20.969  INFO 530588 --- [ol-128-thread-2] .t.t.s.TourGuideClientRewardsServiceImpl : Service - Distance calculated: 4612.630362657209
2021-11-27 20:34:20.969  INFO 530588 --- [ol-128-thread-2] .t.t.s.TourGuideClientRewardsServiceImpl : Service - Distance calculated: 4856.322975275426
2021-11-27 20:34:20.969  INFO 530588 --- [ool-94-thread-2] .t.t.s.TourGuideClientRewardsServiceImpl : Service - Distance calculated: 4765.666480108993
2021-11-27 20:34:20.969  INFO 530588 --- [ol-128-thread-2] .t.t.s.TourGuideClientRewardsServiceImpl : Service - Distance calculated: 4815.785540504252
2021-11-27 20:34:20.969  INFO 530588 --- [ool-94-thread-2] .t.t.s.TourGuideClientRewardsServiceImpl : Service - Distance calculated: 5340.9198834922745
2021-11-27 20:34:20.969  INFO 530588 --- [ool-94-thread-2] .t.t.s.TourGuideClientRewardsServiceImpl : Service - Distance calculated: 6570.463120307391
2021-11-27 20:34:20.969  INFO 530588 --- [ol-128-thread-2] .t.t.s.TourGuideClientRewardsServiceImpl : Service - Distance calculated: 5549.714239251376
2021-11-27 20:34:20.939  INFO 530588 --- [ool-75-thread-2] .t.t.s.TourGuideClientRewardsServiceImpl : Service - Distance calculated: 3283.9294317264234
2021-11-27 20:34:20.939  INFO 530588 --- [ol-112-thread-2] .t.t.s.TourGuideClientRewardsServiceImpl : Service - Distance calculated: 1879.8405052880244
2021-11-27 20:34:20.970  INFO 530588 --- [ol-128-thread-2] .t.t.s.TourGuideClientRewardsServiceImpl : Service - Distance calculated: 6015.242340245631
2021-11-27 20:34:20.970  INFO 530588 --- [ol-112-thread-2] .t.t.s.TourGuideClientRewardsServiceImpl : Service - Distance calculated: 351.5289180924094
2021-11-27 20:34:20.970  INFO 530588 --- [ol-128-thread-2] .t.t.s.TourGuideClientRewardsServiceImpl : Service - Distance calculated: 5498.813219385177
2021-11-27 20:34:20.939  INFO 530588 --- [ol-105-thread-2] .t.t.s.TourGuideClientRewardsServiceImpl : Service - Distance calculated: 7295.254950682412
2021-11-27 20:34:20.970  INFO 530588 --- [ol-128-thread-2] .t.t.s.TourGuideClientRewardsServiceImpl : Service - Distance calculated: 5781.992465328528
2021-11-27 20:34:20.939  INFO 530588 --- [ool-99-thread-2] .t.t.s.TourGuideClientRewardsServiceImpl : Service - Distance calculated: 8249.318778322968
2021-11-27 20:34:20.970  INFO 530588 --- [ol-105-thread-2] .t.t.s.TourGuideClientRewardsServiceImpl : Service - Distance calculated: 6043.446857482747
2021-11-27 20:34:20.970  INFO 530588 --- [ol-105-thread-2] .t.t.s.TourGuideClientRewardsServiceImpl : Service - Distance calculated: 4987.356009580971
2021-11-27 20:34:20.970  INFO 530588 --- [ol-229-thread-1] .t.t.s.TourGuideClientRewardsServiceImpl : Service - Reward added for user: internalUser89
2021-11-27 20:34:20.939  INFO 530588 --- [ool-77-thread-2] .t.t.s.TourGuideClientRewardsServiceImpl : Service - Distance calculated: 4850.850844375644
2021-11-27 20:34:20.970  INFO 530588 --- [ool-77-thread-2] .t.t.s.TourGuideClientRewardsServiceImpl : Service - Distance calculated: 3083.887568838521
2021-11-27 20:34:20.970  INFO 530588 --- [ool-77-thread-2] .t.t.s.TourGuideClientRewardsServiceImpl : Service - Distance calculated: 2276.7269483860373
2021-11-27 20:34:20.970  INFO 530588 --- [ool-77-thread-2] .t.t.s.TourGuideClientRewardsServiceImpl : Service - Distance calculated: 4318.301044184465
2021-11-27 20:34:20.970  INFO 530588 --- [ool-77-thread-2] .t.t.s.TourGuideClientRewardsServiceImpl : Service - Distance calculated: 3518.9766075984594
2021-11-27 20:34:20.970  INFO 530588 --- [ool-77-thread-2] .t.t.s.TourGuideClientRewardsServiceImpl : Service - Distance calculated: 2421.1414102265394
2021-11-27 20:34:20.970  INFO 530588 --- [ool-77-thread-2] .t.t.s.TourGuideClientRewardsServiceImpl : Service - Distance calculated: 3023.465174180458
2021-11-27 20:34:20.970  INFO 530588 --- [ool-77-thread-2] .t.t.s.TourGuideClientRewardsServiceImpl : Service - Calculate rewards points for user: internalUser96
2021-11-27 20:34:20.939  INFO 530588 --- [ool-49-thread-2] .t.t.s.TourGuideClientRewardsServiceImpl : Service - Distance calculated: 9634.463061547462
2021-11-27 20:34:20.970  INFO 530588 --- [ool-49-thread-2] .t.t.s.TourGuideClientRewardsServiceImpl : Service - Distance calculated: 9127.211156999852
2021-11-27 20:34:20.970  INFO 530588 --- [ool-49-thread-2] .t.t.s.TourGuideClientRewardsServiceImpl : Service - Distance calculated: 9690.842764986704
2021-11-27 20:34:20.970  INFO 530588 --- [ool-49-thread-2] .t.t.s.TourGuideClientRewardsServiceImpl : Service - Distance calculated: 9409.241247219921
2021-11-27 20:34:20.970  INFO 530588 --- [ool-49-thread-2] .t.t.s.TourGuideClientRewardsServiceImpl : Service - Distance calculated: 9574.01981161652
2021-11-27 20:34:20.970  INFO 530588 --- [ool-49-thread-2] .t.t.s.TourGuideClientRewardsServiceImpl : Service - Distance calculated: 8399.079360482145
2021-11-27 20:34:20.970  INFO 530588 --- [ool-49-thread-2] .t.t.s.TourGuideClientRewardsServiceImpl : Service - Distance calculated: 9625.560671690502
2021-11-27 20:34:20.970  INFO 530588 --- [ool-49-thread-2] .t.t.s.TourGuideClientRewardsServiceImpl : Service - Distance calculated: 9102.074760313071
2021-11-27 20:34:20.970  INFO 530588 --- [ool-49-thread-2] .t.t.s.TourGuideClientRewardsServiceImpl : Service - Distance calculated: 8564.394286479434
2021-11-27 20:34:20.971  INFO 530588 --- [ool-49-thread-2] .t.t.s.TourGuideClientRewardsServiceImpl : Service - Distance calculated: 9522.163447755307
2021-11-27 20:34:20.971  INFO 530588 --- [ool-49-thread-2] .t.t.s.TourGuideClientRewardsServiceImpl : Service - Distance calculated: 5.8950310023474215E-5
2021-11-27 20:34:20.971  INFO 530588 --- [ool-49-thread-2] .t.t.s.TourGuideClientRewardsServiceImpl : Service - Distance calculated: 774.5207212649109
2021-11-27 20:34:20.971  INFO 530588 --- [ool-49-thread-2] .t.t.s.TourGuideClientRewardsServiceImpl : Service - Distance calculated: 164.91310606753288
2021-11-27 20:34:20.971  INFO 530588 --- [ool-49-thread-2] .t.t.s.TourGuideClientRewardsServiceImpl : Service - Distance calculated: 115.99464245531166
2021-11-27 20:34:20.971  INFO 530588 --- [ool-49-thread-2] .t.t.s.TourGuideClientRewardsServiceImpl : Service - Distance calculated: 1428.8577204882306
2021-11-27 20:34:20.971  INFO 530588 --- [ool-49-thread-2] .t.t.s.TourGuideClientRewardsServiceImpl : Service - Distance calculated: 1418.571827418631
2021-11-27 20:34:20.971  INFO 530588 --- [ool-49-thread-2] .t.t.s.TourGuideClientRewardsServiceImpl : Service - Distance calculated: 460.11990361699293
2021-11-27 20:34:20.971  INFO 530588 --- [ool-49-thread-2] .t.t.s.TourGuideClientRewardsServiceImpl : Service - Distance calculated: 1992.7911930022951
2021-11-27 20:34:20.971  INFO 530588 --- [ool-49-thread-2] .t.t.s.TourGuideClientRewardsServiceImpl : Service - Distance calculated: 1906.7972782801585
2021-11-27 20:34:20.971  INFO 530588 --- [ool-49-thread-2] .t.t.s.TourGuideClientRewardsServiceImpl : Service - Distance calculated: 2360.645624935619
2021-11-27 20:34:20.971  INFO 530588 --- [ool-49-thread-2] .t.t.s.TourGuideClientRewardsServiceImpl : Service - Distance calculated: 2434.494471527265
2021-11-27 20:34:20.971  INFO 530588 --- [ool-49-thread-2] .t.t.s.TourGuideClientRewardsServiceImpl : Service - Distance calculated: 2148.3967563579567
2021-11-27 20:34:20.971  INFO 530588 --- [ool-49-thread-2] .t.t.s.TourGuideClientRewardsServiceImpl : Service - Distance calculated: 2282.746325565392
2021-11-27 20:34:20.971  INFO 530588 --- [ool-49-thread-2] .t.t.s.TourGuideClientRewardsServiceImpl : Service - Distance calculated: 2289.4339721013357
2021-11-27 20:34:20.971  INFO 530588 --- [ool-49-thread-2] .t.t.s.TourGuideClientRewardsServiceImpl : Service - Distance calculated: 1204.372289719331
2021-11-27 20:34:20.971  INFO 530588 --- [ool-49-thread-2] .t.t.s.TourGuideClientRewardsServiceImpl : Service - Distance calculated: 1742.5694022642394
2021-11-27 20:34:20.971  INFO 530588 --- [ool-49-thread-2] .t.t.s.TourGuideClientRewardsServiceImpl : Service - Distance calculated: 1576.7472428725728
2021-11-27 20:34:20.971  INFO 530588 --- [ool-49-thread-2] .t.t.s.TourGuideClientRewardsServiceImpl : Service - Distance calculated: 1921.4807999190489
2021-11-27 20:34:20.971  INFO 530588 --- [ool-49-thread-2] .t.t.s.TourGuideClientRewardsServiceImpl : Service - Distance calculated: 1277.6245433336508
2021-11-27 20:34:20.971  INFO 530588 --- [ool-49-thread-2] .t.t.s.TourGuideClientRewardsServiceImpl : Service - Distance calculated: 87.03441722159666
2021-11-27 20:34:20.939  INFO 530588 --- [ool-58-thread-2] .t.t.s.TourGuideClientRewardsServiceImpl : Service - Distance calculated: 7081.504086538053
2021-11-27 20:34:20.939  INFO 530588 --- [ool-91-thread-2] .t.t.s.TourGuideClientRewardsServiceImpl : Service - Distance calculated: 7148.35303252741
2021-11-27 20:34:20.973  INFO 530588 --- [ool-49-thread-2] .t.t.s.TourGuideClientRewardsServiceImpl : Service - Distance calculated: 2127.2478407793283
2021-11-27 20:34:20.939  INFO 530588 --- [ool-50-thread-2] .t.t.s.TourGuideClientRewardsServiceImpl : Service - Distance calculated: 115.99464245531166
2021-11-27 20:34:20.973  INFO 530588 --- [ool-49-thread-2] .t.t.s.TourGuideClientRewardsServiceImpl : Service - Distance calculated: 2578.910516018122
2021-11-27 20:34:20.973  INFO 530588 --- [ool-50-thread-2] .t.t.s.TourGuideClientRewardsServiceImpl : Service - Distance calculated: 1428.8577204882306
2021-11-27 20:34:20.973  INFO 530588 --- [ool-49-thread-2] .t.t.s.TourGuideClientRewardsServiceImpl : Service - Distance calculated: 680.6158831369517
2021-11-27 20:34:20.973  INFO 530588 --- [ool-50-thread-2] .t.t.s.TourGuideClientRewardsServiceImpl : Service - Distance calculated: 1418.571827418631
2021-11-27 20:34:20.939  INFO 530588 --- [ool-53-thread-2] .t.t.s.TourGuideClientRewardsServiceImpl : Service - Distance calculated: 460.11990361699293
2021-11-27 20:34:20.939  INFO 530588 --- [ol-136-thread-2] .t.t.s.TourGuideClientRewardsServiceImpl : Service - Distance calculated: 5438.046829790183
2021-11-27 20:34:20.974  INFO 530588 --- [ool-50-thread-2] .t.t.s.TourGuideClientRewardsServiceImpl : Service - Distance calculated: 460.11990361699293
2021-11-27 20:34:20.974  INFO 530588 --- [ool-53-thread-2] .t.t.s.TourGuideClientRewardsServiceImpl : Service - Distance calculated: 1992.7911930022951
2021-11-27 20:34:20.974  INFO 530588 --- [ool-49-thread-2] .t.t.s.TourGuideClientRewardsServiceImpl : Service - Distance calculated: 1344.090272349311
2021-11-27 20:34:20.974  INFO 530588 --- [ool-53-thread-2] .t.t.s.TourGuideClientRewardsServiceImpl : Service - Distance calculated: 1906.7972782801585
2021-11-27 20:34:20.974  INFO 530588 --- [ool-49-thread-2] .t.t.s.TourGuideClientRewardsServiceImpl : Service - Distance calculated: 2440.177336041544
2021-11-27 20:34:20.974  INFO 530588 --- [ool-49-thread-2] .t.t.s.TourGuideClientRewardsServiceImpl : Service - Distance calculated: 2168.830527042806
2021-11-27 20:34:20.974  INFO 530588 --- [ool-49-thread-2] .t.t.s.TourGuideClientRewardsServiceImpl : Service - Calculate rewards points for user: internalUser75
2021-11-27 20:34:20.939  INFO 530588 --- [ol-139-thread-2] .t.t.s.TourGuideClientRewardsServiceImpl : Service - Distance calculated: 7066.346268019109
2021-11-27 20:34:20.974  INFO 530588 --- [ol-139-thread-2] .t.t.s.TourGuideClientRewardsServiceImpl : Service - Distance calculated: 7913.854251714616
2021-11-27 20:34:20.974  INFO 530588 --- [ol-139-thread-2] .t.t.s.TourGuideClientRewardsServiceImpl : Service - Distance calculated: 7706.918232818548
2021-11-27 20:34:20.974  INFO 530588 --- [ol-139-thread-2] .t.t.s.TourGuideClientRewardsServiceImpl : Service - Distance calculated: 7524.373715883186
2021-11-27 20:34:20.974  INFO 530588 --- [ol-139-thread-2] .t.t.s.TourGuideClientRewardsServiceImpl : Service - Distance calculated: 7720.965835351193
2021-11-27 20:34:20.974  INFO 530588 --- [ol-139-thread-2] .t.t.s.TourGuideClientRewardsServiceImpl : Service - Distance calculated: 7321.087339300957
2021-11-27 20:34:20.974  INFO 530588 --- [ol-139-thread-2] .t.t.s.TourGuideClientRewardsServiceImpl : Service - Distance calculated: 7692.490004230321
2021-11-27 20:34:20.974  INFO 530588 --- [ol-139-thread-2] .t.t.s.TourGuideClientRewardsServiceImpl : Service - Distance calculated: 7267.94173890969
2021-11-27 20:34:20.974  INFO 530588 --- [ol-139-thread-2] .t.t.s.TourGuideClientRewardsServiceImpl : Service - Distance calculated: 7857.155934900063
2021-11-27 20:34:20.974  INFO 530588 --- [ol-139-thread-2] .t.t.s.TourGuideClientRewardsServiceImpl : Service - Distance calculated: 6766.962934385101
2021-11-27 20:34:20.974  INFO 530588 --- [ol-139-thread-2] .t.t.s.TourGuideClientRewardsServiceImpl : Service - Distance calculated: 7518.876149514275
2021-11-27 20:34:20.974  INFO 530588 --- [ol-139-thread-2] .t.t.s.TourGuideClientRewardsServiceImpl : Service - Distance calculated: 7121.5232178616825
2021-11-27 20:34:20.974  INFO 530588 --- [ol-139-thread-2] .t.t.s.TourGuideClientRewardsServiceImpl : Service - Distance calculated: 6899.560828173643
2021-11-27 20:34:20.974  INFO 530588 --- [ol-139-thread-2] .t.t.s.TourGuideClientRewardsServiceImpl : Service - Distance calculated: 7822.43943889181
2021-11-27 20:34:20.974  INFO 530588 --- [ol-139-thread-2] .t.t.s.TourGuideClientRewardsServiceImpl : Service - Calculate rewards points for user: internalUser65
2021-11-27 20:34:20.940  INFO 530588 --- [ool-60-thread-2] .t.t.s.TourGuideClientRewardsServiceImpl : Service - Distance calculated: 1570.3163714392115
2021-11-27 20:34:20.974  INFO 530588 --- [ool-60-thread-2] .t.t.s.TourGuideClientRewardsServiceImpl : Service - Distance calculated: 1560.3670323355254
2021-11-27 20:34:20.974  INFO 530588 --- [ool-60-thread-2] .t.t.s.TourGuideClientRewardsServiceImpl : Service - Distance calculated: 4627.515187239175
2021-11-27 20:34:20.974  INFO 530588 --- [ool-60-thread-2] .t.t.s.TourGuideClientRewardsServiceImpl : Service - Distance calculated: 1270.2915208964719
2021-11-27 20:34:20.974  INFO 530588 --- [ool-60-thread-2] .t.t.s.TourGuideClientRewardsServiceImpl : Service - Distance calculated: 1440.530273556772
2021-11-27 20:34:20.974  INFO 530588 --- [ool-60-thread-2] .t.t.s.TourGuideClientRewardsServiceImpl : Service - Distance calculated: 1294.204656942059
2021-11-27 20:34:20.974  INFO 530588 --- [ool-60-thread-2] .t.t.s.TourGuideClientRewardsServiceImpl : Service - Distance calculated: 1183.6006077573388
2021-11-27 20:34:20.974  INFO 530588 --- [ool-60-thread-2] .t.t.s.TourGuideClientRewardsServiceImpl : Service - Distance calculated: 2249.278249941104
2021-11-27 20:34:20.974  INFO 530588 --- [ool-60-thread-2] .t.t.s.TourGuideClientRewardsServiceImpl : Service - Distance calculated: 1668.9691686954654
2021-11-27 20:34:20.974  INFO 530588 --- [ool-60-thread-2] .t.t.s.TourGuideClientRewardsServiceImpl : Service - Distance calculated: 1859.2098309636847
2021-11-27 20:34:20.974  INFO 530588 --- [ool-60-thread-2] .t.t.s.TourGuideClientRewardsServiceImpl : Service - Distance calculated: 1522.024307753888
2021-11-27 20:34:20.974  INFO 530588 --- [ool-60-thread-2] .t.t.s.TourGuideClientRewardsServiceImpl : Service - Distance calculated: 2166.098727645126
2021-11-27 20:34:20.974  INFO 530588 --- [ool-60-thread-2] .t.t.s.TourGuideClientRewardsServiceImpl : Service - Distance calculated: 3376.223856956322
2021-11-27 20:34:20.975  INFO 530588 --- [ool-60-thread-2] .t.t.s.TourGuideClientRewardsServiceImpl : Service - Distance calculated: 1328.3290141577493
2021-11-27 20:34:20.975  INFO 530588 --- [ool-60-thread-2] .t.t.s.TourGuideClientRewardsServiceImpl : Service - Distance calculated: 1272.9303487589261
2021-11-27 20:34:20.975  INFO 530588 --- [ool-60-thread-2] .t.t.s.TourGuideClientRewardsServiceImpl : Service - Distance calculated: 2760.1672611686504
2021-11-27 20:34:20.975  INFO 530588 --- [ool-60-thread-2] .t.t.s.TourGuideClientRewardsServiceImpl : Service - Distance calculated: 2139.3239275248675
2021-11-27 20:34:20.975  INFO 530588 --- [ool-60-thread-2] .t.t.s.TourGuideClientRewardsServiceImpl : Service - Distance calculated: 1272.3476555356547
2021-11-27 20:34:20.975  INFO 530588 --- [ool-60-thread-2] .t.t.s.TourGuideClientRewardsServiceImpl : Service - Distance calculated: 1275.5025805944476
2021-11-27 20:34:20.975  INFO 530588 --- [ool-60-thread-2] .t.t.s.TourGuideClientRewardsServiceImpl : Service - Distance calculated: 5368.9044483415355
2021-11-27 20:34:20.975  INFO 530588 --- [ool-60-thread-2] .t.t.s.TourGuideClientRewardsServiceImpl : Service - Distance calculated: 6109.451076556499
2021-11-27 20:34:20.975  INFO 530588 --- [ool-60-thread-2] .t.t.s.TourGuideClientRewardsServiceImpl : Service - Distance calculated: 5484.77774322258
2021-11-27 20:34:20.975  INFO 530588 --- [ool-60-thread-2] .t.t.s.TourGuideClientRewardsServiceImpl : Service - Distance calculated: 5395.095343680218
2021-11-27 20:34:20.940  INFO 530588 --- [ol-126-thread-2] .t.t.s.TourGuideClientRewardsServiceImpl : Service - Distance calculated: 11438.731875810076
2021-11-27 20:34:20.940  INFO 530588 --- [ol-110-thread-2] .t.t.s.TourGuideClientRewardsServiceImpl : Service - Calculate rewards points for user: internalUser30
2021-11-27 20:34:20.940  INFO 530588 --- [ol-101-thread-2] .t.t.s.TourGuideClientRewardsServiceImpl : Service - Distance calculated: 5336.5678560134775
2021-11-27 20:34:20.978  INFO 530588 --- [ool-60-thread-2] .t.t.s.TourGuideClientRewardsServiceImpl : Service - Distance calculated: 5969.6377513860225
2021-11-27 20:34:20.978  INFO 530588 --- [ol-101-thread-2] .t.t.s.TourGuideClientRewardsServiceImpl : Service - Distance calculated: 5401.170091293947
2021-11-27 20:34:20.978  INFO 530588 --- [ool-60-thread-2] .t.t.s.TourGuideClientRewardsServiceImpl : Service - Distance calculated: 5872.423912536655
2021-11-27 20:34:20.979  INFO 530588 --- [nPool-worker-13] .t.t.s.TourGuideClientRewardsServiceImpl : Service - Distance calculated: 7636.423667265169
2021-11-27 20:34:20.979  INFO 530588 --- [nPool-worker-13] .t.t.s.TourGuideClientRewardsServiceImpl : Service - Distance calculated: 8368.80149537936
2021-11-27 20:34:20.979  INFO 530588 --- [nPool-worker-13] .t.t.s.TourGuideClientRewardsServiceImpl : Service - Distance calculated: 7798.749398993516
2021-11-27 20:34:20.979  INFO 530588 --- [nPool-worker-13] .t.t.s.TourGuideClientRewardsServiceImpl : Service - Distance calculated: 7722.780802047606
2021-11-27 20:34:20.980  INFO 530588 --- [nPool-worker-13] .t.t.s.TourGuideClientRewardsServiceImpl : Service - Distance calculated: 8819.219468181565
2021-11-27 20:34:20.980  INFO 530588 --- [onPool-worker-9] .t.t.s.TourGuideClientRewardsServiceImpl : Service - Distance calculated: 8417.780565818133
2021-11-27 20:34:20.980  INFO 530588 --- [onPool-worker-9] .t.t.s.TourGuideClientRewardsServiceImpl : Service - Distance calculated: 8754.108603684383
2021-11-27 20:34:20.980  INFO 530588 --- [onPool-worker-9] .t.t.s.TourGuideClientRewardsServiceImpl : Service - Distance calculated: 8555.963828548476
2021-11-27 20:34:20.980  INFO 530588 --- [onPool-worker-9] .t.t.s.TourGuideClientRewardsServiceImpl : Service - Distance calculated: 8533.754422320118
2021-11-27 20:34:20.980  INFO 530588 --- [onPool-worker-9] .t.t.s.TourGuideClientRewardsServiceImpl : Service - Distance calculated: 9807.668788291423
2021-11-27 20:34:20.980  INFO 530588 --- [onPool-worker-9] .t.t.s.TourGuideClientRewardsServiceImpl : Service - Distance calculated: 9820.673619338913
2021-11-27 20:34:20.980  INFO 530588 --- [onPool-worker-9] .t.t.s.TourGuideClientRewardsServiceImpl : Service - Distance calculated: 8856.468124928671
2021-11-27 20:34:20.980  INFO 530588 --- [onPool-worker-9] .t.t.s.TourGuideClientRewardsServiceImpl : Service - Distance calculated: 10200.271563941484
2021-11-27 20:34:20.980  INFO 530588 --- [onPool-worker-9] .t.t.s.TourGuideClientRewardsServiceImpl : Service - Distance calculated: 10222.304434075306
2021-11-27 20:34:20.980  INFO 530588 --- [onPool-worker-9] .t.t.s.TourGuideClientRewardsServiceImpl : Service - Distance calculated: 7146.771823281093
2021-11-27 20:34:20.980  INFO 530588 --- [onPool-worker-9] .t.t.s.TourGuideClientRewardsServiceImpl : Service - Distance calculated: 10500.87918204016
2021-11-27 20:34:20.980  INFO 530588 --- [onPool-worker-9] .t.t.s.TourGuideClientRewardsServiceImpl : Service - Distance calculated: 10327.730002582395
2021-11-27 20:34:20.941  INFO 530588 --- [ol-127-thread-2] .t.t.s.TourGuideClientRewardsServiceImpl : Service - Distance calculated: 3684.068253581609
2021-11-27 20:34:20.981  INFO 530588 --- [onPool-worker-9] .t.t.s.TourGuideClientRewardsServiceImpl : Service - Distance calculated: 10473.646806354915
2021-11-27 20:34:20.981  INFO 530588 --- [onPool-worker-9] .t.t.s.TourGuideClientRewardsServiceImpl : Service - Distance calculated: 10699.560768030775
2021-11-27 20:34:20.982  INFO 530588 --- [onPool-worker-9] .t.t.s.TourGuideClientRewardsServiceImpl : Service - Distance calculated: 9607.774900241942
2021-11-27 20:34:20.982  INFO 530588 --- [onPool-worker-9] .t.t.s.TourGuideClientRewardsServiceImpl : Service - Distance calculated: 10148.234634505936
2021-11-27 20:34:20.982  INFO 530588 --- [onPool-worker-9] .t.t.s.TourGuideClientRewardsServiceImpl : Service - Distance calculated: 9991.689552966576
2021-11-27 20:34:20.982  INFO 530588 --- [onPool-worker-9] .t.t.s.TourGuideClientRewardsServiceImpl : Service - Distance calculated: 10266.738890370272
2021-11-27 20:34:20.982  INFO 530588 --- [onPool-worker-9] .t.t.s.TourGuideClientRewardsServiceImpl : Service - Distance calculated: 9687.081265691204
2021-11-27 20:34:20.982  INFO 530588 --- [onPool-worker-9] .t.t.s.TourGuideClientRewardsServiceImpl : Service - Distance calculated: 8460.012177735684
2021-11-27 20:34:20.982  INFO 530588 --- [onPool-worker-9] .t.t.s.TourGuideClientRewardsServiceImpl : Service - Distance calculated: 10540.54000359786
2021-11-27 20:34:20.982  INFO 530588 --- [onPool-worker-9] .t.t.s.TourGuideClientRewardsServiceImpl : Service - Distance calculated: 10511.388850651188
2021-11-27 20:34:20.982  INFO 530588 --- [onPool-worker-9] .t.t.s.TourGuideClientRewardsServiceImpl : Service - Distance calculated: 9085.477667214729
2021-11-27 20:34:20.982  INFO 530588 --- [onPool-worker-9] .t.t.s.TourGuideClientRewardsServiceImpl : Service - Distance calculated: 9649.90381860385
2021-11-27 20:34:20.982  INFO 530588 --- [onPool-worker-9] .t.t.s.TourGuideClientRewardsServiceImpl : Service - Distance calculated: 10499.271616642627
2021-11-27 20:34:20.982  INFO 530588 --- [onPool-worker-9] .t.t.s.TourGuideClientRewardsServiceImpl : Service - Distance calculated: 10585.171965259307
2021-11-27 20:34:20.982  INFO 530588 --- [onPool-worker-9] .t.t.s.TourGuideClientRewardsServiceImpl : Service - Distance calculated: 6133.7960499711935
2021-11-27 20:34:20.982  INFO 530588 --- [onPool-worker-9] .t.t.s.TourGuideClientRewardsServiceImpl : Service - Distance calculated: 6529.886838578154
2021-11-27 20:34:20.982  INFO 530588 --- [onPool-worker-9] .t.t.s.TourGuideClientRewardsServiceImpl : Service - Distance calculated: 6141.253779523191
2021-11-27 20:34:20.982  INFO 530588 --- [onPool-worker-9] .t.t.s.TourGuideClientRewardsServiceImpl : Service - Distance calculated: 6077.557112472133
2021-11-27 20:34:20.982  INFO 530588 --- [onPool-worker-9] .t.t.s.TourGuideClientRewardsServiceImpl : Service - Distance calculated: 5691.741304063796
2021-11-27 20:34:20.982  INFO 530588 --- [onPool-worker-9] .t.t.s.TourGuideClientRewardsServiceImpl : Service - Distance calculated: 5598.864411409779
2021-11-27 20:34:20.982  INFO 530588 --- [onPool-worker-9] .t.t.s.TourGuideClientRewardsServiceImpl : Service - Distance calculated: 5798.027368378084
2021-11-27 20:34:20.982  INFO 530588 --- [onPool-worker-9] .t.t.s.TourGuideClientRewardsServiceImpl : Service - Distance calculated: 5840.9331560009805
2021-11-27 20:34:20.941  INFO 530588 --- [ol-131-thread-2] .t.t.s.TourGuideClientRewardsServiceImpl : Service - Distance calculated: 4212.9221962339225
2021-11-27 20:34:20.983  INFO 530588 --- [onPool-worker-9] .t.t.s.TourGuideClientRewardsServiceImpl : Service - Distance calculated: 5663.516853225949
2021-11-27 20:34:20.983  INFO 530588 --- [onPool-worker-9] .t.t.s.TourGuideClientRewardsServiceImpl : Service - Distance calculated: 8485.117860454482
2021-11-27 20:34:20.983  INFO 530588 --- [ol-131-thread-2] .t.t.s.TourGuideClientRewardsServiceImpl : Service - Distance calculated: 4231.308973537676
2021-11-27 20:34:20.983  INFO 530588 --- [onPool-worker-9] .t.t.s.TourGuideClientRewardsServiceImpl : Service - Distance calculated: 5855.2681053754295
2021-11-27 20:34:20.941  INFO 530588 --- [ool-59-thread-2] .t.t.s.TourGuideClientRewardsServiceImpl : Service - Distance calculated: 2918.785284391498
2021-11-27 20:34:20.941  INFO 530588 --- [ool-44-thread-2] .t.t.s.TourGuideClientRewardsServiceImpl : Service - Distance calculated: 9076.106555187325
2021-11-27 20:34:20.982  INFO 530588 --- [ol-127-thread-2] .t.t.s.TourGuideClientRewardsServiceImpl : Service - Distance calculated: 5448.311247489015
2021-11-27 20:34:20.983  INFO 530588 --- [onPool-worker-9] .t.t.s.TourGuideClientRewardsServiceImpl : Service - Distance calculated: 5819.095467572407
2021-11-27 20:34:20.941  INFO 530588 --- [ol-117-thread-2] .t.t.s.TourGuideClientRewardsServiceImpl : Service - Distance calculated: 9287.754517493811
2021-11-27 20:34:20.983  INFO 530588 --- [ol-131-thread-2] .t.t.s.TourGuideClientRewardsServiceImpl : Service - Distance calculated: 5245.009260880723
2021-11-27 20:34:20.983  INFO 530588 --- [ol-127-thread-2] .t.t.s.TourGuideClientRewardsServiceImpl : Service - Distance calculated: 5159.440817248519
2021-11-27 20:34:20.941  INFO 530588 --- [ol-138-thread-2] .t.t.s.TourGuideClientRewardsServiceImpl : Service - Distance calculated: 7326.801242310792
2021-11-27 20:34:20.983  INFO 530588 --- [ol-117-thread-2] .t.t.s.TourGuideClientRewardsServiceImpl : Service - Distance calculated: 10521.130115999362
2021-11-27 20:34:20.983  INFO 530588 --- [ol-138-thread-2] .t.t.s.TourGuideClientRewardsServiceImpl : Service - Distance calculated: 7887.806373180746
2021-11-27 20:34:20.983  INFO 530588 --- [ol-117-thread-2] .t.t.s.TourGuideClientRewardsServiceImpl : Service - Distance calculated: 10810.392620972145
2021-11-27 20:34:20.983  INFO 530588 --- [ol-138-thread-2] .t.t.s.TourGuideClientRewardsServiceImpl : Service - Distance calculated: 7350.097142849132
2021-11-27 20:34:20.983  INFO 530588 --- [ol-131-thread-2] .t.t.s.TourGuideClientRewardsServiceImpl : Service - Distance calculated: 3668.4214039184008
2021-11-27 20:34:20.942  INFO 530588 --- [ool-46-thread-2] .t.t.s.TourGuideClientRewardsServiceImpl : Service - Distance calculated: 6855.858866573736
2021-11-27 20:34:20.951  INFO 530588 --- [ol-115-thread-2] .t.t.s.TourGuideClientRewardsServiceImpl : Service - Distance calculated: 7638.164966903467
2021-11-27 20:34:20.983  INFO 530588 --- [ool-46-thread-2] .t.t.s.TourGuideClientRewardsServiceImpl : Service - Distance calculated: 6797.329425939349
2021-11-27 20:34:20.983  INFO 530588 --- [ool-46-thread-2] .t.t.s.TourGuideClientRewardsServiceImpl : Service - Distance calculated: 6283.095724615634
2021-11-27 20:34:20.951  INFO 530588 --- [ool-95-thread-2] .t.t.s.TourGuideClientRewardsServiceImpl : Service - Distance calculated: 7963.577095883739
2021-11-27 20:34:20.983  INFO 530588 --- [ool-46-thread-2] .t.t.s.TourGuideClientRewardsServiceImpl : Service - Distance calculated: 6196.500419783011
2021-11-27 20:34:20.983  INFO 530588 --- [ol-115-thread-2] .t.t.s.TourGuideClientRewardsServiceImpl : Service - Distance calculated: 7462.425555875715
2021-11-27 20:34:20.983  INFO 530588 --- [ool-95-thread-2] .t.t.s.TourGuideClientRewardsServiceImpl : Service - Distance calculated: 8762.401870695141
2021-11-27 20:34:20.983  INFO 530588 --- [ol-115-thread-2] .t.t.s.TourGuideClientRewardsServiceImpl : Service - Distance calculated: 7314.93990864205
2021-11-27 20:34:20.983  INFO 530588 --- [ool-95-thread-2] .t.t.s.TourGuideClientRewardsServiceImpl : Service - Distance calculated: 8949.53683804413
2021-11-27 20:34:20.983  INFO 530588 --- [ool-95-thread-2] .t.t.s.TourGuideClientRewardsServiceImpl : Service - Distance calculated: 8580.703870572119
2021-11-27 20:34:20.952  INFO 530588 --- [ool-82-thread-2] .t.t.s.TourGuideClientRewardsServiceImpl : Service - Distance calculated: 8397.867187711487
2021-11-27 20:34:20.984  INFO 530588 --- [ool-95-thread-2] .t.t.s.TourGuideClientRewardsServiceImpl : Service - Distance calculated: 8837.137818363071
2021-11-27 20:34:20.984  INFO 530588 --- [ool-82-thread-2] .t.t.s.TourGuideClientRewardsServiceImpl : Service - Distance calculated: 7433.75625217259
2021-11-27 20:34:20.953  INFO 530588 --- [ol-118-thread-2] .t.t.s.TourGuideClientRewardsServiceImpl : Service - Distance calculated: 8584.596718393872
2021-11-27 20:34:20.984  INFO 530588 --- [ool-95-thread-2] .t.t.s.TourGuideClientRewardsServiceImpl : Service - Distance calculated: 8323.541179967455
2021-11-27 20:34:20.953  INFO 530588 --- [ol-109-thread-2] .t.t.s.TourGuideClientRewardsServiceImpl : Service - Distance calculated: 5573.130289061081
2021-11-27 20:34:20.984  INFO 530588 --- [ol-118-thread-2] .t.t.s.TourGuideClientRewardsServiceImpl : Service - Distance calculated: 7673.01632905339
2021-11-27 20:34:20.984  INFO 530588 --- [ol-109-thread-2] .t.t.s.TourGuideClientRewardsServiceImpl : Service - Distance calculated: 6203.30291590221
2021-11-27 20:34:20.984  INFO 530588 --- [ol-109-thread-2] .t.t.s.TourGuideClientRewardsServiceImpl : Service - Distance calculated: 5948.54550913913
2021-11-27 20:34:20.954  INFO 530588 --- [ool-57-thread-2] .t.t.s.TourGuideClientRewardsServiceImpl : Service - Distance calculated: 5430.001056509185
2021-11-27 20:34:20.956  INFO 530588 --- [ool-43-thread-2] .t.t.s.TourGuideClientRewardsServiceImpl : Service - Distance calculated: 164.91310606753288
2021-11-27 20:34:20.956  INFO 530588 --- [ool-83-thread-2] .t.t.s.TourGuideClientRewardsServiceImpl : Service - Distance calculated: 9496.970093565655
2021-11-27 20:34:20.984  INFO 530588 --- [ool-43-thread-2] .t.t.s.TourGuideClientRewardsServiceImpl : Service - Distance calculated: 115.99464245531166
2021-11-27 20:34:20.956  INFO 530588 --- [ol-130-thread-2] .t.t.s.TourGuideClientRewardsServiceImpl : Service - Distance calculated: 7041.2557880884115
2021-11-27 20:34:20.984  INFO 530588 --- [ool-43-thread-2] .t.t.s.TourGuideClientRewardsServiceImpl : Service - Distance calculated: 1428.8577204882306
2021-11-27 20:34:20.984  INFO 530588 --- [ool-83-thread-2] .t.t.s.TourGuideClientRewardsServiceImpl : Service - Distance calculated: 9329.33002750335
2021-11-27 20:34:20.956  INFO 530588 --- [ool-88-thread-2] .t.t.s.TourGuideClientRewardsServiceImpl : Service - Distance calculated: 7835.9993460822025
2021-11-27 20:34:20.984  INFO 530588 --- [ool-83-thread-2] .t.t.s.TourGuideClientRewardsServiceImpl : Service - Distance calculated: 9623.241114204195
2021-11-27 20:34:20.956  INFO 530588 --- [ol-103-thread-2] .t.t.s.TourGuideClientRewardsServiceImpl : Service - Distance calculated: 1887.2638555626284
2021-11-27 20:34:20.984  INFO 530588 --- [ool-83-thread-2] .t.t.s.TourGuideClientRewardsServiceImpl : Service - Distance calculated: 9505.616849997821
2021-11-27 20:34:20.984  INFO 530588 --- [ool-83-thread-2] .t.t.s.TourGuideClientRewardsServiceImpl : Service - Distance calculated: 9719.662435870063
2021-11-27 20:34:20.984  INFO 530588 --- [ol-103-thread-2] .t.t.s.TourGuideClientRewardsServiceImpl : Service - Distance calculated: 1957.337398094469
2021-11-27 20:34:20.956  INFO 530588 --- [ool-51-thread-2] .t.t.s.TourGuideClientRewardsServiceImpl : Service - Distance calculated: 2419.7236864192155
2021-11-27 20:34:20.984  INFO 530588 --- [ol-103-thread-2] .t.t.s.TourGuideClientRewardsServiceImpl : Service - Distance calculated: 2786.404814621762
2021-11-27 20:34:20.956  INFO 530588 --- [ool-70-thread-2] .t.t.s.TourGuideClientRewardsServiceImpl : Service - Distance calculated: 4632.491420969056
2021-11-27 20:34:20.956  INFO 530588 --- [ol-122-thread-2] .t.t.s.TourGuideClientRewardsServiceImpl : Service - Distance calculated: 6021.924219830689
2021-11-27 20:34:20.984  INFO 530588 --- [ool-70-thread-2] .t.t.s.TourGuideClientRewardsServiceImpl : Service - Distance calculated: 10255.38003126309
2021-11-27 20:34:20.956  INFO 530588 --- [ool-56-thread-2] .t.t.s.TourGuideClientRewardsServiceImpl : Service - Distance calculated: 4439.9732456804995
2021-11-27 20:34:20.956  INFO 530588 --- [ool-68-thread-2] .t.t.s.TourGuideClientRewardsServiceImpl : Service - Distance calculated: 5488.937196828778
2021-11-27 20:34:20.984  INFO 530588 --- [ol-122-thread-2] .t.t.s.TourGuideClientRewardsServiceImpl : Service - Distance calculated: 6286.117551709304
2021-11-27 20:34:20.984  INFO 530588 --- [ool-56-thread-2] .t.t.s.TourGuideClientRewardsServiceImpl : Service - Distance calculated: 5491.1244281056925
2021-11-27 20:34:20.984  INFO 530588 --- [ol-122-thread-2] .t.t.s.TourGuideClientRewardsServiceImpl : Service - Distance calculated: 6065.641086963316
2021-11-27 20:34:20.984  INFO 530588 --- [ool-56-thread-2] .t.t.s.TourGuideClientRewardsServiceImpl : Service - Distance calculated: 5046.858696608393
2021-11-27 20:34:20.956  INFO 530588 --- [ol-120-thread-2] .t.t.s.TourGuideClientRewardsServiceImpl : Service - Distance calculated: 4636.324293549278
2021-11-27 20:34:20.956  INFO 530588 --- [ol-104-thread-2] .t.t.s.TourGuideClientRewardsServiceImpl : Service - Distance calculated: 1971.2751734098795
2021-11-27 20:34:20.956  INFO 530588 --- [ol-140-thread-2] .t.t.s.TourGuideClientRewardsServiceImpl : Service - Distance calculated: 8853.30671973251
2021-11-27 20:34:20.984  INFO 530588 --- [ol-120-thread-2] .t.t.s.TourGuideClientRewardsServiceImpl : Service - Distance calculated: 3545.790705812695
2021-11-27 20:34:20.956  INFO 530588 --- [ool-61-thread-2] .t.t.s.TourGuideClientRewardsServiceImpl : Service - Distance calculated: 10510.505810852672
2021-11-27 20:34:20.984  INFO 530588 --- [ol-140-thread-2] .t.t.s.TourGuideClientRewardsServiceImpl : Service - Distance calculated: 9667.204962298947
2021-11-27 20:34:20.956  INFO 530588 --- [ool-81-thread-2] .t.t.s.TourGuideClientRewardsServiceImpl : Service - Distance calculated: 4471.485334597015
2021-11-27 20:34:20.984  INFO 530588 --- [ol-140-thread-2] .t.t.s.TourGuideClientRewardsServiceImpl : Service - Distance calculated: 9463.599074240314
2021-11-27 20:34:20.957  INFO 530588 --- [ool-96-thread-2] .t.t.s.TourGuideClientRewardsServiceImpl : Service - Distance calculated: 5367.522089097164
2021-11-27 20:34:20.957  INFO 530588 --- [ool-71-thread-2] .t.t.s.TourGuideClientRewardsServiceImpl : Service - Distance calculated: 4508.574167384917
2021-11-27 20:34:20.984  INFO 530588 --- [ool-96-thread-2] .t.t.s.TourGuideClientRewardsServiceImpl : Service - Distance calculated: 5346.765494842134
2021-11-27 20:34:20.984  INFO 530588 --- [ool-96-thread-2] .t.t.s.TourGuideClientRewardsServiceImpl : Service - Distance calculated: 5357.1354293840295
2021-11-27 20:34:20.984  INFO 530588 --- [ool-71-thread-2] .t.t.s.TourGuideClientRewardsServiceImpl : Service - Distance calculated: 4443.616216770804
2021-11-27 20:34:20.984  INFO 530588 --- [ool-96-thread-2] .t.t.s.TourGuideClientRewardsServiceImpl : Service - Distance calculated: 6456.732795855296
2021-11-27 20:34:20.984  INFO 530588 --- [ool-71-thread-2] .t.t.s.TourGuideClientRewardsServiceImpl : Service - Distance calculated: 5694.677173132853
2021-11-27 20:34:20.957  INFO 530588 --- [ool-67-thread-2] .t.t.s.TourGuideClientRewardsServiceImpl : Service - Distance calculated: 10731.385502599642
2021-11-27 20:34:20.984  INFO 530588 --- [ool-71-thread-2] .t.t.s.TourGuideClientRewardsServiceImpl : Service - Distance calculated: 5650.156724343976
2021-11-27 20:34:20.957  INFO 530588 --- [ool-74-thread-2] .t.t.s.TourGuideClientRewardsServiceImpl : Service - Distance calculated: 3827.8193308410678
2021-11-27 20:34:20.960  INFO 530588 --- [ool-89-thread-2] .t.t.s.TourGuideClientRewardsServiceImpl : Service - Distance calculated: 4067.038692518597
2021-11-27 20:34:20.984  INFO 530588 --- [ool-74-thread-2] .t.t.s.TourGuideClientRewardsServiceImpl : Service - Distance calculated: 3702.2619982916644
2021-11-27 20:34:20.961  INFO 530588 --- [ol-102-thread-2] .t.t.s.TourGuideClientRewardsServiceImpl : Service - Distance calculated: 5273.158919342053
2021-11-27 20:34:20.984  INFO 530588 --- [ol-102-thread-2] .t.t.s.TourGuideClientRewardsServiceImpl : Service - Distance calculated: 4454.887732251731
2021-11-27 20:34:20.961  INFO 530588 --- [ool-55-thread-2] .t.t.s.TourGuideClientRewardsServiceImpl : Service - Distance calculated: 774.5207212649109
2021-11-27 20:34:20.984  INFO 530588 --- [ol-102-thread-2] .t.t.s.TourGuideClientRewardsServiceImpl : Service - Distance calculated: 3549.4773694482633
2021-11-27 20:34:20.961  INFO 530588 --- [ol-113-thread-2] .t.t.s.TourGuideClientRewardsServiceImpl : Service - Distance calculated: 10705.429003383277
2021-11-27 20:34:20.961  INFO 530588 --- [ol-111-thread-2] .t.t.s.TourGuideClientRewardsServiceImpl : Service - Distance calculated: 3663.1620753994307
2021-11-27 20:34:20.984  INFO 530588 --- [ol-113-thread-2] .t.t.s.TourGuideClientRewardsServiceImpl : Service - Distance calculated: 9554.470434557474
2021-11-27 20:34:20.963  INFO 530588 --- [ol-114-thread-2] .t.t.s.TourGuideClientRewardsServiceImpl : Service - Distance calculated: 7401.002237922849
2021-11-27 20:34:20.984  INFO 530588 --- [ol-113-thread-2] .t.t.s.TourGuideClientRewardsServiceImpl : Service - Distance calculated: 9528.344651058484
2021-11-27 20:34:20.963  INFO 530588 --- [ool-45-thread-2] .t.t.s.TourGuideClientRewardsServiceImpl : Service - Distance calculated: 5855.234816693019
2021-11-27 20:34:20.984  INFO 530588 --- [ol-113-thread-2] .t.t.s.TourGuideClientRewardsServiceImpl : Service - Distance calculated: 10354.065370270167
2021-11-27 20:34:20.963  INFO 530588 --- [ol-106-thread-2] .t.t.s.TourGuideClientRewardsServiceImpl : Service - Distance calculated: 4453.003563103434
2021-11-27 20:34:20.984  INFO 530588 --- [ol-114-thread-2] .t.t.s.TourGuideClientRewardsServiceImpl : Service - Distance calculated: 7694.81543201422
2021-11-27 20:34:20.984  INFO 530588 --- [ol-106-thread-2] .t.t.s.TourGuideClientRewardsServiceImpl : Service - Distance calculated: 6291.981911148064
2021-11-27 20:34:20.984  INFO 530588 --- [ol-114-thread-2] .t.t.s.TourGuideClientRewardsServiceImpl : Service - Distance calculated: 7584.743553471112
2021-11-27 20:34:20.984  INFO 530588 --- [ol-106-thread-2] .t.t.s.TourGuideClientRewardsServiceImpl : Service - Distance calculated: 5611.035674613793
2021-11-27 20:34:20.963  INFO 530588 --- [ol-141-thread-2] .t.t.s.TourGuideClientRewardsServiceImpl : Service - Distance calculated: 2414.2988033333672
2021-11-27 20:34:20.963  INFO 530588 --- [ool-92-thread-2] .t.t.s.TourGuideClientRewardsServiceImpl : Service - Distance calculated: 7042.692761010827
2021-11-27 20:34:20.985  INFO 530588 --- [ol-106-thread-2] .t.t.s.TourGuideClientRewardsServiceImpl : Service - Distance calculated: 4557.274965469345
2021-11-27 20:34:20.965  INFO 530588 --- [ol-133-thread-2] .t.t.s.TourGuideClientRewardsServiceImpl : Service - Distance calculated: 4670.026758728203
2021-11-27 20:34:20.985  INFO 530588 --- [ol-106-thread-2] .t.t.s.TourGuideClientRewardsServiceImpl : Service - Distance calculated: 4804.393222694434
2021-11-27 20:34:20.985  INFO 530588 --- [ol-106-thread-2] .t.t.s.TourGuideClientRewardsServiceImpl : Service - Distance calculated: 5721.654281866647
2021-11-27 20:34:20.985  INFO 530588 --- [ol-133-thread-2] .t.t.s.TourGuideClientRewardsServiceImpl : Service - Distance calculated: 4610.731700326451
2021-11-27 20:34:20.985  INFO 530588 --- [ol-106-thread-2] .t.t.s.TourGuideClientRewardsServiceImpl : Service - Distance calculated: 5282.212830366761
2021-11-27 20:34:20.965  INFO 530588 --- [ool-47-thread-2] .t.t.s.TourGuideClientRewardsServiceImpl : Service - Distance calculated: 164.91310606753288
2021-11-27 20:34:20.985  INFO 530588 --- [ol-106-thread-2] .t.t.s.TourGuideClientRewardsServiceImpl : Service - Distance calculated: 5701.787631327505
2021-11-27 20:34:20.967  INFO 530588 --- [ool-63-thread-2] .t.t.s.TourGuideClientRewardsServiceImpl : Service - Distance calculated: 585.0834632757702
2021-11-27 20:34:20.985  INFO 530588 --- [ool-47-thread-2] .t.t.s.TourGuideClientRewardsServiceImpl : Service - Distance calculated: 115.99464245531166
2021-11-27 20:34:20.969  INFO 530588 --- [ool-79-thread-2] .t.t.s.TourGuideClientRewardsServiceImpl : Service - Distance calculated: 5025.1397623452285
2021-11-27 20:34:20.969  INFO 530588 --- [ool-98-thread-2] .t.t.s.TourGuideClientRewardsServiceImpl : Service - Distance calculated: 5539.880870869189
2021-11-27 20:34:20.969  INFO 530588 --- [ol-116-thread-2] .t.t.s.TourGuideClientRewardsServiceImpl : Service - Calculate rewards points for user: internalUser44
2021-11-27 20:34:20.985  INFO 530588 --- [ool-98-thread-2] .t.t.s.TourGuideClientRewardsServiceImpl : Service - Distance calculated: 4793.348243707841
2021-11-27 20:34:20.969  INFO 530588 --- [ool-94-thread-2] .t.t.s.TourGuideClientRewardsServiceImpl : Service - Distance calculated: 4489.671524276886
2021-11-27 20:34:20.985  INFO 530588 --- [ool-98-thread-2] .t.t.s.TourGuideClientRewardsServiceImpl : Service - Distance calculated: 5062.923378991729
2021-11-27 20:34:20.970  INFO 530588 --- [ool-75-thread-2] .t.t.s.TourGuideClientRewardsServiceImpl : Service - Distance calculated: 824.319207689516
2021-11-27 20:34:20.985  INFO 530588 --- [ool-98-thread-2] .t.t.s.TourGuideClientRewardsServiceImpl : Service - Distance calculated: 4997.252845828896
2021-11-27 20:34:20.970  INFO 530588 --- [ol-112-thread-2] .t.t.s.TourGuideClientRewardsServiceImpl : Service - Distance calculated: 639.4065014937303
2021-11-27 20:34:20.985  INFO 530588 --- [ool-75-thread-2] .t.t.s.TourGuideClientRewardsServiceImpl : Service - Distance calculated: 553.3094488750728
2021-11-27 20:34:20.970  INFO 530588 --- [ol-128-thread-2] .t.t.s.TourGuideClientRewardsServiceImpl : Service - Distance calculated: 5221.375041568244
2021-11-27 20:34:20.985  INFO 530588 --- [ool-75-thread-2] .t.t.s.TourGuideClientRewardsServiceImpl : Service - Distance calculated: 623.5893103507254
2021-11-27 20:34:20.970  INFO 530588 --- [ool-99-thread-2] .t.t.s.TourGuideClientRewardsServiceImpl : Service - Distance calculated: 8160.300999743444
2021-11-27 20:34:20.970  INFO 530588 --- [ol-105-thread-2] .t.t.s.TourGuideClientRewardsServiceImpl : Service - Distance calculated: 6959.186412819159
2021-11-27 20:34:20.985  INFO 530588 --- [ool-99-thread-2] .t.t.s.TourGuideClientRewardsServiceImpl : Service - Distance calculated: 8807.362809697026
2021-11-27 20:34:20.973  INFO 530588 --- [ool-58-thread-2] .t.t.s.TourGuideClientRewardsServiceImpl : Service - Distance calculated: 6790.778012248514
2021-11-27 20:34:20.985  INFO 530588 --- [ol-105-thread-2] .t.t.s.TourGuideClientRewardsServiceImpl : Service - Distance calculated: 6131.586809517521
2021-11-27 20:34:20.973  INFO 530588 --- [ool-91-thread-2] .t.t.s.TourGuideClientRewardsServiceImpl : Service - Distance calculated: 7215.940425285319
2021-11-27 20:34:20.985  INFO 530588 --- [ol-105-thread-2] .t.t.s.TourGuideClientRewardsServiceImpl : Service - Distance calculated: 5161.24760819514
2021-11-27 20:34:20.974  INFO 530588 --- [ool-53-thread-2] .t.t.s.TourGuideClientRewardsServiceImpl : Service - Distance calculated: 2360.645624935619
2021-11-27 20:34:20.985  INFO 530588 --- [ool-58-thread-2] .t.t.s.TourGuideClientRewardsServiceImpl : Service - Distance calculated: 6888.487916192165
2021-11-27 20:34:20.974  INFO 530588 --- [ol-136-thread-2] .t.t.s.TourGuideClientRewardsServiceImpl : Service - Distance calculated: 5528.432442698753
2021-11-27 20:34:20.974  INFO 530588 --- [ool-50-thread-2] .t.t.s.TourGuideClientRewardsServiceImpl : Service - Distance calculated: 1992.7911930022951
2021-11-27 20:34:20.985  INFO 530588 --- [ol-136-thread-2] .t.t.s.TourGuideClientRewardsServiceImpl : Service - Distance calculated: 5318.6154841757025
2021-11-27 20:34:20.985  INFO 530588 --- [ool-53-thread-2] .t.t.s.TourGuideClientRewardsServiceImpl : Service - Distance calculated: 2434.494471527265
2021-11-27 20:34:20.985  INFO 530588 --- [ol-136-thread-2] .t.t.s.TourGuideClientRewardsServiceImpl : Service - Distance calculated: 5339.185142537889
2021-11-27 20:34:20.985  INFO 530588 --- [ool-53-thread-2] .t.t.s.TourGuideClientRewardsServiceImpl : Service - Distance calculated: 2148.3967563579567
2021-11-27 20:34:20.978  INFO 530588 --- [ol-126-thread-2] .t.t.s.TourGuideClientRewardsServiceImpl : Service - Distance calculated: 11226.864013591663
2021-11-27 20:34:20.985  INFO 530588 --- [ool-53-thread-2] .t.t.s.TourGuideClientRewardsServiceImpl : Service - Distance calculated: 2282.746325565392
2021-11-27 20:34:20.978  INFO 530588 --- [ol-101-thread-2] .t.t.s.TourGuideClientRewardsServiceImpl : Service - Distance calculated: 2268.6012963109215
2021-11-27 20:34:20.985  INFO 530588 --- [ol-126-thread-2] .t.t.s.TourGuideClientRewardsServiceImpl : Service - Distance calculated: 10239.123433176135
2021-11-27 20:34:20.979  INFO 530588 --- [onPool-worker-2] .t.t.s.TourGuideClientRewardsServiceImpl : Service - Distance calculated: 4225.653683994547
2021-11-27 20:34:20.980  INFO 530588 --- [nPool-worker-13] .t.t.s.TourGuideClientRewardsServiceImpl : Service - Distance calculated: 8745.608284391403
2021-11-27 20:34:20.985  INFO 530588 --- [onPool-worker-2] .t.t.s.TourGuideClientRewardsServiceImpl : Service - Distance calculated: 3461.4319010431236
2021-11-27 20:34:20.985  INFO 530588 --- [onPool-worker-2] .t.t.s.TourGuideClientRewardsServiceImpl : Service - Distance calculated: 4094.7097713599933
2021-11-27 20:34:20.985  INFO 530588 --- [nPool-worker-13] .t.t.s.TourGuideClientRewardsServiceImpl : Service - Distance calculated: 7861.037846956337
2021-11-27 20:34:20.985  INFO 530588 --- [onPool-worker-2] .t.t.s.TourGuideClientRewardsServiceImpl : Service - Distance calculated: 4184.183096604166
2021-11-27 20:34:20.985  INFO 530588 --- [nPool-worker-13] .t.t.s.TourGuideClientRewardsServiceImpl : Service - Distance calculated: 9438.567003997014
2021-11-27 20:34:20.981  INFO 530588 --- [ool-60-thread-2] .t.t.s.TourGuideClientRewardsServiceImpl : Service - Distance calculated: 5334.008678362775
2021-11-27 20:34:20.983  INFO 530588 --- [ool-59-thread-2] .t.t.s.TourGuideClientRewardsServiceImpl : Service - Distance calculated: 3061.8490591216732
2021-11-27 20:34:20.983  INFO 530588 --- [ool-44-thread-2] .t.t.s.TourGuideClientRewardsServiceImpl : Service - Distance calculated: 5070.603742727856
2021-11-27 20:34:20.983  INFO 530588 --- [onPool-worker-9] .t.t.s.TourGuideClientRewardsServiceImpl : Service - Distance calculated: 5737.536561834185
2021-11-27 20:34:20.985  INFO 530588 --- [ool-44-thread-2] .t.t.s.TourGuideClientRewardsServiceImpl : Service - Distance calculated: 4296.0883456974125
2021-11-27 20:34:20.983  INFO 530588 --- [ol-127-thread-2] .t.t.s.TourGuideClientRewardsServiceImpl : Service - Distance calculated: 5289.175239748024
2021-11-27 20:34:20.985  INFO 530588 --- [onPool-worker-9] .t.t.s.TourGuideClientRewardsServiceImpl : Service - Distance calculated: 4930.636719569903
2021-11-27 20:34:20.983  INFO 530588 --- [ol-117-thread-2] .t.t.s.TourGuideClientRewardsServiceImpl : Service - Distance calculated: 10713.943922805813
2021-11-27 20:34:20.985  INFO 530588 --- [onPool-worker-9] .t.t.s.TourGuideClientRewardsServiceImpl : Service - Distance calculated: 5403.117857098591
2021-11-27 20:34:20.985  INFO 530588 --- [ol-127-thread-2] .t.t.s.TourGuideClientRewardsServiceImpl : Service - Distance calculated: 5112.887114086998
2021-11-27 20:34:20.985  INFO 530588 --- [ol-117-thread-2] .t.t.s.TourGuideClientRewardsServiceImpl : Service - Distance calculated: 10986.983435660328
2021-11-27 20:34:20.983  INFO 530588 --- [ol-138-thread-2] .t.t.s.TourGuideClientRewardsServiceImpl : Service - Distance calculated: 7636.394190304747
2021-11-27 20:34:20.983  INFO 530588 --- [ol-131-thread-2] .t.t.s.TourGuideClientRewardsServiceImpl : Service - Distance calculated: 3734.852544260754
2021-11-27 20:34:20.985  INFO 530588 --- [ol-138-thread-2] .t.t.s.TourGuideClientRewardsServiceImpl : Service - Distance calculated: 7070.469477187901
2021-11-27 20:34:20.983  INFO 530588 --- [ool-46-thread-2] .t.t.s.TourGuideClientRewardsServiceImpl : Service - Distance calculated: 6501.344263374204
2021-11-27 20:34:20.983  INFO 530588 --- [ol-115-thread-2] .t.t.s.TourGuideClientRewardsServiceImpl : Service - Distance calculated: 10326.686815786028
2021-11-27 20:34:20.985  INFO 530588 --- [ool-46-thread-2] .t.t.s.TourGuideClientRewardsServiceImpl : Service - Distance calculated: 6345.769299794342
2021-11-27 20:34:20.984  INFO 530588 --- [ool-82-thread-2] .t.t.s.TourGuideClientRewardsServiceImpl : Service - Distance calculated: 9439.017429508573
2021-11-27 20:34:20.984  INFO 530588 --- [ool-95-thread-2] .t.t.s.TourGuideClientRewardsServiceImpl : Service - Distance calculated: 8909.732271578634
2021-11-27 20:34:20.984  INFO 530588 --- [ol-109-thread-2] .t.t.s.TourGuideClientRewardsServiceImpl : Service - Distance calculated: 6445.59982384564
2021-11-27 20:34:20.984  INFO 530588 --- [ol-118-thread-2] .t.t.s.TourGuideClientRewardsServiceImpl : Service - Distance calculated: 9098.57711031825
2021-11-27 20:34:20.984  INFO 530588 --- [ool-57-thread-2] .t.t.s.TourGuideClientRewardsServiceImpl : Service - Distance calculated: 5304.496581726394
2021-11-27 20:34:20.986  INFO 530588 --- [ol-109-thread-2] .t.t.s.TourGuideClientRewardsServiceImpl : Service - Distance calculated: 5658.896112309337
2021-11-27 20:34:20.986  INFO 530588 --- [ol-109-thread-2] .t.t.s.TourGuideClientRewardsServiceImpl : Service - Distance calculated: 4611.162634515012
2021-11-27 20:34:20.986  INFO 530588 --- [ool-57-thread-2] .t.t.s.TourGuideClientRewardsServiceImpl : Service - Distance calculated: 5544.749619313941
2021-11-27 20:34:20.984  INFO 530588 --- [ol-130-thread-2] .t.t.s.TourGuideClientRewardsServiceImpl : Service - Distance calculated: 7116.529685009644
2021-11-27 20:34:20.984  INFO 530588 --- [ool-43-thread-2] .t.t.s.TourGuideClientRewardsServiceImpl : Service - Distance calculated: 1418.571827418631
2021-11-27 20:34:20.984  INFO 530588 --- [ool-88-thread-2] .t.t.s.TourGuideClientRewardsServiceImpl : Service - Distance calculated: 8370.362848483532
2021-11-27 20:34:20.986  INFO 530588 --- [ool-43-thread-2] .t.t.s.TourGuideClientRewardsServiceImpl : Service - Distance calculated: 460.11990361699293
2021-11-27 20:34:20.984  INFO 530588 --- [ool-83-thread-2] .t.t.s.TourGuideClientRewardsServiceImpl : Service - Distance calculated: 10771.103854205601
2021-11-27 20:34:20.986  INFO 530588 --- [ool-43-thread-2] .t.t.s.TourGuideClientRewardsServiceImpl : Service - Distance calculated: 1992.7911930022951
2021-11-27 20:34:20.986  INFO 530588 --- [ool-88-thread-2] .t.t.s.TourGuideClientRewardsServiceImpl : Service - Distance calculated: 7418.48839036573
2021-11-27 20:34:20.984  INFO 530588 --- [ol-103-thread-2] .t.t.s.TourGuideClientRewardsServiceImpl : Service - Distance calculated: 2672.126615428064
2021-11-27 20:34:20.984  INFO 530588 --- [ool-51-thread-2] .t.t.s.TourGuideClientRewardsServiceImpl : Service - Distance calculated: 1087.1914040515028
2021-11-27 20:34:20.984  INFO 530588 --- [ool-70-thread-2] .t.t.s.TourGuideClientRewardsServiceImpl : Service - Distance calculated: 11027.921456549659
2021-11-27 20:34:20.986  INFO 530588 --- [ool-51-thread-2] .t.t.s.TourGuideClientRewardsServiceImpl : Service - Distance calculated: 154.71102915345148
2021-11-27 20:34:20.986  INFO 530588 --- [ool-70-thread-2] .t.t.s.TourGuideClientRewardsServiceImpl : Service - Distance calculated: 10394.192490207757
2021-11-27 20:34:20.986  INFO 530588 --- [ool-51-thread-2] .t.t.s.TourGuideClientRewardsServiceImpl : Service - Distance calculated: 1909.1723418910826
2021-11-27 20:34:20.984  INFO 530588 --- [ool-68-thread-2] .t.t.s.TourGuideClientRewardsServiceImpl : Service - Distance calculated: 5296.471186699473
2021-11-27 20:34:20.984  INFO 530588 --- [ol-122-thread-2] .t.t.s.TourGuideClientRewardsServiceImpl : Service - Distance calculated: 6508.053295824119
2021-11-27 20:34:20.984  INFO 530588 --- [ool-56-thread-2] .t.t.s.TourGuideClientRewardsServiceImpl : Service - Distance calculated: 5141.616279199273
2021-11-27 20:34:20.986  INFO 530588 --- [ol-122-thread-2] .t.t.s.TourGuideClientRewardsServiceImpl : Service - Distance calculated: 6049.8170663199435
2021-11-27 20:34:20.984  INFO 530588 --- [ol-104-thread-2] .t.t.s.TourGuideClientRewardsServiceImpl : Service - Distance calculated: 2580.812004435783
2021-11-27 20:34:20.986  INFO 530588 --- [ool-56-thread-2] .t.t.s.TourGuideClientRewardsServiceImpl : Service - Distance calculated: 4971.473953620905
2021-11-27 20:34:20.986  INFO 530588 --- [ool-56-thread-2] .t.t.s.TourGuideClientRewardsServiceImpl : Service - Distance calculated: 5424.200943109964
2021-11-27 20:34:20.984  INFO 530588 --- [ool-61-thread-2] .t.t.s.TourGuideClientRewardsServiceImpl : Service - Distance calculated: 9873.08878991368
2021-11-27 20:34:20.986  INFO 530588 --- [ool-56-thread-2] .t.t.s.TourGuideClientRewardsServiceImpl : Service - Distance calculated: 6628.692819466365
2021-11-27 20:34:20.984  INFO 530588 --- [ol-120-thread-2] .t.t.s.TourGuideClientRewardsServiceImpl : Service - Distance calculated: 4172.628500934353
2021-11-27 20:34:20.984  INFO 530588 --- [ool-81-thread-2] .t.t.s.TourGuideClientRewardsServiceImpl : Service - Distance calculated: 3835.06324102382
2021-11-27 20:34:20.984  INFO 530588 --- [ol-140-thread-2] .t.t.s.TourGuideClientRewardsServiceImpl : Service - Distance calculated: 10280.966907327502
2021-11-27 20:34:20.986  INFO 530588 --- [ool-81-thread-2] .t.t.s.TourGuideClientRewardsServiceImpl : Service - Distance calculated: 4797.187292886567
2021-11-27 20:34:20.984  INFO 530588 --- [ool-96-thread-2] .t.t.s.TourGuideClientRewardsServiceImpl : Service - Distance calculated: 6498.994740780182
2021-11-27 20:34:20.986  INFO 530588 --- [ool-81-thread-2] .t.t.s.TourGuideClientRewardsServiceImpl : Service - Distance calculated: 6977.899198239018
2021-11-27 20:34:20.986  INFO 530588 --- [ool-96-thread-2] .t.t.s.TourGuideClientRewardsServiceImpl : Service - Distance calculated: 5708.654476343287
2021-11-27 20:34:20.984  INFO 530588 --- [ool-67-thread-2] .t.t.s.TourGuideClientRewardsServiceImpl : Service - Distance calculated: 9773.466799098496
2021-11-27 20:34:20.984  INFO 530588 --- [ool-71-thread-2] .t.t.s.TourGuideClientRewardsServiceImpl : Service - Distance calculated: 4654.5623116056495
2021-11-27 20:34:20.986  INFO 530588 --- [ool-67-thread-2] .t.t.s.TourGuideClientRewardsServiceImpl : Service - Distance calculated: 11418.386801335657
2021-11-27 20:34:20.984  INFO 530588 --- [ool-74-thread-2] .t.t.s.TourGuideClientRewardsServiceImpl : Service - Distance calculated: 3678.9515746367883
2021-11-27 20:34:20.984  INFO 530588 --- [ool-89-thread-2] .t.t.s.TourGuideClientRewardsServiceImpl : Service - Distance calculated: 4101.35178896214
2021-11-27 20:34:20.984  INFO 530588 --- [ol-102-thread-2] .t.t.s.TourGuideClientRewardsServiceImpl : Service - Distance calculated: 4445.867742346451
2021-11-27 20:34:20.986  INFO 530588 --- [ool-74-thread-2] .t.t.s.TourGuideClientRewardsServiceImpl : Service - Distance calculated: 2796.5710429950577
2021-11-27 20:34:20.986  INFO 530588 --- [ol-102-thread-2] .t.t.s.TourGuideClientRewardsServiceImpl : Service - Distance calculated: 5036.040423603343
2021-11-27 20:34:20.984  INFO 530588 --- [ol-111-thread-2] .t.t.s.TourGuideClientRewardsServiceImpl : Service - Distance calculated: 4403.5267622351075
2021-11-27 20:34:20.986  INFO 530588 --- [ool-74-thread-2] .t.t.s.TourGuideClientRewardsServiceImpl : Service - Distance calculated: 2723.0023482641905
2021-11-27 20:34:20.984  INFO 530588 --- [ol-113-thread-2] .t.t.s.TourGuideClientRewardsServiceImpl : Service - Distance calculated: 9139.577736285204
2021-11-27 20:34:20.986  INFO 530588 --- [ool-74-thread-2] .t.t.s.TourGuideClientRewardsServiceImpl : Service - Distance calculated: 3329.903316071567
2021-11-27 20:34:20.986  INFO 530588 --- [ool-74-thread-2] .t.t.s.TourGuideClientRewardsServiceImpl : Service - Distance calculated: 2796.100124228592
2021-11-27 20:34:20.986  INFO 530588 --- [ol-111-thread-2] .t.t.s.TourGuideClientRewardsServiceImpl : Service - Distance calculated: 11541.891904662449
2021-11-27 20:34:20.986  INFO 530588 --- [ool-74-thread-2] .t.t.s.TourGuideClientRewardsServiceImpl : Service - Distance calculated: 2642.5384261957315
2021-11-27 20:34:20.986  INFO 530588 --- [ol-111-thread-2] .t.t.s.TourGuideClientRewardsServiceImpl : Service - Distance calculated: 11149.304241417916
2021-11-27 20:34:20.984  INFO 530588 --- [ool-45-thread-2] .t.t.s.TourGuideClientRewardsServiceImpl : Service - Distance calculated: 5.8950310023474215E-5
2021-11-27 20:34:20.984  INFO 530588 --- [ool-55-thread-2] .t.t.s.TourGuideClientRewardsServiceImpl : Service - Distance calculated: 164.91310606753288
2021-11-27 20:34:20.984  INFO 530588 --- [ol-114-thread-2] .t.t.s.TourGuideClientRewardsServiceImpl : Service - Distance calculated: 7932.14712346655
2021-11-27 20:34:20.986  INFO 530588 --- [ol-114-thread-2] .t.t.s.TourGuideClientRewardsServiceImpl : Service - Distance calculated: 8887.467386292543
2021-11-27 20:34:20.985  INFO 530588 --- [ol-141-thread-2] .t.t.s.TourGuideClientRewardsServiceImpl : Service - Distance calculated: 3140.974002291469
2021-11-27 20:34:20.985  INFO 530588 --- [ol-133-thread-2] .t.t.s.TourGuideClientRewardsServiceImpl : Service - Distance calculated: 4726.692163875396
2021-11-27 20:34:20.985  INFO 530588 --- [ol-106-thread-2] .t.t.s.TourGuideClientRewardsServiceImpl : Service - Distance calculated: 5769.96241507586
2021-11-27 20:34:20.986  INFO 530588 --- [ol-133-thread-2] .t.t.s.TourGuideClientRewardsServiceImpl : Service - Distance calculated: 5423.22673037377
2021-11-27 20:34:20.985  INFO 530588 --- [ool-92-thread-2] .t.t.s.TourGuideClientRewardsServiceImpl : Service - Distance calculated: 7140.726130846178
2021-11-27 20:34:20.986  INFO 530588 --- [ol-141-thread-2] .t.t.s.TourGuideClientRewardsServiceImpl : Service - Distance calculated: 3595.7316393031315
2021-11-27 20:34:20.985  INFO 530588 --- [ool-63-thread-2] .t.t.s.TourGuideClientRewardsServiceImpl : Service - Distance calculated: 628.899056512253
2021-11-27 20:34:20.985  INFO 530588 --- [ool-47-thread-2] .t.t.s.TourGuideClientRewardsServiceImpl : Service - Distance calculated: 1428.8577204882306
2021-11-27 20:34:20.987  INFO 530588 --- [ool-63-thread-2] .t.t.s.TourGuideClientRewardsServiceImpl : Service - Distance calculated: 501.9957825365346
2021-11-27 20:34:20.987  INFO 530588 --- [ool-47-thread-2] .t.t.s.TourGuideClientRewardsServiceImpl : Service - Distance calculated: 1418.571827418631
2021-11-27 20:34:20.987  INFO 530588 --- [ool-63-thread-2] .t.t.s.TourGuideClientRewardsServiceImpl : Service - Distance calculated: 554.108953845353
2021-11-27 20:34:20.987  INFO 530588 --- [ool-45-thread-2] .t.t.s.TourGuideClientRewardsServiceImpl : Service - Distance calculated: 774.5207212649109
2021-11-27 20:34:20.987  INFO 530588 --- [ool-63-thread-2] .t.t.s.TourGuideClientRewardsServiceImpl : Service - Distance calculated: 1446.3968936619005
2021-11-27 20:34:20.987  INFO 530588 --- [ool-45-thread-2] .t.t.s.TourGuideClientRewardsServiceImpl : Service - Distance calculated: 164.91310606753288
2021-11-27 20:34:20.987  INFO 530588 --- [ool-63-thread-2] .t.t.s.TourGuideClientRewardsServiceImpl : Service - Distance calculated: 830.5630240299212
2021-11-27 20:34:20.987  INFO 530588 --- [ool-45-thread-2] .t.t.s.TourGuideClientRewardsServiceImpl : Service - Distance calculated: 115.99464245531166
2021-11-27 20:34:20.987  INFO 530588 --- [ool-63-thread-2] .t.t.s.TourGuideClientRewardsServiceImpl : Service - Distance calculated: 1062.4205050802962
2021-11-27 20:34:20.985  INFO 530588 --- [ool-79-thread-2] .t.t.s.TourGuideClientRewardsServiceImpl : Service - Distance calculated: 4367.753106802241
2021-11-27 20:34:20.987  INFO 530588 --- [ool-63-thread-2] .t.t.s.TourGuideClientRewardsServiceImpl : Service - Distance calculated: 658.6527785294038
2021-11-27 20:34:20.987  INFO 530588 --- [ool-79-thread-2] .t.t.s.TourGuideClientRewardsServiceImpl : Service - Distance calculated: 4860.3945767318155
2021-11-27 20:34:20.987  INFO 530588 --- [ool-63-thread-2] .t.t.s.TourGuideClientRewardsServiceImpl : Service - Distance calculated: 1360.681212043047
2021-11-27 20:34:20.987  INFO 530588 --- [ool-79-thread-2] .t.t.s.TourGuideClientRewardsServiceImpl : Service - Distance calculated: 4923.837267109186
2021-11-27 20:34:20.985  INFO 530588 --- [ool-94-thread-2] .t.t.s.TourGuideClientRewardsServiceImpl : Service - Distance calculated: 4366.699756084342
2021-11-27 20:34:20.985  INFO 530588 --- [ool-98-thread-2] .t.t.s.TourGuideClientRewardsServiceImpl : Service - Distance calculated: 5642.73263457173
2021-11-27 20:34:20.985  INFO 530588 --- [ol-112-thread-2] .t.t.s.TourGuideClientRewardsServiceImpl : Service - Distance calculated: 1737.238868514066
2021-11-27 20:34:20.985  INFO 530588 --- [ool-75-thread-2] .t.t.s.TourGuideClientRewardsServiceImpl : Service - Distance calculated: 651.273936301676
2021-11-27 20:34:20.987  INFO 530588 --- [ol-112-thread-2] .t.t.s.TourGuideClientRewardsServiceImpl : Service - Distance calculated: 1526.3887214305414
2021-11-27 20:34:20.987  INFO 530588 --- [ool-98-thread-2] .t.t.s.TourGuideClientRewardsServiceImpl : Service - Distance calculated: 6271.856702844044
2021-11-27 20:34:20.985  INFO 530588 --- [ol-128-thread-2] .t.t.s.TourGuideClientRewardsServiceImpl : Service - Distance calculated: 5949.960286735927
2021-11-27 20:34:20.985  INFO 530588 --- [ool-99-thread-2] .t.t.s.TourGuideClientRewardsServiceImpl : Service - Distance calculated: 8708.442650762143
2021-11-27 20:34:20.985  INFO 530588 --- [ol-105-thread-2] .t.t.s.TourGuideClientRewardsServiceImpl : Service - Distance calculated: 5983.00047720334
2021-11-27 20:34:20.985  INFO 530588 --- [ool-91-thread-2] .t.t.s.TourGuideClientRewardsServiceImpl : Service - Distance calculated: 7283.919857035793
2021-11-27 20:34:20.987  INFO 530588 --- [ol-105-thread-2] .t.t.s.TourGuideClientRewardsServiceImpl : Service - Calculate rewards points for user: internalUser39
2021-11-27 20:34:20.987  INFO 530588 --- [ool-91-thread-2] .t.t.s.TourGuideClientRewardsServiceImpl : Service - Distance calculated: 8114.140992280538
2021-11-27 20:34:20.987  INFO 530588 --- [ool-91-thread-2] .t.t.s.TourGuideClientRewardsServiceImpl : Service - Distance calculated: 7722.271798906148
2021-11-27 20:34:20.987  INFO 530588 --- [ool-91-thread-2] .t.t.s.TourGuideClientRewardsServiceImpl : Service - Distance calculated: 7647.138562113941
2021-11-27 20:34:20.987  INFO 530588 --- [ool-91-thread-2] .t.t.s.TourGuideClientRewardsServiceImpl : Service - Distance calculated: 7804.523489264807
2021-11-27 20:34:20.987  INFO 530588 --- [ool-99-thread-2] .t.t.s.TourGuideClientRewardsServiceImpl : Service - Distance calculated: 8148.707237455417
2021-11-27 20:34:20.987  INFO 530588 --- [ool-99-thread-2] .t.t.s.TourGuideClientRewardsServiceImpl : Service - Distance calculated: 9291.426056401631
2021-11-27 20:34:20.985  INFO 530588 --- [ool-58-thread-2] .t.t.s.TourGuideClientRewardsServiceImpl : Service - Distance calculated: 6412.479408863989
2021-11-27 20:34:20.985  INFO 530588 --- [ol-136-thread-2] .t.t.s.TourGuideClientRewardsServiceImpl : Service - Distance calculated: 5503.553830216871
2021-11-27 20:34:20.987  INFO 530588 --- [ool-58-thread-2] .t.t.s.TourGuideClientRewardsServiceImpl : Service - Distance calculated: 5573.065965312528
2021-11-27 20:34:20.985  INFO 530588 --- [ool-50-thread-2] .t.t.s.TourGuideClientRewardsServiceImpl : Service - Distance calculated: 1906.7972782801585
2021-11-27 20:34:20.987  INFO 530588 --- [ool-50-thread-2] .t.t.s.TourGuideClientRewardsServiceImpl : Service - Distance calculated: 2360.645624935619
2021-11-27 20:34:20.987  INFO 530588 --- [ool-50-thread-2] .t.t.s.TourGuideClientRewardsServiceImpl : Service - Distance calculated: 2434.494471527265
2021-11-27 20:34:20.987  INFO 530588 --- [ool-99-thread-2] .t.t.s.TourGuideClientRewardsServiceImpl : Service - Distance calculated: 9077.751118847145
2021-11-27 20:34:20.988  INFO 530588 --- [ool-50-thread-2] .t.t.s.TourGuideClientRewardsServiceImpl : Service - Distance calculated: 2148.3967563579567
2021-11-27 20:34:20.985  INFO 530588 --- [ol-126-thread-2] .t.t.s.TourGuideClientRewardsServiceImpl : Service - Distance calculated: 10216.57491727177
2021-11-27 20:34:20.988  INFO 530588 --- [ool-50-thread-2] .t.t.s.TourGuideClientRewardsServiceImpl : Service - Distance calculated: 2282.746325565392
2021-11-27 20:34:20.988  INFO 530588 --- [ol-126-thread-2] .t.t.s.TourGuideClientRewardsServiceImpl : Service - Calculate rewards points for user: internalUser58
2021-11-27 20:34:20.988  INFO 530588 --- [ool-50-thread-2] .t.t.s.TourGuideClientRewardsServiceImpl : Service - Distance calculated: 2289.4339721013357
2021-11-27 20:34:20.988  INFO 530588 --- [ool-50-thread-2] .t.t.s.TourGuideClientRewardsServiceImpl : Service - Distance calculated: 1204.372289719331
2021-11-27 20:34:20.988  INFO 530588 --- [ool-50-thread-2] .t.t.s.TourGuideClientRewardsServiceImpl : Service - Distance calculated: 1742.5694022642394
2021-11-27 20:34:20.988  INFO 530588 --- [ool-50-thread-2] .t.t.s.TourGuideClientRewardsServiceImpl : Service - Distance calculated: 1576.7472428725728
2021-11-27 20:34:20.985  INFO 530588 --- [ool-53-thread-2] .t.t.s.TourGuideClientRewardsServiceImpl : Service - Distance calculated: 2289.4339721013357
2021-11-27 20:34:20.985  INFO 530588 --- [ol-101-thread-2] .t.t.s.TourGuideClientRewardsServiceImpl : Service - Distance calculated: 5610.864845595486
2021-11-27 20:34:20.988  INFO 530588 --- [ol-101-thread-2] .t.t.s.TourGuideClientRewardsServiceImpl : Service - Distance calculated: 5450.916602019293
2021-11-27 20:34:20.988  INFO 530588 --- [ol-101-thread-2] .t.t.s.TourGuideClientRewardsServiceImpl : Service - Distance calculated: 5593.02416279226
2021-11-27 20:34:20.988  INFO 530588 --- [ol-101-thread-2] .t.t.s.TourGuideClientRewardsServiceImpl : Service - Distance calculated: 6057.677520455329
2021-11-27 20:34:20.988  INFO 530588 --- [ol-101-thread-2] .t.t.s.TourGuideClientRewardsServiceImpl : Service - Distance calculated: 5102.610724870383
2021-11-27 20:34:20.988  INFO 530588 --- [ol-101-thread-2] .t.t.s.TourGuideClientRewardsServiceImpl : Service - Distance calculated: 5435.542068995031
2021-11-27 20:34:20.988  INFO 530588 --- [ol-101-thread-2] .t.t.s.TourGuideClientRewardsServiceImpl : Service - Distance calculated: 5400.171366347329
2021-11-27 20:34:20.985  INFO 530588 --- [onPool-worker-2] .t.t.s.TourGuideClientRewardsServiceImpl : Service - Distance calculated: 3599.3453771737713
2021-11-27 20:34:20.985  INFO 530588 --- [nPool-worker-13] .t.t.s.TourGuideClientRewardsServiceImpl : Service - Distance calculated: 9258.171285703056
2021-11-27 20:34:20.988  INFO 530588 --- [ol-101-thread-2] .t.t.s.TourGuideClientRewardsServiceImpl : Service - Distance calculated: 5462.142988945592
2021-11-27 20:34:20.988  INFO 530588 --- [nPool-worker-13] .t.t.s.TourGuideClientRewardsServiceImpl : Service - Distance calculated: 8055.504496999483
2021-11-27 20:34:20.985  INFO 530588 --- [ool-59-thread-2] .t.t.s.TourGuideClientRewardsServiceImpl : Service - Distance calculated: 3558.1705964347448
2021-11-27 20:34:20.988  INFO 530588 --- [ol-101-thread-2] .t.t.s.TourGuideClientRewardsServiceImpl : Service - Distance calculated: 5153.992048333107
2021-11-27 20:34:20.988  INFO 530588 --- [ool-59-thread-2] .t.t.s.TourGuideClientRewardsServiceImpl : Service - Distance calculated: 2717.2134531980646
2021-11-27 20:34:20.988  INFO 530588 --- [ool-59-thread-2] .t.t.s.TourGuideClientRewardsServiceImpl : Service - Distance calculated: 2938.9261160840506
2021-11-27 20:34:20.985  INFO 530588 --- [ool-60-thread-2] .t.t.s.TourGuideClientRewardsServiceImpl : Service - Distance calculated: 6490.208749321886
2021-11-27 20:34:20.985  INFO 530588 --- [ool-44-thread-2] .t.t.s.TourGuideClientRewardsServiceImpl : Service - Distance calculated: 4925.296148410013
2021-11-27 20:34:20.985  INFO 530588 --- [onPool-worker-9] .t.t.s.TourGuideClientRewardsServiceImpl : Service - Distance calculated: 5434.497070031407
2021-11-27 20:34:20.988  INFO 530588 --- [onPool-worker-9] .t.t.s.TourGuideClientRewardsServiceImpl : Service - Distance calculated: 5296.569235104944
2021-11-27 20:34:20.988  INFO 530588 --- [ool-60-thread-2] .t.t.s.TourGuideClientRewardsServiceImpl : Service - Distance calculated: 6278.719337294519
2021-11-27 20:34:20.988  INFO 530588 --- [onPool-worker-9] .t.t.s.TourGuideClientRewardsServiceImpl : Service - Distance calculated: 5582.025952934705
2021-11-27 20:34:20.988  INFO 530588 --- [onPool-worker-9] .t.t.s.TourGuideClientRewardsServiceImpl : Service - Distance calculated: 5397.584256649734
2021-11-27 20:34:20.988  INFO 530588 --- [onPool-worker-9] .t.t.s.TourGuideClientRewardsServiceImpl : Service - Distance calculated: 6046.76854371129
2021-11-27 20:34:20.988  INFO 530588 --- [onPool-worker-9] .t.t.s.TourGuideClientRewardsServiceImpl : Service - Distance calculated: 5027.082557786845
2021-11-27 20:34:20.988  INFO 530588 --- [onPool-worker-9] .t.t.s.TourGuideClientRewardsServiceImpl : Service - Distance calculated: 5959.874911403867
2021-11-27 20:34:20.985  INFO 530588 --- [ol-127-thread-2] .t.t.s.TourGuideClientRewardsServiceImpl : Service - Distance calculated: 4064.535705807229
2021-11-27 20:34:20.988  INFO 530588 --- [onPool-worker-9] .t.t.s.TourGuideClientRewardsServiceImpl : Service - Distance calculated: 5692.760106468866
2021-11-27 20:34:20.988  INFO 530588 --- [onPool-worker-9] .t.t.s.TourGuideClientRewardsServiceImpl : Service - Distance calculated: 5919.220369666023
2021-11-27 20:34:20.988  INFO 530588 --- [ol-127-thread-2] .t.t.s.TourGuideClientRewardsServiceImpl : Service - Distance calculated: 4682.697122527822
2021-11-27 20:34:20.985  INFO 530588 --- [ol-117-thread-2] .t.t.s.TourGuideClientRewardsServiceImpl : Service - Distance calculated: 12027.441847543885
2021-11-27 20:34:20.985  INFO 530588 --- [ol-138-thread-2] .t.t.s.TourGuideClientRewardsServiceImpl : Service - Distance calculated: 7820.136062933201
2021-11-27 20:34:20.988  INFO 530588 --- [ol-117-thread-2] .t.t.s.TourGuideClientRewardsServiceImpl : Service - Distance calculated: 11397.575712889624
2021-11-27 20:34:20.988  INFO 530588 --- [ol-117-thread-2] .t.t.s.TourGuideClientRewardsServiceImpl : Service - Distance calculated: 11653.262197376702
2021-11-27 20:34:20.988  INFO 530588 --- [ol-138-thread-2] .t.t.s.TourGuideClientRewardsServiceImpl : Service - Distance calculated: 8261.436245528264
2021-11-27 20:34:20.985  INFO 530588 --- [ol-131-thread-2] .t.t.s.TourGuideClientRewardsServiceImpl : Service - Distance calculated: 6192.303053508712
2021-11-27 20:34:20.985  INFO 530588 --- [ol-115-thread-2] .t.t.s.TourGuideClientRewardsServiceImpl : Service - Distance calculated: 7366.656808108435
2021-11-27 20:34:20.989  INFO 530588 --- [ol-131-thread-2] .t.t.s.TourGuideClientRewardsServiceImpl : Service - Distance calculated: 3246.839582378577
2021-11-27 20:34:20.989  INFO 530588 --- [ol-131-thread-2] .t.t.s.TourGuideClientRewardsServiceImpl : Service - Distance calculated: 3514.5983239003367
2021-11-27 20:34:20.989  INFO 530588 --- [ol-131-thread-2] .t.t.s.TourGuideClientRewardsServiceImpl : Service - Distance calculated: 3372.293953630773
2021-11-27 20:34:20.989  INFO 530588 --- [ol-131-thread-2] .t.t.s.TourGuideClientRewardsServiceImpl : Service - Distance calculated: 3472.6423375744544
2021-11-27 20:34:20.989  INFO 530588 --- [ol-115-thread-2] .t.t.s.TourGuideClientRewardsServiceImpl : Service - Distance calculated: 7405.546442128148
2021-11-27 20:34:20.989  INFO 530588 --- [ol-115-thread-2] .t.t.s.TourGuideClientRewardsServiceImpl : Service - Distance calculated: 7296.1138073318625
2021-11-27 20:34:20.989  INFO 530588 --- [ol-115-thread-2] .t.t.s.TourGuideClientRewardsServiceImpl : Service - Distance calculated: 6571.672913983834
2021-11-27 20:34:20.989  INFO 530588 --- [ol-115-thread-2] .t.t.s.TourGuideClientRewardsServiceImpl : Service - Distance calculated: 7197.856409284709
2021-11-27 20:34:20.989  INFO 530588 --- [ol-115-thread-2] .t.t.s.TourGuideClientRewardsServiceImpl : Service - Distance calculated: 7137.61475828293
2021-11-27 20:34:20.989  INFO 530588 --- [ol-115-thread-2] .t.t.s.TourGuideClientRewardsServiceImpl : Service - Distance calculated: 7043.359836396251
2021-11-27 20:34:20.989  INFO 530588 --- [ol-115-thread-2] .t.t.s.TourGuideClientRewardsServiceImpl : Service - Distance calculated: 7236.313345435299
2021-11-27 20:34:20.989  INFO 530588 --- [ol-115-thread-2] .t.t.s.TourGuideClientRewardsServiceImpl : Service - Distance calculated: 7182.585417526262
2021-11-27 20:34:20.989  INFO 530588 --- [ol-115-thread-2] .t.t.s.TourGuideClientRewardsServiceImpl : Service - Distance calculated: 7891.908907669048
2021-11-27 20:34:20.985  INFO 530588 --- [ool-46-thread-2] .t.t.s.TourGuideClientRewardsServiceImpl : Service - Distance calculated: 6187.9832052173115
2021-11-27 20:34:20.986  INFO 530588 --- [ool-95-thread-2] .t.t.s.TourGuideClientRewardsServiceImpl : Service - Distance calculated: 8777.100206510959
2021-11-27 20:34:20.986  INFO 530588 --- [ol-109-thread-2] .t.t.s.TourGuideClientRewardsServiceImpl : Service - Distance calculated: 6421.863710328643
2021-11-27 20:34:20.989  INFO 530588 --- [ool-46-thread-2] .t.t.s.TourGuideClientRewardsServiceImpl : Service - Distance calculated: 9184.825056730038
2021-11-27 20:34:20.986  INFO 530588 --- [ol-118-thread-2] .t.t.s.TourGuideClientRewardsServiceImpl : Service - Distance calculated: 8236.578741187168
2021-11-27 20:34:20.989  INFO 530588 --- [ool-46-thread-2] .t.t.s.TourGuideClientRewardsServiceImpl : Service - Distance calculated: 6289.83696368933
2021-11-27 20:34:20.989  INFO 530588 --- [ol-118-thread-2] .t.t.s.TourGuideClientRewardsServiceImpl : Service - Distance calculated: 8164.278408081759
2021-11-27 20:34:20.989  INFO 530588 --- [ool-46-thread-2] .t.t.s.TourGuideClientRewardsServiceImpl : Service - Distance calculated: 6300.651386519296
2021-11-27 20:34:20.989  INFO 530588 --- [ol-118-thread-2] .t.t.s.TourGuideClientRewardsServiceImpl : Service - Distance calculated: 8132.610090055526
2021-11-27 20:34:20.989  INFO 530588 --- [ool-46-thread-2] .t.t.s.TourGuideClientRewardsServiceImpl : Service - Distance calculated: 6200.591882939756
2021-11-27 20:34:20.989  INFO 530588 --- [ol-118-thread-2] .t.t.s.TourGuideClientRewardsServiceImpl : Service - Distance calculated: 8326.371363771686
2021-11-27 20:34:20.989  INFO 530588 --- [ool-46-thread-2] .t.t.s.TourGuideClientRewardsServiceImpl : Service - Distance calculated: 5444.289982142107
2021-11-27 20:34:20.989  INFO 530588 --- [ol-118-thread-2] .t.t.s.TourGuideClientRewardsServiceImpl : Service - Distance calculated: 9087.382641282946
2021-11-27 20:34:20.989  INFO 530588 --- [ool-46-thread-2] .t.t.s.TourGuideClientRewardsServiceImpl : Service - Distance calculated: 6044.307134947188
2021-11-27 20:34:20.989  INFO 530588 --- [ol-118-thread-2] .t.t.s.TourGuideClientRewardsServiceImpl : Service - Distance calculated: 8257.214948642051
2021-11-27 20:34:20.989  INFO 530588 --- [ool-46-thread-2] .t.t.s.TourGuideClientRewardsServiceImpl : Service - Distance calculated: 5995.956708694077
2021-11-27 20:34:20.986  INFO 530588 --- [ool-57-thread-2] .t.t.s.TourGuideClientRewardsServiceImpl : Service - Distance calculated: 5012.108000931352
2021-11-27 20:34:20.989  INFO 530588 --- [ool-46-thread-2] .t.t.s.TourGuideClientRewardsServiceImpl : Service - Distance calculated: 5892.983631546472
2021-11-27 20:34:20.986  INFO 530588 --- [ool-82-thread-2] .t.t.s.TourGuideClientRewardsServiceImpl : Service - Distance calculated: 8609.012520561642
2021-11-27 20:34:20.989  INFO 530588 --- [ool-57-thread-2] .t.t.s.TourGuideClientRewardsServiceImpl : Service - Distance calculated: 3792.771479538899
2021-11-27 20:34:20.989  INFO 530588 --- [ool-46-thread-2] .t.t.s.TourGuideClientRewardsServiceImpl : Service - Distance calculated: 6108.134654146436
2021-11-27 20:34:20.989  INFO 530588 --- [ool-57-thread-2] .t.t.s.TourGuideClientRewardsServiceImpl : Service - Distance calculated: 5851.978869523545
2021-11-27 20:34:20.989  INFO 530588 --- [ool-82-thread-2] .t.t.s.TourGuideClientRewardsServiceImpl : Service - Distance calculated: 7604.27750427293
2021-11-27 20:34:20.989  INFO 530588 --- [ool-57-thread-2] .t.t.s.TourGuideClientRewardsServiceImpl : Service - Distance calculated: 5955.888204529607
2021-11-27 20:34:20.989  INFO 530588 --- [ool-57-thread-2] .t.t.s.TourGuideClientRewardsServiceImpl : Service - Distance calculated: 4417.869683100907
2021-11-27 20:34:20.989  INFO 530588 --- [ool-82-thread-2] .t.t.s.TourGuideClientRewardsServiceImpl : Service - Distance calculated: 8337.203945842348
2021-11-27 20:34:20.989  INFO 530588 --- [ool-57-thread-2] .t.t.s.TourGuideClientRewardsServiceImpl : Service - Distance calculated: 4927.182641649526
2021-11-27 20:34:20.989  INFO 530588 --- [ool-82-thread-2] .t.t.s.TourGuideClientRewardsServiceImpl : Service - Calculate rewards points for user: internalUser98
2021-11-27 20:34:20.986  INFO 530588 --- [ol-130-thread-2] .t.t.s.TourGuideClientRewardsServiceImpl : Service - Distance calculated: 6994.54073388574
2021-11-27 20:34:20.986  INFO 530588 --- [ool-43-thread-2] .t.t.s.TourGuideClientRewardsServiceImpl : Service - Distance calculated: 1906.7972782801585
2021-11-27 20:34:20.989  INFO 530588 --- [ol-130-thread-2] .t.t.s.TourGuideClientRewardsServiceImpl : Service - Distance calculated: 8100.686814836903
2021-11-27 20:34:20.989  INFO 530588 --- [ol-130-thread-2] .t.t.s.TourGuideClientRewardsServiceImpl : Service - Distance calculated: 7067.477732491607
2021-11-27 20:34:20.989  INFO 530588 --- [ool-43-thread-2] .t.t.s.TourGuideClientRewardsServiceImpl : Service - Distance calculated: 2360.645624935619
2021-11-27 20:34:20.989  INFO 530588 --- [ol-130-thread-2] .t.t.s.TourGuideClientRewardsServiceImpl : Service - Distance calculated: 7629.339587929188
2021-11-27 20:34:20.989  INFO 530588 --- [ool-43-thread-2] .t.t.s.TourGuideClientRewardsServiceImpl : Service - Distance calculated: 2434.494471527265
2021-11-27 20:34:20.989  INFO 530588 --- [ool-43-thread-2] .t.t.s.TourGuideClientRewardsServiceImpl : Service - Distance calculated: 2148.3967563579567
2021-11-27 20:34:20.989  INFO 530588 --- [ool-43-thread-2] .t.t.s.TourGuideClientRewardsServiceImpl : Service - Distance calculated: 2282.746325565392
2021-11-27 20:34:20.989  INFO 530588 --- [ool-43-thread-2] .t.t.s.TourGuideClientRewardsServiceImpl : Service - Distance calculated: 2289.4339721013357
2021-11-27 20:34:20.989  INFO 530588 --- [ool-43-thread-2] .t.t.s.TourGuideClientRewardsServiceImpl : Service - Distance calculated: 1204.372289719331
2021-11-27 20:34:20.989  INFO 530588 --- [ool-43-thread-2] .t.t.s.TourGuideClientRewardsServiceImpl : Service - Distance calculated: 1742.5694022642394
2021-11-27 20:34:20.986  INFO 530588 --- [ool-88-thread-2] .t.t.s.TourGuideClientRewardsServiceImpl : Service - Distance calculated: 7748.301260707333
2021-11-27 20:34:20.986  INFO 530588 --- [ool-83-thread-2] .t.t.s.TourGuideClientRewardsServiceImpl : Service - Distance calculated: 10146.85515079088
2021-11-27 20:34:20.989  INFO 530588 --- [ool-88-thread-2] .t.t.s.TourGuideClientRewardsServiceImpl : Service - Distance calculated: 7720.082734727397
2021-11-27 20:34:20.989  INFO 530588 --- [ool-83-thread-2] .t.t.s.TourGuideClientRewardsServiceImpl : Service - Distance calculated: 10384.633701740791
2021-11-27 20:34:20.989  INFO 530588 --- [ool-88-thread-2] .t.t.s.TourGuideClientRewardsServiceImpl : Service - Distance calculated: 7755.7771030179665
2021-11-27 20:34:20.989  INFO 530588 --- [ool-83-thread-2] .t.t.s.TourGuideClientRewardsServiceImpl : Service - Distance calculated: 9912.421084867758
2021-11-27 20:34:20.989  INFO 530588 --- [ool-88-thread-2] .t.t.s.TourGuideClientRewardsServiceImpl : Service - Distance calculated: 7471.91321603751
2021-11-27 20:34:20.989  INFO 530588 --- [ool-83-thread-2] .t.t.s.TourGuideClientRewardsServiceImpl : Service - Distance calculated: 10685.372702367049
2021-11-27 20:34:20.989  INFO 530588 --- [ool-88-thread-2] .t.t.s.TourGuideClientRewardsServiceImpl : Service - Distance calculated: 6346.405319169516
2021-11-27 20:34:20.989  INFO 530588 --- [ool-83-thread-2] .t.t.s.TourGuideClientRewardsServiceImpl : Service - Distance calculated: 11651.101818285348
2021-11-27 20:34:20.989  INFO 530588 --- [ool-83-thread-2] .t.t.s.TourGuideClientRewardsServiceImpl : Service - Distance calculated: 9867.36797441941
2021-11-27 20:34:20.989  INFO 530588 --- [ool-83-thread-2] .t.t.s.TourGuideClientRewardsServiceImpl : Service - Distance calculated: 9166.405353657283
2021-11-27 20:34:20.989  INFO 530588 --- [ool-83-thread-2] .t.t.s.TourGuideClientRewardsServiceImpl : Service - Distance calculated: 11226.506573066483
2021-11-27 20:34:20.989  INFO 530588 --- [ool-83-thread-2] .t.t.s.TourGuideClientRewardsServiceImpl : Service - Distance calculated: 10405.397901939039
2021-11-27 20:34:20.989  INFO 530588 --- [ool-83-thread-2] .t.t.s.TourGuideClientRewardsServiceImpl : Service - Distance calculated: 9322.224217434312
2021-11-27 20:34:20.989  INFO 530588 --- [ool-83-thread-2] .t.t.s.TourGuideClientRewardsServiceImpl : Service - Distance calculated: 9814.078436736267
2021-11-27 20:34:20.989  INFO 530588 --- [ool-83-thread-2] .t.t.s.TourGuideClientRewardsServiceImpl : Service - Calculate rewards points for user: internalUser0
2021-11-27 20:34:20.986  INFO 530588 --- [ol-103-thread-2] .t.t.s.TourGuideClientRewardsServiceImpl : Service - Distance calculated: 2377.9044935135466
2021-11-27 20:34:20.990  INFO 530588 --- [ol-103-thread-2] .t.t.s.TourGuideClientRewardsServiceImpl : Service - Distance calculated: 2596.047954672988
2021-11-27 20:34:20.990  INFO 530588 --- [ol-103-thread-2] .t.t.s.TourGuideClientRewardsServiceImpl : Service - Distance calculated: 2170.5164954525826
2021-11-27 20:34:20.990  INFO 530588 --- [ol-103-thread-2] .t.t.s.TourGuideClientRewardsServiceImpl : Service - Distance calculated: 2633.5784033089712
2021-11-27 20:34:20.990  INFO 530588 --- [ol-103-thread-2] .t.t.s.TourGuideClientRewardsServiceImpl : Service - Distance calculated: 2843.0414975760805
2021-11-27 20:34:20.990  INFO 530588 --- [ol-103-thread-2] .t.t.s.TourGuideClientRewardsServiceImpl : Service - Distance calculated: 2713.296689601439
2021-11-27 20:34:20.990  INFO 530588 --- [ol-103-thread-2] .t.t.s.TourGuideClientRewardsServiceImpl : Service - Distance calculated: 1743.4495205179562
2021-11-27 20:34:20.990  INFO 530588 --- [ol-103-thread-2] .t.t.s.TourGuideClientRewardsServiceImpl : Service - Distance calculated: 2700.041467743009
2021-11-27 20:34:20.990  INFO 530588 --- [ol-103-thread-2] .t.t.s.TourGuideClientRewardsServiceImpl : Service - Distance calculated: 2045.0759530604626
2021-11-27 20:34:20.990  INFO 530588 --- [ol-103-thread-2] .t.t.s.TourGuideClientRewardsServiceImpl : Service - Distance calculated: 1829.80671483309
2021-11-27 20:34:20.990  INFO 530588 --- [ol-103-thread-2] .t.t.s.TourGuideClientRewardsServiceImpl : Service - Distance calculated: 2683.1776526178833
2021-11-27 20:34:20.990  INFO 530588 --- [ol-103-thread-2] .t.t.s.TourGuideClientRewardsServiceImpl : Service - Distance calculated: 8892.698604310439
2021-11-27 20:34:20.990  INFO 530588 --- [ol-103-thread-2] .t.t.s.TourGuideClientRewardsServiceImpl : Service - Distance calculated: 8752.02266331582
2021-11-27 20:34:20.990  INFO 530588 --- [ol-103-thread-2] .t.t.s.TourGuideClientRewardsServiceImpl : Service - Distance calculated: 8797.789315766795
2021-11-27 20:34:20.990  INFO 530588 --- [ol-103-thread-2] .t.t.s.TourGuideClientRewardsServiceImpl : Service - Distance calculated: 8786.553082326245
2021-11-27 20:34:20.990  INFO 530588 --- [ol-103-thread-2] .t.t.s.TourGuideClientRewardsServiceImpl : Service - Distance calculated: 7666.942135370134
2021-11-27 20:34:20.986  INFO 530588 --- [ool-70-thread-2] .t.t.s.TourGuideClientRewardsServiceImpl : Service - Distance calculated: 10305.432904288202
2021-11-27 20:34:20.986  INFO 530588 --- [ool-51-thread-2] .t.t.s.TourGuideClientRewardsServiceImpl : Service - Distance calculated: 1090.0948075171311
2021-11-27 20:34:20.990  INFO 530588 --- [ool-70-thread-2] .t.t.s.TourGuideClientRewardsServiceImpl : Service - Distance calculated: 10732.388480246624
2021-11-27 20:34:20.990  INFO 530588 --- [ool-51-thread-2] .t.t.s.TourGuideClientRewardsServiceImpl : Service - Distance calculated: 95.1494851623104
2021-11-27 20:34:20.990  INFO 530588 --- [ool-51-thread-2] .t.t.s.TourGuideClientRewardsServiceImpl : Service - Distance calculated: 1040.5351964068361
2021-11-27 20:34:20.986  INFO 530588 --- [ool-68-thread-2] .t.t.s.TourGuideClientRewardsServiceImpl : Service - Distance calculated: 5712.4672437225445
2021-11-27 20:34:20.990  INFO 530588 --- [ool-68-thread-2] .t.t.s.TourGuideClientRewardsServiceImpl : Service - Distance calculated: 5879.841063307147
2021-11-27 20:34:20.990  INFO 530588 --- [ool-68-thread-2] .t.t.s.TourGuideClientRewardsServiceImpl : Service - Distance calculated: 5610.439983539741
2021-11-27 20:34:20.990  INFO 530588 --- [ool-68-thread-2] .t.t.s.TourGuideClientRewardsServiceImpl : Service - Distance calculated: 5676.031968267806
2021-11-27 20:34:20.986  INFO 530588 --- [ol-122-thread-2] .t.t.s.TourGuideClientRewardsServiceImpl : Service - Distance calculated: 6229.447682303046
2021-11-27 20:34:20.986  INFO 530588 --- [ol-104-thread-2] .t.t.s.TourGuideClientRewardsServiceImpl : Service - Distance calculated: 2992.1457101150986
2021-11-27 20:34:20.990  INFO 530588 --- [ol-122-thread-2] .t.t.s.TourGuideClientRewardsServiceImpl : Service - Distance calculated: 5986.504075115509
2021-11-27 20:34:20.990  INFO 530588 --- [ol-122-thread-2] .t.t.s.TourGuideClientRewardsServiceImpl : Service - Distance calculated: 7100.9140502010905
2021-11-27 20:34:20.990  INFO 530588 --- [ol-104-thread-2] .t.t.s.TourGuideClientRewardsServiceImpl : Service - Distance calculated: 11350.076529729356
2021-11-27 20:34:20.990  INFO 530588 --- [ol-122-thread-2] .t.t.s.TourGuideClientRewardsServiceImpl : Service - Distance calculated: 6115.717464982204
2021-11-27 20:34:20.990  INFO 530588 --- [ol-104-thread-2] .t.t.s.TourGuideClientRewardsServiceImpl : Service - Distance calculated: 10642.450665441836
2021-11-27 20:34:20.990  INFO 530588 --- [ol-122-thread-2] .t.t.s.TourGuideClientRewardsServiceImpl : Service - Distance calculated: 6635.957595704388
2021-11-27 20:34:20.990  INFO 530588 --- [ol-104-thread-2] .t.t.s.TourGuideClientRewardsServiceImpl : Service - Distance calculated: 11257.491226812053
2021-11-27 20:34:20.990  INFO 530588 --- [ol-122-thread-2] .t.t.s.TourGuideClientRewardsServiceImpl : Service - Distance calculated: 6963.235969856466
2021-11-27 20:34:20.990  INFO 530588 --- [ol-104-thread-2] .t.t.s.TourGuideClientRewardsServiceImpl : Service - Distance calculated: 11345.811714551475
2021-11-27 20:34:20.986  INFO 530588 --- [ool-56-thread-2] .t.t.s.TourGuideClientRewardsServiceImpl : Service - Distance calculated: 4603.161757311468
2021-11-27 20:34:20.990  INFO 530588 --- [ol-104-thread-2] .t.t.s.TourGuideClientRewardsServiceImpl : Service - Distance calculated: 10514.11054367741
2021-11-27 20:34:20.990  INFO 530588 --- [ool-56-thread-2] .t.t.s.TourGuideClientRewardsServiceImpl : Service - Distance calculated: 4717.829936422267
2021-11-27 20:34:20.990  INFO 530588 --- [ol-104-thread-2] .t.t.s.TourGuideClientRewardsServiceImpl : Service - Distance calculated: 10581.867252459415
2021-11-27 20:34:20.990  INFO 530588 --- [ool-56-thread-2] .t.t.s.TourGuideClientRewardsServiceImpl : Service - Distance calculated: 6009.173782905995
2021-11-27 20:34:20.990  INFO 530588 --- [ool-56-thread-2] .t.t.s.TourGuideClientRewardsServiceImpl : Service - Distance calculated: 5579.52495281915
2021-11-27 20:34:20.990  INFO 530588 --- [ool-56-thread-2] .t.t.s.TourGuideClientRewardsServiceImpl : Service - Distance calculated: 4751.210060832773
2021-11-27 20:34:20.990  INFO 530588 --- [ool-56-thread-2] .t.t.s.TourGuideClientRewardsServiceImpl : Service - Distance calculated: 4572.497565019542
2021-11-27 20:34:20.990  INFO 530588 --- [ool-56-thread-2] .t.t.s.TourGuideClientRewardsServiceImpl : Service - Distance calculated: 8638.315134893168
2021-11-27 20:34:20.990  INFO 530588 --- [ool-56-thread-2] .t.t.s.TourGuideClientRewardsServiceImpl : Service - Distance calculated: 8761.15991132207
2021-11-27 20:34:20.990  INFO 530588 --- [ool-56-thread-2] .t.t.s.TourGuideClientRewardsServiceImpl : Service - Distance calculated: 8745.895720540495
2021-11-27 20:34:20.990  INFO 530588 --- [ool-56-thread-2] .t.t.s.TourGuideClientRewardsServiceImpl : Service - Distance calculated: 8749.108745896141
2021-11-27 20:34:20.990  INFO 530588 --- [ool-56-thread-2] .t.t.s.TourGuideClientRewardsServiceImpl : Service - Distance calculated: 9846.703982543235
2021-11-27 20:34:20.990  INFO 530588 --- [ool-56-thread-2] .t.t.s.TourGuideClientRewardsServiceImpl : Service - Distance calculated: 9897.640524141885
2021-11-27 20:34:20.990  INFO 530588 --- [ool-56-thread-2] .t.t.s.TourGuideClientRewardsServiceImpl : Service - Distance calculated: 9098.371431138468
2021-11-27 20:34:20.990  INFO 530588 --- [ool-56-thread-2] .t.t.s.TourGuideClientRewardsServiceImpl : Service - Distance calculated: 10012.364765736465
2021-11-27 20:34:20.990  INFO 530588 --- [ool-56-thread-2] .t.t.s.TourGuideClientRewardsServiceImpl : Service - Distance calculated: 10121.709033826693
2021-11-27 20:34:20.990  INFO 530588 --- [ool-56-thread-2] .t.t.s.TourGuideClientRewardsServiceImpl : Service - Distance calculated: 6900.4635454022955
2021-11-27 20:34:20.990  INFO 530588 --- [ool-56-thread-2] .t.t.s.TourGuideClientRewardsServiceImpl : Service - Distance calculated: 10146.354000005229
2021-11-27 20:34:20.990  INFO 530588 --- [ool-56-thread-2] .t.t.s.TourGuideClientRewardsServiceImpl : Service - Distance calculated: 10090.835844810099
2021-11-27 20:34:20.990  INFO 530588 --- [ool-56-thread-2] .t.t.s.TourGuideClientRewardsServiceImpl : Service - Distance calculated: 10210.00436183046
2021-11-27 20:34:20.990  INFO 530588 --- [ool-56-thread-2] .t.t.s.TourGuideClientRewardsServiceImpl : Service - Distance calculated: 10817.04064200403
2021-11-27 20:34:20.990  INFO 530588 --- [ool-56-thread-2] .t.t.s.TourGuideClientRewardsServiceImpl : Service - Distance calculated: 9826.655782101352
2021-11-27 20:34:20.990  INFO 530588 --- [ool-56-thread-2] .t.t.s.TourGuideClientRewardsServiceImpl : Service - Distance calculated: 10194.991641337236
2021-11-27 20:34:20.990  INFO 530588 --- [ool-56-thread-2] .t.t.s.TourGuideClientRewardsServiceImpl : Service - Distance calculated: 10154.255701726652
2021-11-27 20:34:20.990  INFO 530588 --- [ool-56-thread-2] .t.t.s.TourGuideClientRewardsServiceImpl : Service - Distance calculated: 10191.43391662183
2021-11-27 20:34:20.990  INFO 530588 --- [ool-56-thread-2] .t.t.s.TourGuideClientRewardsServiceImpl : Service - Distance calculated: 9888.450144308024
2021-11-27 20:34:20.991  INFO 530588 --- [ool-56-thread-2] .t.t.s.TourGuideClientRewardsServiceImpl : Service - Distance calculated: 8699.88660465073
2021-11-27 20:34:20.991  INFO 530588 --- [ool-56-thread-2] .t.t.s.TourGuideClientRewardsServiceImpl : Service - Distance calculated: 10661.819870823598
2021-11-27 20:34:20.991  INFO 530588 --- [ool-56-thread-2] .t.t.s.TourGuideClientRewardsServiceImpl : Service - Distance calculated: 10079.14735795405
2021-11-27 20:34:20.991  INFO 530588 --- [ool-56-thread-2] .t.t.s.TourGuideClientRewardsServiceImpl : Service - Distance calculated: 9315.382652794928
2021-11-27 20:34:20.991  INFO 530588 --- [ool-56-thread-2] .t.t.s.TourGuideClientRewardsServiceImpl : Service - Distance calculated: 9637.973997527855
2021-11-27 20:34:20.991  INFO 530588 --- [ool-56-thread-2] .t.t.s.TourGuideClientRewardsServiceImpl : Service - Distance calculated: 10140.769167750648
2021-11-27 20:34:20.991  INFO 530588 --- [ool-56-thread-2] .t.t.s.TourGuideClientRewardsServiceImpl : Service - Distance calculated: 10678.692095898476
2021-11-27 20:34:20.991  INFO 530588 --- [ool-56-thread-2] .t.t.s.TourGuideClientRewardsServiceImpl : Service - Distance calculated: 5.8950310023474215E-5
2021-11-27 20:34:20.992  INFO 530588 --- [ool-56-thread-2] .t.t.s.TourGuideClientRewardsServiceImpl : Service - Distance calculated: 774.5207212649109
2021-11-27 20:34:20.992  INFO 530588 --- [ool-56-thread-2] .t.t.s.TourGuideClientRewardsServiceImpl : Service - Distance calculated: 164.91310606753288
2021-11-27 20:34:20.992  INFO 530588 --- [ool-56-thread-2] .t.t.s.TourGuideClientRewardsServiceImpl : Service - Distance calculated: 115.99464245531166
2021-11-27 20:34:20.992  INFO 530588 --- [ool-56-thread-2] .t.t.s.TourGuideClientRewardsServiceImpl : Service - Distance calculated: 1428.8577204882306
2021-11-27 20:34:20.992  INFO 530588 --- [ool-56-thread-2] .t.t.s.TourGuideClientRewardsServiceImpl : Service - Distance calculated: 1418.571827418631
2021-11-27 20:34:20.992  INFO 530588 --- [ool-56-thread-2] .t.t.s.TourGuideClientRewardsServiceImpl : Service - Distance calculated: 460.11990361699293
2021-11-27 20:34:20.992  INFO 530588 --- [ool-56-thread-2] .t.t.s.TourGuideClientRewardsServiceImpl : Service - Distance calculated: 1992.7911930022951
2021-11-27 20:34:20.992  INFO 530588 --- [ool-56-thread-2] .t.t.s.TourGuideClientRewardsServiceImpl : Service - Distance calculated: 1906.7972782801585
2021-11-27 20:34:20.992  INFO 530588 --- [ool-56-thread-2] .t.t.s.TourGuideClientRewardsServiceImpl : Service - Distance calculated: 2360.645624935619
2021-11-27 20:34:20.992  INFO 530588 --- [ool-56-thread-2] .t.t.s.TourGuideClientRewardsServiceImpl : Service - Distance calculated: 2434.494471527265
2021-11-27 20:34:20.992  INFO 530588 --- [ool-56-thread-2] .t.t.s.TourGuideClientRewardsServiceImpl : Service - Distance calculated: 2148.3967563579567
2021-11-27 20:34:20.992  INFO 530588 --- [ool-56-thread-2] .t.t.s.TourGuideClientRewardsServiceImpl : Service - Distance calculated: 2282.746325565392
2021-11-27 20:34:20.992  INFO 530588 --- [ool-56-thread-2] .t.t.s.TourGuideClientRewardsServiceImpl : Service - Distance calculated: 2289.4339721013357
2021-11-27 20:34:20.992  INFO 530588 --- [ool-56-thread-2] .t.t.s.TourGuideClientRewardsServiceImpl : Service - Distance calculated: 1204.372289719331
2021-11-27 20:34:20.992  INFO 530588 --- [ool-56-thread-2] .t.t.s.TourGuideClientRewardsServiceImpl : Service - Distance calculated: 1742.5694022642394
2021-11-27 20:34:20.992  INFO 530588 --- [ool-56-thread-2] .t.t.s.TourGuideClientRewardsServiceImpl : Service - Distance calculated: 1576.7472428725728
2021-11-27 20:34:20.992  INFO 530588 --- [ool-56-thread-2] .t.t.s.TourGuideClientRewardsServiceImpl : Service - Distance calculated: 1921.4807999190489
2021-11-27 20:34:20.992  INFO 530588 --- [ool-56-thread-2] .t.t.s.TourGuideClientRewardsServiceImpl : Service - Distance calculated: 1277.6245433336508
2021-11-27 20:34:20.992  INFO 530588 --- [ool-56-thread-2] .t.t.s.TourGuideClientRewardsServiceImpl : Service - Distance calculated: 87.03441722159666
2021-11-27 20:34:20.992  INFO 530588 --- [ool-56-thread-2] .t.t.s.TourGuideClientRewardsServiceImpl : Service - Distance calculated: 2127.2478407793283
2021-11-27 20:34:20.992  INFO 530588 --- [ool-56-thread-2] .t.t.s.TourGuideClientRewardsServiceImpl : Service - Distance calculated: 2578.910516018122
2021-11-27 20:34:20.992  INFO 530588 --- [ool-56-thread-2] .t.t.s.TourGuideClientRewardsServiceImpl : Service - Distance calculated: 680.6158831369517
2021-11-27 20:34:20.992  INFO 530588 --- [ool-56-thread-2] .t.t.s.TourGuideClientRewardsServiceImpl : Service - Distance calculated: 1344.090272349311
2021-11-27 20:34:20.992  INFO 530588 --- [ool-56-thread-2] .t.t.s.TourGuideClientRewardsServiceImpl : Service - Distance calculated: 2440.177336041544
2021-11-27 20:34:20.992  INFO 530588 --- [ool-56-thread-2] .t.t.s.TourGuideClientRewardsServiceImpl : Service - Distance calculated: 2168.830527042806
2021-11-27 20:34:20.992  INFO 530588 --- [ool-56-thread-2] .t.t.s.TourGuideClientRewardsServiceImpl : Service - Calculate rewards points for user: internalUser85
2021-11-27 20:34:20.992  INFO 530588 --- [onPool-worker-5] .t.t.s.TourGuideClientRewardsServiceImpl : Service - Distance calculated: 9398.526368687139
2021-11-27 20:34:20.993  INFO 530588 --- [onPool-worker-5] .t.t.s.TourGuideClientRewardsServiceImpl : Service - Distance calculated: 8635.347712586452
2021-11-27 20:34:20.993  INFO 530588 --- [onPool-worker-5] .t.t.s.TourGuideClientRewardsServiceImpl : Service - Distance calculated: 9268.943346548464
2021-11-27 20:34:20.993  INFO 530588 --- [onPool-worker-5] .t.t.s.TourGuideClientRewardsServiceImpl : Service - Distance calculated: 9358.352961280045
2021-11-27 20:34:20.993  INFO 530588 --- [onPool-worker-5] .t.t.s.TourGuideClientRewardsServiceImpl : Service - Distance calculated: 8528.826300871637
2021-11-27 20:34:20.993  INFO 530588 --- [onPool-worker-5] .t.t.s.TourGuideClientRewardsServiceImpl : Service - Distance calculated: 8611.16982712236
2021-11-27 20:34:20.993  INFO 530588 --- [onPool-worker-5] .t.t.s.TourGuideClientRewardsServiceImpl : Service - Distance calculated: 9358.97338015365
2021-11-27 20:34:20.993  INFO 530588 --- [onPool-worker-5] .t.t.s.TourGuideClientRewardsServiceImpl : Service - Distance calculated: 7924.845419817167
2021-11-27 20:34:20.993  INFO 530588 --- [onPool-worker-5] .t.t.s.TourGuideClientRewardsServiceImpl : Service - Distance calculated: 8113.80530261326
2021-11-27 20:34:20.993  INFO 530588 --- [onPool-worker-5] .t.t.s.TourGuideClientRewardsServiceImpl : Service - Distance calculated: 7479.566661408265
2021-11-27 20:34:20.993  INFO 530588 --- [onPool-worker-5] .t.t.s.TourGuideClientRewardsServiceImpl : Service - Distance calculated: 7525.7886552915115
2021-11-27 20:34:20.993  INFO 530588 --- [onPool-worker-5] .t.t.s.TourGuideClientRewardsServiceImpl : Service - Distance calculated: 7799.935771998767
2021-11-27 20:34:20.993  INFO 530588 --- [onPool-worker-5] .t.t.s.TourGuideClientRewardsServiceImpl : Service - Distance calculated: 7728.627630649172
2021-11-27 20:34:20.993  INFO 530588 --- [onPool-worker-5] .t.t.s.TourGuideClientRewardsServiceImpl : Service - Distance calculated: 8310.53279284936
2021-11-27 20:34:20.993  INFO 530588 --- [onPool-worker-5] .t.t.s.TourGuideClientRewardsServiceImpl : Service - Distance calculated: 9011.420999862508
2021-11-27 20:34:20.993  INFO 530588 --- [onPool-worker-5] .t.t.s.TourGuideClientRewardsServiceImpl : Service - Distance calculated: 8435.120785846311
2021-11-27 20:34:20.993  INFO 530588 --- [onPool-worker-5] .t.t.s.TourGuideClientRewardsServiceImpl : Service - Distance calculated: 8722.428084772037
2021-11-27 20:34:20.993  INFO 530588 --- [onPool-worker-5] .t.t.s.TourGuideClientRewardsServiceImpl : Service - Distance calculated: 8156.1453728686165
2021-11-27 20:34:20.993  INFO 530588 --- [onPool-worker-5] .t.t.s.TourGuideClientRewardsServiceImpl : Service - Distance calculated: 8937.699932417745
2021-11-27 20:34:20.993  INFO 530588 --- [onPool-worker-5] .t.t.s.TourGuideClientRewardsServiceImpl : Service - Distance calculated: 9456.491653010835
2021-11-27 20:34:20.993  INFO 530588 --- [onPool-worker-5] .t.t.s.TourGuideClientRewardsServiceImpl : Service - Distance calculated: 8395.046291491348
2021-11-27 20:34:20.993  INFO 530588 --- [onPool-worker-5] .t.t.s.TourGuideClientRewardsServiceImpl : Service - Distance calculated: 7342.090805431869
2021-11-27 20:34:20.993  INFO 530588 --- [onPool-worker-5] .t.t.s.TourGuideClientRewardsServiceImpl : Service - Distance calculated: 9248.093315563798
2021-11-27 20:34:20.993  INFO 530588 --- [onPool-worker-5] .t.t.s.TourGuideClientRewardsServiceImpl : Service - Distance calculated: 8445.015484180109
2021-11-27 20:34:20.993  INFO 530588 --- [onPool-worker-5] .t.t.s.TourGuideClientRewardsServiceImpl : Service - Distance calculated: 7516.618570938356
2021-11-27 20:34:20.993  INFO 530588 --- [onPool-worker-5] .t.t.s.TourGuideClientRewardsServiceImpl : Service - Distance calculated: 8334.314295334752
2021-11-27 20:34:20.993  INFO 530588 --- [onPool-worker-5] .t.t.s.TourGuideClientRewardsServiceImpl : Service - Distance calculated: 5887.910307500112
2021-11-27 20:34:20.993  INFO 530588 --- [onPool-worker-5] .t.t.s.TourGuideClientRewardsServiceImpl : Service - Distance calculated: 5734.833937309202
2021-11-27 20:34:20.993  INFO 530588 --- [onPool-worker-5] .t.t.s.TourGuideClientRewardsServiceImpl : Service - Distance calculated: 5934.515334067058
2021-11-27 20:34:20.993  INFO 530588 --- [onPool-worker-5] .t.t.s.TourGuideClientRewardsServiceImpl : Service - Distance calculated: 5974.0525070577305
2021-11-27 20:34:20.993  INFO 530588 --- [onPool-worker-5] .t.t.s.TourGuideClientRewardsServiceImpl : Service - Distance calculated: 6758.995479732797
2021-11-27 20:34:20.993  INFO 530588 --- [onPool-worker-5] .t.t.s.TourGuideClientRewardsServiceImpl : Service - Distance calculated: 6831.580804891878
2021-11-27 20:34:20.993  INFO 530588 --- [onPool-worker-5] .t.t.s.TourGuideClientRewardsServiceImpl : Service - Distance calculated: 6308.03399401608
2021-11-27 20:34:20.993  INFO 530588 --- [onPool-worker-5] .t.t.s.TourGuideClientRewardsServiceImpl : Service - Distance calculated: 6824.761883700043
2021-11-27 20:34:20.993  INFO 530588 --- [onPool-worker-5] .t.t.s.TourGuideClientRewardsServiceImpl : Service - Distance calculated: 6951.526217372824
2021-11-27 20:34:20.993  INFO 530588 --- [onPool-worker-5] .t.t.s.TourGuideClientRewardsServiceImpl : Service - Distance calculated: 3761.9747911081154
2021-11-27 20:34:20.993  INFO 530588 --- [onPool-worker-5] .t.t.s.TourGuideClientRewardsServiceImpl : Service - Distance calculated: 6959.510976103072
2021-11-27 20:34:20.993  INFO 530588 --- [onPool-worker-5] .t.t.s.TourGuideClientRewardsServiceImpl : Service - Distance calculated: 6896.960653185608
2021-11-27 20:34:20.993  INFO 530588 --- [onPool-worker-5] .t.t.s.TourGuideClientRewardsServiceImpl : Service - Distance calculated: 7015.323083587386
2021-11-27 20:34:20.993  INFO 530588 --- [onPool-worker-5] .t.t.s.TourGuideClientRewardsServiceImpl : Service - Distance calculated: 7683.115707493368
2021-11-27 20:34:20.993  INFO 530588 --- [onPool-worker-5] .t.t.s.TourGuideClientRewardsServiceImpl : Service - Distance calculated: 6895.754662462808
2021-11-27 20:34:20.994  INFO 530588 --- [onPool-worker-5] .t.t.s.TourGuideClientRewardsServiceImpl : Service - Distance calculated: 7083.314741918011
2021-11-27 20:34:20.994  INFO 530588 --- [onPool-worker-5] .t.t.s.TourGuideClientRewardsServiceImpl : Service - Distance calculated: 7125.344483614108
2021-11-27 20:34:20.994  INFO 530588 --- [onPool-worker-5] .t.t.s.TourGuideClientRewardsServiceImpl : Service - Distance calculated: 7026.372756016591
2021-11-27 20:34:20.994  INFO 530588 --- [onPool-worker-5] .t.t.s.TourGuideClientRewardsServiceImpl : Service - Distance calculated: 6930.377973355655
2021-11-27 20:34:20.994  INFO 530588 --- [onPool-worker-5] .t.t.s.TourGuideClientRewardsServiceImpl : Service - Distance calculated: 5969.901884464915
2021-11-27 20:34:20.994  INFO 530588 --- [onPool-worker-5] .t.t.s.TourGuideClientRewardsServiceImpl : Service - Distance calculated: 7546.032987131565
2021-11-27 20:34:20.994  INFO 530588 --- [onPool-worker-5] .t.t.s.TourGuideClientRewardsServiceImpl : Service - Distance calculated: 6910.225809250664
2021-11-27 20:34:20.994  INFO 530588 --- [onPool-worker-1] .t.t.s.TourGuideClientRewardsServiceImpl : Service - Distance calculated: 2912.04667211688
2021-11-27 20:34:20.994  INFO 530588 --- [onPool-worker-1] .t.t.s.TourGuideClientRewardsServiceImpl : Service - Distance calculated: 3056.3427376961317
2021-11-27 20:34:20.994  INFO 530588 --- [onPool-worker-1] .t.t.s.TourGuideClientRewardsServiceImpl : Service - Distance calculated: 2849.5511339188806
2021-11-27 20:34:20.994  INFO 530588 --- [onPool-worker-1] .t.t.s.TourGuideClientRewardsServiceImpl : Service - Distance calculated: 2817.561743507359
2021-11-27 20:34:20.994  INFO 530588 --- [onPool-worker-1] .t.t.s.TourGuideClientRewardsServiceImpl : Service - Distance calculated: 2118.074703935588
2021-11-27 20:34:20.994  INFO 530588 --- [onPool-worker-1] .t.t.s.TourGuideClientRewardsServiceImpl : Service - Distance calculated: 2028.5179582857813
2021-11-27 20:34:20.994  INFO 530588 --- [onPool-worker-1] .t.t.s.TourGuideClientRewardsServiceImpl : Service - Distance calculated: 2474.8986663727865
2021-11-27 20:34:20.994  INFO 530588 --- [onPool-worker-1] .t.t.s.TourGuideClientRewardsServiceImpl : Service - Distance calculated: 2299.5893360521873
2021-11-27 20:34:20.994  INFO 530588 --- [onPool-worker-1] .t.t.s.TourGuideClientRewardsServiceImpl : Service - Distance calculated: 2106.5736313746975
2021-11-27 20:34:20.994  INFO 530588 --- [onPool-worker-1] .t.t.s.TourGuideClientRewardsServiceImpl : Service - Distance calculated: 5053.423538159082
2021-11-27 20:34:20.994  INFO 530588 --- [onPool-worker-1] .t.t.s.TourGuideClientRewardsServiceImpl : Service - Distance calculated: 2419.704868567647
2021-11-27 20:34:20.994  INFO 530588 --- [onPool-worker-1] .t.t.s.TourGuideClientRewardsServiceImpl : Service - Distance calculated: 2307.5981226598074
2021-11-27 20:34:20.994  INFO 530588 --- [onPool-worker-1] .t.t.s.TourGuideClientRewardsServiceImpl : Service - Distance calculated: 2258.706896009459
2021-11-27 20:34:20.994  INFO 530588 --- [onPool-worker-1] .t.t.s.TourGuideClientRewardsServiceImpl : Service - Distance calculated: 1411.3331290701785
2021-11-27 20:34:20.994  INFO 530588 --- [onPool-worker-1] .t.t.s.TourGuideClientRewardsServiceImpl : Service - Distance calculated: 1891.1849314294655
2021-11-27 20:34:20.994  INFO 530588 --- [onPool-worker-1] .t.t.s.TourGuideClientRewardsServiceImpl : Service - Distance calculated: 1857.5620600712853
2021-11-27 20:34:20.994  INFO 530588 --- [onPool-worker-1] .t.t.s.TourGuideClientRewardsServiceImpl : Service - Distance calculated: 1724.8667400213435
2021-11-27 20:34:20.994  INFO 530588 --- [onPool-worker-1] .t.t.s.TourGuideClientRewardsServiceImpl : Service - Distance calculated: 2025.1023518654424
2021-11-27 20:34:20.994  INFO 530588 --- [onPool-worker-1] .t.t.s.TourGuideClientRewardsServiceImpl : Service - Distance calculated: 1866.723254783968
2021-11-27 20:34:20.994  INFO 530588 --- [onPool-worker-1] .t.t.s.TourGuideClientRewardsServiceImpl : Service - Distance calculated: 2834.575529977412
2021-11-27 20:34:20.994  INFO 530588 --- [onPool-worker-1] .t.t.s.TourGuideClientRewardsServiceImpl : Service - Distance calculated: 1476.3308044205185
2021-11-27 20:34:20.994  INFO 530588 --- [onPool-worker-1] .t.t.s.TourGuideClientRewardsServiceImpl : Service - Distance calculated: 2568.242305516871
2021-11-27 20:34:20.994  INFO 530588 --- [onPool-worker-1] .t.t.s.TourGuideClientRewardsServiceImpl : Service - Distance calculated: 2299.9987803307044
2021-11-27 20:34:20.994  INFO 530588 --- [onPool-worker-1] .t.t.s.TourGuideClientRewardsServiceImpl : Service - Distance calculated: 2347.3381607365623
2021-11-27 20:34:20.994  INFO 530588 --- [onPool-worker-1] .t.t.s.TourGuideClientRewardsServiceImpl : Service - Distance calculated: 2428.795269901124
2021-11-27 20:34:20.994  INFO 530588 --- [onPool-worker-1] .t.t.s.TourGuideClientRewardsServiceImpl : Service - Distance calculated: 1506.887219562884
2021-11-27 20:34:20.994  INFO 530588 --- [onPool-worker-1] .t.t.s.TourGuideClientRewardsServiceImpl : Service - Distance calculated: 7241.558779048007
2021-11-27 20:34:20.994  INFO 530588 --- [onPool-worker-1] .t.t.s.TourGuideClientRewardsServiceImpl : Service - Distance calculated: 7954.714141196856
2021-11-27 20:34:20.994  INFO 530588 --- [onPool-worker-1] .t.t.s.TourGuideClientRewardsServiceImpl : Service - Distance calculated: 7405.553202307031
2021-11-27 20:34:20.994  INFO 530588 --- [onPool-worker-1] .t.t.s.TourGuideClientRewardsServiceImpl : Service - Distance calculated: 7333.280784893951
2021-11-27 20:34:20.994  INFO 530588 --- [onPool-worker-1] .t.t.s.TourGuideClientRewardsServiceImpl : Service - Distance calculated: 8489.868563281076
2021-11-27 20:34:20.994  INFO 530588 --- [onPool-worker-1] .t.t.s.TourGuideClientRewardsServiceImpl : Service - Distance calculated: 8424.30597974655
2021-11-27 20:34:20.994  INFO 530588 --- [onPool-worker-1] .t.t.s.TourGuideClientRewardsServiceImpl : Service - Distance calculated: 7496.450058081261
2021-11-27 20:34:20.994  INFO 530588 --- [onPool-worker-1] .t.t.s.TourGuideClientRewardsServiceImpl : Service - Distance calculated: 9115.201261424958
2021-11-27 20:34:20.994  INFO 530588 --- [onPool-worker-1] .t.t.s.TourGuideClientRewardsServiceImpl : Service - Distance calculated: 8950.339566446892
2021-11-27 20:34:20.994  INFO 530588 --- [onPool-worker-1] .t.t.s.TourGuideClientRewardsServiceImpl : Service - Distance calculated: 7579.047834888875
2021-11-27 20:34:20.994  INFO 530588 --- [onPool-worker-1] .t.t.s.TourGuideClientRewardsServiceImpl : Service - Distance calculated: 9545.99728366237
2021-11-27 20:34:20.994  INFO 530588 --- [onPool-worker-1] .t.t.s.TourGuideClientRewardsServiceImpl : Service - Distance calculated: 9256.855168449032
2021-11-27 20:34:20.994  INFO 530588 --- [onPool-worker-1] .t.t.s.TourGuideClientRewardsServiceImpl : Service - Distance calculated: 9350.146647550453
2021-11-27 20:34:20.994  INFO 530588 --- [onPool-worker-1] .t.t.s.TourGuideClientRewardsServiceImpl : Service - Distance calculated: 8796.246056627426
2021-11-27 20:34:20.994  INFO 530588 --- [onPool-worker-1] .t.t.s.TourGuideClientRewardsServiceImpl : Service - Distance calculated: 8035.822133492195
2021-11-27 20:34:20.994  INFO 530588 --- [onPool-worker-1] .t.t.s.TourGuideClientRewardsServiceImpl : Service - Distance calculated: 8648.157645415615
2021-11-27 20:34:20.994  INFO 530588 --- [nPool-worker-10] .t.t.s.TourGuideClientRewardsServiceImpl : Service - Distance calculated: 10165.63365635289
2021-11-27 20:34:20.994  INFO 530588 --- [nPool-worker-10] .t.t.s.TourGuideClientRewardsServiceImpl : Service - Distance calculated: 9933.02732132891
2021-11-27 20:34:20.994  INFO 530588 --- [nPool-worker-10] .t.t.s.TourGuideClientRewardsServiceImpl : Service - Distance calculated: 10214.028094256953
2021-11-27 20:34:20.994  INFO 530588 --- [nPool-worker-10] .t.t.s.TourGuideClientRewardsServiceImpl : Service - Distance calculated: 10253.946068242549
2021-11-27 20:34:20.994  INFO 530588 --- [nPool-worker-10] .t.t.s.TourGuideClientRewardsServiceImpl : Service - Distance calculated: 10733.138518193857
2021-11-27 20:34:20.994  INFO 530588 --- [nPool-worker-10] .t.t.s.TourGuideClientRewardsServiceImpl : Service - Distance calculated: 10833.252156335931
2021-11-27 20:34:20.994  INFO 530588 --- [nPool-worker-10] .t.t.s.TourGuideClientRewardsServiceImpl : Service - Distance calculated: 10586.482115462662
2021-11-27 20:34:20.994  INFO 530588 --- [nPool-worker-10] .t.t.s.TourGuideClientRewardsServiceImpl : Service - Distance calculated: 10381.665043284598
2021-11-27 20:34:20.994  INFO 530588 --- [nPool-worker-10] .t.t.s.TourGuideClientRewardsServiceImpl : Service - Distance calculated: 10593.655382439385
2021-11-27 20:34:20.994  INFO 530588 --- [nPool-worker-10] .t.t.s.TourGuideClientRewardsServiceImpl : Service - Distance calculated: 7940.643964610464
2021-11-27 20:34:20.994  INFO 530588 --- [nPool-worker-10] .t.t.s.TourGuideClientRewardsServiceImpl : Service - Distance calculated: 10138.227488295537
2021-11-27 20:34:20.994  INFO 530588 --- [nPool-worker-10] .t.t.s.TourGuideClientRewardsServiceImpl : Service - Distance calculated: 10326.932557300826
2021-11-27 20:34:20.994  INFO 530588 --- [nPool-worker-10] .t.t.s.TourGuideClientRewardsServiceImpl : Service - Distance calculated: 10329.976677773593
2021-11-27 20:34:20.994  INFO 530588 --- [nPool-worker-10] .t.t.s.TourGuideClientRewardsServiceImpl : Service - Distance calculated: 11124.645960992995
2021-11-27 20:34:20.994  INFO 530588 --- [nPool-worker-10] .t.t.s.TourGuideClientRewardsServiceImpl : Service - Distance calculated: 11071.480759125126
2021-11-27 20:34:20.994  INFO 530588 --- [nPool-worker-10] .t.t.s.TourGuideClientRewardsServiceImpl : Service - Distance calculated: 10903.666874431881
2021-11-27 20:34:20.995  INFO 530588 --- [nPool-worker-10] .t.t.s.TourGuideClientRewardsServiceImpl : Service - Distance calculated: 11118.932105069936
2021-11-27 20:34:20.995  INFO 530588 --- [nPool-worker-10] .t.t.s.TourGuideClientRewardsServiceImpl : Service - Distance calculated: 10668.706395464444
2021-11-27 20:34:20.995  INFO 530588 --- [nPool-worker-10] .t.t.s.TourGuideClientRewardsServiceImpl : Service - Distance calculated: 11072.371416569184
2021-11-27 20:34:20.995  INFO 530588 --- [nPool-worker-10] .t.t.s.TourGuideClientRewardsServiceImpl : Service - Distance calculated: 10246.030229660124
2021-11-27 20:34:20.995  INFO 530588 --- [nPool-worker-10] .t.t.s.TourGuideClientRewardsServiceImpl : Service - Distance calculated: 11139.225575305532
2021-11-27 20:34:20.995  INFO 530588 --- [nPool-worker-10] .t.t.s.TourGuideClientRewardsServiceImpl : Service - Distance calculated: 9964.277623952561
2021-11-27 20:34:20.995  INFO 530588 --- [nPool-worker-10] .t.t.s.TourGuideClientRewardsServiceImpl : Service - Distance calculated: 10739.637702429605
2021-11-27 20:34:20.995  INFO 530588 --- [nPool-worker-10] .t.t.s.TourGuideClientRewardsServiceImpl : Service - Distance calculated: 10517.767653697352
2021-11-27 20:34:20.995  INFO 530588 --- [nPool-worker-10] .t.t.s.TourGuideClientRewardsServiceImpl : Service - Distance calculated: 10128.429725060862
2021-11-27 20:34:20.995  INFO 530588 --- [nPool-worker-10] .t.t.s.TourGuideClientRewardsServiceImpl : Service - Distance calculated: 11087.764578138962
2021-11-27 20:34:20.995  INFO 530588 --- [nPool-worker-10] .t.t.s.TourGuideClientRewardsServiceImpl : Service - Distance calculated: 7685.974751414077
2021-11-27 20:34:20.995  INFO 530588 --- [nPool-worker-10] .t.t.s.TourGuideClientRewardsServiceImpl : Service - Distance calculated: 7222.001184887707
2021-11-27 20:34:20.995  INFO 530588 --- [nPool-worker-10] .t.t.s.TourGuideClientRewardsServiceImpl : Service - Distance calculated: 7664.605310306621
2021-11-27 20:34:20.995  INFO 530588 --- [nPool-worker-10] .t.t.s.TourGuideClientRewardsServiceImpl : Service - Distance calculated: 7733.7102992634145
2021-11-27 20:34:20.995  INFO 530588 --- [nPool-worker-10] .t.t.s.TourGuideClientRewardsServiceImpl : Service - Distance calculated: 7931.971627424408
2021-11-27 20:34:20.995  INFO 530588 --- [nPool-worker-10] .t.t.s.TourGuideClientRewardsServiceImpl : Service - Distance calculated: 8031.623684660191
2021-11-27 20:34:20.995  INFO 530588 --- [nPool-worker-10] .t.t.s.TourGuideClientRewardsServiceImpl : Service - Distance calculated: 7990.929704983541
2021-11-27 20:34:20.995  INFO 530588 --- [nPool-worker-10] .t.t.s.TourGuideClientRewardsServiceImpl : Service - Distance calculated: 7650.549540576796
2021-11-27 20:34:20.995  INFO 530588 --- [nPool-worker-10] .t.t.s.TourGuideClientRewardsServiceImpl : Service - Distance calculated: 7851.501586316568
2021-11-27 20:34:20.995  INFO 530588 --- [nPool-worker-10] .t.t.s.TourGuideClientRewardsServiceImpl : Service - Distance calculated: 5325.378751486906
2021-11-27 20:34:20.995  INFO 530588 --- [nPool-worker-10] .t.t.s.TourGuideClientRewardsServiceImpl : Service - Distance calculated: 7521.6316867079895
2021-11-27 20:34:20.995  INFO 530588 --- [nPool-worker-10] .t.t.s.TourGuideClientRewardsServiceImpl : Service - Distance calculated: 7633.304963647424
2021-11-27 20:34:20.995  INFO 530588 --- [nPool-worker-10] .t.t.s.TourGuideClientRewardsServiceImpl : Service - Distance calculated: 7679.833745484266
2021-11-27 20:34:20.995  INFO 530588 --- [nPool-worker-10] .t.t.s.TourGuideClientRewardsServiceImpl : Service - Distance calculated: 8527.30516219762
2021-11-27 20:34:20.995  INFO 530588 --- [nPool-worker-10] .t.t.s.TourGuideClientRewardsServiceImpl : Service - Distance calculated: 8289.942634835577
2021-11-27 20:34:20.995  INFO 530588 --- [nPool-worker-10] .t.t.s.TourGuideClientRewardsServiceImpl : Service - Distance calculated: 8131.214627765936
2021-11-27 20:34:20.995  INFO 530588 --- [nPool-worker-10] .t.t.s.TourGuideClientRewardsServiceImpl : Service - Distance calculated: 8321.394139259362
2021-11-27 20:34:20.995  INFO 530588 --- [nPool-worker-10] .t.t.s.TourGuideClientRewardsServiceImpl : Service - Distance calculated: 7931.853380350235
2021-11-27 20:34:20.995  INFO 530588 --- [nPool-worker-10] .t.t.s.TourGuideClientRewardsServiceImpl : Service - Distance calculated: 8279.910465842473
2021-11-27 20:34:20.995  INFO 530588 --- [nPool-worker-10] .t.t.s.TourGuideClientRewardsServiceImpl : Service - Distance calculated: 7772.82661785794
2021-11-27 20:34:20.995  INFO 530588 --- [nPool-worker-10] .t.t.s.TourGuideClientRewardsServiceImpl : Service - Distance calculated: 8469.707709782633
2021-11-27 20:34:20.995  INFO 530588 --- [nPool-worker-10] .t.t.s.TourGuideClientRewardsServiceImpl : Service - Distance calculated: 7379.214665541964
2021-11-27 20:34:20.995  INFO 530588 --- [nPool-worker-10] .t.t.s.TourGuideClientRewardsServiceImpl : Service - Distance calculated: 8071.000126930246
2021-11-27 20:34:20.995  INFO 530588 --- [nPool-worker-10] .t.t.s.TourGuideClientRewardsServiceImpl : Service - Distance calculated: 7715.950826722135
2021-11-27 20:34:20.995  INFO 530588 --- [nPool-worker-10] .t.t.s.TourGuideClientRewardsServiceImpl : Service - Distance calculated: 7512.6983755029005
2021-11-27 20:34:20.995  INFO 530588 --- [nPool-worker-10] .t.t.s.TourGuideClientRewardsServiceImpl : Service - Distance calculated: 8435.415248026413
2021-11-27 20:34:20.995  INFO 530588 --- [nPool-worker-10] .t.t.s.TourGuideClientRewardsServiceImpl : Service - Distance calculated: 2424.5700414220387
2021-11-27 20:34:20.995  INFO 530588 --- [nPool-worker-10] .t.t.s.TourGuideClientRewardsServiceImpl : Service - Distance calculated: 1843.9704949333263
2021-11-27 20:34:20.995  INFO 530588 --- [nPool-worker-10] .t.t.s.TourGuideClientRewardsServiceImpl : Service - Distance calculated: 2261.1088101536952
2021-11-27 20:34:20.995  INFO 530588 --- [nPool-worker-10] .t.t.s.TourGuideClientRewardsServiceImpl : Service - Distance calculated: 2319.2035995916563
2021-11-27 20:34:20.995  INFO 530588 --- [nPool-worker-10] .t.t.s.TourGuideClientRewardsServiceImpl : Service - Distance calculated: 1084.847508321008
2021-11-27 20:34:20.995  INFO 530588 --- [nPool-worker-10] .t.t.s.TourGuideClientRewardsServiceImpl : Service - Distance calculated: 1150.799766760018
2021-11-27 20:34:20.995  INFO 530588 --- [nPool-worker-10] .t.t.s.TourGuideClientRewardsServiceImpl : Service - Distance calculated: 2103.42694718505
2021-11-27 20:34:20.995  INFO 530588 --- [nPool-worker-10] .t.t.s.TourGuideClientRewardsServiceImpl : Service - Distance calculated: 459.30547678524533
2021-11-27 20:34:20.995  INFO 530588 --- [nPool-worker-10] .t.t.s.TourGuideClientRewardsServiceImpl : Service - Distance calculated: 634.7134634677906
2021-11-27 20:34:20.995  INFO 530588 --- [nPool-worker-10] .t.t.s.TourGuideClientRewardsServiceImpl : Service - Distance calculated: 3274.1076748405308
2021-11-27 20:34:20.995  INFO 530588 --- [nPool-worker-10] .t.t.s.TourGuideClientRewardsServiceImpl : Service - Distance calculated: 102.25763553465616
2021-11-27 20:34:20.995  INFO 530588 --- [nPool-worker-10] .t.t.s.TourGuideClientRewardsServiceImpl : Service - Distance calculated: 321.2334710333926
2021-11-27 20:34:20.995  INFO 530588 --- [nPool-worker-10] .t.t.s.TourGuideClientRewardsServiceImpl : Service - Distance calculated: 275.0295226274215
2021-11-27 20:34:20.995  INFO 530588 --- [nPool-worker-10] .t.t.s.TourGuideClientRewardsServiceImpl : Service - Distance calculated: 1111.3036203620243
2021-11-27 20:34:20.995  INFO 530588 --- [nPool-worker-10] .t.t.s.TourGuideClientRewardsServiceImpl : Service - Distance calculated: 1543.9779022390594
2021-11-27 20:34:20.995  INFO 530588 --- [nPool-worker-10] .t.t.s.TourGuideClientRewardsServiceImpl : Service - Distance calculated: 960.0887348043443
2021-11-27 20:34:20.995  INFO 530588 --- [nPool-worker-10] .t.t.s.TourGuideClientRewardsServiceImpl : Service - Distance calculated: 1247.385571089609
2021-11-27 20:34:20.995  INFO 530588 --- [nPool-worker-10] .t.t.s.TourGuideClientRewardsServiceImpl : Service - Distance calculated: 680.110332189965
2021-11-27 20:34:20.995  INFO 530588 --- [nPool-worker-12] .t.t.s.TourGuideClientRewardsServiceImpl : Service - Distance calculated: 2186.2448656445013
2021-11-27 20:34:20.995  INFO 530588 --- [nPool-worker-12] .t.t.s.TourGuideClientRewardsServiceImpl : Service - Distance calculated: 2960.6994529643666
2021-11-27 20:34:20.995  INFO 530588 --- [nPool-worker-12] .t.t.s.TourGuideClientRewardsServiceImpl : Service - Distance calculated: 2333.7664521965157
2021-11-27 20:34:20.995  INFO 530588 --- [nPool-worker-12] .t.t.s.TourGuideClientRewardsServiceImpl : Service - Distance calculated: 2247.9812626933413
2021-11-27 20:34:20.995  INFO 530588 --- [nPool-worker-12] .t.t.s.TourGuideClientRewardsServiceImpl : Service - Distance calculated: 3291.092003001722
2021-11-27 20:34:20.995  INFO 530588 --- [nPool-worker-12] .t.t.s.TourGuideClientRewardsServiceImpl : Service - Distance calculated: 3226.181044793711
2021-11-27 20:34:20.995  INFO 530588 --- [nPool-worker-12] .t.t.s.TourGuideClientRewardsServiceImpl : Service - Distance calculated: 2329.1599535541463
2021-11-27 20:34:20.995  INFO 530588 --- [nPool-worker-12] .t.t.s.TourGuideClientRewardsServiceImpl : Service - Distance calculated: 3916.3572390704194
2021-11-27 20:34:20.995  INFO 530588 --- [nPool-worker-12] .t.t.s.TourGuideClientRewardsServiceImpl : Service - Distance calculated: 3755.168841018756
2021-11-27 20:34:20.995  INFO 530588 --- [nPool-worker-12] .t.t.s.TourGuideClientRewardsServiceImpl : Service - Distance calculated: 3977.0986732049214
2021-11-27 20:34:20.995  INFO 530588 --- [nPool-worker-12] .t.t.s.TourGuideClientRewardsServiceImpl : Service - Distance calculated: 4349.604670675583
2021-11-27 20:34:20.995  INFO 530588 --- [nPool-worker-12] .t.t.s.TourGuideClientRewardsServiceImpl : Service - Distance calculated: 4058.780777921581
2021-11-27 20:34:20.996  INFO 530588 --- [nPool-worker-12] .t.t.s.TourGuideClientRewardsServiceImpl : Service - Distance calculated: 4157.46122676887
2021-11-27 20:34:20.996  INFO 530588 --- [nPool-worker-12] .t.t.s.TourGuideClientRewardsServiceImpl : Service - Distance calculated: 3745.690760129944
2021-11-27 20:34:20.996  INFO 530588 --- [nPool-worker-12] .t.t.s.TourGuideClientRewardsServiceImpl : Service - Distance calculated: 2842.497058063332
2021-11-27 20:34:20.996  INFO 530588 --- [nPool-worker-12] .t.t.s.TourGuideClientRewardsServiceImpl : Service - Distance calculated: 3466.027312150441
2021-11-27 20:34:20.996  INFO 530588 --- [nPool-worker-12] .t.t.s.TourGuideClientRewardsServiceImpl : Service - Distance calculated: 3192.174962613476
2021-11-27 20:34:20.996  INFO 530588 --- [nPool-worker-12] .t.t.s.TourGuideClientRewardsServiceImpl : Service - Distance calculated: 3730.5516128183262
2021-11-27 20:34:20.996  INFO 530588 --- [nPool-worker-12] .t.t.s.TourGuideClientRewardsServiceImpl : Service - Distance calculated: 2925.507560989376
2021-11-27 20:34:20.996  INFO 530588 --- [nPool-worker-12] .t.t.s.TourGuideClientRewardsServiceImpl : Service - Distance calculated: 2142.9986550116005
2021-11-27 20:34:20.996  INFO 530588 --- [nPool-worker-12] .t.t.s.TourGuideClientRewardsServiceImpl : Service - Distance calculated: 3626.7009076716417
2021-11-27 20:34:20.996  INFO 530588 --- [nPool-worker-12] .t.t.s.TourGuideClientRewardsServiceImpl : Service - Distance calculated: 4524.71777826322
2021-11-27 20:34:20.996  INFO 530588 --- [nPool-worker-12] .t.t.s.TourGuideClientRewardsServiceImpl : Service - Distance calculated: 2487.866998726493
2021-11-27 20:34:20.996  INFO 530588 --- [nPool-worker-12] .t.t.s.TourGuideClientRewardsServiceImpl : Service - Distance calculated: 3322.600253339917
2021-11-27 20:34:20.996  INFO 530588 --- [nPool-worker-12] .t.t.s.TourGuideClientRewardsServiceImpl : Service - Distance calculated: 4357.77665744384
2021-11-27 20:34:20.996  INFO 530588 --- [nPool-worker-12] .t.t.s.TourGuideClientRewardsServiceImpl : Service - Distance calculated: 3686.4024178237955
2021-11-27 20:34:20.996  INFO 530588 --- [nPool-worker-12] .t.t.s.TourGuideClientRewardsServiceImpl : Service - Distance calculated: 6046.603444525532
2021-11-27 20:34:20.996  INFO 530588 --- [nPool-worker-12] .t.t.s.TourGuideClientRewardsServiceImpl : Service - Distance calculated: 6487.738010888503
2021-11-27 20:34:20.996  INFO 530588 --- [nPool-worker-12] .t.t.s.TourGuideClientRewardsServiceImpl : Service - Distance calculated: 6193.494977854127
2021-11-27 20:34:20.996  INFO 530588 --- [nPool-worker-12] .t.t.s.TourGuideClientRewardsServiceImpl : Service - Distance calculated: 6162.235031448745
2021-11-27 20:34:20.996  INFO 530588 --- [nPool-worker-12] .t.t.s.TourGuideClientRewardsServiceImpl : Service - Distance calculated: 7467.705515672342
2021-11-27 20:34:20.996  INFO 530588 --- [nPool-worker-12] .t.t.s.TourGuideClientRewardsServiceImpl : Service - Distance calculated: 7464.53392273493
2021-11-27 20:34:20.996  INFO 530588 --- [nPool-worker-12] .t.t.s.TourGuideClientRewardsServiceImpl : Service - Distance calculated: 6471.749543258652
2021-11-27 20:34:20.996  INFO 530588 --- [nPool-worker-12] .t.t.s.TourGuideClientRewardsServiceImpl : Service - Distance calculated: 7963.515985306565
2021-11-27 20:34:20.996  INFO 530588 --- [nPool-worker-12] .t.t.s.TourGuideClientRewardsServiceImpl : Service - Distance calculated: 7926.358501869741
2021-11-27 20:34:20.996  INFO 530588 --- [nPool-worker-12] .t.t.s.TourGuideClientRewardsServiceImpl : Service - Distance calculated: 5320.228476221344
2021-11-27 20:34:20.996  INFO 530588 --- [nPool-worker-12] .t.t.s.TourGuideClientRewardsServiceImpl : Service - Distance calculated: 8361.969729251156
2021-11-27 20:34:20.996  INFO 530588 --- [nPool-worker-12] .t.t.s.TourGuideClientRewardsServiceImpl : Service - Distance calculated: 8112.757834507007
2021-11-27 20:34:20.996  INFO 530588 --- [nPool-worker-12] .t.t.s.TourGuideClientRewardsServiceImpl : Service - Distance calculated: 8259.643373648125
2021-11-27 20:34:20.996  INFO 530588 --- [nPool-worker-12] .t.t.s.TourGuideClientRewardsServiceImpl : Service - Distance calculated: 8305.07005123133
2021-11-27 20:34:20.996  INFO 530588 --- [nPool-worker-12] .t.t.s.TourGuideClientRewardsServiceImpl : Service - Distance calculated: 7217.414161766632
2021-11-27 20:34:20.996  INFO 530588 --- [nPool-worker-12] .t.t.s.TourGuideClientRewardsServiceImpl : Service - Distance calculated: 7789.169287624686
2021-11-27 20:34:20.996  INFO 530588 --- [nPool-worker-12] .t.t.s.TourGuideClientRewardsServiceImpl : Service - Distance calculated: 7605.45183559016
2021-11-27 20:34:20.996  INFO 530588 --- [nPool-worker-12] .t.t.s.TourGuideClientRewardsServiceImpl : Service - Distance calculated: 7953.383186422043
2021-11-27 20:34:20.996  INFO 530588 --- [nPool-worker-12] .t.t.s.TourGuideClientRewardsServiceImpl : Service - Distance calculated: 7298.795658446924
2021-11-27 20:34:20.996  INFO 530588 --- [nPool-worker-12] .t.t.s.TourGuideClientRewardsServiceImpl : Service - Distance calculated: 6081.704681597021
2021-11-27 20:34:20.996  INFO 530588 --- [nPool-worker-12] .t.t.s.TourGuideClientRewardsServiceImpl : Service - Distance calculated: 8149.119864374926
2021-11-27 20:34:20.996  INFO 530588 --- [nPool-worker-12] .t.t.s.TourGuideClientRewardsServiceImpl : Service - Distance calculated: 8452.818388106272
2021-11-27 20:34:20.996  INFO 530588 --- [nPool-worker-12] .t.t.s.TourGuideClientRewardsServiceImpl : Service - Distance calculated: 6700.389965267339
2021-11-27 20:34:20.996  INFO 530588 --- [nPool-worker-12] .t.t.s.TourGuideClientRewardsServiceImpl : Service - Distance calculated: 7344.303341993905
2021-11-27 20:34:20.996  INFO 530588 --- [nPool-worker-12] .t.t.s.TourGuideClientRewardsServiceImpl : Service - Distance calculated: 8364.527659803207
2021-11-27 20:34:20.996  INFO 530588 --- [nPool-worker-12] .t.t.s.TourGuideClientRewardsServiceImpl : Service - Distance calculated: 8197.051510988424
2021-11-27 20:34:20.996  INFO 530588 --- [nPool-worker-12] .t.t.s.TourGuideClientRewardsServiceImpl : Service - Distance calculated: 8671.607052634872
2021-11-27 20:34:20.996  INFO 530588 --- [nPool-worker-12] .t.t.s.TourGuideClientRewardsServiceImpl : Service - Distance calculated: 8970.37638058392
2021-11-27 20:34:20.996  INFO 530588 --- [nPool-worker-12] .t.t.s.TourGuideClientRewardsServiceImpl : Service - Distance calculated: 8805.590192537216
2021-11-27 20:34:20.996  INFO 530588 --- [nPool-worker-12] .t.t.s.TourGuideClientRewardsServiceImpl : Service - Distance calculated: 8787.37222192354
2021-11-27 20:34:20.996  INFO 530588 --- [nPool-worker-12] .t.t.s.TourGuideClientRewardsServiceImpl : Service - Distance calculated: 10040.394529135145
2021-11-27 20:34:20.996  INFO 530588 --- [nPool-worker-12] .t.t.s.TourGuideClientRewardsServiceImpl : Service - Distance calculated: 10060.768373712937
2021-11-27 20:34:20.996  INFO 530588 --- [nPool-worker-12] .t.t.s.TourGuideClientRewardsServiceImpl : Service - Distance calculated: 9115.933205755313
2021-11-27 20:34:20.996  INFO 530588 --- [nPool-worker-12] .t.t.s.TourGuideClientRewardsServiceImpl : Service - Distance calculated: 10386.537886129316
2021-11-27 20:34:20.996  INFO 530588 --- [nPool-worker-15] .t.t.s.TourGuideClientRewardsServiceImpl : Service - Distance calculated: 3757.0794675178718
2021-11-27 20:34:20.996  INFO 530588 --- [nPool-worker-15] .t.t.s.TourGuideClientRewardsServiceImpl : Service - Distance calculated: 4009.77482766917
2021-11-27 20:34:20.996  INFO 530588 --- [nPool-worker-15] .t.t.s.TourGuideClientRewardsServiceImpl : Service - Distance calculated: 3872.1364352387764
2021-11-27 20:34:20.996  INFO 530588 --- [nPool-worker-15] .t.t.s.TourGuideClientRewardsServiceImpl : Service - Distance calculated: 3869.3174762968574
2021-11-27 20:34:20.996  INFO 530588 --- [nPool-worker-15] .t.t.s.TourGuideClientRewardsServiceImpl : Service - Distance calculated: 5073.581873813782
2021-11-27 20:34:20.996  INFO 530588 --- [nPool-worker-15] .t.t.s.TourGuideClientRewardsServiceImpl : Service - Distance calculated: 5097.744092649723
2021-11-27 20:34:20.996  INFO 530588 --- [nPool-worker-15] .t.t.s.TourGuideClientRewardsServiceImpl : Service - Distance calculated: 4216.540638924854
2021-11-27 20:34:20.996  INFO 530588 --- [nPool-worker-15] .t.t.s.TourGuideClientRewardsServiceImpl : Service - Distance calculated: 5470.666969259959
2021-11-27 20:34:20.996  INFO 530588 --- [nPool-worker-15] .t.t.s.TourGuideClientRewardsServiceImpl : Service - Distance calculated: 5478.328316341721
2021-11-27 20:34:20.996  INFO 530588 --- [nPool-worker-15] .t.t.s.TourGuideClientRewardsServiceImpl : Service - Distance calculated: 2744.6020240584407
2021-11-27 20:34:20.996  INFO 530588 --- [nPool-worker-15] .t.t.s.TourGuideClientRewardsServiceImpl : Service - Distance calculated: 5828.155080959153
2021-11-27 20:34:20.996  INFO 530588 --- [nPool-worker-15] .t.t.s.TourGuideClientRewardsServiceImpl : Service - Distance calculated: 5608.98899454844
2021-11-27 20:34:20.996  INFO 530588 --- [nPool-worker-11] .t.t.s.TourGuideClientRewardsServiceImpl : Service - Distance calculated: 7284.847177801776
2021-11-27 20:34:20.996  INFO 530588 --- [nPool-worker-11] .t.t.s.TourGuideClientRewardsServiceImpl : Service - Distance calculated: 6512.373730388046
2021-11-27 20:34:20.996  INFO 530588 --- [nPool-worker-11] .t.t.s.TourGuideClientRewardsServiceImpl : Service - Distance calculated: 7145.506557311957
2021-11-27 20:34:20.996  INFO 530588 --- [nPool-worker-11] .t.t.s.TourGuideClientRewardsServiceImpl : Service - Distance calculated: 7233.793949360769
2021-11-27 20:34:20.997  INFO 530588 --- [nPool-worker-11] .t.t.s.TourGuideClientRewardsServiceImpl : Service - Distance calculated: 6405.577850212346
2021-11-27 20:34:20.997  INFO 530588 --- [nPool-worker-11] .t.t.s.TourGuideClientRewardsServiceImpl : Service - Distance calculated: 6493.038112923495
2021-11-27 20:34:20.997  INFO 530588 --- [nPool-worker-11] .t.t.s.TourGuideClientRewardsServiceImpl : Service - Distance calculated: 7214.097740249524
2021-11-27 20:34:20.997  INFO 530588 --- [nPool-worker-11] .t.t.s.TourGuideClientRewardsServiceImpl : Service - Distance calculated: 5820.270549447933
2021-11-27 20:34:20.997  INFO 530588 --- [nPool-worker-11] .t.t.s.TourGuideClientRewardsServiceImpl : Service - Distance calculated: 6019.531767264431
2021-11-27 20:34:20.997  INFO 530588 --- [nPool-worker-11] .t.t.s.TourGuideClientRewardsServiceImpl : Service - Distance calculated: 5714.191846616289
2021-11-27 20:34:20.997  INFO 530588 --- [nPool-worker-11] .t.t.s.TourGuideClientRewardsServiceImpl : Service - Distance calculated: 5449.052196296645
2021-11-27 20:34:20.997  INFO 530588 --- [nPool-worker-11] .t.t.s.TourGuideClientRewardsServiceImpl : Service - Distance calculated: 5706.965630496879
2021-11-27 20:34:20.997  INFO 530588 --- [nPool-worker-11] .t.t.s.TourGuideClientRewardsServiceImpl : Service - Distance calculated: 5653.468366495113
2021-11-27 20:34:20.997  INFO 530588 --- [nPool-worker-11] .t.t.s.TourGuideClientRewardsServiceImpl : Service - Distance calculated: 6337.770878037663
2021-11-27 20:34:20.997  INFO 530588 --- [nPool-worker-11] .t.t.s.TourGuideClientRewardsServiceImpl : Service - Distance calculated: 6892.379093545651
2021-11-27 20:34:20.997  INFO 530588 --- [nPool-worker-11] .t.t.s.TourGuideClientRewardsServiceImpl : Service - Distance calculated: 6350.119266521934
2021-11-27 20:34:20.997  INFO 530588 --- [nPool-worker-11] .t.t.s.TourGuideClientRewardsServiceImpl : Service - Distance calculated: 6636.51838019004
2021-11-27 20:34:20.997  INFO 530588 --- [nPool-worker-11] .t.t.s.TourGuideClientRewardsServiceImpl : Service - Distance calculated: 6070.457795818984
2021-11-27 20:34:20.997  INFO 530588 --- [nPool-worker-11] .t.t.s.TourGuideClientRewardsServiceImpl : Service - Distance calculated: 6823.480327849115
2021-11-27 20:34:20.997  INFO 530588 --- [nPool-worker-11] .t.t.s.TourGuideClientRewardsServiceImpl : Service - Distance calculated: 7335.574065644854
2021-11-27 20:34:20.997  INFO 530588 --- [nPool-worker-11] .t.t.s.TourGuideClientRewardsServiceImpl : Service - Distance calculated: 6390.345888381902
2021-11-27 20:34:20.997  INFO 530588 --- [nPool-worker-11] .t.t.s.TourGuideClientRewardsServiceImpl : Service - Distance calculated: 5264.372146507763
2021-11-27 20:34:20.997  INFO 530588 --- [nPool-worker-11] .t.t.s.TourGuideClientRewardsServiceImpl : Service - Distance calculated: 7102.238267390703
2021-11-27 20:34:20.997  INFO 530588 --- [nPool-worker-11] .t.t.s.TourGuideClientRewardsServiceImpl : Service - Distance calculated: 6307.331323012764
2021-11-27 20:34:20.997  INFO 530588 --- [nPool-worker-11] .t.t.s.TourGuideClientRewardsServiceImpl : Service - Distance calculated: 5439.476502222568
2021-11-27 20:34:20.997  INFO 530588 --- [nPool-worker-11] .t.t.s.TourGuideClientRewardsServiceImpl : Service - Distance calculated: 6331.79386056637
2021-11-27 20:34:20.997  INFO 530588 --- [nPool-worker-11] .t.t.s.TourGuideClientRewardsServiceImpl : Service - Distance calculated: 9237.055432875444
2021-11-27 20:34:20.997  INFO 530588 --- [nPool-worker-11] .t.t.s.TourGuideClientRewardsServiceImpl : Service - Distance calculated: 9964.680366077302
2021-11-27 20:34:20.997  INFO 530588 --- [nPool-worker-11] .t.t.s.TourGuideClientRewardsServiceImpl : Service - Distance calculated: 9399.21327021936
2021-11-27 20:34:20.997  INFO 530588 --- [nPool-worker-11] .t.t.s.TourGuideClientRewardsServiceImpl : Service - Distance calculated: 9322.693869206885
2021-11-27 20:34:20.997  INFO 530588 --- [nPool-worker-11] .t.t.s.TourGuideClientRewardsServiceImpl : Service - Distance calculated: 10348.370513690737
2021-11-27 20:34:20.997  INFO 530588 --- [nPool-worker-11] .t.t.s.TourGuideClientRewardsServiceImpl : Service - Distance calculated: 10262.502599259342
2021-11-27 20:34:20.997  INFO 530588 --- [nPool-worker-11] .t.t.s.TourGuideClientRewardsServiceImpl : Service - Distance calculated: 9447.713432855751
2021-11-27 20:34:20.997  INFO 530588 --- [nPool-worker-11] .t.t.s.TourGuideClientRewardsServiceImpl : Service - Distance calculated: 10930.645661002225
2021-11-27 20:34:20.997  INFO 530588 --- [nPool-worker-11] .t.t.s.TourGuideClientRewardsServiceImpl : Service - Distance calculated: 10724.977558993085
2021-11-27 20:34:20.997  INFO 530588 --- [nPool-worker-11] .t.t.s.TourGuideClientRewardsServiceImpl : Service - Distance calculated: 9256.05330320529
2021-11-27 20:34:20.997  INFO 530588 --- [nPool-worker-11] .t.t.s.TourGuideClientRewardsServiceImpl : Service - Distance calculated: 11251.749878652943
2021-11-27 20:34:20.997  INFO 530588 --- [nPool-worker-11] .t.t.s.TourGuideClientRewardsServiceImpl : Service - Distance calculated: 11030.967958989251
2021-11-27 20:34:20.997  INFO 530588 --- [nPool-worker-11] .t.t.s.TourGuideClientRewardsServiceImpl : Service - Distance calculated: 11055.617584930875
2021-11-27 20:34:20.997  INFO 530588 --- [nPool-worker-11] .t.t.s.TourGuideClientRewardsServiceImpl : Service - Distance calculated: 10247.577816167439
2021-11-27 20:34:20.997  INFO 530588 --- [nPool-worker-11] .t.t.s.TourGuideClientRewardsServiceImpl : Service - Distance calculated: 9862.639020106455
2021-11-27 20:34:20.997  INFO 530588 --- [nPool-worker-11] .t.t.s.TourGuideClientRewardsServiceImpl : Service - Distance calculated: 10390.843871575036
2021-11-27 20:34:20.997  INFO 530588 --- [nPool-worker-11] .t.t.s.TourGuideClientRewardsServiceImpl : Service - Distance calculated: 10108.75992343399
2021-11-27 20:34:20.997  INFO 530588 --- [nPool-worker-11] .t.t.s.TourGuideClientRewardsServiceImpl : Service - Distance calculated: 10666.442679487447
2021-11-27 20:34:20.997  INFO 530588 --- [nPool-worker-11] .t.t.s.TourGuideClientRewardsServiceImpl : Service - Distance calculated: 9932.347781564718
2021-11-27 20:34:20.997  INFO 530588 --- [nPool-worker-11] .t.t.s.TourGuideClientRewardsServiceImpl : Service - Distance calculated: 9215.780684373274
2021-11-27 20:34:20.997  INFO 530588 --- [nPool-worker-11] .t.t.s.TourGuideClientRewardsServiceImpl : Service - Distance calculated: 10251.045510986303
2021-11-27 20:34:20.997  INFO 530588 --- [nPool-worker-11] .t.t.s.TourGuideClientRewardsServiceImpl : Service - Distance calculated: 11425.202383948432
2021-11-27 20:34:20.997  INFO 530588 --- [nPool-worker-11] .t.t.s.TourGuideClientRewardsServiceImpl : Service - Distance calculated: 9600.950769627027
2021-11-27 20:34:20.997  INFO 530588 --- [nPool-worker-11] .t.t.s.TourGuideClientRewardsServiceImpl : Service - Distance calculated: 10427.440130000981
2021-11-27 20:34:20.997  INFO 530588 --- [nPool-worker-11] .t.t.s.TourGuideClientRewardsServiceImpl : Service - Distance calculated: 11261.57103137439
2021-11-27 20:34:20.997  INFO 530588 --- [nPool-worker-11] .t.t.s.TourGuideClientRewardsServiceImpl : Service - Distance calculated: 10301.333725676399
2021-11-27 20:34:20.997  INFO 530588 --- [nPool-worker-11] .t.t.s.TourGuideClientRewardsServiceImpl : Service - Distance calculated: 6891.757848743707
2021-11-27 20:34:20.997  INFO 530588 --- [nPool-worker-11] .t.t.s.TourGuideClientRewardsServiceImpl : Service - Distance calculated: 6854.613182674395
2021-11-27 20:34:20.997  INFO 530588 --- [nPool-worker-11] .t.t.s.TourGuideClientRewardsServiceImpl : Service - Distance calculated: 6808.7585694149975
2021-11-27 20:34:20.997  INFO 530588 --- [nPool-worker-11] .t.t.s.TourGuideClientRewardsServiceImpl : Service - Distance calculated: 6789.626146408975
2021-11-27 20:34:20.997  INFO 530588 --- [nPool-worker-11] .t.t.s.TourGuideClientRewardsServiceImpl : Service - Distance calculated: 5770.270629551404
2021-11-27 20:34:20.997  INFO 530588 --- [nPool-worker-11] .t.t.s.TourGuideClientRewardsServiceImpl : Service - Distance calculated: 5718.165254136876
2021-11-27 20:34:20.997  INFO 530588 --- [nPool-worker-11] .t.t.s.TourGuideClientRewardsServiceImpl : Service - Distance calculated: 6439.09418216447
2021-11-27 20:34:20.997  INFO 530588 --- [nPool-worker-11] .t.t.s.TourGuideClientRewardsServiceImpl : Service - Distance calculated: 5549.216721652994
2021-11-27 20:34:20.997  INFO 530588 --- [nPool-worker-11] .t.t.s.TourGuideClientRewardsServiceImpl : Service - Distance calculated: 5470.398382966206
2021-11-27 20:34:20.997  INFO 530588 --- [nPool-worker-11] .t.t.s.TourGuideClientRewardsServiceImpl : Service - Distance calculated: 8665.39633140982
2021-11-27 20:34:20.997  INFO 530588 --- [nPool-worker-11] .t.t.s.TourGuideClientRewardsServiceImpl : Service - Distance calculated: 5310.98117916935
2021-11-27 20:34:20.997  INFO 530588 --- [nPool-worker-11] .t.t.s.TourGuideClientRewardsServiceImpl : Service - Distance calculated: 5444.381686116904
2021-11-27 20:34:20.997  INFO 530588 --- [nPool-worker-11] .t.t.s.TourGuideClientRewardsServiceImpl : Service - Distance calculated: 5307.012289456353
2021-11-27 20:34:20.997  INFO 530588 --- [nPool-worker-11] .t.t.s.TourGuideClientRewardsServiceImpl : Service - Distance calculated: 4799.244072609105
2021-11-27 20:34:20.997  INFO 530588 --- [nPool-worker-11] .t.t.s.TourGuideClientRewardsServiceImpl : Service - Distance calculated: 5754.658356645037
2021-11-27 20:34:20.997  INFO 530588 --- [nPool-worker-11] .t.t.s.TourGuideClientRewardsServiceImpl : Service - Distance calculated: 5421.512740224203
2021-11-27 20:34:20.997  INFO 530588 --- [nPool-worker-11] .t.t.s.TourGuideClientRewardsServiceImpl : Service - Distance calculated: 5453.349364540609
2021-11-27 20:34:20.997  INFO 530588 --- [nPool-worker-11] .t.t.s.TourGuideClientRewardsServiceImpl : Service - Distance calculated: 5406.385415003069
2021-11-27 20:34:20.997  INFO 530588 --- [nPool-worker-11] .t.t.s.TourGuideClientRewardsServiceImpl : Service - Distance calculated: 5701.618571054212
2021-11-27 20:34:20.997  INFO 530588 --- [nPool-worker-11] .t.t.s.TourGuideClientRewardsServiceImpl : Service - Distance calculated: 6818.996684274943
2021-11-27 20:34:20.997  INFO 530588 --- [nPool-worker-11] .t.t.s.TourGuideClientRewardsServiceImpl : Service - Distance calculated: 4955.1518657528795
2021-11-27 20:34:20.997  INFO 530588 --- [nPool-worker-11] .t.t.s.TourGuideClientRewardsServiceImpl : Service - Distance calculated: 5313.806550740221
2021-11-27 20:34:20.997  INFO 530588 --- [nPool-worker-11] .t.t.s.TourGuideClientRewardsServiceImpl : Service - Distance calculated: 6239.549317933809
2021-11-27 20:34:20.997  INFO 530588 --- [nPool-worker-11] .t.t.s.TourGuideClientRewardsServiceImpl : Service - Distance calculated: 5977.562243496901
2021-11-27 20:34:20.997  INFO 530588 --- [nPool-worker-11] .t.t.s.TourGuideClientRewardsServiceImpl : Service - Distance calculated: 5313.6338021418305
2021-11-27 20:34:20.998  INFO 530588 --- [nPool-worker-11] .t.t.s.TourGuideClientRewardsServiceImpl : Service - Distance calculated: 4937.422369792408
2021-11-27 20:34:20.998  INFO 530588 --- [nPool-worker-11] .t.t.s.TourGuideClientRewardsServiceImpl : Service - Distance calculated: 6860.994663800737
2021-11-27 20:34:20.998  INFO 530588 --- [nPool-worker-11] .t.t.s.TourGuideClientRewardsServiceImpl : Service - Distance calculated: 7196.6316965295655
2021-11-27 20:34:20.998  INFO 530588 --- [nPool-worker-11] .t.t.s.TourGuideClientRewardsServiceImpl : Service - Distance calculated: 6855.858866573736
2021-11-27 20:34:20.998  INFO 530588 --- [nPool-worker-11] .t.t.s.TourGuideClientRewardsServiceImpl : Service - Distance calculated: 6797.329425939349
2021-11-27 20:34:20.998  INFO 530588 --- [nPool-worker-11] .t.t.s.TourGuideClientRewardsServiceImpl : Service - Distance calculated: 6283.095724615634
2021-11-27 20:34:20.998  INFO 530588 --- [nPool-worker-11] .t.t.s.TourGuideClientRewardsServiceImpl : Service - Distance calculated: 6196.500419783011
2021-11-27 20:34:20.998  INFO 530588 --- [nPool-worker-11] .t.t.s.TourGuideClientRewardsServiceImpl : Service - Distance calculated: 6501.344263374204
2021-11-27 20:34:20.998  INFO 530588 --- [nPool-worker-11] .t.t.s.TourGuideClientRewardsServiceImpl : Service - Distance calculated: 6345.769299794342
2021-11-27 20:34:20.998  INFO 530588 --- [nPool-worker-11] .t.t.s.TourGuideClientRewardsServiceImpl : Service - Distance calculated: 6187.9832052173115
2021-11-27 20:34:20.998  INFO 530588 --- [nPool-worker-11] .t.t.s.TourGuideClientRewardsServiceImpl : Service - Distance calculated: 9184.825056730038
2021-11-27 20:34:20.998  INFO 530588 --- [nPool-worker-11] .t.t.s.TourGuideClientRewardsServiceImpl : Service - Distance calculated: 6289.83696368933
2021-11-27 20:34:20.998  INFO 530588 --- [nPool-worker-11] .t.t.s.TourGuideClientRewardsServiceImpl : Service - Distance calculated: 6300.651386519296
2021-11-27 20:34:20.998  INFO 530588 --- [nPool-worker-11] .t.t.s.TourGuideClientRewardsServiceImpl : Service - Distance calculated: 6200.591882939756
2021-11-27 20:34:20.998  INFO 530588 --- [nPool-worker-11] .t.t.s.TourGuideClientRewardsServiceImpl : Service - Distance calculated: 5444.289982142107
2021-11-27 20:34:20.998  INFO 530588 --- [nPool-worker-11] .t.t.s.TourGuideClientRewardsServiceImpl : Service - Distance calculated: 6044.307134947188
2021-11-27 20:34:20.998  INFO 530588 --- [nPool-worker-11] .t.t.s.TourGuideClientRewardsServiceImpl : Service - Distance calculated: 5995.956708694077
2021-11-27 20:34:20.998  INFO 530588 --- [nPool-worker-11] .t.t.s.TourGuideClientRewardsServiceImpl : Service - Distance calculated: 5892.983631546472
2021-11-27 20:34:20.998  INFO 530588 --- [nPool-worker-11] .t.t.s.TourGuideClientRewardsServiceImpl : Service - Distance calculated: 6108.134654146436
2021-11-27 20:34:20.998  INFO 530588 --- [nPool-worker-11] .t.t.s.TourGuideClientRewardsServiceImpl : Service - Distance calculated: 6028.916116488594
2021-11-27 20:34:20.998  INFO 530588 --- [nPool-worker-11] .t.t.s.TourGuideClientRewardsServiceImpl : Service - Distance calculated: 6774.274454280008
2021-11-27 20:34:20.998  INFO 530588 --- [nPool-worker-11] .t.t.s.TourGuideClientRewardsServiceImpl : Service - Distance calculated: 5559.572147308793
2021-11-27 20:34:20.998  INFO 530588 --- [nPool-worker-11] .t.t.s.TourGuideClientRewardsServiceImpl : Service - Distance calculated: 6367.762636997872
2021-11-27 20:34:20.998  INFO 530588 --- [nPool-worker-11] .t.t.s.TourGuideClientRewardsServiceImpl : Service - Distance calculated: 6378.0975692709235
2021-11-27 20:34:20.998  INFO 530588 --- [nPool-worker-11] .t.t.s.TourGuideClientRewardsServiceImpl : Service - Distance calculated: 6513.155567236079
2021-11-27 20:34:20.998  INFO 530588 --- [nPool-worker-11] .t.t.s.TourGuideClientRewardsServiceImpl : Service - Distance calculated: 6296.166280863624
2021-11-27 20:34:20.998  INFO 530588 --- [nPool-worker-11] .t.t.s.TourGuideClientRewardsServiceImpl : Service - Distance calculated: 5570.675002180381
2021-11-27 20:34:20.999  INFO 530588 --- [nPool-worker-11] .t.t.s.TourGuideClientRewardsServiceImpl : Service - Distance calculated: 5.8950310023474215E-5
2021-11-27 20:34:20.999  INFO 530588 --- [nPool-worker-11] .t.t.s.TourGuideClientRewardsServiceImpl : Service - Distance calculated: 774.5207212649109
2021-11-27 20:34:20.999  INFO 530588 --- [nPool-worker-11] .t.t.s.TourGuideClientRewardsServiceImpl : Service - Distance calculated: 164.91310606753288
2021-11-27 20:34:20.999  INFO 530588 --- [nPool-worker-11] .t.t.s.TourGuideClientRewardsServiceImpl : Service - Distance calculated: 115.99464245531166
2021-11-27 20:34:20.999  INFO 530588 --- [nPool-worker-11] .t.t.s.TourGuideClientRewardsServiceImpl : Service - Distance calculated: 1428.8577204882306
2021-11-27 20:34:20.999  INFO 530588 --- [nPool-worker-11] .t.t.s.TourGuideClientRewardsServiceImpl : Service - Distance calculated: 1418.571827418631
2021-11-27 20:34:20.999  INFO 530588 --- [nPool-worker-11] .t.t.s.TourGuideClientRewardsServiceImpl : Service - Distance calculated: 460.11990361699293
2021-11-27 20:34:20.999  INFO 530588 --- [nPool-worker-11] .t.t.s.TourGuideClientRewardsServiceImpl : Service - Distance calculated: 1992.7911930022951
2021-11-27 20:34:20.999  INFO 530588 --- [nPool-worker-11] .t.t.s.TourGuideClientRewardsServiceImpl : Service - Distance calculated: 1906.7972782801585
2021-11-27 20:34:20.999  INFO 530588 --- [nPool-worker-11] .t.t.s.TourGuideClientRewardsServiceImpl : Service - Distance calculated: 2360.645624935619
2021-11-27 20:34:20.999  INFO 530588 --- [nPool-worker-11] .t.t.s.TourGuideClientRewardsServiceImpl : Service - Distance calculated: 2434.494471527265
2021-11-27 20:34:20.999  INFO 530588 --- [nPool-worker-11] .t.t.s.TourGuideClientRewardsServiceImpl : Service - Distance calculated: 2148.3967563579567
2021-11-27 20:34:20.999  INFO 530588 --- [nPool-worker-11] .t.t.s.TourGuideClientRewardsServiceImpl : Service - Distance calculated: 2282.746325565392
2021-11-27 20:34:20.999  INFO 530588 --- [nPool-worker-11] .t.t.s.TourGuideClientRewardsServiceImpl : Service - Distance calculated: 2289.4339721013357
2021-11-27 20:34:20.999  INFO 530588 --- [nPool-worker-11] .t.t.s.TourGuideClientRewardsServiceImpl : Service - Distance calculated: 1204.372289719331
2021-11-27 20:34:20.999  INFO 530588 --- [nPool-worker-11] .t.t.s.TourGuideClientRewardsServiceImpl : Service - Distance calculated: 1742.5694022642394
2021-11-27 20:34:20.999  INFO 530588 --- [nPool-worker-11] .t.t.s.TourGuideClientRewardsServiceImpl : Service - Distance calculated: 1576.7472428725728
2021-11-27 20:34:20.999  INFO 530588 --- [nPool-worker-11] .t.t.s.TourGuideClientRewardsServiceImpl : Service - Distance calculated: 1921.4807999190489
2021-11-27 20:34:20.999  INFO 530588 --- [nPool-worker-11] .t.t.s.TourGuideClientRewardsServiceImpl : Service - Distance calculated: 1277.6245433336508
2021-11-27 20:34:20.999  INFO 530588 --- [nPool-worker-11] .t.t.s.TourGuideClientRewardsServiceImpl : Service - Distance calculated: 87.03441722159666
2021-11-27 20:34:20.999  INFO 530588 --- [nPool-worker-11] .t.t.s.TourGuideClientRewardsServiceImpl : Service - Distance calculated: 2127.2478407793283
2021-11-27 20:34:20.999  INFO 530588 --- [nPool-worker-11] .t.t.s.TourGuideClientRewardsServiceImpl : Service - Distance calculated: 2578.910516018122
2021-11-27 20:34:20.999  INFO 530588 --- [nPool-worker-11] .t.t.s.TourGuideClientRewardsServiceImpl : Service - Distance calculated: 680.6158831369517
2021-11-27 20:34:20.999  INFO 530588 --- [nPool-worker-11] .t.t.s.TourGuideClientRewardsServiceImpl : Service - Distance calculated: 1344.090272349311
2021-11-27 20:34:20.999  INFO 530588 --- [nPool-worker-11] .t.t.s.TourGuideClientRewardsServiceImpl : Service - Distance calculated: 2440.177336041544
2021-11-27 20:34:20.999  INFO 530588 --- [onPool-worker-4] .t.t.s.TourGuideClientRewardsServiceImpl : Service - Distance calculated: 5492.214007016291
2021-11-27 20:34:20.999  INFO 530588 --- [onPool-worker-4] .t.t.s.TourGuideClientRewardsServiceImpl : Service - Distance calculated: 5726.3346704863225
2021-11-27 20:34:21.000  INFO 530588 --- [onPool-worker-4] .t.t.s.TourGuideClientRewardsServiceImpl : Service - Distance calculated: 5609.0531278524495
2021-11-27 20:34:21.000  INFO 530588 --- [onPool-worker-6] .t.t.s.TourGuideClientRewardsServiceImpl : Service - Distance calculated: 7978.672019593376
2021-11-27 20:34:20.986  INFO 530588 --- [ool-61-thread-2] .t.t.s.TourGuideClientRewardsServiceImpl : Service - Distance calculated: 9128.509612650858
2021-11-27 20:34:21.000  INFO 530588 --- [ool-61-thread-2] .t.t.s.TourGuideClientRewardsServiceImpl : Service - Distance calculated: 10019.836285463376
2021-11-27 20:34:21.000  INFO 530588 --- [ool-61-thread-2] .t.t.s.TourGuideClientRewardsServiceImpl : Service - Distance calculated: 10443.262612864935
2021-11-27 20:34:20.986  INFO 530588 --- [ol-120-thread-2] .t.t.s.TourGuideClientRewardsServiceImpl : Service - Distance calculated: 6605.175430819445
2021-11-27 20:34:21.000  INFO 530588 --- [onPool-worker-6] .t.t.s.TourGuideClientRewardsServiceImpl : Service - Distance calculated: 8484.349533188046
2021-11-27 20:34:20.986  INFO 530588 --- [ol-140-thread-2] .t.t.s.TourGuideClientRewardsServiceImpl : Service - Distance calculated: 9769.8491699616
2021-11-27 20:34:21.000  INFO 530588 --- [onPool-worker-6] .t.t.s.TourGuideClientRewardsServiceImpl : Service - Distance calculated: 8134.671841810851
2021-11-27 20:34:20.986  INFO 530588 --- [ool-81-thread-2] .t.t.s.TourGuideClientRewardsServiceImpl : Service - Distance calculated: 6295.44164227799
2021-11-27 20:34:21.000  INFO 530588 --- [ol-140-thread-2] .t.t.s.TourGuideClientRewardsServiceImpl : Service - Distance calculated: 9683.628090969605
2021-11-27 20:34:21.000  INFO 530588 --- [ool-81-thread-2] .t.t.s.TourGuideClientRewardsServiceImpl : Service - Distance calculated: 6887.235405565265
2021-11-27 20:34:20.986  INFO 530588 --- [ool-96-thread-2] .t.t.s.TourGuideClientRewardsServiceImpl : Service - Distance calculated: 6742.212952930617
2021-11-27 20:34:21.000  INFO 530588 --- [ol-140-thread-2] .t.t.s.TourGuideClientRewardsServiceImpl : Service - Distance calculated: 9628.205364526242
2021-11-27 20:34:21.000  INFO 530588 --- [ool-81-thread-2] .t.t.s.TourGuideClientRewardsServiceImpl : Service - Distance calculated: 6974.379489012538
2021-11-27 20:34:21.000  INFO 530588 --- [ool-96-thread-2] .t.t.s.TourGuideClientRewardsServiceImpl : Service - Distance calculated: 6797.649523265451
2021-11-27 20:34:21.000  INFO 530588 --- [ool-96-thread-2] .t.t.s.TourGuideClientRewardsServiceImpl : Service - Distance calculated: 3677.0036452789705
2021-11-27 20:34:21.000  INFO 530588 --- [ool-96-thread-2] .t.t.s.TourGuideClientRewardsServiceImpl : Service - Distance calculated: 7023.316797182979
2021-11-27 20:34:21.000  INFO 530588 --- [ool-96-thread-2] .t.t.s.TourGuideClientRewardsServiceImpl : Service - Distance calculated: 6859.745115982008
2021-11-27 20:34:21.000  INFO 530588 --- [ool-96-thread-2] .t.t.s.TourGuideClientRewardsServiceImpl : Service - Distance calculated: 7002.861115453899
2021-11-27 20:34:21.000  INFO 530588 --- [ool-96-thread-2] .t.t.s.TourGuideClientRewardsServiceImpl : Service - Distance calculated: 7427.743097756582
2021-11-27 20:34:21.000  INFO 530588 --- [ool-96-thread-2] .t.t.s.TourGuideClientRewardsServiceImpl : Service - Distance calculated: 6420.922670623946
2021-11-27 20:34:21.000  INFO 530588 --- [ool-96-thread-2] .t.t.s.TourGuideClientRewardsServiceImpl : Service - Distance calculated: 6809.034633616681
2021-11-27 20:34:21.000  INFO 530588 --- [ool-96-thread-2] .t.t.s.TourGuideClientRewardsServiceImpl : Service - Distance calculated: 6746.3852182684295
2021-11-27 20:34:21.000  INFO 530588 --- [ool-96-thread-2] .t.t.s.TourGuideClientRewardsServiceImpl : Service - Distance calculated: 6855.45910580284
2021-11-27 20:34:21.000  INFO 530588 --- [ool-96-thread-2] .t.t.s.TourGuideClientRewardsServiceImpl : Service - Distance calculated: 6480.596390485451
2021-11-27 20:34:21.000  INFO 530588 --- [ool-96-thread-2] .t.t.s.TourGuideClientRewardsServiceImpl : Service - Distance calculated: 5317.908094533729
2021-11-27 20:34:21.000  INFO 530588 --- [ool-96-thread-2] .t.t.s.TourGuideClientRewardsServiceImpl : Service - Distance calculated: 7267.197161559279
2021-11-27 20:34:21.000  INFO 530588 --- [ool-96-thread-2] .t.t.s.TourGuideClientRewardsServiceImpl : Service - Distance calculated: 7042.798767006827
2021-11-27 20:34:21.000  INFO 530588 --- [ool-96-thread-2] .t.t.s.TourGuideClientRewardsServiceImpl : Service - Distance calculated: 5918.228894957907
2021-11-27 20:34:21.000  INFO 530588 --- [ool-96-thread-2] .t.t.s.TourGuideClientRewardsServiceImpl : Service - Distance calculated: 6261.605424304375
2021-11-27 20:34:21.000  INFO 530588 --- [ool-96-thread-2] .t.t.s.TourGuideClientRewardsServiceImpl : Service - Distance calculated: 7021.821381289221
2021-11-27 20:34:21.000  INFO 530588 --- [ool-96-thread-2] .t.t.s.TourGuideClientRewardsServiceImpl : Service - Distance calculated: 7291.400641334348
2021-11-27 20:34:21.000  INFO 530588 --- [ool-96-thread-2] .t.t.s.TourGuideClientRewardsServiceImpl : Service - Distance calculated: 2949.2772846831435
2021-11-27 20:34:21.000  INFO 530588 --- [ool-96-thread-2] .t.t.s.TourGuideClientRewardsServiceImpl : Service - Distance calculated: 3704.515096916589
2021-11-27 20:34:21.000  INFO 530588 --- [ool-96-thread-2] .t.t.s.TourGuideClientRewardsServiceImpl : Service - Distance calculated: 3109.344318033414
2021-11-27 20:34:21.000  INFO 530588 --- [ool-96-thread-2] .t.t.s.TourGuideClientRewardsServiceImpl : Service - Distance calculated: 3031.040380927992
2021-11-27 20:34:21.000  INFO 530588 --- [ool-96-thread-2] .t.t.s.TourGuideClientRewardsServiceImpl : Service - Distance calculated: 4179.5716240979045
2021-11-27 20:34:21.000  INFO 530588 --- [ool-96-thread-2] .t.t.s.TourGuideClientRewardsServiceImpl : Service - Distance calculated: 4122.0440481080705
2021-11-27 20:34:21.000  INFO 530588 --- [ool-96-thread-2] .t.t.s.TourGuideClientRewardsServiceImpl : Service - Distance calculated: 3174.3030709046875
2021-11-27 20:34:21.000  INFO 530588 --- [ool-96-thread-2] .t.t.s.TourGuideClientRewardsServiceImpl : Service - Distance calculated: 4804.023136482472
2021-11-27 20:34:21.000  INFO 530588 --- [ool-96-thread-2] .t.t.s.TourGuideClientRewardsServiceImpl : Service - Distance calculated: 4654.659085806499
2021-11-27 20:34:21.000  INFO 530588 --- [ool-96-thread-2] .t.t.s.TourGuideClientRewardsServiceImpl : Service - Distance calculated: 4290.098350489014
2021-11-27 20:34:21.000  INFO 530588 --- [ool-96-thread-2] .t.t.s.TourGuideClientRewardsServiceImpl : Service - Distance calculated: 5244.428343445146
2021-11-27 20:34:21.000  INFO 530588 --- [ool-96-thread-2] .t.t.s.TourGuideClientRewardsServiceImpl : Service - Distance calculated: 4951.123431789925
2021-11-27 20:34:21.000  INFO 530588 --- [ool-96-thread-2] .t.t.s.TourGuideClientRewardsServiceImpl : Service - Distance calculated: 5057.908031664462
2021-11-27 20:34:21.000  INFO 530588 --- [ool-96-thread-2] .t.t.s.TourGuideClientRewardsServiceImpl : Service - Distance calculated: 4680.381374269731
2021-11-27 20:34:21.000  INFO 530588 --- [ool-96-thread-2] .t.t.s.TourGuideClientRewardsServiceImpl : Service - Distance calculated: 3749.320865112486
2021-11-27 20:34:21.000  INFO 530588 --- [ool-96-thread-2] .t.t.s.TourGuideClientRewardsServiceImpl : Service - Distance calculated: 4378.085123460167
2021-11-27 20:34:21.000  INFO 530588 --- [ool-96-thread-2] .t.t.s.TourGuideClientRewardsServiceImpl : Service - Distance calculated: 4110.233619974347
2021-11-27 20:34:21.000  INFO 530588 --- [ool-96-thread-2] .t.t.s.TourGuideClientRewardsServiceImpl : Service - Distance calculated: 4635.79872333228
2021-11-27 20:34:21.000  INFO 530588 --- [ool-96-thread-2] .t.t.s.TourGuideClientRewardsServiceImpl : Service - Distance calculated: 3833.8217575852473
2021-11-27 20:34:21.000  INFO 530588 --- [ool-96-thread-2] .t.t.s.TourGuideClientRewardsServiceImpl : Service - Distance calculated: 2924.0300491755556
2021-11-27 20:34:21.000  INFO 530588 --- [ool-96-thread-2] .t.t.s.TourGuideClientRewardsServiceImpl : Service - Distance calculated: 4558.8580326659
2021-11-27 20:34:21.000  INFO 530588 --- [ool-96-thread-2] .t.t.s.TourGuideClientRewardsServiceImpl : Service - Distance calculated: 5414.518050875533
2021-11-27 20:34:21.000  INFO 530588 --- [ool-96-thread-2] .t.t.s.TourGuideClientRewardsServiceImpl : Service - Distance calculated: 3355.5251404010764
2021-11-27 20:34:21.000  INFO 530588 --- [ool-96-thread-2] .t.t.s.TourGuideClientRewardsServiceImpl : Service - Distance calculated: 4187.493653676613
2021-11-27 20:34:21.000  INFO 530588 --- [ool-96-thread-2] .t.t.s.TourGuideClientRewardsServiceImpl : Service - Distance calculated: 5252.165260839478
2021-11-27 20:34:21.000  INFO 530588 --- [ool-96-thread-2] .t.t.s.TourGuideClientRewardsServiceImpl : Service - Distance calculated: 4618.202218703398
2021-11-27 20:34:21.000  INFO 530588 --- [ool-96-thread-2] .t.t.s.TourGuideClientRewardsServiceImpl : Service - Calculate rewards points for user: internalUser28
2021-11-27 20:34:20.986  INFO 530588 --- [ool-71-thread-2] .t.t.s.TourGuideClientRewardsServiceImpl : Service - Distance calculated: 6306.2825140678115
2021-11-27 20:34:20.986  INFO 530588 --- [ool-67-thread-2] .t.t.s.TourGuideClientRewardsServiceImpl : Service - Distance calculated: 11258.208166114231
2021-11-27 20:34:20.986  INFO 530588 --- [ool-89-thread-2] .t.t.s.TourGuideClientRewardsServiceImpl : Service - Distance calculated: 3913.527975592333
2021-11-27 20:34:21.001  INFO 530588 --- [ool-89-thread-2] .t.t.s.TourGuideClientRewardsServiceImpl : Service - Distance calculated: 6748.815145377223
2021-11-27 20:34:21.001  INFO 530588 --- [ool-89-thread-2] .t.t.s.TourGuideClientRewardsServiceImpl : Service - Distance calculated: 4172.345966588975
2021-11-27 20:34:21.001  INFO 530588 --- [ool-89-thread-2] .t.t.s.TourGuideClientRewardsServiceImpl : Service - Distance calculated: 4096.57869929906
2021-11-27 20:34:21.001  INFO 530588 --- [ool-67-thread-2] .t.t.s.TourGuideClientRewardsServiceImpl : Service - Distance calculated: 8867.653997420835
2021-11-27 20:34:20.986  INFO 530588 --- [ol-102-thread-2] .t.t.s.TourGuideClientRewardsServiceImpl : Service - Distance calculated: 4976.231042311854
2021-11-27 20:34:21.001  INFO 530588 --- [ol-102-thread-2] .t.t.s.TourGuideClientRewardsServiceImpl : Service - Distance calculated: 5098.892992736606
2021-11-27 20:34:21.001  INFO 530588 --- [ol-102-thread-2] .t.t.s.TourGuideClientRewardsServiceImpl : Service - Distance calculated: 5129.652675879456
2021-11-27 20:34:21.001  INFO 530588 --- [ol-102-thread-2] .t.t.s.TourGuideClientRewardsServiceImpl : Service - Distance calculated: 6043.6951495985495
2021-11-27 20:34:21.001  INFO 530588 --- [ol-102-thread-2] .t.t.s.TourGuideClientRewardsServiceImpl : Service - Distance calculated: 6104.566864694993
2021-11-27 20:34:21.001  INFO 530588 --- [ool-67-thread-2] .t.t.s.TourGuideClientRewardsServiceImpl : Service - Distance calculated: 11853.947214347125
2021-11-27 20:34:20.986  INFO 530588 --- [ol-113-thread-2] .t.t.s.TourGuideClientRewardsServiceImpl : Service - Distance calculated: 9145.10548198067
2021-11-27 20:34:20.986  INFO 530588 --- [ol-111-thread-2] .t.t.s.TourGuideClientRewardsServiceImpl : Service - Distance calculated: 11576.604476923567
2021-11-27 20:34:21.001  INFO 530588 --- [ol-111-thread-2] .t.t.s.TourGuideClientRewardsServiceImpl : Service - Distance calculated: 11625.7671974704
2021-11-27 20:34:21.001  INFO 530588 --- [ool-67-thread-2] .t.t.s.TourGuideClientRewardsServiceImpl : Service - Distance calculated: 11563.879640215933
2021-11-27 20:34:20.986  INFO 530588 --- [ool-74-thread-2] .t.t.s.TourGuideClientRewardsServiceImpl : Service - Distance calculated: 5792.875918628231
2021-11-27 20:34:21.001  INFO 530588 --- [ool-67-thread-2] .t.t.s.TourGuideClientRewardsServiceImpl : Service - Distance calculated: 11655.720984286458
2021-11-27 20:34:21.001  INFO 530588 --- [ool-74-thread-2] .t.t.s.TourGuideClientRewardsServiceImpl : Service - Distance calculated: 2767.664047701693
2021-11-27 20:34:21.001  INFO 530588 --- [ool-74-thread-2] .t.t.s.TourGuideClientRewardsServiceImpl : Service - Distance calculated: 2753.497455829849
2021-11-27 20:34:21.001  INFO 530588 --- [ool-74-thread-2] .t.t.s.TourGuideClientRewardsServiceImpl : Service - Distance calculated: 2659.95055604782
2021-11-27 20:34:21.001  INFO 530588 --- [ool-74-thread-2] .t.t.s.TourGuideClientRewardsServiceImpl : Service - Distance calculated: 1899.119403216958
2021-11-27 20:34:21.001  INFO 530588 --- [ool-74-thread-2] .t.t.s.TourGuideClientRewardsServiceImpl : Service - Distance calculated: 2678.3445879721007
2021-11-27 20:34:21.001  INFO 530588 --- [ool-74-thread-2] .t.t.s.TourGuideClientRewardsServiceImpl : Service - Distance calculated: 2478.6103286219495
2021-11-27 20:34:20.986  INFO 530588 --- [ol-114-thread-2] .t.t.s.TourGuideClientRewardsServiceImpl : Service - Distance calculated: 8257.212067618488
2021-11-27 20:34:21.001  INFO 530588 --- [ol-114-thread-2] .t.t.s.TourGuideClientRewardsServiceImpl : Service - Distance calculated: 8520.589937710109
2021-11-27 20:34:20.986  INFO 530588 --- [ool-55-thread-2] .t.t.s.TourGuideClientRewardsServiceImpl : Service - Distance calculated: 115.99464245531166
2021-11-27 20:34:21.002  INFO 530588 --- [ol-114-thread-2] .t.t.s.TourGuideClientRewardsServiceImpl : Service - Distance calculated: 8003.761964570071
2021-11-27 20:34:20.986  INFO 530588 --- [ol-106-thread-2] .t.t.s.TourGuideClientRewardsServiceImpl : Service - Distance calculated: 6092.433328824561
2021-11-27 20:34:21.002  INFO 530588 --- [ol-114-thread-2] .t.t.s.TourGuideClientRewardsServiceImpl : Service - Distance calculated: 8802.388230594348
2021-11-27 20:34:20.986  INFO 530588 --- [ol-133-thread-2] .t.t.s.TourGuideClientRewardsServiceImpl : Service - Distance calculated: 4761.590052127544
2021-11-27 20:34:21.002  INFO 530588 --- [ol-114-thread-2] .t.t.s.TourGuideClientRewardsServiceImpl : Service - Distance calculated: 9741.311385512518
2021-11-27 20:34:21.002  INFO 530588 --- [ol-106-thread-2] .t.t.s.TourGuideClientRewardsServiceImpl : Service - Distance calculated: 6186.374236201962
2021-11-27 20:34:21.002  INFO 530588 --- [ol-114-thread-2] .t.t.s.TourGuideClientRewardsServiceImpl : Service - Distance calculated: 8058.49167528164
2021-11-27 20:34:21.002  INFO 530588 --- [ol-133-thread-2] .t.t.s.TourGuideClientRewardsServiceImpl : Service - Distance calculated: 4845.10894728856
2021-11-27 20:34:21.002  INFO 530588 --- [ol-114-thread-2] .t.t.s.TourGuideClientRewardsServiceImpl : Service - Distance calculated: 7233.189407595806
2021-11-27 20:34:21.002  INFO 530588 --- [ol-133-thread-2] .t.t.s.TourGuideClientRewardsServiceImpl : Service - Distance calculated: 4927.711547598402
2021-11-27 20:34:21.002  INFO 530588 --- [ol-114-thread-2] .t.t.s.TourGuideClientRewardsServiceImpl : Service - Distance calculated: 9294.926089830418
2021-11-27 20:34:21.002  INFO 530588 --- [ol-133-thread-2] .t.t.s.TourGuideClientRewardsServiceImpl : Service - Distance calculated: 4759.964331647636
2021-11-27 20:34:21.002  INFO 530588 --- [ol-114-thread-2] .t.t.s.TourGuideClientRewardsServiceImpl : Service - Distance calculated: 8465.91395514585
2021-11-27 20:34:21.002  INFO 530588 --- [ol-133-thread-2] .t.t.s.TourGuideClientRewardsServiceImpl : Service - Distance calculated: 4779.259610134494
2021-11-27 20:34:21.002  INFO 530588 --- [ol-114-thread-2] .t.t.s.TourGuideClientRewardsServiceImpl : Service - Distance calculated: 7393.458339904681
2021-11-27 20:34:21.002  INFO 530588 --- [ol-133-thread-2] .t.t.s.TourGuideClientRewardsServiceImpl : Service - Distance calculated: 4056.9215073940327
2021-11-27 20:34:21.002  INFO 530588 --- [ol-114-thread-2] .t.t.s.TourGuideClientRewardsServiceImpl : Service - Distance calculated: 7999.811437203366
2021-11-27 20:34:21.002  INFO 530588 --- [ol-133-thread-2] .t.t.s.TourGuideClientRewardsServiceImpl : Service - Distance calculated: 5295.961216312884
2021-11-27 20:34:21.002  INFO 530588 --- [ol-114-thread-2] .t.t.s.TourGuideClientRewardsServiceImpl : Service - Calculate rewards points for user: internalUser48
2021-11-27 20:34:21.002  INFO 530588 --- [ol-133-thread-2] .t.t.s.TourGuideClientRewardsServiceImpl : Service - Distance calculated: 4625.067885645528
2021-11-27 20:34:21.002  INFO 530588 --- [ol-133-thread-2] .t.t.s.TourGuideClientRewardsServiceImpl : Service - Distance calculated: 4427.656967515958
2021-11-27 20:34:20.987  INFO 530588 --- [ol-141-thread-2] .t.t.s.TourGuideClientRewardsServiceImpl : Service - Distance calculated: 3432.4568611400205
2021-11-27 20:34:21.002  INFO 530588 --- [ol-133-thread-2] .t.t.s.TourGuideClientRewardsServiceImpl : Service - Distance calculated: 4312.756099529655
2021-11-27 20:34:20.987  INFO 530588 --- [ool-47-thread-2] .t.t.s.TourGuideClientRewardsServiceImpl : Service - Distance calculated: 460.11990361699293
2021-11-27 20:34:21.002  INFO 530588 --- [ol-141-thread-2] .t.t.s.TourGuideClientRewardsServiceImpl : Service - Distance calculated: 3067.172936345157
2021-11-27 20:34:21.002  INFO 530588 --- [ol-141-thread-2] .t.t.s.TourGuideClientRewardsServiceImpl : Service - Distance calculated: 2411.8678552555625
2021-11-27 20:34:21.002  INFO 530588 --- [ool-47-thread-2] .t.t.s.TourGuideClientRewardsServiceImpl : Service - Distance calculated: 1992.7911930022951
2021-11-27 20:34:21.002  INFO 530588 --- [ol-141-thread-2] .t.t.s.TourGuideClientRewardsServiceImpl : Service - Distance calculated: 8644.505963339865
2021-11-27 20:34:21.002  INFO 530588 --- [ool-47-thread-2] .t.t.s.TourGuideClientRewardsServiceImpl : Service - Distance calculated: 1906.7972782801585
2021-11-27 20:34:21.002  INFO 530588 --- [ol-141-thread-2] .t.t.s.TourGuideClientRewardsServiceImpl : Service - Distance calculated: 7884.550879516726
2021-11-27 20:34:21.002  INFO 530588 --- [ool-47-thread-2] .t.t.s.TourGuideClientRewardsServiceImpl : Service - Distance calculated: 2360.645624935619
2021-11-27 20:34:21.002  INFO 530588 --- [ol-141-thread-2] .t.t.s.TourGuideClientRewardsServiceImpl : Service - Distance calculated: 8517.310577431153
2021-11-27 20:34:21.002  INFO 530588 --- [ool-47-thread-2] .t.t.s.TourGuideClientRewardsServiceImpl : Service - Distance calculated: 2434.494471527265
2021-11-27 20:34:21.002  INFO 530588 --- [ol-141-thread-2] .t.t.s.TourGuideClientRewardsServiceImpl : Service - Distance calculated: 8606.908907590017
2021-11-27 20:34:21.002  INFO 530588 --- [ool-47-thread-2] .t.t.s.TourGuideClientRewardsServiceImpl : Service - Distance calculated: 2148.3967563579567
2021-11-27 20:34:21.002  INFO 530588 --- [ol-141-thread-2] .t.t.s.TourGuideClientRewardsServiceImpl : Service - Distance calculated: 7843.015021880614
2021-11-27 20:34:21.002  INFO 530588 --- [ool-47-thread-2] .t.t.s.TourGuideClientRewardsServiceImpl : Service - Distance calculated: 2282.746325565392
2021-11-27 20:34:21.002  INFO 530588 --- [ol-141-thread-2] .t.t.s.TourGuideClientRewardsServiceImpl : Service - Distance calculated: 7930.704775243183
2021-11-27 20:34:21.002  INFO 530588 --- [ool-47-thread-2] .t.t.s.TourGuideClientRewardsServiceImpl : Service - Distance calculated: 2289.4339721013357
2021-11-27 20:34:21.002  INFO 530588 --- [ol-141-thread-2] .t.t.s.TourGuideClientRewardsServiceImpl : Service - Distance calculated: 8622.488610432214
2021-11-27 20:34:21.002  INFO 530588 --- [ool-47-thread-2] .t.t.s.TourGuideClientRewardsServiceImpl : Service - Distance calculated: 1204.372289719331
2021-11-27 20:34:21.002  INFO 530588 --- [ol-141-thread-2] .t.t.s.TourGuideClientRewardsServiceImpl : Service - Distance calculated: 7256.905671675719
2021-11-27 20:34:21.002  INFO 530588 --- [ool-47-thread-2] .t.t.s.TourGuideClientRewardsServiceImpl : Service - Distance calculated: 1742.5694022642394
2021-11-27 20:34:21.002  INFO 530588 --- [ol-141-thread-2] .t.t.s.TourGuideClientRewardsServiceImpl : Service - Distance calculated: 7454.767754726594
2021-11-27 20:34:21.002  INFO 530588 --- [ool-47-thread-2] .t.t.s.TourGuideClientRewardsServiceImpl : Service - Distance calculated: 1576.7472428725728
2021-11-27 20:34:21.002  INFO 530588 --- [ol-141-thread-2] .t.t.s.TourGuideClientRewardsServiceImpl : Service - Distance calculated: 6764.3282156652
2021-11-27 20:34:21.002  INFO 530588 --- [ool-47-thread-2] .t.t.s.TourGuideClientRewardsServiceImpl : Service - Distance calculated: 1921.4807999190489
2021-11-27 20:34:21.002  INFO 530588 --- [ol-141-thread-2] .t.t.s.TourGuideClientRewardsServiceImpl : Service - Distance calculated: 6879.555133457679
2021-11-27 20:34:21.002  INFO 530588 --- [ol-141-thread-2] .t.t.s.TourGuideClientRewardsServiceImpl : Service - Distance calculated: 7141.60546734757
2021-11-27 20:34:21.002  INFO 530588 --- [ol-141-thread-2] .t.t.s.TourGuideClientRewardsServiceImpl : Service - Distance calculated: 7083.946675614325
2021-11-27 20:34:21.002  INFO 530588 --- [ol-141-thread-2] .t.t.s.TourGuideClientRewardsServiceImpl : Service - Distance calculated: 7736.27629305316
2021-11-27 20:34:21.002  INFO 530588 --- [ol-141-thread-2] .t.t.s.TourGuideClientRewardsServiceImpl : Service - Distance calculated: 8329.950465360296
2021-11-27 20:34:21.002  INFO 530588 --- [ol-141-thread-2] .t.t.s.TourGuideClientRewardsServiceImpl : Service - Distance calculated: 7784.0448077897245
2021-11-27 20:34:21.002  INFO 530588 --- [ol-141-thread-2] .t.t.s.TourGuideClientRewardsServiceImpl : Service - Distance calculated: 8071.0369050726395
2021-11-27 20:34:21.002  INFO 530588 --- [ol-141-thread-2] .t.t.s.TourGuideClientRewardsServiceImpl : Service - Distance calculated: 7504.110465357813
2021-11-27 20:34:21.002  INFO 530588 --- [ol-141-thread-2] .t.t.s.TourGuideClientRewardsServiceImpl : Service - Distance calculated: 8261.160274633326
2021-11-27 20:34:21.002  INFO 530588 --- [ol-141-thread-2] .t.t.s.TourGuideClientRewardsServiceImpl : Service - Distance calculated: 8703.882740588113
2021-11-27 20:34:21.002  INFO 530588 --- [ol-141-thread-2] .t.t.s.TourGuideClientRewardsServiceImpl : Service - Distance calculated: 7800.9949457075145
2021-11-27 20:34:21.002  INFO 530588 --- [ol-141-thread-2] .t.t.s.TourGuideClientRewardsServiceImpl : Service - Distance calculated: 6694.791021150576
2021-11-27 20:34:21.002  INFO 530588 --- [ol-141-thread-2] .t.t.s.TourGuideClientRewardsServiceImpl : Service - Distance calculated: 8524.746242171748
2021-11-27 20:34:21.002  INFO 530588 --- [ol-141-thread-2] .t.t.s.TourGuideClientRewardsServiceImpl : Service - Distance calculated: 7741.243002495538
2021-11-27 20:34:21.002  INFO 530588 --- [ol-141-thread-2] .t.t.s.TourGuideClientRewardsServiceImpl : Service - Distance calculated: 6870.068114595277
2021-11-27 20:34:21.002  INFO 530588 --- [ol-141-thread-2] .t.t.s.TourGuideClientRewardsServiceImpl : Service - Distance calculated: 7741.380798511357
2021-11-27 20:34:21.002  INFO 530588 --- [ol-141-thread-2] .t.t.s.TourGuideClientRewardsServiceImpl : Service - Calculate rewards points for user: internalUser61
2021-11-27 20:34:20.987  INFO 530588 --- [ool-45-thread-2] .t.t.s.TourGuideClientRewardsServiceImpl : Service - Distance calculated: 1428.8577204882306
2021-11-27 20:34:21.002  INFO 530588 --- [ool-45-thread-2] .t.t.s.TourGuideClientRewardsServiceImpl : Service - Distance calculated: 1418.571827418631
2021-11-27 20:34:21.002  INFO 530588 --- [ool-45-thread-2] .t.t.s.TourGuideClientRewardsServiceImpl : Service - Distance calculated: 460.11990361699293
2021-11-27 20:34:21.002  INFO 530588 --- [ool-45-thread-2] .t.t.s.TourGuideClientRewardsServiceImpl : Service - Distance calculated: 1992.7911930022951
2021-11-27 20:34:21.002  INFO 530588 --- [ool-45-thread-2] .t.t.s.TourGuideClientRewardsServiceImpl : Service - Distance calculated: 1906.7972782801585
2021-11-27 20:34:21.002  INFO 530588 --- [ool-45-thread-2] .t.t.s.TourGuideClientRewardsServiceImpl : Service - Distance calculated: 2360.645624935619
2021-11-27 20:34:21.002  INFO 530588 --- [ool-45-thread-2] .t.t.s.TourGuideClientRewardsServiceImpl : Service - Distance calculated: 2434.494471527265
2021-11-27 20:34:21.002  INFO 530588 --- [ool-45-thread-2] .t.t.s.TourGuideClientRewardsServiceImpl : Service - Distance calculated: 2148.3967563579567
2021-11-27 20:34:21.002  INFO 530588 --- [ool-45-thread-2] .t.t.s.TourGuideClientRewardsServiceImpl : Service - Distance calculated: 2282.746325565392
2021-11-27 20:34:21.002  INFO 530588 --- [ool-45-thread-2] .t.t.s.TourGuideClientRewardsServiceImpl : Service - Distance calculated: 2289.4339721013357
2021-11-27 20:34:21.002  INFO 530588 --- [ool-45-thread-2] .t.t.s.TourGuideClientRewardsServiceImpl : Service - Distance calculated: 1204.372289719331
2021-11-27 20:34:21.002  INFO 530588 --- [ool-45-thread-2] .t.t.s.TourGuideClientRewardsServiceImpl : Service - Distance calculated: 1742.5694022642394
2021-11-27 20:34:21.002  INFO 530588 --- [ool-45-thread-2] .t.t.s.TourGuideClientRewardsServiceImpl : Service - Distance calculated: 1576.7472428725728
2021-11-27 20:34:21.002  INFO 530588 --- [ool-45-thread-2] .t.t.s.TourGuideClientRewardsServiceImpl : Service - Distance calculated: 1921.4807999190489
2021-11-27 20:34:21.003  INFO 530588 --- [ool-45-thread-2] .t.t.s.TourGuideClientRewardsServiceImpl : Service - Distance calculated: 1277.6245433336508
2021-11-27 20:34:21.003  INFO 530588 --- [ool-45-thread-2] .t.t.s.TourGuideClientRewardsServiceImpl : Service - Distance calculated: 87.03441722159666
2021-11-27 20:34:21.003  INFO 530588 --- [ool-45-thread-2] .t.t.s.TourGuideClientRewardsServiceImpl : Service - Distance calculated: 2127.2478407793283
2021-11-27 20:34:21.003  INFO 530588 --- [ool-45-thread-2] .t.t.s.TourGuideClientRewardsServiceImpl : Service - Distance calculated: 2578.910516018122
2021-11-27 20:34:21.003  INFO 530588 --- [ool-45-thread-2] .t.t.s.TourGuideClientRewardsServiceImpl : Service - Distance calculated: 680.6158831369517
2021-11-27 20:34:21.003  INFO 530588 --- [ool-45-thread-2] .t.t.s.TourGuideClientRewardsServiceImpl : Service - Distance calculated: 1344.090272349311
2021-11-27 20:34:21.003  INFO 530588 --- [ool-45-thread-2] .t.t.s.TourGuideClientRewardsServiceImpl : Service - Distance calculated: 2440.177336041544
2021-11-27 20:34:21.003  INFO 530588 --- [ool-45-thread-2] .t.t.s.TourGuideClientRewardsServiceImpl : Service - Distance calculated: 2168.830527042806
2021-11-27 20:34:21.003  INFO 530588 --- [ool-45-thread-2] .t.t.s.TourGuideClientRewardsServiceImpl : Service - Calculate rewards points for user: internalUser79
2021-11-27 20:34:20.987  INFO 530588 --- [ool-92-thread-2] .t.t.s.TourGuideClientRewardsServiceImpl : Service - Distance calculated: 7641.228490673277
2021-11-27 20:34:21.003  INFO 530588 --- [ool-92-thread-2] .t.t.s.TourGuideClientRewardsServiceImpl : Service - Distance calculated: 6529.306698029564
2021-11-27 20:34:21.003  INFO 530588 --- [ool-92-thread-2] .t.t.s.TourGuideClientRewardsServiceImpl : Service - Distance calculated: 6741.178235583939
2021-11-27 20:34:21.003  INFO 530588 --- [ool-92-thread-2] .t.t.s.TourGuideClientRewardsServiceImpl : Service - Distance calculated: 5551.960349946916
2021-11-27 20:34:21.003  INFO 530588 --- [ool-92-thread-2] .t.t.s.TourGuideClientRewardsServiceImpl : Service - Distance calculated: 6225.6918431618515
2021-11-27 20:34:21.003  INFO 530588 --- [ool-92-thread-2] .t.t.s.TourGuideClientRewardsServiceImpl : Service - Distance calculated: 6444.326992495602
2021-11-27 20:34:21.003  INFO 530588 --- [ool-92-thread-2] .t.t.s.TourGuideClientRewardsServiceImpl : Service - Distance calculated: 6424.124027505949
2021-11-27 20:34:20.987  INFO 530588 --- [ool-63-thread-2] .t.t.s.TourGuideClientRewardsServiceImpl : Service - Distance calculated: 2535.796087524371
2021-11-27 20:34:21.003  INFO 530588 --- [ool-92-thread-2] .t.t.s.TourGuideClientRewardsServiceImpl : Service - Distance calculated: 7200.565608911398
2021-11-27 20:34:21.004  INFO 530588 --- [ool-92-thread-2] .t.t.s.TourGuideClientRewardsServiceImpl : Service - Distance calculated: 7519.486862685975
2021-11-27 20:34:21.004  INFO 530588 --- [ool-92-thread-2] .t.t.s.TourGuideClientRewardsServiceImpl : Service - Distance calculated: 7074.226729901738
2021-11-27 20:34:20.987  INFO 530588 --- [ool-79-thread-2] .t.t.s.TourGuideClientRewardsServiceImpl : Service - Distance calculated: 3683.9083220873854
2021-11-27 20:34:21.004  INFO 530588 --- [ool-92-thread-2] .t.t.s.TourGuideClientRewardsServiceImpl : Service - Distance calculated: 7345.924496809263
2021-11-27 20:34:21.004  INFO 530588 --- [ool-92-thread-2] .t.t.s.TourGuideClientRewardsServiceImpl : Service - Distance calculated: 6805.672490074881
2021-11-27 20:34:20.987  INFO 530588 --- [ool-94-thread-2] .t.t.s.TourGuideClientRewardsServiceImpl : Service - Distance calculated: 5942.35769485462
2021-11-27 20:34:21.004  INFO 530588 --- [ool-92-thread-2] .t.t.s.TourGuideClientRewardsServiceImpl : Service - Distance calculated: 7466.173924959697
2021-11-27 20:34:21.004  INFO 530588 --- [ool-94-thread-2] .t.t.s.TourGuideClientRewardsServiceImpl : Service - Distance calculated: 5383.186595482282
2021-11-27 20:34:21.004  INFO 530588 --- [ool-94-thread-2] .t.t.s.TourGuideClientRewardsServiceImpl : Service - Distance calculated: 4432.273854990261
2021-11-27 20:34:21.004  INFO 530588 --- [ool-94-thread-2] .t.t.s.TourGuideClientRewardsServiceImpl : Service - Distance calculated: 4448.653704869762
2021-11-27 20:34:21.004  INFO 530588 --- [ool-94-thread-2] .t.t.s.TourGuideClientRewardsServiceImpl : Service - Calculate rewards points for user: internalUser26
2021-11-27 20:34:21.004  INFO 530588 --- [ool-63-thread-2] .t.t.s.TourGuideClientRewardsServiceImpl : Service - Distance calculated: 622.661205411614
2021-11-27 20:34:21.004  INFO 530588 --- [ool-63-thread-2] .t.t.s.TourGuideClientRewardsServiceImpl : Service - Distance calculated: 701.9100335507012
2021-11-27 20:34:21.004  INFO 530588 --- [ool-63-thread-2] .t.t.s.TourGuideClientRewardsServiceImpl : Service - Distance calculated: 1933.9404789619168
2021-11-27 20:34:21.004  INFO 530588 --- [ool-63-thread-2] .t.t.s.TourGuideClientRewardsServiceImpl : Service - Distance calculated: 1275.6549319381656
2021-11-27 20:34:21.004  INFO 530588 --- [ool-63-thread-2] .t.t.s.TourGuideClientRewardsServiceImpl : Service - Distance calculated: 592.3899381672909
2021-11-27 20:34:21.004  INFO 530588 --- [ool-63-thread-2] .t.t.s.TourGuideClientRewardsServiceImpl : Service - Distance calculated: 561.8551702643657
2021-11-27 20:34:21.004  INFO 530588 --- [ool-63-thread-2] .t.t.s.TourGuideClientRewardsServiceImpl : Service - Distance calculated: 5.8950310023474215E-5
2021-11-27 20:34:20.987  INFO 530588 --- [ol-112-thread-2] .t.t.s.TourGuideClientRewardsServiceImpl : Service - Distance calculated: 3989.8837310847985
2021-11-27 20:34:21.004  INFO 530588 --- [ol-112-thread-2] .t.t.s.TourGuideClientRewardsServiceImpl : Service - Distance calculated: 4714.855958142583
2021-11-27 20:34:21.004  INFO 530588 --- [ol-112-thread-2] .t.t.s.TourGuideClientRewardsServiceImpl : Service - Distance calculated: 4153.7468691709955
2021-11-27 20:34:21.004  INFO 530588 --- [ol-112-thread-2] .t.t.s.TourGuideClientRewardsServiceImpl : Service - Distance calculated: 4081.511757004351
2021-11-27 20:34:21.004  INFO 530588 --- [ol-112-thread-2] .t.t.s.TourGuideClientRewardsServiceImpl : Service - Distance calculated: 5279.714709331691
2021-11-27 20:34:21.004  INFO 530588 --- [ol-112-thread-2] .t.t.s.TourGuideClientRewardsServiceImpl : Service - Distance calculated: 5226.323279518725
2021-11-27 20:34:21.004  INFO 530588 --- [ool-63-thread-2] .t.t.s.TourGuideClientRewardsServiceImpl : Service - Distance calculated: 774.5207212649109
2021-11-27 20:34:21.004  INFO 530588 --- [ol-112-thread-2] .t.t.s.TourGuideClientRewardsServiceImpl : Service - Distance calculated: 4257.31663353041
2021-11-27 20:34:21.004  INFO 530588 --- [ool-63-thread-2] .t.t.s.TourGuideClientRewardsServiceImpl : Service - Distance calculated: 164.91310606753288
2021-11-27 20:34:21.004  INFO 530588 --- [ol-112-thread-2] .t.t.s.TourGuideClientRewardsServiceImpl : Service - Distance calculated: 5901.388396650688
2021-11-27 20:34:21.004  INFO 530588 --- [ool-63-thread-2] .t.t.s.TourGuideClientRewardsServiceImpl : Service - Distance calculated: 115.99464245531166
2021-11-27 20:34:21.004  INFO 530588 --- [ool-63-thread-2] .t.t.s.TourGuideClientRewardsServiceImpl : Service - Distance calculated: 1428.8577204882306
2021-11-27 20:34:21.004  INFO 530588 --- [ol-112-thread-2] .t.t.s.TourGuideClientRewardsServiceImpl : Service - Distance calculated: 5759.437841502958
2021-11-27 20:34:21.004  INFO 530588 --- [ool-63-thread-2] .t.t.s.TourGuideClientRewardsServiceImpl : Service - Distance calculated: 1418.571827418631
2021-11-27 20:34:21.004  INFO 530588 --- [ool-63-thread-2] .t.t.s.TourGuideClientRewardsServiceImpl : Service - Distance calculated: 460.11990361699293
2021-11-27 20:34:21.004  INFO 530588 --- [ool-63-thread-2] .t.t.s.TourGuideClientRewardsServiceImpl : Service - Distance calculated: 1992.7911930022951
2021-11-27 20:34:21.004  INFO 530588 --- [ol-112-thread-2] .t.t.s.TourGuideClientRewardsServiceImpl : Service - Distance calculated: 4898.29406320454
2021-11-27 20:34:21.005  INFO 530588 --- [ol-112-thread-2] .t.t.s.TourGuideClientRewardsServiceImpl : Service - Distance calculated: 6344.858226346816
2021-11-27 20:34:21.005  INFO 530588 --- [ol-112-thread-2] .t.t.s.TourGuideClientRewardsServiceImpl : Service - Distance calculated: 6050.89101894651
2021-11-27 20:34:21.005  INFO 530588 --- [ol-112-thread-2] .t.t.s.TourGuideClientRewardsServiceImpl : Service - Distance calculated: 6162.260502455101
2021-11-27 20:34:21.005  INFO 530588 --- [ol-112-thread-2] .t.t.s.TourGuideClientRewardsServiceImpl : Service - Distance calculated: 5795.097095837304
2021-11-27 20:34:21.005  INFO 530588 --- [ol-112-thread-2] .t.t.s.TourGuideClientRewardsServiceImpl : Service - Distance calculated: 4859.577705149325
2021-11-27 20:34:21.005  INFO 530588 --- [ol-112-thread-2] .t.t.s.TourGuideClientRewardsServiceImpl : Service - Distance calculated: 5489.5493270159595
2021-11-27 20:34:21.005  INFO 530588 --- [ol-112-thread-2] .t.t.s.TourGuideClientRewardsServiceImpl : Service - Distance calculated: 5224.226595883144
2021-11-27 20:34:21.005  INFO 530588 --- [ol-112-thread-2] .t.t.s.TourGuideClientRewardsServiceImpl : Service - Distance calculated: 5743.669524847164
2021-11-27 20:34:21.005  INFO 530588 --- [ol-112-thread-2] .t.t.s.TourGuideClientRewardsServiceImpl : Service - Distance calculated: 4944.533888988079
2021-11-27 20:34:21.005  INFO 530588 --- [ol-112-thread-2] .t.t.s.TourGuideClientRewardsServiceImpl : Service - Distance calculated: 3975.595638710216
2021-11-27 20:34:21.005  INFO 530588 --- [ol-112-thread-2] .t.t.s.TourGuideClientRewardsServiceImpl : Service - Distance calculated: 5674.772237521878
2021-11-27 20:34:21.005  INFO 530588 --- [ol-112-thread-2] .t.t.s.TourGuideClientRewardsServiceImpl : Service - Distance calculated: 6511.103349051376
2021-11-27 20:34:21.005  INFO 530588 --- [ol-112-thread-2] .t.t.s.TourGuideClientRewardsServiceImpl : Service - Distance calculated: 4448.764881309185
2021-11-27 20:34:21.005  INFO 530588 --- [ol-112-thread-2] .t.t.s.TourGuideClientRewardsServiceImpl : Service - Distance calculated: 5273.628463247111
2021-11-27 20:34:21.005  INFO 530588 --- [ol-112-thread-2] .t.t.s.TourGuideClientRewardsServiceImpl : Service - Distance calculated: 6352.295127143676
2021-11-27 20:34:21.005  INFO 530588 --- [ol-112-thread-2] .t.t.s.TourGuideClientRewardsServiceImpl : Service - Distance calculated: 5734.198710357353
2021-11-27 20:34:21.005  INFO 530588 --- [ol-112-thread-2] .t.t.s.TourGuideClientRewardsServiceImpl : Service - Calculate rewards points for user: internalUser31
2021-11-27 20:34:20.987  INFO 530588 --- [ool-75-thread-2] .t.t.s.TourGuideClientRewardsServiceImpl : Service - Distance calculated: 698.9232793879288
2021-11-27 20:34:21.005  INFO 530588 --- [ool-75-thread-2] .t.t.s.TourGuideClientRewardsServiceImpl : Service - Distance calculated: 93.08959441201849
2021-11-27 20:34:21.005  INFO 530588 --- [ool-75-thread-2] .t.t.s.TourGuideClientRewardsServiceImpl : Service - Distance calculated: 376.26560492071746
2021-11-27 20:34:21.005  INFO 530588 --- [ool-75-thread-2] .t.t.s.TourGuideClientRewardsServiceImpl : Service - Distance calculated: 193.59074066699824
2021-11-27 20:34:21.005  INFO 530588 --- [ool-75-thread-2] .t.t.s.TourGuideClientRewardsServiceImpl : Service - Distance calculated: 614.8824602993067
2021-11-27 20:34:21.005  INFO 530588 --- [ool-75-thread-2] .t.t.s.TourGuideClientRewardsServiceImpl : Service - Distance calculated: 1744.8920611826923
2021-11-27 20:34:21.005  INFO 530588 --- [ool-75-thread-2] .t.t.s.TourGuideClientRewardsServiceImpl : Service - Distance calculated: 508.43305050922214
2021-11-27 20:34:21.005  INFO 530588 --- [ool-75-thread-2] .t.t.s.TourGuideClientRewardsServiceImpl : Service - Distance calculated: 1007.3764884411784
2021-11-27 20:34:21.005  INFO 530588 --- [ool-75-thread-2] .t.t.s.TourGuideClientRewardsServiceImpl : Service - Distance calculated: 1150.5257774605661
2021-11-27 20:34:21.005  INFO 530588 --- [ool-75-thread-2] .t.t.s.TourGuideClientRewardsServiceImpl : Service - Distance calculated: 534.3634974126725
2021-11-27 20:34:21.005  INFO 530588 --- [ool-75-thread-2] .t.t.s.TourGuideClientRewardsServiceImpl : Service - Distance calculated: 833.340397270151
2021-11-27 20:34:21.005  INFO 530588 --- [ool-75-thread-2] .t.t.s.TourGuideClientRewardsServiceImpl : Service - Distance calculated: 513.3416342441387
2021-11-27 20:34:21.005  INFO 530588 --- [ool-75-thread-2] .t.t.s.TourGuideClientRewardsServiceImpl : Service - Distance calculated: 10103.679861275756
2021-11-27 20:34:21.005  INFO 530588 --- [ool-75-thread-2] .t.t.s.TourGuideClientRewardsServiceImpl : Service - Distance calculated: 10625.527903112126
2021-11-27 20:34:21.005  INFO 530588 --- [ool-75-thread-2] .t.t.s.TourGuideClientRewardsServiceImpl : Service - Distance calculated: 10264.363640005742
2021-11-27 20:34:21.005  INFO 530588 --- [ool-75-thread-2] .t.t.s.TourGuideClientRewardsServiceImpl : Service - Distance calculated: 10213.071955792764
2021-11-27 20:34:21.005  INFO 530588 --- [ool-75-thread-2] .t.t.s.TourGuideClientRewardsServiceImpl : Service - Distance calculated: 11494.739010876254
2021-11-27 20:34:21.005  INFO 530588 --- [ool-75-thread-2] .t.t.s.TourGuideClientRewardsServiceImpl : Service - Distance calculated: 11441.980564457273
2021-11-27 20:34:21.006  INFO 530588 --- [ool-75-thread-2] .t.t.s.TourGuideClientRewardsServiceImpl : Service - Distance calculated: 10454.171184568595
2021-11-27 20:34:21.006  INFO 530588 --- [ool-75-thread-2] .t.t.s.TourGuideClientRewardsServiceImpl : Service - Distance calculated: 12094.876483442682
2021-11-27 20:34:21.006  INFO 530588 --- [ool-75-thread-2] .t.t.s.TourGuideClientRewardsServiceImpl : Service - Distance calculated: 11974.183904247499
2021-11-27 20:34:21.006  INFO 530588 --- [ool-75-thread-2] .t.t.s.TourGuideClientRewardsServiceImpl : Service - Distance calculated: 9066.48117657968
2021-11-27 20:34:21.006  INFO 530588 --- [ool-75-thread-2] .t.t.s.TourGuideClientRewardsServiceImpl : Service - Distance calculated: 12277.428759061195
2021-11-27 20:34:21.006  INFO 530588 --- [ool-75-thread-2] .t.t.s.TourGuideClientRewardsServiceImpl : Service - Distance calculated: 12249.265478034416
2021-11-27 20:34:21.006  INFO 530588 --- [ool-75-thread-2] .t.t.s.TourGuideClientRewardsServiceImpl : Service - Distance calculated: 12374.728776835333
2021-11-27 20:34:21.006  INFO 530588 --- [ool-75-thread-2] .t.t.s.TourGuideClientRewardsServiceImpl : Service - Distance calculated: 11539.612495608102
2021-11-27 20:34:21.006  INFO 530588 --- [ool-75-thread-2] .t.t.s.TourGuideClientRewardsServiceImpl : Service - Distance calculated: 11060.886543024075
2021-11-27 20:34:21.006  INFO 530588 --- [ool-75-thread-2] .t.t.s.TourGuideClientRewardsServiceImpl : Service - Distance calculated: 11668.031821251792
2021-11-27 20:34:21.006  INFO 530588 --- [ool-75-thread-2] .t.t.s.TourGuideClientRewardsServiceImpl : Service - Distance calculated: 11380.969164993157
2021-11-27 20:34:21.006  INFO 530588 --- [ool-75-thread-2] .t.t.s.TourGuideClientRewardsServiceImpl : Service - Distance calculated: 11945.132087503735
2021-11-27 20:34:21.006  INFO 530588 --- [ool-75-thread-2] .t.t.s.TourGuideClientRewardsServiceImpl : Service - Distance calculated: 11142.595439156305
2021-11-27 20:34:21.006  INFO 530588 --- [ool-75-thread-2] .t.t.s.TourGuideClientRewardsServiceImpl : Service - Distance calculated: 10116.337509093402
2021-11-27 20:34:21.006  INFO 530588 --- [ool-75-thread-2] .t.t.s.TourGuideClientRewardsServiceImpl : Service - Distance calculated: 11567.592532263121
2021-11-27 20:34:21.006  INFO 530588 --- [ool-75-thread-2] .t.t.s.TourGuideClientRewardsServiceImpl : Service - Distance calculated: 12092.743414203873
2021-11-27 20:34:21.006  INFO 530588 --- [ool-75-thread-2] .t.t.s.TourGuideClientRewardsServiceImpl : Service - Distance calculated: 10659.357619163506
2021-11-27 20:34:21.006  INFO 530588 --- [ool-75-thread-2] .t.t.s.TourGuideClientRewardsServiceImpl : Service - Distance calculated: 11447.673105554928
2021-11-27 20:34:21.006  INFO 530588 --- [ool-75-thread-2] .t.t.s.TourGuideClientRewardsServiceImpl : Service - Distance calculated: 12267.808407868613
2021-11-27 20:34:21.006  INFO 530588 --- [ool-75-thread-2] .t.t.s.TourGuideClientRewardsServiceImpl : Service - Distance calculated: 11613.862466195613
2021-11-27 20:34:21.006  INFO 530588 --- [ool-75-thread-2] .t.t.s.TourGuideClientRewardsServiceImpl : Service - Calculate rewards points for user: internalUser13
2021-11-27 20:34:20.987  INFO 530588 --- [ol-128-thread-2] .t.t.s.TourGuideClientRewardsServiceImpl : Service - Distance calculated: 6420.795809717548
2021-11-27 20:34:21.006  INFO 530588 --- [ol-128-thread-2] .t.t.s.TourGuideClientRewardsServiceImpl : Service - Distance calculated: 5584.339992819415
2021-11-27 20:34:21.006  INFO 530588 --- [ol-128-thread-2] .t.t.s.TourGuideClientRewardsServiceImpl : Service - Distance calculated: 4429.427477729864
2021-11-27 20:34:21.006  INFO 530588 --- [ol-128-thread-2] .t.t.s.TourGuideClientRewardsServiceImpl : Service - Distance calculated: 6199.69876649071
2021-11-27 20:34:21.006  INFO 530588 --- [ol-128-thread-2] .t.t.s.TourGuideClientRewardsServiceImpl : Service - Distance calculated: 5417.401498770538
2021-11-27 20:34:21.006  INFO 530588 --- [ol-128-thread-2] .t.t.s.TourGuideClientRewardsServiceImpl : Service - Distance calculated: 4602.878626883985
2021-11-27 20:34:21.006  INFO 530588 --- [ol-128-thread-2] .t.t.s.TourGuideClientRewardsServiceImpl : Service - Distance calculated: 5527.984431722171
2021-11-27 20:34:21.006  INFO 530588 --- [ol-128-thread-2] .t.t.s.TourGuideClientRewardsServiceImpl : Service - Calculate rewards points for user: internalUser52
2021-11-27 20:34:20.987  INFO 530588 --- [ool-98-thread-2] .t.t.s.TourGuideClientRewardsServiceImpl : Service - Distance calculated: 5701.6708763657225
2021-11-27 20:34:21.007  INFO 530588 --- [ool-98-thread-2] .t.t.s.TourGuideClientRewardsServiceImpl : Service - Distance calculated: 5989.283116322939
2021-11-27 20:34:21.007  INFO 530588 --- [ool-98-thread-2] .t.t.s.TourGuideClientRewardsServiceImpl : Service - Distance calculated: 5421.882987573321
2021-11-27 20:34:21.007  INFO 530588 --- [ool-98-thread-2] .t.t.s.TourGuideClientRewardsServiceImpl : Service - Distance calculated: 6198.196758477898
2021-11-27 20:34:21.007  INFO 530588 --- [ool-98-thread-2] .t.t.s.TourGuideClientRewardsServiceImpl : Service - Distance calculated: 6840.711223491957
2021-11-27 20:34:21.007  INFO 530588 --- [ool-98-thread-2] .t.t.s.TourGuideClientRewardsServiceImpl : Service - Distance calculated: 5705.236177411374
2021-11-27 20:34:21.007  INFO 530588 --- [ool-98-thread-2] .t.t.s.TourGuideClientRewardsServiceImpl : Service - Distance calculated: 4608.891239437515
2021-11-27 20:34:21.007  INFO 530588 --- [ool-98-thread-2] .t.t.s.TourGuideClientRewardsServiceImpl : Service - Distance calculated: 6533.410113026697
2021-11-27 20:34:21.007  INFO 530588 --- [ool-98-thread-2] .t.t.s.TourGuideClientRewardsServiceImpl : Service - Distance calculated: 5714.3959417642745
2021-11-27 20:34:21.007  INFO 530588 --- [ool-98-thread-2] .t.t.s.TourGuideClientRewardsServiceImpl : Service - Distance calculated: 4784.008995909268
2021-11-27 20:34:21.007  INFO 530588 --- [ool-98-thread-2] .t.t.s.TourGuideClientRewardsServiceImpl : Service - Distance calculated: 5645.685390983669
2021-11-27 20:34:21.007  INFO 530588 --- [ool-98-thread-2] .t.t.s.TourGuideClientRewardsServiceImpl : Service - Calculate rewards points for user: internalUser22
2021-11-27 20:34:20.987  INFO 530588 --- [ool-91-thread-2] .t.t.s.TourGuideClientRewardsServiceImpl : Service - Distance calculated: 7479.093182917883
2021-11-27 20:34:21.007  INFO 530588 --- [ool-91-thread-2] .t.t.s.TourGuideClientRewardsServiceImpl : Service - Distance calculated: 7722.923438526574
2021-11-27 20:34:21.007  INFO 530588 --- [ool-91-thread-2] .t.t.s.TourGuideClientRewardsServiceImpl : Service - Distance calculated: 7108.219477355618
2021-11-27 20:34:20.987  INFO 530588 --- [ool-58-thread-2] .t.t.s.TourGuideClientRewardsServiceImpl : Service - Distance calculated: 6192.586309401759
2021-11-27 20:34:21.007  INFO 530588 --- [ool-58-thread-2] .t.t.s.TourGuideClientRewardsServiceImpl : Service - Distance calculated: 5914.159139179207
2021-11-27 20:34:21.007  INFO 530588 --- [ool-58-thread-2] .t.t.s.TourGuideClientRewardsServiceImpl : Service - Distance calculated: 6460.432496653064
2021-11-27 20:34:21.007  INFO 530588 --- [ool-58-thread-2] .t.t.s.TourGuideClientRewardsServiceImpl : Service - Distance calculated: 5655.39068396138
2021-11-27 20:34:21.007  INFO 530588 --- [ool-58-thread-2] .t.t.s.TourGuideClientRewardsServiceImpl : Service - Distance calculated: 4787.587025434659
2021-11-27 20:34:21.007  INFO 530588 --- [ool-58-thread-2] .t.t.s.TourGuideClientRewardsServiceImpl : Service - Distance calculated: 6311.514453941543
2021-11-27 20:34:21.007  INFO 530588 --- [ool-58-thread-2] .t.t.s.TourGuideClientRewardsServiceImpl : Service - Distance calculated: 7256.667734729173
2021-11-27 20:34:21.007  INFO 530588 --- [ool-58-thread-2] .t.t.s.TourGuideClientRewardsServiceImpl : Service - Distance calculated: 5209.561920057089
2021-11-27 20:34:21.007  INFO 530588 --- [ool-58-thread-2] .t.t.s.TourGuideClientRewardsServiceImpl : Service - Distance calculated: 6044.203117433948
2021-11-27 20:34:21.007  INFO 530588 --- [ool-58-thread-2] .t.t.s.TourGuideClientRewardsServiceImpl : Service - Distance calculated: 7089.707668899196
2021-11-27 20:34:21.007  INFO 530588 --- [ool-58-thread-2] .t.t.s.TourGuideClientRewardsServiceImpl : Service - Distance calculated: 6372.291089775375
2021-11-27 20:34:21.007  INFO 530588 --- [ool-58-thread-2] .t.t.s.TourGuideClientRewardsServiceImpl : Service - Distance calculated: 5.8950310023474215E-5
2021-11-27 20:34:21.007  INFO 530588 --- [ool-58-thread-2] .t.t.s.TourGuideClientRewardsServiceImpl : Service - Distance calculated: 774.5207212649109
2021-11-27 20:34:21.008  INFO 530588 --- [ool-58-thread-2] .t.t.s.TourGuideClientRewardsServiceImpl : Service - Distance calculated: 164.91310606753288
2021-11-27 20:34:21.008  INFO 530588 --- [ool-58-thread-2] .t.t.s.TourGuideClientRewardsServiceImpl : Service - Distance calculated: 115.99464245531166
2021-11-27 20:34:21.008  INFO 530588 --- [ool-58-thread-2] .t.t.s.TourGuideClientRewardsServiceImpl : Service - Distance calculated: 1428.8577204882306
2021-11-27 20:34:21.008  INFO 530588 --- [ool-58-thread-2] .t.t.s.TourGuideClientRewardsServiceImpl : Service - Distance calculated: 1418.571827418631
2021-11-27 20:34:21.008  INFO 530588 --- [ool-58-thread-2] .t.t.s.TourGuideClientRewardsServiceImpl : Service - Distance calculated: 460.11990361699293
2021-11-27 20:34:21.008  INFO 530588 --- [ool-58-thread-2] .t.t.s.TourGuideClientRewardsServiceImpl : Service - Distance calculated: 1992.7911930022951
2021-11-27 20:34:21.008  INFO 530588 --- [ool-58-thread-2] .t.t.s.TourGuideClientRewardsServiceImpl : Service - Distance calculated: 1906.7972782801585
2021-11-27 20:34:21.008  INFO 530588 --- [ool-58-thread-2] .t.t.s.TourGuideClientRewardsServiceImpl : Service - Distance calculated: 2360.645624935619
2021-11-27 20:34:21.008  INFO 530588 --- [ool-58-thread-2] .t.t.s.TourGuideClientRewardsServiceImpl : Service - Distance calculated: 2434.494471527265
2021-11-27 20:34:21.008  INFO 530588 --- [ool-58-thread-2] .t.t.s.TourGuideClientRewardsServiceImpl : Service - Distance calculated: 2148.3967563579567
2021-11-27 20:34:21.008  INFO 530588 --- [ool-58-thread-2] .t.t.s.TourGuideClientRewardsServiceImpl : Service - Distance calculated: 2282.746325565392
2021-11-27 20:34:21.008  INFO 530588 --- [ool-58-thread-2] .t.t.s.TourGuideClientRewardsServiceImpl : Service - Distance calculated: 2289.4339721013357
2021-11-27 20:34:21.008  INFO 530588 --- [ool-58-thread-2] .t.t.s.TourGuideClientRewardsServiceImpl : Service - Distance calculated: 1204.372289719331
2021-11-27 20:34:21.008  INFO 530588 --- [ool-58-thread-2] .t.t.s.TourGuideClientRewardsServiceImpl : Service - Distance calculated: 1742.5694022642394
2021-11-27 20:34:21.008  INFO 530588 --- [ool-58-thread-2] .t.t.s.TourGuideClientRewardsServiceImpl : Service - Distance calculated: 1576.7472428725728
2021-11-27 20:34:21.008  INFO 530588 --- [ool-58-thread-2] .t.t.s.TourGuideClientRewardsServiceImpl : Service - Distance calculated: 1921.4807999190489
2021-11-27 20:34:21.008  INFO 530588 --- [ool-58-thread-2] .t.t.s.TourGuideClientRewardsServiceImpl : Service - Distance calculated: 1277.6245433336508
2021-11-27 20:34:21.008  INFO 530588 --- [ool-58-thread-2] .t.t.s.TourGuideClientRewardsServiceImpl : Service - Distance calculated: 87.03441722159666
2021-11-27 20:34:21.008  INFO 530588 --- [ool-58-thread-2] .t.t.s.TourGuideClientRewardsServiceImpl : Service - Distance calculated: 2127.2478407793283
2021-11-27 20:34:21.009  INFO 530588 --- [ool-58-thread-2] .t.t.s.TourGuideClientRewardsServiceImpl : Service - Distance calculated: 2578.910516018122
2021-11-27 20:34:21.009  INFO 530588 --- [ool-58-thread-2] .t.t.s.TourGuideClientRewardsServiceImpl : Service - Distance calculated: 680.6158831369517
2021-11-27 20:34:21.009  INFO 530588 --- [ool-58-thread-2] .t.t.s.TourGuideClientRewardsServiceImpl : Service - Distance calculated: 1344.090272349311
2021-11-27 20:34:21.009  INFO 530588 --- [ool-58-thread-2] .t.t.s.TourGuideClientRewardsServiceImpl : Service - Distance calculated: 2440.177336041544
2021-11-27 20:34:21.009  INFO 530588 --- [ool-58-thread-2] .t.t.s.TourGuideClientRewardsServiceImpl : Service - Distance calculated: 2168.830527042806
2021-11-27 20:34:21.009  INFO 530588 --- [ool-58-thread-2] .t.t.s.TourGuideClientRewardsServiceImpl : Service - Calculate rewards points for user: internalUser87
2021-11-27 20:34:21.009  INFO 530588 --- [nPool-worker-14] .t.t.s.TourGuideClientRewardsServiceImpl : Service - Distance calculated: 5227.566182425712
2021-11-27 20:34:21.009  INFO 530588 --- [nPool-worker-14] .t.t.s.TourGuideClientRewardsServiceImpl : Service - Distance calculated: 5997.364203410618
2021-11-27 20:34:21.009  INFO 530588 --- [nPool-worker-14] .t.t.s.TourGuideClientRewardsServiceImpl : Service - Distance calculated: 5380.79354695175
2021-11-27 20:34:21.009  INFO 530588 --- [nPool-worker-14] .t.t.s.TourGuideClientRewardsServiceImpl : Service - Distance calculated: 5297.005965428829
2021-11-27 20:34:21.009  INFO 530588 --- [nPool-worker-14] .t.t.s.TourGuideClientRewardsServiceImpl : Service - Distance calculated: 6292.041126261389
2021-11-27 20:34:21.009  INFO 530588 --- [nPool-worker-14] .t.t.s.TourGuideClientRewardsServiceImpl : Service - Distance calculated: 6214.702573926774
2021-11-27 20:34:21.009  INFO 530588 --- [nPool-worker-14] .t.t.s.TourGuideClientRewardsServiceImpl : Service - Distance calculated: 5380.471509181948
2021-11-27 20:34:21.009  INFO 530588 --- [nPool-worker-14] .t.t.s.TourGuideClientRewardsServiceImpl : Service - Distance calculated: 6905.949199202933
2021-11-27 20:34:21.009  INFO 530588 --- [nPool-worker-14] .t.t.s.TourGuideClientRewardsServiceImpl : Service - Distance calculated: 6722.12737414158
2021-11-27 20:34:21.009  INFO 530588 --- [nPool-worker-14] .t.t.s.TourGuideClientRewardsServiceImpl : Service - Distance calculated: 6457.056429450003
2021-11-27 20:34:21.009  INFO 530588 --- [nPool-worker-14] .t.t.s.TourGuideClientRewardsServiceImpl : Service - Distance calculated: 7313.023996473024
2021-11-27 20:34:21.009  INFO 530588 --- [nPool-worker-14] .t.t.s.TourGuideClientRewardsServiceImpl : Service - Distance calculated: 7035.356789259096
2021-11-27 20:34:21.009  INFO 530588 --- [nPool-worker-14] .t.t.s.TourGuideClientRewardsServiceImpl : Service - Distance calculated: 7110.86553572426
2021-11-27 20:34:21.009  INFO 530588 --- [nPool-worker-14] .t.t.s.TourGuideClientRewardsServiceImpl : Service - Distance calculated: 6512.259178233968
2021-11-27 20:34:21.009  INFO 530588 --- [nPool-worker-14] .t.t.s.TourGuideClientRewardsServiceImpl : Service - Distance calculated: 5816.193938777875
2021-11-27 20:34:21.009  INFO 530588 --- [nPool-worker-14] .t.t.s.TourGuideClientRewardsServiceImpl : Service - Distance calculated: 6404.048417457928
2021-11-27 20:34:21.009  INFO 530588 --- [nPool-worker-14] .t.t.s.TourGuideClientRewardsServiceImpl : Service - Distance calculated: 6117.142638409064
2021-11-27 20:34:21.009  INFO 530588 --- [nPool-worker-14] .t.t.s.TourGuideClientRewardsServiceImpl : Service - Distance calculated: 6682.2667324048025
2021-11-27 20:34:21.009  INFO 530588 --- [nPool-worker-14] .t.t.s.TourGuideClientRewardsServiceImpl : Service - Distance calculated: 5892.715398397279
2021-11-27 20:34:21.009  INFO 530588 --- [nPool-worker-14] .t.t.s.TourGuideClientRewardsServiceImpl : Service - Distance calculated: 5190.855186829582
2021-11-27 20:34:21.009  INFO 530588 --- [nPool-worker-14] .t.t.s.TourGuideClientRewardsServiceImpl : Service - Distance calculated: 6437.230610208648
2021-11-27 20:34:21.009  INFO 530588 --- [nPool-worker-14] .t.t.s.TourGuideClientRewardsServiceImpl : Service - Distance calculated: 7496.086895584507
2021-11-27 20:34:21.009  INFO 530588 --- [nPool-worker-14] .t.t.s.TourGuideClientRewardsServiceImpl : Service - Distance calculated: 5526.280836432628
2021-11-27 20:34:21.010  INFO 530588 --- [nPool-worker-14] .t.t.s.TourGuideClientRewardsServiceImpl : Service - Distance calculated: 6353.608245266023
2021-11-27 20:34:21.010  INFO 530588 --- [nPool-worker-14] .t.t.s.TourGuideClientRewardsServiceImpl : Service - Distance calculated: 7322.095147055586
2021-11-27 20:34:21.010  INFO 530588 --- [nPool-worker-14] .t.t.s.TourGuideClientRewardsServiceImpl : Service - Distance calculated: 6497.630308915782
2021-11-27 20:34:21.010  INFO 530588 --- [nPool-worker-14] .t.t.s.TourGuideClientRewardsServiceImpl : Service - Distance calculated: 6757.498311943298
2021-11-27 20:34:21.010  INFO 530588 --- [nPool-worker-14] .t.t.s.TourGuideClientRewardsServiceImpl : Service - Distance calculated: 7524.39693518433
2021-11-27 20:34:21.010  INFO 530588 --- [nPool-worker-14] .t.t.s.TourGuideClientRewardsServiceImpl : Service - Distance calculated: 6912.036909135652
2021-11-27 20:34:21.010  INFO 530588 --- [nPool-worker-14] .t.t.s.TourGuideClientRewardsServiceImpl : Service - Distance calculated: 6828.827651967472
2021-11-27 20:34:21.010  INFO 530588 --- [nPool-worker-14] .t.t.s.TourGuideClientRewardsServiceImpl : Service - Distance calculated: 7799.591024452111
2021-11-27 20:34:21.010  INFO 530588 --- [nPool-worker-14] .t.t.s.TourGuideClientRewardsServiceImpl : Service - Distance calculated: 7717.408094580081
2021-11-27 20:34:21.010  INFO 530588 --- [nPool-worker-14] .t.t.s.TourGuideClientRewardsServiceImpl : Service - Distance calculated: 6911.935701282502
2021-11-27 20:34:21.010  INFO 530588 --- [nPool-worker-14] .t.t.s.TourGuideClientRewardsServiceImpl : Service - Distance calculated: 8401.629047369497
2021-11-27 20:34:21.010  INFO 530588 --- [nPool-worker-14] .t.t.s.TourGuideClientRewardsServiceImpl : Service - Distance calculated: 8208.16867715541
2021-11-27 20:34:21.010  INFO 530588 --- [nPool-worker-14] .t.t.s.TourGuideClientRewardsServiceImpl : Service - Distance calculated: 7723.738183964834
2021-11-27 20:34:21.010  INFO 530588 --- [nPool-worker-14] .t.t.s.TourGuideClientRewardsServiceImpl : Service - Distance calculated: 8787.136888186924
2021-11-27 20:34:21.010  INFO 530588 --- [nPool-worker-14] .t.t.s.TourGuideClientRewardsServiceImpl : Service - Distance calculated: 8521.992517261473
2021-11-27 20:34:21.010  INFO 530588 --- [nPool-worker-14] .t.t.s.TourGuideClientRewardsServiceImpl : Service - Distance calculated: 8582.787852467161
2021-11-27 20:34:21.010  INFO 530588 --- [nPool-worker-14] .t.t.s.TourGuideClientRewardsServiceImpl : Service - Distance calculated: 7903.6414002353
2021-11-27 20:34:21.010  INFO 530588 --- [nPool-worker-14] .t.t.s.TourGuideClientRewardsServiceImpl : Service - Distance calculated: 7317.099071314381
2021-11-27 20:34:21.010  INFO 530588 --- [nPool-worker-14] .t.t.s.TourGuideClientRewardsServiceImpl : Service - Distance calculated: 7881.0919393310205
2021-11-27 20:34:21.010  INFO 530588 --- [nPool-worker-14] .t.t.s.TourGuideClientRewardsServiceImpl : Service - Distance calculated: 7593.671458312565
2021-11-27 20:34:21.010  INFO 530588 --- [nPool-worker-14] .t.t.s.TourGuideClientRewardsServiceImpl : Service - Distance calculated: 8161.090183999202
2021-11-27 20:34:21.010  INFO 530588 --- [nPool-worker-14] .t.t.s.TourGuideClientRewardsServiceImpl : Service - Distance calculated: 7390.167154223945
2021-11-27 20:34:21.010  INFO 530588 --- [nPool-worker-14] .t.t.s.TourGuideClientRewardsServiceImpl : Service - Distance calculated: 6722.464292171795
2021-11-27 20:34:21.010  INFO 530588 --- [nPool-worker-14] .t.t.s.TourGuideClientRewardsServiceImpl : Service - Distance calculated: 7852.971080065574
2021-11-27 20:34:21.010  INFO 530588 --- [nPool-worker-14] .t.t.s.TourGuideClientRewardsServiceImpl : Service - Distance calculated: 8971.883526576486
2021-11-27 20:34:21.010  INFO 530588 --- [nPool-worker-14] .t.t.s.TourGuideClientRewardsServiceImpl : Service - Distance calculated: 7052.95411001424
2021-11-27 20:34:21.010  INFO 530588 --- [nPool-worker-14] .t.t.s.TourGuideClientRewardsServiceImpl : Service - Distance calculated: 7874.644830664626
2021-11-27 20:34:21.010  INFO 530588 --- [nPool-worker-14] .t.t.s.TourGuideClientRewardsServiceImpl : Service - Distance calculated: 8796.599739627434
2021-11-27 20:34:21.010  INFO 530588 --- [nPool-worker-14] .t.t.s.TourGuideClientRewardsServiceImpl : Service - Distance calculated: 7911.459649865609
2021-11-27 20:34:21.010  INFO 530588 --- [nPool-worker-14] .t.t.s.TourGuideClientRewardsServiceImpl : Service - Distance calculated: 6688.534400214145
2021-11-27 20:34:21.010  INFO 530588 --- [nPool-worker-14] .t.t.s.TourGuideClientRewardsServiceImpl : Service - Distance calculated: 6479.865666721468
2021-11-27 20:34:21.010  INFO 530588 --- [nPool-worker-14] .t.t.s.TourGuideClientRewardsServiceImpl : Service - Distance calculated: 6575.180217209198
2021-11-27 20:34:21.010  INFO 530588 --- [nPool-worker-14] .t.t.s.TourGuideClientRewardsServiceImpl : Service - Distance calculated: 6576.524620249204
2021-11-27 20:34:21.010  INFO 530588 --- [nPool-worker-14] .t.t.s.TourGuideClientRewardsServiceImpl : Service - Distance calculated: 5398.454006338117
2021-11-27 20:34:21.010  INFO 530588 --- [nPool-worker-14] .t.t.s.TourGuideClientRewardsServiceImpl : Service - Distance calculated: 5366.778933917672
2021-11-27 20:34:21.010  INFO 530588 --- [nPool-worker-14] .t.t.s.TourGuideClientRewardsServiceImpl : Service - Distance calculated: 6228.98589384301
2021-11-27 20:34:21.010  INFO 530588 --- [nPool-worker-14] .t.t.s.TourGuideClientRewardsServiceImpl : Service - Distance calculated: 5059.200769145356
2021-11-27 20:34:21.010  INFO 530588 --- [nPool-worker-14] .t.t.s.TourGuideClientRewardsServiceImpl : Service - Distance calculated: 5023.278070049154
2021-11-27 20:34:21.010  INFO 530588 --- [nPool-worker-14] .t.t.s.TourGuideClientRewardsServiceImpl : Service - Distance calculated: 8070.884096290366
2021-11-27 20:34:21.010  INFO 530588 --- [nPool-worker-14] .t.t.s.TourGuideClientRewardsServiceImpl : Service - Distance calculated: 4750.455170116237
2021-11-27 20:34:21.010  INFO 530588 --- [nPool-worker-14] .t.t.s.TourGuideClientRewardsServiceImpl : Service - Distance calculated: 4933.2213896691765
2021-11-27 20:34:21.010  INFO 530588 --- [nPool-worker-14] .t.t.s.TourGuideClientRewardsServiceImpl : Service - Distance calculated: 4787.198491631323
2021-11-27 20:34:21.010  INFO 530588 --- [nPool-worker-14] .t.t.s.TourGuideClientRewardsServiceImpl : Service - Distance calculated: 4439.9732456804995
2021-11-27 20:34:21.010  INFO 530588 --- [nPool-worker-14] .t.t.s.TourGuideClientRewardsServiceImpl : Service - Distance calculated: 5491.1244281056925
2021-11-27 20:34:21.010  INFO 530588 --- [nPool-worker-14] .t.t.s.TourGuideClientRewardsServiceImpl : Service - Distance calculated: 5046.858696608393
2021-11-27 20:34:21.010  INFO 530588 --- [nPool-worker-14] .t.t.s.TourGuideClientRewardsServiceImpl : Service - Distance calculated: 5141.616279199273
2021-11-27 20:34:21.010  INFO 530588 --- [nPool-worker-14] .t.t.s.TourGuideClientRewardsServiceImpl : Service - Distance calculated: 4971.473953620905
2021-11-27 20:34:21.010  INFO 530588 --- [nPool-worker-14] .t.t.s.TourGuideClientRewardsServiceImpl : Service - Distance calculated: 5424.200943109964
2021-11-27 20:34:21.010  INFO 530588 --- [nPool-worker-14] .t.t.s.TourGuideClientRewardsServiceImpl : Service - Distance calculated: 6628.692819466365
2021-11-27 20:34:21.010  INFO 530588 --- [nPool-worker-14] .t.t.s.TourGuideClientRewardsServiceImpl : Service - Distance calculated: 4603.161757311468
2021-11-27 20:34:21.010  INFO 530588 --- [nPool-worker-14] .t.t.s.TourGuideClientRewardsServiceImpl : Service - Distance calculated: 4717.829936422267
2021-11-27 20:34:21.010  INFO 530588 --- [nPool-worker-14] .t.t.s.TourGuideClientRewardsServiceImpl : Service - Distance calculated: 6009.173782905995
2021-11-27 20:34:21.010  INFO 530588 --- [nPool-worker-14] .t.t.s.TourGuideClientRewardsServiceImpl : Service - Distance calculated: 5579.52495281915
2021-11-27 20:34:21.010  INFO 530588 --- [nPool-worker-14] .t.t.s.TourGuideClientRewardsServiceImpl : Service - Distance calculated: 4751.210060832773
2021-11-27 20:34:21.010  INFO 530588 --- [nPool-worker-14] .t.t.s.TourGuideClientRewardsServiceImpl : Service - Distance calculated: 4572.497565019542
2021-11-27 20:34:21.010  INFO 530588 --- [nPool-worker-14] .t.t.s.TourGuideClientRewardsServiceImpl : Service - Distance calculated: 8638.315134893168
2021-11-27 20:34:21.010  INFO 530588 --- [nPool-worker-14] .t.t.s.TourGuideClientRewardsServiceImpl : Service - Distance calculated: 8761.15991132207
2021-11-27 20:34:21.010  INFO 530588 --- [nPool-worker-14] .t.t.s.TourGuideClientRewardsServiceImpl : Service - Distance calculated: 8745.895720540495
2021-11-27 20:34:21.010  INFO 530588 --- [nPool-worker-14] .t.t.s.TourGuideClientRewardsServiceImpl : Service - Distance calculated: 8749.108745896141
2021-11-27 20:34:21.010  INFO 530588 --- [nPool-worker-14] .t.t.s.TourGuideClientRewardsServiceImpl : Service - Distance calculated: 9846.703982543235
2021-11-27 20:34:21.010  INFO 530588 --- [nPool-worker-14] .t.t.s.TourGuideClientRewardsServiceImpl : Service - Distance calculated: 9897.640524141885
2021-11-27 20:34:21.010  INFO 530588 --- [nPool-worker-14] .t.t.s.TourGuideClientRewardsServiceImpl : Service - Distance calculated: 9098.371431138468
2021-11-27 20:34:21.010  INFO 530588 --- [nPool-worker-14] .t.t.s.TourGuideClientRewardsServiceImpl : Service - Distance calculated: 10012.364765736465
2021-11-27 20:34:21.010  INFO 530588 --- [nPool-worker-14] .t.t.s.TourGuideClientRewardsServiceImpl : Service - Distance calculated: 10121.709033826693
2021-11-27 20:34:21.010  INFO 530588 --- [onPool-worker-3] .t.t.s.TourGuideClientRewardsServiceImpl : Service - Distance calculated: 3559.5368436173776
2021-11-27 20:34:20.987  INFO 530588 --- [ol-136-thread-2] .t.t.s.TourGuideClientRewardsServiceImpl : Service - Distance calculated: 2637.866456111075
2021-11-27 20:34:21.010  INFO 530588 --- [ol-136-thread-2] .t.t.s.TourGuideClientRewardsServiceImpl : Service - Distance calculated: 5380.568935616956
2021-11-27 20:34:21.010  INFO 530588 --- [ol-136-thread-2] .t.t.s.TourGuideClientRewardsServiceImpl : Service - Distance calculated: 5378.314828842359
2021-11-27 20:34:21.011  INFO 530588 --- [ol-136-thread-2] .t.t.s.TourGuideClientRewardsServiceImpl : Service - Distance calculated: 5474.630130850017
2021-11-27 20:34:21.011  INFO 530588 --- [ol-136-thread-2] .t.t.s.TourGuideClientRewardsServiceImpl : Service - Distance calculated: 6245.537240211559
2021-11-27 20:34:21.011  INFO 530588 --- [ol-136-thread-2] .t.t.s.TourGuideClientRewardsServiceImpl : Service - Distance calculated: 5710.787356666716
2021-11-27 20:34:21.011  INFO 530588 --- [ol-136-thread-2] .t.t.s.TourGuideClientRewardsServiceImpl : Service - Distance calculated: 5710.701812208957
2021-11-27 20:34:21.011  INFO 530588 --- [ol-136-thread-2] .t.t.s.TourGuideClientRewardsServiceImpl : Service - Distance calculated: 5831.847578647557
2021-11-27 20:34:21.011  INFO 530588 --- [ol-136-thread-2] .t.t.s.TourGuideClientRewardsServiceImpl : Service - Distance calculated: 5584.163438470572
2021-11-27 20:34:21.011  INFO 530588 --- [ol-136-thread-2] .t.t.s.TourGuideClientRewardsServiceImpl : Service - Distance calculated: 5718.605769086798
2021-11-27 20:34:21.011  INFO 530588 --- [ol-136-thread-2] .t.t.s.TourGuideClientRewardsServiceImpl : Service - Distance calculated: 5084.421943781319
2021-11-27 20:34:21.011  INFO 530588 --- [ol-136-thread-2] .t.t.s.TourGuideClientRewardsServiceImpl : Service - Distance calculated: 6136.3682424142835
2021-11-27 20:34:21.011  INFO 530588 --- [ol-136-thread-2] .t.t.s.TourGuideClientRewardsServiceImpl : Service - Distance calculated: 5299.672160791905
2021-11-27 20:34:21.011  INFO 530588 --- [ol-136-thread-2] .t.t.s.TourGuideClientRewardsServiceImpl : Service - Distance calculated: 5419.202642349453
2021-11-27 20:34:21.011  INFO 530588 --- [ol-136-thread-2] .t.t.s.TourGuideClientRewardsServiceImpl : Service - Distance calculated: 5208.988998880451
2021-11-27 20:34:21.011  INFO 530588 --- [ol-136-thread-2] .t.t.s.TourGuideClientRewardsServiceImpl : Service - Distance calculated: 5374.077455080004
2021-11-27 20:34:21.011  INFO 530588 --- [ol-136-thread-2] .t.t.s.TourGuideClientRewardsServiceImpl : Service - Distance calculated: 6122.127361581775
2021-11-27 20:34:21.011  INFO 530588 --- [ol-136-thread-2] .t.t.s.TourGuideClientRewardsServiceImpl : Service - Calculate rewards points for user: internalUser68
2021-11-27 20:34:20.988  INFO 530588 --- [ool-99-thread-2] .t.t.s.TourGuideClientRewardsServiceImpl : Service - Distance calculated: 9359.262959704965
2021-11-27 20:34:21.012  INFO 530588 --- [ool-99-thread-2] .t.t.s.TourGuideClientRewardsServiceImpl : Service - Distance calculated: 9531.48830030175
2021-11-27 20:34:21.012  INFO 530588 --- [ool-99-thread-2] .t.t.s.TourGuideClientRewardsServiceImpl : Service - Distance calculated: 9356.197155500642
2021-11-27 20:34:21.012  INFO 530588 --- [ool-99-thread-2] .t.t.s.TourGuideClientRewardsServiceImpl : Service - Distance calculated: 9348.570470242013
2021-11-27 20:34:21.012  INFO 530588 --- [ool-99-thread-2] .t.t.s.TourGuideClientRewardsServiceImpl : Service - Distance calculated: 8514.648577032864
2021-11-27 20:34:21.012  INFO 530588 --- [ool-99-thread-2] .t.t.s.TourGuideClientRewardsServiceImpl : Service - Distance calculated: 8332.190866491977
2021-11-27 20:34:21.012  INFO 530588 --- [ool-99-thread-2] .t.t.s.TourGuideClientRewardsServiceImpl : Service - Distance calculated: 8750.783549801843
2021-11-27 20:34:21.012  INFO 530588 --- [ool-99-thread-2] .t.t.s.TourGuideClientRewardsServiceImpl : Service - Distance calculated: 8489.932108263862
2021-11-27 20:34:21.012  INFO 530588 --- [ool-99-thread-2] .t.t.s.TourGuideClientRewardsServiceImpl : Service - Distance calculated: 9007.079007645054
2021-11-27 20:34:21.012  INFO 530588 --- [ool-99-thread-2] .t.t.s.TourGuideClientRewardsServiceImpl : Service - Distance calculated: 8384.7727089213
2021-11-27 20:34:20.988  INFO 530588 --- [ool-53-thread-2] .t.t.s.TourGuideClientRewardsServiceImpl : Service - Distance calculated: 1204.372289719331
2021-11-27 20:34:21.012  INFO 530588 --- [ool-53-thread-2] .t.t.s.TourGuideClientRewardsServiceImpl : Service - Distance calculated: 1742.5694022642394
2021-11-27 20:34:21.012  INFO 530588 --- [ool-53-thread-2] .t.t.s.TourGuideClientRewardsServiceImpl : Service - Distance calculated: 1576.7472428725728
2021-11-27 20:34:21.012  INFO 530588 --- [ool-53-thread-2] .t.t.s.TourGuideClientRewardsServiceImpl : Service - Distance calculated: 1921.4807999190489
2021-11-27 20:34:21.012  INFO 530588 --- [ool-53-thread-2] .t.t.s.TourGuideClientRewardsServiceImpl : Service - Distance calculated: 1277.6245433336508
2021-11-27 20:34:21.012  INFO 530588 --- [ool-53-thread-2] .t.t.s.TourGuideClientRewardsServiceImpl : Service - Distance calculated: 87.03441722159666
2021-11-27 20:34:21.012  INFO 530588 --- [ool-53-thread-2] .t.t.s.TourGuideClientRewardsServiceImpl : Service - Distance calculated: 2127.2478407793283
2021-11-27 20:34:21.012  INFO 530588 --- [onPool-worker-7] .t.t.s.TourGuideClientRewardsServiceImpl : Service - Distance calculated: 4081.826124221669
2021-11-27 20:34:21.012  INFO 530588 --- [onPool-worker-7] .t.t.s.TourGuideClientRewardsServiceImpl : Service - Distance calculated: 3494.5497338541386
2021-11-27 20:34:21.012  INFO 530588 --- [onPool-worker-7] .t.t.s.TourGuideClientRewardsServiceImpl : Service - Distance calculated: 4017.8561388010203
2021-11-27 20:34:21.012  INFO 530588 --- [onPool-worker-7] .t.t.s.TourGuideClientRewardsServiceImpl : Service - Distance calculated: 4099.159763275364
2021-11-27 20:34:21.012  INFO 530588 --- [onPool-worker-7] .t.t.s.TourGuideClientRewardsServiceImpl : Service - Distance calculated: 4177.094305120363
2021-11-27 20:34:21.012  INFO 530588 --- [onPool-worker-7] .t.t.s.TourGuideClientRewardsServiceImpl : Service - Distance calculated: 4274.7350918954835
2021-11-27 20:34:21.012  INFO 530588 --- [onPool-worker-7] .t.t.s.TourGuideClientRewardsServiceImpl : Service - Distance calculated: 4296.085944948161
2021-11-27 20:34:21.012  INFO 530588 --- [onPool-worker-7] .t.t.s.TourGuideClientRewardsServiceImpl : Service - Distance calculated: 3984.13158182404
2021-11-27 20:34:21.012  INFO 530588 --- [onPool-worker-7] .t.t.s.TourGuideClientRewardsServiceImpl : Service - Distance calculated: 4164.915392913775
2021-11-27 20:34:21.012  INFO 530588 --- [onPool-worker-7] .t.t.s.TourGuideClientRewardsServiceImpl : Service - Distance calculated: 1891.189518485763
2021-11-27 20:34:21.012  INFO 530588 --- [onPool-worker-7] .t.t.s.TourGuideClientRewardsServiceImpl : Service - Distance calculated: 3979.862191582952
2021-11-27 20:34:21.012  INFO 530588 --- [onPool-worker-7] .t.t.s.TourGuideClientRewardsServiceImpl : Service - Distance calculated: 4005.309459173424
2021-11-27 20:34:21.012  INFO 530588 --- [onPool-worker-7] .t.t.s.TourGuideClientRewardsServiceImpl : Service - Distance calculated: 4089.469231952487
2021-11-27 20:34:21.012  INFO 530588 --- [onPool-worker-7] .t.t.s.TourGuideClientRewardsServiceImpl : Service - Distance calculated: 4894.125045264893
2021-11-27 20:34:21.012  INFO 530588 --- [onPool-worker-7] .t.t.s.TourGuideClientRewardsServiceImpl : Service - Distance calculated: 4523.587739094644
2021-11-27 20:34:21.012  INFO 530588 --- [onPool-worker-7] .t.t.s.TourGuideClientRewardsServiceImpl : Service - Distance calculated: 4408.129429797519
2021-11-27 20:34:21.013  INFO 530588 --- [onPool-worker-7] .t.t.s.TourGuideClientRewardsServiceImpl : Service - Distance calculated: 4570.91864328963
2021-11-27 20:34:21.013  INFO 530588 --- [onPool-worker-7] .t.t.s.TourGuideClientRewardsServiceImpl : Service - Distance calculated: 4246.549328570046
2021-11-27 20:34:21.013  INFO 530588 --- [onPool-worker-7] .t.t.s.TourGuideClientRewardsServiceImpl : Service - Distance calculated: 4513.66796391236
2021-11-27 20:34:21.013  INFO 530588 --- [onPool-worker-7] .t.t.s.TourGuideClientRewardsServiceImpl : Service - Distance calculated: 4163.574142950577
2021-11-27 20:34:21.013  INFO 530588 --- [onPool-worker-7] .t.t.s.TourGuideClientRewardsServiceImpl : Service - Distance calculated: 4801.171961597034
2021-11-27 20:34:21.013  INFO 530588 --- [onPool-worker-7] .t.t.s.TourGuideClientRewardsServiceImpl : Service - Distance calculated: 3887.4606737350837
2021-11-27 20:34:21.013  INFO 530588 --- [onPool-worker-7] .t.t.s.TourGuideClientRewardsServiceImpl : Service - Distance calculated: 4340.045213482049
2021-11-27 20:34:21.013  INFO 530588 --- [onPool-worker-7] .t.t.s.TourGuideClientRewardsServiceImpl : Service - Distance calculated: 3956.1358688420996
2021-11-27 20:34:21.013  INFO 530588 --- [onPool-worker-7] .t.t.s.TourGuideClientRewardsServiceImpl : Service - Distance calculated: 3972.810390753685
2021-11-27 20:34:21.013  INFO 530588 --- [onPool-worker-7] .t.t.s.TourGuideClientRewardsServiceImpl : Service - Distance calculated: 4779.391764869333
2021-11-27 20:34:21.013  INFO 530588 --- [onPool-worker-7] .t.t.s.TourGuideClientRewardsServiceImpl : Service - Distance calculated: 8453.318482027982
2021-11-27 20:34:21.013  INFO 530588 --- [onPool-worker-7] .t.t.s.TourGuideClientRewardsServiceImpl : Service - Distance calculated: 7836.559540968817
2021-11-27 20:34:21.013  INFO 530588 --- [onPool-worker-7] .t.t.s.TourGuideClientRewardsServiceImpl : Service - Distance calculated: 8388.145782882919
2021-11-27 20:34:21.013  INFO 530588 --- [onPool-worker-7] .t.t.s.TourGuideClientRewardsServiceImpl : Service - Distance calculated: 8470.404718589503
2021-11-27 20:34:21.013  INFO 530588 --- [onPool-worker-7] .t.t.s.TourGuideClientRewardsServiceImpl : Service - Distance calculated: 8259.358716210414
2021-11-27 20:34:21.013  INFO 530588 --- [onPool-worker-7] .t.t.s.TourGuideClientRewardsServiceImpl : Service - Distance calculated: 8361.101010433917
2021-11-27 20:34:21.013  INFO 530588 --- [onPool-worker-7] .t.t.s.TourGuideClientRewardsServiceImpl : Service - Distance calculated: 8647.544682065265
2021-11-27 20:34:21.013  INFO 530588 --- [onPool-worker-7] .t.t.s.TourGuideClientRewardsServiceImpl : Service - Distance calculated: 7810.036851556554
2021-11-27 20:34:21.013  INFO 530588 --- [onPool-worker-7] .t.t.s.TourGuideClientRewardsServiceImpl : Service - Distance calculated: 8023.697867658398
2021-11-27 20:34:21.013  INFO 530588 --- [onPool-worker-7] .t.t.s.TourGuideClientRewardsServiceImpl : Service - Distance calculated: 6158.4318075243855
2021-11-27 20:34:21.013  INFO 530588 --- [onPool-worker-7] .t.t.s.TourGuideClientRewardsServiceImpl : Service - Distance calculated: 7549.480547778077
2021-11-27 20:34:21.013  INFO 530588 --- [onPool-worker-7] .t.t.s.TourGuideClientRewardsServiceImpl : Service - Distance calculated: 7743.330951045576
2021-11-27 20:34:21.013  INFO 530588 --- [onPool-worker-7] .t.t.s.TourGuideClientRewardsServiceImpl : Service - Distance calculated: 7741.175755417062
2021-11-27 20:34:21.013  INFO 530588 --- [onPool-worker-7] .t.t.s.TourGuideClientRewardsServiceImpl : Service - Distance calculated: 8548.98399411219
2021-11-27 20:34:21.013  INFO 530588 --- [onPool-worker-7] .t.t.s.TourGuideClientRewardsServiceImpl : Service - Distance calculated: 8707.68239835812
2021-11-27 20:34:21.013  INFO 530588 --- [onPool-worker-7] .t.t.s.TourGuideClientRewardsServiceImpl : Service - Distance calculated: 8348.861042539233
2021-11-27 20:34:21.013  INFO 530588 --- [onPool-worker-7] .t.t.s.TourGuideClientRewardsServiceImpl : Service - Distance calculated: 8602.157742681764
2021-11-27 20:34:21.013  INFO 530588 --- [onPool-worker-7] .t.t.s.TourGuideClientRewardsServiceImpl : Service - Distance calculated: 8094.562722587638
2021-11-27 20:34:21.013  INFO 530588 --- [onPool-worker-7] .t.t.s.TourGuideClientRewardsServiceImpl : Service - Distance calculated: 8669.013298151613
2021-11-27 20:34:21.013  INFO 530588 --- [onPool-worker-7] .t.t.s.TourGuideClientRewardsServiceImpl : Service - Distance calculated: 8535.39428661499
2021-11-27 20:34:21.013  INFO 530588 --- [onPool-worker-7] .t.t.s.TourGuideClientRewardsServiceImpl : Service - Distance calculated: 8551.021688827866
2021-11-27 20:34:21.013  INFO 530588 --- [onPool-worker-7] .t.t.s.TourGuideClientRewardsServiceImpl : Service - Distance calculated: 7376.845745641792
2021-11-27 20:34:21.013  INFO 530588 --- [onPool-worker-7] .t.t.s.TourGuideClientRewardsServiceImpl : Service - Distance calculated: 8657.805529276815
2021-11-27 20:34:21.013  INFO 530588 --- [onPool-worker-7] .t.t.s.TourGuideClientRewardsServiceImpl : Service - Distance calculated: 8080.858365987435
2021-11-27 20:34:21.013  INFO 530588 --- [onPool-worker-7] .t.t.s.TourGuideClientRewardsServiceImpl : Service - Distance calculated: 7539.694110949061
2021-11-27 20:34:21.013  INFO 530588 --- [onPool-worker-7] .t.t.s.TourGuideClientRewardsServiceImpl : Service - Distance calculated: 8500.867120917668
2021-11-27 20:34:21.013  INFO 530588 --- [onPool-worker-7] .t.t.s.TourGuideClientRewardsServiceImpl : Service - Distance calculated: 8792.974278841848
2021-11-27 20:34:21.013  INFO 530588 --- [onPool-worker-7] .t.t.s.TourGuideClientRewardsServiceImpl : Service - Distance calculated: 9486.733058626702
2021-11-27 20:34:21.013  INFO 530588 --- [onPool-worker-7] .t.t.s.TourGuideClientRewardsServiceImpl : Service - Distance calculated: 8957.475414306891
2021-11-27 20:34:21.013  INFO 530588 --- [onPool-worker-7] .t.t.s.TourGuideClientRewardsServiceImpl : Service - Distance calculated: 8886.868759338018
2021-11-27 20:34:21.013  INFO 530588 --- [onPool-worker-7] .t.t.s.TourGuideClientRewardsServiceImpl : Service - Distance calculated: 10030.151348713815
2021-11-27 20:34:21.013  INFO 530588 --- [onPool-worker-7] .t.t.s.TourGuideClientRewardsServiceImpl : Service - Distance calculated: 9957.980209198242
2021-11-27 20:34:21.013  INFO 530588 --- [onPool-worker-7] .t.t.s.TourGuideClientRewardsServiceImpl : Service - Distance calculated: 9052.126169602168
2021-11-27 20:34:21.013  INFO 530588 --- [onPool-worker-7] .t.t.s.TourGuideClientRewardsServiceImpl : Service - Distance calculated: 10651.178222046243
2021-11-27 20:34:21.013  INFO 530588 --- [onPool-worker-7] .t.t.s.TourGuideClientRewardsServiceImpl : Service - Distance calculated: 10470.714847592748
2021-11-27 20:34:21.013  INFO 530588 --- [onPool-worker-7] .t.t.s.TourGuideClientRewardsServiceImpl : Service - Distance calculated: 8709.863806626006
2021-11-27 20:34:21.013  INFO 530588 --- [onPool-worker-7] .t.t.s.TourGuideClientRewardsServiceImpl : Service - Distance calculated: 11060.316893204696
2021-11-27 20:34:21.013  INFO 530588 --- [onPool-worker-7] .t.t.s.TourGuideClientRewardsServiceImpl : Service - Distance calculated: 10783.705095075227
2021-11-27 20:34:21.013  INFO 530588 --- [onPool-worker-7] .t.t.s.TourGuideClientRewardsServiceImpl : Service - Distance calculated: 10856.955867258295
2021-11-27 20:34:21.013  INFO 530588 --- [onPool-worker-7] .t.t.s.TourGuideClientRewardsServiceImpl : Service - Distance calculated: 10164.781165087892
2021-11-27 20:34:21.013  INFO 530588 --- [onPool-worker-7] .t.t.s.TourGuideClientRewardsServiceImpl : Service - Distance calculated: 9561.969812655438
2021-11-27 20:34:21.013  INFO 530588 --- [onPool-worker-7] .t.t.s.TourGuideClientRewardsServiceImpl : Service - Distance calculated: 10151.022323615816
2021-11-27 20:34:21.013  INFO 530588 --- [onPool-worker-7] .t.t.s.TourGuideClientRewardsServiceImpl : Service - Distance calculated: 9863.567963444095
2021-11-27 20:34:21.013  INFO 530588 --- [onPool-worker-7] .t.t.s.TourGuideClientRewardsServiceImpl : Service - Distance calculated: 10430.07934976889
2021-11-27 20:34:21.013  INFO 530588 --- [onPool-worker-7] .t.t.s.TourGuideClientRewardsServiceImpl : Service - Distance calculated: 9639.85817628003
2021-11-27 20:34:21.013  INFO 530588 --- [onPool-worker-7] .t.t.s.TourGuideClientRewardsServiceImpl : Service - Distance calculated: 8781.236703825876
2021-11-27 20:34:21.013  INFO 530588 --- [onPool-worker-7] .t.t.s.TourGuideClientRewardsServiceImpl : Service - Distance calculated: 10126.49215381917
2021-11-27 20:34:21.013  INFO 530588 --- [onPool-worker-7] .t.t.s.TourGuideClientRewardsServiceImpl : Service - Distance calculated: 11244.141607167987
2021-11-27 20:34:21.013  INFO 530588 --- [onPool-worker-7] .t.t.s.TourGuideClientRewardsServiceImpl : Service - Distance calculated: 9228.022309069942
2021-11-27 20:34:21.013  INFO 530588 --- [onPool-worker-7] .t.t.s.TourGuideClientRewardsServiceImpl : Service - Distance calculated: 10062.905116179689
2021-11-27 20:34:21.013  INFO 530588 --- [onPool-worker-7] .t.t.s.TourGuideClientRewardsServiceImpl : Service - Distance calculated: 11069.532072382808
2021-11-27 20:34:21.013  INFO 530588 --- [onPool-worker-7] .t.t.s.TourGuideClientRewardsServiceImpl : Service - Distance calculated: 10183.86761632411
2021-11-27 20:34:21.013  INFO 530588 --- [onPool-worker-7] .t.t.s.TourGuideClientRewardsServiceImpl : Service - Distance calculated: 3737.290846057466
2021-11-27 20:34:21.013  INFO 530588 --- [onPool-worker-7] .t.t.s.TourGuideClientRewardsServiceImpl : Service - Distance calculated: 4037.149156860923
2021-11-27 20:34:21.013  INFO 530588 --- [onPool-worker-7] .t.t.s.TourGuideClientRewardsServiceImpl : Service - Distance calculated: 3859.886958788859
2021-11-27 20:34:21.013  INFO 530588 --- [onPool-worker-7] .t.t.s.TourGuideClientRewardsServiceImpl : Service - Distance calculated: 3851.2143548823633
2021-11-27 20:34:21.013  INFO 530588 --- [onPool-worker-7] .t.t.s.TourGuideClientRewardsServiceImpl : Service - Distance calculated: 5085.145360956125
2021-11-27 20:34:21.013  INFO 530588 --- [onPool-worker-7] .t.t.s.TourGuideClientRewardsServiceImpl : Service - Distance calculated: 5103.652908944598
2021-11-27 20:34:21.013  INFO 530588 --- [onPool-worker-7] .t.t.s.TourGuideClientRewardsServiceImpl : Service - Distance calculated: 4194.233650058384
2021-11-27 20:34:21.013  INFO 530588 --- [onPool-worker-7] .t.t.s.TourGuideClientRewardsServiceImpl : Service - Distance calculated: 5508.403128851852
2021-11-27 20:34:21.013  INFO 530588 --- [onPool-worker-7] .t.t.s.TourGuideClientRewardsServiceImpl : Service - Distance calculated: 5504.403956708742
2021-11-27 20:34:21.014  INFO 530588 --- [onPool-worker-7] .t.t.s.TourGuideClientRewardsServiceImpl : Service - Distance calculated: 2877.1891346371954
2021-11-27 20:34:21.014  INFO 530588 --- [onPool-worker-7] .t.t.s.TourGuideClientRewardsServiceImpl : Service - Distance calculated: 5879.68949987983
2021-11-27 20:34:21.014  INFO 530588 --- [onPool-worker-7] .t.t.s.TourGuideClientRewardsServiceImpl : Service - Distance calculated: 5650.377704152944
2021-11-27 20:34:21.014  INFO 530588 --- [onPool-worker-7] .t.t.s.TourGuideClientRewardsServiceImpl : Service - Distance calculated: 5799.006516743838
2021-11-27 20:34:21.014  INFO 530588 --- [onPool-worker-7] .t.t.s.TourGuideClientRewardsServiceImpl : Service - Distance calculated: 6015.505538664925
2021-11-27 20:34:21.014  INFO 530588 --- [onPool-worker-7] .t.t.s.TourGuideClientRewardsServiceImpl : Service - Distance calculated: 4941.014127569647
2021-11-27 20:34:21.014  INFO 530588 --- [onPool-worker-7] .t.t.s.TourGuideClientRewardsServiceImpl : Service - Distance calculated: 5430.001056509185
2021-11-27 20:34:21.014  INFO 530588 --- [onPool-worker-7] .t.t.s.TourGuideClientRewardsServiceImpl : Service - Distance calculated: 5304.496581726394
2021-11-27 20:34:21.014  INFO 530588 --- [onPool-worker-7] .t.t.s.TourGuideClientRewardsServiceImpl : Service - Distance calculated: 5544.749619313941
2021-11-27 20:34:21.014  INFO 530588 --- [onPool-worker-7] .t.t.s.TourGuideClientRewardsServiceImpl : Service - Distance calculated: 5012.108000931352
2021-11-27 20:34:21.014  INFO 530588 --- [onPool-worker-7] .t.t.s.TourGuideClientRewardsServiceImpl : Service - Distance calculated: 3792.771479538899
2021-11-27 20:34:21.014  INFO 530588 --- [onPool-worker-7] .t.t.s.TourGuideClientRewardsServiceImpl : Service - Distance calculated: 5851.978869523545
2021-11-27 20:34:21.014  INFO 530588 --- [onPool-worker-7] .t.t.s.TourGuideClientRewardsServiceImpl : Service - Distance calculated: 5955.888204529607
2021-11-27 20:34:21.014  INFO 530588 --- [onPool-worker-7] .t.t.s.TourGuideClientRewardsServiceImpl : Service - Distance calculated: 4417.869683100907
2021-11-27 20:34:21.014  INFO 530588 --- [onPool-worker-7] .t.t.s.TourGuideClientRewardsServiceImpl : Service - Distance calculated: 4927.182641649526
2021-11-27 20:34:21.014  INFO 530588 --- [onPool-worker-7] .t.t.s.TourGuideClientRewardsServiceImpl : Service - Distance calculated: 5881.264220829353
2021-11-27 20:34:21.014  INFO 530588 --- [onPool-worker-7] .t.t.s.TourGuideClientRewardsServiceImpl : Service - Distance calculated: 5888.464144872014
2021-11-27 20:34:21.014  INFO 530588 --- [onPool-worker-7] .t.t.s.TourGuideClientRewardsServiceImpl : Service - Distance calculated: 5.8950310023474215E-5
2021-11-27 20:34:21.014  INFO 530588 --- [onPool-worker-7] .t.t.s.TourGuideClientRewardsServiceImpl : Service - Distance calculated: 774.5207212649109
2021-11-27 20:34:21.014  INFO 530588 --- [onPool-worker-7] .t.t.s.TourGuideClientRewardsServiceImpl : Service - Distance calculated: 164.91310606753288
2021-11-27 20:34:21.014  INFO 530588 --- [onPool-worker-7] .t.t.s.TourGuideClientRewardsServiceImpl : Service - Distance calculated: 115.99464245531166
2021-11-27 20:34:21.014  INFO 530588 --- [onPool-worker-7] .t.t.s.TourGuideClientRewardsServiceImpl : Service - Distance calculated: 1428.8577204882306
2021-11-27 20:34:21.014  INFO 530588 --- [onPool-worker-7] .t.t.s.TourGuideClientRewardsServiceImpl : Service - Distance calculated: 1418.571827418631
2021-11-27 20:34:21.014  INFO 530588 --- [onPool-worker-7] .t.t.s.TourGuideClientRewardsServiceImpl : Service - Distance calculated: 460.11990361699293
2021-11-27 20:34:21.014  INFO 530588 --- [onPool-worker-7] .t.t.s.TourGuideClientRewardsServiceImpl : Service - Distance calculated: 1992.7911930022951
2021-11-27 20:34:21.014  INFO 530588 --- [onPool-worker-7] .t.t.s.TourGuideClientRewardsServiceImpl : Service - Distance calculated: 1906.7972782801585
2021-11-27 20:34:21.014  INFO 530588 --- [onPool-worker-7] .t.t.s.TourGuideClientRewardsServiceImpl : Service - Distance calculated: 2360.645624935619
2021-11-27 20:34:21.014  INFO 530588 --- [onPool-worker-7] .t.t.s.TourGuideClientRewardsServiceImpl : Service - Distance calculated: 2434.494471527265
2021-11-27 20:34:21.014  INFO 530588 --- [onPool-worker-7] .t.t.s.TourGuideClientRewardsServiceImpl : Service - Distance calculated: 2148.3967563579567
2021-11-27 20:34:21.014  INFO 530588 --- [onPool-worker-7] .t.t.s.TourGuideClientRewardsServiceImpl : Service - Distance calculated: 2282.746325565392
2021-11-27 20:34:21.014  INFO 530588 --- [onPool-worker-7] .t.t.s.TourGuideClientRewardsServiceImpl : Service - Distance calculated: 2289.4339721013357
2021-11-27 20:34:21.014  INFO 530588 --- [onPool-worker-7] .t.t.s.TourGuideClientRewardsServiceImpl : Service - Distance calculated: 1204.372289719331
2021-11-27 20:34:21.014  INFO 530588 --- [onPool-worker-7] .t.t.s.TourGuideClientRewardsServiceImpl : Service - Distance calculated: 1742.5694022642394
2021-11-27 20:34:21.014  INFO 530588 --- [onPool-worker-7] .t.t.s.TourGuideClientRewardsServiceImpl : Service - Distance calculated: 1576.7472428725728
2021-11-27 20:34:21.014  INFO 530588 --- [onPool-worker-7] .t.t.s.TourGuideClientRewardsServiceImpl : Service - Distance calculated: 1921.4807999190489
2021-11-27 20:34:21.014  INFO 530588 --- [onPool-worker-7] .t.t.s.TourGuideClientRewardsServiceImpl : Service - Distance calculated: 1277.6245433336508
2021-11-27 20:34:21.015  INFO 530588 --- [onPool-worker-7] .t.t.s.TourGuideClientRewardsServiceImpl : Service - Distance calculated: 87.03441722159666
2021-11-27 20:34:21.015  INFO 530588 --- [onPool-worker-7] .t.t.s.TourGuideClientRewardsServiceImpl : Service - Distance calculated: 2127.2478407793283
2021-11-27 20:34:21.015  INFO 530588 --- [onPool-worker-7] .t.t.s.TourGuideClientRewardsServiceImpl : Service - Distance calculated: 2578.910516018122
2021-11-27 20:34:21.015  INFO 530588 --- [onPool-worker-7] .t.t.s.TourGuideClientRewardsServiceImpl : Service - Distance calculated: 680.6158831369517
2021-11-27 20:34:21.015  INFO 530588 --- [onPool-worker-7] .t.t.s.TourGuideClientRewardsServiceImpl : Service - Distance calculated: 1344.090272349311
2021-11-27 20:34:21.015  INFO 530588 --- [onPool-worker-7] .t.t.s.TourGuideClientRewardsServiceImpl : Service - Distance calculated: 2440.177336041544
2021-11-27 20:34:21.015  INFO 530588 --- [onPool-worker-7] .t.t.s.TourGuideClientRewardsServiceImpl : Service - Distance calculated: 2168.830527042806
2021-11-27 20:34:21.015  INFO 530588 --- [onPool-worker-7] .t.t.s.TourGuideClientRewardsServiceImpl : Service - Calculate rewards points for user: internalUser84
2021-11-27 20:34:20.988  INFO 530588 --- [ool-50-thread-2] .t.t.s.TourGuideClientRewardsServiceImpl : Service - Distance calculated: 1921.4807999190489
2021-11-27 20:34:21.016  INFO 530588 --- [ool-50-thread-2] .t.t.s.TourGuideClientRewardsServiceImpl : Service - Distance calculated: 1277.6245433336508
2021-11-27 20:34:20.988  INFO 530588 --- [onPool-worker-2] .t.t.s.TourGuideClientRewardsServiceImpl : Service - Distance calculated: 3699.628116376973
2021-11-27 20:34:21.016  INFO 530588 --- [ool-50-thread-2] .t.t.s.TourGuideClientRewardsServiceImpl : Service - Distance calculated: 87.03441722159666
2021-11-27 20:34:21.016  INFO 530588 --- [ool-50-thread-2] .t.t.s.TourGuideClientRewardsServiceImpl : Service - Distance calculated: 2127.2478407793283
2021-11-27 20:34:21.016  INFO 530588 --- [onPool-worker-2] .t.t.s.TourGuideClientRewardsServiceImpl : Service - Distance calculated: 4212.889685986199
2021-11-27 20:34:21.016  INFO 530588 --- [ool-50-thread-2] .t.t.s.TourGuideClientRewardsServiceImpl : Service - Distance calculated: 2578.910516018122
2021-11-27 20:34:21.016  INFO 530588 --- [onPool-worker-2] .t.t.s.TourGuideClientRewardsServiceImpl : Service - Distance calculated: 3140.862025799415
2021-11-27 20:34:21.016  INFO 530588 --- [ool-50-thread-2] .t.t.s.TourGuideClientRewardsServiceImpl : Service - Distance calculated: 680.6158831369517
2021-11-27 20:34:21.016  INFO 530588 --- [ool-50-thread-2] .t.t.s.TourGuideClientRewardsServiceImpl : Service - Distance calculated: 1344.090272349311
2021-11-27 20:34:21.016  INFO 530588 --- [ool-50-thread-2] .t.t.s.TourGuideClientRewardsServiceImpl : Service - Distance calculated: 2440.177336041544
2021-11-27 20:34:21.016  INFO 530588 --- [ool-50-thread-2] .t.t.s.TourGuideClientRewardsServiceImpl : Service - Distance calculated: 2168.830527042806
2021-11-27 20:34:21.016  INFO 530588 --- [ool-50-thread-2] .t.t.s.TourGuideClientRewardsServiceImpl : Service - Calculate rewards points for user: internalUser70
2021-11-27 20:34:20.988  INFO 530588 --- [nPool-worker-13] .t.t.s.TourGuideClientRewardsServiceImpl : Service - Distance calculated: 9849.842745505208
2021-11-27 20:34:20.988  INFO 530588 --- [ool-59-thread-2] .t.t.s.TourGuideClientRewardsServiceImpl : Service - Distance calculated: 2949.584214738537
2021-11-27 20:34:21.016  INFO 530588 --- [ool-59-thread-2] .t.t.s.TourGuideClientRewardsServiceImpl : Service - Distance calculated: 2938.538307742848
2021-11-27 20:34:21.016  INFO 530588 --- [ool-59-thread-2] .t.t.s.TourGuideClientRewardsServiceImpl : Service - Distance calculated: 2749.328027964276
2021-11-27 20:34:21.016  INFO 530588 --- [ool-59-thread-2] .t.t.s.TourGuideClientRewardsServiceImpl : Service - Distance calculated: 1951.1423201540522
2021-11-27 20:34:21.016  INFO 530588 --- [ool-59-thread-2] .t.t.s.TourGuideClientRewardsServiceImpl : Service - Distance calculated: 3407.7015170991153
2021-11-27 20:34:21.016  INFO 530588 --- [ool-59-thread-2] .t.t.s.TourGuideClientRewardsServiceImpl : Service - Distance calculated: 3126.576665632065
2021-11-27 20:34:21.016  INFO 530588 --- [ool-59-thread-2] .t.t.s.TourGuideClientRewardsServiceImpl : Service - Distance calculated: 2333.3271413750017
2021-11-27 20:34:21.016  INFO 530588 --- [ool-59-thread-2] .t.t.s.TourGuideClientRewardsServiceImpl : Service - Distance calculated: 2380.90662203778
2021-11-27 20:34:21.016  INFO 530588 --- [ool-59-thread-2] .t.t.s.TourGuideClientRewardsServiceImpl : Service - Distance calculated: 3088.8618630247706
2021-11-27 20:34:21.016  INFO 530588 --- [ool-59-thread-2] .t.t.s.TourGuideClientRewardsServiceImpl : Service - Distance calculated: 3419.8019697417153
2021-11-27 20:34:21.017  INFO 530588 --- [ool-59-thread-2] .t.t.s.TourGuideClientRewardsServiceImpl : Service - Distance calculated: 5.8950310023474215E-5
2021-11-27 20:34:21.016  INFO 530588 --- [nPool-worker-13] .t.t.s.TourGuideClientRewardsServiceImpl : Service - Distance calculated: 9570.858891685308
2021-11-27 20:34:21.017  INFO 530588 --- [nPool-worker-13] .t.t.s.TourGuideClientRewardsServiceImpl : Service - Distance calculated: 9647.63789811984
2021-11-27 20:34:21.017  INFO 530588 --- [nPool-worker-13] .t.t.s.TourGuideClientRewardsServiceImpl : Service - Distance calculated: 9009.56592622669
2021-11-27 20:34:21.017  INFO 530588 --- [ool-59-thread-2] .t.t.s.TourGuideClientRewardsServiceImpl : Service - Distance calculated: 774.5207212649109
2021-11-27 20:34:21.017  INFO 530588 --- [ool-59-thread-2] .t.t.s.TourGuideClientRewardsServiceImpl : Service - Distance calculated: 164.91310606753288
2021-11-27 20:34:21.017  INFO 530588 --- [ool-59-thread-2] .t.t.s.TourGuideClientRewardsServiceImpl : Service - Distance calculated: 115.99464245531166
2021-11-27 20:34:21.017  INFO 530588 --- [ool-59-thread-2] .t.t.s.TourGuideClientRewardsServiceImpl : Service - Distance calculated: 1428.8577204882306
2021-11-27 20:34:21.017  INFO 530588 --- [ool-59-thread-2] .t.t.s.TourGuideClientRewardsServiceImpl : Service - Distance calculated: 1418.571827418631
2021-11-27 20:34:21.017  INFO 530588 --- [ool-59-thread-2] .t.t.s.TourGuideClientRewardsServiceImpl : Service - Distance calculated: 460.11990361699293
2021-11-27 20:34:21.017  INFO 530588 --- [ool-59-thread-2] .t.t.s.TourGuideClientRewardsServiceImpl : Service - Distance calculated: 1992.7911930022951
2021-11-27 20:34:21.017  INFO 530588 --- [ool-59-thread-2] .t.t.s.TourGuideClientRewardsServiceImpl : Service - Distance calculated: 1906.7972782801585
2021-11-27 20:34:21.017  INFO 530588 --- [ool-59-thread-2] .t.t.s.TourGuideClientRewardsServiceImpl : Service - Distance calculated: 2360.645624935619
2021-11-27 20:34:21.017  INFO 530588 --- [ool-59-thread-2] .t.t.s.TourGuideClientRewardsServiceImpl : Service - Distance calculated: 2434.494471527265
2021-11-27 20:34:21.017  INFO 530588 --- [ool-59-thread-2] .t.t.s.TourGuideClientRewardsServiceImpl : Service - Distance calculated: 2148.3967563579567
2021-11-27 20:34:21.017  INFO 530588 --- [ool-59-thread-2] .t.t.s.TourGuideClientRewardsServiceImpl : Service - Distance calculated: 2282.746325565392
2021-11-27 20:34:21.017  INFO 530588 --- [ool-59-thread-2] .t.t.s.TourGuideClientRewardsServiceImpl : Service - Distance calculated: 2289.4339721013357
2021-11-27 20:34:21.017  INFO 530588 --- [ool-59-thread-2] .t.t.s.TourGuideClientRewardsServiceImpl : Service - Distance calculated: 1204.372289719331
2021-11-27 20:34:20.988  INFO 530588 --- [ol-101-thread-2] .t.t.s.TourGuideClientRewardsServiceImpl : Service - Distance calculated: 4063.794231078607
2021-11-27 20:34:21.017  INFO 530588 --- [ool-59-thread-2] .t.t.s.TourGuideClientRewardsServiceImpl : Service - Distance calculated: 1742.5694022642394
2021-11-27 20:34:21.017  INFO 530588 --- [ool-59-thread-2] .t.t.s.TourGuideClientRewardsServiceImpl : Service - Distance calculated: 1576.7472428725728
2021-11-27 20:34:21.017  INFO 530588 --- [ool-59-thread-2] .t.t.s.TourGuideClientRewardsServiceImpl : Service - Distance calculated: 1921.4807999190489
2021-11-27 20:34:21.017  INFO 530588 --- [ool-59-thread-2] .t.t.s.TourGuideClientRewardsServiceImpl : Service - Distance calculated: 1277.6245433336508
2021-11-27 20:34:21.017  INFO 530588 --- [ool-59-thread-2] .t.t.s.TourGuideClientRewardsServiceImpl : Service - Distance calculated: 87.03441722159666
2021-11-27 20:34:21.017  INFO 530588 --- [ool-59-thread-2] .t.t.s.TourGuideClientRewardsServiceImpl : Service - Distance calculated: 2127.2478407793283
2021-11-27 20:34:21.017  INFO 530588 --- [ool-59-thread-2] .t.t.s.TourGuideClientRewardsServiceImpl : Service - Distance calculated: 2578.910516018122
2021-11-27 20:34:21.017  INFO 530588 --- [ool-59-thread-2] .t.t.s.TourGuideClientRewardsServiceImpl : Service - Distance calculated: 680.6158831369517
2021-11-27 20:34:21.017  INFO 530588 --- [ool-59-thread-2] .t.t.s.TourGuideClientRewardsServiceImpl : Service - Distance calculated: 1344.090272349311
2021-11-27 20:34:21.017  INFO 530588 --- [ool-59-thread-2] .t.t.s.TourGuideClientRewardsServiceImpl : Service - Distance calculated: 2440.177336041544
2021-11-27 20:34:21.017  INFO 530588 --- [ool-59-thread-2] .t.t.s.TourGuideClientRewardsServiceImpl : Service - Distance calculated: 2168.830527042806
2021-11-27 20:34:21.017  INFO 530588 --- [ool-59-thread-2] .t.t.s.TourGuideClientRewardsServiceImpl : Service - Calculate rewards points for user: internalUser86
2021-11-27 20:34:20.988  INFO 530588 --- [ool-60-thread-2] .t.t.s.TourGuideClientRewardsServiceImpl : Service - Distance calculated: 7265.689051301575
2021-11-27 20:34:21.018  INFO 530588 --- [ool-60-thread-2] .t.t.s.TourGuideClientRewardsServiceImpl : Service - Distance calculated: 6796.268022727511
2021-11-27 20:34:20.988  INFO 530588 --- [onPool-worker-9] .t.t.s.TourGuideClientRewardsServiceImpl : Service - Distance calculated: 5862.745295271675
2021-11-27 20:34:21.018  INFO 530588 --- [onPool-worker-9] .t.t.s.TourGuideClientRewardsServiceImpl : Service - Distance calculated: 5046.98848752849
2021-11-27 20:34:21.018  INFO 530588 --- [onPool-worker-9] .t.t.s.TourGuideClientRewardsServiceImpl : Service - Distance calculated: 8403.26319424982
2021-11-27 20:34:21.018  INFO 530588 --- [onPool-worker-9] .t.t.s.TourGuideClientRewardsServiceImpl : Service - Distance calculated: 9177.572218117104
2021-11-27 20:34:21.018  INFO 530588 --- [onPool-worker-9] .t.t.s.TourGuideClientRewardsServiceImpl : Service - Distance calculated: 8549.737792646392
2021-11-27 20:34:21.018  INFO 530588 --- [onPool-worker-9] .t.t.s.TourGuideClientRewardsServiceImpl : Service - Distance calculated: 8462.928872244784
2021-11-27 20:34:21.018  INFO 530588 --- [onPool-worker-9] .t.t.s.TourGuideClientRewardsServiceImpl : Service - Distance calculated: 9238.382670110397
2021-11-27 20:34:20.988  INFO 530588 --- [ool-44-thread-2] .t.t.s.TourGuideClientRewardsServiceImpl : Service - Distance calculated: 5012.354239941497
2021-11-27 20:34:21.018  INFO 530588 --- [onPool-worker-9] .t.t.s.TourGuideClientRewardsServiceImpl : Service - Distance calculated: 9142.571987700465
2021-11-27 20:34:21.018  INFO 530588 --- [onPool-worker-9] .t.t.s.TourGuideClientRewardsServiceImpl : Service - Distance calculated: 8494.193077583746
2021-11-27 20:34:21.018  INFO 530588 --- [ool-44-thread-2] .t.t.s.TourGuideClientRewardsServiceImpl : Service - Distance calculated: 4197.670135063663
2021-11-27 20:34:21.018  INFO 530588 --- [onPool-worker-9] .t.t.s.TourGuideClientRewardsServiceImpl : Service - Distance calculated: 9758.764469317544
2021-11-27 20:34:21.018  INFO 530588 --- [ool-44-thread-2] .t.t.s.TourGuideClientRewardsServiceImpl : Service - Distance calculated: 4289.774936691289
2021-11-27 20:34:21.018  INFO 530588 --- [onPool-worker-9] .t.t.s.TourGuideClientRewardsServiceImpl : Service - Distance calculated: 9545.954066104778
2021-11-27 20:34:21.018  INFO 530588 --- [ool-44-thread-2] .t.t.s.TourGuideClientRewardsServiceImpl : Service - Distance calculated: 4979.585067407942
2021-11-27 20:34:21.018  INFO 530588 --- [ool-44-thread-2] .t.t.s.TourGuideClientRewardsServiceImpl : Service - Distance calculated: 3641.2127616187404
2021-11-27 20:34:20.988  INFO 530588 --- [ol-127-thread-2] .t.t.s.TourGuideClientRewardsServiceImpl : Service - Distance calculated: 4452.48228987752
2021-11-27 20:34:21.018  INFO 530588 --- [onPool-worker-9] .t.t.s.TourGuideClientRewardsServiceImpl : Service - Distance calculated: 9307.794284230695
2021-11-27 20:34:20.989  INFO 530588 --- [ol-117-thread-2] .t.t.s.TourGuideClientRewardsServiceImpl : Service - Distance calculated: 11139.893384029583
2021-11-27 20:34:21.018  INFO 530588 --- [ol-127-thread-2] .t.t.s.TourGuideClientRewardsServiceImpl : Service - Distance calculated: 4902.630837766536
2021-11-27 20:34:21.018  INFO 530588 --- [ol-117-thread-2] .t.t.s.TourGuideClientRewardsServiceImpl : Service - Distance calculated: 11942.715485644023
2021-11-27 20:34:21.018  INFO 530588 --- [ol-127-thread-2] .t.t.s.TourGuideClientRewardsServiceImpl : Service - Distance calculated: 4149.950171589946
2021-11-27 20:34:21.018  INFO 530588 --- [ol-117-thread-2] .t.t.s.TourGuideClientRewardsServiceImpl : Service - Distance calculated: 11547.342415421892
2021-11-27 20:34:21.018  INFO 530588 --- [ol-127-thread-2] .t.t.s.TourGuideClientRewardsServiceImpl : Service - Distance calculated: 3022.573365484337
2021-11-27 20:34:21.018  INFO 530588 --- [ol-117-thread-2] .t.t.s.TourGuideClientRewardsServiceImpl : Service - Distance calculated: 11137.986955461334
2021-11-27 20:34:21.018  INFO 530588 --- [ol-127-thread-2] .t.t.s.TourGuideClientRewardsServiceImpl : Service - Distance calculated: 4968.231858007055
2021-11-27 20:34:21.018  INFO 530588 --- [ol-117-thread-2] .t.t.s.TourGuideClientRewardsServiceImpl : Service - Distance calculated: 10344.27870805873
2021-11-27 20:34:21.018  INFO 530588 --- [ol-117-thread-2] .t.t.s.TourGuideClientRewardsServiceImpl : Service - Distance calculated: 12094.469522676942
2021-11-27 20:34:20.989  INFO 530588 --- [ol-138-thread-2] .t.t.s.TourGuideClientRewardsServiceImpl : Service - Distance calculated: 7384.457617811869
2021-11-27 20:34:20.989  INFO 530588 --- [ol-131-thread-2] .t.t.s.TourGuideClientRewardsServiceImpl : Service - Distance calculated: 4524.939640981589
2021-11-27 20:34:21.018  INFO 530588 --- [ol-138-thread-2] .t.t.s.TourGuideClientRewardsServiceImpl : Service - Distance calculated: 6264.188743750794
2021-11-27 20:34:20.989  INFO 530588 --- [ol-115-thread-2] .t.t.s.TourGuideClientRewardsServiceImpl : Service - Distance calculated: 6693.502007012887
2021-11-27 20:34:21.018  INFO 530588 --- [ol-131-thread-2] .t.t.s.TourGuideClientRewardsServiceImpl : Service - Distance calculated: 3917.567886102937
2021-11-27 20:34:21.018  INFO 530588 --- [ol-115-thread-2] .t.t.s.TourGuideClientRewardsServiceImpl : Service - Distance calculated: 7425.280538507264
2021-11-27 20:34:20.989  INFO 530588 --- [ool-95-thread-2] .t.t.s.TourGuideClientRewardsServiceImpl : Service - Distance calculated: 8770.344685145925
2021-11-27 20:34:21.019  INFO 530588 --- [ol-115-thread-2] .t.t.s.TourGuideClientRewardsServiceImpl : Service - Distance calculated: 7523.416209751659
2021-11-27 20:34:21.019  INFO 530588 --- [ol-115-thread-2] .t.t.s.TourGuideClientRewardsServiceImpl : Service - Distance calculated: 7661.8596588566525
2021-11-27 20:34:20.989  INFO 530588 --- [ol-109-thread-2] .t.t.s.TourGuideClientRewardsServiceImpl : Service - Distance calculated: 7181.528279263997
2021-11-27 20:34:21.019  INFO 530588 --- [ol-115-thread-2] .t.t.s.TourGuideClientRewardsServiceImpl : Service - Distance calculated: 7372.148671962122
2021-11-27 20:34:21.019  INFO 530588 --- [ol-115-thread-2] .t.t.s.TourGuideClientRewardsServiceImpl : Service - Distance calculated: 6701.228548567388
2021-11-27 20:34:21.019  INFO 530588 --- [ol-115-thread-2] .t.t.s.TourGuideClientRewardsServiceImpl : Service - Distance calculated: 4995.7439561468
2021-11-27 20:34:21.019  INFO 530588 --- [ol-115-thread-2] .t.t.s.TourGuideClientRewardsServiceImpl : Service - Distance calculated: 4334.521250124001
2021-11-27 20:34:21.019  INFO 530588 --- [ol-115-thread-2] .t.t.s.TourGuideClientRewardsServiceImpl : Service - Distance calculated: 4910.4521513477275
2021-11-27 20:34:20.989  INFO 530588 --- [ol-118-thread-2] .t.t.s.TourGuideClientRewardsServiceImpl : Service - Distance calculated: 9031.363191106466
2021-11-27 20:34:20.989  INFO 530588 --- [ool-46-thread-2] .t.t.s.TourGuideClientRewardsServiceImpl : Service - Distance calculated: 6028.916116488594
2021-11-27 20:34:21.019  INFO 530588 --- [ol-115-thread-2] .t.t.s.TourGuideClientRewardsServiceImpl : Service - Distance calculated: 4996.5108700294695
2021-11-27 20:34:20.989  INFO 530588 --- [ool-57-thread-2] .t.t.s.TourGuideClientRewardsServiceImpl : Service - Distance calculated: 5881.264220829353
2021-11-27 20:34:21.019  INFO 530588 --- [ol-115-thread-2] .t.t.s.TourGuideClientRewardsServiceImpl : Service - Distance calculated: 4825.464921400638
2021-11-27 20:34:21.019  INFO 530588 --- [ool-57-thread-2] .t.t.s.TourGuideClientRewardsServiceImpl : Service - Distance calculated: 5888.464144872014
2021-11-27 20:34:21.019  INFO 530588 --- [ol-115-thread-2] .t.t.s.TourGuideClientRewardsServiceImpl : Service - Distance calculated: 4927.498202765491
2021-11-27 20:34:21.019  INFO 530588 --- [ol-115-thread-2] .t.t.s.TourGuideClientRewardsServiceImpl : Service - Distance calculated: 5145.752156354599
2021-11-27 20:34:21.019  INFO 530588 --- [ol-115-thread-2] .t.t.s.TourGuideClientRewardsServiceImpl : Service - Distance calculated: 4493.813744280663
2021-11-27 20:34:21.019  INFO 530588 --- [ol-115-thread-2] .t.t.s.TourGuideClientRewardsServiceImpl : Service - Distance calculated: 4697.615086335187
2021-11-27 20:34:21.019  INFO 530588 --- [ol-115-thread-2] .t.t.s.TourGuideClientRewardsServiceImpl : Service - Distance calculated: 2921.0385558962685
2021-11-27 20:34:21.019  INFO 530588 --- [ol-115-thread-2] .t.t.s.TourGuideClientRewardsServiceImpl : Service - Distance calculated: 4369.765251038701
2021-11-27 20:34:21.019  INFO 530588 --- [ol-115-thread-2] .t.t.s.TourGuideClientRewardsServiceImpl : Service - Distance calculated: 4473.807818923169
2021-11-27 20:34:21.019  INFO 530588 --- [ol-115-thread-2] .t.t.s.TourGuideClientRewardsServiceImpl : Service - Distance calculated: 4522.26365525709
2021-11-27 20:34:21.019  INFO 530588 --- [ol-115-thread-2] .t.t.s.TourGuideClientRewardsServiceImpl : Service - Distance calculated: 5368.6441651238965
2021-11-27 20:34:21.019  INFO 530588 --- [ol-115-thread-2] .t.t.s.TourGuideClientRewardsServiceImpl : Service - Distance calculated: 5237.260111005701
2021-11-27 20:34:21.019  INFO 530588 --- [ol-115-thread-2] .t.t.s.TourGuideClientRewardsServiceImpl : Service - Distance calculated: 4989.050687366284
2021-11-27 20:34:21.019  INFO 530588 --- [ol-115-thread-2] .t.t.s.TourGuideClientRewardsServiceImpl : Service - Distance calculated: 5201.480398452445
2021-11-27 20:34:21.019  INFO 530588 --- [ol-115-thread-2] .t.t.s.TourGuideClientRewardsServiceImpl : Service - Distance calculated: 4777.191070252821
2021-11-27 20:34:21.019  INFO 530588 --- [ol-115-thread-2] .t.t.s.TourGuideClientRewardsServiceImpl : Service - Distance calculated: 5210.082535118904
2021-11-27 20:34:21.019  INFO 530588 --- [ol-115-thread-2] .t.t.s.TourGuideClientRewardsServiceImpl : Service - Distance calculated: 5072.523200875459
2021-11-27 20:34:21.019  INFO 530588 --- [ol-115-thread-2] .t.t.s.TourGuideClientRewardsServiceImpl : Service - Distance calculated: 5310.688560098102
2021-11-27 20:34:21.019  INFO 530588 --- [ol-115-thread-2] .t.t.s.TourGuideClientRewardsServiceImpl : Service - Distance calculated: 4235.984312685612
2021-11-27 20:34:21.019  INFO 530588 --- [ol-115-thread-2] .t.t.s.TourGuideClientRewardsServiceImpl : Service - Distance calculated: 5150.720221668219
2021-11-27 20:34:21.019  INFO 530588 --- [ol-115-thread-2] .t.t.s.TourGuideClientRewardsServiceImpl : Service - Distance calculated: 4624.801580679863
2021-11-27 20:34:21.019  INFO 530588 --- [ol-115-thread-2] .t.t.s.TourGuideClientRewardsServiceImpl : Service - Distance calculated: 4361.0845502388365
2021-11-27 20:34:21.019  INFO 530588 --- [ol-115-thread-2] .t.t.s.TourGuideClientRewardsServiceImpl : Service - Distance calculated: 5275.941914794984
2021-11-27 20:34:21.019  INFO 530588 --- [ol-115-thread-2] .t.t.s.TourGuideClientRewardsServiceImpl : Service - Calculate rewards points for user: internalUser45
2021-11-27 20:34:20.989  INFO 530588 --- [ol-130-thread-2] .t.t.s.TourGuideClientRewardsServiceImpl : Service - Distance calculated: 7966.512288277274
2021-11-27 20:34:21.019  INFO 530588 --- [ol-130-thread-2] .t.t.s.TourGuideClientRewardsServiceImpl : Service - Distance calculated: 7032.583460647365
2021-11-27 20:34:21.019  INFO 530588 --- [ol-130-thread-2] .t.t.s.TourGuideClientRewardsServiceImpl : Service - Distance calculated: 5179.599134592087
2021-11-27 20:34:21.019  INFO 530588 --- [ol-130-thread-2] .t.t.s.TourGuideClientRewardsServiceImpl : Service - Distance calculated: 4466.39864861185
2021-11-27 20:34:21.019  INFO 530588 --- [ol-130-thread-2] .t.t.s.TourGuideClientRewardsServiceImpl : Service - Distance calculated: 5075.218187740796
2021-11-27 20:34:20.989  INFO 530588 --- [ool-43-thread-2] .t.t.s.TourGuideClientRewardsServiceImpl : Service - Distance calculated: 1576.7472428725728
2021-11-27 20:34:20.989  INFO 530588 --- [ool-88-thread-2] .t.t.s.TourGuideClientRewardsServiceImpl : Service - Distance calculated: 8215.494410000525
2021-11-27 20:34:20.990  INFO 530588 --- [ol-103-thread-2] .t.t.s.TourGuideClientRewardsServiceImpl : Service - Distance calculated: 7630.683531531776
2021-11-27 20:34:21.019  INFO 530588 --- [ool-88-thread-2] .t.t.s.TourGuideClientRewardsServiceImpl : Service - Distance calculated: 7803.493271658915
2021-11-27 20:34:21.020  INFO 530588 --- [ol-103-thread-2] .t.t.s.TourGuideClientRewardsServiceImpl : Service - Distance calculated: 8434.966866738858
2021-11-27 20:34:21.020  INFO 530588 --- [ool-88-thread-2] .t.t.s.TourGuideClientRewardsServiceImpl : Service - Distance calculated: 6931.168333649355
2021-11-27 20:34:20.990  INFO 530588 --- [ool-70-thread-2] .t.t.s.TourGuideClientRewardsServiceImpl : Service - Distance calculated: 10631.112468910882
2021-11-27 20:34:21.020  INFO 530588 --- [ool-88-thread-2] .t.t.s.TourGuideClientRewardsServiceImpl : Service - Distance calculated: 7191.380423744354
2021-11-27 20:34:21.020  INFO 530588 --- [ool-70-thread-2] .t.t.s.TourGuideClientRewardsServiceImpl : Service - Distance calculated: 10282.545617587193
2021-11-27 20:34:21.020  INFO 530588 --- [ool-70-thread-2] .t.t.s.TourGuideClientRewardsServiceImpl : Service - Distance calculated: 10943.970705503152
2021-11-27 20:34:21.020  INFO 530588 --- [ool-70-thread-2] .t.t.s.TourGuideClientRewardsServiceImpl : Service - Distance calculated: 10772.193340576938
2021-11-27 20:34:21.020  INFO 530588 --- [ool-70-thread-2] .t.t.s.TourGuideClientRewardsServiceImpl : Service - Distance calculated: 10555.734187742528
2021-11-27 20:34:21.020  INFO 530588 --- [ool-70-thread-2] .t.t.s.TourGuideClientRewardsServiceImpl : Service - Distance calculated: 10855.872718537723
2021-11-27 20:34:21.020  INFO 530588 --- [ool-70-thread-2] .t.t.s.TourGuideClientRewardsServiceImpl : Service - Distance calculated: 10901.370057898628
2021-11-27 20:34:21.020  INFO 530588 --- [ool-70-thread-2] .t.t.s.TourGuideClientRewardsServiceImpl : Service - Distance calculated: 10794.78998473488
2021-11-27 20:34:21.020  INFO 530588 --- [ool-70-thread-2] .t.t.s.TourGuideClientRewardsServiceImpl : Service - Distance calculated: 10035.249371134782
2021-11-27 20:34:21.020  INFO 530588 --- [ool-70-thread-2] .t.t.s.TourGuideClientRewardsServiceImpl : Service - Distance calculated: 10323.775784575162
2021-11-27 20:34:21.020  INFO 530588 --- [ool-70-thread-2] .t.t.s.TourGuideClientRewardsServiceImpl : Service - Distance calculated: 10528.798550465817
2021-11-27 20:34:21.020  INFO 530588 --- [ool-70-thread-2] .t.t.s.TourGuideClientRewardsServiceImpl : Service - Distance calculated: 10347.0844107361
2021-11-27 20:34:21.020  INFO 530588 --- [ool-70-thread-2] .t.t.s.TourGuideClientRewardsServiceImpl : Service - Distance calculated: 10690.7294477646
2021-11-27 20:34:21.020  INFO 530588 --- [ool-70-thread-2] .t.t.s.TourGuideClientRewardsServiceImpl : Service - Distance calculated: 10352.959114464378
2021-11-27 20:34:21.020  INFO 530588 --- [ool-70-thread-2] .t.t.s.TourGuideClientRewardsServiceImpl : Service - Distance calculated: 10204.56763522683
2021-11-27 20:34:21.020  INFO 530588 --- [ool-70-thread-2] .t.t.s.TourGuideClientRewardsServiceImpl : Service - Distance calculated: 10135.793269187316
2021-11-27 20:34:21.020  INFO 530588 --- [ool-70-thread-2] .t.t.s.TourGuideClientRewardsServiceImpl : Service - Distance calculated: 10887.968778797123
2021-11-27 20:34:21.020  INFO 530588 --- [ool-70-thread-2] .t.t.s.TourGuideClientRewardsServiceImpl : Service - Distance calculated: 10339.27844057887
2021-11-27 20:34:21.020  INFO 530588 --- [ool-70-thread-2] .t.t.s.TourGuideClientRewardsServiceImpl : Service - Distance calculated: 10938.000290288659
2021-11-27 20:34:21.020  INFO 530588 --- [ool-70-thread-2] .t.t.s.TourGuideClientRewardsServiceImpl : Service - Distance calculated: 10860.503027401912
2021-11-27 20:34:21.020  INFO 530588 --- [ool-70-thread-2] .t.t.s.TourGuideClientRewardsServiceImpl : Service - Distance calculated: 10154.83839725365
2021-11-27 20:34:21.020  INFO 530588 --- [ool-70-thread-2] .t.t.s.TourGuideClientRewardsServiceImpl : Service - Distance calculated: 8611.537429936272
2021-11-27 20:34:21.020  INFO 530588 --- [ool-70-thread-2] .t.t.s.TourGuideClientRewardsServiceImpl : Service - Distance calculated: 9326.54580320701
2021-11-27 20:34:21.020  INFO 530588 --- [ool-70-thread-2] .t.t.s.TourGuideClientRewardsServiceImpl : Service - Distance calculated: 8717.94220440678
2021-11-27 20:34:21.020  INFO 530588 --- [ool-70-thread-2] .t.t.s.TourGuideClientRewardsServiceImpl : Service - Distance calculated: 8629.001778559732
2021-11-27 20:34:21.020  INFO 530588 --- [ool-70-thread-2] .t.t.s.TourGuideClientRewardsServiceImpl : Service - Distance calculated: 8913.277514408106
2021-11-27 20:34:21.020  INFO 530588 --- [ool-70-thread-2] .t.t.s.TourGuideClientRewardsServiceImpl : Service - Distance calculated: 8811.113587676731
2021-11-27 20:34:21.020  INFO 530588 --- [ool-70-thread-2] .t.t.s.TourGuideClientRewardsServiceImpl : Service - Distance calculated: 8524.090109983606
2021-11-27 20:34:21.020  INFO 530588 --- [ool-70-thread-2] .t.t.s.TourGuideClientRewardsServiceImpl : Service - Distance calculated: 9237.987264444528
2021-11-27 20:34:21.020  INFO 530588 --- [ool-70-thread-2] .t.t.s.TourGuideClientRewardsServiceImpl : Service - Distance calculated: 9036.986933590399
2021-11-27 20:34:21.020  INFO 530588 --- [ool-70-thread-2] .t.t.s.TourGuideClientRewardsServiceImpl : Service - Distance calculated: 10282.997821004077
2021-11-27 20:34:21.020  INFO 530588 --- [ool-70-thread-2] .t.t.s.TourGuideClientRewardsServiceImpl : Service - Distance calculated: 9330.109506513138
2021-11-27 20:34:21.020  INFO 530588 --- [ool-70-thread-2] .t.t.s.TourGuideClientRewardsServiceImpl : Service - Distance calculated: 9249.38066481415
2021-11-27 20:34:21.020  INFO 530588 --- [ool-70-thread-2] .t.t.s.TourGuideClientRewardsServiceImpl : Service - Distance calculated: 9190.719980219365
2021-11-27 20:34:21.020  INFO 530588 --- [ool-70-thread-2] .t.t.s.TourGuideClientRewardsServiceImpl : Service - Distance calculated: 8350.55836897153
2021-11-27 20:34:21.020  INFO 530588 --- [ool-70-thread-2] .t.t.s.TourGuideClientRewardsServiceImpl : Service - Distance calculated: 8493.552367801132
2021-11-27 20:34:21.020  INFO 530588 --- [ool-70-thread-2] .t.t.s.TourGuideClientRewardsServiceImpl : Service - Distance calculated: 8749.91945585588
2021-11-27 20:34:21.020  INFO 530588 --- [ool-70-thread-2] .t.t.s.TourGuideClientRewardsServiceImpl : Service - Distance calculated: 8538.634499036914
2021-11-27 20:34:21.020  INFO 530588 --- [ool-70-thread-2] .t.t.s.TourGuideClientRewardsServiceImpl : Service - Distance calculated: 8956.788015552067
2021-11-27 20:34:21.020  INFO 530588 --- [ool-70-thread-2] .t.t.s.TourGuideClientRewardsServiceImpl : Service - Distance calculated: 8523.928316908621
2021-11-27 20:34:21.020  INFO 530588 --- [ool-70-thread-2] .t.t.s.TourGuideClientRewardsServiceImpl : Service - Distance calculated: 8542.279717453916
2021-11-27 20:34:21.020  INFO 530588 --- [ool-70-thread-2] .t.t.s.TourGuideClientRewardsServiceImpl : Service - Distance calculated: 8417.109970669755
2021-11-27 20:34:21.020  INFO 530588 --- [ool-70-thread-2] .t.t.s.TourGuideClientRewardsServiceImpl : Service - Distance calculated: 9448.82610027868
2021-11-27 20:34:21.020  INFO 530588 --- [ool-70-thread-2] .t.t.s.TourGuideClientRewardsServiceImpl : Service - Distance calculated: 8543.693381715166
2021-11-27 20:34:21.020  INFO 530588 --- [ool-70-thread-2] .t.t.s.TourGuideClientRewardsServiceImpl : Service - Distance calculated: 9111.045912736621
2021-11-27 20:34:21.020  INFO 530588 --- [ool-70-thread-2] .t.t.s.TourGuideClientRewardsServiceImpl : Service - Distance calculated: 9338.271594304191
2021-11-27 20:34:21.020  INFO 530588 --- [ool-70-thread-2] .t.t.s.TourGuideClientRewardsServiceImpl : Service - Distance calculated: 8449.200961637423
2021-11-27 20:34:21.020  INFO 530588 --- [ool-70-thread-2] .t.t.s.TourGuideClientRewardsServiceImpl : Service - Distance calculated: 5.8950310023474215E-5
2021-11-27 20:34:20.990  INFO 530588 --- [ool-51-thread-2] .t.t.s.TourGuideClientRewardsServiceImpl : Service - Distance calculated: 8851.98431373128
2021-11-27 20:34:21.020  INFO 530588 --- [ool-51-thread-2] .t.t.s.TourGuideClientRewardsServiceImpl : Service - Distance calculated: 9600.708243295489
2021-11-27 20:34:20.990  INFO 530588 --- [ool-68-thread-2] .t.t.s.TourGuideClientRewardsServiceImpl : Service - Distance calculated: 5052.566955176271
2021-11-27 20:34:21.021  INFO 530588 --- [ool-70-thread-2] .t.t.s.TourGuideClientRewardsServiceImpl : Service - Distance calculated: 774.5207212649109
2021-11-27 20:34:21.021  INFO 530588 --- [ool-68-thread-2] .t.t.s.TourGuideClientRewardsServiceImpl : Service - Distance calculated: 4405.478260641809
2021-11-27 20:34:20.990  INFO 530588 --- [ol-122-thread-2] .t.t.s.TourGuideClientRewardsServiceImpl : Service - Distance calculated: 6025.008705426428
2021-11-27 20:34:21.021  INFO 530588 --- [ool-68-thread-2] .t.t.s.TourGuideClientRewardsServiceImpl : Service - Distance calculated: 4971.397639352521
2021-11-27 20:34:21.021  INFO 530588 --- [ol-122-thread-2] .t.t.s.TourGuideClientRewardsServiceImpl : Service - Distance calculated: 7125.43279455191
2021-11-27 20:34:20.990  INFO 530588 --- [ol-104-thread-2] .t.t.s.TourGuideClientRewardsServiceImpl : Service - Distance calculated: 11404.106021110492
2021-11-27 20:34:20.993  INFO 530588 --- [onPool-worker-8] .t.t.s.TourGuideClientRewardsServiceImpl : Service - Distance calculated: 4151.909323594669
2021-11-27 20:34:20.994  INFO 530588 --- [onPool-worker-5] .t.t.s.TourGuideClientRewardsServiceImpl : Service - Distance calculated: 6474.853350876334
2021-11-27 20:34:21.021  INFO 530588 --- [onPool-worker-8] .t.t.s.TourGuideClientRewardsServiceImpl : Service - Distance calculated: 3506.867452251215
2021-11-27 20:34:20.994  INFO 530588 --- [onPool-worker-1] .t.t.s.TourGuideClientRewardsServiceImpl : Service - Distance calculated: 8365.310722403923
2021-11-27 20:34:21.021  INFO 530588 --- [onPool-worker-5] .t.t.s.TourGuideClientRewardsServiceImpl : Service - Distance calculated: 6533.258743294983
2021-11-27 20:34:20.995  INFO 530588 --- [nPool-worker-10] .t.t.s.TourGuideClientRewardsServiceImpl : Service - Distance calculated: 1465.3696865391037
2021-11-27 20:34:20.996  INFO 530588 --- [nPool-worker-12] .t.t.s.TourGuideClientRewardsServiceImpl : Service - Distance calculated: 10430.958362531406
2021-11-27 20:34:21.021  INFO 530588 --- [nPool-worker-10] .t.t.s.TourGuideClientRewardsServiceImpl : Service - Distance calculated: 2419.7236864192155
2021-11-27 20:34:21.021  INFO 530588 --- [onPool-worker-5] .t.t.s.TourGuideClientRewardsServiceImpl : Service - Distance calculated: 6954.546542412824
2021-11-27 20:34:21.021  INFO 530588 --- [nPool-worker-10] .t.t.s.TourGuideClientRewardsServiceImpl : Service - Distance calculated: 1087.1914040515028
2021-11-27 20:34:20.996  INFO 530588 --- [nPool-worker-15] .t.t.s.TourGuideClientRewardsServiceImpl : Service - Distance calculated: 5757.585689580056
2021-11-27 20:34:21.021  INFO 530588 --- [nPool-worker-10] .t.t.s.TourGuideClientRewardsServiceImpl : Service - Distance calculated: 154.71102915345148
2021-11-27 20:34:21.021  INFO 530588 --- [onPool-worker-5] .t.t.s.TourGuideClientRewardsServiceImpl : Service - Distance calculated: 7547.741556923592
2021-11-27 20:34:20.999  INFO 530588 --- [nPool-worker-11] .t.t.s.TourGuideClientRewardsServiceImpl : Service - Distance calculated: 2168.830527042806
2021-11-27 20:34:21.021  INFO 530588 --- [onPool-worker-5] .t.t.s.TourGuideClientRewardsServiceImpl : Service - Distance calculated: 4581.65710057313
2021-11-27 20:34:21.021  INFO 530588 --- [nPool-worker-11] .t.t.s.TourGuideClientRewardsServiceImpl : Service - Calculate rewards points for user: internalUser74
2021-11-27 20:34:21.021  INFO 530588 --- [onPool-worker-5] .t.t.s.TourGuideClientRewardsServiceImpl : Service - Distance calculated: 4314.738253992943
2021-11-27 20:34:21.000  INFO 530588 --- [onPool-worker-4] .t.t.s.TourGuideClientRewardsServiceImpl : Service - Distance calculated: 5605.04515878819
2021-11-27 20:34:21.021  INFO 530588 --- [onPool-worker-5] .t.t.s.TourGuideClientRewardsServiceImpl : Service - Distance calculated: 4454.37014268008
2021-11-27 20:34:21.000  INFO 530588 --- [ool-61-thread-2] .t.t.s.TourGuideClientRewardsServiceImpl : Service - Distance calculated: 11193.897693574027
2021-11-27 20:34:21.000  INFO 530588 --- [onPool-worker-6] .t.t.s.TourGuideClientRewardsServiceImpl : Service - Distance calculated: 8091.717108120017
2021-11-27 20:34:21.000  INFO 530588 --- [ol-120-thread-2] .t.t.s.TourGuideClientRewardsServiceImpl : Service - Distance calculated: 7348.418100681272
2021-11-27 20:34:21.000  INFO 530588 --- [ol-140-thread-2] .t.t.s.TourGuideClientRewardsServiceImpl : Service - Distance calculated: 8785.858173411109
2021-11-27 20:34:21.021  INFO 530588 --- [ol-120-thread-2] .t.t.s.TourGuideClientRewardsServiceImpl : Service - Distance calculated: 6766.364393942466
2021-11-27 20:34:21.021  INFO 530588 --- [ol-120-thread-2] .t.t.s.TourGuideClientRewardsServiceImpl : Service - Distance calculated: 6688.865259421066
2021-11-27 20:34:21.021  INFO 530588 --- [ol-120-thread-2] .t.t.s.TourGuideClientRewardsServiceImpl : Service - Distance calculated: 7782.37281217952
2021-11-27 20:34:21.021  INFO 530588 --- [ol-120-thread-2] .t.t.s.TourGuideClientRewardsServiceImpl : Service - Distance calculated: 7710.889018517305
2021-11-27 20:34:21.021  INFO 530588 --- [ol-120-thread-2] .t.t.s.TourGuideClientRewardsServiceImpl : Service - Distance calculated: 6820.7529383081865
2021-11-27 20:34:21.000  INFO 530588 --- [ool-81-thread-2] .t.t.s.TourGuideClientRewardsServiceImpl : Service - Distance calculated: 6639.783356647593
2021-11-27 20:34:21.000  INFO 530588 --- [ool-71-thread-2] .t.t.s.TourGuideClientRewardsServiceImpl : Service - Distance calculated: 6180.774178280874
2021-11-27 20:34:21.001  INFO 530588 --- [ool-89-thread-2] .t.t.s.TourGuideClientRewardsServiceImpl : Service - Distance calculated: 4031.5951956819476
2021-11-27 20:34:21.021  INFO 530588 --- [ool-71-thread-2] .t.t.s.TourGuideClientRewardsServiceImpl : Service - Distance calculated: 4925.655077236766
2021-11-27 20:34:21.021  INFO 530588 --- [ool-89-thread-2] .t.t.s.TourGuideClientRewardsServiceImpl : Service - Distance calculated: 3197.7437086652367
2021-11-27 20:34:21.001  INFO 530588 --- [ol-102-thread-2] .t.t.s.TourGuideClientRewardsServiceImpl : Service - Distance calculated: 5473.372936509754
2021-11-27 20:34:21.001  INFO 530588 --- [ol-113-thread-2] .t.t.s.TourGuideClientRewardsServiceImpl : Service - Distance calculated: 10992.687277173634
2021-11-27 20:34:21.021  INFO 530588 --- [ol-113-thread-2] .t.t.s.TourGuideClientRewardsServiceImpl : Service - Distance calculated: 8756.997315294604
2021-11-27 20:34:21.001  INFO 530588 --- [ol-111-thread-2] .t.t.s.TourGuideClientRewardsServiceImpl : Service - Distance calculated: 11319.561535963552
2021-11-27 20:34:21.001  INFO 530588 --- [ool-67-thread-2] .t.t.s.TourGuideClientRewardsServiceImpl : Service - Distance calculated: 10958.30064323114
2021-11-27 20:34:21.023  INFO 530588 --- [ol-111-thread-2] .t.t.s.TourGuideClientRewardsServiceImpl : Service - Distance calculated: 11391.701035532871
2021-11-27 20:34:21.023  INFO 530588 --- [ool-67-thread-2] .t.t.s.TourGuideClientRewardsServiceImpl : Service - Distance calculated: 10343.704665220981
2021-11-27 20:34:21.022  INFO 530588 --- [ol-102-thread-2] .t.t.s.TourGuideClientRewardsServiceImpl : Service - Distance calculated: 6211.765047353498
2021-11-27 20:34:21.024  INFO 530588 --- [ol-102-thread-2] .t.t.s.TourGuideClientRewardsServiceImpl : Service - Distance calculated: 6306.416655826851
2021-11-27 20:34:21.024  INFO 530588 --- [ol-102-thread-2] .t.t.s.TourGuideClientRewardsServiceImpl : Service - Distance calculated: 3088.03230745744
2021-11-27 20:34:21.024  INFO 530588 --- [ool-67-thread-2] .t.t.s.TourGuideClientRewardsServiceImpl : Service - Distance calculated: 10949.47697550047
2021-11-27 20:34:21.001  INFO 530588 --- [ool-74-thread-2] .t.t.s.TourGuideClientRewardsServiceImpl : Service - Distance calculated: 2429.7539731339175
2021-11-27 20:34:21.002  INFO 530588 --- [ol-106-thread-2] .t.t.s.TourGuideClientRewardsServiceImpl : Service - Distance calculated: 6033.785220800433
2021-11-27 20:34:21.002  INFO 530588 --- [ol-133-thread-2] .t.t.s.TourGuideClientRewardsServiceImpl : Service - Distance calculated: 4665.158232423785
2021-11-27 20:34:21.026  INFO 530588 --- [ol-106-thread-2] .t.t.s.TourGuideClientRewardsServiceImpl : Service - Distance calculated: 5935.995004036599
2021-11-27 20:34:21.026  INFO 530588 --- [ol-133-thread-2] .t.t.s.TourGuideClientRewardsServiceImpl : Service - Distance calculated: 5291.307785832667
2021-11-27 20:34:21.026  INFO 530588 --- [ol-106-thread-2] .t.t.s.TourGuideClientRewardsServiceImpl : Service - Distance calculated: 6113.623565051381
2021-11-27 20:34:21.026  INFO 530588 --- [ol-133-thread-2] .t.t.s.TourGuideClientRewardsServiceImpl : Service - Distance calculated: 6932.780035174124
2021-11-27 20:34:21.026  INFO 530588 --- [ol-106-thread-2] .t.t.s.TourGuideClientRewardsServiceImpl : Service - Distance calculated: 3361.051020179801
2021-11-27 20:34:21.025  INFO 530588 --- [ool-67-thread-2] .t.t.s.TourGuideClientRewardsServiceImpl : Service - Distance calculated: 10663.274748791862
2021-11-27 20:34:21.002  INFO 530588 --- [ool-55-thread-2] .t.t.s.TourGuideClientRewardsServiceImpl : Service - Distance calculated: 1428.8577204882306
2021-11-27 20:34:21.026  INFO 530588 --- [ool-67-thread-2] .t.t.s.TourGuideClientRewardsServiceImpl : Service - Distance calculated: 11225.629472867433
2021-11-27 20:34:21.002  INFO 530588 --- [ool-47-thread-2] .t.t.s.TourGuideClientRewardsServiceImpl : Service - Distance calculated: 1277.6245433336508
2021-11-27 20:34:21.026  INFO 530588 --- [ool-55-thread-2] .t.t.s.TourGuideClientRewardsServiceImpl : Service - Distance calculated: 1418.571827418631
2021-11-27 20:34:21.026  INFO 530588 --- [ool-55-thread-2] .t.t.s.TourGuideClientRewardsServiceImpl : Service - Distance calculated: 460.11990361699293
2021-11-27 20:34:21.026  INFO 530588 --- [ool-47-thread-2] .t.t.s.TourGuideClientRewardsServiceImpl : Service - Distance calculated: 87.03441722159666
2021-11-27 20:34:21.026  INFO 530588 --- [ool-47-thread-2] .t.t.s.TourGuideClientRewardsServiceImpl : Service - Distance calculated: 2127.2478407793283
2021-11-27 20:34:21.026  INFO 530588 --- [ool-47-thread-2] .t.t.s.TourGuideClientRewardsServiceImpl : Service - Distance calculated: 2578.910516018122
2021-11-27 20:34:21.026  INFO 530588 --- [ool-47-thread-2] .t.t.s.TourGuideClientRewardsServiceImpl : Service - Distance calculated: 680.6158831369517
2021-11-27 20:34:21.026  INFO 530588 --- [ool-47-thread-2] .t.t.s.TourGuideClientRewardsServiceImpl : Service - Distance calculated: 1344.090272349311
2021-11-27 20:34:21.026  INFO 530588 --- [ool-47-thread-2] .t.t.s.TourGuideClientRewardsServiceImpl : Service - Distance calculated: 2440.177336041544
2021-11-27 20:34:21.026  INFO 530588 --- [ool-47-thread-2] .t.t.s.TourGuideClientRewardsServiceImpl : Service - Distance calculated: 2168.830527042806
2021-11-27 20:34:21.026  INFO 530588 --- [ool-47-thread-2] .t.t.s.TourGuideClientRewardsServiceImpl : Service - Calculate rewards points for user: internalUser73
2021-11-27 20:34:21.004  INFO 530588 --- [ool-79-thread-2] .t.t.s.TourGuideClientRewardsServiceImpl : Service - Distance calculated: 3735.865976387007
2021-11-27 20:34:21.004  INFO 530588 --- [ool-92-thread-2] .t.t.s.TourGuideClientRewardsServiceImpl : Service - Distance calculated: 7644.229663824065
2021-11-27 20:34:21.004  INFO 530588 --- [ool-63-thread-2] .t.t.s.TourGuideClientRewardsServiceImpl : Service - Distance calculated: 1906.7972782801585
2021-11-27 20:34:21.007  INFO 530588 --- [ool-91-thread-2] .t.t.s.TourGuideClientRewardsServiceImpl : Service - Distance calculated: 8031.720222597533
2021-11-27 20:34:21.027  INFO 530588 --- [ool-79-thread-2] .t.t.s.TourGuideClientRewardsServiceImpl : Service - Distance calculated: 4716.135731003814
2021-11-27 20:34:21.010  INFO 530588 --- [nPool-worker-14] .t.t.s.TourGuideClientRewardsServiceImpl : Service - Distance calculated: 6900.4635454022955
2021-11-27 20:34:21.027  INFO 530588 --- [ool-79-thread-2] .t.t.s.TourGuideClientRewardsServiceImpl : Service - Distance calculated: 3065.380776059765
2021-11-27 20:34:21.027  INFO 530588 --- [ool-79-thread-2] .t.t.s.TourGuideClientRewardsServiceImpl : Service - Distance calculated: 3202.7596715629734
2021-11-27 20:34:21.027  INFO 530588 --- [ool-79-thread-2] .t.t.s.TourGuideClientRewardsServiceImpl : Service - Distance calculated: 5050.658259170778
2021-11-27 20:34:21.027  INFO 530588 --- [ool-79-thread-2] .t.t.s.TourGuideClientRewardsServiceImpl : Service - Distance calculated: 2620.0739877752876
2021-11-27 20:34:21.010  INFO 530588 --- [onPool-worker-3] .t.t.s.TourGuideClientRewardsServiceImpl : Service - Distance calculated: 4192.886769775131
2021-11-27 20:34:21.012  INFO 530588 --- [ool-53-thread-2] .t.t.s.TourGuideClientRewardsServiceImpl : Service - Distance calculated: 2578.910516018122
2021-11-27 20:34:21.027  INFO 530588 --- [onPool-worker-3] .t.t.s.TourGuideClientRewardsServiceImpl : Service - Distance calculated: 4281.357286958218
2021-11-27 20:34:21.027  INFO 530588 --- [onPool-worker-3] .t.t.s.TourGuideClientRewardsServiceImpl : Service - Distance calculated: 3586.173680117812
2021-11-27 20:34:21.027  INFO 530588 --- [ool-53-thread-2] .t.t.s.TourGuideClientRewardsServiceImpl : Service - Distance calculated: 680.6158831369517
2021-11-27 20:34:21.012  INFO 530588 --- [ool-99-thread-2] .t.t.s.TourGuideClientRewardsServiceImpl : Service - Distance calculated: 8060.3020841892685
2021-11-27 20:34:21.016  INFO 530588 --- [onPool-worker-2] .t.t.s.TourGuideClientRewardsServiceImpl : Service - Distance calculated: 3354.1018128667597
2021-11-27 20:34:21.017  INFO 530588 --- [nPool-worker-13] .t.t.s.TourGuideClientRewardsServiceImpl : Service - Distance calculated: 8349.079874659918
2021-11-27 20:34:21.028  INFO 530588 --- [onPool-worker-2] .t.t.s.TourGuideClientRewardsServiceImpl : Service - Distance calculated: 2900.4422801149135
2021-11-27 20:34:21.017  INFO 530588 --- [ol-101-thread-2] .t.t.s.TourGuideClientRewardsServiceImpl : Service - Distance calculated: 5900.612458272147
2021-11-27 20:34:21.028  INFO 530588 --- [nPool-worker-13] .t.t.s.TourGuideClientRewardsServiceImpl : Service - Distance calculated: 8940.849745900874
2021-11-27 20:34:21.028  INFO 530588 --- [onPool-worker-2] .t.t.s.TourGuideClientRewardsServiceImpl : Service - Distance calculated: 2926.689582527653
2021-11-27 20:34:21.028  INFO 530588 --- [nPool-worker-13] .t.t.s.TourGuideClientRewardsServiceImpl : Service - Distance calculated: 8653.845002760323
2021-11-27 20:34:21.028  INFO 530588 --- [nPool-worker-13] .t.t.s.TourGuideClientRewardsServiceImpl : Service - Distance calculated: 9219.072613606766
2021-11-27 20:34:21.028  INFO 530588 --- [onPool-worker-2] .t.t.s.TourGuideClientRewardsServiceImpl : Service - Distance calculated: 3085.589265505387
2021-11-27 20:34:21.028  INFO 530588 --- [nPool-worker-13] .t.t.s.TourGuideClientRewardsServiceImpl : Service - Distance calculated: 8426.888481153486
2021-11-27 20:34:21.028  INFO 530588 --- [onPool-worker-2] .t.t.s.TourGuideClientRewardsServiceImpl : Service - Distance calculated: 3103.0384307711033
2021-11-27 20:34:21.018  INFO 530588 --- [ool-60-thread-2] .t.t.s.TourGuideClientRewardsServiceImpl : Service - Distance calculated: 6576.645516315062
2021-11-27 20:34:21.018  INFO 530588 --- [ool-44-thread-2] .t.t.s.TourGuideClientRewardsServiceImpl : Service - Distance calculated: 3849.3509507152626
2021-11-27 20:34:21.018  INFO 530588 --- [onPool-worker-9] .t.t.s.TourGuideClientRewardsServiceImpl : Service - Distance calculated: 10029.113542321844
2021-11-27 20:34:21.018  INFO 530588 --- [ol-127-thread-2] .t.t.s.TourGuideClientRewardsServiceImpl : Service - Distance calculated: 5594.603913333602
2021-11-27 20:34:21.028  INFO 530588 --- [onPool-worker-9] .t.t.s.TourGuideClientRewardsServiceImpl : Service - Distance calculated: 9835.835797098362
2021-11-27 20:34:21.018  INFO 530588 --- [ol-117-thread-2] .t.t.s.TourGuideClientRewardsServiceImpl : Service - Distance calculated: 11483.32756840424
2021-11-27 20:34:21.028  INFO 530588 --- [onPool-worker-9] .t.t.s.TourGuideClientRewardsServiceImpl : Service - Distance calculated: 9840.02807296934
2021-11-27 20:34:21.028  INFO 530588 --- [ol-127-thread-2] .t.t.s.TourGuideClientRewardsServiceImpl : Service - Distance calculated: 3583.9893898437945
2021-11-27 20:34:21.028  INFO 530588 --- [onPool-worker-9] .t.t.s.TourGuideClientRewardsServiceImpl : Service - Distance calculated: 9017.19945713264
2021-11-27 20:34:21.028  INFO 530588 --- [ol-127-thread-2] .t.t.s.TourGuideClientRewardsServiceImpl : Service - Distance calculated: 4355.9590897348535
2021-11-27 20:34:21.018  INFO 530588 --- [ol-138-thread-2] .t.t.s.TourGuideClientRewardsServiceImpl : Service - Distance calculated: 8076.8242404674875
2021-11-27 20:34:21.028  INFO 530588 --- [onPool-worker-9] .t.t.s.TourGuideClientRewardsServiceImpl : Service - Distance calculated: 8754.831122720523
2021-11-27 20:34:21.028  INFO 530588 --- [ol-127-thread-2] .t.t.s.TourGuideClientRewardsServiceImpl : Service - Distance calculated: 5454.254260573664
2021-11-27 20:34:21.028  INFO 530588 --- [ol-138-thread-2] .t.t.s.TourGuideClientRewardsServiceImpl : Service - Distance calculated: 7295.5674878248
2021-11-27 20:34:21.028  INFO 530588 --- [onPool-worker-9] .t.t.s.TourGuideClientRewardsServiceImpl : Service - Distance calculated: 9214.225949831316
2021-11-27 20:34:21.028  INFO 530588 --- [ol-127-thread-2] .t.t.s.TourGuideClientRewardsServiceImpl : Service - Distance calculated: 5022.360227010664
2021-11-27 20:34:21.028  INFO 530588 --- [onPool-worker-9] .t.t.s.TourGuideClientRewardsServiceImpl : Service - Distance calculated: 8944.141539324628
2021-11-27 20:34:21.028  INFO 530588 --- [ol-127-thread-2] .t.t.s.TourGuideClientRewardsServiceImpl : Service - Calculate rewards points for user: internalUser57
2021-11-27 20:34:21.028  INFO 530588 --- [onPool-worker-9] .t.t.s.TourGuideClientRewardsServiceImpl : Service - Distance calculated: 9479.005292021913
2021-11-27 20:34:21.028  INFO 530588 --- [onPool-worker-9] .t.t.s.TourGuideClientRewardsServiceImpl : Service - Distance calculated: 8813.637085916724
2021-11-27 20:34:21.018  INFO 530588 --- [ol-131-thread-2] .t.t.s.TourGuideClientRewardsServiceImpl : Service - Distance calculated: 4135.384041100776
2021-11-27 20:34:21.028  INFO 530588 --- [onPool-worker-9] .t.t.s.TourGuideClientRewardsServiceImpl : Service - Distance calculated: 8358.922603868126
2021-11-27 20:34:21.019  INFO 530588 --- [ol-109-thread-2] .t.t.s.TourGuideClientRewardsServiceImpl : Service - Distance calculated: 5131.487352349822
2021-11-27 20:34:21.028  INFO 530588 --- [onPool-worker-9] .t.t.s.TourGuideClientRewardsServiceImpl : Service - Distance calculated: 9027.848838859805
2021-11-27 20:34:21.028  INFO 530588 --- [onPool-worker-9] .t.t.s.TourGuideClientRewardsServiceImpl : Service - Distance calculated: 10196.76076491565
2021-11-27 20:34:21.028  INFO 530588 --- [ol-109-thread-2] .t.t.s.TourGuideClientRewardsServiceImpl : Service - Distance calculated: 5936.787667688696
2021-11-27 20:34:21.028  INFO 530588 --- [onPool-worker-9] .t.t.s.TourGuideClientRewardsServiceImpl : Service - Distance calculated: 8599.913143961017
2021-11-27 20:34:21.028  INFO 530588 --- [onPool-worker-9] .t.t.s.TourGuideClientRewardsServiceImpl : Service - Distance calculated: 9368.061887780017
2021-11-27 20:34:21.019  INFO 530588 --- [ool-95-thread-2] .t.t.s.TourGuideClientRewardsServiceImpl : Service - Distance calculated: 7595.379085851297
2021-11-27 20:34:21.028  INFO 530588 --- [onPool-worker-9] .t.t.s.TourGuideClientRewardsServiceImpl : Service - Distance calculated: 10038.832728210682
2021-11-27 20:34:21.028  INFO 530588 --- [ool-95-thread-2] .t.t.s.TourGuideClientRewardsServiceImpl : Service - Distance calculated: 8903.54467131379
2021-11-27 20:34:21.019  INFO 530588 --- [ol-118-thread-2] .t.t.s.TourGuideClientRewardsServiceImpl : Service - Distance calculated: 8404.278698350203
2021-11-27 20:34:21.028  INFO 530588 --- [ool-95-thread-2] .t.t.s.TourGuideClientRewardsServiceImpl : Service - Distance calculated: 8322.035302058444
2021-11-27 20:34:21.019  INFO 530588 --- [ool-46-thread-2] .t.t.s.TourGuideClientRewardsServiceImpl : Service - Distance calculated: 6774.274454280008
2021-11-27 20:34:21.019  INFO 530588 --- [ool-57-thread-2] .t.t.s.TourGuideClientRewardsServiceImpl : Service - Distance calculated: 5.8950310023474215E-5
2021-11-27 20:34:21.028  INFO 530588 --- [ool-46-thread-2] .t.t.s.TourGuideClientRewardsServiceImpl : Service - Distance calculated: 5559.572147308793
2021-11-27 20:34:21.028  INFO 530588 --- [ool-46-thread-2] .t.t.s.TourGuideClientRewardsServiceImpl : Service - Distance calculated: 6367.762636997872
2021-11-27 20:34:21.028  INFO 530588 --- [ool-46-thread-2] .t.t.s.TourGuideClientRewardsServiceImpl : Service - Distance calculated: 6378.0975692709235
2021-11-27 20:34:21.028  INFO 530588 --- [ool-46-thread-2] .t.t.s.TourGuideClientRewardsServiceImpl : Service - Distance calculated: 6513.155567236079
2021-11-27 20:34:21.028  INFO 530588 --- [ool-46-thread-2] .t.t.s.TourGuideClientRewardsServiceImpl : Service - Distance calculated: 6296.166280863624
2021-11-27 20:34:21.028  INFO 530588 --- [ool-46-thread-2] .t.t.s.TourGuideClientRewardsServiceImpl : Service - Distance calculated: 5570.675002180381
2021-11-27 20:34:21.028  INFO 530588 --- [ool-46-thread-2] .t.t.s.TourGuideClientRewardsServiceImpl : Service - Distance calculated: 5.8950310023474215E-5
2021-11-27 20:34:21.019  INFO 530588 --- [ol-130-thread-2] .t.t.s.TourGuideClientRewardsServiceImpl : Service - Distance calculated: 5164.035402125028
2021-11-27 20:34:21.019  INFO 530588 --- [ool-43-thread-2] .t.t.s.TourGuideClientRewardsServiceImpl : Service - Distance calculated: 1921.4807999190489
2021-11-27 20:34:21.028  INFO 530588 --- [ool-43-thread-2] .t.t.s.TourGuideClientRewardsServiceImpl : Service - Distance calculated: 1277.6245433336508
2021-11-27 20:34:21.028  INFO 530588 --- [ool-43-thread-2] .t.t.s.TourGuideClientRewardsServiceImpl : Service - Distance calculated: 87.03441722159666
2021-11-27 20:34:21.028  INFO 530588 --- [ool-57-thread-2] .t.t.s.TourGuideClientRewardsServiceImpl : Service - Distance calculated: 774.5207212649109
2021-11-27 20:34:21.028  INFO 530588 --- [ool-57-thread-2] .t.t.s.TourGuideClientRewardsServiceImpl : Service - Distance calculated: 164.91310606753288
2021-11-27 20:34:21.028  INFO 530588 --- [ool-57-thread-2] .t.t.s.TourGuideClientRewardsServiceImpl : Service - Distance calculated: 115.99464245531166
2021-11-27 20:34:21.028  INFO 530588 --- [ool-57-thread-2] .t.t.s.TourGuideClientRewardsServiceImpl : Service - Distance calculated: 1428.8577204882306
2021-11-27 20:34:21.020  INFO 530588 --- [ol-103-thread-2] .t.t.s.TourGuideClientRewardsServiceImpl : Service - Distance calculated: 7328.12839783711
2021-11-27 20:34:21.020  INFO 530588 --- [ool-88-thread-2] .t.t.s.TourGuideClientRewardsServiceImpl : Service - Distance calculated: 7816.177730147554
2021-11-27 20:34:21.029  INFO 530588 --- [ol-103-thread-2] .t.t.s.TourGuideClientRewardsServiceImpl : Service - Distance calculated: 7296.997435404825
2021-11-27 20:34:21.021  INFO 530588 --- [ool-51-thread-2] .t.t.s.TourGuideClientRewardsServiceImpl : Service - Distance calculated: 8973.66125522741
2021-11-27 20:34:21.029  INFO 530588 --- [ol-103-thread-2] .t.t.s.TourGuideClientRewardsServiceImpl : Service - Distance calculated: 10196.604031925166
2021-11-27 20:34:21.021  INFO 530588 --- [ool-70-thread-2] .t.t.s.TourGuideClientRewardsServiceImpl : Service - Distance calculated: 164.91310606753288
2021-11-27 20:34:21.029  INFO 530588 --- [ol-103-thread-2] .t.t.s.TourGuideClientRewardsServiceImpl : Service - Distance calculated: 7000.072352721628
2021-11-27 20:34:21.029  INFO 530588 --- [ol-103-thread-2] .t.t.s.TourGuideClientRewardsServiceImpl : Service - Distance calculated: 7198.161947670046
2021-11-27 20:34:21.029  INFO 530588 --- [ool-70-thread-2] .t.t.s.TourGuideClientRewardsServiceImpl : Service - Distance calculated: 115.99464245531166
2021-11-27 20:34:21.029  INFO 530588 --- [ool-51-thread-2] .t.t.s.TourGuideClientRewardsServiceImpl : Service - Distance calculated: 8883.889518443331
2021-11-27 20:34:21.029  INFO 530588 --- [ool-70-thread-2] .t.t.s.TourGuideClientRewardsServiceImpl : Service - Distance calculated: 1428.8577204882306
2021-11-27 20:34:21.029  INFO 530588 --- [ool-51-thread-2] .t.t.s.TourGuideClientRewardsServiceImpl : Service - Distance calculated: 9308.073564827517
2021-11-27 20:34:21.029  INFO 530588 --- [ool-70-thread-2] .t.t.s.TourGuideClientRewardsServiceImpl : Service - Distance calculated: 1418.571827418631
2021-11-27 20:34:21.029  INFO 530588 --- [ool-51-thread-2] .t.t.s.TourGuideClientRewardsServiceImpl : Service - Distance calculated: 9205.765786883252
2021-11-27 20:34:21.029  INFO 530588 --- [ool-70-thread-2] .t.t.s.TourGuideClientRewardsServiceImpl : Service - Distance calculated: 460.11990361699293
2021-11-27 20:34:21.029  INFO 530588 --- [ool-51-thread-2] .t.t.s.TourGuideClientRewardsServiceImpl : Service - Distance calculated: 8820.22583615045
2021-11-27 20:34:21.029  INFO 530588 --- [ool-70-thread-2] .t.t.s.TourGuideClientRewardsServiceImpl : Service - Distance calculated: 1992.7911930022951
2021-11-27 20:34:21.029  INFO 530588 --- [ool-51-thread-2] .t.t.s.TourGuideClientRewardsServiceImpl : Service - Distance calculated: 9674.455260282746
2021-11-27 20:34:21.029  INFO 530588 --- [ool-70-thread-2] .t.t.s.TourGuideClientRewardsServiceImpl : Service - Distance calculated: 1906.7972782801585
2021-11-27 20:34:21.029  INFO 530588 --- [ool-51-thread-2] .t.t.s.TourGuideClientRewardsServiceImpl : Service - Distance calculated: 9468.935688918606
2021-11-27 20:34:21.029  INFO 530588 --- [ool-70-thread-2] .t.t.s.TourGuideClientRewardsServiceImpl : Service - Distance calculated: 2360.645624935619
2021-11-27 20:34:21.029  INFO 530588 --- [ool-51-thread-2] .t.t.s.TourGuideClientRewardsServiceImpl : Service - Distance calculated: 10201.912998847058
2021-11-27 20:34:21.021  INFO 530588 --- [ool-68-thread-2] .t.t.s.TourGuideClientRewardsServiceImpl : Service - Distance calculated: 4683.784957913639
2021-11-27 20:34:21.029  INFO 530588 --- [ool-70-thread-2] .t.t.s.TourGuideClientRewardsServiceImpl : Service - Distance calculated: 2434.494471527265
2021-11-27 20:34:21.029  INFO 530588 --- [ool-51-thread-2] .t.t.s.TourGuideClientRewardsServiceImpl : Service - Distance calculated: 9790.984067047875
2021-11-27 20:34:21.021  INFO 530588 --- [ol-122-thread-2] .t.t.s.TourGuideClientRewardsServiceImpl : Service - Distance calculated: 7762.480048974775
2021-11-27 20:34:21.029  INFO 530588 --- [ool-51-thread-2] .t.t.s.TourGuideClientRewardsServiceImpl : Service - Distance calculated: 9695.81004726326
2021-11-27 20:34:21.021  INFO 530588 --- [ol-104-thread-2] .t.t.s.TourGuideClientRewardsServiceImpl : Service - Distance calculated: 9890.02939091697
2021-11-27 20:34:21.029  INFO 530588 --- [ol-122-thread-2] .t.t.s.TourGuideClientRewardsServiceImpl : Service - Distance calculated: 7202.246419508059
2021-11-27 20:34:21.021  INFO 530588 --- [onPool-worker-8] .t.t.s.TourGuideClientRewardsServiceImpl : Service - Distance calculated: 4070.602724465165
2021-11-27 20:34:21.029  INFO 530588 --- [ol-122-thread-2] .t.t.s.TourGuideClientRewardsServiceImpl : Service - Distance calculated: 7117.80793175528
2021-11-27 20:34:21.029  INFO 530588 --- [ol-122-thread-2] .t.t.s.TourGuideClientRewardsServiceImpl : Service - Distance calculated: 7232.69434561444
2021-11-27 20:34:21.029  INFO 530588 --- [onPool-worker-8] .t.t.s.TourGuideClientRewardsServiceImpl : Service - Distance calculated: 4155.806294729239
2021-11-27 20:34:21.029  INFO 530588 --- [ol-122-thread-2] .t.t.s.TourGuideClientRewardsServiceImpl : Service - Distance calculated: 7130.914945905465
2021-11-27 20:34:21.029  INFO 530588 --- [onPool-worker-8] .t.t.s.TourGuideClientRewardsServiceImpl : Service - Distance calculated: 4079.8883221530905
2021-11-27 20:34:21.029  INFO 530588 --- [ol-122-thread-2] .t.t.s.TourGuideClientRewardsServiceImpl : Service - Distance calculated: 6951.539865358518
2021-11-27 20:34:21.029  INFO 530588 --- [onPool-worker-8] .t.t.s.TourGuideClientRewardsServiceImpl : Service - Distance calculated: 4180.377432165091
2021-11-27 20:34:21.029  INFO 530588 --- [ol-122-thread-2] .t.t.s.TourGuideClientRewardsServiceImpl : Service - Distance calculated: 7553.599823259211
2021-11-27 20:34:21.029  INFO 530588 --- [onPool-worker-8] .t.t.s.TourGuideClientRewardsServiceImpl : Service - Distance calculated: 4317.7902129290915
2021-11-27 20:34:21.029  INFO 530588 --- [ol-122-thread-2] .t.t.s.TourGuideClientRewardsServiceImpl : Service - Distance calculated: 7350.705297735933
2021-11-27 20:34:21.029  INFO 530588 --- [onPool-worker-8] .t.t.s.TourGuideClientRewardsServiceImpl : Service - Distance calculated: 3820.9186561435
2021-11-27 20:34:21.029  INFO 530588 --- [ol-122-thread-2] .t.t.s.TourGuideClientRewardsServiceImpl : Service - Distance calculated: 9286.318179696333
2021-11-27 20:34:21.029  INFO 530588 --- [onPool-worker-8] .t.t.s.TourGuideClientRewardsServiceImpl : Service - Distance calculated: 4013.172394269892
2021-11-27 20:34:21.029  INFO 530588 --- [ol-122-thread-2] .t.t.s.TourGuideClientRewardsServiceImpl : Service - Distance calculated: 7674.6775073754425
2021-11-27 20:34:21.029  INFO 530588 --- [onPool-worker-8] .t.t.s.TourGuideClientRewardsServiceImpl : Service - Distance calculated: 2108.792878608636
2021-11-27 20:34:21.021  INFO 530588 --- [onPool-worker-1] .t.t.s.TourGuideClientRewardsServiceImpl : Service - Distance calculated: 8920.446357122995
2021-11-27 20:34:21.021  INFO 530588 --- [nPool-worker-12] .t.t.s.TourGuideClientRewardsServiceImpl : Service - Distance calculated: 7289.407787295921
2021-11-27 20:34:21.029  INFO 530588 --- [onPool-worker-1] .t.t.s.TourGuideClientRewardsServiceImpl : Service - Distance calculated: 8117.008059445151
2021-11-27 20:34:21.029  INFO 530588 --- [nPool-worker-12] .t.t.s.TourGuideClientRewardsServiceImpl : Service - Distance calculated: 10643.331663488338
2021-11-27 20:34:21.029  INFO 530588 --- [onPool-worker-1] .t.t.s.TourGuideClientRewardsServiceImpl : Service - Distance calculated: 7227.23906835752
2021-11-27 20:34:21.029  INFO 530588 --- [nPool-worker-12] .t.t.s.TourGuideClientRewardsServiceImpl : Service - Distance calculated: 10502.851752342589
2021-11-27 20:34:21.029  INFO 530588 --- [onPool-worker-1] .t.t.s.TourGuideClientRewardsServiceImpl : Service - Distance calculated: 8717.479004788544
2021-11-27 20:34:21.029  INFO 530588 --- [nPool-worker-12] .t.t.s.TourGuideClientRewardsServiceImpl : Service - Distance calculated: 10644.030972266646
2021-11-27 20:34:21.029  INFO 530588 --- [onPool-worker-1] .t.t.s.TourGuideClientRewardsServiceImpl : Service - Distance calculated: 9722.99059375788
2021-11-27 20:34:21.029  INFO 530588 --- [onPool-worker-1] .t.t.s.TourGuideClientRewardsServiceImpl : Service - Distance calculated: 7675.859435703487
2021-11-27 20:34:21.029  INFO 530588 --- [nPool-worker-12] .t.t.s.TourGuideClientRewardsServiceImpl : Service - Distance calculated: 10960.431071556115
2021-11-27 20:34:21.029  INFO 530588 --- [nPool-worker-12] .t.t.s.TourGuideClientRewardsServiceImpl : Service - Distance calculated: 9869.03170583877
2021-11-27 20:34:21.029  INFO 530588 --- [nPool-worker-12] .t.t.s.TourGuideClientRewardsServiceImpl : Service - Distance calculated: 10387.028013288182
2021-11-27 20:34:21.029  INFO 530588 --- [nPool-worker-12] .t.t.s.TourGuideClientRewardsServiceImpl : Service - Distance calculated: 10248.301228875473
2021-11-27 20:34:21.021  INFO 530588 --- [nPool-worker-10] .t.t.s.TourGuideClientRewardsServiceImpl : Service - Distance calculated: 1909.1723418910826
2021-11-27 20:34:21.021  INFO 530588 --- [nPool-worker-15] .t.t.s.TourGuideClientRewardsServiceImpl : Service - Distance calculated: 6018.147428720097
2021-11-27 20:34:21.029  INFO 530588 --- [nPool-worker-10] .t.t.s.TourGuideClientRewardsServiceImpl : Service - Distance calculated: 1090.0948075171311
2021-11-27 20:34:21.029  INFO 530588 --- [nPool-worker-15] .t.t.s.TourGuideClientRewardsServiceImpl : Service - Distance calculated: 4956.136307080656
2021-11-27 20:34:21.029  INFO 530588 --- [nPool-worker-15] .t.t.s.TourGuideClientRewardsServiceImpl : Service - Distance calculated: 5421.988405739795
2021-11-27 20:34:21.029  INFO 530588 --- [nPool-worker-15] .t.t.s.TourGuideClientRewardsServiceImpl : Service - Distance calculated: 5311.043006474273
2021-11-27 20:34:21.021  INFO 530588 --- [onPool-worker-4] .t.t.s.TourGuideClientRewardsServiceImpl : Service - Distance calculated: 6801.885207444049
2021-11-27 20:34:21.021  INFO 530588 --- [onPool-worker-5] .t.t.s.TourGuideClientRewardsServiceImpl : Service - Distance calculated: 4466.681280381118
2021-11-27 20:34:21.021  INFO 530588 --- [onPool-worker-6] .t.t.s.TourGuideClientRewardsServiceImpl : Service - Distance calculated: 9405.88665813634
2021-11-27 20:34:21.021  INFO 530588 --- [ol-140-thread-2] .t.t.s.TourGuideClientRewardsServiceImpl : Service - Distance calculated: 8881.972059965055
2021-11-27 20:34:21.029  INFO 530588 --- [onPool-worker-6] .t.t.s.TourGuideClientRewardsServiceImpl : Service - Distance calculated: 9385.214517647173
2021-11-27 20:34:21.029  INFO 530588 --- [onPool-worker-6] .t.t.s.TourGuideClientRewardsServiceImpl : Service - Distance calculated: 8370.066616283282
2021-11-27 20:34:21.021  INFO 530588 --- [ool-61-thread-2] .t.t.s.TourGuideClientRewardsServiceImpl : Service - Distance calculated: 10567.568862920125
2021-11-27 20:34:21.021  INFO 530588 --- [ol-120-thread-2] .t.t.s.TourGuideClientRewardsServiceImpl : Service - Distance calculated: 8404.19695835887
2021-11-27 20:34:21.030  INFO 530588 --- [ol-120-thread-2] .t.t.s.TourGuideClientRewardsServiceImpl : Service - Distance calculated: 8228.950463820425
2021-11-27 20:34:21.030  INFO 530588 --- [ol-120-thread-2] .t.t.s.TourGuideClientRewardsServiceImpl : Service - Distance calculated: 7290.512075217737
2021-11-27 20:34:21.021  INFO 530588 --- [ool-81-thread-2] .t.t.s.TourGuideClientRewardsServiceImpl : Service - Distance calculated: 6741.28757944292
2021-11-27 20:34:21.021  INFO 530588 --- [ool-71-thread-2] .t.t.s.TourGuideClientRewardsServiceImpl : Service - Distance calculated: 6752.512053382849
2021-11-27 20:34:21.030  INFO 530588 --- [ool-81-thread-2] .t.t.s.TourGuideClientRewardsServiceImpl : Service - Distance calculated: 7102.5459047265085
2021-11-27 20:34:21.021  INFO 530588 --- [ool-89-thread-2] .t.t.s.TourGuideClientRewardsServiceImpl : Service - Distance calculated: 3627.167377680148
2021-11-27 20:34:21.030  INFO 530588 --- [ool-81-thread-2] .t.t.s.TourGuideClientRewardsServiceImpl : Service - Distance calculated: 6192.493906957785
2021-11-27 20:34:21.030  INFO 530588 --- [ool-81-thread-2] .t.t.s.TourGuideClientRewardsServiceImpl : Service - Distance calculated: 6405.997047292557
2021-11-27 20:34:21.030  INFO 530588 --- [ool-89-thread-2] .t.t.s.TourGuideClientRewardsServiceImpl : Service - Distance calculated: 3667.320986239436
2021-11-27 20:34:21.030  INFO 530588 --- [ool-81-thread-2] .t.t.s.TourGuideClientRewardsServiceImpl : Service - Distance calculated: 4850.692758857834
2021-11-27 20:34:21.030  INFO 530588 --- [ool-89-thread-2] .t.t.s.TourGuideClientRewardsServiceImpl : Service - Distance calculated: 3519.205392331844
2021-11-27 20:34:21.030  INFO 530588 --- [ool-81-thread-2] .t.t.s.TourGuideClientRewardsServiceImpl : Service - Distance calculated: 5949.796400450258
2021-11-27 20:34:21.030  INFO 530588 --- [ool-89-thread-2] .t.t.s.TourGuideClientRewardsServiceImpl : Service - Distance calculated: 3831.8927912881463
2021-11-27 20:34:21.030  INFO 530588 --- [ool-81-thread-2] .t.t.s.TourGuideClientRewardsServiceImpl : Service - Distance calculated: 6130.95940126071
2021-11-27 20:34:21.030  INFO 530588 --- [ool-89-thread-2] .t.t.s.TourGuideClientRewardsServiceImpl : Service - Distance calculated: 3619.5436025137383
2021-11-27 20:34:21.030  INFO 530588 --- [ool-81-thread-2] .t.t.s.TourGuideClientRewardsServiceImpl : Service - Distance calculated: 6136.553861159208
2021-11-27 20:34:21.030  INFO 530588 --- [ool-89-thread-2] .t.t.s.TourGuideClientRewardsServiceImpl : Service - Distance calculated: 4353.999479192707
2021-11-27 20:34:21.030  INFO 530588 --- [ool-81-thread-2] .t.t.s.TourGuideClientRewardsServiceImpl : Service - Distance calculated: 6961.436835526723
2021-11-27 20:34:21.030  INFO 530588 --- [ool-89-thread-2] .t.t.s.TourGuideClientRewardsServiceImpl : Service - Distance calculated: 3279.1275007172862
2021-11-27 20:34:21.024  INFO 530588 --- [ol-111-thread-2] .t.t.s.TourGuideClientRewardsServiceImpl : Service - Distance calculated: 11931.623569868829
2021-11-27 20:34:21.030  INFO 530588 --- [ool-89-thread-2] .t.t.s.TourGuideClientRewardsServiceImpl : Service - Distance calculated: 4300.18197718281
2021-11-27 20:34:21.024  INFO 530588 --- [ol-102-thread-2] .t.t.s.TourGuideClientRewardsServiceImpl : Service - Distance calculated: 6423.560776875313
2021-11-27 20:34:21.030  INFO 530588 --- [ool-89-thread-2] .t.t.s.TourGuideClientRewardsServiceImpl : Service - Distance calculated: 3942.1998984446095
2021-11-27 20:34:21.030  INFO 530588 --- [ool-89-thread-2] .t.t.s.TourGuideClientRewardsServiceImpl : Service - Distance calculated: 4141.295463730009
2021-11-27 20:34:21.030  INFO 530588 --- [ol-102-thread-2] .t.t.s.TourGuideClientRewardsServiceImpl : Service - Distance calculated: 6307.76393196743
2021-11-27 20:34:21.030  INFO 530588 --- [ool-89-thread-2] .t.t.s.TourGuideClientRewardsServiceImpl : Service - Distance calculated: 4180.7199054325865
2021-11-27 20:34:21.030  INFO 530588 --- [ol-102-thread-2] .t.t.s.TourGuideClientRewardsServiceImpl : Service - Distance calculated: 6440.775773796816
2021-11-27 20:34:21.030  INFO 530588 --- [ool-89-thread-2] .t.t.s.TourGuideClientRewardsServiceImpl : Service - Distance calculated: 3304.8203534121353
2021-11-27 20:34:21.030  INFO 530588 --- [ool-89-thread-2] .t.t.s.TourGuideClientRewardsServiceImpl : Service - Distance calculated: 3412.9254344457127
2021-11-27 20:34:21.030  INFO 530588 --- [ool-89-thread-2] .t.t.s.TourGuideClientRewardsServiceImpl : Service - Distance calculated: 3172.202127893675
2021-11-27 20:34:21.030  INFO 530588 --- [ol-111-thread-2] .t.t.s.TourGuideClientRewardsServiceImpl : Service - Distance calculated: 10698.596400882363
2021-11-27 20:34:21.026  INFO 530588 --- [ool-74-thread-2] .t.t.s.TourGuideClientRewardsServiceImpl : Service - Distance calculated: 2563.76622935291
2021-11-27 20:34:21.022  INFO 530588 --- [ol-113-thread-2] .t.t.s.TourGuideClientRewardsServiceImpl : Service - Distance calculated: 8995.622762848992
2021-11-27 20:34:21.026  INFO 530588 --- [ol-133-thread-2] .t.t.s.TourGuideClientRewardsServiceImpl : Service - Distance calculated: 6608.977370452197
2021-11-27 20:34:21.030  INFO 530588 --- [ol-113-thread-2] .t.t.s.TourGuideClientRewardsServiceImpl : Service - Distance calculated: 8847.217641592835
2021-11-27 20:34:21.026  INFO 530588 --- [ol-106-thread-2] .t.t.s.TourGuideClientRewardsServiceImpl : Service - Distance calculated: 5926.118375794821
2021-11-27 20:34:21.030  INFO 530588 --- [ol-133-thread-2] .t.t.s.TourGuideClientRewardsServiceImpl : Service - Distance calculated: 6802.306399567946
2021-11-27 20:34:21.026  INFO 530588 --- [ool-67-thread-2] .t.t.s.TourGuideClientRewardsServiceImpl : Service - Distance calculated: 10424.515933200972
2021-11-27 20:34:21.030  INFO 530588 --- [ol-133-thread-2] .t.t.s.TourGuideClientRewardsServiceImpl : Service - Distance calculated: 6817.469683862963
2021-11-27 20:34:21.030  INFO 530588 --- [ol-106-thread-2] .t.t.s.TourGuideClientRewardsServiceImpl : Service - Distance calculated: 5958.435320885234
2021-11-27 20:34:21.030  INFO 530588 --- [ol-133-thread-2] .t.t.s.TourGuideClientRewardsServiceImpl : Service - Distance calculated: 5562.551651071689
2021-11-27 20:34:21.030  INFO 530588 --- [ol-106-thread-2] .t.t.s.TourGuideClientRewardsServiceImpl : Service - Distance calculated: 6041.197281501746
2021-11-27 20:34:21.030  INFO 530588 --- [ol-106-thread-2] .t.t.s.TourGuideClientRewardsServiceImpl : Service - Distance calculated: 6846.3012491018935
2021-11-27 20:34:21.030  INFO 530588 --- [ol-106-thread-2] .t.t.s.TourGuideClientRewardsServiceImpl : Service - Distance calculated: 6393.725983619738
2021-11-27 20:34:21.030  INFO 530588 --- [ool-74-thread-2] .t.t.s.TourGuideClientRewardsServiceImpl : Service - Distance calculated: 2636.5755647832566
2021-11-27 20:34:21.030  INFO 530588 --- [ool-74-thread-2] .t.t.s.TourGuideClientRewardsServiceImpl : Service - Distance calculated: 3705.5901646713196
2021-11-27 20:34:21.030  INFO 530588 --- [ool-74-thread-2] .t.t.s.TourGuideClientRewardsServiceImpl : Service - Distance calculated: 2023.8967417116478
2021-11-27 20:34:21.030  INFO 530588 --- [ool-74-thread-2] .t.t.s.TourGuideClientRewardsServiceImpl : Service - Distance calculated: 2870.2497959464326
2021-11-27 20:34:21.026  INFO 530588 --- [ool-55-thread-2] .t.t.s.TourGuideClientRewardsServiceImpl : Service - Distance calculated: 1992.7911930022951
2021-11-27 20:34:21.027  INFO 530588 --- [ool-92-thread-2] .t.t.s.TourGuideClientRewardsServiceImpl : Service - Distance calculated: 7219.256395834893
2021-11-27 20:34:21.030  INFO 530588 --- [ool-55-thread-2] .t.t.s.TourGuideClientRewardsServiceImpl : Service - Distance calculated: 1906.7972782801585
2021-11-27 20:34:21.027  INFO 530588 --- [ool-63-thread-2] .t.t.s.TourGuideClientRewardsServiceImpl : Service - Distance calculated: 2360.645624935619
2021-11-27 20:34:21.030  INFO 530588 --- [ool-55-thread-2] .t.t.s.TourGuideClientRewardsServiceImpl : Service - Distance calculated: 2360.645624935619
2021-11-27 20:34:21.030  INFO 530588 --- [ool-92-thread-2] .t.t.s.TourGuideClientRewardsServiceImpl : Service - Distance calculated: 6047.064378127724
2021-11-27 20:34:21.027  INFO 530588 --- [ool-91-thread-2] .t.t.s.TourGuideClientRewardsServiceImpl : Service - Distance calculated: 7026.750101049885
2021-11-27 20:34:21.027  INFO 530588 --- [nPool-worker-14] .t.t.s.TourGuideClientRewardsServiceImpl : Service - Distance calculated: 10146.354000005229
2021-11-27 20:34:21.031  INFO 530588 --- [ool-91-thread-2] .t.t.s.TourGuideClientRewardsServiceImpl : Service - Distance calculated: 7451.970892705455
2021-11-27 20:34:21.031  INFO 530588 --- [ool-91-thread-2] .t.t.s.TourGuideClientRewardsServiceImpl : Service - Distance calculated: 7184.914794404353
2021-11-27 20:34:21.027  INFO 530588 --- [ool-79-thread-2] .t.t.s.TourGuideClientRewardsServiceImpl : Service - Distance calculated: 2914.06209624717
2021-11-27 20:34:21.027  INFO 530588 --- [onPool-worker-3] .t.t.s.TourGuideClientRewardsServiceImpl : Service - Distance calculated: 3683.857321280903
2021-11-27 20:34:21.031  INFO 530588 --- [onPool-worker-3] .t.t.s.TourGuideClientRewardsServiceImpl : Service - Distance calculated: 4278.68860702648
2021-11-27 20:34:21.031  INFO 530588 --- [onPool-worker-3] .t.t.s.TourGuideClientRewardsServiceImpl : Service - Distance calculated: 3084.579273006498
2021-11-27 20:34:21.031  INFO 530588 --- [onPool-worker-3] .t.t.s.TourGuideClientRewardsServiceImpl : Service - Distance calculated: 3298.027111402879
2021-11-27 20:34:21.028  INFO 530588 --- [ool-99-thread-2] .t.t.s.TourGuideClientRewardsServiceImpl : Service - Distance calculated: 8534.268205830826
2021-11-27 20:34:21.031  INFO 530588 --- [ool-99-thread-2] .t.t.s.TourGuideClientRewardsServiceImpl : Service - Distance calculated: 9693.29249738332
2021-11-27 20:34:21.028  INFO 530588 --- [ool-53-thread-2] .t.t.s.TourGuideClientRewardsServiceImpl : Service - Distance calculated: 1344.090272349311
2021-11-27 20:34:21.031  INFO 530588 --- [ool-99-thread-2] .t.t.s.TourGuideClientRewardsServiceImpl : Service - Distance calculated: 8230.47733580492
2021-11-27 20:34:21.028  INFO 530588 --- [ol-101-thread-2] .t.t.s.TourGuideClientRewardsServiceImpl : Service - Distance calculated: 5631.232501313415
2021-11-27 20:34:21.031  INFO 530588 --- [ool-99-thread-2] .t.t.s.TourGuideClientRewardsServiceImpl : Service - Distance calculated: 8956.71732128034
2021-11-27 20:34:21.031  INFO 530588 --- [ool-53-thread-2] .t.t.s.TourGuideClientRewardsServiceImpl : Service - Distance calculated: 2440.177336041544
2021-11-27 20:34:21.028  INFO 530588 --- [nPool-worker-13] .t.t.s.TourGuideClientRewardsServiceImpl : Service - Distance calculated: 7615.95878625135
2021-11-27 20:34:21.031  INFO 530588 --- [ool-53-thread-2] .t.t.s.TourGuideClientRewardsServiceImpl : Service - Distance calculated: 2168.830527042806
2021-11-27 20:34:21.028  INFO 530588 --- [onPool-worker-2] .t.t.s.TourGuideClientRewardsServiceImpl : Service - Distance calculated: 3944.7691580256624
2021-11-27 20:34:21.031  INFO 530588 --- [ool-53-thread-2] .t.t.s.TourGuideClientRewardsServiceImpl : Service - Calculate rewards points for user: internalUser90
2021-11-27 20:34:21.028  INFO 530588 --- [ool-60-thread-2] .t.t.s.TourGuideClientRewardsServiceImpl : Service - Distance calculated: 6597.726306841802
2021-11-27 20:34:21.028  INFO 530588 --- [ool-44-thread-2] .t.t.s.TourGuideClientRewardsServiceImpl : Service - Distance calculated: 3919.8028808493873
2021-11-27 20:34:21.031  INFO 530588 --- [ool-60-thread-2] .t.t.s.TourGuideClientRewardsServiceImpl : Service - Distance calculated: 5820.148326401956
2021-11-27 20:34:21.031  INFO 530588 --- [ool-60-thread-2] .t.t.s.TourGuideClientRewardsServiceImpl : Service - Distance calculated: 5490.08117677851
2021-11-27 20:34:21.031  INFO 530588 --- [ool-60-thread-2] .t.t.s.TourGuideClientRewardsServiceImpl : Service - Distance calculated: 5945.310594417932
2021-11-27 20:34:21.031  INFO 530588 --- [ool-60-thread-2] .t.t.s.TourGuideClientRewardsServiceImpl : Service - Distance calculated: 5672.170677924745
2021-11-27 20:34:21.031  INFO 530588 --- [ool-60-thread-2] .t.t.s.TourGuideClientRewardsServiceImpl : Service - Distance calculated: 6214.812626135063
2021-11-27 20:34:21.028  INFO 530588 --- [ol-117-thread-2] .t.t.s.TourGuideClientRewardsServiceImpl : Service - Distance calculated: 10512.834524233924
2021-11-27 20:34:21.031  INFO 530588 --- [ol-117-thread-2] .t.t.s.TourGuideClientRewardsServiceImpl : Service - Distance calculated: 11085.650819648177
2021-11-27 20:34:21.031  INFO 530588 --- [ol-117-thread-2] .t.t.s.TourGuideClientRewardsServiceImpl : Service - Distance calculated: 11595.139897401552
2021-11-27 20:34:21.031  INFO 530588 --- [ol-117-thread-2] .t.t.s.TourGuideClientRewardsServiceImpl : Service - Distance calculated: 11495.75912049372
2021-11-27 20:34:21.031  INFO 530588 --- [ol-117-thread-2] .t.t.s.TourGuideClientRewardsServiceImpl : Service - Distance calculated: 11553.094052523502
2021-11-27 20:34:21.031  INFO 530588 --- [ol-117-thread-2] .t.t.s.TourGuideClientRewardsServiceImpl : Service - Distance calculated: 11514.87075622488
2021-11-27 20:34:21.031  INFO 530588 --- [ol-117-thread-2] .t.t.s.TourGuideClientRewardsServiceImpl : Service - Distance calculated: 10447.22013155058
2021-11-27 20:34:21.031  INFO 530588 --- [ol-117-thread-2] .t.t.s.TourGuideClientRewardsServiceImpl : Service - Distance calculated: 10419.716149309736
2021-11-27 20:34:21.031  INFO 530588 --- [ol-117-thread-2] .t.t.s.TourGuideClientRewardsServiceImpl : Service - Distance calculated: 11178.480822298417
2021-11-27 20:34:21.031  INFO 530588 --- [ol-117-thread-2] .t.t.s.TourGuideClientRewardsServiceImpl : Service - Distance calculated: 10018.226903275796
2021-11-27 20:34:21.031  INFO 530588 --- [ol-117-thread-2] .t.t.s.TourGuideClientRewardsServiceImpl : Service - Distance calculated: 10033.850400091009
2021-11-27 20:34:21.031  INFO 530588 --- [ol-117-thread-2] .t.t.s.TourGuideClientRewardsServiceImpl : Service - Distance calculated: 10849.15337405142
2021-11-27 20:34:21.028  INFO 530588 --- [ol-138-thread-2] .t.t.s.TourGuideClientRewardsServiceImpl : Service - Distance calculated: 6439.331547557109
2021-11-27 20:34:21.031  INFO 530588 --- [ol-117-thread-2] .t.t.s.TourGuideClientRewardsServiceImpl : Service - Distance calculated: 9620.331217848972
2021-11-27 20:34:21.031  INFO 530588 --- [ol-117-thread-2] .t.t.s.TourGuideClientRewardsServiceImpl : Service - Distance calculated: 9870.809575305348
2021-11-27 20:34:21.031  INFO 530588 --- [ol-138-thread-2] .t.t.s.TourGuideClientRewardsServiceImpl : Service - Distance calculated: 7325.453869406181
2021-11-27 20:34:21.031  INFO 530588 --- [ol-117-thread-2] .t.t.s.TourGuideClientRewardsServiceImpl : Service - Distance calculated: 9723.264399560674
2021-11-27 20:34:21.031  INFO 530588 --- [ol-138-thread-2] .t.t.s.TourGuideClientRewardsServiceImpl : Service - Distance calculated: 9031.34655853704
2021-11-27 20:34:21.032  INFO 530588 --- [ol-117-thread-2] .t.t.s.TourGuideClientRewardsServiceImpl : Service - Distance calculated: 9492.951594376278
2021-11-27 20:34:21.032  INFO 530588 --- [ol-117-thread-2] .t.t.s.TourGuideClientRewardsServiceImpl : Service - Distance calculated: 10512.26434924682
2021-11-27 20:34:21.032  INFO 530588 --- [ol-138-thread-2] .t.t.s.TourGuideClientRewardsServiceImpl : Service - Distance calculated: 9730.071861443055
2021-11-27 20:34:21.028  INFO 530588 --- [ol-131-thread-2] .t.t.s.TourGuideClientRewardsServiceImpl : Service - Distance calculated: 3719.694267762343
2021-11-27 20:34:21.032  INFO 530588 --- [ol-131-thread-2] .t.t.s.TourGuideClientRewardsServiceImpl : Service - Distance calculated: 4440.160383721118
2021-11-27 20:34:21.028  INFO 530588 --- [ol-109-thread-2] .t.t.s.TourGuideClientRewardsServiceImpl : Service - Distance calculated: 7031.578812576344
2021-11-27 20:34:21.028  INFO 530588 --- [onPool-worker-9] .t.t.s.TourGuideClientRewardsServiceImpl : Service - Distance calculated: 9076.106555187325
2021-11-27 20:34:21.032  INFO 530588 --- [ol-109-thread-2] .t.t.s.TourGuideClientRewardsServiceImpl : Service - Distance calculated: 6480.2329495412005
2021-11-27 20:34:21.028  INFO 530588 --- [ool-95-thread-2] .t.t.s.TourGuideClientRewardsServiceImpl : Service - Distance calculated: 7760.0801909777365
2021-11-27 20:34:21.032  INFO 530588 --- [ol-109-thread-2] .t.t.s.TourGuideClientRewardsServiceImpl : Service - Calculate rewards points for user: internalUser35
2021-11-27 20:34:21.028  INFO 530588 --- [ol-118-thread-2] .t.t.s.TourGuideClientRewardsServiceImpl : Service - Distance calculated: 8317.667641901211
2021-11-27 20:34:21.032  INFO 530588 --- [ol-118-thread-2] .t.t.s.TourGuideClientRewardsServiceImpl : Service - Distance calculated: 9110.884648239782
2021-11-27 20:34:21.032  INFO 530588 --- [ol-118-thread-2] .t.t.s.TourGuideClientRewardsServiceImpl : Service - Distance calculated: 9016.042327751382
2021-11-27 20:34:21.032  INFO 530588 --- [ol-118-thread-2] .t.t.s.TourGuideClientRewardsServiceImpl : Service - Distance calculated: 8352.730615182769
2021-11-27 20:34:21.032  INFO 530588 --- [ol-118-thread-2] .t.t.s.TourGuideClientRewardsServiceImpl : Service - Distance calculated: 9641.699352332525
2021-11-27 20:34:21.032  INFO 530588 --- [ol-118-thread-2] .t.t.s.TourGuideClientRewardsServiceImpl : Service - Distance calculated: 9429.695508260302
2021-11-27 20:34:21.032  INFO 530588 --- [ol-118-thread-2] .t.t.s.TourGuideClientRewardsServiceImpl : Service - Distance calculated: 9180.247172565138
2021-11-27 20:34:21.032  INFO 530588 --- [ol-118-thread-2] .t.t.s.TourGuideClientRewardsServiceImpl : Service - Distance calculated: 9926.429907860796
2021-11-27 20:34:21.032  INFO 530588 --- [ol-118-thread-2] .t.t.s.TourGuideClientRewardsServiceImpl : Service - Distance calculated: 9723.820640619275
2021-11-27 20:34:21.032  INFO 530588 --- [ol-118-thread-2] .t.t.s.TourGuideClientRewardsServiceImpl : Service - Distance calculated: 9734.085215801966
2021-11-27 20:34:21.032  INFO 530588 --- [ol-118-thread-2] .t.t.s.TourGuideClientRewardsServiceImpl : Service - Distance calculated: 8920.001014368778
2021-11-27 20:34:21.032  INFO 530588 --- [ol-118-thread-2] .t.t.s.TourGuideClientRewardsServiceImpl : Service - Distance calculated: 8625.988785958065
2021-11-27 20:34:21.032  INFO 530588 --- [ol-118-thread-2] .t.t.s.TourGuideClientRewardsServiceImpl : Service - Distance calculated: 9096.780041348946
2021-11-27 20:34:21.032  INFO 530588 --- [ol-118-thread-2] .t.t.s.TourGuideClientRewardsServiceImpl : Service - Distance calculated: 8823.899868316863
2021-11-27 20:34:21.032  INFO 530588 --- [ol-118-thread-2] .t.t.s.TourGuideClientRewardsServiceImpl : Service - Distance calculated: 9364.39275899735
2021-11-27 20:34:21.032  INFO 530588 --- [ol-118-thread-2] .t.t.s.TourGuideClientRewardsServiceImpl : Service - Distance calculated: 8686.23889463692
2021-11-27 20:34:21.032  INFO 530588 --- [ol-118-thread-2] .t.t.s.TourGuideClientRewardsServiceImpl : Service - Distance calculated: 8213.453328735919
2021-11-27 20:34:21.028  INFO 530588 --- [ol-130-thread-2] .t.t.s.TourGuideClientRewardsServiceImpl : Service - Distance calculated: 4802.20621096728
2021-11-27 20:34:21.028  INFO 530588 --- [ool-43-thread-2] .t.t.s.TourGuideClientRewardsServiceImpl : Service - Distance calculated: 2127.2478407793283
2021-11-27 20:34:21.032  INFO 530588 --- [ool-43-thread-2] .t.t.s.TourGuideClientRewardsServiceImpl : Service - Distance calculated: 2578.910516018122
2021-11-27 20:34:21.028  INFO 530588 --- [ool-57-thread-2] .t.t.s.TourGuideClientRewardsServiceImpl : Service - Distance calculated: 1418.571827418631
2021-11-27 20:34:21.029  INFO 530588 --- [ool-46-thread-2] .t.t.s.TourGuideClientRewardsServiceImpl : Service - Distance calculated: 774.5207212649109
2021-11-27 20:34:21.032  INFO 530588 --- [ool-46-thread-2] .t.t.s.TourGuideClientRewardsServiceImpl : Service - Distance calculated: 164.91310606753288
2021-11-27 20:34:21.032  INFO 530588 --- [ool-46-thread-2] .t.t.s.TourGuideClientRewardsServiceImpl : Service - Distance calculated: 115.99464245531166
2021-11-27 20:34:21.032  INFO 530588 --- [ool-46-thread-2] .t.t.s.TourGuideClientRewardsServiceImpl : Service - Distance calculated: 1428.8577204882306
2021-11-27 20:34:21.032  INFO 530588 --- [ool-57-thread-2] .t.t.s.TourGuideClientRewardsServiceImpl : Service - Distance calculated: 460.11990361699293
2021-11-27 20:34:21.032  INFO 530588 --- [ool-46-thread-2] .t.t.s.TourGuideClientRewardsServiceImpl : Service - Distance calculated: 1418.571827418631
2021-11-27 20:34:21.032  INFO 530588 --- [ool-46-thread-2] .t.t.s.TourGuideClientRewardsServiceImpl : Service - Distance calculated: 460.11990361699293
2021-11-27 20:34:21.032  INFO 530588 --- [ool-46-thread-2] .t.t.s.TourGuideClientRewardsServiceImpl : Service - Distance calculated: 1992.7911930022951
2021-11-27 20:34:21.032  INFO 530588 --- [ool-46-thread-2] .t.t.s.TourGuideClientRewardsServiceImpl : Service - Distance calculated: 1906.7972782801585
2021-11-27 20:34:21.032  INFO 530588 --- [ool-46-thread-2] .t.t.s.TourGuideClientRewardsServiceImpl : Service - Distance calculated: 2360.645624935619
2021-11-27 20:34:21.032  INFO 530588 --- [ool-57-thread-2] .t.t.s.TourGuideClientRewardsServiceImpl : Service - Distance calculated: 1992.7911930022951
2021-11-27 20:34:21.029  INFO 530588 --- [ool-88-thread-2] .t.t.s.TourGuideClientRewardsServiceImpl : Service - Distance calculated: 8232.038229963886
2021-11-27 20:34:21.032  INFO 530588 --- [ool-46-thread-2] .t.t.s.TourGuideClientRewardsServiceImpl : Service - Distance calculated: 2434.494471527265
2021-11-27 20:34:21.033  INFO 530588 --- [ool-57-thread-2] .t.t.s.TourGuideClientRewardsServiceImpl : Service - Distance calculated: 1906.7972782801585
2021-11-27 20:34:21.029  INFO 530588 --- [ol-103-thread-2] .t.t.s.TourGuideClientRewardsServiceImpl : Service - Distance calculated: 7050.854814434206
2021-11-27 20:34:21.033  INFO 530588 --- [ool-57-thread-2] .t.t.s.TourGuideClientRewardsServiceImpl : Service - Distance calculated: 2360.645624935619
2021-11-27 20:34:21.033  INFO 530588 --- [ol-103-thread-2] .t.t.s.TourGuideClientRewardsServiceImpl : Service - Distance calculated: 6701.339099855188
2021-11-27 20:34:21.033  INFO 530588 --- [ol-103-thread-2] .t.t.s.TourGuideClientRewardsServiceImpl : Service - Distance calculated: 7722.852257535028
2021-11-27 20:34:21.033  INFO 530588 --- [ol-103-thread-2] .t.t.s.TourGuideClientRewardsServiceImpl : Service - Distance calculated: 7314.578476330308
2021-11-27 20:34:21.033  INFO 530588 --- [ol-103-thread-2] .t.t.s.TourGuideClientRewardsServiceImpl : Service - Distance calculated: 7391.97714547176
2021-11-27 20:34:21.033  INFO 530588 --- [ol-103-thread-2] .t.t.s.TourGuideClientRewardsServiceImpl : Service - Distance calculated: 7245.334052858666
2021-11-27 20:34:21.033  INFO 530588 --- [ol-103-thread-2] .t.t.s.TourGuideClientRewardsServiceImpl : Service - Distance calculated: 7662.120845809147
2021-11-27 20:34:21.033  INFO 530588 --- [ool-57-thread-2] .t.t.s.TourGuideClientRewardsServiceImpl : Service - Distance calculated: 2434.494471527265
2021-11-27 20:34:21.033  INFO 530588 --- [ool-57-thread-2] .t.t.s.TourGuideClientRewardsServiceImpl : Service - Distance calculated: 2148.3967563579567
2021-11-27 20:34:21.033  INFO 530588 --- [ool-57-thread-2] .t.t.s.TourGuideClientRewardsServiceImpl : Service - Distance calculated: 2282.746325565392
2021-11-27 20:34:21.029  INFO 530588 --- [ool-70-thread-2] .t.t.s.TourGuideClientRewardsServiceImpl : Service - Distance calculated: 2148.3967563579567
2021-11-27 20:34:21.033  INFO 530588 --- [ool-70-thread-2] .t.t.s.TourGuideClientRewardsServiceImpl : Service - Distance calculated: 2282.746325565392
2021-11-27 20:34:21.029  INFO 530588 --- [ool-68-thread-2] .t.t.s.TourGuideClientRewardsServiceImpl : Service - Distance calculated: 5251.186649474101
2021-11-27 20:34:21.029  INFO 530588 --- [ool-51-thread-2] .t.t.s.TourGuideClientRewardsServiceImpl : Service - Distance calculated: 9644.758311606041
2021-11-27 20:34:21.029  INFO 530588 --- [ol-104-thread-2] .t.t.s.TourGuideClientRewardsServiceImpl : Service - Distance calculated: 10054.063424061549
2021-11-27 20:34:21.033  INFO 530588 --- [ool-51-thread-2] .t.t.s.TourGuideClientRewardsServiceImpl : Service - Distance calculated: 8799.950210183188
2021-11-27 20:34:21.033  INFO 530588 --- [ol-104-thread-2] .t.t.s.TourGuideClientRewardsServiceImpl : Service - Distance calculated: 9053.86692053329
2021-11-27 20:34:21.033  INFO 530588 --- [ol-104-thread-2] .t.t.s.TourGuideClientRewardsServiceImpl : Service - Distance calculated: 9459.242408832488
2021-11-27 20:34:21.029  INFO 530588 --- [ol-122-thread-2] .t.t.s.TourGuideClientRewardsServiceImpl : Service - Distance calculated: 7571.930365274865
2021-11-27 20:34:21.033  INFO 530588 --- [ol-104-thread-2] .t.t.s.TourGuideClientRewardsServiceImpl : Service - Distance calculated: 9749.309539618189
2021-11-27 20:34:21.033  INFO 530588 --- [ol-104-thread-2] .t.t.s.TourGuideClientRewardsServiceImpl : Service - Distance calculated: 9651.925639990528
2021-11-27 20:34:21.033  INFO 530588 --- [ol-122-thread-2] .t.t.s.TourGuideClientRewardsServiceImpl : Service - Distance calculated: 7522.54415345718
2021-11-27 20:34:21.033  INFO 530588 --- [ol-122-thread-2] .t.t.s.TourGuideClientRewardsServiceImpl : Service - Distance calculated: 6676.466229208842
2021-11-27 20:34:21.029  INFO 530588 --- [onPool-worker-8] .t.t.s.TourGuideClientRewardsServiceImpl : Service - Distance calculated: 3768.504886308565
2021-11-27 20:34:21.029  INFO 530588 --- [onPool-worker-1] .t.t.s.TourGuideClientRewardsServiceImpl : Service - Distance calculated: 8509.417156396272
2021-11-27 20:34:21.029  INFO 530588 --- [nPool-worker-12] .t.t.s.TourGuideClientRewardsServiceImpl : Service - Distance calculated: 10482.066214862485
2021-11-27 20:34:21.029  INFO 530588 --- [nPool-worker-10] .t.t.s.TourGuideClientRewardsServiceImpl : Service - Distance calculated: 95.1494851623104
2021-11-27 20:34:21.033  INFO 530588 --- [nPool-worker-12] .t.t.s.TourGuideClientRewardsServiceImpl : Service - Distance calculated: 9946.466052534099
2021-11-27 20:34:21.029  INFO 530588 --- [nPool-worker-15] .t.t.s.TourGuideClientRewardsServiceImpl : Service - Distance calculated: 5522.501552600973
2021-11-27 20:34:21.029  INFO 530588 --- [onPool-worker-4] .t.t.s.TourGuideClientRewardsServiceImpl : Service - Distance calculated: 6829.914044266031
2021-11-27 20:34:21.034  INFO 530588 --- [nPool-worker-15] .t.t.s.TourGuideClientRewardsServiceImpl : Service - Distance calculated: 5024.372115537601
2021-11-27 20:34:21.034  INFO 530588 --- [onPool-worker-4] .t.t.s.TourGuideClientRewardsServiceImpl : Service - Distance calculated: 5950.933443395063
2021-11-27 20:34:21.034  INFO 530588 --- [onPool-worker-4] .t.t.s.TourGuideClientRewardsServiceImpl : Service - Distance calculated: 7162.993655031997
2021-11-27 20:34:21.034  INFO 530588 --- [onPool-worker-4] .t.t.s.TourGuideClientRewardsServiceImpl : Service - Distance calculated: 7189.423253937347
2021-11-27 20:34:21.029  INFO 530588 --- [ol-140-thread-2] .t.t.s.TourGuideClientRewardsServiceImpl : Service - Distance calculated: 9169.647056893797
2021-11-27 20:34:21.034  INFO 530588 --- [onPool-worker-4] .t.t.s.TourGuideClientRewardsServiceImpl : Service - Distance calculated: 4198.629090895406
2021-11-27 20:34:21.029  INFO 530588 --- [onPool-worker-6] .t.t.s.TourGuideClientRewardsServiceImpl : Service - Distance calculated: 9949.145506138126
2021-11-27 20:34:21.034  INFO 530588 --- [ol-140-thread-2] .t.t.s.TourGuideClientRewardsServiceImpl : Service - Distance calculated: 8949.361323683359
2021-11-27 20:34:21.029  INFO 530588 --- [onPool-worker-5] .t.t.s.TourGuideClientRewardsServiceImpl : Service - Distance calculated: 3239.263088323612
2021-11-27 20:34:21.030  INFO 530588 --- [ol-120-thread-2] .t.t.s.TourGuideClientRewardsServiceImpl : Service - Distance calculated: 8823.565981169144
2021-11-27 20:34:21.034  INFO 530588 --- [onPool-worker-5] .t.t.s.TourGuideClientRewardsServiceImpl : Service - Distance calculated: 3213.8574880460196
2021-11-27 20:34:21.030  INFO 530588 --- [ool-61-thread-2] .t.t.s.TourGuideClientRewardsServiceImpl : Service - Distance calculated: 10477.793422478368
2021-11-27 20:34:21.034  INFO 530588 --- [onPool-worker-5] .t.t.s.TourGuideClientRewardsServiceImpl : Service - Distance calculated: 4129.5437931513625
2021-11-27 20:34:21.034  INFO 530588 --- [ol-120-thread-2] .t.t.s.TourGuideClientRewardsServiceImpl : Service - Distance calculated: 8539.881536098319
2021-11-27 20:34:21.030  INFO 530588 --- [ool-71-thread-2] .t.t.s.TourGuideClientRewardsServiceImpl : Service - Distance calculated: 6459.361985929211
2021-11-27 20:34:21.034  INFO 530588 --- [ol-120-thread-2] .t.t.s.TourGuideClientRewardsServiceImpl : Service - Distance calculated: 8623.68200815781
2021-11-27 20:34:21.034  INFO 530588 --- [ool-61-thread-2] .t.t.s.TourGuideClientRewardsServiceImpl : Service - Distance calculated: 10672.573400571015
2021-11-27 20:34:21.030  INFO 530588 --- [ool-81-thread-2] .t.t.s.TourGuideClientRewardsServiceImpl : Service - Distance calculated: 7093.976233511097
2021-11-27 20:34:21.034  INFO 530588 --- [ool-61-thread-2] .t.t.s.TourGuideClientRewardsServiceImpl : Service - Distance calculated: 10576.001515896542
2021-11-27 20:34:21.030  INFO 530588 --- [ol-102-thread-2] .t.t.s.TourGuideClientRewardsServiceImpl : Service - Distance calculated: 7004.406423909501
2021-11-27 20:34:21.034  INFO 530588 --- [ool-61-thread-2] .t.t.s.TourGuideClientRewardsServiceImpl : Service - Distance calculated: 10401.626813866398
2021-11-27 20:34:21.030  INFO 530588 --- [ool-89-thread-2] .t.t.s.TourGuideClientRewardsServiceImpl : Service - Distance calculated: 3431.3131078193746
2021-11-27 20:34:21.034  INFO 530588 --- [ool-61-thread-2] .t.t.s.TourGuideClientRewardsServiceImpl : Service - Distance calculated: 10765.853640075842
2021-11-27 20:34:21.030  INFO 530588 --- [ol-111-thread-2] .t.t.s.TourGuideClientRewardsServiceImpl : Service - Distance calculated: 10865.89900677095
2021-11-27 20:34:21.034  INFO 530588 --- [ool-61-thread-2] .t.t.s.TourGuideClientRewardsServiceImpl : Service - Distance calculated: 10619.941540314425
2021-11-27 20:34:21.030  INFO 530588 --- [ol-113-thread-2] .t.t.s.TourGuideClientRewardsServiceImpl : Service - Distance calculated: 8603.651960598701
2021-11-27 20:34:21.030  INFO 530588 --- [ool-67-thread-2] .t.t.s.TourGuideClientRewardsServiceImpl : Service - Distance calculated: 9463.263380088194
2021-11-27 20:34:21.030  INFO 530588 --- [ol-133-thread-2] .t.t.s.TourGuideClientRewardsServiceImpl : Service - Distance calculated: 5546.9493019332995
2021-11-27 20:34:21.034  INFO 530588 --- [ool-67-thread-2] .t.t.s.TourGuideClientRewardsServiceImpl : Service - Distance calculated: 10930.874592244116
2021-11-27 20:34:21.030  INFO 530588 --- [ol-106-thread-2] .t.t.s.TourGuideClientRewardsServiceImpl : Service - Distance calculated: 6344.9170616971305
2021-11-27 20:34:21.030  INFO 530588 --- [ool-74-thread-2] .t.t.s.TourGuideClientRewardsServiceImpl : Service - Distance calculated: 3137.784055563941
2021-11-27 20:34:21.030  INFO 530588 --- [ool-63-thread-2] .t.t.s.TourGuideClientRewardsServiceImpl : Service - Distance calculated: 2434.494471527265
2021-11-27 20:34:21.031  INFO 530588 --- [ool-55-thread-2] .t.t.s.TourGuideClientRewardsServiceImpl : Service - Distance calculated: 2434.494471527265
2021-11-27 20:34:21.031  INFO 530588 --- [ool-92-thread-2] .t.t.s.TourGuideClientRewardsServiceImpl : Service - Distance calculated: 7591.0343984204155
2021-11-27 20:34:21.034  INFO 530588 --- [ool-55-thread-2] .t.t.s.TourGuideClientRewardsServiceImpl : Service - Distance calculated: 2148.3967563579567
2021-11-27 20:34:21.031  INFO 530588 --- [nPool-worker-14] .t.t.s.TourGuideClientRewardsServiceImpl : Service - Distance calculated: 10090.835844810099
2021-11-27 20:34:21.034  INFO 530588 --- [ool-55-thread-2] .t.t.s.TourGuideClientRewardsServiceImpl : Service - Distance calculated: 2282.746325565392
2021-11-27 20:34:21.031  INFO 530588 --- [ool-91-thread-2] .t.t.s.TourGuideClientRewardsServiceImpl : Service - Distance calculated: 7140.195945073865
2021-11-27 20:34:21.034  INFO 530588 --- [nPool-worker-14] .t.t.s.TourGuideClientRewardsServiceImpl : Service - Distance calculated: 10210.00436183046
2021-11-27 20:34:21.031  INFO 530588 --- [ool-79-thread-2] .t.t.s.TourGuideClientRewardsServiceImpl : Service - Distance calculated: 2800.1234299617204
2021-11-27 20:34:21.034  INFO 530588 --- [ool-92-thread-2] .t.t.s.TourGuideClientRewardsServiceImpl : Service - Distance calculated: 6894.505532220371
2021-11-27 20:34:21.031  INFO 530588 --- [onPool-worker-3] .t.t.s.TourGuideClientRewardsServiceImpl : Service - Distance calculated: 3167.8061902880504
2021-11-27 20:34:21.034  INFO 530588 --- [ool-92-thread-2] .t.t.s.TourGuideClientRewardsServiceImpl : Service - Distance calculated: 6215.851981232956
2021-11-27 20:34:21.031  INFO 530588 --- [ool-99-thread-2] .t.t.s.TourGuideClientRewardsServiceImpl : Service - Distance calculated: 9541.07240438089
2021-11-27 20:34:21.031  INFO 530588 --- [ol-101-thread-2] .t.t.s.TourGuideClientRewardsServiceImpl : Service - Distance calculated: 4625.988750760376
2021-11-27 20:34:21.034  INFO 530588 --- [ool-99-thread-2] .t.t.s.TourGuideClientRewardsServiceImpl : Service - Distance calculated: 8580.271596205863
2021-11-27 20:34:21.031  INFO 530588 --- [nPool-worker-13] .t.t.s.TourGuideClientRewardsServiceImpl : Service - Distance calculated: 8950.974973199734
2021-11-27 20:34:21.034  INFO 530588 --- [ool-99-thread-2] .t.t.s.TourGuideClientRewardsServiceImpl : Service - Calculate rewards points for user: internalUser25
2021-11-27 20:34:21.034  INFO 530588 --- [nPool-worker-13] .t.t.s.TourGuideClientRewardsServiceImpl : Service - Distance calculated: 10032.757932823099
2021-11-27 20:34:21.031  INFO 530588 --- [onPool-worker-2] .t.t.s.TourGuideClientRewardsServiceImpl : Service - Distance calculated: 4067.661694205951
2021-11-27 20:34:21.031  INFO 530588 --- [ool-44-thread-2] .t.t.s.TourGuideClientRewardsServiceImpl : Service - Distance calculated: 3315.5265839000963
2021-11-27 20:34:21.034  INFO 530588 --- [onPool-worker-2] .t.t.s.TourGuideClientRewardsServiceImpl : Service - Distance calculated: 3676.250353913478
2021-11-27 20:34:21.031  INFO 530588 --- [ool-60-thread-2] .t.t.s.TourGuideClientRewardsServiceImpl : Service - Distance calculated: 5545.405044379782
2021-11-27 20:34:21.034  INFO 530588 --- [ool-60-thread-2] .t.t.s.TourGuideClientRewardsServiceImpl : Service - Distance calculated: 5303.483622336675
2021-11-27 20:34:21.032  INFO 530588 --- [ol-117-thread-2] .t.t.s.TourGuideClientRewardsServiceImpl : Service - Distance calculated: 10097.667882244717
2021-11-27 20:34:21.032  INFO 530588 --- [ol-138-thread-2] .t.t.s.TourGuideClientRewardsServiceImpl : Service - Distance calculated: 9132.179328888433
2021-11-27 20:34:21.034  INFO 530588 --- [ol-138-thread-2] .t.t.s.TourGuideClientRewardsServiceImpl : Service - Distance calculated: 9043.89459462705
2021-11-27 20:34:21.032  INFO 530588 --- [ol-131-thread-2] .t.t.s.TourGuideClientRewardsServiceImpl : Service - Distance calculated: 5617.1226998638085
2021-11-27 20:34:21.034  INFO 530588 --- [ol-117-thread-2] .t.t.s.TourGuideClientRewardsServiceImpl : Service - Distance calculated: 10188.196233160248
2021-11-27 20:34:21.032  INFO 530588 --- [onPool-worker-9] .t.t.s.TourGuideClientRewardsServiceImpl : Service - Distance calculated: 5070.603742727856
2021-11-27 20:34:21.034  INFO 530588 --- [ol-131-thread-2] .t.t.s.TourGuideClientRewardsServiceImpl : Service - Distance calculated: 3615.983748818511
2021-11-27 20:34:21.032  INFO 530588 --- [ool-95-thread-2] .t.t.s.TourGuideClientRewardsServiceImpl : Service - Distance calculated: 8719.025585915508
2021-11-27 20:34:21.032  INFO 530588 --- [ol-118-thread-2] .t.t.s.TourGuideClientRewardsServiceImpl : Service - Distance calculated: 8924.769492327812
2021-11-27 20:34:21.035  INFO 530588 --- [onPool-worker-9] .t.t.s.TourGuideClientRewardsServiceImpl : Service - Distance calculated: 4296.0883456974125
2021-11-27 20:34:21.032  INFO 530588 --- [ool-43-thread-2] .t.t.s.TourGuideClientRewardsServiceImpl : Service - Distance calculated: 680.6158831369517
2021-11-27 20:34:21.032  INFO 530588 --- [ol-130-thread-2] .t.t.s.TourGuideClientRewardsServiceImpl : Service - Distance calculated: 4904.285628782087
2021-11-27 20:34:21.033  INFO 530588 --- [ool-46-thread-2] .t.t.s.TourGuideClientRewardsServiceImpl : Service - Distance calculated: 2148.3967563579567
2021-11-27 20:34:21.035  INFO 530588 --- [ool-43-thread-2] .t.t.s.TourGuideClientRewardsServiceImpl : Service - Distance calculated: 1344.090272349311
2021-11-27 20:34:21.033  INFO 530588 --- [ool-88-thread-2] .t.t.s.TourGuideClientRewardsServiceImpl : Service - Distance calculated: 4648.775539869796
2021-11-27 20:34:21.035  INFO 530588 --- [ol-130-thread-2] .t.t.s.TourGuideClientRewardsServiceImpl : Service - Distance calculated: 5266.384270514182
2021-11-27 20:34:21.033  INFO 530588 --- [ol-103-thread-2] .t.t.s.TourGuideClientRewardsServiceImpl : Service - Distance calculated: 8823.509230264053
2021-11-27 20:34:21.035  INFO 530588 --- [ool-88-thread-2] .t.t.s.TourGuideClientRewardsServiceImpl : Service - Distance calculated: 4081.315138905381
2021-11-27 20:34:21.033  INFO 530588 --- [ool-57-thread-2] .t.t.s.TourGuideClientRewardsServiceImpl : Service - Distance calculated: 2289.4339721013357
2021-11-27 20:34:21.033  INFO 530588 --- [ool-70-thread-2] .t.t.s.TourGuideClientRewardsServiceImpl : Service - Distance calculated: 2289.4339721013357
2021-11-27 20:34:21.035  INFO 530588 --- [ol-103-thread-2] .t.t.s.TourGuideClientRewardsServiceImpl : Service - Distance calculated: 6863.436360105229
2021-11-27 20:34:21.035  INFO 530588 --- [ol-103-thread-2] .t.t.s.TourGuideClientRewardsServiceImpl : Service - Distance calculated: 6949.6932722417005
2021-11-27 20:34:21.035  INFO 530588 --- [ool-57-thread-2] .t.t.s.TourGuideClientRewardsServiceImpl : Service - Distance calculated: 1204.372289719331
2021-11-27 20:34:21.035  INFO 530588 --- [ol-103-thread-2] .t.t.s.TourGuideClientRewardsServiceImpl : Service - Distance calculated: 8226.30903129729
2021-11-27 20:34:21.033  INFO 530588 --- [ool-68-thread-2] .t.t.s.TourGuideClientRewardsServiceImpl : Service - Distance calculated: 4477.810378143335
2021-11-27 20:34:21.033  INFO 530588 --- [ool-51-thread-2] .t.t.s.TourGuideClientRewardsServiceImpl : Service - Distance calculated: 8867.723912475285
2021-11-27 20:34:21.033  INFO 530588 --- [ol-104-thread-2] .t.t.s.TourGuideClientRewardsServiceImpl : Service - Distance calculated: 10017.889577148779
2021-11-27 20:34:21.035  INFO 530588 --- [ool-51-thread-2] .t.t.s.TourGuideClientRewardsServiceImpl : Service - Distance calculated: 9170.472982064548
2021-11-27 20:34:21.033  INFO 530588 --- [ol-122-thread-2] .t.t.s.TourGuideClientRewardsServiceImpl : Service - Distance calculated: 6828.888878501425
2021-11-27 20:34:21.035  INFO 530588 --- [ool-51-thread-2] .t.t.s.TourGuideClientRewardsServiceImpl : Service - Distance calculated: 8945.210427464535
2021-11-27 20:34:21.035  INFO 530588 --- [ool-51-thread-2] .t.t.s.TourGuideClientRewardsServiceImpl : Service - Distance calculated: 9389.964045379356
2021-11-27 20:34:21.033  INFO 530588 --- [onPool-worker-8] .t.t.s.TourGuideClientRewardsServiceImpl : Service - Distance calculated: 3825.0071999521983
2021-11-27 20:34:21.033  INFO 530588 --- [nPool-worker-10] .t.t.s.TourGuideClientRewardsServiceImpl : Service - Distance calculated: 1040.5351964068361
2021-11-27 20:34:21.034  INFO 530588 --- [nPool-worker-12] .t.t.s.TourGuideClientRewardsServiceImpl : Service - Distance calculated: 8717.052818689097
2021-11-27 20:34:21.035  INFO 530588 --- [nPool-worker-10] .t.t.s.TourGuideClientRewardsServiceImpl : Service - Distance calculated: 8851.98431373128
2021-11-27 20:34:21.034  INFO 530588 --- [onPool-worker-1] .t.t.s.TourGuideClientRewardsServiceImpl : Service - Distance calculated: 9554.401831217683
2021-11-27 20:34:21.034  INFO 530588 --- [nPool-worker-15] .t.t.s.TourGuideClientRewardsServiceImpl : Service - Distance calculated: 3816.872933482155
2021-11-27 20:34:21.034  INFO 530588 --- [onPool-worker-4] .t.t.s.TourGuideClientRewardsServiceImpl : Service - Distance calculated: 7487.204769840532
2021-11-27 20:34:21.035  INFO 530588 --- [nPool-worker-15] .t.t.s.TourGuideClientRewardsServiceImpl : Service - Distance calculated: 5854.529166318717
2021-11-27 20:34:21.034  INFO 530588 --- [onPool-worker-6] .t.t.s.TourGuideClientRewardsServiceImpl : Service - Distance calculated: 9884.994846408365
2021-11-27 20:34:21.035  INFO 530588 --- [onPool-worker-4] .t.t.s.TourGuideClientRewardsServiceImpl : Service - Distance calculated: 7293.14533678754
2021-11-27 20:34:21.034  INFO 530588 --- [ol-140-thread-2] .t.t.s.TourGuideClientRewardsServiceImpl : Service - Distance calculated: 9384.042537985033
2021-11-27 20:34:21.035  INFO 530588 --- [onPool-worker-6] .t.t.s.TourGuideClientRewardsServiceImpl : Service - Distance calculated: 7242.502627579002
2021-11-27 20:34:21.034  INFO 530588 --- [onPool-worker-5] .t.t.s.TourGuideClientRewardsServiceImpl : Service - Distance calculated: 2897.29291720105
2021-11-27 20:34:21.035  INFO 530588 --- [ol-140-thread-2] .t.t.s.TourGuideClientRewardsServiceImpl : Service - Distance calculated: 8917.396699684767
2021-11-27 20:34:21.034  INFO 530588 --- [ool-71-thread-2] .t.t.s.TourGuideClientRewardsServiceImpl : Service - Distance calculated: 6579.8980651515485
2021-11-27 20:34:21.034  INFO 530588 --- [ol-120-thread-2] .t.t.s.TourGuideClientRewardsServiceImpl : Service - Distance calculated: 8039.248734520068
2021-11-27 20:34:21.035  INFO 530588 --- [onPool-worker-5] .t.t.s.TourGuideClientRewardsServiceImpl : Service - Distance calculated: 2856.0044034590665
2021-11-27 20:34:21.034  INFO 530588 --- [ool-81-thread-2] .t.t.s.TourGuideClientRewardsServiceImpl : Service - Distance calculated: 6729.1785668688735
2021-11-27 20:34:21.034  INFO 530588 --- [ol-102-thread-2] .t.t.s.TourGuideClientRewardsServiceImpl : Service - Distance calculated: 6112.896256623894
2021-11-27 20:34:21.035  INFO 530588 --- [ool-81-thread-2] .t.t.s.TourGuideClientRewardsServiceImpl : Service - Distance calculated: 6980.866646068415
2021-11-27 20:34:21.034  INFO 530588 --- [ool-89-thread-2] .t.t.s.TourGuideClientRewardsServiceImpl : Service - Distance calculated: 3483.6048677821645
2021-11-27 20:34:21.035  INFO 530588 --- [ol-102-thread-2] .t.t.s.TourGuideClientRewardsServiceImpl : Service - Distance calculated: 6385.565485359355
2021-11-27 20:34:21.034  INFO 530588 --- [ool-61-thread-2] .t.t.s.TourGuideClientRewardsServiceImpl : Service - Distance calculated: 10864.611899268124
2021-11-27 20:34:21.034  INFO 530588 --- [ol-111-thread-2] .t.t.s.TourGuideClientRewardsServiceImpl : Service - Distance calculated: 9243.536309043462
2021-11-27 20:34:21.035  INFO 530588 --- [ool-61-thread-2] .t.t.s.TourGuideClientRewardsServiceImpl : Service - Distance calculated: 10608.203814644421
2021-11-27 20:34:21.034  INFO 530588 --- [ol-113-thread-2] .t.t.s.TourGuideClientRewardsServiceImpl : Service - Distance calculated: 9643.20265322332
2021-11-27 20:34:21.035  INFO 530588 --- [ol-111-thread-2] .t.t.s.TourGuideClientRewardsServiceImpl : Service - Distance calculated: 10270.738163576723
2021-11-27 20:34:21.034  INFO 530588 --- [ool-67-thread-2] .t.t.s.TourGuideClientRewardsServiceImpl : Service - Distance calculated: 12028.87847253406
2021-11-27 20:34:21.035  INFO 530588 --- [ool-61-thread-2] .t.t.s.TourGuideClientRewardsServiceImpl : Service - Distance calculated: 10697.54294660179
2021-11-27 20:34:21.034  INFO 530588 --- [ol-133-thread-2] .t.t.s.TourGuideClientRewardsServiceImpl : Service - Distance calculated: 6482.083001394524
2021-11-27 20:34:21.035  INFO 530588 --- [ool-67-thread-2] .t.t.s.TourGuideClientRewardsServiceImpl : Service - Distance calculated: 9967.053089524834
2021-11-27 20:34:21.035  INFO 530588 --- [ol-133-thread-2] .t.t.s.TourGuideClientRewardsServiceImpl : Service - Distance calculated: 5141.069976920993
2021-11-27 20:34:21.034  INFO 530588 --- [ool-74-thread-2] .t.t.s.TourGuideClientRewardsServiceImpl : Service - Distance calculated: 3023.465646942901
2021-11-27 20:34:21.034  INFO 530588 --- [ol-106-thread-2] .t.t.s.TourGuideClientRewardsServiceImpl : Service - Distance calculated: 6487.823175920152
2021-11-27 20:34:21.036  INFO 530588 --- [ol-133-thread-2] .t.t.s.TourGuideClientRewardsServiceImpl : Service - Distance calculated: 5141.176584995575
2021-11-27 20:34:21.036  INFO 530588 --- [ool-74-thread-2] .t.t.s.TourGuideClientRewardsServiceImpl : Service - Distance calculated: 2774.9231421711957
2021-11-27 20:34:21.036  INFO 530588 --- [ol-133-thread-2] .t.t.s.TourGuideClientRewardsServiceImpl : Service - Distance calculated: 7970.684383874189
2021-11-27 20:34:21.034  INFO 530588 --- [ool-63-thread-2] .t.t.s.TourGuideClientRewardsServiceImpl : Service - Distance calculated: 2148.3967563579567
2021-11-27 20:34:21.036  INFO 530588 --- [ol-133-thread-2] .t.t.s.TourGuideClientRewardsServiceImpl : Service - Distance calculated: 4781.464811119149
2021-11-27 20:34:21.036  INFO 530588 --- [ol-133-thread-2] .t.t.s.TourGuideClientRewardsServiceImpl : Service - Distance calculated: 5001.376594648191
2021-11-27 20:34:21.036  INFO 530588 --- [ool-63-thread-2] .t.t.s.TourGuideClientRewardsServiceImpl : Service - Distance calculated: 2282.746325565392
2021-11-27 20:34:21.036  INFO 530588 --- [ol-133-thread-2] .t.t.s.TourGuideClientRewardsServiceImpl : Service - Distance calculated: 4852.727077221543
2021-11-27 20:34:21.036  INFO 530588 --- [ool-63-thread-2] .t.t.s.TourGuideClientRewardsServiceImpl : Service - Distance calculated: 2289.4339721013357
2021-11-27 20:34:21.036  INFO 530588 --- [ol-133-thread-2] .t.t.s.TourGuideClientRewardsServiceImpl : Service - Distance calculated: 4644.444594973813
2021-11-27 20:34:21.036  INFO 530588 --- [ool-63-thread-2] .t.t.s.TourGuideClientRewardsServiceImpl : Service - Distance calculated: 1204.372289719331
2021-11-27 20:34:21.034  INFO 530588 --- [ool-55-thread-2] .t.t.s.TourGuideClientRewardsServiceImpl : Service - Distance calculated: 2289.4339721013357
2021-11-27 20:34:21.036  INFO 530588 --- [ool-63-thread-2] .t.t.s.TourGuideClientRewardsServiceImpl : Service - Distance calculated: 1742.5694022642394
2021-11-27 20:34:21.034  INFO 530588 --- [nPool-worker-14] .t.t.s.TourGuideClientRewardsServiceImpl : Service - Distance calculated: 10817.04064200403
2021-11-27 20:34:21.034  INFO 530588 --- [ool-91-thread-2] .t.t.s.TourGuideClientRewardsServiceImpl : Service - Distance calculated: 8006.170358789409
2021-11-27 20:34:21.036  INFO 530588 --- [nPool-worker-14] .t.t.s.TourGuideClientRewardsServiceImpl : Service - Distance calculated: 9826.655782101352
2021-11-27 20:34:21.034  INFO 530588 --- [ool-79-thread-2] .t.t.s.TourGuideClientRewardsServiceImpl : Service - Distance calculated: 3236.9497149922904
2021-11-27 20:34:21.036  INFO 530588 --- [ool-91-thread-2] .t.t.s.TourGuideClientRewardsServiceImpl : Service - Calculate rewards points for user: internalUser4
2021-11-27 20:34:21.036  INFO 530588 --- [nPool-worker-14] .t.t.s.TourGuideClientRewardsServiceImpl : Service - Distance calculated: 10194.991641337236
2021-11-27 20:34:21.036  INFO 530588 --- [nPool-worker-14] .t.t.s.TourGuideClientRewardsServiceImpl : Service - Distance calculated: 10154.255701726652
2021-11-27 20:34:21.036  INFO 530588 --- [nPool-worker-14] .t.t.s.TourGuideClientRewardsServiceImpl : Service - Distance calculated: 10191.43391662183
2021-11-27 20:34:21.036  INFO 530588 --- [nPool-worker-14] .t.t.s.TourGuideClientRewardsServiceImpl : Service - Distance calculated: 9888.450144308024
2021-11-27 20:34:21.034  INFO 530588 --- [ool-92-thread-2] .t.t.s.TourGuideClientRewardsServiceImpl : Service - Distance calculated: 7165.654800679634
2021-11-27 20:34:21.036  INFO 530588 --- [nPool-worker-14] .t.t.s.TourGuideClientRewardsServiceImpl : Service - Distance calculated: 8699.88660465073
2021-11-27 20:34:21.036  INFO 530588 --- [ool-79-thread-2] .t.t.s.TourGuideClientRewardsServiceImpl : Service - Distance calculated: 4104.7936662046295
2021-11-27 20:34:21.036  INFO 530588 --- [ool-92-thread-2] .t.t.s.TourGuideClientRewardsServiceImpl : Service - Distance calculated: 5011.670209315312
2021-11-27 20:34:21.036  INFO 530588 --- [nPool-worker-14] .t.t.s.TourGuideClientRewardsServiceImpl : Service - Distance calculated: 10661.819870823598
2021-11-27 20:34:21.036  INFO 530588 --- [ool-79-thread-2] .t.t.s.TourGuideClientRewardsServiceImpl : Service - Distance calculated: 3476.4667514819134
2021-11-27 20:34:21.036  INFO 530588 --- [ool-79-thread-2] .t.t.s.TourGuideClientRewardsServiceImpl : Service - Distance calculated: 3747.7013180321424
2021-11-27 20:34:21.036  INFO 530588 --- [nPool-worker-14] .t.t.s.TourGuideClientRewardsServiceImpl : Service - Distance calculated: 10079.14735795405
2021-11-27 20:34:21.036  INFO 530588 --- [ool-79-thread-2] .t.t.s.TourGuideClientRewardsServiceImpl : Service - Distance calculated: 3218.9071480122334
2021-11-27 20:34:21.034  INFO 530588 --- [onPool-worker-3] .t.t.s.TourGuideClientRewardsServiceImpl : Service - Distance calculated: 2827.035051573262
2021-11-27 20:34:21.036  INFO 530588 --- [ool-79-thread-2] .t.t.s.TourGuideClientRewardsServiceImpl : Service - Distance calculated: 4020.3288946356515
2021-11-27 20:34:21.034  INFO 530588 --- [ol-101-thread-2] .t.t.s.TourGuideClientRewardsServiceImpl : Service - Distance calculated: 4881.165450800625
2021-11-27 20:34:21.036  INFO 530588 --- [onPool-worker-3] .t.t.s.TourGuideClientRewardsServiceImpl : Service - Distance calculated: 3013.2336829820697
2021-11-27 20:34:21.034  INFO 530588 --- [nPool-worker-13] .t.t.s.TourGuideClientRewardsServiceImpl : Service - Distance calculated: 8027.537255223836
2021-11-27 20:34:21.036  INFO 530588 --- [onPool-worker-3] .t.t.s.TourGuideClientRewardsServiceImpl : Service - Distance calculated: 3013.9873706127178
2021-11-27 20:34:21.036  INFO 530588 --- [nPool-worker-13] .t.t.s.TourGuideClientRewardsServiceImpl : Service - Distance calculated: 8862.35593078993
2021-11-27 20:34:21.034  INFO 530588 --- [ool-44-thread-2] .t.t.s.TourGuideClientRewardsServiceImpl : Service - Distance calculated: 3544.8798639205934
2021-11-27 20:34:21.034  INFO 530588 --- [ool-60-thread-2] .t.t.s.TourGuideClientRewardsServiceImpl : Service - Distance calculated: 5802.5607960228845
2021-11-27 20:34:21.036  INFO 530588 --- [ool-44-thread-2] .t.t.s.TourGuideClientRewardsServiceImpl : Service - Distance calculated: 3515.776092331664
2021-11-27 20:34:21.034  INFO 530588 --- [onPool-worker-2] .t.t.s.TourGuideClientRewardsServiceImpl : Service - Distance calculated: 3929.7585611124655
2021-11-27 20:34:21.034  INFO 530588 --- [ol-138-thread-2] .t.t.s.TourGuideClientRewardsServiceImpl : Service - Distance calculated: 9232.569115007143
2021-11-27 20:34:21.036  INFO 530588 --- [onPool-worker-2] .t.t.s.TourGuideClientRewardsServiceImpl : Service - Distance calculated: 3427.1732498289703
2021-11-27 20:34:21.036  INFO 530588 --- [onPool-worker-2] .t.t.s.TourGuideClientRewardsServiceImpl : Service - Distance calculated: 4018.840710860694
2021-11-27 20:34:21.034  INFO 530588 --- [ol-117-thread-2] .t.t.s.TourGuideClientRewardsServiceImpl : Service - Distance calculated: 9994.155235021186
2021-11-27 20:34:21.035  INFO 530588 --- [ol-131-thread-2] .t.t.s.TourGuideClientRewardsServiceImpl : Service - Distance calculated: 3136.523541317629
2021-11-27 20:34:21.036  INFO 530588 --- [ol-131-thread-2] .t.t.s.TourGuideClientRewardsServiceImpl : Service - Distance calculated: 5020.9363170519855
2021-11-27 20:34:21.035  INFO 530588 --- [ol-118-thread-2] .t.t.s.TourGuideClientRewardsServiceImpl : Service - Distance calculated: 10097.661454354558
2021-11-27 20:34:21.036  INFO 530588 --- [ol-131-thread-2] .t.t.s.TourGuideClientRewardsServiceImpl : Service - Distance calculated: 4307.969969175485
2021-11-27 20:34:21.036  INFO 530588 --- [ol-131-thread-2] .t.t.s.TourGuideClientRewardsServiceImpl : Service - Distance calculated: 3243.0649195408396
2021-11-27 20:34:21.036  INFO 530588 --- [ol-118-thread-2] .t.t.s.TourGuideClientRewardsServiceImpl : Service - Distance calculated: 8461.384818489289
2021-11-27 20:34:21.036  INFO 530588 --- [ol-131-thread-2] .t.t.s.TourGuideClientRewardsServiceImpl : Service - Distance calculated: 3561.7955387084003
2021-11-27 20:34:21.036  INFO 530588 --- [ol-131-thread-2] .t.t.s.TourGuideClientRewardsServiceImpl : Service - Calculate rewards points for user: internalUser53
2021-11-27 20:34:21.035  INFO 530588 --- [onPool-worker-9] .t.t.s.TourGuideClientRewardsServiceImpl : Service - Distance calculated: 4925.296148410013
2021-11-27 20:34:21.035  INFO 530588 --- [ool-95-thread-2] .t.t.s.TourGuideClientRewardsServiceImpl : Service - Calculate rewards points for user: internalUser29
2021-11-27 20:34:21.035  INFO 530588 --- [ool-46-thread-2] .t.t.s.TourGuideClientRewardsServiceImpl : Service - Distance calculated: 2282.746325565392
2021-11-27 20:34:21.035  INFO 530588 --- [ool-43-thread-2] .t.t.s.TourGuideClientRewardsServiceImpl : Service - Distance calculated: 2440.177336041544
2021-11-27 20:34:21.036  INFO 530588 --- [onPool-worker-9] .t.t.s.TourGuideClientRewardsServiceImpl : Service - Distance calculated: 5012.354239941497
2021-11-27 20:34:21.035  INFO 530588 --- [ol-130-thread-2] .t.t.s.TourGuideClientRewardsServiceImpl : Service - Distance calculated: 4393.177250416325
2021-11-27 20:34:21.036  INFO 530588 --- [onPool-worker-9] .t.t.s.TourGuideClientRewardsServiceImpl : Service - Distance calculated: 4197.670135063663
2021-11-27 20:34:21.036  INFO 530588 --- [onPool-worker-9] .t.t.s.TourGuideClientRewardsServiceImpl : Service - Distance calculated: 4289.774936691289
2021-11-27 20:34:21.035  INFO 530588 --- [ool-88-thread-2] .t.t.s.TourGuideClientRewardsServiceImpl : Service - Distance calculated: 4591.8458353433125
2021-11-27 20:34:21.036  INFO 530588 --- [onPool-worker-9] .t.t.s.TourGuideClientRewardsServiceImpl : Service - Distance calculated: 4979.585067407942
2021-11-27 20:34:21.035  INFO 530588 --- [ool-70-thread-2] .t.t.s.TourGuideClientRewardsServiceImpl : Service - Distance calculated: 1204.372289719331
2021-11-27 20:34:21.035  INFO 530588 --- [ol-103-thread-2] .t.t.s.TourGuideClientRewardsServiceImpl : Service - Distance calculated: 7852.1703955641915
2021-11-27 20:34:21.037  INFO 530588 --- [onPool-worker-9] .t.t.s.TourGuideClientRewardsServiceImpl : Service - Distance calculated: 3641.2127616187404
2021-11-27 20:34:21.035  INFO 530588 --- [ool-57-thread-2] .t.t.s.TourGuideClientRewardsServiceImpl : Service - Distance calculated: 1742.5694022642394
2021-11-27 20:34:21.037  INFO 530588 --- [onPool-worker-9] .t.t.s.TourGuideClientRewardsServiceImpl : Service - Distance calculated: 3849.3509507152626
2021-11-27 20:34:21.035  INFO 530588 --- [ool-68-thread-2] .t.t.s.TourGuideClientRewardsServiceImpl : Service - Distance calculated: 3936.064715853598
2021-11-27 20:34:21.037  INFO 530588 --- [ool-57-thread-2] .t.t.s.TourGuideClientRewardsServiceImpl : Service - Distance calculated: 1576.7472428725728
2021-11-27 20:34:21.035  INFO 530588 --- [ol-104-thread-2] .t.t.s.TourGuideClientRewardsServiceImpl : Service - Distance calculated: 10966.863165262099
2021-11-27 20:34:21.035  INFO 530588 --- [ool-51-thread-2] .t.t.s.TourGuideClientRewardsServiceImpl : Service - Distance calculated: 8905.176173460244
2021-11-27 20:34:21.037  INFO 530588 --- [ool-68-thread-2] .t.t.s.TourGuideClientRewardsServiceImpl : Service - Distance calculated: 4980.701749839869
2021-11-27 20:34:21.035  INFO 530588 --- [ol-122-thread-2] .t.t.s.TourGuideClientRewardsServiceImpl : Service - Distance calculated: 7062.035865061872
2021-11-27 20:34:21.037  INFO 530588 --- [ool-51-thread-2] .t.t.s.TourGuideClientRewardsServiceImpl : Service - Distance calculated: 8789.968998345315
2021-11-27 20:34:21.035  INFO 530588 --- [onPool-worker-8] .t.t.s.TourGuideClientRewardsServiceImpl : Service - Distance calculated: 3895.579733412804
2021-11-27 20:34:21.035  INFO 530588 --- [nPool-worker-12] .t.t.s.TourGuideClientRewardsServiceImpl : Service - Distance calculated: 10798.793663327719
2021-11-27 20:34:21.035  INFO 530588 --- [nPool-worker-10] .t.t.s.TourGuideClientRewardsServiceImpl : Service - Distance calculated: 9600.708243295489
2021-11-27 20:34:21.037  INFO 530588 --- [nPool-worker-12] .t.t.s.TourGuideClientRewardsServiceImpl : Service - Distance calculated: 10626.886407905075
2021-11-27 20:34:21.035  INFO 530588 --- [onPool-worker-1] .t.t.s.TourGuideClientRewardsServiceImpl : Service - Distance calculated: 8778.126738107101
2021-11-27 20:34:21.037  INFO 530588 --- [onPool-worker-1] .t.t.s.TourGuideClientRewardsServiceImpl : Service - Distance calculated: 8266.337891433563
2021-11-27 20:34:21.037  INFO 530588 --- [onPool-worker-1] .t.t.s.TourGuideClientRewardsServiceImpl : Service - Distance calculated: 8994.417377647118
2021-11-27 20:34:21.035  INFO 530588 --- [nPool-worker-15] .t.t.s.TourGuideClientRewardsServiceImpl : Service - Distance calculated: 5895.403438842469
2021-11-27 20:34:21.035  INFO 530588 --- [onPool-worker-4] .t.t.s.TourGuideClientRewardsServiceImpl : Service - Distance calculated: 7440.350779721417
2021-11-27 20:34:21.037  INFO 530588 --- [nPool-worker-15] .t.t.s.TourGuideClientRewardsServiceImpl : Service - Distance calculated: 4436.751602627377
2021-11-27 20:34:21.035  INFO 530588 --- [onPool-worker-6] .t.t.s.TourGuideClientRewardsServiceImpl : Service - Distance calculated: 10364.017808756755
2021-11-27 20:34:21.037  INFO 530588 --- [nPool-worker-15] .t.t.s.TourGuideClientRewardsServiceImpl : Service - Distance calculated: 4906.376017071424
2021-11-27 20:34:21.037  INFO 530588 --- [nPool-worker-15] .t.t.s.TourGuideClientRewardsServiceImpl : Service - Distance calculated: 5829.214066160174
2021-11-27 20:34:21.035  INFO 530588 --- [ol-140-thread-2] .t.t.s.TourGuideClientRewardsServiceImpl : Service - Distance calculated: 8832.299031287095
2021-11-27 20:34:21.037  INFO 530588 --- [nPool-worker-15] .t.t.s.TourGuideClientRewardsServiceImpl : Service - Distance calculated: 5888.305669813556
2021-11-27 20:34:21.035  INFO 530588 --- [ool-71-thread-2] .t.t.s.TourGuideClientRewardsServiceImpl : Service - Distance calculated: 6280.168283841884
2021-11-27 20:34:21.035  INFO 530588 --- [ol-120-thread-2] .t.t.s.TourGuideClientRewardsServiceImpl : Service - Distance calculated: 7316.486882025627
2021-11-27 20:34:21.035  INFO 530588 --- [onPool-worker-5] .t.t.s.TourGuideClientRewardsServiceImpl : Service - Distance calculated: 5973.568683989776
2021-11-27 20:34:21.037  INFO 530588 --- [ol-120-thread-2] .t.t.s.TourGuideClientRewardsServiceImpl : Service - Distance calculated: 7917.676449609369
2021-11-27 20:34:21.035  INFO 530588 --- [ool-81-thread-2] .t.t.s.TourGuideClientRewardsServiceImpl : Service - Distance calculated: 6478.080444831098
2021-11-27 20:34:21.037  INFO 530588 --- [ol-120-thread-2] .t.t.s.TourGuideClientRewardsServiceImpl : Service - Distance calculated: 7632.20661462707
2021-11-27 20:34:21.035  INFO 530588 --- [ol-102-thread-2] .t.t.s.TourGuideClientRewardsServiceImpl : Service - Distance calculated: 6383.787037620203
2021-11-27 20:34:21.037  INFO 530588 --- [ool-81-thread-2] .t.t.s.TourGuideClientRewardsServiceImpl : Service - Distance calculated: 7052.330023727138
2021-11-27 20:34:21.035  INFO 530588 --- [ool-89-thread-2] .t.t.s.TourGuideClientRewardsServiceImpl : Service - Distance calculated: 4195.456263148948
2021-11-27 20:34:21.037  INFO 530588 --- [ool-81-thread-2] .t.t.s.TourGuideClientRewardsServiceImpl : Service - Distance calculated: 7053.320912094658
2021-11-27 20:34:21.035  INFO 530588 --- [ol-113-thread-2] .t.t.s.TourGuideClientRewardsServiceImpl : Service - Distance calculated: 9205.331030477753
2021-11-27 20:34:21.035  INFO 530588 --- [ol-111-thread-2] .t.t.s.TourGuideClientRewardsServiceImpl : Service - Distance calculated: 10559.925253897292
2021-11-27 20:34:21.037  INFO 530588 --- [ol-113-thread-2] .t.t.s.TourGuideClientRewardsServiceImpl : Service - Distance calculated: 9304.397144389786
2021-11-27 20:34:21.037  INFO 530588 --- [ol-111-thread-2] .t.t.s.TourGuideClientRewardsServiceImpl : Service - Distance calculated: 10463.944342022369
2021-11-27 20:34:21.035  INFO 530588 --- [ool-61-thread-2] .t.t.s.TourGuideClientRewardsServiceImpl : Service - Distance calculated: 10575.858340107683
2021-11-27 20:34:21.036  INFO 530588 --- [ool-67-thread-2] .t.t.s.TourGuideClientRewardsServiceImpl : Service - Distance calculated: 10788.273803478469
2021-11-27 20:34:21.036  INFO 530588 --- [ol-106-thread-2] .t.t.s.TourGuideClientRewardsServiceImpl : Service - Distance calculated: 6195.136603755411
2021-11-27 20:34:21.037  INFO 530588 --- [ool-67-thread-2] .t.t.s.TourGuideClientRewardsServiceImpl : Service - Distance calculated: 11862.393311485726
2021-11-27 20:34:21.036  INFO 530588 --- [ool-74-thread-2] .t.t.s.TourGuideClientRewardsServiceImpl : Service - Distance calculated: 2029.2809504586774
2021-11-27 20:34:21.036  INFO 530588 --- [ol-133-thread-2] .t.t.s.TourGuideClientRewardsServiceImpl : Service - Distance calculated: 5729.675965979669
2021-11-27 20:34:21.037  INFO 530588 --- [ool-74-thread-2] .t.t.s.TourGuideClientRewardsServiceImpl : Service - Calculate rewards points for user: internalUser14
2021-11-27 20:34:21.037  INFO 530588 --- [ol-133-thread-2] .t.t.s.TourGuideClientRewardsServiceImpl : Service - Distance calculated: 5219.83218213572
2021-11-27 20:34:21.036  INFO 530588 --- [ool-63-thread-2] .t.t.s.TourGuideClientRewardsServiceImpl : Service - Distance calculated: 1576.7472428725728
2021-11-27 20:34:21.037  INFO 530588 --- [ol-133-thread-2] .t.t.s.TourGuideClientRewardsServiceImpl : Service - Distance calculated: 5357.27211274735
2021-11-27 20:34:21.036  INFO 530588 --- [ool-55-thread-2] .t.t.s.TourGuideClientRewardsServiceImpl : Service - Distance calculated: 1204.372289719331
2021-11-27 20:34:21.037  INFO 530588 --- [ool-63-thread-2] .t.t.s.TourGuideClientRewardsServiceImpl : Service - Distance calculated: 1921.4807999190489
2021-11-27 20:34:21.036  INFO 530588 --- [ool-92-thread-2] .t.t.s.TourGuideClientRewardsServiceImpl : Service - Distance calculated: 5786.169784433971
2021-11-27 20:34:21.036  INFO 530588 --- [nPool-worker-14] .t.t.s.TourGuideClientRewardsServiceImpl : Service - Distance calculated: 9315.382652794928
2021-11-27 20:34:21.036  INFO 530588 --- [ool-79-thread-2] .t.t.s.TourGuideClientRewardsServiceImpl : Service - Distance calculated: 5026.532939993155
2021-11-27 20:34:21.037  INFO 530588 --- [nPool-worker-14] .t.t.s.TourGuideClientRewardsServiceImpl : Service - Distance calculated: 9637.973997527855
2021-11-27 20:34:21.036  INFO 530588 --- [onPool-worker-3] .t.t.s.TourGuideClientRewardsServiceImpl : Service - Distance calculated: 3840.861938388812
2021-11-27 20:34:21.038  INFO 530588 --- [onPool-worker-3] .t.t.s.TourGuideClientRewardsServiceImpl : Service - Distance calculated: 4065.509464903798
2021-11-27 20:34:21.038  INFO 530588 --- [onPool-worker-3] .t.t.s.TourGuideClientRewardsServiceImpl : Service - Distance calculated: 3627.7164111828524
2021-11-27 20:34:21.038  INFO 530588 --- [onPool-worker-3] .t.t.s.TourGuideClientRewardsServiceImpl : Service - Distance calculated: 3893.3529434823354
2021-11-27 20:34:21.036  INFO 530588 --- [ol-101-thread-2] .t.t.s.TourGuideClientRewardsServiceImpl : Service - Distance calculated: 5609.3391010070645
2021-11-27 20:34:21.036  INFO 530588 --- [nPool-worker-13] .t.t.s.TourGuideClientRewardsServiceImpl : Service - Distance calculated: 9858.903229347523
2021-11-27 20:34:21.038  INFO 530588 --- [ol-101-thread-2] .t.t.s.TourGuideClientRewardsServiceImpl : Service - Distance calculated: 5919.77300989391
2021-11-27 20:34:21.038  INFO 530588 --- [onPool-worker-3] .t.t.s.TourGuideClientRewardsServiceImpl : Service - Distance calculated: 3366.821788935674
2021-11-27 20:34:21.038  INFO 530588 --- [ol-101-thread-2] .t.t.s.TourGuideClientRewardsServiceImpl : Service - Calculate rewards points for user: internalUser21
2021-11-27 20:34:21.038  INFO 530588 --- [onPool-worker-3] .t.t.s.TourGuideClientRewardsServiceImpl : Service - Distance calculated: 4010.1960780698087
2021-11-27 20:34:21.036  INFO 530588 --- [ool-44-thread-2] .t.t.s.TourGuideClientRewardsServiceImpl : Service - Distance calculated: 4289.485760882471
2021-11-27 20:34:21.038  INFO 530588 --- [ool-44-thread-2] .t.t.s.TourGuideClientRewardsServiceImpl : Service - Distance calculated: 4684.667958430615
2021-11-27 20:34:21.038  INFO 530588 --- [ool-44-thread-2] .t.t.s.TourGuideClientRewardsServiceImpl : Service - Distance calculated: 4183.703291468923
2021-11-27 20:34:21.038  INFO 530588 --- [ool-44-thread-2] .t.t.s.TourGuideClientRewardsServiceImpl : Service - Distance calculated: 4463.586637858979
2021-11-27 20:34:21.038  INFO 530588 --- [ool-44-thread-2] .t.t.s.TourGuideClientRewardsServiceImpl : Service - Distance calculated: 3909.20478131018
2021-11-27 20:34:21.038  INFO 530588 --- [ool-44-thread-2] .t.t.s.TourGuideClientRewardsServiceImpl : Service - Distance calculated: 4620.878082919047
2021-11-27 20:34:21.038  INFO 530588 --- [ool-44-thread-2] .t.t.s.TourGuideClientRewardsServiceImpl : Service - Distance calculated: 5116.07289969448
2021-11-27 20:34:21.038  INFO 530588 --- [ool-44-thread-2] .t.t.s.TourGuideClientRewardsServiceImpl : Service - Distance calculated: 4306.389932925579
2021-11-27 20:34:21.038  INFO 530588 --- [ool-44-thread-2] .t.t.s.TourGuideClientRewardsServiceImpl : Service - Distance calculated: 3135.5315513727364
2021-11-27 20:34:21.038  INFO 530588 --- [ool-44-thread-2] .t.t.s.TourGuideClientRewardsServiceImpl : Service - Distance calculated: 4868.346893407806
2021-11-27 20:34:21.038  INFO 530588 --- [ool-44-thread-2] .t.t.s.TourGuideClientRewardsServiceImpl : Service - Distance calculated: 4083.917731748439
2021-11-27 20:34:21.038  INFO 530588 --- [ool-44-thread-2] .t.t.s.TourGuideClientRewardsServiceImpl : Service - Distance calculated: 3305.6944802513462
2021-11-27 20:34:21.038  INFO 530588 --- [ool-44-thread-2] .t.t.s.TourGuideClientRewardsServiceImpl : Service - Distance calculated: 4252.722873417698
2021-11-27 20:34:21.038  INFO 530588 --- [ool-44-thread-2] .t.t.s.TourGuideClientRewardsServiceImpl : Service - Distance calculated: 5.8950310023474215E-5
2021-11-27 20:34:21.036  INFO 530588 --- [ool-60-thread-2] .t.t.s.TourGuideClientRewardsServiceImpl : Service - Distance calculated: 6974.914532128091
2021-11-27 20:34:21.039  INFO 530588 --- [ool-60-thread-2] .t.t.s.TourGuideClientRewardsServiceImpl : Service - Distance calculated: 5396.768103248046
2021-11-27 20:34:21.039  INFO 530588 --- [ool-60-thread-2] .t.t.s.TourGuideClientRewardsServiceImpl : Service - Distance calculated: 6112.381922701232
2021-11-27 20:34:21.039  INFO 530588 --- [ool-60-thread-2] .t.t.s.TourGuideClientRewardsServiceImpl : Service - Distance calculated: 6806.107820197582
2021-11-27 20:34:21.039  INFO 530588 --- [ool-60-thread-2] .t.t.s.TourGuideClientRewardsServiceImpl : Service - Distance calculated: 5856.0417024141225
2021-11-27 20:34:21.039  INFO 530588 --- [ool-60-thread-2] .t.t.s.TourGuideClientRewardsServiceImpl : Service - Distance calculated: 5.8950310023474215E-5
2021-11-27 20:34:21.036  INFO 530588 --- [ol-138-thread-2] .t.t.s.TourGuideClientRewardsServiceImpl : Service - Distance calculated: 9131.528566456893
2021-11-27 20:34:21.039  INFO 530588 --- [ol-138-thread-2] .t.t.s.TourGuideClientRewardsServiceImpl : Service - Distance calculated: 8921.79497007774
2021-11-27 20:34:21.039  INFO 530588 --- [ol-138-thread-2] .t.t.s.TourGuideClientRewardsServiceImpl : Service - Distance calculated: 9493.787569013868
2021-11-27 20:34:21.039  INFO 530588 --- [ol-138-thread-2] .t.t.s.TourGuideClientRewardsServiceImpl : Service - Distance calculated: 9303.327469139382
2021-11-27 20:34:21.039  INFO 530588 --- [ool-44-thread-2] .t.t.s.TourGuideClientRewardsServiceImpl : Service - Distance calculated: 774.5207212649109
2021-11-27 20:34:21.039  INFO 530588 --- [ool-44-thread-2] .t.t.s.TourGuideClientRewardsServiceImpl : Service - Distance calculated: 164.91310606753288
2021-11-27 20:34:21.039  INFO 530588 --- [ool-44-thread-2] .t.t.s.TourGuideClientRewardsServiceImpl : Service - Distance calculated: 115.99464245531166
2021-11-27 20:34:21.036  INFO 530588 --- [onPool-worker-2] .t.t.s.TourGuideClientRewardsServiceImpl : Service - Distance calculated: 4282.269228967882
2021-11-27 20:34:21.036  INFO 530588 --- [ol-117-thread-2] .t.t.s.TourGuideClientRewardsServiceImpl : Service - Distance calculated: 10455.273270770385
2021-11-27 20:34:21.039  INFO 530588 --- [onPool-worker-2] .t.t.s.TourGuideClientRewardsServiceImpl : Service - Distance calculated: 3916.1730325973194
2021-11-27 20:34:21.039  INFO 530588 --- [onPool-worker-2] .t.t.s.TourGuideClientRewardsServiceImpl : Service - Distance calculated: 2771.5489794736545
2021-11-27 20:34:21.039  INFO 530588 --- [ol-117-thread-2] .t.t.s.TourGuideClientRewardsServiceImpl : Service - Distance calculated: 11510.044965774774
2021-11-27 20:34:21.039  INFO 530588 --- [onPool-worker-2] .t.t.s.TourGuideClientRewardsServiceImpl : Service - Distance calculated: 4142.040505217423
2021-11-27 20:34:21.039  INFO 530588 --- [ol-117-thread-2] .t.t.s.TourGuideClientRewardsServiceImpl : Service - Distance calculated: 9655.907690264114
2021-11-27 20:34:21.039  INFO 530588 --- [ol-117-thread-2] .t.t.s.TourGuideClientRewardsServiceImpl : Service - Distance calculated: 9517.2569779345
2021-11-27 20:34:21.039  INFO 530588 --- [ol-117-thread-2] .t.t.s.TourGuideClientRewardsServiceImpl : Service - Distance calculated: 10994.469567720947
2021-11-27 20:34:21.039  INFO 530588 --- [ol-117-thread-2] .t.t.s.TourGuideClientRewardsServiceImpl : Service - Distance calculated: 10611.68189838161
2021-11-27 20:34:21.039  INFO 530588 --- [ol-117-thread-2] .t.t.s.TourGuideClientRewardsServiceImpl : Service - Distance calculated: 9617.34677505911
2021-11-27 20:34:21.039  INFO 530588 --- [ol-117-thread-2] .t.t.s.TourGuideClientRewardsServiceImpl : Service - Distance calculated: 9625.73048071353
2021-11-27 20:34:21.039  INFO 530588 --- [ol-117-thread-2] .t.t.s.TourGuideClientRewardsServiceImpl : Service - Calculate rewards points for user: internalUser47
2021-11-27 20:34:21.039  INFO 530588 --- [onPool-worker-2] .t.t.s.TourGuideClientRewardsServiceImpl : Service - Distance calculated: 3439.8392253338197
2021-11-27 20:34:21.039  INFO 530588 --- [onPool-worker-2] .t.t.s.TourGuideClientRewardsServiceImpl : Service - Distance calculated: 2917.281951105618
2021-11-27 20:34:21.039  INFO 530588 --- [onPool-worker-2] .t.t.s.TourGuideClientRewardsServiceImpl : Service - Distance calculated: 3872.4715270105944
2021-11-27 20:34:21.039  INFO 530588 --- [onPool-worker-2] .t.t.s.TourGuideClientRewardsServiceImpl : Service - Distance calculated: 6407.850589207061
2021-11-27 20:34:21.039  INFO 530588 --- [onPool-worker-2] .t.t.s.TourGuideClientRewardsServiceImpl : Service - Distance calculated: 7037.13697781252
2021-11-27 20:34:21.039  INFO 530588 --- [onPool-worker-2] .t.t.s.TourGuideClientRewardsServiceImpl : Service - Distance calculated: 6571.505498183537
2021-11-27 20:34:21.039  INFO 530588 --- [onPool-worker-2] .t.t.s.TourGuideClientRewardsServiceImpl : Service - Distance calculated: 6513.370771007178
2021-11-27 20:34:21.039  INFO 530588 --- [onPool-worker-2] .t.t.s.TourGuideClientRewardsServiceImpl : Service - Distance calculated: 7791.000671634381
2021-11-27 20:34:21.039  INFO 530588 --- [onPool-worker-2] .t.t.s.TourGuideClientRewardsServiceImpl : Service - Distance calculated: 7750.503036627106
2021-11-27 20:34:21.039  INFO 530588 --- [onPool-worker-2] .t.t.s.TourGuideClientRewardsServiceImpl : Service - Distance calculated: 6746.289616771372
2021-11-27 20:34:21.039  INFO 530588 --- [nPool-worker-11] .t.t.s.TourGuideClientRewardsServiceImpl : Service - Distance calculated: 2686.7947752619066
2021-11-27 20:34:21.036  INFO 530588 --- [ol-118-thread-2] .t.t.s.TourGuideClientRewardsServiceImpl : Service - Distance calculated: 9235.790755322281
2021-11-27 20:34:21.039  INFO 530588 --- [nPool-worker-11] .t.t.s.TourGuideClientRewardsServiceImpl : Service - Distance calculated: 2330.759101860756
2021-11-27 20:34:21.036  INFO 530588 --- [ool-46-thread-2] .t.t.s.TourGuideClientRewardsServiceImpl : Service - Distance calculated: 2289.4339721013357
2021-11-27 20:34:21.036  INFO 530588 --- [ool-43-thread-2] .t.t.s.TourGuideClientRewardsServiceImpl : Service - Distance calculated: 2168.830527042806
2021-11-27 20:34:21.039  INFO 530588 --- [ool-46-thread-2] .t.t.s.TourGuideClientRewardsServiceImpl : Service - Distance calculated: 1204.372289719331
2021-11-27 20:34:21.039  INFO 530588 --- [ool-46-thread-2] .t.t.s.TourGuideClientRewardsServiceImpl : Service - Distance calculated: 1742.5694022642394
2021-11-27 20:34:21.039  INFO 530588 --- [ool-46-thread-2] .t.t.s.TourGuideClientRewardsServiceImpl : Service - Distance calculated: 1576.7472428725728
2021-11-27 20:34:21.039  INFO 530588 --- [ool-46-thread-2] .t.t.s.TourGuideClientRewardsServiceImpl : Service - Distance calculated: 1921.4807999190489
2021-11-27 20:34:21.039  INFO 530588 --- [ool-46-thread-2] .t.t.s.TourGuideClientRewardsServiceImpl : Service - Distance calculated: 1277.6245433336508
2021-11-27 20:34:21.039  INFO 530588 --- [ool-46-thread-2] .t.t.s.TourGuideClientRewardsServiceImpl : Service - Distance calculated: 87.03441722159666
2021-11-27 20:34:21.039  INFO 530588 --- [ool-46-thread-2] .t.t.s.TourGuideClientRewardsServiceImpl : Service - Distance calculated: 2127.2478407793283
2021-11-27 20:34:21.039  INFO 530588 --- [ool-46-thread-2] .t.t.s.TourGuideClientRewardsServiceImpl : Service - Distance calculated: 2578.910516018122
2021-11-27 20:34:21.039  INFO 530588 --- [ool-46-thread-2] .t.t.s.TourGuideClientRewardsServiceImpl : Service - Distance calculated: 680.6158831369517
2021-11-27 20:34:21.039  INFO 530588 --- [ool-46-thread-2] .t.t.s.TourGuideClientRewardsServiceImpl : Service - Distance calculated: 1344.090272349311
2021-11-27 20:34:21.039  INFO 530588 --- [ool-46-thread-2] .t.t.s.TourGuideClientRewardsServiceImpl : Service - Distance calculated: 2440.177336041544
2021-11-27 20:34:21.039  INFO 530588 --- [ool-46-thread-2] .t.t.s.TourGuideClientRewardsServiceImpl : Service - Distance calculated: 2168.830527042806
2021-11-27 20:34:21.039  INFO 530588 --- [ool-46-thread-2] .t.t.s.TourGuideClientRewardsServiceImpl : Service - Calculate rewards points for user: internalUser74
2021-11-27 20:34:21.039  INFO 530588 --- [ool-60-thread-2] .t.t.s.TourGuideClientRewardsServiceImpl : Service - Distance calculated: 774.5207212649109
2021-11-27 20:34:21.040  INFO 530588 --- [ool-60-thread-2] .t.t.s.TourGuideClientRewardsServiceImpl : Service - Distance calculated: 164.91310606753288
2021-11-27 20:34:21.036  INFO 530588 --- [ol-130-thread-2] .t.t.s.TourGuideClientRewardsServiceImpl : Service - Distance calculated: 4604.413169403287
2021-11-27 20:34:21.040  INFO 530588 --- [ool-60-thread-2] .t.t.s.TourGuideClientRewardsServiceImpl : Service - Distance calculated: 115.99464245531166
2021-11-27 20:34:21.040  INFO 530588 --- [ool-60-thread-2] .t.t.s.TourGuideClientRewardsServiceImpl : Service - Distance calculated: 1428.8577204882306
2021-11-27 20:34:21.040  INFO 530588 --- [ool-60-thread-2] .t.t.s.TourGuideClientRewardsServiceImpl : Service - Distance calculated: 1418.571827418631
2021-11-27 20:34:21.040  INFO 530588 --- [ool-60-thread-2] .t.t.s.TourGuideClientRewardsServiceImpl : Service - Distance calculated: 460.11990361699293
2021-11-27 20:34:21.036  INFO 530588 --- [ool-88-thread-2] .t.t.s.TourGuideClientRewardsServiceImpl : Service - Distance calculated: 4671.429318196228
2021-11-27 20:34:21.040  INFO 530588 --- [ool-60-thread-2] .t.t.s.TourGuideClientRewardsServiceImpl : Service - Distance calculated: 1992.7911930022951
2021-11-27 20:34:21.040  INFO 530588 --- [ool-60-thread-2] .t.t.s.TourGuideClientRewardsServiceImpl : Service - Distance calculated: 1906.7972782801585
2021-11-27 20:34:21.037  INFO 530588 --- [ool-70-thread-2] .t.t.s.TourGuideClientRewardsServiceImpl : Service - Distance calculated: 1742.5694022642394
2021-11-27 20:34:21.040  INFO 530588 --- [ool-60-thread-2] .t.t.s.TourGuideClientRewardsServiceImpl : Service - Distance calculated: 2360.645624935619
2021-11-27 20:34:21.040  INFO 530588 --- [ool-70-thread-2] .t.t.s.TourGuideClientRewardsServiceImpl : Service - Distance calculated: 1576.7472428725728
2021-11-27 20:34:21.040  INFO 530588 --- [ool-70-thread-2] .t.t.s.TourGuideClientRewardsServiceImpl : Service - Distance calculated: 1921.4807999190489
2021-11-27 20:34:21.040  INFO 530588 --- [ool-70-thread-2] .t.t.s.TourGuideClientRewardsServiceImpl : Service - Distance calculated: 1277.6245433336508
2021-11-27 20:34:21.040  INFO 530588 --- [ool-70-thread-2] .t.t.s.TourGuideClientRewardsServiceImpl : Service - Distance calculated: 87.03441722159666
2021-11-27 20:34:21.037  INFO 530588 --- [ol-103-thread-2] .t.t.s.TourGuideClientRewardsServiceImpl : Service - Distance calculated: 6999.982023937428
2021-11-27 20:34:21.040  INFO 530588 --- [ol-103-thread-2] .t.t.s.TourGuideClientRewardsServiceImpl : Service - Distance calculated: 6835.990851072493
2021-11-27 20:34:21.040  INFO 530588 --- [ol-103-thread-2] .t.t.s.TourGuideClientRewardsServiceImpl : Service - Calculate rewards points for user: internalUser38
2021-11-27 20:34:21.037  INFO 530588 --- [onPool-worker-9] .t.t.s.TourGuideClientRewardsServiceImpl : Service - Distance calculated: 3919.8028808493873
2021-11-27 20:34:21.040  INFO 530588 --- [onPool-worker-9] .t.t.s.TourGuideClientRewardsServiceImpl : Service - Distance calculated: 3315.5265839000963
2021-11-27 20:34:21.040  INFO 530588 --- [onPool-worker-7] .t.t.s.TourGuideClientRewardsServiceImpl : Service - Distance calculated: 6166.585690275787
2021-11-27 20:34:21.040  INFO 530588 --- [onPool-worker-9] .t.t.s.TourGuideClientRewardsServiceImpl : Service - Distance calculated: 3544.8798639205934
2021-11-27 20:34:21.040  INFO 530588 --- [onPool-worker-7] .t.t.s.TourGuideClientRewardsServiceImpl : Service - Distance calculated: 6022.646933611648
2021-11-27 20:34:21.040  INFO 530588 --- [onPool-worker-9] .t.t.s.TourGuideClientRewardsServiceImpl : Service - Distance calculated: 3515.776092331664
2021-11-27 20:34:21.040  INFO 530588 --- [onPool-worker-7] .t.t.s.TourGuideClientRewardsServiceImpl : Service - Distance calculated: 6062.630895262312
2021-11-27 20:34:21.040  INFO 530588 --- [onPool-worker-9] .t.t.s.TourGuideClientRewardsServiceImpl : Service - Distance calculated: 4289.485760882471
2021-11-27 20:34:21.040  INFO 530588 --- [onPool-worker-7] .t.t.s.TourGuideClientRewardsServiceImpl : Service - Distance calculated: 6057.123882123215
2021-11-27 20:34:21.040  INFO 530588 --- [onPool-worker-9] .t.t.s.TourGuideClientRewardsServiceImpl : Service - Distance calculated: 4684.667958430615
2021-11-27 20:34:21.040  INFO 530588 --- [onPool-worker-7] .t.t.s.TourGuideClientRewardsServiceImpl : Service - Distance calculated: 4933.631343275811
2021-11-27 20:34:21.037  INFO 530588 --- [ool-57-thread-2] .t.t.s.TourGuideClientRewardsServiceImpl : Service - Distance calculated: 1921.4807999190489
2021-11-27 20:34:21.040  INFO 530588 --- [onPool-worker-7] .t.t.s.TourGuideClientRewardsServiceImpl : Service - Distance calculated: 4892.6703316849
2021-11-27 20:34:21.037  INFO 530588 --- [ol-104-thread-2] .t.t.s.TourGuideClientRewardsServiceImpl : Service - Distance calculated: 10341.72181162403
2021-11-27 20:34:21.037  INFO 530588 --- [ool-68-thread-2] .t.t.s.TourGuideClientRewardsServiceImpl : Service - Distance calculated: 6064.245783248349
2021-11-27 20:34:21.040  INFO 530588 --- [ool-68-thread-2] .t.t.s.TourGuideClientRewardsServiceImpl : Service - Distance calculated: 4172.058849722304
2021-11-27 20:34:21.037  INFO 530588 --- [ol-122-thread-2] .t.t.s.TourGuideClientRewardsServiceImpl : Service - Distance calculated: 6853.725382595554
2021-11-27 20:34:21.040  INFO 530588 --- [ool-68-thread-2] .t.t.s.TourGuideClientRewardsServiceImpl : Service - Distance calculated: 4976.266448317847
2021-11-27 20:34:21.037  INFO 530588 --- [ool-51-thread-2] .t.t.s.TourGuideClientRewardsServiceImpl : Service - Distance calculated: 8858.962749384606
2021-11-27 20:34:21.040  INFO 530588 --- [ool-68-thread-2] .t.t.s.TourGuideClientRewardsServiceImpl : Service - Distance calculated: 5889.164239039283
2021-11-27 20:34:21.040  INFO 530588 --- [ool-68-thread-2] .t.t.s.TourGuideClientRewardsServiceImpl : Service - Distance calculated: 5040.859791578154
2021-11-27 20:34:21.040  INFO 530588 --- [ool-68-thread-2] .t.t.s.TourGuideClientRewardsServiceImpl : Service - Distance calculated: 9918.128068496735
2021-11-27 20:34:21.040  INFO 530588 --- [ool-68-thread-2] .t.t.s.TourGuideClientRewardsServiceImpl : Service - Distance calculated: 9888.718965954515
2021-11-27 20:34:21.040  INFO 530588 --- [ool-68-thread-2] .t.t.s.TourGuideClientRewardsServiceImpl : Service - Distance calculated: 9850.355346337255
2021-11-27 20:34:21.037  INFO 530588 --- [onPool-worker-8] .t.t.s.TourGuideClientRewardsServiceImpl : Service - Distance calculated: 4723.2741789633765
2021-11-27 20:34:21.037  INFO 530588 --- [nPool-worker-10] .t.t.s.TourGuideClientRewardsServiceImpl : Service - Distance calculated: 8973.66125522741
2021-11-27 20:34:21.040  INFO 530588 --- [onPool-worker-8] .t.t.s.TourGuideClientRewardsServiceImpl : Service - Distance calculated: 4462.704026843685
2021-11-27 20:34:21.037  INFO 530588 --- [nPool-worker-12] .t.t.s.TourGuideClientRewardsServiceImpl : Service - Distance calculated: 9344.550945955389
2021-11-27 20:34:21.040  INFO 530588 --- [onPool-worker-8] .t.t.s.TourGuideClientRewardsServiceImpl : Service - Distance calculated: 4279.91125828099
2021-11-27 20:34:21.040  INFO 530588 --- [nPool-worker-12] .t.t.s.TourGuideClientRewardsServiceImpl : Service - Distance calculated: 9870.343021988745
2021-11-27 20:34:21.040  INFO 530588 --- [onPool-worker-8] .t.t.s.TourGuideClientRewardsServiceImpl : Service - Distance calculated: 4467.366977896458
2021-11-27 20:34:21.040  INFO 530588 --- [nPool-worker-12] .t.t.s.TourGuideClientRewardsServiceImpl : Service - Distance calculated: 10640.36290435211
2021-11-27 20:34:21.041  INFO 530588 --- [nPool-worker-12] .t.t.s.TourGuideClientRewardsServiceImpl : Service - Distance calculated: 10839.867098685054
2021-11-27 20:34:21.041  INFO 530588 --- [nPool-worker-12] .t.t.s.TourGuideClientRewardsServiceImpl : Service - Distance calculated: 7113.49826689987
2021-11-27 20:34:21.037  INFO 530588 --- [onPool-worker-1] .t.t.s.TourGuideClientRewardsServiceImpl : Service - Distance calculated: 8377.838371540583
2021-11-27 20:34:21.041  INFO 530588 --- [onPool-worker-1] .t.t.s.TourGuideClientRewardsServiceImpl : Service - Distance calculated: 8288.454989328273
2021-11-27 20:34:21.037  INFO 530588 --- [onPool-worker-4] .t.t.s.TourGuideClientRewardsServiceImpl : Service - Distance calculated: 7753.471116157769
2021-11-27 20:34:21.041  INFO 530588 --- [onPool-worker-1] .t.t.s.TourGuideClientRewardsServiceImpl : Service - Distance calculated: 8653.211543958274
2021-11-27 20:34:21.037  INFO 530588 --- [onPool-worker-6] .t.t.s.TourGuideClientRewardsServiceImpl : Service - Distance calculated: 10102.188045899187
2021-11-27 20:34:21.041  INFO 530588 --- [onPool-worker-4] .t.t.s.TourGuideClientRewardsServiceImpl : Service - Distance calculated: 6692.897612083552
2021-11-27 20:34:21.041  INFO 530588 --- [onPool-worker-4] .t.t.s.TourGuideClientRewardsServiceImpl : Service - Distance calculated: 7152.243574076768
2021-11-27 20:34:21.037  INFO 530588 --- [nPool-worker-15] .t.t.s.TourGuideClientRewardsServiceImpl : Service - Distance calculated: 9315.906351378851
2021-11-27 20:34:21.041  INFO 530588 --- [nPool-worker-15] .t.t.s.TourGuideClientRewardsServiceImpl : Service - Distance calculated: 10078.867891757005
2021-11-27 20:34:21.041  INFO 530588 --- [nPool-worker-15] .t.t.s.TourGuideClientRewardsServiceImpl : Service - Distance calculated: 9446.170588837904
2021-11-27 20:34:21.037  INFO 530588 --- [ol-140-thread-2] .t.t.s.TourGuideClientRewardsServiceImpl : Service - Distance calculated: 8848.782080085932
2021-11-27 20:34:21.037  INFO 530588 --- [ool-71-thread-2] .t.t.s.TourGuideClientRewardsServiceImpl : Service - Distance calculated: 5300.50868105329
2021-11-27 20:34:21.041  INFO 530588 --- [ol-140-thread-2] .t.t.s.TourGuideClientRewardsServiceImpl : Service - Distance calculated: 9889.463435925865
2021-11-27 20:34:21.041  INFO 530588 --- [ool-71-thread-2] .t.t.s.TourGuideClientRewardsServiceImpl : Service - Distance calculated: 5930.606404602576
2021-11-27 20:34:21.041  INFO 530588 --- [ol-140-thread-2] .t.t.s.TourGuideClientRewardsServiceImpl : Service - Distance calculated: 8892.874563350213
2021-11-27 20:34:21.041  INFO 530588 --- [ool-71-thread-2] .t.t.s.TourGuideClientRewardsServiceImpl : Service - Distance calculated: 5676.343743462235
2021-11-27 20:34:21.041  INFO 530588 --- [ol-140-thread-2] .t.t.s.TourGuideClientRewardsServiceImpl : Service - Distance calculated: 9506.146989575134
2021-11-27 20:34:21.041  INFO 530588 --- [ool-71-thread-2] .t.t.s.TourGuideClientRewardsServiceImpl : Service - Distance calculated: 6172.722249793316
2021-11-27 20:34:21.041  INFO 530588 --- [ol-140-thread-2] .t.t.s.TourGuideClientRewardsServiceImpl : Service - Distance calculated: 9778.069465717961
2021-11-27 20:34:21.037  INFO 530588 --- [onPool-worker-5] .t.t.s.TourGuideClientRewardsServiceImpl : Service - Distance calculated: 2616.8936296314805
2021-11-27 20:34:21.041  INFO 530588 --- [ol-140-thread-2] .t.t.s.TourGuideClientRewardsServiceImpl : Service - Distance calculated: 8882.226884963824
2021-11-27 20:34:21.041  INFO 530588 --- [onPool-worker-5] .t.t.s.TourGuideClientRewardsServiceImpl : Service - Distance calculated: 2776.78048410041
2021-11-27 20:34:21.041  INFO 530588 --- [ol-140-thread-2] .t.t.s.TourGuideClientRewardsServiceImpl : Service - Calculate rewards points for user: internalUser64
2021-11-27 20:34:21.037  INFO 530588 --- [ol-120-thread-2] .t.t.s.TourGuideClientRewardsServiceImpl : Service - Distance calculated: 8193.670629640264
2021-11-27 20:34:21.041  INFO 530588 --- [ol-120-thread-2] .t.t.s.TourGuideClientRewardsServiceImpl : Service - Distance calculated: 7395.605925812548
2021-11-27 20:34:21.037  INFO 530588 --- [ol-102-thread-2] .t.t.s.TourGuideClientRewardsServiceImpl : Service - Distance calculated: 6374.567647241906
2021-11-27 20:34:21.041  INFO 530588 --- [ol-120-thread-2] .t.t.s.TourGuideClientRewardsServiceImpl : Service - Distance calculated: 6581.886741588167
2021-11-27 20:34:21.041  INFO 530588 --- [ol-120-thread-2] .t.t.s.TourGuideClientRewardsServiceImpl : Service - Distance calculated: 7964.621304011298
2021-11-27 20:34:21.041  INFO 530588 --- [ol-102-thread-2] .t.t.s.TourGuideClientRewardsServiceImpl : Service - Distance calculated: 6157.594875615897
2021-11-27 20:34:21.041  INFO 530588 --- [ol-120-thread-2] .t.t.s.TourGuideClientRewardsServiceImpl : Service - Distance calculated: 9004.510178372357
2021-11-27 20:34:21.037  INFO 530588 --- [ool-81-thread-2] .t.t.s.TourGuideClientRewardsServiceImpl : Service - Distance calculated: 6950.232718694278
2021-11-27 20:34:21.041  INFO 530588 --- [ool-81-thread-2] .t.t.s.TourGuideClientRewardsServiceImpl : Service - Distance calculated: 5782.3032019889015
2021-11-27 20:34:21.041  INFO 530588 --- [ool-81-thread-2] .t.t.s.TourGuideClientRewardsServiceImpl : Service - Distance calculated: 7084.52029825587
2021-11-27 20:34:21.037  INFO 530588 --- [ool-89-thread-2] .t.t.s.TourGuideClientRewardsServiceImpl : Service - Distance calculated: 4266.182214301876
2021-11-27 20:34:21.041  INFO 530588 --- [ool-89-thread-2] .t.t.s.TourGuideClientRewardsServiceImpl : Service - Distance calculated: 3796.2676498307187
2021-11-27 20:34:21.041  INFO 530588 --- [ool-89-thread-2] .t.t.s.TourGuideClientRewardsServiceImpl : Service - Distance calculated: 4314.342114229236
2021-11-27 20:34:21.041  INFO 530588 --- [ool-89-thread-2] .t.t.s.TourGuideClientRewardsServiceImpl : Service - Distance calculated: 4418.945918497927
2021-11-27 20:34:21.041  INFO 530588 --- [ool-89-thread-2] .t.t.s.TourGuideClientRewardsServiceImpl : Service - Distance calculated: 1200.856854929364
2021-11-27 20:34:21.041  INFO 530588 --- [ool-89-thread-2] .t.t.s.TourGuideClientRewardsServiceImpl : Service - Distance calculated: 4520.39934821362
2021-11-27 20:34:21.041  INFO 530588 --- [ool-89-thread-2] .t.t.s.TourGuideClientRewardsServiceImpl : Service - Distance calculated: 4406.344467264221
2021-11-27 20:34:21.041  INFO 530588 --- [ool-89-thread-2] .t.t.s.TourGuideClientRewardsServiceImpl : Service - Distance calculated: 4538.031041296464
2021-11-27 20:34:21.041  INFO 530588 --- [ool-89-thread-2] .t.t.s.TourGuideClientRewardsServiceImpl : Service - Distance calculated: 5134.887449378671
2021-11-27 20:34:21.037  INFO 530588 --- [ol-113-thread-2] .t.t.s.TourGuideClientRewardsServiceImpl : Service - Distance calculated: 9103.410788201456
2021-11-27 20:34:21.037  INFO 530588 --- [ol-111-thread-2] .t.t.s.TourGuideClientRewardsServiceImpl : Service - Distance calculated: 10773.873257142173
2021-11-27 20:34:21.041  INFO 530588 --- [ol-113-thread-2] .t.t.s.TourGuideClientRewardsServiceImpl : Service - Distance calculated: 9580.824875869377
2021-11-27 20:34:21.037  INFO 530588 --- [ol-106-thread-2] .t.t.s.TourGuideClientRewardsServiceImpl : Service - Distance calculated: 6395.9114716193835
2021-11-27 20:34:21.041  INFO 530588 --- [ol-113-thread-2] .t.t.s.TourGuideClientRewardsServiceImpl : Service - Distance calculated: 10736.119158676773
2021-11-27 20:34:21.041  INFO 530588 --- [ol-106-thread-2] .t.t.s.TourGuideClientRewardsServiceImpl : Service - Distance calculated: 5808.499924735337
2021-11-27 20:34:21.041  INFO 530588 --- [ol-113-thread-2] .t.t.s.TourGuideClientRewardsServiceImpl : Service - Distance calculated: 8766.962578965999
2021-11-27 20:34:21.041  INFO 530588 --- [ol-106-thread-2] .t.t.s.TourGuideClientRewardsServiceImpl : Service - Distance calculated: 6750.085265958641
2021-11-27 20:34:21.041  INFO 530588 --- [ol-113-thread-2] .t.t.s.TourGuideClientRewardsServiceImpl : Service - Distance calculated: 8667.554169169422
2021-11-27 20:34:21.041  INFO 530588 --- [ol-106-thread-2] .t.t.s.TourGuideClientRewardsServiceImpl : Service - Distance calculated: 5824.955612290863
2021-11-27 20:34:21.041  INFO 530588 --- [ol-113-thread-2] .t.t.s.TourGuideClientRewardsServiceImpl : Service - Distance calculated: 10147.658228704857
2021-11-27 20:34:21.041  INFO 530588 --- [ol-113-thread-2] .t.t.s.TourGuideClientRewardsServiceImpl : Service - Distance calculated: 9720.480074489364
2021-11-27 20:34:21.041  INFO 530588 --- [ol-113-thread-2] .t.t.s.TourGuideClientRewardsServiceImpl : Service - Distance calculated: 8754.770000370345
2021-11-27 20:34:21.041  INFO 530588 --- [ol-113-thread-2] .t.t.s.TourGuideClientRewardsServiceImpl : Service - Distance calculated: 8735.409436415666
2021-11-27 20:34:21.041  INFO 530588 --- [ol-113-thread-2] .t.t.s.TourGuideClientRewardsServiceImpl : Service - Calculate rewards points for user: internalUser49
2021-11-27 20:34:21.037  INFO 530588 --- [ool-67-thread-2] .t.t.s.TourGuideClientRewardsServiceImpl : Service - Distance calculated: 10987.148153667193
2021-11-27 20:34:21.042  INFO 530588 --- [ool-67-thread-2] .t.t.s.TourGuideClientRewardsServiceImpl : Service - Calculate rewards points for user: internalUser16
2021-11-27 20:34:21.037  INFO 530588 --- [ool-61-thread-2] .t.t.s.TourGuideClientRewardsServiceImpl : Service - Distance calculated: 9876.13684714287
2021-11-27 20:34:21.037  INFO 530588 --- [ol-133-thread-2] .t.t.s.TourGuideClientRewardsServiceImpl : Service - Distance calculated: 5100.710610891351
2021-11-27 20:34:21.042  INFO 530588 --- [ool-61-thread-2] .t.t.s.TourGuideClientRewardsServiceImpl : Service - Distance calculated: 10318.804161169364
2021-11-27 20:34:21.042  INFO 530588 --- [ol-133-thread-2] .t.t.s.TourGuideClientRewardsServiceImpl : Service - Distance calculated: 5655.213864780226
2021-11-27 20:34:21.042  INFO 530588 --- [ool-61-thread-2] .t.t.s.TourGuideClientRewardsServiceImpl : Service - Distance calculated: 10419.938816980628
2021-11-27 20:34:21.042  INFO 530588 --- [ol-133-thread-2] .t.t.s.TourGuideClientRewardsServiceImpl : Service - Distance calculated: 6883.315428746034
2021-11-27 20:34:21.042  INFO 530588 --- [ool-61-thread-2] .t.t.s.TourGuideClientRewardsServiceImpl : Service - Distance calculated: 10277.609222948624
2021-11-27 20:34:21.042  INFO 530588 --- [ol-133-thread-2] .t.t.s.TourGuideClientRewardsServiceImpl : Service - Distance calculated: 4807.341344628522
2021-11-27 20:34:21.042  INFO 530588 --- [ool-61-thread-2] .t.t.s.TourGuideClientRewardsServiceImpl : Service - Distance calculated: 10540.70064545566
2021-11-27 20:34:21.042  INFO 530588 --- [ol-133-thread-2] .t.t.s.TourGuideClientRewardsServiceImpl : Service - Distance calculated: 4717.38728903561
2021-11-27 20:34:21.042  INFO 530588 --- [ool-61-thread-2] .t.t.s.TourGuideClientRewardsServiceImpl : Service - Distance calculated: 10334.096191361958
2021-11-27 20:34:21.042  INFO 530588 --- [ol-133-thread-2] .t.t.s.TourGuideClientRewardsServiceImpl : Service - Distance calculated: 6255.060027548846
2021-11-27 20:34:21.042  INFO 530588 --- [ool-61-thread-2] .t.t.s.TourGuideClientRewardsServiceImpl : Service - Distance calculated: 10383.094371512416
2021-11-27 20:34:21.042  INFO 530588 --- [ol-133-thread-2] .t.t.s.TourGuideClientRewardsServiceImpl : Service - Distance calculated: 5718.299786756604
2021-11-27 20:34:21.042  INFO 530588 --- [ool-61-thread-2] .t.t.s.TourGuideClientRewardsServiceImpl : Service - Distance calculated: 9992.783178444219
2021-11-27 20:34:21.042  INFO 530588 --- [ol-133-thread-2] .t.t.s.TourGuideClientRewardsServiceImpl : Service - Distance calculated: 4780.489145645431
2021-11-27 20:34:21.042  INFO 530588 --- [ool-61-thread-2] .t.t.s.TourGuideClientRewardsServiceImpl : Service - Distance calculated: 10616.501793837582
2021-11-27 20:34:21.042  INFO 530588 --- [ool-61-thread-2] .t.t.s.TourGuideClientRewardsServiceImpl : Service - Distance calculated: 10421.828191419589
2021-11-27 20:34:21.042  INFO 530588 --- [ool-61-thread-2] .t.t.s.TourGuideClientRewardsServiceImpl : Service - Distance calculated: 10895.277341109057
2021-11-27 20:34:21.042  INFO 530588 --- [ool-61-thread-2] .t.t.s.TourGuideClientRewardsServiceImpl : Service - Distance calculated: 10611.601373768675
2021-11-27 20:34:21.042  INFO 530588 --- [ool-61-thread-2] .t.t.s.TourGuideClientRewardsServiceImpl : Service - Distance calculated: 10003.824262231283
2021-11-27 20:34:21.037  INFO 530588 --- [ool-55-thread-2] .t.t.s.TourGuideClientRewardsServiceImpl : Service - Distance calculated: 1742.5694022642394
2021-11-27 20:34:21.037  INFO 530588 --- [ool-63-thread-2] .t.t.s.TourGuideClientRewardsServiceImpl : Service - Distance calculated: 1277.6245433336508
2021-11-27 20:34:21.037  INFO 530588 --- [ool-92-thread-2] .t.t.s.TourGuideClientRewardsServiceImpl : Service - Distance calculated: 5156.579109707123
2021-11-27 20:34:21.042  INFO 530588 --- [ool-92-thread-2] .t.t.s.TourGuideClientRewardsServiceImpl : Service - Distance calculated: 5069.579828411126
2021-11-27 20:34:21.043  INFO 530588 --- [ool-92-thread-2] .t.t.s.TourGuideClientRewardsServiceImpl : Service - Distance calculated: 5966.4175578952645
2021-11-27 20:34:21.037  INFO 530588 --- [ool-79-thread-2] .t.t.s.TourGuideClientRewardsServiceImpl : Service - Distance calculated: 3335.9731530158947
2021-11-27 20:34:21.038  INFO 530588 --- [nPool-worker-14] .t.t.s.TourGuideClientRewardsServiceImpl : Service - Distance calculated: 10140.769167750648
2021-11-27 20:34:21.043  INFO 530588 --- [ool-79-thread-2] .t.t.s.TourGuideClientRewardsServiceImpl : Service - Distance calculated: 2458.6502114496384
2021-11-27 20:34:21.038  INFO 530588 --- [nPool-worker-13] .t.t.s.TourGuideClientRewardsServiceImpl : Service - Distance calculated: 9010.350523713578
2021-11-27 20:34:21.043  INFO 530588 --- [ool-79-thread-2] .t.t.s.TourGuideClientRewardsServiceImpl : Service - Distance calculated: 4517.604235775669
2021-11-27 20:34:21.043  INFO 530588 --- [ool-79-thread-2] .t.t.s.TourGuideClientRewardsServiceImpl : Service - Distance calculated: 3702.812679572232
2021-11-27 20:34:21.043  INFO 530588 --- [nPool-worker-13] .t.t.s.TourGuideClientRewardsServiceImpl : Service - Distance calculated: 10072.449585536482
2021-11-27 20:34:21.043  INFO 530588 --- [ool-79-thread-2] .t.t.s.TourGuideClientRewardsServiceImpl : Service - Distance calculated: 2612.921979373056
2021-11-27 20:34:21.043  INFO 530588 --- [nPool-worker-13] .t.t.s.TourGuideClientRewardsServiceImpl : Service - Distance calculated: 10846.836037657627
2021-11-27 20:34:21.044  INFO 530588 --- [nPool-worker-13] .t.t.s.TourGuideClientRewardsServiceImpl : Service - Distance calculated: 10215.202893496313
2021-11-27 20:34:21.044  INFO 530588 --- [nPool-worker-13] .t.t.s.TourGuideClientRewardsServiceImpl : Service - Distance calculated: 10127.201273816245
2021-11-27 20:34:21.044  INFO 530588 --- [nPool-worker-13] .t.t.s.TourGuideClientRewardsServiceImpl : Service - Distance calculated: 10653.550126391565
2021-11-27 20:34:21.044  INFO 530588 --- [nPool-worker-13] .t.t.s.TourGuideClientRewardsServiceImpl : Service - Distance calculated: 10551.265721836353
2021-11-27 20:34:21.044  INFO 530588 --- [nPool-worker-13] .t.t.s.TourGuideClientRewardsServiceImpl : Service - Distance calculated: 10123.545277328642
2021-11-27 20:34:21.044  INFO 530588 --- [nPool-worker-13] .t.t.s.TourGuideClientRewardsServiceImpl : Service - Distance calculated: 10938.57023608192
2021-11-27 20:34:21.044  INFO 530588 --- [nPool-worker-13] .t.t.s.TourGuideClientRewardsServiceImpl : Service - Distance calculated: 10751.426109639713
2021-11-27 20:34:21.044  INFO 530588 --- [nPool-worker-13] .t.t.s.TourGuideClientRewardsServiceImpl : Service - Distance calculated: 10407.82146917733
2021-11-27 20:34:21.044  INFO 530588 --- [nPool-worker-13] .t.t.s.TourGuideClientRewardsServiceImpl : Service - Distance calculated: 10911.204811354819
2021-11-27 20:34:21.044  INFO 530588 --- [nPool-worker-13] .t.t.s.TourGuideClientRewardsServiceImpl : Service - Distance calculated: 10917.202103581847
2021-11-27 20:34:21.044  INFO 530588 --- [nPool-worker-13] .t.t.s.TourGuideClientRewardsServiceImpl : Service - Distance calculated: 10825.334985846326
2021-11-27 20:34:21.044  INFO 530588 --- [nPool-worker-13] .t.t.s.TourGuideClientRewardsServiceImpl : Service - Distance calculated: 10029.468134043234
2021-11-27 20:34:21.038  INFO 530588 --- [onPool-worker-3] .t.t.s.TourGuideClientRewardsServiceImpl : Service - Distance calculated: 4382.808090624064
2021-11-27 20:34:21.044  INFO 530588 --- [nPool-worker-13] .t.t.s.TourGuideClientRewardsServiceImpl : Service - Distance calculated: 10220.751401284293
2021-11-27 20:34:21.039  INFO 530588 --- [ol-138-thread-2] .t.t.s.TourGuideClientRewardsServiceImpl : Service - Distance calculated: 10686.041636154816
2021-11-27 20:34:21.044  INFO 530588 --- [nPool-worker-13] .t.t.s.TourGuideClientRewardsServiceImpl : Service - Distance calculated: 10482.974423999216
2021-11-27 20:34:21.044  INFO 530588 --- [onPool-worker-3] .t.t.s.TourGuideClientRewardsServiceImpl : Service - Distance calculated: 3827.365418242731
2021-11-27 20:34:21.044  INFO 530588 --- [ol-138-thread-2] .t.t.s.TourGuideClientRewardsServiceImpl : Service - Distance calculated: 9525.484142113815
2021-11-27 20:34:21.044  INFO 530588 --- [onPool-worker-3] .t.t.s.TourGuideClientRewardsServiceImpl : Service - Distance calculated: 2661.151243547917
2021-11-27 20:34:21.039  INFO 530588 --- [ool-44-thread-2] .t.t.s.TourGuideClientRewardsServiceImpl : Service - Distance calculated: 1428.8577204882306
2021-11-27 20:34:21.044  INFO 530588 --- [onPool-worker-3] .t.t.s.TourGuideClientRewardsServiceImpl : Service - Distance calculated: 4188.25650730428
2021-11-27 20:34:21.044  INFO 530588 --- [ool-44-thread-2] .t.t.s.TourGuideClientRewardsServiceImpl : Service - Distance calculated: 1418.571827418631
2021-11-27 20:34:21.044  INFO 530588 --- [onPool-worker-3] .t.t.s.TourGuideClientRewardsServiceImpl : Service - Distance calculated: 3444.834520070104
2021-11-27 20:34:21.039  INFO 530588 --- [onPool-worker-2] .t.t.s.TourGuideClientRewardsServiceImpl : Service - Distance calculated: 8393.408127883651
2021-11-27 20:34:21.039  INFO 530588 --- [nPool-worker-11] .t.t.s.TourGuideClientRewardsServiceImpl : Service - Distance calculated: 2541.9495596951188
2021-11-27 20:34:21.044  INFO 530588 --- [onPool-worker-2] .t.t.s.TourGuideClientRewardsServiceImpl : Service - Distance calculated: 8278.517680214576
2021-11-27 20:34:21.044  INFO 530588 --- [nPool-worker-11] .t.t.s.TourGuideClientRewardsServiceImpl : Service - Distance calculated: 2571.0580443966746
2021-11-27 20:34:21.039  INFO 530588 --- [ol-118-thread-2] .t.t.s.TourGuideClientRewardsServiceImpl : Service - Distance calculated: 9936.21012210414
2021-11-27 20:34:21.044  INFO 530588 --- [nPool-worker-11] .t.t.s.TourGuideClientRewardsServiceImpl : Service - Distance calculated: 1276.827605513429
2021-11-27 20:34:21.039  INFO 530588 --- [ool-43-thread-2] .t.t.s.TourGuideClientRewardsServiceImpl : Service - Calculate rewards points for user: internalUser78
2021-11-27 20:34:21.044  INFO 530588 --- [ol-118-thread-2] .t.t.s.TourGuideClientRewardsServiceImpl : Service - Distance calculated: 8974.314618815393
2021-11-27 20:34:21.040  INFO 530588 --- [ol-130-thread-2] .t.t.s.TourGuideClientRewardsServiceImpl : Service - Distance calculated: 3291.081912582293
2021-11-27 20:34:21.044  INFO 530588 --- [ol-118-thread-2] .t.t.s.TourGuideClientRewardsServiceImpl : Service - Calculate rewards points for user: internalUser46
2021-11-27 20:34:21.040  INFO 530588 --- [ool-88-thread-2] .t.t.s.TourGuideClientRewardsServiceImpl : Service - Distance calculated: 4766.783298883836
2021-11-27 20:34:21.044  INFO 530588 --- [ol-130-thread-2] .t.t.s.TourGuideClientRewardsServiceImpl : Service - Distance calculated: 4204.38054987391
2021-11-27 20:34:21.044  INFO 530588 --- [ol-130-thread-2] .t.t.s.TourGuideClientRewardsServiceImpl : Service - Distance calculated: 4349.5445655542035
2021-11-27 20:34:21.040  INFO 530588 --- [ool-60-thread-2] .t.t.s.TourGuideClientRewardsServiceImpl : Service - Distance calculated: 2434.494471527265
2021-11-27 20:34:21.044  INFO 530588 --- [ool-88-thread-2] .t.t.s.TourGuideClientRewardsServiceImpl : Service - Distance calculated: 4864.919103083751
2021-11-27 20:34:21.045  INFO 530588 --- [ol-130-thread-2] .t.t.s.TourGuideClientRewardsServiceImpl : Service - Distance calculated: 4375.899490037757
2021-11-27 20:34:21.045  INFO 530588 --- [ool-88-thread-2] .t.t.s.TourGuideClientRewardsServiceImpl : Service - Distance calculated: 4878.966107205743
2021-11-27 20:34:21.045  INFO 530588 --- [ol-130-thread-2] .t.t.s.TourGuideClientRewardsServiceImpl : Service - Distance calculated: 5221.351753344071
2021-11-27 20:34:21.045  INFO 530588 --- [ool-88-thread-2] .t.t.s.TourGuideClientRewardsServiceImpl : Service - Distance calculated: 4555.181890520482
2021-11-27 20:34:21.040  INFO 530588 --- [ool-70-thread-2] .t.t.s.TourGuideClientRewardsServiceImpl : Service - Distance calculated: 2127.2478407793283
2021-11-27 20:34:21.045  INFO 530588 --- [ool-88-thread-2] .t.t.s.TourGuideClientRewardsServiceImpl : Service - Distance calculated: 4740.669489450223
2021-11-27 20:34:21.040  INFO 530588 --- [onPool-worker-9] .t.t.s.TourGuideClientRewardsServiceImpl : Service - Distance calculated: 4183.703291468923
2021-11-27 20:34:21.045  INFO 530588 --- [ool-70-thread-2] .t.t.s.TourGuideClientRewardsServiceImpl : Service - Distance calculated: 2578.910516018122
2021-11-27 20:34:21.040  INFO 530588 --- [onPool-worker-7] .t.t.s.TourGuideClientRewardsServiceImpl : Service - Distance calculated: 5706.596134779405
2021-11-27 20:34:21.045  INFO 530588 --- [ool-70-thread-2] .t.t.s.TourGuideClientRewardsServiceImpl : Service - Distance calculated: 680.6158831369517
2021-11-27 20:34:21.040  INFO 530588 --- [ool-57-thread-2] .t.t.s.TourGuideClientRewardsServiceImpl : Service - Distance calculated: 1277.6245433336508
2021-11-27 20:34:21.045  INFO 530588 --- [onPool-worker-7] .t.t.s.TourGuideClientRewardsServiceImpl : Service - Distance calculated: 4653.1174815906825
2021-11-27 20:34:21.040  INFO 530588 --- [ol-104-thread-2] .t.t.s.TourGuideClientRewardsServiceImpl : Service - Distance calculated: 10611.839550814664
2021-11-27 20:34:21.045  INFO 530588 --- [onPool-worker-7] .t.t.s.TourGuideClientRewardsServiceImpl : Service - Distance calculated: 4593.268076526318
2021-11-27 20:34:21.045  INFO 530588 --- [ool-57-thread-2] .t.t.s.TourGuideClientRewardsServiceImpl : Service - Distance calculated: 87.03441722159666
2021-11-27 20:34:21.045  INFO 530588 --- [onPool-worker-7] .t.t.s.TourGuideClientRewardsServiceImpl : Service - Distance calculated: 7743.4934406941875
2021-11-27 20:34:21.040  INFO 530588 --- [ool-51-thread-2] .t.t.s.TourGuideClientRewardsServiceImpl : Service - Distance calculated: 9915.10038723239
2021-11-27 20:34:21.045  INFO 530588 --- [onPool-worker-7] .t.t.s.TourGuideClientRewardsServiceImpl : Service - Distance calculated: 4386.760800012736
2021-11-27 20:34:21.040  INFO 530588 --- [ol-122-thread-2] .t.t.s.TourGuideClientRewardsServiceImpl : Service - Distance calculated: 7270.875350065756
2021-11-27 20:34:21.040  INFO 530588 --- [ool-68-thread-2] .t.t.s.TourGuideClientRewardsServiceImpl : Service - Distance calculated: 9823.071042717338
2021-11-27 20:34:21.040  INFO 530588 --- [nPool-worker-10] .t.t.s.TourGuideClientRewardsServiceImpl : Service - Distance calculated: 8883.889518443331
2021-11-27 20:34:21.045  INFO 530588 --- [ol-122-thread-2] .t.t.s.TourGuideClientRewardsServiceImpl : Service - Distance calculated: 6853.454627579637
2021-11-27 20:34:21.045  INFO 530588 --- [ol-122-thread-2] .t.t.s.TourGuideClientRewardsServiceImpl : Service - Distance calculated: 7046.339585193533
2021-11-27 20:34:21.045  INFO 530588 --- [nPool-worker-10] .t.t.s.TourGuideClientRewardsServiceImpl : Service - Distance calculated: 9308.073564827517
2021-11-27 20:34:21.041  INFO 530588 --- [onPool-worker-8] .t.t.s.TourGuideClientRewardsServiceImpl : Service - Distance calculated: 4094.5400356172204
2021-11-27 20:34:21.041  INFO 530588 --- [nPool-worker-12] .t.t.s.TourGuideClientRewardsServiceImpl : Service - Distance calculated: 6386.542811322548
2021-11-27 20:34:21.045  INFO 530588 --- [onPool-worker-8] .t.t.s.TourGuideClientRewardsServiceImpl : Service - Distance calculated: 4443.408336019301
2021-11-27 20:34:21.045  INFO 530588 --- [nPool-worker-12] .t.t.s.TourGuideClientRewardsServiceImpl : Service - Distance calculated: 7004.362123695419
2021-11-27 20:34:21.045  INFO 530588 --- [onPool-worker-8] .t.t.s.TourGuideClientRewardsServiceImpl : Service - Distance calculated: 4229.666886164488
2021-11-27 20:34:21.045  INFO 530588 --- [nPool-worker-12] .t.t.s.TourGuideClientRewardsServiceImpl : Service - Distance calculated: 7093.678465129864
2021-11-27 20:34:21.045  INFO 530588 --- [onPool-worker-8] .t.t.s.TourGuideClientRewardsServiceImpl : Service - Distance calculated: 4644.164837947569
2021-11-27 20:34:21.045  INFO 530588 --- [nPool-worker-12] .t.t.s.TourGuideClientRewardsServiceImpl : Service - Distance calculated: 6581.322337493981
2021-11-27 20:34:21.041  INFO 530588 --- [onPool-worker-1] .t.t.s.TourGuideClientRewardsServiceImpl : Service - Distance calculated: 8550.887600411063
2021-11-27 20:34:21.041  INFO 530588 --- [onPool-worker-6] .t.t.s.TourGuideClientRewardsServiceImpl : Service - Distance calculated: 10245.720273319865
2021-11-27 20:34:21.045  INFO 530588 --- [onPool-worker-1] .t.t.s.TourGuideClientRewardsServiceImpl : Service - Distance calculated: 8199.504962304043
2021-11-27 20:34:21.041  INFO 530588 --- [onPool-worker-4] .t.t.s.TourGuideClientRewardsServiceImpl : Service - Distance calculated: 7047.784259232468
2021-11-27 20:34:21.045  INFO 530588 --- [onPool-worker-1] .t.t.s.TourGuideClientRewardsServiceImpl : Service - Distance calculated: 9026.198773812872
2021-11-27 20:34:21.041  INFO 530588 --- [nPool-worker-15] .t.t.s.TourGuideClientRewardsServiceImpl : Service - Distance calculated: 9356.608894305404
2021-11-27 20:34:21.045  INFO 530588 --- [onPool-worker-4] .t.t.s.TourGuideClientRewardsServiceImpl : Service - Distance calculated: 7238.465287074991
2021-11-27 20:34:21.041  INFO 530588 --- [ool-71-thread-2] .t.t.s.TourGuideClientRewardsServiceImpl : Service - Distance calculated: 5386.289508681669
2021-11-27 20:34:21.045  INFO 530588 --- [nPool-worker-15] .t.t.s.TourGuideClientRewardsServiceImpl : Service - Distance calculated: 9832.121511551411
2021-11-27 20:34:21.041  INFO 530588 --- [onPool-worker-5] .t.t.s.TourGuideClientRewardsServiceImpl : Service - Distance calculated: 2633.1807983458784
2021-11-27 20:34:21.045  INFO 530588 --- [nPool-worker-15] .t.t.s.TourGuideClientRewardsServiceImpl : Service - Distance calculated: 9729.812145957192
2021-11-27 20:34:21.041  INFO 530588 --- [ol-102-thread-2] .t.t.s.TourGuideClientRewardsServiceImpl : Service - Distance calculated: 5114.7395313614825
2021-11-27 20:34:21.045  INFO 530588 --- [onPool-worker-5] .t.t.s.TourGuideClientRewardsServiceImpl : Service - Distance calculated: 2297.43085423937
2021-11-27 20:34:21.041  INFO 530588 --- [ol-120-thread-2] .t.t.s.TourGuideClientRewardsServiceImpl : Service - Distance calculated: 6986.898703146501
2021-11-27 20:34:21.041  INFO 530588 --- [ool-81-thread-2] .t.t.s.TourGuideClientRewardsServiceImpl : Service - Distance calculated: 6465.506545921268
2021-11-27 20:34:21.045  INFO 530588 --- [ol-120-thread-2] .t.t.s.TourGuideClientRewardsServiceImpl : Service - Distance calculated: 7821.829983868508
2021-11-27 20:34:21.041  INFO 530588 --- [ool-89-thread-2] .t.t.s.TourGuideClientRewardsServiceImpl : Service - Distance calculated: 4336.493752304177
2021-11-27 20:34:21.041  INFO 530588 --- [ol-111-thread-2] .t.t.s.TourGuideClientRewardsServiceImpl : Service - Distance calculated: 11778.755949054512
2021-11-27 20:34:21.041  INFO 530588 --- [ol-106-thread-2] .t.t.s.TourGuideClientRewardsServiceImpl : Service - Distance calculated: 6126.182620646516
2021-11-27 20:34:21.042  INFO 530588 --- [ol-133-thread-2] .t.t.s.TourGuideClientRewardsServiceImpl : Service - Distance calculated: 4768.260540282103
2021-11-27 20:34:21.045  INFO 530588 --- [ol-111-thread-2] .t.t.s.TourGuideClientRewardsServiceImpl : Service - Distance calculated: 11151.277315076326
2021-11-27 20:34:21.045  INFO 530588 --- [ol-106-thread-2] .t.t.s.TourGuideClientRewardsServiceImpl : Service - Distance calculated: 5865.907022389149
2021-11-27 20:34:21.045  INFO 530588 --- [ol-133-thread-2] .t.t.s.TourGuideClientRewardsServiceImpl : Service - Calculate rewards points for user: internalUser67
2021-11-27 20:34:21.045  INFO 530588 --- [ol-106-thread-2] .t.t.s.TourGuideClientRewardsServiceImpl : Service - Distance calculated: 5918.766689898716
2021-11-27 20:34:21.042  INFO 530588 --- [ool-61-thread-2] .t.t.s.TourGuideClientRewardsServiceImpl : Service - Distance calculated: 8747.59474600637
2021-11-27 20:34:21.042  INFO 530588 --- [ool-55-thread-2] .t.t.s.TourGuideClientRewardsServiceImpl : Service - Distance calculated: 1576.7472428725728
2021-11-27 20:34:21.045  INFO 530588 --- [ool-61-thread-2] .t.t.s.TourGuideClientRewardsServiceImpl : Service - Distance calculated: 9477.40905168805
2021-11-27 20:34:21.042  INFO 530588 --- [ool-63-thread-2] .t.t.s.TourGuideClientRewardsServiceImpl : Service - Distance calculated: 87.03441722159666
2021-11-27 20:34:21.043  INFO 530588 --- [ool-92-thread-2] .t.t.s.TourGuideClientRewardsServiceImpl : Service - Distance calculated: 5882.944163282581
2021-11-27 20:34:21.043  INFO 530588 --- [nPool-worker-14] .t.t.s.TourGuideClientRewardsServiceImpl : Service - Distance calculated: 10678.692095898476
2021-11-27 20:34:21.045  INFO 530588 --- [ool-92-thread-2] .t.t.s.TourGuideClientRewardsServiceImpl : Service - Distance calculated: 5113.303155712928
2021-11-27 20:34:21.043  INFO 530588 --- [ool-79-thread-2] .t.t.s.TourGuideClientRewardsServiceImpl : Service - Distance calculated: 3275.195646789774
2021-11-27 20:34:21.045  INFO 530588 --- [ool-92-thread-2] .t.t.s.TourGuideClientRewardsServiceImpl : Service - Distance calculated: 6565.921800887816
2021-11-27 20:34:21.044  INFO 530588 --- [ol-226-thread-1] .t.t.s.TourGuideClientRewardsServiceImpl : Service - Reward added for user: internalUser88
2021-11-27 20:34:21.044  INFO 530588 --- [nPool-worker-13] .t.t.s.TourGuideClientRewardsServiceImpl : Service - Distance calculated: 10279.525072636605
2021-11-27 20:34:21.044  INFO 530588 --- [ol-138-thread-2] .t.t.s.TourGuideClientRewardsServiceImpl : Service - Distance calculated: 9484.757109285903
2021-11-27 20:34:21.044  INFO 530588 --- [ool-44-thread-2] .t.t.s.TourGuideClientRewardsServiceImpl : Service - Distance calculated: 460.11990361699293
2021-11-27 20:34:21.044  INFO 530588 --- [onPool-worker-3] .t.t.s.TourGuideClientRewardsServiceImpl : Service - Distance calculated: 2817.3564723595846
2021-11-27 20:34:21.046  INFO 530588 --- [ool-44-thread-2] .t.t.s.TourGuideClientRewardsServiceImpl : Service - Distance calculated: 1992.7911930022951
2021-11-27 20:34:21.046  INFO 530588 --- [ol-138-thread-2] .t.t.s.TourGuideClientRewardsServiceImpl : Service - Distance calculated: 9408.292635623096
2021-11-27 20:34:21.044  INFO 530588 --- [onPool-worker-2] .t.t.s.TourGuideClientRewardsServiceImpl : Service - Distance calculated: 6386.172472710261
2021-11-27 20:34:21.044  INFO 530588 --- [nPool-worker-11] .t.t.s.TourGuideClientRewardsServiceImpl : Service - Distance calculated: 1270.8213830415655
2021-11-27 20:34:21.046  INFO 530588 --- [onPool-worker-2] .t.t.s.TourGuideClientRewardsServiceImpl : Service - Distance calculated: 8838.729819902088
2021-11-27 20:34:21.046  INFO 530588 --- [nPool-worker-11] .t.t.s.TourGuideClientRewardsServiceImpl : Service - Distance calculated: 2264.705622441573
2021-11-27 20:34:21.045  INFO 530588 --- [ool-60-thread-2] .t.t.s.TourGuideClientRewardsServiceImpl : Service - Distance calculated: 2148.3967563579567
2021-11-27 20:34:21.046  INFO 530588 --- [nPool-worker-11] .t.t.s.TourGuideClientRewardsServiceImpl : Service - Distance calculated: 926.9649140297121
2021-11-27 20:34:21.045  INFO 530588 --- [ol-130-thread-2] .t.t.s.TourGuideClientRewardsServiceImpl : Service - Distance calculated: 5248.200486216524
2021-11-27 20:34:21.046  INFO 530588 --- [ool-60-thread-2] .t.t.s.TourGuideClientRewardsServiceImpl : Service - Distance calculated: 2282.746325565392
2021-11-27 20:34:21.046  INFO 530588 --- [nPool-worker-11] .t.t.s.TourGuideClientRewardsServiceImpl : Service - Distance calculated: 867.5118413065493
2021-11-27 20:34:21.046  INFO 530588 --- [ool-60-thread-2] .t.t.s.TourGuideClientRewardsServiceImpl : Service - Distance calculated: 2289.4339721013357
2021-11-27 20:34:21.046  INFO 530588 --- [nPool-worker-11] .t.t.s.TourGuideClientRewardsServiceImpl : Service - Distance calculated: 4049.6427588244737
2021-11-27 20:34:21.046  INFO 530588 --- [ol-130-thread-2] .t.t.s.TourGuideClientRewardsServiceImpl : Service - Distance calculated: 4917.134526948483
2021-11-27 20:34:21.045  INFO 530588 --- [ool-88-thread-2] .t.t.s.TourGuideClientRewardsServiceImpl : Service - Distance calculated: 2386.7726505177325
2021-11-27 20:34:21.045  INFO 530588 --- [onPool-worker-9] .t.t.s.TourGuideClientRewardsServiceImpl : Service - Distance calculated: 4463.586637858979
2021-11-27 20:34:21.046  INFO 530588 --- [ol-130-thread-2] .t.t.s.TourGuideClientRewardsServiceImpl : Service - Distance calculated: 5155.8317766330065
2021-11-27 20:34:21.045  INFO 530588 --- [ool-70-thread-2] .t.t.s.TourGuideClientRewardsServiceImpl : Service - Distance calculated: 1344.090272349311
2021-11-27 20:34:21.045  INFO 530588 --- [ool-57-thread-2] .t.t.s.TourGuideClientRewardsServiceImpl : Service - Distance calculated: 2127.2478407793283
2021-11-27 20:34:21.046  INFO 530588 --- [ool-70-thread-2] .t.t.s.TourGuideClientRewardsServiceImpl : Service - Distance calculated: 2440.177336041544
2021-11-27 20:34:21.046  INFO 530588 --- [ool-57-thread-2] .t.t.s.TourGuideClientRewardsServiceImpl : Service - Distance calculated: 2578.910516018122
2021-11-27 20:34:21.046  INFO 530588 --- [ool-70-thread-2] .t.t.s.TourGuideClientRewardsServiceImpl : Service - Distance calculated: 2168.830527042806
2021-11-27 20:34:21.045  INFO 530588 --- [ol-104-thread-2] .t.t.s.TourGuideClientRewardsServiceImpl : Service - Distance calculated: 10078.747856854166
2021-11-27 20:34:21.045  INFO 530588 --- [onPool-worker-7] .t.t.s.TourGuideClientRewardsServiceImpl : Service - Distance calculated: 4538.974567323655
2021-11-27 20:34:21.046  INFO 530588 --- [ool-57-thread-2] .t.t.s.TourGuideClientRewardsServiceImpl : Service - Distance calculated: 680.6158831369517
2021-11-27 20:34:21.046  INFO 530588 --- [onPool-worker-7] .t.t.s.TourGuideClientRewardsServiceImpl : Service - Distance calculated: 4397.504222490377
2021-11-27 20:34:21.045  INFO 530588 --- [ool-51-thread-2] .t.t.s.TourGuideClientRewardsServiceImpl : Service - Distance calculated: 8865.271034704932
2021-11-27 20:34:21.046  INFO 530588 --- [onPool-worker-7] .t.t.s.TourGuideClientRewardsServiceImpl : Service - Distance calculated: 3963.428898574233
2021-11-27 20:34:21.045  INFO 530588 --- [ool-68-thread-2] .t.t.s.TourGuideClientRewardsServiceImpl : Service - Distance calculated: 8799.44827574267
2021-11-27 20:34:21.046  INFO 530588 --- [ool-51-thread-2] .t.t.s.TourGuideClientRewardsServiceImpl : Service - Distance calculated: 9493.848474865865
2021-11-27 20:34:21.045  INFO 530588 --- [ol-122-thread-2] .t.t.s.TourGuideClientRewardsServiceImpl : Service - Distance calculated: 6735.609998885134
2021-11-27 20:34:21.046  INFO 530588 --- [ool-51-thread-2] .t.t.s.TourGuideClientRewardsServiceImpl : Service - Distance calculated: 9799.37358361597
2021-11-27 20:34:21.046  INFO 530588 --- [ol-122-thread-2] .t.t.s.TourGuideClientRewardsServiceImpl : Service - Distance calculated: 7808.6093706322235
2021-11-27 20:34:21.045  INFO 530588 --- [nPool-worker-10] .t.t.s.TourGuideClientRewardsServiceImpl : Service - Distance calculated: 9205.765786883252
2021-11-27 20:34:21.045  INFO 530588 --- [onPool-worker-8] .t.t.s.TourGuideClientRewardsServiceImpl : Service - Distance calculated: 3660.0374442300295
2021-11-27 20:34:21.046  INFO 530588 --- [nPool-worker-10] .t.t.s.TourGuideClientRewardsServiceImpl : Service - Distance calculated: 8820.22583615045
2021-11-27 20:34:21.046  INFO 530588 --- [onPool-worker-8] .t.t.s.TourGuideClientRewardsServiceImpl : Service - Distance calculated: 4335.762771381775
2021-11-27 20:34:21.045  INFO 530588 --- [nPool-worker-12] .t.t.s.TourGuideClientRewardsServiceImpl : Service - Distance calculated: 6679.945218317131
2021-11-27 20:34:21.045  INFO 530588 --- [onPool-worker-6] .t.t.s.TourGuideClientRewardsServiceImpl : Service - Distance calculated: 10103.071674943349
2021-11-27 20:34:21.046  INFO 530588 --- [nPool-worker-12] .t.t.s.TourGuideClientRewardsServiceImpl : Service - Distance calculated: 7173.751090383868
2021-11-27 20:34:21.046  INFO 530588 --- [onPool-worker-6] .t.t.s.TourGuideClientRewardsServiceImpl : Service - Distance calculated: 9080.043445013256
2021-11-27 20:34:21.046  INFO 530588 --- [nPool-worker-12] .t.t.s.TourGuideClientRewardsServiceImpl : Service - Distance calculated: 6077.230884978289
2021-11-27 20:34:21.045  INFO 530588 --- [onPool-worker-1] .t.t.s.TourGuideClientRewardsServiceImpl : Service - Distance calculated: 8818.955716980568
2021-11-27 20:34:21.046  INFO 530588 --- [nPool-worker-12] .t.t.s.TourGuideClientRewardsServiceImpl : Service - Distance calculated: 6289.862342834039
2021-11-27 20:34:21.045  INFO 530588 --- [onPool-worker-4] .t.t.s.TourGuideClientRewardsServiceImpl : Service - Distance calculated: 6761.452122996316
2021-11-27 20:34:21.046  INFO 530588 --- [nPool-worker-12] .t.t.s.TourGuideClientRewardsServiceImpl : Service - Distance calculated: 5140.032622904188
2021-11-27 20:34:21.046  INFO 530588 --- [onPool-worker-1] .t.t.s.TourGuideClientRewardsServiceImpl : Service - Distance calculated: 9925.955583055587
2021-11-27 20:34:21.045  INFO 530588 --- [ool-71-thread-2] .t.t.s.TourGuideClientRewardsServiceImpl : Service - Distance calculated: 4340.489785987528
2021-11-27 20:34:21.046  INFO 530588 --- [onPool-worker-4] .t.t.s.TourGuideClientRewardsServiceImpl : Service - Distance calculated: 5550.25814388128
2021-11-27 20:34:21.046  INFO 530588 --- [onPool-worker-1] .t.t.s.TourGuideClientRewardsServiceImpl : Service - Distance calculated: 9165.59535243917
2021-11-27 20:34:21.046  INFO 530588 --- [onPool-worker-4] .t.t.s.TourGuideClientRewardsServiceImpl : Service - Distance calculated: 7589.941756781881
2021-11-27 20:34:21.045  INFO 530588 --- [nPool-worker-15] .t.t.s.TourGuideClientRewardsServiceImpl : Service - Distance calculated: 9316.289294997194
2021-11-27 20:34:21.046  INFO 530588 --- [onPool-worker-4] .t.t.s.TourGuideClientRewardsServiceImpl : Service - Distance calculated: 7529.480206517691
2021-11-27 20:34:21.045  INFO 530588 --- [ol-102-thread-2] .t.t.s.TourGuideClientRewardsServiceImpl : Service - Distance calculated: 6854.3409172981565
2021-11-27 20:34:21.046  INFO 530588 --- [onPool-worker-4] .t.t.s.TourGuideClientRewardsServiceImpl : Service - Distance calculated: 6172.479246413247
2021-11-27 20:34:21.045  INFO 530588 --- [onPool-worker-5] .t.t.s.TourGuideClientRewardsServiceImpl : Service - Distance calculated: 3377.6877552287706
2021-11-27 20:34:21.046  INFO 530588 --- [onPool-worker-4] .t.t.s.TourGuideClientRewardsServiceImpl : Service - Distance calculated: 6626.474324519365
2021-11-27 20:34:21.045  INFO 530588 --- [ol-120-thread-2] .t.t.s.TourGuideClientRewardsServiceImpl : Service - Distance calculated: 8832.36887653195
2021-11-27 20:34:21.046  INFO 530588 --- [onPool-worker-4] .t.t.s.TourGuideClientRewardsServiceImpl : Service - Distance calculated: 7486.961724200294
2021-11-27 20:34:21.045  INFO 530588 --- [ool-81-thread-2] .t.t.s.TourGuideClientRewardsServiceImpl : Service - Distance calculated: 5940.102088645429
2021-11-27 20:34:21.046  INFO 530588 --- [ol-120-thread-2] .t.t.s.TourGuideClientRewardsServiceImpl : Service - Distance calculated: 8025.055517271436
2021-11-27 20:34:21.046  INFO 530588 --- [ool-81-thread-2] .t.t.s.TourGuideClientRewardsServiceImpl : Service - Distance calculated: 6902.731035632299
2021-11-27 20:34:21.046  INFO 530588 --- [ol-120-thread-2] .t.t.s.TourGuideClientRewardsServiceImpl : Service - Distance calculated: 1304.0694174207356
2021-11-27 20:34:21.046  INFO 530588 --- [ool-81-thread-2] .t.t.s.TourGuideClientRewardsServiceImpl : Service - Calculate rewards points for user: internalUser10
2021-11-27 20:34:21.045  INFO 530588 --- [ool-89-thread-2] .t.t.s.TourGuideClientRewardsServiceImpl : Service - Distance calculated: 4525.428631031792
2021-11-27 20:34:21.045  INFO 530588 --- [ol-111-thread-2] .t.t.s.TourGuideClientRewardsServiceImpl : Service - Distance calculated: 11414.50196452931
2021-11-27 20:34:21.046  INFO 530588 --- [ool-89-thread-2] .t.t.s.TourGuideClientRewardsServiceImpl : Service - Distance calculated: 4558.997402452169
2021-11-27 20:34:21.045  INFO 530588 --- [ol-106-thread-2] .t.t.s.TourGuideClientRewardsServiceImpl : Service - Distance calculated: 6729.985162625971
2021-11-27 20:34:21.046  INFO 530588 --- [ool-89-thread-2] .t.t.s.TourGuideClientRewardsServiceImpl : Service - Distance calculated: 4489.970995178426
2021-11-27 20:34:21.046  INFO 530588 --- [ool-89-thread-2] .t.t.s.TourGuideClientRewardsServiceImpl : Service - Distance calculated: 4367.70330499294
2021-11-27 20:34:21.046  INFO 530588 --- [ol-106-thread-2] .t.t.s.TourGuideClientRewardsServiceImpl : Service - Distance calculated: 6218.0585612776995
2021-11-27 20:34:21.046  INFO 530588 --- [ool-89-thread-2] .t.t.s.TourGuideClientRewardsServiceImpl : Service - Distance calculated: 3498.9815280256025
2021-11-27 20:34:21.045  INFO 530588 --- [ool-55-thread-2] .t.t.s.TourGuideClientRewardsServiceImpl : Service - Distance calculated: 1921.4807999190489
2021-11-27 20:34:21.046  INFO 530588 --- [ol-106-thread-2] .t.t.s.TourGuideClientRewardsServiceImpl : Service - Distance calculated: 5682.829280490068
2021-11-27 20:34:21.046  INFO 530588 --- [ool-89-thread-2] .t.t.s.TourGuideClientRewardsServiceImpl : Service - Distance calculated: 4991.777474951481
2021-11-27 20:34:21.045  INFO 530588 --- [ool-61-thread-2] .t.t.s.TourGuideClientRewardsServiceImpl : Service - Distance calculated: 8860.277562031959
2021-11-27 20:34:21.046  INFO 530588 --- [ol-106-thread-2] .t.t.s.TourGuideClientRewardsServiceImpl : Service - Distance calculated: 6173.606299820717
2021-11-27 20:34:21.045  INFO 530588 --- [ool-63-thread-2] .t.t.s.TourGuideClientRewardsServiceImpl : Service - Distance calculated: 2127.2478407793283
2021-11-27 20:34:21.046  INFO 530588 --- [ol-106-thread-2] .t.t.s.TourGuideClientRewardsServiceImpl : Service - Distance calculated: 6249.924494051896
2021-11-27 20:34:21.045  INFO 530588 --- [ool-92-thread-2] .t.t.s.TourGuideClientRewardsServiceImpl : Service - Distance calculated: 6372.688707116098
2021-11-27 20:34:21.046  INFO 530588 --- [ol-106-thread-2] .t.t.s.TourGuideClientRewardsServiceImpl : Service - Distance calculated: 6352.41982211046
2021-11-27 20:34:21.045  INFO 530588 --- [ool-79-thread-2] .t.t.s.TourGuideClientRewardsServiceImpl : Service - Calculate rewards points for user: internalUser95
2021-11-27 20:34:21.045  INFO 530588 --- [nPool-worker-14] .t.t.s.TourGuideClientRewardsServiceImpl : Service - Distance calculated: 5.8950310023474215E-5
2021-11-27 20:34:21.046  INFO 530588 --- [nPool-worker-13] .t.t.s.TourGuideClientRewardsServiceImpl : Service - Distance calculated: 10669.886761716964
2021-11-27 20:34:21.046  INFO 530588 --- [ool-44-thread-2] .t.t.s.TourGuideClientRewardsServiceImpl : Service - Distance calculated: 1906.7972782801585
2021-11-27 20:34:21.046  INFO 530588 --- [onPool-worker-3] .t.t.s.TourGuideClientRewardsServiceImpl : Service - Distance calculated: 3779.87145002159
2021-11-27 20:34:21.047  INFO 530588 --- [ool-44-thread-2] .t.t.s.TourGuideClientRewardsServiceImpl : Service - Distance calculated: 2360.645624935619
2021-11-27 20:34:21.046  INFO 530588 --- [ol-138-thread-2] .t.t.s.TourGuideClientRewardsServiceImpl : Service - Distance calculated: 8588.54400580002
2021-11-27 20:34:21.046  INFO 530588 --- [onPool-worker-2] .t.t.s.TourGuideClientRewardsServiceImpl : Service - Distance calculated: 8548.110381617218
2021-11-27 20:34:21.046  INFO 530588 --- [ool-60-thread-2] .t.t.s.TourGuideClientRewardsServiceImpl : Service - Distance calculated: 1204.372289719331
2021-11-27 20:34:21.047  INFO 530588 --- [onPool-worker-2] .t.t.s.TourGuideClientRewardsServiceImpl : Service - Distance calculated: 8674.051656491049
2021-11-27 20:34:21.046  INFO 530588 --- [nPool-worker-11] .t.t.s.TourGuideClientRewardsServiceImpl : Service - Distance calculated: 784.3231504991074
2021-11-27 20:34:21.047  INFO 530588 --- [ol-138-thread-2] .t.t.s.TourGuideClientRewardsServiceImpl : Service - Distance calculated: 8837.532117289975
2021-11-27 20:34:21.046  INFO 530588 --- [ool-88-thread-2] .t.t.s.TourGuideClientRewardsServiceImpl : Service - Distance calculated: 4525.816181317697
2021-11-27 20:34:21.047  INFO 530588 --- [nPool-worker-11] .t.t.s.TourGuideClientRewardsServiceImpl : Service - Distance calculated: 831.0132261905875
2021-11-27 20:34:21.047  INFO 530588 --- [ol-138-thread-2] .t.t.s.TourGuideClientRewardsServiceImpl : Service - Distance calculated: 9037.528232209817
2021-11-27 20:34:21.047  INFO 530588 --- [nPool-worker-11] .t.t.s.TourGuideClientRewardsServiceImpl : Service - Distance calculated: 707.0015849839958
2021-11-27 20:34:21.047  INFO 530588 --- [ol-138-thread-2] .t.t.s.TourGuideClientRewardsServiceImpl : Service - Distance calculated: 8847.250601835703
2021-11-27 20:34:21.046  INFO 530588 --- [ol-130-thread-2] .t.t.s.TourGuideClientRewardsServiceImpl : Service - Distance calculated: 4680.30738330927
2021-11-27 20:34:21.047  INFO 530588 --- [ol-138-thread-2] .t.t.s.TourGuideClientRewardsServiceImpl : Service - Distance calculated: 9221.870553437659
2021-11-27 20:34:21.046  INFO 530588 --- [onPool-worker-9] .t.t.s.TourGuideClientRewardsServiceImpl : Service - Distance calculated: 3909.20478131018
2021-11-27 20:34:21.046  INFO 530588 --- [ool-70-thread-2] .t.t.s.TourGuideClientRewardsServiceImpl : Service - Calculate rewards points for user: internalUser17
2021-11-27 20:34:21.047  INFO 530588 --- [onPool-worker-9] .t.t.s.TourGuideClientRewardsServiceImpl : Service - Distance calculated: 4620.878082919047
2021-11-27 20:34:21.046  INFO 530588 --- [ol-104-thread-2] .t.t.s.TourGuideClientRewardsServiceImpl : Service - Distance calculated: 10883.639867841212
2021-11-27 20:34:21.047  INFO 530588 --- [onPool-worker-9] .t.t.s.TourGuideClientRewardsServiceImpl : Service - Distance calculated: 5116.07289969448
2021-11-27 20:34:21.046  INFO 530588 --- [ool-57-thread-2] .t.t.s.TourGuideClientRewardsServiceImpl : Service - Distance calculated: 1344.090272349311
2021-11-27 20:34:21.047  INFO 530588 --- [onPool-worker-9] .t.t.s.TourGuideClientRewardsServiceImpl : Service - Distance calculated: 4306.389932925579
2021-11-27 20:34:21.046  INFO 530588 --- [onPool-worker-7] .t.t.s.TourGuideClientRewardsServiceImpl : Service - Distance calculated: 4982.735858270046
2021-11-27 20:34:21.046  INFO 530588 --- [ool-51-thread-2] .t.t.s.TourGuideClientRewardsServiceImpl : Service - Distance calculated: 8893.722172193902
2021-11-27 20:34:21.047  INFO 530588 --- [onPool-worker-7] .t.t.s.TourGuideClientRewardsServiceImpl : Service - Distance calculated: 4581.213789513905
2021-11-27 20:34:21.046  INFO 530588 --- [ol-122-thread-2] .t.t.s.TourGuideClientRewardsServiceImpl : Service - Distance calculated: 6935.6189393356435
2021-11-27 20:34:21.047  INFO 530588 --- [ool-51-thread-2] .t.t.s.TourGuideClientRewardsServiceImpl : Service - Distance calculated: 5.8950310023474215E-5
2021-11-27 20:34:21.046  INFO 530588 --- [ool-68-thread-2] .t.t.s.TourGuideClientRewardsServiceImpl : Service - Distance calculated: 8755.72193000842
2021-11-27 20:34:21.046  INFO 530588 --- [nPool-worker-10] .t.t.s.TourGuideClientRewardsServiceImpl : Service - Distance calculated: 9674.455260282746
2021-11-27 20:34:21.047  INFO 530588 --- [ool-68-thread-2] .t.t.s.TourGuideClientRewardsServiceImpl : Service - Distance calculated: 9476.845017933649
2021-11-27 20:34:21.046  INFO 530588 --- [onPool-worker-8] .t.t.s.TourGuideClientRewardsServiceImpl : Service - Distance calculated: 3867.901820735171
2021-11-27 20:34:21.046  INFO 530588 --- [onPool-worker-6] .t.t.s.TourGuideClientRewardsServiceImpl : Service - Distance calculated: 9695.317732339781
2021-11-27 20:34:21.047  INFO 530588 --- [onPool-worker-8] .t.t.s.TourGuideClientRewardsServiceImpl : Service - Distance calculated: 3760.776519615331
2021-11-27 20:34:21.046  INFO 530588 --- [nPool-worker-12] .t.t.s.TourGuideClientRewardsServiceImpl : Service - Distance calculated: 5785.4257624040365
2021-11-27 20:34:21.047  INFO 530588 --- [onPool-worker-6] .t.t.s.TourGuideClientRewardsServiceImpl : Service - Distance calculated: 9467.436215759493
2021-11-27 20:34:21.046  INFO 530588 --- [onPool-worker-1] .t.t.s.TourGuideClientRewardsServiceImpl : Service - Distance calculated: 9053.845189104404
2021-11-27 20:34:21.047  INFO 530588 --- [nPool-worker-12] .t.t.s.TourGuideClientRewardsServiceImpl : Service - Distance calculated: 5996.552503228917
2021-11-27 20:34:21.047  INFO 530588 --- [onPool-worker-6] .t.t.s.TourGuideClientRewardsServiceImpl : Service - Distance calculated: 9899.272456230236
2021-11-27 20:34:21.047  INFO 530588 --- [onPool-worker-1] .t.t.s.TourGuideClientRewardsServiceImpl : Service - Distance calculated: 9010.293522473037
2021-11-27 20:34:21.046  INFO 530588 --- [ool-71-thread-2] .t.t.s.TourGuideClientRewardsServiceImpl : Service - Distance calculated: 6151.699405503028
2021-11-27 20:34:21.047  INFO 530588 --- [onPool-worker-1] .t.t.s.TourGuideClientRewardsServiceImpl : Service - Distance calculated: 8162.691257870482
2021-11-27 20:34:21.047  INFO 530588 --- [ool-71-thread-2] .t.t.s.TourGuideClientRewardsServiceImpl : Service - Distance calculated: 6909.695189364747
2021-11-27 20:34:21.047  INFO 530588 --- [onPool-worker-1] .t.t.s.TourGuideClientRewardsServiceImpl : Service - Distance calculated: 8215.642906361589
2021-11-27 20:34:21.046  INFO 530588 --- [nPool-worker-15] .t.t.s.TourGuideClientRewardsServiceImpl : Service - Distance calculated: 10186.993721528648
2021-11-27 20:34:21.047  INFO 530588 --- [onPool-worker-1] .t.t.s.TourGuideClientRewardsServiceImpl : Service - Distance calculated: 8517.248256903713
2021-11-27 20:34:21.047  INFO 530588 --- [ool-51-thread-2] .t.t.s.TourGuideClientRewardsServiceImpl : Service - Distance calculated: 774.5207212649109
2021-11-27 20:34:21.047  INFO 530588 --- [nPool-worker-15] .t.t.s.TourGuideClientRewardsServiceImpl : Service - Distance calculated: 9984.153191065709
2021-11-27 20:34:21.046  INFO 530588 --- [onPool-worker-5] .t.t.s.TourGuideClientRewardsServiceImpl : Service - Distance calculated: 2889.833010255005
2021-11-27 20:34:21.047  INFO 530588 --- [nPool-worker-15] .t.t.s.TourGuideClientRewardsServiceImpl : Service - Distance calculated: 10331.45050994173
2021-11-27 20:34:21.046  INFO 530588 --- [ol-102-thread-2] .t.t.s.TourGuideClientRewardsServiceImpl : Service - Distance calculated: 6410.387203808745
2021-11-27 20:34:21.046  INFO 530588 --- [onPool-worker-4] .t.t.s.TourGuideClientRewardsServiceImpl : Service - Distance calculated: 7622.556582774902
2021-11-27 20:34:21.047  INFO 530588 --- [ol-102-thread-2] .t.t.s.TourGuideClientRewardsServiceImpl : Service - Distance calculated: 5656.633197551064
2021-11-27 20:34:21.046  INFO 530588 --- [ol-120-thread-2] .t.t.s.TourGuideClientRewardsServiceImpl : Service - Distance calculated: 1937.5738859569517
2021-11-27 20:34:21.047  INFO 530588 --- [onPool-worker-4] .t.t.s.TourGuideClientRewardsServiceImpl : Service - Distance calculated: 9209.709181827693
2021-11-27 20:34:21.046  INFO 530588 --- [ol-111-thread-2] .t.t.s.TourGuideClientRewardsServiceImpl : Service - Distance calculated: 10890.623961726114
2021-11-27 20:34:21.047  INFO 530588 --- [ol-120-thread-2] .t.t.s.TourGuideClientRewardsServiceImpl : Service - Distance calculated: 1463.76719478568
2021-11-27 20:34:21.046  INFO 530588 --- [ool-89-thread-2] .t.t.s.TourGuideClientRewardsServiceImpl : Service - Distance calculated: 4511.456400626626
2021-11-27 20:34:21.047  INFO 530588 --- [ol-120-thread-2] .t.t.s.TourGuideClientRewardsServiceImpl : Service - Distance calculated: 1415.7633073437673
2021-11-27 20:34:21.047  INFO 530588 --- [ol-111-thread-2] .t.t.s.TourGuideClientRewardsServiceImpl : Service - Distance calculated: 11695.05668012858
2021-11-27 20:34:21.046  INFO 530588 --- [ool-55-thread-2] .t.t.s.TourGuideClientRewardsServiceImpl : Service - Distance calculated: 1277.6245433336508
2021-11-27 20:34:21.047  INFO 530588 --- [ool-89-thread-2] .t.t.s.TourGuideClientRewardsServiceImpl : Service - Distance calculated: 3942.001421268846
2021-11-27 20:34:21.047  INFO 530588 --- [ol-111-thread-2] .t.t.s.TourGuideClientRewardsServiceImpl : Service - Distance calculated: 11622.774066427053
2021-11-27 20:34:21.047  INFO 530588 --- [ool-89-thread-2] .t.t.s.TourGuideClientRewardsServiceImpl : Service - Distance calculated: 3971.501305712855
2021-11-27 20:34:21.047  INFO 530588 --- [ool-55-thread-2] .t.t.s.TourGuideClientRewardsServiceImpl : Service - Distance calculated: 87.03441722159666
2021-11-27 20:34:21.047  INFO 530588 --- [ool-89-thread-2] .t.t.s.TourGuideClientRewardsServiceImpl : Service - Distance calculated: 4517.2913923998585
2021-11-27 20:34:21.047  INFO 530588 --- [ool-55-thread-2] .t.t.s.TourGuideClientRewardsServiceImpl : Service - Distance calculated: 2127.2478407793283
2021-11-27 20:34:21.047  INFO 530588 --- [ool-89-thread-2] .t.t.s.TourGuideClientRewardsServiceImpl : Service - Distance calculated: 4997.701285356448
2021-11-27 20:34:21.047  INFO 530588 --- [ool-55-thread-2] .t.t.s.TourGuideClientRewardsServiceImpl : Service - Distance calculated: 2578.910516018122
2021-11-27 20:34:21.047  INFO 530588 --- [ool-89-thread-2] .t.t.s.TourGuideClientRewardsServiceImpl : Service - Calculate rewards points for user: internalUser5
2021-11-27 20:34:21.046  INFO 530588 --- [ool-61-thread-2] .t.t.s.TourGuideClientRewardsServiceImpl : Service - Distance calculated: 8770.835768895438
2021-11-27 20:34:21.046  INFO 530588 --- [ool-63-thread-2] .t.t.s.TourGuideClientRewardsServiceImpl : Service - Distance calculated: 2578.910516018122
2021-11-27 20:34:21.047  INFO 530588 --- [ool-61-thread-2] .t.t.s.TourGuideClientRewardsServiceImpl : Service - Distance calculated: 9107.264239224327
2021-11-27 20:34:21.046  INFO 530588 --- [ol-106-thread-2] .t.t.s.TourGuideClientRewardsServiceImpl : Service - Distance calculated: 6452.19286359934
2021-11-27 20:34:21.047  INFO 530588 --- [ool-61-thread-2] .t.t.s.TourGuideClientRewardsServiceImpl : Service - Distance calculated: 9004.963463853876
2021-11-27 20:34:21.047  INFO 530588 --- [ool-63-thread-2] .t.t.s.TourGuideClientRewardsServiceImpl : Service - Distance calculated: 680.6158831369517
2021-11-27 20:34:21.047  INFO 530588 --- [ool-61-thread-2] .t.t.s.TourGuideClientRewardsServiceImpl : Service - Distance calculated: 8681.837436946465
2021-11-27 20:34:21.047  INFO 530588 --- [ol-106-thread-2] .t.t.s.TourGuideClientRewardsServiceImpl : Service - Distance calculated: 6474.294373240382
2021-11-27 20:34:21.047  INFO 530588 --- [ool-63-thread-2] .t.t.s.TourGuideClientRewardsServiceImpl : Service - Distance calculated: 1344.090272349311
2021-11-27 20:34:21.047  INFO 530588 --- [ol-106-thread-2] .t.t.s.TourGuideClientRewardsServiceImpl : Service - Distance calculated: 6085.6285294056515
2021-11-27 20:34:21.046  INFO 530588 --- [ool-92-thread-2] .t.t.s.TourGuideClientRewardsServiceImpl : Service - Distance calculated: 6483.58092114779
2021-11-27 20:34:21.047  INFO 530588 --- [nPool-worker-13] .t.t.s.TourGuideClientRewardsServiceImpl : Service - Distance calculated: 10256.910154600691
2021-11-27 20:34:21.047  INFO 530588 --- [onPool-worker-3] .t.t.s.TourGuideClientRewardsServiceImpl : Service - Distance calculated: 9493.477209606002
2021-11-27 20:34:21.048  INFO 530588 --- [nPool-worker-13] .t.t.s.TourGuideClientRewardsServiceImpl : Service - Distance calculated: 10024.784330636747
2021-11-27 20:34:21.048  INFO 530588 --- [ool-92-thread-2] .t.t.s.TourGuideClientRewardsServiceImpl : Service - Distance calculated: 6954.068457898825
2021-11-27 20:34:21.047  INFO 530588 --- [ool-44-thread-2] .t.t.s.TourGuideClientRewardsServiceImpl : Service - Distance calculated: 2434.494471527265
2021-11-27 20:34:21.048  INFO 530588 --- [nPool-worker-13] .t.t.s.TourGuideClientRewardsServiceImpl : Service - Distance calculated: 10117.67708325226
2021-11-27 20:34:21.048  INFO 530588 --- [nPool-worker-13] .t.t.s.TourGuideClientRewardsServiceImpl : Service - Distance calculated: 10966.662618455193
2021-11-27 20:34:21.047  INFO 530588 --- [ool-60-thread-2] .t.t.s.TourGuideClientRewardsServiceImpl : Service - Distance calculated: 1742.5694022642394
2021-11-27 20:34:21.048  INFO 530588 --- [ool-44-thread-2] .t.t.s.TourGuideClientRewardsServiceImpl : Service - Distance calculated: 2148.3967563579567
2021-11-27 20:34:21.047  INFO 530588 --- [onPool-worker-2] .t.t.s.TourGuideClientRewardsServiceImpl : Service - Distance calculated: 8372.051592386977
2021-11-27 20:34:21.047  INFO 530588 --- [ool-88-thread-2] .t.t.s.TourGuideClientRewardsServiceImpl : Service - Distance calculated: 4568.720369580167
2021-11-27 20:34:21.048  INFO 530588 --- [onPool-worker-2] .t.t.s.TourGuideClientRewardsServiceImpl : Service - Distance calculated: 7405.377623369752
2021-11-27 20:34:21.048  INFO 530588 --- [ool-88-thread-2] .t.t.s.TourGuideClientRewardsServiceImpl : Service - Distance calculated: 4645.951949949077
2021-11-27 20:34:21.047  INFO 530588 --- [nPool-worker-11] .t.t.s.TourGuideClientRewardsServiceImpl : Service - Distance calculated: 518.4326929783413
2021-11-27 20:34:21.048  INFO 530588 --- [ool-88-thread-2] .t.t.s.TourGuideClientRewardsServiceImpl : Service - Distance calculated: 5463.116985654279
2021-11-27 20:34:21.047  INFO 530588 --- [ol-130-thread-2] .t.t.s.TourGuideClientRewardsServiceImpl : Service - Distance calculated: 5209.370115240428
2021-11-27 20:34:21.048  INFO 530588 --- [ool-88-thread-2] .t.t.s.TourGuideClientRewardsServiceImpl : Service - Distance calculated: 5116.490352221012
2021-11-27 20:34:21.048  INFO 530588 --- [ool-88-thread-2] .t.t.s.TourGuideClientRewardsServiceImpl : Service - Distance calculated: 4991.589180911688
2021-11-27 20:34:21.047  INFO 530588 --- [ol-138-thread-2] .t.t.s.TourGuideClientRewardsServiceImpl : Service - Distance calculated: 8860.899420421993
2021-11-27 20:34:21.048  INFO 530588 --- [ool-88-thread-2] .t.t.s.TourGuideClientRewardsServiceImpl : Service - Distance calculated: 5159.9140792032385
2021-11-27 20:34:21.048  INFO 530588 --- [ol-138-thread-2] .t.t.s.TourGuideClientRewardsServiceImpl : Service - Distance calculated: 8959.985174920621
2021-11-27 20:34:21.047  INFO 530588 --- [nPool-worker-14] .t.t.s.TourGuideClientRewardsServiceImpl : Service - Distance calculated: 774.5207212649109
2021-11-27 20:34:21.048  INFO 530588 --- [ol-138-thread-2] .t.t.s.TourGuideClientRewardsServiceImpl : Service - Distance calculated: 8671.048424285305
2021-11-27 20:34:21.047  INFO 530588 --- [ol-104-thread-2] .t.t.s.TourGuideClientRewardsServiceImpl : Service - Distance calculated: 11426.562609151742
2021-11-27 20:34:21.048  INFO 530588 --- [nPool-worker-14] .t.t.s.TourGuideClientRewardsServiceImpl : Service - Distance calculated: 164.91310606753288
2021-11-27 20:34:21.047  INFO 530588 --- [onPool-worker-9] .t.t.s.TourGuideClientRewardsServiceImpl : Service - Distance calculated: 3135.5315513727364
2021-11-27 20:34:21.048  INFO 530588 --- [nPool-worker-14] .t.t.s.TourGuideClientRewardsServiceImpl : Service - Distance calculated: 115.99464245531166
2021-11-27 20:34:21.048  INFO 530588 --- [onPool-worker-9] .t.t.s.TourGuideClientRewardsServiceImpl : Service - Distance calculated: 4868.346893407806
2021-11-27 20:34:21.048  INFO 530588 --- [nPool-worker-14] .t.t.s.TourGuideClientRewardsServiceImpl : Service - Distance calculated: 1428.8577204882306
2021-11-27 20:34:21.048  INFO 530588 --- [onPool-worker-9] .t.t.s.TourGuideClientRewardsServiceImpl : Service - Distance calculated: 4083.917731748439
2021-11-27 20:34:21.048  INFO 530588 --- [nPool-worker-14] .t.t.s.TourGuideClientRewardsServiceImpl : Service - Distance calculated: 1418.571827418631
2021-11-27 20:34:21.048  INFO 530588 --- [onPool-worker-9] .t.t.s.TourGuideClientRewardsServiceImpl : Service - Distance calculated: 3305.6944802513462
2021-11-27 20:34:21.048  INFO 530588 --- [nPool-worker-14] .t.t.s.TourGuideClientRewardsServiceImpl : Service - Distance calculated: 460.11990361699293
2021-11-27 20:34:21.047  INFO 530588 --- [ool-57-thread-2] .t.t.s.TourGuideClientRewardsServiceImpl : Service - Distance calculated: 2440.177336041544
2021-11-27 20:34:21.048  INFO 530588 --- [nPool-worker-14] .t.t.s.TourGuideClientRewardsServiceImpl : Service - Distance calculated: 1992.7911930022951
2021-11-27 20:34:21.047  INFO 530588 --- [onPool-worker-7] .t.t.s.TourGuideClientRewardsServiceImpl : Service - Distance calculated: 4649.505452763604
2021-11-27 20:34:21.048  INFO 530588 --- [ool-57-thread-2] .t.t.s.TourGuideClientRewardsServiceImpl : Service - Distance calculated: 2168.830527042806
2021-11-27 20:34:21.047  INFO 530588 --- [ol-122-thread-2] .t.t.s.TourGuideClientRewardsServiceImpl : Service - Distance calculated: 7436.502139115312
2021-11-27 20:34:21.048  INFO 530588 --- [ool-57-thread-2] .t.t.s.TourGuideClientRewardsServiceImpl : Service - Calculate rewards points for user: internalUser84
2021-11-27 20:34:21.048  INFO 530588 --- [ol-122-thread-2] .t.t.s.TourGuideClientRewardsServiceImpl : Service - Distance calculated: 7683.355225241622
2021-11-27 20:34:21.048  INFO 530588 --- [ol-122-thread-2] .t.t.s.TourGuideClientRewardsServiceImpl : Service - Distance calculated: 6769.900801658696
2021-11-27 20:34:21.048  INFO 530588 --- [ol-122-thread-2] .t.t.s.TourGuideClientRewardsServiceImpl : Service - Calculate rewards points for user: internalUser42
2021-11-27 20:34:21.047  INFO 530588 --- [nPool-worker-10] .t.t.s.TourGuideClientRewardsServiceImpl : Service - Distance calculated: 9468.935688918606
2021-11-27 20:34:21.048  INFO 530588 --- [nPool-worker-10] .t.t.s.TourGuideClientRewardsServiceImpl : Service - Distance calculated: 10201.912998847058
2021-11-27 20:34:21.048  INFO 530588 --- [nPool-worker-10] .t.t.s.TourGuideClientRewardsServiceImpl : Service - Distance calculated: 9790.984067047875
2021-11-27 20:34:21.048  INFO 530588 --- [nPool-worker-10] .t.t.s.TourGuideClientRewardsServiceImpl : Service - Distance calculated: 9695.81004726326
2021-11-27 20:34:21.048  INFO 530588 --- [nPool-worker-10] .t.t.s.TourGuideClientRewardsServiceImpl : Service - Distance calculated: 9644.758311606041
2021-11-27 20:34:21.048  INFO 530588 --- [nPool-worker-10] .t.t.s.TourGuideClientRewardsServiceImpl : Service - Distance calculated: 8799.950210183188
2021-11-27 20:34:21.048  INFO 530588 --- [nPool-worker-10] .t.t.s.TourGuideClientRewardsServiceImpl : Service - Distance calculated: 8867.723912475285
2021-11-27 20:34:21.048  INFO 530588 --- [nPool-worker-10] .t.t.s.TourGuideClientRewardsServiceImpl : Service - Distance calculated: 9170.472982064548
2021-11-27 20:34:21.048  INFO 530588 --- [nPool-worker-10] .t.t.s.TourGuideClientRewardsServiceImpl : Service - Distance calculated: 8945.210427464535
2021-11-27 20:34:21.048  INFO 530588 --- [nPool-worker-10] .t.t.s.TourGuideClientRewardsServiceImpl : Service - Distance calculated: 9389.964045379356
2021-11-27 20:34:21.048  INFO 530588 --- [nPool-worker-10] .t.t.s.TourGuideClientRewardsServiceImpl : Service - Distance calculated: 8905.176173460244
2021-11-27 20:34:21.047  INFO 530588 --- [ool-68-thread-2] .t.t.s.TourGuideClientRewardsServiceImpl : Service - Distance calculated: 8486.551831198343
2021-11-27 20:34:21.047  INFO 530588 --- [onPool-worker-8] .t.t.s.TourGuideClientRewardsServiceImpl : Service - Distance calculated: 4616.785060280058
2021-11-27 20:34:21.047  INFO 530588 --- [nPool-worker-12] .t.t.s.TourGuideClientRewardsServiceImpl : Service - Distance calculated: 5981.759701512831
2021-11-27 20:34:21.048  INFO 530588 --- [onPool-worker-8] .t.t.s.TourGuideClientRewardsServiceImpl : Service - Distance calculated: 8273.159252139176
2021-11-27 20:34:21.048  INFO 530588 --- [onPool-worker-8] .t.t.s.TourGuideClientRewardsServiceImpl : Service - Distance calculated: 9047.34147580575
2021-11-27 20:34:21.048  INFO 530588 --- [nPool-worker-12] .t.t.s.TourGuideClientRewardsServiceImpl : Service - Distance calculated: 6772.344093192588
2021-11-27 20:34:21.048  INFO 530588 --- [nPool-worker-12] .t.t.s.TourGuideClientRewardsServiceImpl : Service - Distance calculated: 7056.119863522081
2021-11-27 20:34:21.047  INFO 530588 --- [onPool-worker-6] .t.t.s.TourGuideClientRewardsServiceImpl : Service - Distance calculated: 9165.476437577001
2021-11-27 20:34:21.050  INFO 530588 --- [nPool-worker-12] .t.t.s.TourGuideClientRewardsServiceImpl : Service - Distance calculated: 6621.827668000064
2021-11-27 20:34:21.047  INFO 530588 --- [ool-71-thread-2] .t.t.s.TourGuideClientRewardsServiceImpl : Service - Distance calculated: 4858.740974791322
2021-11-27 20:34:21.047  INFO 530588 --- [onPool-worker-1] .t.t.s.TourGuideClientRewardsServiceImpl : Service - Distance calculated: 8290.201560247659
2021-11-27 20:34:21.053  INFO 530588 --- [onPool-worker-6] .t.t.s.TourGuideClientRewardsServiceImpl : Service - Distance calculated: 8001.418092425019
2021-11-27 20:34:21.047  INFO 530588 --- [ool-51-thread-2] .t.t.s.TourGuideClientRewardsServiceImpl : Service - Distance calculated: 164.91310606753288
2021-11-27 20:34:21.055  INFO 530588 --- [onPool-worker-1] .t.t.s.TourGuideClientRewardsServiceImpl : Service - Distance calculated: 8740.615317024743
2021-11-27 20:34:21.047  INFO 530588 --- [onPool-worker-5] .t.t.s.TourGuideClientRewardsServiceImpl : Service - Distance calculated: 3008.940965624812
2021-11-27 20:34:21.055  INFO 530588 --- [onPool-worker-1] .t.t.s.TourGuideClientRewardsServiceImpl : Service - Distance calculated: 8251.77644368681
2021-11-27 20:34:21.047  INFO 530588 --- [nPool-worker-15] .t.t.s.TourGuideClientRewardsServiceImpl : Service - Distance calculated: 10273.561119872971
2021-11-27 20:34:21.055  INFO 530588 --- [onPool-worker-1] .t.t.s.TourGuideClientRewardsServiceImpl : Service - Distance calculated: 8199.21591962549
2021-11-27 20:34:21.055  INFO 530588 --- [onPool-worker-1] .t.t.s.TourGuideClientRewardsServiceImpl : Service - Distance calculated: 8215.311864740268
2021-11-27 20:34:21.055  INFO 530588 --- [nPool-worker-15] .t.t.s.TourGuideClientRewardsServiceImpl : Service - Distance calculated: 10199.921364712593
2021-11-27 20:34:21.056  INFO 530588 --- [onPool-worker-1] .t.t.s.TourGuideClientRewardsServiceImpl : Service - Distance calculated: 9300.303587986096
2021-11-27 20:34:21.056  INFO 530588 --- [nPool-worker-15] .t.t.s.TourGuideClientRewardsServiceImpl : Service - Distance calculated: 10139.538355996914
2021-11-27 20:34:21.056  INFO 530588 --- [onPool-worker-1] .t.t.s.TourGuideClientRewardsServiceImpl : Service - Distance calculated: 8231.640551276832
2021-11-27 20:34:21.056  INFO 530588 --- [nPool-worker-15] .t.t.s.TourGuideClientRewardsServiceImpl : Service - Distance calculated: 9300.97840724614
2021-11-27 20:34:21.056  INFO 530588 --- [onPool-worker-1] .t.t.s.TourGuideClientRewardsServiceImpl : Service - Distance calculated: 8840.549654676592
2021-11-27 20:34:21.047  INFO 530588 --- [ol-102-thread-2] .t.t.s.TourGuideClientRewardsServiceImpl : Service - Distance calculated: 5827.518049551939
2021-11-27 20:34:21.047  INFO 530588 --- [onPool-worker-4] .t.t.s.TourGuideClientRewardsServiceImpl : Service - Distance calculated: 9692.712573033872
2021-11-27 20:34:21.057  INFO 530588 --- [onPool-worker-5] .t.t.s.TourGuideClientRewardsServiceImpl : Service - Distance calculated: 2804.3802446955665
2021-11-27 20:34:21.047  INFO 530588 --- [ol-120-thread-2] .t.t.s.TourGuideClientRewardsServiceImpl : Service - Distance calculated: 2729.195571272299
2021-11-27 20:34:21.057  INFO 530588 --- [onPool-worker-5] .t.t.s.TourGuideClientRewardsServiceImpl : Service - Distance calculated: 3304.166478183509
2021-11-27 20:34:21.057  INFO 530588 --- [onPool-worker-5] .t.t.s.TourGuideClientRewardsServiceImpl : Service - Distance calculated: 4530.965851870459
2021-11-27 20:34:21.057  INFO 530588 --- [ol-120-thread-2] .t.t.s.TourGuideClientRewardsServiceImpl : Service - Distance calculated: 2711.7380948966943
2021-11-27 20:34:21.047  INFO 530588 --- [ol-111-thread-2] .t.t.s.TourGuideClientRewardsServiceImpl : Service - Distance calculated: 10918.741267013249
2021-11-27 20:34:21.057  INFO 530588 --- [ol-120-thread-2] .t.t.s.TourGuideClientRewardsServiceImpl : Service - Distance calculated: 1703.452601014672
2021-11-27 20:34:21.057  INFO 530588 --- [ol-111-thread-2] .t.t.s.TourGuideClientRewardsServiceImpl : Service - Distance calculated: 10093.809238006761
2021-11-27 20:34:21.057  INFO 530588 --- [ol-120-thread-2] .t.t.s.TourGuideClientRewardsServiceImpl : Service - Distance calculated: 3295.201765530807
2021-11-27 20:34:21.057  INFO 530588 --- [ol-111-thread-2] .t.t.s.TourGuideClientRewardsServiceImpl : Service - Distance calculated: 11984.721445714986
2021-11-27 20:34:21.057  INFO 530588 --- [ol-111-thread-2] .t.t.s.TourGuideClientRewardsServiceImpl : Service - Distance calculated: 11246.308311497933
2021-11-27 20:34:21.057  INFO 530588 --- [ol-120-thread-2] .t.t.s.TourGuideClientRewardsServiceImpl : Service - Distance calculated: 3210.1611668096716
2021-11-27 20:34:21.047  INFO 530588 --- [ool-55-thread-2] .t.t.s.TourGuideClientRewardsServiceImpl : Service - Distance calculated: 680.6158831369517
2021-11-27 20:34:21.057  INFO 530588 --- [ol-120-thread-2] .t.t.s.TourGuideClientRewardsServiceImpl : Service - Distance calculated: 2494.5684739244084
2021-11-27 20:34:21.058  INFO 530588 --- [ool-55-thread-2] .t.t.s.TourGuideClientRewardsServiceImpl : Service - Distance calculated: 1344.090272349311
2021-11-27 20:34:21.058  INFO 530588 --- [ool-55-thread-2] .t.t.s.TourGuideClientRewardsServiceImpl : Service - Distance calculated: 2440.177336041544
2021-11-27 20:34:21.047  INFO 530588 --- [ool-61-thread-2] .t.t.s.TourGuideClientRewardsServiceImpl : Service - Distance calculated: 9445.026146418619
2021-11-27 20:34:21.058  INFO 530588 --- [ool-55-thread-2] .t.t.s.TourGuideClientRewardsServiceImpl : Service - Distance calculated: 2168.830527042806
2021-11-27 20:34:21.058  INFO 530588 --- [ool-55-thread-2] .t.t.s.TourGuideClientRewardsServiceImpl : Service - Calculate rewards points for user: internalUser88
2021-11-27 20:34:21.047  INFO 530588 --- [ool-63-thread-2] .t.t.s.TourGuideClientRewardsServiceImpl : Service - Distance calculated: 2440.177336041544
2021-11-27 20:34:21.047  INFO 530588 --- [ol-106-thread-2] .t.t.s.TourGuideClientRewardsServiceImpl : Service - Distance calculated: 6282.561158829105
2021-11-27 20:34:21.058  INFO 530588 --- [ool-61-thread-2] .t.t.s.TourGuideClientRewardsServiceImpl : Service - Distance calculated: 9242.66361504317
2021-11-27 20:34:21.058  INFO 530588 --- [ol-106-thread-2] .t.t.s.TourGuideClientRewardsServiceImpl : Service - Distance calculated: 3885.2304331186565
2021-11-27 20:34:21.048  INFO 530588 --- [ool-92-thread-2] .t.t.s.TourGuideClientRewardsServiceImpl : Service - Distance calculated: 6686.592638693849
2021-11-27 20:34:21.058  INFO 530588 --- [ol-106-thread-2] .t.t.s.TourGuideClientRewardsServiceImpl : Service - Distance calculated: 5990.2291795958145
2021-11-27 20:34:21.058  INFO 530588 --- [ool-61-thread-2] .t.t.s.TourGuideClientRewardsServiceImpl : Service - Distance calculated: 10286.600902713808
2021-11-27 20:34:21.058  INFO 530588 --- [ol-106-thread-2] .t.t.s.TourGuideClientRewardsServiceImpl : Service - Distance calculated: 6078.240088686155
2021-11-27 20:34:21.058  INFO 530588 --- [ol-106-thread-2] .t.t.s.TourGuideClientRewardsServiceImpl : Service - Distance calculated: 6135.746492711284
2021-11-27 20:34:21.058  INFO 530588 --- [ol-106-thread-2] .t.t.s.TourGuideClientRewardsServiceImpl : Service - Distance calculated: 6977.183309866365
2021-11-27 20:34:21.058  INFO 530588 --- [ol-106-thread-2] .t.t.s.TourGuideClientRewardsServiceImpl : Service - Distance calculated: 6717.639409455428
2021-11-27 20:34:21.058  INFO 530588 --- [ool-61-thread-2] .t.t.s.TourGuideClientRewardsServiceImpl : Service - Distance calculated: 9542.84478843714
2021-11-27 20:34:21.058  INFO 530588 --- [ol-106-thread-2] .t.t.s.TourGuideClientRewardsServiceImpl : Service - Distance calculated: 6555.112744185396
2021-11-27 20:34:21.058  INFO 530588 --- [ool-61-thread-2] .t.t.s.TourGuideClientRewardsServiceImpl : Service - Distance calculated: 9459.027188018339
2021-11-27 20:34:21.058  INFO 530588 --- [ool-92-thread-2] .t.t.s.TourGuideClientRewardsServiceImpl : Service - Distance calculated: 6749.971350987612
2021-11-27 20:34:21.058  INFO 530588 --- [ool-92-thread-2] .t.t.s.TourGuideClientRewardsServiceImpl : Service - Distance calculated: 6103.613053854402
2021-11-27 20:34:21.058  INFO 530588 --- [ool-92-thread-2] .t.t.s.TourGuideClientRewardsServiceImpl : Service - Distance calculated: 5482.575729444627
2021-11-27 20:34:21.048  INFO 530588 --- [onPool-worker-3] .t.t.s.TourGuideClientRewardsServiceImpl : Service - Distance calculated: 9783.957524317235
2021-11-27 20:34:21.058  INFO 530588 --- [onPool-worker-3] .t.t.s.TourGuideClientRewardsServiceImpl : Service - Distance calculated: 9827.373619564058
2021-11-27 20:34:21.048  INFO 530588 --- [nPool-worker-13] .t.t.s.TourGuideClientRewardsServiceImpl : Service - Distance calculated: 10194.76003931323
2021-11-27 20:34:21.058  INFO 530588 --- [onPool-worker-3] .t.t.s.TourGuideClientRewardsServiceImpl : Service - Distance calculated: 10322.685419058684
2021-11-27 20:34:21.058  INFO 530588 --- [onPool-worker-3] .t.t.s.TourGuideClientRewardsServiceImpl : Service - Distance calculated: 10420.562914428054
2021-11-27 20:34:21.058  INFO 530588 --- [nPool-worker-13] .t.t.s.TourGuideClientRewardsServiceImpl : Service - Distance calculated: 10845.665035851878
2021-11-27 20:34:21.058  INFO 530588 --- [onPool-worker-3] .t.t.s.TourGuideClientRewardsServiceImpl : Service - Distance calculated: 10154.431945496508
2021-11-27 20:34:21.058  INFO 530588 --- [onPool-worker-3] .t.t.s.TourGuideClientRewardsServiceImpl : Service - Distance calculated: 10029.338910340206
2021-11-27 20:34:21.058  INFO 530588 --- [onPool-worker-3] .t.t.s.TourGuideClientRewardsServiceImpl : Service - Distance calculated: 10236.111650957208
2021-11-27 20:34:21.058  INFO 530588 --- [onPool-worker-3] .t.t.s.TourGuideClientRewardsServiceImpl : Service - Distance calculated: 7501.044052827265
2021-11-27 20:34:21.058  INFO 530588 --- [onPool-worker-3] .t.t.s.TourGuideClientRewardsServiceImpl : Service - Distance calculated: 9837.987274413868
2021-11-27 20:34:21.058  INFO 530588 --- [onPool-worker-3] .t.t.s.TourGuideClientRewardsServiceImpl : Service - Distance calculated: 9993.929587808021
2021-11-27 20:34:21.048  INFO 530588 --- [ool-44-thread-2] .t.t.s.TourGuideClientRewardsServiceImpl : Service - Distance calculated: 2282.746325565392
2021-11-27 20:34:21.048  INFO 530588 --- [ool-60-thread-2] .t.t.s.TourGuideClientRewardsServiceImpl : Service - Distance calculated: 1576.7472428725728
2021-11-27 20:34:21.048  INFO 530588 --- [onPool-worker-2] .t.t.s.TourGuideClientRewardsServiceImpl : Service - Distance calculated: 8035.124699576235
2021-11-27 20:34:21.048  INFO 530588 --- [nPool-worker-11] .t.t.s.TourGuideClientRewardsServiceImpl : Service - Distance calculated: 1531.1054439208208
2021-11-27 20:34:21.059  INFO 530588 --- [onPool-worker-2] .t.t.s.TourGuideClientRewardsServiceImpl : Service - Distance calculated: 7781.385879564277
2021-11-27 20:34:21.059  INFO 530588 --- [onPool-worker-2] .t.t.s.TourGuideClientRewardsServiceImpl : Service - Distance calculated: 8273.785866209837
2021-11-27 20:34:21.059  INFO 530588 --- [nPool-worker-11] .t.t.s.TourGuideClientRewardsServiceImpl : Service - Distance calculated: 944.5340541077929
2021-11-27 20:34:21.059  INFO 530588 --- [onPool-worker-2] .t.t.s.TourGuideClientRewardsServiceImpl : Service - Distance calculated: 7491.195988132527
2021-11-27 20:34:21.059  INFO 530588 --- [nPool-worker-11] .t.t.s.TourGuideClientRewardsServiceImpl : Service - Distance calculated: 1141.0225268066629
2021-11-27 20:34:21.059  INFO 530588 --- [onPool-worker-2] .t.t.s.TourGuideClientRewardsServiceImpl : Service - Distance calculated: 6413.545151462374
2021-11-27 20:34:21.059  INFO 530588 --- [nPool-worker-11] .t.t.s.TourGuideClientRewardsServiceImpl : Service - Distance calculated: 817.5006664848439
2021-11-27 20:34:21.059  INFO 530588 --- [onPool-worker-2] .t.t.s.TourGuideClientRewardsServiceImpl : Service - Distance calculated: 8249.346883937158
2021-11-27 20:34:21.059  INFO 530588 --- [nPool-worker-11] .t.t.s.TourGuideClientRewardsServiceImpl : Service - Distance calculated: 1446.9012139369122
2021-11-27 20:34:21.059  INFO 530588 --- [onPool-worker-2] .t.t.s.TourGuideClientRewardsServiceImpl : Service - Distance calculated: 8986.760232383207
2021-11-27 20:34:21.059  INFO 530588 --- [nPool-worker-11] .t.t.s.TourGuideClientRewardsServiceImpl : Service - Distance calculated: 2651.6310836820912
2021-11-27 20:34:21.048  INFO 530588 --- [ol-130-thread-2] .t.t.s.TourGuideClientRewardsServiceImpl : Service - Distance calculated: 5249.88945334851
2021-11-27 20:34:21.059  INFO 530588 --- [nPool-worker-11] .t.t.s.TourGuideClientRewardsServiceImpl : Service - Distance calculated: 634.4940331178917
2021-11-27 20:34:21.048  INFO 530588 --- [ool-88-thread-2] .t.t.s.TourGuideClientRewardsServiceImpl : Service - Distance calculated: 4822.319004071343
2021-11-27 20:34:21.059  INFO 530588 --- [ol-130-thread-2] .t.t.s.TourGuideClientRewardsServiceImpl : Service - Distance calculated: 5185.69481588316
2021-11-27 20:34:21.059  INFO 530588 --- [ol-130-thread-2] .t.t.s.TourGuideClientRewardsServiceImpl : Service - Distance calculated: 4052.5311371474854
2021-11-27 20:34:21.059  INFO 530588 --- [ol-130-thread-2] .t.t.s.TourGuideClientRewardsServiceImpl : Service - Distance calculated: 5238.254542873184
2021-11-27 20:34:21.059  INFO 530588 --- [ool-88-thread-2] .t.t.s.TourGuideClientRewardsServiceImpl : Service - Distance calculated: 5106.262259892169
2021-11-27 20:34:21.048  INFO 530588 --- [ol-138-thread-2] .t.t.s.TourGuideClientRewardsServiceImpl : Service - Distance calculated: 9621.964675153493
2021-11-27 20:34:21.059  INFO 530588 --- [ool-88-thread-2] .t.t.s.TourGuideClientRewardsServiceImpl : Service - Distance calculated: 4731.871717458026
2021-11-27 20:34:21.059  INFO 530588 --- [ol-138-thread-2] .t.t.s.TourGuideClientRewardsServiceImpl : Service - Distance calculated: 8927.150205496706
2021-11-27 20:34:21.048  INFO 530588 --- [ol-104-thread-2] .t.t.s.TourGuideClientRewardsServiceImpl : Service - Distance calculated: 10149.682780293984
2021-11-27 20:34:21.059  INFO 530588 --- [ol-138-thread-2] .t.t.s.TourGuideClientRewardsServiceImpl : Service - Distance calculated: 9441.252198415059
2021-11-27 20:34:21.059  INFO 530588 --- [ol-138-thread-2] .t.t.s.TourGuideClientRewardsServiceImpl : Service - Distance calculated: 9532.769736705846
2021-11-27 20:34:21.059  INFO 530588 --- [ool-88-thread-2] .t.t.s.TourGuideClientRewardsServiceImpl : Service - Distance calculated: 5375.7823620191775
2021-11-27 20:34:21.048  INFO 530588 --- [onPool-worker-9] .t.t.s.TourGuideClientRewardsServiceImpl : Service - Distance calculated: 4252.722873417698
2021-11-27 20:34:21.059  INFO 530588 --- [ool-88-thread-2] .t.t.s.TourGuideClientRewardsServiceImpl : Service - Distance calculated: 4422.357109489745
2021-11-27 20:34:21.059  INFO 530588 --- [onPool-worker-9] .t.t.s.TourGuideClientRewardsServiceImpl : Service - Distance calculated: 5.8950310023474215E-5
2021-11-27 20:34:21.059  INFO 530588 --- [ool-88-thread-2] .t.t.s.TourGuideClientRewardsServiceImpl : Service - Distance calculated: 4928.526407691096
2021-11-27 20:34:21.059  INFO 530588 --- [ool-88-thread-2] .t.t.s.TourGuideClientRewardsServiceImpl : Service - Distance calculated: 4546.883321612052
2021-11-27 20:34:21.059  INFO 530588 --- [ool-88-thread-2] .t.t.s.TourGuideClientRewardsServiceImpl : Service - Distance calculated: 4518.322259104134
2021-11-27 20:34:21.059  INFO 530588 --- [ool-88-thread-2] .t.t.s.TourGuideClientRewardsServiceImpl : Service - Distance calculated: 5351.760854212442
2021-11-27 20:34:21.048  INFO 530588 --- [nPool-worker-14] .t.t.s.TourGuideClientRewardsServiceImpl : Service - Distance calculated: 1906.7972782801585
2021-11-27 20:34:21.048  INFO 530588 --- [onPool-worker-7] .t.t.s.TourGuideClientRewardsServiceImpl : Service - Distance calculated: 4534.768492970833
2021-11-27 20:34:21.059  INFO 530588 --- [nPool-worker-14] .t.t.s.TourGuideClientRewardsServiceImpl : Service - Distance calculated: 2360.645624935619
2021-11-27 20:34:21.059  INFO 530588 --- [ool-88-thread-2] .t.t.s.TourGuideClientRewardsServiceImpl : Service - Calculate rewards points for user: internalUser91
2021-11-27 20:34:21.059  INFO 530588 --- [nPool-worker-14] .t.t.s.TourGuideClientRewardsServiceImpl : Service - Distance calculated: 2434.494471527265
2021-11-27 20:34:21.059  INFO 530588 --- [nPool-worker-14] .t.t.s.TourGuideClientRewardsServiceImpl : Service - Distance calculated: 2148.3967563579567
2021-11-27 20:34:21.048  INFO 530588 --- [nPool-worker-10] .t.t.s.TourGuideClientRewardsServiceImpl : Service - Distance calculated: 8789.968998345315
2021-11-27 20:34:21.048  INFO 530588 --- [ool-68-thread-2] .t.t.s.TourGuideClientRewardsServiceImpl : Service - Distance calculated: 8448.578426630062
2021-11-27 20:34:21.059  INFO 530588 --- [nPool-worker-10] .t.t.s.TourGuideClientRewardsServiceImpl : Service - Distance calculated: 8858.962749384606
2021-11-27 20:34:21.048  INFO 530588 --- [onPool-worker-8] .t.t.s.TourGuideClientRewardsServiceImpl : Service - Distance calculated: 8420.11546332137
2021-11-27 20:34:21.059  INFO 530588 --- [nPool-worker-10] .t.t.s.TourGuideClientRewardsServiceImpl : Service - Distance calculated: 9915.10038723239
2021-11-27 20:34:21.053  INFO 530588 --- [nPool-worker-12] .t.t.s.TourGuideClientRewardsServiceImpl : Service - Distance calculated: 6890.618520387685
2021-11-27 20:34:21.059  INFO 530588 --- [nPool-worker-10] .t.t.s.TourGuideClientRewardsServiceImpl : Service - Distance calculated: 8865.271034704932
2021-11-27 20:34:21.055  INFO 530588 --- [ool-71-thread-2] .t.t.s.TourGuideClientRewardsServiceImpl : Service - Distance calculated: 5664.964077058491
2021-11-27 20:34:21.059  INFO 530588 --- [nPool-worker-10] .t.t.s.TourGuideClientRewardsServiceImpl : Service - Distance calculated: 9493.848474865865
2021-11-27 20:34:21.059  INFO 530588 --- [nPool-worker-12] .t.t.s.TourGuideClientRewardsServiceImpl : Service - Distance calculated: 6355.939587521741
2021-11-27 20:34:21.059  INFO 530588 --- [onPool-worker-9] .t.t.s.TourGuideClientRewardsServiceImpl : Service - Distance calculated: 774.5207212649109
2021-11-27 20:34:21.055  INFO 530588 --- [onPool-worker-6] .t.t.s.TourGuideClientRewardsServiceImpl : Service - Distance calculated: 9969.649781667673
2021-11-27 20:34:21.059  INFO 530588 --- [onPool-worker-9] .t.t.s.TourGuideClientRewardsServiceImpl : Service - Distance calculated: 164.91310606753288
2021-11-27 20:34:21.055  INFO 530588 --- [ool-51-thread-2] .t.t.s.TourGuideClientRewardsServiceImpl : Service - Distance calculated: 115.99464245531166
2021-11-27 20:34:21.059  INFO 530588 --- [onPool-worker-6] .t.t.s.TourGuideClientRewardsServiceImpl : Service - Distance calculated: 10462.42910019029
2021-11-27 20:34:21.059  INFO 530588 --- [ool-51-thread-2] .t.t.s.TourGuideClientRewardsServiceImpl : Service - Distance calculated: 1428.8577204882306
2021-11-27 20:34:21.059  INFO 530588 --- [ool-51-thread-2] .t.t.s.TourGuideClientRewardsServiceImpl : Service - Distance calculated: 1418.571827418631
2021-11-27 20:34:21.059  INFO 530588 --- [ool-51-thread-2] .t.t.s.TourGuideClientRewardsServiceImpl : Service - Distance calculated: 460.11990361699293
2021-11-27 20:34:21.056  INFO 530588 --- [nPool-worker-15] .t.t.s.TourGuideClientRewardsServiceImpl : Service - Distance calculated: 9390.383229278257
2021-11-27 20:34:21.059  INFO 530588 --- [onPool-worker-6] .t.t.s.TourGuideClientRewardsServiceImpl : Service - Distance calculated: 8592.491165083518
2021-11-27 20:34:21.057  INFO 530588 --- [ol-102-thread-2] .t.t.s.TourGuideClientRewardsServiceImpl : Service - Distance calculated: 6420.344139386964
2021-11-27 20:34:21.059  INFO 530588 --- [nPool-worker-15] .t.t.s.TourGuideClientRewardsServiceImpl : Service - Distance calculated: 9690.494968703233
2021-11-27 20:34:21.057  INFO 530588 --- [onPool-worker-1] .t.t.s.TourGuideClientRewardsServiceImpl : Service - Distance calculated: 9174.33927458153
2021-11-27 20:34:21.057  INFO 530588 --- [onPool-worker-4] .t.t.s.TourGuideClientRewardsServiceImpl : Service - Distance calculated: 9248.767770595878
2021-11-27 20:34:21.057  INFO 530588 --- [onPool-worker-5] .t.t.s.TourGuideClientRewardsServiceImpl : Service - Distance calculated: 2460.9526201425024
2021-11-27 20:34:21.060  INFO 530588 --- [onPool-worker-1] .t.t.s.TourGuideClientRewardsServiceImpl : Service - Distance calculated: 8251.983996862642
2021-11-27 20:34:21.060  INFO 530588 --- [onPool-worker-4] .t.t.s.TourGuideClientRewardsServiceImpl : Service - Distance calculated: 9174.754591072395
2021-11-27 20:34:21.060  INFO 530588 --- [onPool-worker-5] .t.t.s.TourGuideClientRewardsServiceImpl : Service - Distance calculated: 2610.9319158173994
2021-11-27 20:34:21.060  INFO 530588 --- [onPool-worker-4] .t.t.s.TourGuideClientRewardsServiceImpl : Service - Distance calculated: 8830.186974735716
2021-11-27 20:34:21.057  INFO 530588 --- [ol-111-thread-2] .t.t.s.TourGuideClientRewardsServiceImpl : Service - Distance calculated: 10262.426543607131
2021-11-27 20:34:21.060  INFO 530588 --- [onPool-worker-5] .t.t.s.TourGuideClientRewardsServiceImpl : Service - Distance calculated: 3902.8871458476465
2021-11-27 20:34:21.058  INFO 530588 --- [ol-120-thread-2] .t.t.s.TourGuideClientRewardsServiceImpl : Service - Distance calculated: 3734.582231655963
2021-11-27 20:34:21.060  INFO 530588 --- [onPool-worker-5] .t.t.s.TourGuideClientRewardsServiceImpl : Service - Distance calculated: 3414.373787617065
2021-11-27 20:34:21.059  INFO 530588 --- [ool-51-thread-2] .t.t.s.TourGuideClientRewardsServiceImpl : Service - Distance calculated: 1992.7911930022951
2021-11-27 20:34:21.060  INFO 530588 --- [ol-111-thread-2] .t.t.s.TourGuideClientRewardsServiceImpl : Service - Distance calculated: 10863.941492614053
2021-11-27 20:34:21.060  INFO 530588 --- [ol-111-thread-2] .t.t.s.TourGuideClientRewardsServiceImpl : Service - Calculate rewards points for user: internalUser32
2021-11-27 20:34:21.058  INFO 530588 --- [ool-63-thread-2] .t.t.s.TourGuideClientRewardsServiceImpl : Service - Distance calculated: 2168.830527042806
2021-11-27 20:34:21.058  INFO 530588 --- [ol-106-thread-2] .t.t.s.TourGuideClientRewardsServiceImpl : Service - Distance calculated: 6741.828375379346
2021-11-27 20:34:21.058  INFO 530588 --- [ool-61-thread-2] .t.t.s.TourGuideClientRewardsServiceImpl : Service - Distance calculated: 9402.117458385048
2021-11-27 20:34:21.058  INFO 530588 --- [ool-92-thread-2] .t.t.s.TourGuideClientRewardsServiceImpl : Service - Distance calculated: 6046.529571264978
2021-11-27 20:34:21.060  INFO 530588 --- [ool-61-thread-2] .t.t.s.TourGuideClientRewardsServiceImpl : Service - Distance calculated: 8560.705689072529
2021-11-27 20:34:21.058  INFO 530588 --- [nPool-worker-13] .t.t.s.TourGuideClientRewardsServiceImpl : Service - Distance calculated: 10916.93004554038
2021-11-27 20:34:21.060  INFO 530588 --- [ool-61-thread-2] .t.t.s.TourGuideClientRewardsServiceImpl : Service - Distance calculated: 8680.09586270607
2021-11-27 20:34:21.060  INFO 530588 --- [ool-61-thread-2] .t.t.s.TourGuideClientRewardsServiceImpl : Service - Distance calculated: 8952.059327788475
2021-11-27 20:34:21.059  INFO 530588 --- [onPool-worker-3] .t.t.s.TourGuideClientRewardsServiceImpl : Service - Distance calculated: 10017.668364850268
2021-11-27 20:34:21.059  INFO 530588 --- [ool-44-thread-2] .t.t.s.TourGuideClientRewardsServiceImpl : Service - Distance calculated: 2289.4339721013357
2021-11-27 20:34:21.059  INFO 530588 --- [onPool-worker-2] .t.t.s.TourGuideClientRewardsServiceImpl : Service - Distance calculated: 6955.797671669866
2021-11-27 20:34:21.059  INFO 530588 --- [nPool-worker-11] .t.t.s.TourGuideClientRewardsServiceImpl : Service - Distance calculated: 886.9133366700537
2021-11-27 20:34:21.059  INFO 530588 --- [ol-130-thread-2] .t.t.s.TourGuideClientRewardsServiceImpl : Service - Distance calculated: 4621.107795988954
2021-11-27 20:34:21.060  INFO 530588 --- [nPool-worker-11] .t.t.s.TourGuideClientRewardsServiceImpl : Service - Distance calculated: 2037.1597379538875
2021-11-27 20:34:21.059  INFO 530588 --- [ol-104-thread-2] .t.t.s.TourGuideClientRewardsServiceImpl : Service - Distance calculated: 9283.18557876893
2021-11-27 20:34:21.060  INFO 530588 --- [nPool-worker-11] .t.t.s.TourGuideClientRewardsServiceImpl : Service - Distance calculated: 1432.7283337461433
2021-11-27 20:34:21.060  INFO 530588 --- [onPool-worker-2] .t.t.s.TourGuideClientRewardsServiceImpl : Service - Distance calculated: 7746.407442983893
2021-11-27 20:34:21.060  INFO 530588 --- [nPool-worker-11] .t.t.s.TourGuideClientRewardsServiceImpl : Service - Distance calculated: 791.1177540675827
2021-11-27 20:34:21.060  INFO 530588 --- [nPool-worker-11] .t.t.s.TourGuideClientRewardsServiceImpl : Service - Distance calculated: 576.1999261823719
2021-11-27 20:34:21.060  INFO 530588 --- [nPool-worker-11] .t.t.s.TourGuideClientRewardsServiceImpl : Service - Distance calculated: 5671.315598903052
2021-11-27 20:34:21.059  INFO 530588 --- [ool-60-thread-2] .t.t.s.TourGuideClientRewardsServiceImpl : Service - Distance calculated: 1921.4807999190489
2021-11-27 20:34:21.059  INFO 530588 --- [ol-138-thread-2] .t.t.s.TourGuideClientRewardsServiceImpl : Service - Distance calculated: 8697.291466599909
2021-11-27 20:34:21.060  INFO 530588 --- [ool-60-thread-2] .t.t.s.TourGuideClientRewardsServiceImpl : Service - Distance calculated: 1277.6245433336508
2021-11-27 20:34:21.059  INFO 530588 --- [onPool-worker-7] .t.t.s.TourGuideClientRewardsServiceImpl : Service - Distance calculated: 4920.5201179018
2021-11-27 20:34:21.060  INFO 530588 --- [ol-138-thread-2] .t.t.s.TourGuideClientRewardsServiceImpl : Service - Calculate rewards points for user: internalUser62
2021-11-27 20:34:21.059  INFO 530588 --- [nPool-worker-14] .t.t.s.TourGuideClientRewardsServiceImpl : Service - Distance calculated: 2282.746325565392
2021-11-27 20:34:21.060  INFO 530588 --- [onPool-worker-7] .t.t.s.TourGuideClientRewardsServiceImpl : Service - Distance calculated: 6102.308217686145
2021-11-27 20:34:21.060  INFO 530588 --- [nPool-worker-14] .t.t.s.TourGuideClientRewardsServiceImpl : Service - Distance calculated: 2289.4339721013357
2021-11-27 20:34:21.059  INFO 530588 --- [ool-68-thread-2] .t.t.s.TourGuideClientRewardsServiceImpl : Service - Distance calculated: 11225.6539366204
2021-11-27 20:34:21.060  INFO 530588 --- [nPool-worker-14] .t.t.s.TourGuideClientRewardsServiceImpl : Service - Distance calculated: 1204.372289719331
2021-11-27 20:34:21.059  INFO 530588 --- [onPool-worker-8] .t.t.s.TourGuideClientRewardsServiceImpl : Service - Distance calculated: 8333.4687515193
2021-11-27 20:34:21.059  INFO 530588 --- [nPool-worker-10] .t.t.s.TourGuideClientRewardsServiceImpl : Service - Distance calculated: 9799.37358361597
2021-11-27 20:34:21.059  INFO 530588 --- [nPool-worker-12] .t.t.s.TourGuideClientRewardsServiceImpl : Service - Distance calculated: 7004.066115371283
2021-11-27 20:34:21.060  INFO 530588 --- [nPool-worker-10] .t.t.s.TourGuideClientRewardsServiceImpl : Service - Distance calculated: 8893.722172193902
2021-11-27 20:34:21.059  INFO 530588 --- [ool-71-thread-2] .t.t.s.TourGuideClientRewardsServiceImpl : Service - Distance calculated: 6759.2642118447575
2021-11-27 20:34:21.060  INFO 530588 --- [nPool-worker-12] .t.t.s.TourGuideClientRewardsServiceImpl : Service - Distance calculated: 7182.045742675332
2021-11-27 20:34:21.060  INFO 530588 --- [ool-68-thread-2] .t.t.s.TourGuideClientRewardsServiceImpl : Service - Distance calculated: 8161.32830153688
2021-11-27 20:34:21.059  INFO 530588 --- [onPool-worker-9] .t.t.s.TourGuideClientRewardsServiceImpl : Service - Distance calculated: 115.99464245531166
2021-11-27 20:34:21.059  INFO 530588 --- [onPool-worker-6] .t.t.s.TourGuideClientRewardsServiceImpl : Service - Distance calculated: 9311.611693302028
2021-11-27 20:34:21.060  INFO 530588 --- [onPool-worker-9] .t.t.s.TourGuideClientRewardsServiceImpl : Service - Distance calculated: 1428.8577204882306
2021-11-27 20:34:21.059  INFO 530588 --- [ol-102-thread-2] .t.t.s.TourGuideClientRewardsServiceImpl : Service - Distance calculated: 6866.103601528583
2021-11-27 20:34:21.060  INFO 530588 --- [nPool-worker-15] .t.t.s.TourGuideClientRewardsServiceImpl : Service - Distance calculated: 9468.33997121868
2021-11-27 20:34:21.060  INFO 530588 --- [onPool-worker-1] .t.t.s.TourGuideClientRewardsServiceImpl : Service - Distance calculated: 4649.803869542099
2021-11-27 20:34:21.060  INFO 530588 --- [nPool-worker-15] .t.t.s.TourGuideClientRewardsServiceImpl : Service - Distance calculated: 9904.434426534106
2021-11-27 20:34:21.060  INFO 530588 --- [onPool-worker-4] .t.t.s.TourGuideClientRewardsServiceImpl : Service - Distance calculated: 8742.637485823172
2021-11-27 20:34:21.060  INFO 530588 --- [nPool-worker-15] .t.t.s.TourGuideClientRewardsServiceImpl : Service - Distance calculated: 9428.662733026547
2021-11-27 20:34:21.060  INFO 530588 --- [onPool-worker-5] .t.t.s.TourGuideClientRewardsServiceImpl : Service - Distance calculated: 2618.8685769873678
2021-11-27 20:34:21.060  INFO 530588 --- [nPool-worker-15] .t.t.s.TourGuideClientRewardsServiceImpl : Service - Distance calculated: 9258.988781332542
2021-11-27 20:34:21.060  INFO 530588 --- [ol-120-thread-2] .t.t.s.TourGuideClientRewardsServiceImpl : Service - Distance calculated: 3450.803260760759
2021-11-27 20:34:21.060  INFO 530588 --- [onPool-worker-5] .t.t.s.TourGuideClientRewardsServiceImpl : Service - Distance calculated: 2424.9394085162276
2021-11-27 20:34:21.060  INFO 530588 --- [ool-51-thread-2] .t.t.s.TourGuideClientRewardsServiceImpl : Service - Distance calculated: 1906.7972782801585
2021-11-27 20:34:21.060  INFO 530588 --- [onPool-worker-5] .t.t.s.TourGuideClientRewardsServiceImpl : Service - Distance calculated: 7128.606354992876
2021-11-27 20:34:21.060  INFO 530588 --- [ol-120-thread-2] .t.t.s.TourGuideClientRewardsServiceImpl : Service - Distance calculated: 3586.3686125975382
2021-11-27 20:34:21.060  INFO 530588 --- [ool-63-thread-2] .t.t.s.TourGuideClientRewardsServiceImpl : Service - Calculate rewards points for user: internalUser82
2021-11-27 20:34:21.060  INFO 530588 --- [ol-106-thread-2] .t.t.s.TourGuideClientRewardsServiceImpl : Service - Distance calculated: 6363.525084479467
2021-11-27 20:34:21.061  INFO 530588 --- [ol-120-thread-2] .t.t.s.TourGuideClientRewardsServiceImpl : Service - Distance calculated: 3535.425431781086
2021-11-27 20:34:21.060  INFO 530588 --- [ool-61-thread-2] .t.t.s.TourGuideClientRewardsServiceImpl : Service - Distance calculated: 8736.21470190938
2021-11-27 20:34:21.060  INFO 530588 --- [ool-92-thread-2] .t.t.s.TourGuideClientRewardsServiceImpl : Service - Distance calculated: 5758.973715510126
2021-11-27 20:34:21.060  INFO 530588 --- [nPool-worker-13] .t.t.s.TourGuideClientRewardsServiceImpl : Service - Distance calculated: 10142.083058075163
2021-11-27 20:34:21.061  INFO 530588 --- [ool-92-thread-2] .t.t.s.TourGuideClientRewardsServiceImpl : Service - Distance calculated: 6326.461866998543
2021-11-27 20:34:21.061  INFO 530588 --- [ool-92-thread-2] .t.t.s.TourGuideClientRewardsServiceImpl : Service - Distance calculated: 5554.984250368632
2021-11-27 20:34:21.061  INFO 530588 --- [ool-61-thread-2] .t.t.s.TourGuideClientRewardsServiceImpl : Service - Distance calculated: 9162.777075956139
2021-11-27 20:34:21.061  INFO 530588 --- [nPool-worker-13] .t.t.s.TourGuideClientRewardsServiceImpl : Service - Distance calculated: 4187.5816664878
2021-11-27 20:34:21.060  INFO 530588 --- [ool-44-thread-2] .t.t.s.TourGuideClientRewardsServiceImpl : Service - Distance calculated: 1204.372289719331
2021-11-27 20:34:21.061  INFO 530588 --- [ool-61-thread-2] .t.t.s.TourGuideClientRewardsServiceImpl : Service - Distance calculated: 8712.967550059868
2021-11-27 20:34:21.060  INFO 530588 --- [onPool-worker-3] .t.t.s.TourGuideClientRewardsServiceImpl : Service - Distance calculated: 10854.0257027873
2021-11-27 20:34:21.061  INFO 530588 --- [ool-44-thread-2] .t.t.s.TourGuideClientRewardsServiceImpl : Service - Distance calculated: 1742.5694022642394
2021-11-27 20:34:21.060  INFO 530588 --- [ol-130-thread-2] .t.t.s.TourGuideClientRewardsServiceImpl : Service - Distance calculated: 4195.090720801279
2021-11-27 20:34:21.061  INFO 530588 --- [ool-44-thread-2] .t.t.s.TourGuideClientRewardsServiceImpl : Service - Distance calculated: 1576.7472428725728
2021-11-27 20:34:21.061  INFO 530588 --- [ool-44-thread-2] .t.t.s.TourGuideClientRewardsServiceImpl : Service - Distance calculated: 1921.4807999190489
2021-11-27 20:34:21.060  INFO 530588 --- [ol-104-thread-2] .t.t.s.TourGuideClientRewardsServiceImpl : Service - Distance calculated: 11289.187962333239
2021-11-27 20:34:21.060  INFO 530588 --- [nPool-worker-11] .t.t.s.TourGuideClientRewardsServiceImpl : Service - Distance calculated: 6373.363931209964
2021-11-27 20:34:21.060  INFO 530588 --- [onPool-worker-2] .t.t.s.TourGuideClientRewardsServiceImpl : Service - Distance calculated: 8844.893137987267
2021-11-27 20:34:21.061  INFO 530588 --- [nPool-worker-11] .t.t.s.TourGuideClientRewardsServiceImpl : Service - Distance calculated: 5769.877454413623
2021-11-27 20:34:21.060  INFO 530588 --- [ool-60-thread-2] .t.t.s.TourGuideClientRewardsServiceImpl : Service - Distance calculated: 87.03441722159666
2021-11-27 20:34:21.060  INFO 530588 --- [onPool-worker-7] .t.t.s.TourGuideClientRewardsServiceImpl : Service - Distance calculated: 4124.500555262078
2021-11-27 20:34:21.061  INFO 530588 --- [ool-60-thread-2] .t.t.s.TourGuideClientRewardsServiceImpl : Service - Distance calculated: 2127.2478407793283
2021-11-27 20:34:21.061  INFO 530588 --- [onPool-worker-7] .t.t.s.TourGuideClientRewardsServiceImpl : Service - Distance calculated: 4378.693881910309
2021-11-27 20:34:21.061  INFO 530588 --- [ool-60-thread-2] .t.t.s.TourGuideClientRewardsServiceImpl : Service - Distance calculated: 2578.910516018122
2021-11-27 20:34:21.061  INFO 530588 --- [onPool-worker-7] .t.t.s.TourGuideClientRewardsServiceImpl : Service - Distance calculated: 5492.225700023999
2021-11-27 20:34:21.061  INFO 530588 --- [ool-60-thread-2] .t.t.s.TourGuideClientRewardsServiceImpl : Service - Distance calculated: 680.6158831369517
2021-11-27 20:34:21.060  INFO 530588 --- [nPool-worker-14] .t.t.s.TourGuideClientRewardsServiceImpl : Service - Distance calculated: 1742.5694022642394
2021-11-27 20:34:21.061  INFO 530588 --- [ool-60-thread-2] .t.t.s.TourGuideClientRewardsServiceImpl : Service - Distance calculated: 1344.090272349311
2021-11-27 20:34:21.060  INFO 530588 --- [onPool-worker-8] .t.t.s.TourGuideClientRewardsServiceImpl : Service - Distance calculated: 9124.143120621731
2021-11-27 20:34:21.060  INFO 530588 --- [ool-71-thread-2] .t.t.s.TourGuideClientRewardsServiceImpl : Service - Distance calculated: 6209.900292153971
2021-11-27 20:34:21.060  INFO 530588 --- [nPool-worker-10] .t.t.s.TourGuideClientRewardsServiceImpl : Service - Distance calculated: 5.8950310023474215E-5
2021-11-27 20:34:21.060  INFO 530588 --- [nPool-worker-12] .t.t.s.TourGuideClientRewardsServiceImpl : Service - Distance calculated: 6783.465682473617
2021-11-27 20:34:21.061  INFO 530588 --- [nPool-worker-12] .t.t.s.TourGuideClientRewardsServiceImpl : Service - Distance calculated: 5608.888972988366
2021-11-27 20:34:21.060  INFO 530588 --- [ool-68-thread-2] .t.t.s.TourGuideClientRewardsServiceImpl : Service - Distance calculated: 8358.232546703535
2021-11-27 20:34:21.060  INFO 530588 --- [onPool-worker-6] .t.t.s.TourGuideClientRewardsServiceImpl : Service - Distance calculated: 10367.22293277296
2021-11-27 20:34:21.060  INFO 530588 --- [onPool-worker-9] .t.t.s.TourGuideClientRewardsServiceImpl : Service - Distance calculated: 1418.571827418631
2021-11-27 20:34:21.061  INFO 530588 --- [onPool-worker-6] .t.t.s.TourGuideClientRewardsServiceImpl : Service - Distance calculated: 10026.42197258314
2021-11-27 20:34:21.060  INFO 530588 --- [ol-102-thread-2] .t.t.s.TourGuideClientRewardsServiceImpl : Service - Distance calculated: 9181.825855084744
2021-11-27 20:34:21.060  INFO 530588 --- [onPool-worker-1] .t.t.s.TourGuideClientRewardsServiceImpl : Service - Distance calculated: 4486.4521205806195
2021-11-27 20:34:21.061  INFO 530588 --- [ol-102-thread-2] .t.t.s.TourGuideClientRewardsServiceImpl : Service - Distance calculated: 8407.4750200103
2021-11-27 20:34:21.061  INFO 530588 --- [onPool-worker-1] .t.t.s.TourGuideClientRewardsServiceImpl : Service - Distance calculated: 4690.1823500018045
2021-11-27 20:34:21.060  INFO 530588 --- [onPool-worker-4] .t.t.s.TourGuideClientRewardsServiceImpl : Service - Distance calculated: 8931.825984870335
2021-11-27 20:34:21.060  INFO 530588 --- [nPool-worker-15] .t.t.s.TourGuideClientRewardsServiceImpl : Service - Distance calculated: 9367.191928910088
2021-11-27 20:34:21.061  INFO 530588 --- [onPool-worker-4] .t.t.s.TourGuideClientRewardsServiceImpl : Service - Distance calculated: 8863.258987566727
2021-11-27 20:34:21.060  INFO 530588 --- [onPool-worker-5] .t.t.s.TourGuideClientRewardsServiceImpl : Service - Distance calculated: 7614.668505102632
2021-11-27 20:34:21.061  INFO 530588 --- [onPool-worker-4] .t.t.s.TourGuideClientRewardsServiceImpl : Service - Distance calculated: 8719.457097208766
2021-11-27 20:34:21.061  INFO 530588 --- [onPool-worker-4] .t.t.s.TourGuideClientRewardsServiceImpl : Service - Distance calculated: 11509.502477566706
2021-11-27 20:34:21.061  INFO 530588 --- [nPool-worker-10] .t.t.s.TourGuideClientRewardsServiceImpl : Service - Distance calculated: 774.5207212649109
2021-11-27 20:34:21.061  INFO 530588 --- [nPool-worker-10] .t.t.s.TourGuideClientRewardsServiceImpl : Service - Distance calculated: 164.91310606753288
2021-11-27 20:34:21.061  INFO 530588 --- [nPool-worker-10] .t.t.s.TourGuideClientRewardsServiceImpl : Service - Distance calculated: 115.99464245531166
2021-11-27 20:34:21.061  INFO 530588 --- [nPool-worker-10] .t.t.s.TourGuideClientRewardsServiceImpl : Service - Distance calculated: 1428.8577204882306
2021-11-27 20:34:21.061  INFO 530588 --- [nPool-worker-10] .t.t.s.TourGuideClientRewardsServiceImpl : Service - Distance calculated: 1418.571827418631
2021-11-27 20:34:21.061  INFO 530588 --- [nPool-worker-10] .t.t.s.TourGuideClientRewardsServiceImpl : Service - Distance calculated: 460.11990361699293
2021-11-27 20:34:21.061  INFO 530588 --- [nPool-worker-10] .t.t.s.TourGuideClientRewardsServiceImpl : Service - Distance calculated: 1992.7911930022951
2021-11-27 20:34:21.061  INFO 530588 --- [nPool-worker-10] .t.t.s.TourGuideClientRewardsServiceImpl : Service - Distance calculated: 1906.7972782801585
2021-11-27 20:34:21.061  INFO 530588 --- [nPool-worker-10] .t.t.s.TourGuideClientRewardsServiceImpl : Service - Distance calculated: 2360.645624935619
2021-11-27 20:34:21.061  INFO 530588 --- [nPool-worker-10] .t.t.s.TourGuideClientRewardsServiceImpl : Service - Distance calculated: 2434.494471527265
2021-11-27 20:34:21.061  INFO 530588 --- [nPool-worker-10] .t.t.s.TourGuideClientRewardsServiceImpl : Service - Distance calculated: 2148.3967563579567
2021-11-27 20:34:21.061  INFO 530588 --- [nPool-worker-10] .t.t.s.TourGuideClientRewardsServiceImpl : Service - Distance calculated: 2282.746325565392
2021-11-27 20:34:21.061  INFO 530588 --- [nPool-worker-10] .t.t.s.TourGuideClientRewardsServiceImpl : Service - Distance calculated: 2289.4339721013357
2021-11-27 20:34:21.061  INFO 530588 --- [nPool-worker-10] .t.t.s.TourGuideClientRewardsServiceImpl : Service - Distance calculated: 1204.372289719331
2021-11-27 20:34:21.062  INFO 530588 --- [nPool-worker-10] .t.t.s.TourGuideClientRewardsServiceImpl : Service - Distance calculated: 1742.5694022642394
2021-11-27 20:34:21.062  INFO 530588 --- [nPool-worker-10] .t.t.s.TourGuideClientRewardsServiceImpl : Service - Distance calculated: 1576.7472428725728
2021-11-27 20:34:21.062  INFO 530588 --- [nPool-worker-10] .t.t.s.TourGuideClientRewardsServiceImpl : Service - Distance calculated: 1921.4807999190489
2021-11-27 20:34:21.062  INFO 530588 --- [nPool-worker-10] .t.t.s.TourGuideClientRewardsServiceImpl : Service - Distance calculated: 1277.6245433336508
2021-11-27 20:34:21.062  INFO 530588 --- [nPool-worker-10] .t.t.s.TourGuideClientRewardsServiceImpl : Service - Distance calculated: 87.03441722159666
2021-11-27 20:34:21.062  INFO 530588 --- [nPool-worker-10] .t.t.s.TourGuideClientRewardsServiceImpl : Service - Distance calculated: 2127.2478407793283
2021-11-27 20:34:21.062  INFO 530588 --- [nPool-worker-10] .t.t.s.TourGuideClientRewardsServiceImpl : Service - Distance calculated: 2578.910516018122
2021-11-27 20:34:21.062  INFO 530588 --- [nPool-worker-10] .t.t.s.TourGuideClientRewardsServiceImpl : Service - Distance calculated: 680.6158831369517
2021-11-27 20:34:21.062  INFO 530588 --- [nPool-worker-10] .t.t.s.TourGuideClientRewardsServiceImpl : Service - Distance calculated: 1344.090272349311
2021-11-27 20:34:21.062  INFO 530588 --- [nPool-worker-10] .t.t.s.TourGuideClientRewardsServiceImpl : Service - Distance calculated: 2440.177336041544
2021-11-27 20:34:21.062  INFO 530588 --- [nPool-worker-10] .t.t.s.TourGuideClientRewardsServiceImpl : Service - Distance calculated: 2168.830527042806
2021-11-27 20:34:21.062  INFO 530588 --- [nPool-worker-10] .t.t.s.TourGuideClientRewardsServiceImpl : Service - Calculate rewards points for user: internalUser72
2021-11-27 20:34:21.060  INFO 530588 --- [ool-51-thread-2] .t.t.s.TourGuideClientRewardsServiceImpl : Service - Distance calculated: 2360.645624935619
2021-11-27 20:34:21.062  INFO 530588 --- [ool-51-thread-2] .t.t.s.TourGuideClientRewardsServiceImpl : Service - Distance calculated: 2434.494471527265
2021-11-27 20:34:21.062  INFO 530588 --- [ool-51-thread-2] .t.t.s.TourGuideClientRewardsServiceImpl : Service - Distance calculated: 2148.3967563579567
2021-11-27 20:34:21.062  INFO 530588 --- [ool-51-thread-2] .t.t.s.TourGuideClientRewardsServiceImpl : Service - Distance calculated: 2282.746325565392
2021-11-27 20:34:21.062  INFO 530588 --- [ool-51-thread-2] .t.t.s.TourGuideClientRewardsServiceImpl : Service - Distance calculated: 2289.4339721013357
2021-11-27 20:34:21.062  INFO 530588 --- [ool-51-thread-2] .t.t.s.TourGuideClientRewardsServiceImpl : Service - Distance calculated: 1204.372289719331
2021-11-27 20:34:21.061  INFO 530588 --- [ol-106-thread-2] .t.t.s.TourGuideClientRewardsServiceImpl : Service - Distance calculated: 6704.540303429208
2021-11-27 20:34:21.061  INFO 530588 --- [ol-120-thread-2] .t.t.s.TourGuideClientRewardsServiceImpl : Service - Distance calculated: 2446.0912997556147
2021-11-27 20:34:21.062  INFO 530588 --- [ol-106-thread-2] .t.t.s.TourGuideClientRewardsServiceImpl : Service - Distance calculated: 6303.078450335258
2021-11-27 20:34:21.062  INFO 530588 --- [ol-106-thread-2] .t.t.s.TourGuideClientRewardsServiceImpl : Service - Distance calculated: 6908.317578934096
2021-11-27 20:34:21.062  INFO 530588 --- [ol-106-thread-2] .t.t.s.TourGuideClientRewardsServiceImpl : Service - Distance calculated: 5861.003950802651
2021-11-27 20:34:21.062  INFO 530588 --- [ol-106-thread-2] .t.t.s.TourGuideClientRewardsServiceImpl : Service - Distance calculated: 6531.434348300344
2021-11-27 20:34:21.062  INFO 530588 --- [ol-106-thread-2] .t.t.s.TourGuideClientRewardsServiceImpl : Service - Distance calculated: 6137.05962293986
2021-11-27 20:34:21.062  INFO 530588 --- [ol-106-thread-2] .t.t.s.TourGuideClientRewardsServiceImpl : Service - Distance calculated: 5981.750909576568
2021-11-27 20:34:21.062  INFO 530588 --- [ol-106-thread-2] .t.t.s.TourGuideClientRewardsServiceImpl : Service - Distance calculated: 6877.548339249921
2021-11-27 20:34:21.062  INFO 530588 --- [ol-106-thread-2] .t.t.s.TourGuideClientRewardsServiceImpl : Service - Calculate rewards points for user: internalUser34
2021-11-27 20:34:21.061  INFO 530588 --- [ool-92-thread-2] .t.t.s.TourGuideClientRewardsServiceImpl : Service - Distance calculated: 4965.799643785411
2021-11-27 20:34:21.062  INFO 530588 --- [ool-92-thread-2] .t.t.s.TourGuideClientRewardsServiceImpl : Service - Distance calculated: 6040.009845719689
2021-11-27 20:34:21.062  INFO 530588 --- [ool-92-thread-2] .t.t.s.TourGuideClientRewardsServiceImpl : Service - Distance calculated: 7138.666956075164
2021-11-27 20:34:21.062  INFO 530588 --- [ool-92-thread-2] .t.t.s.TourGuideClientRewardsServiceImpl : Service - Distance calculated: 5238.912916210095
2021-11-27 20:34:21.062  INFO 530588 --- [ool-92-thread-2] .t.t.s.TourGuideClientRewardsServiceImpl : Service - Distance calculated: 6049.800431927198
2021-11-27 20:34:21.062  INFO 530588 --- [ool-92-thread-2] .t.t.s.TourGuideClientRewardsServiceImpl : Service - Distance calculated: 6963.4530306057695
2021-11-27 20:34:21.061  INFO 530588 --- [nPool-worker-13] .t.t.s.TourGuideClientRewardsServiceImpl : Service - Distance calculated: 3557.3835257945125
2021-11-27 20:34:21.061  INFO 530588 --- [ool-61-thread-2] .t.t.s.TourGuideClientRewardsServiceImpl : Service - Distance calculated: 8681.091352414012
2021-11-27 20:34:21.062  INFO 530588 --- [nPool-worker-13] .t.t.s.TourGuideClientRewardsServiceImpl : Service - Distance calculated: 4111.021459816199
2021-11-27 20:34:21.062  INFO 530588 --- [nPool-worker-13] .t.t.s.TourGuideClientRewardsServiceImpl : Service - Distance calculated: 4195.258524263417
2021-11-27 20:34:21.062  INFO 530588 --- [ool-61-thread-2] .t.t.s.TourGuideClientRewardsServiceImpl : Service - Distance calculated: 8625.318106023664
2021-11-27 20:34:21.062  INFO 530588 --- [nPool-worker-13] .t.t.s.TourGuideClientRewardsServiceImpl : Service - Distance calculated: 4158.2677709178915
2021-11-27 20:34:21.062  INFO 530588 --- [ool-61-thread-2] .t.t.s.TourGuideClientRewardsServiceImpl : Service - Distance calculated: 9662.273935048423
2021-11-27 20:34:21.061  INFO 530588 --- [onPool-worker-3] .t.t.s.TourGuideClientRewardsServiceImpl : Service - Distance calculated: 10636.62385496589
2021-11-27 20:34:21.062  INFO 530588 --- [ool-61-thread-2] .t.t.s.TourGuideClientRewardsServiceImpl : Service - Distance calculated: 8711.138580487917
2021-11-27 20:34:21.061  INFO 530588 --- [ol-130-thread-2] .t.t.s.TourGuideClientRewardsServiceImpl : Service - Distance calculated: 5144.166213372797
2021-11-27 20:34:21.061  INFO 530588 --- [ool-44-thread-2] .t.t.s.TourGuideClientRewardsServiceImpl : Service - Distance calculated: 1277.6245433336508
2021-11-27 20:34:21.061  INFO 530588 --- [ol-104-thread-2] .t.t.s.TourGuideClientRewardsServiceImpl : Service - Distance calculated: 10465.932787319238
2021-11-27 20:34:21.062  INFO 530588 --- [ool-44-thread-2] .t.t.s.TourGuideClientRewardsServiceImpl : Service - Distance calculated: 87.03441722159666
2021-11-27 20:34:21.061  INFO 530588 --- [onPool-worker-2] .t.t.s.TourGuideClientRewardsServiceImpl : Service - Distance calculated: 8308.307324184598
2021-11-27 20:34:21.061  INFO 530588 --- [nPool-worker-11] .t.t.s.TourGuideClientRewardsServiceImpl : Service - Distance calculated: 5681.635306709423
2021-11-27 20:34:21.061  INFO 530588 --- [onPool-worker-7] .t.t.s.TourGuideClientRewardsServiceImpl : Service - Distance calculated: 5127.974358497145
2021-11-27 20:34:21.062  INFO 530588 --- [nPool-worker-11] .t.t.s.TourGuideClientRewardsServiceImpl : Service - Distance calculated: 6075.973087804494
2021-11-27 20:34:21.063  INFO 530588 --- [nPool-worker-11] .t.t.s.TourGuideClientRewardsServiceImpl : Service - Distance calculated: 5975.006432455543
2021-11-27 20:34:21.063  INFO 530588 --- [onPool-worker-7] .t.t.s.TourGuideClientRewardsServiceImpl : Service - Distance calculated: 4388.793744811827
2021-11-27 20:34:21.063  INFO 530588 --- [nPool-worker-11] .t.t.s.TourGuideClientRewardsServiceImpl : Service - Distance calculated: 5571.81843419539
2021-11-27 20:34:21.063  INFO 530588 --- [onPool-worker-7] .t.t.s.TourGuideClientRewardsServiceImpl : Service - Distance calculated: 4099.393246246798
2021-11-27 20:34:21.063  INFO 530588 --- [nPool-worker-11] .t.t.s.TourGuideClientRewardsServiceImpl : Service - Distance calculated: 6537.016685860497
2021-11-27 20:34:21.063  INFO 530588 --- [onPool-worker-7] .t.t.s.TourGuideClientRewardsServiceImpl : Service - Distance calculated: 8172.098038500941
2021-11-27 20:34:21.063  INFO 530588 --- [nPool-worker-11] .t.t.s.TourGuideClientRewardsServiceImpl : Service - Distance calculated: 6323.357552056171
2021-11-27 20:34:21.062  INFO 530588 --- [onPool-worker-2] .t.t.s.TourGuideClientRewardsServiceImpl : Service - Distance calculated: 8348.438213697567
2021-11-27 20:34:21.063  INFO 530588 --- [ool-44-thread-2] .t.t.s.TourGuideClientRewardsServiceImpl : Service - Distance calculated: 2127.2478407793283
2021-11-27 20:34:21.063  INFO 530588 --- [ool-44-thread-2] .t.t.s.TourGuideClientRewardsServiceImpl : Service - Distance calculated: 2578.910516018122
2021-11-27 20:34:21.063  INFO 530588 --- [onPool-worker-2] .t.t.s.TourGuideClientRewardsServiceImpl : Service - Distance calculated: 8215.72738243518
2021-11-27 20:34:21.061  INFO 530588 --- [ool-60-thread-2] .t.t.s.TourGuideClientRewardsServiceImpl : Service - Distance calculated: 2440.177336041544
2021-11-27 20:34:21.063  INFO 530588 --- [onPool-worker-2] .t.t.s.TourGuideClientRewardsServiceImpl : Service - Distance calculated: 8252.793562526113
2021-11-27 20:34:21.063  INFO 530588 --- [onPool-worker-2] .t.t.s.TourGuideClientRewardsServiceImpl : Service - Distance calculated: 8241.935294699248
2021-11-27 20:34:21.063  INFO 530588 --- [onPool-worker-2] .t.t.s.TourGuideClientRewardsServiceImpl : Service - Distance calculated: 7128.551331945804
2021-11-27 20:34:21.061  INFO 530588 --- [nPool-worker-14] .t.t.s.TourGuideClientRewardsServiceImpl : Service - Distance calculated: 1576.7472428725728
2021-11-27 20:34:21.063  INFO 530588 --- [nPool-worker-14] .t.t.s.TourGuideClientRewardsServiceImpl : Service - Distance calculated: 1921.4807999190489
2021-11-27 20:34:21.063  INFO 530588 --- [nPool-worker-14] .t.t.s.TourGuideClientRewardsServiceImpl : Service - Distance calculated: 1277.6245433336508
2021-11-27 20:34:21.063  INFO 530588 --- [nPool-worker-14] .t.t.s.TourGuideClientRewardsServiceImpl : Service - Distance calculated: 87.03441722159666
2021-11-27 20:34:21.063  INFO 530588 --- [nPool-worker-14] .t.t.s.TourGuideClientRewardsServiceImpl : Service - Distance calculated: 2127.2478407793283
2021-11-27 20:34:21.063  INFO 530588 --- [nPool-worker-14] .t.t.s.TourGuideClientRewardsServiceImpl : Service - Distance calculated: 2578.910516018122
2021-11-27 20:34:21.063  INFO 530588 --- [nPool-worker-14] .t.t.s.TourGuideClientRewardsServiceImpl : Service - Distance calculated: 680.6158831369517
2021-11-27 20:34:21.063  INFO 530588 --- [nPool-worker-14] .t.t.s.TourGuideClientRewardsServiceImpl : Service - Distance calculated: 1344.090272349311
2021-11-27 20:34:21.063  INFO 530588 --- [nPool-worker-14] .t.t.s.TourGuideClientRewardsServiceImpl : Service - Distance calculated: 2440.177336041544
2021-11-27 20:34:21.063  INFO 530588 --- [onPool-worker-2] .t.t.s.TourGuideClientRewardsServiceImpl : Service - Distance calculated: 7090.325231237016
2021-11-27 20:34:21.061  INFO 530588 --- [onPool-worker-8] .t.t.s.TourGuideClientRewardsServiceImpl : Service - Distance calculated: 9029.170224840987
2021-11-27 20:34:21.063  INFO 530588 --- [onPool-worker-2] .t.t.s.TourGuideClientRewardsServiceImpl : Service - Distance calculated: 7890.365623842607
2021-11-27 20:34:21.063  INFO 530588 --- [onPool-worker-2] .t.t.s.TourGuideClientRewardsServiceImpl : Service - Distance calculated: 6806.689908128104
2021-11-27 20:34:21.063  INFO 530588 --- [onPool-worker-2] .t.t.s.TourGuideClientRewardsServiceImpl : Service - Distance calculated: 6767.687295842533
2021-11-27 20:34:21.063  INFO 530588 --- [onPool-worker-2] .t.t.s.TourGuideClientRewardsServiceImpl : Service - Distance calculated: 9764.82066529476
2021-11-27 20:34:21.063  INFO 530588 --- [onPool-worker-2] .t.t.s.TourGuideClientRewardsServiceImpl : Service - Distance calculated: 6492.910748842085
2021-11-27 20:34:21.063  INFO 530588 --- [onPool-worker-2] .t.t.s.TourGuideClientRewardsServiceImpl : Service - Distance calculated: 6680.475170351219
2021-11-27 20:34:21.063  INFO 530588 --- [onPool-worker-2] .t.t.s.TourGuideClientRewardsServiceImpl : Service - Distance calculated: 6534.19638014526
2021-11-27 20:34:21.063  INFO 530588 --- [onPool-worker-2] .t.t.s.TourGuideClientRewardsServiceImpl : Service - Distance calculated: 6160.828272618289
2021-11-27 20:34:21.063  INFO 530588 --- [onPool-worker-2] .t.t.s.TourGuideClientRewardsServiceImpl : Service - Distance calculated: 7178.025844092837
2021-11-27 20:34:21.061  INFO 530588 --- [ool-71-thread-2] .t.t.s.TourGuideClientRewardsServiceImpl : Service - Calculate rewards points for user: internalUser12
2021-11-27 20:34:21.063  INFO 530588 --- [onPool-worker-8] .t.t.s.TourGuideClientRewardsServiceImpl : Service - Distance calculated: 8367.91579752964
2021-11-27 20:34:21.063  INFO 530588 --- [onPool-worker-8] .t.t.s.TourGuideClientRewardsServiceImpl : Service - Distance calculated: 9653.649900086848
2021-11-27 20:34:21.061  INFO 530588 --- [nPool-worker-12] .t.t.s.TourGuideClientRewardsServiceImpl : Service - Distance calculated: 7122.901462412289
2021-11-27 20:34:21.063  INFO 530588 --- [onPool-worker-8] .t.t.s.TourGuideClientRewardsServiceImpl : Service - Distance calculated: 9441.530538226416
2021-11-27 20:34:21.063  INFO 530588 --- [onPool-worker-8] .t.t.s.TourGuideClientRewardsServiceImpl : Service - Distance calculated: 9195.536794943138
2021-11-27 20:34:21.063  INFO 530588 --- [nPool-worker-12] .t.t.s.TourGuideClientRewardsServiceImpl : Service - Distance calculated: 6430.057639642437
2021-11-27 20:34:21.061  INFO 530588 --- [ool-68-thread-2] .t.t.s.TourGuideClientRewardsServiceImpl : Service - Distance calculated: 8211.219927986996
2021-11-27 20:34:21.061  INFO 530588 --- [onPool-worker-9] .t.t.s.TourGuideClientRewardsServiceImpl : Service - Distance calculated: 460.11990361699293
2021-11-27 20:34:21.061  INFO 530588 --- [onPool-worker-6] .t.t.s.TourGuideClientRewardsServiceImpl : Service - Distance calculated: 4864.597145517869
2021-11-27 20:34:21.061  INFO 530588 --- [ol-102-thread-2] .t.t.s.TourGuideClientRewardsServiceImpl : Service - Distance calculated: 9037.619596594546
2021-11-27 20:34:21.064  INFO 530588 --- [onPool-worker-6] .t.t.s.TourGuideClientRewardsServiceImpl : Service - Distance calculated: 4185.418208758401
2021-11-27 20:34:21.064  INFO 530588 --- [onPool-worker-6] .t.t.s.TourGuideClientRewardsServiceImpl : Service - Distance calculated: 4772.878040303726
2021-11-27 20:34:21.064  INFO 530588 --- [onPool-worker-6] .t.t.s.TourGuideClientRewardsServiceImpl : Service - Distance calculated: 4860.013542417906
2021-11-27 20:34:21.064  INFO 530588 --- [onPool-worker-6] .t.t.s.TourGuideClientRewardsServiceImpl : Service - Distance calculated: 4638.632545658259
2021-11-27 20:34:21.064  INFO 530588 --- [onPool-worker-6] .t.t.s.TourGuideClientRewardsServiceImpl : Service - Distance calculated: 4740.86468684688
2021-11-27 20:34:21.064  INFO 530588 --- [ol-102-thread-2] .t.t.s.TourGuideClientRewardsServiceImpl : Service - Distance calculated: 9124.643148288507
2021-11-27 20:34:21.064  INFO 530588 --- [ol-102-thread-2] .t.t.s.TourGuideClientRewardsServiceImpl : Service - Distance calculated: 8168.104911441807
2021-11-27 20:34:21.064  INFO 530588 --- [onPool-worker-9] .t.t.s.TourGuideClientRewardsServiceImpl : Service - Distance calculated: 1992.7911930022951
2021-11-27 20:34:21.064  INFO 530588 --- [ol-102-thread-2] .t.t.s.TourGuideClientRewardsServiceImpl : Service - Distance calculated: 8243.53464426627
2021-11-27 20:34:21.064  INFO 530588 --- [ol-102-thread-2] .t.t.s.TourGuideClientRewardsServiceImpl : Service - Distance calculated: 9071.482404722534
2021-11-27 20:34:21.061  INFO 530588 --- [onPool-worker-1] .t.t.s.TourGuideClientRewardsServiceImpl : Service - Distance calculated: 4732.570813327234
2021-11-27 20:34:21.061  INFO 530588 --- [nPool-worker-15] .t.t.s.TourGuideClientRewardsServiceImpl : Service - Distance calculated: 10383.347467424506
2021-11-27 20:34:21.061  INFO 530588 --- [onPool-worker-5] .t.t.s.TourGuideClientRewardsServiceImpl : Service - Distance calculated: 7674.227754868374
2021-11-27 20:34:21.064  INFO 530588 --- [nPool-worker-15] .t.t.s.TourGuideClientRewardsServiceImpl : Service - Distance calculated: 9372.704430882472
2021-11-27 20:34:21.061  INFO 530588 --- [onPool-worker-4] .t.t.s.TourGuideClientRewardsServiceImpl : Service - Distance calculated: 8742.547766210115
2021-11-27 20:34:21.064  INFO 530588 --- [nPool-worker-15] .t.t.s.TourGuideClientRewardsServiceImpl : Service - Distance calculated: 10017.202298927456
2021-11-27 20:34:21.064  INFO 530588 --- [onPool-worker-5] .t.t.s.TourGuideClientRewardsServiceImpl : Service - Distance calculated: 6396.304369632407
2021-11-27 20:34:21.064  INFO 530588 --- [nPool-worker-15] .t.t.s.TourGuideClientRewardsServiceImpl : Service - Distance calculated: 10281.445393686461
2021-11-27 20:34:21.064  INFO 530588 --- [onPool-worker-5] .t.t.s.TourGuideClientRewardsServiceImpl : Service - Distance calculated: 6434.4751841772395
2021-11-27 20:34:21.064  INFO 530588 --- [onPool-worker-5] .t.t.s.TourGuideClientRewardsServiceImpl : Service - Distance calculated: 7441.761371964731
2021-11-27 20:34:21.064  INFO 530588 --- [onPool-worker-5] .t.t.s.TourGuideClientRewardsServiceImpl : Service - Distance calculated: 5795.4272389091175
2021-11-27 20:34:21.064  INFO 530588 --- [onPool-worker-5] .t.t.s.TourGuideClientRewardsServiceImpl : Service - Distance calculated: 5908.529979275376
2021-11-27 20:34:21.064  INFO 530588 --- [onPool-worker-5] .t.t.s.TourGuideClientRewardsServiceImpl : Service - Distance calculated: 7436.29527600037
2021-11-27 20:34:21.064  INFO 530588 --- [onPool-worker-5] .t.t.s.TourGuideClientRewardsServiceImpl : Service - Distance calculated: 5350.00637147881
2021-11-27 20:34:21.062  INFO 530588 --- [ool-51-thread-2] .t.t.s.TourGuideClientRewardsServiceImpl : Service - Distance calculated: 1742.5694022642394
2021-11-27 20:34:21.062  INFO 530588 --- [ol-120-thread-2] .t.t.s.TourGuideClientRewardsServiceImpl : Service - Distance calculated: 3029.8190687763026
2021-11-27 20:34:21.062  INFO 530588 --- [ool-92-thread-2] .t.t.s.TourGuideClientRewardsServiceImpl : Service - Distance calculated: 6099.6140338140085
2021-11-27 20:34:21.064  INFO 530588 --- [ol-120-thread-2] .t.t.s.TourGuideClientRewardsServiceImpl : Service - Distance calculated: 2834.3695355804234
2021-11-27 20:34:21.064  INFO 530588 --- [ool-92-thread-2] .t.t.s.TourGuideClientRewardsServiceImpl : Service - Calculate rewards points for user: internalUser93
2021-11-27 20:34:21.064  INFO 530588 --- [ol-120-thread-2] .t.t.s.TourGuideClientRewardsServiceImpl : Service - Distance calculated: 3222.5718427013753
2021-11-27 20:34:21.064  INFO 530588 --- [ol-120-thread-2] .t.t.s.TourGuideClientRewardsServiceImpl : Service - Distance calculated: 2527.56940714574
2021-11-27 20:34:21.062  INFO 530588 --- [nPool-worker-13] .t.t.s.TourGuideClientRewardsServiceImpl : Service - Distance calculated: 4258.220810614794
2021-11-27 20:34:21.062  INFO 530588 --- [onPool-worker-3] .t.t.s.TourGuideClientRewardsServiceImpl : Service - Distance calculated: 10526.37803453673
2021-11-27 20:34:21.064  INFO 530588 --- [nPool-worker-13] .t.t.s.TourGuideClientRewardsServiceImpl : Service - Distance calculated: 4366.994361707313
2021-11-27 20:34:21.062  INFO 530588 --- [ool-61-thread-2] .t.t.s.TourGuideClientRewardsServiceImpl : Service - Distance calculated: 9301.200470778007
2021-11-27 20:34:21.064  INFO 530588 --- [onPool-worker-3] .t.t.s.TourGuideClientRewardsServiceImpl : Service - Distance calculated: 10715.290488082199
2021-11-27 20:34:21.062  INFO 530588 --- [ol-130-thread-2] .t.t.s.TourGuideClientRewardsServiceImpl : Service - Calculate rewards points for user: internalUser54
2021-11-27 20:34:21.064  INFO 530588 --- [ool-61-thread-2] .t.t.s.TourGuideClientRewardsServiceImpl : Service - Distance calculated: 9551.044971241143
2021-11-27 20:34:21.062  INFO 530588 --- [ol-104-thread-2] .t.t.s.TourGuideClientRewardsServiceImpl : Service - Distance calculated: 9450.999609033186
2021-11-27 20:34:21.063  INFO 530588 --- [onPool-worker-7] .t.t.s.TourGuideClientRewardsServiceImpl : Service - Distance calculated: 8799.221551571409
2021-11-27 20:34:21.063  INFO 530588 --- [nPool-worker-11] .t.t.s.TourGuideClientRewardsServiceImpl : Service - Distance calculated: 7725.285571112271
2021-11-27 20:34:21.064  INFO 530588 --- [onPool-worker-7] .t.t.s.TourGuideClientRewardsServiceImpl : Service - Distance calculated: 8247.566192961593
2021-11-27 20:34:21.064  INFO 530588 --- [nPool-worker-11] .t.t.s.TourGuideClientRewardsServiceImpl : Service - Distance calculated: 6788.751153724142
2021-11-27 20:34:21.064  INFO 530588 --- [onPool-worker-7] .t.t.s.TourGuideClientRewardsServiceImpl : Service - Distance calculated: 8163.552351337945
2021-11-27 20:34:21.063  INFO 530588 --- [ool-44-thread-2] .t.t.s.TourGuideClientRewardsServiceImpl : Service - Distance calculated: 680.6158831369517
2021-11-27 20:34:21.064  INFO 530588 --- [nPool-worker-11] .t.t.s.TourGuideClientRewardsServiceImpl : Service - Distance calculated: 6602.322283130407
2021-11-27 20:34:21.063  INFO 530588 --- [ool-60-thread-2] .t.t.s.TourGuideClientRewardsServiceImpl : Service - Distance calculated: 2168.830527042806
2021-11-27 20:34:21.064  INFO 530588 --- [nPool-worker-11] .t.t.s.TourGuideClientRewardsServiceImpl : Service - Distance calculated: 6600.250959132991
2021-11-27 20:34:21.063  INFO 530588 --- [nPool-worker-14] .t.t.s.TourGuideClientRewardsServiceImpl : Service - Distance calculated: 2168.830527042806
2021-11-27 20:34:21.064  INFO 530588 --- [ool-60-thread-2] .t.t.s.TourGuideClientRewardsServiceImpl : Service - Calculate rewards points for user: internalUser81
2021-11-27 20:34:21.064  INFO 530588 --- [nPool-worker-14] .t.t.s.TourGuideClientRewardsServiceImpl : Service - Calculate rewards points for user: internalUser85
2021-11-27 20:34:21.063  INFO 530588 --- [onPool-worker-2] .t.t.s.TourGuideClientRewardsServiceImpl : Service - Distance calculated: 6776.026773337646
2021-11-27 20:34:21.064  INFO 530588 --- [onPool-worker-2] .t.t.s.TourGuideClientRewardsServiceImpl : Service - Distance calculated: 6848.7919407046875
2021-11-27 20:34:21.064  INFO 530588 --- [onPool-worker-2] .t.t.s.TourGuideClientRewardsServiceImpl : Service - Distance calculated: 6713.999277277876
2021-11-27 20:34:21.065  INFO 530588 --- [onPool-worker-2] .t.t.s.TourGuideClientRewardsServiceImpl : Service - Distance calculated: 7117.609822197117
2021-11-27 20:34:21.065  INFO 530588 --- [onPool-worker-2] .t.t.s.TourGuideClientRewardsServiceImpl : Service - Distance calculated: 8279.79514298608
2021-11-27 20:34:21.065  INFO 530588 --- [onPool-worker-2] .t.t.s.TourGuideClientRewardsServiceImpl : Service - Distance calculated: 6322.511567018301
2021-11-27 20:34:21.063  INFO 530588 --- [onPool-worker-8] .t.t.s.TourGuideClientRewardsServiceImpl : Service - Distance calculated: 9936.637966590686
2021-11-27 20:34:21.063  INFO 530588 --- [nPool-worker-12] .t.t.s.TourGuideClientRewardsServiceImpl : Service - Distance calculated: 5775.592163725968
2021-11-27 20:34:21.065  INFO 530588 --- [nPool-worker-12] .t.t.s.TourGuideClientRewardsServiceImpl : Service - Distance calculated: 6731.2021149451475
2021-11-27 20:34:21.065  INFO 530588 --- [onPool-worker-8] .t.t.s.TourGuideClientRewardsServiceImpl : Service - Distance calculated: 9735.149109743408
2021-11-27 20:34:21.064  INFO 530588 --- [onPool-worker-6] .t.t.s.TourGuideClientRewardsServiceImpl : Service - Distance calculated: 4995.196976846549
2021-11-27 20:34:21.065  INFO 530588 --- [onPool-worker-6] .t.t.s.TourGuideClientRewardsServiceImpl : Service - Distance calculated: 4292.471587547264
2021-11-27 20:34:21.065  INFO 530588 --- [onPool-worker-6] .t.t.s.TourGuideClientRewardsServiceImpl : Service - Distance calculated: 4497.772118383475
2021-11-27 20:34:21.065  INFO 530588 --- [onPool-worker-6] .t.t.s.TourGuideClientRewardsServiceImpl : Service - Distance calculated: 2862.075210174663
2021-11-27 20:34:21.065  INFO 530588 --- [onPool-worker-8] .t.t.s.TourGuideClientRewardsServiceImpl : Service - Distance calculated: 9744.669057664712
2021-11-27 20:34:21.065  INFO 530588 --- [onPool-worker-8] .t.t.s.TourGuideClientRewardsServiceImpl : Service - Distance calculated: 8929.453837651836
2021-11-27 20:34:21.065  INFO 530588 --- [nPool-worker-12] .t.t.s.TourGuideClientRewardsServiceImpl : Service - Distance calculated: 5.8950310023474215E-5
2021-11-27 20:34:21.064  INFO 530588 --- [ool-68-thread-2] .t.t.s.TourGuideClientRewardsServiceImpl : Service - Distance calculated: 7827.911173312713
2021-11-27 20:34:21.065  INFO 530588 --- [ool-68-thread-2] .t.t.s.TourGuideClientRewardsServiceImpl : Service - Distance calculated: 8807.509678040387
2021-11-27 20:34:21.065  INFO 530588 --- [ool-68-thread-2] .t.t.s.TourGuideClientRewardsServiceImpl : Service - Distance calculated: 8447.210180442009
2021-11-27 20:34:21.065  INFO 530588 --- [ool-68-thread-2] .t.t.s.TourGuideClientRewardsServiceImpl : Service - Distance calculated: 8501.073387647435
2021-11-27 20:34:21.065  INFO 530588 --- [ool-68-thread-2] .t.t.s.TourGuideClientRewardsServiceImpl : Service - Distance calculated: 8394.155923218357
2021-11-27 20:34:21.065  INFO 530588 --- [ool-68-thread-2] .t.t.s.TourGuideClientRewardsServiceImpl : Service - Distance calculated: 8754.360032891085
2021-11-27 20:34:21.065  INFO 530588 --- [ool-68-thread-2] .t.t.s.TourGuideClientRewardsServiceImpl : Service - Distance calculated: 9839.718716114354
2021-11-27 20:34:21.065  INFO 530588 --- [ool-68-thread-2] .t.t.s.TourGuideClientRewardsServiceImpl : Service - Distance calculated: 7987.84559823206
2021-11-27 20:34:21.064  INFO 530588 --- [onPool-worker-9] .t.t.s.TourGuideClientRewardsServiceImpl : Service - Distance calculated: 1906.7972782801585
2021-11-27 20:34:21.065  INFO 530588 --- [onPool-worker-9] .t.t.s.TourGuideClientRewardsServiceImpl : Service - Distance calculated: 2360.645624935619
2021-11-27 20:34:21.065  INFO 530588 --- [onPool-worker-9] .t.t.s.TourGuideClientRewardsServiceImpl : Service - Distance calculated: 2434.494471527265
2021-11-27 20:34:21.065  INFO 530588 --- [onPool-worker-9] .t.t.s.TourGuideClientRewardsServiceImpl : Service - Distance calculated: 2148.3967563579567
2021-11-27 20:34:21.065  INFO 530588 --- [onPool-worker-9] .t.t.s.TourGuideClientRewardsServiceImpl : Service - Distance calculated: 2282.746325565392
2021-11-27 20:34:21.065  INFO 530588 --- [onPool-worker-9] .t.t.s.TourGuideClientRewardsServiceImpl : Service - Distance calculated: 2289.4339721013357
2021-11-27 20:34:21.065  INFO 530588 --- [onPool-worker-9] .t.t.s.TourGuideClientRewardsServiceImpl : Service - Distance calculated: 1204.372289719331
2021-11-27 20:34:21.065  INFO 530588 --- [onPool-worker-9] .t.t.s.TourGuideClientRewardsServiceImpl : Service - Distance calculated: 1742.5694022642394
2021-11-27 20:34:21.065  INFO 530588 --- [ool-68-thread-2] .t.t.s.TourGuideClientRewardsServiceImpl : Service - Distance calculated: 8108.9284777674875
2021-11-27 20:34:21.065  INFO 530588 --- [nPool-worker-12] .t.t.s.TourGuideClientRewardsServiceImpl : Service - Distance calculated: 774.5207212649109
2021-11-27 20:34:21.064  INFO 530588 --- [ol-102-thread-2] .t.t.s.TourGuideClientRewardsServiceImpl : Service - Distance calculated: 7550.8360048731365
2021-11-27 20:34:21.065  INFO 530588 --- [nPool-worker-12] .t.t.s.TourGuideClientRewardsServiceImpl : Service - Distance calculated: 164.91310606753288
2021-11-27 20:34:21.064  INFO 530588 --- [onPool-worker-1] .t.t.s.TourGuideClientRewardsServiceImpl : Service - Distance calculated: 5522.4296909133545
2021-11-27 20:34:21.065  INFO 530588 --- [ol-102-thread-2] .t.t.s.TourGuideClientRewardsServiceImpl : Service - Distance calculated: 7729.554159895197
2021-11-27 20:34:21.064  INFO 530588 --- [onPool-worker-4] .t.t.s.TourGuideClientRewardsServiceImpl : Service - Distance calculated: 8800.47112923189
2021-11-27 20:34:21.064  INFO 530588 --- [nPool-worker-15] .t.t.s.TourGuideClientRewardsServiceImpl : Service - Distance calculated: 9399.654908954795
2021-11-27 20:34:21.066  INFO 530588 --- [ol-102-thread-2] .t.t.s.TourGuideClientRewardsServiceImpl : Service - Distance calculated: 7490.0442636020825
2021-11-27 20:34:21.066  INFO 530588 --- [nPool-worker-15] .t.t.s.TourGuideClientRewardsServiceImpl : Service - Distance calculated: 10505.456085581318
2021-11-27 20:34:21.064  INFO 530588 --- [onPool-worker-5] .t.t.s.TourGuideClientRewardsServiceImpl : Service - Distance calculated: 5640.733657832358
2021-11-27 20:34:21.066  INFO 530588 --- [nPool-worker-15] .t.t.s.TourGuideClientRewardsServiceImpl : Service - Distance calculated: 9807.691530488599
2021-11-27 20:34:21.066  INFO 530588 --- [nPool-worker-15] .t.t.s.TourGuideClientRewardsServiceImpl : Service - Distance calculated: 10413.907422687815
2021-11-27 20:34:21.066  INFO 530588 --- [onPool-worker-5] .t.t.s.TourGuideClientRewardsServiceImpl : Service - Distance calculated: 5514.330943155093
2021-11-27 20:34:21.066  INFO 530588 --- [nPool-worker-15] .t.t.s.TourGuideClientRewardsServiceImpl : Service - Distance calculated: 10501.678223238732
2021-11-27 20:34:21.066  INFO 530588 --- [onPool-worker-5] .t.t.s.TourGuideClientRewardsServiceImpl : Service - Distance calculated: 5765.273170789045
2021-11-27 20:34:21.066  INFO 530588 --- [nPool-worker-15] .t.t.s.TourGuideClientRewardsServiceImpl : Service - Distance calculated: 9859.484891796223
2021-11-27 20:34:21.066  INFO 530588 --- [onPool-worker-5] .t.t.s.TourGuideClientRewardsServiceImpl : Service - Distance calculated: 6770.743576225132
2021-11-27 20:34:21.066  INFO 530588 --- [nPool-worker-15] .t.t.s.TourGuideClientRewardsServiceImpl : Service - Distance calculated: 9944.899294572966
2021-11-27 20:34:21.066  INFO 530588 --- [onPool-worker-5] .t.t.s.TourGuideClientRewardsServiceImpl : Service - Distance calculated: 6143.638962569828
2021-11-27 20:34:21.066  INFO 530588 --- [nPool-worker-15] .t.t.s.TourGuideClientRewardsServiceImpl : Service - Distance calculated: 10596.252111494312
2021-11-27 20:34:21.064  INFO 530588 --- [ool-51-thread-2] .t.t.s.TourGuideClientRewardsServiceImpl : Service - Distance calculated: 1576.7472428725728
2021-11-27 20:34:21.066  INFO 530588 --- [nPool-worker-15] .t.t.s.TourGuideClientRewardsServiceImpl : Service - Distance calculated: 9262.57333543446
2021-11-27 20:34:21.066  INFO 530588 --- [nPool-worker-15] .t.t.s.TourGuideClientRewardsServiceImpl : Service - Distance calculated: 9453.484825643602
2021-11-27 20:34:21.066  INFO 530588 --- [ool-51-thread-2] .t.t.s.TourGuideClientRewardsServiceImpl : Service - Distance calculated: 1921.4807999190489
2021-11-27 20:34:21.066  INFO 530588 --- [nPool-worker-15] .t.t.s.TourGuideClientRewardsServiceImpl : Service - Distance calculated: 8251.362212544422
2021-11-27 20:34:21.066  INFO 530588 --- [ool-51-thread-2] .t.t.s.TourGuideClientRewardsServiceImpl : Service - Distance calculated: 1277.6245433336508
2021-11-27 20:34:21.066  INFO 530588 --- [nPool-worker-15] .t.t.s.TourGuideClientRewardsServiceImpl : Service - Distance calculated: 8866.138278252874
2021-11-27 20:34:21.066  INFO 530588 --- [ool-51-thread-2] .t.t.s.TourGuideClientRewardsServiceImpl : Service - Distance calculated: 87.03441722159666
2021-11-27 20:34:21.066  INFO 530588 --- [nPool-worker-15] .t.t.s.TourGuideClientRewardsServiceImpl : Service - Distance calculated: 9139.525404385216
2021-11-27 20:34:21.066  INFO 530588 --- [ool-51-thread-2] .t.t.s.TourGuideClientRewardsServiceImpl : Service - Distance calculated: 2127.2478407793283
2021-11-27 20:34:21.066  INFO 530588 --- [nPool-worker-15] .t.t.s.TourGuideClientRewardsServiceImpl : Service - Distance calculated: 9068.957818999083
2021-11-27 20:34:21.064  INFO 530588 --- [ol-120-thread-2] .t.t.s.TourGuideClientRewardsServiceImpl : Service - Distance calculated: 1324.8036547277752
2021-11-27 20:34:21.064  INFO 530588 --- [nPool-worker-13] .t.t.s.TourGuideClientRewardsServiceImpl : Service - Distance calculated: 3913.2614605922217
2021-11-27 20:34:21.066  INFO 530588 --- [ol-120-thread-2] .t.t.s.TourGuideClientRewardsServiceImpl : Service - Distance calculated: 3378.2353392971477
2021-11-27 20:34:21.064  INFO 530588 --- [onPool-worker-3] .t.t.s.TourGuideClientRewardsServiceImpl : Service - Distance calculated: 10314.856456320409
2021-11-27 20:34:21.064  INFO 530588 --- [ool-61-thread-2] .t.t.s.TourGuideClientRewardsServiceImpl : Service - Distance calculated: 8658.129221742853
2021-11-27 20:34:21.064  INFO 530588 --- [ol-104-thread-2] .t.t.s.TourGuideClientRewardsServiceImpl : Service - Distance calculated: 10091.691768293631
2021-11-27 20:34:21.066  INFO 530588 --- [ol-104-thread-2] .t.t.s.TourGuideClientRewardsServiceImpl : Service - Calculate rewards points for user: internalUser37
2021-11-27 20:34:21.064  INFO 530588 --- [onPool-worker-7] .t.t.s.TourGuideClientRewardsServiceImpl : Service - Distance calculated: 8196.283414274096
2021-11-27 20:34:21.066  INFO 530588 --- [ool-61-thread-2] .t.t.s.TourGuideClientRewardsServiceImpl : Service - Distance calculated: 5.8950310023474215E-5
2021-11-27 20:34:21.064  INFO 530588 --- [ool-44-thread-2] .t.t.s.TourGuideClientRewardsServiceImpl : Service - Distance calculated: 1344.090272349311
2021-11-27 20:34:21.066  INFO 530588 --- [onPool-worker-7] .t.t.s.TourGuideClientRewardsServiceImpl : Service - Distance calculated: 8096.314463634971
2021-11-27 20:34:21.066  INFO 530588 --- [onPool-worker-7] .t.t.s.TourGuideClientRewardsServiceImpl : Service - Distance calculated: 7989.913138204865
2021-11-27 20:34:21.064  INFO 530588 --- [nPool-worker-11] .t.t.s.TourGuideClientRewardsServiceImpl : Service - Distance calculated: 5779.530052788904
2021-11-27 20:34:21.066  INFO 530588 --- [onPool-worker-3] .t.t.s.TourGuideClientRewardsServiceImpl : Service - Distance calculated: 10641.897639556726
2021-11-27 20:34:21.066  INFO 530588 --- [nPool-worker-11] .t.t.s.TourGuideClientRewardsServiceImpl : Service - Distance calculated: 5615.411829677212
2021-11-27 20:34:21.066  INFO 530588 --- [onPool-worker-3] .t.t.s.TourGuideClientRewardsServiceImpl : Service - Distance calculated: 9825.036523471532
2021-11-27 20:34:21.066  INFO 530588 --- [nPool-worker-11] .t.t.s.TourGuideClientRewardsServiceImpl : Service - Distance calculated: 5997.8407947699525
2021-11-27 20:34:21.066  INFO 530588 --- [onPool-worker-3] .t.t.s.TourGuideClientRewardsServiceImpl : Service - Distance calculated: 10830.11548597379
2021-11-27 20:34:21.066  INFO 530588 --- [nPool-worker-11] .t.t.s.TourGuideClientRewardsServiceImpl : Service - Distance calculated: 5741.948496113605
2021-11-27 20:34:21.066  INFO 530588 --- [onPool-worker-3] .t.t.s.TourGuideClientRewardsServiceImpl : Service - Distance calculated: 9674.316095056487
2021-11-27 20:34:21.066  INFO 530588 --- [nPool-worker-11] .t.t.s.TourGuideClientRewardsServiceImpl : Service - Distance calculated: 6252.360902138876
2021-11-27 20:34:21.066  INFO 530588 --- [onPool-worker-3] .t.t.s.TourGuideClientRewardsServiceImpl : Service - Distance calculated: 10301.923178567862
2021-11-27 20:34:21.066  INFO 530588 --- [nPool-worker-11] .t.t.s.TourGuideClientRewardsServiceImpl : Service - Distance calculated: 5659.957813878886
2021-11-27 20:34:21.066  INFO 530588 --- [onPool-worker-3] .t.t.s.TourGuideClientRewardsServiceImpl : Service - Distance calculated: 10101.626599506912
2021-11-27 20:34:21.066  INFO 530588 --- [nPool-worker-11] .t.t.s.TourGuideClientRewardsServiceImpl : Service - Distance calculated: 5598.6033050914375
2021-11-27 20:34:21.066  INFO 530588 --- [onPool-worker-3] .t.t.s.TourGuideClientRewardsServiceImpl : Service - Distance calculated: 9828.413523418658
2021-11-27 20:34:21.066  INFO 530588 --- [nPool-worker-11] .t.t.s.TourGuideClientRewardsServiceImpl : Service - Distance calculated: 5787.472206669374
2021-11-27 20:34:21.066  INFO 530588 --- [nPool-worker-11] .t.t.s.TourGuideClientRewardsServiceImpl : Service - Distance calculated: 6957.7703135609945
2021-11-27 20:34:21.066  INFO 530588 --- [nPool-worker-11] .t.t.s.TourGuideClientRewardsServiceImpl : Service - Distance calculated: 5601.479370427444
2021-11-27 20:34:21.066  INFO 530588 --- [nPool-worker-11] .t.t.s.TourGuideClientRewardsServiceImpl : Service - Distance calculated: 6244.504352507234
2021-11-27 20:34:21.066  INFO 530588 --- [nPool-worker-11] .t.t.s.TourGuideClientRewardsServiceImpl : Service - Distance calculated: 6798.478295848731
2021-11-27 20:34:21.066  INFO 530588 --- [nPool-worker-11] .t.t.s.TourGuideClientRewardsServiceImpl : Service - Distance calculated: 5835.771610098942
2021-11-27 20:34:21.066  INFO 530588 --- [nPool-worker-11] .t.t.s.TourGuideClientRewardsServiceImpl : Service - Distance calculated: 10037.364110712308
2021-11-27 20:34:21.066  INFO 530588 --- [nPool-worker-11] .t.t.s.TourGuideClientRewardsServiceImpl : Service - Distance calculated: 9425.432075856515
2021-11-27 20:34:21.066  INFO 530588 --- [nPool-worker-11] .t.t.s.TourGuideClientRewardsServiceImpl : Service - Distance calculated: 9978.35655959077
2021-11-27 20:34:21.066  INFO 530588 --- [nPool-worker-11] .t.t.s.TourGuideClientRewardsServiceImpl : Service - Distance calculated: 10059.548943540365
2021-11-27 20:34:21.066  INFO 530588 --- [nPool-worker-11] .t.t.s.TourGuideClientRewardsServiceImpl : Service - Distance calculated: 9728.794267273604
2021-11-27 20:34:21.066  INFO 530588 --- [nPool-worker-11] .t.t.s.TourGuideClientRewardsServiceImpl : Service - Distance calculated: 9825.952686111908
2021-11-27 20:34:21.067  INFO 530588 --- [nPool-worker-11] .t.t.s.TourGuideClientRewardsServiceImpl : Service - Distance calculated: 10236.811406429408
2021-11-27 20:34:21.067  INFO 530588 --- [nPool-worker-11] .t.t.s.TourGuideClientRewardsServiceImpl : Service - Distance calculated: 9193.809672857149
2021-11-27 20:34:21.067  INFO 530588 --- [nPool-worker-11] .t.t.s.TourGuideClientRewardsServiceImpl : Service - Distance calculated: 9401.598519575464
2021-11-27 20:34:21.067  INFO 530588 --- [nPool-worker-11] .t.t.s.TourGuideClientRewardsServiceImpl : Service - Distance calculated: 7706.306071088769
2021-11-27 20:34:21.065  INFO 530588 --- [onPool-worker-2] .t.t.s.TourGuideClientRewardsServiceImpl : Service - Distance calculated: 6452.173574383404
2021-11-27 20:34:21.065  INFO 530588 --- [onPool-worker-6] .t.t.s.TourGuideClientRewardsServiceImpl : Service - Distance calculated: 4159.549039340369
2021-11-27 20:34:21.067  INFO 530588 --- [onPool-worker-2] .t.t.s.TourGuideClientRewardsServiceImpl : Service - Distance calculated: 7681.321217036042
2021-11-27 20:34:21.067  INFO 530588 --- [onPool-worker-2] .t.t.s.TourGuideClientRewardsServiceImpl : Service - Distance calculated: 7317.162705410164
2021-11-27 20:34:21.067  INFO 530588 --- [onPool-worker-6] .t.t.s.TourGuideClientRewardsServiceImpl : Service - Distance calculated: 4268.938941017575
2021-11-27 20:34:21.067  INFO 530588 --- [onPool-worker-2] .t.t.s.TourGuideClientRewardsServiceImpl : Service - Distance calculated: 6493.323323580224
2021-11-27 20:34:21.067  INFO 530588 --- [onPool-worker-6] .t.t.s.TourGuideClientRewardsServiceImpl : Service - Distance calculated: 4314.511290907062
2021-11-27 20:34:21.067  INFO 530588 --- [onPool-worker-2] .t.t.s.TourGuideClientRewardsServiceImpl : Service - Distance calculated: 6296.044889618227
2021-11-27 20:34:21.067  INFO 530588 --- [onPool-worker-6] .t.t.s.TourGuideClientRewardsServiceImpl : Service - Distance calculated: 5161.788384474744
2021-11-27 20:34:21.067  INFO 530588 --- [onPool-worker-2] .t.t.s.TourGuideClientRewardsServiceImpl : Service - Distance calculated: 4979.012301855867
2021-11-27 20:34:21.065  INFO 530588 --- [onPool-worker-8] .t.t.s.TourGuideClientRewardsServiceImpl : Service - Distance calculated: 8639.408405420369
2021-11-27 20:34:21.065  INFO 530588 --- [onPool-worker-9] .t.t.s.TourGuideClientRewardsServiceImpl : Service - Distance calculated: 1576.7472428725728
2021-11-27 20:34:21.067  INFO 530588 --- [onPool-worker-8] .t.t.s.TourGuideClientRewardsServiceImpl : Service - Distance calculated: 9108.745106640663
2021-11-27 20:34:21.065  INFO 530588 --- [nPool-worker-12] .t.t.s.TourGuideClientRewardsServiceImpl : Service - Distance calculated: 115.99464245531166
2021-11-27 20:34:21.067  INFO 530588 --- [onPool-worker-8] .t.t.s.TourGuideClientRewardsServiceImpl : Service - Distance calculated: 8836.207118583541
2021-11-27 20:34:21.067  INFO 530588 --- [onPool-worker-8] .t.t.s.TourGuideClientRewardsServiceImpl : Service - Distance calculated: 9376.017461393485
2021-11-27 20:34:21.065  INFO 530588 --- [ool-68-thread-2] .t.t.s.TourGuideClientRewardsServiceImpl : Service - Distance calculated: 9285.972157584903
2021-11-27 20:34:21.067  INFO 530588 --- [onPool-worker-8] .t.t.s.TourGuideClientRewardsServiceImpl : Service - Distance calculated: 8699.46921659652
2021-11-27 20:34:21.067  INFO 530588 --- [onPool-worker-8] .t.t.s.TourGuideClientRewardsServiceImpl : Service - Distance calculated: 8229.290956023278
2021-11-27 20:34:21.067  INFO 530588 --- [ool-68-thread-2] .t.t.s.TourGuideClientRewardsServiceImpl : Service - Distance calculated: 8993.72976259885
2021-11-27 20:34:21.066  INFO 530588 --- [onPool-worker-4] .t.t.s.TourGuideClientRewardsServiceImpl : Service - Distance calculated: 8685.724434402959
2021-11-27 20:34:21.066  INFO 530588 --- [ol-102-thread-2] .t.t.s.TourGuideClientRewardsServiceImpl : Service - Distance calculated: 7135.3189276068615
2021-11-27 20:34:21.067  INFO 530588 --- [onPool-worker-4] .t.t.s.TourGuideClientRewardsServiceImpl : Service - Distance calculated: 7976.605218475985
2021-11-27 20:34:21.067  INFO 530588 --- [onPool-worker-4] .t.t.s.TourGuideClientRewardsServiceImpl : Service - Distance calculated: 8569.738294143375
2021-11-27 20:34:21.066  INFO 530588 --- [onPool-worker-1] .t.t.s.TourGuideClientRewardsServiceImpl : Service - Distance calculated: 5591.746120774242
2021-11-27 20:34:21.066  INFO 530588 --- [onPool-worker-5] .t.t.s.TourGuideClientRewardsServiceImpl : Service - Distance calculated: 6389.169871696969
2021-11-27 20:34:21.066  INFO 530588 --- [ool-51-thread-2] .t.t.s.TourGuideClientRewardsServiceImpl : Service - Distance calculated: 2578.910516018122
2021-11-27 20:34:21.066  INFO 530588 --- [nPool-worker-15] .t.t.s.TourGuideClientRewardsServiceImpl : Service - Distance calculated: 9622.849246797474
2021-11-27 20:34:21.067  INFO 530588 --- [ool-51-thread-2] .t.t.s.TourGuideClientRewardsServiceImpl : Service - Distance calculated: 680.6158831369517
2021-11-27 20:34:21.067  INFO 530588 --- [nPool-worker-15] .t.t.s.TourGuideClientRewardsServiceImpl : Service - Distance calculated: 10345.125736706466
2021-11-27 20:34:21.067  INFO 530588 --- [ool-51-thread-2] .t.t.s.TourGuideClientRewardsServiceImpl : Service - Distance calculated: 1344.090272349311
2021-11-27 20:34:21.067  INFO 530588 --- [nPool-worker-15] .t.t.s.TourGuideClientRewardsServiceImpl : Service - Distance calculated: 9775.47164260692
2021-11-27 20:34:21.067  INFO 530588 --- [ool-51-thread-2] .t.t.s.TourGuideClientRewardsServiceImpl : Service - Distance calculated: 2440.177336041544
2021-11-27 20:34:21.067  INFO 530588 --- [nPool-worker-15] .t.t.s.TourGuideClientRewardsServiceImpl : Service - Distance calculated: 10062.77180401575
2021-11-27 20:34:21.067  INFO 530588 --- [ool-51-thread-2] .t.t.s.TourGuideClientRewardsServiceImpl : Service - Distance calculated: 2168.830527042806
2021-11-27 20:34:21.067  INFO 530588 --- [nPool-worker-15] .t.t.s.TourGuideClientRewardsServiceImpl : Service - Distance calculated: 9496.440833012939
2021-11-27 20:34:21.067  INFO 530588 --- [ool-51-thread-2] .t.t.s.TourGuideClientRewardsServiceImpl : Service - Calculate rewards points for user: internalUser72
2021-11-27 20:34:21.067  INFO 530588 --- [nPool-worker-15] .t.t.s.TourGuideClientRewardsServiceImpl : Service - Distance calculated: 10273.628873441998
2021-11-27 20:34:21.067  INFO 530588 --- [nPool-worker-15] .t.t.s.TourGuideClientRewardsServiceImpl : Service - Distance calculated: 10581.455896694613
2021-11-27 20:34:21.066  INFO 530588 --- [nPool-worker-13] .t.t.s.TourGuideClientRewardsServiceImpl : Service - Distance calculated: 4103.355585460442
2021-11-27 20:34:21.067  INFO 530588 --- [nPool-worker-15] .t.t.s.TourGuideClientRewardsServiceImpl : Service - Distance calculated: 9718.534349402105
2021-11-27 20:34:21.067  INFO 530588 --- [nPool-worker-13] .t.t.s.TourGuideClientRewardsServiceImpl : Service - Distance calculated: 2094.730292778175
2021-11-27 20:34:21.067  INFO 530588 --- [nPool-worker-13] .t.t.s.TourGuideClientRewardsServiceImpl : Service - Distance calculated: 3870.0324727694338
2021-11-27 20:34:21.067  INFO 530588 --- [nPool-worker-13] .t.t.s.TourGuideClientRewardsServiceImpl : Service - Distance calculated: 3920.756335556034
2021-11-27 20:34:21.067  INFO 530588 --- [nPool-worker-13] .t.t.s.TourGuideClientRewardsServiceImpl : Service - Distance calculated: 3993.9971751804383
2021-11-27 20:34:21.067  INFO 530588 --- [nPool-worker-13] .t.t.s.TourGuideClientRewardsServiceImpl : Service - Distance calculated: 4817.924101754146
2021-11-27 20:34:21.067  INFO 530588 --- [nPool-worker-13] .t.t.s.TourGuideClientRewardsServiceImpl : Service - Distance calculated: 4533.025089997682
2021-11-27 20:34:21.067  INFO 530588 --- [nPool-worker-13] .t.t.s.TourGuideClientRewardsServiceImpl : Service - Distance calculated: 4365.385573267202
2021-11-27 20:34:21.067  INFO 530588 --- [nPool-worker-13] .t.t.s.TourGuideClientRewardsServiceImpl : Service - Distance calculated: 4547.600165566894
2021-11-27 20:34:21.067  INFO 530588 --- [nPool-worker-13] .t.t.s.TourGuideClientRewardsServiceImpl : Service - Distance calculated: 4184.857658249311
2021-11-27 20:34:21.067  INFO 530588 --- [nPool-worker-13] .t.t.s.TourGuideClientRewardsServiceImpl : Service - Distance calculated: 4515.940186407272
2021-11-27 20:34:21.067  INFO 530588 --- [nPool-worker-13] .t.t.s.TourGuideClientRewardsServiceImpl : Service - Distance calculated: 4266.571761360699
2021-11-27 20:34:21.067  INFO 530588 --- [nPool-worker-13] .t.t.s.TourGuideClientRewardsServiceImpl : Service - Distance calculated: 4735.991999658519
2021-11-27 20:34:21.067  INFO 530588 --- [nPool-worker-13] .t.t.s.TourGuideClientRewardsServiceImpl : Service - Distance calculated: 3764.2991960791683
2021-11-27 20:34:21.067  INFO 530588 --- [nPool-worker-13] .t.t.s.TourGuideClientRewardsServiceImpl : Service - Distance calculated: 4391.822868687995
2021-11-27 20:34:21.067  INFO 530588 --- [nPool-worker-13] .t.t.s.TourGuideClientRewardsServiceImpl : Service - Distance calculated: 3943.9646418401667
2021-11-27 20:34:21.067  INFO 530588 --- [nPool-worker-13] .t.t.s.TourGuideClientRewardsServiceImpl : Service - Distance calculated: 3862.4193830116114
2021-11-27 20:34:21.067  INFO 530588 --- [nPool-worker-13] .t.t.s.TourGuideClientRewardsServiceImpl : Service - Distance calculated: 4709.717728990045
2021-11-27 20:34:21.067  INFO 530588 --- [nPool-worker-13] .t.t.s.TourGuideClientRewardsServiceImpl : Service - Distance calculated: 4103.643356228445
2021-11-27 20:34:21.067  INFO 530588 --- [nPool-worker-13] .t.t.s.TourGuideClientRewardsServiceImpl : Service - Distance calculated: 3492.132908454987
2021-11-27 20:34:21.067  INFO 530588 --- [nPool-worker-13] .t.t.s.TourGuideClientRewardsServiceImpl : Service - Distance calculated: 4032.6022907604943
2021-11-27 20:34:21.067  INFO 530588 --- [nPool-worker-13] .t.t.s.TourGuideClientRewardsServiceImpl : Service - Distance calculated: 4115.606055663318
2021-11-27 20:34:21.067  INFO 530588 --- [nPool-worker-13] .t.t.s.TourGuideClientRewardsServiceImpl : Service - Distance calculated: 4132.56806361499
2021-11-27 20:34:21.067  INFO 530588 --- [nPool-worker-13] .t.t.s.TourGuideClientRewardsServiceImpl : Service - Distance calculated: 4231.478379275828
2021-11-27 20:34:21.067  INFO 530588 --- [nPool-worker-13] .t.t.s.TourGuideClientRewardsServiceImpl : Service - Distance calculated: 4298.858388391368
2021-11-27 20:34:21.067  INFO 530588 --- [nPool-worker-13] .t.t.s.TourGuideClientRewardsServiceImpl : Service - Distance calculated: 3913.535559728369
2021-11-27 20:34:21.066  INFO 530588 --- [ol-120-thread-2] .t.t.s.TourGuideClientRewardsServiceImpl : Service - Distance calculated: 3873.4757572898216
2021-11-27 20:34:21.066  INFO 530588 --- [ool-44-thread-2] .t.t.s.TourGuideClientRewardsServiceImpl : Service - Distance calculated: 2440.177336041544
2021-11-27 20:34:21.066  INFO 530588 --- [onPool-worker-7] .t.t.s.TourGuideClientRewardsServiceImpl : Service - Distance calculated: 8442.81653033065
2021-11-27 20:34:21.066  INFO 530588 --- [onPool-worker-3] .t.t.s.TourGuideClientRewardsServiceImpl : Service - Distance calculated: 10787.106581045013
2021-11-27 20:34:21.067  INFO 530588 --- [onPool-worker-7] .t.t.s.TourGuideClientRewardsServiceImpl : Service - Distance calculated: 8252.315036550097
2021-11-27 20:34:21.066  INFO 530588 --- [ool-61-thread-2] .t.t.s.TourGuideClientRewardsServiceImpl : Service - Distance calculated: 774.5207212649109
2021-11-27 20:34:21.067  INFO 530588 --- [nPool-worker-11] .t.t.s.TourGuideClientRewardsServiceImpl : Service - Distance calculated: 8850.529505590981
2021-11-27 20:34:21.068  INFO 530588 --- [nPool-worker-11] .t.t.s.TourGuideClientRewardsServiceImpl : Service - Distance calculated: 9094.75346069985
2021-11-27 20:34:21.068  INFO 530588 --- [nPool-worker-11] .t.t.s.TourGuideClientRewardsServiceImpl : Service - Distance calculated: 9054.203512587908
2021-11-27 20:34:21.068  INFO 530588 --- [nPool-worker-11] .t.t.s.TourGuideClientRewardsServiceImpl : Service - Distance calculated: 9742.015137124145
2021-11-27 20:34:21.068  INFO 530588 --- [nPool-worker-11] .t.t.s.TourGuideClientRewardsServiceImpl : Service - Distance calculated: 10206.710286377986
2021-11-27 20:34:21.068  INFO 530588 --- [nPool-worker-11] .t.t.s.TourGuideClientRewardsServiceImpl : Service - Distance calculated: 9735.855855651931
2021-11-27 20:34:21.068  INFO 530588 --- [nPool-worker-11] .t.t.s.TourGuideClientRewardsServiceImpl : Service - Distance calculated: 10016.092792489728
2021-11-27 20:34:21.068  INFO 530588 --- [nPool-worker-11] .t.t.s.TourGuideClientRewardsServiceImpl : Service - Distance calculated: 9459.751735972754
2021-11-27 20:34:21.068  INFO 530588 --- [nPool-worker-11] .t.t.s.TourGuideClientRewardsServiceImpl : Service - Distance calculated: 10152.87617879555
2021-11-27 20:34:21.068  INFO 530588 --- [nPool-worker-11] .t.t.s.TourGuideClientRewardsServiceImpl : Service - Distance calculated: 10120.885514559139
2021-11-27 20:34:21.068  INFO 530588 --- [ool-61-thread-2] .t.t.s.TourGuideClientRewardsServiceImpl : Service - Distance calculated: 164.91310606753288
2021-11-27 20:34:21.068  INFO 530588 --- [ool-61-thread-2] .t.t.s.TourGuideClientRewardsServiceImpl : Service - Distance calculated: 115.99464245531166
2021-11-27 20:34:21.068  INFO 530588 --- [ool-61-thread-2] .t.t.s.TourGuideClientRewardsServiceImpl : Service - Distance calculated: 1428.8577204882306
2021-11-27 20:34:21.068  INFO 530588 --- [ool-61-thread-2] .t.t.s.TourGuideClientRewardsServiceImpl : Service - Distance calculated: 1418.571827418631
2021-11-27 20:34:21.068  INFO 530588 --- [ool-61-thread-2] .t.t.s.TourGuideClientRewardsServiceImpl : Service - Distance calculated: 460.11990361699293
2021-11-27 20:34:21.068  INFO 530588 --- [ool-61-thread-2] .t.t.s.TourGuideClientRewardsServiceImpl : Service - Distance calculated: 1992.7911930022951
2021-11-27 20:34:21.068  INFO 530588 --- [ool-61-thread-2] .t.t.s.TourGuideClientRewardsServiceImpl : Service - Distance calculated: 1906.7972782801585
2021-11-27 20:34:21.068  INFO 530588 --- [ool-61-thread-2] .t.t.s.TourGuideClientRewardsServiceImpl : Service - Distance calculated: 2360.645624935619
2021-11-27 20:34:21.068  INFO 530588 --- [ool-61-thread-2] .t.t.s.TourGuideClientRewardsServiceImpl : Service - Distance calculated: 2434.494471527265
2021-11-27 20:34:21.068  INFO 530588 --- [ool-61-thread-2] .t.t.s.TourGuideClientRewardsServiceImpl : Service - Distance calculated: 2148.3967563579567
2021-11-27 20:34:21.069  INFO 530588 --- [ool-61-thread-2] .t.t.s.TourGuideClientRewardsServiceImpl : Service - Distance calculated: 2282.746325565392
2021-11-27 20:34:21.069  INFO 530588 --- [ool-61-thread-2] .t.t.s.TourGuideClientRewardsServiceImpl : Service - Distance calculated: 2289.4339721013357
2021-11-27 20:34:21.069  INFO 530588 --- [ool-61-thread-2] .t.t.s.TourGuideClientRewardsServiceImpl : Service - Distance calculated: 1204.372289719331
2021-11-27 20:34:21.069  INFO 530588 --- [ool-61-thread-2] .t.t.s.TourGuideClientRewardsServiceImpl : Service - Distance calculated: 1742.5694022642394
2021-11-27 20:34:21.069  INFO 530588 --- [ool-61-thread-2] .t.t.s.TourGuideClientRewardsServiceImpl : Service - Distance calculated: 1576.7472428725728
2021-11-27 20:34:21.069  INFO 530588 --- [ool-61-thread-2] .t.t.s.TourGuideClientRewardsServiceImpl : Service - Distance calculated: 1921.4807999190489
2021-11-27 20:34:21.069  INFO 530588 --- [ool-61-thread-2] .t.t.s.TourGuideClientRewardsServiceImpl : Service - Distance calculated: 1277.6245433336508
2021-11-27 20:34:21.069  INFO 530588 --- [ool-61-thread-2] .t.t.s.TourGuideClientRewardsServiceImpl : Service - Distance calculated: 87.03441722159666
2021-11-27 20:34:21.069  INFO 530588 --- [ool-61-thread-2] .t.t.s.TourGuideClientRewardsServiceImpl : Service - Distance calculated: 2127.2478407793283
2021-11-27 20:34:21.069  INFO 530588 --- [ool-61-thread-2] .t.t.s.TourGuideClientRewardsServiceImpl : Service - Distance calculated: 2578.910516018122
2021-11-27 20:34:21.069  INFO 530588 --- [ool-61-thread-2] .t.t.s.TourGuideClientRewardsServiceImpl : Service - Distance calculated: 680.6158831369517
2021-11-27 20:34:21.069  INFO 530588 --- [ool-61-thread-2] .t.t.s.TourGuideClientRewardsServiceImpl : Service - Distance calculated: 1344.090272349311
2021-11-27 20:34:21.069  INFO 530588 --- [ool-61-thread-2] .t.t.s.TourGuideClientRewardsServiceImpl : Service - Distance calculated: 2440.177336041544
2021-11-27 20:34:21.069  INFO 530588 --- [ool-61-thread-2] .t.t.s.TourGuideClientRewardsServiceImpl : Service - Distance calculated: 2168.830527042806
2021-11-27 20:34:21.069  INFO 530588 --- [ool-61-thread-2] .t.t.s.TourGuideClientRewardsServiceImpl : Service - Calculate rewards points for user: internalUser80
2021-11-27 20:34:21.067  INFO 530588 --- [onPool-worker-6] .t.t.s.TourGuideClientRewardsServiceImpl : Service - Distance calculated: 5058.555319771251
2021-11-27 20:34:21.070  INFO 530588 --- [onPool-worker-6] .t.t.s.TourGuideClientRewardsServiceImpl : Service - Distance calculated: 4793.258640372439
2021-11-27 20:34:21.070  INFO 530588 --- [onPool-worker-6] .t.t.s.TourGuideClientRewardsServiceImpl : Service - Distance calculated: 5010.875101194352
2021-11-27 20:34:21.070  INFO 530588 --- [onPool-worker-6] .t.t.s.TourGuideClientRewardsServiceImpl : Service - Distance calculated: 4576.880767907063
2021-11-27 20:34:21.070  INFO 530588 --- [onPool-worker-6] .t.t.s.TourGuideClientRewardsServiceImpl : Service - Distance calculated: 5028.735778139599
2021-11-27 20:34:21.070  INFO 530588 --- [onPool-worker-6] .t.t.s.TourGuideClientRewardsServiceImpl : Service - Distance calculated: 4939.395489508597
2021-11-27 20:34:21.070  INFO 530588 --- [onPool-worker-6] .t.t.s.TourGuideClientRewardsServiceImpl : Service - Distance calculated: 5106.841753473536
2021-11-27 20:34:21.070  INFO 530588 --- [onPool-worker-6] .t.t.s.TourGuideClientRewardsServiceImpl : Service - Distance calculated: 4023.700583345237
2021-11-27 20:34:21.070  INFO 530588 --- [onPool-worker-6] .t.t.s.TourGuideClientRewardsServiceImpl : Service - Distance calculated: 4990.863349463172
2021-11-27 20:34:21.070  INFO 530588 --- [onPool-worker-6] .t.t.s.TourGuideClientRewardsServiceImpl : Service - Distance calculated: 4441.678239437479
2021-11-27 20:34:21.070  INFO 530588 --- [onPool-worker-6] .t.t.s.TourGuideClientRewardsServiceImpl : Service - Distance calculated: 4150.78952987015
2021-11-27 20:34:21.070  INFO 530588 --- [onPool-worker-6] .t.t.s.TourGuideClientRewardsServiceImpl : Service - Distance calculated: 5071.083569633639
2021-11-27 20:34:21.067  INFO 530588 --- [onPool-worker-2] .t.t.s.TourGuideClientRewardsServiceImpl : Service - Distance calculated: 4385.045427111722
2021-11-27 20:34:21.070  INFO 530588 --- [onPool-worker-2] .t.t.s.TourGuideClientRewardsServiceImpl : Service - Distance calculated: 4915.040463998059
2021-11-27 20:34:21.070  INFO 530588 --- [onPool-worker-2] .t.t.s.TourGuideClientRewardsServiceImpl : Service - Distance calculated: 4996.496105388662
2021-11-27 20:34:21.070  INFO 530588 --- [onPool-worker-2] .t.t.s.TourGuideClientRewardsServiceImpl : Service - Distance calculated: 5012.044108063967
2021-11-27 20:34:21.070  INFO 530588 --- [onPool-worker-2] .t.t.s.TourGuideClientRewardsServiceImpl : Service - Distance calculated: 5112.038453447966
2021-11-27 20:34:21.070  INFO 530588 --- [onPool-worker-2] .t.t.s.TourGuideClientRewardsServiceImpl : Service - Distance calculated: 5189.748948561126
2021-11-27 20:34:21.070  INFO 530588 --- [onPool-worker-2] .t.t.s.TourGuideClientRewardsServiceImpl : Service - Distance calculated: 4754.49897935895
2021-11-27 20:34:21.070  INFO 530588 --- [onPool-worker-2] .t.t.s.TourGuideClientRewardsServiceImpl : Service - Distance calculated: 4948.165536205864
2021-11-27 20:34:21.067  INFO 530588 --- [onPool-worker-9] .t.t.s.TourGuideClientRewardsServiceImpl : Service - Distance calculated: 1921.4807999190489
2021-11-27 20:34:21.067  INFO 530588 --- [nPool-worker-12] .t.t.s.TourGuideClientRewardsServiceImpl : Service - Distance calculated: 1428.8577204882306
2021-11-27 20:34:21.070  INFO 530588 --- [nPool-worker-12] .t.t.s.TourGuideClientRewardsServiceImpl : Service - Distance calculated: 1418.571827418631
2021-11-27 20:34:21.070  INFO 530588 --- [nPool-worker-12] .t.t.s.TourGuideClientRewardsServiceImpl : Service - Distance calculated: 460.11990361699293
2021-11-27 20:34:21.070  INFO 530588 --- [nPool-worker-12] .t.t.s.TourGuideClientRewardsServiceImpl : Service - Distance calculated: 1992.7911930022951
2021-11-27 20:34:21.071  INFO 530588 --- [nPool-worker-12] .t.t.s.TourGuideClientRewardsServiceImpl : Service - Distance calculated: 1906.7972782801585
2021-11-27 20:34:21.071  INFO 530588 --- [nPool-worker-12] .t.t.s.TourGuideClientRewardsServiceImpl : Service - Distance calculated: 2360.645624935619
2021-11-27 20:34:21.071  INFO 530588 --- [nPool-worker-12] .t.t.s.TourGuideClientRewardsServiceImpl : Service - Distance calculated: 2434.494471527265
2021-11-27 20:34:21.071  INFO 530588 --- [nPool-worker-12] .t.t.s.TourGuideClientRewardsServiceImpl : Service - Distance calculated: 2148.3967563579567
2021-11-27 20:34:21.071  INFO 530588 --- [nPool-worker-12] .t.t.s.TourGuideClientRewardsServiceImpl : Service - Distance calculated: 2282.746325565392
2021-11-27 20:34:21.071  INFO 530588 --- [nPool-worker-12] .t.t.s.TourGuideClientRewardsServiceImpl : Service - Distance calculated: 2289.4339721013357
2021-11-27 20:34:21.071  INFO 530588 --- [nPool-worker-12] .t.t.s.TourGuideClientRewardsServiceImpl : Service - Distance calculated: 1204.372289719331
2021-11-27 20:34:21.071  INFO 530588 --- [nPool-worker-12] .t.t.s.TourGuideClientRewardsServiceImpl : Service - Distance calculated: 1742.5694022642394
2021-11-27 20:34:21.071  INFO 530588 --- [nPool-worker-12] .t.t.s.TourGuideClientRewardsServiceImpl : Service - Distance calculated: 1576.7472428725728
2021-11-27 20:34:21.071  INFO 530588 --- [nPool-worker-12] .t.t.s.TourGuideClientRewardsServiceImpl : Service - Distance calculated: 1921.4807999190489
2021-11-27 20:34:21.071  INFO 530588 --- [nPool-worker-12] .t.t.s.TourGuideClientRewardsServiceImpl : Service - Distance calculated: 1277.6245433336508
2021-11-27 20:34:21.071  INFO 530588 --- [nPool-worker-12] .t.t.s.TourGuideClientRewardsServiceImpl : Service - Distance calculated: 87.03441722159666
2021-11-27 20:34:21.071  INFO 530588 --- [nPool-worker-12] .t.t.s.TourGuideClientRewardsServiceImpl : Service - Distance calculated: 2127.2478407793283
2021-11-27 20:34:21.071  INFO 530588 --- [nPool-worker-12] .t.t.s.TourGuideClientRewardsServiceImpl : Service - Distance calculated: 2578.910516018122
2021-11-27 20:34:21.071  INFO 530588 --- [nPool-worker-12] .t.t.s.TourGuideClientRewardsServiceImpl : Service - Distance calculated: 680.6158831369517
2021-11-27 20:34:21.071  INFO 530588 --- [nPool-worker-12] .t.t.s.TourGuideClientRewardsServiceImpl : Service - Distance calculated: 1344.090272349311
2021-11-27 20:34:21.071  INFO 530588 --- [nPool-worker-12] .t.t.s.TourGuideClientRewardsServiceImpl : Service - Distance calculated: 2440.177336041544
2021-11-27 20:34:21.071  INFO 530588 --- [nPool-worker-12] .t.t.s.TourGuideClientRewardsServiceImpl : Service - Distance calculated: 2168.830527042806
2021-11-27 20:34:21.071  INFO 530588 --- [nPool-worker-12] .t.t.s.TourGuideClientRewardsServiceImpl : Service - Calculate rewards points for user: internalUser90
2021-11-27 20:34:21.070  INFO 530588 --- [onPool-worker-2] .t.t.s.TourGuideClientRewardsServiceImpl : Service - Distance calculated: 2745.9539880128973
2021-11-27 20:34:21.074  INFO 530588 --- [onPool-worker-2] .t.t.s.TourGuideClientRewardsServiceImpl : Service - Distance calculated: 4686.0514072162605
2021-11-27 20:34:21.075  INFO 530588 --- [onPool-worker-2] .t.t.s.TourGuideClientRewardsServiceImpl : Service - Distance calculated: 4754.687470697792
2021-11-27 20:34:21.075  INFO 530588 --- [onPool-worker-2] .t.t.s.TourGuideClientRewardsServiceImpl : Service - Distance calculated: 4820.517673277323
2021-11-27 20:34:21.075  INFO 530588 --- [onPool-worker-2] .t.t.s.TourGuideClientRewardsServiceImpl : Service - Distance calculated: 5653.886914599192
2021-11-27 20:34:21.075  INFO 530588 --- [onPool-worker-2] .t.t.s.TourGuideClientRewardsServiceImpl : Service - Distance calculated: 5384.520840693161
2021-11-27 20:34:21.075  INFO 530588 --- [onPool-worker-2] .t.t.s.TourGuideClientRewardsServiceImpl : Service - Distance calculated: 5215.8007923383175
2021-11-27 20:34:21.075  INFO 530588 --- [onPool-worker-2] .t.t.s.TourGuideClientRewardsServiceImpl : Service - Distance calculated: 5401.043825757172
2021-11-27 20:34:21.075  INFO 530588 --- [onPool-worker-2] .t.t.s.TourGuideClientRewardsServiceImpl : Service - Distance calculated: 5029.444570875143
2021-11-27 20:34:21.075  INFO 530588 --- [onPool-worker-2] .t.t.s.TourGuideClientRewardsServiceImpl : Service - Distance calculated: 5368.639632025445
2021-11-27 20:34:21.075  INFO 530588 --- [onPool-worker-2] .t.t.s.TourGuideClientRewardsServiceImpl : Service - Distance calculated: 5060.886508144976
2021-11-27 20:34:21.075  INFO 530588 --- [onPool-worker-2] .t.t.s.TourGuideClientRewardsServiceImpl : Service - Distance calculated: 5577.88743393206
2021-11-27 20:34:21.075  INFO 530588 --- [onPool-worker-2] .t.t.s.TourGuideClientRewardsServiceImpl : Service - Distance calculated: 4568.86359299476
2021-11-27 20:34:21.075  INFO 530588 --- [onPool-worker-2] .t.t.s.TourGuideClientRewardsServiceImpl : Service - Distance calculated: 5227.036460067599
2021-11-27 20:34:21.075  INFO 530588 --- [onPool-worker-2] .t.t.s.TourGuideClientRewardsServiceImpl : Service - Distance calculated: 4797.7267906343895
2021-11-27 20:34:21.075  INFO 530588 --- [onPool-worker-2] .t.t.s.TourGuideClientRewardsServiceImpl : Service - Distance calculated: 4678.0070553409105
2021-11-27 20:34:21.075  INFO 530588 --- [onPool-worker-2] .t.t.s.TourGuideClientRewardsServiceImpl : Service - Distance calculated: 5549.492221576619
2021-11-27 20:34:21.075  INFO 530588 --- [onPool-worker-2] .t.t.s.TourGuideClientRewardsServiceImpl : Service - Distance calculated: 5.8950310023474215E-5
2021-11-27 20:34:21.067  INFO 530588 --- [onPool-worker-8] .t.t.s.TourGuideClientRewardsServiceImpl : Service - Distance calculated: 8934.93926402851
2021-11-27 20:34:21.076  INFO 530588 --- [onPool-worker-8] .t.t.s.TourGuideClientRewardsServiceImpl : Service - Distance calculated: 10107.4592840319
2021-11-27 20:34:21.076  INFO 530588 --- [onPool-worker-8] .t.t.s.TourGuideClientRewardsServiceImpl : Service - Distance calculated: 8476.136142518362
2021-11-27 20:34:21.076  INFO 530588 --- [onPool-worker-8] .t.t.s.TourGuideClientRewardsServiceImpl : Service - Distance calculated: 9249.688453209423
2021-11-27 20:34:21.076  INFO 530588 --- [onPool-worker-8] .t.t.s.TourGuideClientRewardsServiceImpl : Service - Distance calculated: 9946.411927189236
2021-11-27 20:34:21.076  INFO 530588 --- [onPool-worker-8] .t.t.s.TourGuideClientRewardsServiceImpl : Service - Distance calculated: 8984.330288362089
2021-11-27 20:34:21.076  INFO 530588 --- [onPool-worker-8] .t.t.s.TourGuideClientRewardsServiceImpl : Service - Distance calculated: 10324.921642617157
2021-11-27 20:34:21.076  INFO 530588 --- [onPool-worker-8] .t.t.s.TourGuideClientRewardsServiceImpl : Service - Distance calculated: 10158.34342570498
2021-11-27 20:34:21.076  INFO 530588 --- [onPool-worker-8] .t.t.s.TourGuideClientRewardsServiceImpl : Service - Distance calculated: 10234.607440585416
2021-11-27 20:34:21.076  INFO 530588 --- [onPool-worker-8] .t.t.s.TourGuideClientRewardsServiceImpl : Service - Distance calculated: 10220.89738744677
2021-11-27 20:34:21.076  INFO 530588 --- [onPool-worker-8] .t.t.s.TourGuideClientRewardsServiceImpl : Service - Distance calculated: 9085.973644194464
2021-11-27 20:34:21.076  INFO 530588 --- [onPool-worker-8] .t.t.s.TourGuideClientRewardsServiceImpl : Service - Distance calculated: 9055.776969954404
2021-11-27 20:34:21.076  INFO 530588 --- [onPool-worker-8] .t.t.s.TourGuideClientRewardsServiceImpl : Service - Distance calculated: 9869.474905289788
2021-11-27 20:34:21.076  INFO 530588 --- [onPool-worker-8] .t.t.s.TourGuideClientRewardsServiceImpl : Service - Distance calculated: 8697.619571228657
2021-11-27 20:34:21.076  INFO 530588 --- [onPool-worker-8] .t.t.s.TourGuideClientRewardsServiceImpl : Service - Distance calculated: 8690.353790713854
2021-11-27 20:34:21.076  INFO 530588 --- [onPool-worker-8] .t.t.s.TourGuideClientRewardsServiceImpl : Service - Distance calculated: 10990.689837600134
2021-11-27 20:34:21.076  INFO 530588 --- [onPool-worker-8] .t.t.s.TourGuideClientRewardsServiceImpl : Service - Distance calculated: 8331.516367356407
2021-11-27 20:34:21.076  INFO 530588 --- [onPool-worker-8] .t.t.s.TourGuideClientRewardsServiceImpl : Service - Distance calculated: 8557.842318948535
2021-11-27 20:34:21.076  INFO 530588 --- [onPool-worker-8] .t.t.s.TourGuideClientRewardsServiceImpl : Service - Distance calculated: 8409.17708765853
2021-11-27 20:34:21.076  INFO 530588 --- [onPool-worker-8] .t.t.s.TourGuideClientRewardsServiceImpl : Service - Distance calculated: 8128.486753444294
2021-11-27 20:34:21.076  INFO 530588 --- [onPool-worker-8] .t.t.s.TourGuideClientRewardsServiceImpl : Service - Distance calculated: 9160.281929399069
2021-11-27 20:34:21.076  INFO 530588 --- [onPool-worker-8] .t.t.s.TourGuideClientRewardsServiceImpl : Service - Distance calculated: 8735.10726142837
2021-11-27 20:34:21.076  INFO 530588 --- [onPool-worker-8] .t.t.s.TourGuideClientRewardsServiceImpl : Service - Distance calculated: 8825.475503108868
2021-11-27 20:34:21.076  INFO 530588 --- [onPool-worker-8] .t.t.s.TourGuideClientRewardsServiceImpl : Service - Distance calculated: 8645.009414717137
2021-11-27 20:34:21.076  INFO 530588 --- [onPool-worker-8] .t.t.s.TourGuideClientRewardsServiceImpl : Service - Distance calculated: 9098.906902963721
2021-11-27 20:34:21.076  INFO 530588 --- [onPool-worker-8] .t.t.s.TourGuideClientRewardsServiceImpl : Service - Distance calculated: 10252.958150188995
2021-11-27 20:34:21.076  INFO 530588 --- [onPool-worker-8] .t.t.s.TourGuideClientRewardsServiceImpl : Service - Distance calculated: 8291.436856243123
2021-11-27 20:34:21.076  INFO 530588 --- [onPool-worker-8] .t.t.s.TourGuideClientRewardsServiceImpl : Service - Distance calculated: 8254.157945971856
2021-11-27 20:34:21.076  INFO 530588 --- [onPool-worker-8] .t.t.s.TourGuideClientRewardsServiceImpl : Service - Distance calculated: 9663.15188084037
2021-11-27 20:34:21.076  INFO 530588 --- [onPool-worker-8] .t.t.s.TourGuideClientRewardsServiceImpl : Service - Distance calculated: 9259.79166105449
2021-11-27 20:34:21.076  INFO 530588 --- [onPool-worker-8] .t.t.s.TourGuideClientRewardsServiceImpl : Service - Distance calculated: 8329.972849493173
2021-11-27 20:34:21.076  INFO 530588 --- [onPool-worker-8] .t.t.s.TourGuideClientRewardsServiceImpl : Service - Distance calculated: 8261.434744342661
2021-11-27 20:34:21.076  INFO 530588 --- [onPool-worker-8] .t.t.s.TourGuideClientRewardsServiceImpl : Service - Distance calculated: 2214.027316977291
2021-11-27 20:34:21.076  INFO 530588 --- [onPool-worker-8] .t.t.s.TourGuideClientRewardsServiceImpl : Service - Distance calculated: 1875.7442301732885
2021-11-27 20:34:21.076  INFO 530588 --- [onPool-worker-8] .t.t.s.TourGuideClientRewardsServiceImpl : Service - Distance calculated: 2068.704285316531
2021-11-27 20:34:21.076  INFO 530588 --- [onPool-worker-8] .t.t.s.TourGuideClientRewardsServiceImpl : Service - Distance calculated: 2098.3752098785735
2021-11-27 20:34:21.076  INFO 530588 --- [onPool-worker-8] .t.t.s.TourGuideClientRewardsServiceImpl : Service - Distance calculated: 806.3712085814126
2021-11-27 20:34:21.076  INFO 530588 --- [onPool-worker-8] .t.t.s.TourGuideClientRewardsServiceImpl : Service - Distance calculated: 797.5587948310157
2021-11-27 20:34:21.076  INFO 530588 --- [onPool-worker-8] .t.t.s.TourGuideClientRewardsServiceImpl : Service - Distance calculated: 1795.7651828725338
2021-11-27 20:34:21.076  INFO 530588 --- [onPool-worker-8] .t.t.s.TourGuideClientRewardsServiceImpl : Service - Distance calculated: 587.7394138802858
2021-11-27 20:34:21.076  INFO 530588 --- [onPool-worker-8] .t.t.s.TourGuideClientRewardsServiceImpl : Service - Distance calculated: 450.410425645118
2021-11-27 20:34:21.076  INFO 530588 --- [onPool-worker-8] .t.t.s.TourGuideClientRewardsServiceImpl : Service - Distance calculated: 3671.475472943175
2021-11-27 20:34:21.076  INFO 530588 --- [onPool-worker-8] .t.t.s.TourGuideClientRewardsServiceImpl : Service - Distance calculated: 697.4845226662819
2021-11-27 20:34:21.076  INFO 530588 --- [onPool-worker-8] .t.t.s.TourGuideClientRewardsServiceImpl : Service - Distance calculated: 565.0983555020161
2021-11-27 20:34:21.076  INFO 530588 --- [onPool-worker-8] .t.t.s.TourGuideClientRewardsServiceImpl : Service - Distance calculated: 517.1602243302882
2021-11-27 20:34:21.076  INFO 530588 --- [onPool-worker-8] .t.t.s.TourGuideClientRewardsServiceImpl : Service - Distance calculated: 334.83136942766544
2021-11-27 20:34:21.076  INFO 530588 --- [onPool-worker-8] .t.t.s.TourGuideClientRewardsServiceImpl : Service - Distance calculated: 1073.604542537742
2021-11-27 20:34:21.076  INFO 530588 --- [onPool-worker-8] .t.t.s.TourGuideClientRewardsServiceImpl : Service - Distance calculated: 471.4755603499604
2021-11-27 20:34:21.076  INFO 530588 --- [onPool-worker-8] .t.t.s.TourGuideClientRewardsServiceImpl : Service - Distance calculated: 687.8543459513436
2021-11-27 20:34:21.076  INFO 530588 --- [onPool-worker-8] .t.t.s.TourGuideClientRewardsServiceImpl : Service - Distance calculated: 381.37921013320556
2021-11-27 20:34:21.076  INFO 530588 --- [onPool-worker-8] .t.t.s.TourGuideClientRewardsServiceImpl : Service - Distance calculated: 988.1412131127506
2021-11-27 20:34:21.076  INFO 530588 --- [onPool-worker-8] .t.t.s.TourGuideClientRewardsServiceImpl : Service - Distance calculated: 2179.924365616397
2021-11-27 20:34:21.076  INFO 530588 --- [onPool-worker-8] .t.t.s.TourGuideClientRewardsServiceImpl : Service - Distance calculated: 306.80515376945755
2021-11-27 20:34:21.076  INFO 530588 --- [onPool-worker-8] .t.t.s.TourGuideClientRewardsServiceImpl : Service - Distance calculated: 868.6614242273681
2021-11-27 20:34:21.076  INFO 530588 --- [onPool-worker-8] .t.t.s.TourGuideClientRewardsServiceImpl : Service - Distance calculated: 1569.3439362036504
2021-11-27 20:34:21.076  INFO 530588 --- [onPool-worker-8] .t.t.s.TourGuideClientRewardsServiceImpl : Service - Distance calculated: 975.350940764552
2021-11-27 20:34:21.076  INFO 530588 --- [onPool-worker-8] .t.t.s.TourGuideClientRewardsServiceImpl : Service - Distance calculated: 707.1850670641076
2021-11-27 20:34:21.076  INFO 530588 --- [onPool-worker-8] .t.t.s.TourGuideClientRewardsServiceImpl : Service - Distance calculated: 255.6551225636504
2021-11-27 20:34:21.076  INFO 530588 --- [onPool-worker-8] .t.t.s.TourGuideClientRewardsServiceImpl : Service - Distance calculated: 5.8950310023474215E-5
2021-11-27 20:34:21.067  INFO 530588 --- [ool-68-thread-2] .t.t.s.TourGuideClientRewardsServiceImpl : Service - Distance calculated: 8161.195289715123
2021-11-27 20:34:21.067  INFO 530588 --- [ol-102-thread-2] .t.t.s.TourGuideClientRewardsServiceImpl : Service - Distance calculated: 7417.8325151805975
2021-11-27 20:34:21.077  INFO 530588 --- [ol-102-thread-2] .t.t.s.TourGuideClientRewardsServiceImpl : Service - Distance calculated: 7335.173884657019
2021-11-27 20:34:21.077  INFO 530588 --- [ol-102-thread-2] .t.t.s.TourGuideClientRewardsServiceImpl : Service - Distance calculated: 7866.04472806911
2021-11-27 20:34:21.077  INFO 530588 --- [ol-102-thread-2] .t.t.s.TourGuideClientRewardsServiceImpl : Service - Distance calculated: 8640.352756498638
2021-11-27 20:34:21.077  INFO 530588 --- [ol-102-thread-2] .t.t.s.TourGuideClientRewardsServiceImpl : Service - Distance calculated: 8040.7743115816975
2021-11-27 20:34:21.077  INFO 530588 --- [ol-102-thread-2] .t.t.s.TourGuideClientRewardsServiceImpl : Service - Distance calculated: 8325.492346971956
2021-11-27 20:34:21.077  INFO 530588 --- [ol-102-thread-2] .t.t.s.TourGuideClientRewardsServiceImpl : Service - Distance calculated: 7765.233918385153
2021-11-27 20:34:21.077  INFO 530588 --- [ol-102-thread-2] .t.t.s.TourGuideClientRewardsServiceImpl : Service - Distance calculated: 8562.20103119068
2021-11-27 20:34:21.077  INFO 530588 --- [ol-102-thread-2] .t.t.s.TourGuideClientRewardsServiceImpl : Service - Distance calculated: 9228.384894980773
2021-11-27 20:34:21.077  INFO 530588 --- [ol-102-thread-2] .t.t.s.TourGuideClientRewardsServiceImpl : Service - Distance calculated: 7960.755779073778
2021-11-27 20:34:21.077  INFO 530588 --- [ol-102-thread-2] .t.t.s.TourGuideClientRewardsServiceImpl : Service - Distance calculated: 6954.02569127496
2021-11-27 20:34:21.077  INFO 530588 --- [onPool-worker-8] .t.t.s.TourGuideClientRewardsServiceImpl : Service - Distance calculated: 774.5207212649109
2021-11-27 20:34:21.077  INFO 530588 --- [onPool-worker-8] .t.t.s.TourGuideClientRewardsServiceImpl : Service - Distance calculated: 164.91310606753288
2021-11-27 20:34:21.077  INFO 530588 --- [onPool-worker-8] .t.t.s.TourGuideClientRewardsServiceImpl : Service - Distance calculated: 115.99464245531166
2021-11-27 20:34:21.077  INFO 530588 --- [onPool-worker-8] .t.t.s.TourGuideClientRewardsServiceImpl : Service - Distance calculated: 1428.8577204882306
2021-11-27 20:34:21.077  INFO 530588 --- [onPool-worker-8] .t.t.s.TourGuideClientRewardsServiceImpl : Service - Distance calculated: 1418.571827418631
2021-11-27 20:34:21.077  INFO 530588 --- [onPool-worker-8] .t.t.s.TourGuideClientRewardsServiceImpl : Service - Distance calculated: 460.11990361699293
2021-11-27 20:34:21.077  INFO 530588 --- [onPool-worker-8] .t.t.s.TourGuideClientRewardsServiceImpl : Service - Distance calculated: 1992.7911930022951
2021-11-27 20:34:21.077  INFO 530588 --- [onPool-worker-8] .t.t.s.TourGuideClientRewardsServiceImpl : Service - Distance calculated: 1906.7972782801585
2021-11-27 20:34:21.067  INFO 530588 --- [onPool-worker-4] .t.t.s.TourGuideClientRewardsServiceImpl : Service - Distance calculated: 8541.71200219083
2021-11-27 20:34:21.077  INFO 530588 --- [onPool-worker-8] .t.t.s.TourGuideClientRewardsServiceImpl : Service - Distance calculated: 2360.645624935619
2021-11-27 20:34:21.077  INFO 530588 --- [onPool-worker-8] .t.t.s.TourGuideClientRewardsServiceImpl : Service - Distance calculated: 2434.494471527265
2021-11-27 20:34:21.077  INFO 530588 --- [onPool-worker-4] .t.t.s.TourGuideClientRewardsServiceImpl : Service - Distance calculated: 8438.971011985208
2021-11-27 20:34:21.077  INFO 530588 --- [onPool-worker-4] .t.t.s.TourGuideClientRewardsServiceImpl : Service - Distance calculated: 8641.125060259867
2021-11-27 20:34:21.077  INFO 530588 --- [onPool-worker-4] .t.t.s.TourGuideClientRewardsServiceImpl : Service - Distance calculated: 8561.329194216818
2021-11-27 20:34:21.077  INFO 530588 --- [onPool-worker-4] .t.t.s.TourGuideClientRewardsServiceImpl : Service - Distance calculated: 9124.390957187561
2021-11-27 20:34:21.077  INFO 530588 --- [onPool-worker-4] .t.t.s.TourGuideClientRewardsServiceImpl : Service - Distance calculated: 8098.929111738952
2021-11-27 20:34:21.067  INFO 530588 --- [onPool-worker-1] .t.t.s.TourGuideClientRewardsServiceImpl : Service - Distance calculated: 5062.634527890485
2021-11-27 20:34:21.067  INFO 530588 --- [nPool-worker-15] .t.t.s.TourGuideClientRewardsServiceImpl : Service - Distance calculated: 8682.404889850903
2021-11-27 20:34:21.077  INFO 530588 --- [nPool-worker-15] .t.t.s.TourGuideClientRewardsServiceImpl : Service - Distance calculated: 10527.846969381058
2021-11-27 20:34:21.077  INFO 530588 --- [nPool-worker-15] .t.t.s.TourGuideClientRewardsServiceImpl : Service - Distance calculated: 9760.238308216369
2021-11-27 20:34:21.077  INFO 530588 --- [nPool-worker-15] .t.t.s.TourGuideClientRewardsServiceImpl : Service - Distance calculated: 8856.96488717469
2021-11-27 20:34:21.077  INFO 530588 --- [nPool-worker-15] .t.t.s.TourGuideClientRewardsServiceImpl : Service - Distance calculated: 9657.644222476338
2021-11-27 20:34:21.077  INFO 530588 --- [nPool-worker-15] .t.t.s.TourGuideClientRewardsServiceImpl : Service - Distance calculated: 9323.272892087243
2021-11-27 20:34:21.077  INFO 530588 --- [nPool-worker-15] .t.t.s.TourGuideClientRewardsServiceImpl : Service - Distance calculated: 8783.739910555487
2021-11-27 20:34:21.077  INFO 530588 --- [nPool-worker-15] .t.t.s.TourGuideClientRewardsServiceImpl : Service - Distance calculated: 9285.266237662438
2021-11-27 20:34:21.077  INFO 530588 --- [nPool-worker-15] .t.t.s.TourGuideClientRewardsServiceImpl : Service - Distance calculated: 9360.309163826814
2021-11-27 20:34:21.077  INFO 530588 --- [nPool-worker-15] .t.t.s.TourGuideClientRewardsServiceImpl : Service - Distance calculated: 9286.579212912324
2021-11-27 20:34:21.077  INFO 530588 --- [nPool-worker-15] .t.t.s.TourGuideClientRewardsServiceImpl : Service - Distance calculated: 9388.654638603719
2021-11-27 20:34:21.077  INFO 530588 --- [nPool-worker-15] .t.t.s.TourGuideClientRewardsServiceImpl : Service - Distance calculated: 9583.99180399574
2021-11-27 20:34:21.077  INFO 530588 --- [nPool-worker-15] .t.t.s.TourGuideClientRewardsServiceImpl : Service - Distance calculated: 8843.07735119102
2021-11-27 20:34:21.077  INFO 530588 --- [nPool-worker-15] .t.t.s.TourGuideClientRewardsServiceImpl : Service - Distance calculated: 9056.750876818212
2021-11-27 20:34:21.077  INFO 530588 --- [nPool-worker-15] .t.t.s.TourGuideClientRewardsServiceImpl : Service - Distance calculated: 6968.215593587906
2021-11-27 20:34:21.077  INFO 530588 --- [nPool-worker-15] .t.t.s.TourGuideClientRewardsServiceImpl : Service - Distance calculated: 8574.21255930575
2021-11-27 20:34:21.077  INFO 530588 --- [nPool-worker-15] .t.t.s.TourGuideClientRewardsServiceImpl : Service - Distance calculated: 8774.42028647336
2021-11-27 20:34:21.077  INFO 530588 --- [nPool-worker-15] .t.t.s.TourGuideClientRewardsServiceImpl : Service - Distance calculated: 8768.312362461409
2021-11-27 20:34:21.078  INFO 530588 --- [nPool-worker-15] .t.t.s.TourGuideClientRewardsServiceImpl : Service - Distance calculated: 9562.318224403773
2021-11-27 20:34:21.078  INFO 530588 --- [nPool-worker-15] .t.t.s.TourGuideClientRewardsServiceImpl : Service - Distance calculated: 9724.932815738495
2021-11-27 20:34:21.078  INFO 530588 --- [nPool-worker-15] .t.t.s.TourGuideClientRewardsServiceImpl : Service - Distance calculated: 9382.231607516449
2021-11-27 20:34:21.078  INFO 530588 --- [nPool-worker-15] .t.t.s.TourGuideClientRewardsServiceImpl : Service - Distance calculated: 9634.463061547462
2021-11-27 20:34:21.078  INFO 530588 --- [nPool-worker-15] .t.t.s.TourGuideClientRewardsServiceImpl : Service - Distance calculated: 9127.211156999852
2021-11-27 20:34:21.078  INFO 530588 --- [nPool-worker-15] .t.t.s.TourGuideClientRewardsServiceImpl : Service - Distance calculated: 9690.842764986704
2021-11-27 20:34:21.078  INFO 530588 --- [nPool-worker-15] .t.t.s.TourGuideClientRewardsServiceImpl : Service - Distance calculated: 9409.241247219921
2021-11-27 20:34:21.078  INFO 530588 --- [nPool-worker-15] .t.t.s.TourGuideClientRewardsServiceImpl : Service - Distance calculated: 9574.01981161652
2021-11-27 20:34:21.078  INFO 530588 --- [nPool-worker-15] .t.t.s.TourGuideClientRewardsServiceImpl : Service - Distance calculated: 8399.079360482145
2021-11-27 20:34:21.078  INFO 530588 --- [nPool-worker-15] .t.t.s.TourGuideClientRewardsServiceImpl : Service - Distance calculated: 9625.560671690502
2021-11-27 20:34:21.078  INFO 530588 --- [nPool-worker-15] .t.t.s.TourGuideClientRewardsServiceImpl : Service - Distance calculated: 9102.074760313071
2021-11-27 20:34:21.078  INFO 530588 --- [nPool-worker-15] .t.t.s.TourGuideClientRewardsServiceImpl : Service - Distance calculated: 8564.394286479434
2021-11-27 20:34:21.078  INFO 530588 --- [nPool-worker-15] .t.t.s.TourGuideClientRewardsServiceImpl : Service - Distance calculated: 9522.163447755307
2021-11-27 20:34:21.078  INFO 530588 --- [nPool-worker-15] .t.t.s.TourGuideClientRewardsServiceImpl : Service - Distance calculated: 5.8950310023474215E-5
2021-11-27 20:34:21.067  INFO 530588 --- [onPool-worker-5] .t.t.s.TourGuideClientRewardsServiceImpl : Service - Distance calculated: 5911.10882854383
2021-11-27 20:34:21.078  INFO 530588 --- [onPool-worker-5] .t.t.s.TourGuideClientRewardsServiceImpl : Service - Distance calculated: 6684.8348434416885
2021-11-27 20:34:21.078  INFO 530588 --- [onPool-worker-5] .t.t.s.TourGuideClientRewardsServiceImpl : Service - Distance calculated: 7774.617257886286
2021-11-27 20:34:21.078  INFO 530588 --- [onPool-worker-5] .t.t.s.TourGuideClientRewardsServiceImpl : Service - Distance calculated: 5898.863616271799
2021-11-27 20:34:21.078  INFO 530588 --- [onPool-worker-5] .t.t.s.TourGuideClientRewardsServiceImpl : Service - Distance calculated: 5200.495381242417
2021-11-27 20:34:21.078  INFO 530588 --- [onPool-worker-5] .t.t.s.TourGuideClientRewardsServiceImpl : Service - Distance calculated: 7230.559091934489
2021-11-27 20:34:21.078  INFO 530588 --- [onPool-worker-5] .t.t.s.TourGuideClientRewardsServiceImpl : Service - Distance calculated: 6442.19633713522
2021-11-27 20:34:21.067  INFO 530588 --- [nPool-worker-13] .t.t.s.TourGuideClientRewardsServiceImpl : Service - Distance calculated: 4099.041078051711
2021-11-27 20:34:21.078  INFO 530588 --- [onPool-worker-5] .t.t.s.TourGuideClientRewardsServiceImpl : Service - Distance calculated: 5343.796367556273
2021-11-27 20:34:21.078  INFO 530588 --- [onPool-worker-5] .t.t.s.TourGuideClientRewardsServiceImpl : Service - Distance calculated: 5841.706874692562
2021-11-27 20:34:21.078  INFO 530588 --- [onPool-worker-5] .t.t.s.TourGuideClientRewardsServiceImpl : Service - Distance calculated: 774.5207212649109
2021-11-27 20:34:21.067  INFO 530588 --- [ool-44-thread-2] .t.t.s.TourGuideClientRewardsServiceImpl : Service - Distance calculated: 2168.830527042806
2021-11-27 20:34:21.078  INFO 530588 --- [onPool-worker-5] .t.t.s.TourGuideClientRewardsServiceImpl : Service - Distance calculated: 164.91310606753288
2021-11-27 20:34:21.078  INFO 530588 --- [onPool-worker-5] .t.t.s.TourGuideClientRewardsServiceImpl : Service - Distance calculated: 115.99464245531166
2021-11-27 20:34:21.067  INFO 530588 --- [ol-120-thread-2] .t.t.s.TourGuideClientRewardsServiceImpl : Service - Distance calculated: 1931.089173099249
2021-11-27 20:34:21.078  INFO 530588 --- [onPool-worker-5] .t.t.s.TourGuideClientRewardsServiceImpl : Service - Distance calculated: 1428.8577204882306
2021-11-27 20:34:21.068  INFO 530588 --- [onPool-worker-7] .t.t.s.TourGuideClientRewardsServiceImpl : Service - Distance calculated: 10280.8932673952
2021-11-27 20:34:21.078  INFO 530588 --- [onPool-worker-7] .t.t.s.TourGuideClientRewardsServiceImpl : Service - Distance calculated: 8488.724932024197
2021-11-27 20:34:21.078  INFO 530588 --- [onPool-worker-7] .t.t.s.TourGuideClientRewardsServiceImpl : Service - Distance calculated: 8436.110177987674
2021-11-27 20:34:21.078  INFO 530588 --- [onPool-worker-7] .t.t.s.TourGuideClientRewardsServiceImpl : Service - Distance calculated: 8363.640819587628
2021-11-27 20:34:21.078  INFO 530588 --- [onPool-worker-7] .t.t.s.TourGuideClientRewardsServiceImpl : Service - Distance calculated: 7538.631117233638
2021-11-27 20:34:21.068  INFO 530588 --- [onPool-worker-3] .t.t.s.TourGuideClientRewardsServiceImpl : Service - Distance calculated: 7955.38628753792
2021-11-27 20:34:21.068  INFO 530588 --- [nPool-worker-11] .t.t.s.TourGuideClientRewardsServiceImpl : Service - Distance calculated: 9801.051570223564
2021-11-27 20:34:21.078  INFO 530588 --- [onPool-worker-3] .t.t.s.TourGuideClientRewardsServiceImpl : Service - Distance calculated: 8562.251328429687
2021-11-27 20:34:21.070  INFO 530588 --- [onPool-worker-6] .t.t.s.TourGuideClientRewardsServiceImpl : Service - Distance calculated: 2782.523575190279
2021-11-27 20:34:21.078  INFO 530588 --- [onPool-worker-3] .t.t.s.TourGuideClientRewardsServiceImpl : Service - Distance calculated: 8650.560677738787
2021-11-27 20:34:21.078  INFO 530588 --- [onPool-worker-6] .t.t.s.TourGuideClientRewardsServiceImpl : Service - Distance calculated: 2423.2938148154767
2021-11-27 20:34:21.078  INFO 530588 --- [onPool-worker-6] .t.t.s.TourGuideClientRewardsServiceImpl : Service - Distance calculated: 2770.482155241552
2021-11-27 20:34:21.078  INFO 530588 --- [onPool-worker-6] .t.t.s.TourGuideClientRewardsServiceImpl : Service - Distance calculated: 2834.9516613628593
2021-11-27 20:34:21.078  INFO 530588 --- [onPool-worker-6] .t.t.s.TourGuideClientRewardsServiceImpl : Service - Distance calculated: 3403.8871511529414
2021-11-27 20:34:21.078  INFO 530588 --- [onPool-worker-6] .t.t.s.TourGuideClientRewardsServiceImpl : Service - Distance calculated: 3479.906630721047
2021-11-27 20:34:21.078  INFO 530588 --- [onPool-worker-6] .t.t.s.TourGuideClientRewardsServiceImpl : Service - Distance calculated: 3116.444098700972
2021-11-27 20:34:21.078  INFO 530588 --- [onPool-worker-3] .t.t.s.TourGuideClientRewardsServiceImpl : Service - Distance calculated: 8147.877325469624
2021-11-27 20:34:21.070  INFO 530588 --- [onPool-worker-9] .t.t.s.TourGuideClientRewardsServiceImpl : Service - Distance calculated: 1277.6245433336508
2021-11-27 20:34:21.078  INFO 530588 --- [onPool-worker-9] .t.t.s.TourGuideClientRewardsServiceImpl : Service - Distance calculated: 87.03441722159666
2021-11-27 20:34:21.078  INFO 530588 --- [onPool-worker-3] .t.t.s.TourGuideClientRewardsServiceImpl : Service - Distance calculated: 8244.562785972488
2021-11-27 20:34:21.076  INFO 530588 --- [onPool-worker-2] .t.t.s.TourGuideClientRewardsServiceImpl : Service - Distance calculated: 774.5207212649109
2021-11-27 20:34:21.077  INFO 530588 --- [ol-102-thread-2] .t.t.s.TourGuideClientRewardsServiceImpl : Service - Distance calculated: 8933.394349629389
2021-11-27 20:34:21.079  INFO 530588 --- [onPool-worker-2] .t.t.s.TourGuideClientRewardsServiceImpl : Service - Distance calculated: 164.91310606753288
2021-11-27 20:34:21.079  INFO 530588 --- [ol-102-thread-2] .t.t.s.TourGuideClientRewardsServiceImpl : Service - Distance calculated: 8108.199961039427
2021-11-27 20:34:21.079  INFO 530588 --- [onPool-worker-2] .t.t.s.TourGuideClientRewardsServiceImpl : Service - Distance calculated: 115.99464245531166
2021-11-27 20:34:21.079  INFO 530588 --- [ol-102-thread-2] .t.t.s.TourGuideClientRewardsServiceImpl : Service - Distance calculated: 7126.492640087604
2021-11-27 20:34:21.079  INFO 530588 --- [onPool-worker-2] .t.t.s.TourGuideClientRewardsServiceImpl : Service - Distance calculated: 1428.8577204882306
2021-11-27 20:34:21.077  INFO 530588 --- [onPool-worker-8] .t.t.s.TourGuideClientRewardsServiceImpl : Service - Distance calculated: 2148.3967563579567
2021-11-27 20:34:21.079  INFO 530588 --- [onPool-worker-2] .t.t.s.TourGuideClientRewardsServiceImpl : Service - Distance calculated: 1418.571827418631
2021-11-27 20:34:21.079  INFO 530588 --- [onPool-worker-2] .t.t.s.TourGuideClientRewardsServiceImpl : Service - Distance calculated: 460.11990361699293
2021-11-27 20:34:21.079  INFO 530588 --- [onPool-worker-2] .t.t.s.TourGuideClientRewardsServiceImpl : Service - Distance calculated: 1992.7911930022951
2021-11-27 20:34:21.079  INFO 530588 --- [onPool-worker-8] .t.t.s.TourGuideClientRewardsServiceImpl : Service - Distance calculated: 2282.746325565392
2021-11-27 20:34:21.077  INFO 530588 --- [onPool-worker-4] .t.t.s.TourGuideClientRewardsServiceImpl : Service - Distance calculated: 8784.81529752346
2021-11-27 20:34:21.079  INFO 530588 --- [onPool-worker-8] .t.t.s.TourGuideClientRewardsServiceImpl : Service - Distance calculated: 2289.4339721013357
2021-11-27 20:34:21.079  INFO 530588 --- [onPool-worker-4] .t.t.s.TourGuideClientRewardsServiceImpl : Service - Distance calculated: 8847.8069557445
2021-11-27 20:34:21.079  INFO 530588 --- [onPool-worker-8] .t.t.s.TourGuideClientRewardsServiceImpl : Service - Distance calculated: 1204.372289719331
2021-11-27 20:34:21.079  INFO 530588 --- [onPool-worker-4] .t.t.s.TourGuideClientRewardsServiceImpl : Service - Distance calculated: 9060.155351794398
2021-11-27 20:34:21.079  INFO 530588 --- [onPool-worker-8] .t.t.s.TourGuideClientRewardsServiceImpl : Service - Distance calculated: 1742.5694022642394
2021-11-27 20:34:21.079  INFO 530588 --- [onPool-worker-4] .t.t.s.TourGuideClientRewardsServiceImpl : Service - Distance calculated: 8747.349812957484
2021-11-27 20:34:21.079  INFO 530588 --- [onPool-worker-4] .t.t.s.TourGuideClientRewardsServiceImpl : Service - Distance calculated: 8106.524634933594
2021-11-27 20:34:21.079  INFO 530588 --- [onPool-worker-4] .t.t.s.TourGuideClientRewardsServiceImpl : Service - Distance calculated: 6166.488012621045
2021-11-27 20:34:21.079  INFO 530588 --- [onPool-worker-4] .t.t.s.TourGuideClientRewardsServiceImpl : Service - Distance calculated: 6092.326777390545
2021-11-27 20:34:21.079  INFO 530588 --- [onPool-worker-4] .t.t.s.TourGuideClientRewardsServiceImpl : Service - Distance calculated: 6230.028904566885
2021-11-27 20:34:21.079  INFO 530588 --- [onPool-worker-4] .t.t.s.TourGuideClientRewardsServiceImpl : Service - Distance calculated: 6260.621315713662
2021-11-27 20:34:21.079  INFO 530588 --- [onPool-worker-4] .t.t.s.TourGuideClientRewardsServiceImpl : Service - Distance calculated: 7146.05217798415
2021-11-27 20:34:21.079  INFO 530588 --- [onPool-worker-4] .t.t.s.TourGuideClientRewardsServiceImpl : Service - Distance calculated: 7211.887757408183
2021-11-27 20:34:21.079  INFO 530588 --- [onPool-worker-4] .t.t.s.TourGuideClientRewardsServiceImpl : Service - Distance calculated: 6604.517020093542
2021-11-27 20:34:21.079  INFO 530588 --- [onPool-worker-4] .t.t.s.TourGuideClientRewardsServiceImpl : Service - Distance calculated: 7261.56209946991
2021-11-27 20:34:21.079  INFO 530588 --- [onPool-worker-4] .t.t.s.TourGuideClientRewardsServiceImpl : Service - Distance calculated: 7375.1343660768
2021-11-27 20:34:21.077  INFO 530588 --- [ool-68-thread-2] .t.t.s.TourGuideClientRewardsServiceImpl : Service - Distance calculated: 7964.555119662665
2021-11-27 20:34:21.077  INFO 530588 --- [onPool-worker-1] .t.t.s.TourGuideClientRewardsServiceImpl : Service - Distance calculated: 5632.575981684057
2021-11-27 20:34:21.078  INFO 530588 --- [nPool-worker-15] .t.t.s.TourGuideClientRewardsServiceImpl : Service - Distance calculated: 774.5207212649109
2021-11-27 20:34:21.079  INFO 530588 --- [onPool-worker-1] .t.t.s.TourGuideClientRewardsServiceImpl : Service - Distance calculated: 5743.558093138301
2021-11-27 20:34:21.078  INFO 530588 --- [nPool-worker-13] .t.t.s.TourGuideClientRewardsServiceImpl : Service - Distance calculated: 1968.5491276225694
2021-11-27 20:34:21.079  INFO 530588 --- [onPool-worker-1] .t.t.s.TourGuideClientRewardsServiceImpl : Service - Distance calculated: 2528.9996124129157
2021-11-27 20:34:21.079  INFO 530588 --- [onPool-worker-1] .t.t.s.TourGuideClientRewardsServiceImpl : Service - Distance calculated: 5813.870542329114
2021-11-27 20:34:21.079  INFO 530588 --- [onPool-worker-1] .t.t.s.TourGuideClientRewardsServiceImpl : Service - Distance calculated: 5718.29402619689
2021-11-27 20:34:21.079  INFO 530588 --- [onPool-worker-1] .t.t.s.TourGuideClientRewardsServiceImpl : Service - Distance calculated: 5845.75787820756
2021-11-27 20:34:21.079  INFO 530588 --- [onPool-worker-1] .t.t.s.TourGuideClientRewardsServiceImpl : Service - Distance calculated: 6462.738342988799
2021-11-27 20:34:21.079  INFO 530588 --- [onPool-worker-1] .t.t.s.TourGuideClientRewardsServiceImpl : Service - Distance calculated: 5645.8171543232775
2021-11-27 20:34:21.079  INFO 530588 --- [onPool-worker-1] .t.t.s.TourGuideClientRewardsServiceImpl : Service - Distance calculated: 5853.54888645205
2021-11-27 20:34:21.079  INFO 530588 --- [onPool-worker-1] .t.t.s.TourGuideClientRewardsServiceImpl : Service - Distance calculated: 5882.363197402286
2021-11-27 20:34:21.079  INFO 530588 --- [onPool-worker-1] .t.t.s.TourGuideClientRewardsServiceImpl : Service - Distance calculated: 5815.526722914507
2021-11-27 20:34:21.079  INFO 530588 --- [onPool-worker-1] .t.t.s.TourGuideClientRewardsServiceImpl : Service - Distance calculated: 5681.440734700197
2021-11-27 20:34:21.078  INFO 530588 --- [ool-44-thread-2] .t.t.s.TourGuideClientRewardsServiceImpl : Service - Calculate rewards points for user: internalUser77
2021-11-27 20:34:21.078  INFO 530588 --- [onPool-worker-5] .t.t.s.TourGuideClientRewardsServiceImpl : Service - Distance calculated: 1418.571827418631
2021-11-27 20:34:21.078  INFO 530588 --- [ol-120-thread-2] .t.t.s.TourGuideClientRewardsServiceImpl : Service - Distance calculated: 2647.112047022933
2021-11-27 20:34:21.079  INFO 530588 --- [onPool-worker-5] .t.t.s.TourGuideClientRewardsServiceImpl : Service - Distance calculated: 460.11990361699293
2021-11-27 20:34:21.079  INFO 530588 --- [ol-120-thread-2] .t.t.s.TourGuideClientRewardsServiceImpl : Service - Distance calculated: 3739.955916291413
2021-11-27 20:34:21.079  INFO 530588 --- [onPool-worker-5] .t.t.s.TourGuideClientRewardsServiceImpl : Service - Distance calculated: 1992.7911930022951
2021-11-27 20:34:21.079  INFO 530588 --- [ol-120-thread-2] .t.t.s.TourGuideClientRewardsServiceImpl : Service - Distance calculated: 3425.7495989266667
2021-11-27 20:34:21.079  INFO 530588 --- [onPool-worker-5] .t.t.s.TourGuideClientRewardsServiceImpl : Service - Distance calculated: 1906.7972782801585
2021-11-27 20:34:21.079  INFO 530588 --- [onPool-worker-5] .t.t.s.TourGuideClientRewardsServiceImpl : Service - Distance calculated: 2360.645624935619
2021-11-27 20:34:21.079  INFO 530588 --- [onPool-worker-5] .t.t.s.TourGuideClientRewardsServiceImpl : Service - Distance calculated: 2434.494471527265
2021-11-27 20:34:21.079  INFO 530588 --- [onPool-worker-5] .t.t.s.TourGuideClientRewardsServiceImpl : Service - Distance calculated: 2148.3967563579567
2021-11-27 20:34:21.079  INFO 530588 --- [onPool-worker-5] .t.t.s.TourGuideClientRewardsServiceImpl : Service - Distance calculated: 2282.746325565392
2021-11-27 20:34:21.079  INFO 530588 --- [onPool-worker-5] .t.t.s.TourGuideClientRewardsServiceImpl : Service - Distance calculated: 2289.4339721013357
2021-11-27 20:34:21.079  INFO 530588 --- [onPool-worker-5] .t.t.s.TourGuideClientRewardsServiceImpl : Service - Distance calculated: 1204.372289719331
2021-11-27 20:34:21.078  INFO 530588 --- [onPool-worker-7] .t.t.s.TourGuideClientRewardsServiceImpl : Service - Distance calculated: 7821.570700667477
2021-11-27 20:34:21.078  INFO 530588 --- [nPool-worker-11] .t.t.s.TourGuideClientRewardsServiceImpl : Service - Distance calculated: 8666.658281303431
2021-11-27 20:34:21.079  INFO 530588 --- [onPool-worker-7] .t.t.s.TourGuideClientRewardsServiceImpl : Service - Distance calculated: 7989.635104834457
2021-11-27 20:34:21.079  INFO 530588 --- [nPool-worker-11] .t.t.s.TourGuideClientRewardsServiceImpl : Service - Distance calculated: 10233.32866333862
2021-11-27 20:34:21.078  INFO 530588 --- [onPool-worker-6] .t.t.s.TourGuideClientRewardsServiceImpl : Service - Distance calculated: 3493.132124159995
2021-11-27 20:34:21.078  INFO 530588 --- [onPool-worker-9] .t.t.s.TourGuideClientRewardsServiceImpl : Service - Distance calculated: 2127.2478407793283
2021-11-27 20:34:21.080  INFO 530588 --- [onPool-worker-6] .t.t.s.TourGuideClientRewardsServiceImpl : Service - Distance calculated: 3603.4287916801745
2021-11-27 20:34:21.080  INFO 530588 --- [onPool-worker-6] .t.t.s.TourGuideClientRewardsServiceImpl : Service - Distance calculated: 428.3660142105056
2021-11-27 20:34:21.080  INFO 530588 --- [onPool-worker-6] .t.t.s.TourGuideClientRewardsServiceImpl : Service - Distance calculated: 3695.5668096713443
2021-11-27 20:34:21.080  INFO 530588 --- [onPool-worker-6] .t.t.s.TourGuideClientRewardsServiceImpl : Service - Distance calculated: 3582.702994030872
2021-11-27 20:34:21.080  INFO 530588 --- [onPool-worker-6] .t.t.s.TourGuideClientRewardsServiceImpl : Service - Distance calculated: 3713.572507398034
2021-11-27 20:34:21.080  INFO 530588 --- [onPool-worker-6] .t.t.s.TourGuideClientRewardsServiceImpl : Service - Distance calculated: 4327.1684511458725
2021-11-27 20:34:21.080  INFO 530588 --- [onPool-worker-6] .t.t.s.TourGuideClientRewardsServiceImpl : Service - Distance calculated: 3585.2844767463166
2021-11-27 20:34:21.080  INFO 530588 --- [onPool-worker-6] .t.t.s.TourGuideClientRewardsServiceImpl : Service - Distance calculated: 3725.0645783014143
2021-11-27 20:34:21.080  INFO 530588 --- [onPool-worker-6] .t.t.s.TourGuideClientRewardsServiceImpl : Service - Distance calculated: 3778.048863470935
2021-11-27 20:34:21.080  INFO 530588 --- [onPool-worker-6] .t.t.s.TourGuideClientRewardsServiceImpl : Service - Distance calculated: 3675.954063473338
2021-11-27 20:34:21.080  INFO 530588 --- [onPool-worker-6] .t.t.s.TourGuideClientRewardsServiceImpl : Service - Distance calculated: 3608.3673139376797
2021-11-27 20:34:21.080  INFO 530588 --- [onPool-worker-6] .t.t.s.TourGuideClientRewardsServiceImpl : Service - Distance calculated: 2869.489382471436
2021-11-27 20:34:21.080  INFO 530588 --- [onPool-worker-6] .t.t.s.TourGuideClientRewardsServiceImpl : Service - Distance calculated: 4188.087186490352
2021-11-27 20:34:21.080  INFO 530588 --- [onPool-worker-6] .t.t.s.TourGuideClientRewardsServiceImpl : Service - Distance calculated: 3688.8474350772008
2021-11-27 20:34:21.080  INFO 530588 --- [onPool-worker-6] .t.t.s.TourGuideClientRewardsServiceImpl : Service - Distance calculated: 3234.9568020670795
2021-11-27 20:34:21.080  INFO 530588 --- [onPool-worker-6] .t.t.s.TourGuideClientRewardsServiceImpl : Service - Distance calculated: 3176.7128952233015
2021-11-27 20:34:21.080  INFO 530588 --- [onPool-worker-6] .t.t.s.TourGuideClientRewardsServiceImpl : Service - Distance calculated: 3692.5127933925937
2021-11-27 20:34:21.080  INFO 530588 --- [onPool-worker-6] .t.t.s.TourGuideClientRewardsServiceImpl : Service - Distance calculated: 4190.9948812968205
2021-11-27 20:34:21.080  INFO 530588 --- [onPool-worker-6] .t.t.s.TourGuideClientRewardsServiceImpl : Service - Distance calculated: 5352.676940172431
2021-11-27 20:34:21.079  INFO 530588 --- [onPool-worker-3] .t.t.s.TourGuideClientRewardsServiceImpl : Service - Distance calculated: 8751.154434668924
2021-11-27 20:34:21.079  INFO 530588 --- [ol-102-thread-2] .t.t.s.TourGuideClientRewardsServiceImpl : Service - Distance calculated: 7899.866409694257
2021-11-27 20:34:21.080  INFO 530588 --- [ol-102-thread-2] .t.t.s.TourGuideClientRewardsServiceImpl : Service - Calculate rewards points for user: internalUser20
2021-11-27 20:34:21.079  INFO 530588 --- [onPool-worker-2] .t.t.s.TourGuideClientRewardsServiceImpl : Service - Distance calculated: 1906.7972782801585
2021-11-27 20:34:21.080  INFO 530588 --- [onPool-worker-2] .t.t.s.TourGuideClientRewardsServiceImpl : Service - Distance calculated: 2360.645624935619
2021-11-27 20:34:21.080  INFO 530588 --- [onPool-worker-2] .t.t.s.TourGuideClientRewardsServiceImpl : Service - Distance calculated: 2434.494471527265
2021-11-27 20:34:21.080  INFO 530588 --- [onPool-worker-2] .t.t.s.TourGuideClientRewardsServiceImpl : Service - Distance calculated: 2148.3967563579567
2021-11-27 20:34:21.080  INFO 530588 --- [onPool-worker-2] .t.t.s.TourGuideClientRewardsServiceImpl : Service - Distance calculated: 2282.746325565392
2021-11-27 20:34:21.080  INFO 530588 --- [onPool-worker-2] .t.t.s.TourGuideClientRewardsServiceImpl : Service - Distance calculated: 2289.4339721013357
2021-11-27 20:34:21.080  INFO 530588 --- [onPool-worker-2] .t.t.s.TourGuideClientRewardsServiceImpl : Service - Distance calculated: 1204.372289719331
2021-11-27 20:34:21.080  INFO 530588 --- [onPool-worker-2] .t.t.s.TourGuideClientRewardsServiceImpl : Service - Distance calculated: 1742.5694022642394
2021-11-27 20:34:21.080  INFO 530588 --- [onPool-worker-2] .t.t.s.TourGuideClientRewardsServiceImpl : Service - Distance calculated: 1576.7472428725728
2021-11-27 20:34:21.080  INFO 530588 --- [onPool-worker-2] .t.t.s.TourGuideClientRewardsServiceImpl : Service - Distance calculated: 1921.4807999190489
2021-11-27 20:34:21.080  INFO 530588 --- [onPool-worker-2] .t.t.s.TourGuideClientRewardsServiceImpl : Service - Distance calculated: 1277.6245433336508
2021-11-27 20:34:21.080  INFO 530588 --- [onPool-worker-2] .t.t.s.TourGuideClientRewardsServiceImpl : Service - Distance calculated: 87.03441722159666
2021-11-27 20:34:21.080  INFO 530588 --- [onPool-worker-2] .t.t.s.TourGuideClientRewardsServiceImpl : Service - Distance calculated: 2127.2478407793283
2021-11-27 20:34:21.080  INFO 530588 --- [onPool-worker-2] .t.t.s.TourGuideClientRewardsServiceImpl : Service - Distance calculated: 2578.910516018122
2021-11-27 20:34:21.080  INFO 530588 --- [onPool-worker-2] .t.t.s.TourGuideClientRewardsServiceImpl : Service - Distance calculated: 680.6158831369517
2021-11-27 20:34:21.080  INFO 530588 --- [onPool-worker-2] .t.t.s.TourGuideClientRewardsServiceImpl : Service - Distance calculated: 1344.090272349311
2021-11-27 20:34:21.080  INFO 530588 --- [onPool-worker-2] .t.t.s.TourGuideClientRewardsServiceImpl : Service - Distance calculated: 2440.177336041544
2021-11-27 20:34:21.080  INFO 530588 --- [onPool-worker-2] .t.t.s.TourGuideClientRewardsServiceImpl : Service - Distance calculated: 2168.830527042806
2021-11-27 20:34:21.080  INFO 530588 --- [onPool-worker-2] .t.t.s.TourGuideClientRewardsServiceImpl : Service - Calculate rewards points for user: internalUser78
2021-11-27 20:34:21.079  INFO 530588 --- [onPool-worker-8] .t.t.s.TourGuideClientRewardsServiceImpl : Service - Distance calculated: 1576.7472428725728
2021-11-27 20:34:21.080  INFO 530588 --- [onPool-worker-8] .t.t.s.TourGuideClientRewardsServiceImpl : Service - Distance calculated: 1921.4807999190489
2021-11-27 20:34:21.080  INFO 530588 --- [onPool-worker-8] .t.t.s.TourGuideClientRewardsServiceImpl : Service - Distance calculated: 1277.6245433336508
2021-11-27 20:34:21.080  INFO 530588 --- [onPool-worker-8] .t.t.s.TourGuideClientRewardsServiceImpl : Service - Distance calculated: 87.03441722159666
2021-11-27 20:34:21.080  INFO 530588 --- [onPool-worker-8] .t.t.s.TourGuideClientRewardsServiceImpl : Service - Distance calculated: 2127.2478407793283
2021-11-27 20:34:21.080  INFO 530588 --- [onPool-worker-8] .t.t.s.TourGuideClientRewardsServiceImpl : Service - Distance calculated: 2578.910516018122
2021-11-27 20:34:21.080  INFO 530588 --- [onPool-worker-8] .t.t.s.TourGuideClientRewardsServiceImpl : Service - Distance calculated: 680.6158831369517
2021-11-27 20:34:21.080  INFO 530588 --- [onPool-worker-8] .t.t.s.TourGuideClientRewardsServiceImpl : Service - Distance calculated: 1344.090272349311
2021-11-27 20:34:21.081  INFO 530588 --- [onPool-worker-8] .t.t.s.TourGuideClientRewardsServiceImpl : Service - Distance calculated: 2440.177336041544
2021-11-27 20:34:21.081  INFO 530588 --- [onPool-worker-8] .t.t.s.TourGuideClientRewardsServiceImpl : Service - Distance calculated: 2168.830527042806
2021-11-27 20:34:21.081  INFO 530588 --- [onPool-worker-8] .t.t.s.TourGuideClientRewardsServiceImpl : Service - Calculate rewards points for user: internalUser70
2021-11-27 20:34:21.079  INFO 530588 --- [onPool-worker-4] .t.t.s.TourGuideClientRewardsServiceImpl : Service - Distance calculated: 4159.109324058038
2021-11-27 20:34:21.081  INFO 530588 --- [onPool-worker-4] .t.t.s.TourGuideClientRewardsServiceImpl : Service - Distance calculated: 7424.021501850651
2021-11-27 20:34:21.081  INFO 530588 --- [onPool-worker-4] .t.t.s.TourGuideClientRewardsServiceImpl : Service - Distance calculated: 7343.232660888204
2021-11-27 20:34:21.081  INFO 530588 --- [onPool-worker-4] .t.t.s.TourGuideClientRewardsServiceImpl : Service - Distance calculated: 7467.363422981481
2021-11-27 20:34:21.081  INFO 530588 --- [onPool-worker-4] .t.t.s.TourGuideClientRewardsServiceImpl : Service - Distance calculated: 8093.183887901679
2021-11-27 20:34:21.081  INFO 530588 --- [onPool-worker-4] .t.t.s.TourGuideClientRewardsServiceImpl : Service - Distance calculated: 7237.9900850028125
2021-11-27 20:34:21.081  INFO 530588 --- [onPool-worker-4] .t.t.s.TourGuideClientRewardsServiceImpl : Service - Distance calculated: 7481.229773069129
2021-11-27 20:34:21.081  INFO 530588 --- [onPool-worker-4] .t.t.s.TourGuideClientRewardsServiceImpl : Service - Distance calculated: 7497.266895732134
2021-11-27 20:34:21.081  INFO 530588 --- [onPool-worker-4] .t.t.s.TourGuideClientRewardsServiceImpl : Service - Distance calculated: 7447.200696433345
2021-11-27 20:34:21.081  INFO 530588 --- [onPool-worker-4] .t.t.s.TourGuideClientRewardsServiceImpl : Service - Distance calculated: 7280.274926455486
2021-11-27 20:34:21.081  INFO 530588 --- [onPool-worker-4] .t.t.s.TourGuideClientRewardsServiceImpl : Service - Distance calculated: 6244.751508594856
2021-11-27 20:34:21.081  INFO 530588 --- [onPool-worker-4] .t.t.s.TourGuideClientRewardsServiceImpl : Service - Distance calculated: 7948.753204773214
2021-11-27 20:34:21.081  INFO 530588 --- [onPool-worker-4] .t.t.s.TourGuideClientRewardsServiceImpl : Service - Distance calculated: 7384.914583104994
2021-11-27 20:34:21.081  INFO 530588 --- [onPool-worker-4] .t.t.s.TourGuideClientRewardsServiceImpl : Service - Distance calculated: 6787.042157976184
2021-11-27 20:34:21.081  INFO 530588 --- [onPool-worker-4] .t.t.s.TourGuideClientRewardsServiceImpl : Service - Distance calculated: 6925.07813682691
2021-11-27 20:34:21.081  INFO 530588 --- [onPool-worker-4] .t.t.s.TourGuideClientRewardsServiceImpl : Service - Distance calculated: 7419.571300694144
2021-11-27 20:34:21.081  INFO 530588 --- [onPool-worker-4] .t.t.s.TourGuideClientRewardsServiceImpl : Service - Distance calculated: 7955.8055568253285
2021-11-27 20:34:21.081  INFO 530588 --- [onPool-worker-4] .t.t.s.TourGuideClientRewardsServiceImpl : Service - Distance calculated: 5160.811657982024
2021-11-27 20:34:21.081  INFO 530588 --- [onPool-worker-4] .t.t.s.TourGuideClientRewardsServiceImpl : Service - Distance calculated: 4605.982426025388
2021-11-27 20:34:21.081  INFO 530588 --- [onPool-worker-4] .t.t.s.TourGuideClientRewardsServiceImpl : Service - Distance calculated: 5108.60728172345
2021-11-27 20:34:21.081  INFO 530588 --- [onPool-worker-4] .t.t.s.TourGuideClientRewardsServiceImpl : Service - Distance calculated: 5186.985793897231
2021-11-27 20:34:21.081  INFO 530588 --- [onPool-worker-4] .t.t.s.TourGuideClientRewardsServiceImpl : Service - Distance calculated: 5288.331147402508
2021-11-27 20:34:21.081  INFO 530588 --- [onPool-worker-4] .t.t.s.TourGuideClientRewardsServiceImpl : Service - Distance calculated: 5387.004429221189
2021-11-27 20:34:21.081  INFO 530588 --- [onPool-worker-4] .t.t.s.TourGuideClientRewardsServiceImpl : Service - Distance calculated: 5401.157106993465
2021-11-27 20:34:21.081  INFO 530588 --- [onPool-worker-4] .t.t.s.TourGuideClientRewardsServiceImpl : Service - Distance calculated: 5058.768906976647
2021-11-27 20:34:21.081  INFO 530588 --- [onPool-worker-4] .t.t.s.TourGuideClientRewardsServiceImpl : Service - Distance calculated: 5248.306975353894
2021-11-27 20:34:21.081  INFO 530588 --- [onPool-worker-4] .t.t.s.TourGuideClientRewardsServiceImpl : Service - Distance calculated: 2864.5429211352366
2021-11-27 20:34:21.081  INFO 530588 --- [onPool-worker-4] .t.t.s.TourGuideClientRewardsServiceImpl : Service - Distance calculated: 5007.219572267812
2021-11-27 20:34:21.081  INFO 530588 --- [onPool-worker-4] .t.t.s.TourGuideClientRewardsServiceImpl : Service - Distance calculated: 5065.385290191069
2021-11-27 20:34:21.081  INFO 530588 --- [onPool-worker-4] .t.t.s.TourGuideClientRewardsServiceImpl : Service - Distance calculated: 5136.234547390853
2021-11-27 20:34:21.081  INFO 530588 --- [onPool-worker-4] .t.t.s.TourGuideClientRewardsServiceImpl : Service - Distance calculated: 5963.1263853523615
2021-11-27 20:34:21.081  INFO 530588 --- [onPool-worker-4] .t.t.s.TourGuideClientRewardsServiceImpl : Service - Distance calculated: 5642.56161509739
2021-11-27 20:34:21.081  INFO 530588 --- [onPool-worker-4] .t.t.s.TourGuideClientRewardsServiceImpl : Service - Distance calculated: 5506.429730536409
2021-11-27 20:34:21.081  INFO 530588 --- [onPool-worker-4] .t.t.s.TourGuideClientRewardsServiceImpl : Service - Distance calculated: 5680.522947966881
2021-11-27 20:34:21.081  INFO 530588 --- [onPool-worker-4] .t.t.s.TourGuideClientRewardsServiceImpl : Service - Distance calculated: 5329.854019644189
2021-11-27 20:34:21.081  INFO 530588 --- [onPool-worker-4] .t.t.s.TourGuideClientRewardsServiceImpl : Service - Distance calculated: 5631.584657917851
2021-11-27 20:34:21.081  INFO 530588 --- [onPool-worker-4] .t.t.s.TourGuideClientRewardsServiceImpl : Service - Distance calculated: 5244.7072618580505
2021-11-27 20:34:21.081  INFO 530588 --- [onPool-worker-4] .t.t.s.TourGuideClientRewardsServiceImpl : Service - Distance calculated: 5881.407070761013
2021-11-27 20:34:21.081  INFO 530588 --- [onPool-worker-4] .t.t.s.TourGuideClientRewardsServiceImpl : Service - Distance calculated: 4894.6271455227325
2021-11-27 20:34:21.081  INFO 530588 --- [onPool-worker-4] .t.t.s.TourGuideClientRewardsServiceImpl : Service - Distance calculated: 5453.900860622451
2021-11-27 20:34:21.081  INFO 530588 --- [onPool-worker-4] .t.t.s.TourGuideClientRewardsServiceImpl : Service - Distance calculated: 5069.728713689838
2021-11-27 20:34:21.081  INFO 530588 --- [onPool-worker-4] .t.t.s.TourGuideClientRewardsServiceImpl : Service - Distance calculated: 4999.367935063503
2021-11-27 20:34:21.081  INFO 530588 --- [onPool-worker-4] .t.t.s.TourGuideClientRewardsServiceImpl : Service - Distance calculated: 5855.234816693019
2021-11-27 20:34:21.081  INFO 530588 --- [onPool-worker-4] .t.t.s.TourGuideClientRewardsServiceImpl : Service - Distance calculated: 5.8950310023474215E-5
2021-11-27 20:34:21.079  INFO 530588 --- [ool-68-thread-2] .t.t.s.TourGuideClientRewardsServiceImpl : Service - Calculate rewards points for user: internalUser15
2021-11-27 20:34:21.079  INFO 530588 --- [nPool-worker-15] .t.t.s.TourGuideClientRewardsServiceImpl : Service - Distance calculated: 164.91310606753288
2021-11-27 20:34:21.079  INFO 530588 --- [nPool-worker-13] .t.t.s.TourGuideClientRewardsServiceImpl : Service - Distance calculated: 3890.661518962146
2021-11-27 20:34:21.084  INFO 530588 --- [nPool-worker-13] .t.t.s.TourGuideClientRewardsServiceImpl : Service - Distance calculated: 3928.122122871893
2021-11-27 20:34:21.079  INFO 530588 --- [onPool-worker-1] .t.t.s.TourGuideClientRewardsServiceImpl : Service - Distance calculated: 4733.075602933764
2021-11-27 20:34:21.086  INFO 530588 --- [onPool-worker-4] .t.t.s.TourGuideClientRewardsServiceImpl : Service - Distance calculated: 774.5207212649109
2021-11-27 20:34:21.086  INFO 530588 --- [onPool-worker-4] .t.t.s.TourGuideClientRewardsServiceImpl : Service - Distance calculated: 164.91310606753288
2021-11-27 20:34:21.086  INFO 530588 --- [onPool-worker-4] .t.t.s.TourGuideClientRewardsServiceImpl : Service - Distance calculated: 115.99464245531166
2021-11-27 20:34:21.086  INFO 530588 --- [onPool-worker-4] .t.t.s.TourGuideClientRewardsServiceImpl : Service - Distance calculated: 1428.8577204882306
2021-11-27 20:34:21.086  INFO 530588 --- [nPool-worker-13] .t.t.s.TourGuideClientRewardsServiceImpl : Service - Distance calculated: 4007.1437219853433
2021-11-27 20:34:21.086  INFO 530588 --- [nPool-worker-13] .t.t.s.TourGuideClientRewardsServiceImpl : Service - Distance calculated: 4821.732613816416
2021-11-27 20:34:21.086  INFO 530588 --- [nPool-worker-13] .t.t.s.TourGuideClientRewardsServiceImpl : Service - Distance calculated: 4493.899316394078
2021-11-27 20:34:21.087  INFO 530588 --- [nPool-worker-13] .t.t.s.TourGuideClientRewardsServiceImpl : Service - Distance calculated: 4351.78476839543
2021-11-27 20:34:21.087  INFO 530588 --- [nPool-worker-13] .t.t.s.TourGuideClientRewardsServiceImpl : Service - Distance calculated: 4524.478669697499
2021-11-27 20:34:21.087  INFO 530588 --- [nPool-worker-13] .t.t.s.TourGuideClientRewardsServiceImpl : Service - Distance calculated: 4180.6867780112125
2021-11-27 20:34:21.087  INFO 530588 --- [nPool-worker-13] .t.t.s.TourGuideClientRewardsServiceImpl : Service - Distance calculated: 4480.26145344641
2021-11-27 20:34:21.087  INFO 530588 --- [nPool-worker-13] .t.t.s.TourGuideClientRewardsServiceImpl : Service - Distance calculated: 4183.918447010805
2021-11-27 20:34:21.087  INFO 530588 --- [nPool-worker-13] .t.t.s.TourGuideClientRewardsServiceImpl : Service - Distance calculated: 4734.077958245431
2021-11-27 20:34:21.087  INFO 530588 --- [nPool-worker-13] .t.t.s.TourGuideClientRewardsServiceImpl : Service - Distance calculated: 3791.978604325366
2021-11-27 20:34:21.087  INFO 530588 --- [nPool-worker-13] .t.t.s.TourGuideClientRewardsServiceImpl : Service - Distance calculated: 4332.525893546615
2021-11-27 20:34:21.087  INFO 530588 --- [nPool-worker-13] .t.t.s.TourGuideClientRewardsServiceImpl : Service - Distance calculated: 3914.7761365073893
2021-11-27 20:34:21.087  INFO 530588 --- [nPool-worker-13] .t.t.s.TourGuideClientRewardsServiceImpl : Service - Distance calculated: 3883.3405048338086
2021-11-27 20:34:21.087  INFO 530588 --- [nPool-worker-13] .t.t.s.TourGuideClientRewardsServiceImpl : Service - Distance calculated: 4710.0837066428185
2021-11-27 20:34:21.087  INFO 530588 --- [nPool-worker-13] .t.t.s.TourGuideClientRewardsServiceImpl : Service - Distance calculated: 5.8950310023474215E-5
2021-11-27 20:34:21.087  INFO 530588 --- [nPool-worker-13] .t.t.s.TourGuideClientRewardsServiceImpl : Service - Distance calculated: 774.5207212649109
2021-11-27 20:34:21.079  INFO 530588 --- [ol-120-thread-2] .t.t.s.TourGuideClientRewardsServiceImpl : Service - Calculate rewards points for user: internalUser40
2021-11-27 20:34:21.087  INFO 530588 --- [nPool-worker-13] .t.t.s.TourGuideClientRewardsServiceImpl : Service - Distance calculated: 164.91310606753288
2021-11-27 20:34:21.087  INFO 530588 --- [nPool-worker-13] .t.t.s.TourGuideClientRewardsServiceImpl : Service - Distance calculated: 115.99464245531166
2021-11-27 20:34:21.087  INFO 530588 --- [nPool-worker-13] .t.t.s.TourGuideClientRewardsServiceImpl : Service - Distance calculated: 1428.8577204882306
2021-11-27 20:34:21.087  INFO 530588 --- [nPool-worker-13] .t.t.s.TourGuideClientRewardsServiceImpl : Service - Distance calculated: 1418.571827418631
2021-11-27 20:34:21.087  INFO 530588 --- [nPool-worker-12] .t.t.s.TourGuideClientRewardsServiceImpl : Service - Distance calculated: 7288.470022793782
2021-11-27 20:34:21.087  INFO 530588 --- [nPool-worker-12] .t.t.s.TourGuideClientRewardsServiceImpl : Service - Distance calculated: 7354.131340377511
2021-11-27 20:34:21.087  INFO 530588 --- [nPool-worker-10] .t.t.s.TourGuideClientRewardsServiceImpl : Service - Distance calculated: 1437.6250828997147
2021-11-27 20:34:21.079  INFO 530588 --- [onPool-worker-5] .t.t.s.TourGuideClientRewardsServiceImpl : Service - Distance calculated: 1742.5694022642394
2021-11-27 20:34:21.087  INFO 530588 --- [nPool-worker-10] .t.t.s.TourGuideClientRewardsServiceImpl : Service - Distance calculated: 1710.2414047924206
2021-11-27 20:34:21.087  INFO 530588 --- [nPool-worker-10] .t.t.s.TourGuideClientRewardsServiceImpl : Service - Distance calculated: 1386.9694481235463
2021-11-27 20:34:21.087  INFO 530588 --- [onPool-worker-5] .t.t.s.TourGuideClientRewardsServiceImpl : Service - Distance calculated: 1576.7472428725728
2021-11-27 20:34:21.087  INFO 530588 --- [nPool-worker-10] .t.t.s.TourGuideClientRewardsServiceImpl : Service - Distance calculated: 1347.3721947513768
2021-11-27 20:34:21.087  INFO 530588 --- [onPool-worker-5] .t.t.s.TourGuideClientRewardsServiceImpl : Service - Distance calculated: 1921.4807999190489
2021-11-27 20:34:21.087  INFO 530588 --- [nPool-worker-10] .t.t.s.TourGuideClientRewardsServiceImpl : Service - Distance calculated: 1142.9035942845699
2021-11-27 20:34:21.087  INFO 530588 --- [onPool-worker-5] .t.t.s.TourGuideClientRewardsServiceImpl : Service - Distance calculated: 1277.6245433336508
2021-11-27 20:34:21.087  INFO 530588 --- [nPool-worker-10] .t.t.s.TourGuideClientRewardsServiceImpl : Service - Distance calculated: 1044.0913550892158
2021-11-27 20:34:21.087  INFO 530588 --- [onPool-worker-5] .t.t.s.TourGuideClientRewardsServiceImpl : Service - Distance calculated: 87.03441722159666
2021-11-27 20:34:21.087  INFO 530588 --- [nPool-worker-10] .t.t.s.TourGuideClientRewardsServiceImpl : Service - Distance calculated: 1015.2418868746121
2021-11-27 20:34:21.087  INFO 530588 --- [onPool-worker-5] .t.t.s.TourGuideClientRewardsServiceImpl : Service - Distance calculated: 2127.2478407793283
2021-11-27 20:34:21.087  INFO 530588 --- [nPool-worker-10] .t.t.s.TourGuideClientRewardsServiceImpl : Service - Distance calculated: 1681.655598801757
2021-11-27 20:34:21.087  INFO 530588 --- [onPool-worker-5] .t.t.s.TourGuideClientRewardsServiceImpl : Service - Distance calculated: 2578.910516018122
2021-11-27 20:34:21.087  INFO 530588 --- [nPool-worker-10] .t.t.s.TourGuideClientRewardsServiceImpl : Service - Distance calculated: 1478.6689036211158
2021-11-27 20:34:21.087  INFO 530588 --- [onPool-worker-5] .t.t.s.TourGuideClientRewardsServiceImpl : Service - Distance calculated: 680.6158831369517
2021-11-27 20:34:21.087  INFO 530588 --- [nPool-worker-10] .t.t.s.TourGuideClientRewardsServiceImpl : Service - Distance calculated: 3681.8825498475826
2021-11-27 20:34:21.087  INFO 530588 --- [onPool-worker-5] .t.t.s.TourGuideClientRewardsServiceImpl : Service - Distance calculated: 1344.090272349311
2021-11-27 20:34:21.087  INFO 530588 --- [nPool-worker-10] .t.t.s.TourGuideClientRewardsServiceImpl : Service - Distance calculated: 2052.25558384746
2021-11-27 20:34:21.087  INFO 530588 --- [onPool-worker-5] .t.t.s.TourGuideClientRewardsServiceImpl : Service - Distance calculated: 2440.177336041544
2021-11-27 20:34:21.087  INFO 530588 --- [nPool-worker-10] .t.t.s.TourGuideClientRewardsServiceImpl : Service - Distance calculated: 1790.6035014872236
2021-11-27 20:34:21.087  INFO 530588 --- [onPool-worker-5] .t.t.s.TourGuideClientRewardsServiceImpl : Service - Distance calculated: 2168.830527042806
2021-11-27 20:34:21.087  INFO 530588 --- [nPool-worker-10] .t.t.s.TourGuideClientRewardsServiceImpl : Service - Distance calculated: 1848.0571149328034
2021-11-27 20:34:21.087  INFO 530588 --- [onPool-worker-5] .t.t.s.TourGuideClientRewardsServiceImpl : Service - Calculate rewards points for user: internalUser88
2021-11-27 20:34:21.087  INFO 530588 --- [nPool-worker-10] .t.t.s.TourGuideClientRewardsServiceImpl : Service - Distance calculated: 1312.1864773010648
2021-11-27 20:34:21.087  INFO 530588 --- [nPool-worker-10] .t.t.s.TourGuideClientRewardsServiceImpl : Service - Distance calculated: 679.9909390929827
2021-11-27 20:34:21.087  INFO 530588 --- [nPool-worker-10] .t.t.s.TourGuideClientRewardsServiceImpl : Service - Distance calculated: 1147.38305914072
2021-11-27 20:34:21.087  INFO 530588 --- [nPool-worker-10] .t.t.s.TourGuideClientRewardsServiceImpl : Service - Distance calculated: 861.2635336416986
2021-11-27 20:34:21.087  INFO 530588 --- [nPool-worker-10] .t.t.s.TourGuideClientRewardsServiceImpl : Service - Distance calculated: 1427.1430647290133
2021-11-27 20:34:21.079  INFO 530588 --- [onPool-worker-7] .t.t.s.TourGuideClientRewardsServiceImpl : Service - Distance calculated: 7807.01892576915
2021-11-27 20:34:21.088  INFO 530588 --- [nPool-worker-10] .t.t.s.TourGuideClientRewardsServiceImpl : Service - Distance calculated: 722.5445448821245
2021-11-27 20:34:21.088  INFO 530588 --- [onPool-worker-7] .t.t.s.TourGuideClientRewardsServiceImpl : Service - Distance calculated: 8170.83286542104
2021-11-27 20:34:21.088  INFO 530588 --- [nPool-worker-10] .t.t.s.TourGuideClientRewardsServiceImpl : Service - Distance calculated: 1358.6866988351394
2021-11-27 20:34:21.088  INFO 530588 --- [nPool-worker-10] .t.t.s.TourGuideClientRewardsServiceImpl : Service - Distance calculated: 1199.4723158609413
2021-11-27 20:34:21.088  INFO 530588 --- [nPool-worker-10] .t.t.s.TourGuideClientRewardsServiceImpl : Service - Distance calculated: 2236.9423975562486
2021-11-27 20:34:21.088  INFO 530588 --- [nPool-worker-10] .t.t.s.TourGuideClientRewardsServiceImpl : Service - Distance calculated: 875.195504132685
2021-11-27 20:34:21.088  INFO 530588 --- [nPool-worker-10] .t.t.s.TourGuideClientRewardsServiceImpl : Service - Distance calculated: 1307.9091869640636
2021-11-27 20:34:21.088  INFO 530588 --- [nPool-worker-10] .t.t.s.TourGuideClientRewardsServiceImpl : Service - Distance calculated: 2061.6765565462124
2021-11-27 20:34:21.088  INFO 530588 --- [nPool-worker-10] .t.t.s.TourGuideClientRewardsServiceImpl : Service - Distance calculated: 1260.0201736799145
2021-11-27 20:34:21.088  INFO 530588 --- [nPool-worker-10] .t.t.s.TourGuideClientRewardsServiceImpl : Service - Distance calculated: 7435.271848175147
2021-11-27 20:34:21.088  INFO 530588 --- [nPool-worker-10] .t.t.s.TourGuideClientRewardsServiceImpl : Service - Distance calculated: 8096.442344145919
2021-11-27 20:34:21.088  INFO 530588 --- [nPool-worker-10] .t.t.s.TourGuideClientRewardsServiceImpl : Service - Distance calculated: 7520.549435608715
2021-11-27 20:34:21.088  INFO 530588 --- [nPool-worker-10] .t.t.s.TourGuideClientRewardsServiceImpl : Service - Distance calculated: 7434.493563476914
2021-11-27 20:34:21.088  INFO 530588 --- [nPool-worker-10] .t.t.s.TourGuideClientRewardsServiceImpl : Service - Distance calculated: 7605.244165199598
2021-11-27 20:34:21.088  INFO 530588 --- [nPool-worker-10] .t.t.s.TourGuideClientRewardsServiceImpl : Service - Distance calculated: 7503.213614158496
2021-11-27 20:34:21.088  INFO 530588 --- [nPool-worker-10] .t.t.s.TourGuideClientRewardsServiceImpl : Service - Distance calculated: 7285.208832366682
2021-11-27 20:34:21.088  INFO 530588 --- [nPool-worker-10] .t.t.s.TourGuideClientRewardsServiceImpl : Service - Distance calculated: 7936.687672606578
2021-11-27 20:34:21.088  INFO 530588 --- [nPool-worker-10] .t.t.s.TourGuideClientRewardsServiceImpl : Service - Distance calculated: 7732.914090557861
2021-11-27 20:34:21.088  INFO 530588 --- [nPool-worker-10] .t.t.s.TourGuideClientRewardsServiceImpl : Service - Distance calculated: 9509.933960678865
2021-11-27 20:34:21.088  INFO 530588 --- [nPool-worker-10] .t.t.s.TourGuideClientRewardsServiceImpl : Service - Distance calculated: 8060.530520701344
2021-11-27 20:34:21.088  INFO 530588 --- [nPool-worker-10] .t.t.s.TourGuideClientRewardsServiceImpl : Service - Distance calculated: 7956.6233602170605
2021-11-27 20:34:21.088  INFO 530588 --- [nPool-worker-10] .t.t.s.TourGuideClientRewardsServiceImpl : Service - Distance calculated: 7908.100426612218
2021-11-27 20:34:21.088  INFO 530588 --- [nPool-worker-10] .t.t.s.TourGuideClientRewardsServiceImpl : Service - Distance calculated: 7061.745847161984
2021-11-27 20:34:21.088  INFO 530588 --- [nPool-worker-10] .t.t.s.TourGuideClientRewardsServiceImpl : Service - Distance calculated: 7193.530991870861
2021-11-27 20:34:21.088  INFO 530588 --- [nPool-worker-10] .t.t.s.TourGuideClientRewardsServiceImpl : Service - Distance calculated: 7441.544706638639
2021-11-27 20:34:21.088  INFO 530588 --- [nPool-worker-10] .t.t.s.TourGuideClientRewardsServiceImpl : Service - Distance calculated: 7229.186405821007
2021-11-27 20:34:21.088  INFO 530588 --- [nPool-worker-10] .t.t.s.TourGuideClientRewardsServiceImpl : Service - Distance calculated: 7653.330379783399
2021-11-27 20:34:21.088  INFO 530588 --- [nPool-worker-10] .t.t.s.TourGuideClientRewardsServiceImpl : Service - Distance calculated: 7220.684489161881
2021-11-27 20:34:21.088  INFO 530588 --- [nPool-worker-10] .t.t.s.TourGuideClientRewardsServiceImpl : Service - Distance calculated: 7358.488877867036
2021-11-27 20:34:21.088  INFO 530588 --- [nPool-worker-10] .t.t.s.TourGuideClientRewardsServiceImpl : Service - Distance calculated: 7119.768193227142
2021-11-27 20:34:21.088  INFO 530588 --- [nPool-worker-10] .t.t.s.TourGuideClientRewardsServiceImpl : Service - Distance calculated: 8194.243801982784
2021-11-27 20:34:21.088  INFO 530588 --- [nPool-worker-10] .t.t.s.TourGuideClientRewardsServiceImpl : Service - Distance calculated: 7280.198680666888
2021-11-27 20:34:21.088  INFO 530588 --- [nPool-worker-10] .t.t.s.TourGuideClientRewardsServiceImpl : Service - Distance calculated: 7805.945251966233
2021-11-27 20:34:21.088  INFO 530588 --- [nPool-worker-10] .t.t.s.TourGuideClientRewardsServiceImpl : Service - Distance calculated: 8069.208823991231
2021-11-27 20:34:21.088  INFO 530588 --- [nPool-worker-10] .t.t.s.TourGuideClientRewardsServiceImpl : Service - Distance calculated: 7154.493315456547
2021-11-27 20:34:21.088  INFO 530588 --- [nPool-worker-10] .t.t.s.TourGuideClientRewardsServiceImpl : Service - Distance calculated: 3411.4284889719265
2021-11-27 20:34:21.088  INFO 530588 --- [nPool-worker-10] .t.t.s.TourGuideClientRewardsServiceImpl : Service - Distance calculated: 3028.2189545713345
2021-11-27 20:34:21.088  INFO 530588 --- [nPool-worker-10] .t.t.s.TourGuideClientRewardsServiceImpl : Service - Distance calculated: 3266.0078761430373
2021-11-27 20:34:21.079  INFO 530588 --- [nPool-worker-11] .t.t.s.TourGuideClientRewardsServiceImpl : Service - Distance calculated: 9580.91542634076
2021-11-27 20:34:21.088  INFO 530588 --- [nPool-worker-11] .t.t.s.TourGuideClientRewardsServiceImpl : Service - Distance calculated: 8840.818968319629
2021-11-27 20:34:21.088  INFO 530588 --- [nPool-worker-11] .t.t.s.TourGuideClientRewardsServiceImpl : Service - Distance calculated: 9742.165374777738
2021-11-27 20:34:21.080  INFO 530588 --- [onPool-worker-9] .t.t.s.TourGuideClientRewardsServiceImpl : Service - Distance calculated: 2578.910516018122
2021-11-27 20:34:21.080  INFO 530588 --- [onPool-worker-6] .t.t.s.TourGuideClientRewardsServiceImpl : Service - Distance calculated: 6114.211727256162
2021-11-27 20:34:21.088  INFO 530588 --- [onPool-worker-6] .t.t.s.TourGuideClientRewardsServiceImpl : Service - Distance calculated: 5509.947458898051
2021-11-27 20:34:21.088  INFO 530588 --- [onPool-worker-9] .t.t.s.TourGuideClientRewardsServiceImpl : Service - Distance calculated: 680.6158831369517
2021-11-27 20:34:21.088  INFO 530588 --- [onPool-worker-6] .t.t.s.TourGuideClientRewardsServiceImpl : Service - Distance calculated: 5428.717035795385
2021-11-27 20:34:21.088  INFO 530588 --- [onPool-worker-9] .t.t.s.TourGuideClientRewardsServiceImpl : Service - Distance calculated: 1344.090272349311
2021-11-27 20:34:21.088  INFO 530588 --- [onPool-worker-6] .t.t.s.TourGuideClientRewardsServiceImpl : Service - Distance calculated: 6479.323821716749
2021-11-27 20:34:21.088  INFO 530588 --- [onPool-worker-9] .t.t.s.TourGuideClientRewardsServiceImpl : Service - Distance calculated: 2440.177336041544
2021-11-27 20:34:21.088  INFO 530588 --- [onPool-worker-6] .t.t.s.TourGuideClientRewardsServiceImpl : Service - Distance calculated: 6406.287570510206
2021-11-27 20:34:21.088  INFO 530588 --- [onPool-worker-9] .t.t.s.TourGuideClientRewardsServiceImpl : Service - Distance calculated: 2168.830527042806
2021-11-27 20:34:21.088  INFO 530588 --- [onPool-worker-6] .t.t.s.TourGuideClientRewardsServiceImpl : Service - Distance calculated: 5536.133359977106
2021-11-27 20:34:21.088  INFO 530588 --- [onPool-worker-9] .t.t.s.TourGuideClientRewardsServiceImpl : Service - Calculate rewards points for user: internalUser77
2021-11-27 20:34:21.088  INFO 530588 --- [onPool-worker-6] .t.t.s.TourGuideClientRewardsServiceImpl : Service - Distance calculated: 7099.516758717235
2021-11-27 20:34:21.089  INFO 530588 --- [onPool-worker-6] .t.t.s.TourGuideClientRewardsServiceImpl : Service - Distance calculated: 6922.722885490504
2021-11-27 20:34:21.089  INFO 530588 --- [onPool-worker-6] .t.t.s.TourGuideClientRewardsServiceImpl : Service - Distance calculated: 6423.317533716098
2021-11-27 20:34:21.089  INFO 530588 --- [onPool-worker-6] .t.t.s.TourGuideClientRewardsServiceImpl : Service - Distance calculated: 7517.142775753121
2021-11-27 20:34:21.089  INFO 530588 --- [onPool-worker-6] .t.t.s.TourGuideClientRewardsServiceImpl : Service - Distance calculated: 7234.036180737536
2021-11-27 20:34:21.089  INFO 530588 --- [onPool-worker-6] .t.t.s.TourGuideClientRewardsServiceImpl : Service - Distance calculated: 7317.217436980609
2021-11-27 20:34:21.089  INFO 530588 --- [onPool-worker-6] .t.t.s.TourGuideClientRewardsServiceImpl : Service - Distance calculated: 6752.535177881563
2021-11-27 20:34:21.089  INFO 530588 --- [onPool-worker-6] .t.t.s.TourGuideClientRewardsServiceImpl : Service - Distance calculated: 6010.887288602465
2021-11-27 20:34:21.089  INFO 530588 --- [onPool-worker-6] .t.t.s.TourGuideClientRewardsServiceImpl : Service - Distance calculated: 6611.316468464348
2021-11-27 20:34:21.089  INFO 530588 --- [onPool-worker-6] .t.t.s.TourGuideClientRewardsServiceImpl : Service - Distance calculated: 6326.064983473223
2021-11-27 20:34:21.089  INFO 530588 --- [onPool-worker-6] .t.t.s.TourGuideClientRewardsServiceImpl : Service - Distance calculated: 6887.198065890396
2021-11-27 20:34:21.089  INFO 530588 --- [onPool-worker-6] .t.t.s.TourGuideClientRewardsServiceImpl : Service - Distance calculated: 6089.641071847212
2021-11-27 20:34:21.089  INFO 530588 --- [onPool-worker-6] .t.t.s.TourGuideClientRewardsServiceImpl : Service - Distance calculated: 5321.849570256431
2021-11-27 20:34:21.089  INFO 530588 --- [onPool-worker-6] .t.t.s.TourGuideClientRewardsServiceImpl : Service - Distance calculated: 6670.223828532821
2021-11-27 20:34:21.089  INFO 530588 --- [onPool-worker-6] .t.t.s.TourGuideClientRewardsServiceImpl : Service - Distance calculated: 7698.2868196154795
2021-11-27 20:34:21.089  INFO 530588 --- [onPool-worker-6] .t.t.s.TourGuideClientRewardsServiceImpl : Service - Distance calculated: 5693.578109132467
2021-11-27 20:34:21.089  INFO 530588 --- [onPool-worker-6] .t.t.s.TourGuideClientRewardsServiceImpl : Service - Distance calculated: 6526.635899807973
2021-11-27 20:34:21.089  INFO 530588 --- [onPool-worker-6] .t.t.s.TourGuideClientRewardsServiceImpl : Service - Distance calculated: 7525.961168269552
2021-11-27 20:34:21.089  INFO 530588 --- [onPool-worker-6] .t.t.s.TourGuideClientRewardsServiceImpl : Service - Distance calculated: 6730.941827213192
2021-11-27 20:34:21.089  INFO 530588 --- [onPool-worker-6] .t.t.s.TourGuideClientRewardsServiceImpl : Service - Distance calculated: 5.8950310023474215E-5
2021-11-27 20:34:21.089  INFO 530588 --- [onPool-worker-6] .t.t.s.TourGuideClientRewardsServiceImpl : Service - Distance calculated: 774.5207212649109
2021-11-27 20:34:21.089  INFO 530588 --- [onPool-worker-6] .t.t.s.TourGuideClientRewardsServiceImpl : Service - Distance calculated: 164.91310606753288
2021-11-27 20:34:21.089  INFO 530588 --- [onPool-worker-6] .t.t.s.TourGuideClientRewardsServiceImpl : Service - Distance calculated: 115.99464245531166
2021-11-27 20:34:21.089  INFO 530588 --- [onPool-worker-6] .t.t.s.TourGuideClientRewardsServiceImpl : Service - Distance calculated: 1428.8577204882306
2021-11-27 20:34:21.089  INFO 530588 --- [onPool-worker-6] .t.t.s.TourGuideClientRewardsServiceImpl : Service - Distance calculated: 1418.571827418631
2021-11-27 20:34:21.089  INFO 530588 --- [onPool-worker-6] .t.t.s.TourGuideClientRewardsServiceImpl : Service - Distance calculated: 460.11990361699293
2021-11-27 20:34:21.089  INFO 530588 --- [onPool-worker-6] .t.t.s.TourGuideClientRewardsServiceImpl : Service - Distance calculated: 1992.7911930022951
2021-11-27 20:34:21.089  INFO 530588 --- [onPool-worker-6] .t.t.s.TourGuideClientRewardsServiceImpl : Service - Distance calculated: 1906.7972782801585
2021-11-27 20:34:21.089  INFO 530588 --- [onPool-worker-6] .t.t.s.TourGuideClientRewardsServiceImpl : Service - Distance calculated: 2360.645624935619
2021-11-27 20:34:21.089  INFO 530588 --- [onPool-worker-6] .t.t.s.TourGuideClientRewardsServiceImpl : Service - Distance calculated: 2434.494471527265
2021-11-27 20:34:21.089  INFO 530588 --- [onPool-worker-6] .t.t.s.TourGuideClientRewardsServiceImpl : Service - Distance calculated: 2148.3967563579567
2021-11-27 20:34:21.089  INFO 530588 --- [onPool-worker-6] .t.t.s.TourGuideClientRewardsServiceImpl : Service - Distance calculated: 2282.746325565392
2021-11-27 20:34:21.089  INFO 530588 --- [onPool-worker-6] .t.t.s.TourGuideClientRewardsServiceImpl : Service - Distance calculated: 2289.4339721013357
2021-11-27 20:34:21.089  INFO 530588 --- [onPool-worker-6] .t.t.s.TourGuideClientRewardsServiceImpl : Service - Distance calculated: 1204.372289719331
2021-11-27 20:34:21.089  INFO 530588 --- [onPool-worker-6] .t.t.s.TourGuideClientRewardsServiceImpl : Service - Distance calculated: 1742.5694022642394
2021-11-27 20:34:21.089  INFO 530588 --- [onPool-worker-6] .t.t.s.TourGuideClientRewardsServiceImpl : Service - Distance calculated: 1576.7472428725728
2021-11-27 20:34:21.089  INFO 530588 --- [onPool-worker-6] .t.t.s.TourGuideClientRewardsServiceImpl : Service - Distance calculated: 1921.4807999190489
2021-11-27 20:34:21.089  INFO 530588 --- [onPool-worker-6] .t.t.s.TourGuideClientRewardsServiceImpl : Service - Distance calculated: 1277.6245433336508
2021-11-27 20:34:21.089  INFO 530588 --- [onPool-worker-6] .t.t.s.TourGuideClientRewardsServiceImpl : Service - Distance calculated: 87.03441722159666
2021-11-27 20:34:21.089  INFO 530588 --- [onPool-worker-6] .t.t.s.TourGuideClientRewardsServiceImpl : Service - Distance calculated: 2127.2478407793283
2021-11-27 20:34:21.089  INFO 530588 --- [onPool-worker-6] .t.t.s.TourGuideClientRewardsServiceImpl : Service - Distance calculated: 2578.910516018122
2021-11-27 20:34:21.089  INFO 530588 --- [onPool-worker-6] .t.t.s.TourGuideClientRewardsServiceImpl : Service - Distance calculated: 680.6158831369517
2021-11-27 20:34:21.089  INFO 530588 --- [onPool-worker-6] .t.t.s.TourGuideClientRewardsServiceImpl : Service - Distance calculated: 1344.090272349311
2021-11-27 20:34:21.089  INFO 530588 --- [onPool-worker-6] .t.t.s.TourGuideClientRewardsServiceImpl : Service - Distance calculated: 2440.177336041544
2021-11-27 20:34:21.089  INFO 530588 --- [onPool-worker-6] .t.t.s.TourGuideClientRewardsServiceImpl : Service - Distance calculated: 2168.830527042806
2021-11-27 20:34:21.089  INFO 530588 --- [onPool-worker-6] .t.t.s.TourGuideClientRewardsServiceImpl : Service - Calculate rewards points for user: internalUser76
2021-11-27 20:34:21.080  INFO 530588 --- [onPool-worker-3] .t.t.s.TourGuideClientRewardsServiceImpl : Service - Distance calculated: 7616.056675893017
2021-11-27 20:34:21.084  INFO 530588 --- [nPool-worker-15] .t.t.s.TourGuideClientRewardsServiceImpl : Service - Distance calculated: 115.99464245531166
2021-11-27 20:34:21.086  INFO 530588 --- [onPool-worker-4] .t.t.s.TourGuideClientRewardsServiceImpl : Service - Distance calculated: 1418.571827418631
2021-11-27 20:34:21.087  INFO 530588 --- [onPool-worker-1] .t.t.s.TourGuideClientRewardsServiceImpl : Service - Distance calculated: 6319.962753428444
2021-11-27 20:34:21.087  INFO 530588 --- [nPool-worker-13] .t.t.s.TourGuideClientRewardsServiceImpl : Service - Distance calculated: 460.11990361699293
2021-11-27 20:34:21.087  INFO 530588 --- [nPool-worker-14] .t.t.s.TourGuideClientRewardsServiceImpl : Service - Distance calculated: 5925.184190854419
2021-11-27 20:34:21.087  INFO 530588 --- [nPool-worker-12] .t.t.s.TourGuideClientRewardsServiceImpl : Service - Distance calculated: 7226.434121696932
2021-11-27 20:34:21.088  INFO 530588 --- [onPool-worker-7] .t.t.s.TourGuideClientRewardsServiceImpl : Service - Distance calculated: 7838.5880329573065
2021-11-27 20:34:21.088  INFO 530588 --- [nPool-worker-10] .t.t.s.TourGuideClientRewardsServiceImpl : Service - Distance calculated: 3295.7155355669224
2021-11-27 20:34:21.088  INFO 530588 --- [nPool-worker-11] .t.t.s.TourGuideClientRewardsServiceImpl : Service - Distance calculated: 1864.2111552030858
2021-11-27 20:34:21.093  INFO 530588 --- [nPool-worker-11] .t.t.s.TourGuideClientRewardsServiceImpl : Service - Distance calculated: 1553.5915809678945
2021-11-27 20:34:21.093  INFO 530588 --- [onPool-worker-3] .t.t.s.TourGuideClientRewardsServiceImpl : Service - Distance calculated: 7825.58424487842
2021-11-27 20:34:21.093  INFO 530588 --- [nPool-worker-12] .t.t.s.TourGuideClientRewardsServiceImpl : Service - Distance calculated: 7195.204501136837
2021-11-27 20:34:21.093  INFO 530588 --- [nPool-worker-12] .t.t.s.TourGuideClientRewardsServiceImpl : Service - Distance calculated: 6289.057314347421
2021-11-27 20:34:21.093  INFO 530588 --- [nPool-worker-12] .t.t.s.TourGuideClientRewardsServiceImpl : Service - Distance calculated: 6227.284446030002
2021-11-27 20:34:21.093  INFO 530588 --- [nPool-worker-12] .t.t.s.TourGuideClientRewardsServiceImpl : Service - Distance calculated: 6851.894691817087
2021-11-27 20:34:21.093  INFO 530588 --- [nPool-worker-12] .t.t.s.TourGuideClientRewardsServiceImpl : Service - Distance calculated: 6128.86170408319
2021-11-27 20:34:21.093  INFO 530588 --- [nPool-worker-14] .t.t.s.TourGuideClientRewardsServiceImpl : Service - Distance calculated: 6150.090217425184
2021-11-27 20:34:21.093  INFO 530588 --- [onPool-worker-4] .t.t.s.TourGuideClientRewardsServiceImpl : Service - Distance calculated: 460.11990361699293
2021-11-27 20:34:21.093  INFO 530588 --- [nPool-worker-14] .t.t.s.TourGuideClientRewardsServiceImpl : Service - Distance calculated: 6041.58119044622
2021-11-27 20:34:21.093  INFO 530588 --- [nPool-worker-14] .t.t.s.TourGuideClientRewardsServiceImpl : Service - Distance calculated: 6037.946745933024
2021-11-27 20:34:21.093  INFO 530588 --- [onPool-worker-4] .t.t.s.TourGuideClientRewardsServiceImpl : Service - Distance calculated: 1992.7911930022951
2021-11-27 20:34:21.093  INFO 530588 --- [nPool-worker-14] .t.t.s.TourGuideClientRewardsServiceImpl : Service - Distance calculated: 7228.948353553675
2021-11-27 20:34:21.093  INFO 530588 --- [onPool-worker-4] .t.t.s.TourGuideClientRewardsServiceImpl : Service - Distance calculated: 1906.7972782801585
2021-11-27 20:34:21.094  INFO 530588 --- [onPool-worker-4] .t.t.s.TourGuideClientRewardsServiceImpl : Service - Distance calculated: 2360.645624935619
2021-11-27 20:34:21.094  INFO 530588 --- [onPool-worker-4] .t.t.s.TourGuideClientRewardsServiceImpl : Service - Distance calculated: 2434.494471527265
2021-11-27 20:34:21.094  INFO 530588 --- [onPool-worker-4] .t.t.s.TourGuideClientRewardsServiceImpl : Service - Distance calculated: 2148.3967563579567
2021-11-27 20:34:21.094  INFO 530588 --- [onPool-worker-4] .t.t.s.TourGuideClientRewardsServiceImpl : Service - Distance calculated: 2282.746325565392
2021-11-27 20:34:21.094  INFO 530588 --- [onPool-worker-4] .t.t.s.TourGuideClientRewardsServiceImpl : Service - Distance calculated: 2289.4339721013357
2021-11-27 20:34:21.094  INFO 530588 --- [onPool-worker-4] .t.t.s.TourGuideClientRewardsServiceImpl : Service - Distance calculated: 1204.372289719331
2021-11-27 20:34:21.094  INFO 530588 --- [onPool-worker-4] .t.t.s.TourGuideClientRewardsServiceImpl : Service - Distance calculated: 1742.5694022642394
2021-11-27 20:34:21.093  INFO 530588 --- [onPool-worker-1] .t.t.s.TourGuideClientRewardsServiceImpl : Service - Distance calculated: 5788.794785173795
2021-11-27 20:34:21.093  INFO 530588 --- [nPool-worker-10] .t.t.s.TourGuideClientRewardsServiceImpl : Service - Distance calculated: 1996.6466469853628
2021-11-27 20:34:21.093  INFO 530588 --- [onPool-worker-7] .t.t.s.TourGuideClientRewardsServiceImpl : Service - Distance calculated: 8092.82888336594
2021-11-27 20:34:21.093  INFO 530588 --- [nPool-worker-11] .t.t.s.TourGuideClientRewardsServiceImpl : Service - Distance calculated: 1853.2908861685519
2021-11-27 20:34:21.093  INFO 530588 --- [nPool-worker-13] .t.t.s.TourGuideClientRewardsServiceImpl : Service - Distance calculated: 1992.7911930022951
2021-11-27 20:34:21.093  INFO 530588 --- [nPool-worker-12] .t.t.s.TourGuideClientRewardsServiceImpl : Service - Distance calculated: 6031.489282831877
2021-11-27 20:34:21.095  INFO 530588 --- [nPool-worker-13] .t.t.s.TourGuideClientRewardsServiceImpl : Service - Distance calculated: 1906.7972782801585
2021-11-27 20:34:21.095  INFO 530588 --- [nPool-worker-12] .t.t.s.TourGuideClientRewardsServiceImpl : Service - Distance calculated: 9251.625286058861
2021-11-27 20:34:21.095  INFO 530588 --- [onPool-worker-7] .t.t.s.TourGuideClientRewardsServiceImpl : Service - Distance calculated: 7619.954227295669
2021-11-27 20:34:21.095  INFO 530588 --- [nPool-worker-10] .t.t.s.TourGuideClientRewardsServiceImpl : Service - Distance calculated: 1994.6038390207282
2021-11-27 20:34:21.094  INFO 530588 --- [onPool-worker-4] .t.t.s.TourGuideClientRewardsServiceImpl : Service - Distance calculated: 1576.7472428725728
2021-11-27 20:34:21.095  INFO 530588 --- [nPool-worker-12] .t.t.s.TourGuideClientRewardsServiceImpl : Service - Distance calculated: 5923.332077164039
2021-11-27 20:34:21.095  INFO 530588 --- [onPool-worker-4] .t.t.s.TourGuideClientRewardsServiceImpl : Service - Distance calculated: 1921.4807999190489
2021-11-27 20:34:21.095  INFO 530588 --- [nPool-worker-12] .t.t.s.TourGuideClientRewardsServiceImpl : Service - Distance calculated: 6034.727855875741
2021-11-27 20:34:21.095  INFO 530588 --- [onPool-worker-4] .t.t.s.TourGuideClientRewardsServiceImpl : Service - Distance calculated: 1277.6245433336508
2021-11-27 20:34:21.095  INFO 530588 --- [nPool-worker-12] .t.t.s.TourGuideClientRewardsServiceImpl : Service - Distance calculated: 5902.773636174871
2021-11-27 20:34:21.095  INFO 530588 --- [onPool-worker-1] .t.t.s.TourGuideClientRewardsServiceImpl : Service - Distance calculated: 5225.897983696498
2021-11-27 20:34:21.095  INFO 530588 --- [onPool-worker-4] .t.t.s.TourGuideClientRewardsServiceImpl : Service - Distance calculated: 87.03441722159666
2021-11-27 20:34:21.095  INFO 530588 --- [onPool-worker-1] .t.t.s.TourGuideClientRewardsServiceImpl : Service - Distance calculated: 5299.17154161322
2021-11-27 20:34:21.093  INFO 530588 --- [nPool-worker-15] .t.t.s.TourGuideClientRewardsServiceImpl : Service - Distance calculated: 1428.8577204882306
2021-11-27 20:34:21.095  INFO 530588 --- [nPool-worker-15] .t.t.s.TourGuideClientRewardsServiceImpl : Service - Distance calculated: 1418.571827418631
2021-11-27 20:34:21.095  INFO 530588 --- [nPool-worker-15] .t.t.s.TourGuideClientRewardsServiceImpl : Service - Distance calculated: 460.11990361699293
2021-11-27 20:34:21.095  INFO 530588 --- [onPool-worker-1] .t.t.s.TourGuideClientRewardsServiceImpl : Service - Distance calculated: 5810.027610573888
2021-11-27 20:34:21.095  INFO 530588 --- [nPool-worker-15] .t.t.s.TourGuideClientRewardsServiceImpl : Service - Distance calculated: 1992.7911930022951
2021-11-27 20:34:21.095  INFO 530588 --- [nPool-worker-15] .t.t.s.TourGuideClientRewardsServiceImpl : Service - Distance calculated: 1906.7972782801585
2021-11-27 20:34:21.095  INFO 530588 --- [nPool-worker-15] .t.t.s.TourGuideClientRewardsServiceImpl : Service - Distance calculated: 2360.645624935619
2021-11-27 20:34:21.095  INFO 530588 --- [nPool-worker-15] .t.t.s.TourGuideClientRewardsServiceImpl : Service - Distance calculated: 2434.494471527265
2021-11-27 20:34:21.095  INFO 530588 --- [nPool-worker-15] .t.t.s.TourGuideClientRewardsServiceImpl : Service - Distance calculated: 2148.3967563579567
2021-11-27 20:34:21.095  INFO 530588 --- [nPool-worker-15] .t.t.s.TourGuideClientRewardsServiceImpl : Service - Distance calculated: 2282.746325565392
2021-11-27 20:34:21.095  INFO 530588 --- [nPool-worker-15] .t.t.s.TourGuideClientRewardsServiceImpl : Service - Distance calculated: 2289.4339721013357
2021-11-27 20:34:21.095  INFO 530588 --- [nPool-worker-15] .t.t.s.TourGuideClientRewardsServiceImpl : Service - Distance calculated: 1204.372289719331
2021-11-27 20:34:21.095  INFO 530588 --- [nPool-worker-15] .t.t.s.TourGuideClientRewardsServiceImpl : Service - Distance calculated: 1742.5694022642394
2021-11-27 20:34:21.095  INFO 530588 --- [nPool-worker-15] .t.t.s.TourGuideClientRewardsServiceImpl : Service - Distance calculated: 1576.7472428725728
2021-11-27 20:34:21.095  INFO 530588 --- [nPool-worker-15] .t.t.s.TourGuideClientRewardsServiceImpl : Service - Distance calculated: 1921.4807999190489
2021-11-27 20:34:21.094  INFO 530588 --- [nPool-worker-14] .t.t.s.TourGuideClientRewardsServiceImpl : Service - Distance calculated: 7258.66065032009
2021-11-27 20:34:21.095  INFO 530588 --- [nPool-worker-15] .t.t.s.TourGuideClientRewardsServiceImpl : Service - Distance calculated: 1277.6245433336508
2021-11-27 20:34:21.095  INFO 530588 --- [nPool-worker-15] .t.t.s.TourGuideClientRewardsServiceImpl : Service - Distance calculated: 87.03441722159666
2021-11-27 20:34:21.095  INFO 530588 --- [nPool-worker-11] .t.t.s.TourGuideClientRewardsServiceImpl : Service - Distance calculated: 1916.7015370735446
2021-11-27 20:34:21.095  INFO 530588 --- [nPool-worker-15] .t.t.s.TourGuideClientRewardsServiceImpl : Service - Distance calculated: 2127.2478407793283
2021-11-27 20:34:21.095  INFO 530588 --- [nPool-worker-13] .t.t.s.TourGuideClientRewardsServiceImpl : Service - Distance calculated: 2360.645624935619
2021-11-27 20:34:21.095  INFO 530588 --- [onPool-worker-7] .t.t.s.TourGuideClientRewardsServiceImpl : Service - Distance calculated: 8595.6741943502
2021-11-27 20:34:21.095  INFO 530588 --- [nPool-worker-13] .t.t.s.TourGuideClientRewardsServiceImpl : Service - Distance calculated: 2434.494471527265
2021-11-27 20:34:21.095  INFO 530588 --- [nPool-worker-10] .t.t.s.TourGuideClientRewardsServiceImpl : Service - Distance calculated: 2988.1819749593324
2021-11-27 20:34:21.095  INFO 530588 --- [nPool-worker-12] .t.t.s.TourGuideClientRewardsServiceImpl : Service - Distance calculated: 5330.196602043023
2021-11-27 20:34:21.095  INFO 530588 --- [nPool-worker-10] .t.t.s.TourGuideClientRewardsServiceImpl : Service - Distance calculated: 1570.3163714392115
2021-11-27 20:34:21.095  INFO 530588 --- [nPool-worker-12] .t.t.s.TourGuideClientRewardsServiceImpl : Service - Distance calculated: 6215.1564744135685
2021-11-27 20:34:21.095  INFO 530588 --- [onPool-worker-4] .t.t.s.TourGuideClientRewardsServiceImpl : Service - Distance calculated: 2127.2478407793283
2021-11-27 20:34:21.095  INFO 530588 --- [nPool-worker-12] .t.t.s.TourGuideClientRewardsServiceImpl : Service - Distance calculated: 5948.201126274461
2021-11-27 20:34:21.093  INFO 530588 --- [onPool-worker-3] .t.t.s.TourGuideClientRewardsServiceImpl : Service - Distance calculated: 6518.085991431877
2021-11-27 20:34:21.095  INFO 530588 --- [onPool-worker-1] .t.t.s.TourGuideClientRewardsServiceImpl : Service - Distance calculated: 6325.681538568344
2021-11-27 20:34:21.095  INFO 530588 --- [nPool-worker-14] .t.t.s.TourGuideClientRewardsServiceImpl : Service - Distance calculated: 6383.962357392271
2021-11-27 20:34:21.095  INFO 530588 --- [nPool-worker-11] .t.t.s.TourGuideClientRewardsServiceImpl : Service - Distance calculated: 2598.435769159027
2021-11-27 20:34:21.095  INFO 530588 --- [nPool-worker-14] .t.t.s.TourGuideClientRewardsServiceImpl : Service - Distance calculated: 7576.572464475798
2021-11-27 20:34:21.095  INFO 530588 --- [nPool-worker-14] .t.t.s.TourGuideClientRewardsServiceImpl : Service - Distance calculated: 7609.535200224598
2021-11-27 20:34:21.095  INFO 530588 --- [nPool-worker-14] .t.t.s.TourGuideClientRewardsServiceImpl : Service - Distance calculated: 4570.115180793423
2021-11-27 20:34:21.095  INFO 530588 --- [onPool-worker-1] .t.t.s.TourGuideClientRewardsServiceImpl : Service - Distance calculated: 5.8950310023474215E-5
2021-11-27 20:34:21.095  INFO 530588 --- [nPool-worker-15] .t.t.s.TourGuideClientRewardsServiceImpl : Service - Distance calculated: 2578.910516018122
2021-11-27 20:34:21.095  INFO 530588 --- [onPool-worker-7] .t.t.s.TourGuideClientRewardsServiceImpl : Service - Distance calculated: 7964.033620767871
2021-11-27 20:34:21.095  INFO 530588 --- [nPool-worker-15] .t.t.s.TourGuideClientRewardsServiceImpl : Service - Distance calculated: 680.6158831369517
2021-11-27 20:34:21.095  INFO 530588 --- [onPool-worker-7] .t.t.s.TourGuideClientRewardsServiceImpl : Service - Distance calculated: 8410.54116941289
2021-11-27 20:34:21.095  INFO 530588 --- [nPool-worker-15] .t.t.s.TourGuideClientRewardsServiceImpl : Service - Distance calculated: 1344.090272349311
2021-11-27 20:34:21.095  INFO 530588 --- [onPool-worker-7] .t.t.s.TourGuideClientRewardsServiceImpl : Service - Distance calculated: 8496.384654916063
2021-11-27 20:34:21.095  INFO 530588 --- [nPool-worker-15] .t.t.s.TourGuideClientRewardsServiceImpl : Service - Distance calculated: 2440.177336041544
2021-11-27 20:34:21.095  INFO 530588 --- [onPool-worker-7] .t.t.s.TourGuideClientRewardsServiceImpl : Service - Distance calculated: 7646.452801209254
2021-11-27 20:34:21.095  INFO 530588 --- [nPool-worker-15] .t.t.s.TourGuideClientRewardsServiceImpl : Service - Distance calculated: 2168.830527042806
2021-11-27 20:34:21.095  INFO 530588 --- [onPool-worker-7] .t.t.s.TourGuideClientRewardsServiceImpl : Service - Distance calculated: 4149.44351916648
2021-11-27 20:34:21.095  INFO 530588 --- [nPool-worker-15] .t.t.s.TourGuideClientRewardsServiceImpl : Service - Calculate rewards points for user: internalUser75
2021-11-27 20:34:21.095  INFO 530588 --- [onPool-worker-7] .t.t.s.TourGuideClientRewardsServiceImpl : Service - Distance calculated: 4789.3570697536525
2021-11-27 20:34:21.095  INFO 530588 --- [nPool-worker-10] .t.t.s.TourGuideClientRewardsServiceImpl : Service - Distance calculated: 1560.3670323355254
2021-11-27 20:34:21.095  INFO 530588 --- [onPool-worker-7] .t.t.s.TourGuideClientRewardsServiceImpl : Service - Distance calculated: 4222.900195232549
2021-11-27 20:34:21.095  INFO 530588 --- [nPool-worker-12] .t.t.s.TourGuideClientRewardsServiceImpl : Service - Distance calculated: 5946.839802724792
2021-11-27 20:34:21.096  INFO 530588 --- [nPool-worker-12] .t.t.s.TourGuideClientRewardsServiceImpl : Service - Distance calculated: 5962.733414886078
2021-11-27 20:34:21.095  INFO 530588 --- [onPool-worker-4] .t.t.s.TourGuideClientRewardsServiceImpl : Service - Distance calculated: 2578.910516018122
2021-11-27 20:34:21.096  INFO 530588 --- [nPool-worker-12] .t.t.s.TourGuideClientRewardsServiceImpl : Service - Distance calculated: 6171.0799249211095
2021-11-27 20:34:21.096  INFO 530588 --- [onPool-worker-4] .t.t.s.TourGuideClientRewardsServiceImpl : Service - Distance calculated: 680.6158831369517
2021-11-27 20:34:21.095  INFO 530588 --- [nPool-worker-13] .t.t.s.TourGuideClientRewardsServiceImpl : Service - Distance calculated: 2148.3967563579567
2021-11-27 20:34:21.096  INFO 530588 --- [onPool-worker-4] .t.t.s.TourGuideClientRewardsServiceImpl : Service - Distance calculated: 1344.090272349311
2021-11-27 20:34:21.096  INFO 530588 --- [nPool-worker-13] .t.t.s.TourGuideClientRewardsServiceImpl : Service - Distance calculated: 2282.746325565392
2021-11-27 20:34:21.096  INFO 530588 --- [onPool-worker-4] .t.t.s.TourGuideClientRewardsServiceImpl : Service - Distance calculated: 2440.177336041544
2021-11-27 20:34:21.096  INFO 530588 --- [onPool-worker-4] .t.t.s.TourGuideClientRewardsServiceImpl : Service - Distance calculated: 2168.830527042806
2021-11-27 20:34:21.096  INFO 530588 --- [nPool-worker-13] .t.t.s.TourGuideClientRewardsServiceImpl : Service - Distance calculated: 2289.4339721013357
2021-11-27 20:34:21.096  INFO 530588 --- [nPool-worker-13] .t.t.s.TourGuideClientRewardsServiceImpl : Service - Distance calculated: 1204.372289719331
2021-11-27 20:34:21.096  INFO 530588 --- [nPool-worker-13] .t.t.s.TourGuideClientRewardsServiceImpl : Service - Distance calculated: 1742.5694022642394
2021-11-27 20:34:21.096  INFO 530588 --- [nPool-worker-13] .t.t.s.TourGuideClientRewardsServiceImpl : Service - Distance calculated: 1576.7472428725728
2021-11-27 20:34:21.096  INFO 530588 --- [nPool-worker-13] .t.t.s.TourGuideClientRewardsServiceImpl : Service - Distance calculated: 1921.4807999190489
2021-11-27 20:34:21.096  INFO 530588 --- [nPool-worker-13] .t.t.s.TourGuideClientRewardsServiceImpl : Service - Distance calculated: 1277.6245433336508
2021-11-27 20:34:21.096  INFO 530588 --- [nPool-worker-13] .t.t.s.TourGuideClientRewardsServiceImpl : Service - Distance calculated: 87.03441722159666
2021-11-27 20:34:21.096  INFO 530588 --- [nPool-worker-13] .t.t.s.TourGuideClientRewardsServiceImpl : Service - Distance calculated: 2127.2478407793283
2021-11-27 20:34:21.096  INFO 530588 --- [nPool-worker-13] .t.t.s.TourGuideClientRewardsServiceImpl : Service - Distance calculated: 2578.910516018122
2021-11-27 20:34:21.096  INFO 530588 --- [nPool-worker-13] .t.t.s.TourGuideClientRewardsServiceImpl : Service - Distance calculated: 680.6158831369517
2021-11-27 20:34:21.096  INFO 530588 --- [nPool-worker-13] .t.t.s.TourGuideClientRewardsServiceImpl : Service - Distance calculated: 1344.090272349311
2021-11-27 20:34:21.096  INFO 530588 --- [nPool-worker-13] .t.t.s.TourGuideClientRewardsServiceImpl : Service - Distance calculated: 2440.177336041544
2021-11-27 20:34:21.096  INFO 530588 --- [nPool-worker-13] .t.t.s.TourGuideClientRewardsServiceImpl : Service - Distance calculated: 2168.830527042806
2021-11-27 20:34:21.096  INFO 530588 --- [nPool-worker-13] .t.t.s.TourGuideClientRewardsServiceImpl : Service - Calculate rewards points for user: internalUser73
2021-11-27 20:34:21.095  INFO 530588 --- [onPool-worker-3] .t.t.s.TourGuideClientRewardsServiceImpl : Service - Distance calculated: 7288.36685198807
2021-11-27 20:34:21.095  INFO 530588 --- [nPool-worker-11] .t.t.s.TourGuideClientRewardsServiceImpl : Service - Distance calculated: 2662.7248404785837
2021-11-27 20:34:21.096  INFO 530588 --- [nPool-worker-11] .t.t.s.TourGuideClientRewardsServiceImpl : Service - Distance calculated: 2203.925823582859
2021-11-27 20:34:21.096  INFO 530588 --- [nPool-worker-11] .t.t.s.TourGuideClientRewardsServiceImpl : Service - Distance calculated: 2803.7892287468135
2021-11-27 20:34:21.096  INFO 530588 --- [onPool-worker-1] .t.t.s.TourGuideClientRewardsServiceImpl : Service - Distance calculated: 774.5207212649109
2021-11-27 20:34:21.096  INFO 530588 --- [nPool-worker-11] .t.t.s.TourGuideClientRewardsServiceImpl : Service - Distance calculated: 2874.4608065636353
2021-11-27 20:34:21.096  INFO 530588 --- [onPool-worker-1] .t.t.s.TourGuideClientRewardsServiceImpl : Service - Distance calculated: 164.91310606753288
2021-11-27 20:34:21.096  INFO 530588 --- [nPool-worker-11] .t.t.s.TourGuideClientRewardsServiceImpl : Service - Distance calculated: 498.30839917696903
2021-11-27 20:34:21.096  INFO 530588 --- [nPool-worker-11] .t.t.s.TourGuideClientRewardsServiceImpl : Service - Distance calculated: 3089.6824327153176
2021-11-27 20:34:21.096  INFO 530588 --- [nPool-worker-11] .t.t.s.TourGuideClientRewardsServiceImpl : Service - Distance calculated: 2918.785284391498
2021-11-27 20:34:21.096  INFO 530588 --- [nPool-worker-11] .t.t.s.TourGuideClientRewardsServiceImpl : Service - Distance calculated: 3061.8490591216732
2021-11-27 20:34:21.096  INFO 530588 --- [nPool-worker-11] .t.t.s.TourGuideClientRewardsServiceImpl : Service - Distance calculated: 3558.1705964347448
2021-11-27 20:34:21.096  INFO 530588 --- [nPool-worker-11] .t.t.s.TourGuideClientRewardsServiceImpl : Service - Distance calculated: 2717.2134531980646
2021-11-27 20:34:21.096  INFO 530588 --- [nPool-worker-11] .t.t.s.TourGuideClientRewardsServiceImpl : Service - Distance calculated: 2938.9261160840506
2021-11-27 20:34:21.096  INFO 530588 --- [nPool-worker-11] .t.t.s.TourGuideClientRewardsServiceImpl : Service - Distance calculated: 2949.584214738537
2021-11-27 20:34:21.096  INFO 530588 --- [nPool-worker-11] .t.t.s.TourGuideClientRewardsServiceImpl : Service - Distance calculated: 2938.538307742848
2021-11-27 20:34:21.096  INFO 530588 --- [nPool-worker-11] .t.t.s.TourGuideClientRewardsServiceImpl : Service - Distance calculated: 2749.328027964276
2021-11-27 20:34:21.096  INFO 530588 --- [nPool-worker-11] .t.t.s.TourGuideClientRewardsServiceImpl : Service - Distance calculated: 1951.1423201540522
2021-11-27 20:34:21.096  INFO 530588 --- [nPool-worker-11] .t.t.s.TourGuideClientRewardsServiceImpl : Service - Distance calculated: 3407.7015170991153
2021-11-27 20:34:21.096  INFO 530588 --- [nPool-worker-11] .t.t.s.TourGuideClientRewardsServiceImpl : Service - Distance calculated: 3126.576665632065
2021-11-27 20:34:21.096  INFO 530588 --- [nPool-worker-11] .t.t.s.TourGuideClientRewardsServiceImpl : Service - Distance calculated: 2333.3271413750017
2021-11-27 20:34:21.096  INFO 530588 --- [nPool-worker-11] .t.t.s.TourGuideClientRewardsServiceImpl : Service - Distance calculated: 2380.90662203778
2021-11-27 20:34:21.096  INFO 530588 --- [nPool-worker-11] .t.t.s.TourGuideClientRewardsServiceImpl : Service - Distance calculated: 3088.8618630247706
2021-11-27 20:34:21.096  INFO 530588 --- [nPool-worker-11] .t.t.s.TourGuideClientRewardsServiceImpl : Service - Distance calculated: 3419.8019697417153
2021-11-27 20:34:21.095  INFO 530588 --- [nPool-worker-14] .t.t.s.TourGuideClientRewardsServiceImpl : Service - Distance calculated: 7888.5925620869475
2021-11-27 20:34:21.096  INFO 530588 --- [nPool-worker-11] .t.t.s.TourGuideClientRewardsServiceImpl : Service - Distance calculated: 5.8950310023474215E-5
2021-11-27 20:34:21.096  INFO 530588 --- [nPool-worker-14] .t.t.s.TourGuideClientRewardsServiceImpl : Service - Distance calculated: 7703.626985520653
2021-11-27 20:34:21.096  INFO 530588 --- [nPool-worker-14] .t.t.s.TourGuideClientRewardsServiceImpl : Service - Distance calculated: 7849.951438404807
2021-11-27 20:34:21.096  INFO 530588 --- [nPool-worker-14] .t.t.s.TourGuideClientRewardsServiceImpl : Service - Distance calculated: 8183.670092784909
2021-11-27 20:34:21.096  INFO 530588 --- [nPool-worker-14] .t.t.s.TourGuideClientRewardsServiceImpl : Service - Distance calculated: 7125.531211236393
2021-11-27 20:34:21.096  INFO 530588 --- [nPool-worker-14] .t.t.s.TourGuideClientRewardsServiceImpl : Service - Distance calculated: 7579.96171054029
2021-11-27 20:34:21.096  INFO 530588 --- [nPool-worker-14] .t.t.s.TourGuideClientRewardsServiceImpl : Service - Distance calculated: 7479.220160778562
2021-11-27 20:34:21.096  INFO 530588 --- [nPool-worker-14] .t.t.s.TourGuideClientRewardsServiceImpl : Service - Distance calculated: 7660.316570480247
2021-11-27 20:34:21.096  INFO 530588 --- [nPool-worker-14] .t.t.s.TourGuideClientRewardsServiceImpl : Service - Distance calculated: 7193.792255987868
2021-11-27 20:34:21.096  INFO 530588 --- [nPool-worker-14] .t.t.s.TourGuideClientRewardsServiceImpl : Service - Distance calculated: 5983.309195768096
2021-11-27 20:34:21.097  INFO 530588 --- [nPool-worker-14] .t.t.s.TourGuideClientRewardsServiceImpl : Service - Distance calculated: 8020.238730248698
2021-11-27 20:34:21.097  INFO 530588 --- [nPool-worker-14] .t.t.s.TourGuideClientRewardsServiceImpl : Service - Distance calculated: 7922.389944755336
2021-11-27 20:34:21.097  INFO 530588 --- [nPool-worker-11] .t.t.s.TourGuideClientRewardsServiceImpl : Service - Distance calculated: 774.5207212649109
2021-11-27 20:34:21.097  INFO 530588 --- [nPool-worker-11] .t.t.s.TourGuideClientRewardsServiceImpl : Service - Distance calculated: 164.91310606753288
2021-11-27 20:34:21.097  INFO 530588 --- [nPool-worker-11] .t.t.s.TourGuideClientRewardsServiceImpl : Service - Distance calculated: 115.99464245531166
2021-11-27 20:34:21.096  INFO 530588 --- [nPool-worker-10] .t.t.s.TourGuideClientRewardsServiceImpl : Service - Distance calculated: 4627.515187239175
2021-11-27 20:34:21.096  INFO 530588 --- [onPool-worker-7] .t.t.s.TourGuideClientRewardsServiceImpl : Service - Distance calculated: 4138.803600985134
2021-11-27 20:34:21.097  INFO 530588 --- [nPool-worker-10] .t.t.s.TourGuideClientRewardsServiceImpl : Service - Distance calculated: 1270.2915208964719
2021-11-27 20:34:21.097  INFO 530588 --- [onPool-worker-7] .t.t.s.TourGuideClientRewardsServiceImpl : Service - Distance calculated: 4405.683259785363
2021-11-27 20:34:21.097  INFO 530588 --- [nPool-worker-10] .t.t.s.TourGuideClientRewardsServiceImpl : Service - Distance calculated: 1440.530273556772
2021-11-27 20:34:21.097  INFO 530588 --- [nPool-worker-10] .t.t.s.TourGuideClientRewardsServiceImpl : Service - Distance calculated: 1294.204656942059
2021-11-27 20:34:21.097  INFO 530588 --- [onPool-worker-7] .t.t.s.TourGuideClientRewardsServiceImpl : Service - Distance calculated: 4304.3290574070215
2021-11-27 20:34:21.097  INFO 530588 --- [nPool-worker-10] .t.t.s.TourGuideClientRewardsServiceImpl : Service - Distance calculated: 1183.6006077573388
2021-11-27 20:34:21.096  INFO 530588 --- [nPool-worker-12] .t.t.s.TourGuideClientRewardsServiceImpl : Service - Distance calculated: 7209.598243054143
2021-11-27 20:34:21.097  INFO 530588 --- [nPool-worker-10] .t.t.s.TourGuideClientRewardsServiceImpl : Service - Distance calculated: 2249.278249941104
2021-11-27 20:34:21.097  INFO 530588 --- [nPool-worker-10] .t.t.s.TourGuideClientRewardsServiceImpl : Service - Distance calculated: 1668.9691686954654
2021-11-27 20:34:21.097  INFO 530588 --- [nPool-worker-10] .t.t.s.TourGuideClientRewardsServiceImpl : Service - Distance calculated: 1859.2098309636847
2021-11-27 20:34:21.097  INFO 530588 --- [nPool-worker-10] .t.t.s.TourGuideClientRewardsServiceImpl : Service - Distance calculated: 1522.024307753888
2021-11-27 20:34:21.097  INFO 530588 --- [nPool-worker-10] .t.t.s.TourGuideClientRewardsServiceImpl : Service - Distance calculated: 2166.098727645126
2021-11-27 20:34:21.097  INFO 530588 --- [nPool-worker-10] .t.t.s.TourGuideClientRewardsServiceImpl : Service - Distance calculated: 3376.223856956322
2021-11-27 20:34:21.097  INFO 530588 --- [nPool-worker-10] .t.t.s.TourGuideClientRewardsServiceImpl : Service - Distance calculated: 1328.3290141577493
2021-11-27 20:34:21.097  INFO 530588 --- [nPool-worker-10] .t.t.s.TourGuideClientRewardsServiceImpl : Service - Distance calculated: 1272.9303487589261
2021-11-27 20:34:21.097  INFO 530588 --- [nPool-worker-10] .t.t.s.TourGuideClientRewardsServiceImpl : Service - Distance calculated: 2760.1672611686504
2021-11-27 20:34:21.097  INFO 530588 --- [nPool-worker-10] .t.t.s.TourGuideClientRewardsServiceImpl : Service - Distance calculated: 2139.3239275248675
2021-11-27 20:34:21.096  INFO 530588 --- [onPool-worker-4] .t.t.s.TourGuideClientRewardsServiceImpl : Service - Calculate rewards points for user: internalUser79
2021-11-27 20:34:21.096  INFO 530588 --- [onPool-worker-1] .t.t.s.TourGuideClientRewardsServiceImpl : Service - Distance calculated: 115.99464245531166
2021-11-27 20:34:21.097  INFO 530588 --- [onPool-worker-1] .t.t.s.TourGuideClientRewardsServiceImpl : Service - Distance calculated: 1428.8577204882306
2021-11-27 20:34:21.097  INFO 530588 --- [onPool-worker-1] .t.t.s.TourGuideClientRewardsServiceImpl : Service - Distance calculated: 1418.571827418631
2021-11-27 20:34:21.097  INFO 530588 --- [onPool-worker-1] .t.t.s.TourGuideClientRewardsServiceImpl : Service - Distance calculated: 460.11990361699293
2021-11-27 20:34:21.097  INFO 530588 --- [onPool-worker-1] .t.t.s.TourGuideClientRewardsServiceImpl : Service - Distance calculated: 1992.7911930022951
2021-11-27 20:34:21.097  INFO 530588 --- [onPool-worker-1] .t.t.s.TourGuideClientRewardsServiceImpl : Service - Distance calculated: 1906.7972782801585
2021-11-27 20:34:21.097  INFO 530588 --- [nPool-worker-14] .t.t.s.TourGuideClientRewardsServiceImpl : Service - Distance calculated: 6605.393573063101
2021-11-27 20:34:21.097  INFO 530588 --- [onPool-worker-1] .t.t.s.TourGuideClientRewardsServiceImpl : Service - Distance calculated: 2360.645624935619
2021-11-27 20:34:21.097  INFO 530588 --- [nPool-worker-11] .t.t.s.TourGuideClientRewardsServiceImpl : Service - Distance calculated: 1428.8577204882306
2021-11-27 20:34:21.097  INFO 530588 --- [onPool-worker-1] .t.t.s.TourGuideClientRewardsServiceImpl : Service - Distance calculated: 2434.494471527265
2021-11-27 20:34:21.097  INFO 530588 --- [onPool-worker-1] .t.t.s.TourGuideClientRewardsServiceImpl : Service - Distance calculated: 2148.3967563579567
2021-11-27 20:34:21.097  INFO 530588 --- [onPool-worker-1] .t.t.s.TourGuideClientRewardsServiceImpl : Service - Distance calculated: 2282.746325565392
2021-11-27 20:34:21.097  INFO 530588 --- [onPool-worker-1] .t.t.s.TourGuideClientRewardsServiceImpl : Service - Distance calculated: 2289.4339721013357
2021-11-27 20:34:21.098  INFO 530588 --- [onPool-worker-1] .t.t.s.TourGuideClientRewardsServiceImpl : Service - Distance calculated: 1204.372289719331
2021-11-27 20:34:21.096  INFO 530588 --- [onPool-worker-3] .t.t.s.TourGuideClientRewardsServiceImpl : Service - Distance calculated: 7522.156762137635
2021-11-27 20:34:21.098  INFO 530588 --- [onPool-worker-3] .t.t.s.TourGuideClientRewardsServiceImpl : Service - Distance calculated: 7490.28903696903
2021-11-27 20:34:21.098  INFO 530588 --- [onPool-worker-3] .t.t.s.TourGuideClientRewardsServiceImpl : Service - Distance calculated: 8228.298862810947
2021-11-27 20:34:21.098  INFO 530588 --- [onPool-worker-3] .t.t.s.TourGuideClientRewardsServiceImpl : Service - Distance calculated: 8628.209609460833
2021-11-27 20:34:21.098  INFO 530588 --- [onPool-worker-3] .t.t.s.TourGuideClientRewardsServiceImpl : Service - Distance calculated: 8159.879992800798
2021-11-27 20:34:21.098  INFO 530588 --- [onPool-worker-3] .t.t.s.TourGuideClientRewardsServiceImpl : Service - Distance calculated: 8437.296286875864
2021-11-27 20:34:21.098  INFO 530588 --- [onPool-worker-3] .t.t.s.TourGuideClientRewardsServiceImpl : Service - Distance calculated: 7886.349933197802
2021-11-27 20:34:21.098  INFO 530588 --- [onPool-worker-3] .t.t.s.TourGuideClientRewardsServiceImpl : Service - Distance calculated: 8572.349655265121
2021-11-27 20:34:21.098  INFO 530588 --- [onPool-worker-3] .t.t.s.TourGuideClientRewardsServiceImpl : Service - Distance calculated: 8733.459717005497
2021-11-27 20:34:21.098  INFO 530588 --- [onPool-worker-3] .t.t.s.TourGuideClientRewardsServiceImpl : Service - Distance calculated: 8265.139241885145
2021-11-27 20:34:21.098  INFO 530588 --- [onPool-worker-3] .t.t.s.TourGuideClientRewardsServiceImpl : Service - Distance calculated: 7106.275377579734
2021-11-27 20:34:21.098  INFO 530588 --- [onPool-worker-3] .t.t.s.TourGuideClientRewardsServiceImpl : Service - Distance calculated: 8705.976874797625
2021-11-27 20:34:21.098  INFO 530588 --- [onPool-worker-3] .t.t.s.TourGuideClientRewardsServiceImpl : Service - Distance calculated: 8005.746954622721
2021-11-27 20:34:21.098  INFO 530588 --- [onPool-worker-3] .t.t.s.TourGuideClientRewardsServiceImpl : Service - Distance calculated: 7278.567914731372
2021-11-27 20:34:21.098  INFO 530588 --- [onPool-worker-3] .t.t.s.TourGuideClientRewardsServiceImpl : Service - Distance calculated: 8208.754578433955
2021-11-27 20:34:21.098  INFO 530588 --- [onPool-worker-3] .t.t.s.TourGuideClientRewardsServiceImpl : Service - Distance calculated: 4811.60206288193
2021-11-27 20:34:21.098  INFO 530588 --- [onPool-worker-3] .t.t.s.TourGuideClientRewardsServiceImpl : Service - Distance calculated: 4475.17402751699
2021-11-27 20:34:21.098  INFO 530588 --- [onPool-worker-3] .t.t.s.TourGuideClientRewardsServiceImpl : Service - Distance calculated: 4420.590298911817
2021-11-27 20:34:21.098  INFO 530588 --- [onPool-worker-3] .t.t.s.TourGuideClientRewardsServiceImpl : Service - Distance calculated: 3952.4268104678995
2021-11-27 20:34:21.098  INFO 530588 --- [onPool-worker-3] .t.t.s.TourGuideClientRewardsServiceImpl : Service - Distance calculated: 3859.2069136938035
2021-11-27 20:34:21.098  INFO 530588 --- [onPool-worker-3] .t.t.s.TourGuideClientRewardsServiceImpl : Service - Distance calculated: 4115.870280382008
2021-11-27 20:34:21.098  INFO 530588 --- [onPool-worker-3] .t.t.s.TourGuideClientRewardsServiceImpl : Service - Distance calculated: 4131.141808893756
2021-11-27 20:34:21.098  INFO 530588 --- [onPool-worker-3] .t.t.s.TourGuideClientRewardsServiceImpl : Service - Distance calculated: 3944.7809132727007
2021-11-27 20:34:21.097  INFO 530588 --- [onPool-worker-7] .t.t.s.TourGuideClientRewardsServiceImpl : Service - Distance calculated: 3978.0979446299057
2021-11-27 20:34:21.098  INFO 530588 --- [onPool-worker-3] .t.t.s.TourGuideClientRewardsServiceImpl : Service - Distance calculated: 6796.058431884441
2021-11-27 20:34:21.098  INFO 530588 --- [onPool-worker-7] .t.t.s.TourGuideClientRewardsServiceImpl : Service - Distance calculated: 4866.034254047378
2021-11-27 20:34:21.098  INFO 530588 --- [onPool-worker-3] .t.t.s.TourGuideClientRewardsServiceImpl : Service - Distance calculated: 4195.714174814221
2021-11-27 20:34:21.098  INFO 530588 --- [onPool-worker-3] .t.t.s.TourGuideClientRewardsServiceImpl : Service - Distance calculated: 4124.143750434595
2021-11-27 20:34:21.098  INFO 530588 --- [onPool-worker-3] .t.t.s.TourGuideClientRewardsServiceImpl : Service - Distance calculated: 4057.1975652968063
2021-11-27 20:34:21.098  INFO 530588 --- [onPool-worker-3] .t.t.s.TourGuideClientRewardsServiceImpl : Service - Distance calculated: 3225.929626661845
2021-11-27 20:34:21.098  INFO 530588 --- [onPool-worker-3] .t.t.s.TourGuideClientRewardsServiceImpl : Service - Distance calculated: 3669.8581834547017
2021-11-27 20:34:21.098  INFO 530588 --- [onPool-worker-3] .t.t.s.TourGuideClientRewardsServiceImpl : Service - Distance calculated: 3701.8110320197434
2021-11-27 20:34:21.098  INFO 530588 --- [onPool-worker-3] .t.t.s.TourGuideClientRewardsServiceImpl : Service - Distance calculated: 3557.135598692459
2021-11-27 20:34:21.098  INFO 530588 --- [onPool-worker-3] .t.t.s.TourGuideClientRewardsServiceImpl : Service - Distance calculated: 3863.126055229712
2021-11-27 20:34:21.098  INFO 530588 --- [onPool-worker-3] .t.t.s.TourGuideClientRewardsServiceImpl : Service - Distance calculated: 3661.2092746086455
2021-11-27 20:34:21.098  INFO 530588 --- [onPool-worker-3] .t.t.s.TourGuideClientRewardsServiceImpl : Service - Distance calculated: 4404.982128965794
2021-11-27 20:34:21.098  INFO 530588 --- [onPool-worker-3] .t.t.s.TourGuideClientRewardsServiceImpl : Service - Distance calculated: 3309.6724653888064
2021-11-27 20:34:21.098  INFO 530588 --- [onPool-worker-3] .t.t.s.TourGuideClientRewardsServiceImpl : Service - Distance calculated: 4321.540492119652
2021-11-27 20:34:21.098  INFO 530588 --- [onPool-worker-3] .t.t.s.TourGuideClientRewardsServiceImpl : Service - Distance calculated: 3989.32432420637
2021-11-27 20:34:21.098  INFO 530588 --- [onPool-worker-3] .t.t.s.TourGuideClientRewardsServiceImpl : Service - Distance calculated: 4179.605754416237
2021-11-27 20:34:21.098  INFO 530588 --- [onPool-worker-3] .t.t.s.TourGuideClientRewardsServiceImpl : Service - Distance calculated: 4204.009882150664
2021-11-27 20:34:21.098  INFO 530588 --- [onPool-worker-3] .t.t.s.TourGuideClientRewardsServiceImpl : Service - Distance calculated: 3334.4599715113454
2021-11-27 20:34:21.099  INFO 530588 --- [onPool-worker-3] .t.t.s.TourGuideClientRewardsServiceImpl : Service - Distance calculated: 774.5207212649109
2021-11-27 20:34:21.099  INFO 530588 --- [onPool-worker-3] .t.t.s.TourGuideClientRewardsServiceImpl : Service - Distance calculated: 164.91310606753288
2021-11-27 20:34:21.099  INFO 530588 --- [onPool-worker-3] .t.t.s.TourGuideClientRewardsServiceImpl : Service - Distance calculated: 115.99464245531166
2021-11-27 20:34:21.099  INFO 530588 --- [onPool-worker-3] .t.t.s.TourGuideClientRewardsServiceImpl : Service - Distance calculated: 1428.8577204882306
2021-11-27 20:34:21.099  INFO 530588 --- [onPool-worker-3] .t.t.s.TourGuideClientRewardsServiceImpl : Service - Distance calculated: 1418.571827418631
2021-11-27 20:34:21.099  INFO 530588 --- [onPool-worker-3] .t.t.s.TourGuideClientRewardsServiceImpl : Service - Distance calculated: 460.11990361699293
2021-11-27 20:34:21.099  INFO 530588 --- [onPool-worker-3] .t.t.s.TourGuideClientRewardsServiceImpl : Service - Distance calculated: 1992.7911930022951
2021-11-27 20:34:21.099  INFO 530588 --- [onPool-worker-3] .t.t.s.TourGuideClientRewardsServiceImpl : Service - Distance calculated: 1906.7972782801585
2021-11-27 20:34:21.099  INFO 530588 --- [onPool-worker-3] .t.t.s.TourGuideClientRewardsServiceImpl : Service - Distance calculated: 2360.645624935619
2021-11-27 20:34:21.099  INFO 530588 --- [onPool-worker-3] .t.t.s.TourGuideClientRewardsServiceImpl : Service - Distance calculated: 2434.494471527265
2021-11-27 20:34:21.099  INFO 530588 --- [onPool-worker-3] .t.t.s.TourGuideClientRewardsServiceImpl : Service - Distance calculated: 2148.3967563579567
2021-11-27 20:34:21.099  INFO 530588 --- [onPool-worker-3] .t.t.s.TourGuideClientRewardsServiceImpl : Service - Distance calculated: 2282.746325565392
2021-11-27 20:34:21.099  INFO 530588 --- [onPool-worker-3] .t.t.s.TourGuideClientRewardsServiceImpl : Service - Distance calculated: 2289.4339721013357
2021-11-27 20:34:21.099  INFO 530588 --- [onPool-worker-3] .t.t.s.TourGuideClientRewardsServiceImpl : Service - Distance calculated: 1204.372289719331
2021-11-27 20:34:21.099  INFO 530588 --- [onPool-worker-3] .t.t.s.TourGuideClientRewardsServiceImpl : Service - Distance calculated: 1742.5694022642394
2021-11-27 20:34:21.099  INFO 530588 --- [onPool-worker-3] .t.t.s.TourGuideClientRewardsServiceImpl : Service - Distance calculated: 1576.7472428725728
2021-11-27 20:34:21.099  INFO 530588 --- [onPool-worker-3] .t.t.s.TourGuideClientRewardsServiceImpl : Service - Distance calculated: 1921.4807999190489
2021-11-27 20:34:21.099  INFO 530588 --- [onPool-worker-3] .t.t.s.TourGuideClientRewardsServiceImpl : Service - Distance calculated: 1277.6245433336508
2021-11-27 20:34:21.099  INFO 530588 --- [onPool-worker-3] .t.t.s.TourGuideClientRewardsServiceImpl : Service - Distance calculated: 87.03441722159666
2021-11-27 20:34:21.099  INFO 530588 --- [onPool-worker-3] .t.t.s.TourGuideClientRewardsServiceImpl : Service - Distance calculated: 2127.2478407793283
2021-11-27 20:34:21.099  INFO 530588 --- [onPool-worker-3] .t.t.s.TourGuideClientRewardsServiceImpl : Service - Distance calculated: 2578.910516018122
2021-11-27 20:34:21.099  INFO 530588 --- [onPool-worker-3] .t.t.s.TourGuideClientRewardsServiceImpl : Service - Distance calculated: 680.6158831369517
2021-11-27 20:34:21.099  INFO 530588 --- [onPool-worker-3] .t.t.s.TourGuideClientRewardsServiceImpl : Service - Distance calculated: 1344.090272349311
2021-11-27 20:34:21.099  INFO 530588 --- [onPool-worker-3] .t.t.s.TourGuideClientRewardsServiceImpl : Service - Distance calculated: 2440.177336041544
2021-11-27 20:34:21.099  INFO 530588 --- [onPool-worker-3] .t.t.s.TourGuideClientRewardsServiceImpl : Service - Distance calculated: 2168.830527042806
2021-11-27 20:34:21.099  INFO 530588 --- [onPool-worker-3] .t.t.s.TourGuideClientRewardsServiceImpl : Service - Calculate rewards points for user: internalUser89
2021-11-27 20:34:21.097  INFO 530588 --- [nPool-worker-12] .t.t.s.TourGuideClientRewardsServiceImpl : Service - Distance calculated: 5479.4530710517165
2021-11-27 20:34:21.097  INFO 530588 --- [nPool-worker-10] .t.t.s.TourGuideClientRewardsServiceImpl : Service - Distance calculated: 1272.3476555356547
2021-11-27 20:34:21.099  INFO 530588 --- [nPool-worker-12] .t.t.s.TourGuideClientRewardsServiceImpl : Service - Distance calculated: 5939.716743987705
2021-11-27 20:34:21.099  INFO 530588 --- [nPool-worker-12] .t.t.s.TourGuideClientRewardsServiceImpl : Service - Distance calculated: 6669.4800702862085
2021-11-27 20:34:21.099  INFO 530588 --- [nPool-worker-12] .t.t.s.TourGuideClientRewardsServiceImpl : Service - Distance calculated: 6506.127510350496
2021-11-27 20:34:21.099  INFO 530588 --- [nPool-worker-12] .t.t.s.TourGuideClientRewardsServiceImpl : Service - Distance calculated: 5926.706198995753
2021-11-27 20:34:21.099  INFO 530588 --- [nPool-worker-12] .t.t.s.TourGuideClientRewardsServiceImpl : Service - Distance calculated: 5468.417990095138
2021-11-27 20:34:21.099  INFO 530588 --- [nPool-worker-12] .t.t.s.TourGuideClientRewardsServiceImpl : Service - Distance calculated: 5952.920073901959
2021-11-27 20:34:21.099  INFO 530588 --- [nPool-worker-12] .t.t.s.TourGuideClientRewardsServiceImpl : Service - Distance calculated: 6722.292488751401
2021-11-27 20:34:21.099  INFO 530588 --- [nPool-worker-12] .t.t.s.TourGuideClientRewardsServiceImpl : Service - Distance calculated: 6088.296588162396
2021-11-27 20:34:21.099  INFO 530588 --- [nPool-worker-12] .t.t.s.TourGuideClientRewardsServiceImpl : Service - Distance calculated: 5999.3515396280545
2021-11-27 20:34:21.099  INFO 530588 --- [nPool-worker-12] .t.t.s.TourGuideClientRewardsServiceImpl : Service - Distance calculated: 6751.08766431732
2021-11-27 20:34:21.099  INFO 530588 --- [nPool-worker-12] .t.t.s.TourGuideClientRewardsServiceImpl : Service - Distance calculated: 6658.78597163167
2021-11-27 20:34:21.097  INFO 530588 --- [nPool-worker-14] .t.t.s.TourGuideClientRewardsServiceImpl : Service - Distance calculated: 7050.5173521547695
2021-11-27 20:34:21.097  INFO 530588 --- [nPool-worker-11] .t.t.s.TourGuideClientRewardsServiceImpl : Service - Distance calculated: 1418.571827418631
2021-11-27 20:34:21.099  INFO 530588 --- [nPool-worker-14] .t.t.s.TourGuideClientRewardsServiceImpl : Service - Distance calculated: 7887.914249904829
2021-11-27 20:34:21.099  INFO 530588 --- [nPool-worker-11] .t.t.s.TourGuideClientRewardsServiceImpl : Service - Distance calculated: 460.11990361699293
2021-11-27 20:34:21.098  INFO 530588 --- [onPool-worker-1] .t.t.s.TourGuideClientRewardsServiceImpl : Service - Distance calculated: 1742.5694022642394
2021-11-27 20:34:21.098  INFO 530588 --- [onPool-worker-7] .t.t.s.TourGuideClientRewardsServiceImpl : Service - Distance calculated: 4652.369777665732
2021-11-27 20:34:21.099  INFO 530588 --- [nPool-worker-10] .t.t.s.TourGuideClientRewardsServiceImpl : Service - Distance calculated: 1275.5025805944476
2021-11-27 20:34:21.099  INFO 530588 --- [onPool-worker-7] .t.t.s.TourGuideClientRewardsServiceImpl : Service - Distance calculated: 6410.666304555388
2021-11-27 20:34:21.099  INFO 530588 --- [nPool-worker-12] .t.t.s.TourGuideClientRewardsServiceImpl : Service - Distance calculated: 5999.414835493756
2021-11-27 20:34:21.099  INFO 530588 --- [onPool-worker-7] .t.t.s.TourGuideClientRewardsServiceImpl : Service - Distance calculated: 5132.9228145603665
2021-11-27 20:34:21.099  INFO 530588 --- [nPool-worker-14] .t.t.s.TourGuideClientRewardsServiceImpl : Service - Distance calculated: 8052.116245834696
2021-11-27 20:34:21.099  INFO 530588 --- [nPool-worker-12] .t.t.s.TourGuideClientRewardsServiceImpl : Service - Distance calculated: 7310.096546071808
2021-11-27 20:34:21.099  INFO 530588 --- [nPool-worker-11] .t.t.s.TourGuideClientRewardsServiceImpl : Service - Distance calculated: 1992.7911930022951
2021-11-27 20:34:21.099  INFO 530588 --- [nPool-worker-12] .t.t.s.TourGuideClientRewardsServiceImpl : Service - Distance calculated: 7103.420610097304
2021-11-27 20:34:21.099  INFO 530588 --- [onPool-worker-1] .t.t.s.TourGuideClientRewardsServiceImpl : Service - Distance calculated: 1576.7472428725728
2021-11-27 20:34:21.099  INFO 530588 --- [nPool-worker-11] .t.t.s.TourGuideClientRewardsServiceImpl : Service - Distance calculated: 1906.7972782801585
2021-11-27 20:34:21.099  INFO 530588 --- [nPool-worker-11] .t.t.s.TourGuideClientRewardsServiceImpl : Service - Distance calculated: 2360.645624935619
2021-11-27 20:34:21.099  INFO 530588 --- [onPool-worker-1] .t.t.s.TourGuideClientRewardsServiceImpl : Service - Distance calculated: 1921.4807999190489
2021-11-27 20:34:21.099  INFO 530588 --- [nPool-worker-11] .t.t.s.TourGuideClientRewardsServiceImpl : Service - Distance calculated: 2434.494471527265
2021-11-27 20:34:21.100  INFO 530588 --- [nPool-worker-11] .t.t.s.TourGuideClientRewardsServiceImpl : Service - Distance calculated: 2148.3967563579567
2021-11-27 20:34:21.100  INFO 530588 --- [nPool-worker-11] .t.t.s.TourGuideClientRewardsServiceImpl : Service - Distance calculated: 2282.746325565392
2021-11-27 20:34:21.100  INFO 530588 --- [nPool-worker-11] .t.t.s.TourGuideClientRewardsServiceImpl : Service - Distance calculated: 2289.4339721013357
2021-11-27 20:34:21.100  INFO 530588 --- [nPool-worker-11] .t.t.s.TourGuideClientRewardsServiceImpl : Service - Distance calculated: 1204.372289719331
2021-11-27 20:34:21.100  INFO 530588 --- [nPool-worker-11] .t.t.s.TourGuideClientRewardsServiceImpl : Service - Distance calculated: 1742.5694022642394
2021-11-27 20:34:21.100  INFO 530588 --- [nPool-worker-11] .t.t.s.TourGuideClientRewardsServiceImpl : Service - Distance calculated: 1576.7472428725728
2021-11-27 20:34:21.100  INFO 530588 --- [nPool-worker-11] .t.t.s.TourGuideClientRewardsServiceImpl : Service - Distance calculated: 1921.4807999190489
2021-11-27 20:34:21.100  INFO 530588 --- [nPool-worker-11] .t.t.s.TourGuideClientRewardsServiceImpl : Service - Distance calculated: 1277.6245433336508
2021-11-27 20:34:21.100  INFO 530588 --- [nPool-worker-11] .t.t.s.TourGuideClientRewardsServiceImpl : Service - Distance calculated: 87.03441722159666
2021-11-27 20:34:21.100  INFO 530588 --- [nPool-worker-11] .t.t.s.TourGuideClientRewardsServiceImpl : Service - Distance calculated: 2127.2478407793283
2021-11-27 20:34:21.100  INFO 530588 --- [nPool-worker-11] .t.t.s.TourGuideClientRewardsServiceImpl : Service - Distance calculated: 2578.910516018122
2021-11-27 20:34:21.100  INFO 530588 --- [nPool-worker-11] .t.t.s.TourGuideClientRewardsServiceImpl : Service - Distance calculated: 680.6158831369517
2021-11-27 20:34:21.100  INFO 530588 --- [nPool-worker-11] .t.t.s.TourGuideClientRewardsServiceImpl : Service - Distance calculated: 1344.090272349311
2021-11-27 20:34:21.100  INFO 530588 --- [nPool-worker-11] .t.t.s.TourGuideClientRewardsServiceImpl : Service - Distance calculated: 2440.177336041544
2021-11-27 20:34:21.100  INFO 530588 --- [nPool-worker-11] .t.t.s.TourGuideClientRewardsServiceImpl : Service - Distance calculated: 2168.830527042806
2021-11-27 20:34:21.100  INFO 530588 --- [nPool-worker-11] .t.t.s.TourGuideClientRewardsServiceImpl : Service - Calculate rewards points for user: internalUser86
2021-11-27 20:34:21.099  INFO 530588 --- [nPool-worker-10] .t.t.s.TourGuideClientRewardsServiceImpl : Service - Distance calculated: 5368.9044483415355
2021-11-27 20:34:21.100  INFO 530588 --- [nPool-worker-10] .t.t.s.TourGuideClientRewardsServiceImpl : Service - Distance calculated: 6109.451076556499
2021-11-27 20:34:21.100  INFO 530588 --- [nPool-worker-10] .t.t.s.TourGuideClientRewardsServiceImpl : Service - Distance calculated: 5484.77774322258
2021-11-27 20:34:21.100  INFO 530588 --- [nPool-worker-10] .t.t.s.TourGuideClientRewardsServiceImpl : Service - Distance calculated: 5395.095343680218
2021-11-27 20:34:21.100  INFO 530588 --- [nPool-worker-10] .t.t.s.TourGuideClientRewardsServiceImpl : Service - Distance calculated: 5969.6377513860225
2021-11-27 20:34:21.100  INFO 530588 --- [nPool-worker-10] .t.t.s.TourGuideClientRewardsServiceImpl : Service - Distance calculated: 5872.423912536655
2021-11-27 20:34:21.100  INFO 530588 --- [nPool-worker-10] .t.t.s.TourGuideClientRewardsServiceImpl : Service - Distance calculated: 5334.008678362775
2021-11-27 20:34:21.100  INFO 530588 --- [nPool-worker-10] .t.t.s.TourGuideClientRewardsServiceImpl : Service - Distance calculated: 6490.208749321886
2021-11-27 20:34:21.100  INFO 530588 --- [nPool-worker-10] .t.t.s.TourGuideClientRewardsServiceImpl : Service - Distance calculated: 6278.719337294519
2021-11-27 20:34:21.100  INFO 530588 --- [nPool-worker-10] .t.t.s.TourGuideClientRewardsServiceImpl : Service - Distance calculated: 7265.689051301575
2021-11-27 20:34:21.100  INFO 530588 --- [nPool-worker-10] .t.t.s.TourGuideClientRewardsServiceImpl : Service - Distance calculated: 6796.268022727511
2021-11-27 20:34:21.100  INFO 530588 --- [nPool-worker-10] .t.t.s.TourGuideClientRewardsServiceImpl : Service - Distance calculated: 6576.645516315062
2021-11-27 20:34:21.100  INFO 530588 --- [nPool-worker-10] .t.t.s.TourGuideClientRewardsServiceImpl : Service - Distance calculated: 6597.726306841802
2021-11-27 20:34:21.100  INFO 530588 --- [nPool-worker-10] .t.t.s.TourGuideClientRewardsServiceImpl : Service - Distance calculated: 5820.148326401956
2021-11-27 20:34:21.099  INFO 530588 --- [onPool-worker-7] .t.t.s.TourGuideClientRewardsServiceImpl : Service - Distance calculated: 4935.501849455926
2021-11-27 20:34:21.100  INFO 530588 --- [nPool-worker-10] .t.t.s.TourGuideClientRewardsServiceImpl : Service - Distance calculated: 5490.08117677851
2021-11-27 20:34:21.100  INFO 530588 --- [nPool-worker-10] .t.t.s.TourGuideClientRewardsServiceImpl : Service - Distance calculated: 5945.310594417932
2021-11-27 20:34:21.100  INFO 530588 --- [onPool-worker-7] .t.t.s.TourGuideClientRewardsServiceImpl : Service - Distance calculated: 4940.1894701673355
2021-11-27 20:34:21.100  INFO 530588 --- [nPool-worker-10] .t.t.s.TourGuideClientRewardsServiceImpl : Service - Distance calculated: 5672.170677924745
2021-11-27 20:34:21.100  INFO 530588 --- [onPool-worker-7] .t.t.s.TourGuideClientRewardsServiceImpl : Service - Distance calculated: 4136.0128587431755
2021-11-27 20:34:21.100  INFO 530588 --- [nPool-worker-10] .t.t.s.TourGuideClientRewardsServiceImpl : Service - Distance calculated: 6214.812626135063
2021-11-27 20:34:21.100  INFO 530588 --- [onPool-worker-7] .t.t.s.TourGuideClientRewardsServiceImpl : Service - Distance calculated: 3951.2167654310447
2021-11-27 20:34:21.100  INFO 530588 --- [onPool-worker-7] .t.t.s.TourGuideClientRewardsServiceImpl : Service - Distance calculated: 4325.519708518561
2021-11-27 20:34:21.100  INFO 530588 --- [onPool-worker-7] .t.t.s.TourGuideClientRewardsServiceImpl : Service - Distance calculated: 4068.7841167451525
2021-11-27 20:34:21.100  INFO 530588 --- [onPool-worker-7] .t.t.s.TourGuideClientRewardsServiceImpl : Service - Distance calculated: 4582.383434997958
2021-11-27 20:34:21.100  INFO 530588 --- [onPool-worker-7] .t.t.s.TourGuideClientRewardsServiceImpl : Service - Distance calculated: 3992.595352862115
2021-11-27 20:34:21.099  INFO 530588 --- [nPool-worker-14] .t.t.s.TourGuideClientRewardsServiceImpl : Service - Distance calculated: 10270.998498627323
2021-11-27 20:34:21.099  INFO 530588 --- [nPool-worker-12] .t.t.s.TourGuideClientRewardsServiceImpl : Service - Distance calculated: 7512.5558118608915
2021-11-27 20:34:21.100  INFO 530588 --- [nPool-worker-14] .t.t.s.TourGuideClientRewardsServiceImpl : Service - Distance calculated: 9690.716731621147
2021-11-27 20:34:21.100  INFO 530588 --- [nPool-worker-12] .t.t.s.TourGuideClientRewardsServiceImpl : Service - Distance calculated: 7649.237583499708
2021-11-27 20:34:21.100  INFO 530588 --- [nPool-worker-14] .t.t.s.TourGuideClientRewardsServiceImpl : Service - Distance calculated: 10224.159424050893
2021-11-27 20:34:21.100  INFO 530588 --- [nPool-worker-12] .t.t.s.TourGuideClientRewardsServiceImpl : Service - Distance calculated: 7410.452625447946
2021-11-27 20:34:21.100  INFO 530588 --- [nPool-worker-14] .t.t.s.TourGuideClientRewardsServiceImpl : Service - Distance calculated: 10302.235933962404
2021-11-27 20:34:21.100  INFO 530588 --- [nPool-worker-12] .t.t.s.TourGuideClientRewardsServiceImpl : Service - Distance calculated: 7446.813834364791
2021-11-27 20:34:21.100  INFO 530588 --- [nPool-worker-14] .t.t.s.TourGuideClientRewardsServiceImpl : Service - Distance calculated: 10022.220629272217
2021-11-27 20:34:21.100  INFO 530588 --- [nPool-worker-12] .t.t.s.TourGuideClientRewardsServiceImpl : Service - Distance calculated: 6702.41468219374
2021-11-27 20:34:21.100  INFO 530588 --- [nPool-worker-14] .t.t.s.TourGuideClientRewardsServiceImpl : Service - Distance calculated: 10119.444233568871
2021-11-27 20:34:21.100  INFO 530588 --- [nPool-worker-12] .t.t.s.TourGuideClientRewardsServiceImpl : Service - Distance calculated: 6264.259732335756
2021-11-27 20:34:21.100  INFO 530588 --- [nPool-worker-14] .t.t.s.TourGuideClientRewardsServiceImpl : Service - Distance calculated: 10500.859082183735
2021-11-27 20:34:21.100  INFO 530588 --- [nPool-worker-12] .t.t.s.TourGuideClientRewardsServiceImpl : Service - Distance calculated: 6769.284171048025
2021-11-27 20:34:21.100  INFO 530588 --- [nPool-worker-14] .t.t.s.TourGuideClientRewardsServiceImpl : Service - Distance calculated: 9485.775206474174
2021-11-27 20:34:21.100  INFO 530588 --- [nPool-worker-12] .t.t.s.TourGuideClientRewardsServiceImpl : Service - Distance calculated: 6487.701264674291
2021-11-27 20:34:21.100  INFO 530588 --- [nPool-worker-14] .t.t.s.TourGuideClientRewardsServiceImpl : Service - Distance calculated: 9692.945584668822
2021-11-27 20:34:21.100  INFO 530588 --- [nPool-worker-12] .t.t.s.TourGuideClientRewardsServiceImpl : Service - Distance calculated: 7045.502954911969
2021-11-27 20:34:21.100  INFO 530588 --- [nPool-worker-14] .t.t.s.TourGuideClientRewardsServiceImpl : Service - Distance calculated: 7920.492600797287
2021-11-27 20:34:21.100  INFO 530588 --- [nPool-worker-12] .t.t.s.TourGuideClientRewardsServiceImpl : Service - Distance calculated: 6327.708166623459
2021-11-27 20:34:21.100  INFO 530588 --- [nPool-worker-12] .t.t.s.TourGuideClientRewardsServiceImpl : Service - Distance calculated: 5899.195303994498
2021-11-27 20:34:21.100  INFO 530588 --- [nPool-worker-12] .t.t.s.TourGuideClientRewardsServiceImpl : Service - Distance calculated: 6671.505523939953
2021-11-27 20:34:21.100  INFO 530588 --- [nPool-worker-12] .t.t.s.TourGuideClientRewardsServiceImpl : Service - Distance calculated: 7831.678499090414
2021-11-27 20:34:21.100  INFO 530588 --- [nPool-worker-12] .t.t.s.TourGuideClientRewardsServiceImpl : Service - Distance calculated: 6097.007879160334
2021-11-27 20:34:21.100  INFO 530588 --- [nPool-worker-12] .t.t.s.TourGuideClientRewardsServiceImpl : Service - Distance calculated: 6868.339181777111
2021-11-27 20:34:21.100  INFO 530588 --- [nPool-worker-12] .t.t.s.TourGuideClientRewardsServiceImpl : Service - Distance calculated: 7659.022865419679
2021-11-27 20:34:21.100  INFO 530588 --- [nPool-worker-12] .t.t.s.TourGuideClientRewardsServiceImpl : Service - Distance calculated: 6727.292328508142
2021-11-27 20:34:21.101  INFO 530588 --- [nPool-worker-12] .t.t.s.TourGuideClientRewardsServiceImpl : Service - Distance calculated: 3107.379745587875
2021-11-27 20:34:21.101  INFO 530588 --- [nPool-worker-12] .t.t.s.TourGuideClientRewardsServiceImpl : Service - Distance calculated: 3662.090543780196
2021-11-27 20:34:21.101  INFO 530588 --- [nPool-worker-12] .t.t.s.TourGuideClientRewardsServiceImpl : Service - Distance calculated: 3150.1026340772873
2021-11-27 20:34:21.101  INFO 530588 --- [nPool-worker-12] .t.t.s.TourGuideClientRewardsServiceImpl : Service - Distance calculated: 3073.6345322633483
2021-11-27 20:34:21.101  INFO 530588 --- [nPool-worker-12] .t.t.s.TourGuideClientRewardsServiceImpl : Service - Distance calculated: 3184.288703200536
2021-11-27 20:34:21.101  INFO 530588 --- [nPool-worker-12] .t.t.s.TourGuideClientRewardsServiceImpl : Service - Distance calculated: 3082.436761734252
2021-11-27 20:34:21.101  INFO 530588 --- [nPool-worker-12] .t.t.s.TourGuideClientRewardsServiceImpl : Service - Distance calculated: 2858.3682941283646
2021-11-27 20:34:21.101  INFO 530588 --- [nPool-worker-12] .t.t.s.TourGuideClientRewardsServiceImpl : Service - Distance calculated: 3637.737987783167
2021-11-27 20:34:21.101  INFO 530588 --- [nPool-worker-12] .t.t.s.TourGuideClientRewardsServiceImpl : Service - Distance calculated: 3424.095344426626
2021-11-27 20:34:21.101  INFO 530588 --- [nPool-worker-12] .t.t.s.TourGuideClientRewardsServiceImpl : Service - Distance calculated: 5457.763650026456
2021-11-27 20:34:21.101  INFO 530588 --- [nPool-worker-12] .t.t.s.TourGuideClientRewardsServiceImpl : Service - Distance calculated: 3913.368697164535
2021-11-27 20:34:21.101  INFO 530588 --- [nPool-worker-12] .t.t.s.TourGuideClientRewardsServiceImpl : Service - Distance calculated: 3709.1840977836005
2021-11-27 20:34:21.101  INFO 530588 --- [nPool-worker-12] .t.t.s.TourGuideClientRewardsServiceImpl : Service - Distance calculated: 3718.1328357967946
2021-11-27 20:34:21.101  INFO 530588 --- [nPool-worker-12] .t.t.s.TourGuideClientRewardsServiceImpl : Service - Distance calculated: 2930.0456730676583
2021-11-27 20:34:21.101  INFO 530588 --- [nPool-worker-12] .t.t.s.TourGuideClientRewardsServiceImpl : Service - Distance calculated: 2740.2810985586525
2021-11-27 20:34:21.101  INFO 530588 --- [nPool-worker-12] .t.t.s.TourGuideClientRewardsServiceImpl : Service - Distance calculated: 3096.970599191348
2021-11-27 20:34:21.101  INFO 530588 --- [nPool-worker-12] .t.t.s.TourGuideClientRewardsServiceImpl : Service - Distance calculated: 2841.362379753029
2021-11-27 20:34:21.101  INFO 530588 --- [nPool-worker-12] .t.t.s.TourGuideClientRewardsServiceImpl : Service - Distance calculated: 3354.540566128354
2021-11-27 20:34:21.101  INFO 530588 --- [nPool-worker-12] .t.t.s.TourGuideClientRewardsServiceImpl : Service - Distance calculated: 2776.662670947918
2021-11-27 20:34:21.101  INFO 530588 --- [nPool-worker-12] .t.t.s.TourGuideClientRewardsServiceImpl : Service - Distance calculated: 3021.8575975331682
2021-11-27 20:34:21.101  INFO 530588 --- [nPool-worker-12] .t.t.s.TourGuideClientRewardsServiceImpl : Service - Distance calculated: 2914.9513712588523
2021-11-27 20:34:21.101  INFO 530588 --- [nPool-worker-12] .t.t.s.TourGuideClientRewardsServiceImpl : Service - Distance calculated: 4089.4950591465777
2021-11-27 20:34:21.101  INFO 530588 --- [nPool-worker-12] .t.t.s.TourGuideClientRewardsServiceImpl : Service - Distance calculated: 2823.8601197980524
2021-11-27 20:34:21.101  INFO 530588 --- [nPool-worker-12] .t.t.s.TourGuideClientRewardsServiceImpl : Service - Distance calculated: 3365.3021120016165
2021-11-27 20:34:21.101  INFO 530588 --- [nPool-worker-12] .t.t.s.TourGuideClientRewardsServiceImpl : Service - Distance calculated: 3923.196988039887
2021-11-27 20:34:21.101  INFO 530588 --- [nPool-worker-12] .t.t.s.TourGuideClientRewardsServiceImpl : Service - Distance calculated: 2967.4748130261332
2021-11-27 20:34:21.101  INFO 530588 --- [nPool-worker-12] .t.t.s.TourGuideClientRewardsServiceImpl : Service - Distance calculated: 10942.25136288773
2021-11-27 20:34:21.101  INFO 530588 --- [nPool-worker-12] .t.t.s.TourGuideClientRewardsServiceImpl : Service - Distance calculated: 11245.629224111315
2021-11-27 20:34:21.101  INFO 530588 --- [nPool-worker-12] .t.t.s.TourGuideClientRewardsServiceImpl : Service - Distance calculated: 10959.255617601211
2021-11-27 20:34:21.101  INFO 530588 --- [nPool-worker-12] .t.t.s.TourGuideClientRewardsServiceImpl : Service - Distance calculated: 10894.02651460672
2021-11-27 20:34:21.101  INFO 530588 --- [nPool-worker-12] .t.t.s.TourGuideClientRewardsServiceImpl : Service - Distance calculated: 10180.004273451994
2021-11-27 20:34:21.101  INFO 530588 --- [nPool-worker-12] .t.t.s.TourGuideClientRewardsServiceImpl : Service - Distance calculated: 10121.31004703884
2021-11-27 20:34:21.101  INFO 530588 --- [nPool-worker-12] .t.t.s.TourGuideClientRewardsServiceImpl : Service - Distance calculated: 10610.558247137644
2021-11-27 20:34:21.101  INFO 530588 --- [nPool-worker-12] .t.t.s.TourGuideClientRewardsServiceImpl : Service - Distance calculated: 9924.224410471568
2021-11-27 20:34:21.101  INFO 530588 --- [nPool-worker-12] .t.t.s.TourGuideClientRewardsServiceImpl : Service - Distance calculated: 9872.632812131991
2021-11-27 20:34:21.101  INFO 530588 --- [nPool-worker-12] .t.t.s.TourGuideClientRewardsServiceImpl : Service - Distance calculated: 11552.553087478142
2021-11-27 20:34:21.101  INFO 530588 --- [nPool-worker-12] .t.t.s.TourGuideClientRewardsServiceImpl : Service - Distance calculated: 9604.9077493599
2021-11-27 20:34:21.101  INFO 530588 --- [nPool-worker-12] .t.t.s.TourGuideClientRewardsServiceImpl : Service - Distance calculated: 9799.35725338583
2021-11-27 20:34:21.101  INFO 530588 --- [nPool-worker-12] .t.t.s.TourGuideClientRewardsServiceImpl : Service - Distance calculated: 9653.002303820953
2021-11-27 20:34:21.101  INFO 530588 --- [nPool-worker-12] .t.t.s.TourGuideClientRewardsServiceImpl : Service - Distance calculated: 9212.028908082559
2021-11-27 20:34:21.101  INFO 530588 --- [nPool-worker-12] .t.t.s.TourGuideClientRewardsServiceImpl : Service - Distance calculated: 10087.216001605892
2021-11-27 20:34:21.101  INFO 530588 --- [nPool-worker-12] .t.t.s.TourGuideClientRewardsServiceImpl : Service - Distance calculated: 9833.935072413884
2021-11-27 20:34:21.101  INFO 530588 --- [nPool-worker-12] .t.t.s.TourGuideClientRewardsServiceImpl : Service - Distance calculated: 9840.795441149283
2021-11-27 20:34:21.101  INFO 530588 --- [nPool-worker-12] .t.t.s.TourGuideClientRewardsServiceImpl : Service - Distance calculated: 9813.08525837048
2021-11-27 20:34:21.102  INFO 530588 --- [nPool-worker-12] .t.t.s.TourGuideClientRewardsServiceImpl : Service - Distance calculated: 10051.95075644806
2021-11-27 20:34:21.102  INFO 530588 --- [nPool-worker-12] .t.t.s.TourGuideClientRewardsServiceImpl : Service - Distance calculated: 10855.617779843502
2021-11-27 20:34:21.102  INFO 530588 --- [nPool-worker-12] .t.t.s.TourGuideClientRewardsServiceImpl : Service - Distance calculated: 9366.090310733318
2021-11-27 20:34:21.102  INFO 530588 --- [nPool-worker-12] .t.t.s.TourGuideClientRewardsServiceImpl : Service - Distance calculated: 9548.939704150645
2021-11-27 20:34:21.102  INFO 530588 --- [nPool-worker-12] .t.t.s.TourGuideClientRewardsServiceImpl : Service - Distance calculated: 10480.3921369724
2021-11-27 20:34:21.102  INFO 530588 --- [nPool-worker-12] .t.t.s.TourGuideClientRewardsServiceImpl : Service - Distance calculated: 10391.022506552898
2021-11-27 20:34:21.102  INFO 530588 --- [nPool-worker-12] .t.t.s.TourGuideClientRewardsServiceImpl : Service - Distance calculated: 9604.70230765285
2021-11-27 20:34:21.102  INFO 530588 --- [nPool-worker-12] .t.t.s.TourGuideClientRewardsServiceImpl : Service - Distance calculated: 9350.369707108945
2021-11-27 20:34:21.102  INFO 530588 --- [nPool-worker-12] .t.t.s.TourGuideClientRewardsServiceImpl : Service - Distance calculated: 5.8950310023474215E-5
2021-11-27 20:34:21.103  INFO 530588 --- [nPool-worker-12] .t.t.s.TourGuideClientRewardsServiceImpl : Service - Distance calculated: 774.5207212649109
2021-11-27 20:34:21.103  INFO 530588 --- [nPool-worker-12] .t.t.s.TourGuideClientRewardsServiceImpl : Service - Distance calculated: 164.91310606753288
2021-11-27 20:34:21.103  INFO 530588 --- [nPool-worker-12] .t.t.s.TourGuideClientRewardsServiceImpl : Service - Distance calculated: 115.99464245531166
2021-11-27 20:34:21.103  INFO 530588 --- [nPool-worker-12] .t.t.s.TourGuideClientRewardsServiceImpl : Service - Distance calculated: 1428.8577204882306
2021-11-27 20:34:21.103  INFO 530588 --- [nPool-worker-12] .t.t.s.TourGuideClientRewardsServiceImpl : Service - Distance calculated: 1418.571827418631
2021-11-27 20:34:21.103  INFO 530588 --- [nPool-worker-12] .t.t.s.TourGuideClientRewardsServiceImpl : Service - Distance calculated: 460.11990361699293
2021-11-27 20:34:21.103  INFO 530588 --- [nPool-worker-12] .t.t.s.TourGuideClientRewardsServiceImpl : Service - Distance calculated: 1992.7911930022951
2021-11-27 20:34:21.103  INFO 530588 --- [nPool-worker-12] .t.t.s.TourGuideClientRewardsServiceImpl : Service - Distance calculated: 1906.7972782801585
2021-11-27 20:34:21.103  INFO 530588 --- [nPool-worker-12] .t.t.s.TourGuideClientRewardsServiceImpl : Service - Distance calculated: 2360.645624935619
2021-11-27 20:34:21.103  INFO 530588 --- [nPool-worker-12] .t.t.s.TourGuideClientRewardsServiceImpl : Service - Distance calculated: 2434.494471527265
2021-11-27 20:34:21.103  INFO 530588 --- [nPool-worker-12] .t.t.s.TourGuideClientRewardsServiceImpl : Service - Distance calculated: 2148.3967563579567
2021-11-27 20:34:21.103  INFO 530588 --- [nPool-worker-12] .t.t.s.TourGuideClientRewardsServiceImpl : Service - Distance calculated: 2282.746325565392
2021-11-27 20:34:21.103  INFO 530588 --- [nPool-worker-12] .t.t.s.TourGuideClientRewardsServiceImpl : Service - Distance calculated: 2289.4339721013357
2021-11-27 20:34:21.103  INFO 530588 --- [nPool-worker-12] .t.t.s.TourGuideClientRewardsServiceImpl : Service - Distance calculated: 1204.372289719331
2021-11-27 20:34:21.103  INFO 530588 --- [nPool-worker-12] .t.t.s.TourGuideClientRewardsServiceImpl : Service - Distance calculated: 1742.5694022642394
2021-11-27 20:34:21.103  INFO 530588 --- [nPool-worker-12] .t.t.s.TourGuideClientRewardsServiceImpl : Service - Distance calculated: 1576.7472428725728
2021-11-27 20:34:21.103  INFO 530588 --- [nPool-worker-12] .t.t.s.TourGuideClientRewardsServiceImpl : Service - Distance calculated: 1921.4807999190489
2021-11-27 20:34:21.103  INFO 530588 --- [nPool-worker-12] .t.t.s.TourGuideClientRewardsServiceImpl : Service - Distance calculated: 1277.6245433336508
2021-11-27 20:34:21.103  INFO 530588 --- [nPool-worker-12] .t.t.s.TourGuideClientRewardsServiceImpl : Service - Distance calculated: 87.03441722159666
2021-11-27 20:34:21.103  INFO 530588 --- [nPool-worker-12] .t.t.s.TourGuideClientRewardsServiceImpl : Service - Distance calculated: 2127.2478407793283
2021-11-27 20:34:21.103  INFO 530588 --- [nPool-worker-12] .t.t.s.TourGuideClientRewardsServiceImpl : Service - Distance calculated: 2578.910516018122
2021-11-27 20:34:21.103  INFO 530588 --- [nPool-worker-12] .t.t.s.TourGuideClientRewardsServiceImpl : Service - Distance calculated: 680.6158831369517
2021-11-27 20:34:21.103  INFO 530588 --- [nPool-worker-12] .t.t.s.TourGuideClientRewardsServiceImpl : Service - Distance calculated: 1344.090272349311
2021-11-27 20:34:21.103  INFO 530588 --- [nPool-worker-12] .t.t.s.TourGuideClientRewardsServiceImpl : Service - Distance calculated: 2440.177336041544
2021-11-27 20:34:21.103  INFO 530588 --- [nPool-worker-12] .t.t.s.TourGuideClientRewardsServiceImpl : Service - Distance calculated: 2168.830527042806
2021-11-27 20:34:21.103  INFO 530588 --- [nPool-worker-12] .t.t.s.TourGuideClientRewardsServiceImpl : Service - Calculate rewards points for user: internalUser83
2021-11-27 20:34:21.107  INFO 530588 --- [onPool-worker-8] .t.t.s.TourGuideClientRewardsServiceImpl : Service - Distance calculated: 7869.85977709483
2021-11-27 20:34:21.107  INFO 530588 --- [onPool-worker-8] .t.t.s.TourGuideClientRewardsServiceImpl : Service - Distance calculated: 7105.144842037797
2021-11-27 20:34:21.107  INFO 530588 --- [onPool-worker-8] .t.t.s.TourGuideClientRewardsServiceImpl : Service - Distance calculated: 7713.586989793687
2021-11-27 20:34:21.107  INFO 530588 --- [onPool-worker-8] .t.t.s.TourGuideClientRewardsServiceImpl : Service - Distance calculated: 7795.45479423908
2021-11-27 20:34:21.107  INFO 530588 --- [onPool-worker-8] .t.t.s.TourGuideClientRewardsServiceImpl : Service - Distance calculated: 6740.668658517826
2021-11-27 20:34:21.107  INFO 530588 --- [onPool-worker-8] .t.t.s.TourGuideClientRewardsServiceImpl : Service - Distance calculated: 6811.703491749247
2021-11-27 20:34:21.107  INFO 530588 --- [onPool-worker-8] .t.t.s.TourGuideClientRewardsServiceImpl : Service - Distance calculated: 7690.254982669989
2021-11-27 20:34:21.107  INFO 530588 --- [onPool-worker-8] .t.t.s.TourGuideClientRewardsServiceImpl : Service - Distance calculated: 6118.460608088529
2021-11-27 20:34:21.107  INFO 530588 --- [onPool-worker-8] .t.t.s.TourGuideClientRewardsServiceImpl : Service - Distance calculated: 6291.240642504675
2021-11-27 20:34:21.107  INFO 530588 --- [onPool-worker-8] .t.t.s.TourGuideClientRewardsServiceImpl : Service - Distance calculated: 6649.162874884075
2021-11-27 20:34:21.107  INFO 530588 --- [onPool-worker-8] .t.t.s.TourGuideClientRewardsServiceImpl : Service - Distance calculated: 5695.761300088239
2021-11-27 20:34:21.107  INFO 530588 --- [onPool-worker-8] .t.t.s.TourGuideClientRewardsServiceImpl : Service - Distance calculated: 5981.533773044772
2021-11-27 20:34:21.107  INFO 530588 --- [onPool-worker-8] .t.t.s.TourGuideClientRewardsServiceImpl : Service - Distance calculated: 5893.863590510381
2021-11-27 20:34:21.100  INFO 530588 --- [onPool-worker-1] .t.t.s.TourGuideClientRewardsServiceImpl : Service - Distance calculated: 1277.6245433336508
2021-11-27 20:34:21.100  INFO 530588 --- [nPool-worker-10] .t.t.s.TourGuideClientRewardsServiceImpl : Service - Distance calculated: 5545.405044379782
2021-11-27 20:34:21.107  INFO 530588 --- [nPool-worker-10] .t.t.s.TourGuideClientRewardsServiceImpl : Service - Distance calculated: 5303.483622336675
2021-11-27 20:34:21.107  INFO 530588 --- [nPool-worker-10] .t.t.s.TourGuideClientRewardsServiceImpl : Service - Distance calculated: 5802.5607960228845
2021-11-27 20:34:21.107  INFO 530588 --- [nPool-worker-10] .t.t.s.TourGuideClientRewardsServiceImpl : Service - Distance calculated: 6974.914532128091
2021-11-27 20:34:21.100  INFO 530588 --- [onPool-worker-7] .t.t.s.TourGuideClientRewardsServiceImpl : Service - Distance calculated: 4069.148334253192
2021-11-27 20:34:21.107  INFO 530588 --- [onPool-worker-7] .t.t.s.TourGuideClientRewardsServiceImpl : Service - Distance calculated: 4131.762263659001
2021-11-27 20:34:21.107  INFO 530588 --- [onPool-worker-7] .t.t.s.TourGuideClientRewardsServiceImpl : Service - Distance calculated: 5306.4309907028055
2021-11-27 20:34:21.100  INFO 530588 --- [nPool-worker-14] .t.t.s.TourGuideClientRewardsServiceImpl : Service - Distance calculated: 9138.187686965792
2021-11-27 20:34:21.107  INFO 530588 --- [nPool-worker-14] .t.t.s.TourGuideClientRewardsServiceImpl : Service - Distance calculated: 9385.185021353742
2021-11-27 20:34:21.107  INFO 530588 --- [nPool-worker-14] .t.t.s.TourGuideClientRewardsServiceImpl : Service - Distance calculated: 9342.167629708792
2021-11-27 20:34:21.107  INFO 530588 --- [nPool-worker-14] .t.t.s.TourGuideClientRewardsServiceImpl : Service - Distance calculated: 10013.671657535086
2021-11-27 20:34:21.107  INFO 530588 --- [nPool-worker-14] .t.t.s.TourGuideClientRewardsServiceImpl : Service - Distance calculated: 10499.539817156874
2021-11-27 20:34:21.107  INFO 530588 --- [nPool-worker-14] .t.t.s.TourGuideClientRewardsServiceImpl : Service - Distance calculated: 10027.049827717754
2021-11-27 20:34:21.107  INFO 530588 --- [nPool-worker-14] .t.t.s.TourGuideClientRewardsServiceImpl : Service - Distance calculated: 10308.196299916806
2021-11-27 20:34:21.107  INFO 530588 --- [nPool-worker-14] .t.t.s.TourGuideClientRewardsServiceImpl : Service - Distance calculated: 9750.240984388634
2021-11-27 20:34:21.107  INFO 530588 --- [nPool-worker-14] .t.t.s.TourGuideClientRewardsServiceImpl : Service - Distance calculated: 10446.208399745145
2021-11-27 20:34:21.107  INFO 530588 --- [nPool-worker-14] .t.t.s.TourGuideClientRewardsServiceImpl : Service - Distance calculated: 10356.271508146976
2021-11-27 20:34:21.107  INFO 530588 --- [nPool-worker-14] .t.t.s.TourGuideClientRewardsServiceImpl : Service - Distance calculated: 10079.296801775636
2021-11-27 20:34:21.102  INFO 530588 --- [onPool-worker-9] .t.t.s.TourGuideClientRewardsServiceImpl : Service - Distance calculated: 5103.303731976859
2021-11-27 20:34:21.102  INFO 530588 --- [onPool-worker-5] .t.t.s.TourGuideClientRewardsServiceImpl : Service - Distance calculated: 6333.828737809473
2021-11-27 20:34:21.107  INFO 530588 --- [onPool-worker-9] .t.t.s.TourGuideClientRewardsServiceImpl : Service - Distance calculated: 4385.131142138363
2021-11-27 20:34:21.107  INFO 530588 --- [onPool-worker-5] .t.t.s.TourGuideClientRewardsServiceImpl : Service - Distance calculated: 5785.50859389081
2021-11-27 20:34:21.107  INFO 530588 --- [onPool-worker-9] .t.t.s.TourGuideClientRewardsServiceImpl : Service - Distance calculated: 4939.638103190199
2021-11-27 20:34:21.107  INFO 530588 --- [onPool-worker-5] .t.t.s.TourGuideClientRewardsServiceImpl : Service - Distance calculated: 6175.797230472887
2021-11-27 20:34:21.107  INFO 530588 --- [onPool-worker-2] .t.t.s.TourGuideClientRewardsServiceImpl : Service - Distance calculated: 5710.456327965915
2021-11-27 20:34:21.108  INFO 530588 --- [onPool-worker-9] .t.t.s.TourGuideClientRewardsServiceImpl : Service - Distance calculated: 5012.844058694738
2021-11-27 20:34:21.107  INFO 530588 --- [onPool-worker-8] .t.t.s.TourGuideClientRewardsServiceImpl : Service - Distance calculated: 6422.221164393996
2021-11-27 20:34:21.108  INFO 530588 --- [onPool-worker-2] .t.t.s.TourGuideClientRewardsServiceImpl : Service - Distance calculated: 5077.985030297724
2021-11-27 20:34:21.107  INFO 530588 --- [nPool-worker-10] .t.t.s.TourGuideClientRewardsServiceImpl : Service - Distance calculated: 5396.768103248046
2021-11-27 20:34:21.108  INFO 530588 --- [onPool-worker-2] .t.t.s.TourGuideClientRewardsServiceImpl : Service - Distance calculated: 5635.734293567336
2021-11-27 20:34:21.108  INFO 530588 --- [onPool-worker-8] .t.t.s.TourGuideClientRewardsServiceImpl : Service - Distance calculated: 7204.943946660513
2021-11-27 20:34:21.108  INFO 530588 --- [nPool-worker-10] .t.t.s.TourGuideClientRewardsServiceImpl : Service - Distance calculated: 6112.381922701232
2021-11-27 20:34:21.108  INFO 530588 --- [onPool-worker-8] .t.t.s.TourGuideClientRewardsServiceImpl : Service - Distance calculated: 6597.681632311786
2021-11-27 20:34:21.107  INFO 530588 --- [onPool-worker-7] .t.t.s.TourGuideClientRewardsServiceImpl : Service - Distance calculated: 3979.110252633083
2021-11-27 20:34:21.107  INFO 530588 --- [nPool-worker-14] .t.t.s.TourGuideClientRewardsServiceImpl : Service - Distance calculated: 8954.001301459002
2021-11-27 20:34:21.108  INFO 530588 --- [onPool-worker-7] .t.t.s.TourGuideClientRewardsServiceImpl : Service - Distance calculated: 4579.511760446701
2021-11-27 20:34:21.108  INFO 530588 --- [onPool-worker-5] .t.t.s.TourGuideClientRewardsServiceImpl : Service - Distance calculated: 6221.769935602602
2021-11-27 20:34:21.108  INFO 530588 --- [onPool-worker-7] .t.t.s.TourGuideClientRewardsServiceImpl : Service - Distance calculated: 5142.722774370342
2021-11-27 20:34:21.108  INFO 530588 --- [onPool-worker-5] .t.t.s.TourGuideClientRewardsServiceImpl : Service - Distance calculated: 4909.624279376095
2021-11-27 20:34:21.108  INFO 530588 --- [onPool-worker-7] .t.t.s.TourGuideClientRewardsServiceImpl : Service - Distance calculated: 4182.427049065348
2021-11-27 20:34:21.108  INFO 530588 --- [onPool-worker-5] .t.t.s.TourGuideClientRewardsServiceImpl : Service - Distance calculated: 4932.258978707673
2021-11-27 20:34:21.108  INFO 530588 --- [onPool-worker-7] .t.t.s.TourGuideClientRewardsServiceImpl : Service - Distance calculated: 4810.609929376894
2021-11-27 20:34:21.108  INFO 530588 --- [onPool-worker-9] .t.t.s.TourGuideClientRewardsServiceImpl : Service - Distance calculated: 3869.6149575482136
2021-11-27 20:34:21.108  INFO 530588 --- [onPool-worker-7] .t.t.s.TourGuideClientRewardsServiceImpl : Service - Distance calculated: 5556.882196776462
2021-11-27 20:34:21.108  INFO 530588 --- [onPool-worker-2] .t.t.s.TourGuideClientRewardsServiceImpl : Service - Distance calculated: 5719.778327819582
2021-11-27 20:34:21.108  INFO 530588 --- [nPool-worker-10] .t.t.s.TourGuideClientRewardsServiceImpl : Service - Distance calculated: 6806.107820197582
2021-11-27 20:34:21.108  INFO 530588 --- [onPool-worker-8] .t.t.s.TourGuideClientRewardsServiceImpl : Service - Distance calculated: 6881.081263683333
2021-11-27 20:34:21.108  INFO 530588 --- [nPool-worker-10] .t.t.s.TourGuideClientRewardsServiceImpl : Service - Distance calculated: 5856.0417024141225
2021-11-27 20:34:21.108  INFO 530588 --- [onPool-worker-8] .t.t.s.TourGuideClientRewardsServiceImpl : Service - Distance calculated: 6323.97730817915
2021-11-27 20:34:21.108  INFO 530588 --- [onPool-worker-8] .t.t.s.TourGuideClientRewardsServiceImpl : Service - Distance calculated: 7125.067387094556
2021-11-27 20:34:21.108  INFO 530588 --- [onPool-worker-1] .t.t.s.TourGuideClientRewardsServiceImpl : Service - Distance calculated: 87.03441722159666
2021-11-27 20:34:21.108  INFO 530588 --- [nPool-worker-14] .t.t.s.TourGuideClientRewardsServiceImpl : Service - Distance calculated: 10510.505810852672
2021-11-27 20:34:21.108  INFO 530588 --- [onPool-worker-1] .t.t.s.TourGuideClientRewardsServiceImpl : Service - Distance calculated: 2127.2478407793283
2021-11-27 20:34:21.108  INFO 530588 --- [nPool-worker-14] .t.t.s.TourGuideClientRewardsServiceImpl : Service - Distance calculated: 9873.08878991368
2021-11-27 20:34:21.108  INFO 530588 --- [onPool-worker-5] .t.t.s.TourGuideClientRewardsServiceImpl : Service - Distance calculated: 5947.643877483852
2021-11-27 20:34:21.108  INFO 530588 --- [onPool-worker-7] .t.t.s.TourGuideClientRewardsServiceImpl : Service - Distance calculated: 4971.807482499546
2021-11-27 20:34:21.108  INFO 530588 --- [onPool-worker-5] .t.t.s.TourGuideClientRewardsServiceImpl : Service - Distance calculated: 4348.990304553279
2021-11-27 20:34:21.108  INFO 530588 --- [onPool-worker-7] .t.t.s.TourGuideClientRewardsServiceImpl : Service - Distance calculated: 4894.535081116689
2021-11-27 20:34:21.108  INFO 530588 --- [onPool-worker-5] .t.t.s.TourGuideClientRewardsServiceImpl : Service - Distance calculated: 4427.376134693177
2021-11-27 20:34:21.108  INFO 530588 --- [onPool-worker-7] .t.t.s.TourGuideClientRewardsServiceImpl : Service - Distance calculated: 6022.386403454516
2021-11-27 20:34:21.108  INFO 530588 --- [onPool-worker-5] .t.t.s.TourGuideClientRewardsServiceImpl : Service - Distance calculated: 6670.900171954314
2021-11-27 20:34:21.108  INFO 530588 --- [onPool-worker-7] .t.t.s.TourGuideClientRewardsServiceImpl : Service - Distance calculated: 5958.187363555063
2021-11-27 20:34:21.108  INFO 530588 --- [onPool-worker-5] .t.t.s.TourGuideClientRewardsServiceImpl : Service - Distance calculated: 3917.8947358103933
2021-11-27 20:34:21.108  INFO 530588 --- [onPool-worker-9] .t.t.s.TourGuideClientRewardsServiceImpl : Service - Distance calculated: 3937.0984704415264
2021-11-27 20:34:21.108  INFO 530588 --- [onPool-worker-5] .t.t.s.TourGuideClientRewardsServiceImpl : Service - Distance calculated: 4193.930278212218
2021-11-27 20:34:21.108  INFO 530588 --- [onPool-worker-2] .t.t.s.TourGuideClientRewardsServiceImpl : Service - Distance calculated: 5598.7078542860045
2021-11-27 20:34:21.108  INFO 530588 --- [nPool-worker-10] .t.t.s.TourGuideClientRewardsServiceImpl : Service - Distance calculated: 5.8950310023474215E-5
2021-11-27 20:34:21.108  INFO 530588 --- [onPool-worker-2] .t.t.s.TourGuideClientRewardsServiceImpl : Service - Distance calculated: 5700.703032718786
2021-11-27 20:34:21.108  INFO 530588 --- [onPool-worker-8] .t.t.s.TourGuideClientRewardsServiceImpl : Service - Distance calculated: 7902.2113400938215
2021-11-27 20:34:21.108  INFO 530588 --- [onPool-worker-2] .t.t.s.TourGuideClientRewardsServiceImpl : Service - Distance calculated: 5888.798990510366
2021-11-27 20:34:21.108  INFO 530588 --- [onPool-worker-8] .t.t.s.TourGuideClientRewardsServiceImpl : Service - Distance calculated: 6513.984492137853
2021-11-27 20:34:21.108  INFO 530588 --- [onPool-worker-1] .t.t.s.TourGuideClientRewardsServiceImpl : Service - Distance calculated: 2578.910516018122
2021-11-27 20:34:21.108  INFO 530588 --- [onPool-worker-8] .t.t.s.TourGuideClientRewardsServiceImpl : Service - Distance calculated: 5516.098641523159
2021-11-27 20:34:21.108  INFO 530588 --- [nPool-worker-14] .t.t.s.TourGuideClientRewardsServiceImpl : Service - Distance calculated: 9128.509612650858
2021-11-27 20:34:21.108  INFO 530588 --- [onPool-worker-1] .t.t.s.TourGuideClientRewardsServiceImpl : Service - Distance calculated: 680.6158831369517
2021-11-27 20:34:21.108  INFO 530588 --- [onPool-worker-7] .t.t.s.TourGuideClientRewardsServiceImpl : Service - Distance calculated: 5035.078036593585
2021-11-27 20:34:21.108  INFO 530588 --- [nPool-worker-14] .t.t.s.TourGuideClientRewardsServiceImpl : Service - Distance calculated: 10019.836285463376
2021-11-27 20:34:21.108  INFO 530588 --- [onPool-worker-7] .t.t.s.TourGuideClientRewardsServiceImpl : Service - Distance calculated: 6647.8668712494455
2021-11-27 20:34:21.108  INFO 530588 --- [nPool-worker-14] .t.t.s.TourGuideClientRewardsServiceImpl : Service - Distance calculated: 10443.262612864935
2021-11-27 20:34:21.108  INFO 530588 --- [onPool-worker-7] .t.t.s.TourGuideClientRewardsServiceImpl : Service - Distance calculated: 6486.7072258394555
2021-11-27 20:34:21.108  INFO 530588 --- [onPool-worker-9] .t.t.s.TourGuideClientRewardsServiceImpl : Service - Distance calculated: 4855.573599234158
2021-11-27 20:34:21.108  INFO 530588 --- [onPool-worker-7] .t.t.s.TourGuideClientRewardsServiceImpl : Service - Distance calculated: 5777.553117723223
2021-11-27 20:34:21.108  INFO 530588 --- [onPool-worker-9] .t.t.s.TourGuideClientRewardsServiceImpl : Service - Distance calculated: 3244.9216208807343
2021-11-27 20:34:21.108  INFO 530588 --- [onPool-worker-7] .t.t.s.TourGuideClientRewardsServiceImpl : Service - Distance calculated: 7081.504086538053
2021-11-27 20:34:21.108  INFO 530588 --- [onPool-worker-9] .t.t.s.TourGuideClientRewardsServiceImpl : Service - Distance calculated: 3413.5252559462906
2021-11-27 20:34:21.108  INFO 530588 --- [onPool-worker-7] .t.t.s.TourGuideClientRewardsServiceImpl : Service - Distance calculated: 6790.778012248514
2021-11-27 20:34:21.108  INFO 530588 --- [onPool-worker-5] .t.t.s.TourGuideClientRewardsServiceImpl : Service - Distance calculated: 4054.883533561093
2021-11-27 20:34:21.108  INFO 530588 --- [onPool-worker-7] .t.t.s.TourGuideClientRewardsServiceImpl : Service - Distance calculated: 6888.487916192165
2021-11-27 20:34:21.108  INFO 530588 --- [onPool-worker-1] .t.t.s.TourGuideClientRewardsServiceImpl : Service - Distance calculated: 1344.090272349311
2021-11-27 20:34:21.108  INFO 530588 --- [onPool-worker-7] .t.t.s.TourGuideClientRewardsServiceImpl : Service - Distance calculated: 6412.479408863989
2021-11-27 20:34:21.108  INFO 530588 --- [onPool-worker-5] .t.t.s.TourGuideClientRewardsServiceImpl : Service - Distance calculated: 4187.44598565395
2021-11-27 20:34:21.108  INFO 530588 --- [onPool-worker-2] .t.t.s.TourGuideClientRewardsServiceImpl : Service - Distance calculated: 5261.8359266015095
2021-11-27 20:34:21.108  INFO 530588 --- [onPool-worker-7] .t.t.s.TourGuideClientRewardsServiceImpl : Service - Distance calculated: 5573.065965312528
2021-11-27 20:34:21.108  INFO 530588 --- [onPool-worker-5] .t.t.s.TourGuideClientRewardsServiceImpl : Service - Distance calculated: 5234.460048551186
2021-11-27 20:34:21.108  INFO 530588 --- [onPool-worker-2] .t.t.s.TourGuideClientRewardsServiceImpl : Service - Distance calculated: 5467.036647876217
2021-11-27 20:34:21.108  INFO 530588 --- [onPool-worker-7] .t.t.s.TourGuideClientRewardsServiceImpl : Service - Distance calculated: 6192.586309401759
2021-11-27 20:34:21.108  INFO 530588 --- [onPool-worker-5] .t.t.s.TourGuideClientRewardsServiceImpl : Service - Distance calculated: 4622.282577684269
2021-11-27 20:34:21.108  INFO 530588 --- [onPool-worker-2] .t.t.s.TourGuideClientRewardsServiceImpl : Service - Distance calculated: 3519.088330130421
2021-11-27 20:34:21.108  INFO 530588 --- [onPool-worker-7] .t.t.s.TourGuideClientRewardsServiceImpl : Service - Distance calculated: 5914.159139179207
2021-11-27 20:34:21.108  INFO 530588 --- [onPool-worker-5] .t.t.s.TourGuideClientRewardsServiceImpl : Service - Distance calculated: 4845.590885066046
2021-11-27 20:34:21.108  INFO 530588 --- [onPool-worker-7] .t.t.s.TourGuideClientRewardsServiceImpl : Service - Distance calculated: 6460.432496653064
2021-11-27 20:34:21.108  INFO 530588 --- [onPool-worker-8] .t.t.s.TourGuideClientRewardsServiceImpl : Service - Distance calculated: 7531.615906357116
2021-11-27 20:34:21.108  INFO 530588 --- [onPool-worker-7] .t.t.s.TourGuideClientRewardsServiceImpl : Service - Distance calculated: 5655.39068396138
2021-11-27 20:34:21.108  INFO 530588 --- [onPool-worker-8] .t.t.s.TourGuideClientRewardsServiceImpl : Service - Distance calculated: 6697.853651080133
2021-11-27 20:34:21.108  INFO 530588 --- [onPool-worker-7] .t.t.s.TourGuideClientRewardsServiceImpl : Service - Distance calculated: 4787.587025434659
2021-11-27 20:34:21.108  INFO 530588 --- [onPool-worker-8] .t.t.s.TourGuideClientRewardsServiceImpl : Service - Distance calculated: 5687.115045113093
2021-11-27 20:34:21.108  INFO 530588 --- [onPool-worker-7] .t.t.s.TourGuideClientRewardsServiceImpl : Service - Distance calculated: 6311.514453941543
2021-11-27 20:34:21.108  INFO 530588 --- [onPool-worker-8] .t.t.s.TourGuideClientRewardsServiceImpl : Service - Distance calculated: 6453.097569052995
2021-11-27 20:34:21.108  INFO 530588 --- [nPool-worker-14] .t.t.s.TourGuideClientRewardsServiceImpl : Service - Distance calculated: 11193.897693574027
2021-11-27 20:34:21.108  INFO 530588 --- [onPool-worker-8] .t.t.s.TourGuideClientRewardsServiceImpl : Service - Distance calculated: 9618.500819231751
2021-11-27 20:34:21.108  INFO 530588 --- [onPool-worker-9] .t.t.s.TourGuideClientRewardsServiceImpl : Service - Distance calculated: 4743.000684590636
2021-11-27 20:34:21.108  INFO 530588 --- [onPool-worker-8] .t.t.s.TourGuideClientRewardsServiceImpl : Service - Distance calculated: 8921.220326952098
2021-11-27 20:34:21.108  INFO 530588 --- [onPool-worker-1] .t.t.s.TourGuideClientRewardsServiceImpl : Service - Distance calculated: 2440.177336041544
2021-11-27 20:34:21.109  INFO 530588 --- [onPool-worker-9] .t.t.s.TourGuideClientRewardsServiceImpl : Service - Distance calculated: 2817.829148912334
2021-11-27 20:34:21.109  INFO 530588 --- [onPool-worker-9] .t.t.s.TourGuideClientRewardsServiceImpl : Service - Distance calculated: 3105.179355337721
2021-11-27 20:34:21.109  INFO 530588 --- [onPool-worker-1] .t.t.s.TourGuideClientRewardsServiceImpl : Service - Distance calculated: 2168.830527042806
2021-11-27 20:34:21.109  INFO 530588 --- [onPool-worker-9] .t.t.s.TourGuideClientRewardsServiceImpl : Service - Distance calculated: 3015.4459466200406
2021-11-27 20:34:21.109  INFO 530588 --- [onPool-worker-1] .t.t.s.TourGuideClientRewardsServiceImpl : Service - Calculate rewards points for user: internalUser71
2021-11-27 20:34:21.109  INFO 530588 --- [onPool-worker-9] .t.t.s.TourGuideClientRewardsServiceImpl : Service - Distance calculated: 3589.196967345799
2021-11-27 20:34:21.108  INFO 530588 --- [nPool-worker-10] .t.t.s.TourGuideClientRewardsServiceImpl : Service - Distance calculated: 774.5207212649109
2021-11-27 20:34:21.108  INFO 530588 --- [onPool-worker-2] .t.t.s.TourGuideClientRewardsServiceImpl : Service - Distance calculated: 5122.211064196447
2021-11-27 20:34:21.109  INFO 530588 --- [nPool-worker-10] .t.t.s.TourGuideClientRewardsServiceImpl : Service - Distance calculated: 164.91310606753288
2021-11-27 20:34:21.109  INFO 530588 --- [onPool-worker-2] .t.t.s.TourGuideClientRewardsServiceImpl : Service - Distance calculated: 5237.395120213487
2021-11-27 20:34:21.109  INFO 530588 --- [onPool-worker-2] .t.t.s.TourGuideClientRewardsServiceImpl : Service - Distance calculated: 5280.633105624025
2021-11-27 20:34:21.108  INFO 530588 --- [onPool-worker-5] .t.t.s.TourGuideClientRewardsServiceImpl : Service - Distance calculated: 4416.302345828777
2021-11-27 20:34:21.109  INFO 530588 --- [onPool-worker-2] .t.t.s.TourGuideClientRewardsServiceImpl : Service - Distance calculated: 6128.530345018861
2021-11-27 20:34:21.108  INFO 530588 --- [onPool-worker-7] .t.t.s.TourGuideClientRewardsServiceImpl : Service - Distance calculated: 7256.667734729173
2021-11-27 20:34:21.109  INFO 530588 --- [onPool-worker-2] .t.t.s.TourGuideClientRewardsServiceImpl : Service - Distance calculated: 6007.5705749544395
2021-11-27 20:34:21.108  INFO 530588 --- [nPool-worker-14] .t.t.s.TourGuideClientRewardsServiceImpl : Service - Distance calculated: 10567.568862920125
2021-11-27 20:34:21.109  INFO 530588 --- [onPool-worker-7] .t.t.s.TourGuideClientRewardsServiceImpl : Service - Distance calculated: 5209.561920057089
2021-11-27 20:34:21.109  INFO 530588 --- [nPool-worker-14] .t.t.s.TourGuideClientRewardsServiceImpl : Service - Distance calculated: 10477.793422478368
2021-11-27 20:34:21.109  INFO 530588 --- [onPool-worker-8] .t.t.s.TourGuideClientRewardsServiceImpl : Service - Distance calculated: 9525.108717653664
2021-11-27 20:34:21.109  INFO 530588 --- [nPool-worker-14] .t.t.s.TourGuideClientRewardsServiceImpl : Service - Distance calculated: 10672.573400571015
2021-11-27 20:34:21.109  INFO 530588 --- [onPool-worker-8] .t.t.s.TourGuideClientRewardsServiceImpl : Service - Distance calculated: 9612.935353772855
2021-11-27 20:34:21.109  INFO 530588 --- [onPool-worker-9] .t.t.s.TourGuideClientRewardsServiceImpl : Service - Distance calculated: 4327.825005843371
2021-11-27 20:34:21.109  INFO 530588 --- [onPool-worker-8] .t.t.s.TourGuideClientRewardsServiceImpl : Service - Distance calculated: 9068.857752284874
2021-11-27 20:34:21.109  INFO 530588 --- [nPool-worker-10] .t.t.s.TourGuideClientRewardsServiceImpl : Service - Distance calculated: 115.99464245531166
2021-11-27 20:34:21.109  INFO 530588 --- [onPool-worker-8] .t.t.s.TourGuideClientRewardsServiceImpl : Service - Distance calculated: 9162.022977354989
2021-11-27 20:34:21.109  INFO 530588 --- [onPool-worker-5] .t.t.s.TourGuideClientRewardsServiceImpl : Service - Distance calculated: 5149.358551894392
2021-11-27 20:34:21.109  INFO 530588 --- [nPool-worker-10] .t.t.s.TourGuideClientRewardsServiceImpl : Service - Distance calculated: 1428.8577204882306
2021-11-27 20:34:21.109  INFO 530588 --- [onPool-worker-2] .t.t.s.TourGuideClientRewardsServiceImpl : Service - Distance calculated: 5761.104171114061
2021-11-27 20:34:21.109  INFO 530588 --- [nPool-worker-10] .t.t.s.TourGuideClientRewardsServiceImpl : Service - Distance calculated: 1418.571827418631
2021-11-27 20:34:21.109  INFO 530588 --- [onPool-worker-2] .t.t.s.TourGuideClientRewardsServiceImpl : Service - Distance calculated: 5974.869398199681
2021-11-27 20:34:21.109  INFO 530588 --- [nPool-worker-10] .t.t.s.TourGuideClientRewardsServiceImpl : Service - Distance calculated: 460.11990361699293
2021-11-27 20:34:21.109  INFO 530588 --- [onPool-worker-7] .t.t.s.TourGuideClientRewardsServiceImpl : Service - Distance calculated: 6044.203117433948
2021-11-27 20:34:21.109  INFO 530588 --- [nPool-worker-10] .t.t.s.TourGuideClientRewardsServiceImpl : Service - Distance calculated: 1992.7911930022951
2021-11-27 20:34:21.109  INFO 530588 --- [nPool-worker-14] .t.t.s.TourGuideClientRewardsServiceImpl : Service - Distance calculated: 10576.001515896542
2021-11-27 20:34:21.109  INFO 530588 --- [nPool-worker-10] .t.t.s.TourGuideClientRewardsServiceImpl : Service - Distance calculated: 1906.7972782801585
2021-11-27 20:34:21.109  INFO 530588 --- [nPool-worker-14] .t.t.s.TourGuideClientRewardsServiceImpl : Service - Distance calculated: 10401.626813866398
2021-11-27 20:34:21.109  INFO 530588 --- [onPool-worker-9] .t.t.s.TourGuideClientRewardsServiceImpl : Service - Distance calculated: 3719.541310588483
2021-11-27 20:34:21.109  INFO 530588 --- [nPool-worker-14] .t.t.s.TourGuideClientRewardsServiceImpl : Service - Distance calculated: 10765.853640075842
2021-11-27 20:34:21.109  INFO 530588 --- [onPool-worker-8] .t.t.s.TourGuideClientRewardsServiceImpl : Service - Distance calculated: 9716.778800564678
2021-11-27 20:34:21.109  INFO 530588 --- [nPool-worker-14] .t.t.s.TourGuideClientRewardsServiceImpl : Service - Distance calculated: 10619.941540314425
2021-11-27 20:34:21.109  INFO 530588 --- [onPool-worker-5] .t.t.s.TourGuideClientRewardsServiceImpl : Service - Distance calculated: 6313.74246971184
2021-11-27 20:34:21.109  INFO 530588 --- [onPool-worker-8] .t.t.s.TourGuideClientRewardsServiceImpl : Service - Distance calculated: 8507.257603717973
2021-11-27 20:34:21.109  INFO 530588 --- [onPool-worker-2] .t.t.s.TourGuideClientRewardsServiceImpl : Service - Distance calculated: 5546.206230053237
2021-11-27 20:34:21.109  INFO 530588 --- [onPool-worker-5] .t.t.s.TourGuideClientRewardsServiceImpl : Service - Distance calculated: 4329.836039406235
2021-11-27 20:34:21.109  INFO 530588 --- [onPool-worker-8] .t.t.s.TourGuideClientRewardsServiceImpl : Service - Distance calculated: 8710.956840184588
2021-11-27 20:34:21.109  INFO 530588 --- [onPool-worker-7] .t.t.s.TourGuideClientRewardsServiceImpl : Service - Distance calculated: 7089.707668899196
2021-11-27 20:34:21.109  INFO 530588 --- [onPool-worker-8] .t.t.s.TourGuideClientRewardsServiceImpl : Service - Distance calculated: 7410.4940895697355
2021-11-27 20:34:21.109  INFO 530588 --- [onPool-worker-7] .t.t.s.TourGuideClientRewardsServiceImpl : Service - Distance calculated: 6372.291089775375
2021-11-27 20:34:21.109  INFO 530588 --- [onPool-worker-8] .t.t.s.TourGuideClientRewardsServiceImpl : Service - Distance calculated: 8147.372926291401
2021-11-27 20:34:21.109  INFO 530588 --- [nPool-worker-10] .t.t.s.TourGuideClientRewardsServiceImpl : Service - Distance calculated: 2360.645624935619
2021-11-27 20:34:21.109  INFO 530588 --- [onPool-worker-8] .t.t.s.TourGuideClientRewardsServiceImpl : Service - Distance calculated: 8400.360731216751
2021-11-27 20:34:21.109  INFO 530588 --- [onPool-worker-7] .t.t.s.TourGuideClientRewardsServiceImpl : Service - Distance calculated: 5.8950310023474215E-5
2021-11-27 20:34:21.109  INFO 530588 --- [onPool-worker-8] .t.t.s.TourGuideClientRewardsServiceImpl : Service - Distance calculated: 8351.68164055855
2021-11-27 20:34:21.109  INFO 530588 --- [onPool-worker-8] .t.t.s.TourGuideClientRewardsServiceImpl : Service - Distance calculated: 9021.396343465936
2021-11-27 20:34:21.109  INFO 530588 --- [onPool-worker-8] .t.t.s.TourGuideClientRewardsServiceImpl : Service - Distance calculated: 9554.744203996415
2021-11-27 20:34:21.109  INFO 530588 --- [onPool-worker-8] .t.t.s.TourGuideClientRewardsServiceImpl : Service - Distance calculated: 9043.729577821681
2021-11-27 20:34:21.109  INFO 530588 --- [onPool-worker-8] .t.t.s.TourGuideClientRewardsServiceImpl : Service - Distance calculated: 9328.278960306296
2021-11-27 20:34:21.109  INFO 530588 --- [onPool-worker-8] .t.t.s.TourGuideClientRewardsServiceImpl : Service - Distance calculated: 8765.018903896904
2021-11-27 20:34:21.109  INFO 530588 --- [onPool-worker-8] .t.t.s.TourGuideClientRewardsServiceImpl : Service - Distance calculated: 9492.885966120044
2021-11-27 20:34:21.109  INFO 530588 --- [onPool-worker-8] .t.t.s.TourGuideClientRewardsServiceImpl : Service - Distance calculated: 9693.53121178758
2021-11-27 20:34:21.109  INFO 530588 --- [onPool-worker-8] .t.t.s.TourGuideClientRewardsServiceImpl : Service - Distance calculated: 9084.010557016214
2021-11-27 20:34:21.109  INFO 530588 --- [onPool-worker-8] .t.t.s.TourGuideClientRewardsServiceImpl : Service - Distance calculated: 7962.837957810544
2021-11-27 20:34:21.109  INFO 530588 --- [onPool-worker-8] .t.t.s.TourGuideClientRewardsServiceImpl : Service - Distance calculated: 9666.340225021633
2021-11-27 20:34:21.109  INFO 530588 --- [onPool-worker-8] .t.t.s.TourGuideClientRewardsServiceImpl : Service - Distance calculated: 8941.84667999804
2021-11-27 20:34:21.109  INFO 530588 --- [onPool-worker-9] .t.t.s.TourGuideClientRewardsServiceImpl : Service - Distance calculated: 4003.6799753225414
2021-11-27 20:34:21.109  INFO 530588 --- [onPool-worker-9] .t.t.s.TourGuideClientRewardsServiceImpl : Service - Distance calculated: 3445.545900418861
2021-11-27 20:34:21.109  INFO 530588 --- [onPool-worker-9] .t.t.s.TourGuideClientRewardsServiceImpl : Service - Distance calculated: 4247.341303842349
2021-11-27 20:34:21.109  INFO 530588 --- [onPool-worker-9] .t.t.s.TourGuideClientRewardsServiceImpl : Service - Distance calculated: 5119.127883088291
2021-11-27 20:34:21.109  INFO 530588 --- [nPool-worker-14] .t.t.s.TourGuideClientRewardsServiceImpl : Service - Distance calculated: 10864.611899268124
2021-11-27 20:34:21.109  INFO 530588 --- [onPool-worker-9] .t.t.s.TourGuideClientRewardsServiceImpl : Service - Distance calculated: 3663.541705151919
2021-11-27 20:34:21.109  INFO 530588 --- [onPool-worker-2] .t.t.s.TourGuideClientRewardsServiceImpl : Service - Distance calculated: 5981.675954087289
2021-11-27 20:34:21.109  INFO 530588 --- [nPool-worker-14] .t.t.s.TourGuideClientRewardsServiceImpl : Service - Distance calculated: 10608.203814644421
2021-11-27 20:34:21.109  INFO 530588 --- [nPool-worker-14] .t.t.s.TourGuideClientRewardsServiceImpl : Service - Distance calculated: 10697.54294660179
2021-11-27 20:34:21.109  INFO 530588 --- [nPool-worker-14] .t.t.s.TourGuideClientRewardsServiceImpl : Service - Distance calculated: 10575.858340107683
2021-11-27 20:34:21.109  INFO 530588 --- [nPool-worker-14] .t.t.s.TourGuideClientRewardsServiceImpl : Service - Distance calculated: 9876.13684714287
2021-11-27 20:34:21.109  INFO 530588 --- [nPool-worker-14] .t.t.s.TourGuideClientRewardsServiceImpl : Service - Distance calculated: 10318.804161169364
2021-11-27 20:34:21.110  INFO 530588 --- [nPool-worker-14] .t.t.s.TourGuideClientRewardsServiceImpl : Service - Distance calculated: 10419.938816980628
2021-11-27 20:34:21.110  INFO 530588 --- [nPool-worker-14] .t.t.s.TourGuideClientRewardsServiceImpl : Service - Distance calculated: 10277.609222948624
2021-11-27 20:34:21.110  INFO 530588 --- [nPool-worker-14] .t.t.s.TourGuideClientRewardsServiceImpl : Service - Distance calculated: 10540.70064545566
2021-11-27 20:34:21.110  INFO 530588 --- [nPool-worker-14] .t.t.s.TourGuideClientRewardsServiceImpl : Service - Distance calculated: 10334.096191361958
2021-11-27 20:34:21.109  INFO 530588 --- [onPool-worker-5] .t.t.s.TourGuideClientRewardsServiceImpl : Service - Distance calculated: 3795.2480899219445
2021-11-27 20:34:21.110  INFO 530588 --- [nPool-worker-14] .t.t.s.TourGuideClientRewardsServiceImpl : Service - Distance calculated: 10383.094371512416
2021-11-27 20:34:21.109  INFO 530588 --- [nPool-worker-10] .t.t.s.TourGuideClientRewardsServiceImpl : Service - Distance calculated: 2434.494471527265
2021-11-27 20:34:21.109  INFO 530588 --- [onPool-worker-8] .t.t.s.TourGuideClientRewardsServiceImpl : Service - Distance calculated: 8137.753083996755
2021-11-27 20:34:21.109  INFO 530588 --- [onPool-worker-7] .t.t.s.TourGuideClientRewardsServiceImpl : Service - Distance calculated: 774.5207212649109
2021-11-27 20:34:21.110  INFO 530588 --- [onPool-worker-8] .t.t.s.TourGuideClientRewardsServiceImpl : Service - Distance calculated: 9024.682801056822
2021-11-27 20:34:21.109  INFO 530588 --- [onPool-worker-9] .t.t.s.TourGuideClientRewardsServiceImpl : Service - Distance calculated: 2639.1794682654468
2021-11-27 20:34:21.110  INFO 530588 --- [onPool-worker-7] .t.t.s.TourGuideClientRewardsServiceImpl : Service - Distance calculated: 164.91310606753288
2021-11-27 20:34:21.110  INFO 530588 --- [onPool-worker-9] .t.t.s.TourGuideClientRewardsServiceImpl : Service - Distance calculated: 4679.106752269723
2021-11-27 20:34:21.109  INFO 530588 --- [onPool-worker-2] .t.t.s.TourGuideClientRewardsServiceImpl : Service - Distance calculated: 5790.110879945554
2021-11-27 20:34:21.110  INFO 530588 --- [onPool-worker-9] .t.t.s.TourGuideClientRewardsServiceImpl : Service - Distance calculated: 3844.5943277284105
2021-11-27 20:34:21.110  INFO 530588 --- [onPool-worker-2] .t.t.s.TourGuideClientRewardsServiceImpl : Service - Distance calculated: 6075.647642470097
2021-11-27 20:34:21.110  INFO 530588 --- [onPool-worker-9] .t.t.s.TourGuideClientRewardsServiceImpl : Service - Distance calculated: 2809.26296230304
2021-11-27 20:34:21.110  INFO 530588 --- [onPool-worker-2] .t.t.s.TourGuideClientRewardsServiceImpl : Service - Distance calculated: 4981.930823209877
2021-11-27 20:34:21.110  INFO 530588 --- [onPool-worker-9] .t.t.s.TourGuideClientRewardsServiceImpl : Service - Distance calculated: 3603.085607165587
2021-11-27 20:34:21.110  INFO 530588 --- [onPool-worker-2] .t.t.s.TourGuideClientRewardsServiceImpl : Service - Distance calculated: 5905.099454211143
2021-11-27 20:34:21.110  INFO 530588 --- [onPool-worker-9] .t.t.s.TourGuideClientRewardsServiceImpl : Service - Distance calculated: 8504.858929756287
2021-11-27 20:34:21.110  INFO 530588 --- [onPool-worker-2] .t.t.s.TourGuideClientRewardsServiceImpl : Service - Distance calculated: 5397.212027664198
2021-11-27 20:34:21.110  INFO 530588 --- [onPool-worker-9] .t.t.s.TourGuideClientRewardsServiceImpl : Service - Distance calculated: 8490.239252747437
2021-11-27 20:34:21.110  INFO 530588 --- [onPool-worker-2] .t.t.s.TourGuideClientRewardsServiceImpl : Service - Distance calculated: 5113.314738804589
2021-11-27 20:34:21.110  INFO 530588 --- [nPool-worker-14] .t.t.s.TourGuideClientRewardsServiceImpl : Service - Distance calculated: 9992.783178444219
2021-11-27 20:34:21.110  INFO 530588 --- [onPool-worker-2] .t.t.s.TourGuideClientRewardsServiceImpl : Service - Distance calculated: 6039.397101442614
2021-11-27 20:34:21.110  INFO 530588 --- [nPool-worker-14] .t.t.s.TourGuideClientRewardsServiceImpl : Service - Distance calculated: 10616.501793837582
2021-11-27 20:34:21.110  INFO 530588 --- [onPool-worker-2] .t.t.s.TourGuideClientRewardsServiceImpl : Service - Distance calculated: 7059.860367447499
2021-11-27 20:34:21.110  INFO 530588 --- [nPool-worker-14] .t.t.s.TourGuideClientRewardsServiceImpl : Service - Distance calculated: 10421.828191419589
2021-11-27 20:34:21.110  INFO 530588 --- [onPool-worker-2] .t.t.s.TourGuideClientRewardsServiceImpl : Service - Distance calculated: 7033.654367828417
2021-11-27 20:34:21.110  INFO 530588 --- [nPool-worker-14] .t.t.s.TourGuideClientRewardsServiceImpl : Service - Distance calculated: 10895.277341109057
2021-11-27 20:34:21.110  INFO 530588 --- [onPool-worker-2] .t.t.s.TourGuideClientRewardsServiceImpl : Service - Distance calculated: 6979.4005199954745
2021-11-27 20:34:21.110  INFO 530588 --- [onPool-worker-5] .t.t.s.TourGuideClientRewardsServiceImpl : Service - Distance calculated: 5725.2869403811
2021-11-27 20:34:21.110  INFO 530588 --- [onPool-worker-2] .t.t.s.TourGuideClientRewardsServiceImpl : Service - Distance calculated: 6958.746892583998
2021-11-27 20:34:21.110  INFO 530588 --- [nPool-worker-10] .t.t.s.TourGuideClientRewardsServiceImpl : Service - Distance calculated: 2148.3967563579567
2021-11-27 20:34:21.110  INFO 530588 --- [onPool-worker-5] .t.t.s.TourGuideClientRewardsServiceImpl : Service - Distance calculated: 4993.979902406273
2021-11-27 20:34:21.110  INFO 530588 --- [onPool-worker-8] .t.t.s.TourGuideClientRewardsServiceImpl : Service - Distance calculated: 6450.921019947267
2021-11-27 20:34:21.110  INFO 530588 --- [onPool-worker-5] .t.t.s.TourGuideClientRewardsServiceImpl : Service - Distance calculated: 3913.402939906117
2021-11-27 20:34:21.110  INFO 530588 --- [onPool-worker-7] .t.t.s.TourGuideClientRewardsServiceImpl : Service - Distance calculated: 115.99464245531166
2021-11-27 20:34:21.110  INFO 530588 --- [onPool-worker-5] .t.t.s.TourGuideClientRewardsServiceImpl : Service - Distance calculated: 4275.2282575382105
2021-11-27 20:34:21.110  INFO 530588 --- [onPool-worker-7] .t.t.s.TourGuideClientRewardsServiceImpl : Service - Distance calculated: 1428.8577204882306
2021-11-27 20:34:21.110  INFO 530588 --- [onPool-worker-9] .t.t.s.TourGuideClientRewardsServiceImpl : Service - Distance calculated: 8431.652739151874
2021-11-27 20:34:21.110  INFO 530588 --- [onPool-worker-7] .t.t.s.TourGuideClientRewardsServiceImpl : Service - Distance calculated: 1418.571827418631
2021-11-27 20:34:21.110  INFO 530588 --- [onPool-worker-9] .t.t.s.TourGuideClientRewardsServiceImpl : Service - Distance calculated: 8406.985268943494
2021-11-27 20:34:21.110  INFO 530588 --- [nPool-worker-14] .t.t.s.TourGuideClientRewardsServiceImpl : Service - Distance calculated: 10611.601373768675
2021-11-27 20:34:21.110  INFO 530588 --- [onPool-worker-9] .t.t.s.TourGuideClientRewardsServiceImpl : Service - Distance calculated: 7403.804548057149
2021-11-27 20:34:21.110  INFO 530588 --- [nPool-worker-14] .t.t.s.TourGuideClientRewardsServiceImpl : Service - Distance calculated: 10003.824262231283
2021-11-27 20:34:21.110  INFO 530588 --- [onPool-worker-2] .t.t.s.TourGuideClientRewardsServiceImpl : Service - Distance calculated: 5950.275412933173
2021-11-27 20:34:21.110  INFO 530588 --- [nPool-worker-14] .t.t.s.TourGuideClientRewardsServiceImpl : Service - Distance calculated: 8747.59474600637
2021-11-27 20:34:21.110  INFO 530588 --- [nPool-worker-10] .t.t.s.TourGuideClientRewardsServiceImpl : Service - Distance calculated: 2282.746325565392
2021-11-27 20:34:21.110  INFO 530588 --- [nPool-worker-14] .t.t.s.TourGuideClientRewardsServiceImpl : Service - Distance calculated: 9477.40905168805
2021-11-27 20:34:21.110  INFO 530588 --- [nPool-worker-10] .t.t.s.TourGuideClientRewardsServiceImpl : Service - Distance calculated: 2289.4339721013357
2021-11-27 20:34:21.110  INFO 530588 --- [nPool-worker-10] .t.t.s.TourGuideClientRewardsServiceImpl : Service - Distance calculated: 1204.372289719331
2021-11-27 20:34:21.110  INFO 530588 --- [nPool-worker-10] .t.t.s.TourGuideClientRewardsServiceImpl : Service - Distance calculated: 1742.5694022642394
2021-11-27 20:34:21.110  INFO 530588 --- [onPool-worker-8] .t.t.s.TourGuideClientRewardsServiceImpl : Service - Distance calculated: 6842.376337012012
2021-11-27 20:34:21.110  INFO 530588 --- [onPool-worker-5] .t.t.s.TourGuideClientRewardsServiceImpl : Service - Distance calculated: 6685.648646036432
2021-11-27 20:34:21.110  INFO 530588 --- [onPool-worker-8] .t.t.s.TourGuideClientRewardsServiceImpl : Service - Distance calculated: 6592.30703380725
2021-11-27 20:34:21.110  INFO 530588 --- [onPool-worker-5] .t.t.s.TourGuideClientRewardsServiceImpl : Service - Distance calculated: 6308.016421250842
2021-11-27 20:34:21.110  INFO 530588 --- [onPool-worker-8] .t.t.s.TourGuideClientRewardsServiceImpl : Service - Distance calculated: 6566.908139553869
2021-11-27 20:34:21.110  INFO 530588 --- [onPool-worker-5] .t.t.s.TourGuideClientRewardsServiceImpl : Service - Distance calculated: 6547.227057009497
2021-11-27 20:34:21.110  INFO 530588 --- [onPool-worker-8] .t.t.s.TourGuideClientRewardsServiceImpl : Service - Distance calculated: 7857.621631707062
2021-11-27 20:34:21.110  INFO 530588 --- [onPool-worker-8] .t.t.s.TourGuideClientRewardsServiceImpl : Service - Distance calculated: 7862.300019468306
2021-11-27 20:34:21.110  INFO 530588 --- [onPool-worker-8] .t.t.s.TourGuideClientRewardsServiceImpl : Service - Distance calculated: 6886.723646179993
2021-11-27 20:34:21.110  INFO 530588 --- [onPool-worker-8] .t.t.s.TourGuideClientRewardsServiceImpl : Service - Distance calculated: 8318.763594354179
2021-11-27 20:34:21.110  INFO 530588 --- [onPool-worker-8] .t.t.s.TourGuideClientRewardsServiceImpl : Service - Distance calculated: 8300.939307772374
2021-11-27 20:34:21.110  INFO 530588 --- [onPool-worker-8] .t.t.s.TourGuideClientRewardsServiceImpl : Service - Distance calculated: 5519.363198374487
2021-11-27 20:34:21.110  INFO 530588 --- [onPool-worker-8] .t.t.s.TourGuideClientRewardsServiceImpl : Service - Distance calculated: 8695.01589295046
2021-11-27 20:34:21.110  INFO 530588 --- [onPool-worker-8] .t.t.s.TourGuideClientRewardsServiceImpl : Service - Distance calculated: 8463.075336772756
2021-11-27 20:34:21.110  INFO 530588 --- [onPool-worker-8] .t.t.s.TourGuideClientRewardsServiceImpl : Service - Distance calculated: 8611.50932057524
2021-11-27 20:34:21.110  INFO 530588 --- [onPool-worker-8] .t.t.s.TourGuideClientRewardsServiceImpl : Service - Distance calculated: 8729.606475449107
2021-11-27 20:34:21.110  INFO 530588 --- [onPool-worker-8] .t.t.s.TourGuideClientRewardsServiceImpl : Service - Distance calculated: 7637.727388367975
2021-11-27 20:34:21.110  INFO 530588 --- [onPool-worker-8] .t.t.s.TourGuideClientRewardsServiceImpl : Service - Distance calculated: 8189.335516468659
2021-11-27 20:34:21.110  INFO 530588 --- [onPool-worker-8] .t.t.s.TourGuideClientRewardsServiceImpl : Service - Distance calculated: 8022.164687590294
2021-11-27 20:34:21.110  INFO 530588 --- [onPool-worker-8] .t.t.s.TourGuideClientRewardsServiceImpl : Service - Distance calculated: 8334.552701517627
2021-11-27 20:34:21.110  INFO 530588 --- [onPool-worker-8] .t.t.s.TourGuideClientRewardsServiceImpl : Service - Distance calculated: 7717.151118918926
2021-11-27 20:34:21.110  INFO 530588 --- [onPool-worker-8] .t.t.s.TourGuideClientRewardsServiceImpl : Service - Distance calculated: 6491.2590594915055
2021-11-27 20:34:21.110  INFO 530588 --- [onPool-worker-7] .t.t.s.TourGuideClientRewardsServiceImpl : Service - Distance calculated: 460.11990361699293
2021-11-27 20:34:21.110  INFO 530588 --- [onPool-worker-8] .t.t.s.TourGuideClientRewardsServiceImpl : Service - Distance calculated: 8570.529522175422
2021-11-27 20:34:21.110  INFO 530588 --- [onPool-worker-9] .t.t.s.TourGuideClientRewardsServiceImpl : Service - Distance calculated: 7353.696994681725
2021-11-27 20:34:21.110  INFO 530588 --- [onPool-worker-8] .t.t.s.TourGuideClientRewardsServiceImpl : Service - Distance calculated: 8767.59953740786
2021-11-27 20:34:21.110  INFO 530588 --- [onPool-worker-9] .t.t.s.TourGuideClientRewardsServiceImpl : Service - Distance calculated: 8058.985509686427
2021-11-27 20:34:21.110  INFO 530588 --- [onPool-worker-2] .t.t.s.TourGuideClientRewardsServiceImpl : Service - Distance calculated: 5897.401334599642
2021-11-27 20:34:21.110  INFO 530588 --- [nPool-worker-14] .t.t.s.TourGuideClientRewardsServiceImpl : Service - Distance calculated: 8860.277562031959
2021-11-27 20:34:21.111  INFO 530588 --- [nPool-worker-14] .t.t.s.TourGuideClientRewardsServiceImpl : Service - Distance calculated: 8770.835768895438
2021-11-27 20:34:21.110  INFO 530588 --- [nPool-worker-10] .t.t.s.TourGuideClientRewardsServiceImpl : Service - Distance calculated: 1576.7472428725728
2021-11-27 20:34:21.111  INFO 530588 --- [nPool-worker-14] .t.t.s.TourGuideClientRewardsServiceImpl : Service - Distance calculated: 9107.264239224327
2021-11-27 20:34:21.110  INFO 530588 --- [onPool-worker-5] .t.t.s.TourGuideClientRewardsServiceImpl : Service - Distance calculated: 6569.68893984816
2021-11-27 20:34:21.111  INFO 530588 --- [nPool-worker-14] .t.t.s.TourGuideClientRewardsServiceImpl : Service - Distance calculated: 9004.963463853876
2021-11-27 20:34:21.111  INFO 530588 --- [onPool-worker-5] .t.t.s.TourGuideClientRewardsServiceImpl : Service - Distance calculated: 5287.142646511396
2021-11-27 20:34:21.111  INFO 530588 --- [nPool-worker-14] .t.t.s.TourGuideClientRewardsServiceImpl : Service - Distance calculated: 8681.837436946465
2021-11-27 20:34:21.111  INFO 530588 --- [onPool-worker-5] .t.t.s.TourGuideClientRewardsServiceImpl : Service - Distance calculated: 5279.680736806021
2021-11-27 20:34:21.111  INFO 530588 --- [nPool-worker-14] .t.t.s.TourGuideClientRewardsServiceImpl : Service - Distance calculated: 9445.026146418619
2021-11-27 20:34:21.110  INFO 530588 --- [onPool-worker-7] .t.t.s.TourGuideClientRewardsServiceImpl : Service - Distance calculated: 1992.7911930022951
2021-11-27 20:34:21.111  INFO 530588 --- [nPool-worker-14] .t.t.s.TourGuideClientRewardsServiceImpl : Service - Distance calculated: 9242.66361504317
2021-11-27 20:34:21.110  INFO 530588 --- [onPool-worker-8] .t.t.s.TourGuideClientRewardsServiceImpl : Service - Distance calculated: 7115.757071414629
2021-11-27 20:34:21.111  INFO 530588 --- [nPool-worker-14] .t.t.s.TourGuideClientRewardsServiceImpl : Service - Distance calculated: 10286.600902713808
2021-11-27 20:34:21.111  INFO 530588 --- [onPool-worker-7] .t.t.s.TourGuideClientRewardsServiceImpl : Service - Distance calculated: 1906.7972782801585
2021-11-27 20:34:21.111  INFO 530588 --- [onPool-worker-9] .t.t.s.TourGuideClientRewardsServiceImpl : Service - Distance calculated: 7149.3045815275445
2021-11-27 20:34:21.111  INFO 530588 --- [onPool-worker-7] .t.t.s.TourGuideClientRewardsServiceImpl : Service - Distance calculated: 2360.645624935619
2021-11-27 20:34:21.111  INFO 530588 --- [onPool-worker-2] .t.t.s.TourGuideClientRewardsServiceImpl : Service - Distance calculated: 6608.748143860515
2021-11-27 20:34:21.111  INFO 530588 --- [onPool-worker-9] .t.t.s.TourGuideClientRewardsServiceImpl : Service - Distance calculated: 7086.108679035528
2021-11-27 20:34:21.111  INFO 530588 --- [nPool-worker-10] .t.t.s.TourGuideClientRewardsServiceImpl : Service - Distance calculated: 1921.4807999190489
2021-11-27 20:34:21.111  INFO 530588 --- [onPool-worker-5] .t.t.s.TourGuideClientRewardsServiceImpl : Service - Distance calculated: 6244.4058485997
2021-11-27 20:34:21.111  INFO 530588 --- [nPool-worker-10] .t.t.s.TourGuideClientRewardsServiceImpl : Service - Distance calculated: 1277.6245433336508
2021-11-27 20:34:21.111  INFO 530588 --- [onPool-worker-5] .t.t.s.TourGuideClientRewardsServiceImpl : Service - Distance calculated: 4831.856761663733
2021-11-27 20:34:21.111  INFO 530588 --- [nPool-worker-14] .t.t.s.TourGuideClientRewardsServiceImpl : Service - Distance calculated: 9542.84478843714
2021-11-27 20:34:21.111  INFO 530588 --- [onPool-worker-5] .t.t.s.TourGuideClientRewardsServiceImpl : Service - Distance calculated: 4847.900474535805
2021-11-27 20:34:21.111  INFO 530588 --- [onPool-worker-8] .t.t.s.TourGuideClientRewardsServiceImpl : Service - Distance calculated: 7719.028296216783
2021-11-27 20:34:21.111  INFO 530588 --- [onPool-worker-5] .t.t.s.TourGuideClientRewardsServiceImpl : Service - Distance calculated: 7584.9470136772925
2021-11-27 20:34:21.111  INFO 530588 --- [onPool-worker-7] .t.t.s.TourGuideClientRewardsServiceImpl : Service - Distance calculated: 2434.494471527265
2021-11-27 20:34:21.111  INFO 530588 --- [onPool-worker-2] .t.t.s.TourGuideClientRewardsServiceImpl : Service - Distance calculated: 5732.0437119598655
2021-11-27 20:34:21.111  INFO 530588 --- [onPool-worker-9] .t.t.s.TourGuideClientRewardsServiceImpl : Service - Distance calculated: 10210.481858469659
2021-11-27 20:34:21.111  INFO 530588 --- [onPool-worker-7] .t.t.s.TourGuideClientRewardsServiceImpl : Service - Distance calculated: 2148.3967563579567
2021-11-27 20:34:21.111  INFO 530588 --- [nPool-worker-10] .t.t.s.TourGuideClientRewardsServiceImpl : Service - Distance calculated: 87.03441722159666
2021-11-27 20:34:21.111  INFO 530588 --- [onPool-worker-9] .t.t.s.TourGuideClientRewardsServiceImpl : Service - Distance calculated: 6872.23066161865
2021-11-27 20:34:21.111  INFO 530588 --- [onPool-worker-7] .t.t.s.TourGuideClientRewardsServiceImpl : Service - Distance calculated: 2282.746325565392
2021-11-27 20:34:21.111  INFO 530588 --- [onPool-worker-9] .t.t.s.TourGuideClientRewardsServiceImpl : Service - Distance calculated: 7034.169009764161
2021-11-27 20:34:21.111  INFO 530588 --- [onPool-worker-7] .t.t.s.TourGuideClientRewardsServiceImpl : Service - Distance calculated: 2289.4339721013357
2021-11-27 20:34:21.111  INFO 530588 --- [onPool-worker-9] .t.t.s.TourGuideClientRewardsServiceImpl : Service - Distance calculated: 6891.728696306722
2021-11-27 20:34:21.111  INFO 530588 --- [onPool-worker-7] .t.t.s.TourGuideClientRewardsServiceImpl : Service - Distance calculated: 1204.372289719331
2021-11-27 20:34:21.111  INFO 530588 --- [onPool-worker-9] .t.t.s.TourGuideClientRewardsServiceImpl : Service - Distance calculated: 6431.6123174954855
2021-11-27 20:34:21.111  INFO 530588 --- [nPool-worker-14] .t.t.s.TourGuideClientRewardsServiceImpl : Service - Distance calculated: 9459.027188018339
2021-11-27 20:34:21.111  INFO 530588 --- [onPool-worker-9] .t.t.s.TourGuideClientRewardsServiceImpl : Service - Distance calculated: 7388.785117209044
2021-11-27 20:34:21.111  INFO 530588 --- [onPool-worker-8] .t.t.s.TourGuideClientRewardsServiceImpl : Service - Distance calculated: 8696.542476963026
2021-11-27 20:34:21.111  INFO 530588 --- [onPool-worker-9] .t.t.s.TourGuideClientRewardsServiceImpl : Service - Distance calculated: 7053.672558623165
2021-11-27 20:34:21.111  INFO 530588 --- [onPool-worker-5] .t.t.s.TourGuideClientRewardsServiceImpl : Service - Distance calculated: 4454.47634225102
2021-11-27 20:34:21.111  INFO 530588 --- [onPool-worker-2] .t.t.s.TourGuideClientRewardsServiceImpl : Service - Distance calculated: 5652.718438610249
2021-11-27 20:34:21.111  INFO 530588 --- [onPool-worker-5] .t.t.s.TourGuideClientRewardsServiceImpl : Service - Distance calculated: 4687.584697205
2021-11-27 20:34:21.111  INFO 530588 --- [nPool-worker-10] .t.t.s.TourGuideClientRewardsServiceImpl : Service - Distance calculated: 2127.2478407793283
2021-11-27 20:34:21.111  INFO 530588 --- [onPool-worker-5] .t.t.s.TourGuideClientRewardsServiceImpl : Service - Distance calculated: 4539.1571614120285
2021-11-27 20:34:21.111  INFO 530588 --- [onPool-worker-5] .t.t.s.TourGuideClientRewardsServiceImpl : Service - Distance calculated: 4399.645018256112
2021-11-27 20:34:21.111  INFO 530588 --- [onPool-worker-7] .t.t.s.TourGuideClientRewardsServiceImpl : Service - Distance calculated: 1742.5694022642394
2021-11-27 20:34:21.111  INFO 530588 --- [onPool-worker-5] .t.t.s.TourGuideClientRewardsServiceImpl : Service - Distance calculated: 5491.511597079699
2021-11-27 20:34:21.111  INFO 530588 --- [onPool-worker-5] .t.t.s.TourGuideClientRewardsServiceImpl : Service - Distance calculated: 4952.211983299457
2021-11-27 20:34:21.111  INFO 530588 --- [onPool-worker-7] .t.t.s.TourGuideClientRewardsServiceImpl : Service - Distance calculated: 1576.7472428725728
2021-11-27 20:34:21.111  INFO 530588 --- [onPool-worker-5] .t.t.s.TourGuideClientRewardsServiceImpl : Service - Distance calculated: 5110.4592145407405
2021-11-27 20:34:21.111  INFO 530588 --- [onPool-worker-7] .t.t.s.TourGuideClientRewardsServiceImpl : Service - Distance calculated: 1921.4807999190489
2021-11-27 20:34:21.111  INFO 530588 --- [onPool-worker-5] .t.t.s.TourGuideClientRewardsServiceImpl : Service - Distance calculated: 4813.064958892278
2021-11-27 20:34:21.111  INFO 530588 --- [onPool-worker-7] .t.t.s.TourGuideClientRewardsServiceImpl : Service - Distance calculated: 1277.6245433336508
2021-11-27 20:34:21.111  INFO 530588 --- [nPool-worker-14] .t.t.s.TourGuideClientRewardsServiceImpl : Service - Distance calculated: 9402.117458385048
2021-11-27 20:34:21.111  INFO 530588 --- [onPool-worker-7] .t.t.s.TourGuideClientRewardsServiceImpl : Service - Distance calculated: 87.03441722159666
2021-11-27 20:34:21.111  INFO 530588 --- [nPool-worker-14] .t.t.s.TourGuideClientRewardsServiceImpl : Service - Distance calculated: 8560.705689072529
2021-11-27 20:34:21.111  INFO 530588 --- [onPool-worker-7] .t.t.s.TourGuideClientRewardsServiceImpl : Service - Distance calculated: 2127.2478407793283
2021-11-27 20:34:21.111  INFO 530588 --- [nPool-worker-14] .t.t.s.TourGuideClientRewardsServiceImpl : Service - Distance calculated: 8680.09586270607
2021-11-27 20:34:21.111  INFO 530588 --- [onPool-worker-7] .t.t.s.TourGuideClientRewardsServiceImpl : Service - Distance calculated: 2578.910516018122
2021-11-27 20:34:21.111  INFO 530588 --- [onPool-worker-7] .t.t.s.TourGuideClientRewardsServiceImpl : Service - Distance calculated: 680.6158831369517
2021-11-27 20:34:21.111  INFO 530588 --- [nPool-worker-14] .t.t.s.TourGuideClientRewardsServiceImpl : Service - Distance calculated: 8952.059327788475
2021-11-27 20:34:21.111  INFO 530588 --- [onPool-worker-7] .t.t.s.TourGuideClientRewardsServiceImpl : Service - Distance calculated: 1344.090272349311
2021-11-27 20:34:21.111  INFO 530588 --- [nPool-worker-14] .t.t.s.TourGuideClientRewardsServiceImpl : Service - Distance calculated: 8736.21470190938
2021-11-27 20:34:21.111  INFO 530588 --- [onPool-worker-7] .t.t.s.TourGuideClientRewardsServiceImpl : Service - Distance calculated: 2440.177336041544
2021-11-27 20:34:21.111  INFO 530588 --- [nPool-worker-14] .t.t.s.TourGuideClientRewardsServiceImpl : Service - Distance calculated: 9162.777075956139
2021-11-27 20:34:21.111  INFO 530588 --- [onPool-worker-7] .t.t.s.TourGuideClientRewardsServiceImpl : Service - Distance calculated: 2168.830527042806
2021-11-27 20:34:21.111  INFO 530588 --- [nPool-worker-14] .t.t.s.TourGuideClientRewardsServiceImpl : Service - Distance calculated: 8712.967550059868
2021-11-27 20:34:21.111  INFO 530588 --- [onPool-worker-7] .t.t.s.TourGuideClientRewardsServiceImpl : Service - Calculate rewards points for user: internalUser87
2021-11-27 20:34:21.111  INFO 530588 --- [nPool-worker-14] .t.t.s.TourGuideClientRewardsServiceImpl : Service - Distance calculated: 8681.091352414012
2021-11-27 20:34:21.111  INFO 530588 --- [nPool-worker-14] .t.t.s.TourGuideClientRewardsServiceImpl : Service - Distance calculated: 8625.318106023664
2021-11-27 20:34:21.111  INFO 530588 --- [nPool-worker-14] .t.t.s.TourGuideClientRewardsServiceImpl : Service - Distance calculated: 9662.273935048423
2021-11-27 20:34:21.111  INFO 530588 --- [nPool-worker-14] .t.t.s.TourGuideClientRewardsServiceImpl : Service - Distance calculated: 8711.138580487917
2021-11-27 20:34:21.111  INFO 530588 --- [nPool-worker-14] .t.t.s.TourGuideClientRewardsServiceImpl : Service - Distance calculated: 9301.200470778007
2021-11-27 20:34:21.111  INFO 530588 --- [nPool-worker-14] .t.t.s.TourGuideClientRewardsServiceImpl : Service - Distance calculated: 9551.044971241143
2021-11-27 20:34:21.111  INFO 530588 --- [nPool-worker-14] .t.t.s.TourGuideClientRewardsServiceImpl : Service - Distance calculated: 8658.129221742853
2021-11-27 20:34:21.111  INFO 530588 --- [nPool-worker-14] .t.t.s.TourGuideClientRewardsServiceImpl : Service - Distance calculated: 5.8950310023474215E-5
2021-11-27 20:34:21.111  INFO 530588 --- [onPool-worker-9] .t.t.s.TourGuideClientRewardsServiceImpl : Service - Distance calculated: 7090.346506452877
2021-11-27 20:34:21.111  INFO 530588 --- [onPool-worker-8] .t.t.s.TourGuideClientRewardsServiceImpl : Service - Distance calculated: 8615.636158103185
2021-11-27 20:34:21.112  INFO 530588 --- [onPool-worker-8] .t.t.s.TourGuideClientRewardsServiceImpl : Service - Distance calculated: 6287.757084347004
2021-11-27 20:34:21.111  INFO 530588 --- [onPool-worker-2] .t.t.s.TourGuideClientRewardsServiceImpl : Service - Distance calculated: 8848.219088184225
2021-11-27 20:34:21.112  INFO 530588 --- [onPool-worker-2] .t.t.s.TourGuideClientRewardsServiceImpl : Service - Distance calculated: 5493.4676682994295
2021-11-27 20:34:21.112  INFO 530588 --- [onPool-worker-2] .t.t.s.TourGuideClientRewardsServiceImpl : Service - Distance calculated: 5627.286664308307
2021-11-27 20:34:21.112  INFO 530588 --- [onPool-worker-2] .t.t.s.TourGuideClientRewardsServiceImpl : Service - Distance calculated: 5489.897044132823
2021-11-27 20:34:21.112  INFO 530588 --- [onPool-worker-2] .t.t.s.TourGuideClientRewardsServiceImpl : Service - Distance calculated: 4979.715596319609
2021-11-27 20:34:21.111  INFO 530588 --- [nPool-worker-10] .t.t.s.TourGuideClientRewardsServiceImpl : Service - Distance calculated: 2578.910516018122
2021-11-27 20:34:21.112  INFO 530588 --- [nPool-worker-10] .t.t.s.TourGuideClientRewardsServiceImpl : Service - Distance calculated: 680.6158831369517
2021-11-27 20:34:21.111  INFO 530588 --- [onPool-worker-5] .t.t.s.TourGuideClientRewardsServiceImpl : Service - Distance calculated: 5413.648187845224
2021-11-27 20:34:21.112  INFO 530588 --- [nPool-worker-10] .t.t.s.TourGuideClientRewardsServiceImpl : Service - Distance calculated: 1344.090272349311
2021-11-27 20:34:21.112  INFO 530588 --- [onPool-worker-5] .t.t.s.TourGuideClientRewardsServiceImpl : Service - Distance calculated: 6642.433483160151
2021-11-27 20:34:21.112  INFO 530588 --- [nPool-worker-10] .t.t.s.TourGuideClientRewardsServiceImpl : Service - Distance calculated: 2440.177336041544
2021-11-27 20:34:21.112  INFO 530588 --- [onPool-worker-5] .t.t.s.TourGuideClientRewardsServiceImpl : Service - Distance calculated: 4560.446457133324
2021-11-27 20:34:21.112  INFO 530588 --- [nPool-worker-10] .t.t.s.TourGuideClientRewardsServiceImpl : Service - Distance calculated: 2168.830527042806
2021-11-27 20:34:21.112  INFO 530588 --- [onPool-worker-5] .t.t.s.TourGuideClientRewardsServiceImpl : Service - Distance calculated: 4378.9170596655185
2021-11-27 20:34:21.112  INFO 530588 --- [nPool-worker-10] .t.t.s.TourGuideClientRewardsServiceImpl : Service - Calculate rewards points for user: internalUser81
2021-11-27 20:34:21.112  INFO 530588 --- [onPool-worker-5] .t.t.s.TourGuideClientRewardsServiceImpl : Service - Distance calculated: 6015.6296103257
2021-11-27 20:34:21.112  INFO 530588 --- [onPool-worker-5] .t.t.s.TourGuideClientRewardsServiceImpl : Service - Distance calculated: 5429.358219796083
2021-11-27 20:34:21.112  INFO 530588 --- [onPool-worker-5] .t.t.s.TourGuideClientRewardsServiceImpl : Service - Distance calculated: 4452.8288022165825
2021-11-27 20:34:21.112  INFO 530588 --- [onPool-worker-5] .t.t.s.TourGuideClientRewardsServiceImpl : Service - Distance calculated: 4517.331120873839
2021-11-27 20:34:21.112  INFO 530588 --- [onPool-worker-5] .t.t.s.TourGuideClientRewardsServiceImpl : Service - Distance calculated: 8351.933842536393
2021-11-27 20:34:21.112  INFO 530588 --- [onPool-worker-5] .t.t.s.TourGuideClientRewardsServiceImpl : Service - Distance calculated: 8994.445561007624
2021-11-27 20:34:21.112  INFO 530588 --- [onPool-worker-5] .t.t.s.TourGuideClientRewardsServiceImpl : Service - Distance calculated: 8516.515723439048
2021-11-27 20:34:21.112  INFO 530588 --- [onPool-worker-5] .t.t.s.TourGuideClientRewardsServiceImpl : Service - Distance calculated: 8454.115803111288
2021-11-27 20:34:21.112  INFO 530588 --- [onPool-worker-5] .t.t.s.TourGuideClientRewardsServiceImpl : Service - Distance calculated: 9691.805780592113
2021-11-27 20:34:21.112  INFO 530588 --- [onPool-worker-9] .t.t.s.TourGuideClientRewardsServiceImpl : Service - Distance calculated: 7025.482927010989
2021-11-27 20:34:21.112  INFO 530588 --- [onPool-worker-8] .t.t.s.TourGuideClientRewardsServiceImpl : Service - Distance calculated: 7037.110160878286
2021-11-27 20:34:21.112  INFO 530588 --- [onPool-worker-9] .t.t.s.TourGuideClientRewardsServiceImpl : Service - Distance calculated: 7337.189219428581
2021-11-27 20:34:21.112  INFO 530588 --- [onPool-worker-2] .t.t.s.TourGuideClientRewardsServiceImpl : Service - Distance calculated: 5929.287665222366
2021-11-27 20:34:21.112  INFO 530588 --- [onPool-worker-9] .t.t.s.TourGuideClientRewardsServiceImpl : Service - Distance calculated: 8428.558650341916
2021-11-27 20:34:21.112  INFO 530588 --- [onPool-worker-9] .t.t.s.TourGuideClientRewardsServiceImpl : Service - Distance calculated: 6588.900651276925
2021-11-27 20:34:21.112  INFO 530588 --- [onPool-worker-2] .t.t.s.TourGuideClientRewardsServiceImpl : Service - Distance calculated: 5601.938989910686
2021-11-27 20:34:21.112  INFO 530588 --- [onPool-worker-9] .t.t.s.TourGuideClientRewardsServiceImpl : Service - Distance calculated: 6850.242578749974
2021-11-27 20:34:21.112  INFO 530588 --- [onPool-worker-2] .t.t.s.TourGuideClientRewardsServiceImpl : Service - Distance calculated: 5631.088881668418
2021-11-27 20:34:21.112  INFO 530588 --- [nPool-worker-14] .t.t.s.TourGuideClientRewardsServiceImpl : Service - Distance calculated: 774.5207212649109
2021-11-27 20:34:21.112  INFO 530588 --- [onPool-worker-9] .t.t.s.TourGuideClientRewardsServiceImpl : Service - Distance calculated: 7865.9658366523445
2021-11-27 20:34:21.112  INFO 530588 --- [onPool-worker-2] .t.t.s.TourGuideClientRewardsServiceImpl : Service - Distance calculated: 5588.500432800011
2021-11-27 20:34:21.112  INFO 530588 --- [nPool-worker-14] .t.t.s.TourGuideClientRewardsServiceImpl : Service - Distance calculated: 164.91310606753288
2021-11-27 20:34:21.112  INFO 530588 --- [onPool-worker-2] .t.t.s.TourGuideClientRewardsServiceImpl : Service - Distance calculated: 5877.160789173016
2021-11-27 20:34:21.112  INFO 530588 --- [nPool-worker-14] .t.t.s.TourGuideClientRewardsServiceImpl : Service - Distance calculated: 115.99464245531166
2021-11-27 20:34:21.112  INFO 530588 --- [onPool-worker-2] .t.t.s.TourGuideClientRewardsServiceImpl : Service - Distance calculated: 6986.214561699293
2021-11-27 20:34:21.112  INFO 530588 --- [nPool-worker-14] .t.t.s.TourGuideClientRewardsServiceImpl : Service - Distance calculated: 1428.8577204882306
2021-11-27 20:34:21.112  INFO 530588 --- [onPool-worker-2] .t.t.s.TourGuideClientRewardsServiceImpl : Service - Distance calculated: 5135.209041200499
2021-11-27 20:34:21.112  INFO 530588 --- [nPool-worker-14] .t.t.s.TourGuideClientRewardsServiceImpl : Service - Distance calculated: 1418.571827418631
2021-11-27 20:34:21.112  INFO 530588 --- [onPool-worker-2] .t.t.s.TourGuideClientRewardsServiceImpl : Service - Distance calculated: 5495.495770263516
2021-11-27 20:34:21.112  INFO 530588 --- [nPool-worker-14] .t.t.s.TourGuideClientRewardsServiceImpl : Service - Distance calculated: 460.11990361699293
2021-11-27 20:34:21.112  INFO 530588 --- [onPool-worker-2] .t.t.s.TourGuideClientRewardsServiceImpl : Service - Distance calculated: 6411.106475869878
2021-11-27 20:34:21.112  INFO 530588 --- [nPool-worker-14] .t.t.s.TourGuideClientRewardsServiceImpl : Service - Distance calculated: 1992.7911930022951
2021-11-27 20:34:21.112  INFO 530588 --- [onPool-worker-2] .t.t.s.TourGuideClientRewardsServiceImpl : Service - Distance calculated: 6158.324918520557
2021-11-27 20:34:21.112  INFO 530588 --- [nPool-worker-14] .t.t.s.TourGuideClientRewardsServiceImpl : Service - Distance calculated: 1906.7972782801585
2021-11-27 20:34:21.112  INFO 530588 --- [onPool-worker-2] .t.t.s.TourGuideClientRewardsServiceImpl : Service - Distance calculated: 5496.089476109543
2021-11-27 20:34:21.112  INFO 530588 --- [nPool-worker-14] .t.t.s.TourGuideClientRewardsServiceImpl : Service - Distance calculated: 2360.645624935619
2021-11-27 20:34:21.112  INFO 530588 --- [nPool-worker-14] .t.t.s.TourGuideClientRewardsServiceImpl : Service - Distance calculated: 2434.494471527265
2021-11-27 20:34:21.112  INFO 530588 --- [nPool-worker-14] .t.t.s.TourGuideClientRewardsServiceImpl : Service - Distance calculated: 2148.3967563579567
2021-11-27 20:34:21.112  INFO 530588 --- [onPool-worker-2] .t.t.s.TourGuideClientRewardsServiceImpl : Service - Distance calculated: 5117.953959618227
2021-11-27 20:34:21.112  INFO 530588 --- [nPool-worker-14] .t.t.s.TourGuideClientRewardsServiceImpl : Service - Distance calculated: 2282.746325565392
2021-11-27 20:34:21.112  INFO 530588 --- [onPool-worker-2] .t.t.s.TourGuideClientRewardsServiceImpl : Service - Distance calculated: 2206.8164677769296
2021-11-27 20:34:21.112  INFO 530588 --- [onPool-worker-5] .t.t.s.TourGuideClientRewardsServiceImpl : Service - Distance calculated: 9636.920149881475
2021-11-27 20:34:21.112  INFO 530588 --- [onPool-worker-2] .t.t.s.TourGuideClientRewardsServiceImpl : Service - Distance calculated: 2777.9751515350217
2021-11-27 20:34:21.112  INFO 530588 --- [onPool-worker-5] .t.t.s.TourGuideClientRewardsServiceImpl : Service - Distance calculated: 8662.679703145688
2021-11-27 20:34:21.112  INFO 530588 --- [onPool-worker-8] .t.t.s.TourGuideClientRewardsServiceImpl : Service - Distance calculated: 6408.748847159681
2021-11-27 20:34:21.112  INFO 530588 --- [onPool-worker-2] .t.t.s.TourGuideClientRewardsServiceImpl : Service - Distance calculated: 2250.8511889195756
2021-11-27 20:34:21.112  INFO 530588 --- [onPool-worker-9] .t.t.s.TourGuideClientRewardsServiceImpl : Service - Distance calculated: 7607.695440631866
2021-11-27 20:34:21.112  INFO 530588 --- [onPool-worker-2] .t.t.s.TourGuideClientRewardsServiceImpl : Service - Distance calculated: 2173.604498065512
2021-11-27 20:34:21.112  INFO 530588 --- [onPool-worker-9] .t.t.s.TourGuideClientRewardsServiceImpl : Service - Distance calculated: 6873.6734890945345
2021-11-27 20:34:21.112  INFO 530588 --- [onPool-worker-2] .t.t.s.TourGuideClientRewardsServiceImpl : Service - Distance calculated: 2423.7518166703044
2021-11-27 20:34:21.112  INFO 530588 --- [nPool-worker-14] .t.t.s.TourGuideClientRewardsServiceImpl : Service - Distance calculated: 2289.4339721013357
2021-11-27 20:34:21.112  INFO 530588 --- [onPool-worker-2] .t.t.s.TourGuideClientRewardsServiceImpl : Service - Distance calculated: 2325.72625002544
2021-11-27 20:34:21.112  INFO 530588 --- [nPool-worker-14] .t.t.s.TourGuideClientRewardsServiceImpl : Service - Distance calculated: 1204.372289719331
2021-11-27 20:34:21.112  INFO 530588 --- [onPool-worker-2] .t.t.s.TourGuideClientRewardsServiceImpl : Service - Distance calculated: 1968.921171409616
2021-11-27 20:34:21.112  INFO 530588 --- [nPool-worker-14] .t.t.s.TourGuideClientRewardsServiceImpl : Service - Distance calculated: 1742.5694022642394
2021-11-27 20:34:21.112  INFO 530588 --- [onPool-worker-2] .t.t.s.TourGuideClientRewardsServiceImpl : Service - Distance calculated: 2952.3509043760023
2021-11-27 20:34:21.112  INFO 530588 --- [onPool-worker-5] .t.t.s.TourGuideClientRewardsServiceImpl : Service - Distance calculated: 10312.50220745333
2021-11-27 20:34:21.112  INFO 530588 --- [onPool-worker-2] .t.t.s.TourGuideClientRewardsServiceImpl : Service - Distance calculated: 2744.0308857440778
2021-11-27 20:34:21.112  INFO 530588 --- [onPool-worker-5] .t.t.s.TourGuideClientRewardsServiceImpl : Service - Distance calculated: 10169.686266949146
2021-11-27 20:34:21.112  INFO 530588 --- [onPool-worker-8] .t.t.s.TourGuideClientRewardsServiceImpl : Service - Distance calculated: 6318.974228859667
2021-11-27 20:34:21.112  INFO 530588 --- [onPool-worker-9] .t.t.s.TourGuideClientRewardsServiceImpl : Service - Distance calculated: 6569.45522589187
2021-11-27 20:34:21.112  INFO 530588 --- [onPool-worker-8] .t.t.s.TourGuideClientRewardsServiceImpl : Service - Distance calculated: 6900.346611262466
2021-11-27 20:34:21.112  INFO 530588 --- [onPool-worker-9] .t.t.s.TourGuideClientRewardsServiceImpl : Service - Distance calculated: 11221.490736594305
2021-11-27 20:34:21.112  INFO 530588 --- [onPool-worker-8] .t.t.s.TourGuideClientRewardsServiceImpl : Service - Distance calculated: 6802.197016358179
2021-11-27 20:34:21.112  INFO 530588 --- [onPool-worker-9] .t.t.s.TourGuideClientRewardsServiceImpl : Service - Distance calculated: 11136.94441700476
2021-11-27 20:34:21.112  INFO 530588 --- [onPool-worker-8] .t.t.s.TourGuideClientRewardsServiceImpl : Service - Distance calculated: 6268.630197910979
2021-11-27 20:34:21.112  INFO 530588 --- [onPool-worker-9] .t.t.s.TourGuideClientRewardsServiceImpl : Service - Distance calculated: 11164.195789121895
2021-11-27 20:34:21.112  INFO 530588 --- [onPool-worker-8] .t.t.s.TourGuideClientRewardsServiceImpl : Service - Distance calculated: 7406.349816111013
2021-11-27 20:34:21.112  INFO 530588 --- [onPool-worker-9] .t.t.s.TourGuideClientRewardsServiceImpl : Service - Distance calculated: 11132.52467297562
2021-11-27 20:34:21.113  INFO 530588 --- [onPool-worker-8] .t.t.s.TourGuideClientRewardsServiceImpl : Service - Distance calculated: 7193.552059772321
2021-11-27 20:34:21.112  INFO 530588 --- [nPool-worker-14] .t.t.s.TourGuideClientRewardsServiceImpl : Service - Distance calculated: 1576.7472428725728
2021-11-27 20:34:21.113  INFO 530588 --- [onPool-worker-8] .t.t.s.TourGuideClientRewardsServiceImpl : Service - Distance calculated: 8046.447654341557
2021-11-27 20:34:21.112  INFO 530588 --- [onPool-worker-2] .t.t.s.TourGuideClientRewardsServiceImpl : Service - Distance calculated: 4559.745483721408
2021-11-27 20:34:21.113  INFO 530588 --- [onPool-worker-8] .t.t.s.TourGuideClientRewardsServiceImpl : Service - Distance calculated: 7691.463812270832
2021-11-27 20:34:21.112  INFO 530588 --- [onPool-worker-5] .t.t.s.TourGuideClientRewardsServiceImpl : Service - Distance calculated: 8093.678712889159
2021-11-27 20:34:21.113  INFO 530588 --- [onPool-worker-2] .t.t.s.TourGuideClientRewardsServiceImpl : Service - Distance calculated: 3293.841627359814
2021-11-27 20:34:21.113  INFO 530588 --- [onPool-worker-5] .t.t.s.TourGuideClientRewardsServiceImpl : Service - Distance calculated: 10756.875857845002
2021-11-27 20:34:21.113  INFO 530588 --- [onPool-worker-2] .t.t.s.TourGuideClientRewardsServiceImpl : Service - Distance calculated: 3050.2935587486613
2021-11-27 20:34:21.113  INFO 530588 --- [onPool-worker-5] .t.t.s.TourGuideClientRewardsServiceImpl : Service - Distance calculated: 10462.857190177818
2021-11-27 20:34:21.113  INFO 530588 --- [onPool-worker-2] .t.t.s.TourGuideClientRewardsServiceImpl : Service - Distance calculated: 3090.197848423012
2021-11-27 20:34:21.113  INFO 530588 --- [onPool-worker-5] .t.t.s.TourGuideClientRewardsServiceImpl : Service - Distance calculated: 10572.927942251126
2021-11-27 20:34:21.113  INFO 530588 --- [onPool-worker-2] .t.t.s.TourGuideClientRewardsServiceImpl : Service - Distance calculated: 2406.4209326228615
2021-11-27 20:34:21.113  INFO 530588 --- [onPool-worker-5] .t.t.s.TourGuideClientRewardsServiceImpl : Service - Distance calculated: 10061.81923848768
2021-11-27 20:34:21.113  INFO 530588 --- [onPool-worker-2] .t.t.s.TourGuideClientRewardsServiceImpl : Service - Distance calculated: 1949.378787266473
2021-11-27 20:34:21.113  INFO 530588 --- [onPool-worker-9] .t.t.s.TourGuideClientRewardsServiceImpl : Service - Distance calculated: 10066.175267173976
2021-11-27 20:34:21.113  INFO 530588 --- [onPool-worker-2] .t.t.s.TourGuideClientRewardsServiceImpl : Service - Distance calculated: 2409.70547057166
2021-11-27 20:34:21.113  INFO 530588 --- [onPool-worker-9] .t.t.s.TourGuideClientRewardsServiceImpl : Service - Distance calculated: 10034.193152988391
2021-11-27 20:34:21.113  INFO 530588 --- [onPool-worker-2] .t.t.s.TourGuideClientRewardsServiceImpl : Service - Distance calculated: 2130.367544942539
2021-11-27 20:34:21.113  INFO 530588 --- [onPool-worker-9] .t.t.s.TourGuideClientRewardsServiceImpl : Service - Distance calculated: 10789.889597977373
2021-11-27 20:34:21.113  INFO 530588 --- [onPool-worker-2] .t.t.s.TourGuideClientRewardsServiceImpl : Service - Distance calculated: 2685.3547506441387
2021-11-27 20:34:21.113  INFO 530588 --- [onPool-worker-9] .t.t.s.TourGuideClientRewardsServiceImpl : Service - Distance calculated: 9667.355285294041
2021-11-27 20:34:21.113  INFO 530588 --- [onPool-worker-2] .t.t.s.TourGuideClientRewardsServiceImpl : Service - Distance calculated: 2000.6340635189108
2021-11-27 20:34:21.113  INFO 530588 --- [onPool-worker-9] .t.t.s.TourGuideClientRewardsServiceImpl : Service - Distance calculated: 9668.248765624567
2021-11-27 20:34:21.113  INFO 530588 --- [onPool-worker-2] .t.t.s.TourGuideClientRewardsServiceImpl : Service - Distance calculated: 2121.2537110475796
2021-11-27 20:34:21.113  INFO 530588 --- [onPool-worker-9] .t.t.s.TourGuideClientRewardsServiceImpl : Service - Distance calculated: 11085.676935119634
2021-11-27 20:34:21.113  INFO 530588 --- [onPool-worker-2] .t.t.s.TourGuideClientRewardsServiceImpl : Service - Distance calculated: 2344.858906572391
2021-11-27 20:34:21.113  INFO 530588 --- [onPool-worker-9] .t.t.s.TourGuideClientRewardsServiceImpl : Service - Distance calculated: 9286.166585624751
2021-11-27 20:34:21.113  INFO 530588 --- [onPool-worker-2] .t.t.s.TourGuideClientRewardsServiceImpl : Service - Distance calculated: 3477.693276050867
2021-11-27 20:34:21.113  INFO 530588 --- [onPool-worker-9] .t.t.s.TourGuideClientRewardsServiceImpl : Service - Distance calculated: 9524.109197855767
2021-11-27 20:34:21.113  INFO 530588 --- [onPool-worker-2] .t.t.s.TourGuideClientRewardsServiceImpl : Service - Distance calculated: 1953.536905860631
2021-11-27 20:34:21.113  INFO 530588 --- [onPool-worker-9] .t.t.s.TourGuideClientRewardsServiceImpl : Service - Distance calculated: 9375.62551096255
2021-11-27 20:34:21.113  INFO 530588 --- [onPool-worker-2] .t.t.s.TourGuideClientRewardsServiceImpl : Service - Distance calculated: 2577.154199827195
2021-11-27 20:34:21.113  INFO 530588 --- [nPool-worker-14] .t.t.s.TourGuideClientRewardsServiceImpl : Service - Distance calculated: 1921.4807999190489
2021-11-27 20:34:21.113  INFO 530588 --- [onPool-worker-2] .t.t.s.TourGuideClientRewardsServiceImpl : Service - Distance calculated: 3303.554373545216
2021-11-27 20:34:21.113  INFO 530588 --- [nPool-worker-14] .t.t.s.TourGuideClientRewardsServiceImpl : Service - Distance calculated: 1277.6245433336508
2021-11-27 20:34:21.113  INFO 530588 --- [onPool-worker-2] .t.t.s.TourGuideClientRewardsServiceImpl : Service - Distance calculated: 2403.942973946708
2021-11-27 20:34:21.113  INFO 530588 --- [nPool-worker-14] .t.t.s.TourGuideClientRewardsServiceImpl : Service - Distance calculated: 87.03441722159666
2021-11-27 20:34:21.113  INFO 530588 --- [onPool-worker-2] .t.t.s.TourGuideClientRewardsServiceImpl : Service - Distance calculated: 2565.3763150850873
2021-11-27 20:34:21.113  INFO 530588 --- [nPool-worker-14] .t.t.s.TourGuideClientRewardsServiceImpl : Service - Distance calculated: 2127.2478407793283
2021-11-27 20:34:21.113  INFO 530588 --- [onPool-worker-2] .t.t.s.TourGuideClientRewardsServiceImpl : Service - Distance calculated: 2166.156974252662
2021-11-27 20:34:21.113  INFO 530588 --- [nPool-worker-14] .t.t.s.TourGuideClientRewardsServiceImpl : Service - Distance calculated: 2578.910516018122
2021-11-27 20:34:21.113  INFO 530588 --- [onPool-worker-2] .t.t.s.TourGuideClientRewardsServiceImpl : Service - Distance calculated: 2415.450659555364
2021-11-27 20:34:21.113  INFO 530588 --- [nPool-worker-14] .t.t.s.TourGuideClientRewardsServiceImpl : Service - Distance calculated: 680.6158831369517
2021-11-27 20:34:21.113  INFO 530588 --- [onPool-worker-2] .t.t.s.TourGuideClientRewardsServiceImpl : Service - Distance calculated: 2450.4540740766392
2021-11-27 20:34:21.113  INFO 530588 --- [nPool-worker-14] .t.t.s.TourGuideClientRewardsServiceImpl : Service - Distance calculated: 1344.090272349311
2021-11-27 20:34:21.113  INFO 530588 --- [onPool-worker-2] .t.t.s.TourGuideClientRewardsServiceImpl : Service - Distance calculated: 1140.0198110575393
2021-11-27 20:34:21.113  INFO 530588 --- [nPool-worker-14] .t.t.s.TourGuideClientRewardsServiceImpl : Service - Distance calculated: 2440.177336041544
2021-11-27 20:34:21.113  INFO 530588 --- [onPool-worker-2] .t.t.s.TourGuideClientRewardsServiceImpl : Service - Distance calculated: 1147.6910083891416
2021-11-27 20:34:21.113  INFO 530588 --- [onPool-worker-2] .t.t.s.TourGuideClientRewardsServiceImpl : Service - Distance calculated: 2158.296037921401
2021-11-27 20:34:21.113  INFO 530588 --- [onPool-worker-8] .t.t.s.TourGuideClientRewardsServiceImpl : Service - Distance calculated: 7485.392357299221
2021-11-27 20:34:21.113  INFO 530588 --- [onPool-worker-5] .t.t.s.TourGuideClientRewardsServiceImpl : Service - Distance calculated: 9261.443070461435
2021-11-27 20:34:21.113  INFO 530588 --- [onPool-worker-8] .t.t.s.TourGuideClientRewardsServiceImpl : Service - Distance calculated: 7496.904124319198
2021-11-27 20:34:21.113  INFO 530588 --- [onPool-worker-5] .t.t.s.TourGuideClientRewardsServiceImpl : Service - Distance calculated: 9885.551198351224
2021-11-27 20:34:21.113  INFO 530588 --- [onPool-worker-8] .t.t.s.TourGuideClientRewardsServiceImpl : Service - Distance calculated: 6695.500826518138
2021-11-27 20:34:21.113  INFO 530588 --- [onPool-worker-9] .t.t.s.TourGuideClientRewardsServiceImpl : Service - Distance calculated: 9105.56768747397
2021-11-27 20:34:21.113  INFO 530588 --- [onPool-worker-8] .t.t.s.TourGuideClientRewardsServiceImpl : Service - Distance calculated: 6423.310221302688
2021-11-27 20:34:21.113  INFO 530588 --- [onPool-worker-9] .t.t.s.TourGuideClientRewardsServiceImpl : Service - Distance calculated: 10117.5080056823
2021-11-27 20:34:21.113  INFO 530588 --- [onPool-worker-8] .t.t.s.TourGuideClientRewardsServiceImpl : Service - Distance calculated: 6861.893631743539
2021-11-27 20:34:21.113  INFO 530588 --- [onPool-worker-9] .t.t.s.TourGuideClientRewardsServiceImpl : Service - Distance calculated: 9714.896671990322
2021-11-27 20:34:21.113  INFO 530588 --- [onPool-worker-8] .t.t.s.TourGuideClientRewardsServiceImpl : Service - Distance calculated: 6593.364742846075
2021-11-27 20:34:21.113  INFO 530588 --- [nPool-worker-14] .t.t.s.TourGuideClientRewardsServiceImpl : Service - Distance calculated: 2168.830527042806
2021-11-27 20:34:21.113  INFO 530588 --- [onPool-worker-8] .t.t.s.TourGuideClientRewardsServiceImpl : Service - Distance calculated: 7126.973834827456
2021-11-27 20:34:21.113  INFO 530588 --- [onPool-worker-8] .t.t.s.TourGuideClientRewardsServiceImpl : Service - Distance calculated: 6476.896030410232
2021-11-27 20:34:21.113  INFO 530588 --- [onPool-worker-8] .t.t.s.TourGuideClientRewardsServiceImpl : Service - Distance calculated: 6225.0677678760985
2021-11-27 20:34:21.113  INFO 530588 --- [onPool-worker-8] .t.t.s.TourGuideClientRewardsServiceImpl : Service - Distance calculated: 6691.10565211241
2021-11-27 20:34:21.113  INFO 530588 --- [onPool-worker-2] .t.t.s.TourGuideClientRewardsServiceImpl : Service - Distance calculated: 732.8840103368174
2021-11-27 20:34:21.113  INFO 530588 --- [onPool-worker-2] .t.t.s.TourGuideClientRewardsServiceImpl : Service - Distance calculated: 697.4834935098761
2021-11-27 20:34:21.113  INFO 530588 --- [onPool-worker-2] .t.t.s.TourGuideClientRewardsServiceImpl : Service - Distance calculated: 3850.787006612374
2021-11-27 20:34:21.113  INFO 530588 --- [onPool-worker-5] .t.t.s.TourGuideClientRewardsServiceImpl : Service - Distance calculated: 9608.327641837632
2021-11-27 20:34:21.113  INFO 530588 --- [onPool-worker-9] .t.t.s.TourGuideClientRewardsServiceImpl : Service - Distance calculated: 9796.618826535823
2021-11-27 20:34:21.114  INFO 530588 --- [onPool-worker-5] .t.t.s.TourGuideClientRewardsServiceImpl : Service - Distance calculated: 10149.441857418076
2021-11-27 20:34:21.114  INFO 530588 --- [onPool-worker-9] .t.t.s.TourGuideClientRewardsServiceImpl : Service - Distance calculated: 9624.36474863851
2021-11-27 20:34:21.114  INFO 530588 --- [onPool-worker-5] .t.t.s.TourGuideClientRewardsServiceImpl : Service - Distance calculated: 9344.989542571884
2021-11-27 20:34:21.114  INFO 530588 --- [onPool-worker-9] .t.t.s.TourGuideClientRewardsServiceImpl : Service - Distance calculated: 10061.055736633456
2021-11-27 20:34:21.114  INFO 530588 --- [onPool-worker-5] .t.t.s.TourGuideClientRewardsServiceImpl : Service - Distance calculated: 8351.80760449844
2021-11-27 20:34:21.114  INFO 530588 --- [onPool-worker-9] .t.t.s.TourGuideClientRewardsServiceImpl : Service - Distance calculated: 11139.42433863867
2021-11-27 20:34:21.113  INFO 530588 --- [nPool-worker-14] .t.t.s.TourGuideClientRewardsServiceImpl : Service - Calculate rewards points for user: internalUser80
2021-11-27 20:34:21.114  INFO 530588 --- [onPool-worker-9] .t.t.s.TourGuideClientRewardsServiceImpl : Service - Distance calculated: 9268.051728986116
2021-11-27 20:34:21.114  INFO 530588 --- [onPool-worker-9] .t.t.s.TourGuideClientRewardsServiceImpl : Service - Distance calculated: 9195.75030048728
2021-11-27 20:34:21.113  INFO 530588 --- [onPool-worker-8] .t.t.s.TourGuideClientRewardsServiceImpl : Service - Distance calculated: 7866.033017433749
2021-11-27 20:34:21.114  INFO 530588 --- [onPool-worker-9] .t.t.s.TourGuideClientRewardsServiceImpl : Service - Distance calculated: 10601.14367859659
2021-11-27 20:34:21.113  INFO 530588 --- [onPool-worker-2] .t.t.s.TourGuideClientRewardsServiceImpl : Service - Distance calculated: 585.0834632757702
2021-11-27 20:34:21.114  INFO 530588 --- [onPool-worker-8] .t.t.s.TourGuideClientRewardsServiceImpl : Service - Distance calculated: 6334.423029982136
2021-11-27 20:34:21.114  INFO 530588 --- [onPool-worker-5] .t.t.s.TourGuideClientRewardsServiceImpl : Service - Distance calculated: 9981.859863671758
2021-11-27 20:34:21.114  INFO 530588 --- [onPool-worker-8] .t.t.s.TourGuideClientRewardsServiceImpl : Service - Distance calculated: 7047.456798257342
2021-11-27 20:34:21.114  INFO 530588 --- [onPool-worker-8] .t.t.s.TourGuideClientRewardsServiceImpl : Service - Distance calculated: 7701.281093411955
2021-11-27 20:34:21.114  INFO 530588 --- [onPool-worker-9] .t.t.s.TourGuideClientRewardsServiceImpl : Service - Distance calculated: 10239.965051489324
2021-11-27 20:34:21.114  INFO 530588 --- [onPool-worker-8] .t.t.s.TourGuideClientRewardsServiceImpl : Service - Distance calculated: 6742.185983826061
2021-11-27 20:34:21.114  INFO 530588 --- [onPool-worker-2] .t.t.s.TourGuideClientRewardsServiceImpl : Service - Distance calculated: 628.899056512253
2021-11-27 20:34:21.114  INFO 530588 --- [onPool-worker-9] .t.t.s.TourGuideClientRewardsServiceImpl : Service - Distance calculated: 9283.923433075206
2021-11-27 20:34:21.114  INFO 530588 --- [onPool-worker-2] .t.t.s.TourGuideClientRewardsServiceImpl : Service - Distance calculated: 501.9957825365346
2021-11-27 20:34:21.114  INFO 530588 --- [onPool-worker-5] .t.t.s.TourGuideClientRewardsServiceImpl : Service - Distance calculated: 10920.311647557723
2021-11-27 20:34:21.114  INFO 530588 --- [onPool-worker-2] .t.t.s.TourGuideClientRewardsServiceImpl : Service - Distance calculated: 554.108953845353
2021-11-27 20:34:21.114  INFO 530588 --- [onPool-worker-5] .t.t.s.TourGuideClientRewardsServiceImpl : Service - Distance calculated: 8859.726107915696
2021-11-27 20:34:21.114  INFO 530588 --- [onPool-worker-2] .t.t.s.TourGuideClientRewardsServiceImpl : Service - Distance calculated: 1446.3968936619005
2021-11-27 20:34:21.114  INFO 530588 --- [onPool-worker-5] .t.t.s.TourGuideClientRewardsServiceImpl : Service - Distance calculated: 9676.393788301897
2021-11-27 20:34:21.114  INFO 530588 --- [onPool-worker-2] .t.t.s.TourGuideClientRewardsServiceImpl : Service - Distance calculated: 830.5630240299212
2021-11-27 20:34:21.114  INFO 530588 --- [onPool-worker-5] .t.t.s.TourGuideClientRewardsServiceImpl : Service - Distance calculated: 10764.241461925203
2021-11-27 20:34:21.114  INFO 530588 --- [onPool-worker-2] .t.t.s.TourGuideClientRewardsServiceImpl : Service - Distance calculated: 1062.4205050802962
2021-11-27 20:34:21.114  INFO 530588 --- [onPool-worker-5] .t.t.s.TourGuideClientRewardsServiceImpl : Service - Distance calculated: 10042.605247557796
2021-11-27 20:34:21.114  INFO 530588 --- [onPool-worker-2] .t.t.s.TourGuideClientRewardsServiceImpl : Service - Distance calculated: 658.6527785294038
2021-11-27 20:34:21.114  INFO 530588 --- [onPool-worker-5] .t.t.s.TourGuideClientRewardsServiceImpl : Service - Distance calculated: 7181.15800190667
2021-11-27 20:34:21.114  INFO 530588 --- [onPool-worker-2] .t.t.s.TourGuideClientRewardsServiceImpl : Service - Distance calculated: 1360.681212043047
2021-11-27 20:34:21.114  INFO 530588 --- [onPool-worker-5] .t.t.s.TourGuideClientRewardsServiceImpl : Service - Distance calculated: 7808.511721164656
2021-11-27 20:34:21.114  INFO 530588 --- [onPool-worker-2] .t.t.s.TourGuideClientRewardsServiceImpl : Service - Distance calculated: 2535.796087524371
2021-11-27 20:34:21.114  INFO 530588 --- [onPool-worker-5] .t.t.s.TourGuideClientRewardsServiceImpl : Service - Distance calculated: 7254.941232644049
2021-11-27 20:34:21.114  INFO 530588 --- [onPool-worker-2] .t.t.s.TourGuideClientRewardsServiceImpl : Service - Distance calculated: 622.661205411614
2021-11-27 20:34:21.114  INFO 530588 --- [onPool-worker-5] .t.t.s.TourGuideClientRewardsServiceImpl : Service - Distance calculated: 7171.15715521389
2021-11-27 20:34:21.114  INFO 530588 --- [onPool-worker-2] .t.t.s.TourGuideClientRewardsServiceImpl : Service - Distance calculated: 701.9100335507012
2021-11-27 20:34:21.114  INFO 530588 --- [onPool-worker-5] .t.t.s.TourGuideClientRewardsServiceImpl : Service - Distance calculated: 7256.185177410315
2021-11-27 20:34:21.114  INFO 530588 --- [onPool-worker-2] .t.t.s.TourGuideClientRewardsServiceImpl : Service - Distance calculated: 1933.9404789619168
2021-11-27 20:34:21.114  INFO 530588 --- [onPool-worker-5] .t.t.s.TourGuideClientRewardsServiceImpl : Service - Distance calculated: 7154.697332844509
2021-11-27 20:34:21.114  INFO 530588 --- [onPool-worker-2] .t.t.s.TourGuideClientRewardsServiceImpl : Service - Distance calculated: 1275.6549319381656
2021-11-27 20:34:21.114  INFO 530588 --- [onPool-worker-5] .t.t.s.TourGuideClientRewardsServiceImpl : Service - Distance calculated: 6998.366181778625
2021-11-27 20:34:21.114  INFO 530588 --- [onPool-worker-9] .t.t.s.TourGuideClientRewardsServiceImpl : Service - Distance calculated: 9239.41517231112
2021-11-27 20:34:21.114  INFO 530588 --- [onPool-worker-2] .t.t.s.TourGuideClientRewardsServiceImpl : Service - Distance calculated: 592.3899381672909
2021-11-27 20:34:21.114  INFO 530588 --- [onPool-worker-2] .t.t.s.TourGuideClientRewardsServiceImpl : Service - Distance calculated: 561.8551702643657
2021-11-27 20:34:21.114  INFO 530588 --- [onPool-worker-8] .t.t.s.TourGuideClientRewardsServiceImpl : Service - Distance calculated: 5.8950310023474215E-5
2021-11-27 20:34:21.114  INFO 530588 --- [onPool-worker-2] .t.t.s.TourGuideClientRewardsServiceImpl : Service - Distance calculated: 5.8950310023474215E-5
2021-11-27 20:34:21.114  INFO 530588 --- [onPool-worker-5] .t.t.s.TourGuideClientRewardsServiceImpl : Service - Distance calculated: 7563.565861051526
2021-11-27 20:34:21.114  INFO 530588 --- [onPool-worker-5] .t.t.s.TourGuideClientRewardsServiceImpl : Service - Distance calculated: 7362.435822577663
2021-11-27 20:34:21.114  INFO 530588 --- [onPool-worker-9] .t.t.s.TourGuideClientRewardsServiceImpl : Service - Distance calculated: 11429.117440818107
2021-11-27 20:34:21.114  INFO 530588 --- [onPool-worker-5] .t.t.s.TourGuideClientRewardsServiceImpl : Service - Distance calculated: 9361.251965163256
2021-11-27 20:34:21.114  INFO 530588 --- [onPool-worker-5] .t.t.s.TourGuideClientRewardsServiceImpl : Service - Distance calculated: 7673.505898936842
2021-11-27 20:34:21.114  INFO 530588 --- [onPool-worker-9] .t.t.s.TourGuideClientRewardsServiceImpl : Service - Distance calculated: 12145.252126069554
2021-11-27 20:34:21.114  INFO 530588 --- [onPool-worker-5] .t.t.s.TourGuideClientRewardsServiceImpl : Service - Distance calculated: 7577.923932192609
2021-11-27 20:34:21.114  INFO 530588 --- [onPool-worker-9] .t.t.s.TourGuideClientRewardsServiceImpl : Service - Distance calculated: 11585.547399903282
2021-11-27 20:34:21.114  INFO 530588 --- [onPool-worker-5] .t.t.s.TourGuideClientRewardsServiceImpl : Service - Distance calculated: 7524.951363016349
2021-11-27 20:34:21.114  INFO 530588 --- [onPool-worker-9] .t.t.s.TourGuideClientRewardsServiceImpl : Service - Distance calculated: 11501.958551506948
2021-11-27 20:34:21.114  INFO 530588 --- [onPool-worker-5] .t.t.s.TourGuideClientRewardsServiceImpl : Service - Distance calculated: 6680.634893855938
2021-11-27 20:34:21.114  INFO 530588 --- [onPool-worker-9] .t.t.s.TourGuideClientRewardsServiceImpl : Service - Distance calculated: 11547.35553920983
2021-11-27 20:34:21.114  INFO 530588 --- [onPool-worker-5] .t.t.s.TourGuideClientRewardsServiceImpl : Service - Distance calculated: 6858.998967900921
2021-11-27 20:34:21.114  INFO 530588 --- [onPool-worker-8] .t.t.s.TourGuideClientRewardsServiceImpl : Service - Distance calculated: 774.5207212649109
2021-11-27 20:34:21.114  INFO 530588 --- [onPool-worker-9] .t.t.s.TourGuideClientRewardsServiceImpl : Service - Distance calculated: 11482.888312907326
2021-11-27 20:34:21.114  INFO 530588 --- [onPool-worker-8] .t.t.s.TourGuideClientRewardsServiceImpl : Service - Distance calculated: 164.91310606753288
2021-11-27 20:34:21.114  INFO 530588 --- [onPool-worker-9] .t.t.s.TourGuideClientRewardsServiceImpl : Service - Distance calculated: 11512.234920243667
2021-11-27 20:34:21.114  INFO 530588 --- [onPool-worker-8] .t.t.s.TourGuideClientRewardsServiceImpl : Service - Distance calculated: 115.99464245531166
2021-11-27 20:34:21.114  INFO 530588 --- [onPool-worker-9] .t.t.s.TourGuideClientRewardsServiceImpl : Service - Distance calculated: 11222.612523398771
2021-11-27 20:34:21.114  INFO 530588 --- [onPool-worker-8] .t.t.s.TourGuideClientRewardsServiceImpl : Service - Distance calculated: 1428.8577204882306
2021-11-27 20:34:21.115  INFO 530588 --- [onPool-worker-8] .t.t.s.TourGuideClientRewardsServiceImpl : Service - Distance calculated: 1418.571827418631
2021-11-27 20:34:21.114  INFO 530588 --- [onPool-worker-5] .t.t.s.TourGuideClientRewardsServiceImpl : Service - Distance calculated: 7078.039960420221
2021-11-27 20:34:21.115  INFO 530588 --- [onPool-worker-8] .t.t.s.TourGuideClientRewardsServiceImpl : Service - Distance calculated: 460.11990361699293
2021-11-27 20:34:21.115  INFO 530588 --- [onPool-worker-5] .t.t.s.TourGuideClientRewardsServiceImpl : Service - Distance calculated: 6874.600568310219
2021-11-27 20:34:21.115  INFO 530588 --- [onPool-worker-5] .t.t.s.TourGuideClientRewardsServiceImpl : Service - Distance calculated: 7282.200319344413
2021-11-27 20:34:21.115  INFO 530588 --- [onPool-worker-5] .t.t.s.TourGuideClientRewardsServiceImpl : Service - Distance calculated: 6881.629165095476
2021-11-27 20:34:21.115  INFO 530588 --- [onPool-worker-5] .t.t.s.TourGuideClientRewardsServiceImpl : Service - Distance calculated: 7101.341992540869
2021-11-27 20:34:21.115  INFO 530588 --- [onPool-worker-9] .t.t.s.TourGuideClientRewardsServiceImpl : Service - Distance calculated: 11214.886282209793
2021-11-27 20:34:21.115  INFO 530588 --- [onPool-worker-9] .t.t.s.TourGuideClientRewardsServiceImpl : Service - Distance calculated: 10300.055122571526
2021-11-27 20:34:21.115  INFO 530588 --- [onPool-worker-9] .t.t.s.TourGuideClientRewardsServiceImpl : Service - Distance calculated: 10828.652940017042
2021-11-27 20:34:21.115  INFO 530588 --- [onPool-worker-2] .t.t.s.TourGuideClientRewardsServiceImpl : Service - Distance calculated: 774.5207212649109
2021-11-27 20:34:21.115  INFO 530588 --- [onPool-worker-8] .t.t.s.TourGuideClientRewardsServiceImpl : Service - Distance calculated: 1992.7911930022951
2021-11-27 20:34:21.115  INFO 530588 --- [onPool-worker-2] .t.t.s.TourGuideClientRewardsServiceImpl : Service - Distance calculated: 164.91310606753288
2021-11-27 20:34:21.115  INFO 530588 --- [onPool-worker-8] .t.t.s.TourGuideClientRewardsServiceImpl : Service - Distance calculated: 1906.7972782801585
2021-11-27 20:34:21.115  INFO 530588 --- [onPool-worker-5] .t.t.s.TourGuideClientRewardsServiceImpl : Service - Distance calculated: 6743.485338677558
2021-11-27 20:34:21.115  INFO 530588 --- [onPool-worker-8] .t.t.s.TourGuideClientRewardsServiceImpl : Service - Distance calculated: 2360.645624935619
2021-11-27 20:34:21.115  INFO 530588 --- [onPool-worker-8] .t.t.s.TourGuideClientRewardsServiceImpl : Service - Distance calculated: 2434.494471527265
2021-11-27 20:34:21.115  INFO 530588 --- [onPool-worker-5] .t.t.s.TourGuideClientRewardsServiceImpl : Service - Distance calculated: 7804.0595078274755
2021-11-27 20:34:21.115  INFO 530588 --- [onPool-worker-8] .t.t.s.TourGuideClientRewardsServiceImpl : Service - Distance calculated: 2148.3967563579567
2021-11-27 20:34:21.115  INFO 530588 --- [onPool-worker-5] .t.t.s.TourGuideClientRewardsServiceImpl : Service - Distance calculated: 6977.441708120303
2021-11-27 20:34:21.115  INFO 530588 --- [onPool-worker-8] .t.t.s.TourGuideClientRewardsServiceImpl : Service - Distance calculated: 2282.746325565392
2021-11-27 20:34:21.115  INFO 530588 --- [onPool-worker-5] .t.t.s.TourGuideClientRewardsServiceImpl : Service - Distance calculated: 7462.543920509182
2021-11-27 20:34:21.115  INFO 530588 --- [onPool-worker-8] .t.t.s.TourGuideClientRewardsServiceImpl : Service - Distance calculated: 2289.4339721013357
2021-11-27 20:34:21.115  INFO 530588 --- [onPool-worker-5] .t.t.s.TourGuideClientRewardsServiceImpl : Service - Distance calculated: 7682.059931923281
2021-11-27 20:34:21.115  INFO 530588 --- [onPool-worker-8] .t.t.s.TourGuideClientRewardsServiceImpl : Service - Distance calculated: 1204.372289719331
2021-11-27 20:34:21.115  INFO 530588 --- [onPool-worker-9] .t.t.s.TourGuideClientRewardsServiceImpl : Service - Distance calculated: 11077.810598461147
2021-11-27 20:34:21.115  INFO 530588 --- [onPool-worker-2] .t.t.s.TourGuideClientRewardsServiceImpl : Service - Distance calculated: 115.99464245531166
2021-11-27 20:34:21.115  INFO 530588 --- [onPool-worker-5] .t.t.s.TourGuideClientRewardsServiceImpl : Service - Distance calculated: 6776.536843388047
2021-11-27 20:34:21.115  INFO 530588 --- [onPool-worker-2] .t.t.s.TourGuideClientRewardsServiceImpl : Service - Distance calculated: 1428.8577204882306
2021-11-27 20:34:21.115  INFO 530588 --- [onPool-worker-2] .t.t.s.TourGuideClientRewardsServiceImpl : Service - Distance calculated: 1418.571827418631
2021-11-27 20:34:21.115  INFO 530588 --- [onPool-worker-5] .t.t.s.TourGuideClientRewardsServiceImpl : Service - Distance calculated: 5.8950310023474215E-5
2021-11-27 20:34:21.115  INFO 530588 --- [onPool-worker-2] .t.t.s.TourGuideClientRewardsServiceImpl : Service - Distance calculated: 460.11990361699293
2021-11-27 20:34:21.115  INFO 530588 --- [onPool-worker-2] .t.t.s.TourGuideClientRewardsServiceImpl : Service - Distance calculated: 1992.7911930022951
2021-11-27 20:34:21.115  INFO 530588 --- [onPool-worker-2] .t.t.s.TourGuideClientRewardsServiceImpl : Service - Distance calculated: 1906.7972782801585
2021-11-27 20:34:21.115  INFO 530588 --- [onPool-worker-2] .t.t.s.TourGuideClientRewardsServiceImpl : Service - Distance calculated: 2360.645624935619
2021-11-27 20:34:21.115  INFO 530588 --- [onPool-worker-2] .t.t.s.TourGuideClientRewardsServiceImpl : Service - Distance calculated: 2434.494471527265
2021-11-27 20:34:21.115  INFO 530588 --- [onPool-worker-2] .t.t.s.TourGuideClientRewardsServiceImpl : Service - Distance calculated: 2148.3967563579567
2021-11-27 20:34:21.115  INFO 530588 --- [onPool-worker-2] .t.t.s.TourGuideClientRewardsServiceImpl : Service - Distance calculated: 2282.746325565392
2021-11-27 20:34:21.115  INFO 530588 --- [onPool-worker-2] .t.t.s.TourGuideClientRewardsServiceImpl : Service - Distance calculated: 2289.4339721013357
2021-11-27 20:34:21.115  INFO 530588 --- [onPool-worker-2] .t.t.s.TourGuideClientRewardsServiceImpl : Service - Distance calculated: 1204.372289719331
2021-11-27 20:34:21.115  INFO 530588 --- [onPool-worker-2] .t.t.s.TourGuideClientRewardsServiceImpl : Service - Distance calculated: 1742.5694022642394
2021-11-27 20:34:21.115  INFO 530588 --- [onPool-worker-2] .t.t.s.TourGuideClientRewardsServiceImpl : Service - Distance calculated: 1576.7472428725728
2021-11-27 20:34:21.115  INFO 530588 --- [onPool-worker-2] .t.t.s.TourGuideClientRewardsServiceImpl : Service - Distance calculated: 1921.4807999190489
2021-11-27 20:34:21.115  INFO 530588 --- [onPool-worker-8] .t.t.s.TourGuideClientRewardsServiceImpl : Service - Distance calculated: 1742.5694022642394
2021-11-27 20:34:21.115  INFO 530588 --- [onPool-worker-9] .t.t.s.TourGuideClientRewardsServiceImpl : Service - Distance calculated: 10929.680141986615
2021-11-27 20:34:21.115  INFO 530588 --- [onPool-worker-8] .t.t.s.TourGuideClientRewardsServiceImpl : Service - Distance calculated: 1576.7472428725728
2021-11-27 20:34:21.115  INFO 530588 --- [onPool-worker-5] .t.t.s.TourGuideClientRewardsServiceImpl : Service - Distance calculated: 774.5207212649109
2021-11-27 20:34:21.115  INFO 530588 --- [onPool-worker-8] .t.t.s.TourGuideClientRewardsServiceImpl : Service - Distance calculated: 1921.4807999190489
2021-11-27 20:34:21.115  INFO 530588 --- [onPool-worker-2] .t.t.s.TourGuideClientRewardsServiceImpl : Service - Distance calculated: 1277.6245433336508
2021-11-27 20:34:21.115  INFO 530588 --- [onPool-worker-9] .t.t.s.TourGuideClientRewardsServiceImpl : Service - Distance calculated: 10580.599344680699
2021-11-27 20:34:21.115  INFO 530588 --- [onPool-worker-2] .t.t.s.TourGuideClientRewardsServiceImpl : Service - Distance calculated: 87.03441722159666
2021-11-27 20:34:21.115  INFO 530588 --- [onPool-worker-5] .t.t.s.TourGuideClientRewardsServiceImpl : Service - Distance calculated: 164.91310606753288
2021-11-27 20:34:21.115  INFO 530588 --- [onPool-worker-2] .t.t.s.TourGuideClientRewardsServiceImpl : Service - Distance calculated: 2127.2478407793283
2021-11-27 20:34:21.115  INFO 530588 --- [onPool-worker-8] .t.t.s.TourGuideClientRewardsServiceImpl : Service - Distance calculated: 1277.6245433336508
2021-11-27 20:34:21.115  INFO 530588 --- [onPool-worker-2] .t.t.s.TourGuideClientRewardsServiceImpl : Service - Distance calculated: 2578.910516018122
2021-11-27 20:34:21.115  INFO 530588 --- [onPool-worker-9] .t.t.s.TourGuideClientRewardsServiceImpl : Service - Distance calculated: 11364.905692523404
2021-11-27 20:34:21.115  INFO 530588 --- [onPool-worker-2] .t.t.s.TourGuideClientRewardsServiceImpl : Service - Distance calculated: 680.6158831369517
2021-11-27 20:34:21.115  INFO 530588 --- [onPool-worker-9] .t.t.s.TourGuideClientRewardsServiceImpl : Service - Distance calculated: 11202.599673349636
2021-11-27 20:34:21.115  INFO 530588 --- [onPool-worker-2] .t.t.s.TourGuideClientRewardsServiceImpl : Service - Distance calculated: 1344.090272349311
2021-11-27 20:34:21.115  INFO 530588 --- [onPool-worker-9] .t.t.s.TourGuideClientRewardsServiceImpl : Service - Distance calculated: 11190.859303629679
2021-11-27 20:34:21.115  INFO 530588 --- [onPool-worker-2] .t.t.s.TourGuideClientRewardsServiceImpl : Service - Distance calculated: 2440.177336041544
2021-11-27 20:34:21.115  INFO 530588 --- [onPool-worker-5] .t.t.s.TourGuideClientRewardsServiceImpl : Service - Distance calculated: 115.99464245531166
2021-11-27 20:34:21.115  INFO 530588 --- [onPool-worker-2] .t.t.s.TourGuideClientRewardsServiceImpl : Service - Distance calculated: 2168.830527042806
2021-11-27 20:34:21.115  INFO 530588 --- [onPool-worker-8] .t.t.s.TourGuideClientRewardsServiceImpl : Service - Distance calculated: 87.03441722159666
2021-11-27 20:34:21.115  INFO 530588 --- [onPool-worker-2] .t.t.s.TourGuideClientRewardsServiceImpl : Service - Calculate rewards points for user: internalUser82
2021-11-27 20:34:21.115  INFO 530588 --- [onPool-worker-8] .t.t.s.TourGuideClientRewardsServiceImpl : Service - Distance calculated: 2127.2478407793283
2021-11-27 20:34:21.115  INFO 530588 --- [onPool-worker-8] .t.t.s.TourGuideClientRewardsServiceImpl : Service - Distance calculated: 2578.910516018122
2021-11-27 20:34:21.115  INFO 530588 --- [onPool-worker-8] .t.t.s.TourGuideClientRewardsServiceImpl : Service - Distance calculated: 680.6158831369517
2021-11-27 20:34:21.115  INFO 530588 --- [onPool-worker-8] .t.t.s.TourGuideClientRewardsServiceImpl : Service - Distance calculated: 1344.090272349311
2021-11-27 20:34:21.115  INFO 530588 --- [onPool-worker-8] .t.t.s.TourGuideClientRewardsServiceImpl : Service - Distance calculated: 2440.177336041544
2021-11-27 20:34:21.115  INFO 530588 --- [onPool-worker-8] .t.t.s.TourGuideClientRewardsServiceImpl : Service - Distance calculated: 2168.830527042806
2021-11-27 20:34:21.115  INFO 530588 --- [onPool-worker-9] .t.t.s.TourGuideClientRewardsServiceImpl : Service - Distance calculated: 11163.807862967455
2021-11-27 20:34:21.116  INFO 530588 --- [onPool-worker-8] .t.t.s.TourGuideClientRewardsServiceImpl : Service - Calculate rewards points for user: internalUser9
2021-11-27 20:34:21.116  INFO 530588 --- [onPool-worker-9] .t.t.s.TourGuideClientRewardsServiceImpl : Service - Distance calculated: 11354.045584453741
2021-11-27 20:34:21.116  INFO 530588 --- [onPool-worker-9] .t.t.s.TourGuideClientRewardsServiceImpl : Service - Distance calculated: 11395.875558449517
2021-11-27 20:34:21.116  INFO 530588 --- [onPool-worker-9] .t.t.s.TourGuideClientRewardsServiceImpl : Service - Distance calculated: 10734.641251787387
2021-11-27 20:34:21.116  INFO 530588 --- [onPool-worker-9] .t.t.s.TourGuideClientRewardsServiceImpl : Service - Distance calculated: 10719.911591376953
2021-11-27 20:34:21.116  INFO 530588 --- [onPool-worker-9] .t.t.s.TourGuideClientRewardsServiceImpl : Service - Distance calculated: 11547.291290925885
2021-11-27 20:34:21.116  INFO 530588 --- [onPool-worker-9] .t.t.s.TourGuideClientRewardsServiceImpl : Service - Distance calculated: 11759.142080488387
2021-11-27 20:34:21.116  INFO 530588 --- [onPool-worker-9] .t.t.s.TourGuideClientRewardsServiceImpl : Service - Distance calculated: 10825.50247849231
2021-11-27 20:34:21.116  INFO 530588 --- [onPool-worker-9] .t.t.s.TourGuideClientRewardsServiceImpl : Service - Distance calculated: 10718.898059617035
2021-11-27 20:34:21.116  INFO 530588 --- [onPool-worker-9] .t.t.s.TourGuideClientRewardsServiceImpl : Service - Distance calculated: 5.8950310023474215E-5
2021-11-27 20:34:21.116  INFO 530588 --- [onPool-worker-9] .t.t.s.TourGuideClientRewardsServiceImpl : Service - Distance calculated: 774.5207212649109
2021-11-27 20:34:21.116  INFO 530588 --- [onPool-worker-9] .t.t.s.TourGuideClientRewardsServiceImpl : Service - Distance calculated: 164.91310606753288
2021-11-27 20:34:21.116  INFO 530588 --- [onPool-worker-9] .t.t.s.TourGuideClientRewardsServiceImpl : Service - Distance calculated: 115.99464245531166
2021-11-27 20:34:21.116  INFO 530588 --- [onPool-worker-9] .t.t.s.TourGuideClientRewardsServiceImpl : Service - Distance calculated: 1428.8577204882306
2021-11-27 20:34:21.116  INFO 530588 --- [onPool-worker-9] .t.t.s.TourGuideClientRewardsServiceImpl : Service - Distance calculated: 1418.571827418631
2021-11-27 20:34:21.115  INFO 530588 --- [onPool-worker-5] .t.t.s.TourGuideClientRewardsServiceImpl : Service - Distance calculated: 1428.8577204882306
2021-11-27 20:34:21.116  INFO 530588 --- [onPool-worker-9] .t.t.s.TourGuideClientRewardsServiceImpl : Service - Distance calculated: 460.11990361699293
2021-11-27 20:34:21.116  INFO 530588 --- [onPool-worker-9] .t.t.s.TourGuideClientRewardsServiceImpl : Service - Distance calculated: 1992.7911930022951
2021-11-27 20:34:21.116  INFO 530588 --- [onPool-worker-5] .t.t.s.TourGuideClientRewardsServiceImpl : Service - Distance calculated: 1418.571827418631
2021-11-27 20:34:21.116  INFO 530588 --- [onPool-worker-9] .t.t.s.TourGuideClientRewardsServiceImpl : Service - Distance calculated: 1906.7972782801585
2021-11-27 20:34:21.116  INFO 530588 --- [onPool-worker-5] .t.t.s.TourGuideClientRewardsServiceImpl : Service - Distance calculated: 460.11990361699293
2021-11-27 20:34:21.116  INFO 530588 --- [onPool-worker-9] .t.t.s.TourGuideClientRewardsServiceImpl : Service - Distance calculated: 2360.645624935619
2021-11-27 20:34:21.116  INFO 530588 --- [onPool-worker-9] .t.t.s.TourGuideClientRewardsServiceImpl : Service - Distance calculated: 2434.494471527265
2021-11-27 20:34:21.116  INFO 530588 --- [onPool-worker-9] .t.t.s.TourGuideClientRewardsServiceImpl : Service - Distance calculated: 2148.3967563579567
2021-11-27 20:34:21.116  INFO 530588 --- [onPool-worker-9] .t.t.s.TourGuideClientRewardsServiceImpl : Service - Distance calculated: 2282.746325565392
2021-11-27 20:34:21.116  INFO 530588 --- [onPool-worker-5] .t.t.s.TourGuideClientRewardsServiceImpl : Service - Distance calculated: 1992.7911930022951
2021-11-27 20:34:21.116  INFO 530588 --- [onPool-worker-9] .t.t.s.TourGuideClientRewardsServiceImpl : Service - Distance calculated: 2289.4339721013357
2021-11-27 20:34:21.116  INFO 530588 --- [onPool-worker-5] .t.t.s.TourGuideClientRewardsServiceImpl : Service - Distance calculated: 1906.7972782801585
2021-11-27 20:34:21.116  INFO 530588 --- [onPool-worker-9] .t.t.s.TourGuideClientRewardsServiceImpl : Service - Distance calculated: 1204.372289719331
2021-11-27 20:34:21.116  INFO 530588 --- [onPool-worker-5] .t.t.s.TourGuideClientRewardsServiceImpl : Service - Distance calculated: 2360.645624935619
2021-11-27 20:34:21.116  INFO 530588 --- [onPool-worker-9] .t.t.s.TourGuideClientRewardsServiceImpl : Service - Distance calculated: 1742.5694022642394
2021-11-27 20:34:21.116  INFO 530588 --- [onPool-worker-5] .t.t.s.TourGuideClientRewardsServiceImpl : Service - Distance calculated: 2434.494471527265
2021-11-27 20:34:21.116  INFO 530588 --- [onPool-worker-9] .t.t.s.TourGuideClientRewardsServiceImpl : Service - Distance calculated: 1576.7472428725728
2021-11-27 20:34:21.116  INFO 530588 --- [onPool-worker-5] .t.t.s.TourGuideClientRewardsServiceImpl : Service - Distance calculated: 2148.3967563579567
2021-11-27 20:34:21.116  INFO 530588 --- [onPool-worker-9] .t.t.s.TourGuideClientRewardsServiceImpl : Service - Distance calculated: 1921.4807999190489
2021-11-27 20:34:21.116  INFO 530588 --- [onPool-worker-5] .t.t.s.TourGuideClientRewardsServiceImpl : Service - Distance calculated: 2282.746325565392
2021-11-27 20:34:21.116  INFO 530588 --- [onPool-worker-9] .t.t.s.TourGuideClientRewardsServiceImpl : Service - Distance calculated: 1277.6245433336508
2021-11-27 20:34:21.116  INFO 530588 --- [onPool-worker-9] .t.t.s.TourGuideClientRewardsServiceImpl : Service - Distance calculated: 87.03441722159666
2021-11-27 20:34:21.116  INFO 530588 --- [onPool-worker-9] .t.t.s.TourGuideClientRewardsServiceImpl : Service - Distance calculated: 2127.2478407793283
2021-11-27 20:34:21.116  INFO 530588 --- [onPool-worker-9] .t.t.s.TourGuideClientRewardsServiceImpl : Service - Distance calculated: 2578.910516018122
2021-11-27 20:34:21.116  INFO 530588 --- [onPool-worker-9] .t.t.s.TourGuideClientRewardsServiceImpl : Service - Distance calculated: 680.6158831369517
2021-11-27 20:34:21.116  INFO 530588 --- [onPool-worker-5] .t.t.s.TourGuideClientRewardsServiceImpl : Service - Distance calculated: 2289.4339721013357
2021-11-27 20:34:21.116  INFO 530588 --- [onPool-worker-9] .t.t.s.TourGuideClientRewardsServiceImpl : Service - Distance calculated: 1344.090272349311
2021-11-27 20:34:21.116  INFO 530588 --- [onPool-worker-5] .t.t.s.TourGuideClientRewardsServiceImpl : Service - Distance calculated: 1204.372289719331
2021-11-27 20:34:21.116  INFO 530588 --- [onPool-worker-9] .t.t.s.TourGuideClientRewardsServiceImpl : Service - Distance calculated: 2440.177336041544
2021-11-27 20:34:21.116  INFO 530588 --- [onPool-worker-5] .t.t.s.TourGuideClientRewardsServiceImpl : Service - Distance calculated: 1742.5694022642394
2021-11-27 20:34:21.116  INFO 530588 --- [onPool-worker-9] .t.t.s.TourGuideClientRewardsServiceImpl : Service - Distance calculated: 2168.830527042806
2021-11-27 20:34:21.116  INFO 530588 --- [onPool-worker-5] .t.t.s.TourGuideClientRewardsServiceImpl : Service - Distance calculated: 1576.7472428725728
2021-11-27 20:34:21.116  INFO 530588 --- [onPool-worker-9] .t.t.s.TourGuideClientRewardsServiceImpl : Service - Calculate rewards points for user: internalUser19
2021-11-27 20:34:21.116  INFO 530588 --- [onPool-worker-5] .t.t.s.TourGuideClientRewardsServiceImpl : Service - Distance calculated: 1921.4807999190489
2021-11-27 20:34:21.116  INFO 530588 --- [onPool-worker-5] .t.t.s.TourGuideClientRewardsServiceImpl : Service - Distance calculated: 1277.6245433336508
2021-11-27 20:34:21.116  INFO 530588 --- [onPool-worker-5] .t.t.s.TourGuideClientRewardsServiceImpl : Service - Distance calculated: 87.03441722159666
2021-11-27 20:34:21.116  INFO 530588 --- [onPool-worker-5] .t.t.s.TourGuideClientRewardsServiceImpl : Service - Distance calculated: 2127.2478407793283
2021-11-27 20:34:21.116  INFO 530588 --- [onPool-worker-5] .t.t.s.TourGuideClientRewardsServiceImpl : Service - Distance calculated: 2578.910516018122
2021-11-27 20:34:21.116  INFO 530588 --- [onPool-worker-5] .t.t.s.TourGuideClientRewardsServiceImpl : Service - Distance calculated: 680.6158831369517
2021-11-27 20:34:21.116  INFO 530588 --- [onPool-worker-5] .t.t.s.TourGuideClientRewardsServiceImpl : Service - Distance calculated: 1344.090272349311
2021-11-27 20:34:21.116  INFO 530588 --- [onPool-worker-5] .t.t.s.TourGuideClientRewardsServiceImpl : Service - Distance calculated: 2440.177336041544
2021-11-27 20:34:21.117  INFO 530588 --- [onPool-worker-5] .t.t.s.TourGuideClientRewardsServiceImpl : Service - Distance calculated: 2168.830527042806
2021-11-27 20:34:21.117  INFO 530588 --- [onPool-worker-5] .t.t.s.TourGuideClientRewardsServiceImpl : Service - Calculate rewards points for user: internalUser8
2021-11-27 20:34:21.119  INFO 530588 --- [onPool-worker-6] .t.t.s.TourGuideClientRewardsServiceImpl : Service - Distance calculated: 8748.532653146374
2021-11-27 20:34:21.119  INFO 530588 --- [onPool-worker-6] .t.t.s.TourGuideClientRewardsServiceImpl : Service - Distance calculated: 8555.488585054145
2021-11-27 20:34:21.119  INFO 530588 --- [onPool-worker-6] .t.t.s.TourGuideClientRewardsServiceImpl : Service - Distance calculated: 8796.478162795955
2021-11-27 20:34:21.119  INFO 530588 --- [onPool-worker-6] .t.t.s.TourGuideClientRewardsServiceImpl : Service - Distance calculated: 8835.98453900407
2021-11-27 20:34:21.119  INFO 530588 --- [onPool-worker-6] .t.t.s.TourGuideClientRewardsServiceImpl : Service - Distance calculated: 9493.082747147195
2021-11-27 20:34:21.119  INFO 530588 --- [onPool-worker-6] .t.t.s.TourGuideClientRewardsServiceImpl : Service - Distance calculated: 9581.019945014044
2021-11-27 20:34:21.119  INFO 530588 --- [onPool-worker-6] .t.t.s.TourGuideClientRewardsServiceImpl : Service - Distance calculated: 9169.629622421728
2021-11-27 20:34:21.119  INFO 530588 --- [onPool-worker-6] .t.t.s.TourGuideClientRewardsServiceImpl : Service - Distance calculated: 9358.117932223955
2021-11-27 20:34:21.119  INFO 530588 --- [onPool-worker-6] .t.t.s.TourGuideClientRewardsServiceImpl : Service - Distance calculated: 9539.662466337984
2021-11-27 20:34:21.119  INFO 530588 --- [onPool-worker-6] .t.t.s.TourGuideClientRewardsServiceImpl : Service - Distance calculated: 6557.057430015459
2021-11-27 20:34:21.119  INFO 530588 --- [onPool-worker-6] .t.t.s.TourGuideClientRewardsServiceImpl : Service - Distance calculated: 9299.254277638925
2021-11-27 20:34:21.119  INFO 530588 --- [onPool-worker-6] .t.t.s.TourGuideClientRewardsServiceImpl : Service - Distance calculated: 9369.588321383007
2021-11-27 20:34:21.119  INFO 530588 --- [onPool-worker-6] .t.t.s.TourGuideClientRewardsServiceImpl : Service - Distance calculated: 9438.232555179622
2021-11-27 20:34:21.119  INFO 530588 --- [onPool-worker-6] .t.t.s.TourGuideClientRewardsServiceImpl : Service - Distance calculated: 10266.241075731159
2021-11-27 20:34:21.119  INFO 530588 --- [onPool-worker-6] .t.t.s.TourGuideClientRewardsServiceImpl : Service - Distance calculated: 9719.44211630882
2021-11-27 20:34:21.119  INFO 530588 --- [onPool-worker-6] .t.t.s.TourGuideClientRewardsServiceImpl : Service - Distance calculated: 9766.489893248427
2021-11-27 20:34:21.119  INFO 530588 --- [onPool-worker-6] .t.t.s.TourGuideClientRewardsServiceImpl : Service - Distance calculated: 9884.662351974543
2021-11-27 20:34:21.119  INFO 530588 --- [onPool-worker-6] .t.t.s.TourGuideClientRewardsServiceImpl : Service - Distance calculated: 9621.247359357636
2021-11-27 20:34:21.119  INFO 530588 --- [onPool-worker-6] .t.t.s.TourGuideClientRewardsServiceImpl : Service - Distance calculated: 9741.551133952735
2021-11-27 20:34:21.119  INFO 530588 --- [onPool-worker-6] .t.t.s.TourGuideClientRewardsServiceImpl : Service - Distance calculated: 8829.664335298794
2021-11-27 20:34:21.119  INFO 530588 --- [onPool-worker-6] .t.t.s.TourGuideClientRewardsServiceImpl : Service - Distance calculated: 10176.100516590153
2021-11-27 20:34:21.119  INFO 530588 --- [onPool-worker-6] .t.t.s.TourGuideClientRewardsServiceImpl : Service - Distance calculated: 9170.978530377908
2021-11-27 20:34:21.119  INFO 530588 --- [onPool-worker-6] .t.t.s.TourGuideClientRewardsServiceImpl : Service - Distance calculated: 9330.982876875762
2021-11-27 20:34:21.119  INFO 530588 --- [onPool-worker-6] .t.t.s.TourGuideClientRewardsServiceImpl : Service - Distance calculated: 9263.293173262538
2021-11-27 20:34:21.119  INFO 530588 --- [onPool-worker-6] .t.t.s.TourGuideClientRewardsServiceImpl : Service - Distance calculated: 9290.897894625452
2021-11-27 20:34:21.119  INFO 530588 --- [onPool-worker-6] .t.t.s.TourGuideClientRewardsServiceImpl : Service - Distance calculated: 10154.260093592162
2021-11-27 20:34:21.119  INFO 530588 --- [onPool-worker-6] .t.t.s.TourGuideClientRewardsServiceImpl : Service - Distance calculated: 4040.3500569414
2021-11-27 20:34:21.119  INFO 530588 --- [onPool-worker-6] .t.t.s.TourGuideClientRewardsServiceImpl : Service - Distance calculated: 4716.642504312785
2021-11-27 20:34:21.119  INFO 530588 --- [onPool-worker-6] .t.t.s.TourGuideClientRewardsServiceImpl : Service - Distance calculated: 4127.021010563301
2021-11-27 20:34:21.119  INFO 530588 --- [onPool-worker-6] .t.t.s.TourGuideClientRewardsServiceImpl : Service - Distance calculated: 4040.3872382322616
2021-11-27 20:34:21.119  INFO 530588 --- [onPool-worker-6] .t.t.s.TourGuideClientRewardsServiceImpl : Service - Distance calculated: 4426.756758276666
2021-11-27 20:34:21.119  INFO 530588 --- [onPool-worker-6] .t.t.s.TourGuideClientRewardsServiceImpl : Service - Distance calculated: 4327.1689541490305
2021-11-27 20:34:21.119  INFO 530588 --- [onPool-worker-6] .t.t.s.TourGuideClientRewardsServiceImpl : Service - Distance calculated: 3910.081840381556
2021-11-27 20:34:21.119  INFO 530588 --- [onPool-worker-6] .t.t.s.TourGuideClientRewardsServiceImpl : Service - Distance calculated: 4923.230756231963
2021-11-27 20:34:21.119  INFO 530588 --- [onPool-worker-6] .t.t.s.TourGuideClientRewardsServiceImpl : Service - Distance calculated: 4710.575442977057
2021-11-27 20:34:21.119  INFO 530588 --- [onPool-worker-6] .t.t.s.TourGuideClientRewardsServiceImpl : Service - Distance calculated: 6240.834793094947
2021-11-27 20:34:21.119  INFO 530588 --- [onPool-worker-6] .t.t.s.TourGuideClientRewardsServiceImpl : Service - Distance calculated: 5219.58566255024
2021-11-27 20:34:21.119  INFO 530588 --- [onPool-worker-6] .t.t.s.TourGuideClientRewardsServiceImpl : Service - Distance calculated: 5004.4573999261665
2021-11-27 20:34:21.119  INFO 530588 --- [onPool-worker-6] .t.t.s.TourGuideClientRewardsServiceImpl : Service - Distance calculated: 5021.803139778149
2021-11-27 20:34:21.119  INFO 530588 --- [onPool-worker-6] .t.t.s.TourGuideClientRewardsServiceImpl : Service - Distance calculated: 4244.249842587131
2021-11-27 20:34:21.119  INFO 530588 --- [onPool-worker-6] .t.t.s.TourGuideClientRewardsServiceImpl : Service - Distance calculated: 3957.5265732917246
2021-11-27 20:34:21.119  INFO 530588 --- [onPool-worker-6] .t.t.s.TourGuideClientRewardsServiceImpl : Service - Distance calculated: 4378.695391245285
2021-11-27 20:34:21.119  INFO 530588 --- [onPool-worker-6] .t.t.s.TourGuideClientRewardsServiceImpl : Service - Distance calculated: 4110.889011790854
2021-11-27 20:34:21.119  INFO 530588 --- [onPool-worker-6] .t.t.s.TourGuideClientRewardsServiceImpl : Service - Distance calculated: 4644.60283789952
2021-11-27 20:34:21.119  INFO 530588 --- [nPool-worker-15] .t.t.s.TourGuideClientRewardsServiceImpl : Service - Distance calculated: 10340.254218653914
2021-11-27 20:34:21.119  INFO 530588 --- [onPool-worker-6] .t.t.s.TourGuideClientRewardsServiceImpl : Service - Distance calculated: 4006.1305785687787
2021-11-27 20:34:21.119  INFO 530588 --- [nPool-worker-15] .t.t.s.TourGuideClientRewardsServiceImpl : Service - Distance calculated: 9711.223643264733
2021-11-27 20:34:21.119  INFO 530588 --- [onPool-worker-6] .t.t.s.TourGuideClientRewardsServiceImpl : Service - Distance calculated: 3963.493350639298
2021-11-27 20:34:21.119  INFO 530588 --- [nPool-worker-15] .t.t.s.TourGuideClientRewardsServiceImpl : Service - Distance calculated: 10276.3662870034
2021-11-27 20:34:21.119  INFO 530588 --- [onPool-worker-6] .t.t.s.TourGuideClientRewardsServiceImpl : Service - Distance calculated: 4225.115529780817
2021-11-27 20:34:21.119  INFO 530588 --- [nPool-worker-15] .t.t.s.TourGuideClientRewardsServiceImpl : Service - Distance calculated: 10358.87862969028
2021-11-27 20:34:21.119  INFO 530588 --- [onPool-worker-6] .t.t.s.TourGuideClientRewardsServiceImpl : Service - Distance calculated: 5397.749741300178
2021-11-27 20:34:21.119  INFO 530588 --- [nPool-worker-15] .t.t.s.TourGuideClientRewardsServiceImpl : Service - Distance calculated: 9942.035724081508
2021-11-27 20:34:21.119  INFO 530588 --- [onPool-worker-6] .t.t.s.TourGuideClientRewardsServiceImpl : Service - Distance calculated: 3933.4499582771805
2021-11-27 20:34:21.119  INFO 530588 --- [nPool-worker-15] .t.t.s.TourGuideClientRewardsServiceImpl : Service - Distance calculated: 10035.718840138732
2021-11-27 20:34:21.119  INFO 530588 --- [onPool-worker-6] .t.t.s.TourGuideClientRewardsServiceImpl : Service - Distance calculated: 4586.015581794379
2021-11-27 20:34:21.119  INFO 530588 --- [nPool-worker-15] .t.t.s.TourGuideClientRewardsServiceImpl : Service - Distance calculated: 10521.50375730264
2021-11-27 20:34:21.119  INFO 530588 --- [nPool-worker-15] .t.t.s.TourGuideClientRewardsServiceImpl : Service - Distance calculated: 9380.128139370843
2021-11-27 20:34:21.119  INFO 530588 --- [nPool-worker-15] .t.t.s.TourGuideClientRewardsServiceImpl : Service - Distance calculated: 9582.586788813387
2021-11-27 20:34:21.119  INFO 530588 --- [nPool-worker-15] .t.t.s.TourGuideClientRewardsServiceImpl : Service - Distance calculated: 8014.207260381604
2021-11-27 20:34:21.119  INFO 530588 --- [nPool-worker-15] .t.t.s.TourGuideClientRewardsServiceImpl : Service - Distance calculated: 9013.521704958668
2021-11-27 20:34:21.119  INFO 530588 --- [nPool-worker-15] .t.t.s.TourGuideClientRewardsServiceImpl : Service - Distance calculated: 9270.983961080554
2021-11-27 20:34:21.120  INFO 530588 --- [nPool-worker-15] .t.t.s.TourGuideClientRewardsServiceImpl : Service - Distance calculated: 9217.960655196768
2021-11-27 20:34:21.120  INFO 530588 --- [nPool-worker-11] .t.t.s.TourGuideClientRewardsServiceImpl : Service - Distance calculated: 7729.779863895422
2021-11-27 20:34:21.120  INFO 530588 --- [nPool-worker-15] .t.t.s.TourGuideClientRewardsServiceImpl : Service - Distance calculated: 9851.057743275167
2021-11-27 20:34:21.120  INFO 530588 --- [nPool-worker-11] .t.t.s.TourGuideClientRewardsServiceImpl : Service - Distance calculated: 6987.880231989726
2021-11-27 20:34:21.120  INFO 530588 --- [nPool-worker-15] .t.t.s.TourGuideClientRewardsServiceImpl : Service - Distance calculated: 10427.093513542895
2021-11-27 20:34:21.119  INFO 530588 --- [onPool-worker-6] .t.t.s.TourGuideClientRewardsServiceImpl : Service - Distance calculated: 5229.425387859965
2021-11-27 20:34:21.120  INFO 530588 --- [nPool-worker-15] .t.t.s.TourGuideClientRewardsServiceImpl : Service - Distance calculated: 9914.421106873579
2021-11-27 20:34:21.120  INFO 530588 --- [nPool-worker-11] .t.t.s.TourGuideClientRewardsServiceImpl : Service - Distance calculated: 7567.8617968075905
2021-11-27 20:34:21.120  INFO 530588 --- [nPool-worker-15] .t.t.s.TourGuideClientRewardsServiceImpl : Service - Distance calculated: 10200.015938806662
2021-11-27 20:34:21.120  INFO 530588 --- [onPool-worker-6] .t.t.s.TourGuideClientRewardsServiceImpl : Service - Distance calculated: 4278.65455907498
2021-11-27 20:34:21.120  INFO 530588 --- [nPool-worker-11] .t.t.s.TourGuideClientRewardsServiceImpl : Service - Distance calculated: 7644.1085299262
2021-11-27 20:34:21.120  INFO 530588 --- [nPool-worker-15] .t.t.s.TourGuideClientRewardsServiceImpl : Service - Distance calculated: 9635.047026861654
2021-11-27 20:34:21.120  INFO 530588 --- [onPool-worker-6] .t.t.s.TourGuideClientRewardsServiceImpl : Service - Distance calculated: 6725.476486337706
2021-11-27 20:34:21.120  INFO 530588 --- [nPool-worker-11] .t.t.s.TourGuideClientRewardsServiceImpl : Service - Distance calculated: 6500.468058342178
2021-11-27 20:34:21.120  INFO 530588 --- [nPool-worker-15] .t.t.s.TourGuideClientRewardsServiceImpl : Service - Distance calculated: 10366.374926675591
2021-11-27 20:34:21.120  INFO 530588 --- [nPool-worker-11] .t.t.s.TourGuideClientRewardsServiceImpl : Service - Distance calculated: 6562.596196366106
2021-11-27 20:34:21.120  INFO 530588 --- [nPool-worker-15] .t.t.s.TourGuideClientRewardsServiceImpl : Service - Distance calculated: 10423.042678698635
2021-11-27 20:34:21.120  INFO 530588 --- [nPool-worker-11] .t.t.s.TourGuideClientRewardsServiceImpl : Service - Distance calculated: 7496.067112473539
2021-11-27 20:34:21.120  INFO 530588 --- [nPool-worker-15] .t.t.s.TourGuideClientRewardsServiceImpl : Service - Distance calculated: 9927.655156517632
2021-11-27 20:34:21.120  INFO 530588 --- [nPool-worker-11] .t.t.s.TourGuideClientRewardsServiceImpl : Service - Distance calculated: 5874.964975971785
2021-11-27 20:34:21.120  INFO 530588 --- [onPool-worker-6] .t.t.s.TourGuideClientRewardsServiceImpl : Service - Distance calculated: 7396.923701416169
2021-11-27 20:34:21.120  INFO 530588 --- [nPool-worker-15] .t.t.s.TourGuideClientRewardsServiceImpl : Service - Distance calculated: 8828.773588188316
2021-11-27 20:34:21.120  INFO 530588 --- [onPool-worker-6] .t.t.s.TourGuideClientRewardsServiceImpl : Service - Distance calculated: 6813.447603740469
2021-11-27 20:34:21.120  INFO 530588 --- [nPool-worker-15] .t.t.s.TourGuideClientRewardsServiceImpl : Service - Distance calculated: 10502.292179925813
2021-11-27 20:34:21.120  INFO 530588 --- [nPool-worker-11] .t.t.s.TourGuideClientRewardsServiceImpl : Service - Distance calculated: 6032.433576389556
2021-11-27 20:34:21.120  INFO 530588 --- [onPool-worker-6] .t.t.s.TourGuideClientRewardsServiceImpl : Service - Distance calculated: 6726.850809140902
2021-11-27 20:34:21.120  INFO 530588 --- [nPool-worker-11] .t.t.s.TourGuideClientRewardsServiceImpl : Service - Distance calculated: 6788.566311869925
2021-11-27 20:34:21.120  INFO 530588 --- [nPool-worker-15] .t.t.s.TourGuideClientRewardsServiceImpl : Service - Distance calculated: 9810.059076788571
2021-11-27 20:34:21.120  INFO 530588 --- [nPool-worker-11] .t.t.s.TourGuideClientRewardsServiceImpl : Service - Distance calculated: 5438.731164047153
2021-11-27 20:34:21.120  INFO 530588 --- [onPool-worker-6] .t.t.s.TourGuideClientRewardsServiceImpl : Service - Distance calculated: 6965.222720377738
2021-11-27 20:34:21.120  INFO 530588 --- [nPool-worker-11] .t.t.s.TourGuideClientRewardsServiceImpl : Service - Distance calculated: 5730.514033639221
2021-11-27 20:34:21.120  INFO 530588 --- [nPool-worker-15] .t.t.s.TourGuideClientRewardsServiceImpl : Service - Distance calculated: 9003.982448599727
2021-11-27 20:34:21.120  INFO 530588 --- [onPool-worker-6] .t.t.s.TourGuideClientRewardsServiceImpl : Service - Distance calculated: 6862.8741795119895
2021-11-27 20:34:21.120  INFO 530588 --- [nPool-worker-15] .t.t.s.TourGuideClientRewardsServiceImpl : Service - Distance calculated: 9867.365063586189
2021-11-27 20:34:21.120  INFO 530588 --- [onPool-worker-6] .t.t.s.TourGuideClientRewardsServiceImpl : Service - Distance calculated: 6586.787446736755
2021-11-27 20:34:21.120  INFO 530588 --- [nPool-worker-11] .t.t.s.TourGuideClientRewardsServiceImpl : Service - Distance calculated: 5629.881302813973
2021-11-27 20:34:21.120  INFO 530588 --- [nPool-worker-15] .t.t.s.TourGuideClientRewardsServiceImpl : Service - Distance calculated: 6360.042523079278
2021-11-27 20:34:21.120  INFO 530588 --- [onPool-worker-6] .t.t.s.TourGuideClientRewardsServiceImpl : Service - Distance calculated: 7345.372716562934
2021-11-27 20:34:21.120  INFO 530588 --- [nPool-worker-15] .t.t.s.TourGuideClientRewardsServiceImpl : Service - Distance calculated: 7022.145656033528
2021-11-27 20:34:21.120  INFO 530588 --- [nPool-worker-11] .t.t.s.TourGuideClientRewardsServiceImpl : Service - Distance calculated: 6085.695174196007
2021-11-27 20:34:21.120  INFO 530588 --- [onPool-worker-6] .t.t.s.TourGuideClientRewardsServiceImpl : Service - Distance calculated: 7135.968478564822
2021-11-27 20:34:21.120  INFO 530588 --- [nPool-worker-15] .t.t.s.TourGuideClientRewardsServiceImpl : Service - Distance calculated: 6444.281849998654
2021-11-27 20:34:21.120  INFO 530588 --- [onPool-worker-6] .t.t.s.TourGuideClientRewardsServiceImpl : Service - Distance calculated: 8817.818346084041
2021-11-27 20:34:21.120  INFO 530588 --- [nPool-worker-11] .t.t.s.TourGuideClientRewardsServiceImpl : Service - Distance calculated: 6944.688614061352
2021-11-27 20:34:21.120  INFO 530588 --- [nPool-worker-15] .t.t.s.TourGuideClientRewardsServiceImpl : Service - Distance calculated: 6358.308119189723
2021-11-27 20:34:21.120  INFO 530588 --- [nPool-worker-11] .t.t.s.TourGuideClientRewardsServiceImpl : Service - Distance calculated: 6322.197411873376
2021-11-27 20:34:21.120  INFO 530588 --- [onPool-worker-6] .t.t.s.TourGuideClientRewardsServiceImpl : Service - Distance calculated: 7518.528485164843
2021-11-27 20:34:21.120  INFO 530588 --- [nPool-worker-11] .t.t.s.TourGuideClientRewardsServiceImpl : Service - Distance calculated: 6598.541497807687
2021-11-27 20:34:21.120  INFO 530588 --- [nPool-worker-15] .t.t.s.TourGuideClientRewardsServiceImpl : Service - Distance calculated: 6584.077531709156
2021-11-27 20:34:21.120  INFO 530588 --- [nPool-worker-11] .t.t.s.TourGuideClientRewardsServiceImpl : Service - Distance calculated: 6056.648303773681
2021-11-27 20:34:21.120  INFO 530588 --- [onPool-worker-6] .t.t.s.TourGuideClientRewardsServiceImpl : Service - Distance calculated: 7382.269652817844
2021-11-27 20:34:21.120  INFO 530588 --- [nPool-worker-15] .t.t.s.TourGuideClientRewardsServiceImpl : Service - Distance calculated: 6481.732835005692
2021-11-27 20:34:21.120  INFO 530588 --- [onPool-worker-6] .t.t.s.TourGuideClientRewardsServiceImpl : Service - Distance calculated: 7350.4947358231775
2021-11-27 20:34:21.120  INFO 530588 --- [nPool-worker-11] .t.t.s.TourGuideClientRewardsServiceImpl : Service - Distance calculated: 6861.730929661992
2021-11-27 20:34:21.120  INFO 530588 --- [nPool-worker-15] .t.t.s.TourGuideClientRewardsServiceImpl : Service - Distance calculated: 6211.321057009875
2021-11-27 20:34:21.120  INFO 530588 --- [onPool-worker-6] .t.t.s.TourGuideClientRewardsServiceImpl : Service - Distance calculated: 6503.335304858947
2021-11-27 20:34:21.120  INFO 530588 --- [nPool-worker-11] .t.t.s.TourGuideClientRewardsServiceImpl : Service - Distance calculated: 7750.933841913149
2021-11-27 20:34:21.120  INFO 530588 --- [onPool-worker-6] .t.t.s.TourGuideClientRewardsServiceImpl : Service - Distance calculated: 6534.932553759577
2021-11-27 20:34:21.120  INFO 530588 --- [nPool-worker-15] .t.t.s.TourGuideClientRewardsServiceImpl : Service - Distance calculated: 6970.414777661623
2021-11-27 20:34:21.120  INFO 530588 --- [nPool-worker-11] .t.t.s.TourGuideClientRewardsServiceImpl : Service - Distance calculated: 6190.452926532257
2021-11-27 20:34:21.120  INFO 530588 --- [onPool-worker-6] .t.t.s.TourGuideClientRewardsServiceImpl : Service - Distance calculated: 6829.8089531221
2021-11-27 20:34:21.120  INFO 530588 --- [nPool-worker-11] .t.t.s.TourGuideClientRewardsServiceImpl : Service - Distance calculated: 5265.1890549309865
2021-11-27 20:34:21.120  INFO 530588 --- [nPool-worker-15] .t.t.s.TourGuideClientRewardsServiceImpl : Service - Distance calculated: 6760.268629656377
2021-11-27 20:34:21.120  INFO 530588 --- [nPool-worker-11] .t.t.s.TourGuideClientRewardsServiceImpl : Service - Distance calculated: 7317.958700239125
2021-11-27 20:34:21.120  INFO 530588 --- [onPool-worker-6] .t.t.s.TourGuideClientRewardsServiceImpl : Service - Distance calculated: 6600.773664917245
2021-11-27 20:34:21.120  INFO 530588 --- [nPool-worker-15] .t.t.s.TourGuideClientRewardsServiceImpl : Service - Distance calculated: 8498.706668468716
2021-11-27 20:34:21.120  INFO 530588 --- [onPool-worker-6] .t.t.s.TourGuideClientRewardsServiceImpl : Service - Distance calculated: 7058.698513340877
2021-11-27 20:34:21.120  INFO 530588 --- [nPool-worker-15] .t.t.s.TourGuideClientRewardsServiceImpl : Service - Distance calculated: 7153.48315227018
2021-11-27 20:34:21.120  INFO 530588 --- [nPool-worker-11] .t.t.s.TourGuideClientRewardsServiceImpl : Service - Distance calculated: 6484.327040689231
2021-11-27 20:34:21.120  INFO 530588 --- [onPool-worker-6] .t.t.s.TourGuideClientRewardsServiceImpl : Service - Distance calculated: 6567.836551399579
2021-11-27 20:34:21.120  INFO 530588 --- [nPool-worker-15] .t.t.s.TourGuideClientRewardsServiceImpl : Service - Distance calculated: 7010.453560946884
2021-11-27 20:34:21.120  INFO 530588 --- [nPool-worker-11] .t.t.s.TourGuideClientRewardsServiceImpl : Service - Distance calculated: 5430.674895498644
2021-11-27 20:34:21.120  INFO 530588 --- [nPool-worker-15] .t.t.s.TourGuideClientRewardsServiceImpl : Service - Distance calculated: 6982.258357521977
2021-11-27 20:34:21.120  INFO 530588 --- [onPool-worker-6] .t.t.s.TourGuideClientRewardsServiceImpl : Service - Distance calculated: 6649.390566353037
2021-11-27 20:34:21.120  INFO 530588 --- [nPool-worker-11] .t.t.s.TourGuideClientRewardsServiceImpl : Service - Distance calculated: 6129.812307635421
2021-11-27 20:34:21.120  INFO 530588 --- [nPool-worker-15] .t.t.s.TourGuideClientRewardsServiceImpl : Service - Distance calculated: 6136.518072777261
2021-11-27 20:34:21.120  INFO 530588 --- [onPool-worker-6] .t.t.s.TourGuideClientRewardsServiceImpl : Service - Distance calculated: 6544.159808896518
2021-11-27 20:34:21.120  INFO 530588 --- [nPool-worker-11] .t.t.s.TourGuideClientRewardsServiceImpl : Service - Distance calculated: 9078.376599535457
2021-11-27 20:34:21.120  INFO 530588 --- [nPool-worker-15] .t.t.s.TourGuideClientRewardsServiceImpl : Service - Distance calculated: 6153.013950864649
2021-11-27 20:34:21.120  INFO 530588 --- [onPool-worker-6] .t.t.s.TourGuideClientRewardsServiceImpl : Service - Distance calculated: 7667.685384400443
2021-11-27 20:34:21.120  INFO 530588 --- [nPool-worker-11] .t.t.s.TourGuideClientRewardsServiceImpl : Service - Distance calculated: 8770.114950830668
2021-11-27 20:34:21.120  INFO 530588 --- [nPool-worker-15] .t.t.s.TourGuideClientRewardsServiceImpl : Service - Distance calculated: 6452.00632229649
2021-11-27 20:34:21.120  INFO 530588 --- [nPool-worker-11] .t.t.s.TourGuideClientRewardsServiceImpl : Service - Distance calculated: 8955.747128737125
2021-11-27 20:34:21.120  INFO 530588 --- [onPool-worker-6] .t.t.s.TourGuideClientRewardsServiceImpl : Service - Distance calculated: 6591.265011849242
2021-11-27 20:34:21.120  INFO 530588 --- [nPool-worker-11] .t.t.s.TourGuideClientRewardsServiceImpl : Service - Distance calculated: 8964.484932865418
2021-11-27 20:34:21.120  INFO 530588 --- [nPool-worker-15] .t.t.s.TourGuideClientRewardsServiceImpl : Service - Distance calculated: 6220.88353454211
2021-11-27 20:34:21.120  INFO 530588 --- [nPool-worker-12] .t.t.s.TourGuideClientRewardsServiceImpl : Service - Distance calculated: 9422.348477414407
2021-11-27 20:34:21.120  INFO 530588 --- [onPool-worker-6] .t.t.s.TourGuideClientRewardsServiceImpl : Service - Distance calculated: 7156.274292693343
2021-11-27 20:34:21.120  INFO 530588 --- [nPool-worker-15] .t.t.s.TourGuideClientRewardsServiceImpl : Service - Distance calculated: 6683.485840958723
2021-11-27 20:34:21.120  INFO 530588 --- [onPool-worker-6] .t.t.s.TourGuideClientRewardsServiceImpl : Service - Distance calculated: 7527.72468187783
2021-11-27 20:34:21.120  INFO 530588 --- [nPool-worker-11] .t.t.s.TourGuideClientRewardsServiceImpl : Service - Distance calculated: 7727.689748293883
2021-11-27 20:34:21.120  INFO 530588 --- [onPool-worker-6] .t.t.s.TourGuideClientRewardsServiceImpl : Service - Distance calculated: 6584.097005671754
2021-11-27 20:34:21.120  INFO 530588 --- [nPool-worker-11] .t.t.s.TourGuideClientRewardsServiceImpl : Service - Distance calculated: 7710.312491475241
2021-11-27 20:34:21.120  INFO 530588 --- [onPool-worker-6] .t.t.s.TourGuideClientRewardsServiceImpl : Service - Distance calculated: 9461.776975726365
2021-11-27 20:34:21.120  INFO 530588 --- [nPool-worker-11] .t.t.s.TourGuideClientRewardsServiceImpl : Service - Distance calculated: 8621.282941614616
2021-11-27 20:34:21.120  INFO 530588 --- [onPool-worker-6] .t.t.s.TourGuideClientRewardsServiceImpl : Service - Distance calculated: 10078.637758801598
2021-11-27 20:34:21.120  INFO 530588 --- [nPool-worker-11] .t.t.s.TourGuideClientRewardsServiceImpl : Service - Distance calculated: 7296.003495149389
2021-11-27 20:34:21.120  INFO 530588 --- [nPool-worker-12] .t.t.s.TourGuideClientRewardsServiceImpl : Service - Distance calculated: 9890.84646948527
2021-11-27 20:34:21.120  INFO 530588 --- [nPool-worker-15] .t.t.s.TourGuideClientRewardsServiceImpl : Service - Distance calculated: 6186.04070467241
2021-11-27 20:34:21.121  INFO 530588 --- [nPool-worker-12] .t.t.s.TourGuideClientRewardsServiceImpl : Service - Distance calculated: 9458.88349945822
2021-11-27 20:34:21.121  INFO 530588 --- [nPool-worker-15] .t.t.s.TourGuideClientRewardsServiceImpl : Service - Distance calculated: 6282.816760349206
2021-11-27 20:34:21.121  INFO 530588 --- [nPool-worker-15] .t.t.s.TourGuideClientRewardsServiceImpl : Service - Distance calculated: 6173.362960428967
2021-11-27 20:34:21.121  INFO 530588 --- [nPool-worker-15] .t.t.s.TourGuideClientRewardsServiceImpl : Service - Distance calculated: 7305.960236560289
2021-11-27 20:34:21.121  INFO 530588 --- [nPool-worker-15] .t.t.s.TourGuideClientRewardsServiceImpl : Service - Distance calculated: 6212.376701997109
2021-11-27 20:34:21.121  INFO 530588 --- [nPool-worker-15] .t.t.s.TourGuideClientRewardsServiceImpl : Service - Distance calculated: 6774.531487819404
2021-11-27 20:34:21.121  INFO 530588 --- [nPool-worker-11] .t.t.s.TourGuideClientRewardsServiceImpl : Service - Distance calculated: 7304.571735333854
2021-11-27 20:34:21.121  INFO 530588 --- [onPool-worker-6] .t.t.s.TourGuideClientRewardsServiceImpl : Service - Distance calculated: 9626.047019931022
2021-11-27 20:34:21.121  INFO 530588 --- [nPool-worker-15] .t.t.s.TourGuideClientRewardsServiceImpl : Service - Distance calculated: 7162.779024182521
2021-11-27 20:34:21.121  INFO 530588 --- [nPool-worker-11] .t.t.s.TourGuideClientRewardsServiceImpl : Service - Distance calculated: 9824.155129066909
2021-11-27 20:34:21.121  INFO 530588 --- [onPool-worker-6] .t.t.s.TourGuideClientRewardsServiceImpl : Service - Distance calculated: 9565.073878221388
2021-11-27 20:34:21.121  INFO 530588 --- [nPool-worker-11] .t.t.s.TourGuideClientRewardsServiceImpl : Service - Distance calculated: 6918.1978555297455
2021-11-27 20:34:21.121  INFO 530588 --- [nPool-worker-15] .t.t.s.TourGuideClientRewardsServiceImpl : Service - Distance calculated: 6214.37832442115
2021-11-27 20:34:21.121  INFO 530588 --- [onPool-worker-6] .t.t.s.TourGuideClientRewardsServiceImpl : Service - Distance calculated: 10793.47729302965
2021-11-27 20:34:21.121  INFO 530588 --- [nPool-worker-11] .t.t.s.TourGuideClientRewardsServiceImpl : Service - Distance calculated: 7152.493304166888
2021-11-27 20:34:21.121  INFO 530588 --- [nPool-worker-15] .t.t.s.TourGuideClientRewardsServiceImpl : Service - Distance calculated: 3988.511094942573
2021-11-27 20:34:21.121  INFO 530588 --- [onPool-worker-6] .t.t.s.TourGuideClientRewardsServiceImpl : Service - Distance calculated: 10731.385502599642
2021-11-27 20:34:21.121  INFO 530588 --- [nPool-worker-15] .t.t.s.TourGuideClientRewardsServiceImpl : Service - Distance calculated: 4759.419722446692
2021-11-27 20:34:21.121  INFO 530588 --- [onPool-worker-6] .t.t.s.TourGuideClientRewardsServiceImpl : Service - Distance calculated: 9773.466799098496
2021-11-27 20:34:21.121  INFO 530588 --- [nPool-worker-15] .t.t.s.TourGuideClientRewardsServiceImpl : Service - Distance calculated: 4125.746457971595
2021-11-27 20:34:21.121  INFO 530588 --- [onPool-worker-6] .t.t.s.TourGuideClientRewardsServiceImpl : Service - Distance calculated: 11418.386801335657
2021-11-27 20:34:21.121  INFO 530588 --- [nPool-worker-15] .t.t.s.TourGuideClientRewardsServiceImpl : Service - Distance calculated: 4037.1693656400744
2021-11-27 20:34:21.121  INFO 530588 --- [onPool-worker-6] .t.t.s.TourGuideClientRewardsServiceImpl : Service - Distance calculated: 11258.208166114231
2021-11-27 20:34:21.121  INFO 530588 --- [nPool-worker-15] .t.t.s.TourGuideClientRewardsServiceImpl : Service - Distance calculated: 4889.636759219726
2021-11-27 20:34:21.121  INFO 530588 --- [onPool-worker-6] .t.t.s.TourGuideClientRewardsServiceImpl : Service - Distance calculated: 8867.653997420835
2021-11-27 20:34:21.121  INFO 530588 --- [nPool-worker-11] .t.t.s.TourGuideClientRewardsServiceImpl : Service - Distance calculated: 7003.998042882789
2021-11-27 20:34:21.121  INFO 530588 --- [nPool-worker-15] .t.t.s.TourGuideClientRewardsServiceImpl : Service - Distance calculated: 4805.84416279395
2021-11-27 20:34:21.121  INFO 530588 --- [onPool-worker-6] .t.t.s.TourGuideClientRewardsServiceImpl : Service - Distance calculated: 11853.947214347125
2021-11-27 20:34:21.121  INFO 530588 --- [nPool-worker-15] .t.t.s.TourGuideClientRewardsServiceImpl : Service - Distance calculated: 4055.9415510090903
2021-11-27 20:34:21.121  INFO 530588 --- [onPool-worker-6] .t.t.s.TourGuideClientRewardsServiceImpl : Service - Distance calculated: 11563.879640215933
2021-11-27 20:34:21.121  INFO 530588 --- [onPool-worker-6] .t.t.s.TourGuideClientRewardsServiceImpl : Service - Distance calculated: 11655.720984286458
2021-11-27 20:34:21.121  INFO 530588 --- [onPool-worker-6] .t.t.s.TourGuideClientRewardsServiceImpl : Service - Distance calculated: 10958.30064323114
2021-11-27 20:34:21.121  INFO 530588 --- [onPool-worker-6] .t.t.s.TourGuideClientRewardsServiceImpl : Service - Distance calculated: 10343.704665220981
2021-11-27 20:34:21.121  INFO 530588 --- [onPool-worker-6] .t.t.s.TourGuideClientRewardsServiceImpl : Service - Distance calculated: 10949.47697550047
2021-11-27 20:34:21.121  INFO 530588 --- [nPool-worker-11] .t.t.s.TourGuideClientRewardsServiceImpl : Service - Distance calculated: 6799.771748056185
2021-11-27 20:34:21.121  INFO 530588 --- [nPool-worker-15] .t.t.s.TourGuideClientRewardsServiceImpl : Service - Distance calculated: 5488.937196828778
2021-11-27 20:34:21.121  INFO 530588 --- [nPool-worker-11] .t.t.s.TourGuideClientRewardsServiceImpl : Service - Distance calculated: 7874.695944044876
2021-11-27 20:34:21.121  INFO 530588 --- [nPool-worker-12] .t.t.s.TourGuideClientRewardsServiceImpl : Service - Distance calculated: 9385.751540547806
2021-11-27 20:34:21.121  INFO 530588 --- [nPool-worker-11] .t.t.s.TourGuideClientRewardsServiceImpl : Service - Distance calculated: 7383.693699840494
2021-11-27 20:34:21.121  INFO 530588 --- [onPool-worker-6] .t.t.s.TourGuideClientRewardsServiceImpl : Service - Distance calculated: 10663.274748791862
2021-11-27 20:34:21.121  INFO 530588 --- [nPool-worker-11] .t.t.s.TourGuideClientRewardsServiceImpl : Service - Distance calculated: 7510.985912397983
2021-11-27 20:34:21.121  INFO 530588 --- [nPool-worker-15] .t.t.s.TourGuideClientRewardsServiceImpl : Service - Distance calculated: 5296.471186699473
2021-11-27 20:34:21.121  INFO 530588 --- [nPool-worker-12] .t.t.s.TourGuideClientRewardsServiceImpl : Service - Distance calculated: 9002.742406211199
2021-11-27 20:34:21.121  INFO 530588 --- [nPool-worker-11] .t.t.s.TourGuideClientRewardsServiceImpl : Service - Distance calculated: 7265.491398513539
2021-11-27 20:34:21.121  INFO 530588 --- [onPool-worker-6] .t.t.s.TourGuideClientRewardsServiceImpl : Service - Distance calculated: 11225.629472867433
2021-11-27 20:34:21.121  INFO 530588 --- [nPool-worker-15] .t.t.s.TourGuideClientRewardsServiceImpl : Service - Distance calculated: 5712.4672437225445
2021-11-27 20:34:21.121  INFO 530588 --- [onPool-worker-6] .t.t.s.TourGuideClientRewardsServiceImpl : Service - Distance calculated: 10424.515933200972
2021-11-27 20:34:21.121  INFO 530588 --- [nPool-worker-15] .t.t.s.TourGuideClientRewardsServiceImpl : Service - Distance calculated: 5879.841063307147
2021-11-27 20:34:21.121  INFO 530588 --- [nPool-worker-12] .t.t.s.TourGuideClientRewardsServiceImpl : Service - Distance calculated: 8917.465702726395
2021-11-27 20:34:21.121  INFO 530588 --- [onPool-worker-6] .t.t.s.TourGuideClientRewardsServiceImpl : Service - Distance calculated: 9463.263380088194
2021-11-27 20:34:21.121  INFO 530588 --- [nPool-worker-11] .t.t.s.TourGuideClientRewardsServiceImpl : Service - Distance calculated: 7803.586305631391
2021-11-27 20:34:21.121  INFO 530588 --- [onPool-worker-6] .t.t.s.TourGuideClientRewardsServiceImpl : Service - Distance calculated: 10930.874592244116
2021-11-27 20:34:21.121  INFO 530588 --- [nPool-worker-15] .t.t.s.TourGuideClientRewardsServiceImpl : Service - Distance calculated: 5610.439983539741
2021-11-27 20:34:21.121  INFO 530588 --- [nPool-worker-11] .t.t.s.TourGuideClientRewardsServiceImpl : Service - Distance calculated: 9022.678480562636
2021-11-27 20:34:21.121  INFO 530588 --- [nPool-worker-15] .t.t.s.TourGuideClientRewardsServiceImpl : Service - Distance calculated: 5676.031968267806
2021-11-27 20:34:21.121  INFO 530588 --- [nPool-worker-11] .t.t.s.TourGuideClientRewardsServiceImpl : Service - Distance calculated: 6963.267390508552
2021-11-27 20:34:21.121  INFO 530588 --- [nPool-worker-15] .t.t.s.TourGuideClientRewardsServiceImpl : Service - Distance calculated: 5052.566955176271
2021-11-27 20:34:21.121  INFO 530588 --- [nPool-worker-11] .t.t.s.TourGuideClientRewardsServiceImpl : Service - Distance calculated: 6836.722216343045
2021-11-27 20:34:21.121  INFO 530588 --- [nPool-worker-15] .t.t.s.TourGuideClientRewardsServiceImpl : Service - Distance calculated: 4405.478260641809
2021-11-27 20:34:21.121  INFO 530588 --- [nPool-worker-11] .t.t.s.TourGuideClientRewardsServiceImpl : Service - Distance calculated: 8397.785410191182
2021-11-27 20:34:21.121  INFO 530588 --- [nPool-worker-15] .t.t.s.TourGuideClientRewardsServiceImpl : Service - Distance calculated: 4971.397639352521
2021-11-27 20:34:21.121  INFO 530588 --- [nPool-worker-11] .t.t.s.TourGuideClientRewardsServiceImpl : Service - Distance calculated: 7883.11520168388
2021-11-27 20:34:21.121  INFO 530588 --- [nPool-worker-13] .t.t.s.TourGuideClientRewardsServiceImpl : Service - Distance calculated: 621.4047747595813
2021-11-27 20:34:21.121  INFO 530588 --- [nPool-worker-11] .t.t.s.TourGuideClientRewardsServiceImpl : Service - Distance calculated: 6916.3350074486825
2021-11-27 20:34:21.121  INFO 530588 --- [nPool-worker-13] .t.t.s.TourGuideClientRewardsServiceImpl : Service - Distance calculated: 661.9714314363296
2021-11-27 20:34:21.121  INFO 530588 --- [nPool-worker-11] .t.t.s.TourGuideClientRewardsServiceImpl : Service - Distance calculated: 6926.516455245202
2021-11-27 20:34:21.121  INFO 530588 --- [nPool-worker-13] .t.t.s.TourGuideClientRewardsServiceImpl : Service - Distance calculated: 625.3038257861759
2021-11-27 20:34:21.121  INFO 530588 --- [nPool-worker-11] .t.t.s.TourGuideClientRewardsServiceImpl : Service - Distance calculated: 8543.033028955873
2021-11-27 20:34:21.121  INFO 530588 --- [nPool-worker-13] .t.t.s.TourGuideClientRewardsServiceImpl : Service - Distance calculated: 679.2137693038356
2021-11-27 20:34:21.121  INFO 530588 --- [nPool-worker-13] .t.t.s.TourGuideClientRewardsServiceImpl : Service - Distance calculated: 1694.2905404863866
2021-11-27 20:34:21.121  INFO 530588 --- [nPool-worker-13] .t.t.s.TourGuideClientRewardsServiceImpl : Service - Distance calculated: 1721.08065180222
2021-11-27 20:34:21.121  INFO 530588 --- [nPool-worker-13] .t.t.s.TourGuideClientRewardsServiceImpl : Service - Distance calculated: 994.7216000515994
2021-11-27 20:34:21.121  INFO 530588 --- [nPool-worker-13] .t.t.s.TourGuideClientRewardsServiceImpl : Service - Distance calculated: 2135.6615342083855
2021-11-27 20:34:21.121  INFO 530588 --- [nPool-worker-13] .t.t.s.TourGuideClientRewardsServiceImpl : Service - Distance calculated: 2112.8570057477937
2021-11-27 20:34:21.121  INFO 530588 --- [nPool-worker-12] .t.t.s.TourGuideClientRewardsServiceImpl : Service - Distance calculated: 9138.051278524963
2021-11-27 20:34:21.121  INFO 530588 --- [nPool-worker-13] .t.t.s.TourGuideClientRewardsServiceImpl : Service - Distance calculated: 1739.4150399419173
2021-11-27 20:34:21.121  INFO 530588 --- [onPool-worker-6] .t.t.s.TourGuideClientRewardsServiceImpl : Service - Distance calculated: 12028.87847253406
2021-11-27 20:34:21.121  INFO 530588 --- [nPool-worker-12] .t.t.s.TourGuideClientRewardsServiceImpl : Service - Distance calculated: 9005.877169969024
2021-11-27 20:34:21.121  INFO 530588 --- [nPool-worker-15] .t.t.s.TourGuideClientRewardsServiceImpl : Service - Distance calculated: 4683.784957913639
2021-11-27 20:34:21.121  INFO 530588 --- [nPool-worker-12] .t.t.s.TourGuideClientRewardsServiceImpl : Service - Distance calculated: 8870.334387999079
2021-11-27 20:34:21.121  INFO 530588 --- [onPool-worker-6] .t.t.s.TourGuideClientRewardsServiceImpl : Service - Distance calculated: 9967.053089524834
2021-11-27 20:34:21.121  INFO 530588 --- [nPool-worker-11] .t.t.s.TourGuideClientRewardsServiceImpl : Service - Distance calculated: 7796.643815240642
2021-11-27 20:34:21.121  INFO 530588 --- [nPool-worker-13] .t.t.s.TourGuideClientRewardsServiceImpl : Service - Distance calculated: 2541.7316736889716
2021-11-27 20:34:21.121  INFO 530588 --- [nPool-worker-11] .t.t.s.TourGuideClientRewardsServiceImpl : Service - Distance calculated: 8381.560047806692
2021-11-27 20:34:21.121  INFO 530588 --- [nPool-worker-15] .t.t.s.TourGuideClientRewardsServiceImpl : Service - Distance calculated: 5251.186649474101
2021-11-27 20:34:21.121  INFO 530588 --- [nPool-worker-12] .t.t.s.TourGuideClientRewardsServiceImpl : Service - Distance calculated: 11722.300530383323
2021-11-27 20:34:21.121  INFO 530588 --- [onPool-worker-6] .t.t.s.TourGuideClientRewardsServiceImpl : Service - Distance calculated: 10788.273803478469
2021-11-27 20:34:21.121  INFO 530588 --- [nPool-worker-13] .t.t.s.TourGuideClientRewardsServiceImpl : Service - Distance calculated: 2284.965167955566
2021-11-27 20:34:21.122  INFO 530588 --- [onPool-worker-6] .t.t.s.TourGuideClientRewardsServiceImpl : Service - Distance calculated: 11862.393311485726
2021-11-27 20:34:21.122  INFO 530588 --- [nPool-worker-13] .t.t.s.TourGuideClientRewardsServiceImpl : Service - Distance calculated: 2431.6904897639174
2021-11-27 20:34:21.122  INFO 530588 --- [onPool-worker-6] .t.t.s.TourGuideClientRewardsServiceImpl : Service - Distance calculated: 10987.148153667193
2021-11-27 20:34:21.121  INFO 530588 --- [nPool-worker-11] .t.t.s.TourGuideClientRewardsServiceImpl : Service - Distance calculated: 8458.327420243759
2021-11-27 20:34:21.122  INFO 530588 --- [onPool-worker-6] .t.t.s.TourGuideClientRewardsServiceImpl : Service - Distance calculated: 5.8950310023474215E-5
2021-11-27 20:34:21.122  INFO 530588 --- [nPool-worker-11] .t.t.s.TourGuideClientRewardsServiceImpl : Service - Distance calculated: 7308.415349632169
2021-11-27 20:34:21.122  INFO 530588 --- [nPool-worker-11] .t.t.s.TourGuideClientRewardsServiceImpl : Service - Distance calculated: 7368.10890539006
2021-11-27 20:34:21.122  INFO 530588 --- [nPool-worker-11] .t.t.s.TourGuideClientRewardsServiceImpl : Service - Distance calculated: 8310.051407687202
2021-11-27 20:34:21.122  INFO 530588 --- [nPool-worker-11] .t.t.s.TourGuideClientRewardsServiceImpl : Service - Distance calculated: 6683.323792772979
2021-11-27 20:34:21.122  INFO 530588 --- [nPool-worker-11] .t.t.s.TourGuideClientRewardsServiceImpl : Service - Distance calculated: 6836.395118041546
2021-11-27 20:34:21.122  INFO 530588 --- [nPool-worker-15] .t.t.s.TourGuideClientRewardsServiceImpl : Service - Distance calculated: 4477.810378143335
2021-11-27 20:34:21.122  INFO 530588 --- [nPool-worker-12] .t.t.s.TourGuideClientRewardsServiceImpl : Service - Distance calculated: 8861.577682884124
2021-11-27 20:34:21.122  INFO 530588 --- [nPool-worker-15] .t.t.s.TourGuideClientRewardsServiceImpl : Service - Distance calculated: 3936.064715853598
2021-11-27 20:34:21.122  INFO 530588 --- [nPool-worker-13] .t.t.s.TourGuideClientRewardsServiceImpl : Service - Distance calculated: 2647.840595383415
2021-11-27 20:34:21.122  INFO 530588 --- [nPool-worker-12] .t.t.s.TourGuideClientRewardsServiceImpl : Service - Distance calculated: 8935.531976302627
2021-11-27 20:34:21.122  INFO 530588 --- [nPool-worker-11] .t.t.s.TourGuideClientRewardsServiceImpl : Service - Distance calculated: 7441.004069970869
2021-11-27 20:34:21.122  INFO 530588 --- [nPool-worker-13] .t.t.s.TourGuideClientRewardsServiceImpl : Service - Distance calculated: 1634.5845353512386
2021-11-27 20:34:21.122  INFO 530588 --- [nPool-worker-13] .t.t.s.TourGuideClientRewardsServiceImpl : Service - Distance calculated: 2043.4151810668884
2021-11-27 20:34:21.122  INFO 530588 --- [nPool-worker-11] .t.t.s.TourGuideClientRewardsServiceImpl : Service - Distance calculated: 6244.590862245248
2021-11-27 20:34:21.122  INFO 530588 --- [nPool-worker-13] .t.t.s.TourGuideClientRewardsServiceImpl : Service - Distance calculated: 1953.6362224739175
2021-11-27 20:34:21.122  INFO 530588 --- [nPool-worker-11] .t.t.s.TourGuideClientRewardsServiceImpl : Service - Distance calculated: 6537.33104478862
2021-11-27 20:34:21.122  INFO 530588 --- [nPool-worker-13] .t.t.s.TourGuideClientRewardsServiceImpl : Service - Distance calculated: 2150.761453732714
2021-11-27 20:34:21.122  INFO 530588 --- [nPool-worker-11] .t.t.s.TourGuideClientRewardsServiceImpl : Service - Distance calculated: 6433.265839730934
2021-11-27 20:34:21.122  INFO 530588 --- [nPool-worker-13] .t.t.s.TourGuideClientRewardsServiceImpl : Service - Distance calculated: 1689.5641372033645
2021-11-27 20:34:21.122  INFO 530588 --- [nPool-worker-15] .t.t.s.TourGuideClientRewardsServiceImpl : Service - Distance calculated: 4980.701749839869
2021-11-27 20:34:21.122  INFO 530588 --- [nPool-worker-11] .t.t.s.TourGuideClientRewardsServiceImpl : Service - Distance calculated: 6850.461280101059
2021-11-27 20:34:21.122  INFO 530588 --- [nPool-worker-12] .t.t.s.TourGuideClientRewardsServiceImpl : Service - Distance calculated: 8815.816433774702
2021-11-27 20:34:21.122  INFO 530588 --- [nPool-worker-15] .t.t.s.TourGuideClientRewardsServiceImpl : Service - Distance calculated: 6064.245783248349
2021-11-27 20:34:21.122  INFO 530588 --- [nPool-worker-13] .t.t.s.TourGuideClientRewardsServiceImpl : Service - Distance calculated: 708.3410480050811
2021-11-27 20:34:21.122  INFO 530588 --- [onPool-worker-6] .t.t.s.TourGuideClientRewardsServiceImpl : Service - Distance calculated: 774.5207212649109
2021-11-27 20:34:21.122  INFO 530588 --- [nPool-worker-12] .t.t.s.TourGuideClientRewardsServiceImpl : Service - Distance calculated: 8130.0493002155945
2021-11-27 20:34:21.122  INFO 530588 --- [nPool-worker-12] .t.t.s.TourGuideClientRewardsServiceImpl : Service - Distance calculated: 8757.944790263613
2021-11-27 20:34:21.122  INFO 530588 --- [nPool-worker-11] .t.t.s.TourGuideClientRewardsServiceImpl : Service - Distance calculated: 7745.695805207657
2021-11-27 20:34:21.122  INFO 530588 --- [nPool-worker-13] .t.t.s.TourGuideClientRewardsServiceImpl : Service - Distance calculated: 2484.9177775906314
2021-11-27 20:34:21.122  INFO 530588 --- [nPool-worker-11] .t.t.s.TourGuideClientRewardsServiceImpl : Service - Distance calculated: 7119.549033414586
2021-11-27 20:34:21.122  INFO 530588 --- [nPool-worker-13] .t.t.s.TourGuideClientRewardsServiceImpl : Service - Distance calculated: 2651.80403794576
2021-11-27 20:34:21.122  INFO 530588 --- [nPool-worker-13] .t.t.s.TourGuideClientRewardsServiceImpl : Service - Distance calculated: 1164.3778699030825
2021-11-27 20:34:21.122  INFO 530588 --- [nPool-worker-13] .t.t.s.TourGuideClientRewardsServiceImpl : Service - Distance calculated: 1533.1535191787195
2021-11-27 20:34:21.122  INFO 530588 --- [nPool-worker-15] .t.t.s.TourGuideClientRewardsServiceImpl : Service - Distance calculated: 4172.058849722304
2021-11-27 20:34:21.122  INFO 530588 --- [nPool-worker-13] .t.t.s.TourGuideClientRewardsServiceImpl : Service - Distance calculated: 2545.1267315399864
2021-11-27 20:34:21.122  INFO 530588 --- [nPool-worker-15] .t.t.s.TourGuideClientRewardsServiceImpl : Service - Distance calculated: 4976.266448317847
2021-11-27 20:34:21.122  INFO 530588 --- [nPool-worker-13] .t.t.s.TourGuideClientRewardsServiceImpl : Service - Distance calculated: 2515.024632862722
2021-11-27 20:34:21.122  INFO 530588 --- [onPool-worker-6] .t.t.s.TourGuideClientRewardsServiceImpl : Service - Distance calculated: 164.91310606753288
2021-11-27 20:34:21.122  INFO 530588 --- [nPool-worker-15] .t.t.s.TourGuideClientRewardsServiceImpl : Service - Distance calculated: 5889.164239039283
2021-11-27 20:34:21.122  INFO 530588 --- [onPool-worker-6] .t.t.s.TourGuideClientRewardsServiceImpl : Service - Distance calculated: 115.99464245531166
2021-11-27 20:34:21.122  INFO 530588 --- [onPool-worker-6] .t.t.s.TourGuideClientRewardsServiceImpl : Service - Distance calculated: 1428.8577204882306
2021-11-27 20:34:21.122  INFO 530588 --- [onPool-worker-6] .t.t.s.TourGuideClientRewardsServiceImpl : Service - Distance calculated: 1418.571827418631
2021-11-27 20:34:21.122  INFO 530588 --- [onPool-worker-6] .t.t.s.TourGuideClientRewardsServiceImpl : Service - Distance calculated: 460.11990361699293
2021-11-27 20:34:21.122  INFO 530588 --- [nPool-worker-12] .t.t.s.TourGuideClientRewardsServiceImpl : Service - Distance calculated: 8705.857013769384
2021-11-27 20:34:21.122  INFO 530588 --- [nPool-worker-12] .t.t.s.TourGuideClientRewardsServiceImpl : Service - Distance calculated: 8614.152599688365
2021-11-27 20:34:21.122  INFO 530588 --- [nPool-worker-12] .t.t.s.TourGuideClientRewardsServiceImpl : Service - Distance calculated: 8793.215788176405
2021-11-27 20:34:21.122  INFO 530588 --- [nPool-worker-12] .t.t.s.TourGuideClientRewardsServiceImpl : Service - Distance calculated: 8746.666480292393
2021-11-27 20:34:21.122  INFO 530588 --- [nPool-worker-12] .t.t.s.TourGuideClientRewardsServiceImpl : Service - Distance calculated: 9336.805155480426
2021-11-27 20:34:21.122  INFO 530588 --- [nPool-worker-12] .t.t.s.TourGuideClientRewardsServiceImpl : Service - Distance calculated: 8256.897657765705
2021-11-27 20:34:21.122  INFO 530588 --- [nPool-worker-12] .t.t.s.TourGuideClientRewardsServiceImpl : Service - Distance calculated: 8893.22316547626
2021-11-27 20:34:21.122  INFO 530588 --- [nPool-worker-12] .t.t.s.TourGuideClientRewardsServiceImpl : Service - Distance calculated: 9049.02547764134
2021-11-27 20:34:21.122  INFO 530588 --- [nPool-worker-12] .t.t.s.TourGuideClientRewardsServiceImpl : Service - Distance calculated: 9232.85573352519
2021-11-27 20:34:21.122  INFO 530588 --- [nPool-worker-12] .t.t.s.TourGuideClientRewardsServiceImpl : Service - Distance calculated: 8865.87837008859
2021-11-27 20:34:21.122  INFO 530588 --- [nPool-worker-12] .t.t.s.TourGuideClientRewardsServiceImpl : Service - Distance calculated: 8261.904451707196
2021-11-27 20:34:21.122  INFO 530588 --- [nPool-worker-12] .t.t.s.TourGuideClientRewardsServiceImpl : Service - Distance calculated: 3624.8315023316263
2021-11-27 20:34:21.122  INFO 530588 --- [nPool-worker-12] .t.t.s.TourGuideClientRewardsServiceImpl : Service - Distance calculated: 2892.935362322525
2021-11-27 20:34:21.122  INFO 530588 --- [nPool-worker-12] .t.t.s.TourGuideClientRewardsServiceImpl : Service - Distance calculated: 3511.186752863766
2021-11-27 20:34:21.122  INFO 530588 --- [nPool-worker-12] .t.t.s.TourGuideClientRewardsServiceImpl : Service - Distance calculated: 3600.6855011892494
2021-11-27 20:34:21.122  INFO 530588 --- [nPool-worker-12] .t.t.s.TourGuideClientRewardsServiceImpl : Service - Distance calculated: 3259.387584764587
2021-11-27 20:34:21.122  INFO 530588 --- [nPool-worker-12] .t.t.s.TourGuideClientRewardsServiceImpl : Service - Distance calculated: 3361.687070114706
2021-11-27 20:34:21.122  INFO 530588 --- [nPool-worker-12] .t.t.s.TourGuideClientRewardsServiceImpl : Service - Distance calculated: 3687.4297595136736
2021-11-27 20:34:21.122  INFO 530588 --- [nPool-worker-12] .t.t.s.TourGuideClientRewardsServiceImpl : Service - Distance calculated: 2922.946330479175
2021-11-27 20:34:21.122  INFO 530588 --- [nPool-worker-12] .t.t.s.TourGuideClientRewardsServiceImpl : Service - Distance calculated: 3125.0083239686155
2021-11-27 20:34:21.122  INFO 530588 --- [nPool-worker-12] .t.t.s.TourGuideClientRewardsServiceImpl : Service - Distance calculated: 2116.53272165784
2021-11-27 20:34:21.122  INFO 530588 --- [nPool-worker-12] .t.t.s.TourGuideClientRewardsServiceImpl : Service - Distance calculated: 2828.0340202611847
2021-11-27 20:34:21.122  INFO 530588 --- [nPool-worker-12] .t.t.s.TourGuideClientRewardsServiceImpl : Service - Distance calculated: 2909.7839484660244
2021-11-27 20:34:21.123  INFO 530588 --- [nPool-worker-12] .t.t.s.TourGuideClientRewardsServiceImpl : Service - Distance calculated: 2967.596036698794
2021-11-27 20:34:21.123  INFO 530588 --- [nPool-worker-12] .t.t.s.TourGuideClientRewardsServiceImpl : Service - Distance calculated: 3808.3411276226457
2021-11-27 20:34:21.123  INFO 530588 --- [nPool-worker-12] .t.t.s.TourGuideClientRewardsServiceImpl : Service - Distance calculated: 3686.6425988519213
2021-11-27 20:34:21.123  INFO 530588 --- [nPool-worker-12] .t.t.s.TourGuideClientRewardsServiceImpl : Service - Distance calculated: 3415.0733448461847
2021-11-27 20:34:21.123  INFO 530588 --- [nPool-worker-12] .t.t.s.TourGuideClientRewardsServiceImpl : Service - Distance calculated: 3630.554883358171
2021-11-27 20:34:21.123  INFO 530588 --- [nPool-worker-12] .t.t.s.TourGuideClientRewardsServiceImpl : Service - Distance calculated: 3204.961848523869
2021-11-27 20:34:21.123  INFO 530588 --- [nPool-worker-12] .t.t.s.TourGuideClientRewardsServiceImpl : Service - Distance calculated: 3653.702908212292
2021-11-27 20:34:21.123  INFO 530588 --- [nPool-worker-12] .t.t.s.TourGuideClientRewardsServiceImpl : Service - Distance calculated: 3690.879933805438
2021-11-27 20:34:21.123  INFO 530588 --- [nPool-worker-12] .t.t.s.TourGuideClientRewardsServiceImpl : Service - Distance calculated: 3743.0021325007706
2021-11-27 20:34:21.123  INFO 530588 --- [nPool-worker-12] .t.t.s.TourGuideClientRewardsServiceImpl : Service - Distance calculated: 2709.9305403012095
2021-11-27 20:34:21.123  INFO 530588 --- [nPool-worker-12] .t.t.s.TourGuideClientRewardsServiceImpl : Service - Distance calculated: 3657.0088716534387
2021-11-27 20:34:21.122  INFO 530588 --- [nPool-worker-11] .t.t.s.TourGuideClientRewardsServiceImpl : Service - Distance calculated: 7391.984737455005
2021-11-27 20:34:21.122  INFO 530588 --- [nPool-worker-13] .t.t.s.TourGuideClientRewardsServiceImpl : Service - Distance calculated: 948.700318808732
2021-11-27 20:34:21.122  INFO 530588 --- [nPool-worker-15] .t.t.s.TourGuideClientRewardsServiceImpl : Service - Distance calculated: 5040.859791578154
2021-11-27 20:34:21.123  INFO 530588 --- [nPool-worker-13] .t.t.s.TourGuideClientRewardsServiceImpl : Service - Distance calculated: 1519.5440489063085
2021-11-27 20:34:21.123  INFO 530588 --- [nPool-worker-15] .t.t.s.TourGuideClientRewardsServiceImpl : Service - Distance calculated: 9918.128068496735
2021-11-27 20:34:21.123  INFO 530588 --- [nPool-worker-15] .t.t.s.TourGuideClientRewardsServiceImpl : Service - Distance calculated: 9888.718965954515
2021-11-27 20:34:21.123  INFO 530588 --- [nPool-worker-15] .t.t.s.TourGuideClientRewardsServiceImpl : Service - Distance calculated: 9850.355346337255
2021-11-27 20:34:21.123  INFO 530588 --- [nPool-worker-15] .t.t.s.TourGuideClientRewardsServiceImpl : Service - Distance calculated: 9823.071042717338
2021-11-27 20:34:21.123  INFO 530588 --- [nPool-worker-15] .t.t.s.TourGuideClientRewardsServiceImpl : Service - Distance calculated: 8799.44827574267
2021-11-27 20:34:21.123  INFO 530588 --- [nPool-worker-15] .t.t.s.TourGuideClientRewardsServiceImpl : Service - Distance calculated: 8755.72193000842
2021-11-27 20:34:21.123  INFO 530588 --- [nPool-worker-15] .t.t.s.TourGuideClientRewardsServiceImpl : Service - Distance calculated: 9476.845017933649
2021-11-27 20:34:21.123  INFO 530588 --- [nPool-worker-15] .t.t.s.TourGuideClientRewardsServiceImpl : Service - Distance calculated: 8486.551831198343
2021-11-27 20:34:21.123  INFO 530588 --- [nPool-worker-15] .t.t.s.TourGuideClientRewardsServiceImpl : Service - Distance calculated: 8448.578426630062
2021-11-27 20:34:21.123  INFO 530588 --- [nPool-worker-15] .t.t.s.TourGuideClientRewardsServiceImpl : Service - Distance calculated: 11225.6539366204
2021-11-27 20:34:21.123  INFO 530588 --- [nPool-worker-15] .t.t.s.TourGuideClientRewardsServiceImpl : Service - Distance calculated: 8161.32830153688
2021-11-27 20:34:21.122  INFO 530588 --- [onPool-worker-6] .t.t.s.TourGuideClientRewardsServiceImpl : Service - Distance calculated: 1992.7911930022951
2021-11-27 20:34:21.123  INFO 530588 --- [nPool-worker-12] .t.t.s.TourGuideClientRewardsServiceImpl : Service - Distance calculated: 3065.455675209875
2021-11-27 20:34:21.123  INFO 530588 --- [onPool-worker-6] .t.t.s.TourGuideClientRewardsServiceImpl : Service - Distance calculated: 1906.7972782801585
2021-11-27 20:34:21.123  INFO 530588 --- [nPool-worker-12] .t.t.s.TourGuideClientRewardsServiceImpl : Service - Distance calculated: 2819.881105379238
2021-11-27 20:34:21.123  INFO 530588 --- [onPool-worker-6] .t.t.s.TourGuideClientRewardsServiceImpl : Service - Distance calculated: 2360.645624935619
2021-11-27 20:34:21.123  INFO 530588 --- [nPool-worker-12] .t.t.s.TourGuideClientRewardsServiceImpl : Service - Distance calculated: 3710.4272219121376
2021-11-27 20:34:21.123  INFO 530588 --- [onPool-worker-6] .t.t.s.TourGuideClientRewardsServiceImpl : Service - Distance calculated: 2434.494471527265
2021-11-27 20:34:21.123  INFO 530588 --- [nPool-worker-12] .t.t.s.TourGuideClientRewardsServiceImpl : Service - Distance calculated: 11767.417370627205
2021-11-27 20:34:21.123  INFO 530588 --- [onPool-worker-6] .t.t.s.TourGuideClientRewardsServiceImpl : Service - Distance calculated: 2148.3967563579567
2021-11-27 20:34:21.123  INFO 530588 --- [nPool-worker-12] .t.t.s.TourGuideClientRewardsServiceImpl : Service - Distance calculated: 12194.40630699841
2021-11-27 20:34:21.123  INFO 530588 --- [onPool-worker-6] .t.t.s.TourGuideClientRewardsServiceImpl : Service - Distance calculated: 2282.746325565392
2021-11-27 20:34:21.123  INFO 530588 --- [nPool-worker-12] .t.t.s.TourGuideClientRewardsServiceImpl : Service - Distance calculated: 11927.780323699575
2021-11-27 20:34:21.123  INFO 530588 --- [nPool-worker-12] .t.t.s.TourGuideClientRewardsServiceImpl : Service - Distance calculated: 11846.408752663481
2021-11-27 20:34:21.123  INFO 530588 --- [nPool-worker-12] .t.t.s.TourGuideClientRewardsServiceImpl : Service - Distance calculated: 11486.76392895124
2021-11-27 20:34:21.123  INFO 530588 --- [nPool-worker-12] .t.t.s.TourGuideClientRewardsServiceImpl : Service - Distance calculated: 11455.68010662294
2021-11-27 20:34:21.123  INFO 530588 --- [nPool-worker-12] .t.t.s.TourGuideClientRewardsServiceImpl : Service - Distance calculated: 11832.868409200488
2021-11-27 20:34:21.123  INFO 530588 --- [nPool-worker-12] .t.t.s.TourGuideClientRewardsServiceImpl : Service - Distance calculated: 11019.689743271403
2021-11-27 20:34:21.123  INFO 530588 --- [nPool-worker-12] .t.t.s.TourGuideClientRewardsServiceImpl : Service - Distance calculated: 11061.555893461193
2021-11-27 20:34:21.123  INFO 530588 --- [nPool-worker-11] .t.t.s.TourGuideClientRewardsServiceImpl : Service - Distance calculated: 6857.801838290754
2021-11-27 20:34:21.123  INFO 530588 --- [nPool-worker-12] .t.t.s.TourGuideClientRewardsServiceImpl : Service - Distance calculated: 10205.491428054667
2021-11-27 20:34:21.123  INFO 530588 --- [nPool-worker-11] .t.t.s.TourGuideClientRewardsServiceImpl : Service - Distance calculated: 7661.910483961821
2021-11-27 20:34:21.123  INFO 530588 --- [nPool-worker-11] .t.t.s.TourGuideClientRewardsServiceImpl : Service - Distance calculated: 8565.211120715978
2021-11-27 20:34:21.123  INFO 530588 --- [nPool-worker-12] .t.t.s.TourGuideClientRewardsServiceImpl : Service - Distance calculated: 10594.041722848055
2021-11-27 20:34:21.123  INFO 530588 --- [nPool-worker-13] .t.t.s.TourGuideClientRewardsServiceImpl : Service - Distance calculated: 978.1959172213552
2021-11-27 20:34:21.123  INFO 530588 --- [nPool-worker-15] .t.t.s.TourGuideClientRewardsServiceImpl : Service - Distance calculated: 8358.232546703535
2021-11-27 20:34:21.123  INFO 530588 --- [nPool-worker-13] .t.t.s.TourGuideClientRewardsServiceImpl : Service - Distance calculated: 903.6575014187888
2021-11-27 20:34:21.123  INFO 530588 --- [nPool-worker-13] .t.t.s.TourGuideClientRewardsServiceImpl : Service - Distance calculated: 1474.622364121108
2021-11-27 20:34:21.123  INFO 530588 --- [onPool-worker-6] .t.t.s.TourGuideClientRewardsServiceImpl : Service - Distance calculated: 2289.4339721013357
2021-11-27 20:34:21.123  INFO 530588 --- [nPool-worker-13] .t.t.s.TourGuideClientRewardsServiceImpl : Service - Distance calculated: 1401.898938831862
2021-11-27 20:34:21.123  INFO 530588 --- [onPool-worker-6] .t.t.s.TourGuideClientRewardsServiceImpl : Service - Distance calculated: 1204.372289719331
2021-11-27 20:34:21.123  INFO 530588 --- [onPool-worker-6] .t.t.s.TourGuideClientRewardsServiceImpl : Service - Distance calculated: 1742.5694022642394
2021-11-27 20:34:21.123  INFO 530588 --- [nPool-worker-13] .t.t.s.TourGuideClientRewardsServiceImpl : Service - Distance calculated: 709.2515054830286
2021-11-27 20:34:21.123  INFO 530588 --- [onPool-worker-6] .t.t.s.TourGuideClientRewardsServiceImpl : Service - Distance calculated: 1576.7472428725728
2021-11-27 20:34:21.123  INFO 530588 --- [nPool-worker-13] .t.t.s.TourGuideClientRewardsServiceImpl : Service - Distance calculated: 2095.164587415277
2021-11-27 20:34:21.123  INFO 530588 --- [nPool-worker-13] .t.t.s.TourGuideClientRewardsServiceImpl : Service - Distance calculated: 1925.5179412929174
2021-11-27 20:34:21.123  INFO 530588 --- [nPool-worker-11] .t.t.s.TourGuideClientRewardsServiceImpl : Service - Distance calculated: 6963.574008940185
2021-11-27 20:34:21.123  INFO 530588 --- [nPool-worker-11] .t.t.s.TourGuideClientRewardsServiceImpl : Service - Distance calculated: 6072.97257263221
2021-11-27 20:34:21.123  INFO 530588 --- [nPool-worker-11] .t.t.s.TourGuideClientRewardsServiceImpl : Service - Distance calculated: 8129.775618787598
2021-11-27 20:34:21.123  INFO 530588 --- [nPool-worker-11] .t.t.s.TourGuideClientRewardsServiceImpl : Service - Distance calculated: 7297.14579330686
2021-11-27 20:34:21.123  INFO 530588 --- [nPool-worker-12] .t.t.s.TourGuideClientRewardsServiceImpl : Service - Distance calculated: 10866.291075993644
2021-11-27 20:34:21.123  INFO 530588 --- [nPool-worker-15] .t.t.s.TourGuideClientRewardsServiceImpl : Service - Distance calculated: 8211.219927986996
2021-11-27 20:34:21.123  INFO 530588 --- [nPool-worker-12] .t.t.s.TourGuideClientRewardsServiceImpl : Service - Distance calculated: 10723.0431409445
2021-11-27 20:34:21.123  INFO 530588 --- [onPool-worker-4] .t.t.s.TourGuideClientRewardsServiceImpl : Service - Distance calculated: 1061.9617988387713
2021-11-27 20:34:21.123  INFO 530588 --- [nPool-worker-15] .t.t.s.TourGuideClientRewardsServiceImpl : Service - Distance calculated: 7827.911173312713
2021-11-27 20:34:21.123  INFO 530588 --- [nPool-worker-12] .t.t.s.TourGuideClientRewardsServiceImpl : Service - Distance calculated: 10526.36369971727
2021-11-27 20:34:21.123  INFO 530588 --- [onPool-worker-6] .t.t.s.TourGuideClientRewardsServiceImpl : Service - Distance calculated: 1921.4807999190489
2021-11-27 20:34:21.123  INFO 530588 --- [nPool-worker-15] .t.t.s.TourGuideClientRewardsServiceImpl : Service - Distance calculated: 8807.509678040387
2021-11-27 20:34:21.123  INFO 530588 --- [nPool-worker-12] .t.t.s.TourGuideClientRewardsServiceImpl : Service - Distance calculated: 11477.914936456367
2021-11-27 20:34:21.123  INFO 530588 --- [nPool-worker-15] .t.t.s.TourGuideClientRewardsServiceImpl : Service - Distance calculated: 8447.210180442009
2021-11-27 20:34:21.123  INFO 530588 --- [nPool-worker-13] .t.t.s.TourGuideClientRewardsServiceImpl : Service - Distance calculated: 3308.976554577487
2021-11-27 20:34:21.123  INFO 530588 --- [nPool-worker-12] .t.t.s.TourGuideClientRewardsServiceImpl : Service - Distance calculated: 11136.456555889263
2021-11-27 20:34:21.124  INFO 530588 --- [nPool-worker-15] .t.t.s.TourGuideClientRewardsServiceImpl : Service - Distance calculated: 8501.073387647435
2021-11-27 20:34:21.124  INFO 530588 --- [nPool-worker-12] .t.t.s.TourGuideClientRewardsServiceImpl : Service - Distance calculated: 11205.369966447834
2021-11-27 20:34:21.124  INFO 530588 --- [nPool-worker-15] .t.t.s.TourGuideClientRewardsServiceImpl : Service - Distance calculated: 8394.155923218357
2021-11-27 20:34:21.124  INFO 530588 --- [nPool-worker-12] .t.t.s.TourGuideClientRewardsServiceImpl : Service - Distance calculated: 11027.46274620613
2021-11-27 20:34:21.124  INFO 530588 --- [nPool-worker-15] .t.t.s.TourGuideClientRewardsServiceImpl : Service - Distance calculated: 8754.360032891085
2021-11-27 20:34:21.123  INFO 530588 --- [nPool-worker-11] .t.t.s.TourGuideClientRewardsServiceImpl : Service - Distance calculated: 6236.711702346049
2021-11-27 20:34:21.124  INFO 530588 --- [nPool-worker-15] .t.t.s.TourGuideClientRewardsServiceImpl : Service - Distance calculated: 9839.718716114354
2021-11-27 20:34:21.123  INFO 530588 --- [onPool-worker-4] .t.t.s.TourGuideClientRewardsServiceImpl : Service - Distance calculated: 1121.7215969449057
2021-11-27 20:34:21.124  INFO 530588 --- [nPool-worker-15] .t.t.s.TourGuideClientRewardsServiceImpl : Service - Distance calculated: 7987.84559823206
2021-11-27 20:34:21.124  INFO 530588 --- [onPool-worker-4] .t.t.s.TourGuideClientRewardsServiceImpl : Service - Distance calculated: 953.829792679035
2021-11-27 20:34:21.124  INFO 530588 --- [nPool-worker-15] .t.t.s.TourGuideClientRewardsServiceImpl : Service - Distance calculated: 8108.9284777674875
2021-11-27 20:34:21.124  INFO 530588 --- [onPool-worker-4] .t.t.s.TourGuideClientRewardsServiceImpl : Service - Distance calculated: 949.8526215093057
2021-11-27 20:34:21.124  INFO 530588 --- [nPool-worker-15] .t.t.s.TourGuideClientRewardsServiceImpl : Service - Distance calculated: 9285.972157584903
2021-11-27 20:34:21.124  INFO 530588 --- [onPool-worker-4] .t.t.s.TourGuideClientRewardsServiceImpl : Service - Distance calculated: 631.8742382555043
2021-11-27 20:34:21.124  INFO 530588 --- [nPool-worker-15] .t.t.s.TourGuideClientRewardsServiceImpl : Service - Distance calculated: 8993.72976259885
2021-11-27 20:34:21.124  INFO 530588 --- [onPool-worker-4] .t.t.s.TourGuideClientRewardsServiceImpl : Service - Distance calculated: 555.4694597792461
2021-11-27 20:34:21.124  INFO 530588 --- [nPool-worker-15] .t.t.s.TourGuideClientRewardsServiceImpl : Service - Distance calculated: 8161.195289715123
2021-11-27 20:34:21.124  INFO 530588 --- [onPool-worker-4] .t.t.s.TourGuideClientRewardsServiceImpl : Service - Distance calculated: 603.6908942195317
2021-11-27 20:34:21.124  INFO 530588 --- [nPool-worker-15] .t.t.s.TourGuideClientRewardsServiceImpl : Service - Distance calculated: 7964.555119662665
2021-11-27 20:34:21.124  INFO 530588 --- [onPool-worker-4] .t.t.s.TourGuideClientRewardsServiceImpl : Service - Distance calculated: 1248.77817527769
2021-11-27 20:34:21.124  INFO 530588 --- [onPool-worker-4] .t.t.s.TourGuideClientRewardsServiceImpl : Service - Distance calculated: 1080.8394664418831
2021-11-27 20:34:21.124  INFO 530588 --- [nPool-worker-15] .t.t.s.TourGuideClientRewardsServiceImpl : Service - Distance calculated: 5.8950310023474215E-5
2021-11-27 20:34:21.124  INFO 530588 --- [onPool-worker-4] .t.t.s.TourGuideClientRewardsServiceImpl : Service - Distance calculated: 3117.5237320775286
2021-11-27 20:34:21.124  INFO 530588 --- [onPool-worker-4] .t.t.s.TourGuideClientRewardsServiceImpl : Service - Distance calculated: 1675.7639934979477
2021-11-27 20:34:21.124  INFO 530588 --- [onPool-worker-4] .t.t.s.TourGuideClientRewardsServiceImpl : Service - Distance calculated: 1386.5627513447212
2021-11-27 20:34:21.124  INFO 530588 --- [onPool-worker-4] .t.t.s.TourGuideClientRewardsServiceImpl : Service - Distance calculated: 1483.2360338524575
2021-11-27 20:34:21.124  INFO 530588 --- [onPool-worker-4] .t.t.s.TourGuideClientRewardsServiceImpl : Service - Distance calculated: 1253.4734405543486
2021-11-27 20:34:21.124  INFO 530588 --- [onPool-worker-4] .t.t.s.TourGuideClientRewardsServiceImpl : Service - Distance calculated: 174.26452893703902
2021-11-27 20:34:21.124  INFO 530588 --- [onPool-worker-4] .t.t.s.TourGuideClientRewardsServiceImpl : Service - Distance calculated: 804.359130809194
2021-11-27 20:34:21.124  INFO 530588 --- [onPool-worker-4] .t.t.s.TourGuideClientRewardsServiceImpl : Service - Distance calculated: 561.4693577405012
2021-11-27 20:34:21.124  INFO 530588 --- [onPool-worker-4] .t.t.s.TourGuideClientRewardsServiceImpl : Service - Distance calculated: 1058.088460153456
2021-11-27 20:34:21.123  INFO 530588 --- [onPool-worker-6] .t.t.s.TourGuideClientRewardsServiceImpl : Service - Distance calculated: 1277.6245433336508
2021-11-27 20:34:21.124  INFO 530588 --- [onPool-worker-6] .t.t.s.TourGuideClientRewardsServiceImpl : Service - Distance calculated: 87.03441722159666
2021-11-27 20:34:21.124  INFO 530588 --- [onPool-worker-6] .t.t.s.TourGuideClientRewardsServiceImpl : Service - Distance calculated: 2127.2478407793283
2021-11-27 20:34:21.124  INFO 530588 --- [nPool-worker-13] .t.t.s.TourGuideClientRewardsServiceImpl : Service - Distance calculated: 2521.120000949478
2021-11-27 20:34:21.124  INFO 530588 --- [nPool-worker-13] .t.t.s.TourGuideClientRewardsServiceImpl : Service - Distance calculated: 2232.908727832155
2021-11-27 20:34:21.124  INFO 530588 --- [nPool-worker-13] .t.t.s.TourGuideClientRewardsServiceImpl : Service - Distance calculated: 2326.4848193705725
2021-11-27 20:34:21.124  INFO 530588 --- [nPool-worker-13] .t.t.s.TourGuideClientRewardsServiceImpl : Service - Distance calculated: 1964.5840323219188
2021-11-27 20:34:21.124  INFO 530588 --- [nPool-worker-15] .t.t.s.TourGuideClientRewardsServiceImpl : Service - Distance calculated: 774.5207212649109
2021-11-27 20:34:21.124  INFO 530588 --- [nPool-worker-13] .t.t.s.TourGuideClientRewardsServiceImpl : Service - Distance calculated: 1011.13094967485
2021-11-27 20:34:21.124  INFO 530588 --- [nPool-worker-15] .t.t.s.TourGuideClientRewardsServiceImpl : Service - Distance calculated: 164.91310606753288
2021-11-27 20:34:21.124  INFO 530588 --- [nPool-worker-13] .t.t.s.TourGuideClientRewardsServiceImpl : Service - Distance calculated: 1633.0819263688638
2021-11-27 20:34:21.124  INFO 530588 --- [nPool-worker-15] .t.t.s.TourGuideClientRewardsServiceImpl : Service - Distance calculated: 115.99464245531166
2021-11-27 20:34:21.124  INFO 530588 --- [nPool-worker-12] .t.t.s.TourGuideClientRewardsServiceImpl : Service - Distance calculated: 11439.97014735921
2021-11-27 20:34:21.124  INFO 530588 --- [nPool-worker-15] .t.t.s.TourGuideClientRewardsServiceImpl : Service - Distance calculated: 1428.8577204882306
2021-11-27 20:34:21.124  INFO 530588 --- [nPool-worker-12] .t.t.s.TourGuideClientRewardsServiceImpl : Service - Distance calculated: 11739.773190018446
2021-11-27 20:34:21.124  INFO 530588 --- [nPool-worker-15] .t.t.s.TourGuideClientRewardsServiceImpl : Service - Distance calculated: 1418.571827418631
2021-11-27 20:34:21.124  INFO 530588 --- [nPool-worker-11] .t.t.s.TourGuideClientRewardsServiceImpl : Service - Distance calculated: 6903.421763402156
2021-11-27 20:34:21.124  INFO 530588 --- [nPool-worker-15] .t.t.s.TourGuideClientRewardsServiceImpl : Service - Distance calculated: 460.11990361699293
2021-11-27 20:34:21.124  INFO 530588 --- [nPool-worker-15] .t.t.s.TourGuideClientRewardsServiceImpl : Service - Distance calculated: 1992.7911930022951
2021-11-27 20:34:21.124  INFO 530588 --- [nPool-worker-15] .t.t.s.TourGuideClientRewardsServiceImpl : Service - Distance calculated: 1906.7972782801585
2021-11-27 20:34:21.124  INFO 530588 --- [onPool-worker-4] .t.t.s.TourGuideClientRewardsServiceImpl : Service - Distance calculated: 260.17509388826215
2021-11-27 20:34:21.124  INFO 530588 --- [onPool-worker-4] .t.t.s.TourGuideClientRewardsServiceImpl : Service - Distance calculated: 1005.324942686933
2021-11-27 20:34:21.124  INFO 530588 --- [onPool-worker-4] .t.t.s.TourGuideClientRewardsServiceImpl : Service - Distance calculated: 1096.6724813418173
2021-11-27 20:34:21.124  INFO 530588 --- [onPool-worker-4] .t.t.s.TourGuideClientRewardsServiceImpl : Service - Distance calculated: 1852.65717069281
2021-11-27 20:34:21.124  INFO 530588 --- [onPool-worker-4] .t.t.s.TourGuideClientRewardsServiceImpl : Service - Distance calculated: 383.086678871433
2021-11-27 20:34:21.124  INFO 530588 --- [onPool-worker-6] .t.t.s.TourGuideClientRewardsServiceImpl : Service - Distance calculated: 2578.910516018122
2021-11-27 20:34:21.124  INFO 530588 --- [nPool-worker-13] .t.t.s.TourGuideClientRewardsServiceImpl : Service - Distance calculated: 1361.694959190567
2021-11-27 20:34:21.124  INFO 530588 --- [onPool-worker-6] .t.t.s.TourGuideClientRewardsServiceImpl : Service - Distance calculated: 680.6158831369517
2021-11-27 20:34:21.124  INFO 530588 --- [onPool-worker-6] .t.t.s.TourGuideClientRewardsServiceImpl : Service - Distance calculated: 1344.090272349311
2021-11-27 20:34:21.124  INFO 530588 --- [nPool-worker-12] .t.t.s.TourGuideClientRewardsServiceImpl : Service - Distance calculated: 10688.255654429526
2021-11-27 20:34:21.124  INFO 530588 --- [nPool-worker-11] .t.t.s.TourGuideClientRewardsServiceImpl : Service - Distance calculated: 5440.043468993445
2021-11-27 20:34:21.124  INFO 530588 --- [nPool-worker-15] .t.t.s.TourGuideClientRewardsServiceImpl : Service - Distance calculated: 2360.645624935619
2021-11-27 20:34:21.124  INFO 530588 --- [nPool-worker-11] .t.t.s.TourGuideClientRewardsServiceImpl : Service - Distance calculated: 5432.363655822652
2021-11-27 20:34:21.124  INFO 530588 --- [nPool-worker-15] .t.t.s.TourGuideClientRewardsServiceImpl : Service - Distance calculated: 2434.494471527265
2021-11-27 20:34:21.124  INFO 530588 --- [nPool-worker-11] .t.t.s.TourGuideClientRewardsServiceImpl : Service - Distance calculated: 5514.3203565841495
2021-11-27 20:34:21.124  INFO 530588 --- [nPool-worker-11] .t.t.s.TourGuideClientRewardsServiceImpl : Service - Distance calculated: 5538.666554140887
2021-11-27 20:34:21.124  INFO 530588 --- [nPool-worker-11] .t.t.s.TourGuideClientRewardsServiceImpl : Service - Distance calculated: 6509.624124477662
2021-11-27 20:34:21.124  INFO 530588 --- [nPool-worker-11] .t.t.s.TourGuideClientRewardsServiceImpl : Service - Distance calculated: 6566.339072311696
2021-11-27 20:34:21.124  INFO 530588 --- [nPool-worker-11] .t.t.s.TourGuideClientRewardsServiceImpl : Service - Distance calculated: 5886.949956327104
2021-11-27 20:34:21.125  INFO 530588 --- [nPool-worker-11] .t.t.s.TourGuideClientRewardsServiceImpl : Service - Distance calculated: 6701.23875096178
2021-11-27 20:34:21.125  INFO 530588 --- [nPool-worker-11] .t.t.s.TourGuideClientRewardsServiceImpl : Service - Distance calculated: 6789.494442032459
2021-11-27 20:34:21.125  INFO 530588 --- [nPool-worker-11] .t.t.s.TourGuideClientRewardsServiceImpl : Service - Distance calculated: 3578.081342289512
2021-11-27 20:34:21.125  INFO 530588 --- [nPool-worker-11] .t.t.s.TourGuideClientRewardsServiceImpl : Service - Distance calculated: 6922.373882439091
2021-11-27 20:34:21.125  INFO 530588 --- [nPool-worker-11] .t.t.s.TourGuideClientRewardsServiceImpl : Service - Distance calculated: 6800.6512602514185
2021-11-27 20:34:21.125  INFO 530588 --- [nPool-worker-11] .t.t.s.TourGuideClientRewardsServiceImpl : Service - Distance calculated: 6935.3008955954865
2021-11-27 20:34:21.125  INFO 530588 --- [nPool-worker-11] .t.t.s.TourGuideClientRewardsServiceImpl : Service - Distance calculated: 7476.374033310835
2021-11-27 20:34:21.125  INFO 530588 --- [nPool-worker-11] .t.t.s.TourGuideClientRewardsServiceImpl : Service - Distance calculated: 6551.969761484003
2021-11-27 20:34:21.125  INFO 530588 --- [nPool-worker-11] .t.t.s.TourGuideClientRewardsServiceImpl : Service - Distance calculated: 6855.182328374725
2021-11-27 20:34:21.125  INFO 530588 --- [nPool-worker-11] .t.t.s.TourGuideClientRewardsServiceImpl : Service - Distance calculated: 6838.861896396777
2021-11-27 20:34:21.125  INFO 530588 --- [nPool-worker-11] .t.t.s.TourGuideClientRewardsServiceImpl : Service - Distance calculated: 6855.938758423022
2021-11-27 20:34:21.125  INFO 530588 --- [nPool-worker-11] .t.t.s.TourGuideClientRewardsServiceImpl : Service - Distance calculated: 6601.088017527562
2021-11-27 20:34:21.125  INFO 530588 --- [nPool-worker-11] .t.t.s.TourGuideClientRewardsServiceImpl : Service - Distance calculated: 5515.572665835176
2021-11-27 20:34:21.125  INFO 530588 --- [nPool-worker-11] .t.t.s.TourGuideClientRewardsServiceImpl : Service - Distance calculated: 7323.42100399228
2021-11-27 20:34:21.125  INFO 530588 --- [nPool-worker-11] .t.t.s.TourGuideClientRewardsServiceImpl : Service - Distance calculated: 6911.919548282423
2021-11-27 20:34:21.125  INFO 530588 --- [nPool-worker-11] .t.t.s.TourGuideClientRewardsServiceImpl : Service - Distance calculated: 6079.542373355727
2021-11-27 20:34:21.125  INFO 530588 --- [nPool-worker-11] .t.t.s.TourGuideClientRewardsServiceImpl : Service - Distance calculated: 6297.4029513726355
2021-11-27 20:34:21.125  INFO 530588 --- [nPool-worker-11] .t.t.s.TourGuideClientRewardsServiceImpl : Service - Distance calculated: 6919.321272690141
2021-11-27 20:34:21.125  INFO 530588 --- [nPool-worker-11] .t.t.s.TourGuideClientRewardsServiceImpl : Service - Distance calculated: 7337.955258321903
2021-11-27 20:34:21.125  INFO 530588 --- [nPool-worker-11] .t.t.s.TourGuideClientRewardsServiceImpl : Service - Distance calculated: 5.8950310023474215E-5
2021-11-27 20:34:21.124  INFO 530588 --- [onPool-worker-4] .t.t.s.TourGuideClientRewardsServiceImpl : Service - Distance calculated: 735.7799984403213
2021-11-27 20:34:21.125  INFO 530588 --- [onPool-worker-4] .t.t.s.TourGuideClientRewardsServiceImpl : Service - Distance calculated: 1684.0545005181548
2021-11-27 20:34:21.124  INFO 530588 --- [nPool-worker-13] .t.t.s.TourGuideClientRewardsServiceImpl : Service - Distance calculated: 1898.3172663280236
2021-11-27 20:34:21.125  INFO 530588 --- [nPool-worker-13] .t.t.s.TourGuideClientRewardsServiceImpl : Service - Distance calculated: 1093.2250127403818
2021-11-27 20:34:21.125  INFO 530588 --- [nPool-worker-13] .t.t.s.TourGuideClientRewardsServiceImpl : Service - Distance calculated: 861.7390183068809
2021-11-27 20:34:21.125  INFO 530588 --- [nPool-worker-13] .t.t.s.TourGuideClientRewardsServiceImpl : Service - Distance calculated: 1829.0516792690846
2021-11-27 20:34:21.125  INFO 530588 --- [nPool-worker-13] .t.t.s.TourGuideClientRewardsServiceImpl : Service - Distance calculated: 2698.8937690768994
2021-11-27 20:34:21.125  INFO 530588 --- [nPool-worker-13] .t.t.s.TourGuideClientRewardsServiceImpl : Service - Distance calculated: 754.2952807190703
2021-11-27 20:34:21.125  INFO 530588 --- [nPool-worker-11] .t.t.s.TourGuideClientRewardsServiceImpl : Service - Distance calculated: 774.5207212649109
2021-11-27 20:34:21.125  INFO 530588 --- [nPool-worker-11] .t.t.s.TourGuideClientRewardsServiceImpl : Service - Distance calculated: 164.91310606753288
2021-11-27 20:34:21.125  INFO 530588 --- [nPool-worker-11] .t.t.s.TourGuideClientRewardsServiceImpl : Service - Distance calculated: 115.99464245531166
2021-11-27 20:34:21.124  INFO 530588 --- [onPool-worker-6] .t.t.s.TourGuideClientRewardsServiceImpl : Service - Distance calculated: 2440.177336041544
2021-11-27 20:34:21.125  INFO 530588 --- [nPool-worker-11] .t.t.s.TourGuideClientRewardsServiceImpl : Service - Distance calculated: 1428.8577204882306
2021-11-27 20:34:21.124  INFO 530588 --- [nPool-worker-12] .t.t.s.TourGuideClientRewardsServiceImpl : Service - Distance calculated: 10465.131630643918
2021-11-27 20:34:21.125  INFO 530588 --- [onPool-worker-6] .t.t.s.TourGuideClientRewardsServiceImpl : Service - Distance calculated: 2168.830527042806
2021-11-27 20:34:21.125  INFO 530588 --- [nPool-worker-12] .t.t.s.TourGuideClientRewardsServiceImpl : Service - Distance calculated: 11812.094862619366
2021-11-27 20:34:21.125  INFO 530588 --- [nPool-worker-12] .t.t.s.TourGuideClientRewardsServiceImpl : Service - Distance calculated: 11643.820947559801
2021-11-27 20:34:21.124  INFO 530588 --- [ol-174-thread-1] .t.t.s.TourGuideClientRewardsServiceImpl : Service - Reward added for user: internalUser87
2021-11-27 20:34:21.124  INFO 530588 --- [nPool-worker-15] .t.t.s.TourGuideClientRewardsServiceImpl : Service - Distance calculated: 2148.3967563579567
2021-11-27 20:34:21.125  INFO 530588 --- [onPool-worker-4] .t.t.s.TourGuideClientRewardsServiceImpl : Service - Distance calculated: 1145.504200298045
2021-11-27 20:34:21.126  INFO 530588 --- [nPool-worker-15] .t.t.s.TourGuideClientRewardsServiceImpl : Service - Distance calculated: 2282.746325565392
2021-11-27 20:34:21.127  INFO 530588 --- [nPool-worker-15] .t.t.s.TourGuideClientRewardsServiceImpl : Service - Distance calculated: 2289.4339721013357
2021-11-27 20:34:21.125  INFO 530588 --- [nPool-worker-13] .t.t.s.TourGuideClientRewardsServiceImpl : Service - Distance calculated: 1542.4400996787158
2021-11-27 20:34:21.127  INFO 530588 --- [onPool-worker-4] .t.t.s.TourGuideClientRewardsServiceImpl : Service - Distance calculated: 5415.989764101574
2021-11-27 20:34:21.127  INFO 530588 --- [nPool-worker-15] .t.t.s.TourGuideClientRewardsServiceImpl : Service - Distance calculated: 1204.372289719331
2021-11-27 20:34:21.127  INFO 530588 --- [onPool-worker-4] .t.t.s.TourGuideClientRewardsServiceImpl : Service - Distance calculated: 4642.0863110648015
2021-11-27 20:34:21.127  INFO 530588 --- [nPool-worker-13] .t.t.s.TourGuideClientRewardsServiceImpl : Service - Distance calculated: 2529.5276582404554
2021-11-27 20:34:21.127  INFO 530588 --- [onPool-worker-4] .t.t.s.TourGuideClientRewardsServiceImpl : Service - Distance calculated: 5274.057358373737
2021-11-27 20:34:21.127  INFO 530588 --- [nPool-worker-13] .t.t.s.TourGuideClientRewardsServiceImpl : Service - Distance calculated: 1886.3818477708128
2021-11-27 20:34:21.127  INFO 530588 --- [onPool-worker-4] .t.t.s.TourGuideClientRewardsServiceImpl : Service - Distance calculated: 5361.93239186959
2021-11-27 20:34:21.127  INFO 530588 --- [nPool-worker-13] .t.t.s.TourGuideClientRewardsServiceImpl : Service - Distance calculated: 4533.9097026398185
2021-11-27 20:34:21.127  INFO 530588 --- [onPool-worker-4] .t.t.s.TourGuideClientRewardsServiceImpl : Service - Distance calculated: 4576.214138698362
2021-11-27 20:34:21.127  INFO 530588 --- [nPool-worker-13] .t.t.s.TourGuideClientRewardsServiceImpl : Service - Distance calculated: 4334.594214652861
2021-11-27 20:34:21.127  INFO 530588 --- [nPool-worker-13] .t.t.s.TourGuideClientRewardsServiceImpl : Service - Distance calculated: 4416.606167803728
2021-11-27 20:34:21.127  INFO 530588 --- [nPool-worker-13] .t.t.s.TourGuideClientRewardsServiceImpl : Service - Distance calculated: 4420.782651774766
2021-11-27 20:34:21.127  INFO 530588 --- [nPool-worker-13] .t.t.s.TourGuideClientRewardsServiceImpl : Service - Distance calculated: 3247.094468592533
2021-11-27 20:34:21.125  INFO 530588 --- [nPool-worker-11] .t.t.s.TourGuideClientRewardsServiceImpl : Service - Distance calculated: 1418.571827418631
2021-11-27 20:34:21.125  INFO 530588 --- [onPool-worker-6] .t.t.s.TourGuideClientRewardsServiceImpl : Service - Calculate rewards points for user: internalUser16
2021-11-27 20:34:21.125  INFO 530588 --- [nPool-worker-12] .t.t.s.TourGuideClientRewardsServiceImpl : Service - Distance calculated: 10589.508250643557
2021-11-27 20:34:21.128  INFO 530588 --- [nPool-worker-11] .t.t.s.TourGuideClientRewardsServiceImpl : Service - Distance calculated: 460.11990361699293
2021-11-27 20:34:21.128  INFO 530588 --- [nPool-worker-11] .t.t.s.TourGuideClientRewardsServiceImpl : Service - Distance calculated: 1992.7911930022951
2021-11-27 20:34:21.128  INFO 530588 --- [nPool-worker-12] .t.t.s.TourGuideClientRewardsServiceImpl : Service - Distance calculated: 10660.878601493934
2021-11-27 20:34:21.128  INFO 530588 --- [nPool-worker-11] .t.t.s.TourGuideClientRewardsServiceImpl : Service - Distance calculated: 1906.7972782801585
2021-11-27 20:34:21.128  INFO 530588 --- [nPool-worker-12] .t.t.s.TourGuideClientRewardsServiceImpl : Service - Distance calculated: 1230.0428122255762
2021-11-27 20:34:21.128  INFO 530588 --- [nPool-worker-11] .t.t.s.TourGuideClientRewardsServiceImpl : Service - Distance calculated: 2360.645624935619
2021-11-27 20:34:21.128  INFO 530588 --- [nPool-worker-12] .t.t.s.TourGuideClientRewardsServiceImpl : Service - Distance calculated: 669.7579438118713
2021-11-27 20:34:21.128  INFO 530588 --- [nPool-worker-11] .t.t.s.TourGuideClientRewardsServiceImpl : Service - Distance calculated: 2434.494471527265
2021-11-27 20:34:21.128  INFO 530588 --- [nPool-worker-12] .t.t.s.TourGuideClientRewardsServiceImpl : Service - Distance calculated: 1150.0519458096153
2021-11-27 20:34:21.128  INFO 530588 --- [nPool-worker-11] .t.t.s.TourGuideClientRewardsServiceImpl : Service - Distance calculated: 2148.3967563579567
2021-11-27 20:34:21.128  INFO 530588 --- [nPool-worker-12] .t.t.s.TourGuideClientRewardsServiceImpl : Service - Distance calculated: 1233.8328935839152
2021-11-27 20:34:21.128  INFO 530588 --- [nPool-worker-11] .t.t.s.TourGuideClientRewardsServiceImpl : Service - Distance calculated: 2282.746325565392
2021-11-27 20:34:21.128  INFO 530588 --- [nPool-worker-12] .t.t.s.TourGuideClientRewardsServiceImpl : Service - Distance calculated: 1676.3683554146116
2021-11-27 20:34:21.128  INFO 530588 --- [nPool-worker-11] .t.t.s.TourGuideClientRewardsServiceImpl : Service - Distance calculated: 2289.4339721013357
2021-11-27 20:34:21.128  INFO 530588 --- [nPool-worker-12] .t.t.s.TourGuideClientRewardsServiceImpl : Service - Distance calculated: 1742.6989778419104
2021-11-27 20:34:21.128  INFO 530588 --- [nPool-worker-11] .t.t.s.TourGuideClientRewardsServiceImpl : Service - Distance calculated: 1204.372289719331
2021-11-27 20:34:21.128  INFO 530588 --- [nPool-worker-12] .t.t.s.TourGuideClientRewardsServiceImpl : Service - Distance calculated: 1432.9888444946587
2021-11-27 20:34:21.128  INFO 530588 --- [nPool-worker-11] .t.t.s.TourGuideClientRewardsServiceImpl : Service - Distance calculated: 1742.5694022642394
2021-11-27 20:34:21.128  INFO 530588 --- [nPool-worker-12] .t.t.s.TourGuideClientRewardsServiceImpl : Service - Distance calculated: 1908.519518071691
2021-11-27 20:34:21.128  INFO 530588 --- [nPool-worker-11] .t.t.s.TourGuideClientRewardsServiceImpl : Service - Distance calculated: 1576.7472428725728
2021-11-27 20:34:21.125  INFO 530588 --- [onPool-worker-3] .t.t.s.TourGuideClientRewardsServiceImpl : Service - Distance calculated: 4927.095811295004
2021-11-27 20:34:21.128  INFO 530588 --- [nPool-worker-11] .t.t.s.TourGuideClientRewardsServiceImpl : Service - Distance calculated: 1921.4807999190489
2021-11-27 20:34:21.127  INFO 530588 --- [nPool-worker-15] .t.t.s.TourGuideClientRewardsServiceImpl : Service - Distance calculated: 1742.5694022642394
2021-11-27 20:34:21.129  INFO 530588 --- [nPool-worker-11] .t.t.s.TourGuideClientRewardsServiceImpl : Service - Distance calculated: 1277.6245433336508
2021-11-27 20:34:21.127  INFO 530588 --- [onPool-worker-4] .t.t.s.TourGuideClientRewardsServiceImpl : Service - Distance calculated: 4668.9070658932405
2021-11-27 20:34:21.130  INFO 530588 --- [nPool-worker-15] .t.t.s.TourGuideClientRewardsServiceImpl : Service - Distance calculated: 1576.7472428725728
2021-11-27 20:34:21.128  INFO 530588 --- [nPool-worker-13] .t.t.s.TourGuideClientRewardsServiceImpl : Service - Distance calculated: 3210.617053377065
2021-11-27 20:34:21.130  INFO 530588 --- [nPool-worker-15] .t.t.s.TourGuideClientRewardsServiceImpl : Service - Distance calculated: 1921.4807999190489
2021-11-27 20:34:21.130  INFO 530588 --- [onPool-worker-4] .t.t.s.TourGuideClientRewardsServiceImpl : Service - Distance calculated: 5341.769692399552
2021-11-27 20:34:21.128  INFO 530588 --- [nPool-worker-12] .t.t.s.TourGuideClientRewardsServiceImpl : Service - Distance calculated: 1962.3814116943586
2021-11-27 20:34:21.130  INFO 530588 --- [nPool-worker-13] .t.t.s.TourGuideClientRewardsServiceImpl : Service - Distance calculated: 4075.855883122061
2021-11-27 20:34:21.130  INFO 530588 --- [onPool-worker-4] .t.t.s.TourGuideClientRewardsServiceImpl : Service - Distance calculated: 4022.6239349264306
2021-11-27 20:34:21.130  INFO 530588 --- [onPool-worker-3] .t.t.s.TourGuideClientRewardsServiceImpl : Service - Distance calculated: 4217.646781305675
2021-11-27 20:34:21.130  INFO 530588 --- [nPool-worker-11] .t.t.s.TourGuideClientRewardsServiceImpl : Service - Distance calculated: 87.03441722159666
2021-11-27 20:34:21.130  INFO 530588 --- [onPool-worker-3] .t.t.s.TourGuideClientRewardsServiceImpl : Service - Distance calculated: 4824.026717020881
2021-11-27 20:34:21.130  INFO 530588 --- [nPool-worker-15] .t.t.s.TourGuideClientRewardsServiceImpl : Service - Distance calculated: 1277.6245433336508
2021-11-27 20:34:21.130  INFO 530588 --- [onPool-worker-3] .t.t.s.TourGuideClientRewardsServiceImpl : Service - Distance calculated: 4912.691095883122
2021-11-27 20:34:21.130  INFO 530588 --- [nPool-worker-11] .t.t.s.TourGuideClientRewardsServiceImpl : Service - Distance calculated: 2127.2478407793283
2021-11-27 20:34:21.130  INFO 530588 --- [nPool-worker-12] .t.t.s.TourGuideClientRewardsServiceImpl : Service - Distance calculated: 1337.44977698991
2021-11-27 20:34:21.130  INFO 530588 --- [nPool-worker-11] .t.t.s.TourGuideClientRewardsServiceImpl : Service - Distance calculated: 2578.910516018122
2021-11-27 20:34:21.130  INFO 530588 --- [nPool-worker-13] .t.t.s.TourGuideClientRewardsServiceImpl : Service - Distance calculated: 2968.448159772103
2021-11-27 20:34:21.130  INFO 530588 --- [nPool-worker-12] .t.t.s.TourGuideClientRewardsServiceImpl : Service - Distance calculated: 2234.5229685514096
2021-11-27 20:34:21.130  INFO 530588 --- [onPool-worker-4] .t.t.s.TourGuideClientRewardsServiceImpl : Service - Distance calculated: 4230.97713192954
2021-11-27 20:34:21.130  INFO 530588 --- [nPool-worker-13] .t.t.s.TourGuideClientRewardsServiceImpl : Service - Distance calculated: 2902.0709398280874
2021-11-27 20:34:21.130  INFO 530588 --- [onPool-worker-4] .t.t.s.TourGuideClientRewardsServiceImpl : Service - Distance calculated: 4126.270670755972
2021-11-27 20:34:21.130  INFO 530588 --- [onPool-worker-3] .t.t.s.TourGuideClientRewardsServiceImpl : Service - Distance calculated: 4579.311488081021
2021-11-27 20:34:21.131  INFO 530588 --- [onPool-worker-4] .t.t.s.TourGuideClientRewardsServiceImpl : Service - Distance calculated: 3696.8620669881084
2021-11-27 20:34:21.131  INFO 530588 --- [onPool-worker-3] .t.t.s.TourGuideClientRewardsServiceImpl : Service - Distance calculated: 4681.582532567659
2021-11-27 20:34:21.131  INFO 530588 --- [onPool-worker-4] .t.t.s.TourGuideClientRewardsServiceImpl : Service - Distance calculated: 3926.685658582421
2021-11-27 20:34:21.131  INFO 530588 --- [onPool-worker-3] .t.t.s.TourGuideClientRewardsServiceImpl : Service - Distance calculated: 5019.725726039764
2021-11-27 20:34:21.131  INFO 530588 --- [onPool-worker-4] .t.t.s.TourGuideClientRewardsServiceImpl : Service - Distance calculated: 3897.3292712633342
2021-11-27 20:34:21.131  INFO 530588 --- [onPool-worker-3] .t.t.s.TourGuideClientRewardsServiceImpl : Service - Distance calculated: 4188.8202730413
2021-11-27 20:34:21.131  INFO 530588 --- [onPool-worker-4] .t.t.s.TourGuideClientRewardsServiceImpl : Service - Distance calculated: 4667.509383339456
2021-11-27 20:34:21.130  INFO 530588 --- [nPool-worker-15] .t.t.s.TourGuideClientRewardsServiceImpl : Service - Distance calculated: 87.03441722159666
2021-11-27 20:34:21.131  INFO 530588 --- [onPool-worker-3] .t.t.s.TourGuideClientRewardsServiceImpl : Service - Distance calculated: 4398.491445561986
2021-11-27 20:34:21.131  INFO 530588 --- [onPool-worker-3] .t.t.s.TourGuideClientRewardsServiceImpl : Service - Distance calculated: 3047.0033200354505
2021-11-27 20:34:21.131  INFO 530588 --- [nPool-worker-15] .t.t.s.TourGuideClientRewardsServiceImpl : Service - Distance calculated: 2127.2478407793283
2021-11-27 20:34:21.131  INFO 530588 --- [onPool-worker-3] .t.t.s.TourGuideClientRewardsServiceImpl : Service - Distance calculated: 4019.4266090363285
2021-11-27 20:34:21.131  INFO 530588 --- [nPool-worker-15] .t.t.s.TourGuideClientRewardsServiceImpl : Service - Distance calculated: 2578.910516018122
2021-11-27 20:34:21.131  INFO 530588 --- [onPool-worker-3] .t.t.s.TourGuideClientRewardsServiceImpl : Service - Distance calculated: 4151.936032419075
2021-11-27 20:34:21.131  INFO 530588 --- [nPool-worker-15] .t.t.s.TourGuideClientRewardsServiceImpl : Service - Distance calculated: 680.6158831369517
2021-11-27 20:34:21.131  INFO 530588 --- [onPool-worker-3] .t.t.s.TourGuideClientRewardsServiceImpl : Service - Distance calculated: 4185.18481665296
2021-11-27 20:34:21.130  INFO 530588 --- [nPool-worker-11] .t.t.s.TourGuideClientRewardsServiceImpl : Service - Distance calculated: 680.6158831369517
2021-11-27 20:34:21.131  INFO 530588 --- [nPool-worker-11] .t.t.s.TourGuideClientRewardsServiceImpl : Service - Distance calculated: 1344.090272349311
2021-11-27 20:34:21.131  INFO 530588 --- [nPool-worker-11] .t.t.s.TourGuideClientRewardsServiceImpl : Service - Distance calculated: 2440.177336041544
2021-11-27 20:34:21.131  INFO 530588 --- [nPool-worker-11] .t.t.s.TourGuideClientRewardsServiceImpl : Service - Distance calculated: 2168.830527042806
2021-11-27 20:34:21.131  INFO 530588 --- [nPool-worker-11] .t.t.s.TourGuideClientRewardsServiceImpl : Service - Calculate rewards points for user: internalUser11
2021-11-27 20:34:21.130  INFO 530588 --- [nPool-worker-12] .t.t.s.TourGuideClientRewardsServiceImpl : Service - Distance calculated: 2034.222589866352
2021-11-27 20:34:21.131  INFO 530588 --- [nPool-worker-12] .t.t.s.TourGuideClientRewardsServiceImpl : Service - Distance calculated: 2180.972493623191
2021-11-27 20:34:21.131  INFO 530588 --- [nPool-worker-12] .t.t.s.TourGuideClientRewardsServiceImpl : Service - Distance calculated: 2635.8700231640855
2021-11-27 20:34:21.131  INFO 530588 --- [nPool-worker-12] .t.t.s.TourGuideClientRewardsServiceImpl : Service - Distance calculated: 1826.9647842330348
2021-11-27 20:34:21.131  INFO 530588 --- [nPool-worker-12] .t.t.s.TourGuideClientRewardsServiceImpl : Service - Distance calculated: 2016.2362008333212
2021-11-27 20:34:21.131  INFO 530588 --- [nPool-worker-12] .t.t.s.TourGuideClientRewardsServiceImpl : Service - Distance calculated: 2033.4505387120728
2021-11-27 20:34:21.131  INFO 530588 --- [nPool-worker-12] .t.t.s.TourGuideClientRewardsServiceImpl : Service - Distance calculated: 2023.4656874468387
2021-11-27 20:34:21.131  INFO 530588 --- [nPool-worker-12] .t.t.s.TourGuideClientRewardsServiceImpl : Service - Distance calculated: 1850.44883414695
2021-11-27 20:34:21.131  INFO 530588 --- [nPool-worker-12] .t.t.s.TourGuideClientRewardsServiceImpl : Service - Distance calculated: 1306.7979517250576
2021-11-27 20:34:21.131  INFO 530588 --- [nPool-worker-12] .t.t.s.TourGuideClientRewardsServiceImpl : Service - Distance calculated: 2485.011532127852
2021-11-27 20:34:21.131  INFO 530588 --- [nPool-worker-12] .t.t.s.TourGuideClientRewardsServiceImpl : Service - Distance calculated: 2298.662861378494
2021-11-27 20:34:21.131  INFO 530588 --- [nPool-worker-12] .t.t.s.TourGuideClientRewardsServiceImpl : Service - Distance calculated: 1508.908303420646
2021-11-27 20:34:21.132  INFO 530588 --- [nPool-worker-12] .t.t.s.TourGuideClientRewardsServiceImpl : Service - Distance calculated: 1458.20116673779
2021-11-27 20:34:21.132  INFO 530588 --- [nPool-worker-12] .t.t.s.TourGuideClientRewardsServiceImpl : Service - Distance calculated: 2235.1074830972957
2021-11-27 20:34:21.132  INFO 530588 --- [nPool-worker-12] .t.t.s.TourGuideClientRewardsServiceImpl : Service - Distance calculated: 2497.470745684195
2021-11-27 20:34:21.132  INFO 530588 --- [nPool-worker-12] .t.t.s.TourGuideClientRewardsServiceImpl : Service - Distance calculated: 5.8950310023474215E-5
2021-11-27 20:34:21.132  INFO 530588 --- [nPool-worker-12] .t.t.s.TourGuideClientRewardsServiceImpl : Service - Distance calculated: 774.5207212649109
2021-11-27 20:34:21.132  INFO 530588 --- [nPool-worker-12] .t.t.s.TourGuideClientRewardsServiceImpl : Service - Distance calculated: 164.91310606753288
2021-11-27 20:34:21.132  INFO 530588 --- [nPool-worker-12] .t.t.s.TourGuideClientRewardsServiceImpl : Service - Distance calculated: 115.99464245531166
2021-11-27 20:34:21.132  INFO 530588 --- [nPool-worker-12] .t.t.s.TourGuideClientRewardsServiceImpl : Service - Distance calculated: 1428.8577204882306
2021-11-27 20:34:21.132  INFO 530588 --- [nPool-worker-12] .t.t.s.TourGuideClientRewardsServiceImpl : Service - Distance calculated: 1418.571827418631
2021-11-27 20:34:21.132  INFO 530588 --- [nPool-worker-12] .t.t.s.TourGuideClientRewardsServiceImpl : Service - Distance calculated: 460.11990361699293
2021-11-27 20:34:21.132  INFO 530588 --- [nPool-worker-12] .t.t.s.TourGuideClientRewardsServiceImpl : Service - Distance calculated: 1992.7911930022951
2021-11-27 20:34:21.132  INFO 530588 --- [nPool-worker-12] .t.t.s.TourGuideClientRewardsServiceImpl : Service - Distance calculated: 1906.7972782801585
2021-11-27 20:34:21.132  INFO 530588 --- [nPool-worker-12] .t.t.s.TourGuideClientRewardsServiceImpl : Service - Distance calculated: 2360.645624935619
2021-11-27 20:34:21.132  INFO 530588 --- [nPool-worker-12] .t.t.s.TourGuideClientRewardsServiceImpl : Service - Distance calculated: 2434.494471527265
2021-11-27 20:34:21.132  INFO 530588 --- [nPool-worker-12] .t.t.s.TourGuideClientRewardsServiceImpl : Service - Distance calculated: 2148.3967563579567
2021-11-27 20:34:21.132  INFO 530588 --- [nPool-worker-12] .t.t.s.TourGuideClientRewardsServiceImpl : Service - Distance calculated: 2282.746325565392
2021-11-27 20:34:21.132  INFO 530588 --- [nPool-worker-12] .t.t.s.TourGuideClientRewardsServiceImpl : Service - Distance calculated: 2289.4339721013357
2021-11-27 20:34:21.132  INFO 530588 --- [nPool-worker-12] .t.t.s.TourGuideClientRewardsServiceImpl : Service - Distance calculated: 1204.372289719331
2021-11-27 20:34:21.132  INFO 530588 --- [nPool-worker-12] .t.t.s.TourGuideClientRewardsServiceImpl : Service - Distance calculated: 1742.5694022642394
2021-11-27 20:34:21.132  INFO 530588 --- [nPool-worker-12] .t.t.s.TourGuideClientRewardsServiceImpl : Service - Distance calculated: 1576.7472428725728
2021-11-27 20:34:21.132  INFO 530588 --- [nPool-worker-12] .t.t.s.TourGuideClientRewardsServiceImpl : Service - Distance calculated: 1921.4807999190489
2021-11-27 20:34:21.132  INFO 530588 --- [nPool-worker-12] .t.t.s.TourGuideClientRewardsServiceImpl : Service - Distance calculated: 1277.6245433336508
2021-11-27 20:34:21.132  INFO 530588 --- [nPool-worker-12] .t.t.s.TourGuideClientRewardsServiceImpl : Service - Distance calculated: 87.03441722159666
2021-11-27 20:34:21.132  INFO 530588 --- [nPool-worker-12] .t.t.s.TourGuideClientRewardsServiceImpl : Service - Distance calculated: 2127.2478407793283
2021-11-27 20:34:21.132  INFO 530588 --- [nPool-worker-12] .t.t.s.TourGuideClientRewardsServiceImpl : Service - Distance calculated: 2578.910516018122
2021-11-27 20:34:21.132  INFO 530588 --- [nPool-worker-12] .t.t.s.TourGuideClientRewardsServiceImpl : Service - Distance calculated: 680.6158831369517
2021-11-27 20:34:21.132  INFO 530588 --- [nPool-worker-12] .t.t.s.TourGuideClientRewardsServiceImpl : Service - Distance calculated: 1344.090272349311
2021-11-27 20:34:21.132  INFO 530588 --- [nPool-worker-12] .t.t.s.TourGuideClientRewardsServiceImpl : Service - Distance calculated: 2440.177336041544
2021-11-27 20:34:21.132  INFO 530588 --- [nPool-worker-12] .t.t.s.TourGuideClientRewardsServiceImpl : Service - Distance calculated: 2168.830527042806
2021-11-27 20:34:21.132  INFO 530588 --- [nPool-worker-12] .t.t.s.TourGuideClientRewardsServiceImpl : Service - Calculate rewards points for user: internalUser99
2021-11-27 20:34:21.132  INFO 530588 --- [nPool-worker-14] .t.t.s.TourGuideClientRewardsServiceImpl : Service - Distance calculated: 6448.044984201564
2021-11-27 20:34:21.132  INFO 530588 --- [nPool-worker-14] .t.t.s.TourGuideClientRewardsServiceImpl : Service - Distance calculated: 7171.249294317757
2021-11-27 20:34:21.132  INFO 530588 --- [nPool-worker-14] .t.t.s.TourGuideClientRewardsServiceImpl : Service - Distance calculated: 6556.140750832189
2021-11-27 20:34:21.132  INFO 530588 --- [nPool-worker-14] .t.t.s.TourGuideClientRewardsServiceImpl : Service - Distance calculated: 6466.945474263985
2021-11-27 20:34:21.132  INFO 530588 --- [nPool-worker-14] .t.t.s.TourGuideClientRewardsServiceImpl : Service - Distance calculated: 6910.336829973251
2021-11-27 20:34:21.132  INFO 530588 --- [nPool-worker-14] .t.t.s.TourGuideClientRewardsServiceImpl : Service - Distance calculated: 6809.470980412027
2021-11-27 20:34:21.132  INFO 530588 --- [nPool-worker-14] .t.t.s.TourGuideClientRewardsServiceImpl : Service - Distance calculated: 6378.424062803985
2021-11-27 20:34:21.132  INFO 530588 --- [nPool-worker-14] .t.t.s.TourGuideClientRewardsServiceImpl : Service - Distance calculated: 7369.202263530514
2021-11-27 20:34:21.132  INFO 530588 --- [onPool-worker-2] .t.t.s.TourGuideClientRewardsServiceImpl : Service - Distance calculated: 8206.521116939626
2021-11-27 20:34:21.132  INFO 530588 --- [nPool-worker-14] .t.t.s.TourGuideClientRewardsServiceImpl : Service - Distance calculated: 7155.615875998827
2021-11-27 20:34:21.132  INFO 530588 --- [onPool-worker-2] .t.t.s.TourGuideClientRewardsServiceImpl : Service - Distance calculated: 8938.7506018749
2021-11-27 20:34:21.132  INFO 530588 --- [nPool-worker-14] .t.t.s.TourGuideClientRewardsServiceImpl : Service - Distance calculated: 8358.50734094403
2021-11-27 20:34:21.132  INFO 530588 --- [onPool-worker-2] .t.t.s.TourGuideClientRewardsServiceImpl : Service - Distance calculated: 8319.815211432699
2021-11-27 20:34:21.132  INFO 530588 --- [nPool-worker-14] .t.t.s.TourGuideClientRewardsServiceImpl : Service - Distance calculated: 7610.776591207214
2021-11-27 20:34:21.131  INFO 530588 --- [onPool-worker-4] .t.t.s.TourGuideClientRewardsServiceImpl : Service - Distance calculated: 5062.884838447445
2021-11-27 20:34:21.132  INFO 530588 --- [nPool-worker-14] .t.t.s.TourGuideClientRewardsServiceImpl : Service - Distance calculated: 7431.558320043652
2021-11-27 20:34:21.131  INFO 530588 --- [nPool-worker-15] .t.t.s.TourGuideClientRewardsServiceImpl : Service - Distance calculated: 1344.090272349311
2021-11-27 20:34:21.135  INFO 530588 --- [nPool-worker-14] .t.t.s.TourGuideClientRewardsServiceImpl : Service - Distance calculated: 7425.19821647013
2021-11-27 20:34:21.136  INFO 530588 --- [nPool-worker-14] .t.t.s.TourGuideClientRewardsServiceImpl : Service - Distance calculated: 6596.966927087793
2021-11-27 20:34:21.136  INFO 530588 --- [nPool-worker-14] .t.t.s.TourGuideClientRewardsServiceImpl : Service - Distance calculated: 6448.116040582634
2021-11-27 20:34:21.136  INFO 530588 --- [nPool-worker-14] .t.t.s.TourGuideClientRewardsServiceImpl : Service - Distance calculated: 6831.220169195073
2021-11-27 20:34:21.135  INFO 530588 --- [onPool-worker-4] .t.t.s.TourGuideClientRewardsServiceImpl : Service - Distance calculated: 4565.333709883433
2021-11-27 20:34:21.136  INFO 530588 --- [nPool-worker-15] .t.t.s.TourGuideClientRewardsServiceImpl : Service - Distance calculated: 2440.177336041544
2021-11-27 20:34:21.136  INFO 530588 --- [onPool-worker-4] .t.t.s.TourGuideClientRewardsServiceImpl : Service - Distance calculated: 4844.927788052609
2021-11-27 20:34:21.136  INFO 530588 --- [nPool-worker-15] .t.t.s.TourGuideClientRewardsServiceImpl : Service - Distance calculated: 2168.830527042806
2021-11-27 20:34:21.136  INFO 530588 --- [onPool-worker-4] .t.t.s.TourGuideClientRewardsServiceImpl : Service - Distance calculated: 4290.978522922185
2021-11-27 20:34:21.136  INFO 530588 --- [onPool-worker-4] .t.t.s.TourGuideClientRewardsServiceImpl : Service - Distance calculated: 4999.864663494453
2021-11-27 20:34:21.137  INFO 530588 --- [onPool-worker-8] .t.t.s.TourGuideClientRewardsServiceImpl : Service - Distance calculated: 11894.491172145777
2021-11-27 20:34:21.131  INFO 530588 --- [onPool-worker-3] .t.t.s.TourGuideClientRewardsServiceImpl : Service - Distance calculated: 5032.90069994825
2021-11-27 20:34:21.137  INFO 530588 --- [onPool-worker-3] .t.t.s.TourGuideClientRewardsServiceImpl : Service - Distance calculated: 5018.9178480598
2021-11-27 20:34:21.137  INFO 530588 --- [onPool-worker-3] .t.t.s.TourGuideClientRewardsServiceImpl : Service - Distance calculated: 4706.212784640196
2021-11-27 20:34:21.137  INFO 530588 --- [onPool-worker-3] .t.t.s.TourGuideClientRewardsServiceImpl : Service - Distance calculated: 4938.827721970292
2021-11-27 20:34:21.137  INFO 530588 --- [onPool-worker-3] .t.t.s.TourGuideClientRewardsServiceImpl : Service - Distance calculated: 4475.5800214382225
2021-11-27 20:34:21.137  INFO 530588 --- [onPool-worker-3] .t.t.s.TourGuideClientRewardsServiceImpl : Service - Distance calculated: 4982.391464642517
2021-11-27 20:34:21.137  INFO 530588 --- [onPool-worker-3] .t.t.s.TourGuideClientRewardsServiceImpl : Service - Distance calculated: 4997.869581581272
2021-11-27 20:34:21.137  INFO 530588 --- [onPool-worker-3] .t.t.s.TourGuideClientRewardsServiceImpl : Service - Distance calculated: 4990.242567899658
2021-11-27 20:34:21.131  INFO 530588 --- [nPool-worker-13] .t.t.s.TourGuideClientRewardsServiceImpl : Service - Distance calculated: 6081.613170176795
2021-11-27 20:34:21.137  INFO 530588 --- [nPool-worker-13] .t.t.s.TourGuideClientRewardsServiceImpl : Service - Distance calculated: 2732.3365104342524
2021-11-27 20:34:21.137  INFO 530588 --- [nPool-worker-13] .t.t.s.TourGuideClientRewardsServiceImpl : Service - Distance calculated: 2860.695964403157
2021-11-27 20:34:21.137  INFO 530588 --- [nPool-worker-13] .t.t.s.TourGuideClientRewardsServiceImpl : Service - Distance calculated: 2722.9945185259344
2021-11-27 20:34:21.137  INFO 530588 --- [nPool-worker-13] .t.t.s.TourGuideClientRewardsServiceImpl : Service - Distance calculated: 2281.7640574786665
2021-11-27 20:34:21.137  INFO 530588 --- [nPool-worker-13] .t.t.s.TourGuideClientRewardsServiceImpl : Service - Distance calculated: 3332.681794602103
2021-11-27 20:34:21.137  INFO 530588 --- [nPool-worker-13] .t.t.s.TourGuideClientRewardsServiceImpl : Service - Distance calculated: 2894.591221585953
2021-11-27 20:34:21.137  INFO 530588 --- [nPool-worker-13] .t.t.s.TourGuideClientRewardsServiceImpl : Service - Distance calculated: 2980.938744098363
2021-11-27 20:34:21.137  INFO 530588 --- [nPool-worker-13] .t.t.s.TourGuideClientRewardsServiceImpl : Service - Distance calculated: 2843.000573354929
2021-11-27 20:34:21.137  INFO 530588 --- [nPool-worker-13] .t.t.s.TourGuideClientRewardsServiceImpl : Service - Distance calculated: 3264.496339600193
2021-11-27 20:34:21.137  INFO 530588 --- [nPool-worker-13] .t.t.s.TourGuideClientRewardsServiceImpl : Service - Distance calculated: 4477.084821522268
2021-11-27 20:34:21.137  INFO 530588 --- [nPool-worker-13] .t.t.s.TourGuideClientRewardsServiceImpl : Service - Distance calculated: 2444.447027785203
2021-11-27 20:34:21.132  INFO 530588 --- [onPool-worker-2] .t.t.s.TourGuideClientRewardsServiceImpl : Service - Distance calculated: 8230.314970743308
2021-11-27 20:34:21.136  INFO 530588 --- [nPool-worker-14] .t.t.s.TourGuideClientRewardsServiceImpl : Service - Distance calculated: 6576.457363916448
2021-11-27 20:34:21.137  INFO 530588 --- [onPool-worker-2] .t.t.s.TourGuideClientRewardsServiceImpl : Service - Distance calculated: 8618.277078682035
2021-11-27 20:34:21.137  INFO 530588 --- [nPool-worker-14] .t.t.s.TourGuideClientRewardsServiceImpl : Service - Distance calculated: 7083.924301922747
2021-11-27 20:34:21.138  INFO 530588 --- [nPool-worker-14] .t.t.s.TourGuideClientRewardsServiceImpl : Service - Distance calculated: 6493.599581356541
2021-11-27 20:34:21.136  INFO 530588 --- [nPool-worker-15] .t.t.s.TourGuideClientRewardsServiceImpl : Service - Calculate rewards points for user: internalUser15
2021-11-27 20:34:21.138  INFO 530588 --- [nPool-worker-14] .t.t.s.TourGuideClientRewardsServiceImpl : Service - Distance calculated: 6379.187050181393
2021-11-27 20:34:21.137  INFO 530588 --- [onPool-worker-1] .t.t.s.TourGuideClientRewardsServiceImpl : Service - Distance calculated: 6569.841020479931
2021-11-27 20:34:21.138  INFO 530588 --- [onPool-worker-1] .t.t.s.TourGuideClientRewardsServiceImpl : Service - Distance calculated: 7143.594997572036
2021-11-27 20:34:21.142  INFO 530588 --- [onPool-worker-1] .t.t.s.TourGuideClientRewardsServiceImpl : Service - Distance calculated: 6730.229211859304
2021-11-27 20:34:21.142  INFO 530588 --- [onPool-worker-1] .t.t.s.TourGuideClientRewardsServiceImpl : Service - Distance calculated: 6680.038391533493
2021-11-27 20:34:21.142  INFO 530588 --- [onPool-worker-1] .t.t.s.TourGuideClientRewardsServiceImpl : Service - Distance calculated: 7984.612511187599
2021-11-27 20:34:21.142  INFO 530588 --- [onPool-worker-1] .t.t.s.TourGuideClientRewardsServiceImpl : Service - Distance calculated: 7955.336767516443
2021-11-27 20:34:21.142  INFO 530588 --- [onPool-worker-1] .t.t.s.TourGuideClientRewardsServiceImpl : Service - Distance calculated: 6940.3758177785385
2021-11-27 20:34:21.142  INFO 530588 --- [onPool-worker-1] .t.t.s.TourGuideClientRewardsServiceImpl : Service - Distance calculated: 8561.5683484603
2021-11-27 20:34:21.145  INFO 530588 --- [onPool-worker-1] .t.t.s.TourGuideClientRewardsServiceImpl : Service - Distance calculated: 8470.679747161419
2021-11-27 20:34:21.145  INFO 530588 --- [onPool-worker-1] .t.t.s.TourGuideClientRewardsServiceImpl : Service - Distance calculated: 6274.760490381691
2021-11-27 20:34:21.145  INFO 530588 --- [onPool-worker-1] .t.t.s.TourGuideClientRewardsServiceImpl : Service - Distance calculated: 8998.805328832275
2021-11-27 20:34:21.145  INFO 530588 --- [onPool-worker-1] .t.t.s.TourGuideClientRewardsServiceImpl : Service - Distance calculated: 8717.141127011346
2021-11-27 20:34:21.145  INFO 530588 --- [onPool-worker-1] .t.t.s.TourGuideClientRewardsServiceImpl : Service - Distance calculated: 8852.586402926678
2021-11-27 20:34:21.137  INFO 530588 --- [onPool-worker-4] .t.t.s.TourGuideClientRewardsServiceImpl : Service - Distance calculated: 5464.499440027561
2021-11-27 20:34:21.137  INFO 530588 --- [onPool-worker-8] .t.t.s.TourGuideClientRewardsServiceImpl : Service - Distance calculated: 11984.239275408887
2021-11-27 20:34:21.146  INFO 530588 --- [onPool-worker-4] .t.t.s.TourGuideClientRewardsServiceImpl : Service - Distance calculated: 4686.461219776398
2021-11-27 20:34:21.148  INFO 530588 --- [onPool-worker-6] .t.t.s.TourGuideClientRewardsServiceImpl : Service - Distance calculated: 2037.0542471917477
2021-11-27 20:34:21.148  INFO 530588 --- [onPool-worker-4] .t.t.s.TourGuideClientRewardsServiceImpl : Service - Distance calculated: 3516.568622863364
2021-11-27 20:34:21.148  INFO 530588 --- [onPool-worker-6] .t.t.s.TourGuideClientRewardsServiceImpl : Service - Distance calculated: 1510.7285633751312
2021-11-27 20:34:21.148  INFO 530588 --- [onPool-worker-4] .t.t.s.TourGuideClientRewardsServiceImpl : Service - Distance calculated: 5236.436429555646
2021-11-27 20:34:21.148  INFO 530588 --- [onPool-worker-6] .t.t.s.TourGuideClientRewardsServiceImpl : Service - Distance calculated: 1875.3687691087257
2021-11-27 20:34:21.148  INFO 530588 --- [onPool-worker-4] .t.t.s.TourGuideClientRewardsServiceImpl : Service - Distance calculated: 4459.0279808868945
2021-11-27 20:34:21.148  INFO 530588 --- [onPool-worker-6] .t.t.s.TourGuideClientRewardsServiceImpl : Service - Distance calculated: 1928.9152976183536
2021-11-27 20:34:21.148  INFO 530588 --- [onPool-worker-4] .t.t.s.TourGuideClientRewardsServiceImpl : Service - Distance calculated: 3687.032622131926
2021-11-27 20:34:21.148  INFO 530588 --- [onPool-worker-6] .t.t.s.TourGuideClientRewardsServiceImpl : Service - Distance calculated: 676.0203680727736
2021-11-27 20:34:21.148  INFO 530588 --- [onPool-worker-4] .t.t.s.TourGuideClientRewardsServiceImpl : Service - Distance calculated: 4632.491420969056
2021-11-27 20:34:21.148  INFO 530588 --- [onPool-worker-4] .t.t.s.TourGuideClientRewardsServiceImpl : Service - Distance calculated: 10255.38003126309
2021-11-27 20:34:21.148  INFO 530588 --- [onPool-worker-4] .t.t.s.TourGuideClientRewardsServiceImpl : Service - Distance calculated: 11027.921456549659
2021-11-27 20:34:21.148  INFO 530588 --- [onPool-worker-4] .t.t.s.TourGuideClientRewardsServiceImpl : Service - Distance calculated: 10394.192490207757
2021-11-27 20:34:21.148  INFO 530588 --- [onPool-worker-4] .t.t.s.TourGuideClientRewardsServiceImpl : Service - Distance calculated: 10305.432904288202
2021-11-27 20:34:21.148  INFO 530588 --- [onPool-worker-4] .t.t.s.TourGuideClientRewardsServiceImpl : Service - Distance calculated: 10732.388480246624
2021-11-27 20:34:21.148  INFO 530588 --- [onPool-worker-4] .t.t.s.TourGuideClientRewardsServiceImpl : Service - Distance calculated: 10631.112468910882
2021-11-27 20:34:21.148  INFO 530588 --- [onPool-worker-4] .t.t.s.TourGuideClientRewardsServiceImpl : Service - Distance calculated: 10282.545617587193
2021-11-27 20:34:21.137  INFO 530588 --- [onPool-worker-3] .t.t.s.TourGuideClientRewardsServiceImpl : Service - Distance calculated: 3873.35320395416
2021-11-27 20:34:21.137  INFO 530588 --- [nPool-worker-13] .t.t.s.TourGuideClientRewardsServiceImpl : Service - Distance calculated: 2748.8557125064476
2021-11-27 20:34:21.148  INFO 530588 --- [onPool-worker-3] .t.t.s.TourGuideClientRewardsServiceImpl : Service - Distance calculated: 4995.857783699273
2021-11-27 20:34:21.138  INFO 530588 --- [onPool-worker-2] .t.t.s.TourGuideClientRewardsServiceImpl : Service - Distance calculated: 8516.024562995613
2021-11-27 20:34:21.148  INFO 530588 --- [onPool-worker-3] .t.t.s.TourGuideClientRewardsServiceImpl : Service - Distance calculated: 4393.648707291895
2021-11-27 20:34:21.148  INFO 530588 --- [nPool-worker-13] .t.t.s.TourGuideClientRewardsServiceImpl : Service - Distance calculated: 3853.429755308579
2021-11-27 20:34:21.148  INFO 530588 --- [onPool-worker-3] .t.t.s.TourGuideClientRewardsServiceImpl : Service - Distance calculated: 4010.3159815606764
2021-11-27 20:34:21.147  INFO 530588 --- [nPool-worker-10] .t.t.s.TourGuideClientRewardsServiceImpl : Service - Distance calculated: 10327.970753593769
2021-11-27 20:34:21.148  INFO 530588 --- [onPool-worker-3] .t.t.s.TourGuideClientRewardsServiceImpl : Service - Distance calculated: 4950.687011959151
2021-11-27 20:34:21.148  INFO 530588 --- [nPool-worker-10] .t.t.s.TourGuideClientRewardsServiceImpl : Service - Distance calculated: 10835.944545354283
2021-11-27 20:34:21.148  INFO 530588 --- [onPool-worker-3] .t.t.s.TourGuideClientRewardsServiceImpl : Service - Distance calculated: 6879.684332898475
2021-11-27 20:34:21.148  INFO 530588 --- [nPool-worker-10] .t.t.s.TourGuideClientRewardsServiceImpl : Service - Distance calculated: 10380.823963698413
2021-11-27 20:34:21.148  INFO 530588 --- [onPool-worker-3] .t.t.s.TourGuideClientRewardsServiceImpl : Service - Distance calculated: 6112.4643213384425
2021-11-27 20:34:21.148  INFO 530588 --- [nPool-worker-10] .t.t.s.TourGuideClientRewardsServiceImpl : Service - Distance calculated: 10303.171052441065
2021-11-27 20:34:21.138  INFO 530588 --- [nPool-worker-14] .t.t.s.TourGuideClientRewardsServiceImpl : Service - Distance calculated: 6611.198874118234
2021-11-27 20:34:21.148  INFO 530588 --- [nPool-worker-10] .t.t.s.TourGuideClientRewardsServiceImpl : Service - Distance calculated: 9916.10620167252
2021-11-27 20:34:21.148  INFO 530588 --- [nPool-worker-14] .t.t.s.TourGuideClientRewardsServiceImpl : Service - Distance calculated: 7776.6452941728285
2021-11-27 20:34:21.147  INFO 530588 --- [ol-194-thread-1] .t.t.s.TourGuideClientRewardsServiceImpl : Service - Reward added for user: internalUser78
2021-11-27 20:34:21.148  INFO 530588 --- [onPool-worker-6] .t.t.s.TourGuideClientRewardsServiceImpl : Service - Distance calculated: 744.2708859831672
2021-11-27 20:34:21.148  INFO 530588 --- [onPool-worker-6] .t.t.s.TourGuideClientRewardsServiceImpl : Service - Distance calculated: 1699.788526728658
2021-11-27 20:34:21.148  INFO 530588 --- [onPool-worker-5] .t.t.s.TourGuideClientRewardsServiceImpl : Service - Distance calculated: 9074.23237836835
2021-11-27 20:34:21.148  INFO 530588 --- [onPool-worker-6] .t.t.s.TourGuideClientRewardsServiceImpl : Service - Distance calculated: 50.979635057328245
2021-11-27 20:34:21.148  INFO 530588 --- [onPool-worker-5] .t.t.s.TourGuideClientRewardsServiceImpl : Service - Distance calculated: 9720.023580844638
2021-11-27 20:34:21.148  INFO 530588 --- [onPool-worker-6] .t.t.s.TourGuideClientRewardsServiceImpl : Service - Distance calculated: 257.68993426853416
2021-11-27 20:34:21.148  INFO 530588 --- [onPool-worker-5] .t.t.s.TourGuideClientRewardsServiceImpl : Service - Distance calculated: 9157.542583297916
2021-11-27 20:34:21.148  INFO 530588 --- [onPool-worker-8] .t.t.s.TourGuideClientRewardsServiceImpl : Service - Distance calculated: 11948.975789551463
2021-11-27 20:34:21.147  INFO 530588 --- [onPool-worker-7] .t.t.s.TourGuideClientRewardsServiceImpl : Service - Distance calculated: 9281.476395778469
2021-11-27 20:34:21.148  INFO 530588 --- [onPool-worker-6] .t.t.s.TourGuideClientRewardsServiceImpl : Service - Distance calculated: 3131.170418974026
2021-11-27 20:34:21.148  INFO 530588 --- [onPool-worker-8] .t.t.s.TourGuideClientRewardsServiceImpl : Service - Distance calculated: 11874.776699715125
2021-11-27 20:34:21.148  INFO 530588 --- [onPool-worker-7] .t.t.s.TourGuideClientRewardsServiceImpl : Service - Distance calculated: 9822.64772611649
2021-11-27 20:34:21.148  INFO 530588 --- [onPool-worker-6] .t.t.s.TourGuideClientRewardsServiceImpl : Service - Distance calculated: 399.1164277864076
2021-11-27 20:34:21.148  INFO 530588 --- [onPool-worker-4] .t.t.s.TourGuideClientRewardsServiceImpl : Service - Distance calculated: 10943.970705503152
2021-11-27 20:34:21.149  INFO 530588 --- [onPool-worker-6] .t.t.s.TourGuideClientRewardsServiceImpl : Service - Distance calculated: 114.84104950485279
2021-11-27 20:34:21.147  INFO 530588 --- [onPool-worker-1] .t.t.s.TourGuideClientRewardsServiceImpl : Service - Distance calculated: 8651.857049120197
2021-11-27 20:34:21.148  INFO 530588 --- [onPool-worker-2] .t.t.s.TourGuideClientRewardsServiceImpl : Service - Distance calculated: 8146.738635024279
2021-11-27 20:34:21.148  INFO 530588 --- [onPool-worker-9] .t.t.s.TourGuideClientRewardsServiceImpl : Service - Distance calculated: 6605.629955194638
2021-11-27 20:34:21.149  INFO 530588 --- [onPool-worker-6] .t.t.s.TourGuideClientRewardsServiceImpl : Service - Distance calculated: 262.02500937022353
2021-11-27 20:34:21.149  INFO 530588 --- [onPool-worker-2] .t.t.s.TourGuideClientRewardsServiceImpl : Service - Distance calculated: 9002.758778714317
2021-11-27 20:34:21.149  INFO 530588 --- [onPool-worker-6] .t.t.s.TourGuideClientRewardsServiceImpl : Service - Distance calculated: 930.6092243144677
2021-11-27 20:34:21.149  INFO 530588 --- [onPool-worker-2] .t.t.s.TourGuideClientRewardsServiceImpl : Service - Distance calculated: 8794.321631216684
2021-11-27 20:34:21.149  INFO 530588 --- [onPool-worker-6] .t.t.s.TourGuideClientRewardsServiceImpl : Service - Distance calculated: 1140.8091946113461
2021-11-27 20:34:21.148  INFO 530588 --- [nPool-worker-13] .t.t.s.TourGuideClientRewardsServiceImpl : Service - Distance calculated: 3437.6267788016085
2021-11-27 20:34:21.149  INFO 530588 --- [nPool-worker-12] .t.t.s.TourGuideClientRewardsServiceImpl : Service - Distance calculated: 6906.02609923083
2021-11-27 20:34:21.148  INFO 530588 --- [onPool-worker-3] .t.t.s.TourGuideClientRewardsServiceImpl : Service - Distance calculated: 6746.4260851859535
2021-11-27 20:34:21.149  INFO 530588 --- [nPool-worker-12] .t.t.s.TourGuideClientRewardsServiceImpl : Service - Distance calculated: 6917.90122108096
2021-11-27 20:34:21.148  INFO 530588 --- [nPool-worker-14] .t.t.s.TourGuideClientRewardsServiceImpl : Service - Distance calculated: 6419.083847227795
2021-11-27 20:34:21.149  INFO 530588 --- [nPool-worker-12] .t.t.s.TourGuideClientRewardsServiceImpl : Service - Distance calculated: 6988.333531195986
2021-11-27 20:34:21.148  INFO 530588 --- [nPool-worker-10] .t.t.s.TourGuideClientRewardsServiceImpl : Service - Distance calculated: 9836.016922913277
2021-11-27 20:34:21.149  INFO 530588 --- [nPool-worker-12] .t.t.s.TourGuideClientRewardsServiceImpl : Service - Distance calculated: 7008.1041945604775
2021-11-27 20:34:21.148  INFO 530588 --- [onPool-worker-5] .t.t.s.TourGuideClientRewardsServiceImpl : Service - Distance calculated: 9072.07519768663
2021-11-27 20:34:21.149  INFO 530588 --- [nPool-worker-10] .t.t.s.TourGuideClientRewardsServiceImpl : Service - Distance calculated: 10074.210282824928
2021-11-27 20:34:21.149  INFO 530588 --- [nPool-worker-12] .t.t.s.TourGuideClientRewardsServiceImpl : Service - Distance calculated: 7991.6206229247355
2021-11-27 20:34:21.149  INFO 530588 --- [onPool-worker-5] .t.t.s.TourGuideClientRewardsServiceImpl : Service - Distance calculated: 9094.219277964865
2021-11-27 20:34:21.149  INFO 530588 --- [nPool-worker-10] .t.t.s.TourGuideClientRewardsServiceImpl : Service - Distance calculated: 9838.642868336297
2021-11-27 20:34:21.149  INFO 530588 --- [onPool-worker-5] .t.t.s.TourGuideClientRewardsServiceImpl : Service - Distance calculated: 8995.87398883848
2021-11-27 20:34:21.149  INFO 530588 --- [nPool-worker-10] .t.t.s.TourGuideClientRewardsServiceImpl : Service - Distance calculated: 9729.866655611913
2021-11-27 20:34:21.149  INFO 530588 --- [onPool-worker-5] .t.t.s.TourGuideClientRewardsServiceImpl : Service - Distance calculated: 8909.627524620839
2021-11-27 20:34:21.149  INFO 530588 --- [nPool-worker-10] .t.t.s.TourGuideClientRewardsServiceImpl : Service - Distance calculated: 11875.62987259896
2021-11-27 20:34:21.149  INFO 530588 --- [onPool-worker-5] .t.t.s.TourGuideClientRewardsServiceImpl : Service - Distance calculated: 9285.882969275617
2021-11-27 20:34:21.149  INFO 530588 --- [nPool-worker-10] .t.t.s.TourGuideClientRewardsServiceImpl : Service - Distance calculated: 9619.888486199527
2021-11-27 20:34:21.149  INFO 530588 --- [onPool-worker-5] .t.t.s.TourGuideClientRewardsServiceImpl : Service - Distance calculated: 9107.73426001089
2021-11-27 20:34:21.149  INFO 530588 --- [nPool-worker-10] .t.t.s.TourGuideClientRewardsServiceImpl : Service - Distance calculated: 9745.71143876882
2021-11-27 20:34:21.149  INFO 530588 --- [onPool-worker-5] .t.t.s.TourGuideClientRewardsServiceImpl : Service - Distance calculated: 10966.969618444402
2021-11-27 20:34:21.149  INFO 530588 --- [nPool-worker-10] .t.t.s.TourGuideClientRewardsServiceImpl : Service - Distance calculated: 9612.32402552901
2021-11-27 20:34:21.149  INFO 530588 --- [onPool-worker-5] .t.t.s.TourGuideClientRewardsServiceImpl : Service - Distance calculated: 9268.84265745185
2021-11-27 20:34:21.149  INFO 530588 --- [nPool-worker-10] .t.t.s.TourGuideClientRewardsServiceImpl : Service - Distance calculated: 9004.347311018237
2021-11-27 20:34:21.149  INFO 530588 --- [onPool-worker-5] .t.t.s.TourGuideClientRewardsServiceImpl : Service - Distance calculated: 9259.343370658415
2021-11-27 20:34:21.149  INFO 530588 --- [nPool-worker-10] .t.t.s.TourGuideClientRewardsServiceImpl : Service - Distance calculated: 9697.944739276694
2021-11-27 20:34:21.149  INFO 530588 --- [onPool-worker-5] .t.t.s.TourGuideClientRewardsServiceImpl : Service - Distance calculated: 9169.601241368631
2021-11-27 20:34:21.149  INFO 530588 --- [nPool-worker-10] .t.t.s.TourGuideClientRewardsServiceImpl : Service - Distance calculated: 9602.09135302479
2021-11-27 20:34:21.149  INFO 530588 --- [onPool-worker-5] .t.t.s.TourGuideClientRewardsServiceImpl : Service - Distance calculated: 8375.52211901193
2021-11-27 20:34:21.149  INFO 530588 --- [onPool-worker-8] .t.t.s.TourGuideClientRewardsServiceImpl : Service - Distance calculated: 10966.69295089061
2021-11-27 20:34:21.149  INFO 530588 --- [onPool-worker-7] .t.t.s.TourGuideClientRewardsServiceImpl : Service - Distance calculated: 9335.821334028067
2021-11-27 20:34:21.149  INFO 530588 --- [onPool-worker-4] .t.t.s.TourGuideClientRewardsServiceImpl : Service - Distance calculated: 10772.193340576938
2021-11-27 20:34:21.149  INFO 530588 --- [onPool-worker-7] .t.t.s.TourGuideClientRewardsServiceImpl : Service - Distance calculated: 9257.287743246314
2021-11-27 20:34:21.149  INFO 530588 --- [onPool-worker-1] .t.t.s.TourGuideClientRewardsServiceImpl : Service - Distance calculated: 7635.068985868168
2021-11-27 20:34:21.149  INFO 530588 --- [onPool-worker-7] .t.t.s.TourGuideClientRewardsServiceImpl : Service - Distance calculated: 9019.841739372643
2021-11-27 20:34:21.149  INFO 530588 --- [onPool-worker-1] .t.t.s.TourGuideClientRewardsServiceImpl : Service - Distance calculated: 8256.895090847818
2021-11-27 20:34:21.149  INFO 530588 --- [onPool-worker-1] .t.t.s.TourGuideClientRewardsServiceImpl : Service - Distance calculated: 8020.262622565485
2021-11-27 20:34:21.149  INFO 530588 --- [onPool-worker-1] .t.t.s.TourGuideClientRewardsServiceImpl : Service - Distance calculated: 8476.155271411362
2021-11-27 20:34:21.149  INFO 530588 --- [onPool-worker-1] .t.t.s.TourGuideClientRewardsServiceImpl : Service - Distance calculated: 7720.8129170884795
2021-11-27 20:34:21.149  INFO 530588 --- [onPool-worker-1] .t.t.s.TourGuideClientRewardsServiceImpl : Service - Distance calculated: 6585.06957952289
2021-11-27 20:34:21.149  INFO 530588 --- [onPool-worker-1] .t.t.s.TourGuideClientRewardsServiceImpl : Service - Distance calculated: 8517.726203632634
2021-11-27 20:34:21.149  INFO 530588 --- [onPool-worker-9] .t.t.s.TourGuideClientRewardsServiceImpl : Service - Distance calculated: 7375.143644665372
2021-11-27 20:34:21.149  INFO 530588 --- [onPool-worker-1] .t.t.s.TourGuideClientRewardsServiceImpl : Service - Distance calculated: 9129.16350589009
2021-11-27 20:34:21.149  INFO 530588 --- [onPool-worker-9] .t.t.s.TourGuideClientRewardsServiceImpl : Service - Distance calculated: 6758.654057005913
2021-11-27 20:34:21.149  INFO 530588 --- [onPool-worker-1] .t.t.s.TourGuideClientRewardsServiceImpl : Service - Distance calculated: 7158.680369416961
2021-11-27 20:34:21.149  INFO 530588 --- [onPool-worker-1] .t.t.s.TourGuideClientRewardsServiceImpl : Service - Distance calculated: 7913.561879506094
2021-11-27 20:34:21.149  INFO 530588 --- [onPool-worker-1] .t.t.s.TourGuideClientRewardsServiceImpl : Service - Distance calculated: 9003.811869174453
2021-11-27 20:34:21.149  INFO 530588 --- [onPool-worker-1] .t.t.s.TourGuideClientRewardsServiceImpl : Service - Distance calculated: 8574.578222446904
2021-11-27 20:34:21.149  INFO 530588 --- [onPool-worker-1] .t.t.s.TourGuideClientRewardsServiceImpl : Service - Distance calculated: 5450.036188104846
2021-11-27 20:34:21.149  INFO 530588 --- [onPool-worker-1] .t.t.s.TourGuideClientRewardsServiceImpl : Service - Distance calculated: 6040.311442363372
2021-11-27 20:34:21.149  INFO 530588 --- [onPool-worker-1] .t.t.s.TourGuideClientRewardsServiceImpl : Service - Distance calculated: 5610.99228521065
2021-11-27 20:34:21.149  INFO 530588 --- [onPool-worker-1] .t.t.s.TourGuideClientRewardsServiceImpl : Service - Distance calculated: 5559.767652715106
2021-11-27 20:34:21.149  INFO 530588 --- [onPool-worker-1] .t.t.s.TourGuideClientRewardsServiceImpl : Service - Distance calculated: 6863.465959152302
2021-11-27 20:34:21.149  INFO 530588 --- [onPool-worker-1] .t.t.s.TourGuideClientRewardsServiceImpl : Service - Distance calculated: 6834.677444160007
2021-11-27 20:34:21.150  INFO 530588 --- [onPool-worker-1] .t.t.s.TourGuideClientRewardsServiceImpl : Service - Distance calculated: 5819.453988755518
2021-11-27 20:34:21.150  INFO 530588 --- [onPool-worker-1] .t.t.s.TourGuideClientRewardsServiceImpl : Service - Distance calculated: 7442.559746930659
2021-11-27 20:34:21.149  INFO 530588 --- [onPool-worker-9] .t.t.s.TourGuideClientRewardsServiceImpl : Service - Distance calculated: 6674.627945759355
2021-11-27 20:34:21.149  INFO 530588 --- [onPool-worker-2] .t.t.s.TourGuideClientRewardsServiceImpl : Service - Distance calculated: 9848.570718436686
2021-11-27 20:34:21.149  INFO 530588 --- [nPool-worker-11] .t.t.s.TourGuideClientRewardsServiceImpl : Service - Distance calculated: 6138.37835920289
2021-11-27 20:34:21.150  INFO 530588 --- [onPool-worker-2] .t.t.s.TourGuideClientRewardsServiceImpl : Service - Distance calculated: 9152.956547173162
2021-11-27 20:34:21.149  INFO 530588 --- [onPool-worker-6] .t.t.s.TourGuideClientRewardsServiceImpl : Service - Distance calculated: 591.1878381114789
2021-11-27 20:34:21.150  INFO 530588 --- [nPool-worker-11] .t.t.s.TourGuideClientRewardsServiceImpl : Service - Distance calculated: 6241.153694096597
2021-11-27 20:34:21.150  INFO 530588 --- [onPool-worker-6] .t.t.s.TourGuideClientRewardsServiceImpl : Service - Distance calculated: 870.6846252920311
2021-11-27 20:34:21.150  INFO 530588 --- [nPool-worker-11] .t.t.s.TourGuideClientRewardsServiceImpl : Service - Distance calculated: 6080.197868952277
2021-11-27 20:34:21.149  INFO 530588 --- [nPool-worker-13] .t.t.s.TourGuideClientRewardsServiceImpl : Service - Distance calculated: 2735.484746138693
2021-11-27 20:34:21.150  INFO 530588 --- [nPool-worker-11] .t.t.s.TourGuideClientRewardsServiceImpl : Service - Distance calculated: 6046.649830235136
2021-11-27 20:34:21.150  INFO 530588 --- [nPool-worker-13] .t.t.s.TourGuideClientRewardsServiceImpl : Service - Distance calculated: 2415.8052694607545
2021-11-27 20:34:21.149  INFO 530588 --- [onPool-worker-3] .t.t.s.TourGuideClientRewardsServiceImpl : Service - Distance calculated: 6835.604525386703
2021-11-27 20:34:21.150  INFO 530588 --- [nPool-worker-13] .t.t.s.TourGuideClientRewardsServiceImpl : Service - Distance calculated: 2580.419271137693
2021-11-27 20:34:21.149  INFO 530588 --- [nPool-worker-14] .t.t.s.TourGuideClientRewardsServiceImpl : Service - Distance calculated: 7077.192445571171
2021-11-27 20:34:21.150  INFO 530588 --- [nPool-worker-13] .t.t.s.TourGuideClientRewardsServiceImpl : Service - Distance calculated: 2053.79458077782
2021-11-27 20:34:21.149  INFO 530588 --- [nPool-worker-12] .t.t.s.TourGuideClientRewardsServiceImpl : Service - Distance calculated: 8050.48087398677
2021-11-27 20:34:21.150  INFO 530588 --- [nPool-worker-13] .t.t.s.TourGuideClientRewardsServiceImpl : Service - Distance calculated: 2420.0060625546885
2021-11-27 20:34:21.149  INFO 530588 --- [nPool-worker-10] .t.t.s.TourGuideClientRewardsServiceImpl : Service - Distance calculated: 9534.749160147992
2021-11-27 20:34:21.150  INFO 530588 --- [nPool-worker-12] .t.t.s.TourGuideClientRewardsServiceImpl : Service - Distance calculated: 7358.505261388472
2021-11-27 20:34:21.149  INFO 530588 --- [onPool-worker-5] .t.t.s.TourGuideClientRewardsServiceImpl : Service - Distance calculated: 8735.881268628184
2021-11-27 20:34:21.150  INFO 530588 --- [nPool-worker-12] .t.t.s.TourGuideClientRewardsServiceImpl : Service - Distance calculated: 8146.552071481025
2021-11-27 20:34:21.150  INFO 530588 --- [onPool-worker-5] .t.t.s.TourGuideClientRewardsServiceImpl : Service - Distance calculated: 8866.349393102037
2021-11-27 20:34:21.150  INFO 530588 --- [onPool-worker-5] .t.t.s.TourGuideClientRewardsServiceImpl : Service - Distance calculated: 8701.207206778081
2021-11-27 20:34:21.150  INFO 530588 --- [nPool-worker-12] .t.t.s.TourGuideClientRewardsServiceImpl : Service - Distance calculated: 8250.631790780075
2021-11-27 20:34:21.150  INFO 530588 --- [nPool-worker-12] .t.t.s.TourGuideClientRewardsServiceImpl : Service - Distance calculated: 5029.353540574796
2021-11-27 20:34:21.149  INFO 530588 --- [onPool-worker-8] .t.t.s.TourGuideClientRewardsServiceImpl : Service - Distance calculated: 10938.781110676957
2021-11-27 20:34:21.150  INFO 530588 --- [nPool-worker-12] .t.t.s.TourGuideClientRewardsServiceImpl : Service - Distance calculated: 8322.133903433572
2021-11-27 20:34:21.150  INFO 530588 --- [ol-251-thread-1] .t.t.s.TourGuideClientRewardsServiceImpl : Service - Reward added for user: internalUser72
2021-11-27 20:34:21.149  INFO 530588 --- [onPool-worker-4] .t.t.s.TourGuideClientRewardsServiceImpl : Service - Distance calculated: 10555.734187742528
2021-11-27 20:34:21.149  INFO 530588 --- [onPool-worker-7] .t.t.s.TourGuideClientRewardsServiceImpl : Service - Distance calculated: 8928.823825141328
2021-11-27 20:34:21.150  INFO 530588 --- [onPool-worker-4] .t.t.s.TourGuideClientRewardsServiceImpl : Service - Distance calculated: 10855.872718537723
2021-11-27 20:34:21.150  INFO 530588 --- [onPool-worker-1] .t.t.s.TourGuideClientRewardsServiceImpl : Service - Distance calculated: 7349.558885300406
2021-11-27 20:34:21.150  INFO 530588 --- [onPool-worker-4] .t.t.s.TourGuideClientRewardsServiceImpl : Service - Distance calculated: 10901.370057898628
2021-11-27 20:34:21.150  INFO 530588 --- [onPool-worker-9] .t.t.s.TourGuideClientRewardsServiceImpl : Service - Distance calculated: 7626.9771039452235
2021-11-27 20:34:21.150  INFO 530588 --- [onPool-worker-1] .t.t.s.TourGuideClientRewardsServiceImpl : Service - Distance calculated: 5380.35464993138
2021-11-27 20:34:21.150  INFO 530588 --- [onPool-worker-4] .t.t.s.TourGuideClientRewardsServiceImpl : Service - Distance calculated: 10794.78998473488
2021-11-27 20:34:21.150  INFO 530588 --- [onPool-worker-9] .t.t.s.TourGuideClientRewardsServiceImpl : Service - Distance calculated: 7543.858189017106
2021-11-27 20:34:21.150  INFO 530588 --- [onPool-worker-2] .t.t.s.TourGuideClientRewardsServiceImpl : Service - Distance calculated: 9034.21977151849
2021-11-27 20:34:21.150  INFO 530588 --- [onPool-worker-9] .t.t.s.TourGuideClientRewardsServiceImpl : Service - Distance calculated: 6749.825965364054
2021-11-27 20:34:21.150  INFO 530588 --- [onPool-worker-2] .t.t.s.TourGuideClientRewardsServiceImpl : Service - Distance calculated: 8994.271954287397
2021-11-27 20:34:21.150  INFO 530588 --- [onPool-worker-9] .t.t.s.TourGuideClientRewardsServiceImpl : Service - Distance calculated: 8226.341347298669
2021-11-27 20:34:21.150  INFO 530588 --- [onPool-worker-2] .t.t.s.TourGuideClientRewardsServiceImpl : Service - Distance calculated: 8146.150557588565
2021-11-27 20:34:21.150  INFO 530588 --- [onPool-worker-9] .t.t.s.TourGuideClientRewardsServiceImpl : Service - Distance calculated: 8031.645599074796
2021-11-27 20:34:21.150  INFO 530588 --- [onPool-worker-2] .t.t.s.TourGuideClientRewardsServiceImpl : Service - Distance calculated: 8176.42095347877
2021-11-27 20:34:21.150  INFO 530588 --- [onPool-worker-9] .t.t.s.TourGuideClientRewardsServiceImpl : Service - Distance calculated: 7648.441630012139
2021-11-27 20:34:21.150  INFO 530588 --- [onPool-worker-6] .t.t.s.TourGuideClientRewardsServiceImpl : Service - Distance calculated: 326.8897395589199
2021-11-27 20:34:21.150  INFO 530588 --- [onPool-worker-9] .t.t.s.TourGuideClientRewardsServiceImpl : Service - Distance calculated: 8608.8233340193
2021-11-27 20:34:21.150  INFO 530588 --- [nPool-worker-11] .t.t.s.TourGuideClientRewardsServiceImpl : Service - Distance calculated: 5199.640613445313
2021-11-27 20:34:21.150  INFO 530588 --- [onPool-worker-9] .t.t.s.TourGuideClientRewardsServiceImpl : Service - Distance calculated: 8345.307234550017
2021-11-27 20:34:21.150  INFO 530588 --- [onPool-worker-6] .t.t.s.TourGuideClientRewardsServiceImpl : Service - Distance calculated: 1064.3681879149667
2021-11-27 20:34:21.150  INFO 530588 --- [onPool-worker-9] .t.t.s.TourGuideClientRewardsServiceImpl : Service - Distance calculated: 8404.417717183971
2021-11-27 20:34:21.150  INFO 530588 --- [nPool-worker-11] .t.t.s.TourGuideClientRewardsServiceImpl : Service - Distance calculated: 5130.524988545697
2021-11-27 20:34:21.150  INFO 530588 --- [onPool-worker-9] .t.t.s.TourGuideClientRewardsServiceImpl : Service - Distance calculated: 7721.700059216446
2021-11-27 20:34:21.150  INFO 530588 --- [nPool-worker-11] .t.t.s.TourGuideClientRewardsServiceImpl : Service - Distance calculated: 5705.5519643052285
2021-11-27 20:34:21.150  INFO 530588 --- [onPool-worker-9] .t.t.s.TourGuideClientRewardsServiceImpl : Service - Distance calculated: 7143.490942445612
2021-11-27 20:34:21.150  INFO 530588 --- [nPool-worker-11] .t.t.s.TourGuideClientRewardsServiceImpl : Service - Distance calculated: 5111.569797332436
2021-11-27 20:34:21.150  INFO 530588 --- [onPool-worker-3] .t.t.s.TourGuideClientRewardsServiceImpl : Service - Distance calculated: 6090.629753381177
2021-11-27 20:34:21.150  INFO 530588 --- [nPool-worker-11] .t.t.s.TourGuideClientRewardsServiceImpl : Service - Distance calculated: 4989.826723461838
2021-11-27 20:34:21.150  INFO 530588 --- [nPool-worker-14] .t.t.s.TourGuideClientRewardsServiceImpl : Service - Distance calculated: 7620.440269836555
2021-11-27 20:34:21.150  INFO 530588 --- [nPool-worker-13] .t.t.s.TourGuideClientRewardsServiceImpl : Service - Distance calculated: 2470.683197664785
2021-11-27 20:34:21.151  INFO 530588 --- [nPool-worker-11] .t.t.s.TourGuideClientRewardsServiceImpl : Service - Distance calculated: 8194.47063746151
2021-11-27 20:34:21.151  INFO 530588 --- [nPool-worker-14] .t.t.s.TourGuideClientRewardsServiceImpl : Service - Distance calculated: 6658.162434797462
2021-11-27 20:34:21.151  INFO 530588 --- [nPool-worker-11] .t.t.s.TourGuideClientRewardsServiceImpl : Service - Distance calculated: 4968.79803294847
2021-11-27 20:34:21.150  INFO 530588 --- [nPool-worker-10] .t.t.s.TourGuideClientRewardsServiceImpl : Service - Distance calculated: 9657.16863862564
2021-11-27 20:34:21.151  INFO 530588 --- [nPool-worker-11] .t.t.s.TourGuideClientRewardsServiceImpl : Service - Distance calculated: 5036.125520397309
2021-11-27 20:34:21.150  INFO 530588 --- [onPool-worker-5] .t.t.s.TourGuideClientRewardsServiceImpl : Service - Distance calculated: 9026.147004601977
2021-11-27 20:34:21.151  INFO 530588 --- [nPool-worker-11] .t.t.s.TourGuideClientRewardsServiceImpl : Service - Distance calculated: 4915.984349321012
2021-11-27 20:34:21.150  INFO 530588 --- [onPool-worker-8] .t.t.s.TourGuideClientRewardsServiceImpl : Service - Distance calculated: 11605.45777745118
2021-11-27 20:34:21.151  INFO 530588 --- [nPool-worker-11] .t.t.s.TourGuideClientRewardsServiceImpl : Service - Distance calculated: 4263.467072803508
2021-11-27 20:34:21.150  INFO 530588 --- [nPool-worker-12] .t.t.s.TourGuideClientRewardsServiceImpl : Service - Distance calculated: 8233.600434418116
2021-11-27 20:34:21.151  INFO 530588 --- [nPool-worker-11] .t.t.s.TourGuideClientRewardsServiceImpl : Service - Distance calculated: 5087.948758377417
2021-11-27 20:34:21.151  INFO 530588 --- [onPool-worker-8] .t.t.s.TourGuideClientRewardsServiceImpl : Service - Distance calculated: 10520.29356766696
2021-11-27 20:34:21.151  INFO 530588 --- [nPool-worker-11] .t.t.s.TourGuideClientRewardsServiceImpl : Service - Distance calculated: 4869.544204455698
2021-11-27 20:34:21.151  INFO 530588 --- [nPool-worker-12] .t.t.s.TourGuideClientRewardsServiceImpl : Service - Distance calculated: 8360.47730024731
2021-11-27 20:34:21.151  INFO 530588 --- [nPool-worker-11] .t.t.s.TourGuideClientRewardsServiceImpl : Service - Distance calculated: 4840.9767504721385
2021-11-27 20:34:21.150  INFO 530588 --- [onPool-worker-7] .t.t.s.TourGuideClientRewardsServiceImpl : Service - Distance calculated: 9038.54385687181
2021-11-27 20:34:21.151  INFO 530588 --- [nPool-worker-11] .t.t.s.TourGuideClientRewardsServiceImpl : Service - Distance calculated: 4916.081470132894
2021-11-27 20:34:21.150  INFO 530588 --- [onPool-worker-1] .t.t.s.TourGuideClientRewardsServiceImpl : Service - Distance calculated: 7881.827812566654
2021-11-27 20:34:21.151  INFO 530588 --- [nPool-worker-11] .t.t.s.TourGuideClientRewardsServiceImpl : Service - Distance calculated: 5048.714464069962
2021-11-27 20:34:21.150  INFO 530588 --- [onPool-worker-4] .t.t.s.TourGuideClientRewardsServiceImpl : Service - Distance calculated: 10035.249371134782
2021-11-27 20:34:21.151  INFO 530588 --- [nPool-worker-11] .t.t.s.TourGuideClientRewardsServiceImpl : Service - Distance calculated: 6058.857426462887
2021-11-27 20:34:21.150  INFO 530588 --- [onPool-worker-2] .t.t.s.TourGuideClientRewardsServiceImpl : Service - Distance calculated: 8489.417200246422
2021-11-27 20:34:21.151  INFO 530588 --- [onPool-worker-4] .t.t.s.TourGuideClientRewardsServiceImpl : Service - Distance calculated: 10323.775784575162
2021-11-27 20:34:21.151  INFO 530588 --- [nPool-worker-11] .t.t.s.TourGuideClientRewardsServiceImpl : Service - Distance calculated: 4404.0711500776015
2021-11-27 20:34:21.150  INFO 530588 --- [onPool-worker-6] .t.t.s.TourGuideClientRewardsServiceImpl : Service - Distance calculated: 2027.1579326735346
2021-11-27 20:34:21.150  INFO 530588 --- [onPool-worker-9] .t.t.s.TourGuideClientRewardsServiceImpl : Service - Distance calculated: 7703.742423832054
2021-11-27 20:34:21.151  INFO 530588 --- [onPool-worker-6] .t.t.s.TourGuideClientRewardsServiceImpl : Service - Distance calculated: 850.9132376425052
2021-11-27 20:34:21.151  INFO 530588 --- [onPool-worker-9] .t.t.s.TourGuideClientRewardsServiceImpl : Service - Distance calculated: 7416.462137562398
2021-11-27 20:34:21.151  INFO 530588 --- [onPool-worker-9] .t.t.s.TourGuideClientRewardsServiceImpl : Service - Distance calculated: 7983.738569004697
2021-11-27 20:34:21.151  INFO 530588 --- [onPool-worker-3] .t.t.s.TourGuideClientRewardsServiceImpl : Service - Distance calculated: 6182.543537528414
2021-11-27 20:34:21.151  INFO 530588 --- [onPool-worker-9] .t.t.s.TourGuideClientRewardsServiceImpl : Service - Distance calculated: 7215.905383689515
2021-11-27 20:34:21.151  INFO 530588 --- [nPool-worker-13] .t.t.s.TourGuideClientRewardsServiceImpl : Service - Distance calculated: 1180.8510535055682
2021-11-27 20:34:21.151  INFO 530588 --- [nPool-worker-13] .t.t.s.TourGuideClientRewardsServiceImpl : Service - Distance calculated: 1227.0059064001778
2021-11-27 20:34:21.151  INFO 530588 --- [nPool-worker-14] .t.t.s.TourGuideClientRewardsServiceImpl : Service - Distance calculated: 8319.076239935424
2021-11-27 20:34:21.151  INFO 530588 --- [nPool-worker-13] .t.t.s.TourGuideClientRewardsServiceImpl : Service - Distance calculated: 2225.0109545419027
2021-11-27 20:34:21.151  INFO 530588 --- [nPool-worker-10] .t.t.s.TourGuideClientRewardsServiceImpl : Service - Distance calculated: 9683.310836949286
2021-11-27 20:34:21.151  INFO 530588 --- [nPool-worker-13] .t.t.s.TourGuideClientRewardsServiceImpl : Service - Distance calculated: 589.8458394119942
2021-11-27 20:34:21.151  INFO 530588 --- [onPool-worker-5] .t.t.s.TourGuideClientRewardsServiceImpl : Service - Distance calculated: 8749.520041630674
2021-11-27 20:34:21.151  INFO 530588 --- [nPool-worker-13] .t.t.s.TourGuideClientRewardsServiceImpl : Service - Distance calculated: 694.6956957068203
2021-11-27 20:34:21.151  INFO 530588 --- [onPool-worker-8] .t.t.s.TourGuideClientRewardsServiceImpl : Service - Distance calculated: 10547.13167933561
2021-11-27 20:34:21.151  INFO 530588 --- [nPool-worker-10] .t.t.s.TourGuideClientRewardsServiceImpl : Service - Distance calculated: 10244.755026865394
2021-11-27 20:34:21.151  INFO 530588 --- [onPool-worker-5] .t.t.s.TourGuideClientRewardsServiceImpl : Service - Distance calculated: 8997.18549957389
2021-11-27 20:34:21.151  INFO 530588 --- [nPool-worker-10] .t.t.s.TourGuideClientRewardsServiceImpl : Service - Distance calculated: 9141.541873042173
2021-11-27 20:34:21.151  INFO 530588 --- [onPool-worker-5] .t.t.s.TourGuideClientRewardsServiceImpl : Service - Distance calculated: 8471.283299409986
2021-11-27 20:34:21.151  INFO 530588 --- [nPool-worker-10] .t.t.s.TourGuideClientRewardsServiceImpl : Service - Distance calculated: 9613.292211994076
2021-11-27 20:34:21.151  INFO 530588 --- [nPool-worker-12] .t.t.s.TourGuideClientRewardsServiceImpl : Service - Distance calculated: 8953.634592854929
2021-11-27 20:34:21.151  INFO 530588 --- [onPool-worker-7] .t.t.s.TourGuideClientRewardsServiceImpl : Service - Distance calculated: 9092.293712100713
2021-11-27 20:34:21.151  INFO 530588 --- [onPool-worker-1] .t.t.s.TourGuideClientRewardsServiceImpl : Service - Distance calculated: 7598.176076296944
2021-11-27 20:34:21.151  INFO 530588 --- [nPool-worker-12] .t.t.s.TourGuideClientRewardsServiceImpl : Service - Distance calculated: 8036.214227125531
2021-11-27 20:34:21.151  INFO 530588 --- [onPool-worker-2] .t.t.s.TourGuideClientRewardsServiceImpl : Service - Distance calculated: 8258.655304675925
2021-11-27 20:34:21.151  INFO 530588 --- [onPool-worker-4] .t.t.s.TourGuideClientRewardsServiceImpl : Service - Distance calculated: 10528.798550465817
2021-11-27 20:34:21.151  INFO 530588 --- [onPool-worker-2] .t.t.s.TourGuideClientRewardsServiceImpl : Service - Distance calculated: 8716.541750339498
2021-11-27 20:34:21.151  INFO 530588 --- [nPool-worker-11] .t.t.s.TourGuideClientRewardsServiceImpl : Service - Distance calculated: 5016.519757091923
2021-11-27 20:34:21.151  INFO 530588 --- [onPool-worker-2] .t.t.s.TourGuideClientRewardsServiceImpl : Service - Distance calculated: 8214.071629938348
2021-11-27 20:34:21.151  INFO 530588 --- [onPool-worker-4] .t.t.s.TourGuideClientRewardsServiceImpl : Service - Distance calculated: 10347.0844107361
2021-11-27 20:34:21.151  INFO 530588 --- [onPool-worker-6] .t.t.s.TourGuideClientRewardsServiceImpl : Service - Distance calculated: 560.6846837996549
2021-11-27 20:34:21.151  INFO 530588 --- [onPool-worker-9] .t.t.s.TourGuideClientRewardsServiceImpl : Service - Distance calculated: 6568.594308012548
2021-11-27 20:34:21.151  INFO 530588 --- [onPool-worker-6] .t.t.s.TourGuideClientRewardsServiceImpl : Service - Distance calculated: 1501.9995130297564
2021-11-27 20:34:21.151  INFO 530588 --- [onPool-worker-9] .t.t.s.TourGuideClientRewardsServiceImpl : Service - Distance calculated: 7671.683321508387
2021-11-27 20:34:21.151  INFO 530588 --- [onPool-worker-3] .t.t.s.TourGuideClientRewardsServiceImpl : Service - Distance calculated: 6841.151592774886
2021-11-27 20:34:21.151  INFO 530588 --- [onPool-worker-6] .t.t.s.TourGuideClientRewardsServiceImpl : Service - Distance calculated: 693.7810625558838
2021-11-27 20:34:21.151  INFO 530588 --- [onPool-worker-3] .t.t.s.TourGuideClientRewardsServiceImpl : Service - Distance calculated: 5528.309582048168
2021-11-27 20:34:21.151  INFO 530588 --- [onPool-worker-6] .t.t.s.TourGuideClientRewardsServiceImpl : Service - Distance calculated: 405.5176623385367
2021-11-27 20:34:21.151  INFO 530588 --- [onPool-worker-3] .t.t.s.TourGuideClientRewardsServiceImpl : Service - Distance calculated: 5734.059144210514
2021-11-27 20:34:21.151  INFO 530588 --- [nPool-worker-14] .t.t.s.TourGuideClientRewardsServiceImpl : Service - Distance calculated: 8726.105600817167
2021-11-27 20:34:21.151  INFO 530588 --- [onPool-worker-6] .t.t.s.TourGuideClientRewardsServiceImpl : Service - Distance calculated: 821.3215086533647
2021-11-27 20:34:21.151  INFO 530588 --- [nPool-worker-13] .t.t.s.TourGuideClientRewardsServiceImpl : Service - Distance calculated: 3549.9311921382523
2021-11-27 20:34:21.151  INFO 530588 --- [onPool-worker-8] .t.t.s.TourGuideClientRewardsServiceImpl : Service - Distance calculated: 10559.721179132004
2021-11-27 20:34:21.151  INFO 530588 --- [onPool-worker-5] .t.t.s.TourGuideClientRewardsServiceImpl : Service - Distance calculated: 9349.0234529016
2021-11-27 20:34:21.151  INFO 530588 --- [onPool-worker-8] .t.t.s.TourGuideClientRewardsServiceImpl : Service - Distance calculated: 10109.198916941163
2021-11-27 20:34:21.151  INFO 530588 --- [nPool-worker-10] .t.t.s.TourGuideClientRewardsServiceImpl : Service - Distance calculated: 9992.677967986785
2021-11-27 20:34:21.151  INFO 530588 --- [onPool-worker-5] .t.t.s.TourGuideClientRewardsServiceImpl : Service - Distance calculated: 8886.762936883579
2021-11-27 20:34:21.151  INFO 530588 --- [onPool-worker-7] .t.t.s.TourGuideClientRewardsServiceImpl : Service - Distance calculated: 8939.697565948214
2021-11-27 20:34:21.151  INFO 530588 --- [onPool-worker-5] .t.t.s.TourGuideClientRewardsServiceImpl : Service - Distance calculated: 9313.41447713281
2021-11-27 20:34:21.151  INFO 530588 --- [nPool-worker-12] .t.t.s.TourGuideClientRewardsServiceImpl : Service - Distance calculated: 8334.596414756083
2021-11-27 20:34:21.151  INFO 530588 --- [onPool-worker-5] .t.t.s.TourGuideClientRewardsServiceImpl : Service - Distance calculated: 9275.415755603706
2021-11-27 20:34:21.151  INFO 530588 --- [onPool-worker-1] .t.t.s.TourGuideClientRewardsServiceImpl : Service - Distance calculated: 7732.532546197982
2021-11-27 20:34:21.151  INFO 530588 --- [nPool-worker-12] .t.t.s.TourGuideClientRewardsServiceImpl : Service - Distance calculated: 8324.889616783692
2021-11-27 20:34:21.151  INFO 530588 --- [onPool-worker-1] .t.t.s.TourGuideClientRewardsServiceImpl : Service - Distance calculated: 7552.088023856759
2021-11-27 20:34:21.151  INFO 530588 --- [nPool-worker-11] .t.t.s.TourGuideClientRewardsServiceImpl : Service - Distance calculated: 5528.182974627261
2021-11-27 20:34:21.151  INFO 530588 --- [onPool-worker-1] .t.t.s.TourGuideClientRewardsServiceImpl : Service - Distance calculated: 6518.817721810849
2021-11-27 20:34:21.151  INFO 530588 --- [onPool-worker-2] .t.t.s.TourGuideClientRewardsServiceImpl : Service - Distance calculated: 8140.210150471511
2021-11-27 20:34:21.151  INFO 530588 --- [nPool-worker-11] .t.t.s.TourGuideClientRewardsServiceImpl : Service - Distance calculated: 5423.151977878316
2021-11-27 20:34:21.151  INFO 530588 --- [onPool-worker-4] .t.t.s.TourGuideClientRewardsServiceImpl : Service - Distance calculated: 10690.7294477646
2021-11-27 20:34:21.151  INFO 530588 --- [nPool-worker-11] .t.t.s.TourGuideClientRewardsServiceImpl : Service - Distance calculated: 4973.662931703739
2021-11-27 20:34:21.151  INFO 530588 --- [onPool-worker-9] .t.t.s.TourGuideClientRewardsServiceImpl : Service - Distance calculated: 8793.5898635524
2021-11-27 20:34:21.151  INFO 530588 --- [nPool-worker-11] .t.t.s.TourGuideClientRewardsServiceImpl : Service - Distance calculated: 4399.8779642605305
2021-11-27 20:34:21.151  INFO 530588 --- [onPool-worker-4] .t.t.s.TourGuideClientRewardsServiceImpl : Service - Distance calculated: 10352.959114464378
2021-11-27 20:34:21.151  INFO 530588 --- [onPool-worker-9] .t.t.s.TourGuideClientRewardsServiceImpl : Service - Distance calculated: 6887.129211255615
2021-11-27 20:34:21.151  INFO 530588 --- [onPool-worker-3] .t.t.s.TourGuideClientRewardsServiceImpl : Service - Distance calculated: 5241.3903977394975
2021-11-27 20:34:21.151  INFO 530588 --- [onPool-worker-4] .t.t.s.TourGuideClientRewardsServiceImpl : Service - Distance calculated: 10204.56763522683
2021-11-27 20:34:21.151  INFO 530588 --- [onPool-worker-9] .t.t.s.TourGuideClientRewardsServiceImpl : Service - Distance calculated: 7705.805516560479
2021-11-27 20:34:21.151  INFO 530588 --- [nPool-worker-14] .t.t.s.TourGuideClientRewardsServiceImpl : Service - Distance calculated: 8465.56119920269
2021-11-27 20:34:21.151  INFO 530588 --- [onPool-worker-9] .t.t.s.TourGuideClientRewardsServiceImpl : Service - Distance calculated: 8618.317564219778
2021-11-27 20:34:21.151  INFO 530588 --- [onPool-worker-6] .t.t.s.TourGuideClientRewardsServiceImpl : Service - Distance calculated: 5531.848621105508
2021-11-27 20:34:21.151  INFO 530588 --- [nPool-worker-13] .t.t.s.TourGuideClientRewardsServiceImpl : Service - Distance calculated: 193.46830579808713
2021-11-27 20:34:21.152  INFO 530588 --- [onPool-worker-9] .t.t.s.TourGuideClientRewardsServiceImpl : Service - Distance calculated: 7730.083985903512
2021-11-27 20:34:21.152  INFO 530588 --- [onPool-worker-6] .t.t.s.TourGuideClientRewardsServiceImpl : Service - Distance calculated: 5811.515313993561
2021-11-27 20:34:21.152  INFO 530588 --- [onPool-worker-9] .t.t.s.TourGuideClientRewardsServiceImpl : Service - Distance calculated: 8075.761449450594
2021-11-27 20:34:21.152  INFO 530588 --- [nPool-worker-13] .t.t.s.TourGuideClientRewardsServiceImpl : Service - Distance calculated: 434.98172229284404
2021-11-27 20:34:21.151  INFO 530588 --- [onPool-worker-8] .t.t.s.TourGuideClientRewardsServiceImpl : Service - Distance calculated: 10369.906733923479
2021-11-27 20:34:21.151  INFO 530588 --- [nPool-worker-10] .t.t.s.TourGuideClientRewardsServiceImpl : Service - Distance calculated: 10145.026976844412
2021-11-27 20:34:21.151  INFO 530588 --- [onPool-worker-7] .t.t.s.TourGuideClientRewardsServiceImpl : Service - Distance calculated: 11457.953688212108
2021-11-27 20:34:21.151  INFO 530588 --- [onPool-worker-5] .t.t.s.TourGuideClientRewardsServiceImpl : Service - Distance calculated: 8492.002937394902
2021-11-27 20:34:21.152  INFO 530588 --- [onPool-worker-7] .t.t.s.TourGuideClientRewardsServiceImpl : Service - Distance calculated: 8993.246710854408
2021-11-27 20:34:21.151  INFO 530588 --- [nPool-worker-12] .t.t.s.TourGuideClientRewardsServiceImpl : Service - Distance calculated: 8320.281569849149
2021-11-27 20:34:21.152  INFO 530588 --- [onPool-worker-5] .t.t.s.TourGuideClientRewardsServiceImpl : Service - Distance calculated: 8636.251169069814
2021-11-27 20:34:21.152  INFO 530588 --- [onPool-worker-7] .t.t.s.TourGuideClientRewardsServiceImpl : Service - Distance calculated: 9037.28708583008
2021-11-27 20:34:21.151  INFO 530588 --- [onPool-worker-1] .t.t.s.TourGuideClientRewardsServiceImpl : Service - Distance calculated: 7138.006340947214
2021-11-27 20:34:21.152  INFO 530588 --- [nPool-worker-12] .t.t.s.TourGuideClientRewardsServiceImpl : Service - Distance calculated: 8086.5182795041155
2021-11-27 20:34:21.151  INFO 530588 --- [onPool-worker-2] .t.t.s.TourGuideClientRewardsServiceImpl : Service - Distance calculated: 8195.387133524686
2021-11-27 20:34:21.152  INFO 530588 --- [nPool-worker-12] .t.t.s.TourGuideClientRewardsServiceImpl : Service - Distance calculated: 6978.616053950938
2021-11-27 20:34:21.151  INFO 530588 --- [nPool-worker-11] .t.t.s.TourGuideClientRewardsServiceImpl : Service - Distance calculated: 7630.574217691721
2021-11-27 20:34:21.152  INFO 530588 --- [nPool-worker-12] .t.t.s.TourGuideClientRewardsServiceImpl : Service - Distance calculated: 8803.353334878399
2021-11-27 20:34:21.151  INFO 530588 --- [onPool-worker-4] .t.t.s.TourGuideClientRewardsServiceImpl : Service - Distance calculated: 10135.793269187316
2021-11-27 20:34:21.152  INFO 530588 --- [nPool-worker-11] .t.t.s.TourGuideClientRewardsServiceImpl : Service - Distance calculated: 7606.082421443987
2021-11-27 20:34:21.152  INFO 530588 --- [nPool-worker-12] .t.t.s.TourGuideClientRewardsServiceImpl : Service - Distance calculated: 8285.137493611286
2021-11-27 20:34:21.151  INFO 530588 --- [onPool-worker-3] .t.t.s.TourGuideClientRewardsServiceImpl : Service - Distance calculated: 5183.409932976483
2021-11-27 20:34:21.152  INFO 530588 --- [nPool-worker-11] .t.t.s.TourGuideClientRewardsServiceImpl : Service - Distance calculated: 7552.243842383083
2021-11-27 20:34:21.152  INFO 530588 --- [nPool-worker-14] .t.t.s.TourGuideClientRewardsServiceImpl : Service - Distance calculated: 8434.69466126548
2021-11-27 20:34:21.152  INFO 530588 --- [nPool-worker-11] .t.t.s.TourGuideClientRewardsServiceImpl : Service - Distance calculated: 7530.408762220765
2021-11-27 20:34:21.152  INFO 530588 --- [onPool-worker-6] .t.t.s.TourGuideClientRewardsServiceImpl : Service - Distance calculated: 5655.855311966658
2021-11-27 20:34:21.152  INFO 530588 --- [nPool-worker-14] .t.t.s.TourGuideClientRewardsServiceImpl : Service - Distance calculated: 9737.945930728592
2021-11-27 20:34:21.152  INFO 530588 --- [onPool-worker-9] .t.t.s.TourGuideClientRewardsServiceImpl : Service - Distance calculated: 8042.638052284591
2021-11-27 20:34:21.152  INFO 530588 --- [nPool-worker-14] .t.t.s.TourGuideClientRewardsServiceImpl : Service - Distance calculated: 9736.849849643168
2021-11-27 20:34:21.152  INFO 530588 --- [nPool-worker-13] .t.t.s.TourGuideClientRewardsServiceImpl : Service - Distance calculated: 298.15810980128606
2021-11-27 20:34:21.152  INFO 530588 --- [onPool-worker-9] .t.t.s.TourGuideClientRewardsServiceImpl : Service - Distance calculated: 7997.356381904113
2021-11-27 20:34:21.152  INFO 530588 --- [onPool-worker-8] .t.t.s.TourGuideClientRewardsServiceImpl : Service - Distance calculated: 10223.81929408959
2021-11-27 20:34:21.152  INFO 530588 --- [nPool-worker-13] .t.t.s.TourGuideClientRewardsServiceImpl : Service - Distance calculated: 957.3764711433721
2021-11-27 20:34:21.152  INFO 530588 --- [onPool-worker-8] .t.t.s.TourGuideClientRewardsServiceImpl : Service - Distance calculated: 10011.058333265893
2021-11-27 20:34:21.152  INFO 530588 --- [nPool-worker-13] .t.t.s.TourGuideClientRewardsServiceImpl : Service - Distance calculated: 1596.9070138756279
2021-11-27 20:34:21.152  INFO 530588 --- [onPool-worker-8] .t.t.s.TourGuideClientRewardsServiceImpl : Service - Distance calculated: 11011.19255985661
2021-11-27 20:34:21.152  INFO 530588 --- [nPool-worker-10] .t.t.s.TourGuideClientRewardsServiceImpl : Service - Distance calculated: 9622.349922018824
2021-11-27 20:34:21.152  INFO 530588 --- [onPool-worker-8] .t.t.s.TourGuideClientRewardsServiceImpl : Service - Distance calculated: 10617.18878262058
2021-11-27 20:34:21.152  INFO 530588 --- [onPool-worker-5] .t.t.s.TourGuideClientRewardsServiceImpl : Service - Distance calculated: 9378.33205320137
2021-11-27 20:34:21.152  INFO 530588 --- [nPool-worker-10] .t.t.s.TourGuideClientRewardsServiceImpl : Service - Distance calculated: 9140.02884538295
2021-11-27 20:34:21.152  INFO 530588 --- [onPool-worker-7] .t.t.s.TourGuideClientRewardsServiceImpl : Service - Distance calculated: 8927.418261722436
2021-11-27 20:34:21.152  INFO 530588 --- [nPool-worker-10] .t.t.s.TourGuideClientRewardsServiceImpl : Service - Distance calculated: 2919.3218225448786
2021-11-27 20:34:21.152  INFO 530588 --- [onPool-worker-1] .t.t.s.TourGuideClientRewardsServiceImpl : Service - Distance calculated: 6905.705586570233
2021-11-27 20:34:21.152  INFO 530588 --- [onPool-worker-7] .t.t.s.TourGuideClientRewardsServiceImpl : Service - Distance calculated: 8195.824638979226
2021-11-27 20:34:21.152  INFO 530588 --- [onPool-worker-2] .t.t.s.TourGuideClientRewardsServiceImpl : Service - Distance calculated: 9291.020489503753
2021-11-27 20:34:21.152  INFO 530588 --- [onPool-worker-4] .t.t.s.TourGuideClientRewardsServiceImpl : Service - Distance calculated: 10887.968778797123
2021-11-27 20:34:21.152  INFO 530588 --- [nPool-worker-12] .t.t.s.TourGuideClientRewardsServiceImpl : Service - Distance calculated: 7556.792610704592
2021-11-27 20:34:21.152  INFO 530588 --- [onPool-worker-2] .t.t.s.TourGuideClientRewardsServiceImpl : Service - Distance calculated: 8182.716764170817
2021-11-27 20:34:21.152  INFO 530588 --- [nPool-worker-12] .t.t.s.TourGuideClientRewardsServiceImpl : Service - Distance calculated: 7776.511335494349
2021-11-27 20:34:21.152  INFO 530588 --- [onPool-worker-3] .t.t.s.TourGuideClientRewardsServiceImpl : Service - Distance calculated: 5425.879803860885
2021-11-27 20:34:21.152  INFO 530588 --- [nPool-worker-12] .t.t.s.TourGuideClientRewardsServiceImpl : Service - Distance calculated: 8317.839220504049
2021-11-27 20:34:21.152  INFO 530588 --- [nPool-worker-11] .t.t.s.TourGuideClientRewardsServiceImpl : Service - Distance calculated: 6521.138630299559
2021-11-27 20:34:21.152  INFO 530588 --- [onPool-worker-3] .t.t.s.TourGuideClientRewardsServiceImpl : Service - Distance calculated: 5386.458922614094
2021-11-27 20:34:21.152  INFO 530588 --- [onPool-worker-3] .t.t.s.TourGuideClientRewardsServiceImpl : Service - Distance calculated: 6119.013307870987
2021-11-27 20:34:21.152  INFO 530588 --- [onPool-worker-3] .t.t.s.TourGuideClientRewardsServiceImpl : Service - Distance calculated: 6577.627389675632
2021-11-27 20:34:21.152  INFO 530588 --- [onPool-worker-6] .t.t.s.TourGuideClientRewardsServiceImpl : Service - Distance calculated: 5646.165524574938
2021-11-27 20:34:21.152  INFO 530588 --- [onPool-worker-3] .t.t.s.TourGuideClientRewardsServiceImpl : Service - Distance calculated: 6067.934962547977
2021-11-27 20:34:21.152  INFO 530588 --- [nPool-worker-14] .t.t.s.TourGuideClientRewardsServiceImpl : Service - Distance calculated: 8741.448765843152
2021-11-27 20:34:21.152  INFO 530588 --- [onPool-worker-3] .t.t.s.TourGuideClientRewardsServiceImpl : Service - Distance calculated: 6350.45494946921
2021-11-27 20:34:21.152  INFO 530588 --- [onPool-worker-9] .t.t.s.TourGuideClientRewardsServiceImpl : Service - Distance calculated: 7975.651288469785
2021-11-27 20:34:21.152  INFO 530588 --- [onPool-worker-3] .t.t.s.TourGuideClientRewardsServiceImpl : Service - Distance calculated: 5790.931788379768
2021-11-27 20:34:21.152  INFO 530588 --- [nPool-worker-13] .t.t.s.TourGuideClientRewardsServiceImpl : Service - Distance calculated: 974.1469691625116
2021-11-27 20:34:21.152  INFO 530588 --- [onPool-worker-9] .t.t.s.TourGuideClientRewardsServiceImpl : Service - Distance calculated: 6955.645830227854
2021-11-27 20:34:21.152  INFO 530588 --- [onPool-worker-8] .t.t.s.TourGuideClientRewardsServiceImpl : Service - Distance calculated: 10701.781773870596
2021-11-27 20:34:21.152  INFO 530588 --- [onPool-worker-9] .t.t.s.TourGuideClientRewardsServiceImpl : Service - Distance calculated: 6906.18414708361
2021-11-27 20:34:21.152  INFO 530588 --- [nPool-worker-13] .t.t.s.TourGuideClientRewardsServiceImpl : Service - Distance calculated: 1255.4291509789991
2021-11-27 20:34:21.152  INFO 530588 --- [onPool-worker-5] .t.t.s.TourGuideClientRewardsServiceImpl : Service - Distance calculated: 8796.884102431366
2021-11-27 20:34:21.152  INFO 530588 --- [onPool-worker-9] .t.t.s.TourGuideClientRewardsServiceImpl : Service - Distance calculated: 7626.14467777351
2021-11-27 20:34:21.152  INFO 530588 --- [nPool-worker-10] .t.t.s.TourGuideClientRewardsServiceImpl : Service - Distance calculated: 2841.4560926612326
2021-11-27 20:34:21.152  INFO 530588 --- [onPool-worker-5] .t.t.s.TourGuideClientRewardsServiceImpl : Service - Distance calculated: 8718.417193941334
2021-11-27 20:34:21.152  INFO 530588 --- [onPool-worker-7] .t.t.s.TourGuideClientRewardsServiceImpl : Service - Distance calculated: 8730.652008965277
2021-11-27 20:34:21.152  INFO 530588 --- [nPool-worker-10] .t.t.s.TourGuideClientRewardsServiceImpl : Service - Distance calculated: 2968.874632252528
2021-11-27 20:34:21.152  INFO 530588 --- [onPool-worker-5] .t.t.s.TourGuideClientRewardsServiceImpl : Service - Distance calculated: 9736.060753635245
2021-11-27 20:34:21.152  INFO 530588 --- [onPool-worker-1] .t.t.s.TourGuideClientRewardsServiceImpl : Service - Distance calculated: 7355.129367602997
2021-11-27 20:34:21.152  INFO 530588 --- [onPool-worker-7] .t.t.s.TourGuideClientRewardsServiceImpl : Service - Distance calculated: 8745.279863767084
2021-11-27 20:34:21.152  INFO 530588 --- [onPool-worker-4] .t.t.s.TourGuideClientRewardsServiceImpl : Service - Distance calculated: 10339.27844057887
2021-11-27 20:34:21.152  INFO 530588 --- [onPool-worker-2] .t.t.s.TourGuideClientRewardsServiceImpl : Service - Distance calculated: 8802.682598429565
2021-11-27 20:34:21.152  INFO 530588 --- [onPool-worker-1] .t.t.s.TourGuideClientRewardsServiceImpl : Service - Distance calculated: 6604.38539086177
2021-11-27 20:34:21.152  INFO 530588 --- [onPool-worker-1] .t.t.s.TourGuideClientRewardsServiceImpl : Service - Distance calculated: 5464.332868071781
2021-11-27 20:34:21.152  INFO 530588 --- [onPool-worker-2] .t.t.s.TourGuideClientRewardsServiceImpl : Service - Distance calculated: 9161.816689997631
2021-11-27 20:34:21.152  INFO 530588 --- [onPool-worker-1] .t.t.s.TourGuideClientRewardsServiceImpl : Service - Distance calculated: 7412.761620672528
2021-11-27 20:34:21.152  INFO 530588 --- [onPool-worker-2] .t.t.s.TourGuideClientRewardsServiceImpl : Service - Distance calculated: 8233.110687999719
2021-11-27 20:34:21.152  INFO 530588 --- [onPool-worker-1] .t.t.s.TourGuideClientRewardsServiceImpl : Service - Distance calculated: 8016.824747231501
2021-11-27 20:34:21.152  INFO 530588 --- [nPool-worker-12] .t.t.s.TourGuideClientRewardsServiceImpl : Service - Distance calculated: 8815.339224215388
2021-11-27 20:34:21.152  INFO 530588 --- [nPool-worker-11] .t.t.s.TourGuideClientRewardsServiceImpl : Service - Distance calculated: 6469.583663111423
2021-11-27 20:34:21.152  INFO 530588 --- [nPool-worker-12] .t.t.s.TourGuideClientRewardsServiceImpl : Service - Distance calculated: 5822.076437759632
2021-11-27 20:34:21.152  INFO 530588 --- [onPool-worker-6] .t.t.s.TourGuideClientRewardsServiceImpl : Service - Distance calculated: 6874.602541056538
2021-11-27 20:34:21.152  INFO 530588 --- [nPool-worker-12] .t.t.s.TourGuideClientRewardsServiceImpl : Service - Distance calculated: 6591.071557969783
2021-11-27 20:34:21.152  INFO 530588 --- [nPool-worker-14] .t.t.s.TourGuideClientRewardsServiceImpl : Service - Distance calculated: 10199.628893375211
2021-11-27 20:34:21.152  INFO 530588 --- [onPool-worker-3] .t.t.s.TourGuideClientRewardsServiceImpl : Service - Distance calculated: 6513.702118663029
2021-11-27 20:34:21.152  INFO 530588 --- [nPool-worker-14] .t.t.s.TourGuideClientRewardsServiceImpl : Service - Distance calculated: 10186.50942827772
2021-11-27 20:34:21.152  INFO 530588 --- [onPool-worker-8] .t.t.s.TourGuideClientRewardsServiceImpl : Service - Distance calculated: 10509.957599571695
2021-11-27 20:34:21.152  INFO 530588 --- [nPool-worker-14] .t.t.s.TourGuideClientRewardsServiceImpl : Service - Distance calculated: 7242.082353109428
2021-11-27 20:34:21.152  INFO 530588 --- [nPool-worker-13] .t.t.s.TourGuideClientRewardsServiceImpl : Service - Distance calculated: 709.2789888335649
2021-11-27 20:34:21.152  INFO 530588 --- [nPool-worker-14] .t.t.s.TourGuideClientRewardsServiceImpl : Service - Distance calculated: 10553.490928870215
2021-11-27 20:34:21.152  INFO 530588 --- [onPool-worker-9] .t.t.s.TourGuideClientRewardsServiceImpl : Service - Distance calculated: 6702.720139198671
2021-11-27 20:34:21.152  INFO 530588 --- [nPool-worker-10] .t.t.s.TourGuideClientRewardsServiceImpl : Service - Distance calculated: 3006.111487307669
2021-11-27 20:34:21.153  INFO 530588 --- [nPool-worker-13] .t.t.s.TourGuideClientRewardsServiceImpl : Service - Distance calculated: 1513.2824853297502
2021-11-27 20:34:21.152  INFO 530588 --- [onPool-worker-5] .t.t.s.TourGuideClientRewardsServiceImpl : Service - Distance calculated: 9652.237250787728
2021-11-27 20:34:21.153  INFO 530588 --- [nPool-worker-13] .t.t.s.TourGuideClientRewardsServiceImpl : Service - Distance calculated: 2566.898975508009
2021-11-27 20:34:21.152  INFO 530588 --- [onPool-worker-7] .t.t.s.TourGuideClientRewardsServiceImpl : Service - Distance calculated: 8625.644787892033
2021-11-27 20:34:21.152  INFO 530588 --- [onPool-worker-4] .t.t.s.TourGuideClientRewardsServiceImpl : Service - Distance calculated: 10938.000290288659
2021-11-27 20:34:21.152  INFO 530588 --- [onPool-worker-2] .t.t.s.TourGuideClientRewardsServiceImpl : Service - Distance calculated: 4072.527899028204
2021-11-27 20:34:21.153  INFO 530588 --- [onPool-worker-7] .t.t.s.TourGuideClientRewardsServiceImpl : Service - Distance calculated: 8860.162112808257
2021-11-27 20:34:21.153  INFO 530588 --- [onPool-worker-4] .t.t.s.TourGuideClientRewardsServiceImpl : Service - Distance calculated: 10860.503027401912
2021-11-27 20:34:21.153  INFO 530588 --- [onPool-worker-7] .t.t.s.TourGuideClientRewardsServiceImpl : Service - Distance calculated: 8728.437424256692
2021-11-27 20:34:21.153  INFO 530588 --- [onPool-worker-2] .t.t.s.TourGuideClientRewardsServiceImpl : Service - Distance calculated: 3497.5296731834164
2021-11-27 20:34:21.153  INFO 530588 --- [onPool-worker-4] .t.t.s.TourGuideClientRewardsServiceImpl : Service - Distance calculated: 10154.83839725365
2021-11-27 20:34:21.152  INFO 530588 --- [onPool-worker-1] .t.t.s.TourGuideClientRewardsServiceImpl : Service - Distance calculated: 6038.3245830536425
2021-11-27 20:34:21.153  INFO 530588 --- [onPool-worker-2] .t.t.s.TourGuideClientRewardsServiceImpl : Service - Distance calculated: 4012.0467848859807
2021-11-27 20:34:21.152  INFO 530588 --- [nPool-worker-11] .t.t.s.TourGuideClientRewardsServiceImpl : Service - Distance calculated: 7180.927300815273
2021-11-27 20:34:21.153  INFO 530588 --- [onPool-worker-2] .t.t.s.TourGuideClientRewardsServiceImpl : Service - Distance calculated: 4092.4594126381053
2021-11-27 20:34:21.152  INFO 530588 --- [onPool-worker-6] .t.t.s.TourGuideClientRewardsServiceImpl : Service - Distance calculated: 6896.469190506075
2021-11-27 20:34:21.153  INFO 530588 --- [nPool-worker-11] .t.t.s.TourGuideClientRewardsServiceImpl : Service - Distance calculated: 6287.0528240787335
2021-11-27 20:34:21.153  INFO 530588 --- [nPool-worker-11] .t.t.s.TourGuideClientRewardsServiceImpl : Service - Distance calculated: 6214.547833798609
2021-11-27 20:34:21.152  INFO 530588 --- [nPool-worker-12] .t.t.s.TourGuideClientRewardsServiceImpl : Service - Distance calculated: 5975.6791046714625
2021-11-27 20:34:21.153  INFO 530588 --- [nPool-worker-11] .t.t.s.TourGuideClientRewardsServiceImpl : Service - Distance calculated: 9389.167819101956
2021-11-27 20:34:21.152  INFO 530588 --- [onPool-worker-3] .t.t.s.TourGuideClientRewardsServiceImpl : Service - Distance calculated: 6934.940276670745
2021-11-27 20:34:21.152  INFO 530588 --- [onPool-worker-8] .t.t.s.TourGuideClientRewardsServiceImpl : Service - Distance calculated: 10959.71803833423
2021-11-27 20:34:21.153  INFO 530588 --- [onPool-worker-3] .t.t.s.TourGuideClientRewardsServiceImpl : Service - Distance calculated: 6154.950275430862
2021-11-27 20:34:21.153  INFO 530588 --- [onPool-worker-9] .t.t.s.TourGuideClientRewardsServiceImpl : Service - Distance calculated: 6637.84567369155
2021-11-27 20:34:21.153  INFO 530588 --- [onPool-worker-3] .t.t.s.TourGuideClientRewardsServiceImpl : Service - Distance calculated: 5000.295688895661
2021-11-27 20:34:21.153  INFO 530588 --- [nPool-worker-10] .t.t.s.TourGuideClientRewardsServiceImpl : Service - Distance calculated: 3921.182538555712
2021-11-27 20:34:21.153  INFO 530588 --- [onPool-worker-5] .t.t.s.TourGuideClientRewardsServiceImpl : Service - Distance calculated: 8833.482998288304
2021-11-27 20:34:21.153  INFO 530588 --- [nPool-worker-10] .t.t.s.TourGuideClientRewardsServiceImpl : Service - Distance calculated: 3975.990366570055
2021-11-27 20:34:21.153  INFO 530588 --- [nPool-worker-14] .t.t.s.TourGuideClientRewardsServiceImpl : Service - Distance calculated: 10340.319023839482
2021-11-27 20:34:21.153  INFO 530588 --- [onPool-worker-5] .t.t.s.TourGuideClientRewardsServiceImpl : Service - Distance calculated: 10329.877817838154
2021-11-27 20:34:21.153  INFO 530588 --- [nPool-worker-13] .t.t.s.TourGuideClientRewardsServiceImpl : Service - Distance calculated: 972.4562812644577
2021-11-27 20:34:21.153  INFO 530588 --- [onPool-worker-5] .t.t.s.TourGuideClientRewardsServiceImpl : Service - Distance calculated: 10129.740229112367
2021-11-27 20:34:21.153  INFO 530588 --- [onPool-worker-7] .t.t.s.TourGuideClientRewardsServiceImpl : Service - Distance calculated: 9198.195102543901
2021-11-27 20:34:21.153  INFO 530588 --- [nPool-worker-13] .t.t.s.TourGuideClientRewardsServiceImpl : Service - Distance calculated: 248.32977938679872
2021-11-27 20:34:21.153  INFO 530588 --- [onPool-worker-4] .t.t.s.TourGuideClientRewardsServiceImpl : Service - Distance calculated: 8611.537429936272
2021-11-27 20:34:21.153  INFO 530588 --- [nPool-worker-13] .t.t.s.TourGuideClientRewardsServiceImpl : Service - Distance calculated: 2016.746074793621
2021-11-27 20:34:21.153  INFO 530588 --- [onPool-worker-1] .t.t.s.TourGuideClientRewardsServiceImpl : Service - Distance calculated: 6794.077484807615
2021-11-27 20:34:21.153  INFO 530588 --- [nPool-worker-13] .t.t.s.TourGuideClientRewardsServiceImpl : Service - Distance calculated: 1236.661409266362
2021-11-27 20:34:21.153  INFO 530588 --- [onPool-worker-4] .t.t.s.TourGuideClientRewardsServiceImpl : Service - Distance calculated: 9326.54580320701
2021-11-27 20:34:21.153  INFO 530588 --- [nPool-worker-13] .t.t.s.TourGuideClientRewardsServiceImpl : Service - Distance calculated: 194.93220242433569
2021-11-27 20:34:21.153  INFO 530588 --- [onPool-worker-4] .t.t.s.TourGuideClientRewardsServiceImpl : Service - Distance calculated: 8717.94220440678
2021-11-27 20:34:21.153  INFO 530588 --- [onPool-worker-2] .t.t.s.TourGuideClientRewardsServiceImpl : Service - Distance calculated: 4199.774456153655
2021-11-27 20:34:21.153  INFO 530588 --- [nPool-worker-13] .t.t.s.TourGuideClientRewardsServiceImpl : Service - Distance calculated: 917.4421525450791
2021-11-27 20:34:21.153  INFO 530588 --- [onPool-worker-6] .t.t.s.TourGuideClientRewardsServiceImpl : Service - Distance calculated: 5987.365185946912
2021-11-27 20:34:21.153  INFO 530588 --- [onPool-worker-2] .t.t.s.TourGuideClientRewardsServiceImpl : Service - Distance calculated: 4296.737013299928
2021-11-27 20:34:21.153  INFO 530588 --- [nPool-worker-12] .t.t.s.TourGuideClientRewardsServiceImpl : Service - Distance calculated: 5892.033712869474
2021-11-27 20:34:21.153  INFO 530588 --- [onPool-worker-6] .t.t.s.TourGuideClientRewardsServiceImpl : Service - Distance calculated: 7266.187316674247
2021-11-27 20:34:21.153  INFO 530588 --- [nPool-worker-11] .t.t.s.TourGuideClientRewardsServiceImpl : Service - Distance calculated: 6031.9810769333535
2021-11-27 20:34:21.153  INFO 530588 --- [onPool-worker-6] .t.t.s.TourGuideClientRewardsServiceImpl : Service - Distance calculated: 7279.671358918861
2021-11-27 20:34:21.153  INFO 530588 --- [onPool-worker-8] .t.t.s.TourGuideClientRewardsServiceImpl : Service - Distance calculated: 11814.273521585965
2021-11-27 20:34:21.153  INFO 530588 --- [nPool-worker-11] .t.t.s.TourGuideClientRewardsServiceImpl : Service - Distance calculated: 6177.806035144368
2021-11-27 20:34:21.153  INFO 530588 --- [nPool-worker-11] .t.t.s.TourGuideClientRewardsServiceImpl : Service - Distance calculated: 6038.111427476278
2021-11-27 20:34:21.153  INFO 530588 --- [onPool-worker-9] .t.t.s.TourGuideClientRewardsServiceImpl : Service - Distance calculated: 9779.654989956645
2021-11-27 20:34:21.153  INFO 530588 --- [onPool-worker-3] .t.t.s.TourGuideClientRewardsServiceImpl : Service - Distance calculated: 6745.325647878736
2021-11-27 20:34:21.153  INFO 530588 --- [onPool-worker-9] .t.t.s.TourGuideClientRewardsServiceImpl : Service - Distance calculated: 6431.389355664691
2021-11-27 20:34:21.153  INFO 530588 --- [onPool-worker-3] .t.t.s.TourGuideClientRewardsServiceImpl : Service - Distance calculated: 5974.462867415124
2021-11-27 20:34:21.153  INFO 530588 --- [onPool-worker-9] .t.t.s.TourGuideClientRewardsServiceImpl : Service - Distance calculated: 6588.931139971896
2021-11-27 20:34:21.153  INFO 530588 --- [onPool-worker-3] .t.t.s.TourGuideClientRewardsServiceImpl : Service - Distance calculated: 5173.6528338203725
2021-11-27 20:34:21.153  INFO 530588 --- [onPool-worker-9] .t.t.s.TourGuideClientRewardsServiceImpl : Service - Distance calculated: 6447.14013127829
2021-11-27 20:34:21.153  INFO 530588 --- [onPool-worker-3] .t.t.s.TourGuideClientRewardsServiceImpl : Service - Distance calculated: 6098.464473585595
2021-11-27 20:34:21.153  INFO 530588 --- [nPool-worker-10] .t.t.s.TourGuideClientRewardsServiceImpl : Service - Distance calculated: 3343.2639846174284
2021-11-27 20:34:21.153  INFO 530588 --- [nPool-worker-14] .t.t.s.TourGuideClientRewardsServiceImpl : Service - Distance calculated: 10488.97475232563
2021-11-27 20:34:21.153  INFO 530588 --- [onPool-worker-5] .t.t.s.TourGuideClientRewardsServiceImpl : Service - Distance calculated: 8934.273960231383
2021-11-27 20:34:21.153  INFO 530588 --- [nPool-worker-10] .t.t.s.TourGuideClientRewardsServiceImpl : Service - Distance calculated: 4161.502245012382
2021-11-27 20:34:21.153  INFO 530588 --- [onPool-worker-7] .t.t.s.TourGuideClientRewardsServiceImpl : Service - Distance calculated: 8312.18765766618
2021-11-27 20:34:21.153  INFO 530588 --- [nPool-worker-10] .t.t.s.TourGuideClientRewardsServiceImpl : Service - Distance calculated: 4226.439518048965
2021-11-27 20:34:21.153  INFO 530588 --- [onPool-worker-1] .t.t.s.TourGuideClientRewardsServiceImpl : Service - Distance calculated: 7887.08240930407
2021-11-27 20:34:21.153  INFO 530588 --- [nPool-worker-10] .t.t.s.TourGuideClientRewardsServiceImpl : Service - Distance calculated: 1145.4515562928786
2021-11-27 20:34:21.153  INFO 530588 --- [onPool-worker-4] .t.t.s.TourGuideClientRewardsServiceImpl : Service - Distance calculated: 8629.001778559732
2021-11-27 20:34:21.153  INFO 530588 --- [nPool-worker-10] .t.t.s.TourGuideClientRewardsServiceImpl : Service - Distance calculated: 4443.458389067751
2021-11-27 20:34:21.153  INFO 530588 --- [onPool-worker-4] .t.t.s.TourGuideClientRewardsServiceImpl : Service - Distance calculated: 8913.277514408106
2021-11-27 20:34:21.153  INFO 530588 --- [nPool-worker-10] .t.t.s.TourGuideClientRewardsServiceImpl : Service - Distance calculated: 4277.078235571522
2021-11-27 20:34:21.153  INFO 530588 --- [nPool-worker-13] .t.t.s.TourGuideClientRewardsServiceImpl : Service - Distance calculated: 5.8950310023474215E-5
2021-11-27 20:34:21.153  INFO 530588 --- [onPool-worker-4] .t.t.s.TourGuideClientRewardsServiceImpl : Service - Distance calculated: 8811.113587676731
2021-11-27 20:34:21.153  INFO 530588 --- [onPool-worker-2] .t.t.s.TourGuideClientRewardsServiceImpl : Service - Distance calculated: 4295.868520189924
2021-11-27 20:34:21.153  INFO 530588 --- [onPool-worker-4] .t.t.s.TourGuideClientRewardsServiceImpl : Service - Distance calculated: 8524.090109983606
2021-11-27 20:34:21.153  INFO 530588 --- [nPool-worker-12] .t.t.s.TourGuideClientRewardsServiceImpl : Service - Distance calculated: 6875.955060538526
2021-11-27 20:34:21.153  INFO 530588 --- [onPool-worker-2] .t.t.s.TourGuideClientRewardsServiceImpl : Service - Distance calculated: 4019.4109519014596
2021-11-27 20:34:21.153  INFO 530588 --- [onPool-worker-6] .t.t.s.TourGuideClientRewardsServiceImpl : Service - Distance calculated: 4361.143549338555
2021-11-27 20:34:21.153  INFO 530588 --- [nPool-worker-12] .t.t.s.TourGuideClientRewardsServiceImpl : Service - Distance calculated: 6796.60562947508
2021-11-27 20:34:21.153  INFO 530588 --- [onPool-worker-8] .t.t.s.TourGuideClientRewardsServiceImpl : Service - Distance calculated: 10173.73991343753
2021-11-27 20:34:21.153  INFO 530588 --- [onPool-worker-6] .t.t.s.TourGuideClientRewardsServiceImpl : Service - Distance calculated: 7608.120272358056
2021-11-27 20:34:21.153  INFO 530588 --- [nPool-worker-11] .t.t.s.TourGuideClientRewardsServiceImpl : Service - Distance calculated: 5549.63507071886
2021-11-27 20:34:21.153  INFO 530588 --- [onPool-worker-6] .t.t.s.TourGuideClientRewardsServiceImpl : Service - Distance calculated: 7401.226647295521
2021-11-27 20:34:21.153  INFO 530588 --- [onPool-worker-9] .t.t.s.TourGuideClientRewardsServiceImpl : Service - Distance calculated: 5983.329838323347
2021-11-27 20:34:21.153  INFO 530588 --- [onPool-worker-6] .t.t.s.TourGuideClientRewardsServiceImpl : Service - Distance calculated: 7549.41861288742
2021-11-27 20:34:21.153  INFO 530588 --- [nPool-worker-11] .t.t.s.TourGuideClientRewardsServiceImpl : Service - Distance calculated: 6503.884596140505
2021-11-27 20:34:21.153  INFO 530588 --- [onPool-worker-6] .t.t.s.TourGuideClientRewardsServiceImpl : Service - Distance calculated: 7811.345719519222
2021-11-27 20:34:21.153  INFO 530588 --- [nPool-worker-11] .t.t.s.TourGuideClientRewardsServiceImpl : Service - Distance calculated: 6171.903189147534
2021-11-27 20:34:21.153  INFO 530588 --- [onPool-worker-6] .t.t.s.TourGuideClientRewardsServiceImpl : Service - Distance calculated: 6736.083293711602
2021-11-27 20:34:21.153  INFO 530588 --- [onPool-worker-3] .t.t.s.TourGuideClientRewardsServiceImpl : Service - Distance calculated: 10757.732178238135
2021-11-27 20:34:21.153  INFO 530588 --- [onPool-worker-6] .t.t.s.TourGuideClientRewardsServiceImpl : Service - Distance calculated: 7221.832183819531
2021-11-27 20:34:21.153  INFO 530588 --- [nPool-worker-14] .t.t.s.TourGuideClientRewardsServiceImpl : Service - Distance calculated: 10556.907825461058
2021-11-27 20:34:21.153  INFO 530588 --- [onPool-worker-6] .t.t.s.TourGuideClientRewardsServiceImpl : Service - Distance calculated: 7100.56498198142
2021-11-27 20:34:21.153  INFO 530588 --- [nPool-worker-14] .t.t.s.TourGuideClientRewardsServiceImpl : Service - Distance calculated: 9481.67848067704
2021-11-27 20:34:21.153  INFO 530588 --- [onPool-worker-5] .t.t.s.TourGuideClientRewardsServiceImpl : Service - Distance calculated: 10687.25498076501
2021-11-27 20:34:21.153  INFO 530588 --- [onPool-worker-7] .t.t.s.TourGuideClientRewardsServiceImpl : Service - Distance calculated: 9042.990118714431
2021-11-27 20:34:21.154  INFO 530588 --- [nPool-worker-14] .t.t.s.TourGuideClientRewardsServiceImpl : Service - Distance calculated: 10061.636585617403
2021-11-27 20:34:21.153  INFO 530588 --- [onPool-worker-1] .t.t.s.TourGuideClientRewardsServiceImpl : Service - Distance calculated: 7468.389596452615
2021-11-27 20:34:21.154  INFO 530588 --- [onPool-worker-7] .t.t.s.TourGuideClientRewardsServiceImpl : Service - Distance calculated: 8973.026758473728
2021-11-27 20:34:21.153  INFO 530588 --- [nPool-worker-10] .t.t.s.TourGuideClientRewardsServiceImpl : Service - Distance calculated: 4419.941625684931
2021-11-27 20:34:21.154  INFO 530588 --- [onPool-worker-7] .t.t.s.TourGuideClientRewardsServiceImpl : Service - Distance calculated: 9248.626674585394
2021-11-27 20:34:21.154  INFO 530588 --- [nPool-worker-10] .t.t.s.TourGuideClientRewardsServiceImpl : Service - Distance calculated: 4891.197376256422
2021-11-27 20:34:21.154  INFO 530588 --- [onPool-worker-7] .t.t.s.TourGuideClientRewardsServiceImpl : Service - Distance calculated: 8998.42077823738
2021-11-27 20:34:21.154  INFO 530588 --- [nPool-worker-10] .t.t.s.TourGuideClientRewardsServiceImpl : Service - Distance calculated: 3970.5619303351705
2021-11-27 20:34:21.154  INFO 530588 --- [onPool-worker-7] .t.t.s.TourGuideClientRewardsServiceImpl : Service - Distance calculated: 8323.044451614587
2021-11-27 20:34:21.154  INFO 530588 --- [nPool-worker-10] .t.t.s.TourGuideClientRewardsServiceImpl : Service - Distance calculated: 4269.004910027496
2021-11-27 20:34:21.153  INFO 530588 --- [onPool-worker-4] .t.t.s.TourGuideClientRewardsServiceImpl : Service - Distance calculated: 9237.987264444528
2021-11-27 20:34:21.154  INFO 530588 --- [nPool-worker-10] .t.t.s.TourGuideClientRewardsServiceImpl : Service - Distance calculated: 4248.230985806851
2021-11-27 20:34:21.153  INFO 530588 --- [onPool-worker-2] .t.t.s.TourGuideClientRewardsServiceImpl : Service - Distance calculated: 4197.824791618319
2021-11-27 20:34:21.154  INFO 530588 --- [nPool-worker-10] .t.t.s.TourGuideClientRewardsServiceImpl : Service - Distance calculated: 4288.098842927212
2021-11-27 20:34:21.153  INFO 530588 --- [nPool-worker-12] .t.t.s.TourGuideClientRewardsServiceImpl : Service - Distance calculated: 5974.510167733579
2021-11-27 20:34:21.153  INFO 530588 --- [onPool-worker-8] .t.t.s.TourGuideClientRewardsServiceImpl : Service - Distance calculated: 9994.371150789126
2021-11-27 20:34:21.153  INFO 530588 --- [onPool-worker-9] .t.t.s.TourGuideClientRewardsServiceImpl : Service - Distance calculated: 6947.087672201707
2021-11-27 20:34:21.154  INFO 530588 --- [onPool-worker-8] .t.t.s.TourGuideClientRewardsServiceImpl : Service - Distance calculated: 11460.053827058884
2021-11-27 20:34:21.154  INFO 530588 --- [onPool-worker-9] .t.t.s.TourGuideClientRewardsServiceImpl : Service - Distance calculated: 6605.303940067164
2021-11-27 20:34:21.153  INFO 530588 --- [nPool-worker-11] .t.t.s.TourGuideClientRewardsServiceImpl : Service - Distance calculated: 6204.845301373779
2021-11-27 20:34:21.153  INFO 530588 --- [onPool-worker-3] .t.t.s.TourGuideClientRewardsServiceImpl : Service - Distance calculated: 11365.561356341983
2021-11-27 20:34:21.154  INFO 530588 --- [nPool-worker-11] .t.t.s.TourGuideClientRewardsServiceImpl : Service - Distance calculated: 6151.854222218501
2021-11-27 20:34:21.153  INFO 530588 --- [onPool-worker-6] .t.t.s.TourGuideClientRewardsServiceImpl : Service - Distance calculated: 7324.581230082638
2021-11-27 20:34:21.154  INFO 530588 --- [onPool-worker-3] .t.t.s.TourGuideClientRewardsServiceImpl : Service - Distance calculated: 10840.002740280546
2021-11-27 20:34:21.154  INFO 530588 --- [onPool-worker-5] .t.t.s.TourGuideClientRewardsServiceImpl : Service - Distance calculated: 10441.125472572765
2021-11-27 20:34:21.154  INFO 530588 --- [onPool-worker-6] .t.t.s.TourGuideClientRewardsServiceImpl : Service - Distance calculated: 6807.777644586845
2021-11-27 20:34:21.154  INFO 530588 --- [nPool-worker-14] .t.t.s.TourGuideClientRewardsServiceImpl : Service - Distance calculated: 9871.459178065648
2021-11-27 20:34:21.154  INFO 530588 --- [onPool-worker-6] .t.t.s.TourGuideClientRewardsServiceImpl : Service - Distance calculated: 5585.627063054854
2021-11-27 20:34:21.154  INFO 530588 --- [onPool-worker-5] .t.t.s.TourGuideClientRewardsServiceImpl : Service - Distance calculated: 10484.404937347335
2021-11-27 20:34:21.154  INFO 530588 --- [nPool-worker-14] .t.t.s.TourGuideClientRewardsServiceImpl : Service - Distance calculated: 10219.070450611829
2021-11-27 20:34:21.154  INFO 530588 --- [onPool-worker-1] .t.t.s.TourGuideClientRewardsServiceImpl : Service - Distance calculated: 10695.970295580879
2021-11-27 20:34:21.154  INFO 530588 --- [onPool-worker-5] .t.t.s.TourGuideClientRewardsServiceImpl : Service - Distance calculated: 9722.511222022473
2021-11-27 20:34:21.154  INFO 530588 --- [nPool-worker-14] .t.t.s.TourGuideClientRewardsServiceImpl : Service - Distance calculated: 9564.480839399675
2021-11-27 20:34:21.154  INFO 530588 --- [nPool-worker-13] .t.t.s.TourGuideClientRewardsServiceImpl : Service - Distance calculated: 774.5207212649109
2021-11-27 20:34:21.154  INFO 530588 --- [nPool-worker-14] .t.t.s.TourGuideClientRewardsServiceImpl : Service - Distance calculated: 8353.61480580033
2021-11-27 20:34:21.154  INFO 530588 --- [onPool-worker-7] .t.t.s.TourGuideClientRewardsServiceImpl : Service - Distance calculated: 638.6716627252914
2021-11-27 20:34:21.154  INFO 530588 --- [nPool-worker-14] .t.t.s.TourGuideClientRewardsServiceImpl : Service - Distance calculated: 10407.177711729688
2021-11-27 20:34:21.154  INFO 530588 --- [onPool-worker-4] .t.t.s.TourGuideClientRewardsServiceImpl : Service - Distance calculated: 9036.986933590399
2021-11-27 20:34:21.154  INFO 530588 --- [nPool-worker-14] .t.t.s.TourGuideClientRewardsServiceImpl : Service - Distance calculated: 10598.26668793749
2021-11-27 20:34:21.154  INFO 530588 --- [nPool-worker-14] .t.t.s.TourGuideClientRewardsServiceImpl : Service - Distance calculated: 8969.525927192843
2021-11-27 20:34:21.154  INFO 530588 --- [nPool-worker-10] .t.t.s.TourGuideClientRewardsServiceImpl : Service - Distance calculated: 4015.925778355227
2021-11-27 20:34:21.154  INFO 530588 --- [nPool-worker-14] .t.t.s.TourGuideClientRewardsServiceImpl : Service - Distance calculated: 9604.427635148919
2021-11-27 20:34:21.154  INFO 530588 --- [onPool-worker-2] .t.t.s.TourGuideClientRewardsServiceImpl : Service - Distance calculated: 1857.1372272142246
2021-11-27 20:34:21.154  INFO 530588 --- [nPool-worker-10] .t.t.s.TourGuideClientRewardsServiceImpl : Service - Distance calculated: 3001.461851431845
2021-11-27 20:34:21.154  INFO 530588 --- [nPool-worker-10] .t.t.s.TourGuideClientRewardsServiceImpl : Service - Distance calculated: 4736.059571240091
2021-11-27 20:34:21.154  INFO 530588 --- [nPool-worker-10] .t.t.s.TourGuideClientRewardsServiceImpl : Service - Distance calculated: 4471.844767494308
2021-11-27 20:34:21.154  INFO 530588 --- [nPool-worker-10] .t.t.s.TourGuideClientRewardsServiceImpl : Service - Distance calculated: 3519.0121281568413
2021-11-27 20:34:21.154  INFO 530588 --- [nPool-worker-10] .t.t.s.TourGuideClientRewardsServiceImpl : Service - Distance calculated: 3712.60546147006
2021-11-27 20:34:21.154  INFO 530588 --- [nPool-worker-12] .t.t.s.TourGuideClientRewardsServiceImpl : Service - Distance calculated: 7485.6837682611695
2021-11-27 20:34:21.154  INFO 530588 --- [nPool-worker-10] .t.t.s.TourGuideClientRewardsServiceImpl : Service - Distance calculated: 4442.290361581654
2021-11-27 20:34:21.154  INFO 530588 --- [onPool-worker-8] .t.t.s.TourGuideClientRewardsServiceImpl : Service - Distance calculated: 11127.491739686595
2021-11-27 20:34:21.154  INFO 530588 --- [nPool-worker-10] .t.t.s.TourGuideClientRewardsServiceImpl : Service - Distance calculated: 4752.945489536931
2021-11-27 20:34:21.154  INFO 530588 --- [onPool-worker-9] .t.t.s.TourGuideClientRewardsServiceImpl : Service - Distance calculated: 6644.478637459103
2021-11-27 20:34:21.154  INFO 530588 --- [nPool-worker-10] .t.t.s.TourGuideClientRewardsServiceImpl : Service - Distance calculated: 4273.177351670746
2021-11-27 20:34:21.154  INFO 530588 --- [nPool-worker-11] .t.t.s.TourGuideClientRewardsServiceImpl : Service - Distance calculated: 6451.759480526443
2021-11-27 20:34:21.154  INFO 530588 --- [nPool-worker-10] .t.t.s.TourGuideClientRewardsServiceImpl : Service - Distance calculated: 3988.183628896743
2021-11-27 20:34:21.154  INFO 530588 --- [onPool-worker-9] .t.t.s.TourGuideClientRewardsServiceImpl : Service - Distance calculated: 6576.979222623364
2021-11-27 20:34:21.154  INFO 530588 --- [onPool-worker-3] .t.t.s.TourGuideClientRewardsServiceImpl : Service - Distance calculated: 10755.316832660244
2021-11-27 20:34:21.154  INFO 530588 --- [onPool-worker-6] .t.t.s.TourGuideClientRewardsServiceImpl : Service - Distance calculated: 7647.776104316617
2021-11-27 20:34:21.154  INFO 530588 --- [onPool-worker-3] .t.t.s.TourGuideClientRewardsServiceImpl : Service - Distance calculated: 10480.244801864503
2021-11-27 20:34:21.154  INFO 530588 --- [onPool-worker-1] .t.t.s.TourGuideClientRewardsServiceImpl : Service - Distance calculated: 10905.506145626427
2021-11-27 20:34:21.154  INFO 530588 --- [onPool-worker-6] .t.t.s.TourGuideClientRewardsServiceImpl : Service - Distance calculated: 7660.863381375306
2021-11-27 20:34:21.154  INFO 530588 --- [onPool-worker-3] .t.t.s.TourGuideClientRewardsServiceImpl : Service - Distance calculated: 10400.241153388615
2021-11-27 20:34:21.154  INFO 530588 --- [onPool-worker-6] .t.t.s.TourGuideClientRewardsServiceImpl : Service - Distance calculated: 6212.132829134787
2021-11-27 20:34:21.154  INFO 530588 --- [onPool-worker-1] .t.t.s.TourGuideClientRewardsServiceImpl : Service - Distance calculated: 10830.299209011167
2021-11-27 20:34:21.154  INFO 530588 --- [onPool-worker-5] .t.t.s.TourGuideClientRewardsServiceImpl : Service - Distance calculated: 9251.912499371385
2021-11-27 20:34:21.154  INFO 530588 --- [onPool-worker-1] .t.t.s.TourGuideClientRewardsServiceImpl : Service - Distance calculated: 10811.860564412187
2021-11-27 20:34:21.154  INFO 530588 --- [nPool-worker-13] .t.t.s.TourGuideClientRewardsServiceImpl : Service - Distance calculated: 164.91310606753288
2021-11-27 20:34:21.154  INFO 530588 --- [onPool-worker-5] .t.t.s.TourGuideClientRewardsServiceImpl : Service - Distance calculated: 9797.688667723081
2021-11-27 20:34:21.154  INFO 530588 --- [onPool-worker-7] .t.t.s.TourGuideClientRewardsServiceImpl : Service - Distance calculated: 986.7736040185368
2021-11-27 20:34:21.154  INFO 530588 --- [nPool-worker-13] .t.t.s.TourGuideClientRewardsServiceImpl : Service - Distance calculated: 115.99464245531166
2021-11-27 20:34:21.154  INFO 530588 --- [onPool-worker-4] .t.t.s.TourGuideClientRewardsServiceImpl : Service - Distance calculated: 10282.997821004077
2021-11-27 20:34:21.154  INFO 530588 --- [onPool-worker-7] .t.t.s.TourGuideClientRewardsServiceImpl : Service - Distance calculated: 727.4406623078733
2021-11-27 20:34:21.154  INFO 530588 --- [nPool-worker-14] .t.t.s.TourGuideClientRewardsServiceImpl : Service - Distance calculated: 10553.727758668574
2021-11-27 20:34:21.154  INFO 530588 --- [onPool-worker-7] .t.t.s.TourGuideClientRewardsServiceImpl : Service - Distance calculated: 739.7352761423402
2021-11-27 20:34:21.154  INFO 530588 --- [onPool-worker-2] .t.t.s.TourGuideClientRewardsServiceImpl : Service - Distance calculated: 4023.9889549094237
2021-11-27 20:34:21.154  INFO 530588 --- [onPool-worker-7] .t.t.s.TourGuideClientRewardsServiceImpl : Service - Distance calculated: 1947.376185113249
2021-11-27 20:34:21.154  INFO 530588 --- [nPool-worker-12] .t.t.s.TourGuideClientRewardsServiceImpl : Service - Distance calculated: 7297.952172828928
2021-11-27 20:34:21.154  INFO 530588 --- [onPool-worker-2] .t.t.s.TourGuideClientRewardsServiceImpl : Service - Distance calculated: 4043.713579080624
2021-11-27 20:34:21.154  INFO 530588 --- [onPool-worker-8] .t.t.s.TourGuideClientRewardsServiceImpl : Service - Distance calculated: 10105.526544906865
2021-11-27 20:34:21.154  INFO 530588 --- [onPool-worker-2] .t.t.s.TourGuideClientRewardsServiceImpl : Service - Distance calculated: 4130.267361720723
2021-11-27 20:34:21.154  INFO 530588 --- [nPool-worker-11] .t.t.s.TourGuideClientRewardsServiceImpl : Service - Distance calculated: 7556.083245291015
2021-11-27 20:34:21.154  INFO 530588 --- [nPool-worker-10] .t.t.s.TourGuideClientRewardsServiceImpl : Service - Distance calculated: 4142.529375295659
2021-11-27 20:34:21.154  INFO 530588 --- [nPool-worker-11] .t.t.s.TourGuideClientRewardsServiceImpl : Service - Distance calculated: 5706.024445727244
2021-11-27 20:34:21.154  INFO 530588 --- [onPool-worker-9] .t.t.s.TourGuideClientRewardsServiceImpl : Service - Distance calculated: 6894.158674316837
2021-11-27 20:34:21.154  INFO 530588 --- [nPool-worker-11] .t.t.s.TourGuideClientRewardsServiceImpl : Service - Distance calculated: 6023.987092053889
2021-11-27 20:34:21.154  INFO 530588 --- [onPool-worker-3] .t.t.s.TourGuideClientRewardsServiceImpl : Service - Distance calculated: 10571.563679379693
2021-11-27 20:34:21.154  INFO 530588 --- [nPool-worker-11] .t.t.s.TourGuideClientRewardsServiceImpl : Service - Distance calculated: 6984.611064905469
2021-11-27 20:34:21.154  INFO 530588 --- [onPool-worker-6] .t.t.s.TourGuideClientRewardsServiceImpl : Service - Distance calculated: 6708.6392447603
2021-11-27 20:34:21.154  INFO 530588 --- [nPool-worker-11] .t.t.s.TourGuideClientRewardsServiceImpl : Service - Distance calculated: 6727.339849222307
2021-11-27 20:34:21.154  INFO 530588 --- [onPool-worker-1] .t.t.s.TourGuideClientRewardsServiceImpl : Service - Distance calculated: 11971.799355460184
2021-11-27 20:34:21.154  INFO 530588 --- [onPool-worker-6] .t.t.s.TourGuideClientRewardsServiceImpl : Service - Distance calculated: 7608.460296892401
2021-11-27 20:34:21.154  INFO 530588 --- [onPool-worker-5] .t.t.s.TourGuideClientRewardsServiceImpl : Service - Distance calculated: 9512.342366030813
2021-11-27 20:34:21.154  INFO 530588 --- [onPool-worker-6] .t.t.s.TourGuideClientRewardsServiceImpl : Service - Distance calculated: 7683.720966824944
2021-11-27 20:34:21.154  INFO 530588 --- [onPool-worker-1] .t.t.s.TourGuideClientRewardsServiceImpl : Service - Distance calculated: 12040.060723705761
2021-11-27 20:34:21.154  INFO 530588 --- [nPool-worker-13] .t.t.s.TourGuideClientRewardsServiceImpl : Service - Distance calculated: 1428.8577204882306
2021-11-27 20:34:21.154  INFO 530588 --- [onPool-worker-4] .t.t.s.TourGuideClientRewardsServiceImpl : Service - Distance calculated: 9330.109506513138
2021-11-27 20:34:21.155  INFO 530588 --- [onPool-worker-1] .t.t.s.TourGuideClientRewardsServiceImpl : Service - Distance calculated: 11133.588574474412
2021-11-27 20:34:21.155  INFO 530588 --- [nPool-worker-13] .t.t.s.TourGuideClientRewardsServiceImpl : Service - Distance calculated: 1418.571827418631
2021-11-27 20:34:21.154  INFO 530588 --- [nPool-worker-14] .t.t.s.TourGuideClientRewardsServiceImpl : Service - Distance calculated: 10458.314261522104
2021-11-27 20:34:21.155  INFO 530588 --- [onPool-worker-4] .t.t.s.TourGuideClientRewardsServiceImpl : Service - Distance calculated: 9249.38066481415
2021-11-27 20:34:21.155  INFO 530588 --- [nPool-worker-13] .t.t.s.TourGuideClientRewardsServiceImpl : Service - Distance calculated: 460.11990361699293
2021-11-27 20:34:21.154  INFO 530588 --- [onPool-worker-7] .t.t.s.TourGuideClientRewardsServiceImpl : Service - Distance calculated: 1959.610560601737
2021-11-27 20:34:21.155  INFO 530588 --- [onPool-worker-4] .t.t.s.TourGuideClientRewardsServiceImpl : Service - Distance calculated: 9190.719980219365
2021-11-27 20:34:21.155  INFO 530588 --- [nPool-worker-13] .t.t.s.TourGuideClientRewardsServiceImpl : Service - Distance calculated: 1992.7911930022951
2021-11-27 20:34:21.155  INFO 530588 --- [onPool-worker-4] .t.t.s.TourGuideClientRewardsServiceImpl : Service - Distance calculated: 8350.55836897153
2021-11-27 20:34:21.155  INFO 530588 --- [onPool-worker-7] .t.t.s.TourGuideClientRewardsServiceImpl : Service - Distance calculated: 1090.9124058874027
2021-11-27 20:34:21.155  INFO 530588 --- [nPool-worker-13] .t.t.s.TourGuideClientRewardsServiceImpl : Service - Distance calculated: 1906.7972782801585
2021-11-27 20:34:21.155  INFO 530588 --- [onPool-worker-4] .t.t.s.TourGuideClientRewardsServiceImpl : Service - Distance calculated: 8493.552367801132
2021-11-27 20:34:21.155  INFO 530588 --- [nPool-worker-13] .t.t.s.TourGuideClientRewardsServiceImpl : Service - Distance calculated: 2360.645624935619
2021-11-27 20:34:21.155  INFO 530588 --- [onPool-worker-4] .t.t.s.TourGuideClientRewardsServiceImpl : Service - Distance calculated: 8749.91945585588
2021-11-27 20:34:21.155  INFO 530588 --- [nPool-worker-13] .t.t.s.TourGuideClientRewardsServiceImpl : Service - Distance calculated: 2434.494471527265
2021-11-27 20:34:21.155  INFO 530588 --- [onPool-worker-4] .t.t.s.TourGuideClientRewardsServiceImpl : Service - Distance calculated: 8538.634499036914
2021-11-27 20:34:21.155  INFO 530588 --- [nPool-worker-13] .t.t.s.TourGuideClientRewardsServiceImpl : Service - Distance calculated: 2148.3967563579567
2021-11-27 20:34:21.154  INFO 530588 --- [nPool-worker-12] .t.t.s.TourGuideClientRewardsServiceImpl : Service - Distance calculated: 6959.045385703745
2021-11-27 20:34:21.155  INFO 530588 --- [nPool-worker-13] .t.t.s.TourGuideClientRewardsServiceImpl : Service - Distance calculated: 2282.746325565392
2021-11-27 20:34:21.154  INFO 530588 --- [onPool-worker-8] .t.t.s.TourGuideClientRewardsServiceImpl : Service - Distance calculated: 10144.382787534712
2021-11-27 20:34:21.155  INFO 530588 --- [nPool-worker-13] .t.t.s.TourGuideClientRewardsServiceImpl : Service - Distance calculated: 2289.4339721013357
2021-11-27 20:34:21.154  INFO 530588 --- [onPool-worker-2] .t.t.s.TourGuideClientRewardsServiceImpl : Service - Distance calculated: 4929.735683285471
2021-11-27 20:34:21.155  INFO 530588 --- [nPool-worker-13] .t.t.s.TourGuideClientRewardsServiceImpl : Service - Distance calculated: 1204.372289719331
2021-11-27 20:34:21.154  INFO 530588 --- [nPool-worker-10] .t.t.s.TourGuideClientRewardsServiceImpl : Service - Distance calculated: 4157.748915805372
2021-11-27 20:34:21.155  INFO 530588 --- [nPool-worker-13] .t.t.s.TourGuideClientRewardsServiceImpl : Service - Distance calculated: 1742.5694022642394
2021-11-27 20:34:21.155  INFO 530588 --- [nPool-worker-13] .t.t.s.TourGuideClientRewardsServiceImpl : Service - Distance calculated: 1576.7472428725728
2021-11-27 20:34:21.155  INFO 530588 --- [nPool-worker-13] .t.t.s.TourGuideClientRewardsServiceImpl : Service - Distance calculated: 1921.4807999190489
2021-11-27 20:34:21.155  INFO 530588 --- [nPool-worker-13] .t.t.s.TourGuideClientRewardsServiceImpl : Service - Distance calculated: 1277.6245433336508
2021-11-27 20:34:21.155  INFO 530588 --- [nPool-worker-13] .t.t.s.TourGuideClientRewardsServiceImpl : Service - Distance calculated: 87.03441722159666
2021-11-27 20:34:21.155  INFO 530588 --- [nPool-worker-13] .t.t.s.TourGuideClientRewardsServiceImpl : Service - Distance calculated: 2127.2478407793283
2021-11-27 20:34:21.154  INFO 530588 --- [onPool-worker-9] .t.t.s.TourGuideClientRewardsServiceImpl : Service - Distance calculated: 8001.149708310502
2021-11-27 20:34:21.154  INFO 530588 --- [onPool-worker-3] .t.t.s.TourGuideClientRewardsServiceImpl : Service - Distance calculated: 10375.945709847465
2021-11-27 20:34:21.155  INFO 530588 --- [onPool-worker-9] .t.t.s.TourGuideClientRewardsServiceImpl : Service - Distance calculated: 6140.872193422012
2021-11-27 20:34:21.154  INFO 530588 --- [nPool-worker-11] .t.t.s.TourGuideClientRewardsServiceImpl : Service - Distance calculated: 6034.113943220999
2021-11-27 20:34:21.155  INFO 530588 --- [onPool-worker-9] .t.t.s.TourGuideClientRewardsServiceImpl : Service - Distance calculated: 6413.794719830078
2021-11-27 20:34:21.154  INFO 530588 --- [onPool-worker-6] .t.t.s.TourGuideClientRewardsServiceImpl : Service - Distance calculated: 2462.9186591487173
2021-11-27 20:34:21.155  INFO 530588 --- [onPool-worker-9] .t.t.s.TourGuideClientRewardsServiceImpl : Service - Distance calculated: 7429.468943953342
2021-11-27 20:34:21.155  INFO 530588 --- [onPool-worker-6] .t.t.s.TourGuideClientRewardsServiceImpl : Service - Distance calculated: 3007.8559643533035
2021-11-27 20:34:21.154  INFO 530588 --- [onPool-worker-5] .t.t.s.TourGuideClientRewardsServiceImpl : Service - Distance calculated: 10076.475162111732
2021-11-27 20:34:21.156  INFO 530588 --- [onPool-worker-6] .t.t.s.TourGuideClientRewardsServiceImpl : Service - Distance calculated: 2616.26181958595
2021-11-27 20:34:21.155  INFO 530588 --- [onPool-worker-1] .t.t.s.TourGuideClientRewardsServiceImpl : Service - Distance calculated: 11688.85179125145
2021-11-27 20:34:21.156  INFO 530588 --- [onPool-worker-5] .t.t.s.TourGuideClientRewardsServiceImpl : Service - Distance calculated: 9323.34659248109
2021-11-27 20:34:21.156  INFO 530588 --- [onPool-worker-6] .t.t.s.TourGuideClientRewardsServiceImpl : Service - Distance calculated: 2577.4159367595526
2021-11-27 20:34:21.156  INFO 530588 --- [onPool-worker-5] .t.t.s.TourGuideClientRewardsServiceImpl : Service - Distance calculated: 8611.386329759105
2021-11-27 20:34:21.156  INFO 530588 --- [onPool-worker-1] .t.t.s.TourGuideClientRewardsServiceImpl : Service - Distance calculated: 11901.853088437105
2021-11-27 20:34:21.156  INFO 530588 --- [onPool-worker-5] .t.t.s.TourGuideClientRewardsServiceImpl : Service - Distance calculated: 9704.18037236318
2021-11-27 20:34:21.155  INFO 530588 --- [nPool-worker-14] .t.t.s.TourGuideClientRewardsServiceImpl : Service - Distance calculated: 4618.417534924235
2021-11-27 20:34:21.155  INFO 530588 --- [onPool-worker-7] .t.t.s.TourGuideClientRewardsServiceImpl : Service - Distance calculated: 2435.8605343279983
2021-11-27 20:34:21.156  INFO 530588 --- [nPool-worker-14] .t.t.s.TourGuideClientRewardsServiceImpl : Service - Distance calculated: 5041.186760896555
2021-11-27 20:34:21.155  INFO 530588 --- [onPool-worker-4] .t.t.s.TourGuideClientRewardsServiceImpl : Service - Distance calculated: 8956.788015552067
2021-11-27 20:34:21.155  INFO 530588 --- [nPool-worker-12] .t.t.s.TourGuideClientRewardsServiceImpl : Service - Distance calculated: 7885.200898589203
2021-11-27 20:34:21.155  INFO 530588 --- [onPool-worker-8] .t.t.s.TourGuideClientRewardsServiceImpl : Service - Distance calculated: 4609.615647218205
2021-11-27 20:34:21.156  INFO 530588 --- [onPool-worker-4] .t.t.s.TourGuideClientRewardsServiceImpl : Service - Distance calculated: 8523.928316908621
2021-11-27 20:34:21.156  INFO 530588 --- [nPool-worker-12] .t.t.s.TourGuideClientRewardsServiceImpl : Service - Distance calculated: 7611.794928452494
2021-11-27 20:34:21.156  INFO 530588 --- [onPool-worker-8] .t.t.s.TourGuideClientRewardsServiceImpl : Service - Distance calculated: 4624.87139859228
2021-11-27 20:34:21.156  INFO 530588 --- [nPool-worker-12] .t.t.s.TourGuideClientRewardsServiceImpl : Service - Distance calculated: 7681.891862466699
2021-11-27 20:34:21.155  INFO 530588 --- [onPool-worker-2] .t.t.s.TourGuideClientRewardsServiceImpl : Service - Distance calculated: 4538.88978358515
2021-11-27 20:34:21.156  INFO 530588 --- [nPool-worker-12] .t.t.s.TourGuideClientRewardsServiceImpl : Service - Distance calculated: 7051.347427935071
2021-11-27 20:34:21.155  INFO 530588 --- [nPool-worker-10] .t.t.s.TourGuideClientRewardsServiceImpl : Service - Distance calculated: 2916.478772184683
2021-11-27 20:34:21.156  INFO 530588 --- [onPool-worker-2] .t.t.s.TourGuideClientRewardsServiceImpl : Service - Distance calculated: 4436.3224358898515
2021-11-27 20:34:21.155  INFO 530588 --- [nPool-worker-13] .t.t.s.TourGuideClientRewardsServiceImpl : Service - Distance calculated: 2578.910516018122
2021-11-27 20:34:21.156  INFO 530588 --- [onPool-worker-2] .t.t.s.TourGuideClientRewardsServiceImpl : Service - Distance calculated: 4594.252286841358
2021-11-27 20:34:21.155  INFO 530588 --- [onPool-worker-3] .t.t.s.TourGuideClientRewardsServiceImpl : Service - Distance calculated: 10279.79314321947
2021-11-27 20:34:21.156  INFO 530588 --- [onPool-worker-2] .t.t.s.TourGuideClientRewardsServiceImpl : Service - Distance calculated: 4279.401289849736
2021-11-27 20:34:21.155  INFO 530588 --- [nPool-worker-11] .t.t.s.TourGuideClientRewardsServiceImpl : Service - Distance calculated: 5687.711857486548
2021-11-27 20:34:21.156  INFO 530588 --- [onPool-worker-3] .t.t.s.TourGuideClientRewardsServiceImpl : Service - Distance calculated: 11355.417942430844
2021-11-27 20:34:21.156  INFO 530588 --- [onPool-worker-9] .t.t.s.TourGuideClientRewardsServiceImpl : Service - Distance calculated: 7159.080220285951
2021-11-27 20:34:21.156  INFO 530588 --- [onPool-worker-3] .t.t.s.TourGuideClientRewardsServiceImpl : Service - Distance calculated: 10121.231418879455
2021-11-27 20:34:21.156  INFO 530588 --- [onPool-worker-6] .t.t.s.TourGuideClientRewardsServiceImpl : Service - Distance calculated: 3891.6201718337115
2021-11-27 20:34:21.156  INFO 530588 --- [onPool-worker-9] .t.t.s.TourGuideClientRewardsServiceImpl : Service - Distance calculated: 6433.040614139845
2021-11-27 20:34:21.156  INFO 530588 --- [onPool-worker-1] .t.t.s.TourGuideClientRewardsServiceImpl : Service - Distance calculated: 8974.936353929343
2021-11-27 20:34:21.156  INFO 530588 --- [onPool-worker-5] .t.t.s.TourGuideClientRewardsServiceImpl : Service - Distance calculated: 10869.812403725095
2021-11-27 20:34:21.156  INFO 530588 --- [onPool-worker-7] .t.t.s.TourGuideClientRewardsServiceImpl : Service - Distance calculated: 2393.0447539205156
2021-11-27 20:34:21.157  INFO 530588 --- [onPool-worker-5] .t.t.s.TourGuideClientRewardsServiceImpl : Service - Distance calculated: 8984.549733478687
2021-11-27 20:34:21.156  INFO 530588 --- [nPool-worker-14] .t.t.s.TourGuideClientRewardsServiceImpl : Service - Distance calculated: 4760.889356521312
2021-11-27 20:34:21.157  INFO 530588 --- [onPool-worker-7] .t.t.s.TourGuideClientRewardsServiceImpl : Service - Distance calculated: 1861.272675665839
2021-11-27 20:34:21.156  INFO 530588 --- [onPool-worker-4] .t.t.s.TourGuideClientRewardsServiceImpl : Service - Distance calculated: 8542.279717453916
2021-11-27 20:34:21.157  INFO 530588 --- [onPool-worker-7] .t.t.s.TourGuideClientRewardsServiceImpl : Service - Distance calculated: 2854.8929248454283
2021-11-27 20:34:21.156  INFO 530588 --- [onPool-worker-8] .t.t.s.TourGuideClientRewardsServiceImpl : Service - Distance calculated: 4685.560067783911
2021-11-27 20:34:21.157  INFO 530588 --- [onPool-worker-4] .t.t.s.TourGuideClientRewardsServiceImpl : Service - Distance calculated: 8417.109970669755
2021-11-27 20:34:21.156  INFO 530588 --- [nPool-worker-12] .t.t.s.TourGuideClientRewardsServiceImpl : Service - Distance calculated: 6397.060471695433
2021-11-27 20:34:21.156  INFO 530588 --- [nPool-worker-10] .t.t.s.TourGuideClientRewardsServiceImpl : Service - Distance calculated: 2893.914831494664
2021-11-27 20:34:21.156  INFO 530588 --- [nPool-worker-13] .t.t.s.TourGuideClientRewardsServiceImpl : Service - Distance calculated: 680.6158831369517
2021-11-27 20:34:21.157  INFO 530588 --- [nPool-worker-10] .t.t.s.TourGuideClientRewardsServiceImpl : Service - Distance calculated: 3824.4300904829674
2021-11-27 20:34:21.156  INFO 530588 --- [onPool-worker-2] .t.t.s.TourGuideClientRewardsServiceImpl : Service - Distance calculated: 4530.768062419995
2021-11-27 20:34:21.157  INFO 530588 --- [nPool-worker-13] .t.t.s.TourGuideClientRewardsServiceImpl : Service - Distance calculated: 1344.090272349311
2021-11-27 20:34:21.157  INFO 530588 --- [nPool-worker-10] .t.t.s.TourGuideClientRewardsServiceImpl : Service - Distance calculated: 2566.4269746768136
2021-11-27 20:34:21.156  INFO 530588 --- [nPool-worker-11] .t.t.s.TourGuideClientRewardsServiceImpl : Service - Distance calculated: 6355.955579027732
2021-11-27 20:34:21.157  INFO 530588 --- [nPool-worker-13] .t.t.s.TourGuideClientRewardsServiceImpl : Service - Distance calculated: 2440.177336041544
2021-11-27 20:34:21.157  INFO 530588 --- [onPool-worker-3] .t.t.s.TourGuideClientRewardsServiceImpl : Service - Distance calculated: 10272.838117488349
2021-11-27 20:34:21.157  INFO 530588 --- [nPool-worker-11] .t.t.s.TourGuideClientRewardsServiceImpl : Service - Distance calculated: 5809.654229996913
2021-11-27 20:34:21.157  INFO 530588 --- [onPool-worker-9] .t.t.s.TourGuideClientRewardsServiceImpl : Service - Distance calculated: 6121.109814005009
2021-11-27 20:34:21.157  INFO 530588 --- [onPool-worker-3] .t.t.s.TourGuideClientRewardsServiceImpl : Service - Distance calculated: 10134.094437837563
2021-11-27 20:34:21.157  INFO 530588 --- [onPool-worker-6] .t.t.s.TourGuideClientRewardsServiceImpl : Service - Distance calculated: 3880.004282049389
2021-11-27 20:34:21.157  INFO 530588 --- [onPool-worker-3] .t.t.s.TourGuideClientRewardsServiceImpl : Service - Distance calculated: 9561.845078824395
2021-11-27 20:34:21.157  INFO 530588 --- [onPool-worker-1] .t.t.s.TourGuideClientRewardsServiceImpl : Service - Distance calculated: 11350.681604791895
2021-11-27 20:34:21.157  INFO 530588 --- [onPool-worker-3] .t.t.s.TourGuideClientRewardsServiceImpl : Service - Distance calculated: 10253.268118876756
2021-11-27 20:34:21.157  INFO 530588 --- [onPool-worker-5] .t.t.s.TourGuideClientRewardsServiceImpl : Service - Distance calculated: 9810.905251024546
2021-11-27 20:34:21.157  INFO 530588 --- [onPool-worker-1] .t.t.s.TourGuideClientRewardsServiceImpl : Service - Distance calculated: 11601.30593180617
2021-11-27 20:34:21.157  INFO 530588 --- [nPool-worker-14] .t.t.s.TourGuideClientRewardsServiceImpl : Service - Distance calculated: 4734.391058838634
2021-11-27 20:34:21.157  INFO 530588 --- [onPool-worker-1] .t.t.s.TourGuideClientRewardsServiceImpl : Service - Distance calculated: 11555.098577822459
2021-11-27 20:34:21.157  INFO 530588 --- [onPool-worker-7] .t.t.s.TourGuideClientRewardsServiceImpl : Service - Distance calculated: 2588.3154252510535
2021-11-27 20:34:21.157  INFO 530588 --- [nPool-worker-14] .t.t.s.TourGuideClientRewardsServiceImpl : Service - Distance calculated: 6030.270809240415
2021-11-27 20:34:21.157  INFO 530588 --- [onPool-worker-8] .t.t.s.TourGuideClientRewardsServiceImpl : Service - Distance calculated: 4708.775047088698
2021-11-27 20:34:21.157  INFO 530588 --- [onPool-worker-7] .t.t.s.TourGuideClientRewardsServiceImpl : Service - Distance calculated: 2732.6839339192147
2021-11-27 20:34:21.157  INFO 530588 --- [onPool-worker-4] .t.t.s.TourGuideClientRewardsServiceImpl : Service - Distance calculated: 9448.82610027868
2021-11-27 20:34:21.157  INFO 530588 --- [onPool-worker-7] .t.t.s.TourGuideClientRewardsServiceImpl : Service - Distance calculated: 2869.967316423669
2021-11-27 20:34:21.157  INFO 530588 --- [onPool-worker-4] .t.t.s.TourGuideClientRewardsServiceImpl : Service - Distance calculated: 8543.693381715166
2021-11-27 20:34:21.157  INFO 530588 --- [onPool-worker-4] .t.t.s.TourGuideClientRewardsServiceImpl : Service - Distance calculated: 9111.045912736621
2021-11-27 20:34:21.157  INFO 530588 --- [nPool-worker-12] .t.t.s.TourGuideClientRewardsServiceImpl : Service - Distance calculated: 6975.965637226097
2021-11-27 20:34:21.157  INFO 530588 --- [onPool-worker-2] .t.t.s.TourGuideClientRewardsServiceImpl : Service - Distance calculated: 4154.928786572911
2021-11-27 20:34:21.157  INFO 530588 --- [nPool-worker-10] .t.t.s.TourGuideClientRewardsServiceImpl : Service - Distance calculated: 2527.0135340919705
2021-11-27 20:34:21.157  INFO 530588 --- [onPool-worker-2] .t.t.s.TourGuideClientRewardsServiceImpl : Service - Distance calculated: 4834.289111716655
2021-11-27 20:34:21.157  INFO 530588 --- [nPool-worker-13] .t.t.s.TourGuideClientRewardsServiceImpl : Service - Distance calculated: 2168.830527042806
2021-11-27 20:34:21.157  INFO 530588 --- [nPool-worker-10] .t.t.s.TourGuideClientRewardsServiceImpl : Service - Distance calculated: 5645.646954858095
2021-11-27 20:34:21.157  INFO 530588 --- [nPool-worker-11] .t.t.s.TourGuideClientRewardsServiceImpl : Service - Distance calculated: 6198.116090762286
2021-11-27 20:34:21.157  INFO 530588 --- [nPool-worker-13] .t.t.s.TourGuideClientRewardsServiceImpl : Service - Calculate rewards points for user: internalUser18
2021-11-27 20:34:21.157  INFO 530588 --- [onPool-worker-9] .t.t.s.TourGuideClientRewardsServiceImpl : Service - Distance calculated: 7239.967796029137
2021-11-27 20:34:21.157  INFO 530588 --- [nPool-worker-11] .t.t.s.TourGuideClientRewardsServiceImpl : Service - Distance calculated: 6243.774864812299
2021-11-27 20:34:21.157  INFO 530588 --- [onPool-worker-6] .t.t.s.TourGuideClientRewardsServiceImpl : Service - Distance calculated: 2878.3073795967557
2021-11-27 20:34:21.157  INFO 530588 --- [onPool-worker-3] .t.t.s.TourGuideClientRewardsServiceImpl : Service - Distance calculated: 10164.008366474467
2021-11-27 20:34:21.157  INFO 530588 --- [onPool-worker-9] .t.t.s.TourGuideClientRewardsServiceImpl : Service - Distance calculated: 7549.132066883288
2021-11-27 20:34:21.157  INFO 530588 --- [onPool-worker-5] .t.t.s.TourGuideClientRewardsServiceImpl : Service - Distance calculated: 10697.028584537393
2021-11-27 20:34:21.157  INFO 530588 --- [onPool-worker-3] .t.t.s.TourGuideClientRewardsServiceImpl : Service - Distance calculated: 10098.805986574966
2021-11-27 20:34:21.157  INFO 530588 --- [onPool-worker-1] .t.t.s.TourGuideClientRewardsServiceImpl : Service - Distance calculated: 11866.96849734338
2021-11-27 20:34:21.157  INFO 530588 --- [onPool-worker-3] .t.t.s.TourGuideClientRewardsServiceImpl : Service - Distance calculated: 10209.171387884911
2021-11-27 20:34:21.157  INFO 530588 --- [onPool-worker-5] .t.t.s.TourGuideClientRewardsServiceImpl : Service - Distance calculated: 9758.429988018515
2021-11-27 20:34:21.157  INFO 530588 --- [nPool-worker-14] .t.t.s.TourGuideClientRewardsServiceImpl : Service - Distance calculated: 6031.858757100287
2021-11-27 20:34:21.157  INFO 530588 --- [onPool-worker-8] .t.t.s.TourGuideClientRewardsServiceImpl : Service - Distance calculated: 5709.273535969048
2021-11-27 20:34:21.157  INFO 530588 --- [nPool-worker-14] .t.t.s.TourGuideClientRewardsServiceImpl : Service - Distance calculated: 5054.391414297161
2021-11-27 20:34:21.157  INFO 530588 --- [onPool-worker-8] .t.t.s.TourGuideClientRewardsServiceImpl : Service - Distance calculated: 5761.283530806416
2021-11-27 20:34:21.157  INFO 530588 --- [nPool-worker-14] .t.t.s.TourGuideClientRewardsServiceImpl : Service - Distance calculated: 6517.040394601219
2021-11-27 20:34:21.157  INFO 530588 --- [onPool-worker-8] .t.t.s.TourGuideClientRewardsServiceImpl : Service - Distance calculated: 5057.599262102916
2021-11-27 20:34:21.157  INFO 530588 --- [nPool-worker-14] .t.t.s.TourGuideClientRewardsServiceImpl : Service - Distance calculated: 6483.064160554183
2021-11-27 20:34:21.157  INFO 530588 --- [onPool-worker-7] .t.t.s.TourGuideClientRewardsServiceImpl : Service - Distance calculated: 1809.241554388356
2021-11-27 20:34:21.157  INFO 530588 --- [nPool-worker-14] .t.t.s.TourGuideClientRewardsServiceImpl : Service - Distance calculated: 4015.7120427539717
2021-11-27 20:34:21.157  INFO 530588 --- [onPool-worker-4] .t.t.s.TourGuideClientRewardsServiceImpl : Service - Distance calculated: 9338.271594304191
2021-11-27 20:34:21.157  INFO 530588 --- [nPool-worker-12] .t.t.s.TourGuideClientRewardsServiceImpl : Service - Distance calculated: 6688.464870715065
2021-11-27 20:34:21.157  INFO 530588 --- [onPool-worker-2] .t.t.s.TourGuideClientRewardsServiceImpl : Service - Distance calculated: 3934.614242006154
2021-11-27 20:34:21.157  INFO 530588 --- [nPool-worker-10] .t.t.s.TourGuideClientRewardsServiceImpl : Service - Distance calculated: 2288.272234945672
2021-11-27 20:34:21.157  INFO 530588 --- [nPool-worker-11] .t.t.s.TourGuideClientRewardsServiceImpl : Service - Distance calculated: 4931.276615009605
2021-11-27 20:34:21.157  INFO 530588 --- [onPool-worker-6] .t.t.s.TourGuideClientRewardsServiceImpl : Service - Distance calculated: 4434.994313532326
2021-11-27 20:34:21.157  INFO 530588 --- [nPool-worker-11] .t.t.s.TourGuideClientRewardsServiceImpl : Service - Distance calculated: 4953.457154075282
2021-11-27 20:34:21.157  INFO 530588 --- [onPool-worker-6] .t.t.s.TourGuideClientRewardsServiceImpl : Service - Distance calculated: 4365.994512951638
2021-11-27 20:34:21.157  INFO 530588 --- [nPool-worker-11] .t.t.s.TourGuideClientRewardsServiceImpl : Service - Distance calculated: 5968.70995323604
2021-11-27 20:34:21.157  INFO 530588 --- [onPool-worker-6] .t.t.s.TourGuideClientRewardsServiceImpl : Service - Distance calculated: 2824.5804902242858
2021-11-27 20:34:21.157  INFO 530588 --- [nPool-worker-11] .t.t.s.TourGuideClientRewardsServiceImpl : Service - Distance calculated: 4371.861029014261
2021-11-27 20:34:21.157  INFO 530588 --- [onPool-worker-6] .t.t.s.TourGuideClientRewardsServiceImpl : Service - Distance calculated: 4865.273229950215
2021-11-27 20:34:21.157  INFO 530588 --- [onPool-worker-9] .t.t.s.TourGuideClientRewardsServiceImpl : Service - Distance calculated: 7229.814171233339
2021-11-27 20:34:21.157  INFO 530588 --- [onPool-worker-6] .t.t.s.TourGuideClientRewardsServiceImpl : Service - Distance calculated: 4589.762713405356
2021-11-27 20:34:21.157  INFO 530588 --- [onPool-worker-3] .t.t.s.TourGuideClientRewardsServiceImpl : Service - Distance calculated: 10241.958318977133
2021-11-27 20:34:21.157  INFO 530588 --- [onPool-worker-6] .t.t.s.TourGuideClientRewardsServiceImpl : Service - Distance calculated: 4730.054441779463
2021-11-27 20:34:21.157  INFO 530588 --- [onPool-worker-9] .t.t.s.TourGuideClientRewardsServiceImpl : Service - Distance calculated: 7173.4656023282605
2021-11-27 20:34:21.157  INFO 530588 --- [onPool-worker-1] .t.t.s.TourGuideClientRewardsServiceImpl : Service - Distance calculated: 11876.216299945669
2021-11-27 20:34:21.157  INFO 530588 --- [onPool-worker-5] .t.t.s.TourGuideClientRewardsServiceImpl : Service - Distance calculated: 5279.262281384193
2021-11-27 20:34:21.157  INFO 530588 --- [onPool-worker-1] .t.t.s.TourGuideClientRewardsServiceImpl : Service - Distance calculated: 12229.297358596375
2021-11-27 20:34:21.157  INFO 530588 --- [onPool-worker-5] .t.t.s.TourGuideClientRewardsServiceImpl : Service - Distance calculated: 4517.7996117686525
2021-11-27 20:34:21.157  INFO 530588 --- [onPool-worker-8] .t.t.s.TourGuideClientRewardsServiceImpl : Service - Distance calculated: 5942.848236920501
2021-11-27 20:34:21.157  INFO 530588 --- [onPool-worker-5] .t.t.s.TourGuideClientRewardsServiceImpl : Service - Distance calculated: 5150.484314070942
2021-11-27 20:34:21.157  INFO 530588 --- [onPool-worker-7] .t.t.s.TourGuideClientRewardsServiceImpl : Service - Distance calculated: 2286.899939940669
2021-11-27 20:34:21.157  INFO 530588 --- [nPool-worker-14] .t.t.s.TourGuideClientRewardsServiceImpl : Service - Distance calculated: 6916.632823963071
2021-11-27 20:34:21.157  INFO 530588 --- [onPool-worker-4] .t.t.s.TourGuideClientRewardsServiceImpl : Service - Distance calculated: 8449.200961637423
2021-11-27 20:34:21.157  INFO 530588 --- [nPool-worker-14] .t.t.s.TourGuideClientRewardsServiceImpl : Service - Distance calculated: 6666.178154481262
2021-11-27 20:34:21.157  INFO 530588 --- [nPool-worker-12] .t.t.s.TourGuideClientRewardsServiceImpl : Service - Distance calculated: 7255.258594261238
2021-11-27 20:34:21.157  INFO 530588 --- [onPool-worker-2] .t.t.s.TourGuideClientRewardsServiceImpl : Service - Distance calculated: 4344.7766806132295
2021-11-27 20:34:21.158  INFO 530588 --- [nPool-worker-14] .t.t.s.TourGuideClientRewardsServiceImpl : Service - Distance calculated: 6813.093299014869
2021-11-27 20:34:21.158  INFO 530588 --- [nPool-worker-12] .t.t.s.TourGuideClientRewardsServiceImpl : Service - Distance calculated: 6472.226199170422
2021-11-27 20:34:21.158  INFO 530588 --- [onPool-worker-2] .t.t.s.TourGuideClientRewardsServiceImpl : Service - Distance calculated: 3977.4606835824316
2021-11-27 20:34:21.157  INFO 530588 --- [nPool-worker-10] .t.t.s.TourGuideClientRewardsServiceImpl : Service - Distance calculated: 2445.8398581303068
2021-11-27 20:34:21.157  INFO 530588 --- [nPool-worker-11] .t.t.s.TourGuideClientRewardsServiceImpl : Service - Distance calculated: 4449.366407427214
2021-11-27 20:34:21.158  INFO 530588 --- [onPool-worker-2] .t.t.s.TourGuideClientRewardsServiceImpl : Service - Distance calculated: 4017.0688124532594
2021-11-27 20:34:21.158  INFO 530588 --- [nPool-worker-10] .t.t.s.TourGuideClientRewardsServiceImpl : Service - Distance calculated: 2302.361942196571
2021-11-27 20:34:21.158  INFO 530588 --- [nPool-worker-11] .t.t.s.TourGuideClientRewardsServiceImpl : Service - Distance calculated: 6698.266382507565
2021-11-27 20:34:21.157  INFO 530588 --- [onPool-worker-3] .t.t.s.TourGuideClientRewardsServiceImpl : Service - Distance calculated: 10681.113035529183
2021-11-27 20:34:21.158  INFO 530588 --- [nPool-worker-11] .t.t.s.TourGuideClientRewardsServiceImpl : Service - Distance calculated: 3941.2636822168556
2021-11-27 20:34:21.157  INFO 530588 --- [onPool-worker-6] .t.t.s.TourGuideClientRewardsServiceImpl : Service - Distance calculated: 4712.794927576854
2021-11-27 20:34:21.158  INFO 530588 --- [nPool-worker-11] .t.t.s.TourGuideClientRewardsServiceImpl : Service - Distance calculated: 4216.859020722382
2021-11-27 20:34:21.157  INFO 530588 --- [onPool-worker-9] .t.t.s.TourGuideClientRewardsServiceImpl : Service - Distance calculated: 6605.93354205896
2021-11-27 20:34:21.158  INFO 530588 --- [nPool-worker-11] .t.t.s.TourGuideClientRewardsServiceImpl : Service - Distance calculated: 4077.5807348316835
2021-11-27 20:34:21.157  INFO 530588 --- [onPool-worker-1] .t.t.s.TourGuideClientRewardsServiceImpl : Service - Distance calculated: 12266.431534214698
2021-11-27 20:34:21.158  INFO 530588 --- [nPool-worker-11] .t.t.s.TourGuideClientRewardsServiceImpl : Service - Distance calculated: 4205.744089453306
2021-11-27 20:34:21.157  INFO 530588 --- [onPool-worker-5] .t.t.s.TourGuideClientRewardsServiceImpl : Service - Distance calculated: 5240.070134485751
2021-11-27 20:34:21.158  INFO 530588 --- [onPool-worker-1] .t.t.s.TourGuideClientRewardsServiceImpl : Service - Distance calculated: 11965.722602735843
2021-11-27 20:34:21.157  INFO 530588 --- [onPool-worker-8] .t.t.s.TourGuideClientRewardsServiceImpl : Service - Distance calculated: 6015.043650233208
2021-11-27 20:34:21.158  INFO 530588 --- [onPool-worker-1] .t.t.s.TourGuideClientRewardsServiceImpl : Service - Distance calculated: 11959.85012528037
2021-11-27 20:34:21.157  INFO 530588 --- [onPool-worker-7] .t.t.s.TourGuideClientRewardsServiceImpl : Service - Distance calculated: 2160.8883106989024
2021-11-27 20:34:21.158  INFO 530588 --- [onPool-worker-8] .t.t.s.TourGuideClientRewardsServiceImpl : Service - Distance calculated: 2843.1695694821237
2021-11-27 20:34:21.158  INFO 530588 --- [onPool-worker-4] .t.t.s.TourGuideClientRewardsServiceImpl : Service - Distance calculated: 5.8950310023474215E-5
2021-11-27 20:34:21.158  INFO 530588 --- [onPool-worker-7] .t.t.s.TourGuideClientRewardsServiceImpl : Service - Distance calculated: 2423.266266479675
2021-11-27 20:34:21.158  INFO 530588 --- [nPool-worker-14] .t.t.s.TourGuideClientRewardsServiceImpl : Service - Distance calculated: 6898.295388254418
2021-11-27 20:34:21.158  INFO 530588 --- [nPool-worker-12] .t.t.s.TourGuideClientRewardsServiceImpl : Service - Distance calculated: 5785.828461799568
2021-11-27 20:34:21.158  INFO 530588 --- [nPool-worker-14] .t.t.s.TourGuideClientRewardsServiceImpl : Service - Distance calculated: 5806.119850055886
2021-11-27 20:34:21.158  INFO 530588 --- [onPool-worker-2] .t.t.s.TourGuideClientRewardsServiceImpl : Service - Distance calculated: 4813.583327728177
2021-11-27 20:34:21.158  INFO 530588 --- [nPool-worker-14] .t.t.s.TourGuideClientRewardsServiceImpl : Service - Distance calculated: 6358.375947745733
2021-11-27 20:34:21.158  INFO 530588 --- [nPool-worker-10] .t.t.s.TourGuideClientRewardsServiceImpl : Service - Distance calculated: 1984.5342822147525
2021-11-27 20:34:21.158  INFO 530588 --- [nPool-worker-14] .t.t.s.TourGuideClientRewardsServiceImpl : Service - Distance calculated: 6189.686862059876
2021-11-27 20:34:21.158  INFO 530588 --- [nPool-worker-10] .t.t.s.TourGuideClientRewardsServiceImpl : Service - Distance calculated: 3071.2607253045176
2021-11-27 20:34:21.158  INFO 530588 --- [onPool-worker-3] .t.t.s.TourGuideClientRewardsServiceImpl : Service - Distance calculated: 9701.50799462241
2021-11-27 20:34:21.158  INFO 530588 --- [nPool-worker-10] .t.t.s.TourGuideClientRewardsServiceImpl : Service - Distance calculated: 2568.544301354076
2021-11-27 20:34:21.158  INFO 530588 --- [onPool-worker-6] .t.t.s.TourGuideClientRewardsServiceImpl : Service - Distance calculated: 3623.3583946510857
2021-11-27 20:34:21.158  INFO 530588 --- [nPool-worker-10] .t.t.s.TourGuideClientRewardsServiceImpl : Service - Distance calculated: 2697.342803640531
2021-11-27 20:34:21.158  INFO 530588 --- [onPool-worker-9] .t.t.s.TourGuideClientRewardsServiceImpl : Service - Distance calculated: 6522.576474840242
2021-11-27 20:34:21.158  INFO 530588 --- [nPool-worker-11] .t.t.s.TourGuideClientRewardsServiceImpl : Service - Distance calculated: 5254.405835694223
2021-11-27 20:34:21.158  INFO 530588 --- [onPool-worker-5] .t.t.s.TourGuideClientRewardsServiceImpl : Service - Distance calculated: 4617.671189177434
2021-11-27 20:34:21.158  INFO 530588 --- [onPool-worker-1] .t.t.s.TourGuideClientRewardsServiceImpl : Service - Distance calculated: 10738.789658808786
2021-11-27 20:34:21.158  INFO 530588 --- [onPool-worker-5] .t.t.s.TourGuideClientRewardsServiceImpl : Service - Distance calculated: 4715.86151353879
2021-11-27 20:34:21.158  INFO 530588 --- [onPool-worker-8] .t.t.s.TourGuideClientRewardsServiceImpl : Service - Distance calculated: 6199.795350966834
2021-11-27 20:34:21.158  INFO 530588 --- [onPool-worker-1] .t.t.s.TourGuideClientRewardsServiceImpl : Service - Distance calculated: 12030.5730401988
2021-11-27 20:34:21.158  INFO 530588 --- [onPool-worker-7] .t.t.s.TourGuideClientRewardsServiceImpl : Service - Distance calculated: 1875.181279527482
2021-11-27 20:34:21.158  INFO 530588 --- [onPool-worker-1] .t.t.s.TourGuideClientRewardsServiceImpl : Service - Distance calculated: 11165.914726590961
2021-11-27 20:34:21.158  INFO 530588 --- [nPool-worker-12] .t.t.s.TourGuideClientRewardsServiceImpl : Service - Distance calculated: 6985.444387059038
2021-11-27 20:34:21.158  INFO 530588 --- [onPool-worker-7] .t.t.s.TourGuideClientRewardsServiceImpl : Service - Distance calculated: 715.445539936235
2021-11-27 20:34:21.158  INFO 530588 --- [onPool-worker-2] .t.t.s.TourGuideClientRewardsServiceImpl : Service - Distance calculated: 7186.909799861687
2021-11-27 20:34:21.158  INFO 530588 --- [onPool-worker-7] .t.t.s.TourGuideClientRewardsServiceImpl : Service - Distance calculated: 2706.352242480966
2021-11-27 20:34:21.158  INFO 530588 --- [nPool-worker-14] .t.t.s.TourGuideClientRewardsServiceImpl : Service - Distance calculated: 6512.34534028764
2021-11-27 20:34:21.158  INFO 530588 --- [onPool-worker-2] .t.t.s.TourGuideClientRewardsServiceImpl : Service - Distance calculated: 7960.730040024797
2021-11-27 20:34:21.158  INFO 530588 --- [onPool-worker-1] .t.t.s.TourGuideClientRewardsServiceImpl : Service - Distance calculated: 11362.514648560678
2021-11-27 20:34:21.158  INFO 530588 --- [onPool-worker-2] .t.t.s.TourGuideClientRewardsServiceImpl : Service - Distance calculated: 7328.6026660132775
2021-11-27 20:34:21.158  INFO 530588 --- [onPool-worker-1] .t.t.s.TourGuideClientRewardsServiceImpl : Service - Distance calculated: 11743.869877136514
2021-11-27 20:34:21.158  INFO 530588 --- [onPool-worker-2] .t.t.s.TourGuideClientRewardsServiceImpl : Service - Distance calculated: 7240.664642982059
2021-11-27 20:34:21.158  INFO 530588 --- [onPool-worker-3] .t.t.s.TourGuideClientRewardsServiceImpl : Service - Distance calculated: 10093.154665823533
2021-11-27 20:34:21.158  INFO 530588 --- [onPool-worker-6] .t.t.s.TourGuideClientRewardsServiceImpl : Service - Distance calculated: 4201.242901170037
2021-11-27 20:34:21.158  INFO 530588 --- [nPool-worker-10] .t.t.s.TourGuideClientRewardsServiceImpl : Service - Distance calculated: 2476.4341418991316
2021-11-27 20:34:21.158  INFO 530588 --- [nPool-worker-11] .t.t.s.TourGuideClientRewardsServiceImpl : Service - Distance calculated: 4642.979104257525
2021-11-27 20:34:21.158  INFO 530588 --- [onPool-worker-9] .t.t.s.TourGuideClientRewardsServiceImpl : Service - Distance calculated: 6871.421267465368
2021-11-27 20:34:21.158  INFO 530588 --- [nPool-worker-11] .t.t.s.TourGuideClientRewardsServiceImpl : Service - Distance calculated: 4865.3777963498815
2021-11-27 20:34:21.158  INFO 530588 --- [onPool-worker-5] .t.t.s.TourGuideClientRewardsServiceImpl : Service - Distance calculated: 5269.790100164253
2021-11-27 20:34:21.158  INFO 530588 --- [nPool-worker-11] .t.t.s.TourGuideClientRewardsServiceImpl : Service - Distance calculated: 4437.916349379361
2021-11-27 20:34:21.158  INFO 530588 --- [onPool-worker-8] .t.t.s.TourGuideClientRewardsServiceImpl : Service - Distance calculated: 6052.484371899392
2021-11-27 20:34:21.158  INFO 530588 --- [nPool-worker-11] .t.t.s.TourGuideClientRewardsServiceImpl : Service - Distance calculated: 5169.362961608106
2021-11-27 20:34:21.158  INFO 530588 --- [nPool-worker-12] .t.t.s.TourGuideClientRewardsServiceImpl : Service - Distance calculated: 8069.190209177715
2021-11-27 20:34:21.158  INFO 530588 --- [onPool-worker-8] .t.t.s.TourGuideClientRewardsServiceImpl : Service - Distance calculated: 6192.408428333354
2021-11-27 20:34:21.158  INFO 530588 --- [onPool-worker-4] .t.t.s.TourGuideClientRewardsServiceImpl : Service - Distance calculated: 774.5207212649109
2021-11-27 20:34:21.158  INFO 530588 --- [onPool-worker-8] .t.t.s.TourGuideClientRewardsServiceImpl : Service - Distance calculated: 6680.577184049411
2021-11-27 20:34:21.158  INFO 530588 --- [onPool-worker-7] .t.t.s.TourGuideClientRewardsServiceImpl : Service - Distance calculated: 2973.9521380581778
2021-11-27 20:34:21.158  INFO 530588 --- [onPool-worker-4] .t.t.s.TourGuideClientRewardsServiceImpl : Service - Distance calculated: 164.91310606753288
2021-11-27 20:34:21.158  INFO 530588 --- [nPool-worker-14] .t.t.s.TourGuideClientRewardsServiceImpl : Service - Distance calculated: 5885.05491810248
2021-11-27 20:34:21.158  INFO 530588 --- [onPool-worker-7] .t.t.s.TourGuideClientRewardsServiceImpl : Service - Distance calculated: 1298.5907525757768
2021-11-27 20:34:21.158  INFO 530588 --- [onPool-worker-4] .t.t.s.TourGuideClientRewardsServiceImpl : Service - Distance calculated: 115.99464245531166
2021-11-27 20:34:21.158  INFO 530588 --- [onPool-worker-1] .t.t.s.TourGuideClientRewardsServiceImpl : Service - Distance calculated: 11341.170761330373
2021-11-27 20:34:21.158  INFO 530588 --- [nPool-worker-14] .t.t.s.TourGuideClientRewardsServiceImpl : Service - Distance calculated: 4658.518248730586
2021-11-27 20:34:21.158  INFO 530588 --- [onPool-worker-2] .t.t.s.TourGuideClientRewardsServiceImpl : Service - Distance calculated: 8015.5668747437785
2021-11-27 20:34:21.158  INFO 530588 --- [onPool-worker-3] .t.t.s.TourGuideClientRewardsServiceImpl : Service - Distance calculated: 10515.857386049618
2021-11-27 20:34:21.158  INFO 530588 --- [onPool-worker-6] .t.t.s.TourGuideClientRewardsServiceImpl : Service - Distance calculated: 4011.236296178862
2021-11-27 20:34:21.158  INFO 530588 --- [nPool-worker-10] .t.t.s.TourGuideClientRewardsServiceImpl : Service - Distance calculated: 2995.8938606660126
2021-11-27 20:34:21.158  INFO 530588 --- [onPool-worker-6] .t.t.s.TourGuideClientRewardsServiceImpl : Service - Distance calculated: 4383.6535944128955
2021-11-27 20:34:21.158  INFO 530588 --- [nPool-worker-10] .t.t.s.TourGuideClientRewardsServiceImpl : Service - Distance calculated: 4224.970346920082
2021-11-27 20:34:21.158  INFO 530588 --- [onPool-worker-6] .t.t.s.TourGuideClientRewardsServiceImpl : Service - Distance calculated: 3704.5832930107263
2021-11-27 20:34:21.158  INFO 530588 --- [onPool-worker-9] .t.t.s.TourGuideClientRewardsServiceImpl : Service - Distance calculated: 6628.87523878974
2021-11-27 20:34:21.158  INFO 530588 --- [nPool-worker-10] .t.t.s.TourGuideClientRewardsServiceImpl : Service - Distance calculated: 2147.5245265382036
2021-11-27 20:34:21.158  INFO 530588 --- [onPool-worker-6] .t.t.s.TourGuideClientRewardsServiceImpl : Service - Distance calculated: 2492.2878462201993
2021-11-27 20:34:21.158  INFO 530588 --- [onPool-worker-5] .t.t.s.TourGuideClientRewardsServiceImpl : Service - Distance calculated: 4116.433339388942
2021-11-27 20:34:21.158  INFO 530588 --- [onPool-worker-6] .t.t.s.TourGuideClientRewardsServiceImpl : Service - Distance calculated: 4555.647256467116
2021-11-27 20:34:21.158  INFO 530588 --- [nPool-worker-11] .t.t.s.TourGuideClientRewardsServiceImpl : Service - Distance calculated: 6335.518864147872
2021-11-27 20:34:21.158  INFO 530588 --- [onPool-worker-6] .t.t.s.TourGuideClientRewardsServiceImpl : Service - Distance calculated: 4991.385147527075
2021-11-27 20:34:21.158  INFO 530588 --- [nPool-worker-12] .t.t.s.TourGuideClientRewardsServiceImpl : Service - Distance calculated: 6118.0244992895505
2021-11-27 20:34:21.158  INFO 530588 --- [nPool-worker-11] .t.t.s.TourGuideClientRewardsServiceImpl : Service - Distance calculated: 4348.598139921276
2021-11-27 20:34:21.158  INFO 530588 --- [onPool-worker-8] .t.t.s.TourGuideClientRewardsServiceImpl : Service - Distance calculated: 5730.272648021365
2021-11-27 20:34:21.158  INFO 530588 --- [nPool-worker-11] .t.t.s.TourGuideClientRewardsServiceImpl : Service - Distance calculated: 3819.1986596171964
2021-11-27 20:34:21.158  INFO 530588 --- [onPool-worker-7] .t.t.s.TourGuideClientRewardsServiceImpl : Service - Distance calculated: 1810.6450250554951
2021-11-27 20:34:21.158  INFO 530588 --- [nPool-worker-11] .t.t.s.TourGuideClientRewardsServiceImpl : Service - Distance calculated: 5746.109264995629
2021-11-27 20:34:21.158  INFO 530588 --- [onPool-worker-4] .t.t.s.TourGuideClientRewardsServiceImpl : Service - Distance calculated: 1428.8577204882306
2021-11-27 20:34:21.158  INFO 530588 --- [onPool-worker-7] .t.t.s.TourGuideClientRewardsServiceImpl : Service - Distance calculated: 2858.8939501598575
2021-11-27 20:34:21.158  INFO 530588 --- [nPool-worker-14] .t.t.s.TourGuideClientRewardsServiceImpl : Service - Distance calculated: 6738.571245056033
2021-11-27 20:34:21.158  INFO 530588 --- [onPool-worker-1] .t.t.s.TourGuideClientRewardsServiceImpl : Service - Distance calculated: 11991.941395787997
2021-11-27 20:34:21.158  INFO 530588 --- [onPool-worker-2] .t.t.s.TourGuideClientRewardsServiceImpl : Service - Distance calculated: 7922.131158502924
2021-11-27 20:34:21.159  INFO 530588 --- [onPool-worker-4] .t.t.s.TourGuideClientRewardsServiceImpl : Service - Distance calculated: 1418.571827418631
2021-11-27 20:34:21.159  INFO 530588 --- [onPool-worker-7] .t.t.s.TourGuideClientRewardsServiceImpl : Service - Distance calculated: 2742.2480682994537
2021-11-27 20:34:21.159  INFO 530588 --- [onPool-worker-1] .t.t.s.TourGuideClientRewardsServiceImpl : Service - Distance calculated: 3779.292646831695
2021-11-27 20:34:21.159  INFO 530588 --- [onPool-worker-2] .t.t.s.TourGuideClientRewardsServiceImpl : Service - Distance calculated: 7258.85383539403
2021-11-27 20:34:21.159  INFO 530588 --- [onPool-worker-7] .t.t.s.TourGuideClientRewardsServiceImpl : Service - Distance calculated: 1774.211365304912
2021-11-27 20:34:21.159  INFO 530588 --- [onPool-worker-1] .t.t.s.TourGuideClientRewardsServiceImpl : Service - Distance calculated: 3827.8193308410678
2021-11-27 20:34:21.158  INFO 530588 --- [onPool-worker-3] .t.t.s.TourGuideClientRewardsServiceImpl : Service - Distance calculated: 10708.986339177685
2021-11-27 20:34:21.158  INFO 530588 --- [nPool-worker-10] .t.t.s.TourGuideClientRewardsServiceImpl : Service - Distance calculated: 2286.54897005167
2021-11-27 20:34:21.158  INFO 530588 --- [onPool-worker-9] .t.t.s.TourGuideClientRewardsServiceImpl : Service - Distance calculated: 6481.274774755813
2021-11-27 20:34:21.158  INFO 530588 --- [onPool-worker-5] .t.t.s.TourGuideClientRewardsServiceImpl : Service - Distance calculated: 4329.66296297562
2021-11-27 20:34:21.158  INFO 530588 --- [onPool-worker-6] .t.t.s.TourGuideClientRewardsServiceImpl : Service - Distance calculated: 3106.6500873409714
2021-11-27 20:34:21.158  INFO 530588 --- [nPool-worker-12] .t.t.s.TourGuideClientRewardsServiceImpl : Service - Distance calculated: 6943.081721590286
2021-11-27 20:34:21.158  INFO 530588 --- [onPool-worker-8] .t.t.s.TourGuideClientRewardsServiceImpl : Service - Distance calculated: 6058.300226489326
2021-11-27 20:34:21.158  INFO 530588 --- [nPool-worker-11] .t.t.s.TourGuideClientRewardsServiceImpl : Service - Distance calculated: 5016.550722771912
2021-11-27 20:34:21.159  INFO 530588 --- [nPool-worker-14] .t.t.s.TourGuideClientRewardsServiceImpl : Service - Distance calculated: 7011.480314271254
2021-11-27 20:34:21.159  INFO 530588 --- [onPool-worker-4] .t.t.s.TourGuideClientRewardsServiceImpl : Service - Distance calculated: 460.11990361699293
2021-11-27 20:34:21.159  INFO 530588 --- [onPool-worker-5] .t.t.s.TourGuideClientRewardsServiceImpl : Service - Distance calculated: 3738.9871623782337
2021-11-27 20:34:21.159  INFO 530588 --- [onPool-worker-2] .t.t.s.TourGuideClientRewardsServiceImpl : Service - Distance calculated: 8563.244977888951
2021-11-27 20:34:21.159  INFO 530588 --- [onPool-worker-5] .t.t.s.TourGuideClientRewardsServiceImpl : Service - Distance calculated: 3844.832349535218
2021-11-27 20:34:21.159  INFO 530588 --- [onPool-worker-7] .t.t.s.TourGuideClientRewardsServiceImpl : Service - Distance calculated: 1431.1162667125056
2021-11-27 20:34:21.159  INFO 530588 --- [onPool-worker-5] .t.t.s.TourGuideClientRewardsServiceImpl : Service - Distance calculated: 4041.537090794129
2021-11-27 20:34:21.159  INFO 530588 --- [onPool-worker-1] .t.t.s.TourGuideClientRewardsServiceImpl : Service - Distance calculated: 3702.2619982916644
2021-11-27 20:34:21.159  INFO 530588 --- [onPool-worker-7] .t.t.s.TourGuideClientRewardsServiceImpl : Service - Distance calculated: 1625.1230460329562
2021-11-27 20:34:21.159  INFO 530588 --- [onPool-worker-1] .t.t.s.TourGuideClientRewardsServiceImpl : Service - Distance calculated: 3678.9515746367883
2021-11-27 20:34:21.159  INFO 530588 --- [onPool-worker-7] .t.t.s.TourGuideClientRewardsServiceImpl : Service - Distance calculated: 1659.237951468037
2021-11-27 20:34:21.159  INFO 530588 --- [onPool-worker-1] .t.t.s.TourGuideClientRewardsServiceImpl : Service - Distance calculated: 2796.5710429950577
2021-11-27 20:34:21.159  INFO 530588 --- [onPool-worker-7] .t.t.s.TourGuideClientRewardsServiceImpl : Service - Distance calculated: 355.07380511708027
2021-11-27 20:34:21.159  INFO 530588 --- [onPool-worker-1] .t.t.s.TourGuideClientRewardsServiceImpl : Service - Distance calculated: 2723.0023482641905
2021-11-27 20:34:21.159  INFO 530588 --- [onPool-worker-7] .t.t.s.TourGuideClientRewardsServiceImpl : Service - Distance calculated: 356.9583886602901
2021-11-27 20:34:21.159  INFO 530588 --- [onPool-worker-1] .t.t.s.TourGuideClientRewardsServiceImpl : Service - Distance calculated: 3329.903316071567
2021-11-27 20:34:21.159  INFO 530588 --- [onPool-worker-3] .t.t.s.TourGuideClientRewardsServiceImpl : Service - Distance calculated: 10122.636075320614
2021-11-27 20:34:21.159  INFO 530588 --- [nPool-worker-10] .t.t.s.TourGuideClientRewardsServiceImpl : Service - Distance calculated: 3596.6675869497353
2021-11-27 20:34:21.160  INFO 530588 --- [onPool-worker-1] .t.t.s.TourGuideClientRewardsServiceImpl : Service - Distance calculated: 2796.100124228592
2021-11-27 20:34:21.160  INFO 530588 --- [onPool-worker-3] .t.t.s.TourGuideClientRewardsServiceImpl : Service - Distance calculated: 9698.30006394611
2021-11-27 20:34:21.161  INFO 530588 --- [nPool-worker-10] .t.t.s.TourGuideClientRewardsServiceImpl : Service - Distance calculated: 3088.1446067087754
2021-11-27 20:34:21.159  INFO 530588 --- [nPool-worker-11] .t.t.s.TourGuideClientRewardsServiceImpl : Service - Distance calculated: 3936.8095737748354
2021-11-27 20:34:21.161  INFO 530588 --- [nPool-worker-11] .t.t.s.TourGuideClientRewardsServiceImpl : Service - Distance calculated: 4294.143882178591
2021-11-27 20:34:21.161  INFO 530588 --- [nPool-worker-11] .t.t.s.TourGuideClientRewardsServiceImpl : Service - Distance calculated: 11605.735308679825
2021-11-27 20:34:21.159  INFO 530588 --- [onPool-worker-6] .t.t.s.TourGuideClientRewardsServiceImpl : Service - Distance calculated: 3792.584579253057
2021-11-27 20:34:21.161  INFO 530588 --- [onPool-worker-6] .t.t.s.TourGuideClientRewardsServiceImpl : Service - Distance calculated: 4869.842981107329
2021-11-27 20:34:21.161  INFO 530588 --- [onPool-worker-6] .t.t.s.TourGuideClientRewardsServiceImpl : Service - Distance calculated: 4603.027513936398
2021-11-27 20:34:21.159  INFO 530588 --- [onPool-worker-4] .t.t.s.TourGuideClientRewardsServiceImpl : Service - Distance calculated: 1992.7911930022951
2021-11-27 20:34:21.161  INFO 530588 --- [onPool-worker-4] .t.t.s.TourGuideClientRewardsServiceImpl : Service - Distance calculated: 1906.7972782801585
2021-11-27 20:34:21.161  INFO 530588 --- [onPool-worker-4] .t.t.s.TourGuideClientRewardsServiceImpl : Service - Distance calculated: 2360.645624935619
2021-11-27 20:34:21.161  INFO 530588 --- [onPool-worker-4] .t.t.s.TourGuideClientRewardsServiceImpl : Service - Distance calculated: 2434.494471527265
2021-11-27 20:34:21.161  INFO 530588 --- [onPool-worker-4] .t.t.s.TourGuideClientRewardsServiceImpl : Service - Distance calculated: 2148.3967563579567
2021-11-27 20:34:21.161  INFO 530588 --- [onPool-worker-4] .t.t.s.TourGuideClientRewardsServiceImpl : Service - Distance calculated: 2282.746325565392
2021-11-27 20:34:21.161  INFO 530588 --- [onPool-worker-4] .t.t.s.TourGuideClientRewardsServiceImpl : Service - Distance calculated: 2289.4339721013357
2021-11-27 20:34:21.161  INFO 530588 --- [onPool-worker-4] .t.t.s.TourGuideClientRewardsServiceImpl : Service - Distance calculated: 1204.372289719331
2021-11-27 20:34:21.159  INFO 530588 --- [onPool-worker-9] .t.t.s.TourGuideClientRewardsServiceImpl : Service - Distance calculated: 9545.20254636114
2021-11-27 20:34:21.159  INFO 530588 --- [onPool-worker-8] .t.t.s.TourGuideClientRewardsServiceImpl : Service - Distance calculated: 6027.003400825231
2021-11-27 20:34:21.161  INFO 530588 --- [nPool-worker-10] .t.t.s.TourGuideClientRewardsServiceImpl : Service - Distance calculated: 2290.415258341454
2021-11-27 20:34:21.161  INFO 530588 --- [onPool-worker-9] .t.t.s.TourGuideClientRewardsServiceImpl : Service - Distance calculated: 6540.602175331391
2021-11-27 20:34:21.161  INFO 530588 --- [nPool-worker-10] .t.t.s.TourGuideClientRewardsServiceImpl : Service - Distance calculated: 2109.2114044573677
2021-11-27 20:34:21.161  INFO 530588 --- [nPool-worker-10] .t.t.s.TourGuideClientRewardsServiceImpl : Service - Distance calculated: 3631.9121519858754
2021-11-27 20:34:21.161  INFO 530588 --- [nPool-worker-10] .t.t.s.TourGuideClientRewardsServiceImpl : Service - Distance calculated: 3111.8423533965984
2021-11-27 20:34:21.161  INFO 530588 --- [nPool-worker-10] .t.t.s.TourGuideClientRewardsServiceImpl : Service - Distance calculated: 3473.6827849028564
2021-11-27 20:34:21.161  INFO 530588 --- [nPool-worker-10] .t.t.s.TourGuideClientRewardsServiceImpl : Service - Distance calculated: 3520.2237944438302
2021-11-27 20:34:21.161  INFO 530588 --- [nPool-worker-10] .t.t.s.TourGuideClientRewardsServiceImpl : Service - Distance calculated: 2211.232076119054
2021-11-27 20:34:21.161  INFO 530588 --- [nPool-worker-10] .t.t.s.TourGuideClientRewardsServiceImpl : Service - Distance calculated: 2240.214695518563
2021-11-27 20:34:21.159  INFO 530588 --- [nPool-worker-14] .t.t.s.TourGuideClientRewardsServiceImpl : Service - Distance calculated: 5283.401620162879
2021-11-27 20:34:21.161  INFO 530588 --- [nPool-worker-14] .t.t.s.TourGuideClientRewardsServiceImpl : Service - Distance calculated: 5900.619589918693
2021-11-27 20:34:21.159  INFO 530588 --- [nPool-worker-12] .t.t.s.TourGuideClientRewardsServiceImpl : Service - Distance calculated: 7894.431405562128
2021-11-27 20:34:21.159  INFO 530588 --- [onPool-worker-2] .t.t.s.TourGuideClientRewardsServiceImpl : Service - Distance calculated: 8353.868187971115
2021-11-27 20:34:21.161  INFO 530588 --- [nPool-worker-12] .t.t.s.TourGuideClientRewardsServiceImpl : Service - Distance calculated: 7045.280382209677
2021-11-27 20:34:21.159  INFO 530588 --- [onPool-worker-5] .t.t.s.TourGuideClientRewardsServiceImpl : Service - Distance calculated: 4036.08107051356
2021-11-27 20:34:21.161  INFO 530588 --- [nPool-worker-12] .t.t.s.TourGuideClientRewardsServiceImpl : Service - Distance calculated: 4871.298882087769
2021-11-27 20:34:21.161  INFO 530588 --- [nPool-worker-12] .t.t.s.TourGuideClientRewardsServiceImpl : Service - Distance calculated: 4431.5812714187905
2021-11-27 20:34:21.160  INFO 530588 --- [onPool-worker-7] .t.t.s.TourGuideClientRewardsServiceImpl : Service - Distance calculated: 1371.5607152009568
2021-11-27 20:34:21.161  INFO 530588 --- [onPool-worker-7] .t.t.s.TourGuideClientRewardsServiceImpl : Service - Distance calculated: 451.8806303543047
2021-11-27 20:34:21.161  INFO 530588 --- [onPool-worker-7] .t.t.s.TourGuideClientRewardsServiceImpl : Service - Distance calculated: 242.10159345674063
2021-11-27 20:34:21.161  INFO 530588 --- [onPool-worker-7] .t.t.s.TourGuideClientRewardsServiceImpl : Service - Distance calculated: 3283.9294317264234
2021-11-27 20:34:21.161  INFO 530588 --- [onPool-worker-7] .t.t.s.TourGuideClientRewardsServiceImpl : Service - Distance calculated: 824.319207689516
2021-11-27 20:34:21.161  INFO 530588 --- [onPool-worker-7] .t.t.s.TourGuideClientRewardsServiceImpl : Service - Distance calculated: 553.3094488750728
2021-11-27 20:34:21.161  INFO 530588 --- [onPool-worker-5] .t.t.s.TourGuideClientRewardsServiceImpl : Service - Distance calculated: 4850.968755868905
2021-11-27 20:34:21.161  INFO 530588 --- [onPool-worker-1] .t.t.s.TourGuideClientRewardsServiceImpl : Service - Distance calculated: 2642.5384261957315
2021-11-27 20:34:21.161  INFO 530588 --- [onPool-worker-3] .t.t.s.TourGuideClientRewardsServiceImpl : Service - Distance calculated: 4343.679579445962
2021-11-27 20:34:21.161  INFO 530588 --- [nPool-worker-11] .t.t.s.TourGuideClientRewardsServiceImpl : Service - Distance calculated: 10831.587784874791
2021-11-27 20:34:21.161  INFO 530588 --- [onPool-worker-6] .t.t.s.TourGuideClientRewardsServiceImpl : Service - Distance calculated: 9703.01375742465
2021-11-27 20:34:21.161  INFO 530588 --- [nPool-worker-11] .t.t.s.TourGuideClientRewardsServiceImpl : Service - Distance calculated: 11460.336412129476
2021-11-27 20:34:21.161  INFO 530588 --- [onPool-worker-4] .t.t.s.TourGuideClientRewardsServiceImpl : Service - Distance calculated: 1742.5694022642394
2021-11-27 20:34:21.161  INFO 530588 --- [onPool-worker-6] .t.t.s.TourGuideClientRewardsServiceImpl : Service - Distance calculated: 8928.605290520767
2021-11-27 20:34:21.161  INFO 530588 --- [onPool-worker-8] .t.t.s.TourGuideClientRewardsServiceImpl : Service - Distance calculated: 6077.740996545923
2021-11-27 20:34:21.161  INFO 530588 --- [onPool-worker-4] .t.t.s.TourGuideClientRewardsServiceImpl : Service - Distance calculated: 1576.7472428725728
2021-11-27 20:34:21.161  INFO 530588 --- [onPool-worker-9] .t.t.s.TourGuideClientRewardsServiceImpl : Service - Distance calculated: 6573.314747119265
2021-11-27 20:34:21.161  INFO 530588 --- [onPool-worker-8] .t.t.s.TourGuideClientRewardsServiceImpl : Service - Distance calculated: 5781.689676388978
2021-11-27 20:34:21.161  INFO 530588 --- [nPool-worker-10] .t.t.s.TourGuideClientRewardsServiceImpl : Service - Distance calculated: 3254.9685117804283
2021-11-27 20:34:21.161  INFO 530588 --- [onPool-worker-8] .t.t.s.TourGuideClientRewardsServiceImpl : Service - Distance calculated: 4684.891311204066
2021-11-27 20:34:21.161  INFO 530588 --- [nPool-worker-14] .t.t.s.TourGuideClientRewardsServiceImpl : Service - Distance calculated: 6919.350338728906
2021-11-27 20:34:21.161  INFO 530588 --- [nPool-worker-10] .t.t.s.TourGuideClientRewardsServiceImpl : Service - Distance calculated: 1650.318377227443
2021-11-27 20:34:21.161  INFO 530588 --- [nPool-worker-10] .t.t.s.TourGuideClientRewardsServiceImpl : Service - Distance calculated: 1726.4022700936082
2021-11-27 20:34:21.161  INFO 530588 --- [onPool-worker-2] .t.t.s.TourGuideClientRewardsServiceImpl : Service - Distance calculated: 8455.955691619174
2021-11-27 20:34:21.161  INFO 530588 --- [nPool-worker-10] .t.t.s.TourGuideClientRewardsServiceImpl : Service - Distance calculated: 4435.253182488269
2021-11-27 20:34:21.161  INFO 530588 --- [nPool-worker-12] .t.t.s.TourGuideClientRewardsServiceImpl : Service - Distance calculated: 4849.072700623737
2021-11-27 20:34:21.161  INFO 530588 --- [nPool-worker-10] .t.t.s.TourGuideClientRewardsServiceImpl : Service - Distance calculated: 1232.1659077491238
2021-11-27 20:34:21.161  INFO 530588 --- [onPool-worker-7] .t.t.s.TourGuideClientRewardsServiceImpl : Service - Distance calculated: 623.5893103507254
2021-11-27 20:34:21.161  INFO 530588 --- [nPool-worker-10] .t.t.s.TourGuideClientRewardsServiceImpl : Service - Distance calculated: 1496.3471835689577
2021-11-27 20:34:21.161  INFO 530588 --- [onPool-worker-5] .t.t.s.TourGuideClientRewardsServiceImpl : Service - Distance calculated: 5094.963908600125
2021-11-27 20:34:21.161  INFO 530588 --- [nPool-worker-10] .t.t.s.TourGuideClientRewardsServiceImpl : Service - Distance calculated: 1354.5657682140597
2021-11-27 20:34:21.161  INFO 530588 --- [ol-244-thread-1] .t.t.s.TourGuideClientRewardsServiceImpl : Service - Reward added for user: internalUser77
2021-11-27 20:34:21.161  INFO 530588 --- [onPool-worker-1] .t.t.s.TourGuideClientRewardsServiceImpl : Service - Distance calculated: 5792.875918628231
2021-11-27 20:34:21.161  INFO 530588 --- [onPool-worker-3] .t.t.s.TourGuideClientRewardsServiceImpl : Service - Distance calculated: 5027.86736810135
2021-11-27 20:34:21.162  INFO 530588 --- [onPool-worker-1] .t.t.s.TourGuideClientRewardsServiceImpl : Service - Distance calculated: 2767.664047701693
2021-11-27 20:34:21.162  INFO 530588 --- [onPool-worker-3] .t.t.s.TourGuideClientRewardsServiceImpl : Service - Distance calculated: 4508.574167384917
2021-11-27 20:34:21.162  INFO 530588 --- [onPool-worker-1] .t.t.s.TourGuideClientRewardsServiceImpl : Service - Distance calculated: 2753.497455829849
2021-11-27 20:34:21.162  INFO 530588 --- [onPool-worker-3] .t.t.s.TourGuideClientRewardsServiceImpl : Service - Distance calculated: 4443.616216770804
2021-11-27 20:34:21.161  INFO 530588 --- [nPool-worker-11] .t.t.s.TourGuideClientRewardsServiceImpl : Service - Distance calculated: 11545.910990154229
2021-11-27 20:34:21.162  INFO 530588 --- [onPool-worker-3] .t.t.s.TourGuideClientRewardsServiceImpl : Service - Distance calculated: 5694.677173132853
2021-11-27 20:34:21.161  INFO 530588 --- [onPool-worker-6] .t.t.s.TourGuideClientRewardsServiceImpl : Service - Distance calculated: 9558.292887193908
2021-11-27 20:34:21.162  INFO 530588 --- [nPool-worker-11] .t.t.s.TourGuideClientRewardsServiceImpl : Service - Distance calculated: 10390.98751146878
2021-11-27 20:34:21.161  INFO 530588 --- [onPool-worker-4] .t.t.s.TourGuideClientRewardsServiceImpl : Service - Distance calculated: 1921.4807999190489
2021-11-27 20:34:21.162  INFO 530588 --- [nPool-worker-11] .t.t.s.TourGuideClientRewardsServiceImpl : Service - Distance calculated: 10435.518352978184
2021-11-27 20:34:21.162  INFO 530588 --- [onPool-worker-6] .t.t.s.TourGuideClientRewardsServiceImpl : Service - Distance calculated: 9645.093986351565
2021-11-27 20:34:21.162  INFO 530588 --- [nPool-worker-11] .t.t.s.TourGuideClientRewardsServiceImpl : Service - Distance calculated: 11421.61762585041
2021-11-27 20:34:21.162  INFO 530588 --- [onPool-worker-6] .t.t.s.TourGuideClientRewardsServiceImpl : Service - Distance calculated: 8658.226613984549
2021-11-27 20:34:21.162  INFO 530588 --- [nPool-worker-11] .t.t.s.TourGuideClientRewardsServiceImpl : Service - Distance calculated: 9774.648770975147
2021-11-27 20:34:21.162  INFO 530588 --- [onPool-worker-6] .t.t.s.TourGuideClientRewardsServiceImpl : Service - Distance calculated: 8729.75514506663
2021-11-27 20:34:21.162  INFO 530588 --- [nPool-worker-11] .t.t.s.TourGuideClientRewardsServiceImpl : Service - Distance calculated: 9905.333759189603
2021-11-27 20:34:21.162  INFO 530588 --- [onPool-worker-6] .t.t.s.TourGuideClientRewardsServiceImpl : Service - Distance calculated: 9584.135970800287
2021-11-27 20:34:21.162  INFO 530588 --- [nPool-worker-11] .t.t.s.TourGuideClientRewardsServiceImpl : Service - Distance calculated: 9496.970093565655
2021-11-27 20:34:21.162  INFO 530588 --- [onPool-worker-6] .t.t.s.TourGuideClientRewardsServiceImpl : Service - Distance calculated: 8036.494872001417
2021-11-27 20:34:21.162  INFO 530588 --- [nPool-worker-11] .t.t.s.TourGuideClientRewardsServiceImpl : Service - Distance calculated: 9329.33002750335
2021-11-27 20:34:21.162  INFO 530588 --- [onPool-worker-6] .t.t.s.TourGuideClientRewardsServiceImpl : Service - Distance calculated: 8208.530093536583
2021-11-27 20:34:21.162  INFO 530588 --- [nPool-worker-11] .t.t.s.TourGuideClientRewardsServiceImpl : Service - Distance calculated: 9623.241114204195
2021-11-27 20:34:21.162  INFO 530588 --- [onPool-worker-6] .t.t.s.TourGuideClientRewardsServiceImpl : Service - Distance calculated: 7950.828440292907
2021-11-27 20:34:21.162  INFO 530588 --- [nPool-worker-11] .t.t.s.TourGuideClientRewardsServiceImpl : Service - Distance calculated: 9505.616849997821
2021-11-27 20:34:21.162  INFO 530588 --- [onPool-worker-6] .t.t.s.TourGuideClientRewardsServiceImpl : Service - Distance calculated: 7612.8506023708305
2021-11-27 20:34:21.162  INFO 530588 --- [nPool-worker-11] .t.t.s.TourGuideClientRewardsServiceImpl : Service - Distance calculated: 9719.662435870063
2021-11-27 20:34:21.162  INFO 530588 --- [onPool-worker-6] .t.t.s.TourGuideClientRewardsServiceImpl : Service - Distance calculated: 7899.394952419
2021-11-27 20:34:21.162  INFO 530588 --- [nPool-worker-11] .t.t.s.TourGuideClientRewardsServiceImpl : Service - Distance calculated: 10771.103854205601
2021-11-27 20:34:21.162  INFO 530588 --- [onPool-worker-6] .t.t.s.TourGuideClientRewardsServiceImpl : Service - Distance calculated: 7809.9547509261065
2021-11-27 20:34:21.162  INFO 530588 --- [nPool-worker-11] .t.t.s.TourGuideClientRewardsServiceImpl : Service - Distance calculated: 10146.85515079088
2021-11-27 20:34:21.162  INFO 530588 --- [onPool-worker-6] .t.t.s.TourGuideClientRewardsServiceImpl : Service - Distance calculated: 8292.357074273401
2021-11-27 20:34:21.162  INFO 530588 --- [nPool-worker-11] .t.t.s.TourGuideClientRewardsServiceImpl : Service - Distance calculated: 10384.633701740791
2021-11-27 20:34:21.162  INFO 530588 --- [onPool-worker-6] .t.t.s.TourGuideClientRewardsServiceImpl : Service - Distance calculated: 9122.648957113717
2021-11-27 20:34:21.162  INFO 530588 --- [nPool-worker-11] .t.t.s.TourGuideClientRewardsServiceImpl : Service - Distance calculated: 9912.421084867758
2021-11-27 20:34:21.162  INFO 530588 --- [onPool-worker-6] .t.t.s.TourGuideClientRewardsServiceImpl : Service - Distance calculated: 8511.67034153843
2021-11-27 20:34:21.162  INFO 530588 --- [nPool-worker-11] .t.t.s.TourGuideClientRewardsServiceImpl : Service - Distance calculated: 10685.372702367049
2021-11-27 20:34:21.162  INFO 530588 --- [onPool-worker-6] .t.t.s.TourGuideClientRewardsServiceImpl : Service - Distance calculated: 8792.978598400978
2021-11-27 20:34:21.162  INFO 530588 --- [nPool-worker-11] .t.t.s.TourGuideClientRewardsServiceImpl : Service - Distance calculated: 11651.101818285348
2021-11-27 20:34:21.162  INFO 530588 --- [onPool-worker-6] .t.t.s.TourGuideClientRewardsServiceImpl : Service - Distance calculated: 8239.80502164379
2021-11-27 20:34:21.162  INFO 530588 --- [nPool-worker-11] .t.t.s.TourGuideClientRewardsServiceImpl : Service - Distance calculated: 9867.36797441941
2021-11-27 20:34:21.162  INFO 530588 --- [onPool-worker-6] .t.t.s.TourGuideClientRewardsServiceImpl : Service - Distance calculated: 9042.361529084003
2021-11-27 20:34:21.162  INFO 530588 --- [nPool-worker-11] .t.t.s.TourGuideClientRewardsServiceImpl : Service - Distance calculated: 9166.405353657283
2021-11-27 20:34:21.162  INFO 530588 --- [onPool-worker-6] .t.t.s.TourGuideClientRewardsServiceImpl : Service - Distance calculated: 9749.094107651794
2021-11-27 20:34:21.162  INFO 530588 --- [nPool-worker-11] .t.t.s.TourGuideClientRewardsServiceImpl : Service - Distance calculated: 11226.506573066483
2021-11-27 20:34:21.162  INFO 530588 --- [onPool-worker-6] .t.t.s.TourGuideClientRewardsServiceImpl : Service - Distance calculated: 8397.867187711487
2021-11-27 20:34:21.162  INFO 530588 --- [nPool-worker-11] .t.t.s.TourGuideClientRewardsServiceImpl : Service - Distance calculated: 10405.397901939039
2021-11-27 20:34:21.162  INFO 530588 --- [onPool-worker-6] .t.t.s.TourGuideClientRewardsServiceImpl : Service - Distance calculated: 7433.75625217259
2021-11-27 20:34:21.162  INFO 530588 --- [nPool-worker-11] .t.t.s.TourGuideClientRewardsServiceImpl : Service - Distance calculated: 9322.224217434312
2021-11-27 20:34:21.162  INFO 530588 --- [onPool-worker-6] .t.t.s.TourGuideClientRewardsServiceImpl : Service - Distance calculated: 9439.017429508573
2021-11-27 20:34:21.162  INFO 530588 --- [nPool-worker-11] .t.t.s.TourGuideClientRewardsServiceImpl : Service - Distance calculated: 9814.078436736267
2021-11-27 20:34:21.162  INFO 530588 --- [onPool-worker-6] .t.t.s.TourGuideClientRewardsServiceImpl : Service - Distance calculated: 8609.012520561642
2021-11-27 20:34:21.162  INFO 530588 --- [onPool-worker-6] .t.t.s.TourGuideClientRewardsServiceImpl : Service - Distance calculated: 7604.27750427293
2021-11-27 20:34:21.162  INFO 530588 --- [nPool-worker-11] .t.t.s.TourGuideClientRewardsServiceImpl : Service - Distance calculated: 5.8950310023474215E-5
2021-11-27 20:34:21.162  INFO 530588 --- [onPool-worker-6] .t.t.s.TourGuideClientRewardsServiceImpl : Service - Distance calculated: 8337.203945842348
2021-11-27 20:34:21.162  INFO 530588 --- [onPool-worker-6] .t.t.s.TourGuideClientRewardsServiceImpl : Service - Distance calculated: 5.8950310023474215E-5
2021-11-27 20:34:21.161  INFO 530588 --- [onPool-worker-9] .t.t.s.TourGuideClientRewardsServiceImpl : Service - Distance calculated: 6465.493333198956
2021-11-27 20:34:21.161  INFO 530588 --- [onPool-worker-8] .t.t.s.TourGuideClientRewardsServiceImpl : Service - Distance calculated: 6524.397386911568
2021-11-27 20:34:21.162  INFO 530588 --- [onPool-worker-9] .t.t.s.TourGuideClientRewardsServiceImpl : Service - Distance calculated: 5738.145673510145
2021-11-27 20:34:21.162  INFO 530588 --- [onPool-worker-9] .t.t.s.TourGuideClientRewardsServiceImpl : Service - Distance calculated: 6389.910846021199
2021-11-27 20:34:21.162  INFO 530588 --- [onPool-worker-8] .t.t.s.TourGuideClientRewardsServiceImpl : Service - Distance calculated: 6209.375590528577
2021-11-27 20:34:21.162  INFO 530588 --- [onPool-worker-9] .t.t.s.TourGuideClientRewardsServiceImpl : Service - Distance calculated: 6307.1634501831995
2021-11-27 20:34:21.162  INFO 530588 --- [onPool-worker-8] .t.t.s.TourGuideClientRewardsServiceImpl : Service - Distance calculated: 5252.174083556892
2021-11-27 20:34:21.162  INFO 530588 --- [onPool-worker-9] .t.t.s.TourGuideClientRewardsServiceImpl : Service - Distance calculated: 6220.094215322719
2021-11-27 20:34:21.162  INFO 530588 --- [onPool-worker-8] .t.t.s.TourGuideClientRewardsServiceImpl : Service - Distance calculated: 5502.67009461088
2021-11-27 20:34:21.162  INFO 530588 --- [onPool-worker-9] .t.t.s.TourGuideClientRewardsServiceImpl : Service - Distance calculated: 6402.740115855439
2021-11-27 20:34:21.162  INFO 530588 --- [onPool-worker-9] .t.t.s.TourGuideClientRewardsServiceImpl : Service - Distance calculated: 6370.394077466708
2021-11-27 20:34:21.162  INFO 530588 --- [onPool-worker-9] .t.t.s.TourGuideClientRewardsServiceImpl : Service - Distance calculated: 7153.490557351092
2021-11-27 20:34:21.162  INFO 530588 --- [onPool-worker-9] .t.t.s.TourGuideClientRewardsServiceImpl : Service - Distance calculated: 5860.8545597262355
2021-11-27 20:34:21.162  INFO 530588 --- [onPool-worker-9] .t.t.s.TourGuideClientRewardsServiceImpl : Service - Distance calculated: 6605.151138263946
2021-11-27 20:34:21.162  INFO 530588 --- [onPool-worker-9] .t.t.s.TourGuideClientRewardsServiceImpl : Service - Distance calculated: 6741.109553547589
2021-11-27 20:34:21.162  INFO 530588 --- [onPool-worker-9] .t.t.s.TourGuideClientRewardsServiceImpl : Service - Distance calculated: 6835.912830156789
2021-11-27 20:34:21.162  INFO 530588 --- [onPool-worker-9] .t.t.s.TourGuideClientRewardsServiceImpl : Service - Distance calculated: 6546.331779452747
2021-11-27 20:34:21.162  INFO 530588 --- [onPool-worker-9] .t.t.s.TourGuideClientRewardsServiceImpl : Service - Distance calculated: 5868.014154414388
2021-11-27 20:34:21.162  INFO 530588 --- [onPool-worker-9] .t.t.s.TourGuideClientRewardsServiceImpl : Service - Distance calculated: 3095.225521183439
2021-11-27 20:34:21.162  INFO 530588 --- [onPool-worker-9] .t.t.s.TourGuideClientRewardsServiceImpl : Service - Distance calculated: 3868.663885419845
2021-11-27 20:34:21.162  INFO 530588 --- [onPool-worker-9] .t.t.s.TourGuideClientRewardsServiceImpl : Service - Distance calculated: 3245.3273017073066
2021-11-27 20:34:21.161  INFO 530588 --- [nPool-worker-14] .t.t.s.TourGuideClientRewardsServiceImpl : Service - Distance calculated: 6783.185032748237
2021-11-27 20:34:21.163  INFO 530588 --- [onPool-worker-9] .t.t.s.TourGuideClientRewardsServiceImpl : Service - Distance calculated: 3160.3374828812985
2021-11-27 20:34:21.163  INFO 530588 --- [nPool-worker-14] .t.t.s.TourGuideClientRewardsServiceImpl : Service - Distance calculated: 4855.413717221308
2021-11-27 20:34:21.163  INFO 530588 --- [onPool-worker-9] .t.t.s.TourGuideClientRewardsServiceImpl : Service - Distance calculated: 4184.754701456052
2021-11-27 20:34:21.163  INFO 530588 --- [onPool-worker-6] .t.t.s.TourGuideClientRewardsServiceImpl : Service - Distance calculated: 774.5207212649109
2021-11-27 20:34:21.163  INFO 530588 --- [onPool-worker-9] .t.t.s.TourGuideClientRewardsServiceImpl : Service - Distance calculated: 4114.831232613447
2021-11-27 20:34:21.163  INFO 530588 --- [onPool-worker-6] .t.t.s.TourGuideClientRewardsServiceImpl : Service - Distance calculated: 164.91310606753288
2021-11-27 20:34:21.163  INFO 530588 --- [onPool-worker-9] .t.t.s.TourGuideClientRewardsServiceImpl : Service - Distance calculated: 3242.091891446052
2021-11-27 20:34:21.163  INFO 530588 --- [onPool-worker-6] .t.t.s.TourGuideClientRewardsServiceImpl : Service - Distance calculated: 115.99464245531166
2021-11-27 20:34:21.163  INFO 530588 --- [onPool-worker-6] .t.t.s.TourGuideClientRewardsServiceImpl : Service - Distance calculated: 1428.8577204882306
2021-11-27 20:34:21.163  INFO 530588 --- [onPool-worker-6] .t.t.s.TourGuideClientRewardsServiceImpl : Service - Distance calculated: 1418.571827418631
2021-11-27 20:34:21.163  INFO 530588 --- [onPool-worker-6] .t.t.s.TourGuideClientRewardsServiceImpl : Service - Distance calculated: 460.11990361699293
2021-11-27 20:34:21.163  INFO 530588 --- [onPool-worker-6] .t.t.s.TourGuideClientRewardsServiceImpl : Service - Distance calculated: 1992.7911930022951
2021-11-27 20:34:21.163  INFO 530588 --- [onPool-worker-6] .t.t.s.TourGuideClientRewardsServiceImpl : Service - Distance calculated: 1906.7972782801585
2021-11-27 20:34:21.163  INFO 530588 --- [onPool-worker-6] .t.t.s.TourGuideClientRewardsServiceImpl : Service - Distance calculated: 2360.645624935619
2021-11-27 20:34:21.163  INFO 530588 --- [onPool-worker-6] .t.t.s.TourGuideClientRewardsServiceImpl : Service - Distance calculated: 2434.494471527265
2021-11-27 20:34:21.163  INFO 530588 --- [onPool-worker-6] .t.t.s.TourGuideClientRewardsServiceImpl : Service - Distance calculated: 2148.3967563579567
2021-11-27 20:34:21.161  INFO 530588 --- [onPool-worker-2] .t.t.s.TourGuideClientRewardsServiceImpl : Service - Distance calculated: 8881.046707434693
2021-11-27 20:34:21.161  INFO 530588 --- [nPool-worker-12] .t.t.s.TourGuideClientRewardsServiceImpl : Service - Distance calculated: 4917.906459701388
2021-11-27 20:34:21.161  INFO 530588 --- [onPool-worker-7] .t.t.s.TourGuideClientRewardsServiceImpl : Service - Distance calculated: 651.273936301676
2021-11-27 20:34:21.163  INFO 530588 --- [nPool-worker-12] .t.t.s.TourGuideClientRewardsServiceImpl : Service - Distance calculated: 5269.488907406341
2021-11-27 20:34:21.162  INFO 530588 --- [onPool-worker-5] .t.t.s.TourGuideClientRewardsServiceImpl : Service - Distance calculated: 4660.185393811013
2021-11-27 20:34:21.163  INFO 530588 --- [nPool-worker-12] .t.t.s.TourGuideClientRewardsServiceImpl : Service - Distance calculated: 5360.980160974181
2021-11-27 20:34:21.163  INFO 530588 --- [onPool-worker-5] .t.t.s.TourGuideClientRewardsServiceImpl : Service - Distance calculated: 4926.689232731756
2021-11-27 20:34:21.163  INFO 530588 --- [onPool-worker-5] .t.t.s.TourGuideClientRewardsServiceImpl : Service - Distance calculated: 4397.529260252525
2021-11-27 20:34:21.163  INFO 530588 --- [onPool-worker-5] .t.t.s.TourGuideClientRewardsServiceImpl : Service - Distance calculated: 5041.139472482125
2021-11-27 20:34:21.163  INFO 530588 --- [onPool-worker-5] .t.t.s.TourGuideClientRewardsServiceImpl : Service - Distance calculated: 5337.354088174028
2021-11-27 20:34:21.163  INFO 530588 --- [onPool-worker-5] .t.t.s.TourGuideClientRewardsServiceImpl : Service - Distance calculated: 4846.54393229983
2021-11-27 20:34:21.163  INFO 530588 --- [onPool-worker-5] .t.t.s.TourGuideClientRewardsServiceImpl : Service - Distance calculated: 3673.8688076436165
2021-11-27 20:34:21.163  INFO 530588 --- [onPool-worker-5] .t.t.s.TourGuideClientRewardsServiceImpl : Service - Distance calculated: 5194.704822457209
2021-11-27 20:34:21.163  INFO 530588 --- [onPool-worker-5] .t.t.s.TourGuideClientRewardsServiceImpl : Service - Distance calculated: 4471.485334597015
2021-11-27 20:34:21.163  INFO 530588 --- [onPool-worker-5] .t.t.s.TourGuideClientRewardsServiceImpl : Service - Distance calculated: 3835.06324102382
2021-11-27 20:34:21.163  INFO 530588 --- [onPool-worker-5] .t.t.s.TourGuideClientRewardsServiceImpl : Service - Distance calculated: 4797.187292886567
2021-11-27 20:34:21.163  INFO 530588 --- [onPool-worker-5] .t.t.s.TourGuideClientRewardsServiceImpl : Service - Distance calculated: 6977.899198239018
2021-11-27 20:34:21.163  INFO 530588 --- [onPool-worker-5] .t.t.s.TourGuideClientRewardsServiceImpl : Service - Distance calculated: 6295.44164227799
2021-11-27 20:34:21.163  INFO 530588 --- [onPool-worker-5] .t.t.s.TourGuideClientRewardsServiceImpl : Service - Distance calculated: 6887.235405565265
2021-11-27 20:34:21.163  INFO 530588 --- [onPool-worker-5] .t.t.s.TourGuideClientRewardsServiceImpl : Service - Distance calculated: 6974.379489012538
2021-11-27 20:34:21.163  INFO 530588 --- [onPool-worker-5] .t.t.s.TourGuideClientRewardsServiceImpl : Service - Distance calculated: 6639.783356647593
2021-11-27 20:34:21.163  INFO 530588 --- [onPool-worker-5] .t.t.s.TourGuideClientRewardsServiceImpl : Service - Distance calculated: 6741.28757944292
2021-11-27 20:34:21.163  INFO 530588 --- [onPool-worker-5] .t.t.s.TourGuideClientRewardsServiceImpl : Service - Distance calculated: 7102.5459047265085
2021-11-27 20:34:21.163  INFO 530588 --- [onPool-worker-5] .t.t.s.TourGuideClientRewardsServiceImpl : Service - Distance calculated: 6192.493906957785
2021-11-27 20:34:21.163  INFO 530588 --- [onPool-worker-5] .t.t.s.TourGuideClientRewardsServiceImpl : Service - Distance calculated: 6405.997047292557
2021-11-27 20:34:21.163  INFO 530588 --- [onPool-worker-5] .t.t.s.TourGuideClientRewardsServiceImpl : Service - Distance calculated: 4850.692758857834
2021-11-27 20:34:21.163  INFO 530588 --- [onPool-worker-5] .t.t.s.TourGuideClientRewardsServiceImpl : Service - Distance calculated: 5949.796400450258
2021-11-27 20:34:21.163  INFO 530588 --- [onPool-worker-5] .t.t.s.TourGuideClientRewardsServiceImpl : Service - Distance calculated: 6130.95940126071
2021-11-27 20:34:21.163  INFO 530588 --- [onPool-worker-5] .t.t.s.TourGuideClientRewardsServiceImpl : Service - Distance calculated: 6136.553861159208
2021-11-27 20:34:21.163  INFO 530588 --- [onPool-worker-5] .t.t.s.TourGuideClientRewardsServiceImpl : Service - Distance calculated: 6961.436835526723
2021-11-27 20:34:21.163  INFO 530588 --- [onPool-worker-5] .t.t.s.TourGuideClientRewardsServiceImpl : Service - Distance calculated: 7093.976233511097
2021-11-27 20:34:21.163  INFO 530588 --- [onPool-worker-5] .t.t.s.TourGuideClientRewardsServiceImpl : Service - Distance calculated: 6729.1785668688735
2021-11-27 20:34:21.163  INFO 530588 --- [onPool-worker-5] .t.t.s.TourGuideClientRewardsServiceImpl : Service - Distance calculated: 6980.866646068415
2021-11-27 20:34:21.163  INFO 530588 --- [onPool-worker-5] .t.t.s.TourGuideClientRewardsServiceImpl : Service - Distance calculated: 6478.080444831098
2021-11-27 20:34:21.163  INFO 530588 --- [onPool-worker-5] .t.t.s.TourGuideClientRewardsServiceImpl : Service - Distance calculated: 7052.330023727138
2021-11-27 20:34:21.163  INFO 530588 --- [onPool-worker-5] .t.t.s.TourGuideClientRewardsServiceImpl : Service - Distance calculated: 7053.320912094658
2021-11-27 20:34:21.163  INFO 530588 --- [onPool-worker-5] .t.t.s.TourGuideClientRewardsServiceImpl : Service - Distance calculated: 6950.232718694278
2021-11-27 20:34:21.163  INFO 530588 --- [onPool-worker-5] .t.t.s.TourGuideClientRewardsServiceImpl : Service - Distance calculated: 5782.3032019889015
2021-11-27 20:34:21.162  INFO 530588 --- [nPool-worker-10] .t.t.s.TourGuideClientRewardsServiceImpl : Service - Distance calculated: 1624.4345272622563
2021-11-27 20:34:21.162  INFO 530588 --- [onPool-worker-1] .t.t.s.TourGuideClientRewardsServiceImpl : Service - Distance calculated: 2659.95055604782
2021-11-27 20:34:21.163  INFO 530588 --- [nPool-worker-10] .t.t.s.TourGuideClientRewardsServiceImpl : Service - Distance calculated: 2569.9284568682083
2021-11-27 20:34:21.163  INFO 530588 --- [nPool-worker-10] .t.t.s.TourGuideClientRewardsServiceImpl : Service - Distance calculated: 1942.805881409331
2021-11-27 20:34:21.163  INFO 530588 --- [onPool-worker-1] .t.t.s.TourGuideClientRewardsServiceImpl : Service - Distance calculated: 1899.119403216958
2021-11-27 20:34:21.163  INFO 530588 --- [nPool-worker-10] .t.t.s.TourGuideClientRewardsServiceImpl : Service - Distance calculated: 2191.0759569760858
2021-11-27 20:34:21.163  INFO 530588 --- [onPool-worker-1] .t.t.s.TourGuideClientRewardsServiceImpl : Service - Distance calculated: 2678.3445879721007
2021-11-27 20:34:21.163  INFO 530588 --- [onPool-worker-1] .t.t.s.TourGuideClientRewardsServiceImpl : Service - Distance calculated: 2478.6103286219495
2021-11-27 20:34:21.163  INFO 530588 --- [onPool-worker-1] .t.t.s.TourGuideClientRewardsServiceImpl : Service - Distance calculated: 2429.7539731339175
2021-11-27 20:34:21.162  INFO 530588 --- [onPool-worker-3] .t.t.s.TourGuideClientRewardsServiceImpl : Service - Distance calculated: 5650.156724343976
2021-11-27 20:34:21.163  INFO 530588 --- [onPool-worker-3] .t.t.s.TourGuideClientRewardsServiceImpl : Service - Distance calculated: 4654.5623116056495
2021-11-27 20:34:21.163  INFO 530588 --- [onPool-worker-3] .t.t.s.TourGuideClientRewardsServiceImpl : Service - Distance calculated: 6306.2825140678115
2021-11-27 20:34:21.162  INFO 530588 --- [onPool-worker-4] .t.t.s.TourGuideClientRewardsServiceImpl : Service - Distance calculated: 1277.6245433336508
2021-11-27 20:34:21.163  INFO 530588 --- [onPool-worker-4] .t.t.s.TourGuideClientRewardsServiceImpl : Service - Distance calculated: 87.03441722159666
2021-11-27 20:34:21.163  INFO 530588 --- [onPool-worker-4] .t.t.s.TourGuideClientRewardsServiceImpl : Service - Distance calculated: 2127.2478407793283
2021-11-27 20:34:21.162  INFO 530588 --- [onPool-worker-8] .t.t.s.TourGuideClientRewardsServiceImpl : Service - Distance calculated: 6197.734567702224
2021-11-27 20:34:21.162  INFO 530588 --- [nPool-worker-11] .t.t.s.TourGuideClientRewardsServiceImpl : Service - Distance calculated: 774.5207212649109
2021-11-27 20:34:21.163  INFO 530588 --- [nPool-worker-14] .t.t.s.TourGuideClientRewardsServiceImpl : Service - Distance calculated: 4230.051380173751
2021-11-27 20:34:21.164  INFO 530588 --- [onPool-worker-8] .t.t.s.TourGuideClientRewardsServiceImpl : Service - Distance calculated: 6542.462997083806
2021-11-27 20:34:21.164  INFO 530588 --- [nPool-worker-14] .t.t.s.TourGuideClientRewardsServiceImpl : Service - Distance calculated: 4691.584203683791
2021-11-27 20:34:21.164  INFO 530588 --- [nPool-worker-14] .t.t.s.TourGuideClientRewardsServiceImpl : Service - Distance calculated: 4750.458182842907
2021-11-27 20:34:21.164  INFO 530588 --- [nPool-worker-14] .t.t.s.TourGuideClientRewardsServiceImpl : Service - Distance calculated: 3482.352973500521
2021-11-27 20:34:21.164  INFO 530588 --- [nPool-worker-14] .t.t.s.TourGuideClientRewardsServiceImpl : Service - Distance calculated: 3527.6310379649417
2021-11-27 20:34:21.164  INFO 530588 --- [nPool-worker-14] .t.t.s.TourGuideClientRewardsServiceImpl : Service - Distance calculated: 4523.998674373533
2021-11-27 20:34:21.164  INFO 530588 --- [nPool-worker-14] .t.t.s.TourGuideClientRewardsServiceImpl : Service - Distance calculated: 2873.603499916897
2021-11-27 20:34:21.163  INFO 530588 --- [onPool-worker-9] .t.t.s.TourGuideClientRewardsServiceImpl : Service - Distance calculated: 4807.791876686422
2021-11-27 20:34:21.163  INFO 530588 --- [onPool-worker-6] .t.t.s.TourGuideClientRewardsServiceImpl : Service - Distance calculated: 2282.746325565392
2021-11-27 20:34:21.163  INFO 530588 --- [onPool-worker-2] .t.t.s.TourGuideClientRewardsServiceImpl : Service - Distance calculated: 8656.231762839076
2021-11-27 20:34:21.164  INFO 530588 --- [onPool-worker-9] .t.t.s.TourGuideClientRewardsServiceImpl : Service - Distance calculated: 4637.959674349518
2021-11-27 20:34:21.163  INFO 530588 --- [onPool-worker-7] .t.t.s.TourGuideClientRewardsServiceImpl : Service - Distance calculated: 698.9232793879288
2021-11-27 20:34:21.164  INFO 530588 --- [onPool-worker-9] .t.t.s.TourGuideClientRewardsServiceImpl : Service - Distance calculated: 4694.397581789452
2021-11-27 20:34:21.163  INFO 530588 --- [nPool-worker-12] .t.t.s.TourGuideClientRewardsServiceImpl : Service - Distance calculated: 5180.258868800616
2021-11-27 20:34:21.163  INFO 530588 --- [nPool-worker-15] .t.t.s.TourGuideClientRewardsServiceImpl : Service - Distance calculated: 8103.028389420243
2021-11-27 20:34:21.164  INFO 530588 --- [nPool-worker-15] .t.t.s.TourGuideClientRewardsServiceImpl : Service - Distance calculated: 8829.477166060622
2021-11-27 20:34:21.164  INFO 530588 --- [nPool-worker-15] .t.t.s.TourGuideClientRewardsServiceImpl : Service - Distance calculated: 8213.68655089929
2021-11-27 20:34:21.164  INFO 530588 --- [nPool-worker-15] .t.t.s.TourGuideClientRewardsServiceImpl : Service - Distance calculated: 8124.35630609112
2021-11-27 20:34:21.164  INFO 530588 --- [nPool-worker-15] .t.t.s.TourGuideClientRewardsServiceImpl : Service - Distance calculated: 8492.71410047804
2021-11-27 20:34:21.164  INFO 530588 --- [nPool-worker-15] .t.t.s.TourGuideClientRewardsServiceImpl : Service - Distance calculated: 8390.42549146603
2021-11-27 20:34:21.164  INFO 530588 --- [nPool-worker-15] .t.t.s.TourGuideClientRewardsServiceImpl : Service - Distance calculated: 8034.107937694569
2021-11-27 20:34:21.164  INFO 530588 --- [nPool-worker-15] .t.t.s.TourGuideClientRewardsServiceImpl : Service - Distance calculated: 8874.040578703058
2021-11-27 20:34:21.164  INFO 530588 --- [nPool-worker-15] .t.t.s.TourGuideClientRewardsServiceImpl : Service - Distance calculated: 8665.77360033938
2021-11-27 20:34:21.163  INFO 530588 --- [onPool-worker-5] .t.t.s.TourGuideClientRewardsServiceImpl : Service - Distance calculated: 7084.52029825587
2021-11-27 20:34:21.164  INFO 530588 --- [onPool-worker-5] .t.t.s.TourGuideClientRewardsServiceImpl : Service - Distance calculated: 6465.506545921268
2021-11-27 20:34:21.164  INFO 530588 --- [onPool-worker-5] .t.t.s.TourGuideClientRewardsServiceImpl : Service - Distance calculated: 5940.102088645429
2021-11-27 20:34:21.163  INFO 530588 --- [nPool-worker-10] .t.t.s.TourGuideClientRewardsServiceImpl : Service - Distance calculated: 1719.226878562439
2021-11-27 20:34:21.164  INFO 530588 --- [onPool-worker-5] .t.t.s.TourGuideClientRewardsServiceImpl : Service - Distance calculated: 6902.731035632299
2021-11-27 20:34:21.163  INFO 530588 --- [onPool-worker-1] .t.t.s.TourGuideClientRewardsServiceImpl : Service - Distance calculated: 2563.76622935291
2021-11-27 20:34:21.163  INFO 530588 --- [onPool-worker-3] .t.t.s.TourGuideClientRewardsServiceImpl : Service - Distance calculated: 6180.774178280874
2021-11-27 20:34:21.164  INFO 530588 --- [onPool-worker-5] .t.t.s.TourGuideClientRewardsServiceImpl : Service - Distance calculated: 5.8950310023474215E-5
2021-11-27 20:34:21.164  INFO 530588 --- [onPool-worker-3] .t.t.s.TourGuideClientRewardsServiceImpl : Service - Distance calculated: 4925.655077236766
2021-11-27 20:34:21.163  INFO 530588 --- [onPool-worker-4] .t.t.s.TourGuideClientRewardsServiceImpl : Service - Distance calculated: 2578.910516018122
2021-11-27 20:34:21.164  INFO 530588 --- [onPool-worker-3] .t.t.s.TourGuideClientRewardsServiceImpl : Service - Distance calculated: 6752.512053382849
2021-11-27 20:34:21.164  INFO 530588 --- [onPool-worker-3] .t.t.s.TourGuideClientRewardsServiceImpl : Service - Distance calculated: 6459.361985929211
2021-11-27 20:34:21.164  INFO 530588 --- [nPool-worker-11] .t.t.s.TourGuideClientRewardsServiceImpl : Service - Distance calculated: 164.91310606753288
2021-11-27 20:34:21.164  INFO 530588 --- [nPool-worker-11] .t.t.s.TourGuideClientRewardsServiceImpl : Service - Distance calculated: 115.99464245531166
2021-11-27 20:34:21.164  INFO 530588 --- [nPool-worker-11] .t.t.s.TourGuideClientRewardsServiceImpl : Service - Distance calculated: 1428.8577204882306
2021-11-27 20:34:21.164  INFO 530588 --- [onPool-worker-8] .t.t.s.TourGuideClientRewardsServiceImpl : Service - Distance calculated: 3778.871455137788
2021-11-27 20:34:21.164  INFO 530588 --- [nPool-worker-11] .t.t.s.TourGuideClientRewardsServiceImpl : Service - Distance calculated: 1418.571827418631
2021-11-27 20:34:21.164  INFO 530588 --- [nPool-worker-11] .t.t.s.TourGuideClientRewardsServiceImpl : Service - Distance calculated: 460.11990361699293
2021-11-27 20:34:21.164  INFO 530588 --- [onPool-worker-8] .t.t.s.TourGuideClientRewardsServiceImpl : Service - Distance calculated: 4493.553867603694
2021-11-27 20:34:21.164  INFO 530588 --- [nPool-worker-11] .t.t.s.TourGuideClientRewardsServiceImpl : Service - Distance calculated: 1992.7911930022951
2021-11-27 20:34:21.164  INFO 530588 --- [onPool-worker-8] .t.t.s.TourGuideClientRewardsServiceImpl : Service - Distance calculated: 3943.349639592699
2021-11-27 20:34:21.164  INFO 530588 --- [nPool-worker-11] .t.t.s.TourGuideClientRewardsServiceImpl : Service - Distance calculated: 1906.7972782801585
2021-11-27 20:34:21.164  INFO 530588 --- [nPool-worker-11] .t.t.s.TourGuideClientRewardsServiceImpl : Service - Distance calculated: 2360.645624935619
2021-11-27 20:34:21.164  INFO 530588 --- [nPool-worker-11] .t.t.s.TourGuideClientRewardsServiceImpl : Service - Distance calculated: 2434.494471527265
2021-11-27 20:34:21.164  INFO 530588 --- [onPool-worker-5] .t.t.s.TourGuideClientRewardsServiceImpl : Service - Distance calculated: 774.5207212649109
2021-11-27 20:34:21.164  INFO 530588 --- [nPool-worker-11] .t.t.s.TourGuideClientRewardsServiceImpl : Service - Distance calculated: 2148.3967563579567
2021-11-27 20:34:21.164  INFO 530588 --- [onPool-worker-5] .t.t.s.TourGuideClientRewardsServiceImpl : Service - Distance calculated: 164.91310606753288
2021-11-27 20:34:21.164  INFO 530588 --- [nPool-worker-11] .t.t.s.TourGuideClientRewardsServiceImpl : Service - Distance calculated: 2282.746325565392
2021-11-27 20:34:21.164  INFO 530588 --- [nPool-worker-14] .t.t.s.TourGuideClientRewardsServiceImpl : Service - Distance calculated: 2996.35529137216
2021-11-27 20:34:21.164  INFO 530588 --- [nPool-worker-11] .t.t.s.TourGuideClientRewardsServiceImpl : Service - Distance calculated: 2289.4339721013357
2021-11-27 20:34:21.164  INFO 530588 --- [nPool-worker-14] .t.t.s.TourGuideClientRewardsServiceImpl : Service - Distance calculated: 5064.81083101125
2021-11-27 20:34:21.164  INFO 530588 --- [nPool-worker-14] .t.t.s.TourGuideClientRewardsServiceImpl : Service - Distance calculated: 2427.5590726566143
2021-11-27 20:34:21.164  INFO 530588 --- [nPool-worker-14] .t.t.s.TourGuideClientRewardsServiceImpl : Service - Distance calculated: 2719.5955682921394
2021-11-27 20:34:21.164  INFO 530588 --- [nPool-worker-14] .t.t.s.TourGuideClientRewardsServiceImpl : Service - Distance calculated: 2597.2357502305513
2021-11-27 20:34:21.164  INFO 530588 --- [nPool-worker-14] .t.t.s.TourGuideClientRewardsServiceImpl : Service - Distance calculated: 2977.0532755590107
2021-11-27 20:34:21.164  INFO 530588 --- [nPool-worker-14] .t.t.s.TourGuideClientRewardsServiceImpl : Service - Distance calculated: 3884.9819347314597
2021-11-27 20:34:21.164  INFO 530588 --- [nPool-worker-14] .t.t.s.TourGuideClientRewardsServiceImpl : Service - Distance calculated: 3254.375086207582
2021-11-27 20:34:21.164  INFO 530588 --- [nPool-worker-14] .t.t.s.TourGuideClientRewardsServiceImpl : Service - Distance calculated: 3518.337971648758
2021-11-27 20:34:21.164  INFO 530588 --- [onPool-worker-6] .t.t.s.TourGuideClientRewardsServiceImpl : Service - Distance calculated: 2289.4339721013357
2021-11-27 20:34:21.164  INFO 530588 --- [onPool-worker-2] .t.t.s.TourGuideClientRewardsServiceImpl : Service - Distance calculated: 8681.78016893473
2021-11-27 20:34:21.164  INFO 530588 --- [onPool-worker-9] .t.t.s.TourGuideClientRewardsServiceImpl : Service - Distance calculated: 5233.705293859618
2021-11-27 20:34:21.164  INFO 530588 --- [onPool-worker-7] .t.t.s.TourGuideClientRewardsServiceImpl : Service - Distance calculated: 93.08959441201849
2021-11-27 20:34:21.165  INFO 530588 --- [onPool-worker-2] .t.t.s.TourGuideClientRewardsServiceImpl : Service - Distance calculated: 7902.024338043091
2021-11-27 20:34:21.165  INFO 530588 --- [onPool-worker-7] .t.t.s.TourGuideClientRewardsServiceImpl : Service - Distance calculated: 376.26560492071746
2021-11-27 20:34:21.165  INFO 530588 --- [onPool-worker-2] .t.t.s.TourGuideClientRewardsServiceImpl : Service - Distance calculated: 7529.408116669556
2021-11-27 20:34:21.165  INFO 530588 --- [onPool-worker-7] .t.t.s.TourGuideClientRewardsServiceImpl : Service - Distance calculated: 193.59074066699824
2021-11-27 20:34:21.165  INFO 530588 --- [onPool-worker-2] .t.t.s.TourGuideClientRewardsServiceImpl : Service - Distance calculated: 8019.579765985186
2021-11-27 20:34:21.165  INFO 530588 --- [onPool-worker-7] .t.t.s.TourGuideClientRewardsServiceImpl : Service - Distance calculated: 614.8824602993067
2021-11-27 20:34:21.165  INFO 530588 --- [onPool-worker-7] .t.t.s.TourGuideClientRewardsServiceImpl : Service - Distance calculated: 1744.8920611826923
2021-11-27 20:34:21.165  INFO 530588 --- [onPool-worker-7] .t.t.s.TourGuideClientRewardsServiceImpl : Service - Distance calculated: 508.43305050922214
2021-11-27 20:34:21.165  INFO 530588 --- [onPool-worker-7] .t.t.s.TourGuideClientRewardsServiceImpl : Service - Distance calculated: 1007.3764884411784
2021-11-27 20:34:21.165  INFO 530588 --- [onPool-worker-7] .t.t.s.TourGuideClientRewardsServiceImpl : Service - Distance calculated: 1150.5257774605661
2021-11-27 20:34:21.165  INFO 530588 --- [onPool-worker-7] .t.t.s.TourGuideClientRewardsServiceImpl : Service - Distance calculated: 534.3634974126725
2021-11-27 20:34:21.165  INFO 530588 --- [onPool-worker-7] .t.t.s.TourGuideClientRewardsServiceImpl : Service - Distance calculated: 833.340397270151
2021-11-27 20:34:21.165  INFO 530588 --- [onPool-worker-7] .t.t.s.TourGuideClientRewardsServiceImpl : Service - Distance calculated: 513.3416342441387
2021-11-27 20:34:21.165  INFO 530588 --- [onPool-worker-7] .t.t.s.TourGuideClientRewardsServiceImpl : Service - Distance calculated: 10103.679861275756
2021-11-27 20:34:21.165  INFO 530588 --- [onPool-worker-7] .t.t.s.TourGuideClientRewardsServiceImpl : Service - Distance calculated: 10625.527903112126
2021-11-27 20:34:21.164  INFO 530588 --- [nPool-worker-12] .t.t.s.TourGuideClientRewardsServiceImpl : Service - Distance calculated: 5158.405970577131
2021-11-27 20:34:21.165  INFO 530588 --- [nPool-worker-12] .t.t.s.TourGuideClientRewardsServiceImpl : Service - Distance calculated: 5325.061729322204
2021-11-27 20:34:21.165  INFO 530588 --- [nPool-worker-12] .t.t.s.TourGuideClientRewardsServiceImpl : Service - Distance calculated: 2510.98825035842
2021-11-27 20:34:21.165  INFO 530588 --- [nPool-worker-12] .t.t.s.TourGuideClientRewardsServiceImpl : Service - Distance calculated: 5193.826170661356
2021-11-27 20:34:21.165  INFO 530588 --- [nPool-worker-12] .t.t.s.TourGuideClientRewardsServiceImpl : Service - Distance calculated: 5195.235830529606
2021-11-27 20:34:21.164  INFO 530588 --- [nPool-worker-15] .t.t.s.TourGuideClientRewardsServiceImpl : Service - Distance calculated: 9802.95650283351
2021-11-27 20:34:21.164  INFO 530588 --- [nPool-worker-10] .t.t.s.TourGuideClientRewardsServiceImpl : Service - Distance calculated: 2484.018624769949
2021-11-27 20:34:21.164  INFO 530588 --- [onPool-worker-1] .t.t.s.TourGuideClientRewardsServiceImpl : Service - Distance calculated: 2636.5755647832566
2021-11-27 20:34:21.164  INFO 530588 --- [onPool-worker-4] .t.t.s.TourGuideClientRewardsServiceImpl : Service - Distance calculated: 680.6158831369517
2021-11-27 20:34:21.164  INFO 530588 --- [onPool-worker-3] .t.t.s.TourGuideClientRewardsServiceImpl : Service - Distance calculated: 6579.8980651515485
2021-11-27 20:34:21.170  INFO 530588 --- [nPool-worker-10] .t.t.s.TourGuideClientRewardsServiceImpl : Service - Distance calculated: 3613.3090785983436
2021-11-27 20:34:21.164  INFO 530588 --- [onPool-worker-8] .t.t.s.TourGuideClientRewardsServiceImpl : Service - Distance calculated: 3873.3383704455214
2021-11-27 20:34:21.170  INFO 530588 --- [onPool-worker-3] .t.t.s.TourGuideClientRewardsServiceImpl : Service - Distance calculated: 6280.168283841884
2021-11-27 20:34:21.170  INFO 530588 --- [nPool-worker-10] .t.t.s.TourGuideClientRewardsServiceImpl : Service - Distance calculated: 1733.503525892101
2021-11-27 20:34:21.170  INFO 530588 --- [onPool-worker-3] .t.t.s.TourGuideClientRewardsServiceImpl : Service - Distance calculated: 5300.50868105329
2021-11-27 20:34:21.170  INFO 530588 --- [onPool-worker-8] .t.t.s.TourGuideClientRewardsServiceImpl : Service - Distance calculated: 5093.401745845703
2021-11-27 20:34:21.170  INFO 530588 --- [onPool-worker-8] .t.t.s.TourGuideClientRewardsServiceImpl : Service - Distance calculated: 5043.9178409153865
2021-11-27 20:34:21.164  INFO 530588 --- [onPool-worker-5] .t.t.s.TourGuideClientRewardsServiceImpl : Service - Distance calculated: 115.99464245531166
2021-11-27 20:34:21.164  INFO 530588 --- [nPool-worker-11] .t.t.s.TourGuideClientRewardsServiceImpl : Service - Distance calculated: 1204.372289719331
2021-11-27 20:34:21.170  INFO 530588 --- [onPool-worker-5] .t.t.s.TourGuideClientRewardsServiceImpl : Service - Distance calculated: 1428.8577204882306
2021-11-27 20:34:21.170  INFO 530588 --- [nPool-worker-11] .t.t.s.TourGuideClientRewardsServiceImpl : Service - Distance calculated: 1742.5694022642394
2021-11-27 20:34:21.170  INFO 530588 --- [onPool-worker-5] .t.t.s.TourGuideClientRewardsServiceImpl : Service - Distance calculated: 1418.571827418631
2021-11-27 20:34:21.170  INFO 530588 --- [nPool-worker-11] .t.t.s.TourGuideClientRewardsServiceImpl : Service - Distance calculated: 1576.7472428725728
2021-11-27 20:34:21.170  INFO 530588 --- [onPool-worker-5] .t.t.s.TourGuideClientRewardsServiceImpl : Service - Distance calculated: 460.11990361699293
2021-11-27 20:34:21.170  INFO 530588 --- [nPool-worker-11] .t.t.s.TourGuideClientRewardsServiceImpl : Service - Distance calculated: 1921.4807999190489
2021-11-27 20:34:21.164  INFO 530588 --- [nPool-worker-14] .t.t.s.TourGuideClientRewardsServiceImpl : Service - Distance calculated: 3005.936243864971
2021-11-27 20:34:21.170  INFO 530588 --- [onPool-worker-5] .t.t.s.TourGuideClientRewardsServiceImpl : Service - Distance calculated: 1992.7911930022951
2021-11-27 20:34:21.170  INFO 530588 --- [onPool-worker-5] .t.t.s.TourGuideClientRewardsServiceImpl : Service - Distance calculated: 1906.7972782801585
2021-11-27 20:34:21.170  INFO 530588 --- [nPool-worker-14] .t.t.s.TourGuideClientRewardsServiceImpl : Service - Distance calculated: 3799.6717839885187
2021-11-27 20:34:21.170  INFO 530588 --- [nPool-worker-14] .t.t.s.TourGuideClientRewardsServiceImpl : Service - Distance calculated: 4850.850844375644
2021-11-27 20:34:21.170  INFO 530588 --- [nPool-worker-14] .t.t.s.TourGuideClientRewardsServiceImpl : Service - Distance calculated: 3083.887568838521
2021-11-27 20:34:21.164  INFO 530588 --- [onPool-worker-6] .t.t.s.TourGuideClientRewardsServiceImpl : Service - Distance calculated: 1204.372289719331
2021-11-27 20:34:21.170  INFO 530588 --- [nPool-worker-14] .t.t.s.TourGuideClientRewardsServiceImpl : Service - Distance calculated: 2276.7269483860373
2021-11-27 20:34:21.165  INFO 530588 --- [onPool-worker-9] .t.t.s.TourGuideClientRewardsServiceImpl : Service - Distance calculated: 4946.180385788667
2021-11-27 20:34:21.170  INFO 530588 --- [onPool-worker-6] .t.t.s.TourGuideClientRewardsServiceImpl : Service - Distance calculated: 1742.5694022642394
2021-11-27 20:34:21.165  INFO 530588 --- [onPool-worker-2] .t.t.s.TourGuideClientRewardsServiceImpl : Service - Distance calculated: 7741.457943908166
2021-11-27 20:34:21.170  INFO 530588 --- [onPool-worker-6] .t.t.s.TourGuideClientRewardsServiceImpl : Service - Distance calculated: 1576.7472428725728
2021-11-27 20:34:21.170  INFO 530588 --- [onPool-worker-9] .t.t.s.TourGuideClientRewardsServiceImpl : Service - Distance calculated: 5037.353558090782
2021-11-27 20:34:21.170  INFO 530588 --- [onPool-worker-6] .t.t.s.TourGuideClientRewardsServiceImpl : Service - Distance calculated: 1921.4807999190489
2021-11-27 20:34:21.170  INFO 530588 --- [onPool-worker-9] .t.t.s.TourGuideClientRewardsServiceImpl : Service - Distance calculated: 4556.3020759758165
2021-11-27 20:34:21.165  INFO 530588 --- [onPool-worker-7] .t.t.s.TourGuideClientRewardsServiceImpl : Service - Distance calculated: 10264.363640005742
2021-11-27 20:34:21.170  INFO 530588 --- [onPool-worker-9] .t.t.s.TourGuideClientRewardsServiceImpl : Service - Distance calculated: 3723.513538857508
2021-11-27 20:34:21.165  INFO 530588 --- [nPool-worker-12] .t.t.s.TourGuideClientRewardsServiceImpl : Service - Distance calculated: 5290.007883318149
2021-11-27 20:34:21.165  INFO 530588 --- [nPool-worker-15] .t.t.s.TourGuideClientRewardsServiceImpl : Service - Distance calculated: 9024.070874866371
2021-11-27 20:34:21.170  INFO 530588 --- [onPool-worker-1] .t.t.s.TourGuideClientRewardsServiceImpl : Service - Distance calculated: 3705.5901646713196
2021-11-27 20:34:21.171  INFO 530588 --- [onPool-worker-9] .t.t.s.TourGuideClientRewardsServiceImpl : Service - Distance calculated: 4336.69472671121
2021-11-27 20:34:21.171  INFO 530588 --- [nPool-worker-15] .t.t.s.TourGuideClientRewardsServiceImpl : Service - Distance calculated: 8905.15143075597
2021-11-27 20:34:21.170  INFO 530588 --- [onPool-worker-4] .t.t.s.TourGuideClientRewardsServiceImpl : Service - Distance calculated: 1344.090272349311
2021-11-27 20:34:21.171  INFO 530588 --- [nPool-worker-15] .t.t.s.TourGuideClientRewardsServiceImpl : Service - Distance calculated: 8865.16936413374
2021-11-27 20:34:21.171  INFO 530588 --- [nPool-worker-15] .t.t.s.TourGuideClientRewardsServiceImpl : Service - Distance calculated: 8017.0404194016255
2021-11-27 20:34:21.171  INFO 530588 --- [onPool-worker-4] .t.t.s.TourGuideClientRewardsServiceImpl : Service - Distance calculated: 2440.177336041544
2021-11-27 20:34:21.171  INFO 530588 --- [nPool-worker-15] .t.t.s.TourGuideClientRewardsServiceImpl : Service - Distance calculated: 8052.9351461916185
2021-11-27 20:34:21.171  INFO 530588 --- [onPool-worker-4] .t.t.s.TourGuideClientRewardsServiceImpl : Service - Distance calculated: 2168.830527042806
2021-11-27 20:34:21.171  INFO 530588 --- [nPool-worker-15] .t.t.s.TourGuideClientRewardsServiceImpl : Service - Distance calculated: 8361.497082751495
2021-11-27 20:34:21.171  INFO 530588 --- [onPool-worker-4] .t.t.s.TourGuideClientRewardsServiceImpl : Service - Calculate rewards points for user: internalUser17
2021-11-27 20:34:21.171  INFO 530588 --- [nPool-worker-15] .t.t.s.TourGuideClientRewardsServiceImpl : Service - Distance calculated: 8131.786313527687
2021-11-27 20:34:21.171  INFO 530588 --- [nPool-worker-15] .t.t.s.TourGuideClientRewardsServiceImpl : Service - Distance calculated: 8587.903632197555
2021-11-27 20:34:21.171  INFO 530588 --- [nPool-worker-15] .t.t.s.TourGuideClientRewardsServiceImpl : Service - Distance calculated: 8089.78126840953
2021-11-27 20:34:21.171  INFO 530588 --- [nPool-worker-15] .t.t.s.TourGuideClientRewardsServiceImpl : Service - Distance calculated: 8035.50464976056
2021-11-27 20:34:21.171  INFO 530588 --- [nPool-worker-15] .t.t.s.TourGuideClientRewardsServiceImpl : Service - Distance calculated: 8066.322950735983
2021-11-27 20:34:21.171  INFO 530588 --- [nPool-worker-15] .t.t.s.TourGuideClientRewardsServiceImpl : Service - Distance calculated: 9162.578685274084
2021-11-27 20:34:21.171  INFO 530588 --- [nPool-worker-15] .t.t.s.TourGuideClientRewardsServiceImpl : Service - Distance calculated: 8066.250167891057
2021-11-27 20:34:21.171  INFO 530588 --- [nPool-worker-15] .t.t.s.TourGuideClientRewardsServiceImpl : Service - Distance calculated: 8678.506477841014
2021-11-27 20:34:21.171  INFO 530588 --- [nPool-worker-15] .t.t.s.TourGuideClientRewardsServiceImpl : Service - Distance calculated: 9032.94246514124
2021-11-27 20:34:21.171  INFO 530588 --- [nPool-worker-15] .t.t.s.TourGuideClientRewardsServiceImpl : Service - Distance calculated: 8104.005167670019
2021-11-27 20:34:21.171  INFO 530588 --- [nPool-worker-15] .t.t.s.TourGuideClientRewardsServiceImpl : Service - Distance calculated: 6447.698645038246
2021-11-27 20:34:21.171  INFO 530588 --- [nPool-worker-15] .t.t.s.TourGuideClientRewardsServiceImpl : Service - Distance calculated: 7130.959951327659
2021-11-27 20:34:21.171  INFO 530588 --- [nPool-worker-15] .t.t.s.TourGuideClientRewardsServiceImpl : Service - Distance calculated: 6539.672178929864
2021-11-27 20:34:21.171  INFO 530588 --- [nPool-worker-15] .t.t.s.TourGuideClientRewardsServiceImpl : Service - Distance calculated: 6452.404264982754
2021-11-27 20:34:21.171  INFO 530588 --- [nPool-worker-15] .t.t.s.TourGuideClientRewardsServiceImpl : Service - Distance calculated: 6743.2395791135605
2021-11-27 20:34:21.171  INFO 530588 --- [nPool-worker-15] .t.t.s.TourGuideClientRewardsServiceImpl : Service - Distance calculated: 6641.039360980525
2021-11-27 20:34:21.171  INFO 530588 --- [nPool-worker-15] .t.t.s.TourGuideClientRewardsServiceImpl : Service - Distance calculated: 6322.910046158333
2021-11-27 20:34:21.171  INFO 530588 --- [nPool-worker-15] .t.t.s.TourGuideClientRewardsServiceImpl : Service - Distance calculated: 7150.155155890676
2021-11-27 20:34:21.171  INFO 530588 --- [nPool-worker-15] .t.t.s.TourGuideClientRewardsServiceImpl : Service - Distance calculated: 6938.625836855762
2021-11-27 20:34:21.171  INFO 530588 --- [nPool-worker-15] .t.t.s.TourGuideClientRewardsServiceImpl : Service - Distance calculated: 8520.105822294612
2021-11-27 20:34:21.171  INFO 530588 --- [nPool-worker-15] .t.t.s.TourGuideClientRewardsServiceImpl : Service - Distance calculated: 7348.5003373009895
2021-11-27 20:34:21.171  INFO 530588 --- [nPool-worker-15] .t.t.s.TourGuideClientRewardsServiceImpl : Service - Distance calculated: 7196.071718808774
2021-11-27 20:34:21.171  INFO 530588 --- [nPool-worker-15] .t.t.s.TourGuideClientRewardsServiceImpl : Service - Distance calculated: 7173.365688708476
2021-11-27 20:34:21.171  INFO 530588 --- [nPool-worker-15] .t.t.s.TourGuideClientRewardsServiceImpl : Service - Distance calculated: 6330.4494615721105
2021-11-27 20:34:21.171  INFO 530588 --- [nPool-worker-15] .t.t.s.TourGuideClientRewardsServiceImpl : Service - Distance calculated: 6302.22288100241
2021-11-27 20:34:21.171  INFO 530588 --- [nPool-worker-15] .t.t.s.TourGuideClientRewardsServiceImpl : Service - Distance calculated: 6625.354314595443
2021-11-27 20:34:21.171  INFO 530588 --- [nPool-worker-15] .t.t.s.TourGuideClientRewardsServiceImpl : Service - Distance calculated: 6387.244555538127
2021-11-27 20:34:21.171  INFO 530588 --- [nPool-worker-15] .t.t.s.TourGuideClientRewardsServiceImpl : Service - Distance calculated: 6863.01399090258
2021-11-27 20:34:21.171  INFO 530588 --- [nPool-worker-15] .t.t.s.TourGuideClientRewardsServiceImpl : Service - Distance calculated: 6338.887964823188
2021-11-27 20:34:21.171  INFO 530588 --- [nPool-worker-15] .t.t.s.TourGuideClientRewardsServiceImpl : Service - Distance calculated: 6372.828264859382
2021-11-27 20:34:21.171  INFO 530588 --- [nPool-worker-15] .t.t.s.TourGuideClientRewardsServiceImpl : Service - Distance calculated: 6361.588240902874
2021-11-27 20:34:21.171  INFO 530588 --- [nPool-worker-15] .t.t.s.TourGuideClientRewardsServiceImpl : Service - Distance calculated: 7504.534884797628
2021-11-27 20:34:21.171  INFO 530588 --- [nPool-worker-15] .t.t.s.TourGuideClientRewardsServiceImpl : Service - Distance calculated: 6335.905393686116
2021-11-27 20:34:21.171  INFO 530588 --- [nPool-worker-15] .t.t.s.TourGuideClientRewardsServiceImpl : Service - Distance calculated: 6927.59729765522
2021-11-27 20:34:21.171  INFO 530588 --- [nPool-worker-15] .t.t.s.TourGuideClientRewardsServiceImpl : Service - Distance calculated: 7357.904809728027
2021-11-27 20:34:21.171  INFO 530588 --- [nPool-worker-15] .t.t.s.TourGuideClientRewardsServiceImpl : Service - Distance calculated: 6404.212464492327
2021-11-27 20:34:21.171  INFO 530588 --- [nPool-worker-15] .t.t.s.TourGuideClientRewardsServiceImpl : Service - Distance calculated: 10449.795842624637
2021-11-27 20:34:21.171  INFO 530588 --- [nPool-worker-15] .t.t.s.TourGuideClientRewardsServiceImpl : Service - Distance calculated: 10566.812903394672
2021-11-27 20:34:21.171  INFO 530588 --- [nPool-worker-15] .t.t.s.TourGuideClientRewardsServiceImpl : Service - Distance calculated: 10568.069963257285
2021-11-27 20:34:21.171  INFO 530588 --- [nPool-worker-15] .t.t.s.TourGuideClientRewardsServiceImpl : Service - Distance calculated: 10563.524785992448
2021-11-27 20:34:21.171  INFO 530588 --- [nPool-worker-15] .t.t.s.TourGuideClientRewardsServiceImpl : Service - Distance calculated: 11608.748301480207
2021-11-27 20:34:21.171  INFO 530588 --- [nPool-worker-15] .t.t.s.TourGuideClientRewardsServiceImpl : Service - Distance calculated: 11685.277861314282
2021-11-27 20:34:21.171  INFO 530588 --- [nPool-worker-15] .t.t.s.TourGuideClientRewardsServiceImpl : Service - Distance calculated: 10905.638584989381
2021-11-27 20:34:21.171  INFO 530588 --- [nPool-worker-15] .t.t.s.TourGuideClientRewardsServiceImpl : Service - Distance calculated: 11409.974187065991
2021-11-27 20:34:21.171  INFO 530588 --- [nPool-worker-15] .t.t.s.TourGuideClientRewardsServiceImpl : Service - Distance calculated: 11617.857125300541
2021-11-27 20:34:21.171  INFO 530588 --- [nPool-worker-15] .t.t.s.TourGuideClientRewardsServiceImpl : Service - Distance calculated: 8615.308487050272
2021-11-27 20:34:21.170  INFO 530588 --- [nPool-worker-10] .t.t.s.TourGuideClientRewardsServiceImpl : Service - Distance calculated: 1138.6281283240398
2021-11-27 20:34:21.170  INFO 530588 --- [onPool-worker-3] .t.t.s.TourGuideClientRewardsServiceImpl : Service - Distance calculated: 5930.606404602576
2021-11-27 20:34:21.170  INFO 530588 --- [onPool-worker-8] .t.t.s.TourGuideClientRewardsServiceImpl : Service - Distance calculated: 4062.201930818556
2021-11-27 20:34:21.171  INFO 530588 --- [onPool-worker-3] .t.t.s.TourGuideClientRewardsServiceImpl : Service - Distance calculated: 5676.343743462235
2021-11-27 20:34:21.170  INFO 530588 --- [nPool-worker-11] .t.t.s.TourGuideClientRewardsServiceImpl : Service - Distance calculated: 1277.6245433336508
2021-11-27 20:34:21.170  INFO 530588 --- [onPool-worker-5] .t.t.s.TourGuideClientRewardsServiceImpl : Service - Distance calculated: 2360.645624935619
2021-11-27 20:34:21.171  INFO 530588 --- [nPool-worker-11] .t.t.s.TourGuideClientRewardsServiceImpl : Service - Distance calculated: 87.03441722159666
2021-11-27 20:34:21.171  INFO 530588 --- [nPool-worker-11] .t.t.s.TourGuideClientRewardsServiceImpl : Service - Distance calculated: 2127.2478407793283
2021-11-27 20:34:21.171  INFO 530588 --- [onPool-worker-5] .t.t.s.TourGuideClientRewardsServiceImpl : Service - Distance calculated: 2434.494471527265
2021-11-27 20:34:21.171  INFO 530588 --- [nPool-worker-11] .t.t.s.TourGuideClientRewardsServiceImpl : Service - Distance calculated: 2578.910516018122
2021-11-27 20:34:21.170  INFO 530588 --- [nPool-worker-14] .t.t.s.TourGuideClientRewardsServiceImpl : Service - Distance calculated: 4318.301044184465
2021-11-27 20:34:21.170  INFO 530588 --- [onPool-worker-2] .t.t.s.TourGuideClientRewardsServiceImpl : Service - Distance calculated: 8292.61181011136
2021-11-27 20:34:21.170  INFO 530588 --- [onPool-worker-6] .t.t.s.TourGuideClientRewardsServiceImpl : Service - Distance calculated: 1277.6245433336508
2021-11-27 20:34:21.170  INFO 530588 --- [onPool-worker-7] .t.t.s.TourGuideClientRewardsServiceImpl : Service - Distance calculated: 10213.071955792764
2021-11-27 20:34:21.171  INFO 530588 --- [onPool-worker-6] .t.t.s.TourGuideClientRewardsServiceImpl : Service - Distance calculated: 87.03441722159666
2021-11-27 20:34:21.171  INFO 530588 --- [onPool-worker-6] .t.t.s.TourGuideClientRewardsServiceImpl : Service - Distance calculated: 2127.2478407793283
2021-11-27 20:34:21.171  INFO 530588 --- [nPool-worker-12] .t.t.s.TourGuideClientRewardsServiceImpl : Service - Distance calculated: 6066.031350246705
2021-11-27 20:34:21.171  INFO 530588 --- [onPool-worker-9] .t.t.s.TourGuideClientRewardsServiceImpl : Service - Distance calculated: 4055.996694601092
2021-11-27 20:34:21.171  INFO 530588 --- [onPool-worker-1] .t.t.s.TourGuideClientRewardsServiceImpl : Service - Distance calculated: 2023.8967417116478
2021-11-27 20:34:21.171  INFO 530588 --- [nPool-worker-15] .t.t.s.TourGuideClientRewardsServiceImpl : Service - Distance calculated: 11166.11477363258
2021-11-27 20:34:21.171  INFO 530588 --- [nPool-worker-10] .t.t.s.TourGuideClientRewardsServiceImpl : Service - Distance calculated: 3037.1462252207057
2021-11-27 20:34:21.171  INFO 530588 --- [onPool-worker-8] .t.t.s.TourGuideClientRewardsServiceImpl : Service - Distance calculated: 5711.581113196441
2021-11-27 20:34:21.172  INFO 530588 --- [nPool-worker-15] .t.t.s.TourGuideClientRewardsServiceImpl : Service - Distance calculated: 11362.653373977746
2021-11-27 20:34:21.172  INFO 530588 --- [nPool-worker-10] .t.t.s.TourGuideClientRewardsServiceImpl : Service - Distance calculated: 2292.4298061102095
2021-11-27 20:34:21.172  INFO 530588 --- [nPool-worker-15] .t.t.s.TourGuideClientRewardsServiceImpl : Service - Distance calculated: 11362.305506669161
2021-11-27 20:34:21.172  INFO 530588 --- [onPool-worker-8] .t.t.s.TourGuideClientRewardsServiceImpl : Service - Distance calculated: 5576.519376454858
2021-11-27 20:34:21.172  INFO 530588 --- [nPool-worker-10] .t.t.s.TourGuideClientRewardsServiceImpl : Service - Distance calculated: 1228.992897372775
2021-11-27 20:34:21.172  INFO 530588 --- [nPool-worker-15] .t.t.s.TourGuideClientRewardsServiceImpl : Service - Distance calculated: 12040.55627551357
2021-11-27 20:34:21.172  INFO 530588 --- [onPool-worker-8] .t.t.s.TourGuideClientRewardsServiceImpl : Service - Distance calculated: 4648.966388963049
2021-11-27 20:34:21.172  INFO 530588 --- [nPool-worker-10] .t.t.s.TourGuideClientRewardsServiceImpl : Service - Distance calculated: 1673.404257089519
2021-11-27 20:34:21.172  INFO 530588 --- [nPool-worker-15] .t.t.s.TourGuideClientRewardsServiceImpl : Service - Distance calculated: 11652.149320556817
2021-11-27 20:34:21.172  INFO 530588 --- [onPool-worker-8] .t.t.s.TourGuideClientRewardsServiceImpl : Service - Distance calculated: 6156.731348618345
2021-11-27 20:34:21.172  INFO 530588 --- [nPool-worker-15] .t.t.s.TourGuideClientRewardsServiceImpl : Service - Distance calculated: 11892.06258395538
2021-11-27 20:34:21.172  INFO 530588 --- [onPool-worker-8] .t.t.s.TourGuideClientRewardsServiceImpl : Service - Distance calculated: 5862.7452407900455
2021-11-27 20:34:21.172  INFO 530588 --- [nPool-worker-15] .t.t.s.TourGuideClientRewardsServiceImpl : Service - Distance calculated: 11974.44216747775
2021-11-27 20:34:21.172  INFO 530588 --- [onPool-worker-8] .t.t.s.TourGuideClientRewardsServiceImpl : Service - Distance calculated: 5978.167824141286
2021-11-27 20:34:21.172  INFO 530588 --- [nPool-worker-15] .t.t.s.TourGuideClientRewardsServiceImpl : Service - Distance calculated: 11696.300855245947
2021-11-27 20:34:21.172  INFO 530588 --- [onPool-worker-8] .t.t.s.TourGuideClientRewardsServiceImpl : Service - Distance calculated: 5647.436662774411
2021-11-27 20:34:21.171  INFO 530588 --- [onPool-worker-3] .t.t.s.TourGuideClientRewardsServiceImpl : Service - Distance calculated: 6172.722249793316
2021-11-27 20:34:21.172  INFO 530588 --- [onPool-worker-8] .t.t.s.TourGuideClientRewardsServiceImpl : Service - Distance calculated: 4685.040357593877
2021-11-27 20:34:21.171  INFO 530588 --- [onPool-worker-5] .t.t.s.TourGuideClientRewardsServiceImpl : Service - Distance calculated: 2148.3967563579567
2021-11-27 20:34:21.172  INFO 530588 --- [onPool-worker-3] .t.t.s.TourGuideClientRewardsServiceImpl : Service - Distance calculated: 5386.289508681669
2021-11-27 20:34:21.172  INFO 530588 --- [onPool-worker-5] .t.t.s.TourGuideClientRewardsServiceImpl : Service - Distance calculated: 2282.746325565392
2021-11-27 20:34:21.171  INFO 530588 --- [nPool-worker-11] .t.t.s.TourGuideClientRewardsServiceImpl : Service - Distance calculated: 680.6158831369517
2021-11-27 20:34:21.171  INFO 530588 --- [nPool-worker-14] .t.t.s.TourGuideClientRewardsServiceImpl : Service - Distance calculated: 3518.9766075984594
2021-11-27 20:34:21.172  INFO 530588 --- [nPool-worker-11] .t.t.s.TourGuideClientRewardsServiceImpl : Service - Distance calculated: 1344.090272349311
2021-11-27 20:34:21.171  INFO 530588 --- [onPool-worker-2] .t.t.s.TourGuideClientRewardsServiceImpl : Service - Distance calculated: 7591.457898783723
2021-11-27 20:34:21.172  INFO 530588 --- [nPool-worker-11] .t.t.s.TourGuideClientRewardsServiceImpl : Service - Distance calculated: 2440.177336041544
2021-11-27 20:34:21.171  INFO 530588 --- [onPool-worker-7] .t.t.s.TourGuideClientRewardsServiceImpl : Service - Distance calculated: 11494.739010876254
2021-11-27 20:34:21.172  INFO 530588 --- [nPool-worker-11] .t.t.s.TourGuideClientRewardsServiceImpl : Service - Distance calculated: 2168.830527042806
2021-11-27 20:34:21.171  INFO 530588 --- [onPool-worker-6] .t.t.s.TourGuideClientRewardsServiceImpl : Service - Distance calculated: 2578.910516018122
2021-11-27 20:34:21.171  INFO 530588 --- [nPool-worker-12] .t.t.s.TourGuideClientRewardsServiceImpl : Service - Distance calculated: 5552.389269238922
2021-11-27 20:34:21.172  INFO 530588 --- [onPool-worker-6] .t.t.s.TourGuideClientRewardsServiceImpl : Service - Distance calculated: 680.6158831369517
2021-11-27 20:34:21.172  INFO 530588 --- [onPool-worker-6] .t.t.s.TourGuideClientRewardsServiceImpl : Service - Distance calculated: 1344.090272349311
2021-11-27 20:34:21.172  INFO 530588 --- [nPool-worker-12] .t.t.s.TourGuideClientRewardsServiceImpl : Service - Distance calculated: 5537.1818792253025
2021-11-27 20:34:21.172  INFO 530588 --- [onPool-worker-6] .t.t.s.TourGuideClientRewardsServiceImpl : Service - Distance calculated: 2440.177336041544
2021-11-27 20:34:21.171  INFO 530588 --- [onPool-worker-9] .t.t.s.TourGuideClientRewardsServiceImpl : Service - Distance calculated: 4607.746740720449
2021-11-27 20:34:21.172  INFO 530588 --- [nPool-worker-12] .t.t.s.TourGuideClientRewardsServiceImpl : Service - Distance calculated: 5664.012676726588
2021-11-27 20:34:21.172  INFO 530588 --- [onPool-worker-6] .t.t.s.TourGuideClientRewardsServiceImpl : Service - Distance calculated: 2168.830527042806
2021-11-27 20:34:21.172  INFO 530588 --- [onPool-worker-1] .t.t.s.TourGuideClientRewardsServiceImpl : Service - Distance calculated: 2870.2497959464326
2021-11-27 20:34:21.172  INFO 530588 --- [nPool-worker-12] .t.t.s.TourGuideClientRewardsServiceImpl : Service - Distance calculated: 5405.889570473499
2021-11-27 20:34:21.172  INFO 530588 --- [onPool-worker-9] .t.t.s.TourGuideClientRewardsServiceImpl : Service - Distance calculated: 3804.329799182594
2021-11-27 20:34:21.172  INFO 530588 --- [nPool-worker-10] .t.t.s.TourGuideClientRewardsServiceImpl : Service - Distance calculated: 5.8950310023474215E-5
2021-11-27 20:34:21.172  INFO 530588 --- [nPool-worker-12] .t.t.s.TourGuideClientRewardsServiceImpl : Service - Distance calculated: 5557.903766857385
2021-11-27 20:34:21.172  INFO 530588 --- [onPool-worker-1] .t.t.s.TourGuideClientRewardsServiceImpl : Service - Distance calculated: 3137.784055563941
2021-11-27 20:34:21.172  INFO 530588 --- [onPool-worker-9] .t.t.s.TourGuideClientRewardsServiceImpl : Service - Distance calculated: 3054.793839550003
2021-11-27 20:34:21.172  INFO 530588 --- [nPool-worker-12] .t.t.s.TourGuideClientRewardsServiceImpl : Service - Distance calculated: 4958.020730840738
2021-11-27 20:34:21.172  INFO 530588 --- [onPool-worker-1] .t.t.s.TourGuideClientRewardsServiceImpl : Service - Distance calculated: 3023.465646942901
2021-11-27 20:34:21.172  INFO 530588 --- [nPool-worker-12] .t.t.s.TourGuideClientRewardsServiceImpl : Service - Distance calculated: 5958.990415989649
2021-11-27 20:34:21.172  INFO 530588 --- [nPool-worker-12] .t.t.s.TourGuideClientRewardsServiceImpl : Service - Distance calculated: 5111.340118143698
2021-11-27 20:34:21.172  INFO 530588 --- [nPool-worker-12] .t.t.s.TourGuideClientRewardsServiceImpl : Service - Distance calculated: 5273.9445168683
2021-11-27 20:34:21.172  INFO 530588 --- [nPool-worker-12] .t.t.s.TourGuideClientRewardsServiceImpl : Service - Distance calculated: 5041.017160042328
2021-11-27 20:34:21.172  INFO 530588 --- [nPool-worker-12] .t.t.s.TourGuideClientRewardsServiceImpl : Service - Distance calculated: 5187.256873999176
2021-11-27 20:34:21.172  INFO 530588 --- [nPool-worker-12] .t.t.s.TourGuideClientRewardsServiceImpl : Service - Distance calculated: 5943.70416495617
2021-11-27 20:34:21.172  INFO 530588 --- [nPool-worker-12] .t.t.s.TourGuideClientRewardsServiceImpl : Service - Distance calculated: 8598.503646158817
2021-11-27 20:34:21.172  INFO 530588 --- [nPool-worker-12] .t.t.s.TourGuideClientRewardsServiceImpl : Service - Distance calculated: 9330.985789952105
2021-11-27 20:34:21.172  INFO 530588 --- [nPool-worker-12] .t.t.s.TourGuideClientRewardsServiceImpl : Service - Distance calculated: 8712.222753654409
2021-11-27 20:34:21.172  INFO 530588 --- [nPool-worker-12] .t.t.s.TourGuideClientRewardsServiceImpl : Service - Distance calculated: 8622.711624978036
2021-11-27 20:34:21.172  INFO 530588 --- [nPool-worker-12] .t.t.s.TourGuideClientRewardsServiceImpl : Service - Distance calculated: 8983.440296311901
2021-11-27 20:34:21.172  INFO 530588 --- [nPool-worker-12] .t.t.s.TourGuideClientRewardsServiceImpl : Service - Distance calculated: 8881.091525091286
2021-11-27 20:34:21.172  INFO 530588 --- [nPool-worker-12] .t.t.s.TourGuideClientRewardsServiceImpl : Service - Distance calculated: 8537.6945402231
2021-11-27 20:34:21.172  INFO 530588 --- [nPool-worker-12] .t.t.s.TourGuideClientRewardsServiceImpl : Service - Distance calculated: 9338.911224253316
2021-11-27 20:34:21.172  INFO 530588 --- [nPool-worker-12] .t.t.s.TourGuideClientRewardsServiceImpl : Service - Distance calculated: 9134.103619831118
2021-11-27 20:34:21.172  INFO 530588 --- [nPool-worker-15] .t.t.s.TourGuideClientRewardsServiceImpl : Service - Distance calculated: 11718.140276769396
2021-11-27 20:34:21.172  INFO 530588 --- [nPool-worker-12] .t.t.s.TourGuideClientRewardsServiceImpl : Service - Distance calculated: 10155.568098609176
2021-11-27 20:34:21.172  INFO 530588 --- [onPool-worker-8] .t.t.s.TourGuideClientRewardsServiceImpl : Service - Distance calculated: 5315.754333785946
2021-11-27 20:34:21.172  INFO 530588 --- [nPool-worker-10] .t.t.s.TourGuideClientRewardsServiceImpl : Service - Distance calculated: 774.5207212649109
2021-11-27 20:34:21.172  INFO 530588 --- [nPool-worker-15] .t.t.s.TourGuideClientRewardsServiceImpl : Service - Distance calculated: 10503.88332227838
2021-11-27 20:34:21.172  INFO 530588 --- [onPool-worker-8] .t.t.s.TourGuideClientRewardsServiceImpl : Service - Distance calculated: 5055.986976620243
2021-11-27 20:34:21.172  INFO 530588 --- [nPool-worker-15] .t.t.s.TourGuideClientRewardsServiceImpl : Service - Distance calculated: 12142.036518031267
2021-11-27 20:34:21.172  INFO 530588 --- [onPool-worker-8] .t.t.s.TourGuideClientRewardsServiceImpl : Service - Distance calculated: 5564.283258740206
2021-11-27 20:34:21.172  INFO 530588 --- [nPool-worker-15] .t.t.s.TourGuideClientRewardsServiceImpl : Service - Distance calculated: 10987.560128212577
2021-11-27 20:34:21.172  INFO 530588 --- [onPool-worker-8] .t.t.s.TourGuideClientRewardsServiceImpl : Service - Distance calculated: 4770.513654519874
2021-11-27 20:34:21.172  INFO 530588 --- [onPool-worker-3] .t.t.s.TourGuideClientRewardsServiceImpl : Service - Distance calculated: 4340.489785987528
2021-11-27 20:34:21.172  INFO 530588 --- [nPool-worker-15] .t.t.s.TourGuideClientRewardsServiceImpl : Service - Distance calculated: 11130.364983196518
2021-11-27 20:34:21.172  INFO 530588 --- [onPool-worker-8] .t.t.s.TourGuideClientRewardsServiceImpl : Service - Distance calculated: 3768.1608647047415
2021-11-27 20:34:21.172  INFO 530588 --- [onPool-worker-5] .t.t.s.TourGuideClientRewardsServiceImpl : Service - Distance calculated: 2289.4339721013357
2021-11-27 20:34:21.172  INFO 530588 --- [nPool-worker-15] .t.t.s.TourGuideClientRewardsServiceImpl : Service - Distance calculated: 11379.517552401863
2021-11-27 20:34:21.172  INFO 530588 --- [onPool-worker-8] .t.t.s.TourGuideClientRewardsServiceImpl : Service - Distance calculated: 5521.6229902397345
2021-11-27 20:34:21.172  INFO 530588 --- [nPool-worker-15] .t.t.s.TourGuideClientRewardsServiceImpl : Service - Distance calculated: 11156.275882243564
2021-11-27 20:34:21.172  INFO 530588 --- [onPool-worker-8] .t.t.s.TourGuideClientRewardsServiceImpl : Service - Distance calculated: 6319.5263696988395
2021-11-27 20:34:21.172  INFO 530588 --- [nPool-worker-15] .t.t.s.TourGuideClientRewardsServiceImpl : Service - Distance calculated: 12081.66346242431
2021-11-27 20:34:21.172  INFO 530588 --- [onPool-worker-8] .t.t.s.TourGuideClientRewardsServiceImpl : Service - Distance calculated: 4259.204257238048
2021-11-27 20:34:21.172  INFO 530588 --- [nPool-worker-14] .t.t.s.TourGuideClientRewardsServiceImpl : Service - Distance calculated: 2421.1414102265394
2021-11-27 20:34:21.172  INFO 530588 --- [onPool-worker-2] .t.t.s.TourGuideClientRewardsServiceImpl : Service - Distance calculated: 7138.201098253662
2021-11-27 20:34:21.172  INFO 530588 --- [nPool-worker-14] .t.t.s.TourGuideClientRewardsServiceImpl : Service - Distance calculated: 3023.465174180458
2021-11-27 20:34:21.172  INFO 530588 --- [nPool-worker-11] .t.t.s.TourGuideClientRewardsServiceImpl : Service - Calculate rewards points for user: internalUser0
2021-11-27 20:34:21.172  INFO 530588 --- [onPool-worker-7] .t.t.s.TourGuideClientRewardsServiceImpl : Service - Distance calculated: 11441.980564457273
2021-11-27 20:34:21.172  INFO 530588 --- [nPool-worker-14] .t.t.s.TourGuideClientRewardsServiceImpl : Service - Distance calculated: 5.8950310023474215E-5
2021-11-27 20:34:21.172  INFO 530588 --- [onPool-worker-6] .t.t.s.TourGuideClientRewardsServiceImpl : Service - Calculate rewards points for user: internalUser98
2021-11-27 20:34:21.172  INFO 530588 --- [onPool-worker-7] .t.t.s.TourGuideClientRewardsServiceImpl : Service - Distance calculated: 10454.171184568595
2021-11-27 20:34:21.172  INFO 530588 --- [onPool-worker-7] .t.t.s.TourGuideClientRewardsServiceImpl : Service - Distance calculated: 12094.876483442682
2021-11-27 20:34:21.172  INFO 530588 --- [onPool-worker-7] .t.t.s.TourGuideClientRewardsServiceImpl : Service - Distance calculated: 11974.183904247499
2021-11-27 20:34:21.172  INFO 530588 --- [onPool-worker-7] .t.t.s.TourGuideClientRewardsServiceImpl : Service - Distance calculated: 9066.48117657968
2021-11-27 20:34:21.172  INFO 530588 --- [onPool-worker-7] .t.t.s.TourGuideClientRewardsServiceImpl : Service - Distance calculated: 12277.428759061195
2021-11-27 20:34:21.172  INFO 530588 --- [onPool-worker-7] .t.t.s.TourGuideClientRewardsServiceImpl : Service - Distance calculated: 12249.265478034416
2021-11-27 20:34:21.172  INFO 530588 --- [onPool-worker-7] .t.t.s.TourGuideClientRewardsServiceImpl : Service - Distance calculated: 12374.728776835333
2021-11-27 20:34:21.172  INFO 530588 --- [onPool-worker-7] .t.t.s.TourGuideClientRewardsServiceImpl : Service - Distance calculated: 11539.612495608102
2021-11-27 20:34:21.172  INFO 530588 --- [onPool-worker-7] .t.t.s.TourGuideClientRewardsServiceImpl : Service - Distance calculated: 11060.886543024075
2021-11-27 20:34:21.172  INFO 530588 --- [onPool-worker-7] .t.t.s.TourGuideClientRewardsServiceImpl : Service - Distance calculated: 11668.031821251792
2021-11-27 20:34:21.172  INFO 530588 --- [onPool-worker-7] .t.t.s.TourGuideClientRewardsServiceImpl : Service - Distance calculated: 11380.969164993157
2021-11-27 20:34:21.172  INFO 530588 --- [onPool-worker-7] .t.t.s.TourGuideClientRewardsServiceImpl : Service - Distance calculated: 11945.132087503735
2021-11-27 20:34:21.172  INFO 530588 --- [onPool-worker-7] .t.t.s.TourGuideClientRewardsServiceImpl : Service - Distance calculated: 11142.595439156305
2021-11-27 20:34:21.172  INFO 530588 --- [onPool-worker-7] .t.t.s.TourGuideClientRewardsServiceImpl : Service - Distance calculated: 10116.337509093402
2021-11-27 20:34:21.172  INFO 530588 --- [onPool-worker-7] .t.t.s.TourGuideClientRewardsServiceImpl : Service - Distance calculated: 11567.592532263121
2021-11-27 20:34:21.172  INFO 530588 --- [nPool-worker-14] .t.t.s.TourGuideClientRewardsServiceImpl : Service - Distance calculated: 774.5207212649109
2021-11-27 20:34:21.172  INFO 530588 --- [onPool-worker-7] .t.t.s.TourGuideClientRewardsServiceImpl : Service - Distance calculated: 12092.743414203873
2021-11-27 20:34:21.172  INFO 530588 --- [nPool-worker-14] .t.t.s.TourGuideClientRewardsServiceImpl : Service - Distance calculated: 164.91310606753288
2021-11-27 20:34:21.172  INFO 530588 --- [onPool-worker-7] .t.t.s.TourGuideClientRewardsServiceImpl : Service - Distance calculated: 10659.357619163506
2021-11-27 20:34:21.172  INFO 530588 --- [nPool-worker-14] .t.t.s.TourGuideClientRewardsServiceImpl : Service - Distance calculated: 115.99464245531166
2021-11-27 20:34:21.172  INFO 530588 --- [onPool-worker-7] .t.t.s.TourGuideClientRewardsServiceImpl : Service - Distance calculated: 11447.673105554928
2021-11-27 20:34:21.172  INFO 530588 --- [nPool-worker-14] .t.t.s.TourGuideClientRewardsServiceImpl : Service - Distance calculated: 1428.8577204882306
2021-11-27 20:34:21.173  INFO 530588 --- [onPool-worker-7] .t.t.s.TourGuideClientRewardsServiceImpl : Service - Distance calculated: 12267.808407868613
2021-11-27 20:34:21.172  INFO 530588 --- [onPool-worker-9] .t.t.s.TourGuideClientRewardsServiceImpl : Service - Distance calculated: 4451.727566492692
2021-11-27 20:34:21.173  INFO 530588 --- [onPool-worker-7] .t.t.s.TourGuideClientRewardsServiceImpl : Service - Distance calculated: 11613.862466195613
2021-11-27 20:34:21.173  INFO 530588 --- [onPool-worker-9] .t.t.s.TourGuideClientRewardsServiceImpl : Service - Distance calculated: 5412.106417007846
2021-11-27 20:34:21.173  INFO 530588 --- [onPool-worker-9] .t.t.s.TourGuideClientRewardsServiceImpl : Service - Distance calculated: 3395.10608264785
2021-11-27 20:34:21.173  INFO 530588 --- [onPool-worker-7] .t.t.s.TourGuideClientRewardsServiceImpl : Service - Distance calculated: 5.8950310023474215E-5
2021-11-27 20:34:21.173  INFO 530588 --- [onPool-worker-9] .t.t.s.TourGuideClientRewardsServiceImpl : Service - Distance calculated: 4227.877073048845
2021-11-27 20:34:21.173  INFO 530588 --- [onPool-worker-9] .t.t.s.TourGuideClientRewardsServiceImpl : Service - Distance calculated: 5242.208399518316
2021-11-27 20:34:21.173  INFO 530588 --- [onPool-worker-9] .t.t.s.TourGuideClientRewardsServiceImpl : Service - Distance calculated: 4512.417408277953
2021-11-27 20:34:21.173  INFO 530588 --- [onPool-worker-9] .t.t.s.TourGuideClientRewardsServiceImpl : Service - Distance calculated: 5.8950310023474215E-5
2021-11-27 20:34:21.173  INFO 530588 --- [onPool-worker-7] .t.t.s.TourGuideClientRewardsServiceImpl : Service - Distance calculated: 774.5207212649109
2021-11-27 20:34:21.173  INFO 530588 --- [onPool-worker-7] .t.t.s.TourGuideClientRewardsServiceImpl : Service - Distance calculated: 164.91310606753288
2021-11-27 20:34:21.173  INFO 530588 --- [onPool-worker-7] .t.t.s.TourGuideClientRewardsServiceImpl : Service - Distance calculated: 115.99464245531166
2021-11-27 20:34:21.173  INFO 530588 --- [onPool-worker-7] .t.t.s.TourGuideClientRewardsServiceImpl : Service - Distance calculated: 1428.8577204882306
2021-11-27 20:34:21.173  INFO 530588 --- [onPool-worker-7] .t.t.s.TourGuideClientRewardsServiceImpl : Service - Distance calculated: 1418.571827418631
2021-11-27 20:34:21.173  INFO 530588 --- [onPool-worker-7] .t.t.s.TourGuideClientRewardsServiceImpl : Service - Distance calculated: 460.11990361699293
2021-11-27 20:34:21.173  INFO 530588 --- [onPool-worker-7] .t.t.s.TourGuideClientRewardsServiceImpl : Service - Distance calculated: 1992.7911930022951
2021-11-27 20:34:21.173  INFO 530588 --- [onPool-worker-7] .t.t.s.TourGuideClientRewardsServiceImpl : Service - Distance calculated: 1906.7972782801585
2021-11-27 20:34:21.173  INFO 530588 --- [onPool-worker-7] .t.t.s.TourGuideClientRewardsServiceImpl : Service - Distance calculated: 2360.645624935619
2021-11-27 20:34:21.173  INFO 530588 --- [onPool-worker-7] .t.t.s.TourGuideClientRewardsServiceImpl : Service - Distance calculated: 2434.494471527265
2021-11-27 20:34:21.173  INFO 530588 --- [onPool-worker-7] .t.t.s.TourGuideClientRewardsServiceImpl : Service - Distance calculated: 2148.3967563579567
2021-11-27 20:34:21.173  INFO 530588 --- [onPool-worker-7] .t.t.s.TourGuideClientRewardsServiceImpl : Service - Distance calculated: 2282.746325565392
2021-11-27 20:34:21.173  INFO 530588 --- [onPool-worker-7] .t.t.s.TourGuideClientRewardsServiceImpl : Service - Distance calculated: 2289.4339721013357
2021-11-27 20:34:21.173  INFO 530588 --- [onPool-worker-7] .t.t.s.TourGuideClientRewardsServiceImpl : Service - Distance calculated: 1204.372289719331
2021-11-27 20:34:21.172  INFO 530588 --- [onPool-worker-1] .t.t.s.TourGuideClientRewardsServiceImpl : Service - Distance calculated: 2774.9231421711957
2021-11-27 20:34:21.172  INFO 530588 --- [nPool-worker-12] .t.t.s.TourGuideClientRewardsServiceImpl : Service - Distance calculated: 9455.238747306283
2021-11-27 20:34:21.173  INFO 530588 --- [onPool-worker-9] .t.t.s.TourGuideClientRewardsServiceImpl : Service - Distance calculated: 774.5207212649109
2021-11-27 20:34:21.172  INFO 530588 --- [nPool-worker-10] .t.t.s.TourGuideClientRewardsServiceImpl : Service - Distance calculated: 164.91310606753288
2021-11-27 20:34:21.173  INFO 530588 --- [onPool-worker-9] .t.t.s.TourGuideClientRewardsServiceImpl : Service - Distance calculated: 164.91310606753288
2021-11-27 20:34:21.173  INFO 530588 --- [nPool-worker-12] .t.t.s.TourGuideClientRewardsServiceImpl : Service - Distance calculated: 9359.151170584399
2021-11-27 20:34:21.173  INFO 530588 --- [onPool-worker-9] .t.t.s.TourGuideClientRewardsServiceImpl : Service - Distance calculated: 115.99464245531166
2021-11-27 20:34:21.173  INFO 530588 --- [nPool-worker-10] .t.t.s.TourGuideClientRewardsServiceImpl : Service - Distance calculated: 115.99464245531166
2021-11-27 20:34:21.173  INFO 530588 --- [onPool-worker-9] .t.t.s.TourGuideClientRewardsServiceImpl : Service - Distance calculated: 1428.8577204882306
2021-11-27 20:34:21.173  INFO 530588 --- [nPool-worker-10] .t.t.s.TourGuideClientRewardsServiceImpl : Service - Distance calculated: 1428.8577204882306
2021-11-27 20:34:21.173  INFO 530588 --- [onPool-worker-9] .t.t.s.TourGuideClientRewardsServiceImpl : Service - Distance calculated: 1418.571827418631
2021-11-27 20:34:21.173  INFO 530588 --- [nPool-worker-10] .t.t.s.TourGuideClientRewardsServiceImpl : Service - Distance calculated: 1418.571827418631
2021-11-27 20:34:21.173  INFO 530588 --- [onPool-worker-9] .t.t.s.TourGuideClientRewardsServiceImpl : Service - Distance calculated: 460.11990361699293
2021-11-27 20:34:21.173  INFO 530588 --- [nPool-worker-10] .t.t.s.TourGuideClientRewardsServiceImpl : Service - Distance calculated: 460.11990361699293
2021-11-27 20:34:21.173  INFO 530588 --- [onPool-worker-9] .t.t.s.TourGuideClientRewardsServiceImpl : Service - Distance calculated: 1992.7911930022951
2021-11-27 20:34:21.173  INFO 530588 --- [nPool-worker-10] .t.t.s.TourGuideClientRewardsServiceImpl : Service - Distance calculated: 1992.7911930022951
2021-11-27 20:34:21.173  INFO 530588 --- [onPool-worker-9] .t.t.s.TourGuideClientRewardsServiceImpl : Service - Distance calculated: 1906.7972782801585
2021-11-27 20:34:21.173  INFO 530588 --- [nPool-worker-10] .t.t.s.TourGuideClientRewardsServiceImpl : Service - Distance calculated: 1906.7972782801585
2021-11-27 20:34:21.173  INFO 530588 --- [onPool-worker-9] .t.t.s.TourGuideClientRewardsServiceImpl : Service - Distance calculated: 2360.645624935619
2021-11-27 20:34:21.173  INFO 530588 --- [nPool-worker-10] .t.t.s.TourGuideClientRewardsServiceImpl : Service - Distance calculated: 2360.645624935619
2021-11-27 20:34:21.173  INFO 530588 --- [onPool-worker-9] .t.t.s.TourGuideClientRewardsServiceImpl : Service - Distance calculated: 2434.494471527265
2021-11-27 20:34:21.173  INFO 530588 --- [nPool-worker-10] .t.t.s.TourGuideClientRewardsServiceImpl : Service - Distance calculated: 2434.494471527265
2021-11-27 20:34:21.173  INFO 530588 --- [onPool-worker-9] .t.t.s.TourGuideClientRewardsServiceImpl : Service - Distance calculated: 2148.3967563579567
2021-11-27 20:34:21.173  INFO 530588 --- [nPool-worker-10] .t.t.s.TourGuideClientRewardsServiceImpl : Service - Distance calculated: 2148.3967563579567
2021-11-27 20:34:21.173  INFO 530588 --- [onPool-worker-9] .t.t.s.TourGuideClientRewardsServiceImpl : Service - Distance calculated: 2282.746325565392
2021-11-27 20:34:21.173  INFO 530588 --- [nPool-worker-10] .t.t.s.TourGuideClientRewardsServiceImpl : Service - Distance calculated: 2282.746325565392
2021-11-27 20:34:21.173  INFO 530588 --- [nPool-worker-10] .t.t.s.TourGuideClientRewardsServiceImpl : Service - Distance calculated: 2289.4339721013357
2021-11-27 20:34:21.173  INFO 530588 --- [nPool-worker-10] .t.t.s.TourGuideClientRewardsServiceImpl : Service - Distance calculated: 1204.372289719331
2021-11-27 20:34:21.173  INFO 530588 --- [nPool-worker-10] .t.t.s.TourGuideClientRewardsServiceImpl : Service - Distance calculated: 1742.5694022642394
2021-11-27 20:34:21.173  INFO 530588 --- [nPool-worker-10] .t.t.s.TourGuideClientRewardsServiceImpl : Service - Distance calculated: 1576.7472428725728
2021-11-27 20:34:21.172  INFO 530588 --- [onPool-worker-3] .t.t.s.TourGuideClientRewardsServiceImpl : Service - Distance calculated: 6151.699405503028
2021-11-27 20:34:21.172  INFO 530588 --- [onPool-worker-5] .t.t.s.TourGuideClientRewardsServiceImpl : Service - Distance calculated: 1204.372289719331
2021-11-27 20:34:21.173  INFO 530588 --- [onPool-worker-3] .t.t.s.TourGuideClientRewardsServiceImpl : Service - Distance calculated: 6909.695189364747
2021-11-27 20:34:21.173  INFO 530588 --- [onPool-worker-3] .t.t.s.TourGuideClientRewardsServiceImpl : Service - Distance calculated: 4858.740974791322
2021-11-27 20:34:21.173  INFO 530588 --- [onPool-worker-3] .t.t.s.TourGuideClientRewardsServiceImpl : Service - Distance calculated: 5664.964077058491
2021-11-27 20:34:21.172  INFO 530588 --- [nPool-worker-15] .t.t.s.TourGuideClientRewardsServiceImpl : Service - Distance calculated: 8169.1313166106265
2021-11-27 20:34:21.172  INFO 530588 --- [onPool-worker-8] .t.t.s.TourGuideClientRewardsServiceImpl : Service - Distance calculated: 5077.649694890266
2021-11-27 20:34:21.172  INFO 530588 --- [onPool-worker-2] .t.t.s.TourGuideClientRewardsServiceImpl : Service - Distance calculated: 7887.544855843649
2021-11-27 20:34:21.173  INFO 530588 --- [nPool-worker-14] .t.t.s.TourGuideClientRewardsServiceImpl : Service - Distance calculated: 1418.571827418631
2021-11-27 20:34:21.173  INFO 530588 --- [onPool-worker-2] .t.t.s.TourGuideClientRewardsServiceImpl : Service - Distance calculated: 9060.060562453811
2021-11-27 20:34:21.173  INFO 530588 --- [onPool-worker-7] .t.t.s.TourGuideClientRewardsServiceImpl : Service - Distance calculated: 1742.5694022642394
2021-11-27 20:34:21.173  INFO 530588 --- [nPool-worker-14] .t.t.s.TourGuideClientRewardsServiceImpl : Service - Distance calculated: 460.11990361699293
2021-11-27 20:34:21.173  INFO 530588 --- [onPool-worker-7] .t.t.s.TourGuideClientRewardsServiceImpl : Service - Distance calculated: 1576.7472428725728
2021-11-27 20:34:21.173  INFO 530588 --- [onPool-worker-1] .t.t.s.TourGuideClientRewardsServiceImpl : Service - Distance calculated: 2029.2809504586774
2021-11-27 20:34:21.173  INFO 530588 --- [nPool-worker-12] .t.t.s.TourGuideClientRewardsServiceImpl : Service - Distance calculated: 9308.07019811974
2021-11-27 20:34:21.173  INFO 530588 --- [onPool-worker-9] .t.t.s.TourGuideClientRewardsServiceImpl : Service - Distance calculated: 2289.4339721013357
2021-11-27 20:34:21.173  INFO 530588 --- [onPool-worker-1] .t.t.s.TourGuideClientRewardsServiceImpl : Service - Distance calculated: 5.8950310023474215E-5
2021-11-27 20:34:21.173  INFO 530588 --- [nPool-worker-10] .t.t.s.TourGuideClientRewardsServiceImpl : Service - Distance calculated: 1921.4807999190489
2021-11-27 20:34:21.173  INFO 530588 --- [onPool-worker-9] .t.t.s.TourGuideClientRewardsServiceImpl : Service - Distance calculated: 1204.372289719331
2021-11-27 20:34:21.173  INFO 530588 --- [onPool-worker-9] .t.t.s.TourGuideClientRewardsServiceImpl : Service - Distance calculated: 1742.5694022642394
2021-11-27 20:34:21.173  INFO 530588 --- [nPool-worker-10] .t.t.s.TourGuideClientRewardsServiceImpl : Service - Distance calculated: 1277.6245433336508
2021-11-27 20:34:21.173  INFO 530588 --- [onPool-worker-9] .t.t.s.TourGuideClientRewardsServiceImpl : Service - Distance calculated: 1576.7472428725728
2021-11-27 20:34:21.173  INFO 530588 --- [onPool-worker-5] .t.t.s.TourGuideClientRewardsServiceImpl : Service - Distance calculated: 1742.5694022642394
2021-11-27 20:34:21.174  INFO 530588 --- [nPool-worker-10] .t.t.s.TourGuideClientRewardsServiceImpl : Service - Distance calculated: 87.03441722159666
2021-11-27 20:34:21.174  INFO 530588 --- [nPool-worker-10] .t.t.s.TourGuideClientRewardsServiceImpl : Service - Distance calculated: 2127.2478407793283
2021-11-27 20:34:21.174  INFO 530588 --- [nPool-worker-10] .t.t.s.TourGuideClientRewardsServiceImpl : Service - Distance calculated: 2578.910516018122
2021-11-27 20:34:21.174  INFO 530588 --- [nPool-worker-10] .t.t.s.TourGuideClientRewardsServiceImpl : Service - Distance calculated: 680.6158831369517
2021-11-27 20:34:21.174  INFO 530588 --- [nPool-worker-10] .t.t.s.TourGuideClientRewardsServiceImpl : Service - Distance calculated: 1344.090272349311
2021-11-27 20:34:21.174  INFO 530588 --- [nPool-worker-10] .t.t.s.TourGuideClientRewardsServiceImpl : Service - Distance calculated: 2440.177336041544
2021-11-27 20:34:21.174  INFO 530588 --- [onPool-worker-1] .t.t.s.TourGuideClientRewardsServiceImpl : Service - Distance calculated: 774.5207212649109
2021-11-27 20:34:21.174  INFO 530588 --- [onPool-worker-1] .t.t.s.TourGuideClientRewardsServiceImpl : Service - Distance calculated: 164.91310606753288
2021-11-27 20:34:21.174  INFO 530588 --- [onPool-worker-1] .t.t.s.TourGuideClientRewardsServiceImpl : Service - Distance calculated: 115.99464245531166
2021-11-27 20:34:21.174  INFO 530588 --- [onPool-worker-1] .t.t.s.TourGuideClientRewardsServiceImpl : Service - Distance calculated: 1428.8577204882306
2021-11-27 20:34:21.174  INFO 530588 --- [onPool-worker-1] .t.t.s.TourGuideClientRewardsServiceImpl : Service - Distance calculated: 1418.571827418631
2021-11-27 20:34:21.174  INFO 530588 --- [onPool-worker-1] .t.t.s.TourGuideClientRewardsServiceImpl : Service - Distance calculated: 460.11990361699293
2021-11-27 20:34:21.174  INFO 530588 --- [onPool-worker-1] .t.t.s.TourGuideClientRewardsServiceImpl : Service - Distance calculated: 1992.7911930022951
2021-11-27 20:34:21.174  INFO 530588 --- [onPool-worker-1] .t.t.s.TourGuideClientRewardsServiceImpl : Service - Distance calculated: 1906.7972782801585
2021-11-27 20:34:21.174  INFO 530588 --- [onPool-worker-1] .t.t.s.TourGuideClientRewardsServiceImpl : Service - Distance calculated: 2360.645624935619
2021-11-27 20:34:21.174  INFO 530588 --- [onPool-worker-1] .t.t.s.TourGuideClientRewardsServiceImpl : Service - Distance calculated: 2434.494471527265
2021-11-27 20:34:21.174  INFO 530588 --- [onPool-worker-1] .t.t.s.TourGuideClientRewardsServiceImpl : Service - Distance calculated: 2148.3967563579567
2021-11-27 20:34:21.174  INFO 530588 --- [onPool-worker-1] .t.t.s.TourGuideClientRewardsServiceImpl : Service - Distance calculated: 2282.746325565392
2021-11-27 20:34:21.174  INFO 530588 --- [onPool-worker-1] .t.t.s.TourGuideClientRewardsServiceImpl : Service - Distance calculated: 2289.4339721013357
2021-11-27 20:34:21.174  INFO 530588 --- [onPool-worker-1] .t.t.s.TourGuideClientRewardsServiceImpl : Service - Distance calculated: 1204.372289719331
2021-11-27 20:34:21.174  INFO 530588 --- [onPool-worker-1] .t.t.s.TourGuideClientRewardsServiceImpl : Service - Distance calculated: 1742.5694022642394
2021-11-27 20:34:21.174  INFO 530588 --- [onPool-worker-1] .t.t.s.TourGuideClientRewardsServiceImpl : Service - Distance calculated: 1576.7472428725728
2021-11-27 20:34:21.174  INFO 530588 --- [onPool-worker-1] .t.t.s.TourGuideClientRewardsServiceImpl : Service - Distance calculated: 1921.4807999190489
2021-11-27 20:34:21.174  INFO 530588 --- [onPool-worker-1] .t.t.s.TourGuideClientRewardsServiceImpl : Service - Distance calculated: 1277.6245433336508
2021-11-27 20:34:21.174  INFO 530588 --- [onPool-worker-1] .t.t.s.TourGuideClientRewardsServiceImpl : Service - Distance calculated: 87.03441722159666
2021-11-27 20:34:21.174  INFO 530588 --- [onPool-worker-1] .t.t.s.TourGuideClientRewardsServiceImpl : Service - Distance calculated: 2127.2478407793283
2021-11-27 20:34:21.174  INFO 530588 --- [onPool-worker-1] .t.t.s.TourGuideClientRewardsServiceImpl : Service - Distance calculated: 2578.910516018122
2021-11-27 20:34:21.174  INFO 530588 --- [onPool-worker-1] .t.t.s.TourGuideClientRewardsServiceImpl : Service - Distance calculated: 680.6158831369517
2021-11-27 20:34:21.174  INFO 530588 --- [onPool-worker-1] .t.t.s.TourGuideClientRewardsServiceImpl : Service - Distance calculated: 1344.090272349311
2021-11-27 20:34:21.174  INFO 530588 --- [onPool-worker-1] .t.t.s.TourGuideClientRewardsServiceImpl : Service - Distance calculated: 2440.177336041544
2021-11-27 20:34:21.174  INFO 530588 --- [onPool-worker-1] .t.t.s.TourGuideClientRewardsServiceImpl : Service - Distance calculated: 2168.830527042806
2021-11-27 20:34:21.174  INFO 530588 --- [onPool-worker-1] .t.t.s.TourGuideClientRewardsServiceImpl : Service - Calculate rewards points for user: internalUser14
2021-11-27 20:34:21.173  INFO 530588 --- [onPool-worker-3] .t.t.s.TourGuideClientRewardsServiceImpl : Service - Distance calculated: 6759.2642118447575
2021-11-27 20:34:21.173  INFO 530588 --- [nPool-worker-15] .t.t.s.TourGuideClientRewardsServiceImpl : Service - Distance calculated: 8769.823830798963
2021-11-27 20:34:21.174  INFO 530588 --- [nPool-worker-15] .t.t.s.TourGuideClientRewardsServiceImpl : Service - Distance calculated: 8236.598681407737
2021-11-27 20:34:21.174  INFO 530588 --- [nPool-worker-15] .t.t.s.TourGuideClientRewardsServiceImpl : Service - Distance calculated: 8154.406662528111
2021-11-27 20:34:21.174  INFO 530588 --- [nPool-worker-15] .t.t.s.TourGuideClientRewardsServiceImpl : Service - Distance calculated: 8119.051570973658
2021-11-27 20:34:21.174  INFO 530588 --- [nPool-worker-15] .t.t.s.TourGuideClientRewardsServiceImpl : Service - Distance calculated: 8020.26369824777
2021-11-27 20:34:21.174  INFO 530588 --- [nPool-worker-15] .t.t.s.TourGuideClientRewardsServiceImpl : Service - Distance calculated: 7964.913070398189
2021-11-27 20:34:21.173  INFO 530588 --- [onPool-worker-8] .t.t.s.TourGuideClientRewardsServiceImpl : Service - Distance calculated: 6163.894446521975
2021-11-27 20:34:21.174  INFO 530588 --- [nPool-worker-15] .t.t.s.TourGuideClientRewardsServiceImpl : Service - Distance calculated: 8338.052935501597
2021-11-27 20:34:21.174  INFO 530588 --- [nPool-worker-15] .t.t.s.TourGuideClientRewardsServiceImpl : Service - Distance calculated: 8152.164839010731
2021-11-27 20:34:21.174  INFO 530588 --- [onPool-worker-8] .t.t.s.TourGuideClientRewardsServiceImpl : Service - Distance calculated: 5580.305946497107
2021-11-27 20:34:21.174  INFO 530588 --- [nPool-worker-15] .t.t.s.TourGuideClientRewardsServiceImpl : Service - Distance calculated: 10344.79723336067
2021-11-27 20:34:21.174  INFO 530588 --- [onPool-worker-8] .t.t.s.TourGuideClientRewardsServiceImpl : Service - Distance calculated: 5025.1397623452285
2021-11-27 20:34:21.174  INFO 530588 --- [onPool-worker-3] .t.t.s.TourGuideClientRewardsServiceImpl : Service - Distance calculated: 6209.900292153971
2021-11-27 20:34:21.174  INFO 530588 --- [onPool-worker-8] .t.t.s.TourGuideClientRewardsServiceImpl : Service - Distance calculated: 4367.753106802241
2021-11-27 20:34:21.174  INFO 530588 --- [onPool-worker-8] .t.t.s.TourGuideClientRewardsServiceImpl : Service - Distance calculated: 4860.3945767318155
2021-11-27 20:34:21.174  INFO 530588 --- [onPool-worker-3] .t.t.s.TourGuideClientRewardsServiceImpl : Service - Distance calculated: 5.8950310023474215E-5
2021-11-27 20:34:21.174  INFO 530588 --- [onPool-worker-8] .t.t.s.TourGuideClientRewardsServiceImpl : Service - Distance calculated: 4923.837267109186
2021-11-27 20:34:21.174  INFO 530588 --- [onPool-worker-8] .t.t.s.TourGuideClientRewardsServiceImpl : Service - Distance calculated: 3683.9083220873854
2021-11-27 20:34:21.174  INFO 530588 --- [onPool-worker-8] .t.t.s.TourGuideClientRewardsServiceImpl : Service - Distance calculated: 3735.865976387007
2021-11-27 20:34:21.174  INFO 530588 --- [onPool-worker-8] .t.t.s.TourGuideClientRewardsServiceImpl : Service - Distance calculated: 4716.135731003814
2021-11-27 20:34:21.174  INFO 530588 --- [onPool-worker-8] .t.t.s.TourGuideClientRewardsServiceImpl : Service - Distance calculated: 3065.380776059765
2021-11-27 20:34:21.174  INFO 530588 --- [onPool-worker-8] .t.t.s.TourGuideClientRewardsServiceImpl : Service - Distance calculated: 3202.7596715629734
2021-11-27 20:34:21.174  INFO 530588 --- [onPool-worker-8] .t.t.s.TourGuideClientRewardsServiceImpl : Service - Distance calculated: 5050.658259170778
2021-11-27 20:34:21.174  INFO 530588 --- [onPool-worker-8] .t.t.s.TourGuideClientRewardsServiceImpl : Service - Distance calculated: 2620.0739877752876
2021-11-27 20:34:21.174  INFO 530588 --- [onPool-worker-8] .t.t.s.TourGuideClientRewardsServiceImpl : Service - Distance calculated: 2914.06209624717
2021-11-27 20:34:21.174  INFO 530588 --- [onPool-worker-8] .t.t.s.TourGuideClientRewardsServiceImpl : Service - Distance calculated: 2800.1234299617204
2021-11-27 20:34:21.174  INFO 530588 --- [onPool-worker-8] .t.t.s.TourGuideClientRewardsServiceImpl : Service - Distance calculated: 3236.9497149922904
2021-11-27 20:34:21.174  INFO 530588 --- [onPool-worker-8] .t.t.s.TourGuideClientRewardsServiceImpl : Service - Distance calculated: 4104.7936662046295
2021-11-27 20:34:21.174  INFO 530588 --- [onPool-worker-8] .t.t.s.TourGuideClientRewardsServiceImpl : Service - Distance calculated: 3476.4667514819134
2021-11-27 20:34:21.173  INFO 530588 --- [onPool-worker-2] .t.t.s.TourGuideClientRewardsServiceImpl : Service - Distance calculated: 7362.372255518779
2021-11-27 20:34:21.173  INFO 530588 --- [nPool-worker-14] .t.t.s.TourGuideClientRewardsServiceImpl : Service - Distance calculated: 1992.7911930022951
2021-11-27 20:34:21.174  INFO 530588 --- [onPool-worker-8] .t.t.s.TourGuideClientRewardsServiceImpl : Service - Distance calculated: 3747.7013180321424
2021-11-27 20:34:21.175  INFO 530588 --- [onPool-worker-2] .t.t.s.TourGuideClientRewardsServiceImpl : Service - Distance calculated: 8135.929032133592
2021-11-27 20:34:21.175  INFO 530588 --- [onPool-worker-8] .t.t.s.TourGuideClientRewardsServiceImpl : Service - Distance calculated: 3218.9071480122334
2021-11-27 20:34:21.175  INFO 530588 --- [onPool-worker-2] .t.t.s.TourGuideClientRewardsServiceImpl : Service - Distance calculated: 8890.885179208863
2021-11-27 20:34:21.173  INFO 530588 --- [onPool-worker-7] .t.t.s.TourGuideClientRewardsServiceImpl : Service - Distance calculated: 1921.4807999190489
2021-11-27 20:34:21.175  INFO 530588 --- [onPool-worker-8] .t.t.s.TourGuideClientRewardsServiceImpl : Service - Distance calculated: 4020.3288946356515
2021-11-27 20:34:21.173  INFO 530588 --- [nPool-worker-12] .t.t.s.TourGuideClientRewardsServiceImpl : Service - Distance calculated: 8463.160654965197
2021-11-27 20:34:21.175  INFO 530588 --- [onPool-worker-8] .t.t.s.TourGuideClientRewardsServiceImpl : Service - Distance calculated: 5026.532939993155
2021-11-27 20:34:21.174  INFO 530588 --- [onPool-worker-5] .t.t.s.TourGuideClientRewardsServiceImpl : Service - Distance calculated: 1576.7472428725728
2021-11-27 20:34:21.175  INFO 530588 --- [onPool-worker-8] .t.t.s.TourGuideClientRewardsServiceImpl : Service - Distance calculated: 3335.9731530158947
2021-11-27 20:34:21.175  INFO 530588 --- [nPool-worker-12] .t.t.s.TourGuideClientRewardsServiceImpl : Service - Distance calculated: 8550.24551195886
2021-11-27 20:34:21.175  INFO 530588 --- [onPool-worker-5] .t.t.s.TourGuideClientRewardsServiceImpl : Service - Distance calculated: 1921.4807999190489
2021-11-27 20:34:21.175  INFO 530588 --- [onPool-worker-8] .t.t.s.TourGuideClientRewardsServiceImpl : Service - Distance calculated: 2458.6502114496384
2021-11-27 20:34:21.175  INFO 530588 --- [nPool-worker-12] .t.t.s.TourGuideClientRewardsServiceImpl : Service - Distance calculated: 8838.011239859168
2021-11-27 20:34:21.175  INFO 530588 --- [onPool-worker-5] .t.t.s.TourGuideClientRewardsServiceImpl : Service - Distance calculated: 1277.6245433336508
2021-11-27 20:34:21.175  INFO 530588 --- [onPool-worker-8] .t.t.s.TourGuideClientRewardsServiceImpl : Service - Distance calculated: 4517.604235775669
2021-11-27 20:34:21.175  INFO 530588 --- [onPool-worker-5] .t.t.s.TourGuideClientRewardsServiceImpl : Service - Distance calculated: 87.03441722159666
2021-11-27 20:34:21.175  INFO 530588 --- [onPool-worker-5] .t.t.s.TourGuideClientRewardsServiceImpl : Service - Distance calculated: 2127.2478407793283
2021-11-27 20:34:21.175  INFO 530588 --- [onPool-worker-8] .t.t.s.TourGuideClientRewardsServiceImpl : Service - Distance calculated: 3702.812679572232
2021-11-27 20:34:21.174  INFO 530588 --- [onPool-worker-9] .t.t.s.TourGuideClientRewardsServiceImpl : Service - Distance calculated: 1921.4807999190489
2021-11-27 20:34:21.175  INFO 530588 --- [onPool-worker-8] .t.t.s.TourGuideClientRewardsServiceImpl : Service - Distance calculated: 2612.921979373056
2021-11-27 20:34:21.175  INFO 530588 --- [onPool-worker-9] .t.t.s.TourGuideClientRewardsServiceImpl : Service - Distance calculated: 1277.6245433336508
2021-11-27 20:34:21.175  INFO 530588 --- [onPool-worker-8] .t.t.s.TourGuideClientRewardsServiceImpl : Service - Distance calculated: 3275.195646789774
2021-11-27 20:34:21.175  INFO 530588 --- [onPool-worker-9] .t.t.s.TourGuideClientRewardsServiceImpl : Service - Distance calculated: 87.03441722159666
2021-11-27 20:34:21.175  INFO 530588 --- [onPool-worker-9] .t.t.s.TourGuideClientRewardsServiceImpl : Service - Distance calculated: 2127.2478407793283
2021-11-27 20:34:21.175  INFO 530588 --- [onPool-worker-8] .t.t.s.TourGuideClientRewardsServiceImpl : Service - Distance calculated: 5.8950310023474215E-5
2021-11-27 20:34:21.175  INFO 530588 --- [onPool-worker-9] .t.t.s.TourGuideClientRewardsServiceImpl : Service - Distance calculated: 2578.910516018122
2021-11-27 20:34:21.174  INFO 530588 --- [nPool-worker-10] .t.t.s.TourGuideClientRewardsServiceImpl : Service - Distance calculated: 2168.830527042806
2021-11-27 20:34:21.175  INFO 530588 --- [onPool-worker-9] .t.t.s.TourGuideClientRewardsServiceImpl : Service - Distance calculated: 680.6158831369517
2021-11-27 20:34:21.175  INFO 530588 --- [nPool-worker-10] .t.t.s.TourGuideClientRewardsServiceImpl : Service - Calculate rewards points for user: internalUser3
2021-11-27 20:34:21.174  INFO 530588 --- [nPool-worker-15] .t.t.s.TourGuideClientRewardsServiceImpl : Service - Distance calculated: 8364.49245869537
2021-11-27 20:34:21.175  INFO 530588 --- [nPool-worker-15] .t.t.s.TourGuideClientRewardsServiceImpl : Service - Distance calculated: 8324.349809906898
2021-11-27 20:34:21.175  INFO 530588 --- [nPool-worker-15] .t.t.s.TourGuideClientRewardsServiceImpl : Service - Distance calculated: 8246.317053713025
2021-11-27 20:34:21.175  INFO 530588 --- [nPool-worker-15] .t.t.s.TourGuideClientRewardsServiceImpl : Service - Distance calculated: 7430.159847328668
2021-11-27 20:34:21.175  INFO 530588 --- [nPool-worker-15] .t.t.s.TourGuideClientRewardsServiceImpl : Service - Distance calculated: 7759.904007385231
2021-11-27 20:34:21.175  INFO 530588 --- [nPool-worker-15] .t.t.s.TourGuideClientRewardsServiceImpl : Service - Distance calculated: 7899.170166263112
2021-11-27 20:34:21.175  INFO 530588 --- [nPool-worker-15] .t.t.s.TourGuideClientRewardsServiceImpl : Service - Distance calculated: 7726.935259902896
2021-11-27 20:34:21.175  INFO 530588 --- [nPool-worker-15] .t.t.s.TourGuideClientRewardsServiceImpl : Service - Distance calculated: 8070.523474478068
2021-11-27 20:34:21.175  INFO 530588 --- [nPool-worker-15] .t.t.s.TourGuideClientRewardsServiceImpl : Service - Distance calculated: 7772.846700386472
2021-11-27 20:34:21.175  INFO 530588 --- [nPool-worker-15] .t.t.s.TourGuideClientRewardsServiceImpl : Service - Distance calculated: 8088.059624427049
2021-11-27 20:34:21.175  INFO 530588 --- [nPool-worker-15] .t.t.s.TourGuideClientRewardsServiceImpl : Service - Distance calculated: 7517.257792337806
2021-11-27 20:34:21.175  INFO 530588 --- [nPool-worker-15] .t.t.s.TourGuideClientRewardsServiceImpl : Service - Distance calculated: 8465.169480923725
2021-11-27 20:34:21.175  INFO 530588 --- [nPool-worker-15] .t.t.s.TourGuideClientRewardsServiceImpl : Service - Distance calculated: 7927.357762503847
2021-11-27 20:34:21.175  INFO 530588 --- [onPool-worker-8] .t.t.s.TourGuideClientRewardsServiceImpl : Service - Distance calculated: 774.5207212649109
2021-11-27 20:34:21.175  INFO 530588 --- [nPool-worker-15] .t.t.s.TourGuideClientRewardsServiceImpl : Service - Distance calculated: 8337.218434708
2021-11-27 20:34:21.175  INFO 530588 --- [onPool-worker-8] .t.t.s.TourGuideClientRewardsServiceImpl : Service - Distance calculated: 164.91310606753288
2021-11-27 20:34:21.175  INFO 530588 --- [nPool-worker-15] .t.t.s.TourGuideClientRewardsServiceImpl : Service - Distance calculated: 8371.888967939816
2021-11-27 20:34:21.175  INFO 530588 --- [onPool-worker-8] .t.t.s.TourGuideClientRewardsServiceImpl : Service - Distance calculated: 115.99464245531166
2021-11-27 20:34:21.175  INFO 530588 --- [nPool-worker-15] .t.t.s.TourGuideClientRewardsServiceImpl : Service - Distance calculated: 7541.448815653477
2021-11-27 20:34:21.175  INFO 530588 --- [onPool-worker-8] .t.t.s.TourGuideClientRewardsServiceImpl : Service - Distance calculated: 1428.8577204882306
2021-11-27 20:34:21.175  INFO 530588 --- [onPool-worker-8] .t.t.s.TourGuideClientRewardsServiceImpl : Service - Distance calculated: 1418.571827418631
2021-11-27 20:34:21.175  INFO 530588 --- [nPool-worker-15] .t.t.s.TourGuideClientRewardsServiceImpl : Service - Distance calculated: 5.8950310023474215E-5
2021-11-27 20:34:21.175  INFO 530588 --- [onPool-worker-8] .t.t.s.TourGuideClientRewardsServiceImpl : Service - Distance calculated: 460.11990361699293
2021-11-27 20:34:21.175  INFO 530588 --- [onPool-worker-8] .t.t.s.TourGuideClientRewardsServiceImpl : Service - Distance calculated: 1992.7911930022951
2021-11-27 20:34:21.175  INFO 530588 --- [onPool-worker-8] .t.t.s.TourGuideClientRewardsServiceImpl : Service - Distance calculated: 1906.7972782801585
2021-11-27 20:34:21.175  INFO 530588 --- [onPool-worker-8] .t.t.s.TourGuideClientRewardsServiceImpl : Service - Distance calculated: 2360.645624935619
2021-11-27 20:34:21.175  INFO 530588 --- [onPool-worker-8] .t.t.s.TourGuideClientRewardsServiceImpl : Service - Distance calculated: 2434.494471527265
2021-11-27 20:34:21.175  INFO 530588 --- [onPool-worker-8] .t.t.s.TourGuideClientRewardsServiceImpl : Service - Distance calculated: 2148.3967563579567
2021-11-27 20:34:21.175  INFO 530588 --- [onPool-worker-8] .t.t.s.TourGuideClientRewardsServiceImpl : Service - Distance calculated: 2282.746325565392
2021-11-27 20:34:21.175  INFO 530588 --- [nPool-worker-14] .t.t.s.TourGuideClientRewardsServiceImpl : Service - Distance calculated: 1906.7972782801585
2021-11-27 20:34:21.175  INFO 530588 --- [onPool-worker-2] .t.t.s.TourGuideClientRewardsServiceImpl : Service - Distance calculated: 7940.739791435439
2021-11-27 20:34:21.175  INFO 530588 --- [nPool-worker-14] .t.t.s.TourGuideClientRewardsServiceImpl : Service - Distance calculated: 2360.645624935619
2021-11-27 20:34:21.175  INFO 530588 --- [onPool-worker-2] .t.t.s.TourGuideClientRewardsServiceImpl : Service - Distance calculated: 6561.866862022487
2021-11-27 20:34:21.175  INFO 530588 --- [onPool-worker-2] .t.t.s.TourGuideClientRewardsServiceImpl : Service - Distance calculated: 5860.672295096915
2021-11-27 20:34:21.175  INFO 530588 --- [onPool-worker-7] .t.t.s.TourGuideClientRewardsServiceImpl : Service - Distance calculated: 1277.6245433336508
2021-11-27 20:34:21.175  INFO 530588 --- [nPool-worker-12] .t.t.s.TourGuideClientRewardsServiceImpl : Service - Distance calculated: 8616.48747126334
2021-11-27 20:34:21.175  INFO 530588 --- [onPool-worker-7] .t.t.s.TourGuideClientRewardsServiceImpl : Service - Distance calculated: 87.03441722159666
2021-11-27 20:34:21.175  INFO 530588 --- [nPool-worker-12] .t.t.s.TourGuideClientRewardsServiceImpl : Service - Distance calculated: 9054.88113379819
2021-11-27 20:34:21.175  INFO 530588 --- [onPool-worker-5] .t.t.s.TourGuideClientRewardsServiceImpl : Service - Distance calculated: 2578.910516018122
2021-11-27 20:34:21.175  INFO 530588 --- [nPool-worker-12] .t.t.s.TourGuideClientRewardsServiceImpl : Service - Distance calculated: 8585.04009578889
2021-11-27 20:34:21.175  INFO 530588 --- [onPool-worker-5] .t.t.s.TourGuideClientRewardsServiceImpl : Service - Distance calculated: 680.6158831369517
2021-11-27 20:34:21.175  INFO 530588 --- [onPool-worker-3] .t.t.s.TourGuideClientRewardsServiceImpl : Service - Distance calculated: 774.5207212649109
2021-11-27 20:34:21.175  INFO 530588 --- [nPool-worker-12] .t.t.s.TourGuideClientRewardsServiceImpl : Service - Distance calculated: 8532.453541142339
2021-11-27 20:34:21.175  INFO 530588 --- [onPool-worker-9] .t.t.s.TourGuideClientRewardsServiceImpl : Service - Distance calculated: 1344.090272349311
2021-11-27 20:34:21.175  INFO 530588 --- [onPool-worker-8] .t.t.s.TourGuideClientRewardsServiceImpl : Service - Distance calculated: 2289.4339721013357
2021-11-27 20:34:21.175  INFO 530588 --- [onPool-worker-3] .t.t.s.TourGuideClientRewardsServiceImpl : Service - Distance calculated: 164.91310606753288
2021-11-27 20:34:21.175  INFO 530588 --- [nPool-worker-14] .t.t.s.TourGuideClientRewardsServiceImpl : Service - Distance calculated: 2434.494471527265
2021-11-27 20:34:21.175  INFO 530588 --- [onPool-worker-8] .t.t.s.TourGuideClientRewardsServiceImpl : Service - Distance calculated: 1204.372289719331
2021-11-27 20:34:21.175  INFO 530588 --- [onPool-worker-3] .t.t.s.TourGuideClientRewardsServiceImpl : Service - Distance calculated: 115.99464245531166
2021-11-27 20:34:21.175  INFO 530588 --- [nPool-worker-14] .t.t.s.TourGuideClientRewardsServiceImpl : Service - Distance calculated: 2148.3967563579567
2021-11-27 20:34:21.175  INFO 530588 --- [onPool-worker-8] .t.t.s.TourGuideClientRewardsServiceImpl : Service - Distance calculated: 1742.5694022642394
2021-11-27 20:34:21.175  INFO 530588 --- [onPool-worker-2] .t.t.s.TourGuideClientRewardsServiceImpl : Service - Distance calculated: 6463.488461648391
2021-11-27 20:34:21.175  INFO 530588 --- [onPool-worker-3] .t.t.s.TourGuideClientRewardsServiceImpl : Service - Distance calculated: 1428.8577204882306
2021-11-27 20:34:21.175  INFO 530588 --- [nPool-worker-15] .t.t.s.TourGuideClientRewardsServiceImpl : Service - Distance calculated: 774.5207212649109
2021-11-27 20:34:21.175  INFO 530588 --- [onPool-worker-3] .t.t.s.TourGuideClientRewardsServiceImpl : Service - Distance calculated: 1418.571827418631
2021-11-27 20:34:21.175  INFO 530588 --- [onPool-worker-7] .t.t.s.TourGuideClientRewardsServiceImpl : Service - Distance calculated: 2127.2478407793283
2021-11-27 20:34:21.175  INFO 530588 --- [onPool-worker-2] .t.t.s.TourGuideClientRewardsServiceImpl : Service - Distance calculated: 6551.695467372068
2021-11-27 20:34:21.175  INFO 530588 --- [nPool-worker-15] .t.t.s.TourGuideClientRewardsServiceImpl : Service - Distance calculated: 164.91310606753288
2021-11-27 20:34:21.175  INFO 530588 --- [onPool-worker-7] .t.t.s.TourGuideClientRewardsServiceImpl : Service - Distance calculated: 2578.910516018122
2021-11-27 20:34:21.175  INFO 530588 --- [nPool-worker-15] .t.t.s.TourGuideClientRewardsServiceImpl : Service - Distance calculated: 115.99464245531166
2021-11-27 20:34:21.175  INFO 530588 --- [onPool-worker-7] .t.t.s.TourGuideClientRewardsServiceImpl : Service - Distance calculated: 680.6158831369517
2021-11-27 20:34:21.175  INFO 530588 --- [nPool-worker-15] .t.t.s.TourGuideClientRewardsServiceImpl : Service - Distance calculated: 1428.8577204882306
2021-11-27 20:34:21.175  INFO 530588 --- [onPool-worker-7] .t.t.s.TourGuideClientRewardsServiceImpl : Service - Distance calculated: 1344.090272349311
2021-11-27 20:34:21.175  INFO 530588 --- [nPool-worker-15] .t.t.s.TourGuideClientRewardsServiceImpl : Service - Distance calculated: 1418.571827418631
2021-11-27 20:34:21.175  INFO 530588 --- [onPool-worker-7] .t.t.s.TourGuideClientRewardsServiceImpl : Service - Distance calculated: 2440.177336041544
2021-11-27 20:34:21.175  INFO 530588 --- [onPool-worker-5] .t.t.s.TourGuideClientRewardsServiceImpl : Service - Distance calculated: 1344.090272349311
2021-11-27 20:34:21.175  INFO 530588 --- [onPool-worker-7] .t.t.s.TourGuideClientRewardsServiceImpl : Service - Distance calculated: 2168.830527042806
2021-11-27 20:34:21.175  INFO 530588 --- [nPool-worker-12] .t.t.s.TourGuideClientRewardsServiceImpl : Service - Distance calculated: 8522.56538654469
2021-11-27 20:34:21.175  INFO 530588 --- [onPool-worker-5] .t.t.s.TourGuideClientRewardsServiceImpl : Service - Distance calculated: 2440.177336041544
2021-11-27 20:34:21.175  INFO 530588 --- [onPool-worker-9] .t.t.s.TourGuideClientRewardsServiceImpl : Service - Distance calculated: 2440.177336041544
2021-11-27 20:34:21.175  INFO 530588 --- [onPool-worker-5] .t.t.s.TourGuideClientRewardsServiceImpl : Service - Distance calculated: 2168.830527042806
2021-11-27 20:34:21.175  INFO 530588 --- [onPool-worker-5] .t.t.s.TourGuideClientRewardsServiceImpl : Service - Calculate rewards points for user: internalUser10
2021-11-27 20:34:21.175  INFO 530588 --- [nPool-worker-14] .t.t.s.TourGuideClientRewardsServiceImpl : Service - Distance calculated: 2282.746325565392
2021-11-27 20:34:21.175  INFO 530588 --- [onPool-worker-8] .t.t.s.TourGuideClientRewardsServiceImpl : Service - Distance calculated: 1576.7472428725728
2021-11-27 20:34:21.175  INFO 530588 --- [onPool-worker-8] .t.t.s.TourGuideClientRewardsServiceImpl : Service - Distance calculated: 1921.4807999190489
2021-11-27 20:34:21.176  INFO 530588 --- [onPool-worker-8] .t.t.s.TourGuideClientRewardsServiceImpl : Service - Distance calculated: 1277.6245433336508
2021-11-27 20:34:21.176  INFO 530588 --- [onPool-worker-8] .t.t.s.TourGuideClientRewardsServiceImpl : Service - Distance calculated: 87.03441722159666
2021-11-27 20:34:21.176  INFO 530588 --- [onPool-worker-8] .t.t.s.TourGuideClientRewardsServiceImpl : Service - Distance calculated: 2127.2478407793283
2021-11-27 20:34:21.175  INFO 530588 --- [onPool-worker-3] .t.t.s.TourGuideClientRewardsServiceImpl : Service - Distance calculated: 460.11990361699293
2021-11-27 20:34:21.176  INFO 530588 --- [onPool-worker-8] .t.t.s.TourGuideClientRewardsServiceImpl : Service - Distance calculated: 2578.910516018122
2021-11-27 20:34:21.175  INFO 530588 --- [onPool-worker-2] .t.t.s.TourGuideClientRewardsServiceImpl : Service - Distance calculated: 6169.635387942509
2021-11-27 20:34:21.176  INFO 530588 --- [onPool-worker-8] .t.t.s.TourGuideClientRewardsServiceImpl : Service - Distance calculated: 680.6158831369517
2021-11-27 20:34:21.175  INFO 530588 --- [nPool-worker-15] .t.t.s.TourGuideClientRewardsServiceImpl : Service - Distance calculated: 460.11990361699293
2021-11-27 20:34:21.176  INFO 530588 --- [onPool-worker-2] .t.t.s.TourGuideClientRewardsServiceImpl : Service - Distance calculated: 6270.878952709376
2021-11-27 20:34:21.176  INFO 530588 --- [onPool-worker-2] .t.t.s.TourGuideClientRewardsServiceImpl : Service - Distance calculated: 6662.889371151258
2021-11-27 20:34:21.175  INFO 530588 --- [onPool-worker-7] .t.t.s.TourGuideClientRewardsServiceImpl : Service - Calculate rewards points for user: internalUser13
2021-11-27 20:34:21.176  INFO 530588 --- [onPool-worker-2] .t.t.s.TourGuideClientRewardsServiceImpl : Service - Distance calculated: 5717.0660792838435
2021-11-27 20:34:21.175  INFO 530588 --- [nPool-worker-12] .t.t.s.TourGuideClientRewardsServiceImpl : Service - Distance calculated: 9581.270080897832
2021-11-27 20:34:21.176  INFO 530588 --- [onPool-worker-3] .t.t.s.TourGuideClientRewardsServiceImpl : Service - Distance calculated: 1992.7911930022951
2021-11-27 20:34:21.175  INFO 530588 --- [onPool-worker-9] .t.t.s.TourGuideClientRewardsServiceImpl : Service - Distance calculated: 2168.830527042806
2021-11-27 20:34:21.176  INFO 530588 --- [onPool-worker-3] .t.t.s.TourGuideClientRewardsServiceImpl : Service - Distance calculated: 1906.7972782801585
2021-11-27 20:34:21.176  INFO 530588 --- [nPool-worker-12] .t.t.s.TourGuideClientRewardsServiceImpl : Service - Distance calculated: 8570.522076748088
2021-11-27 20:34:21.176  INFO 530588 --- [onPool-worker-9] .t.t.s.TourGuideClientRewardsServiceImpl : Service - Calculate rewards points for user: internalUser1
2021-11-27 20:34:21.176  INFO 530588 --- [onPool-worker-3] .t.t.s.TourGuideClientRewardsServiceImpl : Service - Distance calculated: 2360.645624935619
2021-11-27 20:34:21.176  INFO 530588 --- [nPool-worker-12] .t.t.s.TourGuideClientRewardsServiceImpl : Service - Distance calculated: 9173.736908607038
2021-11-27 20:34:21.176  INFO 530588 --- [onPool-worker-3] .t.t.s.TourGuideClientRewardsServiceImpl : Service - Distance calculated: 2434.494471527265
2021-11-27 20:34:21.176  INFO 530588 --- [nPool-worker-12] .t.t.s.TourGuideClientRewardsServiceImpl : Service - Distance calculated: 9463.681520613218
2021-11-27 20:34:21.176  INFO 530588 --- [onPool-worker-3] .t.t.s.TourGuideClientRewardsServiceImpl : Service - Distance calculated: 2148.3967563579567
2021-11-27 20:34:21.176  INFO 530588 --- [nPool-worker-12] .t.t.s.TourGuideClientRewardsServiceImpl : Service - Distance calculated: 8557.1113529696
2021-11-27 20:34:21.176  INFO 530588 --- [onPool-worker-3] .t.t.s.TourGuideClientRewardsServiceImpl : Service - Distance calculated: 2282.746325565392
2021-11-27 20:34:21.176  INFO 530588 --- [onPool-worker-3] .t.t.s.TourGuideClientRewardsServiceImpl : Service - Distance calculated: 2289.4339721013357
2021-11-27 20:34:21.176  INFO 530588 --- [nPool-worker-12] .t.t.s.TourGuideClientRewardsServiceImpl : Service - Distance calculated: 5.8950310023474215E-5
2021-11-27 20:34:21.176  INFO 530588 --- [onPool-worker-3] .t.t.s.TourGuideClientRewardsServiceImpl : Service - Distance calculated: 1204.372289719331
2021-11-27 20:34:21.176  INFO 530588 --- [onPool-worker-3] .t.t.s.TourGuideClientRewardsServiceImpl : Service - Distance calculated: 1742.5694022642394
2021-11-27 20:34:21.176  INFO 530588 --- [onPool-worker-3] .t.t.s.TourGuideClientRewardsServiceImpl : Service - Distance calculated: 1576.7472428725728
2021-11-27 20:34:21.176  INFO 530588 --- [onPool-worker-3] .t.t.s.TourGuideClientRewardsServiceImpl : Service - Distance calculated: 1921.4807999190489
2021-11-27 20:34:21.176  INFO 530588 --- [onPool-worker-3] .t.t.s.TourGuideClientRewardsServiceImpl : Service - Distance calculated: 1277.6245433336508
2021-11-27 20:34:21.176  INFO 530588 --- [onPool-worker-3] .t.t.s.TourGuideClientRewardsServiceImpl : Service - Distance calculated: 87.03441722159666
2021-11-27 20:34:21.176  INFO 530588 --- [onPool-worker-3] .t.t.s.TourGuideClientRewardsServiceImpl : Service - Distance calculated: 2127.2478407793283
2021-11-27 20:34:21.176  INFO 530588 --- [onPool-worker-3] .t.t.s.TourGuideClientRewardsServiceImpl : Service - Distance calculated: 2578.910516018122
2021-11-27 20:34:21.176  INFO 530588 --- [onPool-worker-3] .t.t.s.TourGuideClientRewardsServiceImpl : Service - Distance calculated: 680.6158831369517
2021-11-27 20:34:21.176  INFO 530588 --- [onPool-worker-3] .t.t.s.TourGuideClientRewardsServiceImpl : Service - Distance calculated: 1344.090272349311
2021-11-27 20:34:21.176  INFO 530588 --- [onPool-worker-3] .t.t.s.TourGuideClientRewardsServiceImpl : Service - Distance calculated: 2440.177336041544
2021-11-27 20:34:21.176  INFO 530588 --- [onPool-worker-3] .t.t.s.TourGuideClientRewardsServiceImpl : Service - Distance calculated: 2168.830527042806
2021-11-27 20:34:21.176  INFO 530588 --- [nPool-worker-12] .t.t.s.TourGuideClientRewardsServiceImpl : Service - Distance calculated: 774.5207212649109
2021-11-27 20:34:21.176  INFO 530588 --- [nPool-worker-12] .t.t.s.TourGuideClientRewardsServiceImpl : Service - Distance calculated: 164.91310606753288
2021-11-27 20:34:21.176  INFO 530588 --- [nPool-worker-12] .t.t.s.TourGuideClientRewardsServiceImpl : Service - Distance calculated: 115.99464245531166
2021-11-27 20:34:21.176  INFO 530588 --- [nPool-worker-12] .t.t.s.TourGuideClientRewardsServiceImpl : Service - Distance calculated: 1428.8577204882306
2021-11-27 20:34:21.176  INFO 530588 --- [nPool-worker-12] .t.t.s.TourGuideClientRewardsServiceImpl : Service - Distance calculated: 1418.571827418631
2021-11-27 20:34:21.176  INFO 530588 --- [nPool-worker-12] .t.t.s.TourGuideClientRewardsServiceImpl : Service - Distance calculated: 460.11990361699293
2021-11-27 20:34:21.176  INFO 530588 --- [nPool-worker-12] .t.t.s.TourGuideClientRewardsServiceImpl : Service - Distance calculated: 1992.7911930022951
2021-11-27 20:34:21.176  INFO 530588 --- [nPool-worker-12] .t.t.s.TourGuideClientRewardsServiceImpl : Service - Distance calculated: 1906.7972782801585
2021-11-27 20:34:21.176  INFO 530588 --- [nPool-worker-12] .t.t.s.TourGuideClientRewardsServiceImpl : Service - Distance calculated: 2360.645624935619
2021-11-27 20:34:21.176  INFO 530588 --- [nPool-worker-12] .t.t.s.TourGuideClientRewardsServiceImpl : Service - Distance calculated: 2434.494471527265
2021-11-27 20:34:21.176  INFO 530588 --- [nPool-worker-12] .t.t.s.TourGuideClientRewardsServiceImpl : Service - Distance calculated: 2148.3967563579567
2021-11-27 20:34:21.176  INFO 530588 --- [nPool-worker-12] .t.t.s.TourGuideClientRewardsServiceImpl : Service - Distance calculated: 2282.746325565392
2021-11-27 20:34:21.176  INFO 530588 --- [nPool-worker-12] .t.t.s.TourGuideClientRewardsServiceImpl : Service - Distance calculated: 2289.4339721013357
2021-11-27 20:34:21.176  INFO 530588 --- [nPool-worker-12] .t.t.s.TourGuideClientRewardsServiceImpl : Service - Distance calculated: 1204.372289719331
2021-11-27 20:34:21.176  INFO 530588 --- [nPool-worker-12] .t.t.s.TourGuideClientRewardsServiceImpl : Service - Distance calculated: 1742.5694022642394
2021-11-27 20:34:21.176  INFO 530588 --- [nPool-worker-12] .t.t.s.TourGuideClientRewardsServiceImpl : Service - Distance calculated: 1576.7472428725728
2021-11-27 20:34:21.176  INFO 530588 --- [nPool-worker-12] .t.t.s.TourGuideClientRewardsServiceImpl : Service - Distance calculated: 1921.4807999190489
2021-11-27 20:34:21.176  INFO 530588 --- [nPool-worker-12] .t.t.s.TourGuideClientRewardsServiceImpl : Service - Distance calculated: 1277.6245433336508
2021-11-27 20:34:21.176  INFO 530588 --- [nPool-worker-12] .t.t.s.TourGuideClientRewardsServiceImpl : Service - Distance calculated: 87.03441722159666
2021-11-27 20:34:21.175  INFO 530588 --- [nPool-worker-14] .t.t.s.TourGuideClientRewardsServiceImpl : Service - Distance calculated: 2289.4339721013357
2021-11-27 20:34:21.176  INFO 530588 --- [onPool-worker-8] .t.t.s.TourGuideClientRewardsServiceImpl : Service - Distance calculated: 1344.090272349311
2021-11-27 20:34:21.176  INFO 530588 --- [nPool-worker-14] .t.t.s.TourGuideClientRewardsServiceImpl : Service - Distance calculated: 1204.372289719331
2021-11-27 20:34:21.176  INFO 530588 --- [nPool-worker-14] .t.t.s.TourGuideClientRewardsServiceImpl : Service - Distance calculated: 1742.5694022642394
2021-11-27 20:34:21.176  INFO 530588 --- [nPool-worker-14] .t.t.s.TourGuideClientRewardsServiceImpl : Service - Distance calculated: 1576.7472428725728
2021-11-27 20:34:21.176  INFO 530588 --- [nPool-worker-14] .t.t.s.TourGuideClientRewardsServiceImpl : Service - Distance calculated: 1921.4807999190489
2021-11-27 20:34:21.176  INFO 530588 --- [nPool-worker-14] .t.t.s.TourGuideClientRewardsServiceImpl : Service - Distance calculated: 1277.6245433336508
2021-11-27 20:34:21.176  INFO 530588 --- [nPool-worker-14] .t.t.s.TourGuideClientRewardsServiceImpl : Service - Distance calculated: 87.03441722159666
2021-11-27 20:34:21.176  INFO 530588 --- [nPool-worker-14] .t.t.s.TourGuideClientRewardsServiceImpl : Service - Distance calculated: 2127.2478407793283
2021-11-27 20:34:21.176  INFO 530588 --- [nPool-worker-14] .t.t.s.TourGuideClientRewardsServiceImpl : Service - Distance calculated: 2578.910516018122
2021-11-27 20:34:21.176  INFO 530588 --- [nPool-worker-14] .t.t.s.TourGuideClientRewardsServiceImpl : Service - Distance calculated: 680.6158831369517
2021-11-27 20:34:21.176  INFO 530588 --- [nPool-worker-14] .t.t.s.TourGuideClientRewardsServiceImpl : Service - Distance calculated: 1344.090272349311
2021-11-27 20:34:21.176  INFO 530588 --- [nPool-worker-14] .t.t.s.TourGuideClientRewardsServiceImpl : Service - Distance calculated: 2440.177336041544
2021-11-27 20:34:21.176  INFO 530588 --- [nPool-worker-14] .t.t.s.TourGuideClientRewardsServiceImpl : Service - Distance calculated: 2168.830527042806
2021-11-27 20:34:21.176  INFO 530588 --- [nPool-worker-14] .t.t.s.TourGuideClientRewardsServiceImpl : Service - Calculate rewards points for user: internalUser96
2021-11-27 20:34:21.176  INFO 530588 --- [nPool-worker-15] .t.t.s.TourGuideClientRewardsServiceImpl : Service - Distance calculated: 1992.7911930022951
2021-11-27 20:34:21.177  INFO 530588 --- [nPool-worker-15] .t.t.s.TourGuideClientRewardsServiceImpl : Service - Distance calculated: 1906.7972782801585
2021-11-27 20:34:21.177  INFO 530588 --- [nPool-worker-15] .t.t.s.TourGuideClientRewardsServiceImpl : Service - Distance calculated: 2360.645624935619
2021-11-27 20:34:21.177  INFO 530588 --- [nPool-worker-15] .t.t.s.TourGuideClientRewardsServiceImpl : Service - Distance calculated: 2434.494471527265
2021-11-27 20:34:21.176  INFO 530588 --- [onPool-worker-2] .t.t.s.TourGuideClientRewardsServiceImpl : Service - Distance calculated: 5930.614390580985
2021-11-27 20:34:21.177  INFO 530588 --- [onPool-worker-2] .t.t.s.TourGuideClientRewardsServiceImpl : Service - Distance calculated: 4516.133114047104
2021-11-27 20:34:21.177  INFO 530588 --- [onPool-worker-2] .t.t.s.TourGuideClientRewardsServiceImpl : Service - Distance calculated: 5474.435923988247
2021-11-27 20:34:21.177  INFO 530588 --- [onPool-worker-2] .t.t.s.TourGuideClientRewardsServiceImpl : Service - Distance calculated: 5655.049077211858
2021-11-27 20:34:21.177  INFO 530588 --- [onPool-worker-2] .t.t.s.TourGuideClientRewardsServiceImpl : Service - Distance calculated: 5660.804436543112
2021-11-27 20:34:21.177  INFO 530588 --- [onPool-worker-2] .t.t.s.TourGuideClientRewardsServiceImpl : Service - Distance calculated: 6486.921884334738
2021-11-27 20:34:21.177  INFO 530588 --- [onPool-worker-2] .t.t.s.TourGuideClientRewardsServiceImpl : Service - Distance calculated: 6627.514933372689
2021-11-27 20:34:21.177  INFO 530588 --- [onPool-worker-2] .t.t.s.TourGuideClientRewardsServiceImpl : Service - Distance calculated: 6254.394864253502
2021-11-27 20:34:21.177  INFO 530588 --- [onPool-worker-2] .t.t.s.TourGuideClientRewardsServiceImpl : Service - Distance calculated: 6507.533651191689
2021-11-27 20:34:21.177  INFO 530588 --- [onPool-worker-2] .t.t.s.TourGuideClientRewardsServiceImpl : Service - Distance calculated: 6002.497148127572
2021-11-27 20:34:21.177  INFO 530588 --- [onPool-worker-2] .t.t.s.TourGuideClientRewardsServiceImpl : Service - Distance calculated: 6584.147512437123
2021-11-27 20:34:21.177  INFO 530588 --- [onPool-worker-2] .t.t.s.TourGuideClientRewardsServiceImpl : Service - Distance calculated: 6634.620136118893
2021-11-27 20:34:21.177  INFO 530588 --- [onPool-worker-2] .t.t.s.TourGuideClientRewardsServiceImpl : Service - Distance calculated: 6474.60085866268
2021-11-27 20:34:21.177  INFO 530588 --- [onPool-worker-2] .t.t.s.TourGuideClientRewardsServiceImpl : Service - Distance calculated: 5307.508170618869
2021-11-27 20:34:21.177  INFO 530588 --- [onPool-worker-2] .t.t.s.TourGuideClientRewardsServiceImpl : Service - Distance calculated: 6634.9704172758
2021-11-27 20:34:21.177  INFO 530588 --- [onPool-worker-2] .t.t.s.TourGuideClientRewardsServiceImpl : Service - Distance calculated: 5998.553220941209
2021-11-27 20:34:21.177  INFO 530588 --- [onPool-worker-2] .t.t.s.TourGuideClientRewardsServiceImpl : Service - Distance calculated: 5464.7518739077805
2021-11-27 20:34:21.177  INFO 530588 --- [nPool-worker-15] .t.t.s.TourGuideClientRewardsServiceImpl : Service - Distance calculated: 2148.3967563579567
2021-11-27 20:34:21.177  INFO 530588 --- [onPool-worker-2] .t.t.s.TourGuideClientRewardsServiceImpl : Service - Distance calculated: 6427.286651771712
2021-11-27 20:34:21.177  INFO 530588 --- [nPool-worker-15] .t.t.s.TourGuideClientRewardsServiceImpl : Service - Distance calculated: 2282.746325565392
2021-11-27 20:34:21.177  INFO 530588 --- [onPool-worker-2] .t.t.s.TourGuideClientRewardsServiceImpl : Service - Distance calculated: 5.8950310023474215E-5
2021-11-27 20:34:21.177  INFO 530588 --- [onPool-worker-2] .t.t.s.TourGuideClientRewardsServiceImpl : Service - Distance calculated: 774.5207212649109
2021-11-27 20:34:21.177  INFO 530588 --- [onPool-worker-2] .t.t.s.TourGuideClientRewardsServiceImpl : Service - Distance calculated: 164.91310606753288
2021-11-27 20:34:21.177  INFO 530588 --- [onPool-worker-2] .t.t.s.TourGuideClientRewardsServiceImpl : Service - Distance calculated: 115.99464245531166
2021-11-27 20:34:21.177  INFO 530588 --- [onPool-worker-2] .t.t.s.TourGuideClientRewardsServiceImpl : Service - Distance calculated: 1428.8577204882306
2021-11-27 20:34:21.176  INFO 530588 --- [onPool-worker-3] .t.t.s.TourGuideClientRewardsServiceImpl : Service - Calculate rewards points for user: internalUser12
2021-11-27 20:34:21.176  INFO 530588 --- [nPool-worker-12] .t.t.s.TourGuideClientRewardsServiceImpl : Service - Distance calculated: 2127.2478407793283
2021-11-27 20:34:21.177  INFO 530588 --- [nPool-worker-12] .t.t.s.TourGuideClientRewardsServiceImpl : Service - Distance calculated: 2578.910516018122
2021-11-27 20:34:21.177  INFO 530588 --- [nPool-worker-12] .t.t.s.TourGuideClientRewardsServiceImpl : Service - Distance calculated: 680.6158831369517
2021-11-27 20:34:21.177  INFO 530588 --- [nPool-worker-12] .t.t.s.TourGuideClientRewardsServiceImpl : Service - Distance calculated: 1344.090272349311
2021-11-27 20:34:21.177  INFO 530588 --- [nPool-worker-12] .t.t.s.TourGuideClientRewardsServiceImpl : Service - Distance calculated: 2440.177336041544
2021-11-27 20:34:21.177  INFO 530588 --- [nPool-worker-12] .t.t.s.TourGuideClientRewardsServiceImpl : Service - Distance calculated: 2168.830527042806
2021-11-27 20:34:21.178  INFO 530588 --- [nPool-worker-12] .t.t.s.TourGuideClientRewardsServiceImpl : Service - Calculate rewards points for user: internalUser97
2021-11-27 20:34:21.176  INFO 530588 --- [onPool-worker-8] .t.t.s.TourGuideClientRewardsServiceImpl : Service - Distance calculated: 2440.177336041544
2021-11-27 20:34:21.177  INFO 530588 --- [nPool-worker-15] .t.t.s.TourGuideClientRewardsServiceImpl : Service - Distance calculated: 2289.4339721013357
2021-11-27 20:34:21.178  INFO 530588 --- [onPool-worker-8] .t.t.s.TourGuideClientRewardsServiceImpl : Service - Distance calculated: 2168.830527042806
2021-11-27 20:34:21.177  INFO 530588 --- [onPool-worker-2] .t.t.s.TourGuideClientRewardsServiceImpl : Service - Distance calculated: 1418.571827418631
2021-11-27 20:34:21.178  INFO 530588 --- [nPool-worker-15] .t.t.s.TourGuideClientRewardsServiceImpl : Service - Distance calculated: 1204.372289719331
2021-11-27 20:34:21.178  INFO 530588 --- [onPool-worker-8] .t.t.s.TourGuideClientRewardsServiceImpl : Service - Calculate rewards points for user: internalUser95
2021-11-27 20:34:21.178  INFO 530588 --- [nPool-worker-15] .t.t.s.TourGuideClientRewardsServiceImpl : Service - Distance calculated: 1742.5694022642394
2021-11-27 20:34:21.178  INFO 530588 --- [onPool-worker-2] .t.t.s.TourGuideClientRewardsServiceImpl : Service - Distance calculated: 460.11990361699293
2021-11-27 20:34:21.178  INFO 530588 --- [nPool-worker-15] .t.t.s.TourGuideClientRewardsServiceImpl : Service - Distance calculated: 1576.7472428725728
2021-11-27 20:34:21.178  INFO 530588 --- [nPool-worker-15] .t.t.s.TourGuideClientRewardsServiceImpl : Service - Distance calculated: 1921.4807999190489
2021-11-27 20:34:21.178  INFO 530588 --- [onPool-worker-2] .t.t.s.TourGuideClientRewardsServiceImpl : Service - Distance calculated: 1992.7911930022951
2021-11-27 20:34:21.178  INFO 530588 --- [nPool-worker-15] .t.t.s.TourGuideClientRewardsServiceImpl : Service - Distance calculated: 1277.6245433336508
2021-11-27 20:34:21.178  INFO 530588 --- [onPool-worker-2] .t.t.s.TourGuideClientRewardsServiceImpl : Service - Distance calculated: 1906.7972782801585
2021-11-27 20:34:21.178  INFO 530588 --- [nPool-worker-15] .t.t.s.TourGuideClientRewardsServiceImpl : Service - Distance calculated: 87.03441722159666
2021-11-27 20:34:21.178  INFO 530588 --- [onPool-worker-2] .t.t.s.TourGuideClientRewardsServiceImpl : Service - Distance calculated: 2360.645624935619
2021-11-27 20:34:21.178  INFO 530588 --- [nPool-worker-15] .t.t.s.TourGuideClientRewardsServiceImpl : Service - Distance calculated: 2127.2478407793283
2021-11-27 20:34:21.178  INFO 530588 --- [onPool-worker-2] .t.t.s.TourGuideClientRewardsServiceImpl : Service - Distance calculated: 2434.494471527265
2021-11-27 20:34:21.178  INFO 530588 --- [nPool-worker-15] .t.t.s.TourGuideClientRewardsServiceImpl : Service - Distance calculated: 2578.910516018122
2021-11-27 20:34:21.178  INFO 530588 --- [onPool-worker-2] .t.t.s.TourGuideClientRewardsServiceImpl : Service - Distance calculated: 2148.3967563579567
2021-11-27 20:34:21.178  INFO 530588 --- [nPool-worker-15] .t.t.s.TourGuideClientRewardsServiceImpl : Service - Distance calculated: 680.6158831369517
2021-11-27 20:34:21.178  INFO 530588 --- [onPool-worker-2] .t.t.s.TourGuideClientRewardsServiceImpl : Service - Distance calculated: 2282.746325565392
2021-11-27 20:34:21.178  INFO 530588 --- [nPool-worker-15] .t.t.s.TourGuideClientRewardsServiceImpl : Service - Distance calculated: 1344.090272349311
2021-11-27 20:34:21.178  INFO 530588 --- [onPool-worker-2] .t.t.s.TourGuideClientRewardsServiceImpl : Service - Distance calculated: 2289.4339721013357
2021-11-27 20:34:21.178  INFO 530588 --- [nPool-worker-15] .t.t.s.TourGuideClientRewardsServiceImpl : Service - Distance calculated: 2440.177336041544
2021-11-27 20:34:21.178  INFO 530588 --- [onPool-worker-2] .t.t.s.TourGuideClientRewardsServiceImpl : Service - Distance calculated: 1204.372289719331
2021-11-27 20:34:21.178  INFO 530588 --- [onPool-worker-2] .t.t.s.TourGuideClientRewardsServiceImpl : Service - Distance calculated: 1742.5694022642394
2021-11-27 20:34:21.178  INFO 530588 --- [onPool-worker-2] .t.t.s.TourGuideClientRewardsServiceImpl : Service - Distance calculated: 1576.7472428725728
2021-11-27 20:34:21.178  INFO 530588 --- [nPool-worker-15] .t.t.s.TourGuideClientRewardsServiceImpl : Service - Distance calculated: 2168.830527042806
2021-11-27 20:34:21.178  INFO 530588 --- [onPool-worker-2] .t.t.s.TourGuideClientRewardsServiceImpl : Service - Distance calculated: 1921.4807999190489
2021-11-27 20:34:21.178  INFO 530588 --- [onPool-worker-2] .t.t.s.TourGuideClientRewardsServiceImpl : Service - Distance calculated: 1277.6245433336508
2021-11-27 20:34:21.178  INFO 530588 --- [onPool-worker-2] .t.t.s.TourGuideClientRewardsServiceImpl : Service - Distance calculated: 87.03441722159666
2021-11-27 20:34:21.178  INFO 530588 --- [onPool-worker-2] .t.t.s.TourGuideClientRewardsServiceImpl : Service - Distance calculated: 2127.2478407793283
2021-11-27 20:34:21.178  INFO 530588 --- [nPool-worker-15] .t.t.s.TourGuideClientRewardsServiceImpl : Service - Calculate rewards points for user: internalUser7
2021-11-27 20:34:21.178  INFO 530588 --- [onPool-worker-2] .t.t.s.TourGuideClientRewardsServiceImpl : Service - Distance calculated: 2578.910516018122
2021-11-27 20:34:21.178  INFO 530588 --- [onPool-worker-2] .t.t.s.TourGuideClientRewardsServiceImpl : Service - Distance calculated: 680.6158831369517
2021-11-27 20:34:21.178  INFO 530588 --- [onPool-worker-2] .t.t.s.TourGuideClientRewardsServiceImpl : Service - Distance calculated: 1344.090272349311
2021-11-27 20:34:21.178  INFO 530588 --- [onPool-worker-2] .t.t.s.TourGuideClientRewardsServiceImpl : Service - Distance calculated: 2440.177336041544
2021-11-27 20:34:21.178  INFO 530588 --- [onPool-worker-2] .t.t.s.TourGuideClientRewardsServiceImpl : Service - Distance calculated: 2168.830527042806
2021-11-27 20:34:21.178  INFO 530588 --- [onPool-worker-2] .t.t.s.TourGuideClientRewardsServiceImpl : Service - Calculate rewards points for user: internalUser2
2021-11-27 20:34:21.181  INFO 530588 --- [nPool-worker-13] .t.t.s.TourGuideClientRewardsServiceImpl : Service - Distance calculated: 2425.7270689788847
2021-11-27 20:34:21.181  INFO 530588 --- [nPool-worker-13] .t.t.s.TourGuideClientRewardsServiceImpl : Service - Distance calculated: 1918.2224960818328
2021-11-27 20:34:21.181  INFO 530588 --- [nPool-worker-13] .t.t.s.TourGuideClientRewardsServiceImpl : Service - Distance calculated: 2375.8363467616814
2021-11-27 20:34:21.181  INFO 530588 --- [nPool-worker-13] .t.t.s.TourGuideClientRewardsServiceImpl : Service - Distance calculated: 2452.8161180247735
2021-11-27 20:34:21.181  INFO 530588 --- [nPool-worker-13] .t.t.s.TourGuideClientRewardsServiceImpl : Service - Distance calculated: 2809.597157325545
2021-11-27 20:34:21.181  INFO 530588 --- [nPool-worker-13] .t.t.s.TourGuideClientRewardsServiceImpl : Service - Distance calculated: 2893.0952302835435
2021-11-27 20:34:21.181  INFO 530588 --- [nPool-worker-13] .t.t.s.TourGuideClientRewardsServiceImpl : Service - Distance calculated: 2683.6044301424067
2021-11-27 20:34:21.181  INFO 530588 --- [nPool-worker-13] .t.t.s.TourGuideClientRewardsServiceImpl : Service - Distance calculated: 2842.4355450746693
2021-11-27 20:34:21.182  INFO 530588 --- [nPool-worker-13] .t.t.s.TourGuideClientRewardsServiceImpl : Service - Distance calculated: 2965.4531386258136
2021-11-27 20:34:21.182  INFO 530588 --- [nPool-worker-13] .t.t.s.TourGuideClientRewardsServiceImpl : Service - Distance calculated: 469.7411502524593
2021-11-27 20:34:21.182  INFO 530588 --- [nPool-worker-13] .t.t.s.TourGuideClientRewardsServiceImpl : Service - Distance calculated: 3025.681958318449
2021-11-27 20:34:21.182  INFO 530588 --- [nPool-worker-13] .t.t.s.TourGuideClientRewardsServiceImpl : Service - Distance calculated: 2924.3334322276996
2021-11-27 20:34:21.182  INFO 530588 --- [nPool-worker-13] .t.t.s.TourGuideClientRewardsServiceImpl : Service - Distance calculated: 3051.5367745831586
2021-11-27 20:34:21.182  INFO 530588 --- [nPool-worker-13] .t.t.s.TourGuideClientRewardsServiceImpl : Service - Distance calculated: 3700.175795582646
2021-11-27 20:34:21.182  INFO 530588 --- [nPool-worker-13] .t.t.s.TourGuideClientRewardsServiceImpl : Service - Distance calculated: 3047.409804005274
2021-11-27 20:34:21.182  INFO 530588 --- [nPool-worker-13] .t.t.s.TourGuideClientRewardsServiceImpl : Service - Distance calculated: 3113.6484711526996
2021-11-27 20:34:21.182  INFO 530588 --- [nPool-worker-13] .t.t.s.TourGuideClientRewardsServiceImpl : Service - Distance calculated: 3195.904707092164
2021-11-27 20:34:21.182  INFO 530588 --- [nPool-worker-13] .t.t.s.TourGuideClientRewardsServiceImpl : Service - Distance calculated: 3040.6698190697502
2021-11-27 20:34:21.182  INFO 530588 --- [nPool-worker-13] .t.t.s.TourGuideClientRewardsServiceImpl : Service - Distance calculated: 3058.9919166613176
2021-11-27 20:34:21.182  INFO 530588 --- [nPool-worker-13] .t.t.s.TourGuideClientRewardsServiceImpl : Service - Distance calculated: 2509.5103033027194
2021-11-27 20:34:21.182  INFO 530588 --- [nPool-worker-13] .t.t.s.TourGuideClientRewardsServiceImpl : Service - Distance calculated: 3568.3268634813326
2021-11-27 20:34:21.182  INFO 530588 --- [nPool-worker-13] .t.t.s.TourGuideClientRewardsServiceImpl : Service - Distance calculated: 3014.5477307999217
2021-11-27 20:34:21.182  INFO 530588 --- [nPool-worker-13] .t.t.s.TourGuideClientRewardsServiceImpl : Service - Distance calculated: 2763.4419954704863
2021-11-27 20:34:21.182  INFO 530588 --- [nPool-worker-13] .t.t.s.TourGuideClientRewardsServiceImpl : Service - Distance calculated: 2579.678364420124
2021-11-27 20:34:21.182  INFO 530588 --- [nPool-worker-13] .t.t.s.TourGuideClientRewardsServiceImpl : Service - Distance calculated: 3022.3428407454744
2021-11-27 20:34:21.182  INFO 530588 --- [nPool-worker-13] .t.t.s.TourGuideClientRewardsServiceImpl : Service - Distance calculated: 3566.3229074781734
2021-11-27 20:34:21.182  INFO 530588 --- [nPool-worker-13] .t.t.s.TourGuideClientRewardsServiceImpl : Service - Distance calculated: 4290.49693738717
2021-11-27 20:34:21.182  INFO 530588 --- [nPool-worker-13] .t.t.s.TourGuideClientRewardsServiceImpl : Service - Distance calculated: 3669.4569651199263
2021-11-27 20:34:21.182  INFO 530588 --- [nPool-worker-13] .t.t.s.TourGuideClientRewardsServiceImpl : Service - Distance calculated: 4126.650215160078
2021-11-27 20:34:21.182  INFO 530588 --- [nPool-worker-13] .t.t.s.TourGuideClientRewardsServiceImpl : Service - Distance calculated: 4185.660606815265
2021-11-27 20:34:21.182  INFO 530588 --- [nPool-worker-13] .t.t.s.TourGuideClientRewardsServiceImpl : Service - Distance calculated: 2922.39531340583
2021-11-27 20:34:21.182  INFO 530588 --- [nPool-worker-13] .t.t.s.TourGuideClientRewardsServiceImpl : Service - Distance calculated: 2970.330130740791
2021-11-27 20:34:21.182  INFO 530588 --- [nPool-worker-13] .t.t.s.TourGuideClientRewardsServiceImpl : Service - Distance calculated: 3961.8222947395716
2021-11-27 20:34:21.182  INFO 530588 --- [nPool-worker-13] .t.t.s.TourGuideClientRewardsServiceImpl : Service - Distance calculated: 2310.501680324618
2021-11-27 20:34:21.182  INFO 530588 --- [nPool-worker-13] .t.t.s.TourGuideClientRewardsServiceImpl : Service - Distance calculated: 2437.8824639708796
2021-11-27 20:34:21.182  INFO 530588 --- [nPool-worker-13] .t.t.s.TourGuideClientRewardsServiceImpl : Service - Distance calculated: 4609.2861136063175
2021-11-27 20:34:21.182  INFO 530588 --- [nPool-worker-13] .t.t.s.TourGuideClientRewardsServiceImpl : Service - Distance calculated: 1864.2701792010625
2021-11-27 20:34:21.182  INFO 530588 --- [nPool-worker-13] .t.t.s.TourGuideClientRewardsServiceImpl : Service - Distance calculated: 2156.989302229988
2021-11-27 20:34:21.182  INFO 530588 --- [nPool-worker-13] .t.t.s.TourGuideClientRewardsServiceImpl : Service - Distance calculated: 2037.0384643419732
2021-11-27 20:34:21.182  INFO 530588 --- [nPool-worker-13] .t.t.s.TourGuideClientRewardsServiceImpl : Service - Distance calculated: 2468.259812752191
2021-11-27 20:34:21.182  INFO 530588 --- [nPool-worker-13] .t.t.s.TourGuideClientRewardsServiceImpl : Service - Distance calculated: 3333.9757315562933
2021-11-27 20:34:21.182  INFO 530588 --- [nPool-worker-13] .t.t.s.TourGuideClientRewardsServiceImpl : Service - Distance calculated: 2704.480515050025
2021-11-27 20:34:21.182  INFO 530588 --- [nPool-worker-13] .t.t.s.TourGuideClientRewardsServiceImpl : Service - Distance calculated: 2973.842134893172
2021-11-27 20:34:21.182  INFO 530588 --- [nPool-worker-13] .t.t.s.TourGuideClientRewardsServiceImpl : Service - Distance calculated: 2450.5109741947313
2021-11-27 20:34:21.182  INFO 530588 --- [nPool-worker-13] .t.t.s.TourGuideClientRewardsServiceImpl : Service - Distance calculated: 3249.147942390143
2021-11-27 20:34:21.182  INFO 530588 --- [nPool-worker-13] .t.t.s.TourGuideClientRewardsServiceImpl : Service - Distance calculated: 4286.211862508974
2021-11-27 20:34:21.182  INFO 530588 --- [nPool-worker-13] .t.t.s.TourGuideClientRewardsServiceImpl : Service - Distance calculated: 2563.319323438383
2021-11-27 20:34:21.182  INFO 530588 --- [nPool-worker-13] .t.t.s.TourGuideClientRewardsServiceImpl : Service - Distance calculated: 1711.9326470280932
2021-11-27 20:34:21.182  INFO 530588 --- [nPool-worker-13] .t.t.s.TourGuideClientRewardsServiceImpl : Service - Distance calculated: 3758.0529650503695
2021-11-27 20:34:21.182  INFO 530588 --- [nPool-worker-13] .t.t.s.TourGuideClientRewardsServiceImpl : Service - Distance calculated: 2954.8479724652484
2021-11-27 20:34:21.182  INFO 530588 --- [nPool-worker-13] .t.t.s.TourGuideClientRewardsServiceImpl : Service - Distance calculated: 1857.6987478997185
2021-11-27 20:34:21.182  INFO 530588 --- [nPool-worker-13] .t.t.s.TourGuideClientRewardsServiceImpl : Service - Distance calculated: 2502.474061895128
2021-11-27 20:34:21.182  INFO 530588 --- [nPool-worker-13] .t.t.s.TourGuideClientRewardsServiceImpl : Service - Distance calculated: 6008.582365449869
2021-11-27 20:34:21.182  INFO 530588 --- [nPool-worker-13] .t.t.s.TourGuideClientRewardsServiceImpl : Service - Distance calculated: 5260.634792954047
2021-11-27 20:34:21.182  INFO 530588 --- [nPool-worker-13] .t.t.s.TourGuideClientRewardsServiceImpl : Service - Distance calculated: 5888.338484137736
2021-11-27 20:34:21.182  INFO 530588 --- [nPool-worker-13] .t.t.s.TourGuideClientRewardsServiceImpl : Service - Distance calculated: 5978.108088478809
2021-11-27 20:34:21.182  INFO 530588 --- [nPool-worker-13] .t.t.s.TourGuideClientRewardsServiceImpl : Service - Distance calculated: 5410.999488831821
2021-11-27 20:34:21.182  INFO 530588 --- [nPool-worker-13] .t.t.s.TourGuideClientRewardsServiceImpl : Service - Distance calculated: 5509.628473517023
2021-11-27 20:34:21.182  INFO 530588 --- [nPool-worker-13] .t.t.s.TourGuideClientRewardsServiceImpl : Service - Distance calculated: 6031.430499007161
2021-11-27 20:34:21.182  INFO 530588 --- [nPool-worker-13] .t.t.s.TourGuideClientRewardsServiceImpl : Service - Distance calculated: 4911.945839830511
2021-11-27 20:34:21.182  INFO 530588 --- [nPool-worker-13] .t.t.s.TourGuideClientRewardsServiceImpl : Service - Distance calculated: 5125.093020070165
2021-11-27 20:34:21.182  INFO 530588 --- [nPool-worker-13] .t.t.s.TourGuideClientRewardsServiceImpl : Service - Distance calculated: 4251.305147746235
2021-11-27 20:34:21.182  INFO 530588 --- [nPool-worker-13] .t.t.s.TourGuideClientRewardsServiceImpl : Service - Distance calculated: 4634.4731204212585
2021-11-27 20:34:21.182  INFO 530588 --- [nPool-worker-13] .t.t.s.TourGuideClientRewardsServiceImpl : Service - Distance calculated: 4835.740577278504
2021-11-27 20:34:21.182  INFO 530588 --- [nPool-worker-13] .t.t.s.TourGuideClientRewardsServiceImpl : Service - Distance calculated: 4827.52230291897
2021-11-27 20:34:21.182  INFO 530588 --- [nPool-worker-13] .t.t.s.TourGuideClientRewardsServiceImpl : Service - Distance calculated: 5635.123093414223
2021-11-27 20:34:21.182  INFO 530588 --- [nPool-worker-13] .t.t.s.TourGuideClientRewardsServiceImpl : Service - Distance calculated: 5886.3328282859
2021-11-27 20:34:21.182  INFO 530588 --- [nPool-worker-13] .t.t.s.TourGuideClientRewardsServiceImpl : Service - Distance calculated: 5455.842983187091
2021-11-27 20:34:21.182  INFO 530588 --- [nPool-worker-13] .t.t.s.TourGuideClientRewardsServiceImpl : Service - Distance calculated: 5722.360083831196
2021-11-27 20:34:21.182  INFO 530588 --- [nPool-worker-13] .t.t.s.TourGuideClientRewardsServiceImpl : Service - Distance calculated: 5192.620991121783
2021-11-27 20:34:21.182  INFO 530588 --- [nPool-worker-13] .t.t.s.TourGuideClientRewardsServiceImpl : Service - Distance calculated: 5833.838679572249
2021-11-27 20:34:21.182  INFO 530588 --- [nPool-worker-13] .t.t.s.TourGuideClientRewardsServiceImpl : Service - Distance calculated: 6071.658187411537
2021-11-27 20:34:21.182  INFO 530588 --- [nPool-worker-13] .t.t.s.TourGuideClientRewardsServiceImpl : Service - Distance calculated: 5635.7623743215545
2021-11-27 20:34:21.182  INFO 530588 --- [nPool-worker-13] .t.t.s.TourGuideClientRewardsServiceImpl : Service - Distance calculated: 4461.417136359346
2021-11-27 20:34:21.182  INFO 530588 --- [nPool-worker-13] .t.t.s.TourGuideClientRewardsServiceImpl : Service - Distance calculated: 5968.033373212575
2021-11-27 20:34:21.182  INFO 530588 --- [nPool-worker-13] .t.t.s.TourGuideClientRewardsServiceImpl : Service - Distance calculated: 5261.0221616953495
2021-11-27 20:34:21.182  INFO 530588 --- [nPool-worker-13] .t.t.s.TourGuideClientRewardsServiceImpl : Service - Distance calculated: 4624.674424735553
2021-11-27 20:34:21.182  INFO 530588 --- [nPool-worker-13] .t.t.s.TourGuideClientRewardsServiceImpl : Service - Distance calculated: 5585.442375131241
2021-11-27 20:34:21.182  INFO 530588 --- [nPool-worker-13] .t.t.s.TourGuideClientRewardsServiceImpl : Service - Distance calculated: 3447.7870149427
2021-11-27 20:34:21.182  INFO 530588 --- [nPool-worker-13] .t.t.s.TourGuideClientRewardsServiceImpl : Service - Distance calculated: 3101.920041280542
2021-11-27 20:34:21.182  INFO 530588 --- [nPool-worker-13] .t.t.s.TourGuideClientRewardsServiceImpl : Service - Distance calculated: 3306.8577773002344
2021-11-27 20:34:21.182  INFO 530588 --- [nPool-worker-13] .t.t.s.TourGuideClientRewardsServiceImpl : Service - Distance calculated: 3331.804971303638
2021-11-27 20:34:21.183  INFO 530588 --- [nPool-worker-13] .t.t.s.TourGuideClientRewardsServiceImpl : Service - Distance calculated: 2049.3303846459885
2021-11-27 20:34:21.183  INFO 530588 --- [nPool-worker-13] .t.t.s.TourGuideClientRewardsServiceImpl : Service - Distance calculated: 2038.808372437035
2021-11-27 20:34:21.183  INFO 530588 --- [nPool-worker-13] .t.t.s.TourGuideClientRewardsServiceImpl : Service - Distance calculated: 3014.882773813332
2021-11-27 20:34:21.183  INFO 530588 --- [nPool-worker-13] .t.t.s.TourGuideClientRewardsServiceImpl : Service - Distance calculated: 1663.97170620791
2021-11-27 20:34:21.183  INFO 530588 --- [nPool-worker-13] .t.t.s.TourGuideClientRewardsServiceImpl : Service - Distance calculated: 1634.276931471759
2021-11-27 20:34:21.183  INFO 530588 --- [nPool-worker-13] .t.t.s.TourGuideClientRewardsServiceImpl : Service - Distance calculated: 4749.688352127749
2021-11-27 20:34:21.183  INFO 530588 --- [nPool-worker-13] .t.t.s.TourGuideClientRewardsServiceImpl : Service - Distance calculated: 1394.306986938077
2021-11-27 20:34:21.183  INFO 530588 --- [nPool-worker-13] .t.t.s.TourGuideClientRewardsServiceImpl : Service - Distance calculated: 1542.4289093949915
2021-11-27 20:34:21.183  INFO 530588 --- [nPool-worker-13] .t.t.s.TourGuideClientRewardsServiceImpl : Service - Distance calculated: 1399.262637542979
2021-11-27 20:34:21.183  INFO 530588 --- [nPool-worker-13] .t.t.s.TourGuideClientRewardsServiceImpl : Service - Distance calculated: 1182.7094628543023
2021-11-27 20:34:21.183  INFO 530588 --- [nPool-worker-13] .t.t.s.TourGuideClientRewardsServiceImpl : Service - Distance calculated: 2267.643377104046
2021-11-27 20:34:21.183  INFO 530588 --- [nPool-worker-13] .t.t.s.TourGuideClientRewardsServiceImpl : Service - Distance calculated: 1711.2691465238393
2021-11-27 20:34:21.183  INFO 530588 --- [nPool-worker-13] .t.t.s.TourGuideClientRewardsServiceImpl : Service - Distance calculated: 1879.999657976974
2021-11-27 20:34:21.183  INFO 530588 --- [nPool-worker-13] .t.t.s.TourGuideClientRewardsServiceImpl : Service - Distance calculated: 1588.98568218166
2021-11-27 20:34:21.183  INFO 530588 --- [nPool-worker-13] .t.t.s.TourGuideClientRewardsServiceImpl : Service - Distance calculated: 2186.425003898686
2021-11-27 20:34:21.183  INFO 530588 --- [nPool-worker-13] .t.t.s.TourGuideClientRewardsServiceImpl : Service - Distance calculated: 3408.2884100767164
2021-11-27 20:34:21.183  INFO 530588 --- [nPool-worker-13] .t.t.s.TourGuideClientRewardsServiceImpl : Service - Distance calculated: 1336.4466425589233
2021-11-27 20:34:21.183  INFO 530588 --- [nPool-worker-13] .t.t.s.TourGuideClientRewardsServiceImpl : Service - Distance calculated: 1411.5540792589668
2021-11-27 20:34:21.183  INFO 530588 --- [nPool-worker-13] .t.t.s.TourGuideClientRewardsServiceImpl : Service - Distance calculated: 2785.9610794340074
2021-11-27 20:34:21.183  INFO 530588 --- [nPool-worker-13] .t.t.s.TourGuideClientRewardsServiceImpl : Service - Distance calculated: 2205.7044989654805
2021-11-27 20:34:21.183  INFO 530588 --- [nPool-worker-13] .t.t.s.TourGuideClientRewardsServiceImpl : Service - Distance calculated: 1397.1816904876475
2021-11-27 20:34:21.183  INFO 530588 --- [nPool-worker-13] .t.t.s.TourGuideClientRewardsServiceImpl : Service - Distance calculated: 1288.008771022894
2021-11-27 20:34:21.183  INFO 530588 --- [nPool-worker-13] .t.t.s.TourGuideClientRewardsServiceImpl : Service - Distance calculated: 5.8950310023474215E-5
2021-11-27 20:34:21.183  INFO 530588 --- [nPool-worker-13] .t.t.s.TourGuideClientRewardsServiceImpl : Service - Distance calculated: 774.5207212649109
2021-11-27 20:34:21.183  INFO 530588 --- [nPool-worker-13] .t.t.s.TourGuideClientRewardsServiceImpl : Service - Distance calculated: 164.91310606753288
2021-11-27 20:34:21.183  INFO 530588 --- [nPool-worker-13] .t.t.s.TourGuideClientRewardsServiceImpl : Service - Distance calculated: 115.99464245531166
2021-11-27 20:34:21.183  INFO 530588 --- [nPool-worker-13] .t.t.s.TourGuideClientRewardsServiceImpl : Service - Distance calculated: 1428.8577204882306
2021-11-27 20:34:21.183  INFO 530588 --- [nPool-worker-13] .t.t.s.TourGuideClientRewardsServiceImpl : Service - Distance calculated: 1418.571827418631
2021-11-27 20:34:21.183  INFO 530588 --- [nPool-worker-13] .t.t.s.TourGuideClientRewardsServiceImpl : Service - Distance calculated: 460.11990361699293
2021-11-27 20:34:21.183  INFO 530588 --- [nPool-worker-13] .t.t.s.TourGuideClientRewardsServiceImpl : Service - Distance calculated: 1992.7911930022951
2021-11-27 20:34:21.183  INFO 530588 --- [nPool-worker-13] .t.t.s.TourGuideClientRewardsServiceImpl : Service - Distance calculated: 1906.7972782801585
2021-11-27 20:34:21.183  INFO 530588 --- [nPool-worker-13] .t.t.s.TourGuideClientRewardsServiceImpl : Service - Distance calculated: 2360.645624935619
2021-11-27 20:34:21.183  INFO 530588 --- [nPool-worker-13] .t.t.s.TourGuideClientRewardsServiceImpl : Service - Distance calculated: 2434.494471527265
2021-11-27 20:34:21.183  INFO 530588 --- [nPool-worker-13] .t.t.s.TourGuideClientRewardsServiceImpl : Service - Distance calculated: 2148.3967563579567
2021-11-27 20:34:21.183  INFO 530588 --- [nPool-worker-13] .t.t.s.TourGuideClientRewardsServiceImpl : Service - Distance calculated: 2282.746325565392
2021-11-27 20:34:21.183  INFO 530588 --- [nPool-worker-13] .t.t.s.TourGuideClientRewardsServiceImpl : Service - Distance calculated: 2289.4339721013357
2021-11-27 20:34:21.183  INFO 530588 --- [nPool-worker-13] .t.t.s.TourGuideClientRewardsServiceImpl : Service - Distance calculated: 1204.372289719331
2021-11-27 20:34:21.183  INFO 530588 --- [nPool-worker-13] .t.t.s.TourGuideClientRewardsServiceImpl : Service - Distance calculated: 1742.5694022642394
2021-11-27 20:34:21.183  INFO 530588 --- [nPool-worker-13] .t.t.s.TourGuideClientRewardsServiceImpl : Service - Distance calculated: 1576.7472428725728
2021-11-27 20:34:21.183  INFO 530588 --- [nPool-worker-13] .t.t.s.TourGuideClientRewardsServiceImpl : Service - Distance calculated: 1921.4807999190489
2021-11-27 20:34:21.183  INFO 530588 --- [nPool-worker-13] .t.t.s.TourGuideClientRewardsServiceImpl : Service - Distance calculated: 1277.6245433336508
2021-11-27 20:34:21.183  INFO 530588 --- [nPool-worker-13] .t.t.s.TourGuideClientRewardsServiceImpl : Service - Distance calculated: 87.03441722159666
2021-11-27 20:34:21.183  INFO 530588 --- [nPool-worker-13] .t.t.s.TourGuideClientRewardsServiceImpl : Service - Distance calculated: 2127.2478407793283
2021-11-27 20:34:21.183  INFO 530588 --- [nPool-worker-13] .t.t.s.TourGuideClientRewardsServiceImpl : Service - Distance calculated: 2578.910516018122
2021-11-27 20:34:21.183  INFO 530588 --- [nPool-worker-13] .t.t.s.TourGuideClientRewardsServiceImpl : Service - Distance calculated: 680.6158831369517
2021-11-27 20:34:21.183  INFO 530588 --- [nPool-worker-13] .t.t.s.TourGuideClientRewardsServiceImpl : Service - Distance calculated: 1344.090272349311
2021-11-27 20:34:21.183  INFO 530588 --- [nPool-worker-13] .t.t.s.TourGuideClientRewardsServiceImpl : Service - Distance calculated: 2440.177336041544
2021-11-27 20:34:21.183  INFO 530588 --- [nPool-worker-13] .t.t.s.TourGuideClientRewardsServiceImpl : Service - Distance calculated: 2168.830527042806
2021-11-27 20:34:21.183  INFO 530588 --- [nPool-worker-13] .t.t.s.TourGuideClientRewardsServiceImpl : Service - Calculate rewards points for user: internalUser92
2021-11-27 20:34:21.194  INFO 530588 --- [ol-254-thread-1] .t.t.s.TourGuideClientRewardsServiceImpl : Service - Reward added for user: internalUser90
2021-11-27 20:34:21.196  INFO 530588 --- [onPool-worker-6] .t.t.s.TourGuideClientRewardsServiceImpl : Service - Distance calculated: 4105.041589363668
2021-11-27 20:34:21.196  INFO 530588 --- [onPool-worker-6] .t.t.s.TourGuideClientRewardsServiceImpl : Service - Distance calculated: 4827.02659965808
2021-11-27 20:34:21.196  INFO 530588 --- [onPool-worker-6] .t.t.s.TourGuideClientRewardsServiceImpl : Service - Distance calculated: 4269.079006111701
2021-11-27 20:34:21.196  INFO 530588 --- [onPool-worker-6] .t.t.s.TourGuideClientRewardsServiceImpl : Service - Distance calculated: 4197.347585363946
2021-11-27 20:34:21.196  INFO 530588 --- [onPool-worker-6] .t.t.s.TourGuideClientRewardsServiceImpl : Service - Distance calculated: 5398.900543215605
2021-11-27 20:34:21.196  INFO 530588 --- [onPool-worker-6] .t.t.s.TourGuideClientRewardsServiceImpl : Service - Distance calculated: 5345.79887677071
2021-11-27 20:34:21.196  INFO 530588 --- [onPool-worker-6] .t.t.s.TourGuideClientRewardsServiceImpl : Service - Distance calculated: 4375.457489780863
2021-11-27 20:34:21.196  INFO 530588 --- [onPool-worker-6] .t.t.s.TourGuideClientRewardsServiceImpl : Service - Distance calculated: 6020.299512047876
2021-11-27 20:34:21.196  INFO 530588 --- [onPool-worker-6] .t.t.s.TourGuideClientRewardsServiceImpl : Service - Distance calculated: 5878.9114076992055
2021-11-27 20:34:21.196  INFO 530588 --- [onPool-worker-6] .t.t.s.TourGuideClientRewardsServiceImpl : Service - Distance calculated: 4972.962901589047
2021-11-27 20:34:21.196  INFO 530588 --- [onPool-worker-6] .t.t.s.TourGuideClientRewardsServiceImpl : Service - Distance calculated: 6463.961702868843
2021-11-27 20:34:21.196  INFO 530588 --- [onPool-worker-6] .t.t.s.TourGuideClientRewardsServiceImpl : Service - Distance calculated: 6169.97184849358
2021-11-27 20:34:21.196  INFO 530588 --- [onPool-worker-6] .t.t.s.TourGuideClientRewardsServiceImpl : Service - Distance calculated: 6281.676952873315
2021-11-27 20:34:21.196  INFO 530588 --- [onPool-worker-6] .t.t.s.TourGuideClientRewardsServiceImpl : Service - Distance calculated: 5914.596423018871
2021-11-27 20:34:21.196  INFO 530588 --- [onPool-worker-3] .t.t.s.TourGuideClientRewardsServiceImpl : Service - Distance calculated: 3087.6114227476774
2021-11-27 20:34:21.196  INFO 530588 --- [onPool-worker-6] .t.t.s.TourGuideClientRewardsServiceImpl : Service - Distance calculated: 4979.429945492173
2021-11-27 20:34:21.196  INFO 530588 --- [onPool-worker-3] .t.t.s.TourGuideClientRewardsServiceImpl : Service - Distance calculated: 3275.3350350008495
2021-11-27 20:34:21.196  INFO 530588 --- [nPool-worker-11] .t.t.s.TourGuideClientRewardsServiceImpl : Service - Distance calculated: 8325.031670513643
2021-11-27 20:34:21.196  INFO 530588 --- [onPool-worker-3] .t.t.s.TourGuideClientRewardsServiceImpl : Service - Distance calculated: 3188.794148725646
2021-11-27 20:34:21.196  INFO 530588 --- [nPool-worker-11] .t.t.s.TourGuideClientRewardsServiceImpl : Service - Distance calculated: 8289.22242615186
2021-11-27 20:34:21.196  INFO 530588 --- [onPool-worker-3] .t.t.s.TourGuideClientRewardsServiceImpl : Service - Distance calculated: 3195.755353922441
2021-11-27 20:34:21.196  INFO 530588 --- [nPool-worker-11] .t.t.s.TourGuideClientRewardsServiceImpl : Service - Distance calculated: 8247.065146276213
2021-11-27 20:34:21.196  INFO 530588 --- [onPool-worker-3] .t.t.s.TourGuideClientRewardsServiceImpl : Service - Distance calculated: 4351.201380232637
2021-11-27 20:34:21.196  INFO 530588 --- [nPool-worker-11] .t.t.s.TourGuideClientRewardsServiceImpl : Service - Distance calculated: 8225.150942910786
2021-11-27 20:34:21.196  INFO 530588 --- [nPool-worker-11] .t.t.s.TourGuideClientRewardsServiceImpl : Service - Distance calculated: 7201.494511963153
2021-11-27 20:34:21.196  INFO 530588 --- [nPool-worker-11] .t.t.s.TourGuideClientRewardsServiceImpl : Service - Distance calculated: 7152.990375203627
2021-11-27 20:34:21.196  INFO 530588 --- [nPool-worker-11] .t.t.s.TourGuideClientRewardsServiceImpl : Service - Distance calculated: 7875.754098886621
2021-11-27 20:34:21.196  INFO 530588 --- [nPool-worker-11] .t.t.s.TourGuideClientRewardsServiceImpl : Service - Distance calculated: 6939.488411020586
2021-11-27 20:34:21.196  INFO 530588 --- [nPool-worker-11] .t.t.s.TourGuideClientRewardsServiceImpl : Service - Distance calculated: 6878.438729258172
2021-11-27 20:34:21.196  INFO 530588 --- [nPool-worker-11] .t.t.s.TourGuideClientRewardsServiceImpl : Service - Distance calculated: 9997.906405848797
2021-11-27 20:34:21.196  INFO 530588 --- [nPool-worker-11] .t.t.s.TourGuideClientRewardsServiceImpl : Service - Distance calculated: 6660.109930669246
2021-11-27 20:34:21.196  INFO 530588 --- [nPool-worker-11] .t.t.s.TourGuideClientRewardsServiceImpl : Service - Distance calculated: 6823.484249324114
2021-11-27 20:34:21.196  INFO 530588 --- [onPool-worker-6] .t.t.s.TourGuideClientRewardsServiceImpl : Service - Distance calculated: 5609.447779767022
2021-11-27 20:34:21.196  INFO 530588 --- [onPool-worker-6] .t.t.s.TourGuideClientRewardsServiceImpl : Service - Distance calculated: 5344.230757035203
2021-11-27 20:34:21.196  INFO 530588 --- [onPool-worker-6] .t.t.s.TourGuideClientRewardsServiceImpl : Service - Distance calculated: 5863.351316264318
2021-11-27 20:34:21.196  INFO 530588 --- [onPool-worker-6] .t.t.s.TourGuideClientRewardsServiceImpl : Service - Distance calculated: 5064.406899736813
2021-11-27 20:34:21.196  INFO 530588 --- [onPool-worker-6] .t.t.s.TourGuideClientRewardsServiceImpl : Service - Distance calculated: 4091.5773264403533
2021-11-27 20:34:21.196  INFO 530588 --- [onPool-worker-3] .t.t.s.TourGuideClientRewardsServiceImpl : Service - Distance calculated: 4381.660151444004
2021-11-27 20:34:21.196  INFO 530588 --- [nPool-worker-11] .t.t.s.TourGuideClientRewardsServiceImpl : Service - Distance calculated: 6680.738124667293
2021-11-27 20:34:21.196  INFO 530588 --- [onPool-worker-6] .t.t.s.TourGuideClientRewardsServiceImpl : Service - Distance calculated: 5794.539256111241
2021-11-27 20:34:21.196  INFO 530588 --- [onPool-worker-3] .t.t.s.TourGuideClientRewardsServiceImpl : Service - Distance calculated: 3546.939047391081
2021-11-27 20:34:21.196  INFO 530588 --- [onPool-worker-6] .t.t.s.TourGuideClientRewardsServiceImpl : Service - Distance calculated: 6629.87798118855
2021-11-27 20:34:21.196  INFO 530588 --- [nPool-worker-11] .t.t.s.TourGuideClientRewardsServiceImpl : Service - Distance calculated: 6229.012227668048
2021-11-27 20:34:21.197  INFO 530588 --- [onPool-worker-3] .t.t.s.TourGuideClientRewardsServiceImpl : Service - Distance calculated: 4724.98832786261
2021-11-27 20:34:21.197  INFO 530588 --- [nPool-worker-10] .t.t.s.TourGuideClientRewardsServiceImpl : Service - Distance calculated: 7469.12818288258
2021-11-27 20:34:21.197  INFO 530588 --- [onPool-worker-6] .t.t.s.TourGuideClientRewardsServiceImpl : Service - Distance calculated: 4567.577960639457
2021-11-27 20:34:21.197  INFO 530588 --- [onPool-worker-3] .t.t.s.TourGuideClientRewardsServiceImpl : Service - Distance calculated: 4741.006913076599
2021-11-27 20:34:21.197  INFO 530588 --- [nPool-worker-10] .t.t.s.TourGuideClientRewardsServiceImpl : Service - Distance calculated: 6885.475850226232
2021-11-27 20:34:21.197  INFO 530588 --- [onPool-worker-6] .t.t.s.TourGuideClientRewardsServiceImpl : Service - Distance calculated: 5391.760943584507
2021-11-27 20:34:21.197  INFO 530588 --- [onPool-worker-3] .t.t.s.TourGuideClientRewardsServiceImpl : Service - Distance calculated: 2033.1092849487507
2021-11-27 20:34:21.197  INFO 530588 --- [nPool-worker-11] .t.t.s.TourGuideClientRewardsServiceImpl : Service - Distance calculated: 7196.526744123337
2021-11-27 20:34:21.197  INFO 530588 --- [nPool-worker-10] .t.t.s.TourGuideClientRewardsServiceImpl : Service - Distance calculated: 7308.960504863819
2021-11-27 20:34:21.197  INFO 530588 --- [onPool-worker-3] .t.t.s.TourGuideClientRewardsServiceImpl : Service - Distance calculated: 5075.304596843514
2021-11-27 20:34:21.197  INFO 530588 --- [onPool-worker-6] .t.t.s.TourGuideClientRewardsServiceImpl : Service - Distance calculated: 6471.374247096294
2021-11-27 20:34:21.197  INFO 530588 --- [onPool-worker-3] .t.t.s.TourGuideClientRewardsServiceImpl : Service - Distance calculated: 4860.986073102492
2021-11-27 20:34:21.197  INFO 530588 --- [nPool-worker-10] .t.t.s.TourGuideClientRewardsServiceImpl : Service - Distance calculated: 7358.587893937487
2021-11-27 20:34:21.197  INFO 530588 --- [onPool-worker-3] .t.t.s.TourGuideClientRewardsServiceImpl : Service - Distance calculated: 5009.3845289092815
2021-11-27 20:34:21.197  INFO 530588 --- [onPool-worker-6] .t.t.s.TourGuideClientRewardsServiceImpl : Service - Distance calculated: 5853.991248144133
2021-11-27 20:34:21.197  INFO 530588 --- [onPool-worker-3] .t.t.s.TourGuideClientRewardsServiceImpl : Service - Distance calculated: 5308.647454619558
2021-11-27 20:34:21.197  INFO 530588 --- [nPool-worker-11] .t.t.s.TourGuideClientRewardsServiceImpl : Service - Distance calculated: 6850.719561546539
2021-11-27 20:34:21.197  INFO 530588 --- [nPool-worker-10] .t.t.s.TourGuideClientRewardsServiceImpl : Service - Distance calculated: 6051.038809620704
2021-11-27 20:34:21.197  INFO 530588 --- [nPool-worker-10] .t.t.s.TourGuideClientRewardsServiceImpl : Service - Distance calculated: 6076.993249412447
2021-11-27 20:34:21.197  INFO 530588 --- [onPool-worker-6] .t.t.s.TourGuideClientRewardsServiceImpl : Service - Distance calculated: 9668.625326642701
2021-11-27 20:34:21.197  INFO 530588 --- [onPool-worker-6] .t.t.s.TourGuideClientRewardsServiceImpl : Service - Distance calculated: 10413.432162393703
2021-11-27 20:34:21.197  INFO 530588 --- [onPool-worker-6] .t.t.s.TourGuideClientRewardsServiceImpl : Service - Distance calculated: 9828.092592926027
2021-11-27 20:34:21.197  INFO 530588 --- [onPool-worker-6] .t.t.s.TourGuideClientRewardsServiceImpl : Service - Distance calculated: 9748.146126436815
2021-11-27 20:34:21.197  INFO 530588 --- [onPool-worker-3] .t.t.s.TourGuideClientRewardsServiceImpl : Service - Distance calculated: 4269.23035819597
2021-11-27 20:34:21.197  INFO 530588 --- [onPool-worker-3] .t.t.s.TourGuideClientRewardsServiceImpl : Service - Distance calculated: 4702.255706900182
2021-11-27 20:34:21.197  INFO 530588 --- [nPool-worker-11] .t.t.s.TourGuideClientRewardsServiceImpl : Service - Distance calculated: 6892.615701436187
2021-11-27 20:34:21.197  INFO 530588 --- [nPool-worker-10] .t.t.s.TourGuideClientRewardsServiceImpl : Service - Distance calculated: 7092.7366841255125
2021-11-27 20:34:21.197  INFO 530588 --- [nPool-worker-11] .t.t.s.TourGuideClientRewardsServiceImpl : Service - Distance calculated: 6818.488120456569
2021-11-27 20:34:21.197  INFO 530588 --- [onPool-worker-6] .t.t.s.TourGuideClientRewardsServiceImpl : Service - Distance calculated: 10658.7729939272
2021-11-27 20:34:21.197  INFO 530588 --- [nPool-worker-10] .t.t.s.TourGuideClientRewardsServiceImpl : Service - Distance calculated: 5477.683637632424
2021-11-27 20:34:21.197  INFO 530588 --- [onPool-worker-6] .t.t.s.TourGuideClientRewardsServiceImpl : Service - Distance calculated: 10563.86256799346
2021-11-27 20:34:21.197  INFO 530588 --- [onPool-worker-3] .t.t.s.TourGuideClientRewardsServiceImpl : Service - Distance calculated: 4609.769244234923
2021-11-27 20:34:21.197  INFO 530588 --- [nPool-worker-11] .t.t.s.TourGuideClientRewardsServiceImpl : Service - Distance calculated: 7143.336709624415
2021-11-27 20:34:21.197  INFO 530588 --- [nPool-worker-10] .t.t.s.TourGuideClientRewardsServiceImpl : Service - Distance calculated: 5566.218798658385
2021-11-27 20:34:21.197  INFO 530588 --- [onPool-worker-6] .t.t.s.TourGuideClientRewardsServiceImpl : Service - Distance calculated: 9843.080728455832
2021-11-27 20:34:21.197  INFO 530588 --- [onPool-worker-3] .t.t.s.TourGuideClientRewardsServiceImpl : Service - Distance calculated: 4788.310698616786
2021-11-27 20:34:21.197  INFO 530588 --- [onPool-worker-6] .t.t.s.TourGuideClientRewardsServiceImpl : Service - Distance calculated: 11168.455538368231
2021-11-27 20:34:21.197  INFO 530588 --- [nPool-worker-11] .t.t.s.TourGuideClientRewardsServiceImpl : Service - Distance calculated: 8250.198134361253
2021-11-27 20:34:21.197  INFO 530588 --- [onPool-worker-3] .t.t.s.TourGuideClientRewardsServiceImpl : Service - Distance calculated: 4332.752137551091
2021-11-27 20:34:21.197  INFO 530588 --- [onPool-worker-6] .t.t.s.TourGuideClientRewardsServiceImpl : Service - Distance calculated: 10954.794930827074
2021-11-27 20:34:21.197  INFO 530588 --- [onPool-worker-3] .t.t.s.TourGuideClientRewardsServiceImpl : Service - Distance calculated: 3154.4832795165335
2021-11-27 20:34:21.197  INFO 530588 --- [nPool-worker-10] .t.t.s.TourGuideClientRewardsServiceImpl : Service - Distance calculated: 7495.9942552211605
2021-11-27 20:34:21.197  INFO 530588 --- [onPool-worker-3] .t.t.s.TourGuideClientRewardsServiceImpl : Service - Distance calculated: 5145.589021155769
2021-11-27 20:34:21.197  INFO 530588 --- [nPool-worker-10] .t.t.s.TourGuideClientRewardsServiceImpl : Service - Distance calculated: 5039.974455108239
2021-11-27 20:34:21.197  INFO 530588 --- [onPool-worker-3] .t.t.s.TourGuideClientRewardsServiceImpl : Service - Distance calculated: 5139.979453364632
2021-11-27 20:34:21.197  INFO 530588 --- [nPool-worker-10] .t.t.s.TourGuideClientRewardsServiceImpl : Service - Distance calculated: 5322.111266180517
2021-11-27 20:34:21.197  INFO 530588 --- [onPool-worker-3] .t.t.s.TourGuideClientRewardsServiceImpl : Service - Distance calculated: 3759.4844030312433
2021-11-27 20:34:21.197  INFO 530588 --- [nPool-worker-10] .t.t.s.TourGuideClientRewardsServiceImpl : Service - Distance calculated: 5186.432521222144
2021-11-27 20:34:21.197  INFO 530588 --- [nPool-worker-11] .t.t.s.TourGuideClientRewardsServiceImpl : Service - Distance calculated: 6387.033235934266
2021-11-27 20:34:21.197  INFO 530588 --- [nPool-worker-11] .t.t.s.TourGuideClientRewardsServiceImpl : Service - Distance calculated: 6637.5938590655405
2021-11-27 20:34:21.197  INFO 530588 --- [onPool-worker-6] .t.t.s.TourGuideClientRewardsServiceImpl : Service - Distance calculated: 9677.521971613342
2021-11-27 20:34:21.197  INFO 530588 --- [onPool-worker-1] .t.t.s.TourGuideClientRewardsServiceImpl : Service - Distance calculated: 6609.1114031020425
2021-11-27 20:34:21.197  INFO 530588 --- [onPool-worker-6] .t.t.s.TourGuideClientRewardsServiceImpl : Service - Distance calculated: 11359.047703029553
2021-11-27 20:34:21.197  INFO 530588 --- [onPool-worker-1] .t.t.s.TourGuideClientRewardsServiceImpl : Service - Distance calculated: 5920.777231678242
2021-11-27 20:34:21.197  INFO 530588 --- [onPool-worker-3] .t.t.s.TourGuideClientRewardsServiceImpl : Service - Distance calculated: 4175.16288300078
2021-11-27 20:34:21.197  INFO 530588 --- [onPool-worker-6] .t.t.s.TourGuideClientRewardsServiceImpl : Service - Distance calculated: 11225.90661377407
2021-11-27 20:34:21.197  INFO 530588 --- [onPool-worker-1] .t.t.s.TourGuideClientRewardsServiceImpl : Service - Distance calculated: 6444.216692989608
2021-11-27 20:34:21.197  INFO 530588 --- [nPool-worker-10] .t.t.s.TourGuideClientRewardsServiceImpl : Service - Distance calculated: 5336.603357354329
2021-11-27 20:34:21.197  INFO 530588 --- [onPool-worker-3] .t.t.s.TourGuideClientRewardsServiceImpl : Service - Distance calculated: 5076.177416234443
2021-11-27 20:34:21.197  INFO 530588 --- [onPool-worker-1] .t.t.s.TourGuideClientRewardsServiceImpl : Service - Distance calculated: 6511.179178133709
2021-11-27 20:34:21.197  INFO 530588 --- [nPool-worker-11] .t.t.s.TourGuideClientRewardsServiceImpl : Service - Distance calculated: 7679.232932308704
2021-11-27 20:34:21.197  INFO 530588 --- [onPool-worker-1] .t.t.s.TourGuideClientRewardsServiceImpl : Service - Distance calculated: 5284.955731556212
2021-11-27 20:34:21.197  INFO 530588 --- [nPool-worker-10] .t.t.s.TourGuideClientRewardsServiceImpl : Service - Distance calculated: 6384.29054391714
2021-11-27 20:34:21.197  INFO 530588 --- [onPool-worker-1] .t.t.s.TourGuideClientRewardsServiceImpl : Service - Distance calculated: 5336.799434939693
2021-11-27 20:34:21.197  INFO 530588 --- [nPool-worker-14] .t.t.s.TourGuideClientRewardsServiceImpl : Service - Distance calculated: 3413.660027189885
2021-11-27 20:34:21.197  INFO 530588 --- [nPool-worker-11] .t.t.s.TourGuideClientRewardsServiceImpl : Service - Distance calculated: 7403.580874015922
2021-11-27 20:34:21.197  INFO 530588 --- [onPool-worker-6] .t.t.s.TourGuideClientRewardsServiceImpl : Service - Distance calculated: 11199.06741163961
2021-11-27 20:34:21.197  INFO 530588 --- [nPool-worker-11] .t.t.s.TourGuideClientRewardsServiceImpl : Service - Distance calculated: 6661.513022556986
2021-11-27 20:34:21.197  INFO 530588 --- [nPool-worker-14] .t.t.s.TourGuideClientRewardsServiceImpl : Service - Distance calculated: 2905.9018661507457
2021-11-27 20:34:21.197  INFO 530588 --- [onPool-worker-3] .t.t.s.TourGuideClientRewardsServiceImpl : Service - Distance calculated: 5175.913576081426
2021-11-27 20:34:21.197  INFO 530588 --- [nPool-worker-10] .t.t.s.TourGuideClientRewardsServiceImpl : Service - Distance calculated: 5769.828883565866
2021-11-27 20:34:21.197  INFO 530588 --- [onPool-worker-1] .t.t.s.TourGuideClientRewardsServiceImpl : Service - Distance calculated: 6314.63833904003
2021-11-27 20:34:21.197  INFO 530588 --- [onPool-worker-6] .t.t.s.TourGuideClientRewardsServiceImpl : Service - Distance calculated: 10351.126020439613
2021-11-27 20:34:21.197  INFO 530588 --- [onPool-worker-1] .t.t.s.TourGuideClientRewardsServiceImpl : Service - Distance calculated: 4665.456087694487
2021-11-27 20:34:21.197  INFO 530588 --- [onPool-worker-6] .t.t.s.TourGuideClientRewardsServiceImpl : Service - Distance calculated: 10173.42833622628
2021-11-27 20:34:21.197  INFO 530588 --- [nPool-worker-11] .t.t.s.TourGuideClientRewardsServiceImpl : Service - Distance calculated: 6366.630418290205
2021-11-27 20:34:21.197  INFO 530588 --- [onPool-worker-6] .t.t.s.TourGuideClientRewardsServiceImpl : Service - Distance calculated: 10627.645779608081
2021-11-27 20:34:21.197  INFO 530588 --- [nPool-worker-14] .t.t.s.TourGuideClientRewardsServiceImpl : Service - Distance calculated: 3369.1620717805017
2021-11-27 20:34:21.197  INFO 530588 --- [onPool-worker-3] .t.t.s.TourGuideClientRewardsServiceImpl : Service - Distance calculated: 4424.2269825976255
2021-11-27 20:34:21.197  INFO 530588 --- [nPool-worker-10] .t.t.s.TourGuideClientRewardsServiceImpl : Service - Distance calculated: 5995.716218040156
2021-11-27 20:34:21.197  INFO 530588 --- [onPool-worker-1] .t.t.s.TourGuideClientRewardsServiceImpl : Service - Distance calculated: 4803.725584199703
2021-11-27 20:34:21.198  INFO 530588 --- [onPool-worker-3] .t.t.s.TourGuideClientRewardsServiceImpl : Service - Distance calculated: 3831.5566029063457
2021-11-27 20:34:21.197  INFO 530588 --- [onPool-worker-6] .t.t.s.TourGuideClientRewardsServiceImpl : Service - Distance calculated: 10363.103875685609
2021-11-27 20:34:21.197  INFO 530588 --- [nPool-worker-11] .t.t.s.TourGuideClientRewardsServiceImpl : Service - Distance calculated: 4195.958440290781
2021-11-27 20:34:21.198  INFO 530588 --- [nPool-worker-14] .t.t.s.TourGuideClientRewardsServiceImpl : Service - Distance calculated: 3444.9174822348273
2021-11-27 20:34:21.198  INFO 530588 --- [nPool-worker-11] .t.t.s.TourGuideClientRewardsServiceImpl : Service - Distance calculated: 3446.2235854882915
2021-11-27 20:34:21.198  INFO 530588 --- [nPool-worker-14] .t.t.s.TourGuideClientRewardsServiceImpl : Service - Distance calculated: 3731.698590219953
2021-11-27 20:34:21.198  INFO 530588 --- [nPool-worker-11] .t.t.s.TourGuideClientRewardsServiceImpl : Service - Distance calculated: 4036.5153397425142
2021-11-27 20:34:21.198  INFO 530588 --- [nPool-worker-10] .t.t.s.TourGuideClientRewardsServiceImpl : Service - Distance calculated: 5558.405726552824
2021-11-27 20:34:21.198  INFO 530588 --- [nPool-worker-14] .t.t.s.TourGuideClientRewardsServiceImpl : Service - Distance calculated: 3821.942521979565
2021-11-27 20:34:21.198  INFO 530588 --- [onPool-worker-3] .t.t.s.TourGuideClientRewardsServiceImpl : Service - Distance calculated: 4261.792595951544
2021-11-27 20:34:21.198  INFO 530588 --- [nPool-worker-14] .t.t.s.TourGuideClientRewardsServiceImpl : Service - Distance calculated: 3678.5049881552054
2021-11-27 20:34:21.198  INFO 530588 --- [nPool-worker-10] .t.t.s.TourGuideClientRewardsServiceImpl : Service - Distance calculated: 6299.073243722694
2021-11-27 20:34:21.198  INFO 530588 --- [onPool-worker-1] .t.t.s.TourGuideClientRewardsServiceImpl : Service - Distance calculated: 6223.515266188319
2021-11-27 20:34:21.198  INFO 530588 --- [nPool-worker-14] .t.t.s.TourGuideClientRewardsServiceImpl : Service - Distance calculated: 3662.4087458800655
2021-11-27 20:34:21.198  INFO 530588 --- [onPool-worker-6] .t.t.s.TourGuideClientRewardsServiceImpl : Service - Distance calculated: 10883.35454622111
2021-11-27 20:34:21.198  INFO 530588 --- [nPool-worker-14] .t.t.s.TourGuideClientRewardsServiceImpl : Service - Distance calculated: 3815.4586495382787
2021-11-27 20:34:21.198  INFO 530588 --- [nPool-worker-11] .t.t.s.TourGuideClientRewardsServiceImpl : Service - Distance calculated: 4116.197843109745
2021-11-27 20:34:21.198  INFO 530588 --- [nPool-worker-14] .t.t.s.TourGuideClientRewardsServiceImpl : Service - Distance calculated: 1133.806745516609
2021-11-27 20:34:21.198  INFO 530588 --- [onPool-worker-3] .t.t.s.TourGuideClientRewardsServiceImpl : Service - Distance calculated: 4316.604236552009
2021-11-27 20:34:21.198  INFO 530588 --- [nPool-worker-14] .t.t.s.TourGuideClientRewardsServiceImpl : Service - Distance calculated: 3755.778325599699
2021-11-27 20:34:21.198  INFO 530588 --- [nPool-worker-11] .t.t.s.TourGuideClientRewardsServiceImpl : Service - Distance calculated: 3107.873409166185
2021-11-27 20:34:21.198  INFO 530588 --- [nPool-worker-10] .t.t.s.TourGuideClientRewardsServiceImpl : Service - Distance calculated: 7452.849951822683
2021-11-27 20:34:21.198  INFO 530588 --- [onPool-worker-3] .t.t.s.TourGuideClientRewardsServiceImpl : Service - Distance calculated: 3030.8257221661115
2021-11-27 20:34:21.198  INFO 530588 --- [nPool-worker-11] .t.t.s.TourGuideClientRewardsServiceImpl : Service - Distance calculated: 3191.025115698419
2021-11-27 20:34:21.198  INFO 530588 --- [onPool-worker-3] .t.t.s.TourGuideClientRewardsServiceImpl : Service - Distance calculated: 3071.1158607686157
2021-11-27 20:34:21.198  INFO 530588 --- [onPool-worker-1] .t.t.s.TourGuideClientRewardsServiceImpl : Service - Distance calculated: 4220.672222542055
2021-11-27 20:34:21.198  INFO 530588 --- [onPool-worker-3] .t.t.s.TourGuideClientRewardsServiceImpl : Service - Distance calculated: 4076.1181437096698
2021-11-27 20:34:21.198  INFO 530588 --- [onPool-worker-4] .t.t.s.TourGuideClientRewardsServiceImpl : Service - Distance calculated: 3248.7156366543904
2021-11-27 20:34:21.198  INFO 530588 --- [onPool-worker-7] .t.t.s.TourGuideClientRewardsServiceImpl : Service - Distance calculated: 8542.841022323308
2021-11-27 20:34:21.198  INFO 530588 --- [onPool-worker-6] .t.t.s.TourGuideClientRewardsServiceImpl : Service - Distance calculated: 10234.149847676623
2021-11-27 20:34:21.198  INFO 530588 --- [onPool-worker-4] .t.t.s.TourGuideClientRewardsServiceImpl : Service - Distance calculated: 3370.8058937588753
2021-11-27 20:34:21.198  INFO 530588 --- [nPool-worker-14] .t.t.s.TourGuideClientRewardsServiceImpl : Service - Distance calculated: 3716.2293780013556
2021-11-27 20:34:21.198  INFO 530588 --- [nPool-worker-10] .t.t.s.TourGuideClientRewardsServiceImpl : Service - Distance calculated: 5479.911421872797
2021-11-27 20:34:21.198  INFO 530588 --- [nPool-worker-11] .t.t.s.TourGuideClientRewardsServiceImpl : Service - Distance calculated: 4008.3061217050845
2021-11-27 20:34:21.198  INFO 530588 --- [nPool-worker-10] .t.t.s.TourGuideClientRewardsServiceImpl : Service - Distance calculated: 4906.94991852896
2021-11-27 20:34:21.198  INFO 530588 --- [onPool-worker-1] .t.t.s.TourGuideClientRewardsServiceImpl : Service - Distance calculated: 4514.707901574294
2021-11-27 20:34:21.198  INFO 530588 --- [nPool-worker-11] .t.t.s.TourGuideClientRewardsServiceImpl : Service - Distance calculated: 2510.6808540652987
2021-11-27 20:34:21.198  INFO 530588 --- [nPool-worker-11] .t.t.s.TourGuideClientRewardsServiceImpl : Service - Distance calculated: 2708.5406058798217
2021-11-27 20:34:21.198  INFO 530588 --- [onPool-worker-1] .t.t.s.TourGuideClientRewardsServiceImpl : Service - Distance calculated: 4401.20928835771
2021-11-27 20:34:21.198  INFO 530588 --- [nPool-worker-11] .t.t.s.TourGuideClientRewardsServiceImpl : Service - Distance calculated: 3729.301539204417
2021-11-27 20:34:21.198  INFO 530588 --- [onPool-worker-1] .t.t.s.TourGuideClientRewardsServiceImpl : Service - Distance calculated: 4792.612228247164
2021-11-27 20:34:21.198  INFO 530588 --- [onPool-worker-3] .t.t.s.TourGuideClientRewardsServiceImpl : Service - Distance calculated: 2432.964691035116
2021-11-27 20:34:21.198  INFO 530588 --- [onPool-worker-1] .t.t.s.TourGuideClientRewardsServiceImpl : Service - Distance calculated: 5703.141951575086
2021-11-27 20:34:21.198  INFO 530588 --- [onPool-worker-1] .t.t.s.TourGuideClientRewardsServiceImpl : Service - Distance calculated: 5073.4844461650155
2021-11-27 20:34:21.198  INFO 530588 --- [onPool-worker-1] .t.t.s.TourGuideClientRewardsServiceImpl : Service - Distance calculated: 5340.761679776165
2021-11-27 20:34:21.198  INFO 530588 --- [onPool-worker-1] .t.t.s.TourGuideClientRewardsServiceImpl : Service - Distance calculated: 4818.864535272571
2021-11-27 20:34:21.198  INFO 530588 --- [onPool-worker-7] .t.t.s.TourGuideClientRewardsServiceImpl : Service - Distance calculated: 8887.691534495076
2021-11-27 20:34:21.198  INFO 530588 --- [onPool-worker-9] .t.t.s.TourGuideClientRewardsServiceImpl : Service - Distance calculated: 7224.764665054876
2021-11-27 20:34:21.198  INFO 530588 --- [onPool-worker-9] .t.t.s.TourGuideClientRewardsServiceImpl : Service - Distance calculated: 6784.823022679408
2021-11-27 20:34:21.198  INFO 530588 --- [onPool-worker-9] .t.t.s.TourGuideClientRewardsServiceImpl : Service - Distance calculated: 7208.5609530395495
2021-11-27 20:34:21.198  INFO 530588 --- [onPool-worker-9] .t.t.s.TourGuideClientRewardsServiceImpl : Service - Distance calculated: 7275.719500438302
2021-11-27 20:34:21.198  INFO 530588 --- [onPool-worker-9] .t.t.s.TourGuideClientRewardsServiceImpl : Service - Distance calculated: 7543.2635088908955
2021-11-27 20:34:21.198  INFO 530588 --- [onPool-worker-9] .t.t.s.TourGuideClientRewardsServiceImpl : Service - Distance calculated: 7640.918939644921
2021-11-27 20:34:21.198  INFO 530588 --- [onPool-worker-9] .t.t.s.TourGuideClientRewardsServiceImpl : Service - Distance calculated: 7541.5720120961505
2021-11-27 20:34:21.198  INFO 530588 --- [onPool-worker-9] .t.t.s.TourGuideClientRewardsServiceImpl : Service - Distance calculated: 7307.842231111829
2021-11-27 20:34:21.198  INFO 530588 --- [onPool-worker-9] .t.t.s.TourGuideClientRewardsServiceImpl : Service - Distance calculated: 7501.730136001727
2021-11-27 20:34:21.198  INFO 530588 --- [onPool-worker-9] .t.t.s.TourGuideClientRewardsServiceImpl : Service - Distance calculated: 4865.575724633561
2021-11-27 20:34:21.198  INFO 530588 --- [onPool-worker-9] .t.t.s.TourGuideClientRewardsServiceImpl : Service - Distance calculated: 7218.632115671874
2021-11-27 20:34:21.198  INFO 530588 --- [onPool-worker-9] .t.t.s.TourGuideClientRewardsServiceImpl : Service - Distance calculated: 7304.410836971427
2021-11-27 20:34:21.198  INFO 530588 --- [onPool-worker-4] .t.t.s.TourGuideClientRewardsServiceImpl : Service - Distance calculated: 3183.654152364866
2021-11-27 20:34:21.198  INFO 530588 --- [onPool-worker-9] .t.t.s.TourGuideClientRewardsServiceImpl : Service - Distance calculated: 7363.795304141555
2021-11-27 20:34:21.198  INFO 530588 --- [onPool-worker-6] .t.t.s.TourGuideClientRewardsServiceImpl : Service - Distance calculated: 9641.160866168382
2021-11-27 20:34:21.198  INFO 530588 --- [onPool-worker-9] .t.t.s.TourGuideClientRewardsServiceImpl : Service - Distance calculated: 8203.747739401404
2021-11-27 20:34:21.198  INFO 530588 --- [onPool-worker-4] .t.t.s.TourGuideClientRewardsServiceImpl : Service - Distance calculated: 3153.229073926546
2021-11-27 20:34:21.198  INFO 530588 --- [nPool-worker-14] .t.t.s.TourGuideClientRewardsServiceImpl : Service - Distance calculated: 3824.8735033077573
2021-11-27 20:34:21.198  INFO 530588 --- [onPool-worker-4] .t.t.s.TourGuideClientRewardsServiceImpl : Service - Distance calculated: 2399.2665545799496
2021-11-27 20:34:21.198  INFO 530588 --- [nPool-worker-10] .t.t.s.TourGuideClientRewardsServiceImpl : Service - Distance calculated: 6871.887584448744
2021-11-27 20:34:21.198  INFO 530588 --- [onPool-worker-4] .t.t.s.TourGuideClientRewardsServiceImpl : Service - Distance calculated: 2314.4313034803354
2021-11-27 20:34:21.198  INFO 530588 --- [nPool-worker-11] .t.t.s.TourGuideClientRewardsServiceImpl : Service - Distance calculated: 2142.2736630839813
2021-11-27 20:34:21.198  INFO 530588 --- [nPool-worker-10] .t.t.s.TourGuideClientRewardsServiceImpl : Service - Distance calculated: 6125.615255335045
2021-11-27 20:34:21.198  INFO 530588 --- [onPool-worker-3] .t.t.s.TourGuideClientRewardsServiceImpl : Service - Distance calculated: 2543.173484689074
2021-11-27 20:34:21.198  INFO 530588 --- [nPool-worker-11] .t.t.s.TourGuideClientRewardsServiceImpl : Service - Distance calculated: 2395.9438265397034
2021-11-27 20:34:21.198  INFO 530588 --- [nPool-worker-10] .t.t.s.TourGuideClientRewardsServiceImpl : Service - Distance calculated: 5034.866820363516
2021-11-27 20:34:21.198  INFO 530588 --- [nPool-worker-11] .t.t.s.TourGuideClientRewardsServiceImpl : Service - Distance calculated: 2346.234253193736
2021-11-27 20:34:21.198  INFO 530588 --- [onPool-worker-3] .t.t.s.TourGuideClientRewardsServiceImpl : Service - Distance calculated: 4842.239303126718
2021-11-27 20:34:21.198  INFO 530588 --- [onPool-worker-1] .t.t.s.TourGuideClientRewardsServiceImpl : Service - Distance calculated: 5618.292682559686
2021-11-27 20:34:21.198  INFO 530588 --- [onPool-worker-1] .t.t.s.TourGuideClientRewardsServiceImpl : Service - Distance calculated: 6615.310338233882
2021-11-27 20:34:21.198  INFO 530588 --- [onPool-worker-1] .t.t.s.TourGuideClientRewardsServiceImpl : Service - Distance calculated: 4904.70578085388
2021-11-27 20:34:21.198  INFO 530588 --- [onPool-worker-1] .t.t.s.TourGuideClientRewardsServiceImpl : Service - Distance calculated: 4057.256278854345
2021-11-27 20:34:21.198  INFO 530588 --- [onPool-worker-1] .t.t.s.TourGuideClientRewardsServiceImpl : Service - Distance calculated: 6118.13919209953
2021-11-27 20:34:21.198  INFO 530588 --- [onPool-worker-1] .t.t.s.TourGuideClientRewardsServiceImpl : Service - Distance calculated: 5299.520845225563
2021-11-27 20:34:21.198  INFO 530588 --- [onPool-worker-1] .t.t.s.TourGuideClientRewardsServiceImpl : Service - Distance calculated: 4213.422818074571
2021-11-27 20:34:21.198  INFO 530588 --- [onPool-worker-1] .t.t.s.TourGuideClientRewardsServiceImpl : Service - Distance calculated: 4844.554582106241
2021-11-27 20:34:21.198  INFO 530588 --- [onPool-worker-1] .t.t.s.TourGuideClientRewardsServiceImpl : Service - Distance calculated: 8756.311009178806
2021-11-27 20:34:21.198  INFO 530588 --- [onPool-worker-7] .t.t.s.TourGuideClientRewardsServiceImpl : Service - Distance calculated: 8545.587713349525
2021-11-27 20:34:21.198  INFO 530588 --- [onPool-worker-1] .t.t.s.TourGuideClientRewardsServiceImpl : Service - Distance calculated: 9462.6680979207
2021-11-27 20:34:21.198  INFO 530588 --- [onPool-worker-1] .t.t.s.TourGuideClientRewardsServiceImpl : Service - Distance calculated: 8859.544345398619
2021-11-27 20:34:21.198  INFO 530588 --- [onPool-worker-1] .t.t.s.TourGuideClientRewardsServiceImpl : Service - Distance calculated: 8770.948001041517
2021-11-27 20:34:21.198  INFO 530588 --- [onPool-worker-1] .t.t.s.TourGuideClientRewardsServiceImpl : Service - Distance calculated: 9010.453170692756
2021-11-27 20:34:21.198  INFO 530588 --- [onPool-worker-1] .t.t.s.TourGuideClientRewardsServiceImpl : Service - Distance calculated: 8908.646297565407
2021-11-27 20:34:21.198  INFO 530588 --- [onPool-worker-1] .t.t.s.TourGuideClientRewardsServiceImpl : Service - Distance calculated: 8656.873175204937
2021-11-27 20:34:21.198  INFO 530588 --- [onPool-worker-1] .t.t.s.TourGuideClientRewardsServiceImpl : Service - Distance calculated: 9309.301794536312
2021-11-27 20:34:21.199  INFO 530588 --- [onPool-worker-1] .t.t.s.TourGuideClientRewardsServiceImpl : Service - Distance calculated: 9112.216331027003
2021-11-27 20:34:21.199  INFO 530588 --- [onPool-worker-1] .t.t.s.TourGuideClientRewardsServiceImpl : Service - Distance calculated: 10444.245154971399
2021-11-27 20:34:21.199  INFO 530588 --- [onPool-worker-1] .t.t.s.TourGuideClientRewardsServiceImpl : Service - Distance calculated: 9377.561596947879
2021-11-27 20:34:21.199  INFO 530588 --- [onPool-worker-1] .t.t.s.TourGuideClientRewardsServiceImpl : Service - Distance calculated: 9312.495979991529
2021-11-27 20:34:21.199  INFO 530588 --- [onPool-worker-1] .t.t.s.TourGuideClientRewardsServiceImpl : Service - Distance calculated: 9246.609074025879
2021-11-27 20:34:21.199  INFO 530588 --- [onPool-worker-1] .t.t.s.TourGuideClientRewardsServiceImpl : Service - Distance calculated: 8413.138342479475
2021-11-27 20:34:21.199  INFO 530588 --- [onPool-worker-1] .t.t.s.TourGuideClientRewardsServiceImpl : Service - Distance calculated: 8601.060039813958
2021-11-27 20:34:21.198  INFO 530588 --- [onPool-worker-5] .t.t.s.TourGuideClientRewardsServiceImpl : Service - Distance calculated: 1575.809597368101
2021-11-27 20:34:21.199  INFO 530588 --- [onPool-worker-1] .t.t.s.TourGuideClientRewardsServiceImpl : Service - Distance calculated: 8833.486463851492
2021-11-27 20:34:21.199  INFO 530588 --- [onPool-worker-1] .t.t.s.TourGuideClientRewardsServiceImpl : Service - Distance calculated: 8630.794947110346
2021-11-27 20:34:21.199  INFO 530588 --- [onPool-worker-5] .t.t.s.TourGuideClientRewardsServiceImpl : Service - Distance calculated: 844.0793256784063
2021-11-27 20:34:21.198  INFO 530588 --- [onPool-worker-9] .t.t.s.TourGuideClientRewardsServiceImpl : Service - Distance calculated: 7877.173009026483
2021-11-27 20:34:21.199  INFO 530588 --- [onPool-worker-5] .t.t.s.TourGuideClientRewardsServiceImpl : Service - Distance calculated: 1457.6865956704744
2021-11-27 20:34:21.199  INFO 530588 --- [onPool-worker-9] .t.t.s.TourGuideClientRewardsServiceImpl : Service - Distance calculated: 7764.813442670012
2021-11-27 20:34:21.199  INFO 530588 --- [onPool-worker-5] .t.t.s.TourGuideClientRewardsServiceImpl : Service - Distance calculated: 1547.2783444522795
2021-11-27 20:34:21.199  INFO 530588 --- [onPool-worker-9] .t.t.s.TourGuideClientRewardsServiceImpl : Service - Distance calculated: 7936.782584491723
2021-11-27 20:34:21.199  INFO 530588 --- [onPool-worker-5] .t.t.s.TourGuideClientRewardsServiceImpl : Service - Distance calculated: 1556.0779401672737
2021-11-27 20:34:21.199  INFO 530588 --- [onPool-worker-9] .t.t.s.TourGuideClientRewardsServiceImpl : Service - Distance calculated: 7583.043799871372
2021-11-27 20:34:21.199  INFO 530588 --- [onPool-worker-5] .t.t.s.TourGuideClientRewardsServiceImpl : Service - Distance calculated: 1642.8806710679341
2021-11-27 20:34:21.199  INFO 530588 --- [onPool-worker-5] .t.t.s.TourGuideClientRewardsServiceImpl : Service - Distance calculated: 1651.7776565467714
2021-11-27 20:34:21.199  INFO 530588 --- [onPool-worker-5] .t.t.s.TourGuideClientRewardsServiceImpl : Service - Distance calculated: 1617.9965832136854
2021-11-27 20:34:21.199  INFO 530588 --- [onPool-worker-5] .t.t.s.TourGuideClientRewardsServiceImpl : Service - Distance calculated: 1720.7580838470067
2021-11-27 20:34:21.198  INFO 530588 --- [onPool-worker-6] .t.t.s.TourGuideClientRewardsServiceImpl : Service - Distance calculated: 10391.309695067075
2021-11-27 20:34:21.198  INFO 530588 --- [nPool-worker-14] .t.t.s.TourGuideClientRewardsServiceImpl : Service - Distance calculated: 4559.33064021874
2021-11-27 20:34:21.198  INFO 530588 --- [onPool-worker-4] .t.t.s.TourGuideClientRewardsServiceImpl : Service - Distance calculated: 2809.0955170957086
2021-11-27 20:34:21.199  INFO 530588 --- [nPool-worker-14] .t.t.s.TourGuideClientRewardsServiceImpl : Service - Distance calculated: 4012.4002004858953
2021-11-27 20:34:21.199  INFO 530588 --- [nPool-worker-14] .t.t.s.TourGuideClientRewardsServiceImpl : Service - Distance calculated: 4008.833921830789
2021-11-27 20:34:21.199  INFO 530588 --- [nPool-worker-14] .t.t.s.TourGuideClientRewardsServiceImpl : Service - Distance calculated: 4125.364893373782
2021-11-27 20:34:21.199  INFO 530588 --- [nPool-worker-14] .t.t.s.TourGuideClientRewardsServiceImpl : Service - Distance calculated: 3894.9977630622952
2021-11-27 20:34:21.198  INFO 530588 --- [nPool-worker-10] .t.t.s.TourGuideClientRewardsServiceImpl : Service - Distance calculated: 5425.493030737446
2021-11-27 20:34:21.199  INFO 530588 --- [nPool-worker-14] .t.t.s.TourGuideClientRewardsServiceImpl : Service - Distance calculated: 4016.8181988716187
2021-11-27 20:34:21.199  INFO 530588 --- [nPool-worker-14] .t.t.s.TourGuideClientRewardsServiceImpl : Service - Distance calculated: 3498.383467041646
2021-11-27 20:34:21.199  INFO 530588 --- [nPool-worker-14] .t.t.s.TourGuideClientRewardsServiceImpl : Service - Distance calculated: 4442.850628253581
2021-11-27 20:34:21.199  INFO 530588 --- [nPool-worker-14] .t.t.s.TourGuideClientRewardsServiceImpl : Service - Distance calculated: 3701.909833721469
2021-11-27 20:34:21.199  INFO 530588 --- [nPool-worker-14] .t.t.s.TourGuideClientRewardsServiceImpl : Service - Distance calculated: 3754.0581586473263
2021-11-27 20:34:21.198  INFO 530588 --- [nPool-worker-11] .t.t.s.TourGuideClientRewardsServiceImpl : Service - Distance calculated: 3084.0816934903055
2021-11-27 20:34:21.198  INFO 530588 --- [onPool-worker-3] .t.t.s.TourGuideClientRewardsServiceImpl : Service - Distance calculated: 1989.7381423443285
2021-11-27 20:34:21.198  INFO 530588 --- [onPool-worker-7] .t.t.s.TourGuideClientRewardsServiceImpl : Service - Distance calculated: 8484.290068209628
2021-11-27 20:34:21.199  INFO 530588 --- [onPool-worker-3] .t.t.s.TourGuideClientRewardsServiceImpl : Service - Distance calculated: 2277.6727586289876
2021-11-27 20:34:21.199  INFO 530588 --- [onPool-worker-3] .t.t.s.TourGuideClientRewardsServiceImpl : Service - Distance calculated: 2149.021076700299
2021-11-27 20:34:21.199  INFO 530588 --- [onPool-worker-7] .t.t.s.TourGuideClientRewardsServiceImpl : Service - Distance calculated: 7936.389229195497
2021-11-27 20:34:21.199  INFO 530588 --- [onPool-worker-3] .t.t.s.TourGuideClientRewardsServiceImpl : Service - Distance calculated: 2497.3124225594756
2021-11-27 20:34:21.199  INFO 530588 --- [onPool-worker-7] .t.t.s.TourGuideClientRewardsServiceImpl : Service - Distance calculated: 7855.323730706521
2021-11-27 20:34:21.199  INFO 530588 --- [onPool-worker-3] .t.t.s.TourGuideClientRewardsServiceImpl : Service - Distance calculated: 3420.1164300400615
2021-11-27 20:34:21.199  INFO 530588 --- [onPool-worker-7] .t.t.s.TourGuideClientRewardsServiceImpl : Service - Distance calculated: 8194.719022956206
2021-11-27 20:34:21.199  INFO 530588 --- [onPool-worker-3] .t.t.s.TourGuideClientRewardsServiceImpl : Service - Distance calculated: 2789.561289776353
2021-11-27 20:34:21.199  INFO 530588 --- [onPool-worker-7] .t.t.s.TourGuideClientRewardsServiceImpl : Service - Distance calculated: 7916.0653949991365
2021-11-27 20:34:21.199  INFO 530588 --- [onPool-worker-3] .t.t.s.TourGuideClientRewardsServiceImpl : Service - Distance calculated: 3048.844401792441
2021-11-27 20:34:21.199  INFO 530588 --- [onPool-worker-7] .t.t.s.TourGuideClientRewardsServiceImpl : Service - Distance calculated: 7782.930616779131
2021-11-27 20:34:21.199  INFO 530588 --- [onPool-worker-3] .t.t.s.TourGuideClientRewardsServiceImpl : Service - Distance calculated: 2547.9128314054033
2021-11-27 20:34:21.199  INFO 530588 --- [onPool-worker-7] .t.t.s.TourGuideClientRewardsServiceImpl : Service - Distance calculated: 10879.977488467694
2021-11-27 20:34:21.199  INFO 530588 --- [onPool-worker-3] .t.t.s.TourGuideClientRewardsServiceImpl : Service - Distance calculated: 3334.4804162444257
2021-11-27 20:34:21.199  INFO 530588 --- [onPool-worker-7] .t.t.s.TourGuideClientRewardsServiceImpl : Service - Distance calculated: 7777.753200333025
2021-11-27 20:34:21.199  INFO 530588 --- [onPool-worker-3] .t.t.s.TourGuideClientRewardsServiceImpl : Service - Distance calculated: 4414.755658480043
2021-11-27 20:34:21.199  INFO 530588 --- [onPool-worker-7] .t.t.s.TourGuideClientRewardsServiceImpl : Service - Distance calculated: 7845.771852101597
2021-11-27 20:34:21.199  INFO 530588 --- [onPool-worker-3] .t.t.s.TourGuideClientRewardsServiceImpl : Service - Distance calculated: 2605.6841051284537
2021-11-27 20:34:21.199  INFO 530588 --- [onPool-worker-7] .t.t.s.TourGuideClientRewardsServiceImpl : Service - Distance calculated: 7727.061805510245
2021-11-27 20:34:21.199  INFO 530588 --- [onPool-worker-3] .t.t.s.TourGuideClientRewardsServiceImpl : Service - Distance calculated: 1850.7456794632515
2021-11-27 20:34:21.199  INFO 530588 --- [onPool-worker-7] .t.t.s.TourGuideClientRewardsServiceImpl : Service - Distance calculated: 7044.684286356998
2021-11-27 20:34:21.199  INFO 530588 --- [onPool-worker-1] .t.t.s.TourGuideClientRewardsServiceImpl : Service - Distance calculated: 9031.36509666158
2021-11-27 20:34:21.199  INFO 530588 --- [onPool-worker-9] .t.t.s.TourGuideClientRewardsServiceImpl : Service - Distance calculated: 7872.91841029929
2021-11-27 20:34:21.199  INFO 530588 --- [onPool-worker-5] .t.t.s.TourGuideClientRewardsServiceImpl : Service - Distance calculated: 1505.9184127211356
2021-11-27 20:34:21.199  INFO 530588 --- [onPool-worker-1] .t.t.s.TourGuideClientRewardsServiceImpl : Service - Distance calculated: 8628.35919189064
2021-11-27 20:34:21.199  INFO 530588 --- [onPool-worker-9] .t.t.s.TourGuideClientRewardsServiceImpl : Service - Distance calculated: 7311.743603990564
2021-11-27 20:34:21.199  INFO 530588 --- [onPool-worker-6] .t.t.s.TourGuideClientRewardsServiceImpl : Service - Distance calculated: 11486.911322350094
2021-11-27 20:34:21.199  INFO 530588 --- [onPool-worker-5] .t.t.s.TourGuideClientRewardsServiceImpl : Service - Distance calculated: 1873.1962819234952
2021-11-27 20:34:21.199  INFO 530588 --- [onPool-worker-5] .t.t.s.TourGuideClientRewardsServiceImpl : Service - Distance calculated: 1719.404925762607
2021-11-27 20:34:21.199  INFO 530588 --- [onPool-worker-1] .t.t.s.TourGuideClientRewardsServiceImpl : Service - Distance calculated: 8685.809194336238
2021-11-27 20:34:21.199  INFO 530588 --- [onPool-worker-5] .t.t.s.TourGuideClientRewardsServiceImpl : Service - Distance calculated: 1857.9848829362452
2021-11-27 20:34:21.199  INFO 530588 --- [onPool-worker-6] .t.t.s.TourGuideClientRewardsServiceImpl : Service - Distance calculated: 9976.77260023936
2021-11-27 20:34:21.199  INFO 530588 --- [onPool-worker-1] .t.t.s.TourGuideClientRewardsServiceImpl : Service - Distance calculated: 8486.289233166513
2021-11-27 20:34:21.199  INFO 530588 --- [onPool-worker-4] .t.t.s.TourGuideClientRewardsServiceImpl : Service - Distance calculated: 2518.436420705293
2021-11-27 20:34:21.199  INFO 530588 --- [onPool-worker-1] .t.t.s.TourGuideClientRewardsServiceImpl : Service - Distance calculated: 9487.908015370607
2021-11-27 20:34:21.199  INFO 530588 --- [nPool-worker-10] .t.t.s.TourGuideClientRewardsServiceImpl : Service - Distance calculated: 8576.316640086594
2021-11-27 20:34:21.199  INFO 530588 --- [nPool-worker-14] .t.t.s.TourGuideClientRewardsServiceImpl : Service - Distance calculated: 3502.5382847646406
2021-11-27 20:34:21.199  INFO 530588 --- [nPool-worker-10] .t.t.s.TourGuideClientRewardsServiceImpl : Service - Distance calculated: 9349.860427340358
2021-11-27 20:34:21.199  INFO 530588 --- [nPool-worker-11] .t.t.s.TourGuideClientRewardsServiceImpl : Service - Distance calculated: 3591.3922330569935
2021-11-27 20:34:21.199  INFO 530588 --- [nPool-worker-10] .t.t.s.TourGuideClientRewardsServiceImpl : Service - Distance calculated: 8717.161614885043
2021-11-27 20:34:21.199  INFO 530588 --- [onPool-worker-3] .t.t.s.TourGuideClientRewardsServiceImpl : Service - Distance calculated: 3865.7881670023166
2021-11-27 20:34:21.199  INFO 530588 --- [nPool-worker-10] .t.t.s.TourGuideClientRewardsServiceImpl : Service - Distance calculated: 8628.951273667513
2021-11-27 20:34:21.199  INFO 530588 --- [nPool-worker-10] .t.t.s.TourGuideClientRewardsServiceImpl : Service - Distance calculated: 9312.701491925487
2021-11-27 20:34:21.199  INFO 530588 --- [nPool-worker-11] .t.t.s.TourGuideClientRewardsServiceImpl : Service - Distance calculated: 3039.209690609776
2021-11-27 20:34:21.199  INFO 530588 --- [onPool-worker-7] .t.t.s.TourGuideClientRewardsServiceImpl : Service - Distance calculated: 7729.217189253271
2021-11-27 20:34:21.199  INFO 530588 --- [nPool-worker-11] .t.t.s.TourGuideClientRewardsServiceImpl : Service - Distance calculated: 3325.4786243297967
2021-11-27 20:34:21.199  INFO 530588 --- [onPool-worker-9] .t.t.s.TourGuideClientRewardsServiceImpl : Service - Distance calculated: 8131.191621745269
2021-11-27 20:34:21.199  INFO 530588 --- [onPool-worker-7] .t.t.s.TourGuideClientRewardsServiceImpl : Service - Distance calculated: 7628.938188456873
2021-11-27 20:34:21.199  INFO 530588 --- [onPool-worker-7] .t.t.s.TourGuideClientRewardsServiceImpl : Service - Distance calculated: 7553.8941517868525
2021-11-27 20:34:21.199  INFO 530588 --- [onPool-worker-9] .t.t.s.TourGuideClientRewardsServiceImpl : Service - Distance calculated: 7088.284737036768
2021-11-27 20:34:21.199  INFO 530588 --- [onPool-worker-9] .t.t.s.TourGuideClientRewardsServiceImpl : Service - Distance calculated: 7631.200595104105
2021-11-27 20:34:21.199  INFO 530588 --- [onPool-worker-9] .t.t.s.TourGuideClientRewardsServiceImpl : Service - Distance calculated: 7322.087149511175
2021-11-27 20:34:21.199  INFO 530588 --- [onPool-worker-9] .t.t.s.TourGuideClientRewardsServiceImpl : Service - Distance calculated: 7210.136426641448
2021-11-27 20:34:21.199  INFO 530588 --- [onPool-worker-9] .t.t.s.TourGuideClientRewardsServiceImpl : Service - Distance calculated: 8101.963864420502
2021-11-27 20:34:21.199  INFO 530588 --- [onPool-worker-9] .t.t.s.TourGuideClientRewardsServiceImpl : Service - Distance calculated: 10729.681189533512
2021-11-27 20:34:21.199  INFO 530588 --- [onPool-worker-9] .t.t.s.TourGuideClientRewardsServiceImpl : Service - Distance calculated: 11172.418560916112
2021-11-27 20:34:21.199  INFO 530588 --- [nPool-worker-11] .t.t.s.TourGuideClientRewardsServiceImpl : Service - Distance calculated: 2759.713649024086
2021-11-27 20:34:21.199  INFO 530588 --- [onPool-worker-5] .t.t.s.TourGuideClientRewardsServiceImpl : Service - Distance calculated: 2447.2729341520626
2021-11-27 20:34:21.199  INFO 530588 --- [onPool-worker-6] .t.t.s.TourGuideClientRewardsServiceImpl : Service - Distance calculated: 10776.915071114247
2021-11-27 20:34:21.200  INFO 530588 --- [onPool-worker-5] .t.t.s.TourGuideClientRewardsServiceImpl : Service - Distance calculated: 1837.4597195066654
2021-11-27 20:34:21.200  INFO 530588 --- [onPool-worker-5] .t.t.s.TourGuideClientRewardsServiceImpl : Service - Distance calculated: 1856.0928916585501
2021-11-27 20:34:21.200  INFO 530588 --- [onPool-worker-6] .t.t.s.TourGuideClientRewardsServiceImpl : Service - Distance calculated: 11367.762825574917
2021-11-27 20:34:21.200  INFO 530588 --- [onPool-worker-5] .t.t.s.TourGuideClientRewardsServiceImpl : Service - Distance calculated: 1946.5389772250073
2021-11-27 20:34:21.200  INFO 530588 --- [onPool-worker-6] .t.t.s.TourGuideClientRewardsServiceImpl : Service - Distance calculated: 10432.521724240938
2021-11-27 20:34:21.200  INFO 530588 --- [onPool-worker-5] .t.t.s.TourGuideClientRewardsServiceImpl : Service - Distance calculated: 1793.2621019421845
2021-11-27 20:34:21.200  INFO 530588 --- [onPool-worker-6] .t.t.s.TourGuideClientRewardsServiceImpl : Service - Distance calculated: 4439.973307509104
2021-11-27 20:34:21.200  INFO 530588 --- [onPool-worker-5] .t.t.s.TourGuideClientRewardsServiceImpl : Service - Distance calculated: 1836.7543007520785
2021-11-27 20:34:21.199  INFO 530588 --- [onPool-worker-1] .t.t.s.TourGuideClientRewardsServiceImpl : Service - Distance calculated: 8669.449270202545
2021-11-27 20:34:21.200  INFO 530588 --- [onPool-worker-5] .t.t.s.TourGuideClientRewardsServiceImpl : Service - Distance calculated: 1638.9788306777002
2021-11-27 20:34:21.199  INFO 530588 --- [onPool-worker-4] .t.t.s.TourGuideClientRewardsServiceImpl : Service - Distance calculated: 2337.3435168181595
2021-11-27 20:34:21.200  INFO 530588 --- [onPool-worker-1] .t.t.s.TourGuideClientRewardsServiceImpl : Service - Distance calculated: 9213.167590875259
2021-11-27 20:34:21.200  INFO 530588 --- [onPool-worker-1] .t.t.s.TourGuideClientRewardsServiceImpl : Service - Distance calculated: 9385.400104667726
2021-11-27 20:34:21.199  INFO 530588 --- [nPool-worker-14] .t.t.s.TourGuideClientRewardsServiceImpl : Service - Distance calculated: 3750.4349444745067
2021-11-27 20:34:21.200  INFO 530588 --- [onPool-worker-1] .t.t.s.TourGuideClientRewardsServiceImpl : Service - Distance calculated: 8516.03702830086
2021-11-27 20:34:21.199  INFO 530588 --- [onPool-worker-3] .t.t.s.TourGuideClientRewardsServiceImpl : Service - Distance calculated: 3081.479258570889
2021-11-27 20:34:21.200  INFO 530588 --- [onPool-worker-1] .t.t.s.TourGuideClientRewardsServiceImpl : Service - Distance calculated: 3884.0759110112654
2021-11-27 20:34:21.200  INFO 530588 --- [nPool-worker-14] .t.t.s.TourGuideClientRewardsServiceImpl : Service - Distance calculated: 4432.098852985519
2021-11-27 20:34:21.200  INFO 530588 --- [onPool-worker-3] .t.t.s.TourGuideClientRewardsServiceImpl : Service - Distance calculated: 1984.0572778581175
2021-11-27 20:34:21.199  INFO 530588 --- [nPool-worker-10] .t.t.s.TourGuideClientRewardsServiceImpl : Service - Distance calculated: 9213.875982183947
2021-11-27 20:34:21.200  INFO 530588 --- [onPool-worker-3] .t.t.s.TourGuideClientRewardsServiceImpl : Service - Distance calculated: 2545.399812724577
2021-11-27 20:34:21.199  INFO 530588 --- [onPool-worker-7] .t.t.s.TourGuideClientRewardsServiceImpl : Service - Distance calculated: 7706.464115683224
2021-11-27 20:34:21.200  INFO 530588 --- [onPool-worker-3] .t.t.s.TourGuideClientRewardsServiceImpl : Service - Distance calculated: 5250.1167209796895
2021-11-27 20:34:21.200  INFO 530588 --- [nPool-worker-10] .t.t.s.TourGuideClientRewardsServiceImpl : Service - Distance calculated: 8634.556223333682
2021-11-27 20:34:21.200  INFO 530588 --- [onPool-worker-7] .t.t.s.TourGuideClientRewardsServiceImpl : Service - Distance calculated: 7709.381422710154
2021-11-27 20:34:21.199  INFO 530588 --- [onPool-worker-9] .t.t.s.TourGuideClientRewardsServiceImpl : Service - Distance calculated: 10887.72311572974
2021-11-27 20:34:21.199  INFO 530588 --- [nPool-worker-11] .t.t.s.TourGuideClientRewardsServiceImpl : Service - Distance calculated: 3519.3551718185863
2021-11-27 20:34:21.200  INFO 530588 --- [onPool-worker-9] .t.t.s.TourGuideClientRewardsServiceImpl : Service - Distance calculated: 10841.023206260152
2021-11-27 20:34:21.200  INFO 530588 --- [onPool-worker-6] .t.t.s.TourGuideClientRewardsServiceImpl : Service - Distance calculated: 4766.432073265419
2021-11-27 20:34:21.200  INFO 530588 --- [nPool-worker-11] .t.t.s.TourGuideClientRewardsServiceImpl : Service - Distance calculated: 4223.208697251025
2021-11-27 20:34:21.200  INFO 530588 --- [onPool-worker-5] .t.t.s.TourGuideClientRewardsServiceImpl : Service - Distance calculated: 2312.3742197319807
2021-11-27 20:34:21.200  INFO 530588 --- [nPool-worker-11] .t.t.s.TourGuideClientRewardsServiceImpl : Service - Distance calculated: 3112.3487922224735
2021-11-27 20:34:21.200  INFO 530588 --- [onPool-worker-4] .t.t.s.TourGuideClientRewardsServiceImpl : Service - Distance calculated: 5363.234126780626
2021-11-27 20:34:21.200  INFO 530588 --- [nPool-worker-11] .t.t.s.TourGuideClientRewardsServiceImpl : Service - Distance calculated: 1958.2615475895025
2021-11-27 20:34:21.200  INFO 530588 --- [onPool-worker-1] .t.t.s.TourGuideClientRewardsServiceImpl : Service - Distance calculated: 3110.045607117015
2021-11-27 20:34:21.200  INFO 530588 --- [nPool-worker-11] .t.t.s.TourGuideClientRewardsServiceImpl : Service - Distance calculated: 3859.3071802005747
2021-11-27 20:34:21.200  INFO 530588 --- [nPool-worker-14] .t.t.s.TourGuideClientRewardsServiceImpl : Service - Distance calculated: 6422.694095821652
2021-11-27 20:34:21.200  INFO 530588 --- [nPool-worker-11] .t.t.s.TourGuideClientRewardsServiceImpl : Service - Distance calculated: 3033.7281696227183
2021-11-27 20:34:21.200  INFO 530588 --- [onPool-worker-3] .t.t.s.TourGuideClientRewardsServiceImpl : Service - Distance calculated: 5367.522089097164
2021-11-27 20:34:21.200  INFO 530588 --- [nPool-worker-10] .t.t.s.TourGuideClientRewardsServiceImpl : Service - Distance calculated: 9793.488780912909
2021-11-27 20:34:21.200  INFO 530588 --- [nPool-worker-14] .t.t.s.TourGuideClientRewardsServiceImpl : Service - Distance calculated: 5724.277905303011
2021-11-27 20:34:21.200  INFO 530588 --- [onPool-worker-3] .t.t.s.TourGuideClientRewardsServiceImpl : Service - Distance calculated: 5346.765494842134
2021-11-27 20:34:21.200  INFO 530588 --- [nPool-worker-14] .t.t.s.TourGuideClientRewardsServiceImpl : Service - Distance calculated: 6257.957718306115
2021-11-27 20:34:21.200  INFO 530588 --- [onPool-worker-7] .t.t.s.TourGuideClientRewardsServiceImpl : Service - Distance calculated: 8455.837523370043
2021-11-27 20:34:21.200  INFO 530588 --- [onPool-worker-9] .t.t.s.TourGuideClientRewardsServiceImpl : Service - Distance calculated: 12123.79640792436
2021-11-27 20:34:21.200  INFO 530588 --- [onPool-worker-6] .t.t.s.TourGuideClientRewardsServiceImpl : Service - Distance calculated: 4425.48173405436
2021-11-27 20:34:21.200  INFO 530588 --- [onPool-worker-7] .t.t.s.TourGuideClientRewardsServiceImpl : Service - Distance calculated: 7174.716323873358
2021-11-27 20:34:21.200  INFO 530588 --- [onPool-worker-5] .t.t.s.TourGuideClientRewardsServiceImpl : Service - Distance calculated: 1907.1927487970706
2021-11-27 20:34:21.200  INFO 530588 --- [onPool-worker-7] .t.t.s.TourGuideClientRewardsServiceImpl : Service - Distance calculated: 7817.187449170728
2021-11-27 20:34:21.200  INFO 530588 --- [onPool-worker-4] .t.t.s.TourGuideClientRewardsServiceImpl : Service - Distance calculated: 2585.8212798612935
2021-11-27 20:34:21.200  INFO 530588 --- [onPool-worker-5] .t.t.s.TourGuideClientRewardsServiceImpl : Service - Distance calculated: 1658.2666259838625
2021-11-27 20:34:21.200  INFO 530588 --- [onPool-worker-1] .t.t.s.TourGuideClientRewardsServiceImpl : Service - Distance calculated: 3742.06169130631
2021-11-27 20:34:21.200  INFO 530588 --- [nPool-worker-11] .t.t.s.TourGuideClientRewardsServiceImpl : Service - Distance calculated: 2132.5862942545286
2021-11-27 20:34:21.200  INFO 530588 --- [onPool-worker-1] .t.t.s.TourGuideClientRewardsServiceImpl : Service - Distance calculated: 3830.0296762027738
2021-11-27 20:34:21.200  INFO 530588 --- [nPool-worker-10] .t.t.s.TourGuideClientRewardsServiceImpl : Service - Distance calculated: 9579.8629039042
2021-11-27 20:34:21.200  INFO 530588 --- [nPool-worker-11] .t.t.s.TourGuideClientRewardsServiceImpl : Service - Distance calculated: 3056.5902899877337
2021-11-27 20:34:21.200  INFO 530588 --- [onPool-worker-3] .t.t.s.TourGuideClientRewardsServiceImpl : Service - Distance calculated: 5357.1354293840295
2021-11-27 20:34:21.200  INFO 530588 --- [nPool-worker-10] .t.t.s.TourGuideClientRewardsServiceImpl : Service - Distance calculated: 9587.29436937299
2021-11-27 20:34:21.200  INFO 530588 --- [nPool-worker-14] .t.t.s.TourGuideClientRewardsServiceImpl : Service - Distance calculated: 6326.783038935748
2021-11-27 20:34:21.200  INFO 530588 --- [nPool-worker-10] .t.t.s.TourGuideClientRewardsServiceImpl : Service - Distance calculated: 10019.104140166915
2021-11-27 20:34:21.200  INFO 530588 --- [onPool-worker-9] .t.t.s.TourGuideClientRewardsServiceImpl : Service - Distance calculated: 12052.136367828418
2021-11-27 20:34:21.200  INFO 530588 --- [onPool-worker-6] .t.t.s.TourGuideClientRewardsServiceImpl : Service - Distance calculated: 4370.365951396649
2021-11-27 20:34:21.200  INFO 530588 --- [onPool-worker-9] .t.t.s.TourGuideClientRewardsServiceImpl : Service - Distance calculated: 11089.36858246829
2021-11-27 20:34:21.200  INFO 530588 --- [onPool-worker-7] .t.t.s.TourGuideClientRewardsServiceImpl : Service - Distance calculated: 8073.242275421079
2021-11-27 20:34:21.200  INFO 530588 --- [onPool-worker-9] .t.t.s.TourGuideClientRewardsServiceImpl : Service - Distance calculated: 12107.494968019351
2021-11-27 20:34:21.200  INFO 530588 --- [onPool-worker-6] .t.t.s.TourGuideClientRewardsServiceImpl : Service - Distance calculated: 3914.5890837502325
2021-11-27 20:34:21.200  INFO 530588 --- [onPool-worker-5] .t.t.s.TourGuideClientRewardsServiceImpl : Service - Distance calculated: 1325.9729953694216
2021-11-27 20:34:21.200  INFO 530588 --- [onPool-worker-9] .t.t.s.TourGuideClientRewardsServiceImpl : Service - Distance calculated: 12213.00579446728
2021-11-27 20:34:21.200  INFO 530588 --- [onPool-worker-4] .t.t.s.TourGuideClientRewardsServiceImpl : Service - Distance calculated: 2508.145421468359
2021-11-27 20:34:21.200  INFO 530588 --- [onPool-worker-9] .t.t.s.TourGuideClientRewardsServiceImpl : Service - Distance calculated: 9381.038775515792
2021-11-27 20:34:21.200  INFO 530588 --- [onPool-worker-4] .t.t.s.TourGuideClientRewardsServiceImpl : Service - Distance calculated: 2442.160329949238
2021-11-27 20:34:21.200  INFO 530588 --- [onPool-worker-1] .t.t.s.TourGuideClientRewardsServiceImpl : Service - Distance calculated: 3127.85940776922
2021-11-27 20:34:21.200  INFO 530588 --- [onPool-worker-4] .t.t.s.TourGuideClientRewardsServiceImpl : Service - Distance calculated: 1610.6539058797014
2021-11-27 20:34:21.200  INFO 530588 --- [nPool-worker-11] .t.t.s.TourGuideClientRewardsServiceImpl : Service - Distance calculated: 6274.9586667318345
2021-11-27 20:34:21.200  INFO 530588 --- [onPool-worker-3] .t.t.s.TourGuideClientRewardsServiceImpl : Service - Distance calculated: 6456.732795855296
2021-11-27 20:34:21.200  INFO 530588 --- [onPool-worker-1] .t.t.s.TourGuideClientRewardsServiceImpl : Service - Distance calculated: 3226.1683585976366
2021-11-27 20:34:21.200  INFO 530588 --- [nPool-worker-11] .t.t.s.TourGuideClientRewardsServiceImpl : Service - Distance calculated: 6317.765685317683
2021-11-27 20:34:21.200  INFO 530588 --- [onPool-worker-1] .t.t.s.TourGuideClientRewardsServiceImpl : Service - Distance calculated: 3819.3588805927316
2021-11-27 20:34:21.200  INFO 530588 --- [nPool-worker-11] .t.t.s.TourGuideClientRewardsServiceImpl : Service - Distance calculated: 6361.135155406484
2021-11-27 20:34:21.200  INFO 530588 --- [onPool-worker-1] .t.t.s.TourGuideClientRewardsServiceImpl : Service - Distance calculated: 2638.9429719119976
2021-11-27 20:34:21.200  INFO 530588 --- [nPool-worker-10] .t.t.s.TourGuideClientRewardsServiceImpl : Service - Distance calculated: 9854.291647383827
2021-11-27 20:34:21.200  INFO 530588 --- [onPool-worker-1] .t.t.s.TourGuideClientRewardsServiceImpl : Service - Distance calculated: 2852.6179151105207
2021-11-27 20:34:21.200  INFO 530588 --- [nPool-worker-14] .t.t.s.TourGuideClientRewardsServiceImpl : Service - Distance calculated: 5118.043211116947
2021-11-27 20:34:21.200  INFO 530588 --- [onPool-worker-1] .t.t.s.TourGuideClientRewardsServiceImpl : Service - Distance calculated: 2894.49130322082
2021-11-27 20:34:21.200  INFO 530588 --- [onPool-worker-7] .t.t.s.TourGuideClientRewardsServiceImpl : Service - Distance calculated: 8165.837923153599
2021-11-27 20:34:21.200  INFO 530588 --- [onPool-worker-1] .t.t.s.TourGuideClientRewardsServiceImpl : Service - Distance calculated: 2404.4565791321556
2021-11-27 20:34:21.200  INFO 530588 --- [nPool-worker-14] .t.t.s.TourGuideClientRewardsServiceImpl : Service - Distance calculated: 5173.319530838536
2021-11-27 20:34:21.200  INFO 530588 --- [onPool-worker-7] .t.t.s.TourGuideClientRewardsServiceImpl : Service - Distance calculated: 7782.358344393183
2021-11-27 20:34:21.200  INFO 530588 --- [nPool-worker-14] .t.t.s.TourGuideClientRewardsServiceImpl : Service - Distance calculated: 6140.194854487675
2021-11-27 20:34:21.200  INFO 530588 --- [onPool-worker-7] .t.t.s.TourGuideClientRewardsServiceImpl : Service - Distance calculated: 7177.704052135649
2021-11-27 20:34:21.200  INFO 530588 --- [nPool-worker-14] .t.t.s.TourGuideClientRewardsServiceImpl : Service - Distance calculated: 4495.602125731918
2021-11-27 20:34:21.200  INFO 530588 --- [onPool-worker-6] .t.t.s.TourGuideClientRewardsServiceImpl : Service - Distance calculated: 3820.8390845819017
2021-11-27 20:34:21.200  INFO 530588 --- [nPool-worker-14] .t.t.s.TourGuideClientRewardsServiceImpl : Service - Distance calculated: 4640.417764939505
2021-11-27 20:34:21.200  INFO 530588 --- [onPool-worker-5] .t.t.s.TourGuideClientRewardsServiceImpl : Service - Distance calculated: 1872.0191692551562
2021-11-27 20:34:21.200  INFO 530588 --- [nPool-worker-14] .t.t.s.TourGuideClientRewardsServiceImpl : Service - Distance calculated: 5999.765308195968
2021-11-27 20:34:21.200  INFO 530588 --- [onPool-worker-9] .t.t.s.TourGuideClientRewardsServiceImpl : Service - Distance calculated: 11665.950309067232
2021-11-27 20:34:21.200  INFO 530588 --- [onPool-worker-5] .t.t.s.TourGuideClientRewardsServiceImpl : Service - Distance calculated: 2312.188476543056
2021-11-27 20:34:21.200  INFO 530588 --- [onPool-worker-9] .t.t.s.TourGuideClientRewardsServiceImpl : Service - Distance calculated: 11959.985240012056
2021-11-27 20:34:21.200  INFO 530588 --- [onPool-worker-4] .t.t.s.TourGuideClientRewardsServiceImpl : Service - Distance calculated: 2206.2704603793027
2021-11-27 20:34:21.200  INFO 530588 --- [onPool-worker-9] .t.t.s.TourGuideClientRewardsServiceImpl : Service - Distance calculated: 11839.253294784956
2021-11-27 20:34:21.200  INFO 530588 --- [onPool-worker-3] .t.t.s.TourGuideClientRewardsServiceImpl : Service - Distance calculated: 6498.994740780182
2021-11-27 20:34:21.200  INFO 530588 --- [onPool-worker-9] .t.t.s.TourGuideClientRewardsServiceImpl : Service - Distance calculated: 11538.815287346048
2021-11-27 20:34:21.200  INFO 530588 --- [onPool-worker-4] .t.t.s.TourGuideClientRewardsServiceImpl : Service - Distance calculated: 2116.058070342089
2021-11-27 20:34:21.200  INFO 530588 --- [onPool-worker-9] .t.t.s.TourGuideClientRewardsServiceImpl : Service - Distance calculated: 11652.317652765154
2021-11-27 20:34:21.200  INFO 530588 --- [onPool-worker-3] .t.t.s.TourGuideClientRewardsServiceImpl : Service - Distance calculated: 5708.654476343287
2021-11-27 20:34:21.200  INFO 530588 --- [onPool-worker-9] .t.t.s.TourGuideClientRewardsServiceImpl : Service - Distance calculated: 12096.223051318151
2021-11-27 20:34:21.200  INFO 530588 --- [onPool-worker-3] .t.t.s.TourGuideClientRewardsServiceImpl : Service - Distance calculated: 6742.212952930617
2021-11-27 20:34:21.200  INFO 530588 --- [nPool-worker-11] .t.t.s.TourGuideClientRewardsServiceImpl : Service - Distance calculated: 6378.408529650829
2021-11-27 20:34:21.200  INFO 530588 --- [onPool-worker-3] .t.t.s.TourGuideClientRewardsServiceImpl : Service - Distance calculated: 6797.649523265451
2021-11-27 20:34:21.200  INFO 530588 --- [nPool-worker-10] .t.t.s.TourGuideClientRewardsServiceImpl : Service - Distance calculated: 9840.90078527744
2021-11-27 20:34:21.200  INFO 530588 --- [onPool-worker-3] .t.t.s.TourGuideClientRewardsServiceImpl : Service - Distance calculated: 3677.0036452789705
2021-11-27 20:34:21.200  INFO 530588 --- [onPool-worker-1] .t.t.s.TourGuideClientRewardsServiceImpl : Service - Distance calculated: 2574.9289013664797
2021-11-27 20:34:21.200  INFO 530588 --- [onPool-worker-3] .t.t.s.TourGuideClientRewardsServiceImpl : Service - Distance calculated: 7023.316797182979
2021-11-27 20:34:21.200  INFO 530588 --- [onPool-worker-7] .t.t.s.TourGuideClientRewardsServiceImpl : Service - Distance calculated: 8926.705309050174
2021-11-27 20:34:21.200  INFO 530588 --- [onPool-worker-1] .t.t.s.TourGuideClientRewardsServiceImpl : Service - Distance calculated: 2584.9506688591146
2021-11-27 20:34:21.200  INFO 530588 --- [onPool-worker-3] .t.t.s.TourGuideClientRewardsServiceImpl : Service - Distance calculated: 6859.745115982008
2021-11-27 20:34:21.200  INFO 530588 --- [onPool-worker-6] .t.t.s.TourGuideClientRewardsServiceImpl : Service - Distance calculated: 4067.038692518597
2021-11-27 20:34:21.201  INFO 530588 --- [onPool-worker-1] .t.t.s.TourGuideClientRewardsServiceImpl : Service - Distance calculated: 3422.3314047006847
2021-11-27 20:34:21.200  INFO 530588 --- [nPool-worker-14] .t.t.s.TourGuideClientRewardsServiceImpl : Service - Distance calculated: 4052.7117545206875
2021-11-27 20:34:21.201  INFO 530588 --- [onPool-worker-1] .t.t.s.TourGuideClientRewardsServiceImpl : Service - Distance calculated: 3605.5782670664944
2021-11-27 20:34:21.200  INFO 530588 --- [onPool-worker-5] .t.t.s.TourGuideClientRewardsServiceImpl : Service - Distance calculated: 9425.900517182547
2021-11-27 20:34:21.201  INFO 530588 --- [onPool-worker-1] .t.t.s.TourGuideClientRewardsServiceImpl : Service - Distance calculated: 3179.7197569824375
2021-11-27 20:34:21.200  INFO 530588 --- [onPool-worker-4] .t.t.s.TourGuideClientRewardsServiceImpl : Service - Distance calculated: 2011.7215459643635
2021-11-27 20:34:21.201  INFO 530588 --- [onPool-worker-5] .t.t.s.TourGuideClientRewardsServiceImpl : Service - Distance calculated: 9265.143031552396
2021-11-27 20:34:21.200  INFO 530588 --- [onPool-worker-9] .t.t.s.TourGuideClientRewardsServiceImpl : Service - Distance calculated: 11870.210751833398
2021-11-27 20:34:21.201  INFO 530588 --- [onPool-worker-5] .t.t.s.TourGuideClientRewardsServiceImpl : Service - Distance calculated: 9329.984701909607
2021-11-27 20:34:21.200  INFO 530588 --- [nPool-worker-11] .t.t.s.TourGuideClientRewardsServiceImpl : Service - Distance calculated: 7400.554013151223
2021-11-27 20:34:21.201  INFO 530588 --- [onPool-worker-5] .t.t.s.TourGuideClientRewardsServiceImpl : Service - Distance calculated: 9319.533947813577
2021-11-27 20:34:21.201  INFO 530588 --- [nPool-worker-11] .t.t.s.TourGuideClientRewardsServiceImpl : Service - Distance calculated: 7453.95182710785
2021-11-27 20:34:21.201  INFO 530588 --- [onPool-worker-5] .t.t.s.TourGuideClientRewardsServiceImpl : Service - Distance calculated: 8184.93154930835
2021-11-27 20:34:21.201  INFO 530588 --- [nPool-worker-11] .t.t.s.TourGuideClientRewardsServiceImpl : Service - Distance calculated: 6729.467882197308
2021-11-27 20:34:21.201  INFO 530588 --- [onPool-worker-5] .t.t.s.TourGuideClientRewardsServiceImpl : Service - Distance calculated: 8151.8845306711755
2021-11-27 20:34:21.200  INFO 530588 --- [nPool-worker-10] .t.t.s.TourGuideClientRewardsServiceImpl : Service - Distance calculated: 9000.967521513392
2021-11-27 20:34:21.201  INFO 530588 --- [onPool-worker-5] .t.t.s.TourGuideClientRewardsServiceImpl : Service - Distance calculated: 8967.962351457221
2021-11-27 20:34:21.201  INFO 530588 --- [onPool-worker-7] .t.t.s.TourGuideClientRewardsServiceImpl : Service - Distance calculated: 9695.700747019288
2021-11-27 20:34:21.201  INFO 530588 --- [onPool-worker-5] .t.t.s.TourGuideClientRewardsServiceImpl : Service - Distance calculated: 7823.006391857
2021-11-27 20:34:21.201  INFO 530588 --- [onPool-worker-3] .t.t.s.TourGuideClientRewardsServiceImpl : Service - Distance calculated: 7002.861115453899
2021-11-27 20:34:21.201  INFO 530588 --- [onPool-worker-7] .t.t.s.TourGuideClientRewardsServiceImpl : Service - Distance calculated: 9061.703879453224
2021-11-27 20:34:21.201  INFO 530588 --- [onPool-worker-6] .t.t.s.TourGuideClientRewardsServiceImpl : Service - Distance calculated: 4101.35178896214
2021-11-27 20:34:21.201  INFO 530588 --- [onPool-worker-7] .t.t.s.TourGuideClientRewardsServiceImpl : Service - Distance calculated: 8972.57491163928
2021-11-27 20:34:21.201  INFO 530588 --- [onPool-worker-7] .t.t.s.TourGuideClientRewardsServiceImpl : Service - Distance calculated: 9549.353392581957
2021-11-27 20:34:21.201  INFO 530588 --- [nPool-worker-14] .t.t.s.TourGuideClientRewardsServiceImpl : Service - Distance calculated: 4346.555829694383
2021-11-27 20:34:21.201  INFO 530588 --- [onPool-worker-1] .t.t.s.TourGuideClientRewardsServiceImpl : Service - Distance calculated: 3441.3982073937887
2021-11-27 20:34:21.201  INFO 530588 --- [nPool-worker-14] .t.t.s.TourGuideClientRewardsServiceImpl : Service - Distance calculated: 4237.2301686038945
2021-11-27 20:34:21.201  INFO 530588 --- [onPool-worker-4] .t.t.s.TourGuideClientRewardsServiceImpl : Service - Distance calculated: 2255.795781427598
2021-11-27 20:34:21.201  INFO 530588 --- [onPool-worker-9] .t.t.s.TourGuideClientRewardsServiceImpl : Service - Distance calculated: 12169.436218547775
2021-11-27 20:34:21.201  INFO 530588 --- [onPool-worker-4] .t.t.s.TourGuideClientRewardsServiceImpl : Service - Distance calculated: 2176.315764314417
2021-11-27 20:34:21.201  INFO 530588 --- [onPool-worker-9] .t.t.s.TourGuideClientRewardsServiceImpl : Service - Distance calculated: 11724.996315849943
2021-11-27 20:34:21.201  INFO 530588 --- [onPool-worker-4] .t.t.s.TourGuideClientRewardsServiceImpl : Service - Distance calculated: 3171.751488168893
2021-11-27 20:34:21.201  INFO 530588 --- [onPool-worker-9] .t.t.s.TourGuideClientRewardsServiceImpl : Service - Distance calculated: 10746.565513193967
2021-11-27 20:34:21.201  INFO 530588 --- [nPool-worker-11] .t.t.s.TourGuideClientRewardsServiceImpl : Service - Distance calculated: 7602.945210221261
2021-11-27 20:34:21.201  INFO 530588 --- [onPool-worker-9] .t.t.s.TourGuideClientRewardsServiceImpl : Service - Distance calculated: 11671.215417028186
2021-11-27 20:34:21.201  INFO 530588 --- [nPool-worker-10] .t.t.s.TourGuideClientRewardsServiceImpl : Service - Distance calculated: 8836.7877657859
2021-11-27 20:34:21.201  INFO 530588 --- [onPool-worker-9] .t.t.s.TourGuideClientRewardsServiceImpl : Service - Distance calculated: 11497.400258663989
2021-11-27 20:34:21.201  INFO 530588 --- [onPool-worker-5] .t.t.s.TourGuideClientRewardsServiceImpl : Service - Distance calculated: 7802.382228991133
2021-11-27 20:34:21.201  INFO 530588 --- [nPool-worker-10] .t.t.s.TourGuideClientRewardsServiceImpl : Service - Distance calculated: 9254.20749262861
2021-11-27 20:34:21.201  INFO 530588 --- [onPool-worker-3] .t.t.s.TourGuideClientRewardsServiceImpl : Service - Distance calculated: 7427.743097756582
2021-11-27 20:34:21.201  INFO 530588 --- [onPool-worker-5] .t.t.s.TourGuideClientRewardsServiceImpl : Service - Distance calculated: 10536.844054736268
2021-11-27 20:34:21.201  INFO 530588 --- [onPool-worker-3] .t.t.s.TourGuideClientRewardsServiceImpl : Service - Distance calculated: 6420.922670623946
2021-11-27 20:34:21.201  INFO 530588 --- [onPool-worker-6] .t.t.s.TourGuideClientRewardsServiceImpl : Service - Distance calculated: 3913.527975592333
2021-11-27 20:34:21.201  INFO 530588 --- [onPool-worker-7] .t.t.s.TourGuideClientRewardsServiceImpl : Service - Distance calculated: 9448.073987370544
2021-11-27 20:34:21.201  INFO 530588 --- [onPool-worker-6] .t.t.s.TourGuideClientRewardsServiceImpl : Service - Distance calculated: 6748.815145377223
2021-11-27 20:34:21.201  INFO 530588 --- [onPool-worker-1] .t.t.s.TourGuideClientRewardsServiceImpl : Service - Distance calculated: 2923.3483374950324
2021-11-27 20:34:21.201  INFO 530588 --- [nPool-worker-14] .t.t.s.TourGuideClientRewardsServiceImpl : Service - Distance calculated: 4663.354201241091
2021-11-27 20:34:21.201  INFO 530588 --- [onPool-worker-1] .t.t.s.TourGuideClientRewardsServiceImpl : Service - Distance calculated: 3551.3311698427165
2021-11-27 20:34:21.201  INFO 530588 --- [onPool-worker-4] .t.t.s.TourGuideClientRewardsServiceImpl : Service - Distance calculated: 1700.8644576562065
2021-11-27 20:34:21.201  INFO 530588 --- [nPool-worker-14] .t.t.s.TourGuideClientRewardsServiceImpl : Service - Distance calculated: 5545.85946165957
2021-11-27 20:34:21.201  INFO 530588 --- [nPool-worker-11] .t.t.s.TourGuideClientRewardsServiceImpl : Service - Distance calculated: 7689.992115836893
2021-11-27 20:34:21.201  INFO 530588 --- [onPool-worker-4] .t.t.s.TourGuideClientRewardsServiceImpl : Service - Distance calculated: 2719.494377684109
2021-11-27 20:34:21.201  INFO 530588 --- [onPool-worker-9] .t.t.s.TourGuideClientRewardsServiceImpl : Service - Distance calculated: 11293.08868079337
2021-11-27 20:34:21.201  INFO 530588 --- [onPool-worker-4] .t.t.s.TourGuideClientRewardsServiceImpl : Service - Distance calculated: 2630.193232140653
2021-11-27 20:34:21.201  INFO 530588 --- [nPool-worker-11] .t.t.s.TourGuideClientRewardsServiceImpl : Service - Distance calculated: 4479.665190493015
2021-11-27 20:34:21.201  INFO 530588 --- [nPool-worker-10] .t.t.s.TourGuideClientRewardsServiceImpl : Service - Distance calculated: 8994.778534657222
2021-11-27 20:34:21.201  INFO 530588 --- [onPool-worker-4] .t.t.s.TourGuideClientRewardsServiceImpl : Service - Distance calculated: 2629.38540472877
2021-11-27 20:34:21.201  INFO 530588 --- [onPool-worker-5] .t.t.s.TourGuideClientRewardsServiceImpl : Service - Distance calculated: 7478.046956163882
2021-11-27 20:34:21.201  INFO 530588 --- [nPool-worker-10] .t.t.s.TourGuideClientRewardsServiceImpl : Service - Distance calculated: 9508.304505865868
2021-11-27 20:34:21.201  INFO 530588 --- [onPool-worker-3] .t.t.s.TourGuideClientRewardsServiceImpl : Service - Distance calculated: 6809.034633616681
2021-11-27 20:34:21.201  INFO 530588 --- [onPool-worker-5] .t.t.s.TourGuideClientRewardsServiceImpl : Service - Distance calculated: 7688.566841376772
2021-11-27 20:34:21.201  INFO 530588 --- [onPool-worker-3] .t.t.s.TourGuideClientRewardsServiceImpl : Service - Distance calculated: 6746.3852182684295
2021-11-27 20:34:21.201  INFO 530588 --- [onPool-worker-7] .t.t.s.TourGuideClientRewardsServiceImpl : Service - Distance calculated: 8952.692656803647
2021-11-27 20:34:21.201  INFO 530588 --- [onPool-worker-3] .t.t.s.TourGuideClientRewardsServiceImpl : Service - Distance calculated: 6855.45910580284
2021-11-27 20:34:21.201  INFO 530588 --- [onPool-worker-6] .t.t.s.TourGuideClientRewardsServiceImpl : Service - Distance calculated: 4172.345966588975
2021-11-27 20:34:21.201  INFO 530588 --- [onPool-worker-7] .t.t.s.TourGuideClientRewardsServiceImpl : Service - Distance calculated: 9971.741606067271
2021-11-27 20:34:21.201  INFO 530588 --- [onPool-worker-1] .t.t.s.TourGuideClientRewardsServiceImpl : Service - Distance calculated: 3932.46312635255
2021-11-27 20:34:21.201  INFO 530588 --- [onPool-worker-6] .t.t.s.TourGuideClientRewardsServiceImpl : Service - Distance calculated: 4096.57869929906
2021-11-27 20:34:21.201  INFO 530588 --- [nPool-worker-14] .t.t.s.TourGuideClientRewardsServiceImpl : Service - Distance calculated: 4918.265731720514
2021-11-27 20:34:21.201  INFO 530588 --- [onPool-worker-1] .t.t.s.TourGuideClientRewardsServiceImpl : Service - Distance calculated: 3399.2019089996606
2021-11-27 20:34:21.201  INFO 530588 --- [onPool-worker-9] .t.t.s.TourGuideClientRewardsServiceImpl : Service - Distance calculated: 12061.195740267372
2021-11-27 20:34:21.201  INFO 530588 --- [nPool-worker-11] .t.t.s.TourGuideClientRewardsServiceImpl : Service - Distance calculated: 7819.457913801469
2021-11-27 20:34:21.201  INFO 530588 --- [nPool-worker-14] .t.t.s.TourGuideClientRewardsServiceImpl : Service - Distance calculated: 5189.849156584245
2021-11-27 20:34:21.201  INFO 530588 --- [nPool-worker-11] .t.t.s.TourGuideClientRewardsServiceImpl : Service - Distance calculated: 7701.938257924706
2021-11-27 20:34:21.201  INFO 530588 --- [nPool-worker-14] .t.t.s.TourGuideClientRewardsServiceImpl : Service - Distance calculated: 4658.91530655561
2021-11-27 20:34:21.201  INFO 530588 --- [onPool-worker-4] .t.t.s.TourGuideClientRewardsServiceImpl : Service - Distance calculated: 2594.3653590153367
2021-11-27 20:34:21.201  INFO 530588 --- [nPool-worker-11] .t.t.s.TourGuideClientRewardsServiceImpl : Service - Distance calculated: 7835.9993460822025
2021-11-27 20:34:21.201  INFO 530588 --- [nPool-worker-10] .t.t.s.TourGuideClientRewardsServiceImpl : Service - Distance calculated: 8889.891661165757
2021-11-27 20:34:21.201  INFO 530588 --- [nPool-worker-11] .t.t.s.TourGuideClientRewardsServiceImpl : Service - Distance calculated: 8370.362848483532
2021-11-27 20:34:21.201  INFO 530588 --- [onPool-worker-4] .t.t.s.TourGuideClientRewardsServiceImpl : Service - Distance calculated: 1722.3090284260973
2021-11-27 20:34:21.201  INFO 530588 --- [nPool-worker-10] .t.t.s.TourGuideClientRewardsServiceImpl : Service - Distance calculated: 8526.954361437458
2021-11-27 20:34:21.201  INFO 530588 --- [nPool-worker-11] .t.t.s.TourGuideClientRewardsServiceImpl : Service - Distance calculated: 7418.48839036573
2021-11-27 20:34:21.201  INFO 530588 --- [onPool-worker-4] .t.t.s.TourGuideClientRewardsServiceImpl : Service - Distance calculated: 3937.5390222635633
2021-11-27 20:34:21.201  INFO 530588 --- [nPool-worker-10] .t.t.s.TourGuideClientRewardsServiceImpl : Service - Distance calculated: 9027.029782074198
2021-11-27 20:34:21.201  INFO 530588 --- [onPool-worker-5] .t.t.s.TourGuideClientRewardsServiceImpl : Service - Distance calculated: 7540.37190623849
2021-11-27 20:34:21.201  INFO 530588 --- [onPool-worker-4] .t.t.s.TourGuideClientRewardsServiceImpl : Service - Distance calculated: 4703.663818440913
2021-11-27 20:34:21.201  INFO 530588 --- [onPool-worker-3] .t.t.s.TourGuideClientRewardsServiceImpl : Service - Distance calculated: 6480.596390485451
2021-11-27 20:34:21.201  INFO 530588 --- [onPool-worker-4] .t.t.s.TourGuideClientRewardsServiceImpl : Service - Distance calculated: 4093.3799051929386
2021-11-27 20:34:21.201  INFO 530588 --- [onPool-worker-7] .t.t.s.TourGuideClientRewardsServiceImpl : Service - Distance calculated: 9761.076790865196
2021-11-27 20:34:21.201  INFO 530588 --- [onPool-worker-3] .t.t.s.TourGuideClientRewardsServiceImpl : Service - Distance calculated: 5317.908094533729
2021-11-27 20:34:21.201  INFO 530588 --- [onPool-worker-6] .t.t.s.TourGuideClientRewardsServiceImpl : Service - Distance calculated: 4031.5951956819476
2021-11-27 20:34:21.201  INFO 530588 --- [onPool-worker-3] .t.t.s.TourGuideClientRewardsServiceImpl : Service - Distance calculated: 7267.197161559279
2021-11-27 20:34:21.201  INFO 530588 --- [onPool-worker-9] .t.t.s.TourGuideClientRewardsServiceImpl : Service - Distance calculated: 11658.599357283612
2021-11-27 20:34:21.201  INFO 530588 --- [onPool-worker-1] .t.t.s.TourGuideClientRewardsServiceImpl : Service - Distance calculated: 2245.889631122426
2021-11-27 20:34:21.201  INFO 530588 --- [onPool-worker-9] .t.t.s.TourGuideClientRewardsServiceImpl : Service - Distance calculated: 11673.907165276656
2021-11-27 20:34:21.201  INFO 530588 --- [nPool-worker-14] .t.t.s.TourGuideClientRewardsServiceImpl : Service - Distance calculated: 5461.630562555177
2021-11-27 20:34:21.201  INFO 530588 --- [onPool-worker-1] .t.t.s.TourGuideClientRewardsServiceImpl : Service - Distance calculated: 3726.50657786634
2021-11-27 20:34:21.201  INFO 530588 --- [onPool-worker-9] .t.t.s.TourGuideClientRewardsServiceImpl : Service - Distance calculated: 3993.652361632928
2021-11-27 20:34:21.201  INFO 530588 --- [onPool-worker-1] .t.t.s.TourGuideClientRewardsServiceImpl : Service - Distance calculated: 2983.6113798558963
2021-11-27 20:34:21.201  INFO 530588 --- [onPool-worker-9] .t.t.s.TourGuideClientRewardsServiceImpl : Service - Distance calculated: 3543.6655515920597
2021-11-27 20:34:21.201  INFO 530588 --- [onPool-worker-1] .t.t.s.TourGuideClientRewardsServiceImpl : Service - Distance calculated: 2394.9449387147506
2021-11-27 20:34:21.201  INFO 530588 --- [onPool-worker-9] .t.t.s.TourGuideClientRewardsServiceImpl : Service - Distance calculated: 3966.048045292437
2021-11-27 20:34:21.201  INFO 530588 --- [onPool-worker-1] .t.t.s.TourGuideClientRewardsServiceImpl : Service - Distance calculated: 3353.9538587981056
2021-11-27 20:34:21.201  INFO 530588 --- [nPool-worker-11] .t.t.s.TourGuideClientRewardsServiceImpl : Service - Distance calculated: 7748.301260707333
2021-11-27 20:34:21.201  INFO 530588 --- [onPool-worker-9] .t.t.s.TourGuideClientRewardsServiceImpl : Service - Distance calculated: 4036.533673408716
2021-11-27 20:34:21.201  INFO 530588 --- [nPool-worker-10] .t.t.s.TourGuideClientRewardsServiceImpl : Service - Distance calculated: 10175.278320506935
2021-11-27 20:34:21.201  INFO 530588 --- [onPool-worker-9] .t.t.s.TourGuideClientRewardsServiceImpl : Service - Distance calculated: 4403.156507679043
2021-11-27 20:34:21.201  INFO 530588 --- [onPool-worker-5] .t.t.s.TourGuideClientRewardsServiceImpl : Service - Distance calculated: 7223.4406888683525
2021-11-27 20:34:21.201  INFO 530588 --- [onPool-worker-4] .t.t.s.TourGuideClientRewardsServiceImpl : Service - Distance calculated: 4011.29958099777
2021-11-27 20:34:21.201  INFO 530588 --- [onPool-worker-7] .t.t.s.TourGuideClientRewardsServiceImpl : Service - Distance calculated: 9976.383482767798
2021-11-27 20:34:21.201  INFO 530588 --- [onPool-worker-4] .t.t.s.TourGuideClientRewardsServiceImpl : Service - Distance calculated: 5076.175775480927
2021-11-27 20:34:21.201  INFO 530588 --- [onPool-worker-6] .t.t.s.TourGuideClientRewardsServiceImpl : Service - Distance calculated: 3197.7437086652367
2021-11-27 20:34:21.201  INFO 530588 --- [onPool-worker-7] .t.t.s.TourGuideClientRewardsServiceImpl : Service - Distance calculated: 10131.707346739657
2021-11-27 20:34:21.201  INFO 530588 --- [onPool-worker-6] .t.t.s.TourGuideClientRewardsServiceImpl : Service - Distance calculated: 3627.167377680148
2021-11-27 20:34:21.201  INFO 530588 --- [onPool-worker-7] .t.t.s.TourGuideClientRewardsServiceImpl : Service - Distance calculated: 10009.610058978484
2021-11-27 20:34:21.201  INFO 530588 --- [onPool-worker-6] .t.t.s.TourGuideClientRewardsServiceImpl : Service - Distance calculated: 3667.320986239436
2021-11-27 20:34:21.201  INFO 530588 --- [onPool-worker-3] .t.t.s.TourGuideClientRewardsServiceImpl : Service - Distance calculated: 7042.798767006827
2021-11-27 20:34:21.201  INFO 530588 --- [onPool-worker-6] .t.t.s.TourGuideClientRewardsServiceImpl : Service - Distance calculated: 3519.205392331844
2021-11-27 20:34:21.201  INFO 530588 --- [nPool-worker-14] .t.t.s.TourGuideClientRewardsServiceImpl : Service - Distance calculated: 6431.658159931411
2021-11-27 20:34:21.201  INFO 530588 --- [onPool-worker-1] .t.t.s.TourGuideClientRewardsServiceImpl : Service - Distance calculated: 7595.59119150223
2021-11-27 20:34:21.201  INFO 530588 --- [nPool-worker-11] .t.t.s.TourGuideClientRewardsServiceImpl : Service - Distance calculated: 7720.082734727397
2021-11-27 20:34:21.201  INFO 530588 --- [nPool-worker-10] .t.t.s.TourGuideClientRewardsServiceImpl : Service - Distance calculated: 8724.20598408591
2021-11-27 20:34:21.202  INFO 530588 --- [nPool-worker-11] .t.t.s.TourGuideClientRewardsServiceImpl : Service - Distance calculated: 7755.7771030179665
2021-11-27 20:34:21.201  INFO 530588 --- [onPool-worker-9] .t.t.s.TourGuideClientRewardsServiceImpl : Service - Distance calculated: 4492.179099559287
2021-11-27 20:34:21.202  INFO 530588 --- [nPool-worker-11] .t.t.s.TourGuideClientRewardsServiceImpl : Service - Distance calculated: 7471.91321603751
2021-11-27 20:34:21.201  INFO 530588 --- [onPool-worker-5] .t.t.s.TourGuideClientRewardsServiceImpl : Service - Distance calculated: 8253.214540061395
2021-11-27 20:34:21.202  INFO 530588 --- [nPool-worker-11] .t.t.s.TourGuideClientRewardsServiceImpl : Service - Distance calculated: 6346.405319169516
2021-11-27 20:34:21.202  INFO 530588 --- [onPool-worker-9] .t.t.s.TourGuideClientRewardsServiceImpl : Service - Distance calculated: 4293.533641480684
2021-11-27 20:34:21.202  INFO 530588 --- [nPool-worker-11] .t.t.s.TourGuideClientRewardsServiceImpl : Service - Distance calculated: 8215.494410000525
2021-11-27 20:34:21.201  INFO 530588 --- [onPool-worker-4] .t.t.s.TourGuideClientRewardsServiceImpl : Service - Distance calculated: 5007.443747707025
2021-11-27 20:34:21.202  INFO 530588 --- [nPool-worker-11] .t.t.s.TourGuideClientRewardsServiceImpl : Service - Distance calculated: 7803.493271658915
2021-11-27 20:34:21.201  INFO 530588 --- [onPool-worker-7] .t.t.s.TourGuideClientRewardsServiceImpl : Service - Distance calculated: 9972.745775112087
2021-11-27 20:34:21.202  INFO 530588 --- [nPool-worker-11] .t.t.s.TourGuideClientRewardsServiceImpl : Service - Distance calculated: 6931.168333649355
2021-11-27 20:34:21.201  INFO 530588 --- [onPool-worker-6] .t.t.s.TourGuideClientRewardsServiceImpl : Service - Distance calculated: 3831.8927912881463
2021-11-27 20:34:21.202  INFO 530588 --- [nPool-worker-14] .t.t.s.TourGuideClientRewardsServiceImpl : Service - Distance calculated: 4769.500443220635
2021-11-27 20:34:21.202  INFO 530588 --- [onPool-worker-6] .t.t.s.TourGuideClientRewardsServiceImpl : Service - Distance calculated: 3619.5436025137383
2021-11-27 20:34:21.202  INFO 530588 --- [onPool-worker-3] .t.t.s.TourGuideClientRewardsServiceImpl : Service - Distance calculated: 5918.228894957907
2021-11-27 20:34:21.202  INFO 530588 --- [nPool-worker-14] .t.t.s.TourGuideClientRewardsServiceImpl : Service - Distance calculated: 3885.7303239824787
2021-11-27 20:34:21.202  INFO 530588 --- [onPool-worker-1] .t.t.s.TourGuideClientRewardsServiceImpl : Service - Distance calculated: 8124.733384836938
2021-11-27 20:34:21.202  INFO 530588 --- [nPool-worker-14] .t.t.s.TourGuideClientRewardsServiceImpl : Service - Distance calculated: 5948.071104825154
2021-11-27 20:34:21.202  INFO 530588 --- [onPool-worker-3] .t.t.s.TourGuideClientRewardsServiceImpl : Service - Distance calculated: 6261.605424304375
2021-11-27 20:34:21.202  INFO 530588 --- [onPool-worker-1] .t.t.s.TourGuideClientRewardsServiceImpl : Service - Distance calculated: 7753.225190274461
2021-11-27 20:34:21.202  INFO 530588 --- [nPool-worker-14] .t.t.s.TourGuideClientRewardsServiceImpl : Service - Distance calculated: 5123.966292997844
2021-11-27 20:34:21.202  INFO 530588 --- [nPool-worker-10] .t.t.s.TourGuideClientRewardsServiceImpl : Service - Distance calculated: 9460.359234602787
2021-11-27 20:34:21.202  INFO 530588 --- [nPool-worker-14] .t.t.s.TourGuideClientRewardsServiceImpl : Service - Distance calculated: 4045.181948533437
2021-11-27 20:34:21.202  INFO 530588 --- [nPool-worker-10] .t.t.s.TourGuideClientRewardsServiceImpl : Service - Distance calculated: 10028.552302438366
2021-11-27 20:34:21.202  INFO 530588 --- [onPool-worker-5] .t.t.s.TourGuideClientRewardsServiceImpl : Service - Distance calculated: 7833.159928520517
2021-11-27 20:34:21.202  INFO 530588 --- [nPool-worker-14] .t.t.s.TourGuideClientRewardsServiceImpl : Service - Distance calculated: 4708.9644883209085
2021-11-27 20:34:21.202  INFO 530588 --- [nPool-worker-10] .t.t.s.TourGuideClientRewardsServiceImpl : Service - Distance calculated: 9071.525131340459
2021-11-27 20:34:21.202  INFO 530588 --- [onPool-worker-9] .t.t.s.TourGuideClientRewardsServiceImpl : Service - Distance calculated: 4336.983384667605
2021-11-27 20:34:21.202  INFO 530588 --- [onPool-worker-5] .t.t.s.TourGuideClientRewardsServiceImpl : Service - Distance calculated: 7918.3718440903785
2021-11-27 20:34:21.202  INFO 530588 --- [onPool-worker-4] .t.t.s.TourGuideClientRewardsServiceImpl : Service - Distance calculated: 4117.667852787365
2021-11-27 20:34:21.202  INFO 530588 --- [onPool-worker-5] .t.t.s.TourGuideClientRewardsServiceImpl : Service - Distance calculated: 7753.575640902021
2021-11-27 20:34:21.202  INFO 530588 --- [onPool-worker-7] .t.t.s.TourGuideClientRewardsServiceImpl : Service - Distance calculated: 9124.541655218996
2021-11-27 20:34:21.202  INFO 530588 --- [onPool-worker-5] .t.t.s.TourGuideClientRewardsServiceImpl : Service - Distance calculated: 8191.466845248309
2021-11-27 20:34:21.202  INFO 530588 --- [onPool-worker-4] .t.t.s.TourGuideClientRewardsServiceImpl : Service - Distance calculated: 5700.03618112477
2021-11-27 20:34:21.202  INFO 530588 --- [onPool-worker-7] .t.t.s.TourGuideClientRewardsServiceImpl : Service - Distance calculated: 9088.045107256623
2021-11-27 20:34:21.202  INFO 530588 --- [nPool-worker-11] .t.t.s.TourGuideClientRewardsServiceImpl : Service - Distance calculated: 7191.380423744354
2021-11-27 20:34:21.202  INFO 530588 --- [onPool-worker-6] .t.t.s.TourGuideClientRewardsServiceImpl : Service - Distance calculated: 4353.999479192707
2021-11-27 20:34:21.202  INFO 530588 --- [nPool-worker-11] .t.t.s.TourGuideClientRewardsServiceImpl : Service - Distance calculated: 7816.177730147554
2021-11-27 20:34:21.202  INFO 530588 --- [onPool-worker-3] .t.t.s.TourGuideClientRewardsServiceImpl : Service - Distance calculated: 7021.821381289221
2021-11-27 20:34:21.202  INFO 530588 --- [nPool-worker-11] .t.t.s.TourGuideClientRewardsServiceImpl : Service - Distance calculated: 8232.038229963886
2021-11-27 20:34:21.202  INFO 530588 --- [onPool-worker-6] .t.t.s.TourGuideClientRewardsServiceImpl : Service - Distance calculated: 3279.1275007172862
2021-11-27 20:34:21.202  INFO 530588 --- [onPool-worker-1] .t.t.s.TourGuideClientRewardsServiceImpl : Service - Distance calculated: 7707.781380570805
2021-11-27 20:34:21.202  INFO 530588 --- [onPool-worker-3] .t.t.s.TourGuideClientRewardsServiceImpl : Service - Distance calculated: 7291.400641334348
2021-11-27 20:34:21.202  INFO 530588 --- [onPool-worker-6] .t.t.s.TourGuideClientRewardsServiceImpl : Service - Distance calculated: 4300.18197718281
2021-11-27 20:34:21.202  INFO 530588 --- [nPool-worker-14] .t.t.s.TourGuideClientRewardsServiceImpl : Service - Distance calculated: 8113.565656982404
2021-11-27 20:34:21.202  INFO 530588 --- [onPool-worker-3] .t.t.s.TourGuideClientRewardsServiceImpl : Service - Distance calculated: 2949.2772846831435
2021-11-27 20:34:21.202  INFO 530588 --- [onPool-worker-6] .t.t.s.TourGuideClientRewardsServiceImpl : Service - Distance calculated: 3942.1998984446095
2021-11-27 20:34:21.202  INFO 530588 --- [nPool-worker-10] .t.t.s.TourGuideClientRewardsServiceImpl : Service - Distance calculated: 3949.393153832883
2021-11-27 20:34:21.202  INFO 530588 --- [onPool-worker-6] .t.t.s.TourGuideClientRewardsServiceImpl : Service - Distance calculated: 4141.295463730009
2021-11-27 20:34:21.202  INFO 530588 --- [onPool-worker-9] .t.t.s.TourGuideClientRewardsServiceImpl : Service - Distance calculated: 4491.386936921659
2021-11-27 20:34:21.202  INFO 530588 --- [onPool-worker-6] .t.t.s.TourGuideClientRewardsServiceImpl : Service - Distance calculated: 4180.7199054325865
2021-11-27 20:34:21.202  INFO 530588 --- [onPool-worker-5] .t.t.s.TourGuideClientRewardsServiceImpl : Service - Distance calculated: 9356.799987732971
2021-11-27 20:34:21.202  INFO 530588 --- [onPool-worker-9] .t.t.s.TourGuideClientRewardsServiceImpl : Service - Distance calculated: 1639.4355089562257
2021-11-27 20:34:21.202  INFO 530588 --- [onPool-worker-4] .t.t.s.TourGuideClientRewardsServiceImpl : Service - Distance calculated: 5531.543504276864
2021-11-27 20:34:21.202  INFO 530588 --- [onPool-worker-5] .t.t.s.TourGuideClientRewardsServiceImpl : Service - Distance calculated: 7386.097996436629
2021-11-27 20:34:21.202  INFO 530588 --- [onPool-worker-7] .t.t.s.TourGuideClientRewardsServiceImpl : Service - Distance calculated: 9448.459945988843
2021-11-27 20:34:21.202  INFO 530588 --- [onPool-worker-4] .t.t.s.TourGuideClientRewardsServiceImpl : Service - Distance calculated: 5262.525658776586
2021-11-27 20:34:21.202  INFO 530588 --- [nPool-worker-11] .t.t.s.TourGuideClientRewardsServiceImpl : Service - Distance calculated: 4648.775539869796
2021-11-27 20:34:21.202  INFO 530588 --- [onPool-worker-7] .t.t.s.TourGuideClientRewardsServiceImpl : Service - Distance calculated: 9205.977420977582
2021-11-27 20:34:21.202  INFO 530588 --- [onPool-worker-1] .t.t.s.TourGuideClientRewardsServiceImpl : Service - Distance calculated: 9019.773378066588
2021-11-27 20:34:21.202  INFO 530588 --- [onPool-worker-7] .t.t.s.TourGuideClientRewardsServiceImpl : Service - Distance calculated: 9684.717937260988
2021-11-27 20:34:21.202  INFO 530588 --- [onPool-worker-3] .t.t.s.TourGuideClientRewardsServiceImpl : Service - Distance calculated: 3704.515096916589
2021-11-27 20:34:21.202  INFO 530588 --- [onPool-worker-1] .t.t.s.TourGuideClientRewardsServiceImpl : Service - Distance calculated: 8995.781250468055
2021-11-27 20:34:21.202  INFO 530588 --- [nPool-worker-14] .t.t.s.TourGuideClientRewardsServiceImpl : Service - Distance calculated: 8415.677238286038
2021-11-27 20:34:21.202  INFO 530588 --- [onPool-worker-3] .t.t.s.TourGuideClientRewardsServiceImpl : Service - Distance calculated: 3109.344318033414
2021-11-27 20:34:21.202  INFO 530588 --- [nPool-worker-10] .t.t.s.TourGuideClientRewardsServiceImpl : Service - Distance calculated: 3838.3139622925937
2021-11-27 20:34:21.202  INFO 530588 --- [nPool-worker-14] .t.t.s.TourGuideClientRewardsServiceImpl : Service - Distance calculated: 8104.780619747353
2021-11-27 20:34:21.202  INFO 530588 --- [onPool-worker-6] .t.t.s.TourGuideClientRewardsServiceImpl : Service - Distance calculated: 3304.8203534121353
2021-11-27 20:34:21.202  INFO 530588 --- [nPool-worker-14] .t.t.s.TourGuideClientRewardsServiceImpl : Service - Distance calculated: 8048.0677421853015
2021-11-27 20:34:21.202  INFO 530588 --- [nPool-worker-10] .t.t.s.TourGuideClientRewardsServiceImpl : Service - Distance calculated: 3997.818399850062
2021-11-27 20:34:21.202  INFO 530588 --- [nPool-worker-14] .t.t.s.TourGuideClientRewardsServiceImpl : Service - Distance calculated: 7447.017627583533
2021-11-27 20:34:21.202  INFO 530588 --- [onPool-worker-9] .t.t.s.TourGuideClientRewardsServiceImpl : Service - Distance calculated: 4418.740930400704
2021-11-27 20:34:21.202  INFO 530588 --- [nPool-worker-14] .t.t.s.TourGuideClientRewardsServiceImpl : Service - Distance calculated: 7367.409651303965
2021-11-27 20:34:21.202  INFO 530588 --- [onPool-worker-5] .t.t.s.TourGuideClientRewardsServiceImpl : Service - Distance calculated: 7416.292360648267
2021-11-27 20:34:21.202  INFO 530588 --- [nPool-worker-14] .t.t.s.TourGuideClientRewardsServiceImpl : Service - Distance calculated: 7746.336963998987
2021-11-27 20:34:21.202  INFO 530588 --- [onPool-worker-4] .t.t.s.TourGuideClientRewardsServiceImpl : Service - Distance calculated: 6127.2782828745985
2021-11-27 20:34:21.202  INFO 530588 --- [nPool-worker-14] .t.t.s.TourGuideClientRewardsServiceImpl : Service - Distance calculated: 7420.089544746506
2021-11-27 20:34:21.202  INFO 530588 --- [onPool-worker-5] .t.t.s.TourGuideClientRewardsServiceImpl : Service - Distance calculated: 8758.573126732033
2021-11-27 20:34:21.202  INFO 530588 --- [nPool-worker-11] .t.t.s.TourGuideClientRewardsServiceImpl : Service - Distance calculated: 4081.315138905381
2021-11-27 20:34:21.202  INFO 530588 --- [nPool-worker-14] .t.t.s.TourGuideClientRewardsServiceImpl : Service - Distance calculated: 7287.319678727211
2021-11-27 20:34:21.202  INFO 530588 --- [onPool-worker-5] .t.t.s.TourGuideClientRewardsServiceImpl : Service - Distance calculated: 8364.748449181121
2021-11-27 20:34:21.202  INFO 530588 --- [onPool-worker-7] .t.t.s.TourGuideClientRewardsServiceImpl : Service - Distance calculated: 9133.787590807315
2021-11-27 20:34:21.202  INFO 530588 --- [nPool-worker-14] .t.t.s.TourGuideClientRewardsServiceImpl : Service - Distance calculated: 10414.237335854046
2021-11-27 20:34:21.202  INFO 530588 --- [onPool-worker-5] .t.t.s.TourGuideClientRewardsServiceImpl : Service - Distance calculated: 7477.346600054502
2021-11-27 20:34:21.202  INFO 530588 --- [nPool-worker-14] .t.t.s.TourGuideClientRewardsServiceImpl : Service - Distance calculated: 7285.374089186656
2021-11-27 20:34:21.202  INFO 530588 --- [onPool-worker-7] .t.t.s.TourGuideClientRewardsServiceImpl : Service - Distance calculated: 8872.91368765992
2021-11-27 20:34:21.202  INFO 530588 --- [onPool-worker-5] .t.t.s.TourGuideClientRewardsServiceImpl : Service - Distance calculated: 7357.117163448929
2021-11-27 20:34:21.202  INFO 530588 --- [nPool-worker-14] .t.t.s.TourGuideClientRewardsServiceImpl : Service - Distance calculated: 7350.26112625157
2021-11-27 20:34:21.202  INFO 530588 --- [onPool-worker-7] .t.t.s.TourGuideClientRewardsServiceImpl : Service - Distance calculated: 9171.02374369166
2021-11-27 20:34:21.202  INFO 530588 --- [onPool-worker-5] .t.t.s.TourGuideClientRewardsServiceImpl : Service - Distance calculated: 7574.595592586831
2021-11-27 20:34:21.202  INFO 530588 --- [onPool-worker-1] .t.t.s.TourGuideClientRewardsServiceImpl : Service - Distance calculated: 7980.059072077953
2021-11-27 20:34:21.202  INFO 530588 --- [onPool-worker-5] .t.t.s.TourGuideClientRewardsServiceImpl : Service - Distance calculated: 6852.1963518006205
2021-11-27 20:34:21.202  INFO 530588 --- [onPool-worker-3] .t.t.s.TourGuideClientRewardsServiceImpl : Service - Distance calculated: 3031.040380927992
2021-11-27 20:34:21.202  INFO 530588 --- [onPool-worker-1] .t.t.s.TourGuideClientRewardsServiceImpl : Service - Distance calculated: 9576.849983717395
2021-11-27 20:34:21.202  INFO 530588 --- [onPool-worker-3] .t.t.s.TourGuideClientRewardsServiceImpl : Service - Distance calculated: 4179.5716240979045
2021-11-27 20:34:21.202  INFO 530588 --- [onPool-worker-1] .t.t.s.TourGuideClientRewardsServiceImpl : Service - Distance calculated: 9502.188769142094
2021-11-27 20:34:21.202  INFO 530588 --- [onPool-worker-6] .t.t.s.TourGuideClientRewardsServiceImpl : Service - Distance calculated: 3412.9254344457127
2021-11-27 20:34:21.202  INFO 530588 --- [nPool-worker-10] .t.t.s.TourGuideClientRewardsServiceImpl : Service - Distance calculated: 4035.9858258971767
2021-11-27 20:34:21.202  INFO 530588 --- [onPool-worker-6] .t.t.s.TourGuideClientRewardsServiceImpl : Service - Distance calculated: 3172.202127893675
2021-11-27 20:34:21.202  INFO 530588 --- [nPool-worker-10] .t.t.s.TourGuideClientRewardsServiceImpl : Service - Distance calculated: 4900.911096859508
2021-11-27 20:34:21.202  INFO 530588 --- [onPool-worker-9] .t.t.s.TourGuideClientRewardsServiceImpl : Service - Distance calculated: 4388.169962997245
2021-11-27 20:34:21.202  INFO 530588 --- [onPool-worker-6] .t.t.s.TourGuideClientRewardsServiceImpl : Service - Distance calculated: 3431.3131078193746
2021-11-27 20:34:21.202  INFO 530588 --- [onPool-worker-4] .t.t.s.TourGuideClientRewardsServiceImpl : Service - Distance calculated: 5839.269921007894
2021-11-27 20:34:21.202  INFO 530588 --- [onPool-worker-9] .t.t.s.TourGuideClientRewardsServiceImpl : Service - Distance calculated: 4494.236295155184
2021-11-27 20:34:21.202  INFO 530588 --- [onPool-worker-6] .t.t.s.TourGuideClientRewardsServiceImpl : Service - Distance calculated: 3483.6048677821645
2021-11-27 20:34:21.202  INFO 530588 --- [onPool-worker-9] .t.t.s.TourGuideClientRewardsServiceImpl : Service - Distance calculated: 5235.241708948792
2021-11-27 20:34:21.202  INFO 530588 --- [onPool-worker-4] .t.t.s.TourGuideClientRewardsServiceImpl : Service - Distance calculated: 5931.185705387539
2021-11-27 20:34:21.202  INFO 530588 --- [nPool-worker-11] .t.t.s.TourGuideClientRewardsServiceImpl : Service - Distance calculated: 4591.8458353433125
2021-11-27 20:34:21.202  INFO 530588 --- [nPool-worker-14] .t.t.s.TourGuideClientRewardsServiceImpl : Service - Distance calculated: 7232.217532140295
2021-11-27 20:34:21.202  INFO 530588 --- [onPool-worker-7] .t.t.s.TourGuideClientRewardsServiceImpl : Service - Distance calculated: 10267.599744760884
2021-11-27 20:34:21.202  INFO 530588 --- [nPool-worker-11] .t.t.s.TourGuideClientRewardsServiceImpl : Service - Distance calculated: 4671.429318196228
2021-11-27 20:34:21.202  INFO 530588 --- [onPool-worker-5] .t.t.s.TourGuideClientRewardsServiceImpl : Service - Distance calculated: 7467.860760857481
2021-11-27 20:34:21.202  INFO 530588 --- [onPool-worker-7] .t.t.s.TourGuideClientRewardsServiceImpl : Service - Distance calculated: 9024.701350607196
2021-11-27 20:34:21.202  INFO 530588 --- [onPool-worker-3] .t.t.s.TourGuideClientRewardsServiceImpl : Service - Distance calculated: 4122.0440481080705
2021-11-27 20:34:21.202  INFO 530588 --- [onPool-worker-1] .t.t.s.TourGuideClientRewardsServiceImpl : Service - Distance calculated: 6991.260058035679
2021-11-27 20:34:21.202  INFO 530588 --- [onPool-worker-3] .t.t.s.TourGuideClientRewardsServiceImpl : Service - Distance calculated: 3174.3030709046875
2021-11-27 20:34:21.202  INFO 530588 --- [nPool-worker-10] .t.t.s.TourGuideClientRewardsServiceImpl : Service - Distance calculated: 4962.97050180419
2021-11-27 20:34:21.202  INFO 530588 --- [onPool-worker-3] .t.t.s.TourGuideClientRewardsServiceImpl : Service - Distance calculated: 4804.023136482472
2021-11-27 20:34:21.202  INFO 530588 --- [onPool-worker-6] .t.t.s.TourGuideClientRewardsServiceImpl : Service - Distance calculated: 4195.456263148948
2021-11-27 20:34:21.202  INFO 530588 --- [onPool-worker-3] .t.t.s.TourGuideClientRewardsServiceImpl : Service - Distance calculated: 4654.659085806499
2021-11-27 20:34:21.202  INFO 530588 --- [onPool-worker-9] .t.t.s.TourGuideClientRewardsServiceImpl : Service - Distance calculated: 4670.019375846451
2021-11-27 20:34:21.202  INFO 530588 --- [onPool-worker-3] .t.t.s.TourGuideClientRewardsServiceImpl : Service - Distance calculated: 4290.098350489014
2021-11-27 20:34:21.202  INFO 530588 --- [onPool-worker-4] .t.t.s.TourGuideClientRewardsServiceImpl : Service - Distance calculated: 5437.436956042199
2021-11-27 20:34:21.202  INFO 530588 --- [onPool-worker-9] .t.t.s.TourGuideClientRewardsServiceImpl : Service - Distance calculated: 4683.931296217749
2021-11-27 20:34:21.202  INFO 530588 --- [nPool-worker-14] .t.t.s.TourGuideClientRewardsServiceImpl : Service - Distance calculated: 6549.693138005312
2021-11-27 20:34:21.202  INFO 530588 --- [onPool-worker-9] .t.t.s.TourGuideClientRewardsServiceImpl : Service - Distance calculated: 4795.8210005073115
2021-11-27 20:34:21.202  INFO 530588 --- [nPool-worker-14] .t.t.s.TourGuideClientRewardsServiceImpl : Service - Distance calculated: 7252.969606045847
2021-11-27 20:34:21.202  INFO 530588 --- [onPool-worker-9] .t.t.s.TourGuideClientRewardsServiceImpl : Service - Distance calculated: 4571.001852383695
2021-11-27 20:34:21.202  INFO 530588 --- [nPool-worker-11] .t.t.s.TourGuideClientRewardsServiceImpl : Service - Distance calculated: 4766.783298883836
2021-11-27 20:34:21.202  INFO 530588 --- [nPool-worker-14] .t.t.s.TourGuideClientRewardsServiceImpl : Service - Distance calculated: 7136.404165906949
2021-11-27 20:34:21.202  INFO 530588 --- [onPool-worker-5] .t.t.s.TourGuideClientRewardsServiceImpl : Service - Distance calculated: 7557.005642978514
2021-11-27 20:34:21.202  INFO 530588 --- [nPool-worker-14] .t.t.s.TourGuideClientRewardsServiceImpl : Service - Distance calculated: 7066.9712757259385
2021-11-27 20:34:21.202  INFO 530588 --- [onPool-worker-5] .t.t.s.TourGuideClientRewardsServiceImpl : Service - Distance calculated: 7042.692761010827
2021-11-27 20:34:21.202  INFO 530588 --- [nPool-worker-14] .t.t.s.TourGuideClientRewardsServiceImpl : Service - Distance calculated: 7211.016371205898
2021-11-27 20:34:21.202  INFO 530588 --- [onPool-worker-7] .t.t.s.TourGuideClientRewardsServiceImpl : Service - Distance calculated: 9716.996025094484
2021-11-27 20:34:21.202  INFO 530588 --- [nPool-worker-14] .t.t.s.TourGuideClientRewardsServiceImpl : Service - Distance calculated: 7230.178745869223
2021-11-27 20:34:21.202  INFO 530588 --- [onPool-worker-1] .t.t.s.TourGuideClientRewardsServiceImpl : Service - Distance calculated: 10002.013253590976
2021-11-27 20:34:21.202  INFO 530588 --- [nPool-worker-10] .t.t.s.TourGuideClientRewardsServiceImpl : Service - Distance calculated: 4371.928281817014
2021-11-27 20:34:21.203  INFO 530588 --- [nPool-worker-14] .t.t.s.TourGuideClientRewardsServiceImpl : Service - Distance calculated: 8026.96034302783
2021-11-27 20:34:21.202  INFO 530588 --- [onPool-worker-6] .t.t.s.TourGuideClientRewardsServiceImpl : Service - Distance calculated: 4266.182214301876
2021-11-27 20:34:21.203  INFO 530588 --- [nPool-worker-14] .t.t.s.TourGuideClientRewardsServiceImpl : Service - Distance calculated: 6680.678169849811
2021-11-27 20:34:21.202  INFO 530588 --- [onPool-worker-3] .t.t.s.TourGuideClientRewardsServiceImpl : Service - Distance calculated: 5244.428343445146
2021-11-27 20:34:21.203  INFO 530588 --- [nPool-worker-14] .t.t.s.TourGuideClientRewardsServiceImpl : Service - Distance calculated: 7328.26565543368
2021-11-27 20:34:21.203  INFO 530588 --- [onPool-worker-3] .t.t.s.TourGuideClientRewardsServiceImpl : Service - Distance calculated: 4951.123431789925
2021-11-27 20:34:21.203  INFO 530588 --- [nPool-worker-14] .t.t.s.TourGuideClientRewardsServiceImpl : Service - Distance calculated: 7614.251673999855
2021-11-27 20:34:21.202  INFO 530588 --- [onPool-worker-4] .t.t.s.TourGuideClientRewardsServiceImpl : Service - Distance calculated: 4617.0372087736305
2021-11-27 20:34:21.203  INFO 530588 --- [onPool-worker-3] .t.t.s.TourGuideClientRewardsServiceImpl : Service - Distance calculated: 5057.908031664462
2021-11-27 20:34:21.202  INFO 530588 --- [onPool-worker-9] .t.t.s.TourGuideClientRewardsServiceImpl : Service - Distance calculated: 4678.0704446610725
2021-11-27 20:34:21.203  INFO 530588 --- [onPool-worker-3] .t.t.s.TourGuideClientRewardsServiceImpl : Service - Distance calculated: 4680.381374269731
2021-11-27 20:34:21.202  INFO 530588 --- [nPool-worker-11] .t.t.s.TourGuideClientRewardsServiceImpl : Service - Distance calculated: 4864.919103083751
2021-11-27 20:34:21.203  INFO 530588 --- [onPool-worker-3] .t.t.s.TourGuideClientRewardsServiceImpl : Service - Distance calculated: 3749.320865112486
2021-11-27 20:34:21.202  INFO 530588 --- [onPool-worker-5] .t.t.s.TourGuideClientRewardsServiceImpl : Service - Distance calculated: 7140.726130846178
2021-11-27 20:34:21.203  INFO 530588 --- [onPool-worker-7] .t.t.s.TourGuideClientRewardsServiceImpl : Service - Distance calculated: 10140.533955194769
2021-11-27 20:34:21.203  INFO 530588 --- [onPool-worker-5] .t.t.s.TourGuideClientRewardsServiceImpl : Service - Distance calculated: 7641.228490673277
2021-11-27 20:34:21.203  INFO 530588 --- [onPool-worker-1] .t.t.s.TourGuideClientRewardsServiceImpl : Service - Distance calculated: 9731.327324330554
2021-11-27 20:34:21.203  INFO 530588 --- [onPool-worker-7] .t.t.s.TourGuideClientRewardsServiceImpl : Service - Distance calculated: 9209.834766089809
2021-11-27 20:34:21.203  INFO 530588 --- [nPool-worker-10] .t.t.s.TourGuideClientRewardsServiceImpl : Service - Distance calculated: 5075.8256844273055
2021-11-27 20:34:21.203  INFO 530588 --- [onPool-worker-7] .t.t.s.TourGuideClientRewardsServiceImpl : Service - Distance calculated: 4864.669376718468
2021-11-27 20:34:21.203  INFO 530588 --- [onPool-worker-6] .t.t.s.TourGuideClientRewardsServiceImpl : Service - Distance calculated: 3796.2676498307187
2021-11-27 20:34:21.203  INFO 530588 --- [onPool-worker-7] .t.t.s.TourGuideClientRewardsServiceImpl : Service - Distance calculated: 4511.876545133332
2021-11-27 20:34:21.203  INFO 530588 --- [nPool-worker-14] .t.t.s.TourGuideClientRewardsServiceImpl : Service - Distance calculated: 7676.028403082559
2021-11-27 20:34:21.203  INFO 530588 --- [onPool-worker-6] .t.t.s.TourGuideClientRewardsServiceImpl : Service - Distance calculated: 4314.342114229236
2021-11-27 20:34:21.203  INFO 530588 --- [onPool-worker-4] .t.t.s.TourGuideClientRewardsServiceImpl : Service - Distance calculated: 5230.527617447992
2021-11-27 20:34:21.203  INFO 530588 --- [nPool-worker-14] .t.t.s.TourGuideClientRewardsServiceImpl : Service - Distance calculated: 7290.118964963659
2021-11-27 20:34:21.203  INFO 530588 --- [onPool-worker-9] .t.t.s.TourGuideClientRewardsServiceImpl : Service - Distance calculated: 4080.030276725526
2021-11-27 20:34:21.203  INFO 530588 --- [nPool-worker-14] .t.t.s.TourGuideClientRewardsServiceImpl : Service - Distance calculated: 6683.039560986344
2021-11-27 20:34:21.203  INFO 530588 --- [nPool-worker-11] .t.t.s.TourGuideClientRewardsServiceImpl : Service - Distance calculated: 4878.966107205743
2021-11-27 20:34:21.203  INFO 530588 --- [nPool-worker-14] .t.t.s.TourGuideClientRewardsServiceImpl : Service - Distance calculated: 8694.62696925567
2021-11-27 20:34:21.203  INFO 530588 --- [onPool-worker-3] .t.t.s.TourGuideClientRewardsServiceImpl : Service - Distance calculated: 4378.085123460167
2021-11-27 20:34:21.203  INFO 530588 --- [onPool-worker-5] .t.t.s.TourGuideClientRewardsServiceImpl : Service - Distance calculated: 6529.306698029564
2021-11-27 20:34:21.203  INFO 530588 --- [onPool-worker-1] .t.t.s.TourGuideClientRewardsServiceImpl : Service - Distance calculated: 9872.112662669286
2021-11-27 20:34:21.203  INFO 530588 --- [onPool-worker-5] .t.t.s.TourGuideClientRewardsServiceImpl : Service - Distance calculated: 6741.178235583939
2021-11-27 20:34:21.203  INFO 530588 --- [nPool-worker-10] .t.t.s.TourGuideClientRewardsServiceImpl : Service - Distance calculated: 5165.324771569191
2021-11-27 20:34:21.203  INFO 530588 --- [onPool-worker-5] .t.t.s.TourGuideClientRewardsServiceImpl : Service - Distance calculated: 5551.960349946916
2021-11-27 20:34:21.203  INFO 530588 --- [onPool-worker-7] .t.t.s.TourGuideClientRewardsServiceImpl : Service - Distance calculated: 4726.277800093933
2021-11-27 20:34:21.203  INFO 530588 --- [nPool-worker-10] .t.t.s.TourGuideClientRewardsServiceImpl : Service - Distance calculated: 1953.6220718415118
2021-11-27 20:34:21.203  INFO 530588 --- [onPool-worker-6] .t.t.s.TourGuideClientRewardsServiceImpl : Service - Distance calculated: 4418.945918497927
2021-11-27 20:34:21.203  INFO 530588 --- [onPool-worker-7] .t.t.s.TourGuideClientRewardsServiceImpl : Service - Distance calculated: 4748.697082418989
2021-11-27 20:34:21.203  INFO 530588 --- [onPool-worker-4] .t.t.s.TourGuideClientRewardsServiceImpl : Service - Distance calculated: 4949.512867972358
2021-11-27 20:34:21.203  INFO 530588 --- [onPool-worker-7] .t.t.s.TourGuideClientRewardsServiceImpl : Service - Distance calculated: 3470.5863638413266
2021-11-27 20:34:21.203  INFO 530588 --- [onPool-worker-9] .t.t.s.TourGuideClientRewardsServiceImpl : Service - Distance calculated: 5118.956290054899
2021-11-27 20:34:21.203  INFO 530588 --- [nPool-worker-14] .t.t.s.TourGuideClientRewardsServiceImpl : Service - Distance calculated: 8081.969467653808
2021-11-27 20:34:21.203  INFO 530588 --- [onPool-worker-9] .t.t.s.TourGuideClientRewardsServiceImpl : Service - Distance calculated: 4357.077147053499
2021-11-27 20:34:21.203  INFO 530588 --- [nPool-worker-11] .t.t.s.TourGuideClientRewardsServiceImpl : Service - Distance calculated: 4555.181890520482
2021-11-27 20:34:21.203  INFO 530588 --- [onPool-worker-9] .t.t.s.TourGuideClientRewardsServiceImpl : Service - Distance calculated: 4385.651536484235
2021-11-27 20:34:21.203  INFO 530588 --- [onPool-worker-3] .t.t.s.TourGuideClientRewardsServiceImpl : Service - Distance calculated: 4110.233619974347
2021-11-27 20:34:21.203  INFO 530588 --- [onPool-worker-9] .t.t.s.TourGuideClientRewardsServiceImpl : Service - Distance calculated: 4173.551694911697
2021-11-27 20:34:21.203  INFO 530588 --- [onPool-worker-1] .t.t.s.TourGuideClientRewardsServiceImpl : Service - Distance calculated: 9703.631217837235
2021-11-27 20:34:21.203  INFO 530588 --- [onPool-worker-3] .t.t.s.TourGuideClientRewardsServiceImpl : Service - Distance calculated: 4635.79872333228
2021-11-27 20:34:21.203  INFO 530588 --- [onPool-worker-5] .t.t.s.TourGuideClientRewardsServiceImpl : Service - Distance calculated: 6225.6918431618515
2021-11-27 20:34:21.203  INFO 530588 --- [onPool-worker-3] .t.t.s.TourGuideClientRewardsServiceImpl : Service - Distance calculated: 3833.8217575852473
2021-11-27 20:34:21.203  INFO 530588 --- [nPool-worker-10] .t.t.s.TourGuideClientRewardsServiceImpl : Service - Distance calculated: 5306.27611923276
2021-11-27 20:34:21.203  INFO 530588 --- [onPool-worker-5] .t.t.s.TourGuideClientRewardsServiceImpl : Service - Distance calculated: 6444.326992495602
2021-11-27 20:34:21.203  INFO 530588 --- [onPool-worker-6] .t.t.s.TourGuideClientRewardsServiceImpl : Service - Distance calculated: 1200.856854929364
2021-11-27 20:34:21.203  INFO 530588 --- [onPool-worker-5] .t.t.s.TourGuideClientRewardsServiceImpl : Service - Distance calculated: 6424.124027505949
2021-11-27 20:34:21.203  INFO 530588 --- [nPool-worker-10] .t.t.s.TourGuideClientRewardsServiceImpl : Service - Distance calculated: 5176.45415913427
2021-11-27 20:34:21.203  INFO 530588 --- [onPool-worker-4] .t.t.s.TourGuideClientRewardsServiceImpl : Service - Distance calculated: 5501.627786565851
2021-11-27 20:34:21.203  INFO 530588 --- [onPool-worker-5] .t.t.s.TourGuideClientRewardsServiceImpl : Service - Distance calculated: 7200.565608911398
2021-11-27 20:34:21.203  INFO 530588 --- [onPool-worker-7] .t.t.s.TourGuideClientRewardsServiceImpl : Service - Distance calculated: 3460.144061681179
2021-11-27 20:34:21.203  INFO 530588 --- [onPool-worker-5] .t.t.s.TourGuideClientRewardsServiceImpl : Service - Distance calculated: 7519.486862685975
2021-11-27 20:34:21.203  INFO 530588 --- [nPool-worker-14] .t.t.s.TourGuideClientRewardsServiceImpl : Service - Distance calculated: 8631.345263654532
2021-11-27 20:34:21.203  INFO 530588 --- [onPool-worker-7] .t.t.s.TourGuideClientRewardsServiceImpl : Service - Distance calculated: 4425.192914371157
2021-11-27 20:34:21.203  INFO 530588 --- [nPool-worker-14] .t.t.s.TourGuideClientRewardsServiceImpl : Service - Distance calculated: 8713.197283567853
2021-11-27 20:34:21.203  INFO 530588 --- [nPool-worker-11] .t.t.s.TourGuideClientRewardsServiceImpl : Service - Distance calculated: 4740.669489450223
2021-11-27 20:34:21.203  INFO 530588 --- [onPool-worker-9] .t.t.s.TourGuideClientRewardsServiceImpl : Service - Distance calculated: 4413.0761572322
2021-11-27 20:34:21.203  INFO 530588 --- [nPool-worker-11] .t.t.s.TourGuideClientRewardsServiceImpl : Service - Distance calculated: 2386.7726505177325
2021-11-27 20:34:21.203  INFO 530588 --- [onPool-worker-1] .t.t.s.TourGuideClientRewardsServiceImpl : Service - Distance calculated: 8684.438750569141
2021-11-27 20:34:21.203  INFO 530588 --- [onPool-worker-9] .t.t.s.TourGuideClientRewardsServiceImpl : Service - Distance calculated: 5108.183464735173
2021-11-27 20:34:21.203  INFO 530588 --- [onPool-worker-3] .t.t.s.TourGuideClientRewardsServiceImpl : Service - Distance calculated: 2924.0300491755556
2021-11-27 20:34:21.203  INFO 530588 --- [onPool-worker-9] .t.t.s.TourGuideClientRewardsServiceImpl : Service - Distance calculated: 6616.9190480017305
2021-11-27 20:34:21.203  INFO 530588 --- [onPool-worker-1] .t.t.s.TourGuideClientRewardsServiceImpl : Service - Distance calculated: 9302.663094458829
2021-11-27 20:34:21.203  INFO 530588 --- [onPool-worker-3] .t.t.s.TourGuideClientRewardsServiceImpl : Service - Distance calculated: 4558.8580326659
2021-11-27 20:34:21.203  INFO 530588 --- [onPool-worker-6] .t.t.s.TourGuideClientRewardsServiceImpl : Service - Distance calculated: 4520.39934821362
2021-11-27 20:34:21.203  INFO 530588 --- [onPool-worker-3] .t.t.s.TourGuideClientRewardsServiceImpl : Service - Distance calculated: 5414.518050875533
2021-11-27 20:34:21.203  INFO 530588 --- [onPool-worker-6] .t.t.s.TourGuideClientRewardsServiceImpl : Service - Distance calculated: 4406.344467264221
2021-11-27 20:34:21.203  INFO 530588 --- [nPool-worker-10] .t.t.s.TourGuideClientRewardsServiceImpl : Service - Distance calculated: 5312.321021502397
2021-11-27 20:34:21.203  INFO 530588 --- [onPool-worker-6] .t.t.s.TourGuideClientRewardsServiceImpl : Service - Distance calculated: 4538.031041296464
2021-11-27 20:34:21.203  INFO 530588 --- [onPool-worker-6] .t.t.s.TourGuideClientRewardsServiceImpl : Service - Distance calculated: 5134.887449378671
2021-11-27 20:34:21.203  INFO 530588 --- [onPool-worker-4] .t.t.s.TourGuideClientRewardsServiceImpl : Service - Distance calculated: 4698.03952963404
2021-11-27 20:34:21.203  INFO 530588 --- [onPool-worker-6] .t.t.s.TourGuideClientRewardsServiceImpl : Service - Distance calculated: 4336.493752304177
2021-11-27 20:34:21.203  INFO 530588 --- [onPool-worker-5] .t.t.s.TourGuideClientRewardsServiceImpl : Service - Distance calculated: 7074.226729901738
2021-11-27 20:34:21.203  INFO 530588 --- [onPool-worker-4] .t.t.s.TourGuideClientRewardsServiceImpl : Service - Distance calculated: 3904.5841225295158
2021-11-27 20:34:21.203  INFO 530588 --- [onPool-worker-5] .t.t.s.TourGuideClientRewardsServiceImpl : Service - Distance calculated: 7345.924496809263
2021-11-27 20:34:21.203  INFO 530588 --- [onPool-worker-4] .t.t.s.TourGuideClientRewardsServiceImpl : Service - Distance calculated: 5337.484340828642
2021-11-27 20:34:21.203  INFO 530588 --- [onPool-worker-7] .t.t.s.TourGuideClientRewardsServiceImpl : Service - Distance calculated: 3048.053253745239
2021-11-27 20:34:21.203  INFO 530588 --- [onPool-worker-4] .t.t.s.TourGuideClientRewardsServiceImpl : Service - Distance calculated: 6305.3097714787455
2021-11-27 20:34:21.203  INFO 530588 --- [nPool-worker-14] .t.t.s.TourGuideClientRewardsServiceImpl : Service - Distance calculated: 8498.292405198188
2021-11-27 20:34:21.203  INFO 530588 --- [onPool-worker-7] .t.t.s.TourGuideClientRewardsServiceImpl : Service - Distance calculated: 3043.9061943887696
2021-11-27 20:34:21.203  INFO 530588 --- [nPool-worker-11] .t.t.s.TourGuideClientRewardsServiceImpl : Service - Distance calculated: 4525.816181317697
2021-11-27 20:34:21.203  INFO 530588 --- [nPool-worker-14] .t.t.s.TourGuideClientRewardsServiceImpl : Service - Distance calculated: 8599.827110711789
2021-11-27 20:34:21.203  INFO 530588 --- [onPool-worker-9] .t.t.s.TourGuideClientRewardsServiceImpl : Service - Distance calculated: 6269.932497991784
2021-11-27 20:34:21.203  INFO 530588 --- [nPool-worker-14] .t.t.s.TourGuideClientRewardsServiceImpl : Service - Distance calculated: 8892.842549680678
2021-11-27 20:34:21.203  INFO 530588 --- [nPool-worker-11] .t.t.s.TourGuideClientRewardsServiceImpl : Service - Distance calculated: 4568.720369580167
2021-11-27 20:34:21.203  INFO 530588 --- [onPool-worker-1] .t.t.s.TourGuideClientRewardsServiceImpl : Service - Distance calculated: 9070.944542430925
2021-11-27 20:34:21.203  INFO 530588 --- [nPool-worker-11] .t.t.s.TourGuideClientRewardsServiceImpl : Service - Distance calculated: 4645.951949949077
2021-11-27 20:34:21.203  INFO 530588 --- [onPool-worker-3] .t.t.s.TourGuideClientRewardsServiceImpl : Service - Distance calculated: 3355.5251404010764
2021-11-27 20:34:21.203  INFO 530588 --- [nPool-worker-10] .t.t.s.TourGuideClientRewardsServiceImpl : Service - Distance calculated: 5860.767410134687
2021-11-27 20:34:21.203  INFO 530588 --- [onPool-worker-6] .t.t.s.TourGuideClientRewardsServiceImpl : Service - Distance calculated: 4525.428631031792
2021-11-27 20:34:21.203  INFO 530588 --- [nPool-worker-10] .t.t.s.TourGuideClientRewardsServiceImpl : Service - Distance calculated: 4984.37478732341
2021-11-27 20:34:21.203  INFO 530588 --- [onPool-worker-6] .t.t.s.TourGuideClientRewardsServiceImpl : Service - Distance calculated: 4558.997402452169
2021-11-27 20:34:21.203  INFO 530588 --- [nPool-worker-10] .t.t.s.TourGuideClientRewardsServiceImpl : Service - Distance calculated: 5242.077185821913
2021-11-27 20:34:21.203  INFO 530588 --- [onPool-worker-5] .t.t.s.TourGuideClientRewardsServiceImpl : Service - Distance calculated: 6805.672490074881
2021-11-27 20:34:21.203  INFO 530588 --- [nPool-worker-10] .t.t.s.TourGuideClientRewardsServiceImpl : Service - Distance calculated: 5244.733525882228
2021-11-27 20:34:21.203  INFO 530588 --- [onPool-worker-4] .t.t.s.TourGuideClientRewardsServiceImpl : Service - Distance calculated: 4278.865351239352
2021-11-27 20:34:21.203  INFO 530588 --- [onPool-worker-5] .t.t.s.TourGuideClientRewardsServiceImpl : Service - Distance calculated: 7466.173924959697
2021-11-27 20:34:21.203  INFO 530588 --- [onPool-worker-7] .t.t.s.TourGuideClientRewardsServiceImpl : Service - Distance calculated: 6015.617422612255
2021-11-27 20:34:21.203  INFO 530588 --- [onPool-worker-4] .t.t.s.TourGuideClientRewardsServiceImpl : Service - Distance calculated: 5113.4317901191835
2021-11-27 20:34:21.203  INFO 530588 --- [onPool-worker-9] .t.t.s.TourGuideClientRewardsServiceImpl : Service - Distance calculated: 6482.55260285777
2021-11-27 20:34:21.203  INFO 530588 --- [onPool-worker-7] .t.t.s.TourGuideClientRewardsServiceImpl : Service - Distance calculated: 2707.6492609475645
2021-11-27 20:34:21.203  INFO 530588 --- [onPool-worker-4] .t.t.s.TourGuideClientRewardsServiceImpl : Service - Distance calculated: 6135.749891111996
2021-11-27 20:34:21.203  INFO 530588 --- [nPool-worker-14] .t.t.s.TourGuideClientRewardsServiceImpl : Service - Distance calculated: 8040.066638886963
2021-11-27 20:34:21.203  INFO 530588 --- [onPool-worker-7] .t.t.s.TourGuideClientRewardsServiceImpl : Service - Distance calculated: 2911.7893654138034
2021-11-27 20:34:21.203  INFO 530588 --- [onPool-worker-1] .t.t.s.TourGuideClientRewardsServiceImpl : Service - Distance calculated: 9512.999865398026
2021-11-27 20:34:21.203  INFO 530588 --- [onPool-worker-7] .t.t.s.TourGuideClientRewardsServiceImpl : Service - Distance calculated: 2763.511004470546
2021-11-27 20:34:21.203  INFO 530588 --- [onPool-worker-1] .t.t.s.TourGuideClientRewardsServiceImpl : Service - Distance calculated: 8770.022611562743
2021-11-27 20:34:21.203  INFO 530588 --- [nPool-worker-11] .t.t.s.TourGuideClientRewardsServiceImpl : Service - Distance calculated: 5463.116985654279
2021-11-27 20:34:21.203  INFO 530588 --- [onPool-worker-7] .t.t.s.TourGuideClientRewardsServiceImpl : Service - Distance calculated: 2580.999988658329
2021-11-27 20:34:21.203  INFO 530588 --- [onPool-worker-3] .t.t.s.TourGuideClientRewardsServiceImpl : Service - Distance calculated: 4187.493653676613
2021-11-27 20:34:21.203  INFO 530588 --- [nPool-worker-11] .t.t.s.TourGuideClientRewardsServiceImpl : Service - Distance calculated: 5116.490352221012
2021-11-27 20:34:21.203  INFO 530588 --- [onPool-worker-6] .t.t.s.TourGuideClientRewardsServiceImpl : Service - Distance calculated: 4489.970995178426
2021-11-27 20:34:21.203  INFO 530588 --- [onPool-worker-3] .t.t.s.TourGuideClientRewardsServiceImpl : Service - Distance calculated: 5252.165260839478
2021-11-27 20:34:21.203  INFO 530588 --- [nPool-worker-11] .t.t.s.TourGuideClientRewardsServiceImpl : Service - Distance calculated: 4991.589180911688
2021-11-27 20:34:21.203  INFO 530588 --- [nPool-worker-10] .t.t.s.TourGuideClientRewardsServiceImpl : Service - Distance calculated: 5232.665171431342
2021-11-27 20:34:21.204  INFO 530588 --- [onPool-worker-3] .t.t.s.TourGuideClientRewardsServiceImpl : Service - Distance calculated: 4618.202218703398
2021-11-27 20:34:21.204  INFO 530588 --- [onPool-worker-6] .t.t.s.TourGuideClientRewardsServiceImpl : Service - Distance calculated: 4367.70330499294
2021-11-27 20:34:21.204  INFO 530588 --- [onPool-worker-6] .t.t.s.TourGuideClientRewardsServiceImpl : Service - Distance calculated: 3498.9815280256025
2021-11-27 20:34:21.203  INFO 530588 --- [onPool-worker-5] .t.t.s.TourGuideClientRewardsServiceImpl : Service - Distance calculated: 7644.229663824065
2021-11-27 20:34:21.204  INFO 530588 --- [onPool-worker-6] .t.t.s.TourGuideClientRewardsServiceImpl : Service - Distance calculated: 4991.777474951481
2021-11-27 20:34:21.203  INFO 530588 --- [onPool-worker-4] .t.t.s.TourGuideClientRewardsServiceImpl : Service - Distance calculated: 5398.301251235426
2021-11-27 20:34:21.204  INFO 530588 --- [onPool-worker-6] .t.t.s.TourGuideClientRewardsServiceImpl : Service - Distance calculated: 4511.456400626626
2021-11-27 20:34:21.203  INFO 530588 --- [onPool-worker-9] .t.t.s.TourGuideClientRewardsServiceImpl : Service - Distance calculated: 6501.193559267619
2021-11-27 20:34:21.204  INFO 530588 --- [onPool-worker-4] .t.t.s.TourGuideClientRewardsServiceImpl : Service - Distance calculated: 8036.82514156718
2021-11-27 20:34:21.204  INFO 530588 --- [onPool-worker-6] .t.t.s.TourGuideClientRewardsServiceImpl : Service - Distance calculated: 3942.001421268846
2021-11-27 20:34:21.203  INFO 530588 --- [nPool-worker-14] .t.t.s.TourGuideClientRewardsServiceImpl : Service - Distance calculated: 8253.723557682806
2021-11-27 20:34:21.204  INFO 530588 --- [onPool-worker-9] .t.t.s.TourGuideClientRewardsServiceImpl : Service - Distance calculated: 5232.784079002197
2021-11-27 20:34:21.203  INFO 530588 --- [onPool-worker-1] .t.t.s.TourGuideClientRewardsServiceImpl : Service - Distance calculated: 7615.819219329687
2021-11-27 20:34:21.204  INFO 530588 --- [onPool-worker-9] .t.t.s.TourGuideClientRewardsServiceImpl : Service - Distance calculated: 5220.654943084755
2021-11-27 20:34:21.203  INFO 530588 --- [onPool-worker-7] .t.t.s.TourGuideClientRewardsServiceImpl : Service - Distance calculated: 3673.1789040663984
2021-11-27 20:34:21.204  INFO 530588 --- [onPool-worker-9] .t.t.s.TourGuideClientRewardsServiceImpl : Service - Distance calculated: 6170.455344604579
2021-11-27 20:34:21.204  INFO 530588 --- [nPool-worker-11] .t.t.s.TourGuideClientRewardsServiceImpl : Service - Distance calculated: 5159.9140792032385
2021-11-27 20:34:21.204  INFO 530588 --- [nPool-worker-10] .t.t.s.TourGuideClientRewardsServiceImpl : Service - Distance calculated: 5025.737034916705
2021-11-27 20:34:21.204  INFO 530588 --- [onPool-worker-3] .t.t.s.TourGuideClientRewardsServiceImpl : Service - Distance calculated: 5.8950310023474215E-5
2021-11-27 20:34:21.204  INFO 530588 --- [nPool-worker-11] .t.t.s.TourGuideClientRewardsServiceImpl : Service - Distance calculated: 4822.319004071343
2021-11-27 20:34:21.204  INFO 530588 --- [nPool-worker-10] .t.t.s.TourGuideClientRewardsServiceImpl : Service - Distance calculated: 4031.433967869085
2021-11-27 20:34:21.204  INFO 530588 --- [nPool-worker-11] .t.t.s.TourGuideClientRewardsServiceImpl : Service - Distance calculated: 5106.262259892169
2021-11-27 20:34:21.204  INFO 530588 --- [onPool-worker-5] .t.t.s.TourGuideClientRewardsServiceImpl : Service - Distance calculated: 7219.256395834893
2021-11-27 20:34:21.204  INFO 530588 --- [nPool-worker-10] .t.t.s.TourGuideClientRewardsServiceImpl : Service - Distance calculated: 5710.849689481767
2021-11-27 20:34:21.204  INFO 530588 --- [onPool-worker-4] .t.t.s.TourGuideClientRewardsServiceImpl : Service - Distance calculated: 8710.565672984589
2021-11-27 20:34:21.204  INFO 530588 --- [nPool-worker-10] .t.t.s.TourGuideClientRewardsServiceImpl : Service - Distance calculated: 5305.80737858064
2021-11-27 20:34:21.204  INFO 530588 --- [onPool-worker-6] .t.t.s.TourGuideClientRewardsServiceImpl : Service - Distance calculated: 3971.501305712855
2021-11-27 20:34:21.204  INFO 530588 --- [nPool-worker-10] .t.t.s.TourGuideClientRewardsServiceImpl : Service - Distance calculated: 4544.190272498235
2021-11-27 20:34:21.204  INFO 530588 --- [onPool-worker-4] .t.t.s.TourGuideClientRewardsServiceImpl : Service - Distance calculated: 8127.26454518698
2021-11-27 20:34:21.204  INFO 530588 --- [nPool-worker-10] .t.t.s.TourGuideClientRewardsServiceImpl : Service - Distance calculated: 4684.072849689454
2021-11-27 20:34:21.204  INFO 530588 --- [onPool-worker-6] .t.t.s.TourGuideClientRewardsServiceImpl : Service - Distance calculated: 4517.2913923998585
2021-11-27 20:34:21.204  INFO 530588 --- [onPool-worker-4] .t.t.s.TourGuideClientRewardsServiceImpl : Service - Distance calculated: 8040.380810620422
2021-11-27 20:34:21.204  INFO 530588 --- [nPool-worker-10] .t.t.s.TourGuideClientRewardsServiceImpl : Service - Distance calculated: 5303.646578298883
2021-11-27 20:34:21.204  INFO 530588 --- [onPool-worker-6] .t.t.s.TourGuideClientRewardsServiceImpl : Service - Distance calculated: 4997.701285356448
2021-11-27 20:34:21.204  INFO 530588 --- [onPool-worker-4] .t.t.s.TourGuideClientRewardsServiceImpl : Service - Distance calculated: 8217.145696144411
2021-11-27 20:34:21.204  INFO 530588 --- [nPool-worker-14] .t.t.s.TourGuideClientRewardsServiceImpl : Service - Distance calculated: 6390.551646110977
2021-11-27 20:34:21.204  INFO 530588 --- [onPool-worker-4] .t.t.s.TourGuideClientRewardsServiceImpl : Service - Distance calculated: 8115.357691655134
2021-11-27 20:34:21.204  INFO 530588 --- [onPool-worker-1] .t.t.s.TourGuideClientRewardsServiceImpl : Service - Distance calculated: 9570.45182549182
2021-11-27 20:34:21.204  INFO 530588 --- [onPool-worker-4] .t.t.s.TourGuideClientRewardsServiceImpl : Service - Distance calculated: 7899.851301431648
2021-11-27 20:34:21.204  INFO 530588 --- [onPool-worker-9] .t.t.s.TourGuideClientRewardsServiceImpl : Service - Distance calculated: 4798.37046183369
2021-11-27 20:34:21.204  INFO 530588 --- [onPool-worker-4] .t.t.s.TourGuideClientRewardsServiceImpl : Service - Distance calculated: 8527.169518530545
2021-11-27 20:34:21.204  INFO 530588 --- [onPool-worker-9] .t.t.s.TourGuideClientRewardsServiceImpl : Service - Distance calculated: 4804.027426486533
2021-11-27 20:34:21.204  INFO 530588 --- [onPool-worker-7] .t.t.s.TourGuideClientRewardsServiceImpl : Service - Distance calculated: 3132.555234402524
2021-11-27 20:34:21.204  INFO 530588 --- [onPool-worker-4] .t.t.s.TourGuideClientRewardsServiceImpl : Service - Distance calculated: 8326.980804499237
2021-11-27 20:34:21.204  INFO 530588 --- [onPool-worker-7] .t.t.s.TourGuideClientRewardsServiceImpl : Service - Distance calculated: 3290.3096759619716
2021-11-27 20:34:21.204  INFO 530588 --- [nPool-worker-11] .t.t.s.TourGuideClientRewardsServiceImpl : Service - Distance calculated: 4731.871717458026
2021-11-27 20:34:21.204  INFO 530588 --- [onPool-worker-7] .t.t.s.TourGuideClientRewardsServiceImpl : Service - Distance calculated: 3003.9571900290266
2021-11-27 20:34:21.204  INFO 530588 --- [onPool-worker-5] .t.t.s.TourGuideClientRewardsServiceImpl : Service - Distance calculated: 6047.064378127724
2021-11-27 20:34:21.204  INFO 530588 --- [onPool-worker-7] .t.t.s.TourGuideClientRewardsServiceImpl : Service - Distance calculated: 3594.4114242552746
2021-11-27 20:34:21.204  INFO 530588 --- [nPool-worker-10] .t.t.s.TourGuideClientRewardsServiceImpl : Service - Distance calculated: 5722.464919035516
2021-11-27 20:34:21.204  INFO 530588 --- [onPool-worker-7] .t.t.s.TourGuideClientRewardsServiceImpl : Service - Distance calculated: 4822.182423145469
2021-11-27 20:34:21.204  INFO 530588 --- [onPool-worker-5] .t.t.s.TourGuideClientRewardsServiceImpl : Service - Distance calculated: 7591.0343984204155
2021-11-27 20:34:21.204  INFO 530588 --- [nPool-worker-14] .t.t.s.TourGuideClientRewardsServiceImpl : Service - Distance calculated: 7769.892537252821
2021-11-27 20:34:21.204  INFO 530588 --- [onPool-worker-5] .t.t.s.TourGuideClientRewardsServiceImpl : Service - Distance calculated: 6894.505532220371
2021-11-27 20:34:21.204  INFO 530588 --- [nPool-worker-14] .t.t.s.TourGuideClientRewardsServiceImpl : Service - Distance calculated: 7969.836025817827
2021-11-27 20:34:21.204  INFO 530588 --- [onPool-worker-6] .t.t.s.TourGuideClientRewardsServiceImpl : Service - Distance calculated: 5.8950310023474215E-5
2021-11-27 20:34:21.204  INFO 530588 --- [onPool-worker-1] .t.t.s.TourGuideClientRewardsServiceImpl : Service - Distance calculated: 10113.741980158773
2021-11-27 20:34:21.204  INFO 530588 --- [onPool-worker-3] .t.t.s.TourGuideClientRewardsServiceImpl : Service - Distance calculated: 774.5207212649109
2021-11-27 20:34:21.204  INFO 530588 --- [onPool-worker-9] .t.t.s.TourGuideClientRewardsServiceImpl : Service - Distance calculated: 7618.414621246022
2021-11-27 20:34:21.204  INFO 530588 --- [onPool-worker-3] .t.t.s.TourGuideClientRewardsServiceImpl : Service - Distance calculated: 164.91310606753288
2021-11-27 20:34:21.204  INFO 530588 --- [onPool-worker-4] .t.t.s.TourGuideClientRewardsServiceImpl : Service - Distance calculated: 10008.377766401258
2021-11-27 20:34:21.204  INFO 530588 --- [onPool-worker-3] .t.t.s.TourGuideClientRewardsServiceImpl : Service - Distance calculated: 115.99464245531166
2021-11-27 20:34:21.204  INFO 530588 --- [onPool-worker-9] .t.t.s.TourGuideClientRewardsServiceImpl : Service - Distance calculated: 4433.419753378575
2021-11-27 20:34:21.204  INFO 530588 --- [onPool-worker-3] .t.t.s.TourGuideClientRewardsServiceImpl : Service - Distance calculated: 1428.8577204882306
2021-11-27 20:34:21.204  INFO 530588 --- [onPool-worker-9] .t.t.s.TourGuideClientRewardsServiceImpl : Service - Distance calculated: 4657.154879464023
2021-11-27 20:34:21.204  INFO 530588 --- [onPool-worker-3] .t.t.s.TourGuideClientRewardsServiceImpl : Service - Distance calculated: 1418.571827418631
2021-11-27 20:34:21.204  INFO 530588 --- [onPool-worker-9] .t.t.s.TourGuideClientRewardsServiceImpl : Service - Distance calculated: 4508.490564855057
2021-11-27 20:34:21.204  INFO 530588 --- [onPool-worker-3] .t.t.s.TourGuideClientRewardsServiceImpl : Service - Distance calculated: 460.11990361699293
2021-11-27 20:34:21.204  INFO 530588 --- [nPool-worker-11] .t.t.s.TourGuideClientRewardsServiceImpl : Service - Distance calculated: 5375.7823620191775
2021-11-27 20:34:21.204  INFO 530588 --- [nPool-worker-10] .t.t.s.TourGuideClientRewardsServiceImpl : Service - Distance calculated: 7021.186399352524
2021-11-27 20:34:21.204  INFO 530588 --- [onPool-worker-7] .t.t.s.TourGuideClientRewardsServiceImpl : Service - Distance calculated: 2740.891033108085
2021-11-27 20:34:21.204  INFO 530588 --- [nPool-worker-10] .t.t.s.TourGuideClientRewardsServiceImpl : Service - Distance calculated: 6610.270520135778
2021-11-27 20:34:21.204  INFO 530588 --- [onPool-worker-5] .t.t.s.TourGuideClientRewardsServiceImpl : Service - Distance calculated: 6215.851981232956
2021-11-27 20:34:21.204  INFO 530588 --- [onPool-worker-7] .t.t.s.TourGuideClientRewardsServiceImpl : Service - Distance calculated: 2664.793644401465
2021-11-27 20:34:21.204  INFO 530588 --- [onPool-worker-7] .t.t.s.TourGuideClientRewardsServiceImpl : Service - Distance calculated: 4196.236323389551
2021-11-27 20:34:21.204  INFO 530588 --- [nPool-worker-14] .t.t.s.TourGuideClientRewardsServiceImpl : Service - Distance calculated: 7963.577095883739
2021-11-27 20:34:21.204  INFO 530588 --- [onPool-worker-7] .t.t.s.TourGuideClientRewardsServiceImpl : Service - Distance calculated: 3621.5819231185264
2021-11-27 20:34:21.204  INFO 530588 --- [onPool-worker-1] .t.t.s.TourGuideClientRewardsServiceImpl : Service - Distance calculated: 8201.092486079355
2021-11-27 20:34:21.204  INFO 530588 --- [nPool-worker-14] .t.t.s.TourGuideClientRewardsServiceImpl : Service - Distance calculated: 8762.401870695141
2021-11-27 20:34:21.204  INFO 530588 --- [onPool-worker-4] .t.t.s.TourGuideClientRewardsServiceImpl : Service - Distance calculated: 8622.81701980044
2021-11-27 20:34:21.204  INFO 530588 --- [onPool-worker-1] .t.t.s.TourGuideClientRewardsServiceImpl : Service - Distance calculated: 8933.995879955019
2021-11-27 20:34:21.204  INFO 530588 --- [onPool-worker-9] .t.t.s.TourGuideClientRewardsServiceImpl : Service - Distance calculated: 4327.60297701397
2021-11-27 20:34:21.204  INFO 530588 --- [onPool-worker-4] .t.t.s.TourGuideClientRewardsServiceImpl : Service - Distance calculated: 8538.142452153572
2021-11-27 20:34:21.204  INFO 530588 --- [onPool-worker-3] .t.t.s.TourGuideClientRewardsServiceImpl : Service - Distance calculated: 1992.7911930022951
2021-11-27 20:34:21.204  INFO 530588 --- [onPool-worker-9] .t.t.s.TourGuideClientRewardsServiceImpl : Service - Distance calculated: 5417.120611195491
2021-11-27 20:34:21.204  INFO 530588 --- [nPool-worker-11] .t.t.s.TourGuideClientRewardsServiceImpl : Service - Distance calculated: 4422.357109489745
2021-11-27 20:34:21.204  INFO 530588 --- [onPool-worker-3] .t.t.s.TourGuideClientRewardsServiceImpl : Service - Distance calculated: 1906.7972782801585
2021-11-27 20:34:21.204  INFO 530588 --- [nPool-worker-10] .t.t.s.TourGuideClientRewardsServiceImpl : Service - Distance calculated: 7011.926479764661
2021-11-27 20:34:21.204  INFO 530588 --- [onPool-worker-3] .t.t.s.TourGuideClientRewardsServiceImpl : Service - Distance calculated: 2360.645624935619
2021-11-27 20:34:21.204  INFO 530588 --- [onPool-worker-6] .t.t.s.TourGuideClientRewardsServiceImpl : Service - Distance calculated: 774.5207212649109
2021-11-27 20:34:21.204  INFO 530588 --- [onPool-worker-3] .t.t.s.TourGuideClientRewardsServiceImpl : Service - Distance calculated: 2434.494471527265
2021-11-27 20:34:21.204  INFO 530588 --- [nPool-worker-10] .t.t.s.TourGuideClientRewardsServiceImpl : Service - Distance calculated: 7076.462031683413
2021-11-27 20:34:21.204  INFO 530588 --- [onPool-worker-3] .t.t.s.TourGuideClientRewardsServiceImpl : Service - Distance calculated: 2148.3967563579567
2021-11-27 20:34:21.204  INFO 530588 --- [onPool-worker-6] .t.t.s.TourGuideClientRewardsServiceImpl : Service - Distance calculated: 164.91310606753288
2021-11-27 20:34:21.204  INFO 530588 --- [onPool-worker-5] .t.t.s.TourGuideClientRewardsServiceImpl : Service - Distance calculated: 7165.654800679634
2021-11-27 20:34:21.204  INFO 530588 --- [onPool-worker-3] .t.t.s.TourGuideClientRewardsServiceImpl : Service - Distance calculated: 2282.746325565392
2021-11-27 20:34:21.204  INFO 530588 --- [onPool-worker-5] .t.t.s.TourGuideClientRewardsServiceImpl : Service - Distance calculated: 5011.670209315312
2021-11-27 20:34:21.204  INFO 530588 --- [onPool-worker-3] .t.t.s.TourGuideClientRewardsServiceImpl : Service - Distance calculated: 2289.4339721013357
2021-11-27 20:34:21.204  INFO 530588 --- [onPool-worker-5] .t.t.s.TourGuideClientRewardsServiceImpl : Service - Distance calculated: 5786.169784433971
2021-11-27 20:34:21.204  INFO 530588 --- [onPool-worker-3] .t.t.s.TourGuideClientRewardsServiceImpl : Service - Distance calculated: 1204.372289719331
2021-11-27 20:34:21.204  INFO 530588 --- [onPool-worker-7] .t.t.s.TourGuideClientRewardsServiceImpl : Service - Distance calculated: 2707.671218068839
2021-11-27 20:34:21.204  INFO 530588 --- [onPool-worker-5] .t.t.s.TourGuideClientRewardsServiceImpl : Service - Distance calculated: 5156.579109707123
2021-11-27 20:34:21.204  INFO 530588 --- [onPool-worker-3] .t.t.s.TourGuideClientRewardsServiceImpl : Service - Distance calculated: 1742.5694022642394
2021-11-27 20:34:21.204  INFO 530588 --- [onPool-worker-5] .t.t.s.TourGuideClientRewardsServiceImpl : Service - Distance calculated: 5069.579828411126
2021-11-27 20:34:21.204  INFO 530588 --- [onPool-worker-7] .t.t.s.TourGuideClientRewardsServiceImpl : Service - Distance calculated: 2696.914135996947
2021-11-27 20:34:21.204  INFO 530588 --- [onPool-worker-5] .t.t.s.TourGuideClientRewardsServiceImpl : Service - Distance calculated: 5966.4175578952645
2021-11-27 20:34:21.204  INFO 530588 --- [nPool-worker-14] .t.t.s.TourGuideClientRewardsServiceImpl : Service - Distance calculated: 8949.53683804413
2021-11-27 20:34:21.204  INFO 530588 --- [onPool-worker-5] .t.t.s.TourGuideClientRewardsServiceImpl : Service - Distance calculated: 5882.944163282581
2021-11-27 20:34:21.204  INFO 530588 --- [nPool-worker-14] .t.t.s.TourGuideClientRewardsServiceImpl : Service - Distance calculated: 8580.703870572119
2021-11-27 20:34:21.204  INFO 530588 --- [onPool-worker-1] .t.t.s.TourGuideClientRewardsServiceImpl : Service - Distance calculated: 10005.952178862037
2021-11-27 20:34:21.204  INFO 530588 --- [nPool-worker-14] .t.t.s.TourGuideClientRewardsServiceImpl : Service - Distance calculated: 8837.137818363071
2021-11-27 20:34:21.204  INFO 530588 --- [onPool-worker-4] .t.t.s.TourGuideClientRewardsServiceImpl : Service - Distance calculated: 8480.606238906505
2021-11-27 20:34:21.204  INFO 530588 --- [nPool-worker-14] .t.t.s.TourGuideClientRewardsServiceImpl : Service - Distance calculated: 8323.541179967455
2021-11-27 20:34:21.204  INFO 530588 --- [onPool-worker-1] .t.t.s.TourGuideClientRewardsServiceImpl : Service - Distance calculated: 9627.365830790186
2021-11-27 20:34:21.204  INFO 530588 --- [nPool-worker-14] .t.t.s.TourGuideClientRewardsServiceImpl : Service - Distance calculated: 8909.732271578634
2021-11-27 20:34:21.204  INFO 530588 --- [onPool-worker-9] .t.t.s.TourGuideClientRewardsServiceImpl : Service - Distance calculated: 4893.11561310592
2021-11-27 20:34:21.204  INFO 530588 --- [nPool-worker-14] .t.t.s.TourGuideClientRewardsServiceImpl : Service - Distance calculated: 8777.100206510959
2021-11-27 20:34:21.204  INFO 530588 --- [nPool-worker-11] .t.t.s.TourGuideClientRewardsServiceImpl : Service - Distance calculated: 4928.526407691096
2021-11-27 20:34:21.204  INFO 530588 --- [onPool-worker-1] .t.t.s.TourGuideClientRewardsServiceImpl : Service - Distance calculated: 5.8950310023474215E-5
2021-11-27 20:34:21.204  INFO 530588 --- [nPool-worker-10] .t.t.s.TourGuideClientRewardsServiceImpl : Service - Distance calculated: 7409.398339288986
2021-11-27 20:34:21.204  INFO 530588 --- [nPool-worker-11] .t.t.s.TourGuideClientRewardsServiceImpl : Service - Distance calculated: 4546.883321612052
2021-11-27 20:34:21.204  INFO 530588 --- [onPool-worker-6] .t.t.s.TourGuideClientRewardsServiceImpl : Service - Distance calculated: 115.99464245531166
2021-11-27 20:34:21.204  INFO 530588 --- [nPool-worker-11] .t.t.s.TourGuideClientRewardsServiceImpl : Service - Distance calculated: 4518.322259104134
2021-11-27 20:34:21.204  INFO 530588 --- [nPool-worker-10] .t.t.s.TourGuideClientRewardsServiceImpl : Service - Distance calculated: 7505.08478958421
2021-11-27 20:34:21.204  INFO 530588 --- [nPool-worker-11] .t.t.s.TourGuideClientRewardsServiceImpl : Service - Distance calculated: 5351.760854212442
2021-11-27 20:34:21.204  INFO 530588 --- [onPool-worker-6] .t.t.s.TourGuideClientRewardsServiceImpl : Service - Distance calculated: 1428.8577204882306
2021-11-27 20:34:21.204  INFO 530588 --- [nPool-worker-11] .t.t.s.TourGuideClientRewardsServiceImpl : Service - Distance calculated: 5.8950310023474215E-5
2021-11-27 20:34:21.204  INFO 530588 --- [onPool-worker-6] .t.t.s.TourGuideClientRewardsServiceImpl : Service - Distance calculated: 1418.571827418631
2021-11-27 20:34:21.204  INFO 530588 --- [onPool-worker-3] .t.t.s.TourGuideClientRewardsServiceImpl : Service - Distance calculated: 1576.7472428725728
2021-11-27 20:34:21.204  INFO 530588 --- [onPool-worker-6] .t.t.s.TourGuideClientRewardsServiceImpl : Service - Distance calculated: 460.11990361699293
2021-11-27 20:34:21.204  INFO 530588 --- [onPool-worker-3] .t.t.s.TourGuideClientRewardsServiceImpl : Service - Distance calculated: 1921.4807999190489
2021-11-27 20:34:21.204  INFO 530588 --- [onPool-worker-3] .t.t.s.TourGuideClientRewardsServiceImpl : Service - Distance calculated: 1277.6245433336508
2021-11-27 20:34:21.204  INFO 530588 --- [onPool-worker-7] .t.t.s.TourGuideClientRewardsServiceImpl : Service - Distance calculated: 8036.30366778823
2021-11-27 20:34:21.204  INFO 530588 --- [onPool-worker-3] .t.t.s.TourGuideClientRewardsServiceImpl : Service - Distance calculated: 87.03441722159666
2021-11-27 20:34:21.204  INFO 530588 --- [onPool-worker-5] .t.t.s.TourGuideClientRewardsServiceImpl : Service - Distance calculated: 5113.303155712928
2021-11-27 20:34:21.204  INFO 530588 --- [onPool-worker-4] .t.t.s.TourGuideClientRewardsServiceImpl : Service - Distance calculated: 7639.45974483293
2021-11-27 20:34:21.204  INFO 530588 --- [onPool-worker-9] .t.t.s.TourGuideClientRewardsServiceImpl : Service - Distance calculated: 5040.172177266806
2021-11-27 20:34:21.205  INFO 530588 --- [onPool-worker-4] .t.t.s.TourGuideClientRewardsServiceImpl : Service - Distance calculated: 7810.63003515842
2021-11-27 20:34:21.204  INFO 530588 --- [nPool-worker-14] .t.t.s.TourGuideClientRewardsServiceImpl : Service - Distance calculated: 8770.344685145925
2021-11-27 20:34:21.205  INFO 530588 --- [onPool-worker-1] .t.t.s.TourGuideClientRewardsServiceImpl : Service - Distance calculated: 774.5207212649109
2021-11-27 20:34:21.205  INFO 530588 --- [nPool-worker-14] .t.t.s.TourGuideClientRewardsServiceImpl : Service - Distance calculated: 7595.379085851297
2021-11-27 20:34:21.205  INFO 530588 --- [onPool-worker-1] .t.t.s.TourGuideClientRewardsServiceImpl : Service - Distance calculated: 164.91310606753288
2021-11-27 20:34:21.205  INFO 530588 --- [nPool-worker-14] .t.t.s.TourGuideClientRewardsServiceImpl : Service - Distance calculated: 8903.54467131379
2021-11-27 20:34:21.205  INFO 530588 --- [onPool-worker-1] .t.t.s.TourGuideClientRewardsServiceImpl : Service - Distance calculated: 115.99464245531166
2021-11-27 20:34:21.205  INFO 530588 --- [nPool-worker-14] .t.t.s.TourGuideClientRewardsServiceImpl : Service - Distance calculated: 8322.035302058444
2021-11-27 20:34:21.205  INFO 530588 --- [onPool-worker-1] .t.t.s.TourGuideClientRewardsServiceImpl : Service - Distance calculated: 1428.8577204882306
2021-11-27 20:34:21.205  INFO 530588 --- [nPool-worker-14] .t.t.s.TourGuideClientRewardsServiceImpl : Service - Distance calculated: 7760.0801909777365
2021-11-27 20:34:21.204  INFO 530588 --- [nPool-worker-10] .t.t.s.TourGuideClientRewardsServiceImpl : Service - Distance calculated: 7352.307432261929
2021-11-27 20:34:21.205  INFO 530588 --- [nPool-worker-14] .t.t.s.TourGuideClientRewardsServiceImpl : Service - Distance calculated: 8719.025585915508
2021-11-27 20:34:21.204  INFO 530588 --- [onPool-worker-6] .t.t.s.TourGuideClientRewardsServiceImpl : Service - Distance calculated: 1992.7911930022951
2021-11-27 20:34:21.205  INFO 530588 --- [nPool-worker-10] .t.t.s.TourGuideClientRewardsServiceImpl : Service - Distance calculated: 7209.574843020095
2021-11-27 20:34:21.205  INFO 530588 --- [nPool-worker-10] .t.t.s.TourGuideClientRewardsServiceImpl : Service - Distance calculated: 7397.468972653703
2021-11-27 20:34:21.205  INFO 530588 --- [onPool-worker-3] .t.t.s.TourGuideClientRewardsServiceImpl : Service - Distance calculated: 2127.2478407793283
2021-11-27 20:34:21.205  INFO 530588 --- [nPool-worker-10] .t.t.s.TourGuideClientRewardsServiceImpl : Service - Distance calculated: 4667.495757838155
2021-11-27 20:34:21.205  INFO 530588 --- [onPool-worker-3] .t.t.s.TourGuideClientRewardsServiceImpl : Service - Distance calculated: 2578.910516018122
2021-11-27 20:34:21.205  INFO 530588 --- [nPool-worker-10] .t.t.s.TourGuideClientRewardsServiceImpl : Service - Distance calculated: 7148.35303252741
2021-11-27 20:34:21.205  INFO 530588 --- [onPool-worker-7] .t.t.s.TourGuideClientRewardsServiceImpl : Service - Distance calculated: 8071.129257123609
2021-11-27 20:34:21.205  INFO 530588 --- [onPool-worker-3] .t.t.s.TourGuideClientRewardsServiceImpl : Service - Distance calculated: 680.6158831369517
2021-11-27 20:34:21.205  INFO 530588 --- [onPool-worker-5] .t.t.s.TourGuideClientRewardsServiceImpl : Service - Distance calculated: 6565.921800887816
2021-11-27 20:34:21.205  INFO 530588 --- [onPool-worker-3] .t.t.s.TourGuideClientRewardsServiceImpl : Service - Distance calculated: 1344.090272349311
2021-11-27 20:34:21.205  INFO 530588 --- [onPool-worker-9] .t.t.s.TourGuideClientRewardsServiceImpl : Service - Distance calculated: 4765.666480108993
2021-11-27 20:34:21.205  INFO 530588 --- [onPool-worker-3] .t.t.s.TourGuideClientRewardsServiceImpl : Service - Distance calculated: 2440.177336041544
2021-11-27 20:34:21.205  INFO 530588 --- [onPool-worker-4] .t.t.s.TourGuideClientRewardsServiceImpl : Service - Distance calculated: 8043.191645381817
2021-11-27 20:34:21.205  INFO 530588 --- [onPool-worker-3] .t.t.s.TourGuideClientRewardsServiceImpl : Service - Distance calculated: 2168.830527042806
2021-11-27 20:34:21.205  INFO 530588 --- [onPool-worker-4] .t.t.s.TourGuideClientRewardsServiceImpl : Service - Distance calculated: 7837.775320224607
2021-11-27 20:34:21.205  INFO 530588 --- [onPool-worker-1] .t.t.s.TourGuideClientRewardsServiceImpl : Service - Distance calculated: 1418.571827418631
2021-11-27 20:34:21.205  INFO 530588 --- [onPool-worker-6] .t.t.s.TourGuideClientRewardsServiceImpl : Service - Distance calculated: 1906.7972782801585
2021-11-27 20:34:21.205  INFO 530588 --- [onPool-worker-1] .t.t.s.TourGuideClientRewardsServiceImpl : Service - Distance calculated: 460.11990361699293
2021-11-27 20:34:21.205  INFO 530588 --- [onPool-worker-6] .t.t.s.TourGuideClientRewardsServiceImpl : Service - Distance calculated: 2360.645624935619
2021-11-27 20:34:21.205  INFO 530588 --- [onPool-worker-1] .t.t.s.TourGuideClientRewardsServiceImpl : Service - Distance calculated: 1992.7911930022951
2021-11-27 20:34:21.205  INFO 530588 --- [onPool-worker-6] .t.t.s.TourGuideClientRewardsServiceImpl : Service - Distance calculated: 2434.494471527265
2021-11-27 20:34:21.205  INFO 530588 --- [onPool-worker-1] .t.t.s.TourGuideClientRewardsServiceImpl : Service - Distance calculated: 1906.7972782801585
2021-11-27 20:34:21.205  INFO 530588 --- [nPool-worker-14] .t.t.s.TourGuideClientRewardsServiceImpl : Service - Distance calculated: 5.8950310023474215E-5
2021-11-27 20:34:21.205  INFO 530588 --- [onPool-worker-1] .t.t.s.TourGuideClientRewardsServiceImpl : Service - Distance calculated: 2360.645624935619
2021-11-27 20:34:21.205  INFO 530588 --- [onPool-worker-1] .t.t.s.TourGuideClientRewardsServiceImpl : Service - Distance calculated: 2434.494471527265
2021-11-27 20:34:21.205  INFO 530588 --- [onPool-worker-1] .t.t.s.TourGuideClientRewardsServiceImpl : Service - Distance calculated: 2148.3967563579567
2021-11-27 20:34:21.205  INFO 530588 --- [onPool-worker-1] .t.t.s.TourGuideClientRewardsServiceImpl : Service - Distance calculated: 2282.746325565392
2021-11-27 20:34:21.205  INFO 530588 --- [nPool-worker-11] .t.t.s.TourGuideClientRewardsServiceImpl : Service - Distance calculated: 774.5207212649109
2021-11-27 20:34:21.205  INFO 530588 --- [onPool-worker-1] .t.t.s.TourGuideClientRewardsServiceImpl : Service - Distance calculated: 2289.4339721013357
2021-11-27 20:34:21.205  INFO 530588 --- [onPool-worker-1] .t.t.s.TourGuideClientRewardsServiceImpl : Service - Distance calculated: 1204.372289719331
2021-11-27 20:34:21.205  INFO 530588 --- [nPool-worker-11] .t.t.s.TourGuideClientRewardsServiceImpl : Service - Distance calculated: 164.91310606753288
2021-11-27 20:34:21.205  INFO 530588 --- [onPool-worker-1] .t.t.s.TourGuideClientRewardsServiceImpl : Service - Distance calculated: 1742.5694022642394
2021-11-27 20:34:21.205  INFO 530588 --- [nPool-worker-11] .t.t.s.TourGuideClientRewardsServiceImpl : Service - Distance calculated: 115.99464245531166
2021-11-27 20:34:21.205  INFO 530588 --- [onPool-worker-1] .t.t.s.TourGuideClientRewardsServiceImpl : Service - Distance calculated: 1576.7472428725728
2021-11-27 20:34:21.205  INFO 530588 --- [nPool-worker-11] .t.t.s.TourGuideClientRewardsServiceImpl : Service - Distance calculated: 1428.8577204882306
2021-11-27 20:34:21.205  INFO 530588 --- [onPool-worker-1] .t.t.s.TourGuideClientRewardsServiceImpl : Service - Distance calculated: 1921.4807999190489
2021-11-27 20:34:21.205  INFO 530588 --- [nPool-worker-11] .t.t.s.TourGuideClientRewardsServiceImpl : Service - Distance calculated: 1418.571827418631
2021-11-27 20:34:21.205  INFO 530588 --- [onPool-worker-1] .t.t.s.TourGuideClientRewardsServiceImpl : Service - Distance calculated: 1277.6245433336508
2021-11-27 20:34:21.205  INFO 530588 --- [nPool-worker-14] .t.t.s.TourGuideClientRewardsServiceImpl : Service - Distance calculated: 774.5207212649109
2021-11-27 20:34:21.205  INFO 530588 --- [onPool-worker-1] .t.t.s.TourGuideClientRewardsServiceImpl : Service - Distance calculated: 87.03441722159666
2021-11-27 20:34:21.205  INFO 530588 --- [nPool-worker-14] .t.t.s.TourGuideClientRewardsServiceImpl : Service - Distance calculated: 164.91310606753288
2021-11-27 20:34:21.205  INFO 530588 --- [onPool-worker-1] .t.t.s.TourGuideClientRewardsServiceImpl : Service - Distance calculated: 2127.2478407793283
2021-11-27 20:34:21.205  INFO 530588 --- [nPool-worker-10] .t.t.s.TourGuideClientRewardsServiceImpl : Service - Distance calculated: 7215.940425285319
2021-11-27 20:34:21.205  INFO 530588 --- [onPool-worker-1] .t.t.s.TourGuideClientRewardsServiceImpl : Service - Distance calculated: 2578.910516018122
2021-11-27 20:34:21.205  INFO 530588 --- [nPool-worker-10] .t.t.s.TourGuideClientRewardsServiceImpl : Service - Distance calculated: 7283.919857035793
2021-11-27 20:34:21.205  INFO 530588 --- [onPool-worker-1] .t.t.s.TourGuideClientRewardsServiceImpl : Service - Distance calculated: 680.6158831369517
2021-11-27 20:34:21.205  INFO 530588 --- [nPool-worker-10] .t.t.s.TourGuideClientRewardsServiceImpl : Service - Distance calculated: 8114.140992280538
2021-11-27 20:34:21.205  INFO 530588 --- [onPool-worker-1] .t.t.s.TourGuideClientRewardsServiceImpl : Service - Distance calculated: 1344.090272349311
2021-11-27 20:34:21.205  INFO 530588 --- [onPool-worker-1] .t.t.s.TourGuideClientRewardsServiceImpl : Service - Distance calculated: 2440.177336041544
2021-11-27 20:34:21.205  INFO 530588 --- [onPool-worker-1] .t.t.s.TourGuideClientRewardsServiceImpl : Service - Distance calculated: 2168.830527042806
2021-11-27 20:34:21.205  INFO 530588 --- [onPool-worker-1] .t.t.s.TourGuideClientRewardsServiceImpl : Service - Calculate rewards points for user: internalUser94
2021-11-27 20:34:21.205  INFO 530588 --- [onPool-worker-7] .t.t.s.TourGuideClientRewardsServiceImpl : Service - Distance calculated: 7970.803444682493
2021-11-27 20:34:21.205  INFO 530588 --- [onPool-worker-5] .t.t.s.TourGuideClientRewardsServiceImpl : Service - Distance calculated: 6372.688707116098
2021-11-27 20:34:21.205  INFO 530588 --- [onPool-worker-7] .t.t.s.TourGuideClientRewardsServiceImpl : Service - Distance calculated: 7941.647188990776
2021-11-27 20:34:21.205  INFO 530588 --- [onPool-worker-9] .t.t.s.TourGuideClientRewardsServiceImpl : Service - Distance calculated: 5340.9198834922745
2021-11-27 20:34:21.205  INFO 530588 --- [onPool-worker-7] .t.t.s.TourGuideClientRewardsServiceImpl : Service - Distance calculated: 6993.742414273307
2021-11-27 20:34:21.205  INFO 530588 --- [onPool-worker-3] .t.t.s.TourGuideClientRewardsServiceImpl : Service - Calculate rewards points for user: internalUser28
2021-11-27 20:34:21.205  INFO 530588 --- [onPool-worker-7] .t.t.s.TourGuideClientRewardsServiceImpl : Service - Distance calculated: 6937.327735705864
2021-11-27 20:34:21.205  INFO 530588 --- [onPool-worker-4] .t.t.s.TourGuideClientRewardsServiceImpl : Service - Distance calculated: 8246.59151392357
2021-11-27 20:34:21.205  INFO 530588 --- [onPool-worker-7] .t.t.s.TourGuideClientRewardsServiceImpl : Service - Distance calculated: 7596.631125737084
2021-11-27 20:34:21.205  INFO 530588 --- [onPool-worker-6] .t.t.s.TourGuideClientRewardsServiceImpl : Service - Distance calculated: 2148.3967563579567
2021-11-27 20:34:21.205  INFO 530588 --- [onPool-worker-4] .t.t.s.TourGuideClientRewardsServiceImpl : Service - Distance calculated: 7836.548162031845
2021-11-27 20:34:21.205  INFO 530588 --- [onPool-worker-6] .t.t.s.TourGuideClientRewardsServiceImpl : Service - Distance calculated: 2282.746325565392
2021-11-27 20:34:21.205  INFO 530588 --- [onPool-worker-4] .t.t.s.TourGuideClientRewardsServiceImpl : Service - Distance calculated: 7961.692856378538
2021-11-27 20:34:21.205  INFO 530588 --- [onPool-worker-6] .t.t.s.TourGuideClientRewardsServiceImpl : Service - Distance calculated: 2289.4339721013357
2021-11-27 20:34:21.205  INFO 530588 --- [nPool-worker-11] .t.t.s.TourGuideClientRewardsServiceImpl : Service - Distance calculated: 460.11990361699293
2021-11-27 20:34:21.205  INFO 530588 --- [onPool-worker-6] .t.t.s.TourGuideClientRewardsServiceImpl : Service - Distance calculated: 1204.372289719331
2021-11-27 20:34:21.205  INFO 530588 --- [nPool-worker-14] .t.t.s.TourGuideClientRewardsServiceImpl : Service - Distance calculated: 115.99464245531166
2021-11-27 20:34:21.205  INFO 530588 --- [nPool-worker-11] .t.t.s.TourGuideClientRewardsServiceImpl : Service - Distance calculated: 1992.7911930022951
2021-11-27 20:34:21.205  INFO 530588 --- [nPool-worker-14] .t.t.s.TourGuideClientRewardsServiceImpl : Service - Distance calculated: 1428.8577204882306
2021-11-27 20:34:21.205  INFO 530588 --- [nPool-worker-10] .t.t.s.TourGuideClientRewardsServiceImpl : Service - Distance calculated: 7722.271798906148
2021-11-27 20:34:21.205  INFO 530588 --- [nPool-worker-14] .t.t.s.TourGuideClientRewardsServiceImpl : Service - Distance calculated: 1418.571827418631
2021-11-27 20:34:21.205  INFO 530588 --- [onPool-worker-5] .t.t.s.TourGuideClientRewardsServiceImpl : Service - Distance calculated: 6483.58092114779
2021-11-27 20:34:21.205  INFO 530588 --- [nPool-worker-10] .t.t.s.TourGuideClientRewardsServiceImpl : Service - Distance calculated: 7647.138562113941
2021-11-27 20:34:21.205  INFO 530588 --- [nPool-worker-14] .t.t.s.TourGuideClientRewardsServiceImpl : Service - Distance calculated: 460.11990361699293
2021-11-27 20:34:21.205  INFO 530588 --- [onPool-worker-5] .t.t.s.TourGuideClientRewardsServiceImpl : Service - Distance calculated: 6954.068457898825
2021-11-27 20:34:21.205  INFO 530588 --- [onPool-worker-5] .t.t.s.TourGuideClientRewardsServiceImpl : Service - Distance calculated: 6686.592638693849
2021-11-27 20:34:21.205  INFO 530588 --- [onPool-worker-9] .t.t.s.TourGuideClientRewardsServiceImpl : Service - Distance calculated: 6570.463120307391
2021-11-27 20:34:21.205  INFO 530588 --- [onPool-worker-5] .t.t.s.TourGuideClientRewardsServiceImpl : Service - Distance calculated: 6749.971350987612
2021-11-27 20:34:21.205  INFO 530588 --- [onPool-worker-9] .t.t.s.TourGuideClientRewardsServiceImpl : Service - Distance calculated: 4489.671524276886
2021-11-27 20:34:21.205  INFO 530588 --- [onPool-worker-5] .t.t.s.TourGuideClientRewardsServiceImpl : Service - Distance calculated: 6103.613053854402
2021-11-27 20:34:21.205  INFO 530588 --- [onPool-worker-9] .t.t.s.TourGuideClientRewardsServiceImpl : Service - Distance calculated: 4366.699756084342
2021-11-27 20:34:21.205  INFO 530588 --- [onPool-worker-5] .t.t.s.TourGuideClientRewardsServiceImpl : Service - Distance calculated: 5482.575729444627
2021-11-27 20:34:21.205  INFO 530588 --- [onPool-worker-9] .t.t.s.TourGuideClientRewardsServiceImpl : Service - Distance calculated: 5942.35769485462
2021-11-27 20:34:21.205  INFO 530588 --- [onPool-worker-5] .t.t.s.TourGuideClientRewardsServiceImpl : Service - Distance calculated: 6046.529571264978
2021-11-27 20:34:21.205  INFO 530588 --- [onPool-worker-5] .t.t.s.TourGuideClientRewardsServiceImpl : Service - Distance calculated: 5758.973715510126
2021-11-27 20:34:21.205  INFO 530588 --- [onPool-worker-5] .t.t.s.TourGuideClientRewardsServiceImpl : Service - Distance calculated: 6326.461866998543
2021-11-27 20:34:21.205  INFO 530588 --- [onPool-worker-5] .t.t.s.TourGuideClientRewardsServiceImpl : Service - Distance calculated: 5554.984250368632
2021-11-27 20:34:21.205  INFO 530588 --- [onPool-worker-5] .t.t.s.TourGuideClientRewardsServiceImpl : Service - Distance calculated: 4965.799643785411
2021-11-27 20:34:21.205  INFO 530588 --- [onPool-worker-5] .t.t.s.TourGuideClientRewardsServiceImpl : Service - Distance calculated: 6040.009845719689
2021-11-27 20:34:21.206  INFO 530588 --- [onPool-worker-5] .t.t.s.TourGuideClientRewardsServiceImpl : Service - Distance calculated: 7138.666956075164
2021-11-27 20:34:21.206  INFO 530588 --- [onPool-worker-5] .t.t.s.TourGuideClientRewardsServiceImpl : Service - Distance calculated: 5238.912916210095
2021-11-27 20:34:21.206  INFO 530588 --- [onPool-worker-5] .t.t.s.TourGuideClientRewardsServiceImpl : Service - Distance calculated: 6049.800431927198
2021-11-27 20:34:21.206  INFO 530588 --- [onPool-worker-5] .t.t.s.TourGuideClientRewardsServiceImpl : Service - Distance calculated: 6963.4530306057695
2021-11-27 20:34:21.206  INFO 530588 --- [onPool-worker-5] .t.t.s.TourGuideClientRewardsServiceImpl : Service - Distance calculated: 6099.6140338140085
2021-11-27 20:34:21.206  INFO 530588 --- [onPool-worker-5] .t.t.s.TourGuideClientRewardsServiceImpl : Service - Distance calculated: 5.8950310023474215E-5
2021-11-27 20:34:21.205  INFO 530588 --- [onPool-worker-7] .t.t.s.TourGuideClientRewardsServiceImpl : Service - Distance calculated: 6786.16691308034
2021-11-27 20:34:21.205  INFO 530588 --- [onPool-worker-4] .t.t.s.TourGuideClientRewardsServiceImpl : Service - Distance calculated: 7705.9250515063595
2021-11-27 20:34:21.205  INFO 530588 --- [onPool-worker-6] .t.t.s.TourGuideClientRewardsServiceImpl : Service - Distance calculated: 1742.5694022642394
2021-11-27 20:34:21.205  INFO 530588 --- [nPool-worker-11] .t.t.s.TourGuideClientRewardsServiceImpl : Service - Distance calculated: 1906.7972782801585
2021-11-27 20:34:21.206  INFO 530588 --- [onPool-worker-6] .t.t.s.TourGuideClientRewardsServiceImpl : Service - Distance calculated: 1576.7472428725728
2021-11-27 20:34:21.205  INFO 530588 --- [nPool-worker-10] .t.t.s.TourGuideClientRewardsServiceImpl : Service - Distance calculated: 7804.523489264807
2021-11-27 20:34:21.206  INFO 530588 --- [onPool-worker-6] .t.t.s.TourGuideClientRewardsServiceImpl : Service - Distance calculated: 1921.4807999190489
2021-11-27 20:34:21.206  INFO 530588 --- [onPool-worker-6] .t.t.s.TourGuideClientRewardsServiceImpl : Service - Distance calculated: 1277.6245433336508
2021-11-27 20:34:21.206  INFO 530588 --- [onPool-worker-6] .t.t.s.TourGuideClientRewardsServiceImpl : Service - Distance calculated: 87.03441722159666
2021-11-27 20:34:21.206  INFO 530588 --- [onPool-worker-5] .t.t.s.TourGuideClientRewardsServiceImpl : Service - Distance calculated: 774.5207212649109
2021-11-27 20:34:21.206  INFO 530588 --- [onPool-worker-6] .t.t.s.TourGuideClientRewardsServiceImpl : Service - Distance calculated: 2127.2478407793283
2021-11-27 20:34:21.206  INFO 530588 --- [onPool-worker-5] .t.t.s.TourGuideClientRewardsServiceImpl : Service - Distance calculated: 164.91310606753288
2021-11-27 20:34:21.206  INFO 530588 --- [onPool-worker-6] .t.t.s.TourGuideClientRewardsServiceImpl : Service - Distance calculated: 2578.910516018122
2021-11-27 20:34:21.206  INFO 530588 --- [onPool-worker-5] .t.t.s.TourGuideClientRewardsServiceImpl : Service - Distance calculated: 115.99464245531166
2021-11-27 20:34:21.206  INFO 530588 --- [onPool-worker-6] .t.t.s.TourGuideClientRewardsServiceImpl : Service - Distance calculated: 680.6158831369517
2021-11-27 20:34:21.206  INFO 530588 --- [onPool-worker-5] .t.t.s.TourGuideClientRewardsServiceImpl : Service - Distance calculated: 1428.8577204882306
2021-11-27 20:34:21.205  INFO 530588 --- [nPool-worker-14] .t.t.s.TourGuideClientRewardsServiceImpl : Service - Distance calculated: 1992.7911930022951
2021-11-27 20:34:21.206  INFO 530588 --- [onPool-worker-5] .t.t.s.TourGuideClientRewardsServiceImpl : Service - Distance calculated: 1418.571827418631
2021-11-27 20:34:21.206  INFO 530588 --- [nPool-worker-14] .t.t.s.TourGuideClientRewardsServiceImpl : Service - Distance calculated: 1906.7972782801585
2021-11-27 20:34:21.205  INFO 530588 --- [onPool-worker-9] .t.t.s.TourGuideClientRewardsServiceImpl : Service - Distance calculated: 5383.186595482282
2021-11-27 20:34:21.206  INFO 530588 --- [nPool-worker-14] .t.t.s.TourGuideClientRewardsServiceImpl : Service - Distance calculated: 2360.645624935619
2021-11-27 20:34:21.206  INFO 530588 --- [onPool-worker-9] .t.t.s.TourGuideClientRewardsServiceImpl : Service - Distance calculated: 4432.273854990261
2021-11-27 20:34:21.206  INFO 530588 --- [onPool-worker-9] .t.t.s.TourGuideClientRewardsServiceImpl : Service - Distance calculated: 4448.653704869762
2021-11-27 20:34:21.206  INFO 530588 --- [onPool-worker-7] .t.t.s.TourGuideClientRewardsServiceImpl : Service - Distance calculated: 6705.869739255259
2021-11-27 20:34:21.206  INFO 530588 --- [onPool-worker-9] .t.t.s.TourGuideClientRewardsServiceImpl : Service - Distance calculated: 5.8950310023474215E-5
2021-11-27 20:34:21.206  INFO 530588 --- [onPool-worker-4] .t.t.s.TourGuideClientRewardsServiceImpl : Service - Distance calculated: 8745.850516418763
2021-11-27 20:34:21.206  INFO 530588 --- [onPool-worker-7] .t.t.s.TourGuideClientRewardsServiceImpl : Service - Distance calculated: 9899.336096019557
2021-11-27 20:34:21.206  INFO 530588 --- [nPool-worker-11] .t.t.s.TourGuideClientRewardsServiceImpl : Service - Distance calculated: 2360.645624935619
2021-11-27 20:34:21.206  INFO 530588 --- [onPool-worker-7] .t.t.s.TourGuideClientRewardsServiceImpl : Service - Distance calculated: 6542.13855135555
2021-11-27 20:34:21.206  INFO 530588 --- [onPool-worker-4] .t.t.s.TourGuideClientRewardsServiceImpl : Service - Distance calculated: 7898.245336993468
2021-11-27 20:34:21.206  INFO 530588 --- [onPool-worker-7] .t.t.s.TourGuideClientRewardsServiceImpl : Service - Distance calculated: 6680.755733375971
2021-11-27 20:34:21.206  INFO 530588 --- [nPool-worker-11] .t.t.s.TourGuideClientRewardsServiceImpl : Service - Distance calculated: 2434.494471527265
2021-11-27 20:34:21.206  INFO 530588 --- [onPool-worker-7] .t.t.s.TourGuideClientRewardsServiceImpl : Service - Distance calculated: 6542.722584223348
2021-11-27 20:34:21.206  INFO 530588 --- [nPool-worker-11] .t.t.s.TourGuideClientRewardsServiceImpl : Service - Distance calculated: 2148.3967563579567
2021-11-27 20:34:21.206  INFO 530588 --- [onPool-worker-7] .t.t.s.TourGuideClientRewardsServiceImpl : Service - Distance calculated: 6025.981038576745
2021-11-27 20:34:21.206  INFO 530588 --- [nPool-worker-11] .t.t.s.TourGuideClientRewardsServiceImpl : Service - Distance calculated: 2282.746325565392
2021-11-27 20:34:21.206  INFO 530588 --- [onPool-worker-7] .t.t.s.TourGuideClientRewardsServiceImpl : Service - Distance calculated: 6946.377977304279
2021-11-27 20:34:21.206  INFO 530588 --- [nPool-worker-11] .t.t.s.TourGuideClientRewardsServiceImpl : Service - Distance calculated: 2289.4339721013357
2021-11-27 20:34:21.206  INFO 530588 --- [onPool-worker-7] .t.t.s.TourGuideClientRewardsServiceImpl : Service - Distance calculated: 6647.581055582899
2021-11-27 20:34:21.206  INFO 530588 --- [nPool-worker-11] .t.t.s.TourGuideClientRewardsServiceImpl : Service - Distance calculated: 1204.372289719331
2021-11-27 20:34:21.206  INFO 530588 --- [onPool-worker-7] .t.t.s.TourGuideClientRewardsServiceImpl : Service - Distance calculated: 6664.264237780491
2021-11-27 20:34:21.206  INFO 530588 --- [nPool-worker-11] .t.t.s.TourGuideClientRewardsServiceImpl : Service - Distance calculated: 1742.5694022642394
2021-11-27 20:34:21.206  INFO 530588 --- [onPool-worker-7] .t.t.s.TourGuideClientRewardsServiceImpl : Service - Distance calculated: 6640.986079997288
2021-11-27 20:34:21.206  INFO 530588 --- [nPool-worker-11] .t.t.s.TourGuideClientRewardsServiceImpl : Service - Distance calculated: 1576.7472428725728
2021-11-27 20:34:21.206  INFO 530588 --- [onPool-worker-7] .t.t.s.TourGuideClientRewardsServiceImpl : Service - Distance calculated: 6899.013046745668
2021-11-27 20:34:21.206  INFO 530588 --- [nPool-worker-11] .t.t.s.TourGuideClientRewardsServiceImpl : Service - Distance calculated: 1921.4807999190489
2021-11-27 20:34:21.206  INFO 530588 --- [onPool-worker-7] .t.t.s.TourGuideClientRewardsServiceImpl : Service - Distance calculated: 7958.0913031173895
2021-11-27 20:34:21.206  INFO 530588 --- [nPool-worker-11] .t.t.s.TourGuideClientRewardsServiceImpl : Service - Distance calculated: 1277.6245433336508
2021-11-27 20:34:21.206  INFO 530588 --- [onPool-worker-7] .t.t.s.TourGuideClientRewardsServiceImpl : Service - Distance calculated: 6179.60017463964
2021-11-27 20:34:21.206  INFO 530588 --- [nPool-worker-11] .t.t.s.TourGuideClientRewardsServiceImpl : Service - Distance calculated: 87.03441722159666
2021-11-27 20:34:21.206  INFO 530588 --- [onPool-worker-7] .t.t.s.TourGuideClientRewardsServiceImpl : Service - Distance calculated: 6537.982786800902
2021-11-27 20:34:21.206  INFO 530588 --- [nPool-worker-11] .t.t.s.TourGuideClientRewardsServiceImpl : Service - Distance calculated: 2127.2478407793283
2021-11-27 20:34:21.206  INFO 530588 --- [onPool-worker-7] .t.t.s.TourGuideClientRewardsServiceImpl : Service - Distance calculated: 7410.330250663676
2021-11-27 20:34:21.206  INFO 530588 --- [nPool-worker-11] .t.t.s.TourGuideClientRewardsServiceImpl : Service - Distance calculated: 2578.910516018122
2021-11-27 20:34:21.206  INFO 530588 --- [onPool-worker-7] .t.t.s.TourGuideClientRewardsServiceImpl : Service - Distance calculated: 7205.097074543121
2021-11-27 20:34:21.206  INFO 530588 --- [nPool-worker-11] .t.t.s.TourGuideClientRewardsServiceImpl : Service - Distance calculated: 680.6158831369517
2021-11-27 20:34:21.206  INFO 530588 --- [onPool-worker-7] .t.t.s.TourGuideClientRewardsServiceImpl : Service - Distance calculated: 6544.497999150331
2021-11-27 20:34:21.206  INFO 530588 --- [nPool-worker-11] .t.t.s.TourGuideClientRewardsServiceImpl : Service - Distance calculated: 1344.090272349311
2021-11-27 20:34:21.206  INFO 530588 --- [onPool-worker-7] .t.t.s.TourGuideClientRewardsServiceImpl : Service - Distance calculated: 6164.377941610096
2021-11-27 20:34:21.206  INFO 530588 --- [nPool-worker-11] .t.t.s.TourGuideClientRewardsServiceImpl : Service - Distance calculated: 2440.177336041544
2021-11-27 20:34:21.206  INFO 530588 --- [nPool-worker-11] .t.t.s.TourGuideClientRewardsServiceImpl : Service - Distance calculated: 2168.830527042806
2021-11-27 20:34:21.206  INFO 530588 --- [nPool-worker-11] .t.t.s.TourGuideClientRewardsServiceImpl : Service - Calculate rewards points for user: internalUser91
2021-11-27 20:34:21.206  INFO 530588 --- [onPool-worker-4] .t.t.s.TourGuideClientRewardsServiceImpl : Service - Distance calculated: 8420.475544991943
2021-11-27 20:34:21.206  INFO 530588 --- [onPool-worker-4] .t.t.s.TourGuideClientRewardsServiceImpl : Service - Distance calculated: 8631.115149909394
2021-11-27 20:34:21.206  INFO 530588 --- [onPool-worker-4] .t.t.s.TourGuideClientRewardsServiceImpl : Service - Distance calculated: 7737.901987911246
2021-11-27 20:34:21.206  INFO 530588 --- [onPool-worker-4] .t.t.s.TourGuideClientRewardsServiceImpl : Service - Distance calculated: 7095.708762485708
2021-11-27 20:34:21.206  INFO 530588 --- [onPool-worker-4] .t.t.s.TourGuideClientRewardsServiceImpl : Service - Distance calculated: 7750.3183409931635
2021-11-27 20:34:21.206  INFO 530588 --- [onPool-worker-4] .t.t.s.TourGuideClientRewardsServiceImpl : Service - Distance calculated: 7260.361997672894
2021-11-27 20:34:21.206  INFO 530588 --- [onPool-worker-4] .t.t.s.TourGuideClientRewardsServiceImpl : Service - Distance calculated: 7197.663814052072
2021-11-27 20:34:21.206  INFO 530588 --- [onPool-worker-4] .t.t.s.TourGuideClientRewardsServiceImpl : Service - Distance calculated: 8445.412282929234
2021-11-27 20:34:21.206  INFO 530588 --- [onPool-worker-4] .t.t.s.TourGuideClientRewardsServiceImpl : Service - Distance calculated: 8395.822463413797
2021-11-27 20:34:21.206  INFO 530588 --- [onPool-worker-4] .t.t.s.TourGuideClientRewardsServiceImpl : Service - Distance calculated: 7409.726183317761
2021-11-27 20:34:21.206  INFO 530588 --- [onPool-worker-4] .t.t.s.TourGuideClientRewardsServiceImpl : Service - Distance calculated: 9061.354621241131
2021-11-27 20:34:21.206  INFO 530588 --- [onPool-worker-4] .t.t.s.TourGuideClientRewardsServiceImpl : Service - Distance calculated: 8928.617854817045
2021-11-27 20:34:21.206  INFO 530588 --- [onPool-worker-4] .t.t.s.TourGuideClientRewardsServiceImpl : Service - Distance calculated: 7102.701348796736
2021-11-27 20:34:21.206  INFO 530588 --- [onPool-worker-4] .t.t.s.TourGuideClientRewardsServiceImpl : Service - Distance calculated: 9507.294255319535
2021-11-27 20:34:21.206  INFO 530588 --- [onPool-worker-4] .t.t.s.TourGuideClientRewardsServiceImpl : Service - Distance calculated: 9213.58749364631
2021-11-27 20:34:21.206  INFO 530588 --- [onPool-worker-4] .t.t.s.TourGuideClientRewardsServiceImpl : Service - Distance calculated: 9330.353392178324
2021-11-27 20:34:21.206  INFO 530588 --- [onPool-worker-4] .t.t.s.TourGuideClientRewardsServiceImpl : Service - Distance calculated: 8926.11595708843
2021-11-27 20:34:21.206  INFO 530588 --- [onPool-worker-4] .t.t.s.TourGuideClientRewardsServiceImpl : Service - Distance calculated: 8031.5672280308045
2021-11-27 20:34:21.206  INFO 530588 --- [onPool-worker-4] .t.t.s.TourGuideClientRewardsServiceImpl : Service - Distance calculated: 8661.340833690114
2021-11-27 20:34:21.206  INFO 530588 --- [onPool-worker-4] .t.t.s.TourGuideClientRewardsServiceImpl : Service - Distance calculated: 8393.661129458977
2021-11-27 20:34:21.206  INFO 530588 --- [onPool-worker-4] .t.t.s.TourGuideClientRewardsServiceImpl : Service - Distance calculated: 8915.020858438767
2021-11-27 20:34:21.206  INFO 530588 --- [onPool-worker-4] .t.t.s.TourGuideClientRewardsServiceImpl : Service - Distance calculated: 8116.473113962105
2021-11-27 20:34:21.206  INFO 530588 --- [onPool-worker-4] .t.t.s.TourGuideClientRewardsServiceImpl : Service - Distance calculated: 7095.356001577077
2021-11-27 20:34:21.206  INFO 530588 --- [nPool-worker-10] .t.t.s.TourGuideClientRewardsServiceImpl : Service - Distance calculated: 7479.093182917883
2021-11-27 20:34:21.206  INFO 530588 --- [onPool-worker-4] .t.t.s.TourGuideClientRewardsServiceImpl : Service - Distance calculated: 8820.494189258347
2021-11-27 20:34:21.206  INFO 530588 --- [onPool-worker-4] .t.t.s.TourGuideClientRewardsServiceImpl : Service - Distance calculated: 9666.11262654338
2021-11-27 20:34:21.206  INFO 530588 --- [onPool-worker-6] .t.t.s.TourGuideClientRewardsServiceImpl : Service - Distance calculated: 1344.090272349311
2021-11-27 20:34:21.206  INFO 530588 --- [onPool-worker-4] .t.t.s.TourGuideClientRewardsServiceImpl : Service - Distance calculated: 7610.510391532504
2021-11-27 20:34:21.207  INFO 530588 --- [onPool-worker-4] .t.t.s.TourGuideClientRewardsServiceImpl : Service - Distance calculated: 8421.412196859977
2021-11-27 20:34:21.206  INFO 530588 --- [onPool-worker-5] .t.t.s.TourGuideClientRewardsServiceImpl : Service - Distance calculated: 460.11990361699293
2021-11-27 20:34:21.207  INFO 530588 --- [onPool-worker-4] .t.t.s.TourGuideClientRewardsServiceImpl : Service - Distance calculated: 9514.242821161088
2021-11-27 20:34:21.207  INFO 530588 --- [onPool-worker-5] .t.t.s.TourGuideClientRewardsServiceImpl : Service - Distance calculated: 1992.7911930022951
2021-11-27 20:34:21.207  INFO 530588 --- [onPool-worker-5] .t.t.s.TourGuideClientRewardsServiceImpl : Service - Distance calculated: 1906.7972782801585
2021-11-27 20:34:21.207  INFO 530588 --- [onPool-worker-5] .t.t.s.TourGuideClientRewardsServiceImpl : Service - Distance calculated: 2360.645624935619
2021-11-27 20:34:21.207  INFO 530588 --- [onPool-worker-5] .t.t.s.TourGuideClientRewardsServiceImpl : Service - Distance calculated: 2434.494471527265
2021-11-27 20:34:21.207  INFO 530588 --- [onPool-worker-5] .t.t.s.TourGuideClientRewardsServiceImpl : Service - Distance calculated: 2148.3967563579567
2021-11-27 20:34:21.207  INFO 530588 --- [onPool-worker-5] .t.t.s.TourGuideClientRewardsServiceImpl : Service - Distance calculated: 2282.746325565392
2021-11-27 20:34:21.206  INFO 530588 --- [nPool-worker-14] .t.t.s.TourGuideClientRewardsServiceImpl : Service - Distance calculated: 2434.494471527265
2021-11-27 20:34:21.207  INFO 530588 --- [onPool-worker-5] .t.t.s.TourGuideClientRewardsServiceImpl : Service - Distance calculated: 2289.4339721013357
2021-11-27 20:34:21.207  INFO 530588 --- [onPool-worker-5] .t.t.s.TourGuideClientRewardsServiceImpl : Service - Distance calculated: 1204.372289719331
2021-11-27 20:34:21.206  INFO 530588 --- [onPool-worker-9] .t.t.s.TourGuideClientRewardsServiceImpl : Service - Distance calculated: 774.5207212649109
2021-11-27 20:34:21.207  INFO 530588 --- [onPool-worker-5] .t.t.s.TourGuideClientRewardsServiceImpl : Service - Distance calculated: 1742.5694022642394
2021-11-27 20:34:21.207  INFO 530588 --- [onPool-worker-5] .t.t.s.TourGuideClientRewardsServiceImpl : Service - Distance calculated: 1576.7472428725728
2021-11-27 20:34:21.207  INFO 530588 --- [onPool-worker-5] .t.t.s.TourGuideClientRewardsServiceImpl : Service - Distance calculated: 1921.4807999190489
2021-11-27 20:34:21.207  INFO 530588 --- [onPool-worker-5] .t.t.s.TourGuideClientRewardsServiceImpl : Service - Distance calculated: 1277.6245433336508
2021-11-27 20:34:21.207  INFO 530588 --- [onPool-worker-5] .t.t.s.TourGuideClientRewardsServiceImpl : Service - Distance calculated: 87.03441722159666
2021-11-27 20:34:21.207  INFO 530588 --- [onPool-worker-5] .t.t.s.TourGuideClientRewardsServiceImpl : Service - Distance calculated: 2127.2478407793283
2021-11-27 20:34:21.206  INFO 530588 --- [onPool-worker-7] .t.t.s.TourGuideClientRewardsServiceImpl : Service - Distance calculated: 5.8950310023474215E-5
2021-11-27 20:34:21.206  INFO 530588 --- [nPool-worker-10] .t.t.s.TourGuideClientRewardsServiceImpl : Service - Distance calculated: 7722.923438526574
2021-11-27 20:34:21.207  INFO 530588 --- [nPool-worker-10] .t.t.s.TourGuideClientRewardsServiceImpl : Service - Distance calculated: 7108.219477355618
2021-11-27 20:34:21.207  INFO 530588 --- [nPool-worker-10] .t.t.s.TourGuideClientRewardsServiceImpl : Service - Distance calculated: 8031.720222597533
2021-11-27 20:34:21.207  INFO 530588 --- [onPool-worker-6] .t.t.s.TourGuideClientRewardsServiceImpl : Service - Distance calculated: 2440.177336041544
2021-11-27 20:34:21.207  INFO 530588 --- [onPool-worker-6] .t.t.s.TourGuideClientRewardsServiceImpl : Service - Distance calculated: 2168.830527042806
2021-11-27 20:34:21.207  INFO 530588 --- [onPool-worker-6] .t.t.s.TourGuideClientRewardsServiceImpl : Service - Calculate rewards points for user: internalUser5
2021-11-27 20:34:21.207  INFO 530588 --- [onPool-worker-4] .t.t.s.TourGuideClientRewardsServiceImpl : Service - Distance calculated: 8881.014241454279
2021-11-27 20:34:21.207  INFO 530588 --- [onPool-worker-4] .t.t.s.TourGuideClientRewardsServiceImpl : Service - Distance calculated: 5.8950310023474215E-5
2021-11-27 20:34:21.207  INFO 530588 --- [onPool-worker-7] .t.t.s.TourGuideClientRewardsServiceImpl : Service - Distance calculated: 774.5207212649109
2021-11-27 20:34:21.207  INFO 530588 --- [onPool-worker-7] .t.t.s.TourGuideClientRewardsServiceImpl : Service - Distance calculated: 164.91310606753288
2021-11-27 20:34:21.207  INFO 530588 --- [onPool-worker-7] .t.t.s.TourGuideClientRewardsServiceImpl : Service - Distance calculated: 115.99464245531166
2021-11-27 20:34:21.207  INFO 530588 --- [onPool-worker-7] .t.t.s.TourGuideClientRewardsServiceImpl : Service - Distance calculated: 1428.8577204882306
2021-11-27 20:34:21.207  INFO 530588 --- [onPool-worker-7] .t.t.s.TourGuideClientRewardsServiceImpl : Service - Distance calculated: 1418.571827418631
2021-11-27 20:34:21.207  INFO 530588 --- [onPool-worker-7] .t.t.s.TourGuideClientRewardsServiceImpl : Service - Distance calculated: 460.11990361699293
2021-11-27 20:34:21.207  INFO 530588 --- [onPool-worker-7] .t.t.s.TourGuideClientRewardsServiceImpl : Service - Distance calculated: 1992.7911930022951
2021-11-27 20:34:21.207  INFO 530588 --- [onPool-worker-7] .t.t.s.TourGuideClientRewardsServiceImpl : Service - Distance calculated: 1906.7972782801585
2021-11-27 20:34:21.207  INFO 530588 --- [nPool-worker-14] .t.t.s.TourGuideClientRewardsServiceImpl : Service - Distance calculated: 2148.3967563579567
2021-11-27 20:34:21.207  INFO 530588 --- [onPool-worker-4] .t.t.s.TourGuideClientRewardsServiceImpl : Service - Distance calculated: 774.5207212649109
2021-11-27 20:34:21.207  INFO 530588 --- [nPool-worker-14] .t.t.s.TourGuideClientRewardsServiceImpl : Service - Distance calculated: 2282.746325565392
2021-11-27 20:34:21.207  INFO 530588 --- [nPool-worker-14] .t.t.s.TourGuideClientRewardsServiceImpl : Service - Distance calculated: 2289.4339721013357
2021-11-27 20:34:21.207  INFO 530588 --- [nPool-worker-14] .t.t.s.TourGuideClientRewardsServiceImpl : Service - Distance calculated: 1204.372289719331
2021-11-27 20:34:21.207  INFO 530588 --- [nPool-worker-14] .t.t.s.TourGuideClientRewardsServiceImpl : Service - Distance calculated: 1742.5694022642394
2021-11-27 20:34:21.207  INFO 530588 --- [onPool-worker-9] .t.t.s.TourGuideClientRewardsServiceImpl : Service - Distance calculated: 164.91310606753288
2021-11-27 20:34:21.207  INFO 530588 --- [nPool-worker-14] .t.t.s.TourGuideClientRewardsServiceImpl : Service - Distance calculated: 1576.7472428725728
2021-11-27 20:34:21.207  INFO 530588 --- [nPool-worker-14] .t.t.s.TourGuideClientRewardsServiceImpl : Service - Distance calculated: 1921.4807999190489
2021-11-27 20:34:21.207  INFO 530588 --- [onPool-worker-5] .t.t.s.TourGuideClientRewardsServiceImpl : Service - Distance calculated: 2578.910516018122
2021-11-27 20:34:21.207  INFO 530588 --- [nPool-worker-14] .t.t.s.TourGuideClientRewardsServiceImpl : Service - Distance calculated: 1277.6245433336508
2021-11-27 20:34:21.207  INFO 530588 --- [nPool-worker-10] .t.t.s.TourGuideClientRewardsServiceImpl : Service - Distance calculated: 7026.750101049885
2021-11-27 20:34:21.207  INFO 530588 --- [onPool-worker-5] .t.t.s.TourGuideClientRewardsServiceImpl : Service - Distance calculated: 680.6158831369517
2021-11-27 20:34:21.207  INFO 530588 --- [onPool-worker-7] .t.t.s.TourGuideClientRewardsServiceImpl : Service - Distance calculated: 2360.645624935619
2021-11-27 20:34:21.207  INFO 530588 --- [nPool-worker-10] .t.t.s.TourGuideClientRewardsServiceImpl : Service - Distance calculated: 7451.970892705455
2021-11-27 20:34:21.207  INFO 530588 --- [onPool-worker-7] .t.t.s.TourGuideClientRewardsServiceImpl : Service - Distance calculated: 2434.494471527265
2021-11-27 20:34:21.207  INFO 530588 --- [onPool-worker-4] .t.t.s.TourGuideClientRewardsServiceImpl : Service - Distance calculated: 164.91310606753288
2021-11-27 20:34:21.207  INFO 530588 --- [onPool-worker-7] .t.t.s.TourGuideClientRewardsServiceImpl : Service - Distance calculated: 2148.3967563579567
2021-11-27 20:34:21.207  INFO 530588 --- [onPool-worker-9] .t.t.s.TourGuideClientRewardsServiceImpl : Service - Distance calculated: 115.99464245531166
2021-11-27 20:34:21.207  INFO 530588 --- [onPool-worker-7] .t.t.s.TourGuideClientRewardsServiceImpl : Service - Distance calculated: 2282.746325565392
2021-11-27 20:34:21.207  INFO 530588 --- [nPool-worker-14] .t.t.s.TourGuideClientRewardsServiceImpl : Service - Distance calculated: 87.03441722159666
2021-11-27 20:34:21.207  INFO 530588 --- [onPool-worker-7] .t.t.s.TourGuideClientRewardsServiceImpl : Service - Distance calculated: 2289.4339721013357
2021-11-27 20:34:21.207  INFO 530588 --- [onPool-worker-5] .t.t.s.TourGuideClientRewardsServiceImpl : Service - Distance calculated: 1344.090272349311
2021-11-27 20:34:21.207  INFO 530588 --- [onPool-worker-7] .t.t.s.TourGuideClientRewardsServiceImpl : Service - Distance calculated: 1204.372289719331
2021-11-27 20:34:21.207  INFO 530588 --- [nPool-worker-10] .t.t.s.TourGuideClientRewardsServiceImpl : Service - Distance calculated: 7184.914794404353
2021-11-27 20:34:21.207  INFO 530588 --- [onPool-worker-7] .t.t.s.TourGuideClientRewardsServiceImpl : Service - Distance calculated: 1742.5694022642394
2021-11-27 20:34:21.207  INFO 530588 --- [nPool-worker-10] .t.t.s.TourGuideClientRewardsServiceImpl : Service - Distance calculated: 7140.195945073865
2021-11-27 20:34:21.207  INFO 530588 --- [onPool-worker-7] .t.t.s.TourGuideClientRewardsServiceImpl : Service - Distance calculated: 1576.7472428725728
2021-11-27 20:34:21.207  INFO 530588 --- [nPool-worker-10] .t.t.s.TourGuideClientRewardsServiceImpl : Service - Distance calculated: 8006.170358789409
2021-11-27 20:34:21.207  INFO 530588 --- [onPool-worker-7] .t.t.s.TourGuideClientRewardsServiceImpl : Service - Distance calculated: 1921.4807999190489
2021-11-27 20:34:21.207  INFO 530588 --- [onPool-worker-7] .t.t.s.TourGuideClientRewardsServiceImpl : Service - Distance calculated: 1277.6245433336508
2021-11-27 20:34:21.207  INFO 530588 --- [nPool-worker-10] .t.t.s.TourGuideClientRewardsServiceImpl : Service - Distance calculated: 5.8950310023474215E-5
2021-11-27 20:34:21.207  INFO 530588 --- [onPool-worker-7] .t.t.s.TourGuideClientRewardsServiceImpl : Service - Distance calculated: 87.03441722159666
2021-11-27 20:34:21.207  INFO 530588 --- [onPool-worker-7] .t.t.s.TourGuideClientRewardsServiceImpl : Service - Distance calculated: 2127.2478407793283
2021-11-27 20:34:21.207  INFO 530588 --- [onPool-worker-7] .t.t.s.TourGuideClientRewardsServiceImpl : Service - Distance calculated: 2578.910516018122
2021-11-27 20:34:21.207  INFO 530588 --- [onPool-worker-7] .t.t.s.TourGuideClientRewardsServiceImpl : Service - Distance calculated: 680.6158831369517
2021-11-27 20:34:21.208  INFO 530588 --- [onPool-worker-7] .t.t.s.TourGuideClientRewardsServiceImpl : Service - Distance calculated: 1344.090272349311
2021-11-27 20:34:21.208  INFO 530588 --- [onPool-worker-7] .t.t.s.TourGuideClientRewardsServiceImpl : Service - Distance calculated: 2440.177336041544
2021-11-27 20:34:21.208  INFO 530588 --- [onPool-worker-7] .t.t.s.TourGuideClientRewardsServiceImpl : Service - Distance calculated: 2168.830527042806
2021-11-27 20:34:21.208  INFO 530588 --- [onPool-worker-7] .t.t.s.TourGuideClientRewardsServiceImpl : Service - Calculate rewards points for user: internalUser27
2021-11-27 20:34:21.207  INFO 530588 --- [onPool-worker-4] .t.t.s.TourGuideClientRewardsServiceImpl : Service - Distance calculated: 115.99464245531166
2021-11-27 20:34:21.208  INFO 530588 --- [onPool-worker-4] .t.t.s.TourGuideClientRewardsServiceImpl : Service - Distance calculated: 1428.8577204882306
2021-11-27 20:34:21.208  INFO 530588 --- [onPool-worker-4] .t.t.s.TourGuideClientRewardsServiceImpl : Service - Distance calculated: 1418.571827418631
2021-11-27 20:34:21.208  INFO 530588 --- [onPool-worker-4] .t.t.s.TourGuideClientRewardsServiceImpl : Service - Distance calculated: 460.11990361699293
2021-11-27 20:34:21.208  INFO 530588 --- [onPool-worker-4] .t.t.s.TourGuideClientRewardsServiceImpl : Service - Distance calculated: 1992.7911930022951
2021-11-27 20:34:21.208  INFO 530588 --- [onPool-worker-4] .t.t.s.TourGuideClientRewardsServiceImpl : Service - Distance calculated: 1906.7972782801585
2021-11-27 20:34:21.208  INFO 530588 --- [onPool-worker-4] .t.t.s.TourGuideClientRewardsServiceImpl : Service - Distance calculated: 2360.645624935619
2021-11-27 20:34:21.208  INFO 530588 --- [onPool-worker-4] .t.t.s.TourGuideClientRewardsServiceImpl : Service - Distance calculated: 2434.494471527265
2021-11-27 20:34:21.208  INFO 530588 --- [onPool-worker-4] .t.t.s.TourGuideClientRewardsServiceImpl : Service - Distance calculated: 2148.3967563579567
2021-11-27 20:34:21.208  INFO 530588 --- [onPool-worker-4] .t.t.s.TourGuideClientRewardsServiceImpl : Service - Distance calculated: 2282.746325565392
2021-11-27 20:34:21.208  INFO 530588 --- [onPool-worker-4] .t.t.s.TourGuideClientRewardsServiceImpl : Service - Distance calculated: 2289.4339721013357
2021-11-27 20:34:21.208  INFO 530588 --- [onPool-worker-4] .t.t.s.TourGuideClientRewardsServiceImpl : Service - Distance calculated: 1204.372289719331
2021-11-27 20:34:21.208  INFO 530588 --- [onPool-worker-4] .t.t.s.TourGuideClientRewardsServiceImpl : Service - Distance calculated: 1742.5694022642394
2021-11-27 20:34:21.207  INFO 530588 --- [onPool-worker-9] .t.t.s.TourGuideClientRewardsServiceImpl : Service - Distance calculated: 1428.8577204882306
2021-11-27 20:34:21.208  INFO 530588 --- [onPool-worker-4] .t.t.s.TourGuideClientRewardsServiceImpl : Service - Distance calculated: 1576.7472428725728
2021-11-27 20:34:21.208  INFO 530588 --- [onPool-worker-4] .t.t.s.TourGuideClientRewardsServiceImpl : Service - Distance calculated: 1921.4807999190489
2021-11-27 20:34:21.208  INFO 530588 --- [onPool-worker-4] .t.t.s.TourGuideClientRewardsServiceImpl : Service - Distance calculated: 1277.6245433336508
2021-11-27 20:34:21.207  INFO 530588 --- [nPool-worker-14] .t.t.s.TourGuideClientRewardsServiceImpl : Service - Distance calculated: 2127.2478407793283
2021-11-27 20:34:21.208  INFO 530588 --- [onPool-worker-4] .t.t.s.TourGuideClientRewardsServiceImpl : Service - Distance calculated: 87.03441722159666
2021-11-27 20:34:21.207  INFO 530588 --- [onPool-worker-5] .t.t.s.TourGuideClientRewardsServiceImpl : Service - Distance calculated: 2440.177336041544
2021-11-27 20:34:21.208  INFO 530588 --- [onPool-worker-4] .t.t.s.TourGuideClientRewardsServiceImpl : Service - Distance calculated: 2127.2478407793283
2021-11-27 20:34:21.208  INFO 530588 --- [nPool-worker-14] .t.t.s.TourGuideClientRewardsServiceImpl : Service - Distance calculated: 2578.910516018122
2021-11-27 20:34:21.208  INFO 530588 --- [onPool-worker-4] .t.t.s.TourGuideClientRewardsServiceImpl : Service - Distance calculated: 2578.910516018122
2021-11-27 20:34:21.208  INFO 530588 --- [nPool-worker-14] .t.t.s.TourGuideClientRewardsServiceImpl : Service - Distance calculated: 680.6158831369517
2021-11-27 20:34:21.208  INFO 530588 --- [onPool-worker-4] .t.t.s.TourGuideClientRewardsServiceImpl : Service - Distance calculated: 680.6158831369517
2021-11-27 20:34:21.208  INFO 530588 --- [nPool-worker-14] .t.t.s.TourGuideClientRewardsServiceImpl : Service - Distance calculated: 1344.090272349311
2021-11-27 20:34:21.208  INFO 530588 --- [nPool-worker-10] .t.t.s.TourGuideClientRewardsServiceImpl : Service - Distance calculated: 774.5207212649109
2021-11-27 20:34:21.208  INFO 530588 --- [nPool-worker-14] .t.t.s.TourGuideClientRewardsServiceImpl : Service - Distance calculated: 2440.177336041544
2021-11-27 20:34:21.208  INFO 530588 --- [nPool-worker-10] .t.t.s.TourGuideClientRewardsServiceImpl : Service - Distance calculated: 164.91310606753288
2021-11-27 20:34:21.208  INFO 530588 --- [nPool-worker-14] .t.t.s.TourGuideClientRewardsServiceImpl : Service - Distance calculated: 2168.830527042806
2021-11-27 20:34:21.208  INFO 530588 --- [nPool-worker-10] .t.t.s.TourGuideClientRewardsServiceImpl : Service - Distance calculated: 115.99464245531166
2021-11-27 20:34:21.208  INFO 530588 --- [onPool-worker-9] .t.t.s.TourGuideClientRewardsServiceImpl : Service - Distance calculated: 1418.571827418631
2021-11-27 20:34:21.208  INFO 530588 --- [onPool-worker-5] .t.t.s.TourGuideClientRewardsServiceImpl : Service - Distance calculated: 2168.830527042806
2021-11-27 20:34:21.208  INFO 530588 --- [onPool-worker-9] .t.t.s.TourGuideClientRewardsServiceImpl : Service - Distance calculated: 460.11990361699293
2021-11-27 20:34:21.208  INFO 530588 --- [onPool-worker-5] .t.t.s.TourGuideClientRewardsServiceImpl : Service - Calculate rewards points for user: internalUser93
2021-11-27 20:34:21.208  INFO 530588 --- [onPool-worker-4] .t.t.s.TourGuideClientRewardsServiceImpl : Service - Distance calculated: 1344.090272349311
2021-11-27 20:34:21.208  INFO 530588 --- [nPool-worker-14] .t.t.s.TourGuideClientRewardsServiceImpl : Service - Calculate rewards points for user: internalUser29
2021-11-27 20:34:21.208  INFO 530588 --- [onPool-worker-4] .t.t.s.TourGuideClientRewardsServiceImpl : Service - Distance calculated: 2440.177336041544
2021-11-27 20:34:21.208  INFO 530588 --- [onPool-worker-4] .t.t.s.TourGuideClientRewardsServiceImpl : Service - Distance calculated: 2168.830527042806
2021-11-27 20:34:21.208  INFO 530588 --- [onPool-worker-4] .t.t.s.TourGuideClientRewardsServiceImpl : Service - Calculate rewards points for user: internalUser6
2021-11-27 20:34:21.208  INFO 530588 --- [nPool-worker-10] .t.t.s.TourGuideClientRewardsServiceImpl : Service - Distance calculated: 1428.8577204882306
2021-11-27 20:34:21.208  INFO 530588 --- [nPool-worker-10] .t.t.s.TourGuideClientRewardsServiceImpl : Service - Distance calculated: 1418.571827418631
2021-11-27 20:34:21.208  INFO 530588 --- [nPool-worker-10] .t.t.s.TourGuideClientRewardsServiceImpl : Service - Distance calculated: 460.11990361699293
2021-11-27 20:34:21.208  INFO 530588 --- [nPool-worker-10] .t.t.s.TourGuideClientRewardsServiceImpl : Service - Distance calculated: 1992.7911930022951
2021-11-27 20:34:21.208  INFO 530588 --- [nPool-worker-10] .t.t.s.TourGuideClientRewardsServiceImpl : Service - Distance calculated: 1906.7972782801585
2021-11-27 20:34:21.208  INFO 530588 --- [nPool-worker-10] .t.t.s.TourGuideClientRewardsServiceImpl : Service - Distance calculated: 2360.645624935619
2021-11-27 20:34:21.208  INFO 530588 --- [nPool-worker-10] .t.t.s.TourGuideClientRewardsServiceImpl : Service - Distance calculated: 2434.494471527265
2021-11-27 20:34:21.208  INFO 530588 --- [nPool-worker-10] .t.t.s.TourGuideClientRewardsServiceImpl : Service - Distance calculated: 2148.3967563579567
2021-11-27 20:34:21.208  INFO 530588 --- [nPool-worker-10] .t.t.s.TourGuideClientRewardsServiceImpl : Service - Distance calculated: 2282.746325565392
2021-11-27 20:34:21.208  INFO 530588 --- [nPool-worker-10] .t.t.s.TourGuideClientRewardsServiceImpl : Service - Distance calculated: 2289.4339721013357
2021-11-27 20:34:21.208  INFO 530588 --- [nPool-worker-10] .t.t.s.TourGuideClientRewardsServiceImpl : Service - Distance calculated: 1204.372289719331
2021-11-27 20:34:21.208  INFO 530588 --- [nPool-worker-10] .t.t.s.TourGuideClientRewardsServiceImpl : Service - Distance calculated: 1742.5694022642394
2021-11-27 20:34:21.208  INFO 530588 --- [nPool-worker-10] .t.t.s.TourGuideClientRewardsServiceImpl : Service - Distance calculated: 1576.7472428725728
2021-11-27 20:34:21.208  INFO 530588 --- [nPool-worker-10] .t.t.s.TourGuideClientRewardsServiceImpl : Service - Distance calculated: 1921.4807999190489
2021-11-27 20:34:21.208  INFO 530588 --- [nPool-worker-10] .t.t.s.TourGuideClientRewardsServiceImpl : Service - Distance calculated: 1277.6245433336508
2021-11-27 20:34:21.208  INFO 530588 --- [nPool-worker-10] .t.t.s.TourGuideClientRewardsServiceImpl : Service - Distance calculated: 87.03441722159666
2021-11-27 20:34:21.208  INFO 530588 --- [nPool-worker-10] .t.t.s.TourGuideClientRewardsServiceImpl : Service - Distance calculated: 2127.2478407793283
2021-11-27 20:34:21.208  INFO 530588 --- [nPool-worker-10] .t.t.s.TourGuideClientRewardsServiceImpl : Service - Distance calculated: 2578.910516018122
2021-11-27 20:34:21.208  INFO 530588 --- [nPool-worker-10] .t.t.s.TourGuideClientRewardsServiceImpl : Service - Distance calculated: 680.6158831369517
2021-11-27 20:34:21.208  INFO 530588 --- [nPool-worker-10] .t.t.s.TourGuideClientRewardsServiceImpl : Service - Distance calculated: 1344.090272349311
2021-11-27 20:34:21.208  INFO 530588 --- [nPool-worker-10] .t.t.s.TourGuideClientRewardsServiceImpl : Service - Distance calculated: 2440.177336041544
2021-11-27 20:34:21.208  INFO 530588 --- [nPool-worker-10] .t.t.s.TourGuideClientRewardsServiceImpl : Service - Distance calculated: 2168.830527042806
2021-11-27 20:34:21.208  INFO 530588 --- [nPool-worker-10] .t.t.s.TourGuideClientRewardsServiceImpl : Service - Calculate rewards points for user: internalUser4
2021-11-27 20:34:21.208  INFO 530588 --- [onPool-worker-9] .t.t.s.TourGuideClientRewardsServiceImpl : Service - Distance calculated: 1992.7911930022951
2021-11-27 20:34:21.209  INFO 530588 --- [onPool-worker-9] .t.t.s.TourGuideClientRewardsServiceImpl : Service - Distance calculated: 1906.7972782801585
2021-11-27 20:34:21.209  INFO 530588 --- [onPool-worker-9] .t.t.s.TourGuideClientRewardsServiceImpl : Service - Distance calculated: 2360.645624935619
2021-11-27 20:34:21.209  INFO 530588 --- [onPool-worker-9] .t.t.s.TourGuideClientRewardsServiceImpl : Service - Distance calculated: 2434.494471527265
2021-11-27 20:34:21.209  INFO 530588 --- [onPool-worker-9] .t.t.s.TourGuideClientRewardsServiceImpl : Service - Distance calculated: 2148.3967563579567
2021-11-27 20:34:21.209  INFO 530588 --- [onPool-worker-9] .t.t.s.TourGuideClientRewardsServiceImpl : Service - Distance calculated: 2282.746325565392
2021-11-27 20:34:21.209  INFO 530588 --- [onPool-worker-9] .t.t.s.TourGuideClientRewardsServiceImpl : Service - Distance calculated: 2289.4339721013357
2021-11-27 20:34:21.209  INFO 530588 --- [onPool-worker-9] .t.t.s.TourGuideClientRewardsServiceImpl : Service - Distance calculated: 1204.372289719331
2021-11-27 20:34:21.209  INFO 530588 --- [onPool-worker-9] .t.t.s.TourGuideClientRewardsServiceImpl : Service - Distance calculated: 1742.5694022642394
2021-11-27 20:34:21.209  INFO 530588 --- [onPool-worker-9] .t.t.s.TourGuideClientRewardsServiceImpl : Service - Distance calculated: 1576.7472428725728
2021-11-27 20:34:21.209  INFO 530588 --- [onPool-worker-9] .t.t.s.TourGuideClientRewardsServiceImpl : Service - Distance calculated: 1921.4807999190489
2021-11-27 20:34:21.209  INFO 530588 --- [onPool-worker-9] .t.t.s.TourGuideClientRewardsServiceImpl : Service - Distance calculated: 1277.6245433336508
2021-11-27 20:34:21.209  INFO 530588 --- [onPool-worker-9] .t.t.s.TourGuideClientRewardsServiceImpl : Service - Distance calculated: 87.03441722159666
2021-11-27 20:34:21.209  INFO 530588 --- [onPool-worker-9] .t.t.s.TourGuideClientRewardsServiceImpl : Service - Distance calculated: 2127.2478407793283
2021-11-27 20:34:21.209  INFO 530588 --- [onPool-worker-9] .t.t.s.TourGuideClientRewardsServiceImpl : Service - Distance calculated: 2578.910516018122
2021-11-27 20:34:21.209  INFO 530588 --- [onPool-worker-9] .t.t.s.TourGuideClientRewardsServiceImpl : Service - Distance calculated: 680.6158831369517
2021-11-27 20:34:21.209  INFO 530588 --- [onPool-worker-9] .t.t.s.TourGuideClientRewardsServiceImpl : Service - Distance calculated: 1344.090272349311
2021-11-27 20:34:21.209  INFO 530588 --- [onPool-worker-9] .t.t.s.TourGuideClientRewardsServiceImpl : Service - Distance calculated: 2440.177336041544
2021-11-27 20:34:21.209  INFO 530588 --- [onPool-worker-9] .t.t.s.TourGuideClientRewardsServiceImpl : Service - Distance calculated: 2168.830527042806
2021-11-27 20:34:21.209  INFO 530588 --- [onPool-worker-9] .t.t.s.TourGuideClientRewardsServiceImpl : Service - Calculate rewards points for user: internalUser26
2021-11-27 20:34:21.212  INFO 530588 --- [onPool-worker-8] .t.t.s.TourGuideClientRewardsServiceImpl : Service - Distance calculated: 3254.625872974308
2021-11-27 20:34:21.212  INFO 530588 --- [onPool-worker-8] .t.t.s.TourGuideClientRewardsServiceImpl : Service - Distance calculated: 2765.1230648701985
2021-11-27 20:34:21.213  INFO 530588 --- [onPool-worker-8] .t.t.s.TourGuideClientRewardsServiceImpl : Service - Distance calculated: 3098.280096390783
2021-11-27 20:34:21.213  INFO 530588 --- [onPool-worker-8] .t.t.s.TourGuideClientRewardsServiceImpl : Service - Distance calculated: 3141.877260021115
2021-11-27 20:34:21.213  INFO 530588 --- [onPool-worker-8] .t.t.s.TourGuideClientRewardsServiceImpl : Service - Distance calculated: 1828.8700792655425
2021-11-27 20:34:21.213  INFO 530588 --- [onPool-worker-8] .t.t.s.TourGuideClientRewardsServiceImpl : Service - Distance calculated: 1853.7291294987433
2021-11-27 20:34:21.213  INFO 530588 --- [onPool-worker-8] .t.t.s.TourGuideClientRewardsServiceImpl : Service - Distance calculated: 2869.3928579456747
2021-11-27 20:34:21.213  INFO 530588 --- [onPool-worker-8] .t.t.s.TourGuideClientRewardsServiceImpl : Service - Distance calculated: 1290.300391761908
2021-11-27 20:34:21.213  INFO 530588 --- [onPool-worker-8] .t.t.s.TourGuideClientRewardsServiceImpl : Service - Distance calculated: 1347.9932859688554
2021-11-27 20:34:21.213  INFO 530588 --- [onPool-worker-8] .t.t.s.TourGuideClientRewardsServiceImpl : Service - Distance calculated: 4209.0034431194645
2021-11-27 20:34:21.213  INFO 530588 --- [onPool-worker-8] .t.t.s.TourGuideClientRewardsServiceImpl : Service - Distance calculated: 900.4705869895989
2021-11-27 20:34:21.213  INFO 530588 --- [onPool-worker-8] .t.t.s.TourGuideClientRewardsServiceImpl : Service - Distance calculated: 1140.1235311262963
2021-11-27 20:34:21.213  INFO 530588 --- [onPool-worker-8] .t.t.s.TourGuideClientRewardsServiceImpl : Service - Distance calculated: 993.6695343218328
2021-11-27 20:34:21.213  INFO 530588 --- [onPool-worker-8] .t.t.s.TourGuideClientRewardsServiceImpl : Service - Distance calculated: 1243.1376864157967
2021-11-27 20:34:21.213  INFO 530588 --- [onPool-worker-8] .t.t.s.TourGuideClientRewardsServiceImpl : Service - Distance calculated: 2177.952496957631
2021-11-27 20:34:21.213  INFO 530588 --- [onPool-worker-8] .t.t.s.TourGuideClientRewardsServiceImpl : Service - Distance calculated: 1552.1546775038955
2021-11-27 20:34:21.213  INFO 530588 --- [onPool-worker-8] .t.t.s.TourGuideClientRewardsServiceImpl : Service - Distance calculated: 1798.2469268376983
2021-11-27 20:34:21.213  INFO 530588 --- [onPool-worker-8] .t.t.s.TourGuideClientRewardsServiceImpl : Service - Distance calculated: 1335.5936450279
2021-11-27 20:34:21.213  INFO 530588 --- [onPool-worker-8] .t.t.s.TourGuideClientRewardsServiceImpl : Service - Distance calculated: 2092.0433159868426
2021-11-27 20:34:21.213  INFO 530588 --- [onPool-worker-8] .t.t.s.TourGuideClientRewardsServiceImpl : Service - Distance calculated: 3233.0848252294527
2021-11-27 20:34:21.213  INFO 530588 --- [onPool-worker-8] .t.t.s.TourGuideClientRewardsServiceImpl : Service - Distance calculated: 1345.4011517264596
2021-11-27 20:34:21.213  INFO 530588 --- [onPool-worker-8] .t.t.s.TourGuideClientRewardsServiceImpl : Service - Distance calculated: 846.9614848188136
2021-11-27 20:34:21.213  INFO 530588 --- [onPool-worker-8] .t.t.s.TourGuideClientRewardsServiceImpl : Service - Distance calculated: 2649.772614408879
2021-11-27 20:34:21.213  INFO 530588 --- [onPool-worker-8] .t.t.s.TourGuideClientRewardsServiceImpl : Service - Distance calculated: 1922.1331434987376
2021-11-27 20:34:21.213  INFO 530588 --- [onPool-worker-8] .t.t.s.TourGuideClientRewardsServiceImpl : Service - Distance calculated: 899.2544591866773
2021-11-27 20:34:21.213  INFO 530588 --- [onPool-worker-8] .t.t.s.TourGuideClientRewardsServiceImpl : Service - Distance calculated: 1284.9484365311885
2021-11-27 20:34:21.213  INFO 530588 --- [onPool-worker-8] .t.t.s.TourGuideClientRewardsServiceImpl : Service - Distance calculated: 3099.6587904452626
2021-11-27 20:34:21.213  INFO 530588 --- [onPool-worker-8] .t.t.s.TourGuideClientRewardsServiceImpl : Service - Distance calculated: 3874.0266587174224
2021-11-27 20:34:21.213  INFO 530588 --- [onPool-worker-8] .t.t.s.TourGuideClientRewardsServiceImpl : Service - Distance calculated: 3247.257610210712
2021-11-27 20:34:21.213  INFO 530588 --- [onPool-worker-8] .t.t.s.TourGuideClientRewardsServiceImpl : Service - Distance calculated: 3161.307297478845
2021-11-27 20:34:21.213  INFO 530588 --- [onPool-worker-8] .t.t.s.TourGuideClientRewardsServiceImpl : Service - Distance calculated: 4159.129569838911
2021-11-27 20:34:21.213  INFO 530588 --- [onPool-worker-8] .t.t.s.TourGuideClientRewardsServiceImpl : Service - Distance calculated: 4087.1223648036835
2021-11-27 20:34:21.213  INFO 530588 --- [onPool-worker-8] .t.t.s.TourGuideClientRewardsServiceImpl : Service - Distance calculated: 3231.042215053842
2021-11-27 20:34:21.213  INFO 530588 --- [onPool-worker-8] .t.t.s.TourGuideClientRewardsServiceImpl : Service - Distance calculated: 4780.425885540167
2021-11-27 20:34:21.213  INFO 530588 --- [onPool-worker-8] .t.t.s.TourGuideClientRewardsServiceImpl : Service - Distance calculated: 4607.261466459564
2021-11-27 20:34:21.213  INFO 530588 --- [onPool-worker-8] .t.t.s.TourGuideClientRewardsServiceImpl : Service - Distance calculated: 4748.823261709642
2021-11-27 20:34:21.213  INFO 530588 --- [onPool-worker-8] .t.t.s.TourGuideClientRewardsServiceImpl : Service - Distance calculated: 5202.810318830804
2021-11-27 20:34:21.213  INFO 530588 --- [onPool-worker-8] .t.t.s.TourGuideClientRewardsServiceImpl : Service - Distance calculated: 4916.93054639435
2021-11-27 20:34:21.213  INFO 530588 --- [onPool-worker-8] .t.t.s.TourGuideClientRewardsServiceImpl : Service - Distance calculated: 5005.095409663844
2021-11-27 20:34:21.213  INFO 530588 --- [onPool-worker-8] .t.t.s.TourGuideClientRewardsServiceImpl : Service - Distance calculated: 4506.89992560672
2021-11-27 20:34:21.213  INFO 530588 --- [onPool-worker-8] .t.t.s.TourGuideClientRewardsServiceImpl : Service - Distance calculated: 3693.5047166084532
2021-11-27 20:34:21.213  INFO 530588 --- [onPool-worker-8] .t.t.s.TourGuideClientRewardsServiceImpl : Service - Distance calculated: 4302.255403899313
2021-11-27 20:34:21.213  INFO 530588 --- [onPool-worker-8] .t.t.s.TourGuideClientRewardsServiceImpl : Service - Distance calculated: 4019.951371479308
2021-11-27 20:34:21.213  INFO 530588 --- [onPool-worker-8] .t.t.s.TourGuideClientRewardsServiceImpl : Service - Distance calculated: 4575.07192621894
2021-11-27 20:34:21.213  INFO 530588 --- [onPool-worker-8] .t.t.s.TourGuideClientRewardsServiceImpl : Service - Distance calculated: 3773.417956100613
2021-11-27 20:34:21.213  INFO 530588 --- [onPool-worker-8] .t.t.s.TourGuideClientRewardsServiceImpl : Service - Distance calculated: 3056.469459545106
2021-11-27 20:34:21.213  INFO 530588 --- [onPool-worker-8] .t.t.s.TourGuideClientRewardsServiceImpl : Service - Distance calculated: 4405.4555382964045
2021-11-27 20:34:21.213  INFO 530588 --- [onPool-worker-8] .t.t.s.TourGuideClientRewardsServiceImpl : Service - Distance calculated: 5382.350030985225
2021-11-27 20:34:21.213  INFO 530588 --- [onPool-worker-8] .t.t.s.TourGuideClientRewardsServiceImpl : Service - Distance calculated: 3378.2065588618016
2021-11-27 20:34:21.213  INFO 530588 --- [onPool-worker-8] .t.t.s.TourGuideClientRewardsServiceImpl : Service - Distance calculated: 4208.636361940756
2021-11-27 20:34:21.213  INFO 530588 --- [onPool-worker-8] .t.t.s.TourGuideClientRewardsServiceImpl : Service - Distance calculated: 5211.434135283357
2021-11-27 20:34:21.213  INFO 530588 --- [onPool-worker-8] .t.t.s.TourGuideClientRewardsServiceImpl : Service - Distance calculated: 4466.249504804125
2021-11-27 20:34:21.213  INFO 530588 --- [onPool-worker-8] .t.t.s.TourGuideClientRewardsServiceImpl : Service - Distance calculated: 6440.982811904977
2021-11-27 20:34:21.213  INFO 530588 --- [onPool-worker-8] .t.t.s.TourGuideClientRewardsServiceImpl : Service - Distance calculated: 6931.000450885067
2021-11-27 20:34:21.213  INFO 530588 --- [onPool-worker-8] .t.t.s.TourGuideClientRewardsServiceImpl : Service - Distance calculated: 6473.455223500544
2021-11-27 20:34:21.213  INFO 530588 --- [onPool-worker-8] .t.t.s.TourGuideClientRewardsServiceImpl : Service - Distance calculated: 6400.920682275697
2021-11-27 20:34:21.213  INFO 530588 --- [onPool-worker-8] .t.t.s.TourGuideClientRewardsServiceImpl : Service - Distance calculated: 6190.152272015214
2021-11-27 20:34:21.213  INFO 530588 --- [onPool-worker-8] .t.t.s.TourGuideClientRewardsServiceImpl : Service - Distance calculated: 6092.809395447097
2021-11-27 20:34:21.213  INFO 530588 --- [onPool-worker-8] .t.t.s.TourGuideClientRewardsServiceImpl : Service - Distance calculated: 6156.408790893843
2021-11-27 20:34:21.213  INFO 530588 --- [onPool-worker-8] .t.t.s.TourGuideClientRewardsServiceImpl : Service - Distance calculated: 6404.377056476824
2021-11-27 20:34:21.213  INFO 530588 --- [onPool-worker-8] .t.t.s.TourGuideClientRewardsServiceImpl : Service - Distance calculated: 6215.929980400272
2021-11-27 20:34:21.213  INFO 530588 --- [onPool-worker-8] .t.t.s.TourGuideClientRewardsServiceImpl : Service - Distance calculated: 8794.65220114622
2021-11-27 20:34:21.213  INFO 530588 --- [onPool-worker-8] .t.t.s.TourGuideClientRewardsServiceImpl : Service - Distance calculated: 6458.741860600318
2021-11-27 20:34:21.213  INFO 530588 --- [onPool-worker-8] .t.t.s.TourGuideClientRewardsServiceImpl : Service - Distance calculated: 6397.317166881909
2021-11-27 20:34:21.213  INFO 530588 --- [onPool-worker-8] .t.t.s.TourGuideClientRewardsServiceImpl : Service - Distance calculated: 6327.289097915434
2021-11-27 20:34:21.213  INFO 530588 --- [onPool-worker-8] .t.t.s.TourGuideClientRewardsServiceImpl : Service - Distance calculated: 5499.555508132824
2021-11-27 20:34:21.213  INFO 530588 --- [onPool-worker-8] .t.t.s.TourGuideClientRewardsServiceImpl : Service - Distance calculated: 5854.763745828883
2021-11-27 20:34:21.213  INFO 530588 --- [onPool-worker-8] .t.t.s.TourGuideClientRewardsServiceImpl : Service - Distance calculated: 5962.2649334730495
2021-11-27 20:34:21.213  INFO 530588 --- [onPool-worker-8] .t.t.s.TourGuideClientRewardsServiceImpl : Service - Distance calculated: 5796.161576100679
2021-11-27 20:34:21.213  INFO 530588 --- [onPool-worker-8] .t.t.s.TourGuideClientRewardsServiceImpl : Service - Distance calculated: 6134.331433896042
2021-11-27 20:34:21.213  INFO 530588 --- [onPool-worker-8] .t.t.s.TourGuideClientRewardsServiceImpl : Service - Distance calculated: 5860.403640935392
2021-11-27 20:34:21.213  INFO 530588 --- [onPool-worker-8] .t.t.s.TourGuideClientRewardsServiceImpl : Service - Distance calculated: 6354.823499423422
2021-11-27 20:34:21.213  INFO 530588 --- [onPool-worker-8] .t.t.s.TourGuideClientRewardsServiceImpl : Service - Distance calculated: 5582.086234338109
2021-11-27 20:34:21.213  INFO 530588 --- [onPool-worker-8] .t.t.s.TourGuideClientRewardsServiceImpl : Service - Distance calculated: 6574.999131614386
2021-11-27 20:34:21.213  INFO 530588 --- [onPool-worker-8] .t.t.s.TourGuideClientRewardsServiceImpl : Service - Distance calculated: 6081.695831042225
2021-11-27 20:34:21.213  INFO 530588 --- [onPool-worker-8] .t.t.s.TourGuideClientRewardsServiceImpl : Service - Distance calculated: 6411.868682105608
2021-11-27 20:34:21.213  INFO 530588 --- [onPool-worker-8] .t.t.s.TourGuideClientRewardsServiceImpl : Service - Distance calculated: 6466.714784008602
2021-11-27 20:34:21.213  INFO 530588 --- [onPool-worker-8] .t.t.s.TourGuideClientRewardsServiceImpl : Service - Distance calculated: 5607.794926910953
2021-11-27 20:34:21.213  INFO 530588 --- [onPool-worker-8] .t.t.s.TourGuideClientRewardsServiceImpl : Service - Distance calculated: 6800.5289524575455
2021-11-27 20:34:21.213  INFO 530588 --- [onPool-worker-8] .t.t.s.TourGuideClientRewardsServiceImpl : Service - Distance calculated: 6027.828604560023
2021-11-27 20:34:21.213  INFO 530588 --- [onPool-worker-8] .t.t.s.TourGuideClientRewardsServiceImpl : Service - Distance calculated: 6650.136751552835
2021-11-27 20:34:21.213  INFO 530588 --- [onPool-worker-8] .t.t.s.TourGuideClientRewardsServiceImpl : Service - Distance calculated: 6735.296708783685
2021-11-27 20:34:21.213  INFO 530588 --- [onPool-worker-8] .t.t.s.TourGuideClientRewardsServiceImpl : Service - Distance calculated: 5789.996781789882
2021-11-27 20:34:21.213  INFO 530588 --- [onPool-worker-8] .t.t.s.TourGuideClientRewardsServiceImpl : Service - Distance calculated: 5871.650810850114
2021-11-27 20:34:21.213  INFO 530588 --- [onPool-worker-8] .t.t.s.TourGuideClientRewardsServiceImpl : Service - Distance calculated: 6669.029986478878
2021-11-27 20:34:21.213  INFO 530588 --- [onPool-worker-8] .t.t.s.TourGuideClientRewardsServiceImpl : Service - Distance calculated: 5185.750667604294
2021-11-27 20:34:21.213  INFO 530588 --- [onPool-worker-8] .t.t.s.TourGuideClientRewardsServiceImpl : Service - Distance calculated: 5376.91208548009
2021-11-27 20:34:21.213  INFO 530588 --- [onPool-worker-8] .t.t.s.TourGuideClientRewardsServiceImpl : Service - Distance calculated: 5539.880870869189
2021-11-27 20:34:21.213  INFO 530588 --- [onPool-worker-8] .t.t.s.TourGuideClientRewardsServiceImpl : Service - Distance calculated: 4793.348243707841
2021-11-27 20:34:21.213  INFO 530588 --- [onPool-worker-8] .t.t.s.TourGuideClientRewardsServiceImpl : Service - Distance calculated: 5062.923378991729
2021-11-27 20:34:21.213  INFO 530588 --- [onPool-worker-8] .t.t.s.TourGuideClientRewardsServiceImpl : Service - Distance calculated: 4997.252845828896
2021-11-27 20:34:21.213  INFO 530588 --- [onPool-worker-8] .t.t.s.TourGuideClientRewardsServiceImpl : Service - Distance calculated: 5642.73263457173
2021-11-27 20:34:21.213  INFO 530588 --- [onPool-worker-8] .t.t.s.TourGuideClientRewardsServiceImpl : Service - Distance calculated: 6271.856702844044
2021-11-27 20:34:21.214  INFO 530588 --- [onPool-worker-8] .t.t.s.TourGuideClientRewardsServiceImpl : Service - Distance calculated: 5701.6708763657225
2021-11-27 20:34:21.214  INFO 530588 --- [onPool-worker-8] .t.t.s.TourGuideClientRewardsServiceImpl : Service - Distance calculated: 5989.283116322939
2021-11-27 20:34:21.214  INFO 530588 --- [onPool-worker-8] .t.t.s.TourGuideClientRewardsServiceImpl : Service - Distance calculated: 5421.882987573321
2021-11-27 20:34:21.214  INFO 530588 --- [onPool-worker-8] .t.t.s.TourGuideClientRewardsServiceImpl : Service - Distance calculated: 6198.196758477898
2021-11-27 20:34:21.214  INFO 530588 --- [nPool-worker-13] .t.t.s.TourGuideClientRewardsServiceImpl : Service - Distance calculated: 6749.881765626862
2021-11-27 20:34:21.214  INFO 530588 --- [onPool-worker-8] .t.t.s.TourGuideClientRewardsServiceImpl : Service - Distance calculated: 6840.711223491957
2021-11-27 20:34:21.214  INFO 530588 --- [nPool-worker-13] .t.t.s.TourGuideClientRewardsServiceImpl : Service - Distance calculated: 5985.486623252199
2021-11-27 20:34:21.214  INFO 530588 --- [onPool-worker-8] .t.t.s.TourGuideClientRewardsServiceImpl : Service - Distance calculated: 5705.236177411374
2021-11-27 20:34:21.214  INFO 530588 --- [nPool-worker-13] .t.t.s.TourGuideClientRewardsServiceImpl : Service - Distance calculated: 6593.827505710016
2021-11-27 20:34:21.214  INFO 530588 --- [onPool-worker-8] .t.t.s.TourGuideClientRewardsServiceImpl : Service - Distance calculated: 4608.891239437515
2021-11-27 20:34:21.214  INFO 530588 --- [nPool-worker-13] .t.t.s.TourGuideClientRewardsServiceImpl : Service - Distance calculated: 6675.971250402366
2021-11-27 20:34:21.214  INFO 530588 --- [onPool-worker-8] .t.t.s.TourGuideClientRewardsServiceImpl : Service - Distance calculated: 6533.410113026697
2021-11-27 20:34:21.214  INFO 530588 --- [nPool-worker-13] .t.t.s.TourGuideClientRewardsServiceImpl : Service - Distance calculated: 5651.98466509971
2021-11-27 20:34:21.214  INFO 530588 --- [onPool-worker-8] .t.t.s.TourGuideClientRewardsServiceImpl : Service - Distance calculated: 5714.3959417642745
2021-11-27 20:34:21.214  INFO 530588 --- [nPool-worker-13] .t.t.s.TourGuideClientRewardsServiceImpl : Service - Distance calculated: 5727.943315686998
2021-11-27 20:34:21.214  INFO 530588 --- [onPool-worker-8] .t.t.s.TourGuideClientRewardsServiceImpl : Service - Distance calculated: 4784.008995909268
2021-11-27 20:34:21.214  INFO 530588 --- [nPool-worker-13] .t.t.s.TourGuideClientRewardsServiceImpl : Service - Distance calculated: 6578.118225851957
2021-11-27 20:34:21.214  INFO 530588 --- [onPool-worker-8] .t.t.s.TourGuideClientRewardsServiceImpl : Service - Distance calculated: 5645.685390983669
2021-11-27 20:34:21.214  INFO 530588 --- [nPool-worker-13] .t.t.s.TourGuideClientRewardsServiceImpl : Service - Distance calculated: 5035.8164887908715
2021-11-27 20:34:21.214  INFO 530588 --- [nPool-worker-13] .t.t.s.TourGuideClientRewardsServiceImpl : Service - Distance calculated: 5217.830378150239
2021-11-27 20:34:21.214  INFO 530588 --- [onPool-worker-8] .t.t.s.TourGuideClientRewardsServiceImpl : Service - Distance calculated: 5.8950310023474215E-5
2021-11-27 20:34:21.214  INFO 530588 --- [nPool-worker-13] .t.t.s.TourGuideClientRewardsServiceImpl : Service - Distance calculated: 5678.728027790361
2021-11-27 20:34:21.214  INFO 530588 --- [nPool-worker-13] .t.t.s.TourGuideClientRewardsServiceImpl : Service - Distance calculated: 4625.959666281759
2021-11-27 20:34:21.214  INFO 530588 --- [nPool-worker-13] .t.t.s.TourGuideClientRewardsServiceImpl : Service - Distance calculated: 4904.9645243556815
2021-11-27 20:34:21.214  INFO 530588 --- [nPool-worker-13] .t.t.s.TourGuideClientRewardsServiceImpl : Service - Distance calculated: 4827.739154067738
2021-11-27 20:34:21.214  INFO 530588 --- [nPool-worker-13] .t.t.s.TourGuideClientRewardsServiceImpl : Service - Distance calculated: 5425.616591816996
2021-11-27 20:34:21.214  INFO 530588 --- [nPool-worker-13] .t.t.s.TourGuideClientRewardsServiceImpl : Service - Distance calculated: 6125.66653440322
2021-11-27 20:34:21.214  INFO 530588 --- [nPool-worker-13] .t.t.s.TourGuideClientRewardsServiceImpl : Service - Distance calculated: 5534.572980089411
2021-11-27 20:34:21.214  INFO 530588 --- [nPool-worker-13] .t.t.s.TourGuideClientRewardsServiceImpl : Service - Distance calculated: 5821.248895196392
2021-11-27 20:34:21.214  INFO 530588 --- [onPool-worker-8] .t.t.s.TourGuideClientRewardsServiceImpl : Service - Distance calculated: 774.5207212649109
2021-11-27 20:34:21.214  INFO 530588 --- [onPool-worker-8] .t.t.s.TourGuideClientRewardsServiceImpl : Service - Distance calculated: 164.91310606753288
2021-11-27 20:34:21.214  INFO 530588 --- [onPool-worker-8] .t.t.s.TourGuideClientRewardsServiceImpl : Service - Distance calculated: 115.99464245531166
2021-11-27 20:34:21.214  INFO 530588 --- [onPool-worker-8] .t.t.s.TourGuideClientRewardsServiceImpl : Service - Distance calculated: 1428.8577204882306
2021-11-27 20:34:21.214  INFO 530588 --- [onPool-worker-8] .t.t.s.TourGuideClientRewardsServiceImpl : Service - Distance calculated: 1418.571827418631
2021-11-27 20:34:21.214  INFO 530588 --- [onPool-worker-8] .t.t.s.TourGuideClientRewardsServiceImpl : Service - Distance calculated: 460.11990361699293
2021-11-27 20:34:21.214  INFO 530588 --- [onPool-worker-8] .t.t.s.TourGuideClientRewardsServiceImpl : Service - Distance calculated: 1992.7911930022951
2021-11-27 20:34:21.214  INFO 530588 --- [onPool-worker-8] .t.t.s.TourGuideClientRewardsServiceImpl : Service - Distance calculated: 1906.7972782801585
2021-11-27 20:34:21.214  INFO 530588 --- [onPool-worker-8] .t.t.s.TourGuideClientRewardsServiceImpl : Service - Distance calculated: 2360.645624935619
2021-11-27 20:34:21.214  INFO 530588 --- [onPool-worker-8] .t.t.s.TourGuideClientRewardsServiceImpl : Service - Distance calculated: 2434.494471527265
2021-11-27 20:34:21.214  INFO 530588 --- [onPool-worker-8] .t.t.s.TourGuideClientRewardsServiceImpl : Service - Distance calculated: 2148.3967563579567
2021-11-27 20:34:21.214  INFO 530588 --- [onPool-worker-8] .t.t.s.TourGuideClientRewardsServiceImpl : Service - Distance calculated: 2282.746325565392
2021-11-27 20:34:21.214  INFO 530588 --- [onPool-worker-8] .t.t.s.TourGuideClientRewardsServiceImpl : Service - Distance calculated: 2289.4339721013357
2021-11-27 20:34:21.214  INFO 530588 --- [onPool-worker-8] .t.t.s.TourGuideClientRewardsServiceImpl : Service - Distance calculated: 1204.372289719331
2021-11-27 20:34:21.214  INFO 530588 --- [onPool-worker-8] .t.t.s.TourGuideClientRewardsServiceImpl : Service - Distance calculated: 1742.5694022642394
2021-11-27 20:34:21.214  INFO 530588 --- [onPool-worker-8] .t.t.s.TourGuideClientRewardsServiceImpl : Service - Distance calculated: 1576.7472428725728
2021-11-27 20:34:21.214  INFO 530588 --- [onPool-worker-8] .t.t.s.TourGuideClientRewardsServiceImpl : Service - Distance calculated: 1921.4807999190489
2021-11-27 20:34:21.214  INFO 530588 --- [onPool-worker-8] .t.t.s.TourGuideClientRewardsServiceImpl : Service - Distance calculated: 1277.6245433336508
2021-11-27 20:34:21.214  INFO 530588 --- [onPool-worker-8] .t.t.s.TourGuideClientRewardsServiceImpl : Service - Distance calculated: 87.03441722159666
2021-11-27 20:34:21.214  INFO 530588 --- [onPool-worker-8] .t.t.s.TourGuideClientRewardsServiceImpl : Service - Distance calculated: 2127.2478407793283
2021-11-27 20:34:21.214  INFO 530588 --- [onPool-worker-8] .t.t.s.TourGuideClientRewardsServiceImpl : Service - Distance calculated: 2578.910516018122
2021-11-27 20:34:21.214  INFO 530588 --- [onPool-worker-8] .t.t.s.TourGuideClientRewardsServiceImpl : Service - Distance calculated: 680.6158831369517
2021-11-27 20:34:21.214  INFO 530588 --- [onPool-worker-8] .t.t.s.TourGuideClientRewardsServiceImpl : Service - Distance calculated: 1344.090272349311
2021-11-27 20:34:21.214  INFO 530588 --- [onPool-worker-8] .t.t.s.TourGuideClientRewardsServiceImpl : Service - Distance calculated: 2440.177336041544
2021-11-27 20:34:21.214  INFO 530588 --- [onPool-worker-8] .t.t.s.TourGuideClientRewardsServiceImpl : Service - Distance calculated: 2168.830527042806
2021-11-27 20:34:21.214  INFO 530588 --- [onPool-worker-8] .t.t.s.TourGuideClientRewardsServiceImpl : Service - Calculate rewards points for user: internalUser22
2021-11-27 20:34:21.215  INFO 530588 --- [nPool-worker-12] .t.t.s.TourGuideClientRewardsServiceImpl : Service - Distance calculated: 8954.49037121203
2021-11-27 20:34:21.215  INFO 530588 --- [nPool-worker-12] .t.t.s.TourGuideClientRewardsServiceImpl : Service - Distance calculated: 8287.56231694442
2021-11-27 20:34:21.215  INFO 530588 --- [nPool-worker-12] .t.t.s.TourGuideClientRewardsServiceImpl : Service - Distance calculated: 8872.297015659853
2021-11-27 20:34:21.215  INFO 530588 --- [nPool-worker-12] .t.t.s.TourGuideClientRewardsServiceImpl : Service - Distance calculated: 8958.22643245036
2021-11-27 20:34:21.215  INFO 530588 --- [nPool-worker-12] .t.t.s.TourGuideClientRewardsServiceImpl : Service - Distance calculated: 8566.169251057456
2021-11-27 20:34:21.215  INFO 530588 --- [nPool-worker-12] .t.t.s.TourGuideClientRewardsServiceImpl : Service - Distance calculated: 8664.813521571372
2021-11-27 20:34:21.215  INFO 530588 --- [nPool-worker-12] .t.t.s.TourGuideClientRewardsServiceImpl : Service - Distance calculated: 9095.176766864122
2021-11-27 20:34:21.215  INFO 530588 --- [nPool-worker-12] .t.t.s.TourGuideClientRewardsServiceImpl : Service - Distance calculated: 8053.698339267409
2021-11-27 20:34:21.216  INFO 530588 --- [onPool-worker-2] .t.t.s.TourGuideClientRewardsServiceImpl : Service - Distance calculated: 10206.88075066798
2021-11-27 20:34:21.216  INFO 530588 --- [onPool-worker-2] .t.t.s.TourGuideClientRewardsServiceImpl : Service - Distance calculated: 9836.65377783502
2021-11-27 20:34:21.216  INFO 530588 --- [onPool-worker-2] .t.t.s.TourGuideClientRewardsServiceImpl : Service - Distance calculated: 10079.560705532213
2021-11-27 20:34:21.216  INFO 530588 --- [onPool-worker-2] .t.t.s.TourGuideClientRewardsServiceImpl : Service - Distance calculated: 10092.268651450515
2021-11-27 20:34:21.216  INFO 530588 --- [onPool-worker-2] .t.t.s.TourGuideClientRewardsServiceImpl : Service - Distance calculated: 8831.75566422572
2021-11-27 20:34:21.216  INFO 530588 --- [onPool-worker-2] .t.t.s.TourGuideClientRewardsServiceImpl : Service - Distance calculated: 8821.312286596165
2021-11-27 20:34:21.216  INFO 530588 --- [onPool-worker-2] .t.t.s.TourGuideClientRewardsServiceImpl : Service - Distance calculated: 9751.4558409182
2021-11-27 20:34:21.216  INFO 530588 --- [onPool-worker-2] .t.t.s.TourGuideClientRewardsServiceImpl : Service - Distance calculated: 8361.026483791908
2021-11-27 20:34:21.216  INFO 530588 --- [onPool-worker-2] .t.t.s.TourGuideClientRewardsServiceImpl : Service - Distance calculated: 8390.331946748507
2021-11-27 20:34:21.216  INFO 530588 --- [onPool-worker-2] .t.t.s.TourGuideClientRewardsServiceImpl : Service - Distance calculated: 10343.418668642355
2021-11-27 20:34:21.216  INFO 530588 --- [onPool-worker-2] .t.t.s.TourGuideClientRewardsServiceImpl : Service - Distance calculated: 7958.962145796388
2021-11-27 20:34:21.216  INFO 530588 --- [onPool-worker-2] .t.t.s.TourGuideClientRewardsServiceImpl : Service - Distance calculated: 8211.893721686962
2021-11-27 20:34:21.216  INFO 530588 --- [onPool-worker-2] .t.t.s.TourGuideClientRewardsServiceImpl : Service - Distance calculated: 8065.018041277927
2021-11-27 20:34:21.216  INFO 530588 --- [onPool-worker-2] .t.t.s.TourGuideClientRewardsServiceImpl : Service - Distance calculated: 7921.500956542619
2021-11-27 20:34:21.216  INFO 530588 --- [onPool-worker-2] .t.t.s.TourGuideClientRewardsServiceImpl : Service - Distance calculated: 9002.51139676769
2021-11-27 20:34:21.216  INFO 530588 --- [onPool-worker-2] .t.t.s.TourGuideClientRewardsServiceImpl : Service - Distance calculated: 8493.75162070851
2021-11-27 20:34:21.216  INFO 530588 --- [onPool-worker-2] .t.t.s.TourGuideClientRewardsServiceImpl : Service - Distance calculated: 8634.099134956936
2021-11-27 20:34:21.216  INFO 530588 --- [onPool-worker-2] .t.t.s.TourGuideClientRewardsServiceImpl : Service - Distance calculated: 8357.519601666441
2021-11-27 20:34:21.216  INFO 530588 --- [onPool-worker-2] .t.t.s.TourGuideClientRewardsServiceImpl : Service - Distance calculated: 8929.928635579761
2021-11-27 20:34:21.216  INFO 530588 --- [onPool-worker-2] .t.t.s.TourGuideClientRewardsServiceImpl : Service - Distance calculated: 10153.132873937613
2021-11-27 20:34:21.216  INFO 530588 --- [onPool-worker-2] .t.t.s.TourGuideClientRewardsServiceImpl : Service - Distance calculated: 8084.577688024026
2021-11-27 20:34:21.216  INFO 530588 --- [onPool-worker-2] .t.t.s.TourGuideClientRewardsServiceImpl : Service - Distance calculated: 7857.6050604037555
2021-11-27 20:34:21.217  INFO 530588 --- [onPool-worker-2] .t.t.s.TourGuideClientRewardsServiceImpl : Service - Distance calculated: 9526.78986493378
2021-11-27 20:34:21.217  INFO 530588 --- [onPool-worker-2] .t.t.s.TourGuideClientRewardsServiceImpl : Service - Distance calculated: 8972.63936968618
2021-11-27 20:34:21.217  INFO 530588 --- [onPool-worker-2] .t.t.s.TourGuideClientRewardsServiceImpl : Service - Distance calculated: 7955.966205722359
2021-11-27 20:34:21.217  INFO 530588 --- [onPool-worker-2] .t.t.s.TourGuideClientRewardsServiceImpl : Service - Distance calculated: 8045.75427199855
2021-11-27 20:34:21.217  INFO 530588 --- [onPool-worker-2] .t.t.s.TourGuideClientRewardsServiceImpl : Service - Distance calculated: 2855.689483624873
2021-11-27 20:34:21.217  INFO 530588 --- [onPool-worker-2] .t.t.s.TourGuideClientRewardsServiceImpl : Service - Distance calculated: 2158.749735931153
2021-11-27 20:34:21.217  INFO 530588 --- [onPool-worker-2] .t.t.s.TourGuideClientRewardsServiceImpl : Service - Distance calculated: 2754.392950321194
2021-11-27 20:34:21.217  INFO 530588 --- [onPool-worker-2] .t.t.s.TourGuideClientRewardsServiceImpl : Service - Distance calculated: 2842.6698858148575
2021-11-27 20:34:21.217  INFO 530588 --- [onPool-worker-2] .t.t.s.TourGuideClientRewardsServiceImpl : Service - Distance calculated: 2714.962422591697
2021-11-27 20:34:21.216  INFO 530588 --- [nPool-worker-12] .t.t.s.TourGuideClientRewardsServiceImpl : Service - Distance calculated: 8265.012150152941
2021-11-27 20:34:21.217  INFO 530588 --- [nPool-worker-12] .t.t.s.TourGuideClientRewardsServiceImpl : Service - Distance calculated: 6715.491819837972
2021-11-27 20:34:21.217  INFO 530588 --- [nPool-worker-12] .t.t.s.TourGuideClientRewardsServiceImpl : Service - Distance calculated: 7739.254193083715
2021-11-27 20:34:21.217  INFO 530588 --- [nPool-worker-12] .t.t.s.TourGuideClientRewardsServiceImpl : Service - Distance calculated: 7965.636533534303
2021-11-27 20:34:21.217  INFO 530588 --- [nPool-worker-12] .t.t.s.TourGuideClientRewardsServiceImpl : Service - Distance calculated: 7939.8150443821005
2021-11-27 20:34:21.217  INFO 530588 --- [nPool-worker-12] .t.t.s.TourGuideClientRewardsServiceImpl : Service - Distance calculated: 8691.338201680366
2021-11-27 20:34:21.217  INFO 530588 --- [nPool-worker-12] .t.t.s.TourGuideClientRewardsServiceImpl : Service - Distance calculated: 9039.652266399054
2021-11-27 20:34:21.217  INFO 530588 --- [nPool-worker-12] .t.t.s.TourGuideClientRewardsServiceImpl : Service - Distance calculated: 8598.57158955521
2021-11-27 20:34:21.217  INFO 530588 --- [nPool-worker-12] .t.t.s.TourGuideClientRewardsServiceImpl : Service - Distance calculated: 8871.462306082345
2021-11-27 20:34:21.217  INFO 530588 --- [nPool-worker-12] .t.t.s.TourGuideClientRewardsServiceImpl : Service - Distance calculated: 8328.314041407459
2021-11-27 20:34:21.217  INFO 530588 --- [nPool-worker-12] .t.t.s.TourGuideClientRewardsServiceImpl : Service - Distance calculated: 8988.651673042035
2021-11-27 20:34:21.217  INFO 530588 --- [nPool-worker-12] .t.t.s.TourGuideClientRewardsServiceImpl : Service - Distance calculated: 9032.724581132064
2021-11-27 20:34:21.217  INFO 530588 --- [nPool-worker-12] .t.t.s.TourGuideClientRewardsServiceImpl : Service - Distance calculated: 8723.296152395642
2021-11-27 20:34:21.217  INFO 530588 --- [nPool-worker-12] .t.t.s.TourGuideClientRewardsServiceImpl : Service - Distance calculated: 7558.418247402532
2021-11-27 20:34:21.217  INFO 530588 --- [nPool-worker-12] .t.t.s.TourGuideClientRewardsServiceImpl : Service - Distance calculated: 9072.844028304242
2021-11-27 20:34:21.217  INFO 530588 --- [nPool-worker-12] .t.t.s.TourGuideClientRewardsServiceImpl : Service - Distance calculated: 8412.27011960353
2021-11-27 20:34:21.217  INFO 530588 --- [nPool-worker-12] .t.t.s.TourGuideClientRewardsServiceImpl : Service - Distance calculated: 7729.428718457495
2021-11-27 20:34:21.217  INFO 530588 --- [nPool-worker-12] .t.t.s.TourGuideClientRewardsServiceImpl : Service - Distance calculated: 8667.707984004768
2021-11-27 20:34:21.217  INFO 530588 --- [nPool-worker-12] .t.t.s.TourGuideClientRewardsServiceImpl : Service - Distance calculated: 2470.506010601292
2021-11-27 20:34:21.217  INFO 530588 --- [nPool-worker-12] .t.t.s.TourGuideClientRewardsServiceImpl : Service - Distance calculated: 2300.8766384487267
2021-11-27 20:34:21.217  INFO 530588 --- [nPool-worker-12] .t.t.s.TourGuideClientRewardsServiceImpl : Service - Distance calculated: 2348.715724687963
2021-11-27 20:34:21.217  INFO 530588 --- [nPool-worker-12] .t.t.s.TourGuideClientRewardsServiceImpl : Service - Distance calculated: 2356.2287232670724
2021-11-27 20:34:21.217  INFO 530588 --- [nPool-worker-12] .t.t.s.TourGuideClientRewardsServiceImpl : Service - Distance calculated: 1218.2185034561887
2021-11-27 20:34:21.217  INFO 530588 --- [nPool-worker-12] .t.t.s.TourGuideClientRewardsServiceImpl : Service - Distance calculated: 1164.323553945912
2021-11-27 20:34:21.217  INFO 530588 --- [nPool-worker-12] .t.t.s.TourGuideClientRewardsServiceImpl : Service - Distance calculated: 2016.138421846898
2021-11-27 20:34:21.217  INFO 530588 --- [nPool-worker-12] .t.t.s.TourGuideClientRewardsServiceImpl : Service - Distance calculated: 1178.7190681916377
2021-11-27 20:34:21.217  INFO 530588 --- [nPool-worker-12] .t.t.s.TourGuideClientRewardsServiceImpl : Service - Distance calculated: 1015.7026025251861
2021-11-27 20:34:21.217  INFO 530588 --- [nPool-worker-12] .t.t.s.TourGuideClientRewardsServiceImpl : Service - Distance calculated: 4197.7689855814615
2021-11-27 20:34:21.217  INFO 530588 --- [nPool-worker-12] .t.t.s.TourGuideClientRewardsServiceImpl : Service - Distance calculated: 1246.4874549626481
2021-11-27 20:34:21.217  INFO 530588 --- [nPool-worker-12] .t.t.s.TourGuideClientRewardsServiceImpl : Service - Distance calculated: 1158.0622237336008
2021-11-27 20:34:21.217  INFO 530588 --- [nPool-worker-12] .t.t.s.TourGuideClientRewardsServiceImpl : Service - Distance calculated: 1092.6897545410266
2021-11-27 20:34:21.217  INFO 530588 --- [nPool-worker-12] .t.t.s.TourGuideClientRewardsServiceImpl : Service - Distance calculated: 271.8620658041377
2021-11-27 20:34:21.217  INFO 530588 --- [nPool-worker-12] .t.t.s.TourGuideClientRewardsServiceImpl : Service - Distance calculated: 1266.3294953409998
2021-11-27 20:34:21.217  INFO 530588 --- [nPool-worker-12] .t.t.s.TourGuideClientRewardsServiceImpl : Service - Distance calculated: 875.408027194912
2021-11-27 20:34:21.217  INFO 530588 --- [nPool-worker-12] .t.t.s.TourGuideClientRewardsServiceImpl : Service - Distance calculated: 913.4979197808564
2021-11-27 20:34:21.217  INFO 530588 --- [nPool-worker-12] .t.t.s.TourGuideClientRewardsServiceImpl : Service - Distance calculated: 936.5368266952573
2021-11-27 20:34:21.217  INFO 530588 --- [nPool-worker-12] .t.t.s.TourGuideClientRewardsServiceImpl : Service - Distance calculated: 1195.9812022515173
2021-11-27 20:34:21.217  INFO 530588 --- [nPool-worker-12] .t.t.s.TourGuideClientRewardsServiceImpl : Service - Distance calculated: 2417.8059457806007
2021-11-27 20:34:21.217  INFO 530588 --- [nPool-worker-12] .t.t.s.TourGuideClientRewardsServiceImpl : Service - Distance calculated: 407.07845668045144
2021-11-27 20:34:21.217  INFO 530588 --- [nPool-worker-12] .t.t.s.TourGuideClientRewardsServiceImpl : Service - Distance calculated: 1394.772717083088
2021-11-27 20:34:21.217  INFO 530588 --- [nPool-worker-12] .t.t.s.TourGuideClientRewardsServiceImpl : Service - Distance calculated: 1790.397821954797
2021-11-27 20:34:21.217  INFO 530588 --- [nPool-worker-12] .t.t.s.TourGuideClientRewardsServiceImpl : Service - Distance calculated: 1433.1744800443764
2021-11-27 20:34:21.217  INFO 530588 --- [nPool-worker-12] .t.t.s.TourGuideClientRewardsServiceImpl : Service - Distance calculated: 1255.486907936226
2021-11-27 20:34:21.217  INFO 530588 --- [nPool-worker-12] .t.t.s.TourGuideClientRewardsServiceImpl : Service - Distance calculated: 403.6634543485359
2021-11-27 20:34:21.217  INFO 530588 --- [nPool-worker-12] .t.t.s.TourGuideClientRewardsServiceImpl : Service - Distance calculated: 11412.247406129623
2021-11-27 20:34:21.217  INFO 530588 --- [nPool-worker-12] .t.t.s.TourGuideClientRewardsServiceImpl : Service - Distance calculated: 12102.518283691445
2021-11-27 20:34:21.217  INFO 530588 --- [nPool-worker-12] .t.t.s.TourGuideClientRewardsServiceImpl : Service - Distance calculated: 11571.373445729463
2021-11-27 20:34:21.217  INFO 530588 --- [nPool-worker-12] .t.t.s.TourGuideClientRewardsServiceImpl : Service - Distance calculated: 11489.875382843515
2021-11-27 20:34:21.217  INFO 530588 --- [nPool-worker-12] .t.t.s.TourGuideClientRewardsServiceImpl : Service - Distance calculated: 11600.891414208376
2021-11-27 20:34:21.217  INFO 530588 --- [nPool-worker-12] .t.t.s.TourGuideClientRewardsServiceImpl : Service - Distance calculated: 11535.55128015214
2021-11-27 20:34:21.217  INFO 530588 --- [nPool-worker-12] .t.t.s.TourGuideClientRewardsServiceImpl : Service - Distance calculated: 11520.88619413469
2021-11-27 20:34:21.217  INFO 530588 --- [nPool-worker-12] .t.t.s.TourGuideClientRewardsServiceImpl : Service - Distance calculated: 11272.206188873317
2021-11-27 20:34:21.217  INFO 530588 --- [nPool-worker-12] .t.t.s.TourGuideClientRewardsServiceImpl : Service - Distance calculated: 11267.557817733124
2021-11-27 20:34:21.217  INFO 530588 --- [nPool-worker-12] .t.t.s.TourGuideClientRewardsServiceImpl : Service - Distance calculated: 10248.811282441773
2021-11-27 20:34:21.217  INFO 530588 --- [nPool-worker-12] .t.t.s.TourGuideClientRewardsServiceImpl : Service - Distance calculated: 10874.368954859843
2021-11-27 20:34:21.217  INFO 530588 --- [nPool-worker-12] .t.t.s.TourGuideClientRewardsServiceImpl : Service - Distance calculated: 11126.383828440094
2021-11-27 20:34:21.217  INFO 530588 --- [nPool-worker-12] .t.t.s.TourGuideClientRewardsServiceImpl : Service - Distance calculated: 10978.490917137238
2021-11-27 20:34:21.217  INFO 530588 --- [nPool-worker-12] .t.t.s.TourGuideClientRewardsServiceImpl : Service - Distance calculated: 10634.567943140017
2021-11-27 20:34:21.217  INFO 530588 --- [nPool-worker-12] .t.t.s.TourGuideClientRewardsServiceImpl : Service - Distance calculated: 11408.8310213287
2021-11-27 20:34:21.217  INFO 530588 --- [nPool-worker-12] .t.t.s.TourGuideClientRewardsServiceImpl : Service - Distance calculated: 11256.52943664622
2021-11-27 20:34:21.217  INFO 530588 --- [nPool-worker-12] .t.t.s.TourGuideClientRewardsServiceImpl : Service - Distance calculated: 11242.420890713283
2021-11-27 20:34:21.217  INFO 530588 --- [nPool-worker-12] .t.t.s.TourGuideClientRewardsServiceImpl : Service - Distance calculated: 11217.048508408958
2021-11-27 20:34:21.217  INFO 530588 --- [nPool-worker-12] .t.t.s.TourGuideClientRewardsServiceImpl : Service - Distance calculated: 11400.416401226525
2021-11-27 20:34:21.217  INFO 530588 --- [nPool-worker-12] .t.t.s.TourGuideClientRewardsServiceImpl : Service - Distance calculated: 11383.17893504246
2021-11-27 20:34:21.217  INFO 530588 --- [nPool-worker-12] .t.t.s.TourGuideClientRewardsServiceImpl : Service - Distance calculated: 10788.496719802088
2021-11-27 20:34:21.217  INFO 530588 --- [nPool-worker-12] .t.t.s.TourGuideClientRewardsServiceImpl : Service - Distance calculated: 10762.736315772936
2021-11-27 20:34:21.217  INFO 530588 --- [nPool-worker-12] .t.t.s.TourGuideClientRewardsServiceImpl : Service - Distance calculated: 11569.147370066185
2021-11-27 20:34:21.217  INFO 530588 --- [nPool-worker-12] .t.t.s.TourGuideClientRewardsServiceImpl : Service - Distance calculated: 11813.166261895216
2021-11-27 20:34:21.217  INFO 530588 --- [nPool-worker-12] .t.t.s.TourGuideClientRewardsServiceImpl : Service - Distance calculated: 10871.043553476422
2021-11-27 20:34:21.217  INFO 530588 --- [nPool-worker-12] .t.t.s.TourGuideClientRewardsServiceImpl : Service - Distance calculated: 10772.874962272597
2021-11-27 20:34:21.217  INFO 530588 --- [nPool-worker-12] .t.t.s.TourGuideClientRewardsServiceImpl : Service - Distance calculated: 3971.919967581653
2021-11-27 20:34:21.217  INFO 530588 --- [nPool-worker-12] .t.t.s.TourGuideClientRewardsServiceImpl : Service - Distance calculated: 3254.6016599879554
2021-11-27 20:34:21.217  INFO 530588 --- [nPool-worker-12] .t.t.s.TourGuideClientRewardsServiceImpl : Service - Distance calculated: 3864.760196413894
2021-11-27 20:34:21.217  INFO 530588 --- [nPool-worker-12] .t.t.s.TourGuideClientRewardsServiceImpl : Service - Distance calculated: 3953.7821308671614
2021-11-27 20:34:21.217  INFO 530588 --- [nPool-worker-12] .t.t.s.TourGuideClientRewardsServiceImpl : Service - Distance calculated: 3648.6174200858104
2021-11-27 20:34:21.218  INFO 530588 --- [nPool-worker-12] .t.t.s.TourGuideClientRewardsServiceImpl : Service - Distance calculated: 3750.90539790473
2021-11-27 20:34:21.218  INFO 530588 --- [nPool-worker-12] .t.t.s.TourGuideClientRewardsServiceImpl : Service - Distance calculated: 4055.6700995206184
2021-11-27 20:34:21.218  INFO 530588 --- [nPool-worker-12] .t.t.s.TourGuideClientRewardsServiceImpl : Service - Distance calculated: 3307.6872354631187
2021-11-27 20:34:21.218  INFO 530588 --- [nPool-worker-12] .t.t.s.TourGuideClientRewardsServiceImpl : Service - Distance calculated: 3511.051129692285
2021-11-27 20:34:21.218  INFO 530588 --- [nPool-worker-12] .t.t.s.TourGuideClientRewardsServiceImpl : Service - Distance calculated: 2280.781502606004
2021-11-27 20:34:21.218  INFO 530588 --- [nPool-worker-12] .t.t.s.TourGuideClientRewardsServiceImpl : Service - Distance calculated: 3198.645099086693
2021-11-27 20:34:21.218  INFO 530588 --- [nPool-worker-12] .t.t.s.TourGuideClientRewardsServiceImpl : Service - Distance calculated: 3290.6177678898525
2021-11-27 20:34:21.218  INFO 530588 --- [nPool-worker-12] .t.t.s.TourGuideClientRewardsServiceImpl : Service - Distance calculated: 3343.9916140119426
2021-11-27 20:34:21.218  INFO 530588 --- [nPool-worker-12] .t.t.s.TourGuideClientRewardsServiceImpl : Service - Distance calculated: 4187.752297572569
2021-11-27 20:34:21.218  INFO 530588 --- [nPool-worker-12] .t.t.s.TourGuideClientRewardsServiceImpl : Service - Distance calculated: 4074.0144986683626
2021-11-27 20:34:21.218  INFO 530588 --- [nPool-worker-12] .t.t.s.TourGuideClientRewardsServiceImpl : Service - Distance calculated: 3803.299519291149
2021-11-27 20:34:21.218  INFO 530588 --- [nPool-worker-12] .t.t.s.TourGuideClientRewardsServiceImpl : Service - Distance calculated: 4019.864179135914
2021-11-27 20:34:21.218  INFO 530588 --- [nPool-worker-12] .t.t.s.TourGuideClientRewardsServiceImpl : Service - Distance calculated: 3590.7019324444323
2021-11-27 20:34:21.218  INFO 530588 --- [nPool-worker-12] .t.t.s.TourGuideClientRewardsServiceImpl : Service - Distance calculated: 4041.9159389988486
2021-11-27 20:34:21.218  INFO 530588 --- [nPool-worker-12] .t.t.s.TourGuideClientRewardsServiceImpl : Service - Distance calculated: 4040.892425742822
2021-11-27 20:34:21.218  INFO 530588 --- [nPool-worker-12] .t.t.s.TourGuideClientRewardsServiceImpl : Service - Distance calculated: 4125.982990012074
2021-11-27 20:34:21.218  INFO 530588 --- [nPool-worker-12] .t.t.s.TourGuideClientRewardsServiceImpl : Service - Distance calculated: 3073.846155284558
2021-11-27 20:34:21.218  INFO 530588 --- [nPool-worker-12] .t.t.s.TourGuideClientRewardsServiceImpl : Service - Distance calculated: 4033.1482709334514
2021-11-27 20:34:21.218  INFO 530588 --- [nPool-worker-12] .t.t.s.TourGuideClientRewardsServiceImpl : Service - Distance calculated: 3453.921431212117
2021-11-27 20:34:21.218  INFO 530588 --- [nPool-worker-12] .t.t.s.TourGuideClientRewardsServiceImpl : Service - Distance calculated: 3190.2578459199462
2021-11-27 20:34:21.218  INFO 530588 --- [nPool-worker-12] .t.t.s.TourGuideClientRewardsServiceImpl : Service - Distance calculated: 4092.2771531041526
2021-11-27 20:34:21.218  INFO 530588 --- [nPool-worker-12] .t.t.s.TourGuideClientRewardsServiceImpl : Service - Distance calculated: 5.8950310023474215E-5
2021-11-27 20:34:21.218  INFO 530588 --- [nPool-worker-12] .t.t.s.TourGuideClientRewardsServiceImpl : Service - Distance calculated: 774.5207212649109
2021-11-27 20:34:21.218  INFO 530588 --- [nPool-worker-12] .t.t.s.TourGuideClientRewardsServiceImpl : Service - Distance calculated: 164.91310606753288
2021-11-27 20:34:21.218  INFO 530588 --- [nPool-worker-12] .t.t.s.TourGuideClientRewardsServiceImpl : Service - Distance calculated: 115.99464245531166
2021-11-27 20:34:21.218  INFO 530588 --- [nPool-worker-12] .t.t.s.TourGuideClientRewardsServiceImpl : Service - Distance calculated: 1428.8577204882306
2021-11-27 20:34:21.218  INFO 530588 --- [nPool-worker-12] .t.t.s.TourGuideClientRewardsServiceImpl : Service - Distance calculated: 1418.571827418631
2021-11-27 20:34:21.218  INFO 530588 --- [nPool-worker-12] .t.t.s.TourGuideClientRewardsServiceImpl : Service - Distance calculated: 460.11990361699293
2021-11-27 20:34:21.218  INFO 530588 --- [nPool-worker-12] .t.t.s.TourGuideClientRewardsServiceImpl : Service - Distance calculated: 1992.7911930022951
2021-11-27 20:34:21.218  INFO 530588 --- [nPool-worker-12] .t.t.s.TourGuideClientRewardsServiceImpl : Service - Distance calculated: 1906.7972782801585
2021-11-27 20:34:21.218  INFO 530588 --- [nPool-worker-12] .t.t.s.TourGuideClientRewardsServiceImpl : Service - Distance calculated: 2360.645624935619
2021-11-27 20:34:21.218  INFO 530588 --- [nPool-worker-12] .t.t.s.TourGuideClientRewardsServiceImpl : Service - Distance calculated: 2434.494471527265
2021-11-27 20:34:21.218  INFO 530588 --- [nPool-worker-12] .t.t.s.TourGuideClientRewardsServiceImpl : Service - Distance calculated: 2148.3967563579567
2021-11-27 20:34:21.218  INFO 530588 --- [nPool-worker-12] .t.t.s.TourGuideClientRewardsServiceImpl : Service - Distance calculated: 2282.746325565392
2021-11-27 20:34:21.218  INFO 530588 --- [nPool-worker-12] .t.t.s.TourGuideClientRewardsServiceImpl : Service - Distance calculated: 2289.4339721013357
2021-11-27 20:34:21.218  INFO 530588 --- [nPool-worker-12] .t.t.s.TourGuideClientRewardsServiceImpl : Service - Distance calculated: 1204.372289719331
2021-11-27 20:34:21.218  INFO 530588 --- [nPool-worker-12] .t.t.s.TourGuideClientRewardsServiceImpl : Service - Distance calculated: 1742.5694022642394
2021-11-27 20:34:21.218  INFO 530588 --- [nPool-worker-12] .t.t.s.TourGuideClientRewardsServiceImpl : Service - Distance calculated: 1576.7472428725728
2021-11-27 20:34:21.218  INFO 530588 --- [nPool-worker-12] .t.t.s.TourGuideClientRewardsServiceImpl : Service - Distance calculated: 1921.4807999190489
2021-11-27 20:34:21.218  INFO 530588 --- [nPool-worker-12] .t.t.s.TourGuideClientRewardsServiceImpl : Service - Distance calculated: 1277.6245433336508
2021-11-27 20:34:21.218  INFO 530588 --- [nPool-worker-12] .t.t.s.TourGuideClientRewardsServiceImpl : Service - Distance calculated: 87.03441722159666
2021-11-27 20:34:21.218  INFO 530588 --- [nPool-worker-12] .t.t.s.TourGuideClientRewardsServiceImpl : Service - Distance calculated: 2127.2478407793283
2021-11-27 20:34:21.218  INFO 530588 --- [nPool-worker-12] .t.t.s.TourGuideClientRewardsServiceImpl : Service - Distance calculated: 2578.910516018122
2021-11-27 20:34:21.218  INFO 530588 --- [nPool-worker-12] .t.t.s.TourGuideClientRewardsServiceImpl : Service - Distance calculated: 680.6158831369517
2021-11-27 20:34:21.218  INFO 530588 --- [nPool-worker-12] .t.t.s.TourGuideClientRewardsServiceImpl : Service - Distance calculated: 1344.090272349311
2021-11-27 20:34:21.218  INFO 530588 --- [nPool-worker-12] .t.t.s.TourGuideClientRewardsServiceImpl : Service - Distance calculated: 2440.177336041544
2021-11-27 20:34:21.218  INFO 530588 --- [nPool-worker-12] .t.t.s.TourGuideClientRewardsServiceImpl : Service - Distance calculated: 2168.830527042806
2021-11-27 20:34:21.215  INFO 530588 --- [nPool-worker-13] .t.t.s.TourGuideClientRewardsServiceImpl : Service - Distance calculated: 5256.737898089711
2021-11-27 20:34:21.217  INFO 530588 --- [onPool-worker-2] .t.t.s.TourGuideClientRewardsServiceImpl : Service - Distance calculated: 2814.096297019217
2021-11-27 20:34:21.218  INFO 530588 --- [nPool-worker-13] .t.t.s.TourGuideClientRewardsServiceImpl : Service - Distance calculated: 6048.47963942588
2021-11-27 20:34:21.218  INFO 530588 --- [nPool-worker-13] .t.t.s.TourGuideClientRewardsServiceImpl : Service - Distance calculated: 6782.656857201661
2021-11-27 20:34:21.218  INFO 530588 --- [nPool-worker-12] .t.t.s.TourGuideClientRewardsServiceImpl : Service - Calculate rewards points for user: internalUser23
2021-11-27 20:34:21.218  INFO 530588 --- [onPool-worker-2] .t.t.s.TourGuideClientRewardsServiceImpl : Service - Distance calculated: 2968.3805609751334
2021-11-27 20:34:21.218  INFO 530588 --- [nPool-worker-13] .t.t.s.TourGuideClientRewardsServiceImpl : Service - Distance calculated: 5499.735969387484
2021-11-27 20:34:21.219  INFO 530588 --- [onPool-worker-2] .t.t.s.TourGuideClientRewardsServiceImpl : Service - Distance calculated: 2521.4855114021734
2021-11-27 20:34:21.219  INFO 530588 --- [nPool-worker-13] .t.t.s.TourGuideClientRewardsServiceImpl : Service - Distance calculated: 4443.243373331545
2021-11-27 20:34:21.219  INFO 530588 --- [onPool-worker-2] .t.t.s.TourGuideClientRewardsServiceImpl : Service - Distance calculated: 2697.4749479888374
2021-11-27 20:34:21.219  INFO 530588 --- [nPool-worker-13] .t.t.s.TourGuideClientRewardsServiceImpl : Service - Distance calculated: 6426.33332904402
2021-11-27 20:34:21.219  INFO 530588 --- [onPool-worker-2] .t.t.s.TourGuideClientRewardsServiceImpl : Service - Distance calculated: 1410.5632101106412
2021-11-27 20:34:21.219  INFO 530588 --- [nPool-worker-13] .t.t.s.TourGuideClientRewardsServiceImpl : Service - Distance calculated: 5595.956010404865
2021-11-27 20:34:21.219  INFO 530588 --- [onPool-worker-2] .t.t.s.TourGuideClientRewardsServiceImpl : Service - Distance calculated: 2558.2556475813294
2021-11-27 20:34:21.219  INFO 530588 --- [nPool-worker-13] .t.t.s.TourGuideClientRewardsServiceImpl : Service - Distance calculated: 4616.937668266254
2021-11-27 20:34:21.219  INFO 530588 --- [onPool-worker-2] .t.t.s.TourGuideClientRewardsServiceImpl : Service - Distance calculated: 2552.7486308425837
2021-11-27 20:34:21.219  INFO 530588 --- [nPool-worker-13] .t.t.s.TourGuideClientRewardsServiceImpl : Service - Distance calculated: 5439.367915898802
2021-11-27 20:34:21.219  INFO 530588 --- [onPool-worker-2] .t.t.s.TourGuideClientRewardsServiceImpl : Service - Distance calculated: 2647.4346650208145
2021-11-27 20:34:21.219  INFO 530588 --- [nPool-worker-13] .t.t.s.TourGuideClientRewardsServiceImpl : Service - Distance calculated: 7382.244300807394
2021-11-27 20:34:21.219  INFO 530588 --- [onPool-worker-2] .t.t.s.TourGuideClientRewardsServiceImpl : Service - Distance calculated: 3431.6792680179096
2021-11-27 20:34:21.219  INFO 530588 --- [nPool-worker-13] .t.t.s.TourGuideClientRewardsServiceImpl : Service - Distance calculated: 7615.762936685597
2021-11-27 20:34:21.219  INFO 530588 --- [onPool-worker-2] .t.t.s.TourGuideClientRewardsServiceImpl : Service - Distance calculated: 3086.0889779666545
2021-11-27 20:34:21.219  INFO 530588 --- [nPool-worker-13] .t.t.s.TourGuideClientRewardsServiceImpl : Service - Distance calculated: 7503.422071559569
2021-11-27 20:34:21.219  INFO 530588 --- [onPool-worker-2] .t.t.s.TourGuideClientRewardsServiceImpl : Service - Distance calculated: 2938.201629421321
2021-11-27 20:34:21.219  INFO 530588 --- [nPool-worker-13] .t.t.s.TourGuideClientRewardsServiceImpl : Service - Distance calculated: 7496.140217471747
2021-11-27 20:34:21.219  INFO 530588 --- [onPool-worker-2] .t.t.s.TourGuideClientRewardsServiceImpl : Service - Distance calculated: 3106.7433171219914
2021-11-27 20:34:21.219  INFO 530588 --- [nPool-worker-13] .t.t.s.TourGuideClientRewardsServiceImpl : Service - Distance calculated: 8697.129723090675
2021-11-27 20:34:21.219  INFO 530588 --- [onPool-worker-2] .t.t.s.TourGuideClientRewardsServiceImpl : Service - Distance calculated: 2779.0147424946317
2021-11-27 20:34:21.219  INFO 530588 --- [nPool-worker-13] .t.t.s.TourGuideClientRewardsServiceImpl : Service - Distance calculated: 8727.349777512563
2021-11-27 20:34:21.219  INFO 530588 --- [onPool-worker-2] .t.t.s.TourGuideClientRewardsServiceImpl : Service - Distance calculated: 3068.5072715742517
2021-11-27 20:34:21.219  INFO 530588 --- [nPool-worker-13] .t.t.s.TourGuideClientRewardsServiceImpl : Service - Distance calculated: 7838.700955115756
2021-11-27 20:34:21.219  INFO 530588 --- [onPool-worker-2] .t.t.s.TourGuideClientRewardsServiceImpl : Service - Distance calculated: 2926.7355836634856
2021-11-27 20:34:21.219  INFO 530588 --- [nPool-worker-13] .t.t.s.TourGuideClientRewardsServiceImpl : Service - Distance calculated: 9021.869492190557
2021-11-27 20:34:21.219  INFO 530588 --- [onPool-worker-2] .t.t.s.TourGuideClientRewardsServiceImpl : Service - Distance calculated: 3333.9529272904833
2021-11-27 20:34:21.219  INFO 530588 --- [nPool-worker-13] .t.t.s.TourGuideClientRewardsServiceImpl : Service - Distance calculated: 9068.284098342674
2021-11-27 20:34:21.219  INFO 530588 --- [onPool-worker-2] .t.t.s.TourGuideClientRewardsServiceImpl : Service - Distance calculated: 2490.347819238242
2021-11-27 20:34:21.219  INFO 530588 --- [nPool-worker-13] .t.t.s.TourGuideClientRewardsServiceImpl : Service - Distance calculated: 5943.951137419233
2021-11-27 20:34:21.219  INFO 530588 --- [onPool-worker-2] .t.t.s.TourGuideClientRewardsServiceImpl : Service - Distance calculated: 2969.69039376636
2021-11-27 20:34:21.219  INFO 530588 --- [nPool-worker-13] .t.t.s.TourGuideClientRewardsServiceImpl : Service - Distance calculated: 9300.072981582029
2021-11-27 20:34:21.219  INFO 530588 --- [onPool-worker-2] .t.t.s.TourGuideClientRewardsServiceImpl : Service - Distance calculated: 2498.177420976112
2021-11-27 20:34:21.219  INFO 530588 --- [nPool-worker-13] .t.t.s.TourGuideClientRewardsServiceImpl : Service - Distance calculated: 9140.925606223806
2021-11-27 20:34:21.219  INFO 530588 --- [onPool-worker-2] .t.t.s.TourGuideClientRewardsServiceImpl : Service - Distance calculated: 2552.168885866304
2021-11-27 20:34:21.219  INFO 530588 --- [nPool-worker-13] .t.t.s.TourGuideClientRewardsServiceImpl : Service - Distance calculated: 9284.117657218745
2021-11-27 20:34:21.219  INFO 530588 --- [onPool-worker-2] .t.t.s.TourGuideClientRewardsServiceImpl : Service - Distance calculated: 3313.964568228322
2021-11-27 20:34:21.219  INFO 530588 --- [nPool-worker-13] .t.t.s.TourGuideClientRewardsServiceImpl : Service - Distance calculated: 9651.691316905584
2021-11-27 20:34:21.219  INFO 530588 --- [onPool-worker-2] .t.t.s.TourGuideClientRewardsServiceImpl : Service - Distance calculated: 6608.002545174403
2021-11-27 20:34:21.219  INFO 530588 --- [nPool-worker-13] .t.t.s.TourGuideClientRewardsServiceImpl : Service - Distance calculated: 8585.811609756222
2021-11-27 20:34:21.219  INFO 530588 --- [onPool-worker-2] .t.t.s.TourGuideClientRewardsServiceImpl : Service - Distance calculated: 6844.8060941733365
2021-11-27 20:34:21.219  INFO 530588 --- [nPool-worker-13] .t.t.s.TourGuideClientRewardsServiceImpl : Service - Distance calculated: 9048.431902628912
2021-11-27 20:34:21.219  INFO 530588 --- [onPool-worker-2] .t.t.s.TourGuideClientRewardsServiceImpl : Service - Distance calculated: 6727.83936444009
2021-11-27 20:34:21.219  INFO 530588 --- [nPool-worker-13] .t.t.s.TourGuideClientRewardsServiceImpl : Service - Distance calculated: 8945.104144698455
2021-11-27 20:34:21.219  INFO 530588 --- [onPool-worker-2] .t.t.s.TourGuideClientRewardsServiceImpl : Service - Distance calculated: 6721.574042785054
2021-11-27 20:34:21.219  INFO 530588 --- [nPool-worker-13] .t.t.s.TourGuideClientRewardsServiceImpl : Service - Distance calculated: 9122.008454233595
2021-11-27 20:34:21.219  INFO 530588 --- [onPool-worker-2] .t.t.s.TourGuideClientRewardsServiceImpl : Service - Distance calculated: 7923.175518377195
2021-11-27 20:34:21.219  INFO 530588 --- [nPool-worker-13] .t.t.s.TourGuideClientRewardsServiceImpl : Service - Distance calculated: 8656.154648333315
2021-11-27 20:34:21.219  INFO 530588 --- [onPool-worker-2] .t.t.s.TourGuideClientRewardsServiceImpl : Service - Distance calculated: 7951.956327139066
2021-11-27 20:34:21.219  INFO 530588 --- [nPool-worker-13] .t.t.s.TourGuideClientRewardsServiceImpl : Service - Distance calculated: 7437.032181568547
2021-11-27 20:34:21.219  INFO 530588 --- [onPool-worker-2] .t.t.s.TourGuideClientRewardsServiceImpl : Service - Distance calculated: 7065.350049310439
2021-11-27 20:34:21.219  INFO 530588 --- [nPool-worker-13] .t.t.s.TourGuideClientRewardsServiceImpl : Service - Distance calculated: 9488.15388588509
2021-11-27 20:34:21.219  INFO 530588 --- [onPool-worker-2] .t.t.s.TourGuideClientRewardsServiceImpl : Service - Distance calculated: 8267.455274793165
2021-11-27 20:34:21.219  INFO 530588 --- [nPool-worker-13] .t.t.s.TourGuideClientRewardsServiceImpl : Service - Distance calculated: 9308.409354790325
2021-11-27 20:34:21.219  INFO 530588 --- [onPool-worker-2] .t.t.s.TourGuideClientRewardsServiceImpl : Service - Distance calculated: 8303.511688806964
2021-11-27 20:34:21.219  INFO 530588 --- [nPool-worker-13] .t.t.s.TourGuideClientRewardsServiceImpl : Service - Distance calculated: 8062.802704909263
2021-11-27 20:34:21.219  INFO 530588 --- [onPool-worker-2] .t.t.s.TourGuideClientRewardsServiceImpl : Service - Distance calculated: 5231.490881534808
2021-11-27 20:34:21.219  INFO 530588 --- [nPool-worker-13] .t.t.s.TourGuideClientRewardsServiceImpl : Service - Distance calculated: 8515.966163998504
2021-11-27 20:34:21.219  INFO 530588 --- [onPool-worker-2] .t.t.s.TourGuideClientRewardsServiceImpl : Service - Distance calculated: 8569.852444055266
2021-11-27 20:34:21.219  INFO 530588 --- [nPool-worker-13] .t.t.s.TourGuideClientRewardsServiceImpl : Service - Distance calculated: 9298.158961115538
2021-11-27 20:34:21.219  INFO 530588 --- [onPool-worker-2] .t.t.s.TourGuideClientRewardsServiceImpl : Service - Distance calculated: 8392.412239972855
2021-11-27 20:34:21.219  INFO 530588 --- [nPool-worker-13] .t.t.s.TourGuideClientRewardsServiceImpl : Service - Distance calculated: 9520.621884420163
2021-11-27 20:34:21.219  INFO 530588 --- [onPool-worker-2] .t.t.s.TourGuideClientRewardsServiceImpl : Service - Distance calculated: 8537.982626658091
2021-11-27 20:34:21.219  INFO 530588 --- [nPool-worker-13] .t.t.s.TourGuideClientRewardsServiceImpl : Service - Distance calculated: 8913.662251430007
2021-11-27 20:34:21.219  INFO 530588 --- [onPool-worker-2] .t.t.s.TourGuideClientRewardsServiceImpl : Service - Distance calculated: 8875.44770559078
2021-11-27 20:34:21.219  INFO 530588 --- [nPool-worker-13] .t.t.s.TourGuideClientRewardsServiceImpl : Service - Distance calculated: 8778.608839116669
2021-11-27 20:34:21.219  INFO 530588 --- [onPool-worker-2] .t.t.s.TourGuideClientRewardsServiceImpl : Service - Distance calculated: 7810.833457340464
2021-11-27 20:34:21.219  INFO 530588 --- [nPool-worker-13] .t.t.s.TourGuideClientRewardsServiceImpl : Service - Distance calculated: 8819.856060742582
2021-11-27 20:34:21.219  INFO 530588 --- [onPool-worker-2] .t.t.s.TourGuideClientRewardsServiceImpl : Service - Distance calculated: 8273.914196275371
2021-11-27 20:34:21.219  INFO 530588 --- [nPool-worker-13] .t.t.s.TourGuideClientRewardsServiceImpl : Service - Distance calculated: 8807.905961142418
2021-11-27 20:34:21.219  INFO 530588 --- [onPool-worker-2] .t.t.s.TourGuideClientRewardsServiceImpl : Service - Distance calculated: 8168.821806024467
2021-11-27 20:34:21.219  INFO 530588 --- [nPool-worker-13] .t.t.s.TourGuideClientRewardsServiceImpl : Service - Distance calculated: 7692.980653518629
2021-11-27 20:34:21.219  INFO 530588 --- [onPool-worker-2] .t.t.s.TourGuideClientRewardsServiceImpl : Service - Distance calculated: 8354.756184827673
2021-11-27 20:34:21.219  INFO 530588 --- [nPool-worker-13] .t.t.s.TourGuideClientRewardsServiceImpl : Service - Distance calculated: 7656.178624194104
2021-11-27 20:34:21.219  INFO 530588 --- [onPool-worker-2] .t.t.s.TourGuideClientRewardsServiceImpl : Service - Distance calculated: 7880.588930783864
2021-11-27 20:34:21.219  INFO 530588 --- [nPool-worker-13] .t.t.s.TourGuideClientRewardsServiceImpl : Service - Distance calculated: 8456.318922531946
2021-11-27 20:34:21.219  INFO 530588 --- [onPool-worker-2] .t.t.s.TourGuideClientRewardsServiceImpl : Service - Distance calculated: 6663.902099350705
2021-11-27 20:34:21.219  INFO 530588 --- [nPool-worker-13] .t.t.s.TourGuideClientRewardsServiceImpl : Service - Distance calculated: 7356.807169331816
2021-11-27 20:34:21.219  INFO 530588 --- [nPool-worker-13] .t.t.s.TourGuideClientRewardsServiceImpl : Service - Distance calculated: 7324.697859736316
2021-11-27 20:34:21.219  INFO 530588 --- [onPool-worker-2] .t.t.s.TourGuideClientRewardsServiceImpl : Service - Distance calculated: 8711.88636598689
2021-11-27 20:34:21.219  INFO 530588 --- [nPool-worker-13] .t.t.s.TourGuideClientRewardsServiceImpl : Service - Distance calculated: 10229.638065485444
2021-11-27 20:34:21.219  INFO 530588 --- [onPool-worker-2] .t.t.s.TourGuideClientRewardsServiceImpl : Service - Distance calculated: 8595.478492830196
2021-11-27 20:34:21.219  INFO 530588 --- [nPool-worker-13] .t.t.s.TourGuideClientRewardsServiceImpl : Service - Distance calculated: 7029.988143735682
2021-11-27 20:34:21.219  INFO 530588 --- [onPool-worker-2] .t.t.s.TourGuideClientRewardsServiceImpl : Service - Distance calculated: 7288.616727888619
2021-11-27 20:34:21.219  INFO 530588 --- [nPool-worker-13] .t.t.s.TourGuideClientRewardsServiceImpl : Service - Distance calculated: 7227.211842750314
2021-11-27 20:34:21.219  INFO 530588 --- [onPool-worker-2] .t.t.s.TourGuideClientRewardsServiceImpl : Service - Distance calculated: 7745.233976650365
2021-11-27 20:34:21.219  INFO 530588 --- [nPool-worker-13] .t.t.s.TourGuideClientRewardsServiceImpl : Service - Distance calculated: 7079.989845034443
2021-11-27 20:34:21.219  INFO 530588 --- [onPool-worker-2] .t.t.s.TourGuideClientRewardsServiceImpl : Service - Distance calculated: 8568.78434914092
2021-11-27 20:34:21.219  INFO 530588 --- [nPool-worker-13] .t.t.s.TourGuideClientRewardsServiceImpl : Service - Distance calculated: 6726.754662210303
2021-11-27 20:34:21.219  INFO 530588 --- [onPool-worker-2] .t.t.s.TourGuideClientRewardsServiceImpl : Service - Distance calculated: 8744.682099561249
2021-11-27 20:34:21.219  INFO 530588 --- [nPool-worker-13] .t.t.s.TourGuideClientRewardsServiceImpl : Service - Distance calculated: 7745.951512718734
2021-11-27 20:34:21.219  INFO 530588 --- [onPool-worker-2] .t.t.s.TourGuideClientRewardsServiceImpl : Service - Distance calculated: 7753.129532786111
2021-11-27 20:34:21.219  INFO 530588 --- [nPool-worker-13] .t.t.s.TourGuideClientRewardsServiceImpl : Service - Distance calculated: 7340.560593064845
2021-11-27 20:34:21.219  INFO 530588 --- [onPool-worker-2] .t.t.s.TourGuideClientRewardsServiceImpl : Service - Distance calculated: 7137.904054510763
2021-11-27 20:34:21.219  INFO 530588 --- [nPool-worker-13] .t.t.s.TourGuideClientRewardsServiceImpl : Service - Distance calculated: 7416.3743276046325
2021-11-27 20:34:21.219  INFO 530588 --- [onPool-worker-2] .t.t.s.TourGuideClientRewardsServiceImpl : Service - Distance calculated: 7687.166617492253
2021-11-27 20:34:21.219  INFO 530588 --- [onPool-worker-2] .t.t.s.TourGuideClientRewardsServiceImpl : Service - Distance calculated: 7769.495924092022
2021-11-27 20:34:21.219  INFO 530588 --- [nPool-worker-13] .t.t.s.TourGuideClientRewardsServiceImpl : Service - Distance calculated: 7272.726479796409
2021-11-27 20:34:21.219  INFO 530588 --- [onPool-worker-2] .t.t.s.TourGuideClientRewardsServiceImpl : Service - Distance calculated: 7601.590948970763
2021-11-27 20:34:21.219  INFO 530588 --- [nPool-worker-13] .t.t.s.TourGuideClientRewardsServiceImpl : Service - Distance calculated: 7685.613017335353
2021-11-27 20:34:21.219  INFO 530588 --- [onPool-worker-2] .t.t.s.TourGuideClientRewardsServiceImpl : Service - Distance calculated: 7703.855256598224
2021-11-27 20:34:21.219  INFO 530588 --- [nPool-worker-13] .t.t.s.TourGuideClientRewardsServiceImpl : Service - Distance calculated: 8844.032707533128
2021-11-27 20:34:21.219  INFO 530588 --- [onPool-worker-2] .t.t.s.TourGuideClientRewardsServiceImpl : Service - Distance calculated: 7948.415943258953
2021-11-27 20:34:21.219  INFO 530588 --- [nPool-worker-13] .t.t.s.TourGuideClientRewardsServiceImpl : Service - Distance calculated: 6888.726253765032
2021-11-27 20:34:21.219  INFO 530588 --- [onPool-worker-2] .t.t.s.TourGuideClientRewardsServiceImpl : Service - Distance calculated: 7187.072688757748
2021-11-27 20:34:21.219  INFO 530588 --- [nPool-worker-13] .t.t.s.TourGuideClientRewardsServiceImpl : Service - Distance calculated: 6980.241644797176
2021-11-27 20:34:21.219  INFO 530588 --- [onPool-worker-2] .t.t.s.TourGuideClientRewardsServiceImpl : Service - Distance calculated: 7399.725862892439
2021-11-27 20:34:21.219  INFO 530588 --- [nPool-worker-13] .t.t.s.TourGuideClientRewardsServiceImpl : Service - Distance calculated: 8248.366709875854
2021-11-27 20:34:21.219  INFO 530588 --- [onPool-worker-2] .t.t.s.TourGuideClientRewardsServiceImpl : Service - Distance calculated: 5471.329351258455
2021-11-27 20:34:21.219  INFO 530588 --- [nPool-worker-13] .t.t.s.TourGuideClientRewardsServiceImpl : Service - Distance calculated: 7878.960257731301
2021-11-27 20:34:21.219  INFO 530588 --- [nPool-worker-13] .t.t.s.TourGuideClientRewardsServiceImpl : Service - Distance calculated: 7029.934513139739
2021-11-27 20:34:21.219  INFO 530588 --- [onPool-worker-2] .t.t.s.TourGuideClientRewardsServiceImpl : Service - Distance calculated: 6961.292124393012
2021-11-27 20:34:21.219  INFO 530588 --- [nPool-worker-13] .t.t.s.TourGuideClientRewardsServiceImpl : Service - Distance calculated: 6861.57910776766
2021-11-27 20:34:21.219  INFO 530588 --- [onPool-worker-2] .t.t.s.TourGuideClientRewardsServiceImpl : Service - Distance calculated: 7133.093781306951
2021-11-27 20:34:21.219  INFO 530588 --- [nPool-worker-13] .t.t.s.TourGuideClientRewardsServiceImpl : Service - Distance calculated: 3987.4586658012995
2021-11-27 20:34:21.219  INFO 530588 --- [nPool-worker-13] .t.t.s.TourGuideClientRewardsServiceImpl : Service - Distance calculated: 3999.6152692758665
2021-11-27 20:34:21.216  INFO 530588 --- [nPool-worker-15] .t.t.s.TourGuideClientRewardsServiceImpl : Service - Distance calculated: 7349.954680316433
2021-11-27 20:34:21.219  INFO 530588 --- [nPool-worker-13] .t.t.s.TourGuideClientRewardsServiceImpl : Service - Distance calculated: 4060.46029419238
2021-11-27 20:34:21.220  INFO 530588 --- [nPool-worker-13] .t.t.s.TourGuideClientRewardsServiceImpl : Service - Distance calculated: 4085.2614305567554
2021-11-27 20:34:21.220  INFO 530588 --- [nPool-worker-15] .t.t.s.TourGuideClientRewardsServiceImpl : Service - Distance calculated: 6716.557281884065
2021-11-27 20:34:21.220  INFO 530588 --- [nPool-worker-13] .t.t.s.TourGuideClientRewardsServiceImpl : Service - Distance calculated: 5085.625043317942
2021-11-27 20:34:21.220  INFO 530588 --- [nPool-worker-13] .t.t.s.TourGuideClientRewardsServiceImpl : Service - Distance calculated: 5136.168190574484
2021-11-27 20:34:21.220  INFO 530588 --- [nPool-worker-13] .t.t.s.TourGuideClientRewardsServiceImpl : Service - Distance calculated: 4433.190370733477
2021-11-27 20:34:21.220  INFO 530588 --- [nPool-worker-13] .t.t.s.TourGuideClientRewardsServiceImpl : Service - Distance calculated: 5336.5678560134775
2021-11-27 20:34:21.220  INFO 530588 --- [nPool-worker-13] .t.t.s.TourGuideClientRewardsServiceImpl : Service - Distance calculated: 5401.170091293947
2021-11-27 20:34:21.220  INFO 530588 --- [nPool-worker-13] .t.t.s.TourGuideClientRewardsServiceImpl : Service - Distance calculated: 2268.6012963109215
2021-11-27 20:34:21.220  INFO 530588 --- [nPool-worker-13] .t.t.s.TourGuideClientRewardsServiceImpl : Service - Distance calculated: 5610.864845595486
2021-11-27 20:34:21.220  INFO 530588 --- [nPool-worker-13] .t.t.s.TourGuideClientRewardsServiceImpl : Service - Distance calculated: 5450.916602019293
2021-11-27 20:34:21.220  INFO 530588 --- [nPool-worker-13] .t.t.s.TourGuideClientRewardsServiceImpl : Service - Distance calculated: 5593.02416279226
2021-11-27 20:34:21.220  INFO 530588 --- [nPool-worker-13] .t.t.s.TourGuideClientRewardsServiceImpl : Service - Distance calculated: 6057.677520455329
2021-11-27 20:34:21.220  INFO 530588 --- [nPool-worker-13] .t.t.s.TourGuideClientRewardsServiceImpl : Service - Distance calculated: 5102.610724870383
2021-11-27 20:34:21.220  INFO 530588 --- [nPool-worker-13] .t.t.s.TourGuideClientRewardsServiceImpl : Service - Distance calculated: 5435.542068995031
2021-11-27 20:34:21.220  INFO 530588 --- [nPool-worker-13] .t.t.s.TourGuideClientRewardsServiceImpl : Service - Distance calculated: 5400.171366347329
2021-11-27 20:34:21.220  INFO 530588 --- [nPool-worker-15] .t.t.s.TourGuideClientRewardsServiceImpl : Service - Distance calculated: 7186.49514786354
2021-11-27 20:34:21.220  INFO 530588 --- [nPool-worker-13] .t.t.s.TourGuideClientRewardsServiceImpl : Service - Distance calculated: 5462.142988945592
2021-11-27 20:34:21.220  INFO 530588 --- [nPool-worker-15] .t.t.s.TourGuideClientRewardsServiceImpl : Service - Distance calculated: 7243.852562371231
2021-11-27 20:34:21.220  INFO 530588 --- [nPool-worker-13] .t.t.s.TourGuideClientRewardsServiceImpl : Service - Distance calculated: 5153.992048333107
2021-11-27 20:34:21.220  INFO 530588 --- [nPool-worker-15] .t.t.s.TourGuideClientRewardsServiceImpl : Service - Distance calculated: 5958.274297923086
2021-11-27 20:34:21.220  INFO 530588 --- [nPool-worker-13] .t.t.s.TourGuideClientRewardsServiceImpl : Service - Distance calculated: 4063.794231078607
2021-11-27 20:34:21.220  INFO 530588 --- [nPool-worker-15] .t.t.s.TourGuideClientRewardsServiceImpl : Service - Distance calculated: 5994.5187053423115
2021-11-27 20:34:21.220  INFO 530588 --- [nPool-worker-13] .t.t.s.TourGuideClientRewardsServiceImpl : Service - Distance calculated: 5900.612458272147
2021-11-27 20:34:21.220  INFO 530588 --- [nPool-worker-15] .t.t.s.TourGuideClientRewardsServiceImpl : Service - Distance calculated: 7004.3080813846755
2021-11-27 20:34:21.220  INFO 530588 --- [nPool-worker-13] .t.t.s.TourGuideClientRewardsServiceImpl : Service - Distance calculated: 5631.232501313415
2021-11-27 20:34:21.220  INFO 530588 --- [nPool-worker-15] .t.t.s.TourGuideClientRewardsServiceImpl : Service - Distance calculated: 5361.780772308957
2021-11-27 20:34:21.220  INFO 530588 --- [nPool-worker-13] .t.t.s.TourGuideClientRewardsServiceImpl : Service - Distance calculated: 4625.988750760376
2021-11-27 20:34:21.220  INFO 530588 --- [nPool-worker-15] .t.t.s.TourGuideClientRewardsServiceImpl : Service - Distance calculated: 5470.443510422291
2021-11-27 20:34:21.220  INFO 530588 --- [nPool-worker-13] .t.t.s.TourGuideClientRewardsServiceImpl : Service - Distance calculated: 4881.165450800625
2021-11-27 20:34:21.220  INFO 530588 --- [nPool-worker-15] .t.t.s.TourGuideClientRewardsServiceImpl : Service - Distance calculated: 7160.243731320966
2021-11-27 20:34:21.220  INFO 530588 --- [nPool-worker-13] .t.t.s.TourGuideClientRewardsServiceImpl : Service - Distance calculated: 5609.3391010070645
2021-11-27 20:34:21.220  INFO 530588 --- [nPool-worker-15] .t.t.s.TourGuideClientRewardsServiceImpl : Service - Distance calculated: 4917.289784677304
2021-11-27 20:34:21.220  INFO 530588 --- [nPool-worker-15] .t.t.s.TourGuideClientRewardsServiceImpl : Service - Distance calculated: 5206.6883939107865
2021-11-27 20:34:21.220  INFO 530588 --- [nPool-worker-15] .t.t.s.TourGuideClientRewardsServiceImpl : Service - Distance calculated: 5078.315869478525
2021-11-27 20:34:21.220  INFO 530588 --- [onPool-worker-2] .t.t.s.TourGuideClientRewardsServiceImpl : Service - Distance calculated: 7145.027922799972
2021-11-27 20:34:21.220  INFO 530588 --- [nPool-worker-15] .t.t.s.TourGuideClientRewardsServiceImpl : Service - Distance calculated: 5319.043238752057
2021-11-27 20:34:21.220  INFO 530588 --- [nPool-worker-13] .t.t.s.TourGuideClientRewardsServiceImpl : Service - Distance calculated: 5919.77300989391
2021-11-27 20:34:21.220  INFO 530588 --- [nPool-worker-15] .t.t.s.TourGuideClientRewardsServiceImpl : Service - Distance calculated: 6327.317147330306
2021-11-27 20:34:21.220  INFO 530588 --- [onPool-worker-2] .t.t.s.TourGuideClientRewardsServiceImpl : Service - Distance calculated: 7975.864434237482
2021-11-27 20:34:21.220  INFO 530588 --- [nPool-worker-15] .t.t.s.TourGuideClientRewardsServiceImpl : Service - Distance calculated: 5701.192509806221
2021-11-27 20:34:21.220  INFO 530588 --- [nPool-worker-15] .t.t.s.TourGuideClientRewardsServiceImpl : Service - Distance calculated: 5944.825554348374
2021-11-27 20:34:21.220  INFO 530588 --- [nPool-worker-13] .t.t.s.TourGuideClientRewardsServiceImpl : Service - Distance calculated: 5.8950310023474215E-5
2021-11-27 20:34:21.220  INFO 530588 --- [onPool-worker-2] .t.t.s.TourGuideClientRewardsServiceImpl : Service - Distance calculated: 8036.762761997382
2021-11-27 20:34:21.220  INFO 530588 --- [nPool-worker-15] .t.t.s.TourGuideClientRewardsServiceImpl : Service - Distance calculated: 5471.349317355408
2021-11-27 20:34:21.220  INFO 530588 --- [nPool-worker-15] .t.t.s.TourGuideClientRewardsServiceImpl : Service - Distance calculated: 6241.423701921956
2021-11-27 20:34:21.220  INFO 530588 --- [onPool-worker-2] .t.t.s.TourGuideClientRewardsServiceImpl : Service - Distance calculated: 7716.95891872956
2021-11-27 20:34:21.220  INFO 530588 --- [nPool-worker-15] .t.t.s.TourGuideClientRewardsServiceImpl : Service - Distance calculated: 7343.0470916832855
2021-11-27 20:34:21.220  INFO 530588 --- [onPool-worker-2] .t.t.s.TourGuideClientRewardsServiceImpl : Service - Distance calculated: 7958.035241199363
2021-11-27 20:34:21.220  INFO 530588 --- [nPool-worker-15] .t.t.s.TourGuideClientRewardsServiceImpl : Service - Distance calculated: 5452.816026140234
2021-11-27 20:34:21.220  INFO 530588 --- [onPool-worker-2] .t.t.s.TourGuideClientRewardsServiceImpl : Service - Distance calculated: 7473.890404679209
2021-11-27 20:34:21.220  INFO 530588 --- [nPool-worker-15] .t.t.s.TourGuideClientRewardsServiceImpl : Service - Distance calculated: 4771.154283341155
2021-11-27 20:34:21.220  INFO 530588 --- [onPool-worker-2] .t.t.s.TourGuideClientRewardsServiceImpl : Service - Distance calculated: 8002.946486992721
2021-11-27 20:34:21.220  INFO 530588 --- [nPool-worker-15] .t.t.s.TourGuideClientRewardsServiceImpl : Service - Distance calculated: 6791.2411072840505
2021-11-27 20:34:21.220  INFO 530588 --- [onPool-worker-2] .t.t.s.TourGuideClientRewardsServiceImpl : Service - Distance calculated: 7834.948877054381
2021-11-27 20:34:21.220  INFO 530588 --- [nPool-worker-15] .t.t.s.TourGuideClientRewardsServiceImpl : Service - Distance calculated: 6009.717074159418
2021-11-27 20:34:21.220  INFO 530588 --- [onPool-worker-2] .t.t.s.TourGuideClientRewardsServiceImpl : Service - Distance calculated: 7959.3463235301415
2021-11-27 20:34:21.220  INFO 530588 --- [nPool-worker-15] .t.t.s.TourGuideClientRewardsServiceImpl : Service - Distance calculated: 4911.301791403944
2021-11-27 20:34:21.220  INFO 530588 --- [onPool-worker-2] .t.t.s.TourGuideClientRewardsServiceImpl : Service - Distance calculated: 6796.166748608168
2021-11-27 20:34:21.220  INFO 530588 --- [nPool-worker-15] .t.t.s.TourGuideClientRewardsServiceImpl : Service - Distance calculated: 5395.735508896354
2021-11-27 20:34:21.220  INFO 530588 --- [onPool-worker-2] .t.t.s.TourGuideClientRewardsServiceImpl : Service - Distance calculated: 7963.671074931889
2021-11-27 20:34:21.220  INFO 530588 --- [nPool-worker-15] .t.t.s.TourGuideClientRewardsServiceImpl : Service - Distance calculated: 7566.241250153157
2021-11-27 20:34:21.220  INFO 530588 --- [onPool-worker-2] .t.t.s.TourGuideClientRewardsServiceImpl : Service - Distance calculated: 7414.24374957767
2021-11-27 20:34:21.220  INFO 530588 --- [nPool-worker-15] .t.t.s.TourGuideClientRewardsServiceImpl : Service - Distance calculated: 7286.1994643642465
2021-11-27 20:34:21.220  INFO 530588 --- [onPool-worker-2] .t.t.s.TourGuideClientRewardsServiceImpl : Service - Distance calculated: 6951.656780513775
2021-11-27 20:34:21.220  INFO 530588 --- [nPool-worker-15] .t.t.s.TourGuideClientRewardsServiceImpl : Service - Distance calculated: 7590.230110073054
2021-11-27 20:34:21.220  INFO 530588 --- [onPool-worker-2] .t.t.s.TourGuideClientRewardsServiceImpl : Service - Distance calculated: 7913.285163131746
2021-11-27 20:34:21.220  INFO 530588 --- [nPool-worker-15] .t.t.s.TourGuideClientRewardsServiceImpl : Service - Distance calculated: 7641.02287975369
2021-11-27 20:34:21.220  INFO 530588 --- [nPool-worker-15] .t.t.s.TourGuideClientRewardsServiceImpl : Service - Distance calculated: 8193.721546467845
2021-11-27 20:34:21.220  INFO 530588 --- [onPool-worker-2] .t.t.s.TourGuideClientRewardsServiceImpl : Service - Distance calculated: 5.8950310023474215E-5
2021-11-27 20:34:21.220  INFO 530588 --- [nPool-worker-15] .t.t.s.TourGuideClientRewardsServiceImpl : Service - Distance calculated: 8282.862829872893
2021-11-27 20:34:21.220  INFO 530588 --- [nPool-worker-15] .t.t.s.TourGuideClientRewardsServiceImpl : Service - Distance calculated: 7954.867795239501
2021-11-27 20:34:21.220  INFO 530588 --- [nPool-worker-15] .t.t.s.TourGuideClientRewardsServiceImpl : Service - Distance calculated: 8071.997239869835
2021-11-27 20:34:21.220  INFO 530588 --- [nPool-worker-13] .t.t.s.TourGuideClientRewardsServiceImpl : Service - Distance calculated: 774.5207212649109
2021-11-27 20:34:21.220  INFO 530588 --- [nPool-worker-15] .t.t.s.TourGuideClientRewardsServiceImpl : Service - Distance calculated: 8247.080442192206
2021-11-27 20:34:21.220  INFO 530588 --- [nPool-worker-13] .t.t.s.TourGuideClientRewardsServiceImpl : Service - Distance calculated: 164.91310606753288
2021-11-27 20:34:21.220  INFO 530588 --- [nPool-worker-15] .t.t.s.TourGuideClientRewardsServiceImpl : Service - Distance calculated: 5290.927973914973
2021-11-27 20:34:21.220  INFO 530588 --- [nPool-worker-13] .t.t.s.TourGuideClientRewardsServiceImpl : Service - Distance calculated: 115.99464245531166
2021-11-27 20:34:21.220  INFO 530588 --- [nPool-worker-15] .t.t.s.TourGuideClientRewardsServiceImpl : Service - Distance calculated: 8053.017449927611
2021-11-27 20:34:21.220  INFO 530588 --- [nPool-worker-13] .t.t.s.TourGuideClientRewardsServiceImpl : Service - Distance calculated: 1428.8577204882306
2021-11-27 20:34:21.220  INFO 530588 --- [nPool-worker-15] .t.t.s.TourGuideClientRewardsServiceImpl : Service - Distance calculated: 8094.5731880395615
2021-11-27 20:34:21.220  INFO 530588 --- [nPool-worker-13] .t.t.s.TourGuideClientRewardsServiceImpl : Service - Distance calculated: 1418.571827418631
2021-11-27 20:34:21.220  INFO 530588 --- [nPool-worker-15] .t.t.s.TourGuideClientRewardsServiceImpl : Service - Distance calculated: 8174.904143309671
2021-11-27 20:34:21.220  INFO 530588 --- [nPool-worker-13] .t.t.s.TourGuideClientRewardsServiceImpl : Service - Distance calculated: 460.11990361699293
2021-11-27 20:34:21.220  INFO 530588 --- [nPool-worker-15] .t.t.s.TourGuideClientRewardsServiceImpl : Service - Distance calculated: 8982.359126592777
2021-11-27 20:34:21.220  INFO 530588 --- [nPool-worker-13] .t.t.s.TourGuideClientRewardsServiceImpl : Service - Distance calculated: 1992.7911930022951
2021-11-27 20:34:21.220  INFO 530588 --- [nPool-worker-15] .t.t.s.TourGuideClientRewardsServiceImpl : Service - Distance calculated: 8441.755403630199
2021-11-27 20:34:21.220  INFO 530588 --- [nPool-worker-13] .t.t.s.TourGuideClientRewardsServiceImpl : Service - Distance calculated: 1906.7972782801585
2021-11-27 20:34:21.220  INFO 530588 --- [nPool-worker-15] .t.t.s.TourGuideClientRewardsServiceImpl : Service - Distance calculated: 8466.241986803894
2021-11-27 20:34:21.220  INFO 530588 --- [nPool-worker-13] .t.t.s.TourGuideClientRewardsServiceImpl : Service - Distance calculated: 2360.645624935619
2021-11-27 20:34:21.220  INFO 530588 --- [nPool-worker-15] .t.t.s.TourGuideClientRewardsServiceImpl : Service - Distance calculated: 8586.520771489224
2021-11-27 20:34:21.220  INFO 530588 --- [nPool-worker-13] .t.t.s.TourGuideClientRewardsServiceImpl : Service - Distance calculated: 2434.494471527265
2021-11-27 20:34:21.220  INFO 530588 --- [nPool-worker-15] .t.t.s.TourGuideClientRewardsServiceImpl : Service - Distance calculated: 8328.40536784287
2021-11-27 20:34:21.220  INFO 530588 --- [nPool-worker-13] .t.t.s.TourGuideClientRewardsServiceImpl : Service - Distance calculated: 2148.3967563579567
2021-11-27 20:34:21.220  INFO 530588 --- [nPool-worker-15] .t.t.s.TourGuideClientRewardsServiceImpl : Service - Distance calculated: 8457.373559243024
2021-11-27 20:34:21.220  INFO 530588 --- [nPool-worker-13] .t.t.s.TourGuideClientRewardsServiceImpl : Service - Distance calculated: 2282.746325565392
2021-11-27 20:34:21.220  INFO 530588 --- [nPool-worker-15] .t.t.s.TourGuideClientRewardsServiceImpl : Service - Distance calculated: 7651.333924604878
2021-11-27 20:34:21.220  INFO 530588 --- [nPool-worker-13] .t.t.s.TourGuideClientRewardsServiceImpl : Service - Distance calculated: 2289.4339721013357
2021-11-27 20:34:21.220  INFO 530588 --- [nPool-worker-15] .t.t.s.TourGuideClientRewardsServiceImpl : Service - Distance calculated: 8883.059868196257
2021-11-27 20:34:21.220  INFO 530588 --- [nPool-worker-13] .t.t.s.TourGuideClientRewardsServiceImpl : Service - Distance calculated: 1204.372289719331
2021-11-27 20:34:21.220  INFO 530588 --- [nPool-worker-15] .t.t.s.TourGuideClientRewardsServiceImpl : Service - Distance calculated: 7942.226834447107
2021-11-27 20:34:21.220  INFO 530588 --- [nPool-worker-13] .t.t.s.TourGuideClientRewardsServiceImpl : Service - Distance calculated: 1742.5694022642394
2021-11-27 20:34:21.220  INFO 530588 --- [nPool-worker-15] .t.t.s.TourGuideClientRewardsServiceImpl : Service - Distance calculated: 8092.891601192183
2021-11-27 20:34:21.220  INFO 530588 --- [nPool-worker-13] .t.t.s.TourGuideClientRewardsServiceImpl : Service - Distance calculated: 1576.7472428725728
2021-11-27 20:34:21.220  INFO 530588 --- [nPool-worker-15] .t.t.s.TourGuideClientRewardsServiceImpl : Service - Distance calculated: 7964.227522180031
2021-11-27 20:34:21.221  INFO 530588 --- [nPool-worker-13] .t.t.s.TourGuideClientRewardsServiceImpl : Service - Distance calculated: 1921.4807999190489
2021-11-27 20:34:21.221  INFO 530588 --- [nPool-worker-15] .t.t.s.TourGuideClientRewardsServiceImpl : Service - Distance calculated: 8045.3275924501995
2021-11-27 20:34:21.221  INFO 530588 --- [nPool-worker-13] .t.t.s.TourGuideClientRewardsServiceImpl : Service - Distance calculated: 1277.6245433336508
2021-11-27 20:34:21.221  INFO 530588 --- [nPool-worker-15] .t.t.s.TourGuideClientRewardsServiceImpl : Service - Distance calculated: 8864.66732237601
2021-11-27 20:34:21.221  INFO 530588 --- [nPool-worker-13] .t.t.s.TourGuideClientRewardsServiceImpl : Service - Distance calculated: 87.03441722159666
2021-11-27 20:34:21.221  INFO 530588 --- [nPool-worker-15] .t.t.s.TourGuideClientRewardsServiceImpl : Service - Distance calculated: 3086.064140619383
2021-11-27 20:34:21.221  INFO 530588 --- [nPool-worker-13] .t.t.s.TourGuideClientRewardsServiceImpl : Service - Distance calculated: 2127.2478407793283
2021-11-27 20:34:21.221  INFO 530588 --- [nPool-worker-15] .t.t.s.TourGuideClientRewardsServiceImpl : Service - Distance calculated: 2449.707493774149
2021-11-27 20:34:21.221  INFO 530588 --- [nPool-worker-13] .t.t.s.TourGuideClientRewardsServiceImpl : Service - Distance calculated: 2578.910516018122
2021-11-27 20:34:21.221  INFO 530588 --- [nPool-worker-15] .t.t.s.TourGuideClientRewardsServiceImpl : Service - Distance calculated: 3004.8560845595807
2021-11-27 20:34:21.221  INFO 530588 --- [nPool-worker-13] .t.t.s.TourGuideClientRewardsServiceImpl : Service - Distance calculated: 680.6158831369517
2021-11-27 20:34:21.221  INFO 530588 --- [nPool-worker-15] .t.t.s.TourGuideClientRewardsServiceImpl : Service - Distance calculated: 3089.8558237638854
2021-11-27 20:34:21.221  INFO 530588 --- [nPool-worker-13] .t.t.s.TourGuideClientRewardsServiceImpl : Service - Distance calculated: 1344.090272349311
2021-11-27 20:34:21.221  INFO 530588 --- [nPool-worker-15] .t.t.s.TourGuideClientRewardsServiceImpl : Service - Distance calculated: 3115.6262798958073
2021-11-27 20:34:21.221  INFO 530588 --- [nPool-worker-13] .t.t.s.TourGuideClientRewardsServiceImpl : Service - Distance calculated: 2440.177336041544
2021-11-27 20:34:21.221  INFO 530588 --- [nPool-worker-15] .t.t.s.TourGuideClientRewardsServiceImpl : Service - Distance calculated: 3212.288322364782
2021-11-27 20:34:21.221  INFO 530588 --- [nPool-worker-13] .t.t.s.TourGuideClientRewardsServiceImpl : Service - Distance calculated: 2168.830527042806
2021-11-27 20:34:21.221  INFO 530588 --- [nPool-worker-15] .t.t.s.TourGuideClientRewardsServiceImpl : Service - Distance calculated: 3258.64248413151
2021-11-27 20:34:21.221  INFO 530588 --- [nPool-worker-13] .t.t.s.TourGuideClientRewardsServiceImpl : Service - Calculate rewards points for user: internalUser21
2021-11-27 20:34:21.221  INFO 530588 --- [onPool-worker-2] .t.t.s.TourGuideClientRewardsServiceImpl : Service - Distance calculated: 774.5207212649109
2021-11-27 20:34:21.221  INFO 530588 --- [nPool-worker-15] .t.t.s.TourGuideClientRewardsServiceImpl : Service - Distance calculated: 2962.67913177678
2021-11-27 20:34:21.221  INFO 530588 --- [onPool-worker-2] .t.t.s.TourGuideClientRewardsServiceImpl : Service - Distance calculated: 164.91310606753288
2021-11-27 20:34:21.221  INFO 530588 --- [nPool-worker-15] .t.t.s.TourGuideClientRewardsServiceImpl : Service - Distance calculated: 3132.109527856991
2021-11-27 20:34:21.221  INFO 530588 --- [nPool-worker-15] .t.t.s.TourGuideClientRewardsServiceImpl : Service - Distance calculated: 1239.5642043722266
2021-11-27 20:34:21.221  INFO 530588 --- [onPool-worker-2] .t.t.s.TourGuideClientRewardsServiceImpl : Service - Distance calculated: 115.99464245531166
2021-11-27 20:34:21.221  INFO 530588 --- [nPool-worker-15] .t.t.s.TourGuideClientRewardsServiceImpl : Service - Distance calculated: 3014.345454751323
2021-11-27 20:34:21.221  INFO 530588 --- [onPool-worker-2] .t.t.s.TourGuideClientRewardsServiceImpl : Service - Distance calculated: 1428.8577204882306
2021-11-27 20:34:21.221  INFO 530588 --- [nPool-worker-15] .t.t.s.TourGuideClientRewardsServiceImpl : Service - Distance calculated: 3000.585772640267
2021-11-27 20:34:21.221  INFO 530588 --- [onPool-worker-2] .t.t.s.TourGuideClientRewardsServiceImpl : Service - Distance calculated: 1418.571827418631
2021-11-27 20:34:21.221  INFO 530588 --- [nPool-worker-15] .t.t.s.TourGuideClientRewardsServiceImpl : Service - Distance calculated: 3099.1106625061466
2021-11-27 20:34:21.221  INFO 530588 --- [onPool-worker-2] .t.t.s.TourGuideClientRewardsServiceImpl : Service - Distance calculated: 460.11990361699293
2021-11-27 20:34:21.221  INFO 530588 --- [nPool-worker-15] .t.t.s.TourGuideClientRewardsServiceImpl : Service - Distance calculated: 3871.167084379757
2021-11-27 20:34:21.221  INFO 530588 --- [onPool-worker-2] .t.t.s.TourGuideClientRewardsServiceImpl : Service - Distance calculated: 1992.7911930022951
2021-11-27 20:34:21.221  INFO 530588 --- [nPool-worker-15] .t.t.s.TourGuideClientRewardsServiceImpl : Service - Distance calculated: 3457.3600656196995
2021-11-27 20:34:21.221  INFO 530588 --- [onPool-worker-2] .t.t.s.TourGuideClientRewardsServiceImpl : Service - Distance calculated: 1906.7972782801585
2021-11-27 20:34:21.221  INFO 530588 --- [nPool-worker-15] .t.t.s.TourGuideClientRewardsServiceImpl : Service - Distance calculated: 3358.470809046383
2021-11-27 20:34:21.221  INFO 530588 --- [onPool-worker-2] .t.t.s.TourGuideClientRewardsServiceImpl : Service - Distance calculated: 2360.645624935619
2021-11-27 20:34:21.221  INFO 530588 --- [nPool-worker-15] .t.t.s.TourGuideClientRewardsServiceImpl : Service - Distance calculated: 3510.3975970219253
2021-11-27 20:34:21.221  INFO 530588 --- [onPool-worker-2] .t.t.s.TourGuideClientRewardsServiceImpl : Service - Distance calculated: 2434.494471527265
2021-11-27 20:34:21.221  INFO 530588 --- [nPool-worker-15] .t.t.s.TourGuideClientRewardsServiceImpl : Service - Distance calculated: 3213.288656108964
2021-11-27 20:34:21.221  INFO 530588 --- [onPool-worker-2] .t.t.s.TourGuideClientRewardsServiceImpl : Service - Distance calculated: 2148.3967563579567
2021-11-27 20:34:21.221  INFO 530588 --- [nPool-worker-15] .t.t.s.TourGuideClientRewardsServiceImpl : Service - Distance calculated: 3447.469784662991
2021-11-27 20:34:21.221  INFO 530588 --- [onPool-worker-2] .t.t.s.TourGuideClientRewardsServiceImpl : Service - Distance calculated: 2282.746325565392
2021-11-27 20:34:21.221  INFO 530588 --- [nPool-worker-15] .t.t.s.TourGuideClientRewardsServiceImpl : Service - Distance calculated: 3163.6208483853607
2021-11-27 20:34:21.221  INFO 530588 --- [onPool-worker-2] .t.t.s.TourGuideClientRewardsServiceImpl : Service - Distance calculated: 2289.4339721013357
2021-11-27 20:34:21.221  INFO 530588 --- [nPool-worker-15] .t.t.s.TourGuideClientRewardsServiceImpl : Service - Distance calculated: 3767.6829781942747
2021-11-27 20:34:21.221  INFO 530588 --- [onPool-worker-2] .t.t.s.TourGuideClientRewardsServiceImpl : Service - Distance calculated: 1204.372289719331
2021-11-27 20:34:21.221  INFO 530588 --- [nPool-worker-15] .t.t.s.TourGuideClientRewardsServiceImpl : Service - Distance calculated: 2948.4737127727135
2021-11-27 20:34:21.221  INFO 530588 --- [onPool-worker-2] .t.t.s.TourGuideClientRewardsServiceImpl : Service - Distance calculated: 1742.5694022642394
2021-11-27 20:34:21.221  INFO 530588 --- [nPool-worker-15] .t.t.s.TourGuideClientRewardsServiceImpl : Service - Distance calculated: 3287.8573051740277
2021-11-27 20:34:21.221  INFO 530588 --- [onPool-worker-2] .t.t.s.TourGuideClientRewardsServiceImpl : Service - Distance calculated: 1576.7472428725728
2021-11-27 20:34:21.221  INFO 530588 --- [nPool-worker-15] .t.t.s.TourGuideClientRewardsServiceImpl : Service - Distance calculated: 2892.8546835321717
2021-11-27 20:34:21.221  INFO 530588 --- [onPool-worker-2] .t.t.s.TourGuideClientRewardsServiceImpl : Service - Distance calculated: 1921.4807999190489
2021-11-27 20:34:21.221  INFO 530588 --- [nPool-worker-15] .t.t.s.TourGuideClientRewardsServiceImpl : Service - Distance calculated: 3008.395216980152
2021-11-27 20:34:21.221  INFO 530588 --- [onPool-worker-2] .t.t.s.TourGuideClientRewardsServiceImpl : Service - Distance calculated: 1277.6245433336508
2021-11-27 20:34:21.221  INFO 530588 --- [nPool-worker-15] .t.t.s.TourGuideClientRewardsServiceImpl : Service - Distance calculated: 3750.404493336969
2021-11-27 20:34:21.221  INFO 530588 --- [onPool-worker-2] .t.t.s.TourGuideClientRewardsServiceImpl : Service - Distance calculated: 87.03441722159666
2021-11-27 20:34:21.221  INFO 530588 --- [nPool-worker-15] .t.t.s.TourGuideClientRewardsServiceImpl : Service - Distance calculated: 8113.770095731426
2021-11-27 20:34:21.221  INFO 530588 --- [onPool-worker-2] .t.t.s.TourGuideClientRewardsServiceImpl : Service - Distance calculated: 2127.2478407793283
2021-11-27 20:34:21.221  INFO 530588 --- [nPool-worker-15] .t.t.s.TourGuideClientRewardsServiceImpl : Service - Distance calculated: 8883.33166469527
2021-11-27 20:34:21.221  INFO 530588 --- [onPool-worker-2] .t.t.s.TourGuideClientRewardsServiceImpl : Service - Distance calculated: 2578.910516018122
2021-11-27 20:34:21.221  INFO 530588 --- [nPool-worker-15] .t.t.s.TourGuideClientRewardsServiceImpl : Service - Distance calculated: 8249.318778322968
2021-11-27 20:34:21.221  INFO 530588 --- [onPool-worker-2] .t.t.s.TourGuideClientRewardsServiceImpl : Service - Distance calculated: 680.6158831369517
2021-11-27 20:34:21.221  INFO 530588 --- [nPool-worker-15] .t.t.s.TourGuideClientRewardsServiceImpl : Service - Distance calculated: 8160.300999743444
2021-11-27 20:34:21.221  INFO 530588 --- [onPool-worker-2] .t.t.s.TourGuideClientRewardsServiceImpl : Service - Distance calculated: 1344.090272349311
2021-11-27 20:34:21.221  INFO 530588 --- [nPool-worker-15] .t.t.s.TourGuideClientRewardsServiceImpl : Service - Distance calculated: 8807.362809697026
2021-11-27 20:34:21.221  INFO 530588 --- [onPool-worker-2] .t.t.s.TourGuideClientRewardsServiceImpl : Service - Distance calculated: 2440.177336041544
2021-11-27 20:34:21.221  INFO 530588 --- [nPool-worker-15] .t.t.s.TourGuideClientRewardsServiceImpl : Service - Distance calculated: 8708.442650762143
2021-11-27 20:34:21.221  INFO 530588 --- [onPool-worker-2] .t.t.s.TourGuideClientRewardsServiceImpl : Service - Distance calculated: 2168.830527042806
2021-11-27 20:34:21.221  INFO 530588 --- [nPool-worker-15] .t.t.s.TourGuideClientRewardsServiceImpl : Service - Distance calculated: 8148.707237455417
2021-11-27 20:34:21.221  INFO 530588 --- [onPool-worker-2] .t.t.s.TourGuideClientRewardsServiceImpl : Service - Calculate rewards points for user: internalUser24
2021-11-27 20:34:21.221  INFO 530588 --- [nPool-worker-15] .t.t.s.TourGuideClientRewardsServiceImpl : Service - Distance calculated: 9291.426056401631
2021-11-27 20:34:21.221  INFO 530588 --- [nPool-worker-15] .t.t.s.TourGuideClientRewardsServiceImpl : Service - Distance calculated: 9077.751118847145
2021-11-27 20:34:21.221  INFO 530588 --- [nPool-worker-15] .t.t.s.TourGuideClientRewardsServiceImpl : Service - Distance calculated: 9359.262959704965
2021-11-27 20:34:21.221  INFO 530588 --- [nPool-worker-15] .t.t.s.TourGuideClientRewardsServiceImpl : Service - Distance calculated: 9531.48830030175
2021-11-27 20:34:21.221  INFO 530588 --- [nPool-worker-15] .t.t.s.TourGuideClientRewardsServiceImpl : Service - Distance calculated: 9356.197155500642
2021-11-27 20:34:21.221  INFO 530588 --- [nPool-worker-15] .t.t.s.TourGuideClientRewardsServiceImpl : Service - Distance calculated: 9348.570470242013
2021-11-27 20:34:21.221  INFO 530588 --- [nPool-worker-15] .t.t.s.TourGuideClientRewardsServiceImpl : Service - Distance calculated: 8514.648577032864
2021-11-27 20:34:21.221  INFO 530588 --- [nPool-worker-15] .t.t.s.TourGuideClientRewardsServiceImpl : Service - Distance calculated: 8332.190866491977
2021-11-27 20:34:21.221  INFO 530588 --- [nPool-worker-15] .t.t.s.TourGuideClientRewardsServiceImpl : Service - Distance calculated: 8750.783549801843
2021-11-27 20:34:21.221  INFO 530588 --- [nPool-worker-15] .t.t.s.TourGuideClientRewardsServiceImpl : Service - Distance calculated: 8489.932108263862
2021-11-27 20:34:21.221  INFO 530588 --- [nPool-worker-15] .t.t.s.TourGuideClientRewardsServiceImpl : Service - Distance calculated: 9007.079007645054
2021-11-27 20:34:21.221  INFO 530588 --- [nPool-worker-15] .t.t.s.TourGuideClientRewardsServiceImpl : Service - Distance calculated: 8384.7727089213
2021-11-27 20:34:21.221  INFO 530588 --- [nPool-worker-15] .t.t.s.TourGuideClientRewardsServiceImpl : Service - Distance calculated: 8060.3020841892685
2021-11-27 20:34:21.221  INFO 530588 --- [nPool-worker-15] .t.t.s.TourGuideClientRewardsServiceImpl : Service - Distance calculated: 8534.268205830826
2021-11-27 20:34:21.221  INFO 530588 --- [nPool-worker-15] .t.t.s.TourGuideClientRewardsServiceImpl : Service - Distance calculated: 9693.29249738332
2021-11-27 20:34:21.221  INFO 530588 --- [nPool-worker-15] .t.t.s.TourGuideClientRewardsServiceImpl : Service - Distance calculated: 8230.47733580492
2021-11-27 20:34:21.221  INFO 530588 --- [nPool-worker-15] .t.t.s.TourGuideClientRewardsServiceImpl : Service - Distance calculated: 8956.71732128034
2021-11-27 20:34:21.221  INFO 530588 --- [nPool-worker-15] .t.t.s.TourGuideClientRewardsServiceImpl : Service - Distance calculated: 9541.07240438089
2021-11-27 20:34:21.221  INFO 530588 --- [nPool-worker-15] .t.t.s.TourGuideClientRewardsServiceImpl : Service - Distance calculated: 8580.271596205863
2021-11-27 20:34:21.221  INFO 530588 --- [nPool-worker-15] .t.t.s.TourGuideClientRewardsServiceImpl : Service - Distance calculated: 5.8950310023474215E-5
2021-11-27 20:34:21.222  INFO 530588 --- [nPool-worker-15] .t.t.s.TourGuideClientRewardsServiceImpl : Service - Distance calculated: 774.5207212649109
2021-11-27 20:34:21.222  INFO 530588 --- [nPool-worker-15] .t.t.s.TourGuideClientRewardsServiceImpl : Service - Distance calculated: 164.91310606753288
2021-11-27 20:34:21.222  INFO 530588 --- [nPool-worker-15] .t.t.s.TourGuideClientRewardsServiceImpl : Service - Distance calculated: 115.99464245531166
2021-11-27 20:34:21.222  INFO 530588 --- [nPool-worker-15] .t.t.s.TourGuideClientRewardsServiceImpl : Service - Distance calculated: 1428.8577204882306
2021-11-27 20:34:21.222  INFO 530588 --- [nPool-worker-15] .t.t.s.TourGuideClientRewardsServiceImpl : Service - Distance calculated: 1418.571827418631
2021-11-27 20:34:21.222  INFO 530588 --- [nPool-worker-15] .t.t.s.TourGuideClientRewardsServiceImpl : Service - Distance calculated: 460.11990361699293
2021-11-27 20:34:21.222  INFO 530588 --- [nPool-worker-15] .t.t.s.TourGuideClientRewardsServiceImpl : Service - Distance calculated: 1992.7911930022951
2021-11-27 20:34:21.222  INFO 530588 --- [nPool-worker-15] .t.t.s.TourGuideClientRewardsServiceImpl : Service - Distance calculated: 1906.7972782801585
2021-11-27 20:34:21.222  INFO 530588 --- [nPool-worker-15] .t.t.s.TourGuideClientRewardsServiceImpl : Service - Distance calculated: 2360.645624935619
2021-11-27 20:34:21.222  INFO 530588 --- [nPool-worker-15] .t.t.s.TourGuideClientRewardsServiceImpl : Service - Distance calculated: 2434.494471527265
2021-11-27 20:34:21.222  INFO 530588 --- [nPool-worker-15] .t.t.s.TourGuideClientRewardsServiceImpl : Service - Distance calculated: 2148.3967563579567
2021-11-27 20:34:21.222  INFO 530588 --- [nPool-worker-15] .t.t.s.TourGuideClientRewardsServiceImpl : Service - Distance calculated: 2282.746325565392
2021-11-27 20:34:21.222  INFO 530588 --- [nPool-worker-15] .t.t.s.TourGuideClientRewardsServiceImpl : Service - Distance calculated: 2289.4339721013357
2021-11-27 20:34:21.222  INFO 530588 --- [nPool-worker-15] .t.t.s.TourGuideClientRewardsServiceImpl : Service - Distance calculated: 1204.372289719331
2021-11-27 20:34:21.222  INFO 530588 --- [nPool-worker-15] .t.t.s.TourGuideClientRewardsServiceImpl : Service - Distance calculated: 1742.5694022642394
2021-11-27 20:34:21.222  INFO 530588 --- [nPool-worker-15] .t.t.s.TourGuideClientRewardsServiceImpl : Service - Distance calculated: 1576.7472428725728
2021-11-27 20:34:21.222  INFO 530588 --- [nPool-worker-15] .t.t.s.TourGuideClientRewardsServiceImpl : Service - Distance calculated: 1921.4807999190489
2021-11-27 20:34:21.222  INFO 530588 --- [nPool-worker-15] .t.t.s.TourGuideClientRewardsServiceImpl : Service - Distance calculated: 1277.6245433336508
2021-11-27 20:34:21.222  INFO 530588 --- [nPool-worker-15] .t.t.s.TourGuideClientRewardsServiceImpl : Service - Distance calculated: 87.03441722159666
2021-11-27 20:34:21.222  INFO 530588 --- [nPool-worker-15] .t.t.s.TourGuideClientRewardsServiceImpl : Service - Distance calculated: 2127.2478407793283
2021-11-27 20:34:21.222  INFO 530588 --- [nPool-worker-15] .t.t.s.TourGuideClientRewardsServiceImpl : Service - Distance calculated: 2578.910516018122
2021-11-27 20:34:21.222  INFO 530588 --- [nPool-worker-15] .t.t.s.TourGuideClientRewardsServiceImpl : Service - Distance calculated: 680.6158831369517
2021-11-27 20:34:21.222  INFO 530588 --- [nPool-worker-15] .t.t.s.TourGuideClientRewardsServiceImpl : Service - Distance calculated: 1344.090272349311
2021-11-27 20:34:21.222  INFO 530588 --- [nPool-worker-15] .t.t.s.TourGuideClientRewardsServiceImpl : Service - Distance calculated: 2440.177336041544
2021-11-27 20:34:21.222  INFO 530588 --- [nPool-worker-15] .t.t.s.TourGuideClientRewardsServiceImpl : Service - Distance calculated: 2168.830527042806
2021-11-27 20:34:21.222  INFO 530588 --- [nPool-worker-15] .t.t.s.TourGuideClientRewardsServiceImpl : Service - Calculate rewards points for user: internalUser25
2021-11-27 20:34:21.226  INFO 530588 --- [onPool-worker-1] .t.t.s.TourGuideClientRewardsServiceImpl : Service - Distance calculated: 5033.791917228019
2021-11-27 20:34:21.226  INFO 530588 --- [onPool-worker-1] .t.t.s.TourGuideClientRewardsServiceImpl : Service - Distance calculated: 5372.464916334113
2021-11-27 20:34:21.226  INFO 530588 --- [onPool-worker-1] .t.t.s.TourGuideClientRewardsServiceImpl : Service - Distance calculated: 5024.134248967054
2021-11-27 20:34:21.226  INFO 530588 --- [onPool-worker-1] .t.t.s.TourGuideClientRewardsServiceImpl : Service - Distance calculated: 4967.097039552961
2021-11-27 20:34:21.226  INFO 530588 --- [onPool-worker-1] .t.t.s.TourGuideClientRewardsServiceImpl : Service - Distance calculated: 4511.82295627784
2021-11-27 20:34:21.226  INFO 530588 --- [onPool-worker-1] .t.t.s.TourGuideClientRewardsServiceImpl : Service - Distance calculated: 4419.303802250664
2021-11-27 20:34:21.226  INFO 530588 --- [onPool-worker-1] .t.t.s.TourGuideClientRewardsServiceImpl : Service - Distance calculated: 4668.371704226724
2021-11-27 20:34:21.226  INFO 530588 --- [onPool-worker-1] .t.t.s.TourGuideClientRewardsServiceImpl : Service - Distance calculated: 4672.107736983775
2021-11-27 20:34:21.226  INFO 530588 --- [onPool-worker-1] .t.t.s.TourGuideClientRewardsServiceImpl : Service - Distance calculated: 4490.266046471935
2021-11-27 20:34:21.226  INFO 530588 --- [onPool-worker-1] .t.t.s.TourGuideClientRewardsServiceImpl : Service - Distance calculated: 7352.900681932637
2021-11-27 20:34:21.226  INFO 530588 --- [onPool-worker-1] .t.t.s.TourGuideClientRewardsServiceImpl : Service - Distance calculated: 4713.292266629922
2021-11-27 20:34:21.226  INFO 530588 --- [onPool-worker-1] .t.t.s.TourGuideClientRewardsServiceImpl : Service - Distance calculated: 4657.824357033346
2021-11-27 20:34:21.226  INFO 530588 --- [onPool-worker-1] .t.t.s.TourGuideClientRewardsServiceImpl : Service - Distance calculated: 4583.899964255583
2021-11-27 20:34:21.226  INFO 530588 --- [onPool-worker-1] .t.t.s.TourGuideClientRewardsServiceImpl : Service - Distance calculated: 3763.2669448807305
2021-11-27 20:34:21.226  INFO 530588 --- [onPool-worker-1] .t.t.s.TourGuideClientRewardsServiceImpl : Service - Distance calculated: 4232.380876542446
2021-11-27 20:34:21.226  INFO 530588 --- [onPool-worker-1] .t.t.s.TourGuideClientRewardsServiceImpl : Service - Distance calculated: 4255.467338006677
2021-11-27 20:34:21.226  INFO 530588 --- [onPool-worker-1] .t.t.s.TourGuideClientRewardsServiceImpl : Service - Distance calculated: 4116.759150051893
2021-11-27 20:34:21.226  INFO 530588 --- [onPool-worker-1] .t.t.s.TourGuideClientRewardsServiceImpl : Service - Distance calculated: 4408.645057428045
2021-11-27 20:34:21.226  INFO 530588 --- [onPool-worker-1] .t.t.s.TourGuideClientRewardsServiceImpl : Service - Distance calculated: 4223.709193834415
2021-11-27 20:34:21.226  INFO 530588 --- [onPool-worker-1] .t.t.s.TourGuideClientRewardsServiceImpl : Service - Distance calculated: 4947.413601945613
2021-11-27 20:34:21.226  INFO 530588 --- [onPool-worker-1] .t.t.s.TourGuideClientRewardsServiceImpl : Service - Distance calculated: 3853.955630399389
2021-11-27 20:34:21.226  INFO 530588 --- [onPool-worker-1] .t.t.s.TourGuideClientRewardsServiceImpl : Service - Distance calculated: 4830.188194255911
2021-11-27 20:34:21.226  INFO 530588 --- [onPool-worker-1] .t.t.s.TourGuideClientRewardsServiceImpl : Service - Distance calculated: 4546.799983850369
2021-11-27 20:34:21.226  INFO 530588 --- [onPool-worker-4] .t.t.s.TourGuideClientRewardsServiceImpl : Service - Distance calculated: 7462.547923254457
2021-11-27 20:34:21.227  INFO 530588 --- [onPool-worker-4] .t.t.s.TourGuideClientRewardsServiceImpl : Service - Distance calculated: 6847.35751840275
2021-11-27 20:34:21.227  INFO 530588 --- [onPool-worker-4] .t.t.s.TourGuideClientRewardsServiceImpl : Service - Distance calculated: 7396.105415284879
2021-11-27 20:34:21.227  INFO 530588 --- [onPool-worker-4] .t.t.s.TourGuideClientRewardsServiceImpl : Service - Distance calculated: 7478.504973023503
2021-11-27 20:34:21.227  INFO 530588 --- [onPool-worker-4] .t.t.s.TourGuideClientRewardsServiceImpl : Service - Distance calculated: 7325.23314167799
2021-11-27 20:34:21.227  INFO 530588 --- [onPool-worker-4] .t.t.s.TourGuideClientRewardsServiceImpl : Service - Distance calculated: 7427.568693468043
2021-11-27 20:34:21.227  INFO 530588 --- [onPool-worker-4] .t.t.s.TourGuideClientRewardsServiceImpl : Service - Distance calculated: 7657.694551710801
2021-11-27 20:34:21.227  INFO 530588 --- [onPool-worker-4] .t.t.s.TourGuideClientRewardsServiceImpl : Service - Distance calculated: 6924.196102190529
2021-11-27 20:34:21.227  INFO 530588 --- [onPool-worker-4] .t.t.s.TourGuideClientRewardsServiceImpl : Service - Distance calculated: 7136.063112465007
2021-11-27 20:34:21.227  INFO 530588 --- [onPool-worker-4] .t.t.s.TourGuideClientRewardsServiceImpl : Service - Distance calculated: 5187.190021963038
2021-11-27 20:34:21.227  INFO 530588 --- [onPool-worker-4] .t.t.s.TourGuideClientRewardsServiceImpl : Service - Distance calculated: 6712.222220280566
2021-11-27 20:34:21.227  INFO 530588 --- [onPool-worker-4] .t.t.s.TourGuideClientRewardsServiceImpl : Service - Distance calculated: 6875.149477680643
2021-11-27 20:34:21.227  INFO 530588 --- [onPool-worker-4] .t.t.s.TourGuideClientRewardsServiceImpl : Service - Distance calculated: 6892.422798953793
2021-11-27 20:34:21.227  INFO 530588 --- [onPool-worker-4] .t.t.s.TourGuideClientRewardsServiceImpl : Service - Distance calculated: 7729.406258537624
2021-11-27 20:34:21.227  INFO 530588 --- [onPool-worker-4] .t.t.s.TourGuideClientRewardsServiceImpl : Service - Distance calculated: 7755.345332871506
2021-11-27 20:34:21.227  INFO 530588 --- [onPool-worker-4] .t.t.s.TourGuideClientRewardsServiceImpl : Service - Distance calculated: 7449.787771745584
2021-11-27 20:34:21.227  INFO 530588 --- [onPool-worker-4] .t.t.s.TourGuideClientRewardsServiceImpl : Service - Distance calculated: 7686.075245112589
2021-11-27 20:34:21.227  INFO 530588 --- [onPool-worker-4] .t.t.s.TourGuideClientRewardsServiceImpl : Service - Distance calculated: 7211.306247150519
2021-11-27 20:34:21.227  INFO 530588 --- [onPool-worker-4] .t.t.s.TourGuideClientRewardsServiceImpl : Service - Distance calculated: 7723.235195313106
2021-11-27 20:34:21.227  INFO 530588 --- [onPool-worker-4] .t.t.s.TourGuideClientRewardsServiceImpl : Service - Distance calculated: 7544.23365293601
2021-11-27 20:34:21.227  INFO 530588 --- [onPool-worker-4] .t.t.s.TourGuideClientRewardsServiceImpl : Service - Distance calculated: 7706.1943851994065
2021-11-27 20:34:21.227  INFO 530588 --- [onPool-worker-4] .t.t.s.TourGuideClientRewardsServiceImpl : Service - Distance calculated: 6550.469140377706
2021-11-27 20:34:21.227  INFO 530588 --- [onPool-worker-4] .t.t.s.TourGuideClientRewardsServiceImpl : Service - Distance calculated: 7674.48100420185
2021-11-27 20:34:21.227  INFO 530588 --- [onPool-worker-4] .t.t.s.TourGuideClientRewardsServiceImpl : Service - Distance calculated: 7134.875690093866
2021-11-27 20:34:21.227  INFO 530588 --- [onPool-worker-4] .t.t.s.TourGuideClientRewardsServiceImpl : Service - Distance calculated: 6702.671068585197
2021-11-27 20:34:21.227  INFO 530588 --- [onPool-worker-4] .t.t.s.TourGuideClientRewardsServiceImpl : Service - Distance calculated: 7661.7588465310055
2021-11-27 20:34:21.227  INFO 530588 --- [onPool-worker-4] .t.t.s.TourGuideClientRewardsServiceImpl : Service - Distance calculated: 10953.197997775895
2021-11-27 20:34:21.227  INFO 530588 --- [onPool-worker-4] .t.t.s.TourGuideClientRewardsServiceImpl : Service - Distance calculated: 10968.88859709237
2021-11-27 20:34:21.227  INFO 530588 --- [onPool-worker-4] .t.t.s.TourGuideClientRewardsServiceImpl : Service - Distance calculated: 10909.32368325653
2021-11-27 20:34:21.227  INFO 530588 --- [onPool-worker-4] .t.t.s.TourGuideClientRewardsServiceImpl : Service - Distance calculated: 10870.354304199218
2021-11-27 20:34:21.227  INFO 530588 --- [onPool-worker-4] .t.t.s.TourGuideClientRewardsServiceImpl : Service - Distance calculated: 9881.394155460168
2021-11-27 20:34:21.227  INFO 530588 --- [onPool-worker-4] .t.t.s.TourGuideClientRewardsServiceImpl : Service - Distance calculated: 9840.561130796907
2021-11-27 20:34:21.227  INFO 530588 --- [onPool-worker-4] .t.t.s.TourGuideClientRewardsServiceImpl : Service - Distance calculated: 10535.00003771233
2021-11-27 20:34:21.227  INFO 530588 --- [onPool-worker-4] .t.t.s.TourGuideClientRewardsServiceImpl : Service - Distance calculated: 9530.83045206601
2021-11-27 20:34:21.227  INFO 530588 --- [onPool-worker-4] .t.t.s.TourGuideClientRewardsServiceImpl : Service - Distance calculated: 9511.571566175577
2021-11-27 20:34:21.227  INFO 530588 --- [onPool-worker-4] .t.t.s.TourGuideClientRewardsServiceImpl : Service - Distance calculated: 11346.702127430253
2021-11-27 20:34:21.227  INFO 530588 --- [onPool-worker-4] .t.t.s.TourGuideClientRewardsServiceImpl : Service - Distance calculated: 9173.181587267454
2021-11-27 20:34:21.227  INFO 530588 --- [onPool-worker-4] .t.t.s.TourGuideClientRewardsServiceImpl : Service - Distance calculated: 9394.040286676225
2021-11-27 20:34:21.227  INFO 530588 --- [onPool-worker-4] .t.t.s.TourGuideClientRewardsServiceImpl : Service - Distance calculated: 9245.508670538593
2021-11-27 20:34:21.227  INFO 530588 --- [onPool-worker-4] .t.t.s.TourGuideClientRewardsServiceImpl : Service - Distance calculated: 8911.65645675881
2021-11-27 20:34:21.227  INFO 530588 --- [onPool-worker-4] .t.t.s.TourGuideClientRewardsServiceImpl : Service - Distance calculated: 9890.812794122832
2021-11-27 20:34:21.227  INFO 530588 --- [onPool-worker-4] .t.t.s.TourGuideClientRewardsServiceImpl : Service - Distance calculated: 9528.85698049851
2021-11-27 20:34:21.227  INFO 530588 --- [onPool-worker-4] .t.t.s.TourGuideClientRewardsServiceImpl : Service - Distance calculated: 9588.002536708667
2021-11-27 20:34:21.227  INFO 530588 --- [onPool-worker-4] .t.t.s.TourGuideClientRewardsServiceImpl : Service - Distance calculated: 9461.64102156299
2021-11-27 20:34:21.227  INFO 530588 --- [onPool-worker-4] .t.t.s.TourGuideClientRewardsServiceImpl : Service - Distance calculated: 9839.52672827408
2021-11-27 20:34:21.227  INFO 530588 --- [onPool-worker-4] .t.t.s.TourGuideClientRewardsServiceImpl : Service - Distance calculated: 10869.28016236979
2021-11-27 20:34:21.227  INFO 530588 --- [onPool-worker-4] .t.t.s.TourGuideClientRewardsServiceImpl : Service - Distance calculated: 9072.35994934252
2021-11-27 20:34:21.227  INFO 530588 --- [onPool-worker-4] .t.t.s.TourGuideClientRewardsServiceImpl : Service - Distance calculated: 9097.939650248787
2021-11-27 20:34:21.227  INFO 530588 --- [onPool-worker-4] .t.t.s.TourGuideClientRewardsServiceImpl : Service - Distance calculated: 10356.916044023792
2021-11-27 20:34:21.227  INFO 530588 --- [onPool-worker-4] .t.t.s.TourGuideClientRewardsServiceImpl : Service - Distance calculated: 10069.464835730445
2021-11-27 20:34:21.227  INFO 530588 --- [onPool-worker-4] .t.t.s.TourGuideClientRewardsServiceImpl : Service - Distance calculated: 9171.826216191748
2021-11-27 20:34:21.227  INFO 530588 --- [onPool-worker-4] .t.t.s.TourGuideClientRewardsServiceImpl : Service - Distance calculated: 9047.674071088064
2021-11-27 20:34:21.227  INFO 530588 --- [onPool-worker-4] .t.t.s.TourGuideClientRewardsServiceImpl : Service - Distance calculated: 7492.930966140305
2021-11-27 20:34:21.227  INFO 530588 --- [onPool-worker-4] .t.t.s.TourGuideClientRewardsServiceImpl : Service - Distance calculated: 7377.4661578152845
2021-11-27 20:34:21.227  INFO 530588 --- [onPool-worker-4] .t.t.s.TourGuideClientRewardsServiceImpl : Service - Distance calculated: 7552.311608036254
2021-11-27 20:34:21.227  INFO 530588 --- [onPool-worker-4] .t.t.s.TourGuideClientRewardsServiceImpl : Service - Distance calculated: 7585.444955318169
2021-11-27 20:34:21.227  INFO 530588 --- [onPool-worker-4] .t.t.s.TourGuideClientRewardsServiceImpl : Service - Distance calculated: 8396.864290347297
2021-11-27 20:34:21.227  INFO 530588 --- [onPool-worker-4] .t.t.s.TourGuideClientRewardsServiceImpl : Service - Distance calculated: 8471.643151480477
2021-11-27 20:34:21.227  INFO 530588 --- [onPool-worker-4] .t.t.s.TourGuideClientRewardsServiceImpl : Service - Distance calculated: 7926.960557514003
2021-11-27 20:34:21.227  INFO 530588 --- [onPool-worker-4] .t.t.s.TourGuideClientRewardsServiceImpl : Service - Distance calculated: 8417.309652102294
2021-11-27 20:34:21.227  INFO 530588 --- [onPool-worker-4] .t.t.s.TourGuideClientRewardsServiceImpl : Service - Distance calculated: 8560.741605559246
2021-11-27 20:34:21.227  INFO 530588 --- [onPool-worker-4] .t.t.s.TourGuideClientRewardsServiceImpl : Service - Distance calculated: 5401.843694968612
2021-11-27 20:34:21.227  INFO 530588 --- [onPool-worker-4] .t.t.s.TourGuideClientRewardsServiceImpl : Service - Distance calculated: 8493.09653220612
2021-11-27 20:34:21.227  INFO 530588 --- [onPool-worker-4] .t.t.s.TourGuideClientRewardsServiceImpl : Service - Distance calculated: 8472.67375233724
2021-11-27 20:34:21.227  INFO 530588 --- [onPool-worker-4] .t.t.s.TourGuideClientRewardsServiceImpl : Service - Distance calculated: 8577.951152992515
2021-11-27 20:34:21.227  INFO 530588 --- [onPool-worker-4] .t.t.s.TourGuideClientRewardsServiceImpl : Service - Distance calculated: 9301.41253104673
2021-11-27 20:34:21.227  INFO 530588 --- [onPool-worker-4] .t.t.s.TourGuideClientRewardsServiceImpl : Service - Distance calculated: 8536.75221581779
2021-11-27 20:34:21.227  INFO 530588 --- [onPool-worker-4] .t.t.s.TourGuideClientRewardsServiceImpl : Service - Distance calculated: 8714.681588545813
2021-11-27 20:34:21.227  INFO 530588 --- [onPool-worker-4] .t.t.s.TourGuideClientRewardsServiceImpl : Service - Distance calculated: 8767.059877385233
2021-11-27 20:34:21.227  INFO 530588 --- [onPool-worker-4] .t.t.s.TourGuideClientRewardsServiceImpl : Service - Distance calculated: 8638.221879128092
2021-11-27 20:34:21.227  INFO 530588 --- [onPool-worker-4] .t.t.s.TourGuideClientRewardsServiceImpl : Service - Distance calculated: 8572.727242318628
2021-11-27 20:34:21.227  INFO 530588 --- [onPool-worker-4] .t.t.s.TourGuideClientRewardsServiceImpl : Service - Distance calculated: 7571.897459258587
2021-11-27 20:34:21.227  INFO 530588 --- [onPool-worker-4] .t.t.s.TourGuideClientRewardsServiceImpl : Service - Distance calculated: 9171.797246057457
2021-11-27 20:34:21.227  INFO 530588 --- [onPool-worker-4] .t.t.s.TourGuideClientRewardsServiceImpl : Service - Distance calculated: 8414.14941968693
2021-11-27 20:34:21.227  INFO 530588 --- [onPool-worker-4] .t.t.s.TourGuideClientRewardsServiceImpl : Service - Distance calculated: 8103.647292202974
2021-11-27 20:34:21.227  INFO 530588 --- [onPool-worker-4] .t.t.s.TourGuideClientRewardsServiceImpl : Service - Distance calculated: 8169.624691725088
2021-11-27 20:34:21.227  INFO 530588 --- [onPool-worker-4] .t.t.s.TourGuideClientRewardsServiceImpl : Service - Distance calculated: 8486.822613108086
2021-11-27 20:34:21.227  INFO 530588 --- [onPool-worker-4] .t.t.s.TourGuideClientRewardsServiceImpl : Service - Distance calculated: 9168.912295359158
2021-11-27 20:34:21.227  INFO 530588 --- [onPool-worker-4] .t.t.s.TourGuideClientRewardsServiceImpl : Service - Distance calculated: 4613.431306567958
2021-11-27 20:34:21.227  INFO 530588 --- [onPool-worker-4] .t.t.s.TourGuideClientRewardsServiceImpl : Service - Distance calculated: 5292.2052727261735
2021-11-27 20:34:21.227  INFO 530588 --- [onPool-worker-4] .t.t.s.TourGuideClientRewardsServiceImpl : Service - Distance calculated: 4778.286872596513
2021-11-27 20:34:21.227  INFO 530588 --- [onPool-worker-4] .t.t.s.TourGuideClientRewardsServiceImpl : Service - Distance calculated: 4713.999767350244
2021-11-27 20:34:21.227  INFO 530588 --- [onPool-worker-4] .t.t.s.TourGuideClientRewardsServiceImpl : Service - Distance calculated: 5967.4324571527095
2021-11-27 20:34:21.227  INFO 530588 --- [onPool-worker-4] .t.t.s.TourGuideClientRewardsServiceImpl : Service - Distance calculated: 5923.028607592851
2021-11-27 20:34:21.228  INFO 530588 --- [onPool-worker-4] .t.t.s.TourGuideClientRewardsServiceImpl : Service - Distance calculated: 4926.9698205974
2021-11-27 20:34:21.228  INFO 530588 --- [onPool-worker-4] .t.t.s.TourGuideClientRewardsServiceImpl : Service - Distance calculated: 6578.611243646024
2021-11-27 20:34:21.228  INFO 530588 --- [onPool-worker-4] .t.t.s.TourGuideClientRewardsServiceImpl : Service - Distance calculated: 6453.599267323242
2021-11-27 20:34:21.228  INFO 530588 --- [onPool-worker-4] .t.t.s.TourGuideClientRewardsServiceImpl : Service - Distance calculated: 5120.323742417055
2021-11-27 20:34:21.228  INFO 530588 --- [onPool-worker-4] .t.t.s.TourGuideClientRewardsServiceImpl : Service - Distance calculated: 7024.858439049603
2021-11-27 20:34:21.228  INFO 530588 --- [onPool-worker-4] .t.t.s.TourGuideClientRewardsServiceImpl : Service - Distance calculated: 6731.805421279138
2021-11-27 20:34:21.228  INFO 530588 --- [onPool-worker-4] .t.t.s.TourGuideClientRewardsServiceImpl : Service - Distance calculated: 6852.614958562745
2021-11-27 20:34:21.228  INFO 530588 --- [onPool-worker-4] .t.t.s.TourGuideClientRewardsServiceImpl : Service - Distance calculated: 6549.251753899766
2021-11-27 20:34:21.228  INFO 530588 --- [onPool-worker-4] .t.t.s.TourGuideClientRewardsServiceImpl : Service - Distance calculated: 5573.130289061081
2021-11-27 20:34:21.228  INFO 530588 --- [onPool-worker-4] .t.t.s.TourGuideClientRewardsServiceImpl : Service - Distance calculated: 6203.30291590221
2021-11-27 20:34:21.228  INFO 530588 --- [onPool-worker-4] .t.t.s.TourGuideClientRewardsServiceImpl : Service - Distance calculated: 5948.54550913913
2021-11-27 20:34:21.228  INFO 530588 --- [onPool-worker-4] .t.t.s.TourGuideClientRewardsServiceImpl : Service - Distance calculated: 6445.59982384564
2021-11-27 20:34:21.228  INFO 530588 --- [onPool-worker-4] .t.t.s.TourGuideClientRewardsServiceImpl : Service - Distance calculated: 5658.896112309337
2021-11-27 20:34:21.228  INFO 530588 --- [onPool-worker-4] .t.t.s.TourGuideClientRewardsServiceImpl : Service - Distance calculated: 4611.162634515012
2021-11-27 20:34:21.228  INFO 530588 --- [onPool-worker-4] .t.t.s.TourGuideClientRewardsServiceImpl : Service - Distance calculated: 6421.863710328643
2021-11-27 20:34:21.228  INFO 530588 --- [onPool-worker-4] .t.t.s.TourGuideClientRewardsServiceImpl : Service - Distance calculated: 7181.528279263997
2021-11-27 20:34:21.228  INFO 530588 --- [onPool-worker-4] .t.t.s.TourGuideClientRewardsServiceImpl : Service - Distance calculated: 5131.487352349822
2021-11-27 20:34:21.228  INFO 530588 --- [onPool-worker-4] .t.t.s.TourGuideClientRewardsServiceImpl : Service - Distance calculated: 5936.787667688696
2021-11-27 20:34:21.228  INFO 530588 --- [onPool-worker-4] .t.t.s.TourGuideClientRewardsServiceImpl : Service - Distance calculated: 7031.578812576344
2021-11-27 20:34:21.228  INFO 530588 --- [onPool-worker-4] .t.t.s.TourGuideClientRewardsServiceImpl : Service - Distance calculated: 6480.2329495412005
2021-11-27 20:34:21.228  INFO 530588 --- [onPool-worker-4] .t.t.s.TourGuideClientRewardsServiceImpl : Service - Distance calculated: 5.8950310023474215E-5
2021-11-27 20:34:21.228  INFO 530588 --- [onPool-worker-4] .t.t.s.TourGuideClientRewardsServiceImpl : Service - Distance calculated: 774.5207212649109
2021-11-27 20:34:21.228  INFO 530588 --- [onPool-worker-4] .t.t.s.TourGuideClientRewardsServiceImpl : Service - Distance calculated: 164.91310606753288
2021-11-27 20:34:21.228  INFO 530588 --- [onPool-worker-4] .t.t.s.TourGuideClientRewardsServiceImpl : Service - Distance calculated: 115.99464245531166
2021-11-27 20:34:21.228  INFO 530588 --- [onPool-worker-4] .t.t.s.TourGuideClientRewardsServiceImpl : Service - Distance calculated: 1428.8577204882306
2021-11-27 20:34:21.228  INFO 530588 --- [onPool-worker-4] .t.t.s.TourGuideClientRewardsServiceImpl : Service - Distance calculated: 1418.571827418631
2021-11-27 20:34:21.228  INFO 530588 --- [onPool-worker-4] .t.t.s.TourGuideClientRewardsServiceImpl : Service - Distance calculated: 460.11990361699293
2021-11-27 20:34:21.228  INFO 530588 --- [onPool-worker-4] .t.t.s.TourGuideClientRewardsServiceImpl : Service - Distance calculated: 1992.7911930022951
2021-11-27 20:34:21.228  INFO 530588 --- [onPool-worker-4] .t.t.s.TourGuideClientRewardsServiceImpl : Service - Distance calculated: 1906.7972782801585
2021-11-27 20:34:21.228  INFO 530588 --- [onPool-worker-4] .t.t.s.TourGuideClientRewardsServiceImpl : Service - Distance calculated: 2360.645624935619
2021-11-27 20:34:21.228  INFO 530588 --- [onPool-worker-4] .t.t.s.TourGuideClientRewardsServiceImpl : Service - Distance calculated: 2434.494471527265
2021-11-27 20:34:21.228  INFO 530588 --- [onPool-worker-4] .t.t.s.TourGuideClientRewardsServiceImpl : Service - Distance calculated: 2148.3967563579567
2021-11-27 20:34:21.228  INFO 530588 --- [onPool-worker-4] .t.t.s.TourGuideClientRewardsServiceImpl : Service - Distance calculated: 2282.746325565392
2021-11-27 20:34:21.228  INFO 530588 --- [onPool-worker-4] .t.t.s.TourGuideClientRewardsServiceImpl : Service - Distance calculated: 2289.4339721013357
2021-11-27 20:34:21.228  INFO 530588 --- [onPool-worker-4] .t.t.s.TourGuideClientRewardsServiceImpl : Service - Distance calculated: 1204.372289719331
2021-11-27 20:34:21.228  INFO 530588 --- [onPool-worker-4] .t.t.s.TourGuideClientRewardsServiceImpl : Service - Distance calculated: 1742.5694022642394
2021-11-27 20:34:21.228  INFO 530588 --- [onPool-worker-4] .t.t.s.TourGuideClientRewardsServiceImpl : Service - Distance calculated: 1576.7472428725728
2021-11-27 20:34:21.228  INFO 530588 --- [onPool-worker-4] .t.t.s.TourGuideClientRewardsServiceImpl : Service - Distance calculated: 1921.4807999190489
2021-11-27 20:34:21.228  INFO 530588 --- [onPool-worker-4] .t.t.s.TourGuideClientRewardsServiceImpl : Service - Distance calculated: 1277.6245433336508
2021-11-27 20:34:21.228  INFO 530588 --- [onPool-worker-4] .t.t.s.TourGuideClientRewardsServiceImpl : Service - Distance calculated: 87.03441722159666
2021-11-27 20:34:21.228  INFO 530588 --- [onPool-worker-4] .t.t.s.TourGuideClientRewardsServiceImpl : Service - Distance calculated: 2127.2478407793283
2021-11-27 20:34:21.228  INFO 530588 --- [onPool-worker-4] .t.t.s.TourGuideClientRewardsServiceImpl : Service - Distance calculated: 2578.910516018122
2021-11-27 20:34:21.228  INFO 530588 --- [onPool-worker-4] .t.t.s.TourGuideClientRewardsServiceImpl : Service - Distance calculated: 680.6158831369517
2021-11-27 20:34:21.228  INFO 530588 --- [onPool-worker-4] .t.t.s.TourGuideClientRewardsServiceImpl : Service - Distance calculated: 1344.090272349311
2021-11-27 20:34:21.228  INFO 530588 --- [onPool-worker-4] .t.t.s.TourGuideClientRewardsServiceImpl : Service - Distance calculated: 2440.177336041544
2021-11-27 20:34:21.228  INFO 530588 --- [onPool-worker-4] .t.t.s.TourGuideClientRewardsServiceImpl : Service - Distance calculated: 2168.830527042806
2021-11-27 20:34:21.228  INFO 530588 --- [onPool-worker-4] .t.t.s.TourGuideClientRewardsServiceImpl : Service - Calculate rewards points for user: internalUser35
2021-11-27 20:34:21.228  INFO 530588 --- [onPool-worker-3] .t.t.s.TourGuideClientRewardsServiceImpl : Service - Distance calculated: 6926.831605562881
2021-11-27 20:34:21.229  INFO 530588 --- [onPool-worker-3] .t.t.s.TourGuideClientRewardsServiceImpl : Service - Distance calculated: 6255.421586768401
2021-11-27 20:34:21.229  INFO 530588 --- [onPool-worker-3] .t.t.s.TourGuideClientRewardsServiceImpl : Service - Distance calculated: 6840.239469149421
2021-11-27 20:34:21.229  INFO 530588 --- [onPool-worker-3] .t.t.s.TourGuideClientRewardsServiceImpl : Service - Distance calculated: 6926.710093623035
2021-11-27 20:34:21.229  INFO 530588 --- [onPool-worker-3] .t.t.s.TourGuideClientRewardsServiceImpl : Service - Distance calculated: 6631.375122912729
2021-11-27 20:34:21.229  INFO 530588 --- [onPool-worker-3] .t.t.s.TourGuideClientRewardsServiceImpl : Service - Distance calculated: 6733.2426754146845
2021-11-27 20:34:21.229  INFO 530588 --- [onPool-worker-3] .t.t.s.TourGuideClientRewardsServiceImpl : Service - Distance calculated: 7064.661279981728
2021-11-27 20:34:21.229  INFO 530588 --- [onPool-worker-3] .t.t.s.TourGuideClientRewardsServiceImpl : Service - Distance calculated: 6198.0448124919885
2021-11-27 20:34:21.229  INFO 530588 --- [onPool-worker-6] .t.t.s.TourGuideClientRewardsServiceImpl : Service - Distance calculated: 7791.633163307474
2021-11-27 20:34:21.229  INFO 530588 --- [onPool-worker-6] .t.t.s.TourGuideClientRewardsServiceImpl : Service - Distance calculated: 7982.7749917897045
2021-11-27 20:34:21.229  INFO 530588 --- [onPool-worker-6] .t.t.s.TourGuideClientRewardsServiceImpl : Service - Distance calculated: 7757.191709026631
2021-11-27 20:34:21.226  INFO 530588 --- [nPool-worker-10] .t.t.s.TourGuideClientRewardsServiceImpl : Service - Distance calculated: 8387.851033447712
2021-11-27 20:34:21.229  INFO 530588 --- [onPool-worker-6] .t.t.s.TourGuideClientRewardsServiceImpl : Service - Distance calculated: 7711.923187107413
2021-11-27 20:34:21.226  INFO 530588 --- [onPool-worker-1] .t.t.s.TourGuideClientRewardsServiceImpl : Service - Distance calculated: 4739.5644222364135
2021-11-27 20:34:21.228  INFO 530588 --- [onPool-worker-5] .t.t.s.TourGuideClientRewardsServiceImpl : Service - Distance calculated: 8196.208675697651
2021-11-27 20:34:21.229  INFO 530588 --- [onPool-worker-1] .t.t.s.TourGuideClientRewardsServiceImpl : Service - Distance calculated: 4721.244825383597
2021-11-27 20:34:21.229  INFO 530588 --- [onPool-worker-3] .t.t.s.TourGuideClientRewardsServiceImpl : Service - Distance calculated: 6411.174289399916
2021-11-27 20:34:21.229  INFO 530588 --- [onPool-worker-5] .t.t.s.TourGuideClientRewardsServiceImpl : Service - Distance calculated: 8883.102652552021
2021-11-27 20:34:21.229  INFO 530588 --- [onPool-worker-1] .t.t.s.TourGuideClientRewardsServiceImpl : Service - Distance calculated: 3876.087208517078
2021-11-27 20:34:21.229  INFO 530588 --- [onPool-worker-3] .t.t.s.TourGuideClientRewardsServiceImpl : Service - Distance calculated: 4772.680034702345
2021-11-27 20:34:21.229  INFO 530588 --- [onPool-worker-1] .t.t.s.TourGuideClientRewardsServiceImpl : Service - Distance calculated: 5557.521104021133
2021-11-27 20:34:21.229  INFO 530588 --- [onPool-worker-3] .t.t.s.TourGuideClientRewardsServiceImpl : Service - Distance calculated: 5967.170564119481
2021-11-27 20:34:21.229  INFO 530588 --- [onPool-worker-1] .t.t.s.TourGuideClientRewardsServiceImpl : Service - Distance calculated: 4789.023634338989
2021-11-27 20:34:21.229  INFO 530588 --- [onPool-worker-3] .t.t.s.TourGuideClientRewardsServiceImpl : Service - Distance calculated: 6141.016695606907
2021-11-27 20:34:21.229  INFO 530588 --- [onPool-worker-6] .t.t.s.TourGuideClientRewardsServiceImpl : Service - Distance calculated: 6958.856040585309
2021-11-27 20:34:21.229  INFO 530588 --- [onPool-worker-3] .t.t.s.TourGuideClientRewardsServiceImpl : Service - Distance calculated: 6151.2472779749205
2021-11-27 20:34:21.229  INFO 530588 --- [onPool-worker-3] .t.t.s.TourGuideClientRewardsServiceImpl : Service - Distance calculated: 6981.898372151555
2021-11-27 20:34:21.229  INFO 530588 --- [onPool-worker-3] .t.t.s.TourGuideClientRewardsServiceImpl : Service - Distance calculated: 7079.736985952206
2021-11-27 20:34:21.229  INFO 530588 --- [onPool-worker-3] .t.t.s.TourGuideClientRewardsServiceImpl : Service - Distance calculated: 6731.495320822729
2021-11-27 20:34:21.229  INFO 530588 --- [onPool-worker-3] .t.t.s.TourGuideClientRewardsServiceImpl : Service - Distance calculated: 6978.630098306984
2021-11-27 20:34:21.229  INFO 530588 --- [onPool-worker-3] .t.t.s.TourGuideClientRewardsServiceImpl : Service - Distance calculated: 6484.42681108977
2021-11-27 20:34:21.229  INFO 530588 --- [onPool-worker-3] .t.t.s.TourGuideClientRewardsServiceImpl : Service - Distance calculated: 7040.512255573134
2021-11-27 20:34:21.229  INFO 530588 --- [onPool-worker-3] .t.t.s.TourGuideClientRewardsServiceImpl : Service - Distance calculated: 7003.490775727383
2021-11-27 20:34:21.229  INFO 530588 --- [onPool-worker-3] .t.t.s.TourGuideClientRewardsServiceImpl : Service - Distance calculated: 6965.538418594463
2021-11-27 20:34:21.229  INFO 530588 --- [onPool-worker-3] .t.t.s.TourGuideClientRewardsServiceImpl : Service - Distance calculated: 5802.187570671242
2021-11-27 20:34:21.229  INFO 530588 --- [nPool-worker-10] .t.t.s.TourGuideClientRewardsServiceImpl : Service - Distance calculated: 8755.27421302846
2021-11-27 20:34:21.229  INFO 530588 --- [onPool-worker-3] .t.t.s.TourGuideClientRewardsServiceImpl : Service - Distance calculated: 7053.694454933557
2021-11-27 20:34:21.229  INFO 530588 --- [onPool-worker-5] .t.t.s.TourGuideClientRewardsServiceImpl : Service - Distance calculated: 8291.50611334529
2021-11-27 20:34:21.229  INFO 530588 --- [onPool-worker-1] .t.t.s.TourGuideClientRewardsServiceImpl : Service - Distance calculated: 5403.919724180617
2021-11-27 20:34:21.229  INFO 530588 --- [onPool-worker-5] .t.t.s.TourGuideClientRewardsServiceImpl : Service - Distance calculated: 8203.886733581883
2021-11-27 20:34:21.229  INFO 530588 --- [onPool-worker-1] .t.t.s.TourGuideClientRewardsServiceImpl : Service - Distance calculated: 5487.667415786066
2021-11-27 20:34:21.229  INFO 530588 --- [onPool-worker-5] .t.t.s.TourGuideClientRewardsServiceImpl : Service - Distance calculated: 8414.087066774819
2021-11-27 20:34:21.229  INFO 530588 --- [onPool-worker-1] .t.t.s.TourGuideClientRewardsServiceImpl : Service - Distance calculated: 4535.080782789328
2021-11-27 20:34:21.229  INFO 530588 --- [onPool-worker-5] .t.t.s.TourGuideClientRewardsServiceImpl : Service - Distance calculated: 8312.14438043877
2021-11-27 20:34:21.229  INFO 530588 --- [onPool-worker-1] .t.t.s.TourGuideClientRewardsServiceImpl : Service - Distance calculated: 4618.734192158871
2021-11-27 20:34:21.229  INFO 530588 --- [onPool-worker-5] .t.t.s.TourGuideClientRewardsServiceImpl : Service - Distance calculated: 8073.858929263916
2021-11-27 20:34:21.229  INFO 530588 --- [onPool-worker-1] .t.t.s.TourGuideClientRewardsServiceImpl : Service - Distance calculated: 5410.608118981274
2021-11-27 20:34:21.229  INFO 530588 --- [onPool-worker-5] .t.t.s.TourGuideClientRewardsServiceImpl : Service - Distance calculated: 8730.15731373622
2021-11-27 20:34:21.229  INFO 530588 --- [onPool-worker-1] .t.t.s.TourGuideClientRewardsServiceImpl : Service - Distance calculated: 3937.670118728932
2021-11-27 20:34:21.229  INFO 530588 --- [onPool-worker-5] .t.t.s.TourGuideClientRewardsServiceImpl : Service - Distance calculated: 8529.452256382345
2021-11-27 20:34:21.229  INFO 530588 --- [onPool-worker-1] .t.t.s.TourGuideClientRewardsServiceImpl : Service - Distance calculated: 4133.575933765728
2021-11-27 20:34:21.229  INFO 530588 --- [onPool-worker-5] .t.t.s.TourGuideClientRewardsServiceImpl : Service - Distance calculated: 10091.73946586842
2021-11-27 20:34:21.229  INFO 530588 --- [onPool-worker-1] .t.t.s.TourGuideClientRewardsServiceImpl : Service - Distance calculated: 4576.115060534114
2021-11-27 20:34:21.229  INFO 530588 --- [onPool-worker-6] .t.t.s.TourGuideClientRewardsServiceImpl : Service - Distance calculated: 6887.1437403425325
2021-11-27 20:34:21.229  INFO 530588 --- [onPool-worker-1] .t.t.s.TourGuideClientRewardsServiceImpl : Service - Distance calculated: 3559.021200033986
2021-11-27 20:34:21.229  INFO 530588 --- [onPool-worker-6] .t.t.s.TourGuideClientRewardsServiceImpl : Service - Distance calculated: 7386.446935234512
2021-11-27 20:34:21.229  INFO 530588 --- [onPool-worker-1] .t.t.s.TourGuideClientRewardsServiceImpl : Service - Distance calculated: 3820.1699326484
2021-11-27 20:34:21.229  INFO 530588 --- [onPool-worker-6] .t.t.s.TourGuideClientRewardsServiceImpl : Service - Distance calculated: 6867.817762028731
2021-11-27 20:34:21.229  INFO 530588 --- [onPool-worker-1] .t.t.s.TourGuideClientRewardsServiceImpl : Service - Distance calculated: 3763.459999005044
2021-11-27 20:34:21.229  INFO 530588 --- [onPool-worker-6] .t.t.s.TourGuideClientRewardsServiceImpl : Service - Distance calculated: 6751.42584215516
2021-11-27 20:34:21.229  INFO 530588 --- [onPool-worker-1] .t.t.s.TourGuideClientRewardsServiceImpl : Service - Distance calculated: 4457.878756755817
2021-11-27 20:34:21.229  INFO 530588 --- [onPool-worker-6] .t.t.s.TourGuideClientRewardsServiceImpl : Service - Distance calculated: 9955.800903159297
2021-11-27 20:34:21.229  INFO 530588 --- [onPool-worker-1] .t.t.s.TourGuideClientRewardsServiceImpl : Service - Distance calculated: 5019.093014640115
2021-11-27 20:34:21.229  INFO 530588 --- [onPool-worker-6] .t.t.s.TourGuideClientRewardsServiceImpl : Service - Distance calculated: 6698.194564318669
2021-11-27 20:34:21.229  INFO 530588 --- [onPool-worker-1] .t.t.s.TourGuideClientRewardsServiceImpl : Service - Distance calculated: 4462.427323315852
2021-11-27 20:34:21.229  INFO 530588 --- [onPool-worker-6] .t.t.s.TourGuideClientRewardsServiceImpl : Service - Distance calculated: 6785.927240342898
2021-11-27 20:34:21.229  INFO 530588 --- [onPool-worker-1] .t.t.s.TourGuideClientRewardsServiceImpl : Service - Distance calculated: 4749.466775980394
2021-11-27 20:34:21.229  INFO 530588 --- [onPool-worker-6] .t.t.s.TourGuideClientRewardsServiceImpl : Service - Distance calculated: 6660.701856946807
2021-11-27 20:34:21.229  INFO 530588 --- [onPool-worker-3] .t.t.s.TourGuideClientRewardsServiceImpl : Service - Distance calculated: 6452.469645717562
2021-11-27 20:34:21.229  INFO 530588 --- [onPool-worker-1] .t.t.s.TourGuideClientRewardsServiceImpl : Service - Distance calculated: 4182.494461360981
2021-11-27 20:34:21.229  INFO 530588 --- [onPool-worker-1] .t.t.s.TourGuideClientRewardsServiceImpl : Service - Distance calculated: 4947.129042131421
2021-11-27 20:34:21.229  INFO 530588 --- [onPool-worker-3] .t.t.s.TourGuideClientRewardsServiceImpl : Service - Distance calculated: 5957.533469169021
2021-11-27 20:34:21.229  INFO 530588 --- [onPool-worker-3] .t.t.s.TourGuideClientRewardsServiceImpl : Service - Distance calculated: 6919.265889449287
2021-11-27 20:34:21.229  INFO 530588 --- [onPool-worker-3] .t.t.s.TourGuideClientRewardsServiceImpl : Service - Distance calculated: 7372.530579654865
2021-11-27 20:34:21.229  INFO 530588 --- [onPool-worker-3] .t.t.s.TourGuideClientRewardsServiceImpl : Service - Distance calculated: 8145.661163690934
2021-11-27 20:34:21.229  INFO 530588 --- [onPool-worker-3] .t.t.s.TourGuideClientRewardsServiceImpl : Service - Distance calculated: 7521.866054377112
2021-11-27 20:34:21.229  INFO 530588 --- [onPool-worker-3] .t.t.s.TourGuideClientRewardsServiceImpl : Service - Distance calculated: 7436.131467098475
2021-11-27 20:34:21.229  INFO 530588 --- [onPool-worker-3] .t.t.s.TourGuideClientRewardsServiceImpl : Service - Distance calculated: 8306.530705840572
2021-11-27 20:34:21.229  INFO 530588 --- [onPool-worker-3] .t.t.s.TourGuideClientRewardsServiceImpl : Service - Distance calculated: 8217.028566762066
2021-11-27 20:34:21.229  INFO 530588 --- [onPool-worker-3] .t.t.s.TourGuideClientRewardsServiceImpl : Service - Distance calculated: 7487.769893634817
2021-11-27 20:34:21.229  INFO 530588 --- [onPool-worker-3] .t.t.s.TourGuideClientRewardsServiceImpl : Service - Distance calculated: 8878.448528582738
2021-11-27 20:34:21.229  INFO 530588 --- [onPool-worker-3] .t.t.s.TourGuideClientRewardsServiceImpl : Service - Distance calculated: 8673.444974182685
2021-11-27 20:34:21.229  INFO 530588 --- [onPool-worker-3] .t.t.s.TourGuideClientRewardsServiceImpl : Service - Distance calculated: 8407.34690756592
2021-11-27 20:34:21.229  INFO 530588 --- [onPool-worker-3] .t.t.s.TourGuideClientRewardsServiceImpl : Service - Distance calculated: 9221.748225133419
2021-11-27 20:34:21.229  INFO 530588 --- [onPool-worker-3] .t.t.s.TourGuideClientRewardsServiceImpl : Service - Distance calculated: 8981.834942682575
2021-11-27 20:34:21.229  INFO 530588 --- [onPool-worker-3] .t.t.s.TourGuideClientRewardsServiceImpl : Service - Distance calculated: 9019.418762510279
2021-11-27 20:34:21.229  INFO 530588 --- [onPool-worker-3] .t.t.s.TourGuideClientRewardsServiceImpl : Service - Distance calculated: 8264.857772944166
2021-11-27 20:34:21.229  INFO 530588 --- [onPool-worker-3] .t.t.s.TourGuideClientRewardsServiceImpl : Service - Distance calculated: 7819.170802426812
2021-11-27 20:34:21.229  INFO 530588 --- [nPool-worker-10] .t.t.s.TourGuideClientRewardsServiceImpl : Service - Distance calculated: 8395.248809549093
2021-11-27 20:34:21.229  INFO 530588 --- [nPool-worker-10] .t.t.s.TourGuideClientRewardsServiceImpl : Service - Distance calculated: 8332.089387772661
2021-11-27 20:34:21.229  INFO 530588 --- [nPool-worker-10] .t.t.s.TourGuideClientRewardsServiceImpl : Service - Distance calculated: 7825.305141424473
2021-11-27 20:34:21.229  INFO 530588 --- [nPool-worker-10] .t.t.s.TourGuideClientRewardsServiceImpl : Service - Distance calculated: 7741.891391959195
2021-11-27 20:34:21.229  INFO 530588 --- [nPool-worker-10] .t.t.s.TourGuideClientRewardsServiceImpl : Service - Distance calculated: 8048.402595914431
2021-11-27 20:34:21.229  INFO 530588 --- [nPool-worker-10] .t.t.s.TourGuideClientRewardsServiceImpl : Service - Distance calculated: 7830.906137298865
2021-11-27 20:34:21.229  INFO 530588 --- [nPool-worker-10] .t.t.s.TourGuideClientRewardsServiceImpl : Service - Distance calculated: 7690.740430254612
2021-11-27 20:34:21.229  INFO 530588 --- [nPool-worker-10] .t.t.s.TourGuideClientRewardsServiceImpl : Service - Distance calculated: 10736.903521444536
2021-11-27 20:34:21.229  INFO 530588 --- [nPool-worker-10] .t.t.s.TourGuideClientRewardsServiceImpl : Service - Distance calculated: 7711.668994427518
2021-11-27 20:34:21.229  INFO 530588 --- [nPool-worker-10] .t.t.s.TourGuideClientRewardsServiceImpl : Service - Distance calculated: 7766.781670413921
2021-11-27 20:34:21.229  INFO 530588 --- [nPool-worker-10] .t.t.s.TourGuideClientRewardsServiceImpl : Service - Distance calculated: 7652.144554565889
2021-11-27 20:34:21.229  INFO 530588 --- [onPool-worker-5] .t.t.s.TourGuideClientRewardsServiceImpl : Service - Distance calculated: 8826.742374445372
2021-11-27 20:34:21.230  INFO 530588 --- [onPool-worker-5] .t.t.s.TourGuideClientRewardsServiceImpl : Service - Distance calculated: 8741.890057786923
2021-11-27 20:34:21.230  INFO 530588 --- [onPool-worker-5] .t.t.s.TourGuideClientRewardsServiceImpl : Service - Distance calculated: 8684.63529340198
2021-11-27 20:34:21.230  INFO 530588 --- [onPool-worker-5] .t.t.s.TourGuideClientRewardsServiceImpl : Service - Distance calculated: 7843.315085550803
2021-11-27 20:34:21.230  INFO 530588 --- [onPool-worker-5] .t.t.s.TourGuideClientRewardsServiceImpl : Service - Distance calculated: 8002.972882210179
2021-11-27 20:34:21.230  INFO 530588 --- [onPool-worker-5] .t.t.s.TourGuideClientRewardsServiceImpl : Service - Distance calculated: 8244.101724946386
2021-11-27 20:34:21.230  INFO 530588 --- [onPool-worker-5] .t.t.s.TourGuideClientRewardsServiceImpl : Service - Distance calculated: 8036.352619681945
2021-11-27 20:34:21.230  INFO 530588 --- [onPool-worker-5] .t.t.s.TourGuideClientRewardsServiceImpl : Service - Distance calculated: 8449.170747799506
2021-11-27 20:34:21.230  INFO 530588 --- [onPool-worker-5] .t.t.s.TourGuideClientRewardsServiceImpl : Service - Distance calculated: 8030.388939029715
2021-11-27 20:34:21.230  INFO 530588 --- [onPool-worker-5] .t.t.s.TourGuideClientRewardsServiceImpl : Service - Distance calculated: 8122.699839600354
2021-11-27 20:34:21.230  INFO 530588 --- [onPool-worker-5] .t.t.s.TourGuideClientRewardsServiceImpl : Service - Distance calculated: 7909.250952126647
2021-11-27 20:34:21.230  INFO 530588 --- [onPool-worker-5] .t.t.s.TourGuideClientRewardsServiceImpl : Service - Distance calculated: 8949.276186800735
2021-11-27 20:34:21.230  INFO 530588 --- [onPool-worker-5] .t.t.s.TourGuideClientRewardsServiceImpl : Service - Distance calculated: 8078.735663020445
2021-11-27 20:34:21.230  INFO 530588 --- [onPool-worker-5] .t.t.s.TourGuideClientRewardsServiceImpl : Service - Distance calculated: 8615.572471624468
2021-11-27 20:34:21.230  INFO 530588 --- [onPool-worker-5] .t.t.s.TourGuideClientRewardsServiceImpl : Service - Distance calculated: 8835.028699352268
2021-11-27 20:34:21.230  INFO 530588 --- [onPool-worker-5] .t.t.s.TourGuideClientRewardsServiceImpl : Service - Distance calculated: 7941.450700405076
2021-11-27 20:34:21.230  INFO 530588 --- [onPool-worker-5] .t.t.s.TourGuideClientRewardsServiceImpl : Service - Distance calculated: 7866.0908950258645
2021-11-27 20:34:21.230  INFO 530588 --- [onPool-worker-5] .t.t.s.TourGuideClientRewardsServiceImpl : Service - Distance calculated: 8000.155212018771
2021-11-27 20:34:21.230  INFO 530588 --- [onPool-worker-5] .t.t.s.TourGuideClientRewardsServiceImpl : Service - Distance calculated: 7819.9259321856325
2021-11-27 20:34:21.230  INFO 530588 --- [onPool-worker-5] .t.t.s.TourGuideClientRewardsServiceImpl : Service - Distance calculated: 7780.450015932608
2021-11-27 20:34:21.230  INFO 530588 --- [onPool-worker-5] .t.t.s.TourGuideClientRewardsServiceImpl : Service - Distance calculated: 6951.679753151739
2021-11-27 20:34:21.230  INFO 530588 --- [onPool-worker-5] .t.t.s.TourGuideClientRewardsServiceImpl : Service - Distance calculated: 6885.310362025005
2021-11-27 20:34:21.230  INFO 530588 --- [onPool-worker-5] .t.t.s.TourGuideClientRewardsServiceImpl : Service - Distance calculated: 7446.249560834262
2021-11-27 20:34:21.230  INFO 530588 --- [onPool-worker-5] .t.t.s.TourGuideClientRewardsServiceImpl : Service - Distance calculated: 6817.425568027006
2021-11-27 20:34:21.230  INFO 530588 --- [onPool-worker-5] .t.t.s.TourGuideClientRewardsServiceImpl : Service - Distance calculated: 6713.754702467061
2021-11-27 20:34:21.230  INFO 530588 --- [onPool-worker-5] .t.t.s.TourGuideClientRewardsServiceImpl : Service - Distance calculated: 9934.584721920777
2021-11-27 20:34:21.230  INFO 530588 --- [onPool-worker-5] .t.t.s.TourGuideClientRewardsServiceImpl : Service - Distance calculated: 6620.016830445389
2021-11-27 20:34:21.230  INFO 530588 --- [onPool-worker-5] .t.t.s.TourGuideClientRewardsServiceImpl : Service - Distance calculated: 6726.605456034514
2021-11-27 20:34:21.230  INFO 530588 --- [onPool-worker-5] .t.t.s.TourGuideClientRewardsServiceImpl : Service - Distance calculated: 6596.1984573193495
2021-11-27 20:34:21.230  INFO 530588 --- [onPool-worker-5] .t.t.s.TourGuideClientRewardsServiceImpl : Service - Distance calculated: 6002.514549077226
2021-11-27 20:34:21.230  INFO 530588 --- [onPool-worker-5] .t.t.s.TourGuideClientRewardsServiceImpl : Service - Distance calculated: 6846.171348738634
2021-11-27 20:34:21.230  INFO 530588 --- [onPool-worker-5] .t.t.s.TourGuideClientRewardsServiceImpl : Service - Distance calculated: 6616.141788859487
2021-11-27 20:34:21.230  INFO 530588 --- [onPool-worker-5] .t.t.s.TourGuideClientRewardsServiceImpl : Service - Distance calculated: 6598.244782918627
2021-11-27 20:34:21.230  INFO 530588 --- [onPool-worker-5] .t.t.s.TourGuideClientRewardsServiceImpl : Service - Distance calculated: 6643.3561706657865
2021-11-27 20:34:21.230  INFO 530588 --- [onPool-worker-5] .t.t.s.TourGuideClientRewardsServiceImpl : Service - Distance calculated: 6807.688858483337
2021-11-27 20:34:21.230  INFO 530588 --- [onPool-worker-5] .t.t.s.TourGuideClientRewardsServiceImpl : Service - Distance calculated: 7783.7754084421695
2021-11-27 20:34:21.230  INFO 530588 --- [onPool-worker-5] .t.t.s.TourGuideClientRewardsServiceImpl : Service - Distance calculated: 6148.266575497611
2021-11-27 20:34:21.230  INFO 530588 --- [onPool-worker-5] .t.t.s.TourGuideClientRewardsServiceImpl : Service - Distance calculated: 6637.763282535358
2021-11-27 20:34:21.230  INFO 530588 --- [onPool-worker-5] .t.t.s.TourGuideClientRewardsServiceImpl : Service - Distance calculated: 7277.318976680844
2021-11-27 20:34:21.230  INFO 530588 --- [onPool-worker-5] .t.t.s.TourGuideClientRewardsServiceImpl : Service - Distance calculated: 7172.596692680928
2021-11-27 20:34:21.230  INFO 530588 --- [onPool-worker-5] .t.t.s.TourGuideClientRewardsServiceImpl : Service - Distance calculated: 6623.495237694989
2021-11-27 20:34:21.230  INFO 530588 --- [onPool-worker-5] .t.t.s.TourGuideClientRewardsServiceImpl : Service - Distance calculated: 6140.217661280803
2021-11-27 20:34:21.230  INFO 530588 --- [onPool-worker-5] .t.t.s.TourGuideClientRewardsServiceImpl : Service - Distance calculated: 5086.529440989516
2021-11-27 20:34:21.230  INFO 530588 --- [onPool-worker-5] .t.t.s.TourGuideClientRewardsServiceImpl : Service - Distance calculated: 4433.287569367736
2021-11-27 20:34:21.229  INFO 530588 --- [onPool-worker-6] .t.t.s.TourGuideClientRewardsServiceImpl : Service - Distance calculated: 6026.794407972668
2021-11-27 20:34:21.230  INFO 530588 --- [onPool-worker-6] .t.t.s.TourGuideClientRewardsServiceImpl : Service - Distance calculated: 6820.0384071176595
2021-11-27 20:34:21.230  INFO 530588 --- [onPool-worker-6] .t.t.s.TourGuideClientRewardsServiceImpl : Service - Distance calculated: 6631.751430252892
2021-11-27 20:34:21.230  INFO 530588 --- [onPool-worker-6] .t.t.s.TourGuideClientRewardsServiceImpl : Service - Distance calculated: 6593.829109640607
2021-11-27 20:34:21.230  INFO 530588 --- [onPool-worker-6] .t.t.s.TourGuideClientRewardsServiceImpl : Service - Distance calculated: 6678.321584490477
2021-11-27 20:34:21.230  INFO 530588 --- [onPool-worker-6] .t.t.s.TourGuideClientRewardsServiceImpl : Service - Distance calculated: 6787.038892757791
2021-11-27 20:34:21.230  INFO 530588 --- [onPool-worker-6] .t.t.s.TourGuideClientRewardsServiceImpl : Service - Distance calculated: 7707.482457432738
2021-11-27 20:34:21.230  INFO 530588 --- [onPool-worker-6] .t.t.s.TourGuideClientRewardsServiceImpl : Service - Distance calculated: 6167.030126827356
2021-11-27 20:34:21.230  INFO 530588 --- [onPool-worker-6] .t.t.s.TourGuideClientRewardsServiceImpl : Service - Distance calculated: 6728.168429908021
2021-11-27 20:34:21.230  INFO 530588 --- [onPool-worker-6] .t.t.s.TourGuideClientRewardsServiceImpl : Service - Distance calculated: 7228.93557046018
2021-11-27 20:34:21.230  INFO 530588 --- [onPool-worker-6] .t.t.s.TourGuideClientRewardsServiceImpl : Service - Distance calculated: 7183.799836778872
2021-11-27 20:34:21.230  INFO 530588 --- [onPool-worker-6] .t.t.s.TourGuideClientRewardsServiceImpl : Service - Distance calculated: 6702.283154818463
2021-11-27 20:34:21.230  INFO 530588 --- [onPool-worker-6] .t.t.s.TourGuideClientRewardsServiceImpl : Service - Distance calculated: 6163.1893909044875
2021-11-27 20:34:21.230  INFO 530588 --- [onPool-worker-6] .t.t.s.TourGuideClientRewardsServiceImpl : Service - Distance calculated: 4077.466642854987
2021-11-27 20:34:21.230  INFO 530588 --- [onPool-worker-6] .t.t.s.TourGuideClientRewardsServiceImpl : Service - Distance calculated: 4581.119114243661
2021-11-27 20:34:21.230  INFO 530588 --- [onPool-worker-6] .t.t.s.TourGuideClientRewardsServiceImpl : Service - Distance calculated: 4108.007561117087
2021-11-27 20:34:21.230  INFO 530588 --- [onPool-worker-6] .t.t.s.TourGuideClientRewardsServiceImpl : Service - Distance calculated: 4035.6275683526187
2021-11-27 20:34:21.230  INFO 530588 --- [onPool-worker-6] .t.t.s.TourGuideClientRewardsServiceImpl : Service - Distance calculated: 3958.051360170663
2021-11-27 20:34:21.230  INFO 530588 --- [onPool-worker-6] .t.t.s.TourGuideClientRewardsServiceImpl : Service - Distance calculated: 3856.264179567109
2021-11-27 20:34:21.230  INFO 530588 --- [onPool-worker-6] .t.t.s.TourGuideClientRewardsServiceImpl : Service - Distance calculated: 3794.741055133153
2021-11-27 20:34:21.230  INFO 530588 --- [onPool-worker-6] .t.t.s.TourGuideClientRewardsServiceImpl : Service - Distance calculated: 4311.224912169326
2021-11-27 20:34:21.230  INFO 530588 --- [onPool-worker-6] .t.t.s.TourGuideClientRewardsServiceImpl : Service - Distance calculated: 4102.028422242553
2021-11-27 20:34:21.230  INFO 530588 --- [onPool-worker-6] .t.t.s.TourGuideClientRewardsServiceImpl : Service - Distance calculated: 6436.153559377401
2021-11-27 20:34:21.230  INFO 530588 --- [onPool-worker-6] .t.t.s.TourGuideClientRewardsServiceImpl : Service - Distance calculated: 4501.269377610386
2021-11-27 20:34:21.230  INFO 530588 --- [onPool-worker-6] .t.t.s.TourGuideClientRewardsServiceImpl : Service - Distance calculated: 4350.412403437088
2021-11-27 20:34:21.230  INFO 530588 --- [onPool-worker-6] .t.t.s.TourGuideClientRewardsServiceImpl : Service - Distance calculated: 4325.307433173337
2021-11-27 20:34:21.230  INFO 530588 --- [onPool-worker-6] .t.t.s.TourGuideClientRewardsServiceImpl : Service - Distance calculated: 3483.1422937235548
2021-11-27 20:34:21.230  INFO 530588 --- [onPool-worker-6] .t.t.s.TourGuideClientRewardsServiceImpl : Service - Distance calculated: 3562.8061080883977
2021-11-27 20:34:21.230  INFO 530588 --- [onPool-worker-6] .t.t.s.TourGuideClientRewardsServiceImpl : Service - Distance calculated: 3799.195669473848
2021-11-27 20:34:21.230  INFO 530588 --- [onPool-worker-6] .t.t.s.TourGuideClientRewardsServiceImpl : Service - Distance calculated: 3580.8769615092524
2021-11-27 20:34:21.230  INFO 530588 --- [onPool-worker-6] .t.t.s.TourGuideClientRewardsServiceImpl : Service - Distance calculated: 4024.585741807718
2021-11-27 20:34:21.230  INFO 530588 --- [onPool-worker-6] .t.t.s.TourGuideClientRewardsServiceImpl : Service - Distance calculated: 3582.8782218234164
2021-11-27 20:34:21.230  INFO 530588 --- [onPool-worker-6] .t.t.s.TourGuideClientRewardsServiceImpl : Service - Distance calculated: 3991.0314477160664
2021-11-27 20:34:21.230  INFO 530588 --- [onPool-worker-6] .t.t.s.TourGuideClientRewardsServiceImpl : Service - Distance calculated: 3514.148653857565
2021-11-27 20:34:21.230  INFO 530588 --- [onPool-worker-6] .t.t.s.TourGuideClientRewardsServiceImpl : Service - Distance calculated: 4659.931761824283
2021-11-27 20:34:21.230  INFO 530588 --- [onPool-worker-6] .t.t.s.TourGuideClientRewardsServiceImpl : Service - Distance calculated: 3732.1386405291682
2021-11-27 20:34:21.230  INFO 530588 --- [onPool-worker-6] .t.t.s.TourGuideClientRewardsServiceImpl : Service - Distance calculated: 4162.922599845229
2021-11-27 20:34:21.230  INFO 530588 --- [onPool-worker-6] .t.t.s.TourGuideClientRewardsServiceImpl : Service - Distance calculated: 4510.72496321652
2021-11-27 20:34:21.230  INFO 530588 --- [onPool-worker-6] .t.t.s.TourGuideClientRewardsServiceImpl : Service - Distance calculated: 3556.2588050223326
2021-11-27 20:34:21.230  INFO 530588 --- [onPool-worker-6] .t.t.s.TourGuideClientRewardsServiceImpl : Service - Distance calculated: 2272.9409945499865
2021-11-27 20:34:21.230  INFO 530588 --- [onPool-worker-6] .t.t.s.TourGuideClientRewardsServiceImpl : Service - Distance calculated: 2964.2065671304076
2021-11-27 20:34:21.231  INFO 530588 --- [onPool-worker-6] .t.t.s.TourGuideClientRewardsServiceImpl : Service - Distance calculated: 2437.7494738524856
2021-11-27 20:34:21.231  INFO 530588 --- [onPool-worker-6] .t.t.s.TourGuideClientRewardsServiceImpl : Service - Distance calculated: 2374.5226391953474
2021-11-27 20:34:21.231  INFO 530588 --- [onPool-worker-6] .t.t.s.TourGuideClientRewardsServiceImpl : Service - Distance calculated: 3649.8077890906898
2021-11-27 20:34:21.231  INFO 530588 --- [onPool-worker-6] .t.t.s.TourGuideClientRewardsServiceImpl : Service - Distance calculated: 3614.706219158823
2021-11-27 20:34:21.231  INFO 530588 --- [onPool-worker-6] .t.t.s.TourGuideClientRewardsServiceImpl : Service - Distance calculated: 2603.768974219585
2021-11-27 20:34:21.231  INFO 530588 --- [onPool-worker-6] .t.t.s.TourGuideClientRewardsServiceImpl : Service - Distance calculated: 4249.310121437977
2021-11-27 20:34:21.231  INFO 530588 --- [onPool-worker-6] .t.t.s.TourGuideClientRewardsServiceImpl : Service - Distance calculated: 4137.633807750657
2021-11-27 20:34:21.231  INFO 530588 --- [onPool-worker-6] .t.t.s.TourGuideClientRewardsServiceImpl : Service - Distance calculated: 3329.205336507607
2021-11-27 20:34:21.231  INFO 530588 --- [onPool-worker-6] .t.t.s.TourGuideClientRewardsServiceImpl : Service - Distance calculated: 4694.960555606331
2021-11-27 20:34:21.231  INFO 530588 --- [onPool-worker-6] .t.t.s.TourGuideClientRewardsServiceImpl : Service - Distance calculated: 4403.90514151446
2021-11-27 20:34:21.231  INFO 530588 --- [onPool-worker-6] .t.t.s.TourGuideClientRewardsServiceImpl : Service - Distance calculated: 4530.467031790682
2021-11-27 20:34:21.231  INFO 530588 --- [onPool-worker-6] .t.t.s.TourGuideClientRewardsServiceImpl : Service - Distance calculated: 4340.083717801447
2021-11-27 20:34:21.231  INFO 530588 --- [onPool-worker-6] .t.t.s.TourGuideClientRewardsServiceImpl : Service - Distance calculated: 3292.769829413787
2021-11-27 20:34:21.231  INFO 530588 --- [onPool-worker-6] .t.t.s.TourGuideClientRewardsServiceImpl : Service - Distance calculated: 3913.0938343617577
2021-11-27 20:34:21.231  INFO 530588 --- [onPool-worker-6] .t.t.s.TourGuideClientRewardsServiceImpl : Service - Distance calculated: 3680.1541322868984
2021-11-27 20:34:21.231  INFO 530588 --- [onPool-worker-6] .t.t.s.TourGuideClientRewardsServiceImpl : Service - Distance calculated: 4137.47842146907
2021-11-27 20:34:21.231  INFO 530588 --- [onPool-worker-6] .t.t.s.TourGuideClientRewardsServiceImpl : Service - Distance calculated: 3378.3120277389207
2021-11-27 20:34:21.231  INFO 530588 --- [onPool-worker-6] .t.t.s.TourGuideClientRewardsServiceImpl : Service - Distance calculated: 2272.6198175504155
2021-11-27 20:34:21.231  INFO 530588 --- [onPool-worker-6] .t.t.s.TourGuideClientRewardsServiceImpl : Service - Distance calculated: 4195.111496429359
2021-11-27 20:34:21.231  INFO 530588 --- [onPool-worker-6] .t.t.s.TourGuideClientRewardsServiceImpl : Service - Distance calculated: 4846.555267979108
2021-11-27 20:34:21.231  INFO 530588 --- [onPool-worker-6] .t.t.s.TourGuideClientRewardsServiceImpl : Service - Distance calculated: 2817.6328126731055
2021-11-27 20:34:21.231  INFO 530588 --- [onPool-worker-6] .t.t.s.TourGuideClientRewardsServiceImpl : Service - Distance calculated: 3603.208493814559
2021-11-27 20:34:21.231  INFO 530588 --- [onPool-worker-6] .t.t.s.TourGuideClientRewardsServiceImpl : Service - Distance calculated: 4701.258869250691
2021-11-27 20:34:21.231  INFO 530588 --- [onPool-worker-6] .t.t.s.TourGuideClientRewardsServiceImpl : Service - Distance calculated: 4249.208358816885
2021-11-27 20:34:21.231  INFO 530588 --- [onPool-worker-6] .t.t.s.TourGuideClientRewardsServiceImpl : Service - Distance calculated: 7258.546177752393
2021-11-27 20:34:21.231  INFO 530588 --- [onPool-worker-6] .t.t.s.TourGuideClientRewardsServiceImpl : Service - Distance calculated: 6488.723681066633
2021-11-27 20:34:21.231  INFO 530588 --- [onPool-worker-6] .t.t.s.TourGuideClientRewardsServiceImpl : Service - Distance calculated: 7105.319297718116
2021-11-27 20:34:21.231  INFO 530588 --- [onPool-worker-6] .t.t.s.TourGuideClientRewardsServiceImpl : Service - Distance calculated: 7189.10128619627
2021-11-27 20:34:21.231  INFO 530588 --- [onPool-worker-6] .t.t.s.TourGuideClientRewardsServiceImpl : Service - Distance calculated: 6192.489608299174
2021-11-27 20:34:21.231  INFO 530588 --- [onPool-worker-6] .t.t.s.TourGuideClientRewardsServiceImpl : Service - Distance calculated: 6269.592117581528
2021-11-27 20:34:21.231  INFO 530588 --- [onPool-worker-6] .t.t.s.TourGuideClientRewardsServiceImpl : Service - Distance calculated: 7105.328770484912
2021-11-27 20:34:21.231  INFO 530588 --- [onPool-worker-6] .t.t.s.TourGuideClientRewardsServiceImpl : Service - Distance calculated: 5578.1501463198765
2021-11-27 20:34:21.231  INFO 530588 --- [onPool-worker-6] .t.t.s.TourGuideClientRewardsServiceImpl : Service - Distance calculated: 5761.5282413429195
2021-11-27 20:34:21.231  INFO 530588 --- [onPool-worker-6] .t.t.s.TourGuideClientRewardsServiceImpl : Service - Distance calculated: 6021.372007235287
2021-11-27 20:34:21.231  INFO 530588 --- [onPool-worker-6] .t.t.s.TourGuideClientRewardsServiceImpl : Service - Distance calculated: 5170.300954788907
2021-11-27 20:34:21.231  INFO 530588 --- [onPool-worker-6] .t.t.s.TourGuideClientRewardsServiceImpl : Service - Distance calculated: 5448.393999131368
2021-11-27 20:34:21.231  INFO 530588 --- [onPool-worker-6] .t.t.s.TourGuideClientRewardsServiceImpl : Service - Distance calculated: 5372.314804059001
2021-11-27 20:34:21.231  INFO 530588 --- [onPool-worker-6] .t.t.s.TourGuideClientRewardsServiceImpl : Service - Distance calculated: 5967.484261936405
2021-11-27 20:34:21.231  INFO 530588 --- [onPool-worker-6] .t.t.s.TourGuideClientRewardsServiceImpl : Service - Distance calculated: 6667.95493304223
2021-11-27 20:34:21.231  INFO 530588 --- [onPool-worker-6] .t.t.s.TourGuideClientRewardsServiceImpl : Service - Distance calculated: 6079.149500096891
2021-11-27 20:34:21.231  INFO 530588 --- [onPool-worker-6] .t.t.s.TourGuideClientRewardsServiceImpl : Service - Distance calculated: 6365.95911771417
2021-11-27 20:34:21.231  INFO 530588 --- [onPool-worker-6] .t.t.s.TourGuideClientRewardsServiceImpl : Service - Distance calculated: 5801.077175788389
2021-11-27 20:34:21.231  INFO 530588 --- [onPool-worker-6] .t.t.s.TourGuideClientRewardsServiceImpl : Service - Distance calculated: 6591.283200767337
2021-11-27 20:34:21.231  INFO 530588 --- [onPool-worker-6] .t.t.s.TourGuideClientRewardsServiceImpl : Service - Distance calculated: 7295.254950682412
2021-11-27 20:34:21.231  INFO 530588 --- [onPool-worker-6] .t.t.s.TourGuideClientRewardsServiceImpl : Service - Distance calculated: 6043.446857482747
2021-11-27 20:34:21.231  INFO 530588 --- [onPool-worker-6] .t.t.s.TourGuideClientRewardsServiceImpl : Service - Distance calculated: 4987.356009580971
2021-11-27 20:34:21.231  INFO 530588 --- [onPool-worker-6] .t.t.s.TourGuideClientRewardsServiceImpl : Service - Distance calculated: 6959.186412819159
2021-11-27 20:34:21.231  INFO 530588 --- [onPool-worker-6] .t.t.s.TourGuideClientRewardsServiceImpl : Service - Distance calculated: 6131.586809517521
2021-11-27 20:34:21.231  INFO 530588 --- [onPool-worker-6] .t.t.s.TourGuideClientRewardsServiceImpl : Service - Distance calculated: 5161.24760819514
2021-11-27 20:34:21.231  INFO 530588 --- [onPool-worker-6] .t.t.s.TourGuideClientRewardsServiceImpl : Service - Distance calculated: 5983.00047720334
2021-11-27 20:34:21.231  INFO 530588 --- [onPool-worker-6] .t.t.s.TourGuideClientRewardsServiceImpl : Service - Distance calculated: 5.8950310023474215E-5
2021-11-27 20:34:21.232  INFO 530588 --- [onPool-worker-7] .t.t.s.TourGuideClientRewardsServiceImpl : Service - Distance calculated: 9366.202884269529
2021-11-27 20:34:21.232  INFO 530588 --- [onPool-worker-6] .t.t.s.TourGuideClientRewardsServiceImpl : Service - Distance calculated: 774.5207212649109
2021-11-27 20:34:21.232  INFO 530588 --- [onPool-worker-7] .t.t.s.TourGuideClientRewardsServiceImpl : Service - Distance calculated: 8698.25007524848
2021-11-27 20:34:21.232  INFO 530588 --- [onPool-worker-6] .t.t.s.TourGuideClientRewardsServiceImpl : Service - Distance calculated: 164.91310606753288
2021-11-27 20:34:21.232  INFO 530588 --- [onPool-worker-7] .t.t.s.TourGuideClientRewardsServiceImpl : Service - Distance calculated: 9284.393585915781
2021-11-27 20:34:21.232  INFO 530588 --- [onPool-worker-6] .t.t.s.TourGuideClientRewardsServiceImpl : Service - Distance calculated: 115.99464245531166
2021-11-27 20:34:21.232  INFO 530588 --- [onPool-worker-7] .t.t.s.TourGuideClientRewardsServiceImpl : Service - Distance calculated: 9370.326185737575
2021-11-27 20:34:21.232  INFO 530588 --- [onPool-worker-6] .t.t.s.TourGuideClientRewardsServiceImpl : Service - Distance calculated: 1428.8577204882306
2021-11-27 20:34:21.232  INFO 530588 --- [onPool-worker-7] .t.t.s.TourGuideClientRewardsServiceImpl : Service - Distance calculated: 8944.166571568423
2021-11-27 20:34:21.232  INFO 530588 --- [onPool-worker-6] .t.t.s.TourGuideClientRewardsServiceImpl : Service - Distance calculated: 1418.571827418631
2021-11-27 20:34:21.232  INFO 530588 --- [onPool-worker-7] .t.t.s.TourGuideClientRewardsServiceImpl : Service - Distance calculated: 9041.228592479525
2021-11-27 20:34:21.232  INFO 530588 --- [onPool-worker-6] .t.t.s.TourGuideClientRewardsServiceImpl : Service - Distance calculated: 460.11990361699293
2021-11-27 20:34:21.232  INFO 530588 --- [onPool-worker-7] .t.t.s.TourGuideClientRewardsServiceImpl : Service - Distance calculated: 9504.78407523278
2021-11-27 20:34:21.232  INFO 530588 --- [onPool-worker-7] .t.t.s.TourGuideClientRewardsServiceImpl : Service - Distance calculated: 8412.596211149332
2021-11-27 20:34:21.232  INFO 530588 --- [onPool-worker-7] .t.t.s.TourGuideClientRewardsServiceImpl : Service - Distance calculated: 8621.620167894986
2021-11-27 20:34:21.232  INFO 530588 --- [onPool-worker-7] .t.t.s.TourGuideClientRewardsServiceImpl : Service - Distance calculated: 7114.337304326555
2021-11-27 20:34:21.232  INFO 530588 --- [onPool-worker-7] .t.t.s.TourGuideClientRewardsServiceImpl : Service - Distance calculated: 8079.186909236305
2021-11-27 20:34:21.232  INFO 530588 --- [onPool-worker-7] .t.t.s.TourGuideClientRewardsServiceImpl : Service - Distance calculated: 8316.975157714978
2021-11-27 20:34:21.232  INFO 530588 --- [onPool-worker-7] .t.t.s.TourGuideClientRewardsServiceImpl : Service - Distance calculated: 8281.901840713817
2021-11-27 20:34:21.232  INFO 530588 --- [onPool-worker-7] .t.t.s.TourGuideClientRewardsServiceImpl : Service - Distance calculated: 9001.500413132135
2021-11-27 20:34:21.232  INFO 530588 --- [onPool-worker-7] .t.t.s.TourGuideClientRewardsServiceImpl : Service - Distance calculated: 9423.054853577034
2021-11-27 20:34:21.232  INFO 530588 --- [onPool-worker-7] .t.t.s.TourGuideClientRewardsServiceImpl : Service - Distance calculated: 8955.971912263758
2021-11-27 20:34:21.232  INFO 530588 --- [onPool-worker-7] .t.t.s.TourGuideClientRewardsServiceImpl : Service - Distance calculated: 9234.21554280505
2021-11-27 20:34:21.232  INFO 530588 --- [onPool-worker-7] .t.t.s.TourGuideClientRewardsServiceImpl : Service - Distance calculated: 8681.55020664124
2021-11-27 20:34:21.232  INFO 530588 --- [onPool-worker-7] .t.t.s.TourGuideClientRewardsServiceImpl : Service - Distance calculated: 9368.387849623978
2021-11-27 20:34:21.232  INFO 530588 --- [onPool-worker-7] .t.t.s.TourGuideClientRewardsServiceImpl : Service - Distance calculated: 9444.637564100973
2021-11-27 20:34:21.232  INFO 530588 --- [onPool-worker-7] .t.t.s.TourGuideClientRewardsServiceImpl : Service - Distance calculated: 9046.968068250728
2021-11-27 20:34:21.232  INFO 530588 --- [onPool-worker-7] .t.t.s.TourGuideClientRewardsServiceImpl : Service - Distance calculated: 7896.282385472641
2021-11-27 20:34:21.232  INFO 530588 --- [onPool-worker-7] .t.t.s.TourGuideClientRewardsServiceImpl : Service - Distance calculated: 9477.455897120486
2021-11-27 20:34:21.232  INFO 530588 --- [onPool-worker-7] .t.t.s.TourGuideClientRewardsServiceImpl : Service - Distance calculated: 8798.64216064199
2021-11-27 20:34:21.232  INFO 530588 --- [onPool-worker-7] .t.t.s.TourGuideClientRewardsServiceImpl : Service - Distance calculated: 8069.416526584495
2021-11-27 20:34:21.232  INFO 530588 --- [onPool-worker-7] .t.t.s.TourGuideClientRewardsServiceImpl : Service - Distance calculated: 8989.519389784002
2021-11-27 20:34:21.232  INFO 530588 --- [onPool-worker-7] .t.t.s.TourGuideClientRewardsServiceImpl : Service - Distance calculated: 6931.64483420113
2021-11-27 20:34:21.232  INFO 530588 --- [onPool-worker-7] .t.t.s.TourGuideClientRewardsServiceImpl : Service - Distance calculated: 6440.2458470490865
2021-11-27 20:34:21.232  INFO 530588 --- [onPool-worker-7] .t.t.s.TourGuideClientRewardsServiceImpl : Service - Distance calculated: 6779.73237533339
2021-11-27 20:34:21.232  INFO 530588 --- [onPool-worker-7] .t.t.s.TourGuideClientRewardsServiceImpl : Service - Distance calculated: 6816.949923418936
2021-11-27 20:34:21.232  INFO 530588 --- [onPool-worker-7] .t.t.s.TourGuideClientRewardsServiceImpl : Service - Distance calculated: 5503.489789993692
2021-11-27 20:34:21.232  INFO 530588 --- [onPool-worker-7] .t.t.s.TourGuideClientRewardsServiceImpl : Service - Distance calculated: 5514.261438948401
2021-11-27 20:34:21.232  INFO 530588 --- [onPool-worker-7] .t.t.s.TourGuideClientRewardsServiceImpl : Service - Distance calculated: 6519.307905902461
2021-11-27 20:34:21.232  INFO 530588 --- [onPool-worker-7] .t.t.s.TourGuideClientRewardsServiceImpl : Service - Distance calculated: 4977.199896776764
2021-11-27 20:34:21.232  INFO 530588 --- [onPool-worker-7] .t.t.s.TourGuideClientRewardsServiceImpl : Service - Distance calculated: 5032.954969900117
2021-11-27 20:34:21.232  INFO 530588 --- [onPool-worker-7] .t.t.s.TourGuideClientRewardsServiceImpl : Service - Distance calculated: 7410.761085055127
2021-11-27 20:34:21.232  INFO 530588 --- [onPool-worker-7] .t.t.s.TourGuideClientRewardsServiceImpl : Service - Distance calculated: 4560.81813231103
2021-11-27 20:34:21.232  INFO 530588 --- [onPool-worker-7] .t.t.s.TourGuideClientRewardsServiceImpl : Service - Distance calculated: 4824.453271772775
2021-11-27 20:34:21.232  INFO 530588 --- [onPool-worker-7] .t.t.s.TourGuideClientRewardsServiceImpl : Service - Distance calculated: 4680.464913582054
2021-11-27 20:34:21.232  INFO 530588 --- [onPool-worker-7] .t.t.s.TourGuideClientRewardsServiceImpl : Service - Distance calculated: 4701.921202623992
2021-11-27 20:34:21.232  INFO 530588 --- [onPool-worker-7] .t.t.s.TourGuideClientRewardsServiceImpl : Service - Distance calculated: 5781.695540464962
2021-11-27 20:34:21.232  INFO 530588 --- [onPool-worker-7] .t.t.s.TourGuideClientRewardsServiceImpl : Service - Distance calculated: 5193.648021515147
2021-11-27 20:34:21.232  INFO 530588 --- [onPool-worker-7] .t.t.s.TourGuideClientRewardsServiceImpl : Service - Distance calculated: 5391.841990367115
2021-11-27 20:34:21.232  INFO 530588 --- [onPool-worker-7] .t.t.s.TourGuideClientRewardsServiceImpl : Service - Distance calculated: 5012.454633946415
2021-11-27 20:34:21.232  INFO 530588 --- [onPool-worker-7] .t.t.s.TourGuideClientRewardsServiceImpl : Service - Distance calculated: 5698.795194959702
2021-11-27 20:34:21.232  INFO 530588 --- [onPool-worker-7] .t.t.s.TourGuideClientRewardsServiceImpl : Service - Distance calculated: 6902.16457002057
2021-11-27 20:34:21.232  INFO 530588 --- [onPool-worker-7] .t.t.s.TourGuideClientRewardsServiceImpl : Service - Distance calculated: 4854.573037250302
2021-11-27 20:34:21.232  INFO 530588 --- [onPool-worker-7] .t.t.s.TourGuideClientRewardsServiceImpl : Service - Distance calculated: 4453.003563103434
2021-11-27 20:34:21.232  INFO 530588 --- [onPool-worker-7] .t.t.s.TourGuideClientRewardsServiceImpl : Service - Distance calculated: 6291.981911148064
2021-11-27 20:34:21.232  INFO 530588 --- [onPool-worker-7] .t.t.s.TourGuideClientRewardsServiceImpl : Service - Distance calculated: 5611.035674613793
2021-11-27 20:34:21.232  INFO 530588 --- [onPool-worker-7] .t.t.s.TourGuideClientRewardsServiceImpl : Service - Distance calculated: 4557.274965469345
2021-11-27 20:34:21.232  INFO 530588 --- [onPool-worker-7] .t.t.s.TourGuideClientRewardsServiceImpl : Service - Distance calculated: 4804.393222694434
2021-11-27 20:34:21.232  INFO 530588 --- [onPool-worker-7] .t.t.s.TourGuideClientRewardsServiceImpl : Service - Distance calculated: 5721.654281866647
2021-11-27 20:34:21.232  INFO 530588 --- [onPool-worker-7] .t.t.s.TourGuideClientRewardsServiceImpl : Service - Distance calculated: 5282.212830366761
2021-11-27 20:34:21.232  INFO 530588 --- [onPool-worker-7] .t.t.s.TourGuideClientRewardsServiceImpl : Service - Distance calculated: 5701.787631327505
2021-11-27 20:34:21.232  INFO 530588 --- [onPool-worker-7] .t.t.s.TourGuideClientRewardsServiceImpl : Service - Distance calculated: 5769.96241507586
2021-11-27 20:34:21.232  INFO 530588 --- [onPool-worker-7] .t.t.s.TourGuideClientRewardsServiceImpl : Service - Distance calculated: 6092.433328824561
2021-11-27 20:34:21.232  INFO 530588 --- [onPool-worker-7] .t.t.s.TourGuideClientRewardsServiceImpl : Service - Distance calculated: 6186.374236201962
2021-11-27 20:34:21.232  INFO 530588 --- [onPool-worker-7] .t.t.s.TourGuideClientRewardsServiceImpl : Service - Distance calculated: 6033.785220800433
2021-11-27 20:34:21.232  INFO 530588 --- [onPool-worker-7] .t.t.s.TourGuideClientRewardsServiceImpl : Service - Distance calculated: 5935.995004036599
2021-11-27 20:34:21.232  INFO 530588 --- [onPool-worker-7] .t.t.s.TourGuideClientRewardsServiceImpl : Service - Distance calculated: 6113.623565051381
2021-11-27 20:34:21.232  INFO 530588 --- [onPool-worker-7] .t.t.s.TourGuideClientRewardsServiceImpl : Service - Distance calculated: 3361.051020179801
2021-11-27 20:34:21.232  INFO 530588 --- [onPool-worker-7] .t.t.s.TourGuideClientRewardsServiceImpl : Service - Distance calculated: 5926.118375794821
2021-11-27 20:34:21.232  INFO 530588 --- [onPool-worker-7] .t.t.s.TourGuideClientRewardsServiceImpl : Service - Distance calculated: 5958.435320885234
2021-11-27 20:34:21.232  INFO 530588 --- [onPool-worker-7] .t.t.s.TourGuideClientRewardsServiceImpl : Service - Distance calculated: 6041.197281501746
2021-11-27 20:34:21.232  INFO 530588 --- [onPool-worker-7] .t.t.s.TourGuideClientRewardsServiceImpl : Service - Distance calculated: 6846.3012491018935
2021-11-27 20:34:21.232  INFO 530588 --- [onPool-worker-7] .t.t.s.TourGuideClientRewardsServiceImpl : Service - Distance calculated: 6393.725983619738
2021-11-27 20:34:21.232  INFO 530588 --- [onPool-worker-7] .t.t.s.TourGuideClientRewardsServiceImpl : Service - Distance calculated: 6344.9170616971305
2021-11-27 20:34:21.232  INFO 530588 --- [onPool-worker-7] .t.t.s.TourGuideClientRewardsServiceImpl : Service - Distance calculated: 6487.823175920152
2021-11-27 20:34:21.232  INFO 530588 --- [onPool-worker-7] .t.t.s.TourGuideClientRewardsServiceImpl : Service - Distance calculated: 6195.136603755411
2021-11-27 20:34:21.232  INFO 530588 --- [onPool-worker-7] .t.t.s.TourGuideClientRewardsServiceImpl : Service - Distance calculated: 6395.9114716193835
2021-11-27 20:34:21.233  INFO 530588 --- [onPool-worker-7] .t.t.s.TourGuideClientRewardsServiceImpl : Service - Distance calculated: 5808.499924735337
2021-11-27 20:34:21.233  INFO 530588 --- [onPool-worker-7] .t.t.s.TourGuideClientRewardsServiceImpl : Service - Distance calculated: 6750.085265958641
2021-11-27 20:34:21.233  INFO 530588 --- [onPool-worker-7] .t.t.s.TourGuideClientRewardsServiceImpl : Service - Distance calculated: 5824.955612290863
2021-11-27 20:34:21.233  INFO 530588 --- [onPool-worker-7] .t.t.s.TourGuideClientRewardsServiceImpl : Service - Distance calculated: 6126.182620646516
2021-11-27 20:34:21.233  INFO 530588 --- [onPool-worker-7] .t.t.s.TourGuideClientRewardsServiceImpl : Service - Distance calculated: 5865.907022389149
2021-11-27 20:34:21.233  INFO 530588 --- [onPool-worker-7] .t.t.s.TourGuideClientRewardsServiceImpl : Service - Distance calculated: 5918.766689898716
2021-11-27 20:34:21.233  INFO 530588 --- [onPool-worker-7] .t.t.s.TourGuideClientRewardsServiceImpl : Service - Distance calculated: 6729.985162625971
2021-11-27 20:34:21.233  INFO 530588 --- [onPool-worker-7] .t.t.s.TourGuideClientRewardsServiceImpl : Service - Distance calculated: 6218.0585612776995
2021-11-27 20:34:21.233  INFO 530588 --- [onPool-worker-7] .t.t.s.TourGuideClientRewardsServiceImpl : Service - Distance calculated: 5682.829280490068
2021-11-27 20:34:21.233  INFO 530588 --- [onPool-worker-7] .t.t.s.TourGuideClientRewardsServiceImpl : Service - Distance calculated: 6173.606299820717
2021-11-27 20:34:21.233  INFO 530588 --- [onPool-worker-7] .t.t.s.TourGuideClientRewardsServiceImpl : Service - Distance calculated: 6249.924494051896
2021-11-27 20:34:21.233  INFO 530588 --- [onPool-worker-7] .t.t.s.TourGuideClientRewardsServiceImpl : Service - Distance calculated: 6352.41982211046
2021-11-27 20:34:21.233  INFO 530588 --- [onPool-worker-7] .t.t.s.TourGuideClientRewardsServiceImpl : Service - Distance calculated: 6452.19286359934
2021-11-27 20:34:21.233  INFO 530588 --- [onPool-worker-7] .t.t.s.TourGuideClientRewardsServiceImpl : Service - Distance calculated: 6474.294373240382
2021-11-27 20:34:21.233  INFO 530588 --- [onPool-worker-7] .t.t.s.TourGuideClientRewardsServiceImpl : Service - Distance calculated: 6085.6285294056515
2021-11-27 20:34:21.233  INFO 530588 --- [onPool-worker-7] .t.t.s.TourGuideClientRewardsServiceImpl : Service - Distance calculated: 6282.561158829105
2021-11-27 20:34:21.233  INFO 530588 --- [onPool-worker-7] .t.t.s.TourGuideClientRewardsServiceImpl : Service - Distance calculated: 3885.2304331186565
2021-11-27 20:34:21.233  INFO 530588 --- [onPool-worker-7] .t.t.s.TourGuideClientRewardsServiceImpl : Service - Distance calculated: 5990.2291795958145
2021-11-27 20:34:21.233  INFO 530588 --- [onPool-worker-7] .t.t.s.TourGuideClientRewardsServiceImpl : Service - Distance calculated: 6078.240088686155
2021-11-27 20:34:21.233  INFO 530588 --- [onPool-worker-7] .t.t.s.TourGuideClientRewardsServiceImpl : Service - Distance calculated: 6135.746492711284
2021-11-27 20:34:21.233  INFO 530588 --- [onPool-worker-7] .t.t.s.TourGuideClientRewardsServiceImpl : Service - Distance calculated: 6977.183309866365
2021-11-27 20:34:21.233  INFO 530588 --- [onPool-worker-7] .t.t.s.TourGuideClientRewardsServiceImpl : Service - Distance calculated: 6717.639409455428
2021-11-27 20:34:21.233  INFO 530588 --- [onPool-worker-7] .t.t.s.TourGuideClientRewardsServiceImpl : Service - Distance calculated: 6555.112744185396
2021-11-27 20:34:21.233  INFO 530588 --- [onPool-worker-7] .t.t.s.TourGuideClientRewardsServiceImpl : Service - Distance calculated: 6741.828375379346
2021-11-27 20:34:21.233  INFO 530588 --- [onPool-worker-7] .t.t.s.TourGuideClientRewardsServiceImpl : Service - Distance calculated: 6363.525084479467
2021-11-27 20:34:21.233  INFO 530588 --- [onPool-worker-7] .t.t.s.TourGuideClientRewardsServiceImpl : Service - Distance calculated: 6704.540303429208
2021-11-27 20:34:21.233  INFO 530588 --- [onPool-worker-7] .t.t.s.TourGuideClientRewardsServiceImpl : Service - Distance calculated: 6303.078450335258
2021-11-27 20:34:21.233  INFO 530588 --- [onPool-worker-7] .t.t.s.TourGuideClientRewardsServiceImpl : Service - Distance calculated: 6908.317578934096
2021-11-27 20:34:21.233  INFO 530588 --- [onPool-worker-7] .t.t.s.TourGuideClientRewardsServiceImpl : Service - Distance calculated: 5861.003950802651
2021-11-27 20:34:21.233  INFO 530588 --- [onPool-worker-7] .t.t.s.TourGuideClientRewardsServiceImpl : Service - Distance calculated: 6531.434348300344
2021-11-27 20:34:21.233  INFO 530588 --- [onPool-worker-7] .t.t.s.TourGuideClientRewardsServiceImpl : Service - Distance calculated: 6137.05962293986
2021-11-27 20:34:21.233  INFO 530588 --- [onPool-worker-7] .t.t.s.TourGuideClientRewardsServiceImpl : Service - Distance calculated: 5981.750909576568
2021-11-27 20:34:21.233  INFO 530588 --- [onPool-worker-7] .t.t.s.TourGuideClientRewardsServiceImpl : Service - Distance calculated: 6877.548339249921
2021-11-27 20:34:21.233  INFO 530588 --- [onPool-worker-7] .t.t.s.TourGuideClientRewardsServiceImpl : Service - Distance calculated: 5.8950310023474215E-5
2021-11-27 20:34:21.233  INFO 530588 --- [onPool-worker-7] .t.t.s.TourGuideClientRewardsServiceImpl : Service - Distance calculated: 774.5207212649109
2021-11-27 20:34:21.233  INFO 530588 --- [onPool-worker-7] .t.t.s.TourGuideClientRewardsServiceImpl : Service - Distance calculated: 164.91310606753288
2021-11-27 20:34:21.233  INFO 530588 --- [onPool-worker-7] .t.t.s.TourGuideClientRewardsServiceImpl : Service - Distance calculated: 115.99464245531166
2021-11-27 20:34:21.233  INFO 530588 --- [onPool-worker-7] .t.t.s.TourGuideClientRewardsServiceImpl : Service - Distance calculated: 1428.8577204882306
2021-11-27 20:34:21.233  INFO 530588 --- [onPool-worker-7] .t.t.s.TourGuideClientRewardsServiceImpl : Service - Distance calculated: 1418.571827418631
2021-11-27 20:34:21.233  INFO 530588 --- [onPool-worker-7] .t.t.s.TourGuideClientRewardsServiceImpl : Service - Distance calculated: 460.11990361699293
2021-11-27 20:34:21.233  INFO 530588 --- [onPool-worker-7] .t.t.s.TourGuideClientRewardsServiceImpl : Service - Distance calculated: 1992.7911930022951
2021-11-27 20:34:21.233  INFO 530588 --- [onPool-worker-7] .t.t.s.TourGuideClientRewardsServiceImpl : Service - Distance calculated: 1906.7972782801585
2021-11-27 20:34:21.233  INFO 530588 --- [onPool-worker-7] .t.t.s.TourGuideClientRewardsServiceImpl : Service - Distance calculated: 2360.645624935619
2021-11-27 20:34:21.233  INFO 530588 --- [onPool-worker-7] .t.t.s.TourGuideClientRewardsServiceImpl : Service - Distance calculated: 2434.494471527265
2021-11-27 20:34:21.233  INFO 530588 --- [onPool-worker-7] .t.t.s.TourGuideClientRewardsServiceImpl : Service - Distance calculated: 2148.3967563579567
2021-11-27 20:34:21.233  INFO 530588 --- [onPool-worker-7] .t.t.s.TourGuideClientRewardsServiceImpl : Service - Distance calculated: 2282.746325565392
2021-11-27 20:34:21.233  INFO 530588 --- [onPool-worker-7] .t.t.s.TourGuideClientRewardsServiceImpl : Service - Distance calculated: 2289.4339721013357
2021-11-27 20:34:21.233  INFO 530588 --- [onPool-worker-7] .t.t.s.TourGuideClientRewardsServiceImpl : Service - Distance calculated: 1204.372289719331
2021-11-27 20:34:21.233  INFO 530588 --- [onPool-worker-7] .t.t.s.TourGuideClientRewardsServiceImpl : Service - Distance calculated: 1742.5694022642394
2021-11-27 20:34:21.233  INFO 530588 --- [onPool-worker-7] .t.t.s.TourGuideClientRewardsServiceImpl : Service - Distance calculated: 1576.7472428725728
2021-11-27 20:34:21.233  INFO 530588 --- [onPool-worker-7] .t.t.s.TourGuideClientRewardsServiceImpl : Service - Distance calculated: 1921.4807999190489
2021-11-27 20:34:21.233  INFO 530588 --- [onPool-worker-7] .t.t.s.TourGuideClientRewardsServiceImpl : Service - Distance calculated: 1277.6245433336508
2021-11-27 20:34:21.233  INFO 530588 --- [onPool-worker-7] .t.t.s.TourGuideClientRewardsServiceImpl : Service - Distance calculated: 87.03441722159666
2021-11-27 20:34:21.233  INFO 530588 --- [onPool-worker-7] .t.t.s.TourGuideClientRewardsServiceImpl : Service - Distance calculated: 2127.2478407793283
2021-11-27 20:34:21.233  INFO 530588 --- [onPool-worker-7] .t.t.s.TourGuideClientRewardsServiceImpl : Service - Distance calculated: 2578.910516018122
2021-11-27 20:34:21.233  INFO 530588 --- [onPool-worker-7] .t.t.s.TourGuideClientRewardsServiceImpl : Service - Distance calculated: 680.6158831369517
2021-11-27 20:34:21.233  INFO 530588 --- [onPool-worker-7] .t.t.s.TourGuideClientRewardsServiceImpl : Service - Distance calculated: 1344.090272349311
2021-11-27 20:34:21.233  INFO 530588 --- [onPool-worker-7] .t.t.s.TourGuideClientRewardsServiceImpl : Service - Distance calculated: 2440.177336041544
2021-11-27 20:34:21.233  INFO 530588 --- [onPool-worker-7] .t.t.s.TourGuideClientRewardsServiceImpl : Service - Distance calculated: 2168.830527042806
2021-11-27 20:34:21.233  INFO 530588 --- [onPool-worker-7] .t.t.s.TourGuideClientRewardsServiceImpl : Service - Calculate rewards points for user: internalUser34
2021-11-27 20:34:21.229  INFO 530588 --- [onPool-worker-1] .t.t.s.TourGuideClientRewardsServiceImpl : Service - Distance calculated: 5593.821559073119
2021-11-27 20:34:21.229  INFO 530588 --- [onPool-worker-3] .t.t.s.TourGuideClientRewardsServiceImpl : Service - Distance calculated: 8339.693128369738
2021-11-27 20:34:21.234  INFO 530588 --- [onPool-worker-1] .t.t.s.TourGuideClientRewardsServiceImpl : Service - Distance calculated: 4503.824701016545
2021-11-27 20:34:21.234  INFO 530588 --- [onPool-worker-3] .t.t.s.TourGuideClientRewardsServiceImpl : Service - Distance calculated: 8056.717593072626
2021-11-27 20:34:21.234  INFO 530588 --- [onPool-worker-3] .t.t.s.TourGuideClientRewardsServiceImpl : Service - Distance calculated: 8616.784921430026
2021-11-27 20:34:21.234  INFO 530588 --- [onPool-worker-3] .t.t.s.TourGuideClientRewardsServiceImpl : Service - Distance calculated: 7885.891739206052
2021-11-27 20:34:21.234  INFO 530588 --- [onPool-worker-3] .t.t.s.TourGuideClientRewardsServiceImpl : Service - Distance calculated: 7331.13548372465
2021-11-27 20:34:21.234  INFO 530588 --- [onPool-worker-3] .t.t.s.TourGuideClientRewardsServiceImpl : Service - Distance calculated: 8240.210346715132
2021-11-27 20:34:21.234  INFO 530588 --- [onPool-worker-3] .t.t.s.TourGuideClientRewardsServiceImpl : Service - Distance calculated: 9403.959167468454
2021-11-27 20:34:21.234  INFO 530588 --- [onPool-worker-3] .t.t.s.TourGuideClientRewardsServiceImpl : Service - Distance calculated: 7609.598901472426
2021-11-27 20:34:21.234  INFO 530588 --- [onPool-worker-3] .t.t.s.TourGuideClientRewardsServiceImpl : Service - Distance calculated: 8408.746531204397
2021-11-27 20:34:21.234  INFO 530588 --- [onPool-worker-3] .t.t.s.TourGuideClientRewardsServiceImpl : Service - Distance calculated: 9231.538857566624
2021-11-27 20:34:21.234  INFO 530588 --- [onPool-worker-3] .t.t.s.TourGuideClientRewardsServiceImpl : Service - Distance calculated: 8295.208859485001
2021-11-27 20:34:21.234  INFO 530588 --- [onPool-worker-3] .t.t.s.TourGuideClientRewardsServiceImpl : Service - Distance calculated: 2790.3800005758826
2021-11-27 20:34:21.234  INFO 530588 --- [onPool-worker-3] .t.t.s.TourGuideClientRewardsServiceImpl : Service - Distance calculated: 2019.9148113129786
2021-11-27 20:34:21.234  INFO 530588 --- [onPool-worker-3] .t.t.s.TourGuideClientRewardsServiceImpl : Service - Distance calculated: 2653.9222662611555
2021-11-27 20:34:21.234  INFO 530588 --- [onPool-worker-3] .t.t.s.TourGuideClientRewardsServiceImpl : Service - Distance calculated: 2742.9306243448773
2021-11-27 20:34:21.234  INFO 530588 --- [onPool-worker-3] .t.t.s.TourGuideClientRewardsServiceImpl : Service - Distance calculated: 2230.4752951723144
2021-11-27 20:34:21.230  INFO 530588 --- [nPool-worker-10] .t.t.s.TourGuideClientRewardsServiceImpl : Service - Distance calculated: 6949.406460165721
2021-11-27 20:34:21.234  INFO 530588 --- [nPool-worker-10] .t.t.s.TourGuideClientRewardsServiceImpl : Service - Distance calculated: 7602.111407685176
2021-11-27 20:34:21.234  INFO 530588 --- [nPool-worker-10] .t.t.s.TourGuideClientRewardsServiceImpl : Service - Distance calculated: 7524.832169984411
2021-11-27 20:34:21.234  INFO 530588 --- [nPool-worker-10] .t.t.s.TourGuideClientRewardsServiceImpl : Service - Distance calculated: 7439.291699223781
2021-11-27 20:34:21.234  INFO 530588 --- [nPool-worker-10] .t.t.s.TourGuideClientRewardsServiceImpl : Service - Distance calculated: 7613.146036916339
2021-11-27 20:34:21.234  INFO 530588 --- [nPool-worker-10] .t.t.s.TourGuideClientRewardsServiceImpl : Service - Distance calculated: 7585.1802250101855
2021-11-27 20:34:21.234  INFO 530588 --- [nPool-worker-10] .t.t.s.TourGuideClientRewardsServiceImpl : Service - Distance calculated: 8300.816618248982
2021-11-27 20:34:21.234  INFO 530588 --- [nPool-worker-10] .t.t.s.TourGuideClientRewardsServiceImpl : Service - Distance calculated: 7075.469010734135
2021-11-27 20:34:21.234  INFO 530588 --- [nPool-worker-10] .t.t.s.TourGuideClientRewardsServiceImpl : Service - Distance calculated: 7759.3676043695
2021-11-27 20:34:21.234  INFO 530588 --- [nPool-worker-10] .t.t.s.TourGuideClientRewardsServiceImpl : Service - Distance calculated: 7932.901517213564
2021-11-27 20:34:21.234  INFO 530588 --- [nPool-worker-10] .t.t.s.TourGuideClientRewardsServiceImpl : Service - Distance calculated: 8055.268850295611
2021-11-27 20:34:21.234  INFO 530588 --- [nPool-worker-10] .t.t.s.TourGuideClientRewardsServiceImpl : Service - Distance calculated: 7716.665183008525
2021-11-27 20:34:21.234  INFO 530588 --- [nPool-worker-10] .t.t.s.TourGuideClientRewardsServiceImpl : Service - Distance calculated: 7080.824703161632
2021-11-27 20:34:21.234  INFO 530588 --- [nPool-worker-10] .t.t.s.TourGuideClientRewardsServiceImpl : Service - Distance calculated: 541.0305011260212
2021-11-27 20:34:21.234  INFO 530588 --- [nPool-worker-10] .t.t.s.TourGuideClientRewardsServiceImpl : Service - Distance calculated: 989.9975531395136
2021-11-27 20:34:21.234  INFO 530588 --- [nPool-worker-10] .t.t.s.TourGuideClientRewardsServiceImpl : Service - Distance calculated: 502.89748100578754
2021-11-27 20:34:21.234  INFO 530588 --- [nPool-worker-10] .t.t.s.TourGuideClientRewardsServiceImpl : Service - Distance calculated: 452.9057342070859
2021-11-27 20:34:21.234  INFO 530588 --- [nPool-worker-10] .t.t.s.TourGuideClientRewardsServiceImpl : Service - Distance calculated: 1126.852633355614
2021-11-27 20:34:21.234  INFO 530588 --- [nPool-worker-10] .t.t.s.TourGuideClientRewardsServiceImpl : Service - Distance calculated: 1081.7461491263289
2021-11-27 20:34:21.234  INFO 530588 --- [nPool-worker-10] .t.t.s.TourGuideClientRewardsServiceImpl : Service - Distance calculated: 178.9147792698698
2021-11-27 20:34:21.234  INFO 530588 --- [nPool-worker-10] .t.t.s.TourGuideClientRewardsServiceImpl : Service - Distance calculated: 1746.6419387354244
2021-11-27 20:34:21.234  INFO 530588 --- [nPool-worker-10] .t.t.s.TourGuideClientRewardsServiceImpl : Service - Distance calculated: 1611.786749649679
2021-11-27 20:34:21.234  INFO 530588 --- [nPool-worker-10] .t.t.s.TourGuideClientRewardsServiceImpl : Service - Distance calculated: 2842.959698341173
2021-11-27 20:34:21.234  INFO 530588 --- [ol-202-thread-1] .t.t.s.TourGuideClientRewardsServiceImpl : Service - Reward added for user: internalUser83
2021-11-27 20:34:21.230  INFO 530588 --- [onPool-worker-5] .t.t.s.TourGuideClientRewardsServiceImpl : Service - Distance calculated: 5004.059403701573
2021-11-27 20:34:21.230  INFO 530588 --- [nPool-worker-11] .t.t.s.TourGuideClientRewardsServiceImpl : Service - Distance calculated: 3631.609548205926
2021-11-27 20:34:21.235  INFO 530588 --- [nPool-worker-11] .t.t.s.TourGuideClientRewardsServiceImpl : Service - Distance calculated: 4242.7308292972675
2021-11-27 20:34:21.232  INFO 530588 --- [onPool-worker-6] .t.t.s.TourGuideClientRewardsServiceImpl : Service - Distance calculated: 1992.7911930022951
2021-11-27 20:34:21.235  INFO 530588 --- [nPool-worker-11] .t.t.s.TourGuideClientRewardsServiceImpl : Service - Distance calculated: 3694.142842763613
2021-11-27 20:34:21.233  INFO 530588 --- [ol-281-thread-1] .t.t.s.TourGuideClientRewardsServiceImpl : Service - Reward added for user: internalUser10
2021-11-27 20:34:21.234  INFO 530588 --- [onPool-worker-1] .t.t.s.TourGuideClientRewardsServiceImpl : Service - Distance calculated: 3374.281952815402
2021-11-27 20:34:21.234  INFO 530588 --- [onPool-worker-3] .t.t.s.TourGuideClientRewardsServiceImpl : Service - Distance calculated: 2332.8026589751817
2021-11-27 20:34:21.235  INFO 530588 --- [onPool-worker-3] .t.t.s.TourGuideClientRewardsServiceImpl : Service - Distance calculated: 2764.9511228985807
2021-11-27 20:34:21.235  INFO 530588 --- [onPool-worker-3] .t.t.s.TourGuideClientRewardsServiceImpl : Service - Distance calculated: 1890.7520477809655
2021-11-27 20:34:21.235  INFO 530588 --- [onPool-worker-3] .t.t.s.TourGuideClientRewardsServiceImpl : Service - Distance calculated: 2090.104344602375
2021-11-27 20:34:21.235  INFO 530588 --- [onPool-worker-3] .t.t.s.TourGuideClientRewardsServiceImpl : Service - Distance calculated: 2059.3871882539015
2021-11-27 20:34:21.235  INFO 530588 --- [onPool-worker-3] .t.t.s.TourGuideClientRewardsServiceImpl : Service - Distance calculated: 1837.0908966348468
2021-11-27 20:34:21.235  INFO 530588 --- [onPool-worker-3] .t.t.s.TourGuideClientRewardsServiceImpl : Service - Distance calculated: 1887.2638555626284
2021-11-27 20:34:21.235  INFO 530588 --- [onPool-worker-3] .t.t.s.TourGuideClientRewardsServiceImpl : Service - Distance calculated: 1957.337398094469
2021-11-27 20:34:21.235  INFO 530588 --- [onPool-worker-3] .t.t.s.TourGuideClientRewardsServiceImpl : Service - Distance calculated: 2786.404814621762
2021-11-27 20:34:21.235  INFO 530588 --- [onPool-worker-3] .t.t.s.TourGuideClientRewardsServiceImpl : Service - Distance calculated: 2672.126615428064
2021-11-27 20:34:21.235  INFO 530588 --- [onPool-worker-3] .t.t.s.TourGuideClientRewardsServiceImpl : Service - Distance calculated: 2377.9044935135466
2021-11-27 20:34:21.235  INFO 530588 --- [onPool-worker-3] .t.t.s.TourGuideClientRewardsServiceImpl : Service - Distance calculated: 2596.047954672988
2021-11-27 20:34:21.235  INFO 530588 --- [onPool-worker-3] .t.t.s.TourGuideClientRewardsServiceImpl : Service - Distance calculated: 2170.5164954525826
2021-11-27 20:34:21.235  INFO 530588 --- [onPool-worker-3] .t.t.s.TourGuideClientRewardsServiceImpl : Service - Distance calculated: 2633.5784033089712
2021-11-27 20:34:21.235  INFO 530588 --- [onPool-worker-3] .t.t.s.TourGuideClientRewardsServiceImpl : Service - Distance calculated: 2843.0414975760805
2021-11-27 20:34:21.235  INFO 530588 --- [onPool-worker-3] .t.t.s.TourGuideClientRewardsServiceImpl : Service - Distance calculated: 2713.296689601439
2021-11-27 20:34:21.235  INFO 530588 --- [onPool-worker-3] .t.t.s.TourGuideClientRewardsServiceImpl : Service - Distance calculated: 1743.4495205179562
2021-11-27 20:34:21.235  INFO 530588 --- [onPool-worker-3] .t.t.s.TourGuideClientRewardsServiceImpl : Service - Distance calculated: 2700.041467743009
2021-11-27 20:34:21.235  INFO 530588 --- [onPool-worker-3] .t.t.s.TourGuideClientRewardsServiceImpl : Service - Distance calculated: 2045.0759530604626
2021-11-27 20:34:21.234  INFO 530588 --- [nPool-worker-10] .t.t.s.TourGuideClientRewardsServiceImpl : Service - Distance calculated: 2190.6302088943175
2021-11-27 20:34:21.235  INFO 530588 --- [onPool-worker-3] .t.t.s.TourGuideClientRewardsServiceImpl : Service - Distance calculated: 1829.80671483309
2021-11-27 20:34:21.235  INFO 530588 --- [onPool-worker-3] .t.t.s.TourGuideClientRewardsServiceImpl : Service - Distance calculated: 2683.1776526178833
2021-11-27 20:34:21.235  INFO 530588 --- [nPool-worker-10] .t.t.s.TourGuideClientRewardsServiceImpl : Service - Distance calculated: 1896.5900783359846
2021-11-27 20:34:21.235  INFO 530588 --- [onPool-worker-3] .t.t.s.TourGuideClientRewardsServiceImpl : Service - Distance calculated: 8892.698604310439
2021-11-27 20:34:21.235  INFO 530588 --- [nPool-worker-10] .t.t.s.TourGuideClientRewardsServiceImpl : Service - Distance calculated: 2012.0472917014206
2021-11-27 20:34:21.235  INFO 530588 --- [onPool-worker-3] .t.t.s.TourGuideClientRewardsServiceImpl : Service - Distance calculated: 8752.02266331582
2021-11-27 20:34:21.235  INFO 530588 --- [nPool-worker-10] .t.t.s.TourGuideClientRewardsServiceImpl : Service - Distance calculated: 1850.0298515000559
2021-11-27 20:34:21.235  INFO 530588 --- [onPool-worker-3] .t.t.s.TourGuideClientRewardsServiceImpl : Service - Distance calculated: 8797.789315766795
2021-11-27 20:34:21.235  INFO 530588 --- [nPool-worker-10] .t.t.s.TourGuideClientRewardsServiceImpl : Service - Distance calculated: 765.0971605845801
2021-11-27 20:34:21.235  INFO 530588 --- [onPool-worker-3] .t.t.s.TourGuideClientRewardsServiceImpl : Service - Distance calculated: 8786.553082326245
2021-11-27 20:34:21.235  INFO 530588 --- [nPool-worker-10] .t.t.s.TourGuideClientRewardsServiceImpl : Service - Distance calculated: 1376.3892183517762
2021-11-27 20:34:21.235  INFO 530588 --- [onPool-worker-3] .t.t.s.TourGuideClientRewardsServiceImpl : Service - Distance calculated: 7666.942135370134
2021-11-27 20:34:21.235  INFO 530588 --- [nPool-worker-10] .t.t.s.TourGuideClientRewardsServiceImpl : Service - Distance calculated: 1155.3282687102712
2021-11-27 20:34:21.235  INFO 530588 --- [onPool-worker-3] .t.t.s.TourGuideClientRewardsServiceImpl : Service - Distance calculated: 7630.683531531776
2021-11-27 20:34:21.235  INFO 530588 --- [onPool-worker-5] .t.t.s.TourGuideClientRewardsServiceImpl : Service - Distance calculated: 5089.603385830801
2021-11-27 20:34:21.235  INFO 530588 --- [nPool-worker-11] .t.t.s.TourGuideClientRewardsServiceImpl : Service - Distance calculated: 3612.451486654641
2021-11-27 20:34:21.235  INFO 530588 --- [onPool-worker-5] .t.t.s.TourGuideClientRewardsServiceImpl : Service - Distance calculated: 4938.135256346984
2021-11-27 20:34:21.235  INFO 530588 --- [nPool-worker-11] .t.t.s.TourGuideClientRewardsServiceImpl : Service - Distance calculated: 3829.941187352073
2021-11-27 20:34:21.235  INFO 530588 --- [onPool-worker-6] .t.t.s.TourGuideClientRewardsServiceImpl : Service - Distance calculated: 1906.7972782801585
2021-11-27 20:34:21.235  INFO 530588 --- [nPool-worker-11] .t.t.s.TourGuideClientRewardsServiceImpl : Service - Distance calculated: 3728.517857536461
2021-11-27 20:34:21.235  INFO 530588 --- [onPool-worker-1] .t.t.s.TourGuideClientRewardsServiceImpl : Service - Distance calculated: 5273.158919342053
2021-11-27 20:34:21.235  INFO 530588 --- [onPool-worker-6] .t.t.s.TourGuideClientRewardsServiceImpl : Service - Distance calculated: 2360.645624935619
2021-11-27 20:34:21.235  INFO 530588 --- [nPool-worker-10] .t.t.s.TourGuideClientRewardsServiceImpl : Service - Distance calculated: 1605.0397772945764
2021-11-27 20:34:21.235  INFO 530588 --- [onPool-worker-1] .t.t.s.TourGuideClientRewardsServiceImpl : Service - Distance calculated: 4454.887732251731
2021-11-27 20:34:21.235  INFO 530588 --- [nPool-worker-10] .t.t.s.TourGuideClientRewardsServiceImpl : Service - Distance calculated: 848.9016042117773
2021-11-27 20:34:21.235  INFO 530588 --- [nPool-worker-10] .t.t.s.TourGuideClientRewardsServiceImpl : Service - Distance calculated: 463.82425994657905
2021-11-27 20:34:21.235  INFO 530588 --- [onPool-worker-1] .t.t.s.TourGuideClientRewardsServiceImpl : Service - Distance calculated: 3549.4773694482633
2021-11-27 20:34:21.235  INFO 530588 --- [nPool-worker-10] .t.t.s.TourGuideClientRewardsServiceImpl : Service - Distance calculated: 1693.8105560474219
2021-11-27 20:34:21.235  INFO 530588 --- [onPool-worker-1] .t.t.s.TourGuideClientRewardsServiceImpl : Service - Distance calculated: 4445.867742346451
2021-11-27 20:34:21.235  INFO 530588 --- [nPool-worker-10] .t.t.s.TourGuideClientRewardsServiceImpl : Service - Distance calculated: 2356.542718390432
2021-11-27 20:34:21.235  INFO 530588 --- [onPool-worker-1] .t.t.s.TourGuideClientRewardsServiceImpl : Service - Distance calculated: 5036.040423603343
2021-11-27 20:34:21.235  INFO 530588 --- [nPool-worker-10] .t.t.s.TourGuideClientRewardsServiceImpl : Service - Distance calculated: 294.9657935995104
2021-11-27 20:34:21.235  INFO 530588 --- [onPool-worker-1] .t.t.s.TourGuideClientRewardsServiceImpl : Service - Distance calculated: 4976.231042311854
2021-11-27 20:34:21.235  INFO 530588 --- [nPool-worker-10] .t.t.s.TourGuideClientRewardsServiceImpl : Service - Distance calculated: 1129.3803920124642
2021-11-27 20:34:21.235  INFO 530588 --- [onPool-worker-1] .t.t.s.TourGuideClientRewardsServiceImpl : Service - Distance calculated: 5098.892992736606
2021-11-27 20:34:21.235  INFO 530588 --- [nPool-worker-10] .t.t.s.TourGuideClientRewardsServiceImpl : Service - Distance calculated: 2197.940537606426
2021-11-27 20:34:21.235  INFO 530588 --- [onPool-worker-1] .t.t.s.TourGuideClientRewardsServiceImpl : Service - Distance calculated: 5129.652675879456
2021-11-27 20:34:21.235  INFO 530588 --- [nPool-worker-10] .t.t.s.TourGuideClientRewardsServiceImpl : Service - Distance calculated: 1742.6165942459522
2021-11-27 20:34:21.235  INFO 530588 --- [onPool-worker-1] .t.t.s.TourGuideClientRewardsServiceImpl : Service - Distance calculated: 6043.6951495985495
2021-11-27 20:34:21.235  INFO 530588 --- [nPool-worker-10] .t.t.s.TourGuideClientRewardsServiceImpl : Service - Distance calculated: 5427.720630773509
2021-11-27 20:34:21.235  INFO 530588 --- [nPool-worker-10] .t.t.s.TourGuideClientRewardsServiceImpl : Service - Distance calculated: 6129.683569499066
2021-11-27 20:34:21.235  INFO 530588 --- [nPool-worker-10] .t.t.s.TourGuideClientRewardsServiceImpl : Service - Distance calculated: 5526.04445449981
2021-11-27 20:34:21.235  INFO 530588 --- [nPool-worker-10] .t.t.s.TourGuideClientRewardsServiceImpl : Service - Distance calculated: 5437.816795033658
2021-11-27 20:34:21.235  INFO 530588 --- [nPool-worker-10] .t.t.s.TourGuideClientRewardsServiceImpl : Service - Distance calculated: 5843.217488695848
2021-11-27 20:34:21.235  INFO 530588 --- [nPool-worker-10] .t.t.s.TourGuideClientRewardsServiceImpl : Service - Distance calculated: 5742.57956717329
2021-11-27 20:34:21.235  INFO 530588 --- [nPool-worker-10] .t.t.s.TourGuideClientRewardsServiceImpl : Service - Distance calculated: 5328.560283129341
2021-11-27 20:34:21.235  INFO 530588 --- [nPool-worker-10] .t.t.s.TourGuideClientRewardsServiceImpl : Service - Distance calculated: 6313.230686492075
2021-11-27 20:34:21.235  INFO 530588 --- [nPool-worker-10] .t.t.s.TourGuideClientRewardsServiceImpl : Service - Distance calculated: 6099.571996545003
2021-11-27 20:34:21.235  INFO 530588 --- [nPool-worker-10] .t.t.s.TourGuideClientRewardsServiceImpl : Service - Distance calculated: 7495.519428996597
2021-11-27 20:34:21.235  INFO 530588 --- [nPool-worker-10] .t.t.s.TourGuideClientRewardsServiceImpl : Service - Distance calculated: 6574.884902914354
2021-11-27 20:34:21.235  INFO 530588 --- [nPool-worker-10] .t.t.s.TourGuideClientRewardsServiceImpl : Service - Distance calculated: 6382.121885851524
2021-11-27 20:34:21.235  INFO 530588 --- [nPool-worker-10] .t.t.s.TourGuideClientRewardsServiceImpl : Service - Distance calculated: 6384.152856965573
2021-11-27 20:34:21.235  INFO 530588 --- [nPool-worker-10] .t.t.s.TourGuideClientRewardsServiceImpl : Service - Distance calculated: 5570.270060527126
2021-11-27 20:34:21.235  INFO 530588 --- [nPool-worker-10] .t.t.s.TourGuideClientRewardsServiceImpl : Service - Distance calculated: 5379.957540668946
2021-11-27 20:34:21.235  INFO 530588 --- [nPool-worker-10] .t.t.s.TourGuideClientRewardsServiceImpl : Service - Distance calculated: 5772.316346636001
2021-11-27 20:34:21.235  INFO 530588 --- [onPool-worker-3] .t.t.s.TourGuideClientRewardsServiceImpl : Service - Distance calculated: 8434.966866738858
2021-11-27 20:34:21.235  INFO 530588 --- [onPool-worker-5] .t.t.s.TourGuideClientRewardsServiceImpl : Service - Distance calculated: 5040.082193097722
2021-11-27 20:34:21.235  INFO 530588 --- [onPool-worker-3] .t.t.s.TourGuideClientRewardsServiceImpl : Service - Distance calculated: 7328.12839783711
2021-11-27 20:34:21.235  INFO 530588 --- [nPool-worker-11] .t.t.s.TourGuideClientRewardsServiceImpl : Service - Distance calculated: 3431.892481151441
2021-11-27 20:34:21.236  INFO 530588 --- [onPool-worker-3] .t.t.s.TourGuideClientRewardsServiceImpl : Service - Distance calculated: 7296.997435404825
2021-11-27 20:34:21.236  INFO 530588 --- [onPool-worker-5] .t.t.s.TourGuideClientRewardsServiceImpl : Service - Distance calculated: 5244.666334671735
2021-11-27 20:34:21.236  INFO 530588 --- [onPool-worker-3] .t.t.s.TourGuideClientRewardsServiceImpl : Service - Distance calculated: 10196.604031925166
2021-11-27 20:34:21.236  INFO 530588 --- [onPool-worker-5] .t.t.s.TourGuideClientRewardsServiceImpl : Service - Distance calculated: 4610.750853427923
2021-11-27 20:34:21.236  INFO 530588 --- [onPool-worker-3] .t.t.s.TourGuideClientRewardsServiceImpl : Service - Distance calculated: 7000.072352721628
2021-11-27 20:34:21.236  INFO 530588 --- [onPool-worker-5] .t.t.s.TourGuideClientRewardsServiceImpl : Service - Distance calculated: 4814.159091935311
2021-11-27 20:34:21.236  INFO 530588 --- [onPool-worker-3] .t.t.s.TourGuideClientRewardsServiceImpl : Service - Distance calculated: 7198.161947670046
2021-11-27 20:34:21.236  INFO 530588 --- [onPool-worker-5] .t.t.s.TourGuideClientRewardsServiceImpl : Service - Distance calculated: 2981.389089269963
2021-11-27 20:34:21.236  INFO 530588 --- [onPool-worker-3] .t.t.s.TourGuideClientRewardsServiceImpl : Service - Distance calculated: 7050.854814434206
2021-11-27 20:34:21.236  INFO 530588 --- [onPool-worker-5] .t.t.s.TourGuideClientRewardsServiceImpl : Service - Distance calculated: 4488.38568984122
2021-11-27 20:34:21.236  INFO 530588 --- [onPool-worker-5] .t.t.s.TourGuideClientRewardsServiceImpl : Service - Distance calculated: 4591.540835401249
2021-11-27 20:34:21.236  INFO 530588 --- [onPool-worker-5] .t.t.s.TourGuideClientRewardsServiceImpl : Service - Distance calculated: 4640.5328533849015
2021-11-27 20:34:21.236  INFO 530588 --- [onPool-worker-5] .t.t.s.TourGuideClientRewardsServiceImpl : Service - Distance calculated: 5486.725326249724
2021-11-27 20:34:21.236  INFO 530588 --- [onPool-worker-5] .t.t.s.TourGuideClientRewardsServiceImpl : Service - Distance calculated: 5347.045184853375
2021-11-27 20:34:21.236  INFO 530588 --- [onPool-worker-5] .t.t.s.TourGuideClientRewardsServiceImpl : Service - Distance calculated: 5104.459381507446
2021-11-27 20:34:21.236  INFO 530588 --- [onPool-worker-5] .t.t.s.TourGuideClientRewardsServiceImpl : Service - Distance calculated: 5315.294196444421
2021-11-27 20:34:21.235  INFO 530588 --- [onPool-worker-6] .t.t.s.TourGuideClientRewardsServiceImpl : Service - Distance calculated: 2434.494471527265
2021-11-27 20:34:21.236  INFO 530588 --- [onPool-worker-6] .t.t.s.TourGuideClientRewardsServiceImpl : Service - Distance calculated: 2148.3967563579567
2021-11-27 20:34:21.235  INFO 530588 --- [onPool-worker-1] .t.t.s.TourGuideClientRewardsServiceImpl : Service - Distance calculated: 6104.566864694993
2021-11-27 20:34:21.236  INFO 530588 --- [onPool-worker-1] .t.t.s.TourGuideClientRewardsServiceImpl : Service - Distance calculated: 5473.372936509754
2021-11-27 20:34:21.235  INFO 530588 --- [nPool-worker-10] .t.t.s.TourGuideClientRewardsServiceImpl : Service - Distance calculated: 5513.513759657558
2021-11-27 20:34:21.236  INFO 530588 --- [onPool-worker-1] .t.t.s.TourGuideClientRewardsServiceImpl : Service - Distance calculated: 6211.765047353498
2021-11-27 20:34:21.236  INFO 530588 --- [onPool-worker-1] .t.t.s.TourGuideClientRewardsServiceImpl : Service - Distance calculated: 6306.416655826851
2021-11-27 20:34:21.236  INFO 530588 --- [nPool-worker-11] .t.t.s.TourGuideClientRewardsServiceImpl : Service - Distance calculated: 4292.299073699388
2021-11-27 20:34:21.236  INFO 530588 --- [onPool-worker-1] .t.t.s.TourGuideClientRewardsServiceImpl : Service - Distance calculated: 3088.03230745744
2021-11-27 20:34:21.236  INFO 530588 --- [nPool-worker-11] .t.t.s.TourGuideClientRewardsServiceImpl : Service - Distance calculated: 4078.687356110514
2021-11-27 20:34:21.236  INFO 530588 --- [onPool-worker-1] .t.t.s.TourGuideClientRewardsServiceImpl : Service - Distance calculated: 6423.560776875313
2021-11-27 20:34:21.236  INFO 530588 --- [nPool-worker-11] .t.t.s.TourGuideClientRewardsServiceImpl : Service - Distance calculated: 5939.175277959052
2021-11-27 20:34:21.236  INFO 530588 --- [onPool-worker-1] .t.t.s.TourGuideClientRewardsServiceImpl : Service - Distance calculated: 6307.76393196743
2021-11-27 20:34:21.236  INFO 530588 --- [onPool-worker-3] .t.t.s.TourGuideClientRewardsServiceImpl : Service - Distance calculated: 6701.339099855188
2021-11-27 20:34:21.236  INFO 530588 --- [onPool-worker-1] .t.t.s.TourGuideClientRewardsServiceImpl : Service - Distance calculated: 6440.775773796816
2021-11-27 20:34:21.236  INFO 530588 --- [onPool-worker-5] .t.t.s.TourGuideClientRewardsServiceImpl : Service - Distance calculated: 4893.846823123452
2021-11-27 20:34:21.236  INFO 530588 --- [onPool-worker-5] .t.t.s.TourGuideClientRewardsServiceImpl : Service - Distance calculated: 5320.808096780742
2021-11-27 20:34:21.236  INFO 530588 --- [onPool-worker-5] .t.t.s.TourGuideClientRewardsServiceImpl : Service - Distance calculated: 5164.116111158481
2021-11-27 20:34:21.236  INFO 530588 --- [onPool-worker-5] .t.t.s.TourGuideClientRewardsServiceImpl : Service - Distance calculated: 5428.152831019415
2021-11-27 20:34:21.236  INFO 530588 --- [onPool-worker-5] .t.t.s.TourGuideClientRewardsServiceImpl : Service - Distance calculated: 4354.780310417933
2021-11-27 20:34:21.236  INFO 530588 --- [onPool-worker-5] .t.t.s.TourGuideClientRewardsServiceImpl : Service - Distance calculated: 5253.394778038355
2021-11-27 20:34:21.236  INFO 530588 --- [onPool-worker-5] .t.t.s.TourGuideClientRewardsServiceImpl : Service - Distance calculated: 4736.281967198494
2021-11-27 20:34:21.236  INFO 530588 --- [onPool-worker-5] .t.t.s.TourGuideClientRewardsServiceImpl : Service - Distance calculated: 4479.714025086236
2021-11-27 20:34:21.236  INFO 530588 --- [onPool-worker-5] .t.t.s.TourGuideClientRewardsServiceImpl : Service - Distance calculated: 5393.628974821154
2021-11-27 20:34:21.236  INFO 530588 --- [onPool-worker-5] .t.t.s.TourGuideClientRewardsServiceImpl : Service - Distance calculated: 9676.406558172774
2021-11-27 20:34:21.236  INFO 530588 --- [onPool-worker-5] .t.t.s.TourGuideClientRewardsServiceImpl : Service - Distance calculated: 9195.456516219527
2021-11-27 20:34:21.236  INFO 530588 --- [onPool-worker-5] .t.t.s.TourGuideClientRewardsServiceImpl : Service - Distance calculated: 9657.404474059935
2021-11-27 20:34:21.236  INFO 530588 --- [onPool-worker-5] .t.t.s.TourGuideClientRewardsServiceImpl : Service - Distance calculated: 9726.297017977766
2021-11-27 20:34:21.236  INFO 530588 --- [onPool-worker-5] .t.t.s.TourGuideClientRewardsServiceImpl : Service - Distance calculated: 9756.177073395202
2021-11-27 20:34:21.236  INFO 530588 --- [onPool-worker-5] .t.t.s.TourGuideClientRewardsServiceImpl : Service - Distance calculated: 9858.457051291714
2021-11-27 20:34:21.236  INFO 530588 --- [onPool-worker-5] .t.t.s.TourGuideClientRewardsServiceImpl : Service - Distance calculated: 9979.474922238936
2021-11-27 20:34:21.236  INFO 530588 --- [onPool-worker-5] .t.t.s.TourGuideClientRewardsServiceImpl : Service - Distance calculated: 9321.862699245508
2021-11-27 20:34:21.236  INFO 530588 --- [onPool-worker-5] .t.t.s.TourGuideClientRewardsServiceImpl : Service - Distance calculated: 9535.525824730978
2021-11-27 20:34:21.236  INFO 530588 --- [onPool-worker-5] .t.t.s.TourGuideClientRewardsServiceImpl : Service - Distance calculated: 7316.831357866818
2021-11-27 20:34:21.236  INFO 530588 --- [onPool-worker-5] .t.t.s.TourGuideClientRewardsServiceImpl : Service - Distance calculated: 9052.021108088938
2021-11-27 20:34:21.236  INFO 530588 --- [onPool-worker-5] .t.t.s.TourGuideClientRewardsServiceImpl : Service - Distance calculated: 9253.601729571928
2021-11-27 20:34:21.236  INFO 530588 --- [onPool-worker-5] .t.t.s.TourGuideClientRewardsServiceImpl : Service - Distance calculated: 9246.768740309235
2021-11-27 20:34:21.236  INFO 530588 --- [onPool-worker-5] .t.t.s.TourGuideClientRewardsServiceImpl : Service - Distance calculated: 10034.741985428469
2021-11-27 20:34:21.236  INFO 530588 --- [onPool-worker-5] .t.t.s.TourGuideClientRewardsServiceImpl : Service - Distance calculated: 10184.009140500635
2021-11-27 20:34:21.236  INFO 530588 --- [onPool-worker-5] .t.t.s.TourGuideClientRewardsServiceImpl : Service - Distance calculated: 9860.22462993611
2021-11-27 20:34:21.236  INFO 530588 --- [onPool-worker-5] .t.t.s.TourGuideClientRewardsServiceImpl : Service - Distance calculated: 10109.755894260838
2021-11-27 20:34:21.236  INFO 530588 --- [onPool-worker-5] .t.t.s.TourGuideClientRewardsServiceImpl : Service - Distance calculated: 9606.228070754638
2021-11-27 20:34:21.236  INFO 530588 --- [onPool-worker-5] .t.t.s.TourGuideClientRewardsServiceImpl : Service - Distance calculated: 10154.370874305614
2021-11-27 20:34:21.236  INFO 530588 --- [onPool-worker-5] .t.t.s.TourGuideClientRewardsServiceImpl : Service - Distance calculated: 9763.39135413197
2021-11-27 20:34:21.236  INFO 530588 --- [onPool-worker-5] .t.t.s.TourGuideClientRewardsServiceImpl : Service - Distance calculated: 10050.765862799713
2021-11-27 20:34:21.236  INFO 530588 --- [onPool-worker-5] .t.t.s.TourGuideClientRewardsServiceImpl : Service - Distance calculated: 8876.148687313656
2021-11-27 20:34:21.236  INFO 530588 --- [onPool-worker-5] .t.t.s.TourGuideClientRewardsServiceImpl : Service - Distance calculated: 10044.188430424238
2021-11-27 20:34:21.236  INFO 530588 --- [onPool-worker-5] .t.t.s.TourGuideClientRewardsServiceImpl : Service - Distance calculated: 9566.396117476346
2021-11-27 20:34:21.236  INFO 530588 --- [onPool-worker-5] .t.t.s.TourGuideClientRewardsServiceImpl : Service - Distance calculated: 9042.195907457755
2021-11-27 20:34:21.236  INFO 530588 --- [onPool-worker-5] .t.t.s.TourGuideClientRewardsServiceImpl : Service - Distance calculated: 9998.249183938167
2021-11-27 20:34:21.236  INFO 530588 --- [onPool-worker-5] .t.t.s.TourGuideClientRewardsServiceImpl : Service - Distance calculated: 5.8950310023474215E-5
2021-11-27 20:34:21.236  INFO 530588 --- [onPool-worker-6] .t.t.s.TourGuideClientRewardsServiceImpl : Service - Distance calculated: 2282.746325565392
2021-11-27 20:34:21.236  INFO 530588 --- [onPool-worker-6] .t.t.s.TourGuideClientRewardsServiceImpl : Service - Distance calculated: 2289.4339721013357
2021-11-27 20:34:21.236  INFO 530588 --- [onPool-worker-6] .t.t.s.TourGuideClientRewardsServiceImpl : Service - Distance calculated: 1204.372289719331
2021-11-27 20:34:21.236  INFO 530588 --- [onPool-worker-6] .t.t.s.TourGuideClientRewardsServiceImpl : Service - Distance calculated: 1742.5694022642394
2021-11-27 20:34:21.236  INFO 530588 --- [onPool-worker-6] .t.t.s.TourGuideClientRewardsServiceImpl : Service - Distance calculated: 1576.7472428725728
2021-11-27 20:34:21.236  INFO 530588 --- [onPool-worker-6] .t.t.s.TourGuideClientRewardsServiceImpl : Service - Distance calculated: 1921.4807999190489
2021-11-27 20:34:21.236  INFO 530588 --- [nPool-worker-10] .t.t.s.TourGuideClientRewardsServiceImpl : Service - Distance calculated: 6029.5969378472955
2021-11-27 20:34:21.236  INFO 530588 --- [onPool-worker-6] .t.t.s.TourGuideClientRewardsServiceImpl : Service - Distance calculated: 1277.6245433336508
2021-11-27 20:34:21.237  INFO 530588 --- [onPool-worker-6] .t.t.s.TourGuideClientRewardsServiceImpl : Service - Distance calculated: 87.03441722159666
2021-11-27 20:34:21.237  INFO 530588 --- [onPool-worker-5] .t.t.s.TourGuideClientRewardsServiceImpl : Service - Distance calculated: 774.5207212649109
2021-11-27 20:34:21.237  INFO 530588 --- [onPool-worker-6] .t.t.s.TourGuideClientRewardsServiceImpl : Service - Distance calculated: 2127.2478407793283
2021-11-27 20:34:21.236  INFO 530588 --- [nPool-worker-11] .t.t.s.TourGuideClientRewardsServiceImpl : Service - Distance calculated: 4566.815278530351
2021-11-27 20:34:21.237  INFO 530588 --- [onPool-worker-6] .t.t.s.TourGuideClientRewardsServiceImpl : Service - Distance calculated: 2578.910516018122
2021-11-27 20:34:21.237  INFO 530588 --- [nPool-worker-11] .t.t.s.TourGuideClientRewardsServiceImpl : Service - Distance calculated: 4364.140978766304
2021-11-27 20:34:21.237  INFO 530588 --- [nPool-worker-11] .t.t.s.TourGuideClientRewardsServiceImpl : Service - Distance calculated: 4372.279116932486
2021-11-27 20:34:21.237  INFO 530588 --- [nPool-worker-11] .t.t.s.TourGuideClientRewardsServiceImpl : Service - Distance calculated: 3577.877601395784
2021-11-27 20:34:21.237  INFO 530588 --- [nPool-worker-11] .t.t.s.TourGuideClientRewardsServiceImpl : Service - Distance calculated: 3377.298346249773
2021-11-27 20:34:21.237  INFO 530588 --- [nPool-worker-11] .t.t.s.TourGuideClientRewardsServiceImpl : Service - Distance calculated: 3750.923205906528
2021-11-27 20:34:21.237  INFO 530588 --- [nPool-worker-11] .t.t.s.TourGuideClientRewardsServiceImpl : Service - Distance calculated: 3493.0464396260727
2021-11-27 20:34:21.237  INFO 530588 --- [nPool-worker-11] .t.t.s.TourGuideClientRewardsServiceImpl : Service - Distance calculated: 4009.3727510856384
2021-11-27 20:34:21.237  INFO 530588 --- [nPool-worker-11] .t.t.s.TourGuideClientRewardsServiceImpl : Service - Distance calculated: 3417.6673676852456
2021-11-27 20:34:21.237  INFO 530588 --- [nPool-worker-11] .t.t.s.TourGuideClientRewardsServiceImpl : Service - Distance calculated: 3548.981559725103
2021-11-27 20:34:21.236  INFO 530588 --- [onPool-worker-3] .t.t.s.TourGuideClientRewardsServiceImpl : Service - Distance calculated: 7722.852257535028
2021-11-27 20:34:21.237  INFO 530588 --- [nPool-worker-11] .t.t.s.TourGuideClientRewardsServiceImpl : Service - Distance calculated: 3567.199788383404
2021-11-27 20:34:21.236  INFO 530588 --- [onPool-worker-1] .t.t.s.TourGuideClientRewardsServiceImpl : Service - Distance calculated: 7004.406423909501
2021-11-27 20:34:21.237  INFO 530588 --- [nPool-worker-10] .t.t.s.TourGuideClientRewardsServiceImpl : Service - Distance calculated: 5425.735244530643
2021-11-27 20:34:21.237  INFO 530588 --- [onPool-worker-5] .t.t.s.TourGuideClientRewardsServiceImpl : Service - Distance calculated: 164.91310606753288
2021-11-27 20:34:21.237  INFO 530588 --- [nPool-worker-10] .t.t.s.TourGuideClientRewardsServiceImpl : Service - Distance calculated: 5354.889859685752
2021-11-27 20:34:21.237  INFO 530588 --- [nPool-worker-10] .t.t.s.TourGuideClientRewardsServiceImpl : Service - Distance calculated: 5573.17176120152
2021-11-27 20:34:21.237  INFO 530588 --- [onPool-worker-6] .t.t.s.TourGuideClientRewardsServiceImpl : Service - Distance calculated: 680.6158831369517
2021-11-27 20:34:21.237  INFO 530588 --- [nPool-worker-10] .t.t.s.TourGuideClientRewardsServiceImpl : Service - Distance calculated: 6746.0955014909305
2021-11-27 20:34:21.237  INFO 530588 --- [onPool-worker-6] .t.t.s.TourGuideClientRewardsServiceImpl : Service - Distance calculated: 1344.090272349311
2021-11-27 20:34:21.237  INFO 530588 --- [nPool-worker-11] .t.t.s.TourGuideClientRewardsServiceImpl : Service - Distance calculated: 4742.128549095659
2021-11-27 20:34:21.237  INFO 530588 --- [onPool-worker-6] .t.t.s.TourGuideClientRewardsServiceImpl : Service - Distance calculated: 2440.177336041544
2021-11-27 20:34:21.237  INFO 530588 --- [nPool-worker-11] .t.t.s.TourGuideClientRewardsServiceImpl : Service - Distance calculated: 3421.1548335210023
2021-11-27 20:34:21.237  INFO 530588 --- [onPool-worker-6] .t.t.s.TourGuideClientRewardsServiceImpl : Service - Distance calculated: 2168.830527042806
2021-11-27 20:34:21.237  INFO 530588 --- [nPool-worker-11] .t.t.s.TourGuideClientRewardsServiceImpl : Service - Distance calculated: 4005.0921352333025
2021-11-27 20:34:21.237  INFO 530588 --- [onPool-worker-6] .t.t.s.TourGuideClientRewardsServiceImpl : Service - Calculate rewards points for user: internalUser39
2021-11-27 20:34:21.237  INFO 530588 --- [nPool-worker-11] .t.t.s.TourGuideClientRewardsServiceImpl : Service - Distance calculated: 4576.6365844151
2021-11-27 20:34:21.237  INFO 530588 --- [nPool-worker-11] .t.t.s.TourGuideClientRewardsServiceImpl : Service - Distance calculated: 3619.0390212999987
2021-11-27 20:34:21.237  INFO 530588 --- [nPool-worker-11] .t.t.s.TourGuideClientRewardsServiceImpl : Service - Distance calculated: 9377.294910094728
2021-11-27 20:34:21.237  INFO 530588 --- [nPool-worker-11] .t.t.s.TourGuideClientRewardsServiceImpl : Service - Distance calculated: 10111.984803331383
2021-11-27 20:34:21.237  INFO 530588 --- [nPool-worker-11] .t.t.s.TourGuideClientRewardsServiceImpl : Service - Distance calculated: 9492.777499942913
2021-11-27 20:34:21.237  INFO 530588 --- [nPool-worker-11] .t.t.s.TourGuideClientRewardsServiceImpl : Service - Distance calculated: 9403.20237770617
2021-11-27 20:34:21.237  INFO 530588 --- [nPool-worker-11] .t.t.s.TourGuideClientRewardsServiceImpl : Service - Distance calculated: 9701.243907696124
2021-11-27 20:34:21.237  INFO 530588 --- [nPool-worker-11] .t.t.s.TourGuideClientRewardsServiceImpl : Service - Distance calculated: 9599.531961793276
2021-11-27 20:34:21.237  INFO 530588 --- [nPool-worker-11] .t.t.s.TourGuideClientRewardsServiceImpl : Service - Distance calculated: 9316.623633366677
2021-11-27 20:34:21.237  INFO 530588 --- [nPool-worker-11] .t.t.s.TourGuideClientRewardsServiceImpl : Service - Distance calculated: 9979.652838107679
2021-11-27 20:34:21.237  INFO 530588 --- [nPool-worker-11] .t.t.s.TourGuideClientRewardsServiceImpl : Service - Distance calculated: 9787.88658296599
2021-11-27 20:34:21.237  INFO 530588 --- [nPool-worker-11] .t.t.s.TourGuideClientRewardsServiceImpl : Service - Distance calculated: 10661.718960176797
2021-11-27 20:34:21.237  INFO 530588 --- [nPool-worker-11] .t.t.s.TourGuideClientRewardsServiceImpl : Service - Distance calculated: 10008.086078898541
2021-11-27 20:34:21.237  INFO 530588 --- [nPool-worker-11] .t.t.s.TourGuideClientRewardsServiceImpl : Service - Distance calculated: 9971.285164566438
2021-11-27 20:34:21.237  INFO 530588 --- [nPool-worker-11] .t.t.s.TourGuideClientRewardsServiceImpl : Service - Distance calculated: 9893.96497469927
2021-11-27 20:34:21.237  INFO 530588 --- [nPool-worker-11] .t.t.s.TourGuideClientRewardsServiceImpl : Service - Distance calculated: 9075.019242530287
2021-11-27 20:34:21.237  INFO 530588 --- [nPool-worker-11] .t.t.s.TourGuideClientRewardsServiceImpl : Service - Distance calculated: 9291.309027095851
2021-11-27 20:34:21.237  INFO 530588 --- [nPool-worker-11] .t.t.s.TourGuideClientRewardsServiceImpl : Service - Distance calculated: 9517.559501810007
2021-11-27 20:34:21.237  INFO 530588 --- [nPool-worker-11] .t.t.s.TourGuideClientRewardsServiceImpl : Service - Distance calculated: 9320.147953715961
2021-11-27 20:34:21.237  INFO 530588 --- [nPool-worker-11] .t.t.s.TourGuideClientRewardsServiceImpl : Service - Distance calculated: 9706.534206810551
2021-11-27 20:34:21.237  INFO 530588 --- [nPool-worker-11] .t.t.s.TourGuideClientRewardsServiceImpl : Service - Distance calculated: 9319.364403003929
2021-11-27 20:34:21.237  INFO 530588 --- [nPool-worker-11] .t.t.s.TourGuideClientRewardsServiceImpl : Service - Distance calculated: 9312.234463734412
2021-11-27 20:34:21.237  INFO 530588 --- [nPool-worker-11] .t.t.s.TourGuideClientRewardsServiceImpl : Service - Distance calculated: 9156.62225442567
2021-11-27 20:34:21.237  INFO 530588 --- [nPool-worker-11] .t.t.s.TourGuideClientRewardsServiceImpl : Service - Distance calculated: 10099.457292124198
2021-11-27 20:34:21.237  INFO 530588 --- [nPool-worker-11] .t.t.s.TourGuideClientRewardsServiceImpl : Service - Distance calculated: 9342.948804748283
2021-11-27 20:34:21.237  INFO 530588 --- [nPool-worker-11] .t.t.s.TourGuideClientRewardsServiceImpl : Service - Distance calculated: 9904.426774253692
2021-11-27 20:34:21.237  INFO 530588 --- [nPool-worker-11] .t.t.s.TourGuideClientRewardsServiceImpl : Service - Distance calculated: 10015.200810797349
2021-11-27 20:34:21.237  INFO 530588 --- [nPool-worker-11] .t.t.s.TourGuideClientRewardsServiceImpl : Service - Distance calculated: 9183.339835706565
2021-11-27 20:34:21.237  INFO 530588 --- [nPool-worker-11] .t.t.s.TourGuideClientRewardsServiceImpl : Service - Distance calculated: 1767.599131089377
2021-11-27 20:34:21.237  INFO 530588 --- [nPool-worker-11] .t.t.s.TourGuideClientRewardsServiceImpl : Service - Distance calculated: 1249.758123400202
2021-11-27 20:34:21.237  INFO 530588 --- [nPool-worker-11] .t.t.s.TourGuideClientRewardsServiceImpl : Service - Distance calculated: 1708.3967752107076
2021-11-27 20:34:21.237  INFO 530588 --- [nPool-worker-11] .t.t.s.TourGuideClientRewardsServiceImpl : Service - Distance calculated: 1787.5830534743745
2021-11-27 20:34:21.237  INFO 530588 --- [nPool-worker-11] .t.t.s.TourGuideClientRewardsServiceImpl : Service - Distance calculated: 2198.0782289823733
2021-11-27 20:34:21.237  INFO 530588 --- [nPool-worker-11] .t.t.s.TourGuideClientRewardsServiceImpl : Service - Distance calculated: 2274.1443759367903
2021-11-27 20:34:21.237  INFO 530588 --- [nPool-worker-11] .t.t.s.TourGuideClientRewardsServiceImpl : Service - Distance calculated: 2010.355657276386
2021-11-27 20:34:21.237  INFO 530588 --- [nPool-worker-11] .t.t.s.TourGuideClientRewardsServiceImpl : Service - Distance calculated: 2325.4971703686497
2021-11-27 20:34:21.237  INFO 530588 --- [nPool-worker-11] .t.t.s.TourGuideClientRewardsServiceImpl : Service - Distance calculated: 2417.3302718562068
2021-11-27 20:34:21.237  INFO 530588 --- [nPool-worker-11] .t.t.s.TourGuideClientRewardsServiceImpl : Service - Distance calculated: 805.0750550257495
2021-11-27 20:34:21.237  INFO 530588 --- [nPool-worker-11] .t.t.s.TourGuideClientRewardsServiceImpl : Service - Distance calculated: 2582.265319836213
2021-11-27 20:34:21.237  INFO 530588 --- [nPool-worker-11] .t.t.s.TourGuideClientRewardsServiceImpl : Service - Distance calculated: 2430.124198130858
2021-11-27 20:34:21.237  INFO 530588 --- [nPool-worker-11] .t.t.s.TourGuideClientRewardsServiceImpl : Service - Distance calculated: 2569.273080515282
2021-11-27 20:34:21.237  INFO 530588 --- [nPool-worker-11] .t.t.s.TourGuideClientRewardsServiceImpl : Service - Distance calculated: 3129.260781914871
2021-11-27 20:34:21.237  INFO 530588 --- [nPool-worker-11] .t.t.s.TourGuideClientRewardsServiceImpl : Service - Distance calculated: 2395.042100247118
2021-11-27 20:34:21.237  INFO 530588 --- [onPool-worker-3] .t.t.s.TourGuideClientRewardsServiceImpl : Service - Distance calculated: 7314.578476330308
2021-11-27 20:34:21.237  INFO 530588 --- [onPool-worker-3] .t.t.s.TourGuideClientRewardsServiceImpl : Service - Distance calculated: 7391.97714547176
2021-11-27 20:34:21.237  INFO 530588 --- [onPool-worker-3] .t.t.s.TourGuideClientRewardsServiceImpl : Service - Distance calculated: 7245.334052858666
2021-11-27 20:34:21.237  INFO 530588 --- [onPool-worker-3] .t.t.s.TourGuideClientRewardsServiceImpl : Service - Distance calculated: 7662.120845809147
2021-11-27 20:34:21.237  INFO 530588 --- [onPool-worker-3] .t.t.s.TourGuideClientRewardsServiceImpl : Service - Distance calculated: 8823.509230264053
2021-11-27 20:34:21.237  INFO 530588 --- [onPool-worker-3] .t.t.s.TourGuideClientRewardsServiceImpl : Service - Distance calculated: 6863.436360105229
2021-11-27 20:34:21.237  INFO 530588 --- [onPool-worker-3] .t.t.s.TourGuideClientRewardsServiceImpl : Service - Distance calculated: 6949.6932722417005
2021-11-27 20:34:21.237  INFO 530588 --- [onPool-worker-3] .t.t.s.TourGuideClientRewardsServiceImpl : Service - Distance calculated: 8226.30903129729
2021-11-27 20:34:21.237  INFO 530588 --- [onPool-worker-3] .t.t.s.TourGuideClientRewardsServiceImpl : Service - Distance calculated: 7852.1703955641915
2021-11-27 20:34:21.237  INFO 530588 --- [onPool-worker-3] .t.t.s.TourGuideClientRewardsServiceImpl : Service - Distance calculated: 6999.982023937428
2021-11-27 20:34:21.237  INFO 530588 --- [onPool-worker-3] .t.t.s.TourGuideClientRewardsServiceImpl : Service - Distance calculated: 6835.990851072493
2021-11-27 20:34:21.237  INFO 530588 --- [onPool-worker-3] .t.t.s.TourGuideClientRewardsServiceImpl : Service - Distance calculated: 5.8950310023474215E-5
2021-11-27 20:34:21.238  INFO 530588 --- [onPool-worker-3] .t.t.s.TourGuideClientRewardsServiceImpl : Service - Distance calculated: 774.5207212649109
2021-11-27 20:34:21.238  INFO 530588 --- [onPool-worker-3] .t.t.s.TourGuideClientRewardsServiceImpl : Service - Distance calculated: 164.91310606753288
2021-11-27 20:34:21.238  INFO 530588 --- [onPool-worker-3] .t.t.s.TourGuideClientRewardsServiceImpl : Service - Distance calculated: 115.99464245531166
2021-11-27 20:34:21.238  INFO 530588 --- [onPool-worker-3] .t.t.s.TourGuideClientRewardsServiceImpl : Service - Distance calculated: 1428.8577204882306
2021-11-27 20:34:21.238  INFO 530588 --- [onPool-worker-3] .t.t.s.TourGuideClientRewardsServiceImpl : Service - Distance calculated: 1418.571827418631
2021-11-27 20:34:21.238  INFO 530588 --- [onPool-worker-3] .t.t.s.TourGuideClientRewardsServiceImpl : Service - Distance calculated: 460.11990361699293
2021-11-27 20:34:21.238  INFO 530588 --- [onPool-worker-3] .t.t.s.TourGuideClientRewardsServiceImpl : Service - Distance calculated: 1992.7911930022951
2021-11-27 20:34:21.238  INFO 530588 --- [onPool-worker-3] .t.t.s.TourGuideClientRewardsServiceImpl : Service - Distance calculated: 1906.7972782801585
2021-11-27 20:34:21.238  INFO 530588 --- [onPool-worker-3] .t.t.s.TourGuideClientRewardsServiceImpl : Service - Distance calculated: 2360.645624935619
2021-11-27 20:34:21.238  INFO 530588 --- [onPool-worker-3] .t.t.s.TourGuideClientRewardsServiceImpl : Service - Distance calculated: 2434.494471527265
2021-11-27 20:34:21.238  INFO 530588 --- [onPool-worker-3] .t.t.s.TourGuideClientRewardsServiceImpl : Service - Distance calculated: 2148.3967563579567
2021-11-27 20:34:21.238  INFO 530588 --- [onPool-worker-3] .t.t.s.TourGuideClientRewardsServiceImpl : Service - Distance calculated: 2282.746325565392
2021-11-27 20:34:21.238  INFO 530588 --- [onPool-worker-3] .t.t.s.TourGuideClientRewardsServiceImpl : Service - Distance calculated: 2289.4339721013357
2021-11-27 20:34:21.238  INFO 530588 --- [onPool-worker-3] .t.t.s.TourGuideClientRewardsServiceImpl : Service - Distance calculated: 1204.372289719331
2021-11-27 20:34:21.238  INFO 530588 --- [onPool-worker-3] .t.t.s.TourGuideClientRewardsServiceImpl : Service - Distance calculated: 1742.5694022642394
2021-11-27 20:34:21.238  INFO 530588 --- [onPool-worker-3] .t.t.s.TourGuideClientRewardsServiceImpl : Service - Distance calculated: 1576.7472428725728
2021-11-27 20:34:21.238  INFO 530588 --- [onPool-worker-3] .t.t.s.TourGuideClientRewardsServiceImpl : Service - Distance calculated: 1921.4807999190489
2021-11-27 20:34:21.238  INFO 530588 --- [onPool-worker-3] .t.t.s.TourGuideClientRewardsServiceImpl : Service - Distance calculated: 1277.6245433336508
2021-11-27 20:34:21.238  INFO 530588 --- [onPool-worker-3] .t.t.s.TourGuideClientRewardsServiceImpl : Service - Distance calculated: 87.03441722159666
2021-11-27 20:34:21.238  INFO 530588 --- [onPool-worker-3] .t.t.s.TourGuideClientRewardsServiceImpl : Service - Distance calculated: 2127.2478407793283
2021-11-27 20:34:21.238  INFO 530588 --- [onPool-worker-3] .t.t.s.TourGuideClientRewardsServiceImpl : Service - Distance calculated: 2578.910516018122
2021-11-27 20:34:21.238  INFO 530588 --- [onPool-worker-3] .t.t.s.TourGuideClientRewardsServiceImpl : Service - Distance calculated: 680.6158831369517
2021-11-27 20:34:21.238  INFO 530588 --- [onPool-worker-3] .t.t.s.TourGuideClientRewardsServiceImpl : Service - Distance calculated: 1344.090272349311
2021-11-27 20:34:21.238  INFO 530588 --- [onPool-worker-3] .t.t.s.TourGuideClientRewardsServiceImpl : Service - Distance calculated: 2440.177336041544
2021-11-27 20:34:21.238  INFO 530588 --- [onPool-worker-3] .t.t.s.TourGuideClientRewardsServiceImpl : Service - Distance calculated: 2168.830527042806
2021-11-27 20:34:21.238  INFO 530588 --- [onPool-worker-3] .t.t.s.TourGuideClientRewardsServiceImpl : Service - Calculate rewards points for user: internalUser38
2021-11-27 20:34:21.237  INFO 530588 --- [onPool-worker-1] .t.t.s.TourGuideClientRewardsServiceImpl : Service - Distance calculated: 6112.896256623894
2021-11-27 20:34:21.237  INFO 530588 --- [onPool-worker-5] .t.t.s.TourGuideClientRewardsServiceImpl : Service - Distance calculated: 115.99464245531166
2021-11-27 20:34:21.238  INFO 530588 --- [onPool-worker-1] .t.t.s.TourGuideClientRewardsServiceImpl : Service - Distance calculated: 6385.565485359355
2021-11-27 20:34:21.237  INFO 530588 --- [nPool-worker-10] .t.t.s.TourGuideClientRewardsServiceImpl : Service - Distance calculated: 5359.628360322534
2021-11-27 20:34:21.238  INFO 530588 --- [nPool-worker-10] .t.t.s.TourGuideClientRewardsServiceImpl : Service - Distance calculated: 6009.0258418909625
2021-11-27 20:34:21.238  INFO 530588 --- [nPool-worker-10] .t.t.s.TourGuideClientRewardsServiceImpl : Service - Distance calculated: 6584.652040533421
2021-11-27 20:34:21.238  INFO 530588 --- [nPool-worker-10] .t.t.s.TourGuideClientRewardsServiceImpl : Service - Distance calculated: 5622.558529014439
2021-11-27 20:34:21.238  INFO 530588 --- [nPool-worker-10] .t.t.s.TourGuideClientRewardsServiceImpl : Service - Distance calculated: 8914.645828870167
2021-11-27 20:34:21.238  INFO 530588 --- [nPool-worker-10] .t.t.s.TourGuideClientRewardsServiceImpl : Service - Distance calculated: 9682.665232716032
2021-11-27 20:34:21.238  INFO 530588 --- [nPool-worker-10] .t.t.s.TourGuideClientRewardsServiceImpl : Service - Distance calculated: 9067.701365500623
2021-11-27 20:34:21.238  INFO 530588 --- [nPool-worker-10] .t.t.s.TourGuideClientRewardsServiceImpl : Service - Distance calculated: 8983.423441332427
2021-11-27 20:34:21.238  INFO 530588 --- [nPool-worker-10] .t.t.s.TourGuideClientRewardsServiceImpl : Service - Distance calculated: 9828.921741519698
2021-11-27 20:34:21.238  INFO 530588 --- [nPool-worker-10] .t.t.s.TourGuideClientRewardsServiceImpl : Service - Distance calculated: 9734.372219798517
2021-11-27 20:34:21.238  INFO 530588 --- [nPool-worker-10] .t.t.s.TourGuideClientRewardsServiceImpl : Service - Distance calculated: 9043.863321517052
2021-11-27 20:34:21.238  INFO 530588 --- [nPool-worker-10] .t.t.s.TourGuideClientRewardsServiceImpl : Service - Distance calculated: 10356.603310462438
2021-11-27 20:34:21.238  INFO 530588 --- [nPool-worker-10] .t.t.s.TourGuideClientRewardsServiceImpl : Service - Distance calculated: 10143.852156074494
2021-11-27 20:34:21.238  INFO 530588 --- [nPool-worker-10] .t.t.s.TourGuideClientRewardsServiceImpl : Service - Distance calculated: 9464.899674204215
2021-11-27 20:34:21.238  INFO 530588 --- [nPool-worker-10] .t.t.s.TourGuideClientRewardsServiceImpl : Service - Distance calculated: 10619.896684582092
2021-11-27 20:34:21.238  INFO 530588 --- [nPool-worker-10] .t.t.s.TourGuideClientRewardsServiceImpl : Service - Distance calculated: 10433.115630627102
2021-11-27 20:34:21.238  INFO 530588 --- [nPool-worker-10] .t.t.s.TourGuideClientRewardsServiceImpl : Service - Distance calculated: 10433.977462442479
2021-11-27 20:34:21.238  INFO 530588 --- [nPool-worker-10] .t.t.s.TourGuideClientRewardsServiceImpl : Service - Distance calculated: 9604.04633367645
2021-11-27 20:34:21.238  INFO 530588 --- [nPool-worker-10] .t.t.s.TourGuideClientRewardsServiceImpl : Service - Distance calculated: 9343.508906789457
2021-11-27 20:34:21.238  INFO 530588 --- [nPool-worker-10] .t.t.s.TourGuideClientRewardsServiceImpl : Service - Distance calculated: 9811.970912287255
2021-11-27 20:34:21.238  INFO 530588 --- [nPool-worker-10] .t.t.s.TourGuideClientRewardsServiceImpl : Service - Distance calculated: 9541.001195217506
2021-11-27 20:34:21.238  INFO 530588 --- [nPool-worker-10] .t.t.s.TourGuideClientRewardsServiceImpl : Service - Distance calculated: 10076.877570670937
2021-11-27 20:34:21.238  INFO 530588 --- [nPool-worker-10] .t.t.s.TourGuideClientRewardsServiceImpl : Service - Distance calculated: 9404.371120757354
2021-11-27 20:34:21.238  INFO 530588 --- [nPool-worker-10] .t.t.s.TourGuideClientRewardsServiceImpl : Service - Distance calculated: 8877.532580298472
2021-11-27 20:34:21.238  INFO 530588 --- [nPool-worker-10] .t.t.s.TourGuideClientRewardsServiceImpl : Service - Distance calculated: 9620.383714808413
2021-11-27 20:34:21.238  INFO 530588 --- [nPool-worker-10] .t.t.s.TourGuideClientRewardsServiceImpl : Service - Distance calculated: 10783.043883582315
2021-11-27 20:34:21.238  INFO 530588 --- [nPool-worker-10] .t.t.s.TourGuideClientRewardsServiceImpl : Service - Distance calculated: 9163.495489005625
2021-11-27 20:34:21.238  INFO 530588 --- [nPool-worker-10] .t.t.s.TourGuideClientRewardsServiceImpl : Service - Distance calculated: 9949.969282939057
2021-11-27 20:34:21.238  INFO 530588 --- [nPool-worker-10] .t.t.s.TourGuideClientRewardsServiceImpl : Service - Distance calculated: 10629.533828139962
2021-11-27 20:34:21.238  INFO 530588 --- [nPool-worker-10] .t.t.s.TourGuideClientRewardsServiceImpl : Service - Distance calculated: 9667.491347519703
2021-11-27 20:34:21.239  INFO 530588 --- [nPool-worker-10] .t.t.s.TourGuideClientRewardsServiceImpl : Service - Distance calculated: 5.8950310023474215E-5
2021-11-27 20:34:21.239  INFO 530588 --- [nPool-worker-10] .t.t.s.TourGuideClientRewardsServiceImpl : Service - Distance calculated: 774.5207212649109
2021-11-27 20:34:21.239  INFO 530588 --- [nPool-worker-10] .t.t.s.TourGuideClientRewardsServiceImpl : Service - Distance calculated: 164.91310606753288
2021-11-27 20:34:21.239  INFO 530588 --- [nPool-worker-10] .t.t.s.TourGuideClientRewardsServiceImpl : Service - Distance calculated: 115.99464245531166
2021-11-27 20:34:21.239  INFO 530588 --- [nPool-worker-10] .t.t.s.TourGuideClientRewardsServiceImpl : Service - Distance calculated: 1428.8577204882306
2021-11-27 20:34:21.239  INFO 530588 --- [nPool-worker-10] .t.t.s.TourGuideClientRewardsServiceImpl : Service - Distance calculated: 1418.571827418631
2021-11-27 20:34:21.239  INFO 530588 --- [nPool-worker-10] .t.t.s.TourGuideClientRewardsServiceImpl : Service - Distance calculated: 460.11990361699293
2021-11-27 20:34:21.239  INFO 530588 --- [nPool-worker-10] .t.t.s.TourGuideClientRewardsServiceImpl : Service - Distance calculated: 1992.7911930022951
2021-11-27 20:34:21.239  INFO 530588 --- [nPool-worker-10] .t.t.s.TourGuideClientRewardsServiceImpl : Service - Distance calculated: 1906.7972782801585
2021-11-27 20:34:21.239  INFO 530588 --- [nPool-worker-10] .t.t.s.TourGuideClientRewardsServiceImpl : Service - Distance calculated: 2360.645624935619
2021-11-27 20:34:21.239  INFO 530588 --- [nPool-worker-10] .t.t.s.TourGuideClientRewardsServiceImpl : Service - Distance calculated: 2434.494471527265
2021-11-27 20:34:21.239  INFO 530588 --- [nPool-worker-10] .t.t.s.TourGuideClientRewardsServiceImpl : Service - Distance calculated: 2148.3967563579567
2021-11-27 20:34:21.239  INFO 530588 --- [nPool-worker-10] .t.t.s.TourGuideClientRewardsServiceImpl : Service - Distance calculated: 2282.746325565392
2021-11-27 20:34:21.239  INFO 530588 --- [nPool-worker-10] .t.t.s.TourGuideClientRewardsServiceImpl : Service - Distance calculated: 2289.4339721013357
2021-11-27 20:34:21.239  INFO 530588 --- [nPool-worker-10] .t.t.s.TourGuideClientRewardsServiceImpl : Service - Distance calculated: 1204.372289719331
2021-11-27 20:34:21.239  INFO 530588 --- [nPool-worker-10] .t.t.s.TourGuideClientRewardsServiceImpl : Service - Distance calculated: 1742.5694022642394
2021-11-27 20:34:21.239  INFO 530588 --- [nPool-worker-10] .t.t.s.TourGuideClientRewardsServiceImpl : Service - Distance calculated: 1576.7472428725728
2021-11-27 20:34:21.239  INFO 530588 --- [nPool-worker-10] .t.t.s.TourGuideClientRewardsServiceImpl : Service - Distance calculated: 1921.4807999190489
2021-11-27 20:34:21.239  INFO 530588 --- [nPool-worker-10] .t.t.s.TourGuideClientRewardsServiceImpl : Service - Distance calculated: 1277.6245433336508
2021-11-27 20:34:21.239  INFO 530588 --- [nPool-worker-10] .t.t.s.TourGuideClientRewardsServiceImpl : Service - Distance calculated: 87.03441722159666
2021-11-27 20:34:21.239  INFO 530588 --- [nPool-worker-10] .t.t.s.TourGuideClientRewardsServiceImpl : Service - Distance calculated: 2127.2478407793283
2021-11-27 20:34:21.239  INFO 530588 --- [nPool-worker-10] .t.t.s.TourGuideClientRewardsServiceImpl : Service - Distance calculated: 2578.910516018122
2021-11-27 20:34:21.239  INFO 530588 --- [nPool-worker-10] .t.t.s.TourGuideClientRewardsServiceImpl : Service - Distance calculated: 680.6158831369517
2021-11-27 20:34:21.239  INFO 530588 --- [nPool-worker-10] .t.t.s.TourGuideClientRewardsServiceImpl : Service - Distance calculated: 1344.090272349311
2021-11-27 20:34:21.239  INFO 530588 --- [nPool-worker-10] .t.t.s.TourGuideClientRewardsServiceImpl : Service - Distance calculated: 2440.177336041544
2021-11-27 20:34:21.239  INFO 530588 --- [nPool-worker-10] .t.t.s.TourGuideClientRewardsServiceImpl : Service - Distance calculated: 2168.830527042806
2021-11-27 20:34:21.239  INFO 530588 --- [nPool-worker-10] .t.t.s.TourGuideClientRewardsServiceImpl : Service - Calculate rewards points for user: internalUser30
2021-11-27 20:34:21.237  INFO 530588 --- [nPool-worker-11] .t.t.s.TourGuideClientRewardsServiceImpl : Service - Distance calculated: 2521.788405991919
2021-11-27 20:34:21.238  INFO 530588 --- [onPool-worker-1] .t.t.s.TourGuideClientRewardsServiceImpl : Service - Distance calculated: 6383.787037620203
2021-11-27 20:34:21.239  INFO 530588 --- [nPool-worker-11] .t.t.s.TourGuideClientRewardsServiceImpl : Service - Distance calculated: 2572.921558956303
2021-11-27 20:34:21.239  INFO 530588 --- [nPool-worker-11] .t.t.s.TourGuideClientRewardsServiceImpl : Service - Distance calculated: 2486.751234583286
2021-11-27 20:34:21.239  INFO 530588 --- [onPool-worker-1] .t.t.s.TourGuideClientRewardsServiceImpl : Service - Distance calculated: 6374.567647241906
2021-11-27 20:34:21.239  INFO 530588 --- [onPool-worker-1] .t.t.s.TourGuideClientRewardsServiceImpl : Service - Distance calculated: 6157.594875615897
2021-11-27 20:34:21.239  INFO 530588 --- [onPool-worker-1] .t.t.s.TourGuideClientRewardsServiceImpl : Service - Distance calculated: 5114.7395313614825
2021-11-27 20:34:21.239  INFO 530588 --- [onPool-worker-1] .t.t.s.TourGuideClientRewardsServiceImpl : Service - Distance calculated: 6854.3409172981565
2021-11-27 20:34:21.239  INFO 530588 --- [onPool-worker-1] .t.t.s.TourGuideClientRewardsServiceImpl : Service - Distance calculated: 6410.387203808745
2021-11-27 20:34:21.239  INFO 530588 --- [onPool-worker-1] .t.t.s.TourGuideClientRewardsServiceImpl : Service - Distance calculated: 5656.633197551064
2021-11-27 20:34:21.239  INFO 530588 --- [onPool-worker-1] .t.t.s.TourGuideClientRewardsServiceImpl : Service - Distance calculated: 5827.518049551939
2021-11-27 20:34:21.239  INFO 530588 --- [onPool-worker-1] .t.t.s.TourGuideClientRewardsServiceImpl : Service - Distance calculated: 6420.344139386964
2021-11-27 20:34:21.239  INFO 530588 --- [onPool-worker-1] .t.t.s.TourGuideClientRewardsServiceImpl : Service - Distance calculated: 6866.103601528583
2021-11-27 20:34:21.238  INFO 530588 --- [onPool-worker-5] .t.t.s.TourGuideClientRewardsServiceImpl : Service - Distance calculated: 1428.8577204882306
2021-11-27 20:34:21.239  INFO 530588 --- [onPool-worker-5] .t.t.s.TourGuideClientRewardsServiceImpl : Service - Distance calculated: 1418.571827418631
2021-11-27 20:34:21.239  INFO 530588 --- [onPool-worker-5] .t.t.s.TourGuideClientRewardsServiceImpl : Service - Distance calculated: 460.11990361699293
2021-11-27 20:34:21.239  INFO 530588 --- [onPool-worker-5] .t.t.s.TourGuideClientRewardsServiceImpl : Service - Distance calculated: 1992.7911930022951
2021-11-27 20:34:21.239  INFO 530588 --- [onPool-worker-5] .t.t.s.TourGuideClientRewardsServiceImpl : Service - Distance calculated: 1906.7972782801585
2021-11-27 20:34:21.239  INFO 530588 --- [onPool-worker-5] .t.t.s.TourGuideClientRewardsServiceImpl : Service - Distance calculated: 2360.645624935619
2021-11-27 20:34:21.239  INFO 530588 --- [onPool-worker-5] .t.t.s.TourGuideClientRewardsServiceImpl : Service - Distance calculated: 2434.494471527265
2021-11-27 20:34:21.239  INFO 530588 --- [onPool-worker-5] .t.t.s.TourGuideClientRewardsServiceImpl : Service - Distance calculated: 2148.3967563579567
2021-11-27 20:34:21.239  INFO 530588 --- [onPool-worker-5] .t.t.s.TourGuideClientRewardsServiceImpl : Service - Distance calculated: 2282.746325565392
2021-11-27 20:34:21.239  INFO 530588 --- [onPool-worker-5] .t.t.s.TourGuideClientRewardsServiceImpl : Service - Distance calculated: 2289.4339721013357
2021-11-27 20:34:21.239  INFO 530588 --- [onPool-worker-5] .t.t.s.TourGuideClientRewardsServiceImpl : Service - Distance calculated: 1204.372289719331
2021-11-27 20:34:21.239  INFO 530588 --- [nPool-worker-11] .t.t.s.TourGuideClientRewardsServiceImpl : Service - Distance calculated: 2412.6636447694445
2021-11-27 20:34:21.240  INFO 530588 --- [onPool-worker-5] .t.t.s.TourGuideClientRewardsServiceImpl : Service - Distance calculated: 1742.5694022642394
2021-11-27 20:34:21.239  INFO 530588 --- [onPool-worker-1] .t.t.s.TourGuideClientRewardsServiceImpl : Service - Distance calculated: 9181.825855084744
2021-11-27 20:34:21.240  INFO 530588 --- [nPool-worker-11] .t.t.s.TourGuideClientRewardsServiceImpl : Service - Distance calculated: 1849.558436213746
2021-11-27 20:34:21.240  INFO 530588 --- [onPool-worker-1] .t.t.s.TourGuideClientRewardsServiceImpl : Service - Distance calculated: 8407.4750200103
2021-11-27 20:34:21.240  INFO 530588 --- [onPool-worker-1] .t.t.s.TourGuideClientRewardsServiceImpl : Service - Distance calculated: 9037.619596594546
2021-11-27 20:34:21.240  INFO 530588 --- [nPool-worker-11] .t.t.s.TourGuideClientRewardsServiceImpl : Service - Distance calculated: 2986.905604849054
2021-11-27 20:34:21.240  INFO 530588 --- [onPool-worker-1] .t.t.s.TourGuideClientRewardsServiceImpl : Service - Distance calculated: 9124.643148288507
2021-11-27 20:34:21.240  INFO 530588 --- [nPool-worker-11] .t.t.s.TourGuideClientRewardsServiceImpl : Service - Distance calculated: 2608.6123216939745
2021-11-27 20:34:21.240  INFO 530588 --- [onPool-worker-1] .t.t.s.TourGuideClientRewardsServiceImpl : Service - Distance calculated: 8168.104911441807
2021-11-27 20:34:21.240  INFO 530588 --- [nPool-worker-11] .t.t.s.TourGuideClientRewardsServiceImpl : Service - Distance calculated: 2091.463734935072
2021-11-27 20:34:21.240  INFO 530588 --- [nPool-worker-11] .t.t.s.TourGuideClientRewardsServiceImpl : Service - Distance calculated: 1971.2751734098795
2021-11-27 20:34:21.240  INFO 530588 --- [nPool-worker-11] .t.t.s.TourGuideClientRewardsServiceImpl : Service - Distance calculated: 2580.812004435783
2021-11-27 20:34:21.240  INFO 530588 --- [nPool-worker-11] .t.t.s.TourGuideClientRewardsServiceImpl : Service - Distance calculated: 2992.1457101150986
2021-11-27 20:34:21.240  INFO 530588 --- [nPool-worker-11] .t.t.s.TourGuideClientRewardsServiceImpl : Service - Distance calculated: 11350.076529729356
2021-11-27 20:34:21.240  INFO 530588 --- [nPool-worker-11] .t.t.s.TourGuideClientRewardsServiceImpl : Service - Distance calculated: 10642.450665441836
2021-11-27 20:34:21.240  INFO 530588 --- [nPool-worker-11] .t.t.s.TourGuideClientRewardsServiceImpl : Service - Distance calculated: 11257.491226812053
2021-11-27 20:34:21.240  INFO 530588 --- [nPool-worker-11] .t.t.s.TourGuideClientRewardsServiceImpl : Service - Distance calculated: 11345.811714551475
2021-11-27 20:34:21.240  INFO 530588 --- [nPool-worker-11] .t.t.s.TourGuideClientRewardsServiceImpl : Service - Distance calculated: 10514.11054367741
2021-11-27 20:34:21.240  INFO 530588 --- [nPool-worker-11] .t.t.s.TourGuideClientRewardsServiceImpl : Service - Distance calculated: 10581.867252459415
2021-11-27 20:34:21.240  INFO 530588 --- [nPool-worker-11] .t.t.s.TourGuideClientRewardsServiceImpl : Service - Distance calculated: 11404.106021110492
2021-11-27 20:34:21.240  INFO 530588 --- [nPool-worker-11] .t.t.s.TourGuideClientRewardsServiceImpl : Service - Distance calculated: 9890.02939091697
2021-11-27 20:34:21.240  INFO 530588 --- [nPool-worker-11] .t.t.s.TourGuideClientRewardsServiceImpl : Service - Distance calculated: 10054.063424061549
2021-11-27 20:34:21.240  INFO 530588 --- [nPool-worker-11] .t.t.s.TourGuideClientRewardsServiceImpl : Service - Distance calculated: 9053.86692053329
2021-11-27 20:34:21.240  INFO 530588 --- [nPool-worker-11] .t.t.s.TourGuideClientRewardsServiceImpl : Service - Distance calculated: 9459.242408832488
2021-11-27 20:34:21.240  INFO 530588 --- [nPool-worker-11] .t.t.s.TourGuideClientRewardsServiceImpl : Service - Distance calculated: 9749.309539618189
2021-11-27 20:34:21.240  INFO 530588 --- [nPool-worker-11] .t.t.s.TourGuideClientRewardsServiceImpl : Service - Distance calculated: 9651.925639990528
2021-11-27 20:34:21.240  INFO 530588 --- [nPool-worker-11] .t.t.s.TourGuideClientRewardsServiceImpl : Service - Distance calculated: 10017.889577148779
2021-11-27 20:34:21.240  INFO 530588 --- [nPool-worker-11] .t.t.s.TourGuideClientRewardsServiceImpl : Service - Distance calculated: 10966.863165262099
2021-11-27 20:34:21.240  INFO 530588 --- [nPool-worker-11] .t.t.s.TourGuideClientRewardsServiceImpl : Service - Distance calculated: 10341.72181162403
2021-11-27 20:34:21.240  INFO 530588 --- [nPool-worker-11] .t.t.s.TourGuideClientRewardsServiceImpl : Service - Distance calculated: 10611.839550814664
2021-11-27 20:34:21.240  INFO 530588 --- [nPool-worker-11] .t.t.s.TourGuideClientRewardsServiceImpl : Service - Distance calculated: 10078.747856854166
2021-11-27 20:34:21.240  INFO 530588 --- [nPool-worker-11] .t.t.s.TourGuideClientRewardsServiceImpl : Service - Distance calculated: 10883.639867841212
2021-11-27 20:34:21.240  INFO 530588 --- [nPool-worker-11] .t.t.s.TourGuideClientRewardsServiceImpl : Service - Distance calculated: 11426.562609151742
2021-11-27 20:34:21.240  INFO 530588 --- [nPool-worker-11] .t.t.s.TourGuideClientRewardsServiceImpl : Service - Distance calculated: 10149.682780293984
2021-11-27 20:34:21.240  INFO 530588 --- [nPool-worker-11] .t.t.s.TourGuideClientRewardsServiceImpl : Service - Distance calculated: 9283.18557876893
2021-11-27 20:34:21.240  INFO 530588 --- [nPool-worker-11] .t.t.s.TourGuideClientRewardsServiceImpl : Service - Distance calculated: 11289.187962333239
2021-11-27 20:34:21.240  INFO 530588 --- [nPool-worker-11] .t.t.s.TourGuideClientRewardsServiceImpl : Service - Distance calculated: 10465.932787319238
2021-11-27 20:34:21.240  INFO 530588 --- [nPool-worker-11] .t.t.s.TourGuideClientRewardsServiceImpl : Service - Distance calculated: 9450.999609033186
2021-11-27 20:34:21.240  INFO 530588 --- [nPool-worker-11] .t.t.s.TourGuideClientRewardsServiceImpl : Service - Distance calculated: 10091.691768293631
2021-11-27 20:34:21.240  INFO 530588 --- [onPool-worker-5] .t.t.s.TourGuideClientRewardsServiceImpl : Service - Distance calculated: 1576.7472428725728
2021-11-27 20:34:21.240  INFO 530588 --- [onPool-worker-5] .t.t.s.TourGuideClientRewardsServiceImpl : Service - Distance calculated: 1921.4807999190489
2021-11-27 20:34:21.240  INFO 530588 --- [onPool-worker-5] .t.t.s.TourGuideClientRewardsServiceImpl : Service - Distance calculated: 1277.6245433336508
2021-11-27 20:34:21.240  INFO 530588 --- [onPool-worker-5] .t.t.s.TourGuideClientRewardsServiceImpl : Service - Distance calculated: 87.03441722159666
2021-11-27 20:34:21.240  INFO 530588 --- [onPool-worker-5] .t.t.s.TourGuideClientRewardsServiceImpl : Service - Distance calculated: 2127.2478407793283
2021-11-27 20:34:21.240  INFO 530588 --- [onPool-worker-5] .t.t.s.TourGuideClientRewardsServiceImpl : Service - Distance calculated: 2578.910516018122
2021-11-27 20:34:21.240  INFO 530588 --- [onPool-worker-5] .t.t.s.TourGuideClientRewardsServiceImpl : Service - Distance calculated: 680.6158831369517
2021-11-27 20:34:21.240  INFO 530588 --- [onPool-worker-5] .t.t.s.TourGuideClientRewardsServiceImpl : Service - Distance calculated: 1344.090272349311
2021-11-27 20:34:21.240  INFO 530588 --- [onPool-worker-5] .t.t.s.TourGuideClientRewardsServiceImpl : Service - Distance calculated: 2440.177336041544
2021-11-27 20:34:21.240  INFO 530588 --- [onPool-worker-5] .t.t.s.TourGuideClientRewardsServiceImpl : Service - Distance calculated: 2168.830527042806
2021-11-27 20:34:21.240  INFO 530588 --- [onPool-worker-5] .t.t.s.TourGuideClientRewardsServiceImpl : Service - Calculate rewards points for user: internalUser33
2021-11-27 20:34:21.240  INFO 530588 --- [nPool-worker-11] .t.t.s.TourGuideClientRewardsServiceImpl : Service - Distance calculated: 5.8950310023474215E-5
2021-11-27 20:34:21.241  INFO 530588 --- [nPool-worker-11] .t.t.s.TourGuideClientRewardsServiceImpl : Service - Distance calculated: 774.5207212649109
2021-11-27 20:34:21.241  INFO 530588 --- [nPool-worker-11] .t.t.s.TourGuideClientRewardsServiceImpl : Service - Distance calculated: 164.91310606753288
2021-11-27 20:34:21.241  INFO 530588 --- [nPool-worker-11] .t.t.s.TourGuideClientRewardsServiceImpl : Service - Distance calculated: 115.99464245531166
2021-11-27 20:34:21.241  INFO 530588 --- [nPool-worker-11] .t.t.s.TourGuideClientRewardsServiceImpl : Service - Distance calculated: 1428.8577204882306
2021-11-27 20:34:21.241  INFO 530588 --- [nPool-worker-11] .t.t.s.TourGuideClientRewardsServiceImpl : Service - Distance calculated: 1418.571827418631
2021-11-27 20:34:21.241  INFO 530588 --- [nPool-worker-11] .t.t.s.TourGuideClientRewardsServiceImpl : Service - Distance calculated: 460.11990361699293
2021-11-27 20:34:21.241  INFO 530588 --- [nPool-worker-11] .t.t.s.TourGuideClientRewardsServiceImpl : Service - Distance calculated: 1992.7911930022951
2021-11-27 20:34:21.241  INFO 530588 --- [nPool-worker-11] .t.t.s.TourGuideClientRewardsServiceImpl : Service - Distance calculated: 1906.7972782801585
2021-11-27 20:34:21.241  INFO 530588 --- [nPool-worker-11] .t.t.s.TourGuideClientRewardsServiceImpl : Service - Distance calculated: 2360.645624935619
2021-11-27 20:34:21.241  INFO 530588 --- [nPool-worker-11] .t.t.s.TourGuideClientRewardsServiceImpl : Service - Distance calculated: 2434.494471527265
2021-11-27 20:34:21.241  INFO 530588 --- [nPool-worker-11] .t.t.s.TourGuideClientRewardsServiceImpl : Service - Distance calculated: 2148.3967563579567
2021-11-27 20:34:21.241  INFO 530588 --- [nPool-worker-11] .t.t.s.TourGuideClientRewardsServiceImpl : Service - Distance calculated: 2282.746325565392
2021-11-27 20:34:21.242  INFO 530588 --- [nPool-worker-11] .t.t.s.TourGuideClientRewardsServiceImpl : Service - Distance calculated: 2289.4339721013357
2021-11-27 20:34:21.242  INFO 530588 --- [nPool-worker-11] .t.t.s.TourGuideClientRewardsServiceImpl : Service - Distance calculated: 1204.372289719331
2021-11-27 20:34:21.242  INFO 530588 --- [nPool-worker-11] .t.t.s.TourGuideClientRewardsServiceImpl : Service - Distance calculated: 1742.5694022642394
2021-11-27 20:34:21.242  INFO 530588 --- [nPool-worker-11] .t.t.s.TourGuideClientRewardsServiceImpl : Service - Distance calculated: 1576.7472428725728
2021-11-27 20:34:21.242  INFO 530588 --- [nPool-worker-11] .t.t.s.TourGuideClientRewardsServiceImpl : Service - Distance calculated: 1921.4807999190489
2021-11-27 20:34:21.242  INFO 530588 --- [nPool-worker-11] .t.t.s.TourGuideClientRewardsServiceImpl : Service - Distance calculated: 1277.6245433336508
2021-11-27 20:34:21.242  INFO 530588 --- [nPool-worker-11] .t.t.s.TourGuideClientRewardsServiceImpl : Service - Distance calculated: 87.03441722159666
2021-11-27 20:34:21.242  INFO 530588 --- [nPool-worker-11] .t.t.s.TourGuideClientRewardsServiceImpl : Service - Distance calculated: 2127.2478407793283
2021-11-27 20:34:21.242  INFO 530588 --- [nPool-worker-11] .t.t.s.TourGuideClientRewardsServiceImpl : Service - Distance calculated: 2578.910516018122
2021-11-27 20:34:21.242  INFO 530588 --- [nPool-worker-11] .t.t.s.TourGuideClientRewardsServiceImpl : Service - Distance calculated: 680.6158831369517
2021-11-27 20:34:21.242  INFO 530588 --- [nPool-worker-11] .t.t.s.TourGuideClientRewardsServiceImpl : Service - Distance calculated: 1344.090272349311
2021-11-27 20:34:21.242  INFO 530588 --- [nPool-worker-11] .t.t.s.TourGuideClientRewardsServiceImpl : Service - Distance calculated: 2440.177336041544
2021-11-27 20:34:21.242  INFO 530588 --- [nPool-worker-11] .t.t.s.TourGuideClientRewardsServiceImpl : Service - Distance calculated: 2168.830527042806
2021-11-27 20:34:21.242  INFO 530588 --- [nPool-worker-11] .t.t.s.TourGuideClientRewardsServiceImpl : Service - Calculate rewards points for user: internalUser37
2021-11-27 20:34:21.244  INFO 530588 --- [onPool-worker-9] .t.t.s.TourGuideClientRewardsServiceImpl : Service - Distance calculated: 8756.993586373525
2021-11-27 20:34:21.244  INFO 530588 --- [onPool-worker-9] .t.t.s.TourGuideClientRewardsServiceImpl : Service - Distance calculated: 8687.20640165711
2021-11-27 20:34:21.245  INFO 530588 --- [onPool-worker-9] .t.t.s.TourGuideClientRewardsServiceImpl : Service - Distance calculated: 8830.38497244704
2021-11-27 20:34:21.245  INFO 530588 --- [onPool-worker-9] .t.t.s.TourGuideClientRewardsServiceImpl : Service - Distance calculated: 8855.885329168837
2021-11-27 20:34:21.245  INFO 530588 --- [onPool-worker-9] .t.t.s.TourGuideClientRewardsServiceImpl : Service - Distance calculated: 9704.9803659668
2021-11-27 20:34:21.245  INFO 530588 --- [onPool-worker-9] .t.t.s.TourGuideClientRewardsServiceImpl : Service - Distance calculated: 9781.56650626367
2021-11-27 20:34:21.245  INFO 530588 --- [onPool-worker-9] .t.t.s.TourGuideClientRewardsServiceImpl : Service - Distance calculated: 9203.711459141503
2021-11-27 20:34:21.245  INFO 530588 --- [onPool-worker-9] .t.t.s.TourGuideClientRewardsServiceImpl : Service - Distance calculated: 9676.46367660751
2021-11-27 20:34:21.245  INFO 530588 --- [onPool-worker-9] .t.t.s.TourGuideClientRewardsServiceImpl : Service - Distance calculated: 9837.183474254134
2021-11-27 20:34:21.245  INFO 530588 --- [nPool-worker-13] .t.t.s.TourGuideClientRewardsServiceImpl : Service - Distance calculated: 8862.107430648086
2021-11-27 20:34:21.245  INFO 530588 --- [nPool-worker-13] .t.t.s.TourGuideClientRewardsServiceImpl : Service - Distance calculated: 8558.606303510427
2021-11-27 20:34:21.245  INFO 530588 --- [nPool-worker-13] .t.t.s.TourGuideClientRewardsServiceImpl : Service - Distance calculated: 8739.486299251364
2021-11-27 20:34:21.245  INFO 530588 --- [nPool-worker-13] .t.t.s.TourGuideClientRewardsServiceImpl : Service - Distance calculated: 8748.19520188917
2021-11-27 20:34:21.245  INFO 530588 --- [nPool-worker-13] .t.t.s.TourGuideClientRewardsServiceImpl : Service - Distance calculated: 7512.983282283862
2021-11-27 20:34:21.245  INFO 530588 --- [nPool-worker-13] .t.t.s.TourGuideClientRewardsServiceImpl : Service - Distance calculated: 7494.973455309008
2021-11-27 20:34:21.245  INFO 530588 --- [nPool-worker-13] .t.t.s.TourGuideClientRewardsServiceImpl : Service - Distance calculated: 8405.105200488
2021-11-27 20:34:21.245  INFO 530588 --- [nPool-worker-13] .t.t.s.TourGuideClientRewardsServiceImpl : Service - Distance calculated: 7086.005248211902
2021-11-27 20:34:21.245  INFO 530588 --- [nPool-worker-13] .t.t.s.TourGuideClientRewardsServiceImpl : Service - Distance calculated: 7092.014111088365
2021-11-27 20:34:21.245  INFO 530588 --- [nPool-worker-13] .t.t.s.TourGuideClientRewardsServiceImpl : Service - Distance calculated: 9674.332990660236
2021-11-27 20:34:21.245  INFO 530588 --- [nPool-worker-13] .t.t.s.TourGuideClientRewardsServiceImpl : Service - Distance calculated: 6711.815451261947
2021-11-27 20:34:21.245  INFO 530588 --- [nPool-worker-13] .t.t.s.TourGuideClientRewardsServiceImpl : Service - Distance calculated: 6943.344599509042
2021-11-27 20:34:21.245  INFO 530588 --- [nPool-worker-13] .t.t.s.TourGuideClientRewardsServiceImpl : Service - Distance calculated: 6794.762885947449
2021-11-27 20:34:21.245  INFO 530588 --- [nPool-worker-13] .t.t.s.TourGuideClientRewardsServiceImpl : Service - Distance calculated: 6583.701371224872
2021-11-27 20:34:21.245  INFO 530588 --- [nPool-worker-13] .t.t.s.TourGuideClientRewardsServiceImpl : Service - Distance calculated: 7658.398508994781
2021-11-27 20:34:21.245  INFO 530588 --- [nPool-worker-13] .t.t.s.TourGuideClientRewardsServiceImpl : Service - Distance calculated: 7168.50147816841
2021-11-27 20:34:21.245  INFO 530588 --- [nPool-worker-13] .t.t.s.TourGuideClientRewardsServiceImpl : Service - Distance calculated: 7294.805480686333
2021-11-27 20:34:21.245  INFO 530588 --- [nPool-worker-13] .t.t.s.TourGuideClientRewardsServiceImpl : Service - Distance calculated: 7052.224426402534
2021-11-27 20:34:21.245  INFO 530588 --- [nPool-worker-13] .t.t.s.TourGuideClientRewardsServiceImpl : Service - Distance calculated: 7587.293800165897
2021-11-27 20:34:21.245  INFO 530588 --- [nPool-worker-13] .t.t.s.TourGuideClientRewardsServiceImpl : Service - Distance calculated: 8806.541431047921
2021-11-27 20:34:21.245  INFO 530588 --- [nPool-worker-13] .t.t.s.TourGuideClientRewardsServiceImpl : Service - Distance calculated: 6747.214377627519
2021-11-27 20:34:21.245  INFO 530588 --- [nPool-worker-13] .t.t.s.TourGuideClientRewardsServiceImpl : Service - Distance calculated: 6633.279268205629
2021-11-27 20:34:21.245  INFO 530588 --- [nPool-worker-13] .t.t.s.TourGuideClientRewardsServiceImpl : Service - Distance calculated: 8181.523650360697
2021-11-27 20:34:21.245  INFO 530588 --- [nPool-worker-13] .t.t.s.TourGuideClientRewardsServiceImpl : Service - Distance calculated: 7669.838656753195
2021-11-27 20:34:21.245  INFO 530588 --- [nPool-worker-13] .t.t.s.TourGuideClientRewardsServiceImpl : Service - Distance calculated: 6710.1134680462965
2021-11-27 20:34:21.245  INFO 530588 --- [nPool-worker-13] .t.t.s.TourGuideClientRewardsServiceImpl : Service - Distance calculated: 6710.6087152478885
2021-11-27 20:34:21.245  INFO 530588 --- [nPool-worker-13] .t.t.s.TourGuideClientRewardsServiceImpl : Service - Distance calculated: 2424.7502718335286
2021-11-27 20:34:21.245  INFO 530588 --- [nPool-worker-13] .t.t.s.TourGuideClientRewardsServiceImpl : Service - Distance calculated: 3171.0803892251884
2021-11-27 20:34:21.245  INFO 530588 --- [nPool-worker-13] .t.t.s.TourGuideClientRewardsServiceImpl : Service - Distance calculated: 2586.890787809009
2021-11-27 20:34:21.245  INFO 530588 --- [nPool-worker-13] .t.t.s.TourGuideClientRewardsServiceImpl : Service - Distance calculated: 2511.4512791856278
2021-11-27 20:34:21.245  INFO 530588 --- [nPool-worker-13] .t.t.s.TourGuideClientRewardsServiceImpl : Service - Distance calculated: 3704.022910103896
2021-11-27 20:34:21.245  INFO 530588 --- [nPool-worker-13] .t.t.s.TourGuideClientRewardsServiceImpl : Service - Distance calculated: 3653.6550646005117
2021-11-27 20:34:21.245  INFO 530588 --- [nPool-worker-13] .t.t.s.TourGuideClientRewardsServiceImpl : Service - Distance calculated: 2678.3566668730987
2021-11-27 20:34:21.245  INFO 530588 --- [nPool-worker-13] .t.t.s.TourGuideClientRewardsServiceImpl : Service - Distance calculated: 4323.917495302148
2021-11-27 20:34:21.245  INFO 530588 --- [nPool-worker-13] .t.t.s.TourGuideClientRewardsServiceImpl : Service - Distance calculated: 4186.384624823235
2021-11-27 20:34:21.245  INFO 530588 --- [nPool-worker-13] .t.t.s.TourGuideClientRewardsServiceImpl : Service - Distance calculated: 3787.552028739133
2021-11-27 20:34:21.245  INFO 530588 --- [nPool-worker-13] .t.t.s.TourGuideClientRewardsServiceImpl : Service - Distance calculated: 4768.309335268446
2021-11-27 20:34:21.245  INFO 530588 --- [nPool-worker-13] .t.t.s.TourGuideClientRewardsServiceImpl : Service - Distance calculated: 4474.268812916581
2021-11-27 20:34:21.245  INFO 530588 --- [nPool-worker-13] .t.t.s.TourGuideClientRewardsServiceImpl : Service - Distance calculated: 4588.320912993141
2021-11-27 20:34:21.245  INFO 530588 --- [nPool-worker-13] .t.t.s.TourGuideClientRewardsServiceImpl : Service - Distance calculated: 4279.652239715846
2021-11-27 20:34:21.245  INFO 530588 --- [nPool-worker-13] .t.t.s.TourGuideClientRewardsServiceImpl : Service - Distance calculated: 3295.8032636928356
2021-11-27 20:34:21.245  INFO 530588 --- [nPool-worker-13] .t.t.s.TourGuideClientRewardsServiceImpl : Service - Distance calculated: 3926.4503674783336
2021-11-27 20:34:21.245  INFO 530588 --- [nPool-worker-13] .t.t.s.TourGuideClientRewardsServiceImpl : Service - Distance calculated: 3669.4903030778883
2021-11-27 20:34:21.245  INFO 530588 --- [nPool-worker-13] .t.t.s.TourGuideClientRewardsServiceImpl : Service - Distance calculated: 4173.926106070536
2021-11-27 20:34:21.245  INFO 530588 --- [nPool-worker-13] .t.t.s.TourGuideClientRewardsServiceImpl : Service - Distance calculated: 3381.413679929757
2021-11-27 20:34:21.245  INFO 530588 --- [nPool-worker-13] .t.t.s.TourGuideClientRewardsServiceImpl : Service - Distance calculated: 2404.8180026377854
2021-11-27 20:34:21.245  INFO 530588 --- [nPool-worker-13] .t.t.s.TourGuideClientRewardsServiceImpl : Service - Distance calculated: 4147.577106296009
2021-11-27 20:34:21.245  INFO 530588 --- [nPool-worker-13] .t.t.s.TourGuideClientRewardsServiceImpl : Service - Distance calculated: 4933.06289304829
2021-11-27 20:34:21.245  INFO 530588 --- [nPool-worker-13] .t.t.s.TourGuideClientRewardsServiceImpl : Service - Distance calculated: 2871.06930983663
2021-11-27 20:34:21.245  INFO 530588 --- [nPool-worker-13] .t.t.s.TourGuideClientRewardsServiceImpl : Service - Distance calculated: 3694.66789966227
2021-11-27 20:34:21.245  INFO 530588 --- [nPool-worker-13] .t.t.s.TourGuideClientRewardsServiceImpl : Service - Distance calculated: 4775.60152707348
2021-11-27 20:34:21.245  INFO 530588 --- [nPool-worker-13] .t.t.s.TourGuideClientRewardsServiceImpl : Service - Distance calculated: 4205.249358204761
2021-11-27 20:34:21.245  INFO 530588 --- [nPool-worker-13] .t.t.s.TourGuideClientRewardsServiceImpl : Service - Distance calculated: 8393.426040252352
2021-11-27 20:34:21.245  INFO 530588 --- [nPool-worker-13] .t.t.s.TourGuideClientRewardsServiceImpl : Service - Distance calculated: 7636.807134625008
2021-11-27 20:34:21.245  INFO 530588 --- [nPool-worker-13] .t.t.s.TourGuideClientRewardsServiceImpl : Service - Distance calculated: 8268.53041304398
2021-11-27 20:34:21.245  INFO 530588 --- [nPool-worker-13] .t.t.s.TourGuideClientRewardsServiceImpl : Service - Distance calculated: 8358.23396738162
2021-11-27 20:34:21.245  INFO 530588 --- [nPool-worker-13] .t.t.s.TourGuideClientRewardsServiceImpl : Service - Distance calculated: 7629.451599006092
2021-11-27 20:34:21.245  INFO 530588 --- [nPool-worker-13] .t.t.s.TourGuideClientRewardsServiceImpl : Service - Distance calculated: 7719.237226565744
2021-11-27 20:34:21.245  INFO 530588 --- [nPool-worker-13] .t.t.s.TourGuideClientRewardsServiceImpl : Service - Distance calculated: 8383.284409480288
2021-11-27 20:34:21.245  INFO 530588 --- [nPool-worker-13] .t.t.s.TourGuideClientRewardsServiceImpl : Service - Distance calculated: 7052.848687677461
2021-11-27 20:34:21.245  INFO 530588 --- [nPool-worker-13] .t.t.s.TourGuideClientRewardsServiceImpl : Service - Distance calculated: 7253.980621558714
2021-11-27 20:34:21.245  INFO 530588 --- [nPool-worker-13] .t.t.s.TourGuideClientRewardsServiceImpl : Service - Distance calculated: 6506.110351039752
2021-11-27 20:34:21.245  INFO 530588 --- [nPool-worker-13] .t.t.s.TourGuideClientRewardsServiceImpl : Service - Distance calculated: 6686.141375188731
2021-11-27 20:34:21.245  INFO 530588 --- [nPool-worker-13] .t.t.s.TourGuideClientRewardsServiceImpl : Service - Distance calculated: 6942.100906939523
2021-11-27 20:34:21.245  INFO 530588 --- [nPool-worker-13] .t.t.s.TourGuideClientRewardsServiceImpl : Service - Distance calculated: 6890.5259584957785
2021-11-27 20:34:21.245  INFO 530588 --- [nPool-worker-13] .t.t.s.TourGuideClientRewardsServiceImpl : Service - Distance calculated: 7568.73475987984
2021-11-27 20:34:21.245  INFO 530588 --- [nPool-worker-13] .t.t.s.TourGuideClientRewardsServiceImpl : Service - Distance calculated: 8116.853210749501
2021-11-27 20:34:21.245  INFO 530588 --- [nPool-worker-13] .t.t.s.TourGuideClientRewardsServiceImpl : Service - Distance calculated: 7585.518638719852
2021-11-27 20:34:21.245  INFO 530588 --- [nPool-worker-13] .t.t.s.TourGuideClientRewardsServiceImpl : Service - Distance calculated: 7871.333556493322
2021-11-27 20:34:21.245  INFO 530588 --- [nPool-worker-13] .t.t.s.TourGuideClientRewardsServiceImpl : Service - Distance calculated: 7306.147317129595
2021-11-27 20:34:21.245  INFO 530588 --- [nPool-worker-13] .t.t.s.TourGuideClientRewardsServiceImpl : Service - Distance calculated: 8050.363552748476
2021-11-27 20:34:21.245  INFO 530588 --- [nPool-worker-13] .t.t.s.TourGuideClientRewardsServiceImpl : Service - Distance calculated: 8454.155802998475
2021-11-27 20:34:21.245  INFO 530588 --- [nPool-worker-13] .t.t.s.TourGuideClientRewardsServiceImpl : Service - Distance calculated: 7625.393184160346
2021-11-27 20:34:21.245  INFO 530588 --- [nPool-worker-13] .t.t.s.TourGuideClientRewardsServiceImpl : Service - Distance calculated: 6501.510719263404
2021-11-27 20:34:21.245  INFO 530588 --- [nPool-worker-13] .t.t.s.TourGuideClientRewardsServiceImpl : Service - Distance calculated: 8292.40603967365
2021-11-27 20:34:21.245  INFO 530588 --- [nPool-worker-13] .t.t.s.TourGuideClientRewardsServiceImpl : Service - Distance calculated: 7519.772443980788
2021-11-27 20:34:21.245  INFO 530588 --- [nPool-worker-13] .t.t.s.TourGuideClientRewardsServiceImpl : Service - Distance calculated: 6676.547727884939
2021-11-27 20:34:21.245  INFO 530588 --- [nPool-worker-13] .t.t.s.TourGuideClientRewardsServiceImpl : Service - Distance calculated: 7566.506810904852
2021-11-27 20:34:21.245  INFO 530588 --- [nPool-worker-13] .t.t.s.TourGuideClientRewardsServiceImpl : Service - Distance calculated: 9718.246396400657
2021-11-27 20:34:21.245  INFO 530588 --- [nPool-worker-13] .t.t.s.TourGuideClientRewardsServiceImpl : Service - Distance calculated: 8966.531095342403
2021-11-27 20:34:21.245  INFO 530588 --- [nPool-worker-13] .t.t.s.TourGuideClientRewardsServiceImpl : Service - Distance calculated: 9557.251255994612
2021-11-27 20:34:21.246  INFO 530588 --- [nPool-worker-13] .t.t.s.TourGuideClientRewardsServiceImpl : Service - Distance calculated: 9634.401050077626
2021-11-27 20:34:21.246  INFO 530588 --- [nPool-worker-13] .t.t.s.TourGuideClientRewardsServiceImpl : Service - Distance calculated: 8466.337428760113
2021-11-27 20:34:21.246  INFO 530588 --- [nPool-worker-13] .t.t.s.TourGuideClientRewardsServiceImpl : Service - Distance calculated: 8520.800846612876
2021-11-27 20:34:21.246  INFO 530588 --- [nPool-worker-13] .t.t.s.TourGuideClientRewardsServiceImpl : Service - Distance calculated: 9481.164984303707
2021-11-27 20:34:21.246  INFO 530588 --- [nPool-worker-13] .t.t.s.TourGuideClientRewardsServiceImpl : Service - Distance calculated: 7843.4432188999435
2021-11-27 20:34:21.246  INFO 530588 --- [nPool-worker-13] .t.t.s.TourGuideClientRewardsServiceImpl : Service - Distance calculated: 7987.7024235668305
2021-11-27 20:34:21.246  INFO 530588 --- [nPool-worker-13] .t.t.s.TourGuideClientRewardsServiceImpl : Service - Distance calculated: 8367.341226789802
2021-11-27 20:34:21.246  INFO 530588 --- [nPool-worker-13] .t.t.s.TourGuideClientRewardsServiceImpl : Service - Distance calculated: 7401.002237922849
2021-11-27 20:34:21.246  INFO 530588 --- [nPool-worker-13] .t.t.s.TourGuideClientRewardsServiceImpl : Service - Distance calculated: 7694.81543201422
2021-11-27 20:34:21.246  INFO 530588 --- [nPool-worker-13] .t.t.s.TourGuideClientRewardsServiceImpl : Service - Distance calculated: 7584.743553471112
2021-11-27 20:34:21.246  INFO 530588 --- [nPool-worker-13] .t.t.s.TourGuideClientRewardsServiceImpl : Service - Distance calculated: 7932.14712346655
2021-11-27 20:34:21.246  INFO 530588 --- [nPool-worker-13] .t.t.s.TourGuideClientRewardsServiceImpl : Service - Distance calculated: 8887.467386292543
2021-11-27 20:34:21.246  INFO 530588 --- [nPool-worker-13] .t.t.s.TourGuideClientRewardsServiceImpl : Service - Distance calculated: 8257.212067618488
2021-11-27 20:34:21.246  INFO 530588 --- [nPool-worker-13] .t.t.s.TourGuideClientRewardsServiceImpl : Service - Distance calculated: 8520.589937710109
2021-11-27 20:34:21.246  INFO 530588 --- [nPool-worker-13] .t.t.s.TourGuideClientRewardsServiceImpl : Service - Distance calculated: 8003.761964570071
2021-11-27 20:34:21.246  INFO 530588 --- [nPool-worker-13] .t.t.s.TourGuideClientRewardsServiceImpl : Service - Distance calculated: 8802.388230594348
2021-11-27 20:34:21.246  INFO 530588 --- [nPool-worker-13] .t.t.s.TourGuideClientRewardsServiceImpl : Service - Distance calculated: 9741.311385512518
2021-11-27 20:34:21.246  INFO 530588 --- [nPool-worker-13] .t.t.s.TourGuideClientRewardsServiceImpl : Service - Distance calculated: 8058.49167528164
2021-11-27 20:34:21.246  INFO 530588 --- [nPool-worker-13] .t.t.s.TourGuideClientRewardsServiceImpl : Service - Distance calculated: 7233.189407595806
2021-11-27 20:34:21.246  INFO 530588 --- [nPool-worker-13] .t.t.s.TourGuideClientRewardsServiceImpl : Service - Distance calculated: 9294.926089830418
2021-11-27 20:34:21.246  INFO 530588 --- [nPool-worker-13] .t.t.s.TourGuideClientRewardsServiceImpl : Service - Distance calculated: 8465.91395514585
2021-11-27 20:34:21.246  INFO 530588 --- [nPool-worker-13] .t.t.s.TourGuideClientRewardsServiceImpl : Service - Distance calculated: 7393.458339904681
2021-11-27 20:34:21.246  INFO 530588 --- [nPool-worker-13] .t.t.s.TourGuideClientRewardsServiceImpl : Service - Distance calculated: 7999.811437203366
2021-11-27 20:34:21.246  INFO 530588 --- [nPool-worker-13] .t.t.s.TourGuideClientRewardsServiceImpl : Service - Distance calculated: 5.8950310023474215E-5
2021-11-27 20:34:21.246  INFO 530588 --- [nPool-worker-13] .t.t.s.TourGuideClientRewardsServiceImpl : Service - Distance calculated: 774.5207212649109
2021-11-27 20:34:21.246  INFO 530588 --- [nPool-worker-13] .t.t.s.TourGuideClientRewardsServiceImpl : Service - Distance calculated: 164.91310606753288
2021-11-27 20:34:21.246  INFO 530588 --- [nPool-worker-13] .t.t.s.TourGuideClientRewardsServiceImpl : Service - Distance calculated: 115.99464245531166
2021-11-27 20:34:21.246  INFO 530588 --- [nPool-worker-13] .t.t.s.TourGuideClientRewardsServiceImpl : Service - Distance calculated: 1428.8577204882306
2021-11-27 20:34:21.246  INFO 530588 --- [nPool-worker-13] .t.t.s.TourGuideClientRewardsServiceImpl : Service - Distance calculated: 1418.571827418631
2021-11-27 20:34:21.246  INFO 530588 --- [nPool-worker-13] .t.t.s.TourGuideClientRewardsServiceImpl : Service - Distance calculated: 460.11990361699293
2021-11-27 20:34:21.246  INFO 530588 --- [nPool-worker-14] .t.t.s.TourGuideClientRewardsServiceImpl : Service - Distance calculated: 1435.092783366035
2021-11-27 20:34:21.246  INFO 530588 --- [nPool-worker-14] .t.t.s.TourGuideClientRewardsServiceImpl : Service - Distance calculated: 2100.4666119165577
2021-11-27 20:34:21.246  INFO 530588 --- [nPool-worker-14] .t.t.s.TourGuideClientRewardsServiceImpl : Service - Distance calculated: 1598.0543747500167
2021-11-27 20:34:21.246  INFO 530588 --- [nPool-worker-14] .t.t.s.TourGuideClientRewardsServiceImpl : Service - Distance calculated: 1543.0136864270005
2021-11-27 20:34:21.246  INFO 530588 --- [nPool-worker-14] .t.t.s.TourGuideClientRewardsServiceImpl : Service - Distance calculated: 2847.887248302203
2021-11-27 20:34:21.246  INFO 530588 --- [nPool-worker-14] .t.t.s.TourGuideClientRewardsServiceImpl : Service - Distance calculated: 2824.416330129038
2021-11-27 20:34:21.246  INFO 530588 --- [nPool-worker-14] .t.t.s.TourGuideClientRewardsServiceImpl : Service - Distance calculated: 1809.738161268652
2021-11-27 20:34:21.246  INFO 530588 --- [nPool-worker-14] .t.t.s.TourGuideClientRewardsServiceImpl : Service - Distance calculated: 3427.111676478772
2021-11-27 20:34:21.246  INFO 530588 --- [nPool-worker-14] .t.t.s.TourGuideClientRewardsServiceImpl : Service - Distance calculated: 3332.5916844965814
2021-11-27 20:34:21.246  INFO 530588 --- [nPool-worker-14] .t.t.s.TourGuideClientRewardsServiceImpl : Service - Distance calculated: 2674.734209478532
2021-11-27 20:34:21.246  INFO 530588 --- [nPool-worker-14] .t.t.s.TourGuideClientRewardsServiceImpl : Service - Distance calculated: 3869.5253443081538
2021-11-27 20:34:21.246  INFO 530588 --- [nPool-worker-14] .t.t.s.TourGuideClientRewardsServiceImpl : Service - Distance calculated: 3582.650715687115
2021-11-27 20:34:21.246  INFO 530588 --- [nPool-worker-14] .t.t.s.TourGuideClientRewardsServiceImpl : Service - Distance calculated: 3715.314832612026
2021-11-27 20:34:21.246  INFO 530588 --- [nPool-worker-14] .t.t.s.TourGuideClientRewardsServiceImpl : Service - Distance calculated: 3621.7305089908923
2021-11-27 20:34:21.246  INFO 530588 --- [nPool-worker-14] .t.t.s.TourGuideClientRewardsServiceImpl : Service - Distance calculated: 2539.4756714320856
2021-11-27 20:34:21.246  INFO 530588 --- [nPool-worker-14] .t.t.s.TourGuideClientRewardsServiceImpl : Service - Distance calculated: 3137.314384616917
2021-11-27 20:34:21.246  INFO 530588 --- [nPool-worker-14] .t.t.s.TourGuideClientRewardsServiceImpl : Service - Distance calculated: 2929.515582528314
2021-11-27 20:34:21.246  INFO 530588 --- [nPool-worker-14] .t.t.s.TourGuideClientRewardsServiceImpl : Service - Distance calculated: 3340.8444814696
2021-11-27 20:34:21.246  INFO 530588 --- [nPool-worker-14] .t.t.s.TourGuideClientRewardsServiceImpl : Service - Distance calculated: 2622.676392263797
2021-11-27 20:34:21.246  INFO 530588 --- [nPool-worker-14] .t.t.s.TourGuideClientRewardsServiceImpl : Service - Distance calculated: 1446.6684334998681
2021-11-27 20:34:21.246  INFO 530588 --- [nPool-worker-14] .t.t.s.TourGuideClientRewardsServiceImpl : Service - Distance calculated: 3467.3230528497443
2021-11-27 20:34:21.246  INFO 530588 --- [nPool-worker-14] .t.t.s.TourGuideClientRewardsServiceImpl : Service - Distance calculated: 4013.280536238841
2021-11-27 20:34:21.246  INFO 530588 --- [nPool-worker-14] .t.t.s.TourGuideClientRewardsServiceImpl : Service - Distance calculated: 2034.1996770343494
2021-11-27 20:34:21.246  INFO 530588 --- [nPool-worker-14] .t.t.s.TourGuideClientRewardsServiceImpl : Service - Distance calculated: 2778.2954725114114
2021-11-27 20:34:21.246  INFO 530588 --- [nPool-worker-14] .t.t.s.TourGuideClientRewardsServiceImpl : Service - Distance calculated: 3875.2407948667274
2021-11-27 20:34:21.246  INFO 530588 --- [onPool-worker-4] .t.t.s.TourGuideClientRewardsServiceImpl : Service - Distance calculated: 5410.135584828595
2021-11-27 20:34:21.246  INFO 530588 --- [onPool-worker-4] .t.t.s.TourGuideClientRewardsServiceImpl : Service - Distance calculated: 4645.048678536245
2021-11-27 20:34:21.246  INFO 530588 --- [onPool-worker-4] .t.t.s.TourGuideClientRewardsServiceImpl : Service - Distance calculated: 5278.64029397373
2021-11-27 20:34:21.247  INFO 530588 --- [onPool-worker-4] .t.t.s.TourGuideClientRewardsServiceImpl : Service - Distance calculated: 5368.033242223288
2021-11-27 20:34:21.247  INFO 530588 --- [onPool-worker-4] .t.t.s.TourGuideClientRewardsServiceImpl : Service - Distance calculated: 4708.11114124851
2021-11-27 20:34:21.247  INFO 530588 --- [onPool-worker-4] .t.t.s.TourGuideClientRewardsServiceImpl : Service - Distance calculated: 4805.137928711731
2021-11-27 20:34:21.247  INFO 530588 --- [onPool-worker-4] .t.t.s.TourGuideClientRewardsServiceImpl : Service - Distance calculated: 5387.672278354663
2021-11-27 20:34:21.247  INFO 530588 --- [onPool-worker-4] .t.t.s.TourGuideClientRewardsServiceImpl : Service - Distance calculated: 4192.182116298332
2021-11-27 20:34:21.247  INFO 530588 --- [onPool-worker-4] .t.t.s.TourGuideClientRewardsServiceImpl : Service - Distance calculated: 4404.636961266016
2021-11-27 20:34:21.247  INFO 530588 --- [onPool-worker-4] .t.t.s.TourGuideClientRewardsServiceImpl : Service - Distance calculated: 3902.574213334262
2021-11-27 20:34:21.247  INFO 530588 --- [onPool-worker-4] .t.t.s.TourGuideClientRewardsServiceImpl : Service - Distance calculated: 3904.947088362466
2021-11-27 20:34:21.247  INFO 530588 --- [onPool-worker-4] .t.t.s.TourGuideClientRewardsServiceImpl : Service - Distance calculated: 4111.413043069594
2021-11-27 20:34:21.247  INFO 530588 --- [onPool-worker-4] .t.t.s.TourGuideClientRewardsServiceImpl : Service - Distance calculated: 4099.319750398835
2021-11-27 20:34:21.247  INFO 530588 --- [onPool-worker-4] .t.t.s.TourGuideClientRewardsServiceImpl : Service - Distance calculated: 4903.202857049127
2021-11-27 20:34:21.247  INFO 530588 --- [onPool-worker-4] .t.t.s.TourGuideClientRewardsServiceImpl : Service - Distance calculated: 5188.71614580793
2021-11-27 20:34:21.247  INFO 530588 --- [onPool-worker-4] .t.t.s.TourGuideClientRewardsServiceImpl : Service - Distance calculated: 4736.946243854995
2021-11-27 20:34:21.247  INFO 530588 --- [onPool-worker-4] .t.t.s.TourGuideClientRewardsServiceImpl : Service - Distance calculated: 5007.4834536466715
2021-11-27 20:34:21.247  INFO 530588 --- [onPool-worker-4] .t.t.s.TourGuideClientRewardsServiceImpl : Service - Distance calculated: 4470.548056145289
2021-11-27 20:34:21.247  INFO 530588 --- [onPool-worker-4] .t.t.s.TourGuideClientRewardsServiceImpl : Service - Distance calculated: 5132.510177813787
2021-11-27 20:34:21.247  INFO 530588 --- [onPool-worker-4] .t.t.s.TourGuideClientRewardsServiceImpl : Service - Distance calculated: 5466.487891287625
2021-11-27 20:34:21.247  INFO 530588 --- [onPool-worker-4] .t.t.s.TourGuideClientRewardsServiceImpl : Service - Distance calculated: 4905.6157760195065
2021-11-27 20:34:21.247  INFO 530588 --- [onPool-worker-4] .t.t.s.TourGuideClientRewardsServiceImpl : Service - Distance calculated: 3730.8249436763736
2021-11-27 20:34:21.247  INFO 530588 --- [onPool-worker-4] .t.t.s.TourGuideClientRewardsServiceImpl : Service - Distance calculated: 5305.902476741013
2021-11-27 20:34:21.247  INFO 530588 --- [onPool-worker-4] .t.t.s.TourGuideClientRewardsServiceImpl : Service - Distance calculated: 4568.710903716179
2021-11-27 20:34:21.247  INFO 530588 --- [onPool-worker-4] .t.t.s.TourGuideClientRewardsServiceImpl : Service - Distance calculated: 3895.133372021139
2021-11-27 20:34:21.247  INFO 530588 --- [onPool-worker-4] .t.t.s.TourGuideClientRewardsServiceImpl : Service - Distance calculated: 4854.818083552969
2021-11-27 20:34:21.247  INFO 530588 --- [onPool-worker-4] .t.t.s.TourGuideClientRewardsServiceImpl : Service - Distance calculated: 5193.154642639857
2021-11-27 20:34:21.247  INFO 530588 --- [onPool-worker-4] .t.t.s.TourGuideClientRewardsServiceImpl : Service - Distance calculated: 4593.926686313519
2021-11-27 20:34:21.247  INFO 530588 --- [onPool-worker-4] .t.t.s.TourGuideClientRewardsServiceImpl : Service - Distance calculated: 5030.740639568495
2021-11-27 20:34:21.247  INFO 530588 --- [onPool-worker-4] .t.t.s.TourGuideClientRewardsServiceImpl : Service - Distance calculated: 5085.413430793266
2021-11-27 20:34:21.247  INFO 530588 --- [onPool-worker-4] .t.t.s.TourGuideClientRewardsServiceImpl : Service - Distance calculated: 3796.0184707952712
2021-11-27 20:34:21.247  INFO 530588 --- [onPool-worker-4] .t.t.s.TourGuideClientRewardsServiceImpl : Service - Distance calculated: 3833.5362120502623
2021-11-27 20:34:21.247  INFO 530588 --- [onPool-worker-4] .t.t.s.TourGuideClientRewardsServiceImpl : Service - Distance calculated: 4841.981346296749
2021-11-27 20:34:21.247  INFO 530588 --- [onPool-worker-4] .t.t.s.TourGuideClientRewardsServiceImpl : Service - Distance calculated: 3201.552476512557
2021-11-27 20:34:21.247  INFO 530588 --- [onPool-worker-4] .t.t.s.TourGuideClientRewardsServiceImpl : Service - Distance calculated: 3308.180522000564
2021-11-27 20:34:21.247  INFO 530588 --- [onPool-worker-4] .t.t.s.TourGuideClientRewardsServiceImpl : Service - Distance calculated: 5470.298231402948
2021-11-27 20:34:21.247  INFO 530588 --- [onPool-worker-4] .t.t.s.TourGuideClientRewardsServiceImpl : Service - Distance calculated: 2758.660191766926
2021-11-27 20:34:21.247  INFO 530588 --- [onPool-worker-4] .t.t.s.TourGuideClientRewardsServiceImpl : Service - Distance calculated: 3046.1679181088075
2021-11-27 20:34:21.247  INFO 530588 --- [onPool-worker-4] .t.t.s.TourGuideClientRewardsServiceImpl : Service - Distance calculated: 2916.342517839182
2021-11-27 20:34:21.247  INFO 530588 --- [onPool-worker-4] .t.t.s.TourGuideClientRewardsServiceImpl : Service - Distance calculated: 3210.173217861366
2021-11-27 20:34:21.247  INFO 530588 --- [onPool-worker-4] .t.t.s.TourGuideClientRewardsServiceImpl : Service - Distance calculated: 4174.423762052214
2021-11-27 20:34:21.247  INFO 530588 --- [onPool-worker-4] .t.t.s.TourGuideClientRewardsServiceImpl : Service - Distance calculated: 3545.281857390612
2021-11-27 20:34:21.247  INFO 530588 --- [onPool-worker-4] .t.t.s.TourGuideClientRewardsServiceImpl : Service - Distance calculated: 3797.3776081059486
2021-11-27 20:34:21.247  INFO 530588 --- [onPool-worker-4] .t.t.s.TourGuideClientRewardsServiceImpl : Service - Distance calculated: 3310.1617645419137
2021-11-27 20:34:21.247  INFO 530588 --- [onPool-worker-4] .t.t.s.TourGuideClientRewardsServiceImpl : Service - Distance calculated: 4088.560034073801
2021-11-27 20:34:21.247  INFO 530588 --- [onPool-worker-4] .t.t.s.TourGuideClientRewardsServiceImpl : Service - Distance calculated: 5183.341905217263
2021-11-27 20:34:21.247  INFO 530588 --- [onPool-worker-4] .t.t.s.TourGuideClientRewardsServiceImpl : Service - Distance calculated: 3330.611222250989
2021-11-27 20:34:21.247  INFO 530588 --- [onPool-worker-4] .t.t.s.TourGuideClientRewardsServiceImpl : Service - Distance calculated: 2618.800393012854
2021-11-27 20:34:21.247  INFO 530588 --- [onPool-worker-4] .t.t.s.TourGuideClientRewardsServiceImpl : Service - Distance calculated: 4629.681755158705
2021-11-27 20:34:21.247  INFO 530588 --- [onPool-worker-4] .t.t.s.TourGuideClientRewardsServiceImpl : Service - Distance calculated: 3850.199308292835
2021-11-27 20:34:21.247  INFO 530588 --- [onPool-worker-4] .t.t.s.TourGuideClientRewardsServiceImpl : Service - Distance calculated: 2752.997306628708
2021-11-27 20:34:21.247  INFO 530588 --- [onPool-worker-4] .t.t.s.TourGuideClientRewardsServiceImpl : Service - Distance calculated: 3271.4244178515755
2021-11-27 20:34:21.247  INFO 530588 --- [onPool-worker-4] .t.t.s.TourGuideClientRewardsServiceImpl : Service - Distance calculated: 11478.320061877732
2021-11-27 20:34:21.247  INFO 530588 --- [onPool-worker-4] .t.t.s.TourGuideClientRewardsServiceImpl : Service - Distance calculated: 11254.340921076442
2021-11-27 20:34:21.247  INFO 530588 --- [onPool-worker-4] .t.t.s.TourGuideClientRewardsServiceImpl : Service - Distance calculated: 11556.35349593801
2021-11-27 20:34:21.247  INFO 530588 --- [onPool-worker-4] .t.t.s.TourGuideClientRewardsServiceImpl : Service - Distance calculated: 11581.303425000777
2021-11-27 20:34:21.247  INFO 530588 --- [onPool-worker-4] .t.t.s.TourGuideClientRewardsServiceImpl : Service - Distance calculated: 11568.411549419605
2021-11-27 20:34:21.247  INFO 530588 --- [onPool-worker-4] .t.t.s.TourGuideClientRewardsServiceImpl : Service - Distance calculated: 11642.003900640846
2021-11-27 20:34:21.247  INFO 530588 --- [onPool-worker-4] .t.t.s.TourGuideClientRewardsServiceImpl : Service - Distance calculated: 11930.29451929608
2021-11-27 20:34:21.247  INFO 530588 --- [onPool-worker-4] .t.t.s.TourGuideClientRewardsServiceImpl : Service - Distance calculated: 10948.775513775387
2021-11-27 20:34:21.247  INFO 530588 --- [onPool-worker-4] .t.t.s.TourGuideClientRewardsServiceImpl : Service - Distance calculated: 11116.149867586002
2021-11-27 20:34:21.247  INFO 530588 --- [onPool-worker-4] .t.t.s.TourGuideClientRewardsServiceImpl : Service - Distance calculated: 9287.754517493811
2021-11-27 20:34:21.247  INFO 530588 --- [onPool-worker-4] .t.t.s.TourGuideClientRewardsServiceImpl : Service - Distance calculated: 10521.130115999362
2021-11-27 20:34:21.247  INFO 530588 --- [onPool-worker-4] .t.t.s.TourGuideClientRewardsServiceImpl : Service - Distance calculated: 10810.392620972145
2021-11-27 20:34:21.247  INFO 530588 --- [onPool-worker-4] .t.t.s.TourGuideClientRewardsServiceImpl : Service - Distance calculated: 10713.943922805813
2021-11-27 20:34:21.247  INFO 530588 --- [onPool-worker-4] .t.t.s.TourGuideClientRewardsServiceImpl : Service - Distance calculated: 10986.983435660328
2021-11-27 20:34:21.247  INFO 530588 --- [onPool-worker-4] .t.t.s.TourGuideClientRewardsServiceImpl : Service - Distance calculated: 12027.441847543885
2021-11-27 20:34:21.247  INFO 530588 --- [onPool-worker-4] .t.t.s.TourGuideClientRewardsServiceImpl : Service - Distance calculated: 11397.575712889624
2021-11-27 20:34:21.247  INFO 530588 --- [onPool-worker-4] .t.t.s.TourGuideClientRewardsServiceImpl : Service - Distance calculated: 11653.262197376702
2021-11-27 20:34:21.247  INFO 530588 --- [onPool-worker-4] .t.t.s.TourGuideClientRewardsServiceImpl : Service - Distance calculated: 11139.893384029583
2021-11-27 20:34:21.247  INFO 530588 --- [onPool-worker-4] .t.t.s.TourGuideClientRewardsServiceImpl : Service - Distance calculated: 11942.715485644023
2021-11-27 20:34:21.247  INFO 530588 --- [onPool-worker-4] .t.t.s.TourGuideClientRewardsServiceImpl : Service - Distance calculated: 11547.342415421892
2021-11-27 20:34:21.247  INFO 530588 --- [onPool-worker-4] .t.t.s.TourGuideClientRewardsServiceImpl : Service - Distance calculated: 11137.986955461334
2021-11-27 20:34:21.247  INFO 530588 --- [onPool-worker-4] .t.t.s.TourGuideClientRewardsServiceImpl : Service - Distance calculated: 10344.27870805873
2021-11-27 20:34:21.247  INFO 530588 --- [onPool-worker-4] .t.t.s.TourGuideClientRewardsServiceImpl : Service - Distance calculated: 12094.469522676942
2021-11-27 20:34:21.247  INFO 530588 --- [onPool-worker-4] .t.t.s.TourGuideClientRewardsServiceImpl : Service - Distance calculated: 11483.32756840424
2021-11-27 20:34:21.247  INFO 530588 --- [ol-269-thread-1] .t.t.s.TourGuideClientRewardsServiceImpl : Service - Reward added for user: internalUser18
2021-11-27 20:34:21.248  INFO 530588 --- [nPool-worker-12] .t.t.s.TourGuideClientRewardsServiceImpl : Service - Distance calculated: 7401.9942398066305
2021-11-27 20:34:21.248  INFO 530588 --- [nPool-worker-12] .t.t.s.TourGuideClientRewardsServiceImpl : Service - Distance calculated: 7957.127693691371
2021-11-27 20:34:21.248  INFO 530588 --- [nPool-worker-12] .t.t.s.TourGuideClientRewardsServiceImpl : Service - Distance calculated: 7454.575271572347
2021-11-27 20:34:21.248  INFO 530588 --- [nPool-worker-12] .t.t.s.TourGuideClientRewardsServiceImpl : Service - Distance calculated: 7376.114641955328
2021-11-27 20:34:21.248  INFO 530588 --- [nPool-worker-12] .t.t.s.TourGuideClientRewardsServiceImpl : Service - Distance calculated: 7269.5698638001395
2021-11-27 20:34:21.248  INFO 530588 --- [nPool-worker-12] .t.t.s.TourGuideClientRewardsServiceImpl : Service - Distance calculated: 7171.165907196405
2021-11-27 20:34:21.248  INFO 530588 --- [nPool-worker-12] .t.t.s.TourGuideClientRewardsServiceImpl : Service - Distance calculated: 7162.161644284097
2021-11-27 20:34:21.248  INFO 530588 --- [nPool-worker-12] .t.t.s.TourGuideClientRewardsServiceImpl : Service - Distance calculated: 7491.819999732929
2021-11-27 20:34:21.248  INFO 530588 --- [nPool-worker-12] .t.t.s.TourGuideClientRewardsServiceImpl : Service - Distance calculated: 7303.747220900746
2021-11-27 20:34:21.240  INFO 530588 --- [onPool-worker-1] .t.t.s.TourGuideClientRewardsServiceImpl : Service - Distance calculated: 8243.53464426627
2021-11-27 20:34:21.248  INFO 530588 --- [onPool-worker-1] .t.t.s.TourGuideClientRewardsServiceImpl : Service - Distance calculated: 9071.482404722534
2021-11-27 20:34:21.245  INFO 530588 --- [onPool-worker-9] .t.t.s.TourGuideClientRewardsServiceImpl : Service - Distance calculated: 6712.543111599335
2021-11-27 20:34:21.248  INFO 530588 --- [onPool-worker-1] .t.t.s.TourGuideClientRewardsServiceImpl : Service - Distance calculated: 7550.8360048731365
2021-11-27 20:34:21.248  INFO 530588 --- [onPool-worker-1] .t.t.s.TourGuideClientRewardsServiceImpl : Service - Distance calculated: 7729.554159895197
2021-11-27 20:34:21.248  INFO 530588 --- [onPool-worker-9] .t.t.s.TourGuideClientRewardsServiceImpl : Service - Distance calculated: 9682.505259142325
2021-11-27 20:34:21.246  INFO 530588 --- [nPool-worker-13] .t.t.s.TourGuideClientRewardsServiceImpl : Service - Distance calculated: 1992.7911930022951
2021-11-27 20:34:21.248  INFO 530588 --- [onPool-worker-9] .t.t.s.TourGuideClientRewardsServiceImpl : Service - Distance calculated: 9711.597055106597
2021-11-27 20:34:21.248  INFO 530588 --- [onPool-worker-9] .t.t.s.TourGuideClientRewardsServiceImpl : Service - Distance calculated: 9799.087214157307
2021-11-27 20:34:21.248  INFO 530588 --- [nPool-worker-13] .t.t.s.TourGuideClientRewardsServiceImpl : Service - Distance calculated: 1906.7972782801585
2021-11-27 20:34:21.248  INFO 530588 --- [nPool-worker-13] .t.t.s.TourGuideClientRewardsServiceImpl : Service - Distance calculated: 2360.645624935619
2021-11-27 20:34:21.248  INFO 530588 --- [nPool-worker-13] .t.t.s.TourGuideClientRewardsServiceImpl : Service - Distance calculated: 2434.494471527265
2021-11-27 20:34:21.248  INFO 530588 --- [nPool-worker-13] .t.t.s.TourGuideClientRewardsServiceImpl : Service - Distance calculated: 2148.3967563579567
2021-11-27 20:34:21.248  INFO 530588 --- [nPool-worker-13] .t.t.s.TourGuideClientRewardsServiceImpl : Service - Distance calculated: 2282.746325565392
2021-11-27 20:34:21.248  INFO 530588 --- [nPool-worker-13] .t.t.s.TourGuideClientRewardsServiceImpl : Service - Distance calculated: 2289.4339721013357
2021-11-27 20:34:21.248  INFO 530588 --- [nPool-worker-13] .t.t.s.TourGuideClientRewardsServiceImpl : Service - Distance calculated: 1204.372289719331
2021-11-27 20:34:21.248  INFO 530588 --- [nPool-worker-13] .t.t.s.TourGuideClientRewardsServiceImpl : Service - Distance calculated: 1742.5694022642394
2021-11-27 20:34:21.248  INFO 530588 --- [nPool-worker-13] .t.t.s.TourGuideClientRewardsServiceImpl : Service - Distance calculated: 1576.7472428725728
2021-11-27 20:34:21.248  INFO 530588 --- [nPool-worker-13] .t.t.s.TourGuideClientRewardsServiceImpl : Service - Distance calculated: 1921.4807999190489
2021-11-27 20:34:21.248  INFO 530588 --- [nPool-worker-13] .t.t.s.TourGuideClientRewardsServiceImpl : Service - Distance calculated: 1277.6245433336508
2021-11-27 20:34:21.248  INFO 530588 --- [nPool-worker-13] .t.t.s.TourGuideClientRewardsServiceImpl : Service - Distance calculated: 87.03441722159666
2021-11-27 20:34:21.248  INFO 530588 --- [nPool-worker-13] .t.t.s.TourGuideClientRewardsServiceImpl : Service - Distance calculated: 2127.2478407793283
2021-11-27 20:34:21.248  INFO 530588 --- [nPool-worker-13] .t.t.s.TourGuideClientRewardsServiceImpl : Service - Distance calculated: 2578.910516018122
2021-11-27 20:34:21.248  INFO 530588 --- [nPool-worker-13] .t.t.s.TourGuideClientRewardsServiceImpl : Service - Distance calculated: 680.6158831369517
2021-11-27 20:34:21.248  INFO 530588 --- [nPool-worker-13] .t.t.s.TourGuideClientRewardsServiceImpl : Service - Distance calculated: 1344.090272349311
2021-11-27 20:34:21.248  INFO 530588 --- [nPool-worker-13] .t.t.s.TourGuideClientRewardsServiceImpl : Service - Distance calculated: 2440.177336041544
2021-11-27 20:34:21.248  INFO 530588 --- [nPool-worker-13] .t.t.s.TourGuideClientRewardsServiceImpl : Service - Distance calculated: 2168.830527042806
2021-11-27 20:34:21.248  INFO 530588 --- [nPool-worker-13] .t.t.s.TourGuideClientRewardsServiceImpl : Service - Calculate rewards points for user: internalUser48
2021-11-27 20:34:21.246  INFO 530588 --- [nPool-worker-14] .t.t.s.TourGuideClientRewardsServiceImpl : Service - Distance calculated: 3516.89470922671
2021-11-27 20:34:21.248  INFO 530588 --- [nPool-worker-14] .t.t.s.TourGuideClientRewardsServiceImpl : Service - Distance calculated: 4224.712862432749
2021-11-27 20:34:21.248  INFO 530588 --- [nPool-worker-14] .t.t.s.TourGuideClientRewardsServiceImpl : Service - Distance calculated: 3462.214105851414
2021-11-27 20:34:21.248  INFO 530588 --- [nPool-worker-14] .t.t.s.TourGuideClientRewardsServiceImpl : Service - Distance calculated: 4095.0294788042015
2021-11-27 20:34:21.248  INFO 530588 --- [nPool-worker-14] .t.t.s.TourGuideClientRewardsServiceImpl : Service - Distance calculated: 4184.587856098576
2021-11-27 20:34:21.248  INFO 530588 --- [nPool-worker-14] .t.t.s.TourGuideClientRewardsServiceImpl : Service - Distance calculated: 3614.805692506889
2021-11-27 20:34:21.248  INFO 530588 --- [nPool-worker-14] .t.t.s.TourGuideClientRewardsServiceImpl : Service - Distance calculated: 3715.3389632102057
2021-11-27 20:34:21.248  INFO 530588 --- [nPool-worker-14] .t.t.s.TourGuideClientRewardsServiceImpl : Service - Distance calculated: 4217.628553531933
2021-11-27 20:34:21.248  INFO 530588 --- [nPool-worker-14] .t.t.s.TourGuideClientRewardsServiceImpl : Service - Distance calculated: 3161.8941753305126
2021-11-27 20:34:21.249  INFO 530588 --- [nPool-worker-14] .t.t.s.TourGuideClientRewardsServiceImpl : Service - Distance calculated: 3374.9406586030677
2021-11-27 20:34:21.249  INFO 530588 --- [nPool-worker-14] .t.t.s.TourGuideClientRewardsServiceImpl : Service - Distance calculated: 2874.0589993955864
2021-11-27 20:34:21.249  INFO 530588 --- [nPool-worker-14] .t.t.s.TourGuideClientRewardsServiceImpl : Service - Distance calculated: 2952.8193403315154
2021-11-27 20:34:21.249  INFO 530588 --- [nPool-worker-14] .t.t.s.TourGuideClientRewardsServiceImpl : Service - Distance calculated: 3108.5294800623687
2021-11-27 20:34:21.249  INFO 530588 --- [nPool-worker-14] .t.t.s.TourGuideClientRewardsServiceImpl : Service - Distance calculated: 3127.8542720043934
2021-11-27 20:34:21.249  INFO 530588 --- [nPool-worker-14] .t.t.s.TourGuideClientRewardsServiceImpl : Service - Distance calculated: 3970.709140416803
2021-11-27 20:34:21.249  INFO 530588 --- [nPool-worker-14] .t.t.s.TourGuideClientRewardsServiceImpl : Service - Distance calculated: 4081.418473145404
2021-11-27 20:34:21.247  INFO 530588 --- [onPool-worker-4] .t.t.s.TourGuideClientRewardsServiceImpl : Service - Distance calculated: 10512.834524233924
2021-11-27 20:34:21.249  INFO 530588 --- [onPool-worker-4] .t.t.s.TourGuideClientRewardsServiceImpl : Service - Distance calculated: 11085.650819648177
2021-11-27 20:34:21.249  INFO 530588 --- [onPool-worker-4] .t.t.s.TourGuideClientRewardsServiceImpl : Service - Distance calculated: 11595.139897401552
2021-11-27 20:34:21.249  INFO 530588 --- [onPool-worker-4] .t.t.s.TourGuideClientRewardsServiceImpl : Service - Distance calculated: 11495.75912049372
2021-11-27 20:34:21.249  INFO 530588 --- [onPool-worker-4] .t.t.s.TourGuideClientRewardsServiceImpl : Service - Distance calculated: 11553.094052523502
2021-11-27 20:34:21.249  INFO 530588 --- [onPool-worker-4] .t.t.s.TourGuideClientRewardsServiceImpl : Service - Distance calculated: 11514.87075622488
2021-11-27 20:34:21.249  INFO 530588 --- [onPool-worker-4] .t.t.s.TourGuideClientRewardsServiceImpl : Service - Distance calculated: 10447.22013155058
2021-11-27 20:34:21.249  INFO 530588 --- [onPool-worker-4] .t.t.s.TourGuideClientRewardsServiceImpl : Service - Distance calculated: 10419.716149309736
2021-11-27 20:34:21.249  INFO 530588 --- [onPool-worker-4] .t.t.s.TourGuideClientRewardsServiceImpl : Service - Distance calculated: 11178.480822298417
2021-11-27 20:34:21.249  INFO 530588 --- [onPool-worker-4] .t.t.s.TourGuideClientRewardsServiceImpl : Service - Distance calculated: 10018.226903275796
2021-11-27 20:34:21.249  INFO 530588 --- [onPool-worker-4] .t.t.s.TourGuideClientRewardsServiceImpl : Service - Distance calculated: 10033.850400091009
2021-11-27 20:34:21.249  INFO 530588 --- [onPool-worker-4] .t.t.s.TourGuideClientRewardsServiceImpl : Service - Distance calculated: 10849.15337405142
2021-11-27 20:34:21.249  INFO 530588 --- [onPool-worker-4] .t.t.s.TourGuideClientRewardsServiceImpl : Service - Distance calculated: 9620.331217848972
2021-11-27 20:34:21.249  INFO 530588 --- [onPool-worker-4] .t.t.s.TourGuideClientRewardsServiceImpl : Service - Distance calculated: 9870.809575305348
2021-11-27 20:34:21.249  INFO 530588 --- [onPool-worker-4] .t.t.s.TourGuideClientRewardsServiceImpl : Service - Distance calculated: 9723.264399560674
2021-11-27 20:34:21.249  INFO 530588 --- [onPool-worker-4] .t.t.s.TourGuideClientRewardsServiceImpl : Service - Distance calculated: 9492.951594376278
2021-11-27 20:34:21.249  INFO 530588 --- [onPool-worker-4] .t.t.s.TourGuideClientRewardsServiceImpl : Service - Distance calculated: 10512.26434924682
2021-11-27 20:34:21.249  INFO 530588 --- [onPool-worker-4] .t.t.s.TourGuideClientRewardsServiceImpl : Service - Distance calculated: 10097.667882244717
2021-11-27 20:34:21.249  INFO 530588 --- [onPool-worker-4] .t.t.s.TourGuideClientRewardsServiceImpl : Service - Distance calculated: 10188.196233160248
2021-11-27 20:34:21.249  INFO 530588 --- [onPool-worker-4] .t.t.s.TourGuideClientRewardsServiceImpl : Service - Distance calculated: 9994.155235021186
2021-11-27 20:34:21.249  INFO 530588 --- [onPool-worker-4] .t.t.s.TourGuideClientRewardsServiceImpl : Service - Distance calculated: 10455.273270770385
2021-11-27 20:34:21.249  INFO 530588 --- [onPool-worker-4] .t.t.s.TourGuideClientRewardsServiceImpl : Service - Distance calculated: 11510.044965774774
2021-11-27 20:34:21.249  INFO 530588 --- [onPool-worker-4] .t.t.s.TourGuideClientRewardsServiceImpl : Service - Distance calculated: 9655.907690264114
2021-11-27 20:34:21.249  INFO 530588 --- [onPool-worker-4] .t.t.s.TourGuideClientRewardsServiceImpl : Service - Distance calculated: 9517.2569779345
2021-11-27 20:34:21.249  INFO 530588 --- [onPool-worker-4] .t.t.s.TourGuideClientRewardsServiceImpl : Service - Distance calculated: 10994.469567720947
2021-11-27 20:34:21.249  INFO 530588 --- [onPool-worker-4] .t.t.s.TourGuideClientRewardsServiceImpl : Service - Distance calculated: 10611.68189838161
2021-11-27 20:34:21.249  INFO 530588 --- [onPool-worker-4] .t.t.s.TourGuideClientRewardsServiceImpl : Service - Distance calculated: 9617.34677505911
2021-11-27 20:34:21.248  INFO 530588 --- [nPool-worker-12] .t.t.s.TourGuideClientRewardsServiceImpl : Service - Distance calculated: 9694.207841685808
2021-11-27 20:34:21.249  INFO 530588 --- [onPool-worker-4] .t.t.s.TourGuideClientRewardsServiceImpl : Service - Distance calculated: 9625.73048071353
2021-11-27 20:34:21.249  INFO 530588 --- [nPool-worker-12] .t.t.s.TourGuideClientRewardsServiceImpl : Service - Distance calculated: 7535.787468929757
2021-11-27 20:34:21.249  INFO 530588 --- [nPool-worker-12] .t.t.s.TourGuideClientRewardsServiceImpl : Service - Distance calculated: 7482.741881455062
2021-11-27 20:34:21.249  INFO 530588 --- [nPool-worker-12] .t.t.s.TourGuideClientRewardsServiceImpl : Service - Distance calculated: 7409.682719685733
2021-11-27 20:34:21.249  INFO 530588 --- [nPool-worker-12] .t.t.s.TourGuideClientRewardsServiceImpl : Service - Distance calculated: 6585.982630792502
2021-11-27 20:34:21.249  INFO 530588 --- [nPool-worker-12] .t.t.s.TourGuideClientRewardsServiceImpl : Service - Distance calculated: 6918.1388556460515
2021-11-27 20:34:21.249  INFO 530588 --- [nPool-worker-12] .t.t.s.TourGuideClientRewardsServiceImpl : Service - Distance calculated: 7048.433859996281
2021-11-27 20:34:21.249  INFO 530588 --- [nPool-worker-12] .t.t.s.TourGuideClientRewardsServiceImpl : Service - Distance calculated: 6876.894865628335
2021-11-27 20:34:21.249  INFO 530588 --- [nPool-worker-12] .t.t.s.TourGuideClientRewardsServiceImpl : Service - Distance calculated: 7222.148102940574
2021-11-27 20:34:21.249  INFO 530588 --- [nPool-worker-12] .t.t.s.TourGuideClientRewardsServiceImpl : Service - Distance calculated: 6928.505248373272
2021-11-27 20:34:21.249  INFO 530588 --- [nPool-worker-12] .t.t.s.TourGuideClientRewardsServiceImpl : Service - Distance calculated: 7318.168907551354
2021-11-27 20:34:21.249  INFO 530588 --- [nPool-worker-12] .t.t.s.TourGuideClientRewardsServiceImpl : Service - Distance calculated: 6669.784313143602
2021-11-27 20:34:21.249  INFO 530588 --- [nPool-worker-12] .t.t.s.TourGuideClientRewardsServiceImpl : Service - Distance calculated: 7645.47913941343
2021-11-27 20:34:21.249  INFO 530588 --- [nPool-worker-12] .t.t.s.TourGuideClientRewardsServiceImpl : Service - Distance calculated: 7109.08363025421
2021-11-27 20:34:21.249  INFO 530588 --- [nPool-worker-12] .t.t.s.TourGuideClientRewardsServiceImpl : Service - Distance calculated: 7488.855547492833
2021-11-27 20:34:21.249  INFO 530588 --- [nPool-worker-12] .t.t.s.TourGuideClientRewardsServiceImpl : Service - Distance calculated: 7543.525054307726
2021-11-27 20:34:21.249  INFO 530588 --- [nPool-worker-12] .t.t.s.TourGuideClientRewardsServiceImpl : Service - Distance calculated: 6695.1603883626785
2021-11-27 20:34:21.249  INFO 530588 --- [nPool-worker-12] .t.t.s.TourGuideClientRewardsServiceImpl : Service - Distance calculated: 6021.623514964878
2021-11-27 20:34:21.249  INFO 530588 --- [nPool-worker-12] .t.t.s.TourGuideClientRewardsServiceImpl : Service - Distance calculated: 5578.522309455229
2021-11-27 20:34:21.248  INFO 530588 --- [onPool-worker-1] .t.t.s.TourGuideClientRewardsServiceImpl : Service - Distance calculated: 7490.0442636020825
2021-11-27 20:34:21.249  INFO 530588 --- [onPool-worker-1] .t.t.s.TourGuideClientRewardsServiceImpl : Service - Distance calculated: 7135.3189276068615
2021-11-27 20:34:21.249  INFO 530588 --- [onPool-worker-1] .t.t.s.TourGuideClientRewardsServiceImpl : Service - Distance calculated: 7417.8325151805975
2021-11-27 20:34:21.249  INFO 530588 --- [onPool-worker-1] .t.t.s.TourGuideClientRewardsServiceImpl : Service - Distance calculated: 7335.173884657019
2021-11-27 20:34:21.249  INFO 530588 --- [onPool-worker-1] .t.t.s.TourGuideClientRewardsServiceImpl : Service - Distance calculated: 7866.04472806911
2021-11-27 20:34:21.249  INFO 530588 --- [onPool-worker-1] .t.t.s.TourGuideClientRewardsServiceImpl : Service - Distance calculated: 8640.352756498638
2021-11-27 20:34:21.249  INFO 530588 --- [onPool-worker-1] .t.t.s.TourGuideClientRewardsServiceImpl : Service - Distance calculated: 8040.7743115816975
2021-11-27 20:34:21.249  INFO 530588 --- [onPool-worker-1] .t.t.s.TourGuideClientRewardsServiceImpl : Service - Distance calculated: 8325.492346971956
2021-11-27 20:34:21.249  INFO 530588 --- [onPool-worker-1] .t.t.s.TourGuideClientRewardsServiceImpl : Service - Distance calculated: 7765.233918385153
2021-11-27 20:34:21.249  INFO 530588 --- [onPool-worker-1] .t.t.s.TourGuideClientRewardsServiceImpl : Service - Distance calculated: 8562.20103119068
2021-11-27 20:34:21.249  INFO 530588 --- [onPool-worker-1] .t.t.s.TourGuideClientRewardsServiceImpl : Service - Distance calculated: 9228.384894980773
2021-11-27 20:34:21.249  INFO 530588 --- [onPool-worker-1] .t.t.s.TourGuideClientRewardsServiceImpl : Service - Distance calculated: 7960.755779073778
2021-11-27 20:34:21.249  INFO 530588 --- [onPool-worker-1] .t.t.s.TourGuideClientRewardsServiceImpl : Service - Distance calculated: 6954.02569127496
2021-11-27 20:34:21.249  INFO 530588 --- [onPool-worker-1] .t.t.s.TourGuideClientRewardsServiceImpl : Service - Distance calculated: 8933.394349629389
2021-11-27 20:34:21.249  INFO 530588 --- [onPool-worker-1] .t.t.s.TourGuideClientRewardsServiceImpl : Service - Distance calculated: 8108.199961039427
2021-11-27 20:34:21.249  INFO 530588 --- [onPool-worker-2] .t.t.s.TourGuideClientRewardsServiceImpl : Service - Distance calculated: 6933.260703012882
2021-11-27 20:34:21.249  INFO 530588 --- [onPool-worker-2] .t.t.s.TourGuideClientRewardsServiceImpl : Service - Distance calculated: 6165.665605302141
2021-11-27 20:34:21.249  INFO 530588 --- [onPool-worker-2] .t.t.s.TourGuideClientRewardsServiceImpl : Service - Distance calculated: 6778.715373543599
2021-11-27 20:34:21.249  INFO 530588 --- [onPool-worker-2] .t.t.s.TourGuideClientRewardsServiceImpl : Service - Distance calculated: 6861.794742691996
2021-11-27 20:34:21.249  INFO 530588 --- [onPool-worker-2] .t.t.s.TourGuideClientRewardsServiceImpl : Service - Distance calculated: 5855.449411541065
2021-11-27 20:34:21.249  INFO 530588 --- [onPool-worker-2] .t.t.s.TourGuideClientRewardsServiceImpl : Service - Distance calculated: 5932.454214166282
2021-11-27 20:34:21.249  INFO 530588 --- [onPool-worker-2] .t.t.s.TourGuideClientRewardsServiceImpl : Service - Distance calculated: 6772.190988718784
2021-11-27 20:34:21.249  INFO 530588 --- [onPool-worker-2] .t.t.s.TourGuideClientRewardsServiceImpl : Service - Distance calculated: 5241.003498754941
2021-11-27 20:34:21.249  INFO 530588 --- [onPool-worker-2] .t.t.s.TourGuideClientRewardsServiceImpl : Service - Distance calculated: 5424.557678206571
2021-11-27 20:34:21.249  INFO 530588 --- [onPool-worker-2] .t.t.s.TourGuideClientRewardsServiceImpl : Service - Distance calculated: 5782.702655610707
2021-11-27 20:34:21.249  INFO 530588 --- [onPool-worker-2] .t.t.s.TourGuideClientRewardsServiceImpl : Service - Distance calculated: 4833.605983329498
2021-11-27 20:34:21.250  INFO 530588 --- [onPool-worker-2] .t.t.s.TourGuideClientRewardsServiceImpl : Service - Distance calculated: 5111.364658161499
2021-11-27 20:34:21.250  INFO 530588 --- [onPool-worker-2] .t.t.s.TourGuideClientRewardsServiceImpl : Service - Distance calculated: 5035.773362097852
2021-11-27 20:34:21.250  INFO 530588 --- [onPool-worker-2] .t.t.s.TourGuideClientRewardsServiceImpl : Service - Distance calculated: 5638.072438654308
2021-11-27 20:34:21.250  INFO 530588 --- [onPool-worker-2] .t.t.s.TourGuideClientRewardsServiceImpl : Service - Distance calculated: 6330.805376449795
2021-11-27 20:34:21.250  INFO 530588 --- [onPool-worker-2] .t.t.s.TourGuideClientRewardsServiceImpl : Service - Distance calculated: 5742.587536914949
2021-11-27 20:34:21.250  INFO 530588 --- [onPool-worker-2] .t.t.s.TourGuideClientRewardsServiceImpl : Service - Distance calculated: 6029.506284527446
2021-11-27 20:34:21.250  INFO 530588 --- [onPool-worker-2] .t.t.s.TourGuideClientRewardsServiceImpl : Service - Distance calculated: 5464.363571392783
2021-11-27 20:34:21.250  INFO 530588 --- [onPool-worker-2] .t.t.s.TourGuideClientRewardsServiceImpl : Service - Distance calculated: 6254.155423279665
2021-11-27 20:34:21.250  INFO 530588 --- [onPool-worker-2] .t.t.s.TourGuideClientRewardsServiceImpl : Service - Distance calculated: 6968.213559523091
2021-11-27 20:34:21.250  INFO 530588 --- [onPool-worker-2] .t.t.s.TourGuideClientRewardsServiceImpl : Service - Distance calculated: 5711.605393818935
2021-11-27 20:34:21.250  INFO 530588 --- [onPool-worker-2] .t.t.s.TourGuideClientRewardsServiceImpl : Service - Distance calculated: 4650.549562219407
2021-11-27 20:34:21.250  INFO 530588 --- [onPool-worker-2] .t.t.s.TourGuideClientRewardsServiceImpl : Service - Distance calculated: 6624.0533221720425
2021-11-27 20:34:21.250  INFO 530588 --- [onPool-worker-2] .t.t.s.TourGuideClientRewardsServiceImpl : Service - Distance calculated: 5795.56301336226
2021-11-27 20:34:21.250  INFO 530588 --- [onPool-worker-2] .t.t.s.TourGuideClientRewardsServiceImpl : Service - Distance calculated: 4824.534996652798
2021-11-27 20:34:21.250  INFO 530588 --- [onPool-worker-2] .t.t.s.TourGuideClientRewardsServiceImpl : Service - Distance calculated: 5651.277665078728
2021-11-27 20:34:21.250  INFO 530588 --- [onPool-worker-2] .t.t.s.TourGuideClientRewardsServiceImpl : Service - Distance calculated: 9025.21841470984
2021-11-27 20:34:21.250  INFO 530588 --- [onPool-worker-2] .t.t.s.TourGuideClientRewardsServiceImpl : Service - Distance calculated: 9691.506781497606
2021-11-27 20:34:21.250  INFO 530588 --- [onPool-worker-2] .t.t.s.TourGuideClientRewardsServiceImpl : Service - Distance calculated: 9190.12863597925
2021-11-27 20:34:21.250  INFO 530588 --- [onPool-worker-2] .t.t.s.TourGuideClientRewardsServiceImpl : Service - Distance calculated: 9123.249374616078
2021-11-27 20:34:21.250  INFO 530588 --- [onPool-worker-2] .t.t.s.TourGuideClientRewardsServiceImpl : Service - Distance calculated: 10305.153524558706
2021-11-27 20:34:21.250  INFO 530588 --- [onPool-worker-2] .t.t.s.TourGuideClientRewardsServiceImpl : Service - Distance calculated: 10237.263519571025
2021-11-27 20:34:21.250  INFO 530588 --- [onPool-worker-2] .t.t.s.TourGuideClientRewardsServiceImpl : Service - Distance calculated: 9306.9338376158
2021-11-27 20:34:21.250  INFO 530588 --- [onPool-worker-2] .t.t.s.TourGuideClientRewardsServiceImpl : Service - Distance calculated: 10929.835423609702
2021-11-27 20:34:21.250  INFO 530588 --- [onPool-worker-2] .t.t.s.TourGuideClientRewardsServiceImpl : Service - Distance calculated: 10757.379513364982
2021-11-27 20:34:21.250  INFO 530588 --- [onPool-worker-2] .t.t.s.TourGuideClientRewardsServiceImpl : Service - Distance calculated: 8743.555936989043
2021-11-27 20:34:21.250  INFO 530588 --- [onPool-worker-2] .t.t.s.TourGuideClientRewardsServiceImpl : Service - Distance calculated: 11351.272966842307
2021-11-27 20:34:21.250  INFO 530588 --- [onPool-worker-2] .t.t.s.TourGuideClientRewardsServiceImpl : Service - Distance calculated: 11068.088840462813
2021-11-27 20:34:21.250  INFO 530588 --- [onPool-worker-2] .t.t.s.TourGuideClientRewardsServiceImpl : Service - Distance calculated: 11149.714693883998
2021-11-27 20:34:21.250  INFO 530588 --- [onPool-worker-2] .t.t.s.TourGuideClientRewardsServiceImpl : Service - Distance calculated: 10468.415779338888
2021-11-27 20:34:21.250  INFO 530588 --- [onPool-worker-2] .t.t.s.TourGuideClientRewardsServiceImpl : Service - Distance calculated: 9844.621549451836
2021-11-27 20:34:21.250  INFO 530588 --- [onPool-worker-2] .t.t.s.TourGuideClientRewardsServiceImpl : Service - Distance calculated: 10442.87744739758
2021-11-27 20:34:21.250  INFO 530588 --- [onPool-worker-2] .t.t.s.TourGuideClientRewardsServiceImpl : Service - Distance calculated: 10156.01096330237
2021-11-27 20:34:21.250  INFO 530588 --- [onPool-worker-2] .t.t.s.TourGuideClientRewardsServiceImpl : Service - Distance calculated: 10720.600197405485
2021-11-27 20:34:21.250  INFO 530588 --- [onPool-worker-2] .t.t.s.TourGuideClientRewardsServiceImpl : Service - Distance calculated: 9924.030695068517
2021-11-27 20:34:21.250  INFO 530588 --- [onPool-worker-2] .t.t.s.TourGuideClientRewardsServiceImpl : Service - Distance calculated: 9018.89974807202
2021-11-27 20:34:21.250  INFO 530588 --- [onPool-worker-2] .t.t.s.TourGuideClientRewardsServiceImpl : Service - Distance calculated: 10429.868120542698
2021-11-27 20:34:21.250  INFO 530588 --- [onPool-worker-2] .t.t.s.TourGuideClientRewardsServiceImpl : Service - Distance calculated: 11532.945579289566
2021-11-27 20:34:21.250  INFO 530588 --- [onPool-worker-2] .t.t.s.TourGuideClientRewardsServiceImpl : Service - Distance calculated: 9490.783775303242
2021-11-27 20:34:21.250  INFO 530588 --- [onPool-worker-2] .t.t.s.TourGuideClientRewardsServiceImpl : Service - Distance calculated: 10322.456081115115
2021-11-27 20:34:21.250  INFO 530588 --- [onPool-worker-2] .t.t.s.TourGuideClientRewardsServiceImpl : Service - Distance calculated: 11360.209113958263
2021-11-27 20:34:21.250  INFO 530588 --- [onPool-worker-2] .t.t.s.TourGuideClientRewardsServiceImpl : Service - Distance calculated: 10487.380791907939
2021-11-27 20:34:21.248  INFO 530588 --- [onPool-worker-9] .t.t.s.TourGuideClientRewardsServiceImpl : Service - Distance calculated: 10580.862431177537
2021-11-27 20:34:21.250  INFO 530588 --- [onPool-worker-2] .t.t.s.TourGuideClientRewardsServiceImpl : Service - Distance calculated: 7978.939595642839
2021-11-27 20:34:21.250  INFO 530588 --- [onPool-worker-2] .t.t.s.TourGuideClientRewardsServiceImpl : Service - Distance calculated: 8348.030260347523
2021-11-27 20:34:21.249  INFO 530588 --- [nPool-worker-14] .t.t.s.TourGuideClientRewardsServiceImpl : Service - Distance calculated: 3695.966201886458
2021-11-27 20:34:21.250  INFO 530588 --- [onPool-worker-2] .t.t.s.TourGuideClientRewardsServiceImpl : Service - Distance calculated: 7985.228763960861
2021-11-27 20:34:21.250  INFO 530588 --- [onPool-worker-2] .t.t.s.TourGuideClientRewardsServiceImpl : Service - Distance calculated: 7922.388585686155
2021-11-27 20:34:21.250  INFO 530588 --- [nPool-worker-14] .t.t.s.TourGuideClientRewardsServiceImpl : Service - Distance calculated: 3947.8489198964794
2021-11-27 20:34:21.250  INFO 530588 --- [onPool-worker-2] .t.t.s.TourGuideClientRewardsServiceImpl : Service - Distance calculated: 7431.743393955898
2021-11-27 20:34:21.250  INFO 530588 --- [nPool-worker-14] .t.t.s.TourGuideClientRewardsServiceImpl : Service - Distance calculated: 3448.4600684586608
2021-11-27 20:34:21.250  INFO 530588 --- [onPool-worker-2] .t.t.s.TourGuideClientRewardsServiceImpl : Service - Distance calculated: 7346.570111982484
2021-11-27 20:34:21.250  INFO 530588 --- [nPool-worker-14] .t.t.s.TourGuideClientRewardsServiceImpl : Service - Distance calculated: 4033.4466404981335
2021-11-27 20:34:21.249  INFO 530588 --- [onPool-worker-4] .t.t.s.TourGuideClientRewardsServiceImpl : Service - Distance calculated: 5.8950310023474215E-5
2021-11-27 20:34:21.250  INFO 530588 --- [nPool-worker-14] .t.t.s.TourGuideClientRewardsServiceImpl : Service - Distance calculated: 4282.137709399813
2021-11-27 20:34:21.249  INFO 530588 --- [nPool-worker-12] .t.t.s.TourGuideClientRewardsServiceImpl : Service - Distance calculated: 6001.57500873845
2021-11-27 20:34:21.249  INFO 530588 --- [onPool-worker-1] .t.t.s.TourGuideClientRewardsServiceImpl : Service - Distance calculated: 7126.492640087604
2021-11-27 20:34:21.250  INFO 530588 --- [nPool-worker-12] .t.t.s.TourGuideClientRewardsServiceImpl : Service - Distance calculated: 6069.873949247388
2021-11-27 20:34:21.250  INFO 530588 --- [onPool-worker-1] .t.t.s.TourGuideClientRewardsServiceImpl : Service - Distance calculated: 7899.866409694257
2021-11-27 20:34:21.250  INFO 530588 --- [nPool-worker-12] .t.t.s.TourGuideClientRewardsServiceImpl : Service - Distance calculated: 6374.863717352148
2021-11-27 20:34:21.250  INFO 530588 --- [nPool-worker-12] .t.t.s.TourGuideClientRewardsServiceImpl : Service - Distance calculated: 6469.798630838639
2021-11-27 20:34:21.250  INFO 530588 --- [onPool-worker-1] .t.t.s.TourGuideClientRewardsServiceImpl : Service - Distance calculated: 5.8950310023474215E-5
2021-11-27 20:34:21.249  INFO 530588 --- [onPool-worker-8] .t.t.s.TourGuideClientRewardsServiceImpl : Service - Distance calculated: 12282.022788783535
2021-11-27 20:34:21.250  INFO 530588 --- [onPool-worker-9] .t.t.s.TourGuideClientRewardsServiceImpl : Service - Distance calculated: 9842.572205890421
2021-11-27 20:34:21.250  INFO 530588 --- [onPool-worker-8] .t.t.s.TourGuideClientRewardsServiceImpl : Service - Distance calculated: 11674.355012551912
2021-11-27 20:34:21.250  INFO 530588 --- [onPool-worker-9] .t.t.s.TourGuideClientRewardsServiceImpl : Service - Distance calculated: 10015.513358135655
2021-11-27 20:34:21.250  INFO 530588 --- [onPool-worker-8] .t.t.s.TourGuideClientRewardsServiceImpl : Service - Distance calculated: 12181.403065445009
2021-11-27 20:34:21.250  INFO 530588 --- [onPool-worker-9] .t.t.s.TourGuideClientRewardsServiceImpl : Service - Distance calculated: 10078.080397496034
2021-11-27 20:34:21.250  INFO 530588 --- [onPool-worker-2] .t.t.s.TourGuideClientRewardsServiceImpl : Service - Distance calculated: 7638.164966903467
2021-11-27 20:34:21.250  INFO 530588 --- [onPool-worker-2] .t.t.s.TourGuideClientRewardsServiceImpl : Service - Distance calculated: 7462.425555875715
2021-11-27 20:34:21.250  INFO 530588 --- [nPool-worker-14] .t.t.s.TourGuideClientRewardsServiceImpl : Service - Distance calculated: 3940.431176066179
2021-11-27 20:34:21.250  INFO 530588 --- [nPool-worker-12] .t.t.s.TourGuideClientRewardsServiceImpl : Service - Distance calculated: 6332.812393970004
2021-11-27 20:34:21.250  INFO 530588 --- [nPool-worker-14] .t.t.s.TourGuideClientRewardsServiceImpl : Service - Distance calculated: 2798.972682902191
2021-11-27 20:34:21.250  INFO 530588 --- [nPool-worker-12] .t.t.s.TourGuideClientRewardsServiceImpl : Service - Distance calculated: 6199.788621453182
2021-11-27 20:34:21.250  INFO 530588 --- [nPool-worker-12] .t.t.s.TourGuideClientRewardsServiceImpl : Service - Distance calculated: 6381.479499741692
2021-11-27 20:34:21.250  INFO 530588 --- [nPool-worker-12] .t.t.s.TourGuideClientRewardsServiceImpl : Service - Distance calculated: 3661.0253177605587
2021-11-27 20:34:21.250  INFO 530588 --- [nPool-worker-12] .t.t.s.TourGuideClientRewardsServiceImpl : Service - Distance calculated: 6172.1589581300195
2021-11-27 20:34:21.250  INFO 530588 --- [nPool-worker-12] .t.t.s.TourGuideClientRewardsServiceImpl : Service - Distance calculated: 6216.451689442721
2021-11-27 20:34:21.250  INFO 530588 --- [nPool-worker-12] .t.t.s.TourGuideClientRewardsServiceImpl : Service - Distance calculated: 6294.244225518902
2021-11-27 20:34:21.250  INFO 530588 --- [nPool-worker-12] .t.t.s.TourGuideClientRewardsServiceImpl : Service - Distance calculated: 7109.118215242504
2021-11-27 20:34:21.250  INFO 530588 --- [nPool-worker-12] .t.t.s.TourGuideClientRewardsServiceImpl : Service - Distance calculated: 6684.554728675986
2021-11-27 20:34:21.250  INFO 530588 --- [nPool-worker-12] .t.t.s.TourGuideClientRewardsServiceImpl : Service - Distance calculated: 6620.406612567026
2021-11-27 20:34:21.250  INFO 530588 --- [nPool-worker-12] .t.t.s.TourGuideClientRewardsServiceImpl : Service - Distance calculated: 6770.2224970539055
2021-11-27 20:34:21.251  INFO 530588 --- [nPool-worker-12] .t.t.s.TourGuideClientRewardsServiceImpl : Service - Distance calculated: 6463.111372707933
2021-11-27 20:34:21.250  INFO 530588 --- [onPool-worker-8] .t.t.s.TourGuideClientRewardsServiceImpl : Service - Distance calculated: 12184.478835902642
2021-11-27 20:34:21.250  INFO 530588 --- [onPool-worker-9] .t.t.s.TourGuideClientRewardsServiceImpl : Service - Distance calculated: 9916.944646846612
2021-11-27 20:34:21.251  INFO 530588 --- [onPool-worker-8] .t.t.s.TourGuideClientRewardsServiceImpl : Service - Distance calculated: 10909.002318107918
2021-11-27 20:34:21.251  INFO 530588 --- [onPool-worker-8] .t.t.s.TourGuideClientRewardsServiceImpl : Service - Distance calculated: 10911.343607730523
2021-11-27 20:34:21.251  INFO 530588 --- [onPool-worker-8] .t.t.s.TourGuideClientRewardsServiceImpl : Service - Distance calculated: 11832.898924670628
2021-11-27 20:34:21.251  INFO 530588 --- [onPool-worker-8] .t.t.s.TourGuideClientRewardsServiceImpl : Service - Distance calculated: 10366.365995243019
2021-11-27 20:34:21.251  INFO 530588 --- [onPool-worker-8] .t.t.s.TourGuideClientRewardsServiceImpl : Service - Distance calculated: 10439.324135877565
2021-11-27 20:34:21.251  INFO 530588 --- [onPool-worker-8] .t.t.s.TourGuideClientRewardsServiceImpl : Service - Distance calculated: 10202.652054837936
2021-11-27 20:34:21.251  INFO 530588 --- [onPool-worker-8] .t.t.s.TourGuideClientRewardsServiceImpl : Service - Distance calculated: 9929.402947439712
2021-11-27 20:34:21.251  INFO 530588 --- [onPool-worker-8] .t.t.s.TourGuideClientRewardsServiceImpl : Service - Distance calculated: 10210.957660966418
2021-11-27 20:34:21.251  INFO 530588 --- [onPool-worker-8] .t.t.s.TourGuideClientRewardsServiceImpl : Service - Distance calculated: 10073.025098407114
2021-11-27 20:34:21.251  INFO 530588 --- [onPool-worker-8] .t.t.s.TourGuideClientRewardsServiceImpl : Service - Distance calculated: 10023.736699953586
2021-11-27 20:34:21.251  INFO 530588 --- [onPool-worker-8] .t.t.s.TourGuideClientRewardsServiceImpl : Service - Distance calculated: 11101.052106983145
2021-11-27 20:34:21.251  INFO 530588 --- [onPool-worker-8] .t.t.s.TourGuideClientRewardsServiceImpl : Service - Distance calculated: 10584.806187522378
2021-11-27 20:34:21.250  INFO 530588 --- [onPool-worker-2] .t.t.s.TourGuideClientRewardsServiceImpl : Service - Distance calculated: 7314.93990864205
2021-11-27 20:34:21.251  INFO 530588 --- [onPool-worker-8] .t.t.s.TourGuideClientRewardsServiceImpl : Service - Distance calculated: 10736.406875502686
2021-11-27 20:34:21.251  INFO 530588 --- [onPool-worker-8] .t.t.s.TourGuideClientRewardsServiceImpl : Service - Distance calculated: 10419.568637587463
2021-11-27 20:34:21.250  INFO 530588 --- [onPool-worker-4] .t.t.s.TourGuideClientRewardsServiceImpl : Service - Distance calculated: 774.5207212649109
2021-11-27 20:34:21.250  INFO 530588 --- [nPool-worker-14] .t.t.s.TourGuideClientRewardsServiceImpl : Service - Distance calculated: 4149.465431599274
2021-11-27 20:34:21.251  INFO 530588 --- [onPool-worker-4] .t.t.s.TourGuideClientRewardsServiceImpl : Service - Distance calculated: 164.91310606753288
2021-11-27 20:34:21.251  INFO 530588 --- [onPool-worker-1] .t.t.s.TourGuideClientRewardsServiceImpl : Service - Distance calculated: 774.5207212649109
2021-11-27 20:34:21.251  INFO 530588 --- [nPool-worker-14] .t.t.s.TourGuideClientRewardsServiceImpl : Service - Distance calculated: 3453.138509211904
2021-11-27 20:34:21.251  INFO 530588 --- [nPool-worker-12] .t.t.s.TourGuideClientRewardsServiceImpl : Service - Distance calculated: 6685.069379999703
2021-11-27 20:34:21.251  INFO 530588 --- [nPool-worker-14] .t.t.s.TourGuideClientRewardsServiceImpl : Service - Distance calculated: 2943.449082220438
2021-11-27 20:34:21.251  INFO 530588 --- [onPool-worker-1] .t.t.s.TourGuideClientRewardsServiceImpl : Service - Distance calculated: 164.91310606753288
2021-11-27 20:34:21.251  INFO 530588 --- [nPool-worker-12] .t.t.s.TourGuideClientRewardsServiceImpl : Service - Distance calculated: 6108.471530921148
2021-11-27 20:34:21.251  INFO 530588 --- [onPool-worker-9] .t.t.s.TourGuideClientRewardsServiceImpl : Service - Distance calculated: 9881.34548260479
2021-11-27 20:34:21.251  INFO 530588 --- [nPool-worker-12] .t.t.s.TourGuideClientRewardsServiceImpl : Service - Distance calculated: 7017.728687340001
2021-11-27 20:34:21.251  INFO 530588 --- [onPool-worker-8] .t.t.s.TourGuideClientRewardsServiceImpl : Service - Distance calculated: 11030.81951562347
2021-11-27 20:34:21.251  INFO 530588 --- [onPool-worker-8] .t.t.s.TourGuideClientRewardsServiceImpl : Service - Distance calculated: 12197.727284067429
2021-11-27 20:34:21.251  INFO 530588 --- [onPool-worker-8] .t.t.s.TourGuideClientRewardsServiceImpl : Service - Distance calculated: 10186.699803339186
2021-11-27 20:34:21.251  INFO 530588 --- [onPool-worker-8] .t.t.s.TourGuideClientRewardsServiceImpl : Service - Distance calculated: 9791.690504483393
2021-11-27 20:34:21.251  INFO 530588 --- [onPool-worker-8] .t.t.s.TourGuideClientRewardsServiceImpl : Service - Distance calculated: 11619.893691045252
2021-11-27 20:34:21.251  INFO 530588 --- [onPool-worker-8] .t.t.s.TourGuideClientRewardsServiceImpl : Service - Distance calculated: 11012.06129988444
2021-11-27 20:34:21.251  INFO 530588 --- [onPool-worker-8] .t.t.s.TourGuideClientRewardsServiceImpl : Service - Distance calculated: 9924.186047154773
2021-11-27 20:34:21.251  INFO 530588 --- [onPool-worker-8] .t.t.s.TourGuideClientRewardsServiceImpl : Service - Distance calculated: 10147.124154648927
2021-11-27 20:34:21.251  INFO 530588 --- [onPool-worker-8] .t.t.s.TourGuideClientRewardsServiceImpl : Service - Distance calculated: 5577.4025053669875
2021-11-27 20:34:21.251  INFO 530588 --- [onPool-worker-8] .t.t.s.TourGuideClientRewardsServiceImpl : Service - Distance calculated: 5162.549589871482
2021-11-27 20:34:21.251  INFO 530588 --- [onPool-worker-8] .t.t.s.TourGuideClientRewardsServiceImpl : Service - Distance calculated: 5432.500593868408
2021-11-27 20:34:21.251  INFO 530588 --- [onPool-worker-8] .t.t.s.TourGuideClientRewardsServiceImpl : Service - Distance calculated: 5461.586168290749
2021-11-27 20:34:21.251  INFO 530588 --- [onPool-worker-8] .t.t.s.TourGuideClientRewardsServiceImpl : Service - Distance calculated: 4161.278047568149
2021-11-27 20:34:21.251  INFO 530588 --- [onPool-worker-8] .t.t.s.TourGuideClientRewardsServiceImpl : Service - Distance calculated: 4161.090076968675
2021-11-27 20:34:21.251  INFO 530588 --- [onPool-worker-8] .t.t.s.TourGuideClientRewardsServiceImpl : Service - Distance calculated: 5148.908139910954
2021-11-27 20:34:21.251  INFO 530588 --- [onPool-worker-8] .t.t.s.TourGuideClientRewardsServiceImpl : Service - Distance calculated: 3685.112926685232
2021-11-27 20:34:21.251  INFO 530588 --- [onPool-worker-8] .t.t.s.TourGuideClientRewardsServiceImpl : Service - Distance calculated: 3710.147418906484
2021-11-27 20:34:21.251  INFO 530588 --- [onPool-worker-8] .t.t.s.TourGuideClientRewardsServiceImpl : Service - Distance calculated: 6477.796544286064
2021-11-27 20:34:21.251  INFO 530588 --- [onPool-worker-8] .t.t.s.TourGuideClientRewardsServiceImpl : Service - Distance calculated: 3302.762976402058
2021-11-27 20:34:21.251  INFO 530588 --- [onPool-worker-8] .t.t.s.TourGuideClientRewardsServiceImpl : Service - Distance calculated: 3539.1682372469136
2021-11-27 20:34:21.251  INFO 530588 --- [onPool-worker-8] .t.t.s.TourGuideClientRewardsServiceImpl : Service - Distance calculated: 3391.0375398171136
2021-11-27 20:34:21.251  INFO 530588 --- [onPool-worker-8] .t.t.s.TourGuideClientRewardsServiceImpl : Service - Distance calculated: 3313.584586324572
2021-11-27 20:34:21.251  INFO 530588 --- [onPool-worker-8] .t.t.s.TourGuideClientRewardsServiceImpl : Service - Distance calculated: 4401.952382293513
2021-11-27 20:34:21.251  INFO 530588 --- [onPool-worker-8] .t.t.s.TourGuideClientRewardsServiceImpl : Service - Distance calculated: 3835.3168847042934
2021-11-27 20:34:21.252  INFO 530588 --- [onPool-worker-8] .t.t.s.TourGuideClientRewardsServiceImpl : Service - Distance calculated: 4014.420071636664
2021-11-27 20:34:21.252  INFO 530588 --- [onPool-worker-8] .t.t.s.TourGuideClientRewardsServiceImpl : Service - Distance calculated: 3679.4980990552444
2021-11-27 20:34:21.252  INFO 530588 --- [onPool-worker-8] .t.t.s.TourGuideClientRewardsServiceImpl : Service - Distance calculated: 4320.874643739821
2021-11-27 20:34:21.252  INFO 530588 --- [onPool-worker-8] .t.t.s.TourGuideClientRewardsServiceImpl : Service - Distance calculated: 5540.572214378939
2021-11-27 20:34:21.252  INFO 530588 --- [onPool-worker-8] .t.t.s.TourGuideClientRewardsServiceImpl : Service - Distance calculated: 3469.850291468065
2021-11-27 20:34:21.252  INFO 530588 --- [onPool-worker-8] .t.t.s.TourGuideClientRewardsServiceImpl : Service - Distance calculated: 3227.1397904381606
2021-11-27 20:34:21.252  INFO 530588 --- [onPool-worker-8] .t.t.s.TourGuideClientRewardsServiceImpl : Service - Distance calculated: 4920.092874835692
2021-11-27 20:34:21.252  INFO 530588 --- [onPool-worker-8] .t.t.s.TourGuideClientRewardsServiceImpl : Service - Distance calculated: 4292.6364234858265
2021-11-27 20:34:21.252  INFO 530588 --- [onPool-worker-8] .t.t.s.TourGuideClientRewardsServiceImpl : Service - Distance calculated: 3301.0276367572365
2021-11-27 20:34:21.252  INFO 530588 --- [onPool-worker-8] .t.t.s.TourGuideClientRewardsServiceImpl : Service - Distance calculated: 3422.285103751052
2021-11-27 20:34:21.252  INFO 530588 --- [onPool-worker-8] .t.t.s.TourGuideClientRewardsServiceImpl : Service - Distance calculated: 705.2398440797278
2021-11-27 20:34:21.252  INFO 530588 --- [onPool-worker-8] .t.t.s.TourGuideClientRewardsServiceImpl : Service - Distance calculated: 531.1506639116042
2021-11-27 20:34:21.252  INFO 530588 --- [onPool-worker-8] .t.t.s.TourGuideClientRewardsServiceImpl : Service - Distance calculated: 546.4130595142259
2021-11-27 20:34:21.252  INFO 530588 --- [onPool-worker-8] .t.t.s.TourGuideClientRewardsServiceImpl : Service - Distance calculated: 595.8983054196872
2021-11-27 20:34:21.252  INFO 530588 --- [onPool-worker-8] .t.t.s.TourGuideClientRewardsServiceImpl : Service - Distance calculated: 735.0393294765746
2021-11-27 20:34:21.252  INFO 530588 --- [onPool-worker-8] .t.t.s.TourGuideClientRewardsServiceImpl : Service - Distance calculated: 741.0347860192891
2021-11-27 20:34:21.252  INFO 530588 --- [onPool-worker-8] .t.t.s.TourGuideClientRewardsServiceImpl : Service - Distance calculated: 426.778555980568
2021-11-27 20:34:21.252  INFO 530588 --- [onPool-worker-8] .t.t.s.TourGuideClientRewardsServiceImpl : Service - Distance calculated: 1288.2184488043247
2021-11-27 20:34:21.252  INFO 530588 --- [onPool-worker-8] .t.t.s.TourGuideClientRewardsServiceImpl : Service - Distance calculated: 1204.1465800424148
2021-11-27 20:34:21.252  INFO 530588 --- [onPool-worker-8] .t.t.s.TourGuideClientRewardsServiceImpl : Service - Distance calculated: 2525.352508924081
2021-11-27 20:34:21.252  INFO 530588 --- [onPool-worker-8] .t.t.s.TourGuideClientRewardsServiceImpl : Service - Distance calculated: 1731.3313289750731
2021-11-27 20:34:21.252  INFO 530588 --- [onPool-worker-8] .t.t.s.TourGuideClientRewardsServiceImpl : Service - Distance calculated: 1443.762124329574
2021-11-27 20:34:21.252  INFO 530588 --- [onPool-worker-8] .t.t.s.TourGuideClientRewardsServiceImpl : Service - Distance calculated: 1577.5152376669168
2021-11-27 20:34:21.252  INFO 530588 --- [onPool-worker-8] .t.t.s.TourGuideClientRewardsServiceImpl : Service - Distance calculated: 1656.5743663270616
2021-11-27 20:34:21.252  INFO 530588 --- [onPool-worker-8] .t.t.s.TourGuideClientRewardsServiceImpl : Service - Distance calculated: 654.3964358578744
2021-11-27 20:34:21.252  INFO 530588 --- [onPool-worker-8] .t.t.s.TourGuideClientRewardsServiceImpl : Service - Distance calculated: 1068.529385441944
2021-11-27 20:34:21.252  INFO 530588 --- [onPool-worker-8] .t.t.s.TourGuideClientRewardsServiceImpl : Service - Distance calculated: 956.7113573396416
2021-11-27 20:34:21.252  INFO 530588 --- [onPool-worker-8] .t.t.s.TourGuideClientRewardsServiceImpl : Service - Distance calculated: 1223.089161944561
2021-11-27 20:34:21.252  INFO 530588 --- [onPool-worker-8] .t.t.s.TourGuideClientRewardsServiceImpl : Service - Distance calculated: 699.385264975097
2021-11-27 20:34:21.252  INFO 530588 --- [onPool-worker-8] .t.t.s.TourGuideClientRewardsServiceImpl : Service - Distance calculated: 694.7314284286784
2021-11-27 20:34:21.252  INFO 530588 --- [onPool-worker-8] .t.t.s.TourGuideClientRewardsServiceImpl : Service - Distance calculated: 1493.0592514754119
2021-11-27 20:34:21.252  INFO 530588 --- [onPool-worker-8] .t.t.s.TourGuideClientRewardsServiceImpl : Service - Distance calculated: 1879.8405052880244
2021-11-27 20:34:21.252  INFO 530588 --- [onPool-worker-8] .t.t.s.TourGuideClientRewardsServiceImpl : Service - Distance calculated: 351.5289180924094
2021-11-27 20:34:21.252  INFO 530588 --- [onPool-worker-8] .t.t.s.TourGuideClientRewardsServiceImpl : Service - Distance calculated: 639.4065014937303
2021-11-27 20:34:21.252  INFO 530588 --- [onPool-worker-8] .t.t.s.TourGuideClientRewardsServiceImpl : Service - Distance calculated: 1737.238868514066
2021-11-27 20:34:21.252  INFO 530588 --- [onPool-worker-8] .t.t.s.TourGuideClientRewardsServiceImpl : Service - Distance calculated: 1526.3887214305414
2021-11-27 20:34:21.252  INFO 530588 --- [onPool-worker-8] .t.t.s.TourGuideClientRewardsServiceImpl : Service - Distance calculated: 3989.8837310847985
2021-11-27 20:34:21.252  INFO 530588 --- [onPool-worker-8] .t.t.s.TourGuideClientRewardsServiceImpl : Service - Distance calculated: 4714.855958142583
2021-11-27 20:34:21.252  INFO 530588 --- [onPool-worker-8] .t.t.s.TourGuideClientRewardsServiceImpl : Service - Distance calculated: 4153.7468691709955
2021-11-27 20:34:21.252  INFO 530588 --- [onPool-worker-8] .t.t.s.TourGuideClientRewardsServiceImpl : Service - Distance calculated: 4081.511757004351
2021-11-27 20:34:21.252  INFO 530588 --- [onPool-worker-8] .t.t.s.TourGuideClientRewardsServiceImpl : Service - Distance calculated: 5279.714709331691
2021-11-27 20:34:21.252  INFO 530588 --- [onPool-worker-8] .t.t.s.TourGuideClientRewardsServiceImpl : Service - Distance calculated: 5226.323279518725
2021-11-27 20:34:21.252  INFO 530588 --- [onPool-worker-8] .t.t.s.TourGuideClientRewardsServiceImpl : Service - Distance calculated: 4257.31663353041
2021-11-27 20:34:21.252  INFO 530588 --- [onPool-worker-8] .t.t.s.TourGuideClientRewardsServiceImpl : Service - Distance calculated: 5901.388396650688
2021-11-27 20:34:21.252  INFO 530588 --- [onPool-worker-8] .t.t.s.TourGuideClientRewardsServiceImpl : Service - Distance calculated: 5759.437841502958
2021-11-27 20:34:21.252  INFO 530588 --- [onPool-worker-8] .t.t.s.TourGuideClientRewardsServiceImpl : Service - Distance calculated: 4898.29406320454
2021-11-27 20:34:21.252  INFO 530588 --- [onPool-worker-8] .t.t.s.TourGuideClientRewardsServiceImpl : Service - Distance calculated: 6344.858226346816
2021-11-27 20:34:21.252  INFO 530588 --- [onPool-worker-8] .t.t.s.TourGuideClientRewardsServiceImpl : Service - Distance calculated: 6050.89101894651
2021-11-27 20:34:21.252  INFO 530588 --- [onPool-worker-8] .t.t.s.TourGuideClientRewardsServiceImpl : Service - Distance calculated: 6162.260502455101
2021-11-27 20:34:21.252  INFO 530588 --- [onPool-worker-8] .t.t.s.TourGuideClientRewardsServiceImpl : Service - Distance calculated: 5795.097095837304
2021-11-27 20:34:21.252  INFO 530588 --- [onPool-worker-8] .t.t.s.TourGuideClientRewardsServiceImpl : Service - Distance calculated: 4859.577705149325
2021-11-27 20:34:21.252  INFO 530588 --- [onPool-worker-8] .t.t.s.TourGuideClientRewardsServiceImpl : Service - Distance calculated: 5489.5493270159595
2021-11-27 20:34:21.252  INFO 530588 --- [onPool-worker-8] .t.t.s.TourGuideClientRewardsServiceImpl : Service - Distance calculated: 5224.226595883144
2021-11-27 20:34:21.252  INFO 530588 --- [onPool-worker-8] .t.t.s.TourGuideClientRewardsServiceImpl : Service - Distance calculated: 5743.669524847164
2021-11-27 20:34:21.252  INFO 530588 --- [onPool-worker-8] .t.t.s.TourGuideClientRewardsServiceImpl : Service - Distance calculated: 4944.533888988079
2021-11-27 20:34:21.252  INFO 530588 --- [onPool-worker-8] .t.t.s.TourGuideClientRewardsServiceImpl : Service - Distance calculated: 3975.595638710216
2021-11-27 20:34:21.252  INFO 530588 --- [onPool-worker-8] .t.t.s.TourGuideClientRewardsServiceImpl : Service - Distance calculated: 5674.772237521878
2021-11-27 20:34:21.252  INFO 530588 --- [onPool-worker-8] .t.t.s.TourGuideClientRewardsServiceImpl : Service - Distance calculated: 6511.103349051376
2021-11-27 20:34:21.252  INFO 530588 --- [onPool-worker-8] .t.t.s.TourGuideClientRewardsServiceImpl : Service - Distance calculated: 4448.764881309185
2021-11-27 20:34:21.252  INFO 530588 --- [onPool-worker-8] .t.t.s.TourGuideClientRewardsServiceImpl : Service - Distance calculated: 5273.628463247111
2021-11-27 20:34:21.252  INFO 530588 --- [onPool-worker-8] .t.t.s.TourGuideClientRewardsServiceImpl : Service - Distance calculated: 6352.295127143676
2021-11-27 20:34:21.252  INFO 530588 --- [onPool-worker-8] .t.t.s.TourGuideClientRewardsServiceImpl : Service - Distance calculated: 5734.198710357353
2021-11-27 20:34:21.252  INFO 530588 --- [onPool-worker-8] .t.t.s.TourGuideClientRewardsServiceImpl : Service - Distance calculated: 5.8950310023474215E-5
2021-11-27 20:34:21.252  INFO 530588 --- [onPool-worker-8] .t.t.s.TourGuideClientRewardsServiceImpl : Service - Distance calculated: 774.5207212649109
2021-11-27 20:34:21.253  INFO 530588 --- [onPool-worker-8] .t.t.s.TourGuideClientRewardsServiceImpl : Service - Distance calculated: 164.91310606753288
2021-11-27 20:34:21.253  INFO 530588 --- [onPool-worker-8] .t.t.s.TourGuideClientRewardsServiceImpl : Service - Distance calculated: 115.99464245531166
2021-11-27 20:34:21.253  INFO 530588 --- [onPool-worker-8] .t.t.s.TourGuideClientRewardsServiceImpl : Service - Distance calculated: 1428.8577204882306
2021-11-27 20:34:21.253  INFO 530588 --- [onPool-worker-8] .t.t.s.TourGuideClientRewardsServiceImpl : Service - Distance calculated: 1418.571827418631
2021-11-27 20:34:21.253  INFO 530588 --- [onPool-worker-8] .t.t.s.TourGuideClientRewardsServiceImpl : Service - Distance calculated: 460.11990361699293
2021-11-27 20:34:21.253  INFO 530588 --- [onPool-worker-8] .t.t.s.TourGuideClientRewardsServiceImpl : Service - Distance calculated: 1992.7911930022951
2021-11-27 20:34:21.253  INFO 530588 --- [onPool-worker-8] .t.t.s.TourGuideClientRewardsServiceImpl : Service - Distance calculated: 1906.7972782801585
2021-11-27 20:34:21.253  INFO 530588 --- [onPool-worker-8] .t.t.s.TourGuideClientRewardsServiceImpl : Service - Distance calculated: 2360.645624935619
2021-11-27 20:34:21.253  INFO 530588 --- [onPool-worker-8] .t.t.s.TourGuideClientRewardsServiceImpl : Service - Distance calculated: 2434.494471527265
2021-11-27 20:34:21.253  INFO 530588 --- [onPool-worker-8] .t.t.s.TourGuideClientRewardsServiceImpl : Service - Distance calculated: 2148.3967563579567
2021-11-27 20:34:21.253  INFO 530588 --- [onPool-worker-8] .t.t.s.TourGuideClientRewardsServiceImpl : Service - Distance calculated: 2282.746325565392
2021-11-27 20:34:21.253  INFO 530588 --- [onPool-worker-8] .t.t.s.TourGuideClientRewardsServiceImpl : Service - Distance calculated: 2289.4339721013357
2021-11-27 20:34:21.253  INFO 530588 --- [onPool-worker-8] .t.t.s.TourGuideClientRewardsServiceImpl : Service - Distance calculated: 1204.372289719331
2021-11-27 20:34:21.253  INFO 530588 --- [onPool-worker-8] .t.t.s.TourGuideClientRewardsServiceImpl : Service - Distance calculated: 1742.5694022642394
2021-11-27 20:34:21.253  INFO 530588 --- [onPool-worker-8] .t.t.s.TourGuideClientRewardsServiceImpl : Service - Distance calculated: 1576.7472428725728
2021-11-27 20:34:21.253  INFO 530588 --- [onPool-worker-8] .t.t.s.TourGuideClientRewardsServiceImpl : Service - Distance calculated: 1921.4807999190489
2021-11-27 20:34:21.253  INFO 530588 --- [onPool-worker-8] .t.t.s.TourGuideClientRewardsServiceImpl : Service - Distance calculated: 1277.6245433336508
2021-11-27 20:34:21.253  INFO 530588 --- [onPool-worker-8] .t.t.s.TourGuideClientRewardsServiceImpl : Service - Distance calculated: 87.03441722159666
2021-11-27 20:34:21.253  INFO 530588 --- [onPool-worker-8] .t.t.s.TourGuideClientRewardsServiceImpl : Service - Distance calculated: 2127.2478407793283
2021-11-27 20:34:21.253  INFO 530588 --- [onPool-worker-8] .t.t.s.TourGuideClientRewardsServiceImpl : Service - Distance calculated: 2578.910516018122
2021-11-27 20:34:21.253  INFO 530588 --- [onPool-worker-8] .t.t.s.TourGuideClientRewardsServiceImpl : Service - Distance calculated: 680.6158831369517
2021-11-27 20:34:21.253  INFO 530588 --- [onPool-worker-8] .t.t.s.TourGuideClientRewardsServiceImpl : Service - Distance calculated: 1344.090272349311
2021-11-27 20:34:21.253  INFO 530588 --- [onPool-worker-8] .t.t.s.TourGuideClientRewardsServiceImpl : Service - Distance calculated: 2440.177336041544
2021-11-27 20:34:21.253  INFO 530588 --- [onPool-worker-8] .t.t.s.TourGuideClientRewardsServiceImpl : Service - Distance calculated: 2168.830527042806
2021-11-27 20:34:21.253  INFO 530588 --- [onPool-worker-8] .t.t.s.TourGuideClientRewardsServiceImpl : Service - Calculate rewards points for user: internalUser31
2021-11-27 20:34:21.251  INFO 530588 --- [onPool-worker-2] .t.t.s.TourGuideClientRewardsServiceImpl : Service - Distance calculated: 10326.686815786028
2021-11-27 20:34:21.253  INFO 530588 --- [onPool-worker-2] .t.t.s.TourGuideClientRewardsServiceImpl : Service - Distance calculated: 7366.656808108435
2021-11-27 20:34:21.253  INFO 530588 --- [onPool-worker-2] .t.t.s.TourGuideClientRewardsServiceImpl : Service - Distance calculated: 7405.546442128148
2021-11-27 20:34:21.253  INFO 530588 --- [onPool-worker-2] .t.t.s.TourGuideClientRewardsServiceImpl : Service - Distance calculated: 7296.1138073318625
2021-11-27 20:34:21.253  INFO 530588 --- [onPool-worker-2] .t.t.s.TourGuideClientRewardsServiceImpl : Service - Distance calculated: 6571.672913983834
2021-11-27 20:34:21.253  INFO 530588 --- [onPool-worker-2] .t.t.s.TourGuideClientRewardsServiceImpl : Service - Distance calculated: 7197.856409284709
2021-11-27 20:34:21.253  INFO 530588 --- [onPool-worker-2] .t.t.s.TourGuideClientRewardsServiceImpl : Service - Distance calculated: 7137.61475828293
2021-11-27 20:34:21.253  INFO 530588 --- [onPool-worker-2] .t.t.s.TourGuideClientRewardsServiceImpl : Service - Distance calculated: 7043.359836396251
2021-11-27 20:34:21.253  INFO 530588 --- [onPool-worker-2] .t.t.s.TourGuideClientRewardsServiceImpl : Service - Distance calculated: 7236.313345435299
2021-11-27 20:34:21.253  INFO 530588 --- [onPool-worker-2] .t.t.s.TourGuideClientRewardsServiceImpl : Service - Distance calculated: 7182.585417526262
2021-11-27 20:34:21.253  INFO 530588 --- [onPool-worker-2] .t.t.s.TourGuideClientRewardsServiceImpl : Service - Distance calculated: 7891.908907669048
2021-11-27 20:34:21.253  INFO 530588 --- [onPool-worker-2] .t.t.s.TourGuideClientRewardsServiceImpl : Service - Distance calculated: 6693.502007012887
2021-11-27 20:34:21.253  INFO 530588 --- [onPool-worker-2] .t.t.s.TourGuideClientRewardsServiceImpl : Service - Distance calculated: 7425.280538507264
2021-11-27 20:34:21.253  INFO 530588 --- [onPool-worker-2] .t.t.s.TourGuideClientRewardsServiceImpl : Service - Distance calculated: 7523.416209751659
2021-11-27 20:34:21.253  INFO 530588 --- [onPool-worker-2] .t.t.s.TourGuideClientRewardsServiceImpl : Service - Distance calculated: 7661.8596588566525
2021-11-27 20:34:21.254  INFO 530588 --- [onPool-worker-2] .t.t.s.TourGuideClientRewardsServiceImpl : Service - Distance calculated: 7372.148671962122
2021-11-27 20:34:21.254  INFO 530588 --- [onPool-worker-2] .t.t.s.TourGuideClientRewardsServiceImpl : Service - Distance calculated: 6701.228548567388
2021-11-27 20:34:21.254  INFO 530588 --- [onPool-worker-2] .t.t.s.TourGuideClientRewardsServiceImpl : Service - Distance calculated: 4995.7439561468
2021-11-27 20:34:21.254  INFO 530588 --- [onPool-worker-2] .t.t.s.TourGuideClientRewardsServiceImpl : Service - Distance calculated: 4334.521250124001
2021-11-27 20:34:21.254  INFO 530588 --- [onPool-worker-2] .t.t.s.TourGuideClientRewardsServiceImpl : Service - Distance calculated: 4910.4521513477275
2021-11-27 20:34:21.254  INFO 530588 --- [onPool-worker-2] .t.t.s.TourGuideClientRewardsServiceImpl : Service - Distance calculated: 4996.5108700294695
2021-11-27 20:34:21.254  INFO 530588 --- [onPool-worker-2] .t.t.s.TourGuideClientRewardsServiceImpl : Service - Distance calculated: 4825.464921400638
2021-11-27 20:34:21.251  INFO 530588 --- [onPool-worker-4] .t.t.s.TourGuideClientRewardsServiceImpl : Service - Distance calculated: 115.99464245531166
2021-11-27 20:34:21.251  INFO 530588 --- [nPool-worker-14] .t.t.s.TourGuideClientRewardsServiceImpl : Service - Distance calculated: 3897.183505309877
2021-11-27 20:34:21.251  INFO 530588 --- [onPool-worker-1] .t.t.s.TourGuideClientRewardsServiceImpl : Service - Distance calculated: 115.99464245531166
2021-11-27 20:34:21.254  INFO 530588 --- [nPool-worker-14] .t.t.s.TourGuideClientRewardsServiceImpl : Service - Distance calculated: 4531.523891175651
2021-11-27 20:34:21.254  INFO 530588 --- [onPool-worker-1] .t.t.s.TourGuideClientRewardsServiceImpl : Service - Distance calculated: 1428.8577204882306
2021-11-27 20:34:21.254  INFO 530588 --- [nPool-worker-14] .t.t.s.TourGuideClientRewardsServiceImpl : Service - Distance calculated: 5263.807944438394
2021-11-27 20:34:21.254  INFO 530588 --- [onPool-worker-1] .t.t.s.TourGuideClientRewardsServiceImpl : Service - Distance calculated: 1418.571827418631
2021-11-27 20:34:21.254  INFO 530588 --- [nPool-worker-14] .t.t.s.TourGuideClientRewardsServiceImpl : Service - Distance calculated: 4694.640897041259
2021-11-27 20:34:21.254  INFO 530588 --- [onPool-worker-1] .t.t.s.TourGuideClientRewardsServiceImpl : Service - Distance calculated: 460.11990361699293
2021-11-27 20:34:21.254  INFO 530588 --- [nPool-worker-14] .t.t.s.TourGuideClientRewardsServiceImpl : Service - Distance calculated: 4620.523606592074
2021-11-27 20:34:21.254  INFO 530588 --- [onPool-worker-1] .t.t.s.TourGuideClientRewardsServiceImpl : Service - Distance calculated: 1992.7911930022951
2021-11-27 20:34:21.254  INFO 530588 --- [nPool-worker-14] .t.t.s.TourGuideClientRewardsServiceImpl : Service - Distance calculated: 5792.405666629762
2021-11-27 20:34:21.254  INFO 530588 --- [onPool-worker-1] .t.t.s.TourGuideClientRewardsServiceImpl : Service - Distance calculated: 1906.7972782801585
2021-11-27 20:34:21.251  INFO 530588 --- [onPool-worker-9] .t.t.s.TourGuideClientRewardsServiceImpl : Service - Distance calculated: 8831.775741137588
2021-11-27 20:34:21.254  INFO 530588 --- [onPool-worker-1] .t.t.s.TourGuideClientRewardsServiceImpl : Service - Distance calculated: 2360.645624935619
2021-11-27 20:34:21.254  INFO 530588 --- [onPool-worker-9] .t.t.s.TourGuideClientRewardsServiceImpl : Service - Distance calculated: 10463.18778854229
2021-11-27 20:34:21.254  INFO 530588 --- [onPool-worker-9] .t.t.s.TourGuideClientRewardsServiceImpl : Service - Distance calculated: 9572.255821972754
2021-11-27 20:34:21.254  INFO 530588 --- [onPool-worker-9] .t.t.s.TourGuideClientRewardsServiceImpl : Service - Distance calculated: 9392.150119853337
2021-11-27 20:34:21.254  INFO 530588 --- [onPool-worker-9] .t.t.s.TourGuideClientRewardsServiceImpl : Service - Distance calculated: 9476.67155634341
2021-11-27 20:34:21.254  INFO 530588 --- [onPool-worker-9] .t.t.s.TourGuideClientRewardsServiceImpl : Service - Distance calculated: 9674.91518226044
2021-11-27 20:34:21.254  INFO 530588 --- [onPool-worker-9] .t.t.s.TourGuideClientRewardsServiceImpl : Service - Distance calculated: 10454.036113250828
2021-11-27 20:34:21.254  INFO 530588 --- [onPool-worker-9] .t.t.s.TourGuideClientRewardsServiceImpl : Service - Distance calculated: 3672.474341645108
2021-11-27 20:34:21.254  INFO 530588 --- [onPool-worker-9] .t.t.s.TourGuideClientRewardsServiceImpl : Service - Distance calculated: 3726.012129940138
2021-11-27 20:34:21.254  INFO 530588 --- [onPool-worker-9] .t.t.s.TourGuideClientRewardsServiceImpl : Service - Distance calculated: 3751.9729864319584
2021-11-27 20:34:21.254  INFO 530588 --- [onPool-worker-9] .t.t.s.TourGuideClientRewardsServiceImpl : Service - Distance calculated: 3772.873648357378
2021-11-27 20:34:21.254  INFO 530588 --- [onPool-worker-9] .t.t.s.TourGuideClientRewardsServiceImpl : Service - Distance calculated: 4815.140667502015
2021-11-27 20:34:21.254  INFO 530588 --- [onPool-worker-9] .t.t.s.TourGuideClientRewardsServiceImpl : Service - Distance calculated: 4860.6510743119015
2021-11-27 20:34:21.254  INFO 530588 --- [onPool-worker-9] .t.t.s.TourGuideClientRewardsServiceImpl : Service - Distance calculated: 4122.657637502742
2021-11-27 20:34:21.254  INFO 530588 --- [onPool-worker-9] .t.t.s.TourGuideClientRewardsServiceImpl : Service - Distance calculated: 5100.652779043882
2021-11-27 20:34:21.254  INFO 530588 --- [onPool-worker-9] .t.t.s.TourGuideClientRewardsServiceImpl : Service - Distance calculated: 5152.175381968036
2021-11-27 20:34:21.254  INFO 530588 --- [onPool-worker-9] .t.t.s.TourGuideClientRewardsServiceImpl : Service - Distance calculated: 2101.139400216393
2021-11-27 20:34:21.254  INFO 530588 --- [onPool-worker-9] .t.t.s.TourGuideClientRewardsServiceImpl : Service - Distance calculated: 5398.064909853573
2021-11-27 20:34:21.254  INFO 530588 --- [onPool-worker-9] .t.t.s.TourGuideClientRewardsServiceImpl : Service - Distance calculated: 5221.712050824571
2021-11-27 20:34:21.254  INFO 530588 --- [onPool-worker-9] .t.t.s.TourGuideClientRewardsServiceImpl : Service - Distance calculated: 5366.410521149667
2021-11-27 20:34:21.254  INFO 530588 --- [onPool-worker-9] .t.t.s.TourGuideClientRewardsServiceImpl : Service - Distance calculated: 5787.389148542973
2021-11-27 20:34:21.254  INFO 530588 --- [onPool-worker-9] .t.t.s.TourGuideClientRewardsServiceImpl : Service - Distance calculated: 4806.8601589489035
2021-11-27 20:34:21.254  INFO 530588 --- [onPool-worker-9] .t.t.s.TourGuideClientRewardsServiceImpl : Service - Distance calculated: 5166.917791404936
2021-11-27 20:34:21.254  INFO 530588 --- [onPool-worker-9] .t.t.s.TourGuideClientRewardsServiceImpl : Service - Distance calculated: 5116.3846451272475
2021-11-27 20:34:21.254  INFO 530588 --- [onPool-worker-9] .t.t.s.TourGuideClientRewardsServiceImpl : Service - Distance calculated: 5209.710964013951
2021-11-27 20:34:21.254  INFO 530588 --- [onPool-worker-9] .t.t.s.TourGuideClientRewardsServiceImpl : Service - Distance calculated: 4861.450488635329
2021-11-27 20:34:21.254  INFO 530588 --- [onPool-worker-9] .t.t.s.TourGuideClientRewardsServiceImpl : Service - Distance calculated: 3747.0018022691725
2021-11-27 20:34:21.254  INFO 530588 --- [onPool-worker-9] .t.t.s.TourGuideClientRewardsServiceImpl : Service - Distance calculated: 5628.083758180428
2021-11-27 20:34:21.254  INFO 530588 --- [onPool-worker-9] .t.t.s.TourGuideClientRewardsServiceImpl : Service - Distance calculated: 5431.3568944431
2021-11-27 20:34:21.254  INFO 530588 --- [onPool-worker-9] .t.t.s.TourGuideClientRewardsServiceImpl : Service - Distance calculated: 4320.646354710292
2021-11-27 20:34:21.254  INFO 530588 --- [onPool-worker-9] .t.t.s.TourGuideClientRewardsServiceImpl : Service - Distance calculated: 4617.177413234684
2021-11-27 20:34:21.254  INFO 530588 --- [onPool-worker-9] .t.t.s.TourGuideClientRewardsServiceImpl : Service - Distance calculated: 5397.218604043625
2021-11-27 20:34:21.254  INFO 530588 --- [onPool-worker-9] .t.t.s.TourGuideClientRewardsServiceImpl : Service - Distance calculated: 5650.334500249661
2021-11-27 20:34:21.254  INFO 530588 --- [onPool-worker-9] .t.t.s.TourGuideClientRewardsServiceImpl : Service - Distance calculated: 3563.733764180315
2021-11-27 20:34:21.254  INFO 530588 --- [onPool-worker-9] .t.t.s.TourGuideClientRewardsServiceImpl : Service - Distance calculated: 3000.247298745739
2021-11-27 20:34:21.254  INFO 530588 --- [onPool-worker-9] .t.t.s.TourGuideClientRewardsServiceImpl : Service - Distance calculated: 3504.9653349842324
2021-11-27 20:34:21.254  INFO 530588 --- [onPool-worker-9] .t.t.s.TourGuideClientRewardsServiceImpl : Service - Distance calculated: 3584.816445712766
2021-11-27 20:34:21.254  INFO 530588 --- [onPool-worker-9] .t.t.s.TourGuideClientRewardsServiceImpl : Service - Distance calculated: 3747.87224536387
2021-11-27 20:34:21.254  INFO 530588 --- [onPool-worker-9] .t.t.s.TourGuideClientRewardsServiceImpl : Service - Distance calculated: 3842.3361632739675
2021-11-27 20:34:21.254  INFO 530588 --- [onPool-worker-9] .t.t.s.TourGuideClientRewardsServiceImpl : Service - Distance calculated: 3793.677772126395
2021-11-27 20:34:21.254  INFO 530588 --- [onPool-worker-9] .t.t.s.TourGuideClientRewardsServiceImpl : Service - Distance calculated: 3618.1719090559586
2021-11-27 20:34:21.254  INFO 530588 --- [onPool-worker-9] .t.t.s.TourGuideClientRewardsServiceImpl : Service - Distance calculated: 3784.9177674581597
2021-11-27 20:34:21.254  INFO 530588 --- [onPool-worker-9] .t.t.s.TourGuideClientRewardsServiceImpl : Service - Distance calculated: 1373.9931846998434
2021-11-27 20:34:21.254  INFO 530588 --- [onPool-worker-9] .t.t.s.TourGuideClientRewardsServiceImpl : Service - Distance calculated: 3669.256041531166
2021-11-27 20:34:21.254  INFO 530588 --- [onPool-worker-9] .t.t.s.TourGuideClientRewardsServiceImpl : Service - Distance calculated: 3657.5701146440047
2021-11-27 20:34:21.254  INFO 530588 --- [onPool-worker-9] .t.t.s.TourGuideClientRewardsServiceImpl : Service - Distance calculated: 3756.084221549691
2021-11-27 20:34:21.254  INFO 530588 --- [onPool-worker-9] .t.t.s.TourGuideClientRewardsServiceImpl : Service - Distance calculated: 4525.569816750162
2021-11-27 20:34:21.254  INFO 530588 --- [onPool-worker-9] .t.t.s.TourGuideClientRewardsServiceImpl : Service - Distance calculated: 4064.763554094762
2021-11-27 20:34:21.254  INFO 530588 --- [onPool-worker-9] .t.t.s.TourGuideClientRewardsServiceImpl : Service - Distance calculated: 4003.1087941226087
2021-11-27 20:34:21.254  INFO 530588 --- [onPool-worker-9] .t.t.s.TourGuideClientRewardsServiceImpl : Service - Distance calculated: 4143.280852836492
2021-11-27 20:34:21.254  INFO 530588 --- [onPool-worker-9] .t.t.s.TourGuideClientRewardsServiceImpl : Service - Distance calculated: 3865.851560099565
2021-11-27 20:34:21.254  INFO 530588 --- [onPool-worker-9] .t.t.s.TourGuideClientRewardsServiceImpl : Service - Distance calculated: 4061.3448891716407
2021-11-27 20:34:21.254  INFO 530588 --- [onPool-worker-9] .t.t.s.TourGuideClientRewardsServiceImpl : Service - Distance calculated: 3646.355053229217
2021-11-27 20:34:21.254  INFO 530588 --- [onPool-worker-9] .t.t.s.TourGuideClientRewardsServiceImpl : Service - Distance calculated: 4419.460719046664
2021-11-27 20:34:21.254  INFO 530588 --- [onPool-worker-9] .t.t.s.TourGuideClientRewardsServiceImpl : Service - Distance calculated: 3599.1108818033367
2021-11-27 20:34:21.254  INFO 530588 --- [onPool-worker-9] .t.t.s.TourGuideClientRewardsServiceImpl : Service - Distance calculated: 3849.2794601774212
2021-11-27 20:34:21.254  INFO 530588 --- [onPool-worker-9] .t.t.s.TourGuideClientRewardsServiceImpl : Service - Distance calculated: 3521.9140799987517
2021-11-27 20:34:21.254  INFO 530588 --- [onPool-worker-9] .t.t.s.TourGuideClientRewardsServiceImpl : Service - Distance calculated: 3663.1620753994307
2021-11-27 20:34:21.254  INFO 530588 --- [onPool-worker-9] .t.t.s.TourGuideClientRewardsServiceImpl : Service - Distance calculated: 4403.5267622351075
2021-11-27 20:34:21.254  INFO 530588 --- [onPool-worker-9] .t.t.s.TourGuideClientRewardsServiceImpl : Service - Distance calculated: 11541.891904662449
2021-11-27 20:34:21.254  INFO 530588 --- [onPool-worker-9] .t.t.s.TourGuideClientRewardsServiceImpl : Service - Distance calculated: 11149.304241417916
2021-11-27 20:34:21.254  INFO 530588 --- [onPool-worker-9] .t.t.s.TourGuideClientRewardsServiceImpl : Service - Distance calculated: 11576.604476923567
2021-11-27 20:34:21.254  INFO 530588 --- [onPool-worker-9] .t.t.s.TourGuideClientRewardsServiceImpl : Service - Distance calculated: 11625.7671974704
2021-11-27 20:34:21.254  INFO 530588 --- [onPool-worker-9] .t.t.s.TourGuideClientRewardsServiceImpl : Service - Distance calculated: 11319.561535963552
2021-11-27 20:34:21.254  INFO 530588 --- [onPool-worker-9] .t.t.s.TourGuideClientRewardsServiceImpl : Service - Distance calculated: 11391.701035532871
2021-11-27 20:34:21.254  INFO 530588 --- [onPool-worker-9] .t.t.s.TourGuideClientRewardsServiceImpl : Service - Distance calculated: 11931.623569868829
2021-11-27 20:34:21.254  INFO 530588 --- [onPool-worker-9] .t.t.s.TourGuideClientRewardsServiceImpl : Service - Distance calculated: 10698.596400882363
2021-11-27 20:34:21.254  INFO 530588 --- [onPool-worker-9] .t.t.s.TourGuideClientRewardsServiceImpl : Service - Distance calculated: 10865.89900677095
2021-11-27 20:34:21.254  INFO 530588 --- [onPool-worker-9] .t.t.s.TourGuideClientRewardsServiceImpl : Service - Distance calculated: 9243.536309043462
2021-11-27 20:34:21.254  INFO 530588 --- [onPool-worker-9] .t.t.s.TourGuideClientRewardsServiceImpl : Service - Distance calculated: 10270.738163576723
2021-11-27 20:34:21.254  INFO 530588 --- [onPool-worker-9] .t.t.s.TourGuideClientRewardsServiceImpl : Service - Distance calculated: 10559.925253897292
2021-11-27 20:34:21.254  INFO 530588 --- [onPool-worker-9] .t.t.s.TourGuideClientRewardsServiceImpl : Service - Distance calculated: 10463.944342022369
2021-11-27 20:34:21.255  INFO 530588 --- [onPool-worker-9] .t.t.s.TourGuideClientRewardsServiceImpl : Service - Distance calculated: 10773.873257142173
2021-11-27 20:34:21.255  INFO 530588 --- [onPool-worker-9] .t.t.s.TourGuideClientRewardsServiceImpl : Service - Distance calculated: 11778.755949054512
2021-11-27 20:34:21.255  INFO 530588 --- [onPool-worker-9] .t.t.s.TourGuideClientRewardsServiceImpl : Service - Distance calculated: 11151.277315076326
2021-11-27 20:34:21.255  INFO 530588 --- [onPool-worker-9] .t.t.s.TourGuideClientRewardsServiceImpl : Service - Distance calculated: 11414.50196452931
2021-11-27 20:34:21.255  INFO 530588 --- [onPool-worker-9] .t.t.s.TourGuideClientRewardsServiceImpl : Service - Distance calculated: 10890.623961726114
2021-11-27 20:34:21.255  INFO 530588 --- [onPool-worker-9] .t.t.s.TourGuideClientRewardsServiceImpl : Service - Distance calculated: 11695.05668012858
2021-11-27 20:34:21.255  INFO 530588 --- [onPool-worker-9] .t.t.s.TourGuideClientRewardsServiceImpl : Service - Distance calculated: 11622.774066427053
2021-11-27 20:34:21.255  INFO 530588 --- [onPool-worker-9] .t.t.s.TourGuideClientRewardsServiceImpl : Service - Distance calculated: 10918.741267013249
2021-11-27 20:34:21.255  INFO 530588 --- [onPool-worker-9] .t.t.s.TourGuideClientRewardsServiceImpl : Service - Distance calculated: 10093.809238006761
2021-11-27 20:34:21.255  INFO 530588 --- [onPool-worker-9] .t.t.s.TourGuideClientRewardsServiceImpl : Service - Distance calculated: 11984.721445714986
2021-11-27 20:34:21.255  INFO 530588 --- [onPool-worker-9] .t.t.s.TourGuideClientRewardsServiceImpl : Service - Distance calculated: 11246.308311497933
2021-11-27 20:34:21.255  INFO 530588 --- [onPool-worker-9] .t.t.s.TourGuideClientRewardsServiceImpl : Service - Distance calculated: 10262.426543607131
2021-11-27 20:34:21.255  INFO 530588 --- [onPool-worker-9] .t.t.s.TourGuideClientRewardsServiceImpl : Service - Distance calculated: 10863.941492614053
2021-11-27 20:34:21.255  INFO 530588 --- [onPool-worker-9] .t.t.s.TourGuideClientRewardsServiceImpl : Service - Distance calculated: 5.8950310023474215E-5
2021-11-27 20:34:21.255  INFO 530588 --- [onPool-worker-9] .t.t.s.TourGuideClientRewardsServiceImpl : Service - Distance calculated: 774.5207212649109
2021-11-27 20:34:21.255  INFO 530588 --- [onPool-worker-9] .t.t.s.TourGuideClientRewardsServiceImpl : Service - Distance calculated: 164.91310606753288
2021-11-27 20:34:21.255  INFO 530588 --- [onPool-worker-9] .t.t.s.TourGuideClientRewardsServiceImpl : Service - Distance calculated: 115.99464245531166
2021-11-27 20:34:21.255  INFO 530588 --- [onPool-worker-9] .t.t.s.TourGuideClientRewardsServiceImpl : Service - Distance calculated: 1428.8577204882306
2021-11-27 20:34:21.255  INFO 530588 --- [onPool-worker-9] .t.t.s.TourGuideClientRewardsServiceImpl : Service - Distance calculated: 1418.571827418631
2021-11-27 20:34:21.255  INFO 530588 --- [onPool-worker-9] .t.t.s.TourGuideClientRewardsServiceImpl : Service - Distance calculated: 460.11990361699293
2021-11-27 20:34:21.255  INFO 530588 --- [onPool-worker-9] .t.t.s.TourGuideClientRewardsServiceImpl : Service - Distance calculated: 1992.7911930022951
2021-11-27 20:34:21.255  INFO 530588 --- [onPool-worker-9] .t.t.s.TourGuideClientRewardsServiceImpl : Service - Distance calculated: 1906.7972782801585
2021-11-27 20:34:21.255  INFO 530588 --- [onPool-worker-9] .t.t.s.TourGuideClientRewardsServiceImpl : Service - Distance calculated: 2360.645624935619
2021-11-27 20:34:21.255  INFO 530588 --- [onPool-worker-9] .t.t.s.TourGuideClientRewardsServiceImpl : Service - Distance calculated: 2434.494471527265
2021-11-27 20:34:21.255  INFO 530588 --- [onPool-worker-9] .t.t.s.TourGuideClientRewardsServiceImpl : Service - Distance calculated: 2148.3967563579567
2021-11-27 20:34:21.255  INFO 530588 --- [onPool-worker-9] .t.t.s.TourGuideClientRewardsServiceImpl : Service - Distance calculated: 2282.746325565392
2021-11-27 20:34:21.255  INFO 530588 --- [onPool-worker-9] .t.t.s.TourGuideClientRewardsServiceImpl : Service - Distance calculated: 2289.4339721013357
2021-11-27 20:34:21.255  INFO 530588 --- [onPool-worker-9] .t.t.s.TourGuideClientRewardsServiceImpl : Service - Distance calculated: 1204.372289719331
2021-11-27 20:34:21.255  INFO 530588 --- [onPool-worker-9] .t.t.s.TourGuideClientRewardsServiceImpl : Service - Distance calculated: 1742.5694022642394
2021-11-27 20:34:21.255  INFO 530588 --- [onPool-worker-9] .t.t.s.TourGuideClientRewardsServiceImpl : Service - Distance calculated: 1576.7472428725728
2021-11-27 20:34:21.255  INFO 530588 --- [onPool-worker-9] .t.t.s.TourGuideClientRewardsServiceImpl : Service - Distance calculated: 1921.4807999190489
2021-11-27 20:34:21.255  INFO 530588 --- [onPool-worker-9] .t.t.s.TourGuideClientRewardsServiceImpl : Service - Distance calculated: 1277.6245433336508
2021-11-27 20:34:21.255  INFO 530588 --- [onPool-worker-9] .t.t.s.TourGuideClientRewardsServiceImpl : Service - Distance calculated: 87.03441722159666
2021-11-27 20:34:21.255  INFO 530588 --- [onPool-worker-9] .t.t.s.TourGuideClientRewardsServiceImpl : Service - Distance calculated: 2127.2478407793283
2021-11-27 20:34:21.255  INFO 530588 --- [onPool-worker-9] .t.t.s.TourGuideClientRewardsServiceImpl : Service - Distance calculated: 2578.910516018122
2021-11-27 20:34:21.255  INFO 530588 --- [onPool-worker-9] .t.t.s.TourGuideClientRewardsServiceImpl : Service - Distance calculated: 680.6158831369517
2021-11-27 20:34:21.255  INFO 530588 --- [onPool-worker-9] .t.t.s.TourGuideClientRewardsServiceImpl : Service - Distance calculated: 1344.090272349311
2021-11-27 20:34:21.255  INFO 530588 --- [onPool-worker-9] .t.t.s.TourGuideClientRewardsServiceImpl : Service - Distance calculated: 2440.177336041544
2021-11-27 20:34:21.255  INFO 530588 --- [onPool-worker-9] .t.t.s.TourGuideClientRewardsServiceImpl : Service - Distance calculated: 2168.830527042806
2021-11-27 20:34:21.255  INFO 530588 --- [onPool-worker-9] .t.t.s.TourGuideClientRewardsServiceImpl : Service - Calculate rewards points for user: internalUser32
2021-11-27 20:34:21.251  INFO 530588 --- [nPool-worker-12] .t.t.s.TourGuideClientRewardsServiceImpl : Service - Distance calculated: 6064.1970546090115
2021-11-27 20:34:21.254  INFO 530588 --- [onPool-worker-2] .t.t.s.TourGuideClientRewardsServiceImpl : Service - Distance calculated: 4927.498202765491
2021-11-27 20:34:21.255  INFO 530588 --- [onPool-worker-2] .t.t.s.TourGuideClientRewardsServiceImpl : Service - Distance calculated: 5145.752156354599
2021-11-27 20:34:21.255  INFO 530588 --- [onPool-worker-2] .t.t.s.TourGuideClientRewardsServiceImpl : Service - Distance calculated: 4493.813744280663
2021-11-27 20:34:21.255  INFO 530588 --- [onPool-worker-2] .t.t.s.TourGuideClientRewardsServiceImpl : Service - Distance calculated: 4697.615086335187
2021-11-27 20:34:21.255  INFO 530588 --- [onPool-worker-2] .t.t.s.TourGuideClientRewardsServiceImpl : Service - Distance calculated: 2921.0385558962685
2021-11-27 20:34:21.255  INFO 530588 --- [onPool-worker-2] .t.t.s.TourGuideClientRewardsServiceImpl : Service - Distance calculated: 4369.765251038701
2021-11-27 20:34:21.255  INFO 530588 --- [onPool-worker-2] .t.t.s.TourGuideClientRewardsServiceImpl : Service - Distance calculated: 4473.807818923169
2021-11-27 20:34:21.255  INFO 530588 --- [onPool-worker-2] .t.t.s.TourGuideClientRewardsServiceImpl : Service - Distance calculated: 4522.26365525709
2021-11-27 20:34:21.255  INFO 530588 --- [onPool-worker-2] .t.t.s.TourGuideClientRewardsServiceImpl : Service - Distance calculated: 5368.6441651238965
2021-11-27 20:34:21.255  INFO 530588 --- [onPool-worker-2] .t.t.s.TourGuideClientRewardsServiceImpl : Service - Distance calculated: 5237.260111005701
2021-11-27 20:34:21.255  INFO 530588 --- [onPool-worker-2] .t.t.s.TourGuideClientRewardsServiceImpl : Service - Distance calculated: 4989.050687366284
2021-11-27 20:34:21.255  INFO 530588 --- [onPool-worker-2] .t.t.s.TourGuideClientRewardsServiceImpl : Service - Distance calculated: 5201.480398452445
2021-11-27 20:34:21.256  INFO 530588 --- [onPool-worker-2] .t.t.s.TourGuideClientRewardsServiceImpl : Service - Distance calculated: 4777.191070252821
2021-11-27 20:34:21.256  INFO 530588 --- [onPool-worker-2] .t.t.s.TourGuideClientRewardsServiceImpl : Service - Distance calculated: 5210.082535118904
2021-11-27 20:34:21.256  INFO 530588 --- [onPool-worker-2] .t.t.s.TourGuideClientRewardsServiceImpl : Service - Distance calculated: 5072.523200875459
2021-11-27 20:34:21.256  INFO 530588 --- [onPool-worker-2] .t.t.s.TourGuideClientRewardsServiceImpl : Service - Distance calculated: 5310.688560098102
2021-11-27 20:34:21.256  INFO 530588 --- [onPool-worker-2] .t.t.s.TourGuideClientRewardsServiceImpl : Service - Distance calculated: 4235.984312685612
2021-11-27 20:34:21.256  INFO 530588 --- [onPool-worker-2] .t.t.s.TourGuideClientRewardsServiceImpl : Service - Distance calculated: 5150.720221668219
2021-11-27 20:34:21.256  INFO 530588 --- [onPool-worker-2] .t.t.s.TourGuideClientRewardsServiceImpl : Service - Distance calculated: 4624.801580679863
2021-11-27 20:34:21.256  INFO 530588 --- [onPool-worker-2] .t.t.s.TourGuideClientRewardsServiceImpl : Service - Distance calculated: 4361.0845502388365
2021-11-27 20:34:21.256  INFO 530588 --- [onPool-worker-2] .t.t.s.TourGuideClientRewardsServiceImpl : Service - Distance calculated: 5275.941914794984
2021-11-27 20:34:21.256  INFO 530588 --- [onPool-worker-2] .t.t.s.TourGuideClientRewardsServiceImpl : Service - Distance calculated: 5.8950310023474215E-5
2021-11-27 20:34:21.256  INFO 530588 --- [onPool-worker-2] .t.t.s.TourGuideClientRewardsServiceImpl : Service - Distance calculated: 774.5207212649109
2021-11-27 20:34:21.256  INFO 530588 --- [onPool-worker-2] .t.t.s.TourGuideClientRewardsServiceImpl : Service - Distance calculated: 164.91310606753288
2021-11-27 20:34:21.256  INFO 530588 --- [onPool-worker-2] .t.t.s.TourGuideClientRewardsServiceImpl : Service - Distance calculated: 115.99464245531166
2021-11-27 20:34:21.256  INFO 530588 --- [onPool-worker-2] .t.t.s.TourGuideClientRewardsServiceImpl : Service - Distance calculated: 1428.8577204882306
2021-11-27 20:34:21.256  INFO 530588 --- [onPool-worker-2] .t.t.s.TourGuideClientRewardsServiceImpl : Service - Distance calculated: 1418.571827418631
2021-11-27 20:34:21.256  INFO 530588 --- [onPool-worker-2] .t.t.s.TourGuideClientRewardsServiceImpl : Service - Distance calculated: 460.11990361699293
2021-11-27 20:34:21.256  INFO 530588 --- [onPool-worker-2] .t.t.s.TourGuideClientRewardsServiceImpl : Service - Distance calculated: 1992.7911930022951
2021-11-27 20:34:21.256  INFO 530588 --- [onPool-worker-2] .t.t.s.TourGuideClientRewardsServiceImpl : Service - Distance calculated: 1906.7972782801585
2021-11-27 20:34:21.256  INFO 530588 --- [onPool-worker-2] .t.t.s.TourGuideClientRewardsServiceImpl : Service - Distance calculated: 2360.645624935619
2021-11-27 20:34:21.256  INFO 530588 --- [onPool-worker-2] .t.t.s.TourGuideClientRewardsServiceImpl : Service - Distance calculated: 2434.494471527265
2021-11-27 20:34:21.256  INFO 530588 --- [onPool-worker-2] .t.t.s.TourGuideClientRewardsServiceImpl : Service - Distance calculated: 2148.3967563579567
2021-11-27 20:34:21.256  INFO 530588 --- [onPool-worker-2] .t.t.s.TourGuideClientRewardsServiceImpl : Service - Distance calculated: 2282.746325565392
2021-11-27 20:34:21.256  INFO 530588 --- [onPool-worker-2] .t.t.s.TourGuideClientRewardsServiceImpl : Service - Distance calculated: 2289.4339721013357
2021-11-27 20:34:21.256  INFO 530588 --- [onPool-worker-2] .t.t.s.TourGuideClientRewardsServiceImpl : Service - Distance calculated: 1204.372289719331
2021-11-27 20:34:21.256  INFO 530588 --- [onPool-worker-2] .t.t.s.TourGuideClientRewardsServiceImpl : Service - Distance calculated: 1742.5694022642394
2021-11-27 20:34:21.256  INFO 530588 --- [onPool-worker-2] .t.t.s.TourGuideClientRewardsServiceImpl : Service - Distance calculated: 1576.7472428725728
2021-11-27 20:34:21.256  INFO 530588 --- [onPool-worker-2] .t.t.s.TourGuideClientRewardsServiceImpl : Service - Distance calculated: 1921.4807999190489
2021-11-27 20:34:21.256  INFO 530588 --- [onPool-worker-2] .t.t.s.TourGuideClientRewardsServiceImpl : Service - Distance calculated: 1277.6245433336508
2021-11-27 20:34:21.256  INFO 530588 --- [onPool-worker-2] .t.t.s.TourGuideClientRewardsServiceImpl : Service - Distance calculated: 87.03441722159666
2021-11-27 20:34:21.256  INFO 530588 --- [onPool-worker-2] .t.t.s.TourGuideClientRewardsServiceImpl : Service - Distance calculated: 2127.2478407793283
2021-11-27 20:34:21.256  INFO 530588 --- [onPool-worker-2] .t.t.s.TourGuideClientRewardsServiceImpl : Service - Distance calculated: 2578.910516018122
2021-11-27 20:34:21.256  INFO 530588 --- [onPool-worker-2] .t.t.s.TourGuideClientRewardsServiceImpl : Service - Distance calculated: 680.6158831369517
2021-11-27 20:34:21.256  INFO 530588 --- [onPool-worker-2] .t.t.s.TourGuideClientRewardsServiceImpl : Service - Distance calculated: 1344.090272349311
2021-11-27 20:34:21.256  INFO 530588 --- [onPool-worker-2] .t.t.s.TourGuideClientRewardsServiceImpl : Service - Distance calculated: 2440.177336041544
2021-11-27 20:34:21.256  INFO 530588 --- [onPool-worker-2] .t.t.s.TourGuideClientRewardsServiceImpl : Service - Distance calculated: 2168.830527042806
2021-11-27 20:34:21.256  INFO 530588 --- [onPool-worker-2] .t.t.s.TourGuideClientRewardsServiceImpl : Service - Calculate rewards points for user: internalUser45
2021-11-27 20:34:21.254  INFO 530588 --- [nPool-worker-14] .t.t.s.TourGuideClientRewardsServiceImpl : Service - Distance calculated: 5734.206875951257
2021-11-27 20:34:21.256  INFO 530588 --- [nPool-worker-14] .t.t.s.TourGuideClientRewardsServiceImpl : Service - Distance calculated: 4782.884086879564
2021-11-27 20:34:21.256  INFO 530588 --- [nPool-worker-14] .t.t.s.TourGuideClientRewardsServiceImpl : Service - Distance calculated: 6416.891482044559
2021-11-27 20:34:21.256  INFO 530588 --- [nPool-worker-14] .t.t.s.TourGuideClientRewardsServiceImpl : Service - Distance calculated: 6266.442372414744
2021-11-27 20:34:21.256  INFO 530588 --- [nPool-worker-14] .t.t.s.TourGuideClientRewardsServiceImpl : Service - Distance calculated: 5413.819442888955
2021-11-27 20:34:21.256  INFO 530588 --- [nPool-worker-14] .t.t.s.TourGuideClientRewardsServiceImpl : Service - Distance calculated: 6857.09557401986
2021-11-27 20:34:21.257  INFO 530588 --- [nPool-worker-14] .t.t.s.TourGuideClientRewardsServiceImpl : Service - Distance calculated: 6563.908456023533
2021-11-27 20:34:21.257  INFO 530588 --- [nPool-worker-12] .t.t.s.TourGuideClientRewardsServiceImpl : Service - Distance calculated: 6423.52441081783
2021-11-27 20:34:21.257  INFO 530588 --- [nPool-worker-14] .t.t.s.TourGuideClientRewardsServiceImpl : Service - Distance calculated: 6669.672102039466
2021-11-27 20:34:21.257  INFO 530588 --- [nPool-worker-12] .t.t.s.TourGuideClientRewardsServiceImpl : Service - Distance calculated: 6149.428830557618
2021-11-27 20:34:21.257  INFO 530588 --- [nPool-worker-12] .t.t.s.TourGuideClientRewardsServiceImpl : Service - Distance calculated: 6164.529963768842
2021-11-27 20:34:21.257  INFO 530588 --- [nPool-worker-12] .t.t.s.TourGuideClientRewardsServiceImpl : Service - Distance calculated: 6995.616422370082
2021-11-27 20:34:21.257  INFO 530588 --- [nPool-worker-12] .t.t.s.TourGuideClientRewardsServiceImpl : Service - Distance calculated: 10139.038393990035
2021-11-27 20:34:21.257  INFO 530588 --- [nPool-worker-12] .t.t.s.TourGuideClientRewardsServiceImpl : Service - Distance calculated: 10007.295316623004
2021-11-27 20:34:21.257  INFO 530588 --- [nPool-worker-12] .t.t.s.TourGuideClientRewardsServiceImpl : Service - Distance calculated: 10209.085295188002
2021-11-27 20:34:21.257  INFO 530588 --- [nPool-worker-12] .t.t.s.TourGuideClientRewardsServiceImpl : Service - Distance calculated: 10237.083572984746
2021-11-27 20:34:21.257  INFO 530588 --- [nPool-worker-12] .t.t.s.TourGuideClientRewardsServiceImpl : Service - Distance calculated: 10904.61782376288
2021-11-27 20:34:21.257  INFO 530588 --- [nPool-worker-12] .t.t.s.TourGuideClientRewardsServiceImpl : Service - Distance calculated: 10999.9385883407
2021-11-27 20:34:21.257  INFO 530588 --- [nPool-worker-12] .t.t.s.TourGuideClientRewardsServiceImpl : Service - Distance calculated: 10583.328861233294
2021-11-27 20:34:21.257  INFO 530588 --- [nPool-worker-12] .t.t.s.TourGuideClientRewardsServiceImpl : Service - Distance calculated: 10621.447466579479
2021-11-27 20:34:21.257  INFO 530588 --- [nPool-worker-12] .t.t.s.TourGuideClientRewardsServiceImpl : Service - Distance calculated: 10829.49614636561
2021-11-27 20:34:21.257  INFO 530588 --- [nPool-worker-12] .t.t.s.TourGuideClientRewardsServiceImpl : Service - Distance calculated: 8008.956467644988
2021-11-27 20:34:21.257  INFO 530588 --- [nPool-worker-12] .t.t.s.TourGuideClientRewardsServiceImpl : Service - Distance calculated: 10408.676469917196
2021-11-27 20:34:21.257  INFO 530588 --- [nPool-worker-12] .t.t.s.TourGuideClientRewardsServiceImpl : Service - Distance calculated: 10580.215799002854
2021-11-27 20:34:21.257  INFO 530588 --- [nPool-worker-12] .t.t.s.TourGuideClientRewardsServiceImpl : Service - Distance calculated: 10595.101090818529
2021-11-27 20:34:21.257  INFO 530588 --- [nPool-worker-12] .t.t.s.TourGuideClientRewardsServiceImpl : Service - Distance calculated: 11410.658047871992
2021-11-27 20:34:21.257  INFO 530588 --- [nPool-worker-12] .t.t.s.TourGuideClientRewardsServiceImpl : Service - Distance calculated: 11171.198485108465
2021-11-27 20:34:21.257  INFO 530588 --- [nPool-worker-12] .t.t.s.TourGuideClientRewardsServiceImpl : Service - Distance calculated: 11120.71380301534
2021-11-27 20:34:21.257  INFO 530588 --- [nPool-worker-12] .t.t.s.TourGuideClientRewardsServiceImpl : Service - Distance calculated: 11299.653191165102
2021-11-27 20:34:21.257  INFO 530588 --- [nPool-worker-12] .t.t.s.TourGuideClientRewardsServiceImpl : Service - Distance calculated: 10907.693615405256
2021-11-27 20:34:21.257  INFO 530588 --- [nPool-worker-12] .t.t.s.TourGuideClientRewardsServiceImpl : Service - Distance calculated: 11190.73699073814
2021-11-27 20:34:21.257  INFO 530588 --- [nPool-worker-12] .t.t.s.TourGuideClientRewardsServiceImpl : Service - Distance calculated: 10213.956498521993
2021-11-27 20:34:21.257  INFO 530588 --- [nPool-worker-12] .t.t.s.TourGuideClientRewardsServiceImpl : Service - Distance calculated: 11409.270948929461
2021-11-27 20:34:21.257  INFO 530588 --- [nPool-worker-12] .t.t.s.TourGuideClientRewardsServiceImpl : Service - Distance calculated: 10238.714633811333
2021-11-27 20:34:21.257  INFO 530588 --- [nPool-worker-12] .t.t.s.TourGuideClientRewardsServiceImpl : Service - Distance calculated: 10763.99335586403
2021-11-27 20:34:21.257  INFO 530588 --- [nPool-worker-12] .t.t.s.TourGuideClientRewardsServiceImpl : Service - Distance calculated: 10679.540940288682
2021-11-27 20:34:21.257  INFO 530588 --- [nPool-worker-12] .t.t.s.TourGuideClientRewardsServiceImpl : Service - Distance calculated: 10398.95573922038
2021-11-27 20:34:21.257  INFO 530588 --- [nPool-worker-12] .t.t.s.TourGuideClientRewardsServiceImpl : Service - Distance calculated: 11361.676379726738
2021-11-27 20:34:21.257  INFO 530588 --- [nPool-worker-12] .t.t.s.TourGuideClientRewardsServiceImpl : Service - Distance calculated: 10808.929741341957
2021-11-27 20:34:21.257  INFO 530588 --- [nPool-worker-12] .t.t.s.TourGuideClientRewardsServiceImpl : Service - Distance calculated: 10612.790854883566
2021-11-27 20:34:21.257  INFO 530588 --- [nPool-worker-12] .t.t.s.TourGuideClientRewardsServiceImpl : Service - Distance calculated: 10719.140489403406
2021-11-27 20:34:21.257  INFO 530588 --- [nPool-worker-12] .t.t.s.TourGuideClientRewardsServiceImpl : Service - Distance calculated: 10705.429003383277
2021-11-27 20:34:21.257  INFO 530588 --- [nPool-worker-12] .t.t.s.TourGuideClientRewardsServiceImpl : Service - Distance calculated: 9554.470434557474
2021-11-27 20:34:21.257  INFO 530588 --- [nPool-worker-12] .t.t.s.TourGuideClientRewardsServiceImpl : Service - Distance calculated: 9528.344651058484
2021-11-27 20:34:21.257  INFO 530588 --- [nPool-worker-12] .t.t.s.TourGuideClientRewardsServiceImpl : Service - Distance calculated: 10354.065370270167
2021-11-27 20:34:21.257  INFO 530588 --- [nPool-worker-12] .t.t.s.TourGuideClientRewardsServiceImpl : Service - Distance calculated: 9139.577736285204
2021-11-27 20:34:21.257  INFO 530588 --- [nPool-worker-12] .t.t.s.TourGuideClientRewardsServiceImpl : Service - Distance calculated: 9145.10548198067
2021-11-27 20:34:21.257  INFO 530588 --- [nPool-worker-12] .t.t.s.TourGuideClientRewardsServiceImpl : Service - Distance calculated: 10992.687277173634
2021-11-27 20:34:21.257  INFO 530588 --- [nPool-worker-12] .t.t.s.TourGuideClientRewardsServiceImpl : Service - Distance calculated: 8756.997315294604
2021-11-27 20:34:21.257  INFO 530588 --- [nPool-worker-12] .t.t.s.TourGuideClientRewardsServiceImpl : Service - Distance calculated: 8995.622762848992
2021-11-27 20:34:21.257  INFO 530588 --- [nPool-worker-12] .t.t.s.TourGuideClientRewardsServiceImpl : Service - Distance calculated: 8847.217641592835
2021-11-27 20:34:21.257  INFO 530588 --- [nPool-worker-12] .t.t.s.TourGuideClientRewardsServiceImpl : Service - Distance calculated: 8603.651960598701
2021-11-27 20:34:21.257  INFO 530588 --- [nPool-worker-12] .t.t.s.TourGuideClientRewardsServiceImpl : Service - Distance calculated: 9643.20265322332
2021-11-27 20:34:21.257  INFO 530588 --- [nPool-worker-12] .t.t.s.TourGuideClientRewardsServiceImpl : Service - Distance calculated: 9205.331030477753
2021-11-27 20:34:21.257  INFO 530588 --- [nPool-worker-12] .t.t.s.TourGuideClientRewardsServiceImpl : Service - Distance calculated: 9304.397144389786
2021-11-27 20:34:21.257  INFO 530588 --- [nPool-worker-12] .t.t.s.TourGuideClientRewardsServiceImpl : Service - Distance calculated: 9103.410788201456
2021-11-27 20:34:21.257  INFO 530588 --- [nPool-worker-12] .t.t.s.TourGuideClientRewardsServiceImpl : Service - Distance calculated: 9580.824875869377
2021-11-27 20:34:21.257  INFO 530588 --- [nPool-worker-12] .t.t.s.TourGuideClientRewardsServiceImpl : Service - Distance calculated: 10736.119158676773
2021-11-27 20:34:21.257  INFO 530588 --- [nPool-worker-12] .t.t.s.TourGuideClientRewardsServiceImpl : Service - Distance calculated: 8766.962578965999
2021-11-27 20:34:21.257  INFO 530588 --- [nPool-worker-12] .t.t.s.TourGuideClientRewardsServiceImpl : Service - Distance calculated: 8667.554169169422
2021-11-27 20:34:21.257  INFO 530588 --- [nPool-worker-12] .t.t.s.TourGuideClientRewardsServiceImpl : Service - Distance calculated: 10147.658228704857
2021-11-27 20:34:21.257  INFO 530588 --- [nPool-worker-12] .t.t.s.TourGuideClientRewardsServiceImpl : Service - Distance calculated: 9720.480074489364
2021-11-27 20:34:21.257  INFO 530588 --- [nPool-worker-12] .t.t.s.TourGuideClientRewardsServiceImpl : Service - Distance calculated: 8754.770000370345
2021-11-27 20:34:21.257  INFO 530588 --- [nPool-worker-12] .t.t.s.TourGuideClientRewardsServiceImpl : Service - Distance calculated: 8735.409436415666
2021-11-27 20:34:21.257  INFO 530588 --- [nPool-worker-12] .t.t.s.TourGuideClientRewardsServiceImpl : Service - Distance calculated: 5.8950310023474215E-5
2021-11-27 20:34:21.254  INFO 530588 --- [onPool-worker-1] .t.t.s.TourGuideClientRewardsServiceImpl : Service - Distance calculated: 2434.494471527265
2021-11-27 20:34:21.257  INFO 530588 --- [onPool-worker-1] .t.t.s.TourGuideClientRewardsServiceImpl : Service - Distance calculated: 2148.3967563579567
2021-11-27 20:34:21.257  INFO 530588 --- [onPool-worker-1] .t.t.s.TourGuideClientRewardsServiceImpl : Service - Distance calculated: 2282.746325565392
2021-11-27 20:34:21.257  INFO 530588 --- [onPool-worker-1] .t.t.s.TourGuideClientRewardsServiceImpl : Service - Distance calculated: 2289.4339721013357
2021-11-27 20:34:21.257  INFO 530588 --- [onPool-worker-1] .t.t.s.TourGuideClientRewardsServiceImpl : Service - Distance calculated: 1204.372289719331
2021-11-27 20:34:21.257  INFO 530588 --- [onPool-worker-1] .t.t.s.TourGuideClientRewardsServiceImpl : Service - Distance calculated: 1742.5694022642394
2021-11-27 20:34:21.257  INFO 530588 --- [onPool-worker-1] .t.t.s.TourGuideClientRewardsServiceImpl : Service - Distance calculated: 1576.7472428725728
2021-11-27 20:34:21.257  INFO 530588 --- [onPool-worker-1] .t.t.s.TourGuideClientRewardsServiceImpl : Service - Distance calculated: 1921.4807999190489
2021-11-27 20:34:21.257  INFO 530588 --- [onPool-worker-1] .t.t.s.TourGuideClientRewardsServiceImpl : Service - Distance calculated: 1277.6245433336508
2021-11-27 20:34:21.257  INFO 530588 --- [onPool-worker-1] .t.t.s.TourGuideClientRewardsServiceImpl : Service - Distance calculated: 87.03441722159666
2021-11-27 20:34:21.257  INFO 530588 --- [onPool-worker-1] .t.t.s.TourGuideClientRewardsServiceImpl : Service - Distance calculated: 2127.2478407793283
2021-11-27 20:34:21.257  INFO 530588 --- [onPool-worker-1] .t.t.s.TourGuideClientRewardsServiceImpl : Service - Distance calculated: 2578.910516018122
2021-11-27 20:34:21.257  INFO 530588 --- [onPool-worker-1] .t.t.s.TourGuideClientRewardsServiceImpl : Service - Distance calculated: 680.6158831369517
2021-11-27 20:34:21.257  INFO 530588 --- [onPool-worker-1] .t.t.s.TourGuideClientRewardsServiceImpl : Service - Distance calculated: 1344.090272349311
2021-11-27 20:34:21.257  INFO 530588 --- [onPool-worker-1] .t.t.s.TourGuideClientRewardsServiceImpl : Service - Distance calculated: 2440.177336041544
2021-11-27 20:34:21.257  INFO 530588 --- [onPool-worker-1] .t.t.s.TourGuideClientRewardsServiceImpl : Service - Distance calculated: 2168.830527042806
2021-11-27 20:34:21.257  INFO 530588 --- [onPool-worker-1] .t.t.s.TourGuideClientRewardsServiceImpl : Service - Calculate rewards points for user: internalUser20
2021-11-27 20:34:21.257  INFO 530588 --- [nPool-worker-12] .t.t.s.TourGuideClientRewardsServiceImpl : Service - Distance calculated: 774.5207212649109
2021-11-27 20:34:21.257  INFO 530588 --- [nPool-worker-12] .t.t.s.TourGuideClientRewardsServiceImpl : Service - Distance calculated: 164.91310606753288
2021-11-27 20:34:21.257  INFO 530588 --- [nPool-worker-12] .t.t.s.TourGuideClientRewardsServiceImpl : Service - Distance calculated: 115.99464245531166
2021-11-27 20:34:21.257  INFO 530588 --- [nPool-worker-12] .t.t.s.TourGuideClientRewardsServiceImpl : Service - Distance calculated: 1428.8577204882306
2021-11-27 20:34:21.258  INFO 530588 --- [nPool-worker-12] .t.t.s.TourGuideClientRewardsServiceImpl : Service - Distance calculated: 1418.571827418631
2021-11-27 20:34:21.258  INFO 530588 --- [nPool-worker-12] .t.t.s.TourGuideClientRewardsServiceImpl : Service - Distance calculated: 460.11990361699293
2021-11-27 20:34:21.258  INFO 530588 --- [nPool-worker-12] .t.t.s.TourGuideClientRewardsServiceImpl : Service - Distance calculated: 1992.7911930022951
2021-11-27 20:34:21.258  INFO 530588 --- [nPool-worker-12] .t.t.s.TourGuideClientRewardsServiceImpl : Service - Distance calculated: 1906.7972782801585
2021-11-27 20:34:21.258  INFO 530588 --- [nPool-worker-12] .t.t.s.TourGuideClientRewardsServiceImpl : Service - Distance calculated: 2360.645624935619
2021-11-27 20:34:21.258  INFO 530588 --- [nPool-worker-12] .t.t.s.TourGuideClientRewardsServiceImpl : Service - Distance calculated: 2434.494471527265
2021-11-27 20:34:21.258  INFO 530588 --- [nPool-worker-12] .t.t.s.TourGuideClientRewardsServiceImpl : Service - Distance calculated: 2148.3967563579567
2021-11-27 20:34:21.258  INFO 530588 --- [nPool-worker-12] .t.t.s.TourGuideClientRewardsServiceImpl : Service - Distance calculated: 2282.746325565392
2021-11-27 20:34:21.258  INFO 530588 --- [nPool-worker-12] .t.t.s.TourGuideClientRewardsServiceImpl : Service - Distance calculated: 2289.4339721013357
2021-11-27 20:34:21.258  INFO 530588 --- [nPool-worker-12] .t.t.s.TourGuideClientRewardsServiceImpl : Service - Distance calculated: 1204.372289719331
2021-11-27 20:34:21.258  INFO 530588 --- [nPool-worker-12] .t.t.s.TourGuideClientRewardsServiceImpl : Service - Distance calculated: 1742.5694022642394
2021-11-27 20:34:21.258  INFO 530588 --- [nPool-worker-12] .t.t.s.TourGuideClientRewardsServiceImpl : Service - Distance calculated: 1576.7472428725728
2021-11-27 20:34:21.258  INFO 530588 --- [nPool-worker-12] .t.t.s.TourGuideClientRewardsServiceImpl : Service - Distance calculated: 1921.4807999190489
2021-11-27 20:34:21.258  INFO 530588 --- [nPool-worker-12] .t.t.s.TourGuideClientRewardsServiceImpl : Service - Distance calculated: 1277.6245433336508
2021-11-27 20:34:21.258  INFO 530588 --- [nPool-worker-12] .t.t.s.TourGuideClientRewardsServiceImpl : Service - Distance calculated: 87.03441722159666
2021-11-27 20:34:21.258  INFO 530588 --- [nPool-worker-12] .t.t.s.TourGuideClientRewardsServiceImpl : Service - Distance calculated: 2127.2478407793283
2021-11-27 20:34:21.258  INFO 530588 --- [nPool-worker-12] .t.t.s.TourGuideClientRewardsServiceImpl : Service - Distance calculated: 2578.910516018122
2021-11-27 20:34:21.258  INFO 530588 --- [nPool-worker-12] .t.t.s.TourGuideClientRewardsServiceImpl : Service - Distance calculated: 680.6158831369517
2021-11-27 20:34:21.258  INFO 530588 --- [nPool-worker-12] .t.t.s.TourGuideClientRewardsServiceImpl : Service - Distance calculated: 1344.090272349311
2021-11-27 20:34:21.258  INFO 530588 --- [nPool-worker-12] .t.t.s.TourGuideClientRewardsServiceImpl : Service - Distance calculated: 2440.177336041544
2021-11-27 20:34:21.258  INFO 530588 --- [nPool-worker-12] .t.t.s.TourGuideClientRewardsServiceImpl : Service - Distance calculated: 2168.830527042806
2021-11-27 20:34:21.258  INFO 530588 --- [nPool-worker-12] .t.t.s.TourGuideClientRewardsServiceImpl : Service - Calculate rewards points for user: internalUser49
2021-11-27 20:34:21.258  INFO 530588 --- [onPool-worker-4] .t.t.s.TourGuideClientRewardsServiceImpl : Service - Distance calculated: 1428.8577204882306
2021-11-27 20:34:21.258  INFO 530588 --- [onPool-worker-4] .t.t.s.TourGuideClientRewardsServiceImpl : Service - Distance calculated: 1418.571827418631
2021-11-27 20:34:21.258  INFO 530588 --- [onPool-worker-4] .t.t.s.TourGuideClientRewardsServiceImpl : Service - Distance calculated: 460.11990361699293
2021-11-27 20:34:21.258  INFO 530588 --- [onPool-worker-4] .t.t.s.TourGuideClientRewardsServiceImpl : Service - Distance calculated: 1992.7911930022951
2021-11-27 20:34:21.258  INFO 530588 --- [onPool-worker-4] .t.t.s.TourGuideClientRewardsServiceImpl : Service - Distance calculated: 1906.7972782801585
2021-11-27 20:34:21.259  INFO 530588 --- [onPool-worker-4] .t.t.s.TourGuideClientRewardsServiceImpl : Service - Distance calculated: 2360.645624935619
2021-11-27 20:34:21.259  INFO 530588 --- [onPool-worker-4] .t.t.s.TourGuideClientRewardsServiceImpl : Service - Distance calculated: 2434.494471527265
2021-11-27 20:34:21.259  INFO 530588 --- [onPool-worker-4] .t.t.s.TourGuideClientRewardsServiceImpl : Service - Distance calculated: 2148.3967563579567
2021-11-27 20:34:21.259  INFO 530588 --- [onPool-worker-4] .t.t.s.TourGuideClientRewardsServiceImpl : Service - Distance calculated: 2282.746325565392
2021-11-27 20:34:21.259  INFO 530588 --- [onPool-worker-4] .t.t.s.TourGuideClientRewardsServiceImpl : Service - Distance calculated: 2289.4339721013357
2021-11-27 20:34:21.259  INFO 530588 --- [onPool-worker-4] .t.t.s.TourGuideClientRewardsServiceImpl : Service - Distance calculated: 1204.372289719331
2021-11-27 20:34:21.259  INFO 530588 --- [onPool-worker-4] .t.t.s.TourGuideClientRewardsServiceImpl : Service - Distance calculated: 1742.5694022642394
2021-11-27 20:34:21.259  INFO 530588 --- [onPool-worker-4] .t.t.s.TourGuideClientRewardsServiceImpl : Service - Distance calculated: 1576.7472428725728
2021-11-27 20:34:21.259  INFO 530588 --- [onPool-worker-4] .t.t.s.TourGuideClientRewardsServiceImpl : Service - Distance calculated: 1921.4807999190489
2021-11-27 20:34:21.259  INFO 530588 --- [onPool-worker-4] .t.t.s.TourGuideClientRewardsServiceImpl : Service - Distance calculated: 1277.6245433336508
2021-11-27 20:34:21.259  INFO 530588 --- [onPool-worker-4] .t.t.s.TourGuideClientRewardsServiceImpl : Service - Distance calculated: 87.03441722159666
2021-11-27 20:34:21.259  INFO 530588 --- [onPool-worker-4] .t.t.s.TourGuideClientRewardsServiceImpl : Service - Distance calculated: 2127.2478407793283
2021-11-27 20:34:21.259  INFO 530588 --- [onPool-worker-4] .t.t.s.TourGuideClientRewardsServiceImpl : Service - Distance calculated: 2578.910516018122
2021-11-27 20:34:21.259  INFO 530588 --- [onPool-worker-4] .t.t.s.TourGuideClientRewardsServiceImpl : Service - Distance calculated: 680.6158831369517
2021-11-27 20:34:21.259  INFO 530588 --- [onPool-worker-4] .t.t.s.TourGuideClientRewardsServiceImpl : Service - Distance calculated: 1344.090272349311
2021-11-27 20:34:21.259  INFO 530588 --- [onPool-worker-4] .t.t.s.TourGuideClientRewardsServiceImpl : Service - Distance calculated: 2440.177336041544
2021-11-27 20:34:21.259  INFO 530588 --- [onPool-worker-4] .t.t.s.TourGuideClientRewardsServiceImpl : Service - Distance calculated: 2168.830527042806
2021-11-27 20:34:21.259  INFO 530588 --- [onPool-worker-4] .t.t.s.TourGuideClientRewardsServiceImpl : Service - Calculate rewards points for user: internalUser47
2021-11-27 20:34:21.257  INFO 530588 --- [nPool-worker-14] .t.t.s.TourGuideClientRewardsServiceImpl : Service - Distance calculated: 6250.895547812172
2021-11-27 20:34:21.259  INFO 530588 --- [nPool-worker-14] .t.t.s.TourGuideClientRewardsServiceImpl : Service - Distance calculated: 5358.392050277442
2021-11-27 20:34:21.259  INFO 530588 --- [nPool-worker-14] .t.t.s.TourGuideClientRewardsServiceImpl : Service - Distance calculated: 5985.138785320305
2021-11-27 20:34:21.259  INFO 530588 --- [nPool-worker-14] .t.t.s.TourGuideClientRewardsServiceImpl : Service - Distance calculated: 5713.109771744429
2021-11-27 20:34:21.259  INFO 530588 --- [nPool-worker-14] .t.t.s.TourGuideClientRewardsServiceImpl : Service - Distance calculated: 6246.020997257879
2021-11-27 20:34:21.259  INFO 530588 --- [nPool-worker-14] .t.t.s.TourGuideClientRewardsServiceImpl : Service - Distance calculated: 5442.355782302495
2021-11-27 20:34:21.259  INFO 530588 --- [nPool-worker-14] .t.t.s.TourGuideClientRewardsServiceImpl : Service - Distance calculated: 4514.0972724258
2021-11-27 20:34:21.259  INFO 530588 --- [nPool-worker-14] .t.t.s.TourGuideClientRewardsServiceImpl : Service - Distance calculated: 6139.641395759013
2021-11-27 20:34:21.259  INFO 530588 --- [nPool-worker-14] .t.t.s.TourGuideClientRewardsServiceImpl : Service - Distance calculated: 7027.387494753154
2021-11-27 20:34:21.260  INFO 530588 --- [nPool-worker-14] .t.t.s.TourGuideClientRewardsServiceImpl : Service - Distance calculated: 4967.587738564553
2021-11-27 20:34:21.260  INFO 530588 --- [nPool-worker-14] .t.t.s.TourGuideClientRewardsServiceImpl : Service - Distance calculated: 5797.964587477548
2021-11-27 20:34:21.260  INFO 530588 --- [nPool-worker-14] .t.t.s.TourGuideClientRewardsServiceImpl : Service - Distance calculated: 6864.870390634906
2021-11-27 20:34:21.260  INFO 530588 --- [nPool-worker-14] .t.t.s.TourGuideClientRewardsServiceImpl : Service - Distance calculated: 6199.909830003415
2021-11-27 20:34:21.260  INFO 530588 --- [nPool-worker-14] .t.t.s.TourGuideClientRewardsServiceImpl : Service - Distance calculated: 5875.980497034441
2021-11-27 20:34:21.260  INFO 530588 --- [nPool-worker-14] .t.t.s.TourGuideClientRewardsServiceImpl : Service - Distance calculated: 5168.028333274734
2021-11-27 20:34:21.260  INFO 530588 --- [nPool-worker-14] .t.t.s.TourGuideClientRewardsServiceImpl : Service - Distance calculated: 5711.614072002716
2021-11-27 20:34:21.260  INFO 530588 --- [nPool-worker-14] .t.t.s.TourGuideClientRewardsServiceImpl : Service - Distance calculated: 5782.48792405515
2021-11-27 20:34:21.260  INFO 530588 --- [nPool-worker-14] .t.t.s.TourGuideClientRewardsServiceImpl : Service - Distance calculated: 4599.952105104436
2021-11-27 20:34:21.260  INFO 530588 --- [nPool-worker-14] .t.t.s.TourGuideClientRewardsServiceImpl : Service - Distance calculated: 4660.39395628296
2021-11-27 20:34:21.260  INFO 530588 --- [nPool-worker-14] .t.t.s.TourGuideClientRewardsServiceImpl : Service - Distance calculated: 5608.757180968983
2021-11-27 20:34:21.260  INFO 530588 --- [nPool-worker-14] .t.t.s.TourGuideClientRewardsServiceImpl : Service - Distance calculated: 3974.8763961807354
2021-11-27 20:34:21.260  INFO 530588 --- [nPool-worker-14] .t.t.s.TourGuideClientRewardsServiceImpl : Service - Distance calculated: 4129.592182387067
2021-11-27 20:34:21.260  INFO 530588 --- [nPool-worker-14] .t.t.s.TourGuideClientRewardsServiceImpl : Service - Distance calculated: 5468.57018977963
2021-11-27 20:34:21.260  INFO 530588 --- [nPool-worker-14] .t.t.s.TourGuideClientRewardsServiceImpl : Service - Distance calculated: 3536.572867348734
2021-11-27 20:34:21.260  INFO 530588 --- [nPool-worker-14] .t.t.s.TourGuideClientRewardsServiceImpl : Service - Distance calculated: 3829.006294544759
2021-11-27 20:34:21.260  INFO 530588 --- [nPool-worker-14] .t.t.s.TourGuideClientRewardsServiceImpl : Service - Distance calculated: 3726.8750971448185
2021-11-27 20:34:21.260  INFO 530588 --- [nPool-worker-14] .t.t.s.TourGuideClientRewardsServiceImpl : Service - Distance calculated: 4213.2282852689295
2021-11-27 20:34:21.260  INFO 530588 --- [nPool-worker-14] .t.t.s.TourGuideClientRewardsServiceImpl : Service - Distance calculated: 5041.561232692821
2021-11-27 20:34:21.260  INFO 530588 --- [nPool-worker-14] .t.t.s.TourGuideClientRewardsServiceImpl : Service - Distance calculated: 4419.744319503127
2021-11-27 20:34:21.260  INFO 530588 --- [nPool-worker-14] .t.t.s.TourGuideClientRewardsServiceImpl : Service - Distance calculated: 4697.486471559895
2021-11-27 20:34:21.260  INFO 530588 --- [nPool-worker-14] .t.t.s.TourGuideClientRewardsServiceImpl : Service - Distance calculated: 4153.532314347058
2021-11-27 20:34:21.260  INFO 530588 --- [nPool-worker-14] .t.t.s.TourGuideClientRewardsServiceImpl : Service - Distance calculated: 4958.633748128551
2021-11-27 20:34:21.260  INFO 530588 --- [nPool-worker-14] .t.t.s.TourGuideClientRewardsServiceImpl : Service - Distance calculated: 5888.093309015134
2021-11-27 20:34:21.260  INFO 530588 --- [nPool-worker-14] .t.t.s.TourGuideClientRewardsServiceImpl : Service - Distance calculated: 4307.412250461978
2021-11-27 20:34:21.260  INFO 530588 --- [nPool-worker-14] .t.t.s.TourGuideClientRewardsServiceImpl : Service - Distance calculated: 3364.5032544884984
2021-11-27 20:34:21.260  INFO 530588 --- [nPool-worker-14] .t.t.s.TourGuideClientRewardsServiceImpl : Service - Distance calculated: 5423.13251531738
2021-11-27 20:34:21.260  INFO 530588 --- [nPool-worker-14] .t.t.s.TourGuideClientRewardsServiceImpl : Service - Distance calculated: 4593.113817753418
2021-11-27 20:34:21.260  INFO 530588 --- [nPool-worker-14] .t.t.s.TourGuideClientRewardsServiceImpl : Service - Distance calculated: 3528.617646540333
2021-11-27 20:34:21.260  INFO 530588 --- [nPool-worker-14] .t.t.s.TourGuideClientRewardsServiceImpl : Service - Distance calculated: 4246.531947291385
2021-11-27 20:34:21.260  INFO 530588 --- [nPool-worker-14] .t.t.s.TourGuideClientRewardsServiceImpl : Service - Distance calculated: 5.8950310023474215E-5
2021-11-27 20:34:21.260  INFO 530588 --- [nPool-worker-14] .t.t.s.TourGuideClientRewardsServiceImpl : Service - Distance calculated: 774.5207212649109
2021-11-27 20:34:21.260  INFO 530588 --- [nPool-worker-14] .t.t.s.TourGuideClientRewardsServiceImpl : Service - Distance calculated: 164.91310606753288
2021-11-27 20:34:21.260  INFO 530588 --- [nPool-worker-14] .t.t.s.TourGuideClientRewardsServiceImpl : Service - Distance calculated: 115.99464245531166
2021-11-27 20:34:21.260  INFO 530588 --- [nPool-worker-14] .t.t.s.TourGuideClientRewardsServiceImpl : Service - Distance calculated: 1428.8577204882306
2021-11-27 20:34:21.260  INFO 530588 --- [nPool-worker-14] .t.t.s.TourGuideClientRewardsServiceImpl : Service - Distance calculated: 1418.571827418631
2021-11-27 20:34:21.260  INFO 530588 --- [nPool-worker-14] .t.t.s.TourGuideClientRewardsServiceImpl : Service - Distance calculated: 460.11990361699293
2021-11-27 20:34:21.260  INFO 530588 --- [nPool-worker-14] .t.t.s.TourGuideClientRewardsServiceImpl : Service - Distance calculated: 1992.7911930022951
2021-11-27 20:34:21.260  INFO 530588 --- [nPool-worker-14] .t.t.s.TourGuideClientRewardsServiceImpl : Service - Distance calculated: 1906.7972782801585
2021-11-27 20:34:21.260  INFO 530588 --- [nPool-worker-14] .t.t.s.TourGuideClientRewardsServiceImpl : Service - Distance calculated: 2360.645624935619
2021-11-27 20:34:21.260  INFO 530588 --- [nPool-worker-14] .t.t.s.TourGuideClientRewardsServiceImpl : Service - Distance calculated: 2434.494471527265
2021-11-27 20:34:21.260  INFO 530588 --- [nPool-worker-14] .t.t.s.TourGuideClientRewardsServiceImpl : Service - Distance calculated: 2148.3967563579567
2021-11-27 20:34:21.260  INFO 530588 --- [nPool-worker-14] .t.t.s.TourGuideClientRewardsServiceImpl : Service - Distance calculated: 2282.746325565392
2021-11-27 20:34:21.260  INFO 530588 --- [nPool-worker-14] .t.t.s.TourGuideClientRewardsServiceImpl : Service - Distance calculated: 2289.4339721013357
2021-11-27 20:34:21.260  INFO 530588 --- [nPool-worker-14] .t.t.s.TourGuideClientRewardsServiceImpl : Service - Distance calculated: 1204.372289719331
2021-11-27 20:34:21.260  INFO 530588 --- [nPool-worker-14] .t.t.s.TourGuideClientRewardsServiceImpl : Service - Distance calculated: 1742.5694022642394
2021-11-27 20:34:21.260  INFO 530588 --- [nPool-worker-14] .t.t.s.TourGuideClientRewardsServiceImpl : Service - Distance calculated: 1576.7472428725728
2021-11-27 20:34:21.260  INFO 530588 --- [nPool-worker-14] .t.t.s.TourGuideClientRewardsServiceImpl : Service - Distance calculated: 1921.4807999190489
2021-11-27 20:34:21.260  INFO 530588 --- [nPool-worker-14] .t.t.s.TourGuideClientRewardsServiceImpl : Service - Distance calculated: 1277.6245433336508
2021-11-27 20:34:21.260  INFO 530588 --- [nPool-worker-14] .t.t.s.TourGuideClientRewardsServiceImpl : Service - Distance calculated: 87.03441722159666
2021-11-27 20:34:21.260  INFO 530588 --- [nPool-worker-14] .t.t.s.TourGuideClientRewardsServiceImpl : Service - Distance calculated: 2127.2478407793283
2021-11-27 20:34:21.260  INFO 530588 --- [nPool-worker-14] .t.t.s.TourGuideClientRewardsServiceImpl : Service - Distance calculated: 2578.910516018122
2021-11-27 20:34:21.260  INFO 530588 --- [nPool-worker-14] .t.t.s.TourGuideClientRewardsServiceImpl : Service - Distance calculated: 680.6158831369517
2021-11-27 20:34:21.260  INFO 530588 --- [nPool-worker-14] .t.t.s.TourGuideClientRewardsServiceImpl : Service - Distance calculated: 1344.090272349311
2021-11-27 20:34:21.260  INFO 530588 --- [nPool-worker-14] .t.t.s.TourGuideClientRewardsServiceImpl : Service - Distance calculated: 2440.177336041544
2021-11-27 20:34:21.260  INFO 530588 --- [nPool-worker-14] .t.t.s.TourGuideClientRewardsServiceImpl : Service - Distance calculated: 2168.830527042806
2021-11-27 20:34:21.260  INFO 530588 --- [nPool-worker-14] .t.t.s.TourGuideClientRewardsServiceImpl : Service - Calculate rewards points for user: internalUser36
2021-11-27 20:34:21.262  INFO 530588 --- [nPool-worker-15] .t.t.s.TourGuideClientRewardsServiceImpl : Service - Distance calculated: 6007.630479648074
2021-11-27 20:34:21.262  INFO 530588 --- [nPool-worker-15] .t.t.s.TourGuideClientRewardsServiceImpl : Service - Distance calculated: 5494.619192415115
2021-11-27 20:34:21.262  INFO 530588 --- [nPool-worker-15] .t.t.s.TourGuideClientRewardsServiceImpl : Service - Distance calculated: 5852.555658058589
2021-11-27 20:34:21.262  INFO 530588 --- [nPool-worker-15] .t.t.s.TourGuideClientRewardsServiceImpl : Service - Distance calculated: 5894.060346434978
2021-11-27 20:34:21.262  INFO 530588 --- [nPool-worker-15] .t.t.s.TourGuideClientRewardsServiceImpl : Service - Distance calculated: 4579.165555033555
2021-11-27 20:34:21.262  INFO 530588 --- [nPool-worker-15] .t.t.s.TourGuideClientRewardsServiceImpl : Service - Distance calculated: 4595.991517985726
2021-11-27 20:34:21.262  INFO 530588 --- [nPool-worker-15] .t.t.s.TourGuideClientRewardsServiceImpl : Service - Distance calculated: 5608.444605234124
2021-11-27 20:34:21.262  INFO 530588 --- [nPool-worker-15] .t.t.s.TourGuideClientRewardsServiceImpl : Service - Distance calculated: 4037.6691669979054
2021-11-27 20:34:21.262  INFO 530588 --- [nPool-worker-15] .t.t.s.TourGuideClientRewardsServiceImpl : Service - Distance calculated: 4102.393214069621
2021-11-27 20:34:21.262  INFO 530588 --- [nPool-worker-15] .t.t.s.TourGuideClientRewardsServiceImpl : Service - Distance calculated: 6523.728933031602
2021-11-27 20:34:21.262  INFO 530588 --- [nPool-worker-15] .t.t.s.TourGuideClientRewardsServiceImpl : Service - Distance calculated: 3616.44046908772
2021-11-27 20:34:21.262  INFO 530588 --- [nPool-worker-15] .t.t.s.TourGuideClientRewardsServiceImpl : Service - Distance calculated: 3883.9559995905424
2021-11-27 20:34:21.262  INFO 530588 --- [nPool-worker-15] .t.t.s.TourGuideClientRewardsServiceImpl : Service - Distance calculated: 3741.4345281338306
2021-11-27 20:34:21.262  INFO 530588 --- [nPool-worker-15] .t.t.s.TourGuideClientRewardsServiceImpl : Service - Distance calculated: 3823.42856268949
2021-11-27 20:34:21.262  INFO 530588 --- [nPool-worker-15] .t.t.s.TourGuideClientRewardsServiceImpl : Service - Distance calculated: 4883.989177536029
2021-11-27 20:34:21.262  INFO 530588 --- [nPool-worker-15] .t.t.s.TourGuideClientRewardsServiceImpl : Service - Distance calculated: 4280.546286689214
2021-11-27 20:34:21.262  INFO 530588 --- [nPool-worker-15] .t.t.s.TourGuideClientRewardsServiceImpl : Service - Distance calculated: 4493.975696101901
2021-11-27 20:34:21.262  INFO 530588 --- [onPool-worker-7] .t.t.s.TourGuideClientRewardsServiceImpl : Service - Distance calculated: 10425.922210167733
2021-11-27 20:34:21.262  INFO 530588 --- [onPool-worker-6] .t.t.s.TourGuideClientRewardsServiceImpl : Service - Distance calculated: 1037.992177022345
2021-11-27 20:34:21.262  INFO 530588 --- [nPool-worker-15] .t.t.s.TourGuideClientRewardsServiceImpl : Service - Distance calculated: 4086.1804652811256
2021-11-27 20:34:21.262  INFO 530588 --- [onPool-worker-7] .t.t.s.TourGuideClientRewardsServiceImpl : Service - Distance calculated: 10108.25141383464
2021-11-27 20:34:21.262  INFO 530588 --- [onPool-worker-6] .t.t.s.TourGuideClientRewardsServiceImpl : Service - Distance calculated: 1022.1128040806922
2021-11-27 20:34:21.262  INFO 530588 --- [onPool-worker-7] .t.t.s.TourGuideClientRewardsServiceImpl : Service - Distance calculated: 10309.075387678577
2021-11-27 20:34:21.262  INFO 530588 --- [nPool-worker-15] .t.t.s.TourGuideClientRewardsServiceImpl : Service - Distance calculated: 4799.564743056429
2021-11-27 20:34:21.262  INFO 530588 --- [onPool-worker-7] .t.t.s.TourGuideClientRewardsServiceImpl : Service - Distance calculated: 10313.580441183643
2021-11-27 20:34:21.262  INFO 530588 --- [onPool-worker-6] .t.t.s.TourGuideClientRewardsServiceImpl : Service - Distance calculated: 915.6646278599784
2021-11-27 20:34:21.262  INFO 530588 --- [nPool-worker-15] .t.t.s.TourGuideClientRewardsServiceImpl : Service - Distance calculated: 5982.8514019440045
2021-11-27 20:34:21.262  INFO 530588 --- [onPool-worker-6] .t.t.s.TourGuideClientRewardsServiceImpl : Service - Distance calculated: 923.0949316234214
2021-11-27 20:34:21.262  INFO 530588 --- [onPool-worker-6] .t.t.s.TourGuideClientRewardsServiceImpl : Service - Distance calculated: 539.909165699542
2021-11-27 20:34:21.262  INFO 530588 --- [onPool-worker-6] .t.t.s.TourGuideClientRewardsServiceImpl : Service - Distance calculated: 475.2168836449314
2021-11-27 20:34:21.262  INFO 530588 --- [onPool-worker-6] .t.t.s.TourGuideClientRewardsServiceImpl : Service - Distance calculated: 591.4401970262122
2021-11-27 20:34:21.262  INFO 530588 --- [onPool-worker-6] .t.t.s.TourGuideClientRewardsServiceImpl : Service - Distance calculated: 1164.128640257875
2021-11-27 20:34:21.262  INFO 530588 --- [onPool-worker-6] .t.t.s.TourGuideClientRewardsServiceImpl : Service - Distance calculated: 1007.9077159510263
2021-11-27 20:34:21.262  INFO 530588 --- [onPool-worker-6] .t.t.s.TourGuideClientRewardsServiceImpl : Service - Distance calculated: 3020.683694741879
2021-11-27 20:34:21.262  INFO 530588 --- [onPool-worker-6] .t.t.s.TourGuideClientRewardsServiceImpl : Service - Distance calculated: 1598.8013274443483
2021-11-27 20:34:21.262  INFO 530588 --- [onPool-worker-6] .t.t.s.TourGuideClientRewardsServiceImpl : Service - Distance calculated: 1306.7714197174848
2021-11-27 20:34:21.262  INFO 530588 --- [onPool-worker-6] .t.t.s.TourGuideClientRewardsServiceImpl : Service - Distance calculated: 1411.1081888821918
2021-11-27 20:34:21.262  INFO 530588 --- [onPool-worker-6] .t.t.s.TourGuideClientRewardsServiceImpl : Service - Distance calculated: 1253.8635836538733
2021-11-27 20:34:21.262  INFO 530588 --- [onPool-worker-6] .t.t.s.TourGuideClientRewardsServiceImpl : Service - Distance calculated: 168.7372305412892
2021-11-27 20:34:21.262  INFO 530588 --- [onPool-worker-6] .t.t.s.TourGuideClientRewardsServiceImpl : Service - Distance calculated: 755.5480190344341
2021-11-27 20:34:21.262  INFO 530588 --- [onPool-worker-6] .t.t.s.TourGuideClientRewardsServiceImpl : Service - Distance calculated: 544.1883405920261
2021-11-27 20:34:21.262  INFO 530588 --- [onPool-worker-6] .t.t.s.TourGuideClientRewardsServiceImpl : Service - Distance calculated: 992.9880802758586
2021-11-27 20:34:21.262  INFO 530588 --- [onPool-worker-6] .t.t.s.TourGuideClientRewardsServiceImpl : Service - Distance calculated: 239.97632079749627
2021-11-27 20:34:21.262  INFO 530588 --- [onPool-worker-6] .t.t.s.TourGuideClientRewardsServiceImpl : Service - Distance calculated: 989.6165214949287
2021-11-27 20:34:21.262  INFO 530588 --- [onPool-worker-6] .t.t.s.TourGuideClientRewardsServiceImpl : Service - Distance calculated: 1092.992884059443
2021-11-27 20:34:21.262  INFO 530588 --- [onPool-worker-6] .t.t.s.TourGuideClientRewardsServiceImpl : Service - Distance calculated: 1772.4253650540172
2021-11-27 20:34:21.262  INFO 530588 --- [onPool-worker-6] .t.t.s.TourGuideClientRewardsServiceImpl : Service - Distance calculated: 362.42652919058617
2021-11-27 20:34:21.262  INFO 530588 --- [onPool-worker-6] .t.t.s.TourGuideClientRewardsServiceImpl : Service - Distance calculated: 622.3558568805241
2021-11-27 20:34:21.262  INFO 530588 --- [onPool-worker-7] .t.t.s.TourGuideClientRewardsServiceImpl : Service - Distance calculated: 9082.51964170956
2021-11-27 20:34:21.262  INFO 530588 --- [nPool-worker-15] .t.t.s.TourGuideClientRewardsServiceImpl : Service - Distance calculated: 3969.4557293154267
2021-11-27 20:34:21.262  INFO 530588 --- [nPool-worker-15] .t.t.s.TourGuideClientRewardsServiceImpl : Service - Distance calculated: 3505.6139104280805
2021-11-27 20:34:21.262  INFO 530588 --- [onPool-worker-7] .t.t.s.TourGuideClientRewardsServiceImpl : Service - Distance calculated: 9066.614460516907
2021-11-27 20:34:21.262  INFO 530588 --- [nPool-worker-15] .t.t.s.TourGuideClientRewardsServiceImpl : Service - Distance calculated: 5383.55390862665
2021-11-27 20:34:21.262  INFO 530588 --- [onPool-worker-7] .t.t.s.TourGuideClientRewardsServiceImpl : Service - Distance calculated: 9966.385538180768
2021-11-27 20:34:21.262  INFO 530588 --- [onPool-worker-6] .t.t.s.TourGuideClientRewardsServiceImpl : Service - Distance calculated: 1606.7622432206217
2021-11-27 20:34:21.262  INFO 530588 --- [onPool-worker-7] .t.t.s.TourGuideClientRewardsServiceImpl : Service - Distance calculated: 8630.749333485568
2021-11-27 20:34:21.262  INFO 530588 --- [nPool-worker-15] .t.t.s.TourGuideClientRewardsServiceImpl : Service - Distance calculated: 4676.4978879885375
2021-11-27 20:34:21.262  INFO 530588 --- [onPool-worker-7] .t.t.s.TourGuideClientRewardsServiceImpl : Service - Distance calculated: 8651.480509973406
2021-11-27 20:34:21.262  INFO 530588 --- [nPool-worker-15] .t.t.s.TourGuideClientRewardsServiceImpl : Service - Distance calculated: 3612.660864744654
2021-11-27 20:34:21.262  INFO 530588 --- [onPool-worker-7] .t.t.s.TourGuideClientRewardsServiceImpl : Service - Distance calculated: 10598.494515748693
2021-11-27 20:34:21.262  INFO 530588 --- [onPool-worker-6] .t.t.s.TourGuideClientRewardsServiceImpl : Service - Distance calculated: 1137.5074551679002
2021-11-27 20:34:21.262  INFO 530588 --- [onPool-worker-7] .t.t.s.TourGuideClientRewardsServiceImpl : Service - Distance calculated: 8235.55764726597
2021-11-27 20:34:21.262  INFO 530588 --- [onPool-worker-6] .t.t.s.TourGuideClientRewardsServiceImpl : Service - Distance calculated: 8199.83646637003
2021-11-27 20:34:21.262  INFO 530588 --- [onPool-worker-7] .t.t.s.TourGuideClientRewardsServiceImpl : Service - Distance calculated: 8483.34959042506
2021-11-27 20:34:21.262  INFO 530588 --- [onPool-worker-6] .t.t.s.TourGuideClientRewardsServiceImpl : Service - Distance calculated: 8895.784697993604
2021-11-27 20:34:21.262  INFO 530588 --- [onPool-worker-6] .t.t.s.TourGuideClientRewardsServiceImpl : Service - Distance calculated: 8298.439273245112
2021-11-27 20:34:21.262  INFO 530588 --- [onPool-worker-7] .t.t.s.TourGuideClientRewardsServiceImpl : Service - Distance calculated: 8335.747989907453
2021-11-27 20:34:21.262  INFO 530588 --- [onPool-worker-6] .t.t.s.TourGuideClientRewardsServiceImpl : Service - Distance calculated: 8210.362455980896
2021-11-27 20:34:21.263  INFO 530588 --- [onPool-worker-6] .t.t.s.TourGuideClientRewardsServiceImpl : Service - Distance calculated: 8451.792309934803
2021-11-27 20:34:21.263  INFO 530588 --- [onPool-worker-7] .t.t.s.TourGuideClientRewardsServiceImpl : Service - Distance calculated: 8155.681460483209
2021-11-27 20:34:21.263  INFO 530588 --- [onPool-worker-6] .t.t.s.TourGuideClientRewardsServiceImpl : Service - Distance calculated: 8349.668752305672
2021-11-27 20:34:21.263  INFO 530588 --- [onPool-worker-7] .t.t.s.TourGuideClientRewardsServiceImpl : Service - Distance calculated: 9225.730841976203
2021-11-27 20:34:21.263  INFO 530588 --- [onPool-worker-6] .t.t.s.TourGuideClientRewardsServiceImpl : Service - Distance calculated: 8088.305976321678
2021-11-27 20:34:21.263  INFO 530588 --- [onPool-worker-7] .t.t.s.TourGuideClientRewardsServiceImpl : Service - Distance calculated: 8739.768706909952
2021-11-27 20:34:21.263  INFO 530588 --- [onPool-worker-6] .t.t.s.TourGuideClientRewardsServiceImpl : Service - Distance calculated: 8779.931604630534
2021-11-27 20:34:21.263  INFO 530588 --- [onPool-worker-6] .t.t.s.TourGuideClientRewardsServiceImpl : Service - Distance calculated: 8577.680992757743
2021-11-27 20:34:21.263  INFO 530588 --- [onPool-worker-6] .t.t.s.TourGuideClientRewardsServiceImpl : Service - Distance calculated: 10053.176999206567
2021-11-27 20:34:21.263  INFO 530588 --- [onPool-worker-6] .t.t.s.TourGuideClientRewardsServiceImpl : Service - Distance calculated: 8885.649528367274
2021-11-27 20:34:21.263  INFO 530588 --- [onPool-worker-6] .t.t.s.TourGuideClientRewardsServiceImpl : Service - Distance calculated: 8795.012218749125
2021-11-27 20:34:21.263  INFO 530588 --- [onPool-worker-6] .t.t.s.TourGuideClientRewardsServiceImpl : Service - Distance calculated: 8740.614765428545
2021-11-27 20:34:21.263  INFO 530588 --- [onPool-worker-6] .t.t.s.TourGuideClientRewardsServiceImpl : Service - Distance calculated: 7897.377870301779
2021-11-27 20:34:21.263  INFO 530588 --- [onPool-worker-6] .t.t.s.TourGuideClientRewardsServiceImpl : Service - Distance calculated: 8034.860121715778
2021-11-27 20:34:21.263  INFO 530588 --- [onPool-worker-6] .t.t.s.TourGuideClientRewardsServiceImpl : Service - Distance calculated: 8288.670389624267
2021-11-27 20:34:21.263  INFO 530588 --- [onPool-worker-6] .t.t.s.TourGuideClientRewardsServiceImpl : Service - Distance calculated: 8076.733033753661
2021-11-27 20:34:21.263  INFO 530588 --- [onPool-worker-6] .t.t.s.TourGuideClientRewardsServiceImpl : Service - Distance calculated: 8497.736275154504
2021-11-27 20:34:21.262  INFO 530588 --- [nPool-worker-15] .t.t.s.TourGuideClientRewardsServiceImpl : Service - Distance calculated: 3916.214951404301
2021-11-27 20:34:21.263  INFO 530588 --- [nPool-worker-15] .t.t.s.TourGuideClientRewardsServiceImpl : Service - Distance calculated: 2239.3613538181603
2021-11-27 20:34:21.263  INFO 530588 --- [nPool-worker-15] .t.t.s.TourGuideClientRewardsServiceImpl : Service - Distance calculated: 2986.1375950906945
2021-11-27 20:34:21.263  INFO 530588 --- [nPool-worker-15] .t.t.s.TourGuideClientRewardsServiceImpl : Service - Distance calculated: 2401.549377479514
2021-11-27 20:34:21.263  INFO 530588 --- [nPool-worker-15] .t.t.s.TourGuideClientRewardsServiceImpl : Service - Distance calculated: 2326.253642220985
2021-11-27 20:34:21.263  INFO 530588 --- [nPool-worker-15] .t.t.s.TourGuideClientRewardsServiceImpl : Service - Distance calculated: 3524.442254271273
2021-11-27 20:34:21.263  INFO 530588 --- [nPool-worker-15] .t.t.s.TourGuideClientRewardsServiceImpl : Service - Distance calculated: 3475.4722970764615
2021-11-27 20:34:21.263  INFO 530588 --- [nPool-worker-15] .t.t.s.TourGuideClientRewardsServiceImpl : Service - Distance calculated: 2495.926444782706
2021-11-27 20:34:21.263  INFO 530588 --- [nPool-worker-15] .t.t.s.TourGuideClientRewardsServiceImpl : Service - Distance calculated: 4143.17278670254
2021-11-27 20:34:21.263  INFO 530588 --- [nPool-worker-15] .t.t.s.TourGuideClientRewardsServiceImpl : Service - Distance calculated: 4007.8225695904266
2021-11-27 20:34:21.263  INFO 530588 --- [nPool-worker-15] .t.t.s.TourGuideClientRewardsServiceImpl : Service - Distance calculated: 3646.951526635715
2021-11-27 20:34:21.263  INFO 530588 --- [nPool-worker-15] .t.t.s.TourGuideClientRewardsServiceImpl : Service - Distance calculated: 4588.016363255771
2021-11-27 20:34:21.263  INFO 530588 --- [nPool-worker-15] .t.t.s.TourGuideClientRewardsServiceImpl : Service - Distance calculated: 4293.997729214082
2021-11-27 20:34:21.263  INFO 530588 --- [nPool-worker-15] .t.t.s.TourGuideClientRewardsServiceImpl : Service - Distance calculated: 4409.263277402894
2021-11-27 20:34:21.263  INFO 530588 --- [nPool-worker-15] .t.t.s.TourGuideClientRewardsServiceImpl : Service - Distance calculated: 4115.8587440698775
2021-11-27 20:34:21.263  INFO 530588 --- [nPool-worker-15] .t.t.s.TourGuideClientRewardsServiceImpl : Service - Distance calculated: 3121.0951743575392
2021-11-27 20:34:21.263  INFO 530588 --- [nPool-worker-15] .t.t.s.TourGuideClientRewardsServiceImpl : Service - Distance calculated: 3751.429539582467
2021-11-27 20:34:21.263  INFO 530588 --- [nPool-worker-15] .t.t.s.TourGuideClientRewardsServiceImpl : Service - Distance calculated: 3497.1474471162287
2021-11-27 20:34:21.263  INFO 530588 --- [nPool-worker-15] .t.t.s.TourGuideClientRewardsServiceImpl : Service - Distance calculated: 3996.600429675229
2021-11-27 20:34:21.263  INFO 530588 --- [nPool-worker-15] .t.t.s.TourGuideClientRewardsServiceImpl : Service - Distance calculated: 3206.8401969002953
2021-11-27 20:34:21.263  INFO 530588 --- [nPool-worker-15] .t.t.s.TourGuideClientRewardsServiceImpl : Service - Distance calculated: 2219.6592350982405
2021-11-27 20:34:21.263  INFO 530588 --- [nPool-worker-15] .t.t.s.TourGuideClientRewardsServiceImpl : Service - Distance calculated: 3981.434274671773
2021-11-27 20:34:21.263  INFO 530588 --- [nPool-worker-15] .t.t.s.TourGuideClientRewardsServiceImpl : Service - Distance calculated: 4751.826943777652
2021-11-27 20:34:21.263  INFO 530588 --- [nPool-worker-15] .t.t.s.TourGuideClientRewardsServiceImpl : Service - Distance calculated: 2690.491366010231
2021-11-27 20:34:21.263  INFO 530588 --- [nPool-worker-15] .t.t.s.TourGuideClientRewardsServiceImpl : Service - Distance calculated: 3512.186869325999
2021-11-27 20:34:21.263  INFO 530588 --- [nPool-worker-15] .t.t.s.TourGuideClientRewardsServiceImpl : Service - Distance calculated: 4595.230361552023
2021-11-27 20:34:21.263  INFO 530588 --- [nPool-worker-15] .t.t.s.TourGuideClientRewardsServiceImpl : Service - Distance calculated: 4038.6200587969183
2021-11-27 20:34:21.263  INFO 530588 --- [nPool-worker-15] .t.t.s.TourGuideClientRewardsServiceImpl : Service - Distance calculated: 2902.1861853389105
2021-11-27 20:34:21.263  INFO 530588 --- [nPool-worker-15] .t.t.s.TourGuideClientRewardsServiceImpl : Service - Distance calculated: 3415.325749133341
2021-11-27 20:34:21.263  INFO 530588 --- [nPool-worker-15] .t.t.s.TourGuideClientRewardsServiceImpl : Service - Distance calculated: 3052.7579307561077
2021-11-27 20:34:21.263  INFO 530588 --- [nPool-worker-15] .t.t.s.TourGuideClientRewardsServiceImpl : Service - Distance calculated: 3017.345856879693
2021-11-27 20:34:21.263  INFO 530588 --- [nPool-worker-15] .t.t.s.TourGuideClientRewardsServiceImpl : Service - Distance calculated: 4329.151311615464
2021-11-27 20:34:21.263  INFO 530588 --- [nPool-worker-15] .t.t.s.TourGuideClientRewardsServiceImpl : Service - Distance calculated: 4320.667480554968
2021-11-27 20:34:21.263  INFO 530588 --- [nPool-worker-15] .t.t.s.TourGuideClientRewardsServiceImpl : Service - Distance calculated: 3323.9752919939024
2021-11-27 20:34:21.263  INFO 530588 --- [nPool-worker-15] .t.t.s.TourGuideClientRewardsServiceImpl : Service - Distance calculated: 4860.662867050805
2021-11-27 20:34:21.263  INFO 530588 --- [nPool-worker-15] .t.t.s.TourGuideClientRewardsServiceImpl : Service - Distance calculated: 4799.410953883423
2021-11-27 20:34:21.263  INFO 530588 --- [nPool-worker-15] .t.t.s.TourGuideClientRewardsServiceImpl : Service - Distance calculated: 3001.0295003178203
2021-11-27 20:34:21.263  INFO 530588 --- [nPool-worker-15] .t.t.s.TourGuideClientRewardsServiceImpl : Service - Distance calculated: 5285.545640341898
2021-11-27 20:34:21.263  INFO 530588 --- [nPool-worker-15] .t.t.s.TourGuideClientRewardsServiceImpl : Service - Distance calculated: 5014.630974947891
2021-11-27 20:34:21.263  INFO 530588 --- [nPool-worker-15] .t.t.s.TourGuideClientRewardsServiceImpl : Service - Distance calculated: 5156.787721123162
2021-11-27 20:34:21.263  INFO 530588 --- [nPool-worker-15] .t.t.s.TourGuideClientRewardsServiceImpl : Service - Distance calculated: 5161.698911456313
2021-11-27 20:34:21.263  INFO 530588 --- [nPool-worker-15] .t.t.s.TourGuideClientRewardsServiceImpl : Service - Distance calculated: 4071.230979216435
2021-11-27 20:34:21.263  INFO 530588 --- [nPool-worker-15] .t.t.s.TourGuideClientRewardsServiceImpl : Service - Distance calculated: 4643.528608585704
2021-11-27 20:34:21.263  INFO 530588 --- [nPool-worker-15] .t.t.s.TourGuideClientRewardsServiceImpl : Service - Distance calculated: 4458.284080576952
2021-11-27 20:34:21.263  INFO 530588 --- [nPool-worker-15] .t.t.s.TourGuideClientRewardsServiceImpl : Service - Distance calculated: 4819.7328427124085
2021-11-27 20:34:21.263  INFO 530588 --- [nPool-worker-15] .t.t.s.TourGuideClientRewardsServiceImpl : Service - Distance calculated: 4151.943585840848
2021-11-27 20:34:21.263  INFO 530588 --- [nPool-worker-15] .t.t.s.TourGuideClientRewardsServiceImpl : Service - Distance calculated: 2934.727138939436
2021-11-27 20:34:21.263  INFO 530588 --- [nPool-worker-15] .t.t.s.TourGuideClientRewardsServiceImpl : Service - Distance calculated: 5003.946111681316
2021-11-27 20:34:21.263  INFO 530588 --- [nPool-worker-15] .t.t.s.TourGuideClientRewardsServiceImpl : Service - Distance calculated: 5405.415955517489
2021-11-27 20:34:21.263  INFO 530588 --- [onPool-worker-7] .t.t.s.TourGuideClientRewardsServiceImpl : Service - Distance calculated: 8866.095510302996
2021-11-27 20:34:21.263  INFO 530588 --- [nPool-worker-15] .t.t.s.TourGuideClientRewardsServiceImpl : Service - Distance calculated: 3552.6886016756657
2021-11-27 20:34:21.263  INFO 530588 --- [nPool-worker-15] .t.t.s.TourGuideClientRewardsServiceImpl : Service - Distance calculated: 4222.533427570568
2021-11-27 20:34:21.263  INFO 530588 --- [onPool-worker-7] .t.t.s.TourGuideClientRewardsServiceImpl : Service - Distance calculated: 8615.424595092156
2021-11-27 20:34:21.263  INFO 530588 --- [onPool-worker-7] .t.t.s.TourGuideClientRewardsServiceImpl : Service - Distance calculated: 9156.321707569465
2021-11-27 20:34:21.263  INFO 530588 --- [onPool-worker-7] .t.t.s.TourGuideClientRewardsServiceImpl : Service - Distance calculated: 10365.57462908826
2021-11-27 20:34:21.263  INFO 530588 --- [onPool-worker-7] .t.t.s.TourGuideClientRewardsServiceImpl : Service - Distance calculated: 8319.244867255005
2021-11-27 20:34:21.263  INFO 530588 --- [onPool-worker-7] .t.t.s.TourGuideClientRewardsServiceImpl : Service - Distance calculated: 8138.738098431018
2021-11-27 20:34:21.263  INFO 530588 --- [onPool-worker-7] .t.t.s.TourGuideClientRewardsServiceImpl : Service - Distance calculated: 9746.123009197434
2021-11-27 20:34:21.263  INFO 530588 --- [onPool-worker-7] .t.t.s.TourGuideClientRewardsServiceImpl : Service - Distance calculated: 9232.468122845186
2021-11-27 20:34:21.263  INFO 530588 --- [onPool-worker-7] .t.t.s.TourGuideClientRewardsServiceImpl : Service - Distance calculated: 8232.852855558198
2021-11-27 20:34:21.263  INFO 530588 --- [onPool-worker-6] .t.t.s.TourGuideClientRewardsServiceImpl : Service - Distance calculated: 8064.083496234569
2021-11-27 20:34:21.263  INFO 530588 --- [onPool-worker-6] .t.t.s.TourGuideClientRewardsServiceImpl : Service - Distance calculated: 8127.491489859536
2021-11-27 20:34:21.263  INFO 530588 --- [onPool-worker-6] .t.t.s.TourGuideClientRewardsServiceImpl : Service - Distance calculated: 7960.499418832017
2021-11-27 20:34:21.263  INFO 530588 --- [onPool-worker-6] .t.t.s.TourGuideClientRewardsServiceImpl : Service - Distance calculated: 9010.895450617656
2021-11-27 20:34:21.263  INFO 530588 --- [onPool-worker-6] .t.t.s.TourGuideClientRewardsServiceImpl : Service - Distance calculated: 8098.62797230851
2021-11-27 20:34:21.263  INFO 530588 --- [onPool-worker-6] .t.t.s.TourGuideClientRewardsServiceImpl : Service - Distance calculated: 8650.610466391203
2021-11-27 20:34:21.263  INFO 530588 --- [onPool-worker-6] .t.t.s.TourGuideClientRewardsServiceImpl : Service - Distance calculated: 8894.040156891935
2021-11-27 20:34:21.263  INFO 530588 --- [onPool-worker-6] .t.t.s.TourGuideClientRewardsServiceImpl : Service - Distance calculated: 7993.6763366865325
2021-11-27 20:34:21.263  INFO 530588 --- [onPool-worker-6] .t.t.s.TourGuideClientRewardsServiceImpl : Service - Distance calculated: 6514.597009610393
2021-11-27 20:34:21.263  INFO 530588 --- [onPool-worker-6] .t.t.s.TourGuideClientRewardsServiceImpl : Service - Distance calculated: 7226.624578493866
2021-11-27 20:34:21.263  INFO 530588 --- [onPool-worker-6] .t.t.s.TourGuideClientRewardsServiceImpl : Service - Distance calculated: 6617.926751871842
2021-11-27 20:34:21.263  INFO 530588 --- [onPool-worker-6] .t.t.s.TourGuideClientRewardsServiceImpl : Service - Distance calculated: 6529.1816466286255
2021-11-27 20:34:21.263  INFO 530588 --- [onPool-worker-6] .t.t.s.TourGuideClientRewardsServiceImpl : Service - Distance calculated: 6922.809557461649
2021-11-27 20:34:21.263  INFO 530588 --- [onPool-worker-6] .t.t.s.TourGuideClientRewardsServiceImpl : Service - Distance calculated: 6821.312419433964
2021-11-27 20:34:21.263  INFO 530588 --- [onPool-worker-6] .t.t.s.TourGuideClientRewardsServiceImpl : Service - Distance calculated: 6427.647984966595
2021-11-27 20:34:21.263  INFO 530588 --- [onPool-worker-6] .t.t.s.TourGuideClientRewardsServiceImpl : Service - Distance calculated: 7363.402192751977
2021-11-27 20:34:21.263  INFO 530588 --- [onPool-worker-6] .t.t.s.TourGuideClientRewardsServiceImpl : Service - Distance calculated: 7150.267659870973
2021-11-27 20:34:21.263  INFO 530588 --- [onPool-worker-6] .t.t.s.TourGuideClientRewardsServiceImpl : Service - Distance calculated: 8473.221071370246
2021-11-27 20:34:21.263  INFO 530588 --- [onPool-worker-6] .t.t.s.TourGuideClientRewardsServiceImpl : Service - Distance calculated: 7588.654199742995
2021-11-27 20:34:21.264  INFO 530588 --- [onPool-worker-6] .t.t.s.TourGuideClientRewardsServiceImpl : Service - Distance calculated: 7419.611990297469
2021-11-27 20:34:21.264  INFO 530588 --- [onPool-worker-6] .t.t.s.TourGuideClientRewardsServiceImpl : Service - Distance calculated: 7406.919978574521
2021-11-27 20:34:21.264  INFO 530588 --- [onPool-worker-6] .t.t.s.TourGuideClientRewardsServiceImpl : Service - Distance calculated: 6571.820966927047
2021-11-27 20:34:21.264  INFO 530588 --- [onPool-worker-6] .t.t.s.TourGuideClientRewardsServiceImpl : Service - Distance calculated: 6467.317407633565
2021-11-27 20:34:21.264  INFO 530588 --- [onPool-worker-6] .t.t.s.TourGuideClientRewardsServiceImpl : Service - Distance calculated: 6829.5307765622165
2021-11-27 20:34:21.264  INFO 530588 --- [onPool-worker-6] .t.t.s.TourGuideClientRewardsServiceImpl : Service - Distance calculated: 6580.4840029994475
2021-11-27 20:34:21.264  INFO 530588 --- [onPool-worker-6] .t.t.s.TourGuideClientRewardsServiceImpl : Service - Distance calculated: 7076.999543446619
2021-11-27 20:34:21.264  INFO 530588 --- [onPool-worker-6] .t.t.s.TourGuideClientRewardsServiceImpl : Service - Distance calculated: 6509.794836216097
2021-11-27 20:34:21.264  INFO 530588 --- [onPool-worker-6] .t.t.s.TourGuideClientRewardsServiceImpl : Service - Distance calculated: 6443.794438532465
2021-11-27 20:34:21.264  INFO 530588 --- [onPool-worker-6] .t.t.s.TourGuideClientRewardsServiceImpl : Service - Distance calculated: 6592.674692953101
2021-11-27 20:34:21.264  INFO 530588 --- [onPool-worker-6] .t.t.s.TourGuideClientRewardsServiceImpl : Service - Distance calculated: 7750.835134604101
2021-11-27 20:34:21.264  INFO 530588 --- [onPool-worker-6] .t.t.s.TourGuideClientRewardsServiceImpl : Service - Distance calculated: 6459.41071665852
2021-11-27 20:34:21.264  INFO 530588 --- [onPool-worker-6] .t.t.s.TourGuideClientRewardsServiceImpl : Service - Distance calculated: 7096.099476124305
2021-11-27 20:34:21.264  INFO 530588 --- [onPool-worker-6] .t.t.s.TourGuideClientRewardsServiceImpl : Service - Distance calculated: 7598.228911217677
2021-11-27 20:34:21.264  INFO 530588 --- [onPool-worker-6] .t.t.s.TourGuideClientRewardsServiceImpl : Service - Distance calculated: 6638.017550452482
2021-11-27 20:34:21.264  INFO 530588 --- [onPool-worker-6] .t.t.s.TourGuideClientRewardsServiceImpl : Service - Distance calculated: 1913.9796575638477
2021-11-27 20:34:21.264  INFO 530588 --- [onPool-worker-6] .t.t.s.TourGuideClientRewardsServiceImpl : Service - Distance calculated: 1457.3571255788077
2021-11-27 20:34:21.264  INFO 530588 --- [onPool-worker-6] .t.t.s.TourGuideClientRewardsServiceImpl : Service - Distance calculated: 1756.1711542808507
2021-11-27 20:34:21.264  INFO 530588 --- [onPool-worker-6] .t.t.s.TourGuideClientRewardsServiceImpl : Service - Distance calculated: 1802.385056741718
2021-11-27 20:34:21.264  INFO 530588 --- [onPool-worker-6] .t.t.s.TourGuideClientRewardsServiceImpl : Service - Distance calculated: 504.66600267541304
2021-11-27 20:34:21.264  INFO 530588 --- [onPool-worker-6] .t.t.s.TourGuideClientRewardsServiceImpl : Service - Distance calculated: 557.3796370432905
2021-11-27 20:34:21.264  INFO 530588 --- [onPool-worker-6] .t.t.s.TourGuideClientRewardsServiceImpl : Service - Distance calculated: 1548.7461145847444
2021-11-27 20:34:21.264  INFO 530588 --- [onPool-worker-6] .t.t.s.TourGuideClientRewardsServiceImpl : Service - Distance calculated: 167.61948149855888
2021-11-27 20:34:21.264  INFO 530588 --- [onPool-worker-6] .t.t.s.TourGuideClientRewardsServiceImpl : Service - Distance calculated: 47.62755811757109
2021-11-27 20:34:21.264  INFO 530588 --- [onPool-worker-6] .t.t.s.TourGuideClientRewardsServiceImpl : Service - Distance calculated: 3189.8944609621767
2021-11-27 20:34:21.264  INFO 530588 --- [onPool-worker-6] .t.t.s.TourGuideClientRewardsServiceImpl : Service - Distance calculated: 566.831129649076
2021-11-27 20:34:21.264  INFO 530588 --- [onPool-worker-6] .t.t.s.TourGuideClientRewardsServiceImpl : Service - Distance calculated: 278.95168902990594
2021-11-27 20:34:21.264  INFO 530588 --- [onPool-worker-6] .t.t.s.TourGuideClientRewardsServiceImpl : Service - Distance calculated: 380.8098212942884
2021-11-27 20:34:21.264  INFO 530588 --- [onPool-worker-6] .t.t.s.TourGuideClientRewardsServiceImpl : Service - Distance calculated: 785.23394806655
2021-11-27 20:34:21.264  INFO 530588 --- [onPool-worker-6] .t.t.s.TourGuideClientRewardsServiceImpl : Service - Distance calculated: 944.9065996475877
2021-11-27 20:34:21.264  INFO 530588 --- [onPool-worker-6] .t.t.s.TourGuideClientRewardsServiceImpl : Service - Distance calculated: 377.88578404078766
2021-11-27 20:34:21.264  INFO 530588 --- [onPool-worker-6] .t.t.s.TourGuideClientRewardsServiceImpl : Service - Distance calculated: 658.315987742067
2021-11-27 20:34:21.264  INFO 530588 --- [onPool-worker-6] .t.t.s.TourGuideClientRewardsServiceImpl : Service - Distance calculated: 127.92234523011007
2021-11-27 20:34:21.264  INFO 530588 --- [onPool-worker-6] .t.t.s.TourGuideClientRewardsServiceImpl : Service - Distance calculated: 865.5145329231646
2021-11-27 20:34:21.264  INFO 530588 --- [onPool-worker-6] .t.t.s.TourGuideClientRewardsServiceImpl : Service - Distance calculated: 1896.2807058052435
2021-11-27 20:34:21.264  INFO 530588 --- [onPool-worker-6] .t.t.s.TourGuideClientRewardsServiceImpl : Service - Distance calculated: 681.3561359580473
2021-11-27 20:34:21.264  INFO 530588 --- [onPool-worker-6] .t.t.s.TourGuideClientRewardsServiceImpl : Service - Distance calculated: 744.0131311911648
2021-11-27 20:34:21.264  INFO 530588 --- [onPool-worker-6] .t.t.s.TourGuideClientRewardsServiceImpl : Service - Distance calculated: 1340.598250449047
2021-11-27 20:34:21.264  INFO 530588 --- [onPool-worker-6] .t.t.s.TourGuideClientRewardsServiceImpl : Service - Distance calculated: 580.5808560730869
2021-11-27 20:34:21.264  INFO 530588 --- [onPool-worker-6] .t.t.s.TourGuideClientRewardsServiceImpl : Service - Distance calculated: 575.016840754202
2021-11-27 20:34:21.264  INFO 530588 --- [onPool-worker-6] .t.t.s.TourGuideClientRewardsServiceImpl : Service - Distance calculated: 661.9109207812553
2021-11-27 20:34:21.263  INFO 530588 --- [onPool-worker-3] .t.t.s.TourGuideClientRewardsServiceImpl : Service - Distance calculated: 7492.094061646352
2021-11-27 20:34:21.263  INFO 530588 --- [nPool-worker-15] .t.t.s.TourGuideClientRewardsServiceImpl : Service - Distance calculated: 5289.73116223162
2021-11-27 20:34:21.264  INFO 530588 --- [onPool-worker-6] .t.t.s.TourGuideClientRewardsServiceImpl : Service - Distance calculated: 0.0
2021-11-27 20:34:21.264  INFO 530588 --- [nPool-worker-15] .t.t.s.TourGuideClientRewardsServiceImpl : Service - Distance calculated: 5050.74740996729
2021-11-27 20:34:21.264  INFO 530588 --- [nPool-worker-15] .t.t.s.TourGuideClientRewardsServiceImpl : Service - Distance calculated: 2727.018581183238
2021-11-27 20:34:21.264  INFO 530588 --- [nPool-worker-15] .t.t.s.TourGuideClientRewardsServiceImpl : Service - Distance calculated: 1986.4233577516284
2021-11-27 20:34:21.264  INFO 530588 --- [nPool-worker-15] .t.t.s.TourGuideClientRewardsServiceImpl : Service - Distance calculated: 2608.509730619331
2021-11-27 20:34:21.264  INFO 530588 --- [nPool-worker-15] .t.t.s.TourGuideClientRewardsServiceImpl : Service - Distance calculated: 2698.200689920224
2021-11-27 20:34:21.264  INFO 530588 --- [nPool-worker-15] .t.t.s.TourGuideClientRewardsServiceImpl : Service - Distance calculated: 2412.775286840824
2021-11-27 20:34:21.264  INFO 530588 --- [nPool-worker-15] .t.t.s.TourGuideClientRewardsServiceImpl : Service - Distance calculated: 2513.88197970404
2021-11-27 20:34:21.264  INFO 530588 --- [nPool-worker-15] .t.t.s.TourGuideClientRewardsServiceImpl : Service - Distance calculated: 2779.676418193489
2021-11-27 20:34:21.264  INFO 530588 --- [nPool-worker-15] .t.t.s.TourGuideClientRewardsServiceImpl : Service - Distance calculated: 2170.953446360003
2021-11-27 20:34:21.264  INFO 530588 --- [nPool-worker-15] .t.t.s.TourGuideClientRewardsServiceImpl : Service - Distance calculated: 2354.752289319643
2021-11-27 20:34:21.263  INFO 530588 --- [onPool-worker-7] .t.t.s.TourGuideClientRewardsServiceImpl : Service - Distance calculated: 8282.915399317557
2021-11-27 20:34:21.264  INFO 530588 --- [onPool-worker-7] .t.t.s.TourGuideClientRewardsServiceImpl : Service - Distance calculated: 3311.924789185877
2021-11-27 20:34:21.264  INFO 530588 --- [onPool-worker-7] .t.t.s.TourGuideClientRewardsServiceImpl : Service - Distance calculated: 2742.1895408575288
2021-11-27 20:34:21.264  INFO 530588 --- [onPool-worker-7] .t.t.s.TourGuideClientRewardsServiceImpl : Service - Distance calculated: 3149.959211691001
2021-11-27 20:34:21.264  INFO 530588 --- [onPool-worker-7] .t.t.s.TourGuideClientRewardsServiceImpl : Service - Distance calculated: 3203.7994519151302
2021-11-27 20:34:21.264  INFO 530588 --- [onPool-worker-3] .t.t.s.TourGuideClientRewardsServiceImpl : Service - Distance calculated: 8036.651130202028
2021-11-27 20:34:21.264  INFO 530588 --- [onPool-worker-7] .t.t.s.TourGuideClientRewardsServiceImpl : Service - Distance calculated: 1920.8342291294427
2021-11-27 20:34:21.264  INFO 530588 --- [nPool-worker-15] .t.t.s.TourGuideClientRewardsServiceImpl : Service - Distance calculated: 1655.1927586133615
2021-11-27 20:34:21.264  INFO 530588 --- [onPool-worker-7] .t.t.s.TourGuideClientRewardsServiceImpl : Service - Distance calculated: 1965.5051074499443
2021-11-27 20:34:21.264  INFO 530588 --- [onPool-worker-3] .t.t.s.TourGuideClientRewardsServiceImpl : Service - Distance calculated: 7541.899855751564
2021-11-27 20:34:21.264  INFO 530588 --- [onPool-worker-6] .t.t.s.TourGuideClientRewardsServiceImpl : Service - Distance calculated: 774.5207212649109
2021-11-27 20:34:21.264  INFO 530588 --- [onPool-worker-3] .t.t.s.TourGuideClientRewardsServiceImpl : Service - Distance calculated: 7464.238852820874
2021-11-27 20:34:21.264  INFO 530588 --- [nPool-worker-15] .t.t.s.TourGuideClientRewardsServiceImpl : Service - Distance calculated: 2185.6614424660193
2021-11-27 20:34:21.264  INFO 530588 --- [onPool-worker-6] .t.t.s.TourGuideClientRewardsServiceImpl : Service - Distance calculated: 164.91310606753288
2021-11-27 20:34:21.264  INFO 530588 --- [onPool-worker-7] .t.t.s.TourGuideClientRewardsServiceImpl : Service - Distance calculated: 2964.5705406679845
2021-11-27 20:34:21.264  INFO 530588 --- [onPool-worker-6] .t.t.s.TourGuideClientRewardsServiceImpl : Service - Distance calculated: 115.99464245531166
2021-11-27 20:34:21.264  INFO 530588 --- [nPool-worker-15] .t.t.s.TourGuideClientRewardsServiceImpl : Service - Distance calculated: 2192.980449173402
2021-11-27 20:34:21.264  INFO 530588 --- [onPool-worker-7] .t.t.s.TourGuideClientRewardsServiceImpl : Service - Distance calculated: 1319.8441790235636
2021-11-27 20:34:21.264  INFO 530588 --- [onPool-worker-6] .t.t.s.TourGuideClientRewardsServiceImpl : Service - Distance calculated: 1428.8577204882306
2021-11-27 20:34:21.264  INFO 530588 --- [onPool-worker-7] .t.t.s.TourGuideClientRewardsServiceImpl : Service - Distance calculated: 1434.2724189554617
2021-11-27 20:34:21.264  INFO 530588 --- [onPool-worker-6] .t.t.s.TourGuideClientRewardsServiceImpl : Service - Distance calculated: 1418.571827418631
2021-11-27 20:34:21.264  INFO 530588 --- [nPool-worker-15] .t.t.s.TourGuideClientRewardsServiceImpl : Service - Distance calculated: 2281.893177169897
2021-11-27 20:34:21.264  INFO 530588 --- [onPool-worker-6] .t.t.s.TourGuideClientRewardsServiceImpl : Service - Distance calculated: 460.11990361699293
2021-11-27 20:34:21.264  INFO 530588 --- [onPool-worker-7] .t.t.s.TourGuideClientRewardsServiceImpl : Service - Distance calculated: 4003.904061081364
2021-11-27 20:34:21.264  INFO 530588 --- [onPool-worker-6] .t.t.s.TourGuideClientRewardsServiceImpl : Service - Distance calculated: 1992.7911930022951
2021-11-27 20:34:21.264  INFO 530588 --- [onPool-worker-7] .t.t.s.TourGuideClientRewardsServiceImpl : Service - Distance calculated: 878.0143446510309
2021-11-27 20:34:21.264  INFO 530588 --- [nPool-worker-15] .t.t.s.TourGuideClientRewardsServiceImpl : Service - Distance calculated: 3080.6614667907998
2021-11-27 20:34:21.264  INFO 530588 --- [onPool-worker-6] .t.t.s.TourGuideClientRewardsServiceImpl : Service - Distance calculated: 1906.7972782801585
2021-11-27 20:34:21.264  INFO 530588 --- [onPool-worker-7] .t.t.s.TourGuideClientRewardsServiceImpl : Service - Distance calculated: 1164.4824260684159
2021-11-27 20:34:21.264  INFO 530588 --- [onPool-worker-6] .t.t.s.TourGuideClientRewardsServiceImpl : Service - Distance calculated: 2360.645624935619
2021-11-27 20:34:21.264  INFO 530588 --- [nPool-worker-15] .t.t.s.TourGuideClientRewardsServiceImpl : Service - Distance calculated: 2812.939586218785
2021-11-27 20:34:21.264  INFO 530588 --- [onPool-worker-6] .t.t.s.TourGuideClientRewardsServiceImpl : Service - Distance calculated: 2434.494471527265
2021-11-27 20:34:21.264  INFO 530588 --- [onPool-worker-7] .t.t.s.TourGuideClientRewardsServiceImpl : Service - Distance calculated: 1036.7528374660892
2021-11-27 20:34:21.264  INFO 530588 --- [nPool-worker-15] .t.t.s.TourGuideClientRewardsServiceImpl : Service - Distance calculated: 2611.7488647766672
2021-11-27 20:34:21.265  INFO 530588 --- [onPool-worker-6] .t.t.s.TourGuideClientRewardsServiceImpl : Service - Distance calculated: 2148.3967563579567
2021-11-27 20:34:21.265  INFO 530588 --- [onPool-worker-7] .t.t.s.TourGuideClientRewardsServiceImpl : Service - Distance calculated: 1516.2358068297362
2021-11-27 20:34:21.265  INFO 530588 --- [onPool-worker-6] .t.t.s.TourGuideClientRewardsServiceImpl : Service - Distance calculated: 2282.746325565392
2021-11-27 20:34:21.265  INFO 530588 --- [nPool-worker-15] .t.t.s.TourGuideClientRewardsServiceImpl : Service - Distance calculated: 2798.2460203722612
2021-11-27 20:34:21.265  INFO 530588 --- [onPool-worker-7] .t.t.s.TourGuideClientRewardsServiceImpl : Service - Distance calculated: 2327.4145173876427
2021-11-27 20:34:21.265  INFO 530588 --- [onPool-worker-6] .t.t.s.TourGuideClientRewardsServiceImpl : Service - Distance calculated: 2289.4339721013357
2021-11-27 20:34:21.265  INFO 530588 --- [nPool-worker-15] .t.t.s.TourGuideClientRewardsServiceImpl : Service - Distance calculated: 2436.402303355415
2021-11-27 20:34:21.265  INFO 530588 --- [onPool-worker-7] .t.t.s.TourGuideClientRewardsServiceImpl : Service - Distance calculated: 1698.282280441009
2021-11-27 20:34:21.265  INFO 530588 --- [nPool-worker-15] .t.t.s.TourGuideClientRewardsServiceImpl : Service - Distance calculated: 2787.293234414107
2021-11-27 20:34:21.265  INFO 530588 --- [onPool-worker-6] .t.t.s.TourGuideClientRewardsServiceImpl : Service - Distance calculated: 1204.372289719331
2021-11-27 20:34:21.265  INFO 530588 --- [nPool-worker-15] .t.t.s.TourGuideClientRewardsServiceImpl : Service - Distance calculated: 2790.50846512291
2021-11-27 20:34:21.265  INFO 530588 --- [onPool-worker-7] .t.t.s.TourGuideClientRewardsServiceImpl : Service - Distance calculated: 1969.9924786348354
2021-11-27 20:34:21.265  INFO 530588 --- [onPool-worker-6] .t.t.s.TourGuideClientRewardsServiceImpl : Service - Distance calculated: 1742.5694022642394
2021-11-27 20:34:21.265  INFO 530588 --- [onPool-worker-7] .t.t.s.TourGuideClientRewardsServiceImpl : Service - Distance calculated: 1444.4264787578152
2021-11-27 20:34:21.265  INFO 530588 --- [nPool-worker-15] .t.t.s.TourGuideClientRewardsServiceImpl : Service - Distance calculated: 2990.0681936596043
2021-11-27 20:34:21.265  INFO 530588 --- [onPool-worker-7] .t.t.s.TourGuideClientRewardsServiceImpl : Service - Distance calculated: 2242.6599236417856
2021-11-27 20:34:21.265  INFO 530588 --- [nPool-worker-15] .t.t.s.TourGuideClientRewardsServiceImpl : Service - Distance calculated: 2113.2276558741096
2021-11-27 20:34:21.265  INFO 530588 --- [onPool-worker-7] .t.t.s.TourGuideClientRewardsServiceImpl : Service - Distance calculated: 3301.6407253623074
2021-11-27 20:34:21.265  INFO 530588 --- [onPool-worker-6] .t.t.s.TourGuideClientRewardsServiceImpl : Service - Distance calculated: 1576.7472428725728
2021-11-27 20:34:21.265  INFO 530588 --- [nPool-worker-15] .t.t.s.TourGuideClientRewardsServiceImpl : Service - Distance calculated: 2753.009532516068
2021-11-27 20:34:21.265  INFO 530588 --- [onPool-worker-7] .t.t.s.TourGuideClientRewardsServiceImpl : Service - Distance calculated: 1589.736750130597
2021-11-27 20:34:21.265  INFO 530588 --- [onPool-worker-6] .t.t.s.TourGuideClientRewardsServiceImpl : Service - Distance calculated: 1921.4807999190489
2021-11-27 20:34:21.265  INFO 530588 --- [onPool-worker-7] .t.t.s.TourGuideClientRewardsServiceImpl : Service - Distance calculated: 751.1082160147026
2021-11-27 20:34:21.265  INFO 530588 --- [onPool-worker-6] .t.t.s.TourGuideClientRewardsServiceImpl : Service - Distance calculated: 1277.6245433336508
2021-11-27 20:34:21.265  INFO 530588 --- [nPool-worker-15] .t.t.s.TourGuideClientRewardsServiceImpl : Service - Distance calculated: 2205.0334637433766
2021-11-27 20:34:21.265  INFO 530588 --- [onPool-worker-7] .t.t.s.TourGuideClientRewardsServiceImpl : Service - Distance calculated: 2756.708851511819
2021-11-27 20:34:21.265  INFO 530588 --- [onPool-worker-6] .t.t.s.TourGuideClientRewardsServiceImpl : Service - Distance calculated: 87.03441722159666
2021-11-27 20:34:21.265  INFO 530588 --- [onPool-worker-7] .t.t.s.TourGuideClientRewardsServiceImpl : Service - Distance calculated: 1968.5253087315891
2021-11-27 20:34:21.265  INFO 530588 --- [onPool-worker-6] .t.t.s.TourGuideClientRewardsServiceImpl : Service - Distance calculated: 2127.2478407793283
2021-11-27 20:34:21.265  INFO 530588 --- [nPool-worker-15] .t.t.s.TourGuideClientRewardsServiceImpl : Service - Distance calculated: 2179.327284739553
2021-11-27 20:34:21.265  INFO 530588 --- [onPool-worker-7] .t.t.s.TourGuideClientRewardsServiceImpl : Service - Distance calculated: 872.7204396507212
2021-11-27 20:34:21.265  INFO 530588 --- [onPool-worker-6] .t.t.s.TourGuideClientRewardsServiceImpl : Service - Distance calculated: 2578.910516018122
2021-11-27 20:34:21.265  INFO 530588 --- [onPool-worker-7] .t.t.s.TourGuideClientRewardsServiceImpl : Service - Distance calculated: 1529.1283354627253
2021-11-27 20:34:21.265  INFO 530588 --- [onPool-worker-6] .t.t.s.TourGuideClientRewardsServiceImpl : Service - Distance calculated: 680.6158831369517
2021-11-27 20:34:21.265  INFO 530588 --- [onPool-worker-7] .t.t.s.TourGuideClientRewardsServiceImpl : Service - Distance calculated: 7590.597600116845
2021-11-27 20:34:21.265  INFO 530588 --- [nPool-worker-15] .t.t.s.TourGuideClientRewardsServiceImpl : Service - Distance calculated: 2966.9089854742924
2021-11-27 20:34:21.265  INFO 530588 --- [onPool-worker-6] .t.t.s.TourGuideClientRewardsServiceImpl : Service - Distance calculated: 1344.090272349311
2021-11-27 20:34:21.265  INFO 530588 --- [onPool-worker-7] .t.t.s.TourGuideClientRewardsServiceImpl : Service - Distance calculated: 7393.42078696672
2021-11-27 20:34:21.265  INFO 530588 --- [onPool-worker-7] .t.t.s.TourGuideClientRewardsServiceImpl : Service - Distance calculated: 7633.15545884287
2021-11-27 20:34:21.265  INFO 530588 --- [onPool-worker-6] .t.t.s.TourGuideClientRewardsServiceImpl : Service - Distance calculated: 2440.177336041544
2021-11-27 20:34:21.265  INFO 530588 --- [onPool-worker-7] .t.t.s.TourGuideClientRewardsServiceImpl : Service - Distance calculated: 7675.090011962767
2021-11-27 20:34:21.265  INFO 530588 --- [onPool-worker-6] .t.t.s.TourGuideClientRewardsServiceImpl : Service - Distance calculated: 2168.830527042806
2021-11-27 20:34:21.265  INFO 530588 --- [onPool-worker-6] .t.t.s.TourGuideClientRewardsServiceImpl : Service - Calculate rewards points for user: internalUser41
2021-11-27 20:34:21.265  INFO 530588 --- [nPool-worker-15] .t.t.s.TourGuideClientRewardsServiceImpl : Service - Distance calculated: 5.8950310023474215E-5
2021-11-27 20:34:21.265  INFO 530588 --- [onPool-worker-7] .t.t.s.TourGuideClientRewardsServiceImpl : Service - Distance calculated: 8362.549872120431
2021-11-27 20:34:21.265  INFO 530588 --- [onPool-worker-7] .t.t.s.TourGuideClientRewardsServiceImpl : Service - Distance calculated: 8445.262918361406
2021-11-27 20:34:21.265  INFO 530588 --- [onPool-worker-7] .t.t.s.TourGuideClientRewardsServiceImpl : Service - Distance calculated: 8005.348573888446
2021-11-27 20:34:21.265  INFO 530588 --- [onPool-worker-7] .t.t.s.TourGuideClientRewardsServiceImpl : Service - Distance calculated: 8308.508076285845
2021-11-27 20:34:21.265  INFO 530588 --- [onPool-worker-7] .t.t.s.TourGuideClientRewardsServiceImpl : Service - Distance calculated: 8469.699973899586
2021-11-27 20:34:21.265  INFO 530588 --- [onPool-worker-7] .t.t.s.TourGuideClientRewardsServiceImpl : Service - Distance calculated: 5396.936894807152
2021-11-27 20:34:21.265  INFO 530588 --- [onPool-worker-7] .t.t.s.TourGuideClientRewardsServiceImpl : Service - Distance calculated: 8333.454915648237
2021-11-27 20:34:21.265  INFO 530588 --- [onPool-worker-7] .t.t.s.TourGuideClientRewardsServiceImpl : Service - Distance calculated: 8346.610794975459
2021-11-27 20:34:21.265  INFO 530588 --- [onPool-worker-7] .t.t.s.TourGuideClientRewardsServiceImpl : Service - Distance calculated: 8438.998240239023
2021-11-27 20:34:21.265  INFO 530588 --- [onPool-worker-7] .t.t.s.TourGuideClientRewardsServiceImpl : Service - Distance calculated: 9213.057847629854
2021-11-27 20:34:21.265  INFO 530588 --- [onPool-worker-7] .t.t.s.TourGuideClientRewardsServiceImpl : Service - Distance calculated: 8558.621606914792
2021-11-27 20:34:21.265  INFO 530588 --- [onPool-worker-7] .t.t.s.TourGuideClientRewardsServiceImpl : Service - Distance calculated: 8659.114265310882
2021-11-27 20:34:21.265  INFO 530588 --- [onPool-worker-7] .t.t.s.TourGuideClientRewardsServiceImpl : Service - Distance calculated: 8747.175534830578
2021-11-27 20:34:21.265  INFO 530588 --- [onPool-worker-7] .t.t.s.TourGuideClientRewardsServiceImpl : Service - Distance calculated: 8549.73947078489
2021-11-27 20:34:21.265  INFO 530588 --- [onPool-worker-7] .t.t.s.TourGuideClientRewardsServiceImpl : Service - Distance calculated: 8584.596718393872
2021-11-27 20:34:21.265  INFO 530588 --- [onPool-worker-7] .t.t.s.TourGuideClientRewardsServiceImpl : Service - Distance calculated: 7673.01632905339
2021-11-27 20:34:21.265  INFO 530588 --- [onPool-worker-7] .t.t.s.TourGuideClientRewardsServiceImpl : Service - Distance calculated: 9098.57711031825
2021-11-27 20:34:21.265  INFO 530588 --- [onPool-worker-7] .t.t.s.TourGuideClientRewardsServiceImpl : Service - Distance calculated: 8236.578741187168
2021-11-27 20:34:21.265  INFO 530588 --- [onPool-worker-7] .t.t.s.TourGuideClientRewardsServiceImpl : Service - Distance calculated: 8164.278408081759
2021-11-27 20:34:21.265  INFO 530588 --- [onPool-worker-7] .t.t.s.TourGuideClientRewardsServiceImpl : Service - Distance calculated: 8132.610090055526
2021-11-27 20:34:21.265  INFO 530588 --- [nPool-worker-15] .t.t.s.TourGuideClientRewardsServiceImpl : Service - Distance calculated: 774.5207212649109
2021-11-27 20:34:21.265  INFO 530588 --- [onPool-worker-7] .t.t.s.TourGuideClientRewardsServiceImpl : Service - Distance calculated: 8326.371363771686
2021-11-27 20:34:21.265  INFO 530588 --- [nPool-worker-15] .t.t.s.TourGuideClientRewardsServiceImpl : Service - Distance calculated: 164.91310606753288
2021-11-27 20:34:21.265  INFO 530588 --- [onPool-worker-7] .t.t.s.TourGuideClientRewardsServiceImpl : Service - Distance calculated: 9087.382641282946
2021-11-27 20:34:21.265  INFO 530588 --- [nPool-worker-15] .t.t.s.TourGuideClientRewardsServiceImpl : Service - Distance calculated: 115.99464245531166
2021-11-27 20:34:21.265  INFO 530588 --- [onPool-worker-7] .t.t.s.TourGuideClientRewardsServiceImpl : Service - Distance calculated: 8257.214948642051
2021-11-27 20:34:21.265  INFO 530588 --- [nPool-worker-15] .t.t.s.TourGuideClientRewardsServiceImpl : Service - Distance calculated: 1428.8577204882306
2021-11-27 20:34:21.265  INFO 530588 --- [onPool-worker-7] .t.t.s.TourGuideClientRewardsServiceImpl : Service - Distance calculated: 9031.363191106466
2021-11-27 20:34:21.265  INFO 530588 --- [onPool-worker-7] .t.t.s.TourGuideClientRewardsServiceImpl : Service - Distance calculated: 8404.278698350203
2021-11-27 20:34:21.265  INFO 530588 --- [nPool-worker-15] .t.t.s.TourGuideClientRewardsServiceImpl : Service - Distance calculated: 1418.571827418631
2021-11-27 20:34:21.265  INFO 530588 --- [nPool-worker-15] .t.t.s.TourGuideClientRewardsServiceImpl : Service - Distance calculated: 460.11990361699293
2021-11-27 20:34:21.265  INFO 530588 --- [nPool-worker-15] .t.t.s.TourGuideClientRewardsServiceImpl : Service - Distance calculated: 1992.7911930022951
2021-11-27 20:34:21.265  INFO 530588 --- [nPool-worker-15] .t.t.s.TourGuideClientRewardsServiceImpl : Service - Distance calculated: 1906.7972782801585
2021-11-27 20:34:21.265  INFO 530588 --- [nPool-worker-15] .t.t.s.TourGuideClientRewardsServiceImpl : Service - Distance calculated: 2360.645624935619
2021-11-27 20:34:21.265  INFO 530588 --- [nPool-worker-15] .t.t.s.TourGuideClientRewardsServiceImpl : Service - Distance calculated: 2434.494471527265
2021-11-27 20:34:21.265  INFO 530588 --- [nPool-worker-15] .t.t.s.TourGuideClientRewardsServiceImpl : Service - Distance calculated: 2148.3967563579567
2021-11-27 20:34:21.265  INFO 530588 --- [nPool-worker-15] .t.t.s.TourGuideClientRewardsServiceImpl : Service - Distance calculated: 2282.746325565392
2021-11-27 20:34:21.265  INFO 530588 --- [nPool-worker-15] .t.t.s.TourGuideClientRewardsServiceImpl : Service - Distance calculated: 2289.4339721013357
2021-11-27 20:34:21.265  INFO 530588 --- [nPool-worker-15] .t.t.s.TourGuideClientRewardsServiceImpl : Service - Distance calculated: 1204.372289719331
2021-11-27 20:34:21.265  INFO 530588 --- [nPool-worker-15] .t.t.s.TourGuideClientRewardsServiceImpl : Service - Distance calculated: 1742.5694022642394
2021-11-27 20:34:21.265  INFO 530588 --- [nPool-worker-15] .t.t.s.TourGuideClientRewardsServiceImpl : Service - Distance calculated: 1576.7472428725728
2021-11-27 20:34:21.265  INFO 530588 --- [nPool-worker-15] .t.t.s.TourGuideClientRewardsServiceImpl : Service - Distance calculated: 1921.4807999190489
2021-11-27 20:34:21.265  INFO 530588 --- [nPool-worker-15] .t.t.s.TourGuideClientRewardsServiceImpl : Service - Distance calculated: 1277.6245433336508
2021-11-27 20:34:21.265  INFO 530588 --- [nPool-worker-15] .t.t.s.TourGuideClientRewardsServiceImpl : Service - Distance calculated: 87.03441722159666
2021-11-27 20:34:21.265  INFO 530588 --- [onPool-worker-7] .t.t.s.TourGuideClientRewardsServiceImpl : Service - Distance calculated: 8317.667641901211
2021-11-27 20:34:21.265  INFO 530588 --- [onPool-worker-7] .t.t.s.TourGuideClientRewardsServiceImpl : Service - Distance calculated: 9110.884648239782
2021-11-27 20:34:21.265  INFO 530588 --- [nPool-worker-15] .t.t.s.TourGuideClientRewardsServiceImpl : Service - Distance calculated: 2127.2478407793283
2021-11-27 20:34:21.265  INFO 530588 --- [onPool-worker-7] .t.t.s.TourGuideClientRewardsServiceImpl : Service - Distance calculated: 9016.042327751382
2021-11-27 20:34:21.266  INFO 530588 --- [onPool-worker-7] .t.t.s.TourGuideClientRewardsServiceImpl : Service - Distance calculated: 8352.730615182769
2021-11-27 20:34:21.266  INFO 530588 --- [nPool-worker-15] .t.t.s.TourGuideClientRewardsServiceImpl : Service - Distance calculated: 2578.9105160181207
2021-11-27 20:34:21.266  INFO 530588 --- [onPool-worker-7] .t.t.s.TourGuideClientRewardsServiceImpl : Service - Distance calculated: 9641.699352332525
2021-11-27 20:34:21.266  INFO 530588 --- [nPool-worker-15] .t.t.s.TourGuideClientRewardsServiceImpl : Service - Distance calculated: 680.6158831369517
2021-11-27 20:34:21.266  INFO 530588 --- [onPool-worker-7] .t.t.s.TourGuideClientRewardsServiceImpl : Service - Distance calculated: 9429.695508260302
2021-11-27 20:34:21.266  INFO 530588 --- [nPool-worker-15] .t.t.s.TourGuideClientRewardsServiceImpl : Service - Distance calculated: 1344.0902723493095
2021-11-27 20:34:21.266  INFO 530588 --- [nPool-worker-15] .t.t.s.TourGuideClientRewardsServiceImpl : Service - Distance calculated: 2440.1773360415445
2021-11-27 20:34:21.266  INFO 530588 --- [onPool-worker-7] .t.t.s.TourGuideClientRewardsServiceImpl : Service - Distance calculated: 9180.247172565138
2021-11-27 20:34:21.266  INFO 530588 --- [nPool-worker-15] .t.t.s.TourGuideClientRewardsServiceImpl : Service - Distance calculated: 2168.8305270428054
2021-11-27 20:34:21.266  INFO 530588 --- [nPool-worker-15] .t.t.s.TourGuideClientRewardsServiceImpl : Service - Calculate rewards points for user: internalUser44
2021-11-27 20:34:21.266  INFO 530588 --- [onPool-worker-7] .t.t.s.TourGuideClientRewardsServiceImpl : Service - Distance calculated: 9926.429907860796
2021-11-27 20:34:21.266  INFO 530588 --- [onPool-worker-7] .t.t.s.TourGuideClientRewardsServiceImpl : Service - Distance calculated: 9723.820640619275
2021-11-27 20:34:21.266  INFO 530588 --- [onPool-worker-7] .t.t.s.TourGuideClientRewardsServiceImpl : Service - Distance calculated: 9734.085215801966
2021-11-27 20:34:21.266  INFO 530588 --- [onPool-worker-7] .t.t.s.TourGuideClientRewardsServiceImpl : Service - Distance calculated: 8920.001014368778
2021-11-27 20:34:21.266  INFO 530588 --- [onPool-worker-7] .t.t.s.TourGuideClientRewardsServiceImpl : Service - Distance calculated: 8625.988785958065
2021-11-27 20:34:21.266  INFO 530588 --- [onPool-worker-7] .t.t.s.TourGuideClientRewardsServiceImpl : Service - Distance calculated: 9096.780041348946
2021-11-27 20:34:21.266  INFO 530588 --- [onPool-worker-7] .t.t.s.TourGuideClientRewardsServiceImpl : Service - Distance calculated: 8823.899868316863
2021-11-27 20:34:21.266  INFO 530588 --- [onPool-worker-7] .t.t.s.TourGuideClientRewardsServiceImpl : Service - Distance calculated: 9364.39275899735
2021-11-27 20:34:21.266  INFO 530588 --- [onPool-worker-7] .t.t.s.TourGuideClientRewardsServiceImpl : Service - Distance calculated: 8686.23889463692
2021-11-27 20:34:21.266  INFO 530588 --- [onPool-worker-7] .t.t.s.TourGuideClientRewardsServiceImpl : Service - Distance calculated: 8213.453328735919
2021-11-27 20:34:21.266  INFO 530588 --- [onPool-worker-7] .t.t.s.TourGuideClientRewardsServiceImpl : Service - Distance calculated: 8924.769492327812
2021-11-27 20:34:21.266  INFO 530588 --- [onPool-worker-7] .t.t.s.TourGuideClientRewardsServiceImpl : Service - Distance calculated: 10097.66145435456
2021-11-27 20:34:21.266  INFO 530588 --- [onPool-worker-7] .t.t.s.TourGuideClientRewardsServiceImpl : Service - Distance calculated: 8461.384818489289
2021-11-27 20:34:21.266  INFO 530588 --- [onPool-worker-7] .t.t.s.TourGuideClientRewardsServiceImpl : Service - Distance calculated: 9235.790755322281
2021-11-27 20:34:21.266  INFO 530588 --- [onPool-worker-7] .t.t.s.TourGuideClientRewardsServiceImpl : Service - Distance calculated: 9936.21012210414
2021-11-27 20:34:21.266  INFO 530588 --- [onPool-worker-7] .t.t.s.TourGuideClientRewardsServiceImpl : Service - Distance calculated: 8974.314618815393
2021-11-27 20:34:21.266  INFO 530588 --- [onPool-worker-7] .t.t.s.TourGuideClientRewardsServiceImpl : Service - Distance calculated: 0.0
2021-11-27 20:34:21.266  INFO 530588 --- [onPool-worker-3] .t.t.s.TourGuideClientRewardsServiceImpl : Service - Distance calculated: 7329.682864948441
2021-11-27 20:34:21.266  INFO 530588 --- [onPool-worker-3] .t.t.s.TourGuideClientRewardsServiceImpl : Service - Distance calculated: 7231.992654197197
2021-11-27 20:34:21.266  INFO 530588 --- [onPool-worker-3] .t.t.s.TourGuideClientRewardsServiceImpl : Service - Distance calculated: 7245.154099532144
2021-11-27 20:34:21.266  INFO 530588 --- [onPool-worker-3] .t.t.s.TourGuideClientRewardsServiceImpl : Service - Distance calculated: 7536.767253042128
2021-11-27 20:34:21.266  INFO 530588 --- [onPool-worker-3] .t.t.s.TourGuideClientRewardsServiceImpl : Service - Distance calculated: 7351.46941892796
2021-11-27 20:34:21.266  INFO 530588 --- [onPool-worker-7] .t.t.s.TourGuideClientRewardsServiceImpl : Service - Distance calculated: 774.5207212649109
2021-11-27 20:34:21.266  INFO 530588 --- [onPool-worker-3] .t.t.s.TourGuideClientRewardsServiceImpl : Service - Distance calculated: 9794.087885973062
2021-11-27 20:34:21.266  INFO 530588 --- [onPool-worker-3] .t.t.s.TourGuideClientRewardsServiceImpl : Service - Distance calculated: 7568.385727893606
2021-11-27 20:34:21.266  INFO 530588 --- [onPool-worker-3] .t.t.s.TourGuideClientRewardsServiceImpl : Service - Distance calculated: 7523.451258487959
2021-11-27 20:34:21.266  INFO 530588 --- [onPool-worker-7] .t.t.s.TourGuideClientRewardsServiceImpl : Service - Distance calculated: 164.91310606753288
2021-11-27 20:34:21.266  INFO 530588 --- [onPool-worker-3] .t.t.s.TourGuideClientRewardsServiceImpl : Service - Distance calculated: 7446.844553990399
2021-11-27 20:34:21.266  INFO 530588 --- [onPool-worker-3] .t.t.s.TourGuideClientRewardsServiceImpl : Service - Distance calculated: 6628.851930197468
2021-11-27 20:34:21.266  INFO 530588 --- [onPool-worker-7] .t.t.s.TourGuideClientRewardsServiceImpl : Service - Distance calculated: 115.99464245531166
2021-11-27 20:34:21.266  INFO 530588 --- [onPool-worker-3] .t.t.s.TourGuideClientRewardsServiceImpl : Service - Distance calculated: 6986.278535726053
2021-11-27 20:34:21.266  INFO 530588 --- [onPool-worker-7] .t.t.s.TourGuideClientRewardsServiceImpl : Service - Distance calculated: 1428.8577204882306
2021-11-27 20:34:21.266  INFO 530588 --- [onPool-worker-3] .t.t.s.TourGuideClientRewardsServiceImpl : Service - Distance calculated: 7101.799077432535
2021-11-27 20:34:21.266  INFO 530588 --- [onPool-worker-7] .t.t.s.TourGuideClientRewardsServiceImpl : Service - Distance calculated: 1418.571827418631
2021-11-27 20:34:21.266  INFO 530588 --- [onPool-worker-3] .t.t.s.TourGuideClientRewardsServiceImpl : Service - Distance calculated: 6935.997503660267
2021-11-27 20:34:21.266  INFO 530588 --- [onPool-worker-7] .t.t.s.TourGuideClientRewardsServiceImpl : Service - Distance calculated: 460.11990361699293
2021-11-27 20:34:21.266  INFO 530588 --- [onPool-worker-3] .t.t.s.TourGuideClientRewardsServiceImpl : Service - Distance calculated: 7269.816575136494
2021-11-27 20:34:21.266  INFO 530588 --- [onPool-worker-7] .t.t.s.TourGuideClientRewardsServiceImpl : Service - Distance calculated: 1992.7911930022951
2021-11-27 20:34:21.266  INFO 530588 --- [onPool-worker-3] .t.t.s.TourGuideClientRewardsServiceImpl : Service - Distance calculated: 6994.7061656869
2021-11-27 20:34:21.266  INFO 530588 --- [onPool-worker-7] .t.t.s.TourGuideClientRewardsServiceImpl : Service - Distance calculated: 1906.7972782801585
2021-11-27 20:34:21.266  INFO 530588 --- [onPool-worker-7] .t.t.s.TourGuideClientRewardsServiceImpl : Service - Distance calculated: 2360.645624935619
2021-11-27 20:34:21.266  INFO 530588 --- [onPool-worker-7] .t.t.s.TourGuideClientRewardsServiceImpl : Service - Distance calculated: 2434.494471527265
2021-11-27 20:34:21.266  INFO 530588 --- [onPool-worker-7] .t.t.s.TourGuideClientRewardsServiceImpl : Service - Distance calculated: 2148.3967563579567
2021-11-27 20:34:21.266  INFO 530588 --- [onPool-worker-7] .t.t.s.TourGuideClientRewardsServiceImpl : Service - Distance calculated: 2282.746325565392
2021-11-27 20:34:21.266  INFO 530588 --- [onPool-worker-7] .t.t.s.TourGuideClientRewardsServiceImpl : Service - Distance calculated: 2289.4339721013357
2021-11-27 20:34:21.266  INFO 530588 --- [onPool-worker-7] .t.t.s.TourGuideClientRewardsServiceImpl : Service - Distance calculated: 1204.372289719331
2021-11-27 20:34:21.266  INFO 530588 --- [onPool-worker-7] .t.t.s.TourGuideClientRewardsServiceImpl : Service - Distance calculated: 1742.5694022642394
2021-11-27 20:34:21.266  INFO 530588 --- [onPool-worker-7] .t.t.s.TourGuideClientRewardsServiceImpl : Service - Distance calculated: 1576.7472428725728
2021-11-27 20:34:21.266  INFO 530588 --- [onPool-worker-7] .t.t.s.TourGuideClientRewardsServiceImpl : Service - Distance calculated: 1921.4807999190489
2021-11-27 20:34:21.266  INFO 530588 --- [onPool-worker-7] .t.t.s.TourGuideClientRewardsServiceImpl : Service - Distance calculated: 1277.6245433336508
2021-11-27 20:34:21.266  INFO 530588 --- [onPool-worker-7] .t.t.s.TourGuideClientRewardsServiceImpl : Service - Distance calculated: 87.03441722159666
2021-11-27 20:34:21.266  INFO 530588 --- [onPool-worker-7] .t.t.s.TourGuideClientRewardsServiceImpl : Service - Distance calculated: 2127.2478407793283
2021-11-27 20:34:21.266  INFO 530588 --- [onPool-worker-7] .t.t.s.TourGuideClientRewardsServiceImpl : Service - Distance calculated: 2578.910516018122
2021-11-27 20:34:21.266  INFO 530588 --- [onPool-worker-7] .t.t.s.TourGuideClientRewardsServiceImpl : Service - Distance calculated: 680.6158831369517
2021-11-27 20:34:21.266  INFO 530588 --- [onPool-worker-7] .t.t.s.TourGuideClientRewardsServiceImpl : Service - Distance calculated: 1344.090272349311
2021-11-27 20:34:21.266  INFO 530588 --- [onPool-worker-7] .t.t.s.TourGuideClientRewardsServiceImpl : Service - Distance calculated: 2440.177336041544
2021-11-27 20:34:21.266  INFO 530588 --- [onPool-worker-7] .t.t.s.TourGuideClientRewardsServiceImpl : Service - Distance calculated: 2168.830527042806
2021-11-27 20:34:21.267  INFO 530588 --- [onPool-worker-7] .t.t.s.TourGuideClientRewardsServiceImpl : Service - Calculate rewards points for user: internalUser46
2021-11-27 20:34:21.267  INFO 530588 --- [onPool-worker-3] .t.t.s.TourGuideClientRewardsServiceImpl : Service - Distance calculated: 7407.878701131573
2021-11-27 20:34:21.267  INFO 530588 --- [onPool-worker-3] .t.t.s.TourGuideClientRewardsServiceImpl : Service - Distance calculated: 6716.253493641249
2021-11-27 20:34:21.267  INFO 530588 --- [onPool-worker-3] .t.t.s.TourGuideClientRewardsServiceImpl : Service - Distance calculated: 7673.763549207001
2021-11-27 20:34:21.267  INFO 530588 --- [onPool-worker-3] .t.t.s.TourGuideClientRewardsServiceImpl : Service - Distance calculated: 7187.6813140978165
2021-11-27 20:34:21.267  INFO 530588 --- [onPool-worker-3] .t.t.s.TourGuideClientRewardsServiceImpl : Service - Distance calculated: 7550.614459508007
2021-11-27 20:34:21.267  INFO 530588 --- [onPool-worker-3] .t.t.s.TourGuideClientRewardsServiceImpl : Service - Distance calculated: 7575.947445056802
2021-11-27 20:34:21.267  INFO 530588 --- [onPool-worker-3] .t.t.s.TourGuideClientRewardsServiceImpl : Service - Distance calculated: 6740.196952570164
2021-11-27 20:34:21.267  INFO 530588 --- [onPool-worker-3] .t.t.s.TourGuideClientRewardsServiceImpl : Service - Distance calculated: 5956.161679771262
2021-11-27 20:34:21.267  INFO 530588 --- [onPool-worker-3] .t.t.s.TourGuideClientRewardsServiceImpl : Service - Distance calculated: 5286.466456391396
2021-11-27 20:34:21.267  INFO 530588 --- [onPool-worker-3] .t.t.s.TourGuideClientRewardsServiceImpl : Service - Distance calculated: 5791.309805879484
2021-11-27 20:34:21.267  INFO 530588 --- [onPool-worker-3] .t.t.s.TourGuideClientRewardsServiceImpl : Service - Distance calculated: 5855.769300045344
2021-11-27 20:34:21.267  INFO 530588 --- [onPool-worker-3] .t.t.s.TourGuideClientRewardsServiceImpl : Service - Distance calculated: 4615.698364443918
2021-11-27 20:34:21.267  INFO 530588 --- [onPool-worker-3] .t.t.s.TourGuideClientRewardsServiceImpl : Service - Distance calculated: 4665.8699016964265
2021-11-27 20:34:21.267  INFO 530588 --- [onPool-worker-3] .t.t.s.TourGuideClientRewardsServiceImpl : Service - Distance calculated: 5649.550917285036
2021-11-27 20:34:21.267  INFO 530588 --- [onPool-worker-3] .t.t.s.TourGuideClientRewardsServiceImpl : Service - Distance calculated: 3998.4628414011268
2021-11-27 20:34:21.267  INFO 530588 --- [onPool-worker-3] .t.t.s.TourGuideClientRewardsServiceImpl : Service - Distance calculated: 4132.991536755068
2021-11-27 20:34:21.267  INFO 530588 --- [onPool-worker-3] .t.t.s.TourGuideClientRewardsServiceImpl : Service - Distance calculated: 5775.124229277192
2021-11-27 20:34:21.267  INFO 530588 --- [onPool-worker-3] .t.t.s.TourGuideClientRewardsServiceImpl : Service - Distance calculated: 3552.853142590982
2021-11-27 20:34:21.267  INFO 530588 --- [onPool-worker-3] .t.t.s.TourGuideClientRewardsServiceImpl : Service - Distance calculated: 3846.7393723055316
2021-11-27 20:34:21.268  INFO 530588 --- [onPool-worker-3] .t.t.s.TourGuideClientRewardsServiceImpl : Service - Distance calculated: 3731.025972360147
2021-11-27 20:34:21.268  INFO 530588 --- [onPool-worker-3] .t.t.s.TourGuideClientRewardsServiceImpl : Service - Distance calculated: 4122.963677351536
2021-11-27 20:34:21.268  INFO 530588 --- [onPool-worker-3] .t.t.s.TourGuideClientRewardsServiceImpl : Service - Distance calculated: 5030.130543389753
2021-11-27 20:34:21.268  INFO 530588 --- [onPool-worker-3] .t.t.s.TourGuideClientRewardsServiceImpl : Service - Distance calculated: 4400.194402280372
2021-11-27 20:34:21.268  INFO 530588 --- [onPool-worker-3] .t.t.s.TourGuideClientRewardsServiceImpl : Service - Distance calculated: 4666.945381162592
2021-11-27 20:34:21.268  INFO 530588 --- [onPool-worker-3] .t.t.s.TourGuideClientRewardsServiceImpl : Service - Distance calculated: 4146.83931587658
2021-11-27 20:34:21.268  INFO 530588 --- [onPool-worker-3] .t.t.s.TourGuideClientRewardsServiceImpl : Service - Distance calculated: 4945.16932541323
2021-11-27 20:34:21.268  INFO 530588 --- [onPool-worker-3] .t.t.s.TourGuideClientRewardsServiceImpl : Service - Distance calculated: 5958.853642052107
2021-11-27 20:34:21.268  INFO 530588 --- [onPool-worker-3] .t.t.s.TourGuideClientRewardsServiceImpl : Service - Distance calculated: 4232.910079796658
2021-11-27 20:34:21.268  INFO 530588 --- [onPool-worker-3] .t.t.s.TourGuideClientRewardsServiceImpl : Service - Distance calculated: 3392.1591104280897
2021-11-27 20:34:21.268  INFO 530588 --- [onPool-worker-3] .t.t.s.TourGuideClientRewardsServiceImpl : Service - Distance calculated: 5450.163685851294
2021-11-27 20:34:21.268  INFO 530588 --- [onPool-worker-3] .t.t.s.TourGuideClientRewardsServiceImpl : Service - Distance calculated: 4636.324293549278
2021-11-27 20:34:21.268  INFO 530588 --- [onPool-worker-3] .t.t.s.TourGuideClientRewardsServiceImpl : Service - Distance calculated: 3545.790705812695
2021-11-27 20:34:21.268  INFO 530588 --- [onPool-worker-3] .t.t.s.TourGuideClientRewardsServiceImpl : Service - Distance calculated: 4172.628500934353
2021-11-27 20:34:21.268  INFO 530588 --- [onPool-worker-3] .t.t.s.TourGuideClientRewardsServiceImpl : Service - Distance calculated: 6605.175430819445
2021-11-27 20:34:21.268  INFO 530588 --- [onPool-worker-3] .t.t.s.TourGuideClientRewardsServiceImpl : Service - Distance calculated: 7348.418100681272
2021-11-27 20:34:21.268  INFO 530588 --- [onPool-worker-3] .t.t.s.TourGuideClientRewardsServiceImpl : Service - Distance calculated: 6766.364393942466
2021-11-27 20:34:21.268  INFO 530588 --- [onPool-worker-3] .t.t.s.TourGuideClientRewardsServiceImpl : Service - Distance calculated: 6688.865259421066
2021-11-27 20:34:21.268  INFO 530588 --- [onPool-worker-3] .t.t.s.TourGuideClientRewardsServiceImpl : Service - Distance calculated: 7782.37281217952
2021-11-27 20:34:21.268  INFO 530588 --- [onPool-worker-3] .t.t.s.TourGuideClientRewardsServiceImpl : Service - Distance calculated: 7710.889018517305
2021-11-27 20:34:21.268  INFO 530588 --- [onPool-worker-3] .t.t.s.TourGuideClientRewardsServiceImpl : Service - Distance calculated: 6820.7529383081865
2021-11-27 20:34:21.268  INFO 530588 --- [onPool-worker-3] .t.t.s.TourGuideClientRewardsServiceImpl : Service - Distance calculated: 8404.19695835887
2021-11-27 20:34:21.268  INFO 530588 --- [onPool-worker-3] .t.t.s.TourGuideClientRewardsServiceImpl : Service - Distance calculated: 8228.950463820425
2021-11-27 20:34:21.268  INFO 530588 --- [onPool-worker-3] .t.t.s.TourGuideClientRewardsServiceImpl : Service - Distance calculated: 7290.512075217737
2021-11-27 20:34:21.268  INFO 530588 --- [onPool-worker-3] .t.t.s.TourGuideClientRewardsServiceImpl : Service - Distance calculated: 8823.565981169144
2021-11-27 20:34:21.268  INFO 530588 --- [onPool-worker-3] .t.t.s.TourGuideClientRewardsServiceImpl : Service - Distance calculated: 8539.881536098319
2021-11-27 20:34:21.268  INFO 530588 --- [onPool-worker-3] .t.t.s.TourGuideClientRewardsServiceImpl : Service - Distance calculated: 8623.68200815781
2021-11-27 20:34:21.268  INFO 530588 --- [onPool-worker-3] .t.t.s.TourGuideClientRewardsServiceImpl : Service - Distance calculated: 8039.248734520068
2021-11-27 20:34:21.268  INFO 530588 --- [onPool-worker-3] .t.t.s.TourGuideClientRewardsServiceImpl : Service - Distance calculated: 7316.486882025627
2021-11-27 20:34:21.268  INFO 530588 --- [onPool-worker-3] .t.t.s.TourGuideClientRewardsServiceImpl : Service - Distance calculated: 7917.676449609369
2021-11-27 20:34:21.268  INFO 530588 --- [onPool-worker-3] .t.t.s.TourGuideClientRewardsServiceImpl : Service - Distance calculated: 7632.20661462707
2021-11-27 20:34:21.268  INFO 530588 --- [onPool-worker-3] .t.t.s.TourGuideClientRewardsServiceImpl : Service - Distance calculated: 8193.670629640264
2021-11-27 20:34:21.268  INFO 530588 --- [onPool-worker-3] .t.t.s.TourGuideClientRewardsServiceImpl : Service - Distance calculated: 7395.605925812548
2021-11-27 20:34:21.268  INFO 530588 --- [onPool-worker-3] .t.t.s.TourGuideClientRewardsServiceImpl : Service - Distance calculated: 6581.886741588167
2021-11-27 20:34:21.268  INFO 530588 --- [onPool-worker-3] .t.t.s.TourGuideClientRewardsServiceImpl : Service - Distance calculated: 7964.621304011298
2021-11-27 20:34:21.268  INFO 530588 --- [onPool-worker-3] .t.t.s.TourGuideClientRewardsServiceImpl : Service - Distance calculated: 9004.510178372357
2021-11-27 20:34:21.268  INFO 530588 --- [onPool-worker-3] .t.t.s.TourGuideClientRewardsServiceImpl : Service - Distance calculated: 6986.898703146501
2021-11-27 20:34:21.268  INFO 530588 --- [onPool-worker-3] .t.t.s.TourGuideClientRewardsServiceImpl : Service - Distance calculated: 7821.829983868508
2021-11-27 20:34:21.268  INFO 530588 --- [onPool-worker-3] .t.t.s.TourGuideClientRewardsServiceImpl : Service - Distance calculated: 8832.36887653195
2021-11-27 20:34:21.268  INFO 530588 --- [onPool-worker-3] .t.t.s.TourGuideClientRewardsServiceImpl : Service - Distance calculated: 8025.055517271436
2021-11-27 20:34:21.268  INFO 530588 --- [onPool-worker-3] .t.t.s.TourGuideClientRewardsServiceImpl : Service - Distance calculated: 1304.0694174207356
2021-11-27 20:34:21.268  INFO 530588 --- [onPool-worker-3] .t.t.s.TourGuideClientRewardsServiceImpl : Service - Distance calculated: 1937.5738859569517
2021-11-27 20:34:21.268  INFO 530588 --- [onPool-worker-3] .t.t.s.TourGuideClientRewardsServiceImpl : Service - Distance calculated: 1463.76719478568
2021-11-27 20:34:21.268  INFO 530588 --- [onPool-worker-3] .t.t.s.TourGuideClientRewardsServiceImpl : Service - Distance calculated: 1415.7633073437673
2021-11-27 20:34:21.268  INFO 530588 --- [onPool-worker-3] .t.t.s.TourGuideClientRewardsServiceImpl : Service - Distance calculated: 2729.195571272299
2021-11-27 20:34:21.268  INFO 530588 --- [onPool-worker-3] .t.t.s.TourGuideClientRewardsServiceImpl : Service - Distance calculated: 2711.7380948966943
2021-11-27 20:34:21.268  INFO 530588 --- [onPool-worker-3] .t.t.s.TourGuideClientRewardsServiceImpl : Service - Distance calculated: 1703.452601014672
2021-11-27 20:34:21.268  INFO 530588 --- [onPool-worker-3] .t.t.s.TourGuideClientRewardsServiceImpl : Service - Distance calculated: 3295.201765530807
2021-11-27 20:34:21.268  INFO 530588 --- [onPool-worker-3] .t.t.s.TourGuideClientRewardsServiceImpl : Service - Distance calculated: 3210.1611668096716
2021-11-27 20:34:21.268  INFO 530588 --- [onPool-worker-3] .t.t.s.TourGuideClientRewardsServiceImpl : Service - Distance calculated: 2494.5684739244084
2021-11-27 20:34:21.268  INFO 530588 --- [onPool-worker-3] .t.t.s.TourGuideClientRewardsServiceImpl : Service - Distance calculated: 3734.582231655963
2021-11-27 20:34:21.268  INFO 530588 --- [onPool-worker-3] .t.t.s.TourGuideClientRewardsServiceImpl : Service - Distance calculated: 3450.803260760759
2021-11-27 20:34:21.268  INFO 530588 --- [onPool-worker-3] .t.t.s.TourGuideClientRewardsServiceImpl : Service - Distance calculated: 3586.3686125975382
2021-11-27 20:34:21.268  INFO 530588 --- [onPool-worker-3] .t.t.s.TourGuideClientRewardsServiceImpl : Service - Distance calculated: 3535.425431781086
2021-11-27 20:34:21.268  INFO 530588 --- [onPool-worker-3] .t.t.s.TourGuideClientRewardsServiceImpl : Service - Distance calculated: 2446.0912997556147
2021-11-27 20:34:21.268  INFO 530588 --- [onPool-worker-3] .t.t.s.TourGuideClientRewardsServiceImpl : Service - Distance calculated: 3029.8190687763026
2021-11-27 20:34:21.268  INFO 530588 --- [onPool-worker-3] .t.t.s.TourGuideClientRewardsServiceImpl : Service - Distance calculated: 2834.3695355804234
2021-11-27 20:34:21.268  INFO 530588 --- [onPool-worker-3] .t.t.s.TourGuideClientRewardsServiceImpl : Service - Distance calculated: 3222.5718427013753
2021-11-27 20:34:21.268  INFO 530588 --- [onPool-worker-3] .t.t.s.TourGuideClientRewardsServiceImpl : Service - Distance calculated: 2527.56940714574
2021-11-27 20:34:21.268  INFO 530588 --- [onPool-worker-3] .t.t.s.TourGuideClientRewardsServiceImpl : Service - Distance calculated: 1324.8036547277752
2021-11-27 20:34:21.268  INFO 530588 --- [onPool-worker-3] .t.t.s.TourGuideClientRewardsServiceImpl : Service - Distance calculated: 3378.2353392971477
2021-11-27 20:34:21.268  INFO 530588 --- [onPool-worker-3] .t.t.s.TourGuideClientRewardsServiceImpl : Service - Distance calculated: 3873.4757572898216
2021-11-27 20:34:21.268  INFO 530588 --- [onPool-worker-3] .t.t.s.TourGuideClientRewardsServiceImpl : Service - Distance calculated: 1931.089173099249
2021-11-27 20:34:21.268  INFO 530588 --- [onPool-worker-3] .t.t.s.TourGuideClientRewardsServiceImpl : Service - Distance calculated: 2647.112047022933
2021-11-27 20:34:21.268  INFO 530588 --- [onPool-worker-3] .t.t.s.TourGuideClientRewardsServiceImpl : Service - Distance calculated: 3739.955916291413
2021-11-27 20:34:21.268  INFO 530588 --- [onPool-worker-3] .t.t.s.TourGuideClientRewardsServiceImpl : Service - Distance calculated: 3425.7495989266667
2021-11-27 20:34:21.268  INFO 530588 --- [onPool-worker-3] .t.t.s.TourGuideClientRewardsServiceImpl : Service - Distance calculated: 5.8950310023474215E-5
2021-11-27 20:34:21.269  INFO 530588 --- [onPool-worker-3] .t.t.s.TourGuideClientRewardsServiceImpl : Service - Distance calculated: 774.5207212649109
2021-11-27 20:34:21.269  INFO 530588 --- [onPool-worker-3] .t.t.s.TourGuideClientRewardsServiceImpl : Service - Distance calculated: 164.91310606753288
2021-11-27 20:34:21.269  INFO 530588 --- [onPool-worker-3] .t.t.s.TourGuideClientRewardsServiceImpl : Service - Distance calculated: 115.99464245531166
2021-11-27 20:34:21.269  INFO 530588 --- [onPool-worker-3] .t.t.s.TourGuideClientRewardsServiceImpl : Service - Distance calculated: 1428.8577204882306
2021-11-27 20:34:21.269  INFO 530588 --- [onPool-worker-3] .t.t.s.TourGuideClientRewardsServiceImpl : Service - Distance calculated: 1418.571827418631
2021-11-27 20:34:21.269  INFO 530588 --- [onPool-worker-3] .t.t.s.TourGuideClientRewardsServiceImpl : Service - Distance calculated: 460.11990361699293
2021-11-27 20:34:21.269  INFO 530588 --- [onPool-worker-3] .t.t.s.TourGuideClientRewardsServiceImpl : Service - Distance calculated: 1992.7911930022951
2021-11-27 20:34:21.269  INFO 530588 --- [onPool-worker-3] .t.t.s.TourGuideClientRewardsServiceImpl : Service - Distance calculated: 1906.7972782801585
2021-11-27 20:34:21.269  INFO 530588 --- [onPool-worker-3] .t.t.s.TourGuideClientRewardsServiceImpl : Service - Distance calculated: 2360.645624935619
2021-11-27 20:34:21.269  INFO 530588 --- [onPool-worker-3] .t.t.s.TourGuideClientRewardsServiceImpl : Service - Distance calculated: 2434.494471527265
2021-11-27 20:34:21.269  INFO 530588 --- [onPool-worker-3] .t.t.s.TourGuideClientRewardsServiceImpl : Service - Distance calculated: 2148.3967563579567
2021-11-27 20:34:21.269  INFO 530588 --- [onPool-worker-3] .t.t.s.TourGuideClientRewardsServiceImpl : Service - Distance calculated: 2282.746325565392
2021-11-27 20:34:21.269  INFO 530588 --- [onPool-worker-3] .t.t.s.TourGuideClientRewardsServiceImpl : Service - Distance calculated: 2289.4339721013357
2021-11-27 20:34:21.269  INFO 530588 --- [onPool-worker-3] .t.t.s.TourGuideClientRewardsServiceImpl : Service - Distance calculated: 1204.372289719331
2021-11-27 20:34:21.269  INFO 530588 --- [onPool-worker-3] .t.t.s.TourGuideClientRewardsServiceImpl : Service - Distance calculated: 1742.5694022642394
2021-11-27 20:34:21.269  INFO 530588 --- [onPool-worker-3] .t.t.s.TourGuideClientRewardsServiceImpl : Service - Distance calculated: 1576.7472428725728
2021-11-27 20:34:21.269  INFO 530588 --- [onPool-worker-3] .t.t.s.TourGuideClientRewardsServiceImpl : Service - Distance calculated: 1921.4807999190489
2021-11-27 20:34:21.269  INFO 530588 --- [onPool-worker-3] .t.t.s.TourGuideClientRewardsServiceImpl : Service - Distance calculated: 1277.6245433336508
2021-11-27 20:34:21.269  INFO 530588 --- [onPool-worker-3] .t.t.s.TourGuideClientRewardsServiceImpl : Service - Distance calculated: 87.03441722159666
2021-11-27 20:34:21.269  INFO 530588 --- [onPool-worker-3] .t.t.s.TourGuideClientRewardsServiceImpl : Service - Distance calculated: 2127.2478407793283
2021-11-27 20:34:21.269  INFO 530588 --- [onPool-worker-3] .t.t.s.TourGuideClientRewardsServiceImpl : Service - Distance calculated: 2578.910516018122
2021-11-27 20:34:21.269  INFO 530588 --- [onPool-worker-3] .t.t.s.TourGuideClientRewardsServiceImpl : Service - Distance calculated: 680.6158831369517
2021-11-27 20:34:21.269  INFO 530588 --- [onPool-worker-3] .t.t.s.TourGuideClientRewardsServiceImpl : Service - Distance calculated: 1344.090272349311
2021-11-27 20:34:21.269  INFO 530588 --- [onPool-worker-3] .t.t.s.TourGuideClientRewardsServiceImpl : Service - Distance calculated: 2440.177336041544
2021-11-27 20:34:21.269  INFO 530588 --- [onPool-worker-3] .t.t.s.TourGuideClientRewardsServiceImpl : Service - Distance calculated: 2168.830527042806
2021-11-27 20:34:21.269  INFO 530588 --- [onPool-worker-3] .t.t.s.TourGuideClientRewardsServiceImpl : Service - Calculate rewards points for user: internalUser40
2021-11-27 20:34:21.269  INFO 530588 --- [nPool-worker-10] .t.t.s.TourGuideClientRewardsServiceImpl : Service - Distance calculated: 1982.9669917888673
2021-11-27 20:34:21.269  INFO 530588 --- [nPool-worker-10] .t.t.s.TourGuideClientRewardsServiceImpl : Service - Distance calculated: 1229.642901073329
2021-11-27 20:34:21.269  INFO 530588 --- [nPool-worker-10] .t.t.s.TourGuideClientRewardsServiceImpl : Service - Distance calculated: 1857.3670610294862
2021-11-27 20:34:21.269  INFO 530588 --- [nPool-worker-10] .t.t.s.TourGuideClientRewardsServiceImpl : Service - Distance calculated: 1947.1360251825506
2021-11-27 20:34:21.269  INFO 530588 --- [nPool-worker-10] .t.t.s.TourGuideClientRewardsServiceImpl : Service - Distance calculated: 1738.3104091487967
2021-11-27 20:34:21.269  INFO 530588 --- [nPool-worker-10] .t.t.s.TourGuideClientRewardsServiceImpl : Service - Distance calculated: 1835.154058632498
2021-11-27 20:34:21.270  INFO 530588 --- [nPool-worker-10] .t.t.s.TourGuideClientRewardsServiceImpl : Service - Distance calculated: 2019.386964359053
2021-11-27 20:34:21.270  INFO 530588 --- [nPool-worker-10] .t.t.s.TourGuideClientRewardsServiceImpl : Service - Distance calculated: 1641.1454704296814
2021-11-27 20:34:21.270  INFO 530588 --- [nPool-worker-10] .t.t.s.TourGuideClientRewardsServiceImpl : Service - Distance calculated: 1787.7527117048746
2021-11-27 20:34:21.270  INFO 530588 --- [nPool-worker-10] .t.t.s.TourGuideClientRewardsServiceImpl : Service - Distance calculated: 1585.7336975919309
2021-11-27 20:34:21.270  INFO 530588 --- [nPool-worker-10] .t.t.s.TourGuideClientRewardsServiceImpl : Service - Distance calculated: 1797.863396609348
2021-11-27 20:34:21.270  INFO 530588 --- [nPool-worker-10] .t.t.s.TourGuideClientRewardsServiceImpl : Service - Distance calculated: 1708.9823971838778
2021-11-27 20:34:21.270  INFO 530588 --- [nPool-worker-10] .t.t.s.TourGuideClientRewardsServiceImpl : Service - Distance calculated: 1830.4652313872184
2021-11-27 20:34:21.270  INFO 530588 --- [nPool-worker-10] .t.t.s.TourGuideClientRewardsServiceImpl : Service - Distance calculated: 2531.593484226517
2021-11-27 20:34:21.270  INFO 530588 --- [nPool-worker-10] .t.t.s.TourGuideClientRewardsServiceImpl : Service - Distance calculated: 2094.873397443076
2021-11-27 20:34:21.270  INFO 530588 --- [nPool-worker-10] .t.t.s.TourGuideClientRewardsServiceImpl : Service - Distance calculated: 1989.2097261404328
2021-11-27 20:34:21.270  INFO 530588 --- [nPool-worker-10] .t.t.s.TourGuideClientRewardsServiceImpl : Service - Distance calculated: 2133.1245340799424
2021-11-27 20:34:21.270  INFO 530588 --- [nPool-worker-10] .t.t.s.TourGuideClientRewardsServiceImpl : Service - Distance calculated: 1867.0877472005245
2021-11-27 20:34:21.270  INFO 530588 --- [nPool-worker-10] .t.t.s.TourGuideClientRewardsServiceImpl : Service - Distance calculated: 2078.8831828129278
2021-11-27 20:34:21.270  INFO 530588 --- [nPool-worker-10] .t.t.s.TourGuideClientRewardsServiceImpl : Service - Distance calculated: 2042.406282216127
2021-11-27 20:34:21.270  INFO 530588 --- [nPool-worker-10] .t.t.s.TourGuideClientRewardsServiceImpl : Service - Distance calculated: 2415.3938170466054
2021-11-27 20:34:21.270  INFO 530588 --- [nPool-worker-10] .t.t.s.TourGuideClientRewardsServiceImpl : Service - Distance calculated: 1789.5894427820938
2021-11-27 20:34:21.270  INFO 530588 --- [nPool-worker-10] .t.t.s.TourGuideClientRewardsServiceImpl : Service - Distance calculated: 1996.7436153112026
2021-11-27 20:34:21.270  INFO 530588 --- [nPool-worker-10] .t.t.s.TourGuideClientRewardsServiceImpl : Service - Distance calculated: 1516.1347900338242
2021-11-27 20:34:21.270  INFO 530588 --- [nPool-worker-10] .t.t.s.TourGuideClientRewardsServiceImpl : Service - Distance calculated: 1794.4610818399995
2021-11-27 20:34:21.270  INFO 530588 --- [nPool-worker-10] .t.t.s.TourGuideClientRewardsServiceImpl : Service - Distance calculated: 2404.108743670502
2021-11-27 20:34:21.270  INFO 530588 --- [nPool-worker-10] .t.t.s.TourGuideClientRewardsServiceImpl : Service - Distance calculated: 8663.667155410245
2021-11-27 20:34:21.270  INFO 530588 --- [nPool-worker-10] .t.t.s.TourGuideClientRewardsServiceImpl : Service - Distance calculated: 8210.397693409008
2021-11-27 20:34:21.270  INFO 530588 --- [nPool-worker-10] .t.t.s.TourGuideClientRewardsServiceImpl : Service - Distance calculated: 8518.806444692684
2021-11-27 20:34:21.270  INFO 530588 --- [nPool-worker-10] .t.t.s.TourGuideClientRewardsServiceImpl : Service - Distance calculated: 8547.793352529388
2021-11-27 20:34:21.270  INFO 530588 --- [nPool-worker-10] .t.t.s.TourGuideClientRewardsServiceImpl : Service - Distance calculated: 7245.655995617396
2021-11-27 20:34:21.270  INFO 530588 --- [nPool-worker-10] .t.t.s.TourGuideClientRewardsServiceImpl : Service - Distance calculated: 7247.395384730153
2021-11-27 20:34:21.270  INFO 530588 --- [nPool-worker-10] .t.t.s.TourGuideClientRewardsServiceImpl : Service - Distance calculated: 8230.87523250984
2021-11-27 20:34:21.270  INFO 530588 --- [nPool-worker-10] .t.t.s.TourGuideClientRewardsServiceImpl : Service - Distance calculated: 6741.511544994849
2021-11-27 20:34:21.270  INFO 530588 --- [nPool-worker-10] .t.t.s.TourGuideClientRewardsServiceImpl : Service - Distance calculated: 6785.988706533807
2021-11-27 20:34:21.270  INFO 530588 --- [nPool-worker-10] .t.t.s.TourGuideClientRewardsServiceImpl : Service - Distance calculated: 9004.588771377143
2021-11-27 20:34:21.270  INFO 530588 --- [nPool-worker-10] .t.t.s.TourGuideClientRewardsServiceImpl : Service - Distance calculated: 6330.624632693046
2021-11-27 20:34:21.270  INFO 530588 --- [nPool-worker-10] .t.t.s.TourGuideClientRewardsServiceImpl : Service - Distance calculated: 6590.096446318531
2021-11-27 20:34:21.270  INFO 530588 --- [nPool-worker-10] .t.t.s.TourGuideClientRewardsServiceImpl : Service - Distance calculated: 6444.717586865867
2021-11-27 20:34:21.270  INFO 530588 --- [nPool-worker-10] .t.t.s.TourGuideClientRewardsServiceImpl : Service - Distance calculated: 6387.821051043764
2021-11-27 20:34:21.270  INFO 530588 --- [nPool-worker-10] .t.t.s.TourGuideClientRewardsServiceImpl : Service - Distance calculated: 7479.866964281584
2021-11-27 20:34:21.270  INFO 530588 --- [nPool-worker-10] .t.t.s.TourGuideClientRewardsServiceImpl : Service - Distance calculated: 6921.772193683165
2021-11-27 20:34:21.270  INFO 530588 --- [nPool-worker-10] .t.t.s.TourGuideClientRewardsServiceImpl : Service - Distance calculated: 7095.389958454343
2021-11-27 20:34:21.270  INFO 530588 --- [nPool-worker-10] .t.t.s.TourGuideClientRewardsServiceImpl : Service - Distance calculated: 6759.955777479702
2021-11-27 20:34:21.270  INFO 530588 --- [nPool-worker-10] .t.t.s.TourGuideClientRewardsServiceImpl : Service - Distance calculated: 7400.524761077297
2021-11-27 20:34:21.270  INFO 530588 --- [nPool-worker-10] .t.t.s.TourGuideClientRewardsServiceImpl : Service - Distance calculated: 8625.435570574446
2021-11-27 20:34:21.270  INFO 530588 --- [nPool-worker-10] .t.t.s.TourGuideClientRewardsServiceImpl : Service - Distance calculated: 6547.131387745933
2021-11-27 20:34:21.270  INFO 530588 --- [nPool-worker-10] .t.t.s.TourGuideClientRewardsServiceImpl : Service - Distance calculated: 6224.950854431445
2021-11-27 20:34:21.270  INFO 530588 --- [nPool-worker-10] .t.t.s.TourGuideClientRewardsServiceImpl : Service - Distance calculated: 8001.838551165774
2021-11-27 20:34:21.270  INFO 530588 --- [nPool-worker-10] .t.t.s.TourGuideClientRewardsServiceImpl : Service - Distance calculated: 7367.437617950081
2021-11-27 20:34:21.270  INFO 530588 --- [nPool-worker-10] .t.t.s.TourGuideClientRewardsServiceImpl : Service - Distance calculated: 6327.290383755123
2021-11-27 20:34:21.270  INFO 530588 --- [nPool-worker-10] .t.t.s.TourGuideClientRewardsServiceImpl : Service - Distance calculated: 6501.963543464077
2021-11-27 20:34:21.270  INFO 530588 --- [nPool-worker-10] .t.t.s.TourGuideClientRewardsServiceImpl : Service - Distance calculated: 4404.32435055778
2021-11-27 20:34:21.270  INFO 530588 --- [nPool-worker-10] .t.t.s.TourGuideClientRewardsServiceImpl : Service - Distance calculated: 4665.231021098974
2021-11-27 20:34:21.270  INFO 530588 --- [nPool-worker-10] .t.t.s.TourGuideClientRewardsServiceImpl : Service - Distance calculated: 4522.683060616679
2021-11-27 20:34:21.270  INFO 530588 --- [nPool-worker-10] .t.t.s.TourGuideClientRewardsServiceImpl : Service - Distance calculated: 4517.411408259047
2021-11-27 20:34:21.270  INFO 530588 --- [nPool-worker-10] .t.t.s.TourGuideClientRewardsServiceImpl : Service - Distance calculated: 5729.670274216083
2021-11-27 20:34:21.270  INFO 530588 --- [nPool-worker-10] .t.t.s.TourGuideClientRewardsServiceImpl : Service - Distance calculated: 5753.344814810049
2021-11-27 20:34:21.270  INFO 530588 --- [nPool-worker-10] .t.t.s.TourGuideClientRewardsServiceImpl : Service - Distance calculated: 4862.774557192817
2021-11-27 20:34:21.270  INFO 530588 --- [nPool-worker-10] .t.t.s.TourGuideClientRewardsServiceImpl : Service - Distance calculated: 6123.001399174384
2021-11-27 20:34:21.270  INFO 530588 --- [nPool-worker-10] .t.t.s.TourGuideClientRewardsServiceImpl : Service - Distance calculated: 6133.548457499454
2021-11-27 20:34:21.270  INFO 530588 --- [nPool-worker-10] .t.t.s.TourGuideClientRewardsServiceImpl : Service - Distance calculated: 3310.2965829305476
2021-11-27 20:34:21.270  INFO 530588 --- [nPool-worker-10] .t.t.s.TourGuideClientRewardsServiceImpl : Service - Distance calculated: 6474.073062711839
2021-11-27 20:34:21.270  INFO 530588 --- [nPool-worker-10] .t.t.s.TourGuideClientRewardsServiceImpl : Service - Distance calculated: 6259.904287623875
2021-11-27 20:34:21.270  INFO 530588 --- [nPool-worker-10] .t.t.s.TourGuideClientRewardsServiceImpl : Service - Distance calculated: 6408.370783218743
2021-11-27 20:34:21.270  INFO 530588 --- [nPool-worker-10] .t.t.s.TourGuideClientRewardsServiceImpl : Service - Distance calculated: 6672.429786993921
2021-11-27 20:34:21.270  INFO 530588 --- [nPool-worker-10] .t.t.s.TourGuideClientRewardsServiceImpl : Service - Distance calculated: 5606.0200978251
2021-11-27 20:34:21.270  INFO 530588 --- [nPool-worker-10] .t.t.s.TourGuideClientRewardsServiceImpl : Service - Distance calculated: 6077.865396167043
2021-11-27 20:34:21.270  INFO 530588 --- [nPool-worker-10] .t.t.s.TourGuideClientRewardsServiceImpl : Service - Distance calculated: 5964.091435884564
2021-11-27 20:34:21.270  INFO 530588 --- [nPool-worker-10] .t.t.s.TourGuideClientRewardsServiceImpl : Service - Distance calculated: 6178.23805826833
2021-11-27 20:34:21.270  INFO 530588 --- [nPool-worker-10] .t.t.s.TourGuideClientRewardsServiceImpl : Service - Distance calculated: 5675.408739190526
2021-11-27 20:34:21.270  INFO 530588 --- [nPool-worker-10] .t.t.s.TourGuideClientRewardsServiceImpl : Service - Distance calculated: 4461.965594109025
2021-11-27 20:34:21.270  INFO 530588 --- [nPool-worker-10] .t.t.s.TourGuideClientRewardsServiceImpl : Service - Distance calculated: 6508.789605544401
2021-11-27 20:34:21.270  INFO 530588 --- [nPool-worker-10] .t.t.s.TourGuideClientRewardsServiceImpl : Service - Distance calculated: 6535.639033955778
2021-11-27 20:34:21.270  INFO 530588 --- [nPool-worker-10] .t.t.s.TourGuideClientRewardsServiceImpl : Service - Distance calculated: 5084.762164914163
2021-11-27 20:34:21.270  INFO 530588 --- [nPool-worker-10] .t.t.s.TourGuideClientRewardsServiceImpl : Service - Distance calculated: 5562.343918459131
2021-11-27 20:34:21.270  INFO 530588 --- [nPool-worker-10] .t.t.s.TourGuideClientRewardsServiceImpl : Service - Distance calculated: 6474.843544604383
2021-11-27 20:34:21.270  INFO 530588 --- [nPool-worker-10] .t.t.s.TourGuideClientRewardsServiceImpl : Service - Distance calculated: 6543.152092562882
2021-11-27 20:34:21.270  INFO 530588 --- [nPool-worker-10] .t.t.s.TourGuideClientRewardsServiceImpl : Service - Distance calculated: 919.3340999114146
2021-11-27 20:34:21.270  INFO 530588 --- [nPool-worker-10] .t.t.s.TourGuideClientRewardsServiceImpl : Service - Distance calculated: 677.1367062770578
2021-11-27 20:34:21.270  INFO 530588 --- [nPool-worker-10] .t.t.s.TourGuideClientRewardsServiceImpl : Service - Distance calculated: 889.9425264606854
2021-11-27 20:34:21.270  INFO 530588 --- [nPool-worker-10] .t.t.s.TourGuideClientRewardsServiceImpl : Service - Distance calculated: 958.2754972436098
2021-11-27 20:34:21.270  INFO 530588 --- [nPool-worker-10] .t.t.s.TourGuideClientRewardsServiceImpl : Service - Distance calculated: 1766.1298268773176
2021-11-27 20:34:21.270  INFO 530588 --- [nPool-worker-10] .t.t.s.TourGuideClientRewardsServiceImpl : Service - Distance calculated: 1810.5241719093556
2021-11-27 20:34:21.270  INFO 530588 --- [nPool-worker-10] .t.t.s.TourGuideClientRewardsServiceImpl : Service - Distance calculated: 1237.1550487054342
2021-11-27 20:34:21.270  INFO 530588 --- [nPool-worker-10] .t.t.s.TourGuideClientRewardsServiceImpl : Service - Distance calculated: 2124.5314818890392
2021-11-27 20:34:21.270  INFO 530588 --- [nPool-worker-10] .t.t.s.TourGuideClientRewardsServiceImpl : Service - Distance calculated: 2135.5296347290887
2021-11-27 20:34:21.271  INFO 530588 --- [nPool-worker-10] .t.t.s.TourGuideClientRewardsServiceImpl : Service - Distance calculated: 1454.900843009238
2021-11-27 20:34:21.271  INFO 530588 --- [nPool-worker-10] .t.t.s.TourGuideClientRewardsServiceImpl : Service - Distance calculated: 2499.289539805489
2021-11-27 20:34:21.271  INFO 530588 --- [nPool-worker-10] .t.t.s.TourGuideClientRewardsServiceImpl : Service - Distance calculated: 2265.3726937080833
2021-11-27 20:34:21.271  INFO 530588 --- [nPool-worker-10] .t.t.s.TourGuideClientRewardsServiceImpl : Service - Distance calculated: 2414.0188617565823
2021-11-27 20:34:21.271  INFO 530588 --- [nPool-worker-10] .t.t.s.TourGuideClientRewardsServiceImpl : Service - Distance calculated: 2737.6059249579707
2021-11-27 20:34:21.271  INFO 530588 --- [nPool-worker-10] .t.t.s.TourGuideClientRewardsServiceImpl : Service - Distance calculated: 1793.6587468449447
2021-11-27 20:34:21.271  INFO 530588 --- [nPool-worker-10] .t.t.s.TourGuideClientRewardsServiceImpl : Service - Distance calculated: 2118.490987889888
2021-11-27 20:34:21.271  INFO 530588 --- [nPool-worker-10] .t.t.s.TourGuideClientRewardsServiceImpl : Service - Distance calculated: 2072.369224689964
2021-11-27 20:34:21.271  INFO 530588 --- [nPool-worker-10] .t.t.s.TourGuideClientRewardsServiceImpl : Service - Distance calculated: 2184.2522171641367
2021-11-27 20:34:21.271  INFO 530588 --- [nPool-worker-10] .t.t.s.TourGuideClientRewardsServiceImpl : Service - Distance calculated: 1836.8413181951817
2021-11-27 20:34:21.271  INFO 530588 --- [nPool-worker-10] .t.t.s.TourGuideClientRewardsServiceImpl : Service - Distance calculated: 1004.6291923481905
2021-11-27 20:34:21.271  INFO 530588 --- [nPool-worker-10] .t.t.s.TourGuideClientRewardsServiceImpl : Service - Distance calculated: 2577.9311720388864
2021-11-27 20:34:21.271  INFO 530588 --- [nPool-worker-10] .t.t.s.TourGuideClientRewardsServiceImpl : Service - Distance calculated: 2588.822564559426
2021-11-27 20:34:21.271  INFO 530588 --- [nPool-worker-10] .t.t.s.TourGuideClientRewardsServiceImpl : Service - Distance calculated: 1373.7903569135565
2021-11-27 20:34:21.271  INFO 530588 --- [nPool-worker-10] .t.t.s.TourGuideClientRewardsServiceImpl : Service - Distance calculated: 1575.7726529944896
2021-11-27 20:34:21.271  INFO 530588 --- [nPool-worker-10] .t.t.s.TourGuideClientRewardsServiceImpl : Service - Distance calculated: 2501.409743461611
2021-11-27 20:34:21.271  INFO 530588 --- [nPool-worker-10] .t.t.s.TourGuideClientRewardsServiceImpl : Service - Distance calculated: 2600.9272970621655
2021-11-27 20:34:21.271  INFO 530588 --- [nPool-worker-10] .t.t.s.TourGuideClientRewardsServiceImpl : Service - Distance calculated: 5.8950310023474215E-5
2021-11-27 20:34:21.271  INFO 530588 --- [nPool-worker-10] .t.t.s.TourGuideClientRewardsServiceImpl : Service - Distance calculated: 774.5207212649109
2021-11-27 20:34:21.271  INFO 530588 --- [nPool-worker-10] .t.t.s.TourGuideClientRewardsServiceImpl : Service - Distance calculated: 164.91310606753288
2021-11-27 20:34:21.271  INFO 530588 --- [nPool-worker-10] .t.t.s.TourGuideClientRewardsServiceImpl : Service - Distance calculated: 115.99464245531166
2021-11-27 20:34:21.271  INFO 530588 --- [nPool-worker-10] .t.t.s.TourGuideClientRewardsServiceImpl : Service - Distance calculated: 1428.8577204882306
2021-11-27 20:34:21.271  INFO 530588 --- [nPool-worker-10] .t.t.s.TourGuideClientRewardsServiceImpl : Service - Distance calculated: 1418.571827418631
2021-11-27 20:34:21.271  INFO 530588 --- [nPool-worker-10] .t.t.s.TourGuideClientRewardsServiceImpl : Service - Distance calculated: 460.11990361699293
2021-11-27 20:34:21.271  INFO 530588 --- [nPool-worker-10] .t.t.s.TourGuideClientRewardsServiceImpl : Service - Distance calculated: 1992.7911930022951
2021-11-27 20:34:21.271  INFO 530588 --- [nPool-worker-10] .t.t.s.TourGuideClientRewardsServiceImpl : Service - Distance calculated: 1906.7972782801585
2021-11-27 20:34:21.271  INFO 530588 --- [nPool-worker-10] .t.t.s.TourGuideClientRewardsServiceImpl : Service - Distance calculated: 2360.645624935619
2021-11-27 20:34:21.271  INFO 530588 --- [nPool-worker-10] .t.t.s.TourGuideClientRewardsServiceImpl : Service - Distance calculated: 2434.494471527265
2021-11-27 20:34:21.271  INFO 530588 --- [nPool-worker-10] .t.t.s.TourGuideClientRewardsServiceImpl : Service - Distance calculated: 2148.3967563579567
2021-11-27 20:34:21.271  INFO 530588 --- [nPool-worker-10] .t.t.s.TourGuideClientRewardsServiceImpl : Service - Distance calculated: 2282.746325565392
2021-11-27 20:34:21.271  INFO 530588 --- [nPool-worker-10] .t.t.s.TourGuideClientRewardsServiceImpl : Service - Distance calculated: 2289.4339721013357
2021-11-27 20:34:21.271  INFO 530588 --- [nPool-worker-10] .t.t.s.TourGuideClientRewardsServiceImpl : Service - Distance calculated: 1204.372289719331
2021-11-27 20:34:21.271  INFO 530588 --- [nPool-worker-10] .t.t.s.TourGuideClientRewardsServiceImpl : Service - Distance calculated: 1742.5694022642394
2021-11-27 20:34:21.271  INFO 530588 --- [nPool-worker-10] .t.t.s.TourGuideClientRewardsServiceImpl : Service - Distance calculated: 1576.7472428725728
2021-11-27 20:34:21.271  INFO 530588 --- [nPool-worker-10] .t.t.s.TourGuideClientRewardsServiceImpl : Service - Distance calculated: 1921.4807999190489
2021-11-27 20:34:21.271  INFO 530588 --- [nPool-worker-10] .t.t.s.TourGuideClientRewardsServiceImpl : Service - Distance calculated: 1277.6245433336508
2021-11-27 20:34:21.271  INFO 530588 --- [nPool-worker-10] .t.t.s.TourGuideClientRewardsServiceImpl : Service - Distance calculated: 87.03441722159666
2021-11-27 20:34:21.271  INFO 530588 --- [nPool-worker-10] .t.t.s.TourGuideClientRewardsServiceImpl : Service - Distance calculated: 2127.2478407793283
2021-11-27 20:34:21.271  INFO 530588 --- [nPool-worker-10] .t.t.s.TourGuideClientRewardsServiceImpl : Service - Distance calculated: 2578.910516018122
2021-11-27 20:34:21.271  INFO 530588 --- [nPool-worker-10] .t.t.s.TourGuideClientRewardsServiceImpl : Service - Distance calculated: 680.6158831369517
2021-11-27 20:34:21.271  INFO 530588 --- [nPool-worker-10] .t.t.s.TourGuideClientRewardsServiceImpl : Service - Distance calculated: 1344.090272349311
2021-11-27 20:34:21.271  INFO 530588 --- [nPool-worker-10] .t.t.s.TourGuideClientRewardsServiceImpl : Service - Distance calculated: 2440.177336041544
2021-11-27 20:34:21.271  INFO 530588 --- [nPool-worker-10] .t.t.s.TourGuideClientRewardsServiceImpl : Service - Distance calculated: 2168.830527042806
2021-11-27 20:34:21.271  INFO 530588 --- [nPool-worker-10] .t.t.s.TourGuideClientRewardsServiceImpl : Service - Calculate rewards points for user: internalUser43
2021-11-27 20:34:21.274  INFO 530588 --- [ol-264-thread-1] .t.t.s.TourGuideClientRewardsServiceImpl : Service - Reward added for user: internalUser9
2021-11-27 20:34:21.274  INFO 530588 --- [onPool-worker-8] .t.t.s.TourGuideClientRewardsServiceImpl : Service - Distance calculated: 4047.698890320555
2021-11-27 20:34:21.274  INFO 530588 --- [onPool-worker-8] .t.t.s.TourGuideClientRewardsServiceImpl : Service - Distance calculated: 3390.45185668668
2021-11-27 20:34:21.274  INFO 530588 --- [onPool-worker-8] .t.t.s.TourGuideClientRewardsServiceImpl : Service - Distance calculated: 3882.856438783828
2021-11-27 20:34:21.274  INFO 530588 --- [onPool-worker-8] .t.t.s.TourGuideClientRewardsServiceImpl : Service - Distance calculated: 3947.4434066768163
2021-11-27 20:34:21.274  INFO 530588 --- [onPool-worker-8] .t.t.s.TourGuideClientRewardsServiceImpl : Service - Distance calculated: 2728.393359717135
2021-11-27 20:34:21.274  INFO 530588 --- [onPool-worker-8] .t.t.s.TourGuideClientRewardsServiceImpl : Service - Distance calculated: 2787.2097848530907
2021-11-27 20:34:21.274  INFO 530588 --- [onPool-worker-8] .t.t.s.TourGuideClientRewardsServiceImpl : Service - Distance calculated: 3748.993135534245
2021-11-27 20:34:21.274  INFO 530588 --- [onPool-worker-8] .t.t.s.TourGuideClientRewardsServiceImpl : Service - Distance calculated: 2104.499085413161
2021-11-27 20:34:21.274  INFO 530588 --- [onPool-worker-8] .t.t.s.TourGuideClientRewardsServiceImpl : Service - Distance calculated: 2256.07939433665
2021-11-27 20:34:21.274  INFO 530588 --- [onPool-worker-8] .t.t.s.TourGuideClientRewardsServiceImpl : Service - Distance calculated: 4240.220804479966
2021-11-27 20:34:21.274  INFO 530588 --- [onPool-worker-8] .t.t.s.TourGuideClientRewardsServiceImpl : Service - Distance calculated: 1663.7171368369866
2021-11-27 20:34:21.274  INFO 530588 --- [onPool-worker-8] .t.t.s.TourGuideClientRewardsServiceImpl : Service - Distance calculated: 1956.8316351494223
2021-11-27 20:34:21.274  INFO 530588 --- [onPool-worker-8] .t.t.s.TourGuideClientRewardsServiceImpl : Service - Distance calculated: 1853.38361003059
2021-11-27 20:34:21.274  INFO 530588 --- [onPool-worker-8] .t.t.s.TourGuideClientRewardsServiceImpl : Service - Distance calculated: 2402.838681497403
2021-11-27 20:34:21.274  INFO 530588 --- [onPool-worker-8] .t.t.s.TourGuideClientRewardsServiceImpl : Service - Distance calculated: 3168.380214549614
2021-11-27 20:34:21.274  INFO 530588 --- [onPool-worker-8] .t.t.s.TourGuideClientRewardsServiceImpl : Service - Distance calculated: 2549.020696172248
2021-11-27 20:34:21.274  INFO 530588 --- [onPool-worker-8] .t.t.s.TourGuideClientRewardsServiceImpl : Service - Distance calculated: 2829.556236944793
2021-11-27 20:34:21.274  INFO 530588 --- [onPool-worker-8] .t.t.s.TourGuideClientRewardsServiceImpl : Service - Distance calculated: 2280.626006753134
2021-11-27 20:34:21.274  INFO 530588 --- [onPool-worker-8] .t.t.s.TourGuideClientRewardsServiceImpl : Service - Distance calculated: 3085.744101028233
2021-11-27 20:34:21.274  INFO 530588 --- [onPool-worker-8] .t.t.s.TourGuideClientRewardsServiceImpl : Service - Distance calculated: 4050.7650233182308
2021-11-27 20:34:21.274  INFO 530588 --- [onPool-worker-8] .t.t.s.TourGuideClientRewardsServiceImpl : Service - Distance calculated: 2475.609115203091
2021-11-27 20:34:21.274  INFO 530588 --- [onPool-worker-8] .t.t.s.TourGuideClientRewardsServiceImpl : Service - Distance calculated: 1494.2070914753112
2021-11-27 20:34:21.274  INFO 530588 --- [onPool-worker-8] .t.t.s.TourGuideClientRewardsServiceImpl : Service - Distance calculated: 3556.3930905707725
2021-11-27 20:34:21.274  INFO 530588 --- [onPool-worker-8] .t.t.s.TourGuideClientRewardsServiceImpl : Service - Distance calculated: 2733.1683527075706
2021-11-27 20:34:21.274  INFO 530588 --- [onPool-worker-8] .t.t.s.TourGuideClientRewardsServiceImpl : Service - Distance calculated: 1655.8973648171561
2021-11-27 20:34:21.274  INFO 530588 --- [onPool-worker-8] .t.t.s.TourGuideClientRewardsServiceImpl : Service - Distance calculated: 2415.149034233784
2021-11-27 20:34:21.275  INFO 530588 --- [onPool-worker-8] .t.t.s.TourGuideClientRewardsServiceImpl : Service - Distance calculated: 1969.0938508015404
2021-11-27 20:34:21.275  INFO 530588 --- [onPool-worker-8] .t.t.s.TourGuideClientRewardsServiceImpl : Service - Distance calculated: 2128.8308492087676
2021-11-27 20:34:21.275  INFO 530588 --- [onPool-worker-8] .t.t.s.TourGuideClientRewardsServiceImpl : Service - Distance calculated: 1901.3639556940968
2021-11-27 20:34:21.275  INFO 530588 --- [onPool-worker-8] .t.t.s.TourGuideClientRewardsServiceImpl : Service - Distance calculated: 1871.802328310684
2021-11-27 20:34:21.275  INFO 530588 --- [onPool-worker-8] .t.t.s.TourGuideClientRewardsServiceImpl : Service - Distance calculated: 1303.0109351148512
2021-11-27 20:34:21.275  INFO 530588 --- [onPool-worker-8] .t.t.s.TourGuideClientRewardsServiceImpl : Service - Distance calculated: 1202.6951735598682
2021-11-27 20:34:21.275  INFO 530588 --- [nPool-worker-11] .t.t.s.TourGuideClientRewardsServiceImpl : Service - Distance calculated: 2333.0532892095853
2021-11-27 20:34:21.275  INFO 530588 --- [onPool-worker-8] .t.t.s.TourGuideClientRewardsServiceImpl : Service - Distance calculated: 1526.814482912274
2021-11-27 20:34:21.275  INFO 530588 --- [nPool-worker-11] .t.t.s.TourGuideClientRewardsServiceImpl : Service - Distance calculated: 1593.92823963668
2021-11-27 20:34:21.275  INFO 530588 --- [onPool-worker-8] .t.t.s.TourGuideClientRewardsServiceImpl : Service - Distance calculated: 1679.1616884776777
2021-11-27 20:34:21.275  INFO 530588 --- [nPool-worker-11] .t.t.s.TourGuideClientRewardsServiceImpl : Service - Distance calculated: 2214.563742392633
2021-11-27 20:34:21.275  INFO 530588 --- [onPool-worker-8] .t.t.s.TourGuideClientRewardsServiceImpl : Service - Distance calculated: 1465.7038563480048
2021-11-27 20:34:21.275  INFO 530588 --- [nPool-worker-11] .t.t.s.TourGuideClientRewardsServiceImpl : Service - Distance calculated: 2304.2371869091653
2021-11-27 20:34:21.275  INFO 530588 --- [onPool-worker-8] .t.t.s.TourGuideClientRewardsServiceImpl : Service - Distance calculated: 4126.80933613051
2021-11-27 20:34:21.275  INFO 530588 --- [nPool-worker-11] .t.t.s.TourGuideClientRewardsServiceImpl : Service - Distance calculated: 2089.65304868524
2021-11-27 20:34:21.275  INFO 530588 --- [nPool-worker-11] .t.t.s.TourGuideClientRewardsServiceImpl : Service - Distance calculated: 2188.5802869628606
2021-11-27 20:34:21.275  INFO 530588 --- [nPool-worker-11] .t.t.s.TourGuideClientRewardsServiceImpl : Service - Distance calculated: 2391.1781322865195
2021-11-27 20:34:21.275  INFO 530588 --- [nPool-worker-11] .t.t.s.TourGuideClientRewardsServiceImpl : Service - Distance calculated: 1926.079137125203
2021-11-27 20:34:21.275  INFO 530588 --- [nPool-worker-11] .t.t.s.TourGuideClientRewardsServiceImpl : Service - Distance calculated: 2091.721452360086
2021-11-27 20:34:21.275  INFO 530588 --- [nPool-worker-11] .t.t.s.TourGuideClientRewardsServiceImpl : Service - Distance calculated: 1515.6779716165966
2021-11-27 20:34:21.275  INFO 530588 --- [nPool-worker-11] .t.t.s.TourGuideClientRewardsServiceImpl : Service - Distance calculated: 2015.5981777377522
2021-11-27 20:34:21.275  INFO 530588 --- [nPool-worker-11] .t.t.s.TourGuideClientRewardsServiceImpl : Service - Distance calculated: 1972.5926882741312
2021-11-27 20:34:21.275  INFO 530588 --- [nPool-worker-11] .t.t.s.TourGuideClientRewardsServiceImpl : Service - Distance calculated: 2079.7857223913406
2021-11-27 20:34:21.275  INFO 530588 --- [nPool-worker-11] .t.t.s.TourGuideClientRewardsServiceImpl : Service - Distance calculated: 2832.279006308884
2021-11-27 20:34:21.275  INFO 530588 --- [nPool-worker-11] .t.t.s.TourGuideClientRewardsServiceImpl : Service - Distance calculated: 2463.341010994219
2021-11-27 20:34:21.275  INFO 530588 --- [nPool-worker-11] .t.t.s.TourGuideClientRewardsServiceImpl : Service - Distance calculated: 2319.6033000916696
2021-11-27 20:34:21.275  INFO 530588 --- [nPool-worker-11] .t.t.s.TourGuideClientRewardsServiceImpl : Service - Distance calculated: 2482.0413033179107
2021-11-27 20:34:21.275  INFO 530588 --- [nPool-worker-11] .t.t.s.TourGuideClientRewardsServiceImpl : Service - Distance calculated: 2172.7670013750117
2021-11-27 20:34:21.275  INFO 530588 --- [nPool-worker-11] .t.t.s.TourGuideClientRewardsServiceImpl : Service - Distance calculated: 2444.093500030969
2021-11-27 20:34:21.275  INFO 530588 --- [nPool-worker-11] .t.t.s.TourGuideClientRewardsServiceImpl : Service - Distance calculated: 2396.4310510946084
2021-11-27 20:34:21.275  INFO 530588 --- [nPool-worker-11] .t.t.s.TourGuideClientRewardsServiceImpl : Service - Distance calculated: 2726.881959967699
2021-11-27 20:34:21.275  INFO 530588 --- [nPool-worker-11] .t.t.s.TourGuideClientRewardsServiceImpl : Service - Distance calculated: 1975.41245782471
2021-11-27 20:34:21.275  INFO 530588 --- [nPool-worker-11] .t.t.s.TourGuideClientRewardsServiceImpl : Service - Distance calculated: 2372.568635018233
2021-11-27 20:34:21.275  INFO 530588 --- [nPool-worker-11] .t.t.s.TourGuideClientRewardsServiceImpl : Service - Distance calculated: 1872.4891931304253
2021-11-27 20:34:21.275  INFO 530588 --- [nPool-worker-11] .t.t.s.TourGuideClientRewardsServiceImpl : Service - Distance calculated: 2010.698660138909
2021-11-27 20:34:21.275  INFO 530588 --- [nPool-worker-11] .t.t.s.TourGuideClientRewardsServiceImpl : Service - Distance calculated: 2710.2599996773392
2021-11-27 20:34:21.275  INFO 530588 --- [nPool-worker-11] .t.t.s.TourGuideClientRewardsServiceImpl : Service - Distance calculated: 5375.028913902915
2021-11-27 20:34:21.275  INFO 530588 --- [nPool-worker-11] .t.t.s.TourGuideClientRewardsServiceImpl : Service - Distance calculated: 5341.608382626139
2021-11-27 20:34:21.275  INFO 530588 --- [nPool-worker-11] .t.t.s.TourGuideClientRewardsServiceImpl : Service - Distance calculated: 5444.146863372878
2021-11-27 20:34:21.275  INFO 530588 --- [nPool-worker-11] .t.t.s.TourGuideClientRewardsServiceImpl : Service - Distance calculated: 5471.460718838191
2021-11-27 20:34:21.275  INFO 530588 --- [nPool-worker-11] .t.t.s.TourGuideClientRewardsServiceImpl : Service - Distance calculated: 6413.518542498821
2021-11-27 20:34:21.275  INFO 530588 --- [nPool-worker-11] .t.t.s.TourGuideClientRewardsServiceImpl : Service - Distance calculated: 6472.740001445134
2021-11-27 20:34:21.275  INFO 530588 --- [nPool-worker-11] .t.t.s.TourGuideClientRewardsServiceImpl : Service - Distance calculated: 5817.887160153579
2021-11-27 20:34:21.275  INFO 530588 --- [nPool-worker-11] .t.t.s.TourGuideClientRewardsServiceImpl : Service - Distance calculated: 6588.663517148907
2021-11-27 20:34:21.275  INFO 530588 --- [nPool-worker-11] .t.t.s.TourGuideClientRewardsServiceImpl : Service - Distance calculated: 6681.998142385345
2021-11-27 20:34:21.275  INFO 530588 --- [nPool-worker-11] .t.t.s.TourGuideClientRewardsServiceImpl : Service - Distance calculated: 3464.7962791355026
2021-11-27 20:34:21.275  INFO 530588 --- [nPool-worker-11] .t.t.s.TourGuideClientRewardsServiceImpl : Service - Distance calculated: 6800.375084872564
2021-11-27 20:34:21.275  INFO 530588 --- [onPool-worker-8] .t.t.s.TourGuideClientRewardsServiceImpl : Service - Distance calculated: 1955.4983571613357
2021-11-27 20:34:21.275  INFO 530588 --- [nPool-worker-11] .t.t.s.TourGuideClientRewardsServiceImpl : Service - Distance calculated: 6685.037357972723
2021-11-27 20:34:21.275  INFO 530588 --- [nPool-worker-11] .t.t.s.TourGuideClientRewardsServiceImpl : Service - Distance calculated: 6818.101040886605
2021-11-27 20:34:21.275  INFO 530588 --- [onPool-worker-8] .t.t.s.TourGuideClientRewardsServiceImpl : Service - Distance calculated: 1745.9231278195775
2021-11-27 20:34:21.275  INFO 530588 --- [nPool-worker-11] .t.t.s.TourGuideClientRewardsServiceImpl : Service - Distance calculated: 7376.71426330676
2021-11-27 20:34:21.275  INFO 530588 --- [onPool-worker-8] .t.t.s.TourGuideClientRewardsServiceImpl : Service - Distance calculated: 1757.4421812936794
2021-11-27 20:34:21.275  INFO 530588 --- [nPool-worker-11] .t.t.s.TourGuideClientRewardsServiceImpl : Service - Distance calculated: 6470.834600132478
2021-11-27 20:34:21.275  INFO 530588 --- [onPool-worker-8] .t.t.s.TourGuideClientRewardsServiceImpl : Service - Distance calculated: 1021.0360485852078
2021-11-27 20:34:21.275  INFO 530588 --- [nPool-worker-11] .t.t.s.TourGuideClientRewardsServiceImpl : Service - Distance calculated: 6756.8806788171805
2021-11-27 20:34:21.275  INFO 530588 --- [onPool-worker-8] .t.t.s.TourGuideClientRewardsServiceImpl : Service - Distance calculated: 975.1830565700683
2021-11-27 20:34:21.275  INFO 530588 --- [nPool-worker-11] .t.t.s.TourGuideClientRewardsServiceImpl : Service - Distance calculated: 6749.219973379754
2021-11-27 20:34:21.275  INFO 530588 --- [onPool-worker-8] .t.t.s.TourGuideClientRewardsServiceImpl : Service - Distance calculated: 1146.3715879924935
2021-11-27 20:34:21.275  INFO 530588 --- [nPool-worker-11] .t.t.s.TourGuideClientRewardsServiceImpl : Service - Distance calculated: 6749.707806267155
2021-11-27 20:34:21.275  INFO 530588 --- [onPool-worker-8] .t.t.s.TourGuideClientRewardsServiceImpl : Service - Distance calculated: 919.4615670655155
2021-11-27 20:34:21.275  INFO 530588 --- [nPool-worker-11] .t.t.s.TourGuideClientRewardsServiceImpl : Service - Distance calculated: 6517.668111078991
2021-11-27 20:34:21.275  INFO 530588 --- [onPool-worker-8] .t.t.s.TourGuideClientRewardsServiceImpl : Service - Distance calculated: 1393.7957759394483
2021-11-27 20:34:21.275  INFO 530588 --- [nPool-worker-11] .t.t.s.TourGuideClientRewardsServiceImpl : Service - Distance calculated: 5452.031496996301
2021-11-27 20:34:21.275  INFO 530588 --- [onPool-worker-8] .t.t.s.TourGuideClientRewardsServiceImpl : Service - Distance calculated: 968.4411260516935
2021-11-27 20:34:21.275  INFO 530588 --- [nPool-worker-11] .t.t.s.TourGuideClientRewardsServiceImpl : Service - Distance calculated: 7225.578402511903
2021-11-27 20:34:21.275  INFO 530588 --- [onPool-worker-8] .t.t.s.TourGuideClientRewardsServiceImpl : Service - Distance calculated: 1893.8385516365904
2021-11-27 20:34:21.275  INFO 530588 --- [nPool-worker-11] .t.t.s.TourGuideClientRewardsServiceImpl : Service - Distance calculated: 6785.869839138287
2021-11-27 20:34:21.275  INFO 530588 --- [onPool-worker-8] .t.t.s.TourGuideClientRewardsServiceImpl : Service - Distance calculated: 970.479931391185
2021-11-27 20:34:21.275  INFO 530588 --- [nPool-worker-11] .t.t.s.TourGuideClientRewardsServiceImpl : Service - Distance calculated: 6006.194872747959
2021-11-27 20:34:21.275  INFO 530588 --- [onPool-worker-8] .t.t.s.TourGuideClientRewardsServiceImpl : Service - Distance calculated: 2134.80849778645
2021-11-27 20:34:21.275  INFO 530588 --- [nPool-worker-11] .t.t.s.TourGuideClientRewardsServiceImpl : Service - Distance calculated: 6198.794709857204
2021-11-27 20:34:21.275  INFO 530588 --- [onPool-worker-8] .t.t.s.TourGuideClientRewardsServiceImpl : Service - Distance calculated: 1351.301372626416
2021-11-27 20:34:21.275  INFO 530588 --- [nPool-worker-11] .t.t.s.TourGuideClientRewardsServiceImpl : Service - Distance calculated: 6797.111044082113
2021-11-27 20:34:21.275  INFO 530588 --- [onPool-worker-8] .t.t.s.TourGuideClientRewardsServiceImpl : Service - Distance calculated: 1518.0541877631952
2021-11-27 20:34:21.275  INFO 530588 --- [nPool-worker-11] .t.t.s.TourGuideClientRewardsServiceImpl : Service - Distance calculated: 7238.3379847179685
2021-11-27 20:34:21.275  INFO 530588 --- [onPool-worker-8] .t.t.s.TourGuideClientRewardsServiceImpl : Service - Distance calculated: 1965.3379161686387
2021-11-27 20:34:21.275  INFO 530588 --- [nPool-worker-11] .t.t.s.TourGuideClientRewardsServiceImpl : Service - Distance calculated: 6572.944611591922
2021-11-27 20:34:21.275  INFO 530588 --- [onPool-worker-8] .t.t.s.TourGuideClientRewardsServiceImpl : Service - Distance calculated: 1027.5240133834834
2021-11-27 20:34:21.275  INFO 530588 --- [nPool-worker-11] .t.t.s.TourGuideClientRewardsServiceImpl : Service - Distance calculated: 7183.062793129176
2021-11-27 20:34:21.275  INFO 530588 --- [onPool-worker-8] .t.t.s.TourGuideClientRewardsServiceImpl : Service - Distance calculated: 5915.126843025474
2021-11-27 20:34:21.275  INFO 530588 --- [nPool-worker-11] .t.t.s.TourGuideClientRewardsServiceImpl : Service - Distance calculated: 6640.316537818445
2021-11-27 20:34:21.275  INFO 530588 --- [onPool-worker-8] .t.t.s.TourGuideClientRewardsServiceImpl : Service - Distance calculated: 5146.149781141809
2021-11-27 20:34:21.275  INFO 530588 --- [onPool-worker-8] .t.t.s.TourGuideClientRewardsServiceImpl : Service - Distance calculated: 5761.71687264784
2021-11-27 20:34:21.275  INFO 530588 --- [nPool-worker-13] .t.t.s.TourGuideClientRewardsServiceImpl : Service - Distance calculated: 5327.460767524845
2021-11-27 20:34:21.275  INFO 530588 --- [nPool-worker-11] .t.t.s.TourGuideClientRewardsServiceImpl : Service - Distance calculated: 6557.913299458499
2021-11-27 20:34:21.275  INFO 530588 --- [nPool-worker-13] .t.t.s.TourGuideClientRewardsServiceImpl : Service - Distance calculated: 4724.31460626977
2021-11-27 20:34:21.275  INFO 530588 --- [onPool-worker-8] .t.t.s.TourGuideClientRewardsServiceImpl : Service - Distance calculated: 5845.532250749673
2021-11-27 20:34:21.275  INFO 530588 --- [nPool-worker-11] .t.t.s.TourGuideClientRewardsServiceImpl : Service - Distance calculated: 6624.222301740248
2021-11-27 20:34:21.275  INFO 530588 --- [onPool-worker-8] .t.t.s.TourGuideClientRewardsServiceImpl : Service - Distance calculated: 4884.543854039887
2021-11-27 20:34:21.275  INFO 530588 --- [nPool-worker-11] .t.t.s.TourGuideClientRewardsServiceImpl : Service - Distance calculated: 6522.572575901721
2021-11-27 20:34:21.275  INFO 530588 --- [onPool-worker-8] .t.t.s.TourGuideClientRewardsServiceImpl : Service - Distance calculated: 4966.894518381363
2021-11-27 20:34:21.275  INFO 530588 --- [nPool-worker-11] .t.t.s.TourGuideClientRewardsServiceImpl : Service - Distance calculated: 6374.500468952551
2021-11-27 20:34:21.275  INFO 530588 --- [onPool-worker-8] .t.t.s.TourGuideClientRewardsServiceImpl : Service - Distance calculated: 5767.687582844762
2021-11-27 20:34:21.275  INFO 530588 --- [nPool-worker-11] .t.t.s.TourGuideClientRewardsServiceImpl : Service - Distance calculated: 6944.9726977115115
2021-11-27 20:34:21.275  INFO 530588 --- [onPool-worker-8] .t.t.s.TourGuideClientRewardsServiceImpl : Service - Distance calculated: 4282.801773825823
2021-11-27 20:34:21.275  INFO 530588 --- [nPool-worker-11] .t.t.s.TourGuideClientRewardsServiceImpl : Service - Distance calculated: 6741.457068549162
2021-11-27 20:34:21.275  INFO 530588 --- [onPool-worker-8] .t.t.s.TourGuideClientRewardsServiceImpl : Service - Distance calculated: 4476.176786694047
2021-11-27 20:34:21.275  INFO 530588 --- [nPool-worker-11] .t.t.s.TourGuideClientRewardsServiceImpl : Service - Distance calculated: 8812.25691719545
2021-11-27 20:34:21.275  INFO 530588 --- [onPool-worker-8] .t.t.s.TourGuideClientRewardsServiceImpl : Service - Distance calculated: 4871.312909450759
2021-11-27 20:34:21.275  INFO 530588 --- [nPool-worker-11] .t.t.s.TourGuideClientRewardsServiceImpl : Service - Distance calculated: 7074.56364683491
2021-11-27 20:34:21.275  INFO 530588 --- [onPool-worker-8] .t.t.s.TourGuideClientRewardsServiceImpl : Service - Distance calculated: 3896.7176018233486
2021-11-27 20:34:21.275  INFO 530588 --- [nPool-worker-11] .t.t.s.TourGuideClientRewardsServiceImpl : Service - Distance calculated: 6965.475321225507
2021-11-27 20:34:21.275  INFO 530588 --- [onPool-worker-8] .t.t.s.TourGuideClientRewardsServiceImpl : Service - Distance calculated: 4162.332879169655
2021-11-27 20:34:21.275  INFO 530588 --- [nPool-worker-11] .t.t.s.TourGuideClientRewardsServiceImpl : Service - Distance calculated: 6918.930965783988
2021-11-27 20:34:21.275  INFO 530588 --- [onPool-worker-8] .t.t.s.TourGuideClientRewardsServiceImpl : Service - Distance calculated: 4101.031530090203
2021-11-27 20:34:21.276  INFO 530588 --- [nPool-worker-11] .t.t.s.TourGuideClientRewardsServiceImpl : Service - Distance calculated: 6071.751731288822
2021-11-27 20:34:21.276  INFO 530588 --- [nPool-worker-11] .t.t.s.TourGuideClientRewardsServiceImpl : Service - Distance calculated: 6225.001038969093
2021-11-27 20:34:21.276  INFO 530588 --- [nPool-worker-11] .t.t.s.TourGuideClientRewardsServiceImpl : Service - Distance calculated: 6452.022402389817
2021-11-27 20:34:21.276  INFO 530588 --- [nPool-worker-11] .t.t.s.TourGuideClientRewardsServiceImpl : Service - Distance calculated: 6244.26176411005
2021-11-27 20:34:21.276  INFO 530588 --- [nPool-worker-11] .t.t.s.TourGuideClientRewardsServiceImpl : Service - Distance calculated: 6661.773040152741
2021-11-27 20:34:21.276  INFO 530588 --- [nPool-worker-11] .t.t.s.TourGuideClientRewardsServiceImpl : Service - Distance calculated: 6247.889454804543
2021-11-27 20:34:21.276  INFO 530588 --- [nPool-worker-11] .t.t.s.TourGuideClientRewardsServiceImpl : Service - Distance calculated: 6491.641399624024
2021-11-27 20:34:21.276  INFO 530588 --- [nPool-worker-11] .t.t.s.TourGuideClientRewardsServiceImpl : Service - Distance calculated: 6128.234685548694
2021-11-27 20:34:21.275  INFO 530588 --- [nPool-worker-13] .t.t.s.TourGuideClientRewardsServiceImpl : Service - Distance calculated: 5261.358035526393
2021-11-27 20:34:21.276  INFO 530588 --- [onPool-worker-8] .t.t.s.TourGuideClientRewardsServiceImpl : Service - Distance calculated: 4774.872596800961
2021-11-27 20:34:21.276  INFO 530588 --- [nPool-worker-11] .t.t.s.TourGuideClientRewardsServiceImpl : Service - Distance calculated: 7212.470728262404
2021-11-27 20:34:21.276  INFO 530588 --- [nPool-worker-13] .t.t.s.TourGuideClientRewardsServiceImpl : Service - Distance calculated: 5343.386164314036
2021-11-27 20:34:21.276  INFO 530588 --- [nPool-worker-11] .t.t.s.TourGuideClientRewardsServiceImpl : Service - Distance calculated: 6348.06986829967
2021-11-27 20:34:21.276  INFO 530588 --- [nPool-worker-13] .t.t.s.TourGuideClientRewardsServiceImpl : Service - Distance calculated: 5319.278561228791
2021-11-27 20:34:21.276  INFO 530588 --- [onPool-worker-8] .t.t.s.TourGuideClientRewardsServiceImpl : Service - Distance calculated: 5367.217054507073
2021-11-27 20:34:21.276  INFO 530588 --- [nPool-worker-11] .t.t.s.TourGuideClientRewardsServiceImpl : Service - Distance calculated: 6829.4448148405145
2021-11-27 20:34:21.276  INFO 530588 --- [onPool-worker-5] .t.t.s.TourGuideClientRewardsServiceImpl : Service - Distance calculated: 3513.3870935598998
2021-11-27 20:34:21.276  INFO 530588 --- [nPool-worker-11] .t.t.s.TourGuideClientRewardsServiceImpl : Service - Distance calculated: 7083.372522985229
2021-11-27 20:34:21.276  INFO 530588 --- [nPool-worker-13] .t.t.s.TourGuideClientRewardsServiceImpl : Service - Distance calculated: 5420.143366841107
2021-11-27 20:34:21.276  INFO 530588 --- [nPool-worker-11] .t.t.s.TourGuideClientRewardsServiceImpl : Service - Distance calculated: 6163.295625278185
2021-11-27 20:34:21.276  INFO 530588 --- [onPool-worker-8] .t.t.s.TourGuideClientRewardsServiceImpl : Service - Distance calculated: 4803.0767677837775
2021-11-27 20:34:21.276  INFO 530588 --- [nPool-worker-13] .t.t.s.TourGuideClientRewardsServiceImpl : Service - Distance calculated: 5531.23056000705
2021-11-27 20:34:21.276  INFO 530588 --- [onPool-worker-8] .t.t.s.TourGuideClientRewardsServiceImpl : Service - Distance calculated: 5090.527867126454
2021-11-27 20:34:21.276  INFO 530588 --- [nPool-worker-13] .t.t.s.TourGuideClientRewardsServiceImpl : Service - Distance calculated: 5032.945115536018
2021-11-27 20:34:21.276  INFO 530588 --- [onPool-worker-8] .t.t.s.TourGuideClientRewardsServiceImpl : Service - Distance calculated: 4523.084644898927
2021-11-27 20:34:21.276  INFO 530588 --- [onPool-worker-5] .t.t.s.TourGuideClientRewardsServiceImpl : Service - Distance calculated: 2752.1315513809454
2021-11-27 20:34:21.276  INFO 530588 --- [onPool-worker-8] .t.t.s.TourGuideClientRewardsServiceImpl : Service - Distance calculated: 5294.221685919148
2021-11-27 20:34:21.276  INFO 530588 --- [nPool-worker-11] .t.t.s.TourGuideClientRewardsServiceImpl : Service - Distance calculated: 7945.511168357605
2021-11-27 20:34:21.276  INFO 530588 --- [onPool-worker-8] .t.t.s.TourGuideClientRewardsServiceImpl : Service - Distance calculated: 5951.660524779834
2021-11-27 20:34:21.276  INFO 530588 --- [nPool-worker-13] .t.t.s.TourGuideClientRewardsServiceImpl : Service - Distance calculated: 5231.371316047574
2021-11-27 20:34:21.276  INFO 530588 --- [onPool-worker-8] .t.t.s.TourGuideClientRewardsServiceImpl : Service - Distance calculated: 4827.6386826500275
2021-11-27 20:34:21.276  INFO 530588 --- [nPool-worker-13] .t.t.s.TourGuideClientRewardsServiceImpl : Service - Distance calculated: 3095.6758362868172
2021-11-27 20:34:21.276  INFO 530588 --- [nPool-worker-13] .t.t.s.TourGuideClientRewardsServiceImpl : Service - Distance calculated: 4937.343963693698
2021-11-27 20:34:21.276  INFO 530588 --- [nPool-worker-13] .t.t.s.TourGuideClientRewardsServiceImpl : Service - Distance calculated: 5023.960813573839
2021-11-27 20:34:21.276  INFO 530588 --- [nPool-worker-13] .t.t.s.TourGuideClientRewardsServiceImpl : Service - Distance calculated: 5081.456285234244
2021-11-27 20:34:21.276  INFO 530588 --- [nPool-worker-13] .t.t.s.TourGuideClientRewardsServiceImpl : Service - Distance calculated: 5922.7877111003545
2021-11-27 20:34:21.276  INFO 530588 --- [nPool-worker-13] .t.t.s.TourGuideClientRewardsServiceImpl : Service - Distance calculated: 5704.343718355645
2021-11-27 20:34:21.276  INFO 530588 --- [nPool-worker-13] .t.t.s.TourGuideClientRewardsServiceImpl : Service - Distance calculated: 5509.149874929325
2021-11-27 20:34:21.276  INFO 530588 --- [nPool-worker-13] .t.t.s.TourGuideClientRewardsServiceImpl : Service - Distance calculated: 5704.689013733233
2021-11-27 20:34:21.276  INFO 530588 --- [nPool-worker-13] .t.t.s.TourGuideClientRewardsServiceImpl : Service - Distance calculated: 5312.097553258602
2021-11-27 20:34:21.276  INFO 530588 --- [nPool-worker-13] .t.t.s.TourGuideClientRewardsServiceImpl : Service - Distance calculated: 5685.238506778929
2021-11-27 20:34:21.276  INFO 530588 --- [nPool-worker-13] .t.t.s.TourGuideClientRewardsServiceImpl : Service - Distance calculated: 5408.958448873433
2021-11-27 20:34:21.276  INFO 530588 --- [nPool-worker-13] .t.t.s.TourGuideClientRewardsServiceImpl : Service - Distance calculated: 5855.071044280772
2021-11-27 20:34:21.276  INFO 530588 --- [nPool-worker-13] .t.t.s.TourGuideClientRewardsServiceImpl : Service - Distance calculated: 4810.728948055461
2021-11-27 20:34:21.276  INFO 530588 --- [nPool-worker-13] .t.t.s.TourGuideClientRewardsServiceImpl : Service - Distance calculated: 5563.045270370513
2021-11-27 20:34:21.276  INFO 530588 --- [nPool-worker-13] .t.t.s.TourGuideClientRewardsServiceImpl : Service - Distance calculated: 5108.8702051547625
2021-11-27 20:34:21.276  INFO 530588 --- [nPool-worker-13] .t.t.s.TourGuideClientRewardsServiceImpl : Service - Distance calculated: 4928.941569131226
2021-11-27 20:34:21.276  INFO 530588 --- [nPool-worker-13] .t.t.s.TourGuideClientRewardsServiceImpl : Service - Distance calculated: 5823.726050018715
2021-11-27 20:34:21.276  INFO 530588 --- [nPool-worker-13] .t.t.s.TourGuideClientRewardsServiceImpl : Service - Distance calculated: 10796.282908625097
2021-11-27 20:34:21.276  INFO 530588 --- [nPool-worker-13] .t.t.s.TourGuideClientRewardsServiceImpl : Service - Distance calculated: 10957.983087258954
2021-11-27 20:34:21.276  INFO 530588 --- [nPool-worker-13] .t.t.s.TourGuideClientRewardsServiceImpl : Service - Distance calculated: 10925.602520258039
2021-11-27 20:34:21.276  INFO 530588 --- [nPool-worker-13] .t.t.s.TourGuideClientRewardsServiceImpl : Service - Distance calculated: 10911.798218167254
2021-11-27 20:34:21.276  INFO 530588 --- [nPool-worker-13] .t.t.s.TourGuideClientRewardsServiceImpl : Service - Distance calculated: 11979.049824451222
2021-11-27 20:34:21.276  INFO 530588 --- [nPool-worker-13] .t.t.s.TourGuideClientRewardsServiceImpl : Service - Distance calculated: 12067.049719178707
2021-11-27 20:34:21.276  INFO 530588 --- [nPool-worker-13] .t.t.s.TourGuideClientRewardsServiceImpl : Service - Distance calculated: 11240.537642684088
2021-11-27 20:34:21.276  INFO 530588 --- [nPool-worker-13] .t.t.s.TourGuideClientRewardsServiceImpl : Service - Distance calculated: 11593.199835723348
2021-11-27 20:34:21.276  INFO 530588 --- [nPool-worker-13] .t.t.s.TourGuideClientRewardsServiceImpl : Service - Distance calculated: 11802.656343794602
2021-11-27 20:34:21.276  INFO 530588 --- [nPool-worker-13] .t.t.s.TourGuideClientRewardsServiceImpl : Service - Distance calculated: 9001.58351801578
2021-11-27 20:34:21.276  INFO 530588 --- [nPool-worker-13] .t.t.s.TourGuideClientRewardsServiceImpl : Service - Distance calculated: 11235.087377914073
2021-11-27 20:34:21.276  INFO 530588 --- [nPool-worker-13] .t.t.s.TourGuideClientRewardsServiceImpl : Service - Distance calculated: 11494.391323403952
2021-11-27 20:34:21.276  INFO 530588 --- [nPool-worker-13] .t.t.s.TourGuideClientRewardsServiceImpl : Service - Distance calculated: 11439.111900662823
2021-11-27 20:34:21.276  INFO 530588 --- [nPool-worker-13] .t.t.s.TourGuideClientRewardsServiceImpl : Service - Distance calculated: 11770.870451172425
2021-11-27 20:34:21.276  INFO 530588 --- [nPool-worker-13] .t.t.s.TourGuideClientRewardsServiceImpl : Service - Distance calculated: 11990.713105892304
2021-11-27 20:34:21.276  INFO 530588 --- [nPool-worker-13] .t.t.s.TourGuideClientRewardsServiceImpl : Service - Distance calculated: 12136.964405902663
2021-11-27 20:34:21.276  INFO 530588 --- [nPool-worker-13] .t.t.s.TourGuideClientRewardsServiceImpl : Service - Distance calculated: 12365.649700517057
2021-11-27 20:34:21.276  INFO 530588 --- [nPool-worker-13] .t.t.s.TourGuideClientRewardsServiceImpl : Service - Distance calculated: 11859.141593237542
2021-11-27 20:34:21.276  INFO 530588 --- [nPool-worker-13] .t.t.s.TourGuideClientRewardsServiceImpl : Service - Distance calculated: 12071.250800886328
2021-11-27 20:34:21.276  INFO 530588 --- [nPool-worker-13] .t.t.s.TourGuideClientRewardsServiceImpl : Service - Distance calculated: 10842.533940223246
2021-11-27 20:34:21.276  INFO 530588 --- [nPool-worker-13] .t.t.s.TourGuideClientRewardsServiceImpl : Service - Distance calculated: 11931.987256474209
2021-11-27 20:34:21.276  INFO 530588 --- [nPool-worker-13] .t.t.s.TourGuideClientRewardsServiceImpl : Service - Distance calculated: 11050.46577695515
2021-11-27 20:34:21.276  INFO 530588 --- [nPool-worker-13] .t.t.s.TourGuideClientRewardsServiceImpl : Service - Distance calculated: 11469.476324257546
2021-11-27 20:34:21.276  INFO 530588 --- [nPool-worker-13] .t.t.s.TourGuideClientRewardsServiceImpl : Service - Distance calculated: 11749.856281552346
2021-11-27 20:34:21.276  INFO 530588 --- [nPool-worker-13] .t.t.s.TourGuideClientRewardsServiceImpl : Service - Distance calculated: 11225.699167815106
2021-11-27 20:34:21.276  INFO 530588 --- [nPool-worker-13] .t.t.s.TourGuideClientRewardsServiceImpl : Service - Distance calculated: 11886.38386737077
2021-11-27 20:34:21.276  INFO 530588 --- [nPool-worker-13] .t.t.s.TourGuideClientRewardsServiceImpl : Service - Distance calculated: 2090.265405682033
2021-11-27 20:34:21.276  INFO 530588 --- [nPool-worker-13] .t.t.s.TourGuideClientRewardsServiceImpl : Service - Distance calculated: 1752.583018530848
2021-11-27 20:34:21.276  INFO 530588 --- [nPool-worker-13] .t.t.s.TourGuideClientRewardsServiceImpl : Service - Distance calculated: 2076.570366530645
2021-11-27 20:34:21.276  INFO 530588 --- [nPool-worker-13] .t.t.s.TourGuideClientRewardsServiceImpl : Service - Distance calculated: 2141.2304812458174
2021-11-27 20:34:21.276  INFO 530588 --- [nPool-worker-13] .t.t.s.TourGuideClientRewardsServiceImpl : Service - Distance calculated: 2776.049967546894
2021-11-27 20:34:21.276  INFO 530588 --- [nPool-worker-13] .t.t.s.TourGuideClientRewardsServiceImpl : Service - Distance calculated: 2844.642763482316
2021-11-27 20:34:21.276  INFO 530588 --- [nPool-worker-13] .t.t.s.TourGuideClientRewardsServiceImpl : Service - Distance calculated: 2423.9079785920367
2021-11-27 20:34:21.276  INFO 530588 --- [nPool-worker-13] .t.t.s.TourGuideClientRewardsServiceImpl : Service - Distance calculated: 2943.7441683294705
2021-11-27 20:34:21.276  INFO 530588 --- [nPool-worker-13] .t.t.s.TourGuideClientRewardsServiceImpl : Service - Distance calculated: 3027.431219687592
2021-11-27 20:34:21.276  INFO 530588 --- [nPool-worker-13] .t.t.s.TourGuideClientRewardsServiceImpl : Service - Distance calculated: 271.1902965205672
2021-11-27 20:34:21.276  INFO 530588 --- [nPool-worker-13] .t.t.s.TourGuideClientRewardsServiceImpl : Service - Distance calculated: 3205.4061177834565
2021-11-27 20:34:21.276  INFO 530588 --- [nPool-worker-13] .t.t.s.TourGuideClientRewardsServiceImpl : Service - Distance calculated: 3051.3382609425284
2021-11-27 20:34:21.276  INFO 530588 --- [nPool-worker-13] .t.t.s.TourGuideClientRewardsServiceImpl : Service - Distance calculated: 3191.3627588960053
2021-11-27 20:34:21.276  INFO 530588 --- [nPool-worker-13] .t.t.s.TourGuideClientRewardsServiceImpl : Service - Distance calculated: 3726.2349795192217
2021-11-27 20:34:21.276  INFO 530588 --- [nPool-worker-13] .t.t.s.TourGuideClientRewardsServiceImpl : Service - Distance calculated: 2917.890033587681
2021-11-27 20:34:21.277  INFO 530588 --- [nPool-worker-13] .t.t.s.TourGuideClientRewardsServiceImpl : Service - Distance calculated: 3110.9405920382637
2021-11-27 20:34:21.277  INFO 530588 --- [nPool-worker-13] .t.t.s.TourGuideClientRewardsServiceImpl : Service - Distance calculated: 3136.147162181568
2021-11-27 20:34:21.277  INFO 530588 --- [nPool-worker-13] .t.t.s.TourGuideClientRewardsServiceImpl : Service - Distance calculated: 3094.4983532681285
2021-11-27 20:34:21.277  INFO 530588 --- [nPool-worker-13] .t.t.s.TourGuideClientRewardsServiceImpl : Service - Distance calculated: 2946.616285373733
2021-11-27 20:34:21.277  INFO 530588 --- [nPool-worker-13] .t.t.s.TourGuideClientRewardsServiceImpl : Service - Distance calculated: 2177.141808852845
2021-11-27 20:34:21.277  INFO 530588 --- [nPool-worker-13] .t.t.s.TourGuideClientRewardsServiceImpl : Service - Distance calculated: 3579.072193842843
2021-11-27 20:34:21.277  INFO 530588 --- [nPool-worker-13] .t.t.s.TourGuideClientRewardsServiceImpl : Service - Distance calculated: 3229.5132850239766
2021-11-27 20:34:21.277  INFO 530588 --- [nPool-worker-13] .t.t.s.TourGuideClientRewardsServiceImpl : Service - Distance calculated: 2547.6831149289046
2021-11-27 20:34:21.277  INFO 530588 --- [nPool-worker-13] .t.t.s.TourGuideClientRewardsServiceImpl : Service - Distance calculated: 2554.401653747719
2021-11-27 20:34:21.277  INFO 530588 --- [nPool-worker-13] .t.t.s.TourGuideClientRewardsServiceImpl : Service - Distance calculated: 3203.908952701145
2021-11-27 20:34:21.277  INFO 530588 --- [nPool-worker-13] .t.t.s.TourGuideClientRewardsServiceImpl : Service - Distance calculated: 3588.219019252914
2021-11-27 20:34:21.277  INFO 530588 --- [nPool-worker-13] .t.t.s.TourGuideClientRewardsServiceImpl : Service - Distance calculated: 5390.148982787357
2021-11-27 20:34:21.277  INFO 530588 --- [nPool-worker-13] .t.t.s.TourGuideClientRewardsServiceImpl : Service - Distance calculated: 4902.393784653832
2021-11-27 20:34:21.277  INFO 530588 --- [nPool-worker-13] .t.t.s.TourGuideClientRewardsServiceImpl : Service - Distance calculated: 5356.875259109857
2021-11-27 20:34:21.277  INFO 530588 --- [nPool-worker-13] .t.t.s.TourGuideClientRewardsServiceImpl : Service - Distance calculated: 5429.559426682228
2021-11-27 20:34:21.277  INFO 530588 --- [nPool-worker-13] .t.t.s.TourGuideClientRewardsServiceImpl : Service - Distance calculated: 5667.568634713198
2021-11-27 20:34:21.277  INFO 530588 --- [nPool-worker-13] .t.t.s.TourGuideClientRewardsServiceImpl : Service - Distance calculated: 5763.399646990005
2021-11-27 20:34:21.277  INFO 530588 --- [nPool-worker-13] .t.t.s.TourGuideClientRewardsServiceImpl : Service - Distance calculated: 5674.331702068376
2021-11-27 20:34:21.277  INFO 530588 --- [nPool-worker-13] .t.t.s.TourGuideClientRewardsServiceImpl : Service - Distance calculated: 5486.713573766862
2021-11-27 20:34:21.277  INFO 530588 --- [nPool-worker-13] .t.t.s.TourGuideClientRewardsServiceImpl : Service - Distance calculated: 5668.231452801402
2021-11-27 20:34:21.277  INFO 530588 --- [nPool-worker-13] .t.t.s.TourGuideClientRewardsServiceImpl : Service - Distance calculated: 3039.2231908004596
2021-11-27 20:34:21.277  INFO 530588 --- [nPool-worker-13] .t.t.s.TourGuideClientRewardsServiceImpl : Service - Distance calculated: 5465.4943046261415
2021-11-27 20:34:21.277  INFO 530588 --- [nPool-worker-13] .t.t.s.TourGuideClientRewardsServiceImpl : Service - Distance calculated: 5504.566008576333
2021-11-27 20:34:21.277  INFO 530588 --- [nPool-worker-13] .t.t.s.TourGuideClientRewardsServiceImpl : Service - Distance calculated: 5584.140950812137
2021-11-27 20:34:21.277  INFO 530588 --- [nPool-worker-13] .t.t.s.TourGuideClientRewardsServiceImpl : Service - Distance calculated: 6396.251038249024
2021-11-27 20:34:21.277  INFO 530588 --- [nPool-worker-13] .t.t.s.TourGuideClientRewardsServiceImpl : Service - Distance calculated: 5989.027438485401
2021-11-27 20:34:21.277  INFO 530588 --- [nPool-worker-13] .t.t.s.TourGuideClientRewardsServiceImpl : Service - Distance calculated: 5908.644797058061
2021-11-27 20:34:21.277  INFO 530588 --- [nPool-worker-13] .t.t.s.TourGuideClientRewardsServiceImpl : Service - Distance calculated: 6062.677508030805
2021-11-27 20:34:21.277  INFO 530588 --- [nPool-worker-13] .t.t.s.TourGuideClientRewardsServiceImpl : Service - Distance calculated: 5749.865564799693
2021-11-27 20:34:21.277  INFO 530588 --- [nPool-worker-13] .t.t.s.TourGuideClientRewardsServiceImpl : Service - Distance calculated: 5986.268917716865
2021-11-27 20:34:21.277  INFO 530588 --- [nPool-worker-13] .t.t.s.TourGuideClientRewardsServiceImpl : Service - Distance calculated: 5476.209029900149
2021-11-27 20:34:21.277  INFO 530588 --- [nPool-worker-13] .t.t.s.TourGuideClientRewardsServiceImpl : Service - Distance calculated: 6304.469356070663
2021-11-27 20:34:21.277  INFO 530588 --- [nPool-worker-13] .t.t.s.TourGuideClientRewardsServiceImpl : Service - Distance calculated: 5361.791070391646
2021-11-27 20:34:21.277  INFO 530588 --- [nPool-worker-13] .t.t.s.TourGuideClientRewardsServiceImpl : Service - Distance calculated: 5751.212643839087
2021-11-27 20:34:21.277  INFO 530588 --- [nPool-worker-13] .t.t.s.TourGuideClientRewardsServiceImpl : Service - Distance calculated: 5443.332454887419
2021-11-27 20:34:21.277  INFO 530588 --- [nPool-worker-13] .t.t.s.TourGuideClientRewardsServiceImpl : Service - Distance calculated: 5458.021540957039
2021-11-27 20:34:21.277  INFO 530588 --- [nPool-worker-13] .t.t.s.TourGuideClientRewardsServiceImpl : Service - Distance calculated: 6282.417086902366
2021-11-27 20:34:21.276  INFO 530588 --- [onPool-worker-5] .t.t.s.TourGuideClientRewardsServiceImpl : Service - Distance calculated: 3384.3961783397335
2021-11-27 20:34:21.276  INFO 530588 --- [nPool-worker-11] .t.t.s.TourGuideClientRewardsServiceImpl : Service - Distance calculated: 7294.60562356563
2021-11-27 20:34:21.277  INFO 530588 --- [nPool-worker-11] .t.t.s.TourGuideClientRewardsServiceImpl : Service - Distance calculated: 7781.427097424298
2021-11-27 20:34:21.277  INFO 530588 --- [nPool-worker-11] .t.t.s.TourGuideClientRewardsServiceImpl : Service - Distance calculated: 7840.921883420023
2021-11-27 20:34:21.277  INFO 530588 --- [nPool-worker-11] .t.t.s.TourGuideClientRewardsServiceImpl : Service - Distance calculated: 6562.056403548416
2021-11-27 20:34:21.277  INFO 530588 --- [nPool-worker-11] .t.t.s.TourGuideClientRewardsServiceImpl : Service - Distance calculated: 6599.73576656661
2021-11-27 20:34:21.277  INFO 530588 --- [nPool-worker-11] .t.t.s.TourGuideClientRewardsServiceImpl : Service - Distance calculated: 7607.674297159168
2021-11-27 20:34:21.277  INFO 530588 --- [nPool-worker-11] .t.t.s.TourGuideClientRewardsServiceImpl : Service - Distance calculated: 5961.831579936957
2021-11-27 20:34:21.277  INFO 530588 --- [nPool-worker-11] .t.t.s.TourGuideClientRewardsServiceImpl : Service - Distance calculated: 6074.2504342129005
2021-11-27 20:34:21.277  INFO 530588 --- [nPool-worker-11] .t.t.s.TourGuideClientRewardsServiceImpl : Service - Distance calculated: 7572.189284248705
2021-11-27 20:34:21.277  INFO 530588 --- [nPool-worker-11] .t.t.s.TourGuideClientRewardsServiceImpl : Service - Distance calculated: 5516.4852414946345
2021-11-27 20:34:21.277  INFO 530588 --- [nPool-worker-11] .t.t.s.TourGuideClientRewardsServiceImpl : Service - Distance calculated: 5807.089583723179
2021-11-27 20:34:21.277  INFO 530588 --- [nPool-worker-11] .t.t.s.TourGuideClientRewardsServiceImpl : Service - Distance calculated: 5680.419718400283
2021-11-27 20:34:21.277  INFO 530588 --- [nPool-worker-11] .t.t.s.TourGuideClientRewardsServiceImpl : Service - Distance calculated: 5924.733730220487
2021-11-27 20:34:21.277  INFO 530588 --- [nPool-worker-11] .t.t.s.TourGuideClientRewardsServiceImpl : Service - Distance calculated: 6934.503438953575
2021-11-27 20:34:21.277  INFO 530588 --- [nPool-worker-11] .t.t.s.TourGuideClientRewardsServiceImpl : Service - Distance calculated: 6307.932022837732
2021-11-27 20:34:21.277  INFO 530588 --- [nPool-worker-11] .t.t.s.TourGuideClientRewardsServiceImpl : Service - Distance calculated: 6552.25134530234
2021-11-27 20:34:21.277  INFO 530588 --- [nPool-worker-11] .t.t.s.TourGuideClientRewardsServiceImpl : Service - Distance calculated: 6076.40776723941
2021-11-27 20:34:21.277  INFO 530588 --- [nPool-worker-11] .t.t.s.TourGuideClientRewardsServiceImpl : Service - Distance calculated: 6848.602808774801
2021-11-27 20:34:21.277  INFO 530588 --- [nPool-worker-11] .t.t.s.TourGuideClientRewardsServiceImpl : Service - Distance calculated: 7941.251078112658
2021-11-27 20:34:21.277  INFO 530588 --- [nPool-worker-11] .t.t.s.TourGuideClientRewardsServiceImpl : Service - Distance calculated: 6059.439365248177
2021-11-27 20:34:21.276  INFO 530588 --- [onPool-worker-8] .t.t.s.TourGuideClientRewardsServiceImpl : Service - Distance calculated: 3711.988497254235
2021-11-27 20:34:21.277  INFO 530588 --- [nPool-worker-13] .t.t.s.TourGuideClientRewardsServiceImpl : Service - Distance calculated: 5.8950310023474215E-5
2021-11-27 20:34:21.277  INFO 530588 --- [onPool-worker-5] .t.t.s.TourGuideClientRewardsServiceImpl : Service - Distance calculated: 3474.0150232661063
2021-11-27 20:34:21.277  INFO 530588 --- [nPool-worker-11] .t.t.s.TourGuideClientRewardsServiceImpl : Service - Distance calculated: 5367.185708581484
2021-11-27 20:34:21.277  INFO 530588 --- [nPool-worker-11] .t.t.s.TourGuideClientRewardsServiceImpl : Service - Distance calculated: 7396.032538243306
2021-11-27 20:34:21.277  INFO 530588 --- [onPool-worker-5] .t.t.s.TourGuideClientRewardsServiceImpl : Service - Distance calculated: 2970.8426960518736
2021-11-27 20:34:21.277  INFO 530588 --- [nPool-worker-11] .t.t.s.TourGuideClientRewardsServiceImpl : Service - Distance calculated: 6608.728784824088
2021-11-27 20:34:21.277  INFO 530588 --- [nPool-worker-11] .t.t.s.TourGuideClientRewardsServiceImpl : Service - Distance calculated: 5510.294336237035
2021-11-27 20:34:21.277  INFO 530588 --- [onPool-worker-5] .t.t.s.TourGuideClientRewardsServiceImpl : Service - Distance calculated: 3072.8173456511545
2021-11-27 20:34:21.277  INFO 530588 --- [nPool-worker-11] .t.t.s.TourGuideClientRewardsServiceImpl : Service - Distance calculated: 6002.5234717812145
2021-11-27 20:34:21.277  INFO 530588 --- [onPool-worker-5] .t.t.s.TourGuideClientRewardsServiceImpl : Service - Distance calculated: 3514.8280472869355
2021-11-27 20:34:21.277  INFO 530588 --- [onPool-worker-5] .t.t.s.TourGuideClientRewardsServiceImpl : Service - Distance calculated: 2576.931603996492
2021-11-27 20:34:21.277  INFO 530588 --- [nPool-worker-11] .t.t.s.TourGuideClientRewardsServiceImpl : Service - Distance calculated: 5.8950310023474215E-5
2021-11-27 20:34:21.277  INFO 530588 --- [onPool-worker-5] .t.t.s.TourGuideClientRewardsServiceImpl : Service - Distance calculated: 2785.172588484063
2021-11-27 20:34:21.277  INFO 530588 --- [onPool-worker-5] .t.t.s.TourGuideClientRewardsServiceImpl : Service - Distance calculated: 2328.2649568684315
2021-11-27 20:34:21.277  INFO 530588 --- [onPool-worker-5] .t.t.s.TourGuideClientRewardsServiceImpl : Service - Distance calculated: 2440.5378539843405
2021-11-27 20:34:21.277  INFO 530588 --- [onPool-worker-5] .t.t.s.TourGuideClientRewardsServiceImpl : Service - Distance calculated: 2547.9025386566636
2021-11-27 20:34:21.277  INFO 530588 --- [onPool-worker-5] .t.t.s.TourGuideClientRewardsServiceImpl : Service - Distance calculated: 2592.5748377901677
2021-11-27 20:34:21.277  INFO 530588 --- [onPool-worker-8] .t.t.s.TourGuideClientRewardsServiceImpl : Service - Distance calculated: 5628.690732030805
2021-11-27 20:34:21.277  INFO 530588 --- [onPool-worker-8] .t.t.s.TourGuideClientRewardsServiceImpl : Service - Distance calculated: 4808.315989841574
2021-11-27 20:34:21.277  INFO 530588 --- [onPool-worker-8] .t.t.s.TourGuideClientRewardsServiceImpl : Service - Distance calculated: 3887.2691781573
2021-11-27 20:34:21.277  INFO 530588 --- [onPool-worker-5] .t.t.s.TourGuideClientRewardsServiceImpl : Service - Distance calculated: 3439.7009179904358
2021-11-27 20:34:21.277  INFO 530588 --- [onPool-worker-8] .t.t.s.TourGuideClientRewardsServiceImpl : Service - Distance calculated: 4768.947874186993
2021-11-27 20:34:21.278  INFO 530588 --- [onPool-worker-8] .t.t.s.TourGuideClientRewardsServiceImpl : Service - Distance calculated: 3906.4646834494347
2021-11-27 20:34:21.278  INFO 530588 --- [onPool-worker-5] .t.t.s.TourGuideClientRewardsServiceImpl : Service - Distance calculated: 3422.322679417516
2021-11-27 20:34:21.278  INFO 530588 --- [onPool-worker-8] .t.t.s.TourGuideClientRewardsServiceImpl : Service - Distance calculated: 4607.745683364266
2021-11-27 20:34:21.278  INFO 530588 --- [nPool-worker-13] .t.t.s.TourGuideClientRewardsServiceImpl : Service - Distance calculated: 774.5207212649109
2021-11-27 20:34:21.278  INFO 530588 --- [onPool-worker-8] .t.t.s.TourGuideClientRewardsServiceImpl : Service - Distance calculated: 4003.0807987466706
2021-11-27 20:34:21.278  INFO 530588 --- [onPool-worker-5] .t.t.s.TourGuideClientRewardsServiceImpl : Service - Distance calculated: 3090.790167247604
2021-11-27 20:34:21.278  INFO 530588 --- [nPool-worker-13] .t.t.s.TourGuideClientRewardsServiceImpl : Service - Distance calculated: 164.91310606753288
2021-11-27 20:34:21.278  INFO 530588 --- [onPool-worker-8] .t.t.s.TourGuideClientRewardsServiceImpl : Service - Distance calculated: 3914.9571771992437
2021-11-27 20:34:21.278  INFO 530588 --- [nPool-worker-13] .t.t.s.TourGuideClientRewardsServiceImpl : Service - Distance calculated: 115.99464245531166
2021-11-27 20:34:21.278  INFO 530588 --- [onPool-worker-8] .t.t.s.TourGuideClientRewardsServiceImpl : Service - Distance calculated: 4396.067318452653
2021-11-27 20:34:21.278  INFO 530588 --- [onPool-worker-5] .t.t.s.TourGuideClientRewardsServiceImpl : Service - Distance calculated: 3324.7007470368917
2021-11-27 20:34:21.278  INFO 530588 --- [onPool-worker-8] .t.t.s.TourGuideClientRewardsServiceImpl : Service - Distance calculated: 4298.613712305454
2021-11-27 20:34:21.278  INFO 530588 --- [nPool-worker-13] .t.t.s.TourGuideClientRewardsServiceImpl : Service - Distance calculated: 1428.8577204882306
2021-11-27 20:34:21.278  INFO 530588 --- [onPool-worker-8] .t.t.s.TourGuideClientRewardsServiceImpl : Service - Distance calculated: 3809.854532138026
2021-11-27 20:34:21.278  INFO 530588 --- [nPool-worker-13] .t.t.s.TourGuideClientRewardsServiceImpl : Service - Distance calculated: 1418.571827418631
2021-11-27 20:34:21.278  INFO 530588 --- [onPool-worker-8] .t.t.s.TourGuideClientRewardsServiceImpl : Service - Distance calculated: 4919.787418439723
2021-11-27 20:34:21.278  INFO 530588 --- [onPool-worker-5] .t.t.s.TourGuideClientRewardsServiceImpl : Service - Distance calculated: 2863.0201384806937
2021-11-27 20:34:21.278  INFO 530588 --- [nPool-worker-11] .t.t.s.TourGuideClientRewardsServiceImpl : Service - Distance calculated: 774.5207212649109
2021-11-27 20:34:21.278  INFO 530588 --- [onPool-worker-5] .t.t.s.TourGuideClientRewardsServiceImpl : Service - Distance calculated: 3380.669811786144
2021-11-27 20:34:21.278  INFO 530588 --- [nPool-worker-13] .t.t.s.TourGuideClientRewardsServiceImpl : Service - Distance calculated: 460.11990361699293
2021-11-27 20:34:21.278  INFO 530588 --- [nPool-worker-11] .t.t.s.TourGuideClientRewardsServiceImpl : Service - Distance calculated: 164.91310606753288
2021-11-27 20:34:21.278  INFO 530588 --- [nPool-worker-13] .t.t.s.TourGuideClientRewardsServiceImpl : Service - Distance calculated: 1992.7911930022951
2021-11-27 20:34:21.278  INFO 530588 --- [nPool-worker-13] .t.t.s.TourGuideClientRewardsServiceImpl : Service - Distance calculated: 1906.7972782801585
2021-11-27 20:34:21.278  INFO 530588 --- [nPool-worker-13] .t.t.s.TourGuideClientRewardsServiceImpl : Service - Distance calculated: 2360.645624935619
2021-11-27 20:34:21.278  INFO 530588 --- [nPool-worker-13] .t.t.s.TourGuideClientRewardsServiceImpl : Service - Distance calculated: 2434.494471527265
2021-11-27 20:34:21.278  INFO 530588 --- [nPool-worker-13] .t.t.s.TourGuideClientRewardsServiceImpl : Service - Distance calculated: 2148.3967563579567
2021-11-27 20:34:21.278  INFO 530588 --- [nPool-worker-13] .t.t.s.TourGuideClientRewardsServiceImpl : Service - Distance calculated: 2282.746325565392
2021-11-27 20:34:21.278  INFO 530588 --- [nPool-worker-13] .t.t.s.TourGuideClientRewardsServiceImpl : Service - Distance calculated: 2289.4339721013357
2021-11-27 20:34:21.278  INFO 530588 --- [nPool-worker-13] .t.t.s.TourGuideClientRewardsServiceImpl : Service - Distance calculated: 1204.372289719331
2021-11-27 20:34:21.278  INFO 530588 --- [nPool-worker-13] .t.t.s.TourGuideClientRewardsServiceImpl : Service - Distance calculated: 1742.5694022642394
2021-11-27 20:34:21.278  INFO 530588 --- [nPool-worker-13] .t.t.s.TourGuideClientRewardsServiceImpl : Service - Distance calculated: 1576.7472428725728
2021-11-27 20:34:21.278  INFO 530588 --- [nPool-worker-13] .t.t.s.TourGuideClientRewardsServiceImpl : Service - Distance calculated: 1921.4807999190489
2021-11-27 20:34:21.278  INFO 530588 --- [onPool-worker-8] .t.t.s.TourGuideClientRewardsServiceImpl : Service - Distance calculated: 4709.26903221469
2021-11-27 20:34:21.278  INFO 530588 --- [onPool-worker-5] .t.t.s.TourGuideClientRewardsServiceImpl : Service - Distance calculated: 3571.1631542103214
2021-11-27 20:34:21.278  INFO 530588 --- [onPool-worker-8] .t.t.s.TourGuideClientRewardsServiceImpl : Service - Distance calculated: 6052.0348627452895
2021-11-27 20:34:21.278  INFO 530588 --- [nPool-worker-11] .t.t.s.TourGuideClientRewardsServiceImpl : Service - Distance calculated: 115.99464245531166
2021-11-27 20:34:21.278  INFO 530588 --- [onPool-worker-8] .t.t.s.TourGuideClientRewardsServiceImpl : Service - Distance calculated: 5239.601646444641
2021-11-27 20:34:21.278  INFO 530588 --- [nPool-worker-13] .t.t.s.TourGuideClientRewardsServiceImpl : Service - Distance calculated: 1277.6245433336508
2021-11-27 20:34:21.278  INFO 530588 --- [onPool-worker-8] .t.t.s.TourGuideClientRewardsServiceImpl : Service - Distance calculated: 5010.528287499081
2021-11-27 20:34:21.278  INFO 530588 --- [onPool-worker-5] .t.t.s.TourGuideClientRewardsServiceImpl : Service - Distance calculated: 3386.4638229501306
2021-11-27 20:34:21.278  INFO 530588 --- [onPool-worker-8] .t.t.s.TourGuideClientRewardsServiceImpl : Service - Distance calculated: 5038.59753192735
2021-11-27 20:34:21.278  INFO 530588 --- [nPool-worker-11] .t.t.s.TourGuideClientRewardsServiceImpl : Service - Distance calculated: 1428.8577204882306
2021-11-27 20:34:21.278  INFO 530588 --- [nPool-worker-13] .t.t.s.TourGuideClientRewardsServiceImpl : Service - Distance calculated: 87.03441722159666
2021-11-27 20:34:21.278  INFO 530588 --- [onPool-worker-8] .t.t.s.TourGuideClientRewardsServiceImpl : Service - Distance calculated: 4288.7411009074285
2021-11-27 20:34:21.278  INFO 530588 --- [onPool-worker-5] .t.t.s.TourGuideClientRewardsServiceImpl : Service - Distance calculated: 2311.228063394726
2021-11-27 20:34:21.278  INFO 530588 --- [onPool-worker-8] .t.t.s.TourGuideClientRewardsServiceImpl : Service - Distance calculated: 3917.8364592784274
2021-11-27 20:34:21.278  INFO 530588 --- [nPool-worker-11] .t.t.s.TourGuideClientRewardsServiceImpl : Service - Distance calculated: 1418.571827418631
2021-11-27 20:34:21.278  INFO 530588 --- [onPool-worker-8] .t.t.s.TourGuideClientRewardsServiceImpl : Service - Distance calculated: 4375.254651043196
2021-11-27 20:34:21.278  INFO 530588 --- [nPool-worker-13] .t.t.s.TourGuideClientRewardsServiceImpl : Service - Distance calculated: 2127.2478407793283
2021-11-27 20:34:21.278  INFO 530588 --- [onPool-worker-5] .t.t.s.TourGuideClientRewardsServiceImpl : Service - Distance calculated: 3455.732873341911
2021-11-27 20:34:21.278  INFO 530588 --- [nPool-worker-13] .t.t.s.TourGuideClientRewardsServiceImpl : Service - Distance calculated: 2578.910516018122
2021-11-27 20:34:21.278  INFO 530588 --- [nPool-worker-11] .t.t.s.TourGuideClientRewardsServiceImpl : Service - Distance calculated: 460.11990361699293
2021-11-27 20:34:21.278  INFO 530588 --- [nPool-worker-13] .t.t.s.TourGuideClientRewardsServiceImpl : Service - Distance calculated: 680.6158831369517
2021-11-27 20:34:21.278  INFO 530588 --- [onPool-worker-8] .t.t.s.TourGuideClientRewardsServiceImpl : Service - Distance calculated: 4099.969209237043
2021-11-27 20:34:21.278  INFO 530588 --- [nPool-worker-13] .t.t.s.TourGuideClientRewardsServiceImpl : Service - Distance calculated: 1344.090272349311
2021-11-27 20:34:21.278  INFO 530588 --- [onPool-worker-5] .t.t.s.TourGuideClientRewardsServiceImpl : Service - Distance calculated: 2793.673402871485
2021-11-27 20:34:21.278  INFO 530588 --- [nPool-worker-11] .t.t.s.TourGuideClientRewardsServiceImpl : Service - Distance calculated: 1992.7911930022951
2021-11-27 20:34:21.278  INFO 530588 --- [nPool-worker-13] .t.t.s.TourGuideClientRewardsServiceImpl : Service - Distance calculated: 2440.177336041544
2021-11-27 20:34:21.278  INFO 530588 --- [onPool-worker-5] .t.t.s.TourGuideClientRewardsServiceImpl : Service - Distance calculated: 2431.948511799725
2021-11-27 20:34:21.278  INFO 530588 --- [nPool-worker-13] .t.t.s.TourGuideClientRewardsServiceImpl : Service - Distance calculated: 2168.830527042806
2021-11-27 20:34:21.278  INFO 530588 --- [onPool-worker-5] .t.t.s.TourGuideClientRewardsServiceImpl : Service - Distance calculated: 3349.7828843815496
2021-11-27 20:34:21.278  INFO 530588 --- [onPool-worker-8] .t.t.s.TourGuideClientRewardsServiceImpl : Service - Distance calculated: 4647.107528576447
2021-11-27 20:34:21.278  INFO 530588 --- [onPool-worker-5] .t.t.s.TourGuideClientRewardsServiceImpl : Service - Distance calculated: 6895.544161000226
2021-11-27 20:34:21.278  INFO 530588 --- [nPool-worker-11] .t.t.s.TourGuideClientRewardsServiceImpl : Service - Distance calculated: 1906.7972782801585
2021-11-27 20:34:21.278  INFO 530588 --- [onPool-worker-8] .t.t.s.TourGuideClientRewardsServiceImpl : Service - Distance calculated: 3972.0841824569156
2021-11-27 20:34:21.278  INFO 530588 --- [nPool-worker-11] .t.t.s.TourGuideClientRewardsServiceImpl : Service - Distance calculated: 2360.645624935619
2021-11-27 20:34:21.278  INFO 530588 --- [nPool-worker-11] .t.t.s.TourGuideClientRewardsServiceImpl : Service - Distance calculated: 2434.494471527265
2021-11-27 20:34:21.278  INFO 530588 --- [nPool-worker-11] .t.t.s.TourGuideClientRewardsServiceImpl : Service - Distance calculated: 2148.3967563579567
2021-11-27 20:34:21.278  INFO 530588 --- [nPool-worker-11] .t.t.s.TourGuideClientRewardsServiceImpl : Service - Distance calculated: 2282.746325565392
2021-11-27 20:34:21.278  INFO 530588 --- [nPool-worker-11] .t.t.s.TourGuideClientRewardsServiceImpl : Service - Distance calculated: 2289.4339721013357
2021-11-27 20:34:21.278  INFO 530588 --- [nPool-worker-11] .t.t.s.TourGuideClientRewardsServiceImpl : Service - Distance calculated: 1204.372289719331
2021-11-27 20:34:21.278  INFO 530588 --- [nPool-worker-11] .t.t.s.TourGuideClientRewardsServiceImpl : Service - Distance calculated: 1742.5694022642394
2021-11-27 20:34:21.278  INFO 530588 --- [nPool-worker-11] .t.t.s.TourGuideClientRewardsServiceImpl : Service - Distance calculated: 1576.7472428725728
2021-11-27 20:34:21.278  INFO 530588 --- [nPool-worker-11] .t.t.s.TourGuideClientRewardsServiceImpl : Service - Distance calculated: 1921.4807999190489
2021-11-27 20:34:21.278  INFO 530588 --- [nPool-worker-11] .t.t.s.TourGuideClientRewardsServiceImpl : Service - Distance calculated: 1277.6245433336508
2021-11-27 20:34:21.278  INFO 530588 --- [nPool-worker-11] .t.t.s.TourGuideClientRewardsServiceImpl : Service - Distance calculated: 87.03441722159666
2021-11-27 20:34:21.278  INFO 530588 --- [nPool-worker-11] .t.t.s.TourGuideClientRewardsServiceImpl : Service - Distance calculated: 2127.2478407793283
2021-11-27 20:34:21.278  INFO 530588 --- [nPool-worker-11] .t.t.s.TourGuideClientRewardsServiceImpl : Service - Distance calculated: 2578.910516018122
2021-11-27 20:34:21.278  INFO 530588 --- [nPool-worker-11] .t.t.s.TourGuideClientRewardsServiceImpl : Service - Distance calculated: 680.6158831369517
2021-11-27 20:34:21.278  INFO 530588 --- [nPool-worker-11] .t.t.s.TourGuideClientRewardsServiceImpl : Service - Distance calculated: 1344.090272349311
2021-11-27 20:34:21.278  INFO 530588 --- [nPool-worker-11] .t.t.s.TourGuideClientRewardsServiceImpl : Service - Distance calculated: 2440.177336041544
2021-11-27 20:34:21.278  INFO 530588 --- [nPool-worker-11] .t.t.s.TourGuideClientRewardsServiceImpl : Service - Distance calculated: 2168.830527042806
2021-11-27 20:34:21.278  INFO 530588 --- [nPool-worker-11] .t.t.s.TourGuideClientRewardsServiceImpl : Service - Calculate rewards points for user: internalUser59
2021-11-27 20:34:21.278  INFO 530588 --- [nPool-worker-13] .t.t.s.TourGuideClientRewardsServiceImpl : Service - Calculate rewards points for user: internalUser56
2021-11-27 20:34:21.278  INFO 530588 --- [onPool-worker-5] .t.t.s.TourGuideClientRewardsServiceImpl : Service - Distance calculated: 7666.4908000593205
2021-11-27 20:34:21.278  INFO 530588 --- [onPool-worker-5] .t.t.s.TourGuideClientRewardsServiceImpl : Service - Distance calculated: 7032.661833403413
2021-11-27 20:34:21.278  INFO 530588 --- [onPool-worker-8] .t.t.s.TourGuideClientRewardsServiceImpl : Service - Distance calculated: 3832.7920046227973
2021-11-27 20:34:21.278  INFO 530588 --- [onPool-worker-5] .t.t.s.TourGuideClientRewardsServiceImpl : Service - Distance calculated: 6943.916645750205
2021-11-27 20:34:21.278  INFO 530588 --- [onPool-worker-8] .t.t.s.TourGuideClientRewardsServiceImpl : Service - Distance calculated: 4256.915096153324
2021-11-27 20:34:21.278  INFO 530588 --- [onPool-worker-5] .t.t.s.TourGuideClientRewardsServiceImpl : Service - Distance calculated: 7675.502048295364
2021-11-27 20:34:21.278  INFO 530588 --- [onPool-worker-8] .t.t.s.TourGuideClientRewardsServiceImpl : Service - Distance calculated: 5420.803134884749
2021-11-27 20:34:21.278  INFO 530588 --- [onPool-worker-5] .t.t.s.TourGuideClientRewardsServiceImpl : Service - Distance calculated: 7580.936558716371
2021-11-27 20:34:21.278  INFO 530588 --- [onPool-worker-8] .t.t.s.TourGuideClientRewardsServiceImpl : Service - Distance calculated: 3851.193442470108
2021-11-27 20:34:21.278  INFO 530588 --- [onPool-worker-5] .t.t.s.TourGuideClientRewardsServiceImpl : Service - Distance calculated: 6945.527611116605
2021-11-27 20:34:21.278  INFO 530588 --- [onPool-worker-8] .t.t.s.TourGuideClientRewardsServiceImpl : Service - Distance calculated: 4542.205663944109
2021-11-27 20:34:21.278  INFO 530588 --- [onPool-worker-5] .t.t.s.TourGuideClientRewardsServiceImpl : Service - Distance calculated: 8215.3708899145
2021-11-27 20:34:21.279  INFO 530588 --- [onPool-worker-5] .t.t.s.TourGuideClientRewardsServiceImpl : Service - Distance calculated: 8005.153817486774
2021-11-27 20:34:21.279  INFO 530588 --- [onPool-worker-5] .t.t.s.TourGuideClientRewardsServiceImpl : Service - Distance calculated: 8308.498133174091
2021-11-27 20:34:21.279  INFO 530588 --- [onPool-worker-5] .t.t.s.TourGuideClientRewardsServiceImpl : Service - Distance calculated: 8527.752822382092
2021-11-27 20:34:21.279  INFO 530588 --- [onPool-worker-5] .t.t.s.TourGuideClientRewardsServiceImpl : Service - Distance calculated: 8305.855873081457
2021-11-27 20:34:21.279  INFO 530588 --- [onPool-worker-5] .t.t.s.TourGuideClientRewardsServiceImpl : Service - Distance calculated: 8329.092066401692
2021-11-27 20:34:21.279  INFO 530588 --- [onPool-worker-5] .t.t.s.TourGuideClientRewardsServiceImpl : Service - Distance calculated: 7546.711306049318
2021-11-27 20:34:21.279  INFO 530588 --- [onPool-worker-5] .t.t.s.TourGuideClientRewardsServiceImpl : Service - Distance calculated: 7190.5287778574575
2021-11-27 20:34:21.279  INFO 530588 --- [onPool-worker-5] .t.t.s.TourGuideClientRewardsServiceImpl : Service - Distance calculated: 7671.062243188571
2021-11-27 20:34:21.279  INFO 530588 --- [onPool-worker-5] .t.t.s.TourGuideClientRewardsServiceImpl : Service - Distance calculated: 7394.464187952507
2021-11-27 20:34:21.279  INFO 530588 --- [onPool-worker-5] .t.t.s.TourGuideClientRewardsServiceImpl : Service - Distance calculated: 7942.881869723108
2021-11-27 20:34:21.279  INFO 530588 --- [onPool-worker-5] .t.t.s.TourGuideClientRewardsServiceImpl : Service - Distance calculated: 7250.910155507236
2021-11-27 20:34:21.279  INFO 530588 --- [onPool-worker-5] .t.t.s.TourGuideClientRewardsServiceImpl : Service - Distance calculated: 6843.1608751022795
2021-11-27 20:34:21.279  INFO 530588 --- [onPool-worker-5] .t.t.s.TourGuideClientRewardsServiceImpl : Service - Distance calculated: 7533.068488482793
2021-11-27 20:34:21.279  INFO 530588 --- [onPool-worker-5] .t.t.s.TourGuideClientRewardsServiceImpl : Service - Distance calculated: 8706.21915759791
2021-11-27 20:34:21.279  INFO 530588 --- [onPool-worker-5] .t.t.s.TourGuideClientRewardsServiceImpl : Service - Distance calculated: 7040.486525656728
2021-11-27 20:34:21.279  INFO 530588 --- [onPool-worker-5] .t.t.s.TourGuideClientRewardsServiceImpl : Service - Distance calculated: 7801.947940455373
2021-11-27 20:34:21.279  INFO 530588 --- [onPool-worker-5] .t.t.s.TourGuideClientRewardsServiceImpl : Service - Distance calculated: 8537.59265346668
2021-11-27 20:34:21.279  INFO 530588 --- [onPool-worker-5] .t.t.s.TourGuideClientRewardsServiceImpl : Service - Distance calculated: 7586.05778318472
2021-11-27 20:34:21.279  INFO 530588 --- [onPool-worker-5] .t.t.s.TourGuideClientRewardsServiceImpl : Service - Distance calculated: 6309.329495215392
2021-11-27 20:34:21.279  INFO 530588 --- [onPool-worker-5] .t.t.s.TourGuideClientRewardsServiceImpl : Service - Distance calculated: 6941.330771982527
2021-11-27 20:34:21.279  INFO 530588 --- [onPool-worker-5] .t.t.s.TourGuideClientRewardsServiceImpl : Service - Distance calculated: 6383.307221813262
2021-11-27 20:34:21.279  INFO 530588 --- [onPool-worker-5] .t.t.s.TourGuideClientRewardsServiceImpl : Service - Distance calculated: 6299.375257220239
2021-11-27 20:34:21.279  INFO 530588 --- [onPool-worker-5] .t.t.s.TourGuideClientRewardsServiceImpl : Service - Distance calculated: 6437.7509432405495
2021-11-27 20:34:21.279  INFO 530588 --- [onPool-worker-5] .t.t.s.TourGuideClientRewardsServiceImpl : Service - Distance calculated: 6335.546181638765
2021-11-27 20:34:21.279  INFO 530588 --- [onPool-worker-5] .t.t.s.TourGuideClientRewardsServiceImpl : Service - Distance calculated: 6130.386825378258
2021-11-27 20:34:21.279  INFO 530588 --- [onPool-worker-5] .t.t.s.TourGuideClientRewardsServiceImpl : Service - Distance calculated: 6793.873449677371
2021-11-27 20:34:21.279  INFO 530588 --- [onPool-worker-5] .t.t.s.TourGuideClientRewardsServiceImpl : Service - Distance calculated: 6586.307739411141
2021-11-27 20:34:21.279  INFO 530588 --- [onPool-worker-5] .t.t.s.TourGuideClientRewardsServiceImpl : Service - Distance calculated: 8518.346766683137
2021-11-27 20:34:21.279  INFO 530588 --- [onPool-worker-5] .t.t.s.TourGuideClientRewardsServiceImpl : Service - Distance calculated: 6954.124098991584
2021-11-27 20:34:21.279  INFO 530588 --- [onPool-worker-5] .t.t.s.TourGuideClientRewardsServiceImpl : Service - Distance calculated: 6825.305145337179
2021-11-27 20:34:21.279  INFO 530588 --- [onPool-worker-8] .t.t.s.TourGuideClientRewardsServiceImpl : Service - Distance calculated: 5249.420868379642
2021-11-27 20:34:21.279  INFO 530588 --- [onPool-worker-5] .t.t.s.TourGuideClientRewardsServiceImpl : Service - Distance calculated: 6789.123331700913
2021-11-27 20:34:21.279  INFO 530588 --- [onPool-worker-8] .t.t.s.TourGuideClientRewardsServiceImpl : Service - Distance calculated: 4312.565755358014
2021-11-27 20:34:21.279  INFO 530588 --- [onPool-worker-5] .t.t.s.TourGuideClientRewardsServiceImpl : Service - Distance calculated: 5941.138904181611
2021-11-27 20:34:21.279  INFO 530588 --- [onPool-worker-5] .t.t.s.TourGuideClientRewardsServiceImpl : Service - Distance calculated: 6021.924219830689
2021-11-27 20:34:21.279  INFO 530588 --- [onPool-worker-5] .t.t.s.TourGuideClientRewardsServiceImpl : Service - Distance calculated: 6286.117551709304
2021-11-27 20:34:21.279  INFO 530588 --- [onPool-worker-8] .t.t.s.TourGuideClientRewardsServiceImpl : Service - Distance calculated: 5.8950310023474215E-5
2021-11-27 20:34:21.279  INFO 530588 --- [onPool-worker-5] .t.t.s.TourGuideClientRewardsServiceImpl : Service - Distance calculated: 6065.641086963316
2021-11-27 20:34:21.279  INFO 530588 --- [onPool-worker-5] .t.t.s.TourGuideClientRewardsServiceImpl : Service - Distance calculated: 6508.053295824119
2021-11-27 20:34:21.279  INFO 530588 --- [onPool-worker-5] .t.t.s.TourGuideClientRewardsServiceImpl : Service - Distance calculated: 6049.8170663199435
2021-11-27 20:34:21.279  INFO 530588 --- [onPool-worker-5] .t.t.s.TourGuideClientRewardsServiceImpl : Service - Distance calculated: 6229.447682303046
2021-11-27 20:34:21.279  INFO 530588 --- [onPool-worker-5] .t.t.s.TourGuideClientRewardsServiceImpl : Service - Distance calculated: 5986.504075115509
2021-11-27 20:34:21.279  INFO 530588 --- [onPool-worker-5] .t.t.s.TourGuideClientRewardsServiceImpl : Service - Distance calculated: 7100.9140502010905
2021-11-27 20:34:21.279  INFO 530588 --- [onPool-worker-5] .t.t.s.TourGuideClientRewardsServiceImpl : Service - Distance calculated: 6115.717464982204
2021-11-27 20:34:21.279  INFO 530588 --- [onPool-worker-5] .t.t.s.TourGuideClientRewardsServiceImpl : Service - Distance calculated: 6635.957595704388
2021-11-27 20:34:21.279  INFO 530588 --- [onPool-worker-5] .t.t.s.TourGuideClientRewardsServiceImpl : Service - Distance calculated: 6963.235969856466
2021-11-27 20:34:21.280  INFO 530588 --- [onPool-worker-5] .t.t.s.TourGuideClientRewardsServiceImpl : Service - Distance calculated: 6025.008705426428
2021-11-27 20:34:21.280  INFO 530588 --- [onPool-worker-5] .t.t.s.TourGuideClientRewardsServiceImpl : Service - Distance calculated: 7125.43279455191
2021-11-27 20:34:21.280  INFO 530588 --- [onPool-worker-5] .t.t.s.TourGuideClientRewardsServiceImpl : Service - Distance calculated: 7762.480048974775
2021-11-27 20:34:21.280  INFO 530588 --- [onPool-worker-5] .t.t.s.TourGuideClientRewardsServiceImpl : Service - Distance calculated: 7202.246419508059
2021-11-27 20:34:21.280  INFO 530588 --- [onPool-worker-5] .t.t.s.TourGuideClientRewardsServiceImpl : Service - Distance calculated: 7117.80793175528
2021-11-27 20:34:21.280  INFO 530588 --- [onPool-worker-5] .t.t.s.TourGuideClientRewardsServiceImpl : Service - Distance calculated: 7232.69434561444
2021-11-27 20:34:21.280  INFO 530588 --- [onPool-worker-5] .t.t.s.TourGuideClientRewardsServiceImpl : Service - Distance calculated: 7130.914945905465
2021-11-27 20:34:21.280  INFO 530588 --- [onPool-worker-5] .t.t.s.TourGuideClientRewardsServiceImpl : Service - Distance calculated: 6951.539865358518
2021-11-27 20:34:21.280  INFO 530588 --- [onPool-worker-5] .t.t.s.TourGuideClientRewardsServiceImpl : Service - Distance calculated: 7553.599823259211
2021-11-27 20:34:21.280  INFO 530588 --- [onPool-worker-5] .t.t.s.TourGuideClientRewardsServiceImpl : Service - Distance calculated: 7350.705297735933
2021-11-27 20:34:21.280  INFO 530588 --- [onPool-worker-5] .t.t.s.TourGuideClientRewardsServiceImpl : Service - Distance calculated: 9286.318179696333
2021-11-27 20:34:21.280  INFO 530588 --- [onPool-worker-5] .t.t.s.TourGuideClientRewardsServiceImpl : Service - Distance calculated: 7674.6775073754425
2021-11-27 20:34:21.280  INFO 530588 --- [onPool-worker-5] .t.t.s.TourGuideClientRewardsServiceImpl : Service - Distance calculated: 7571.930365274865
2021-11-27 20:34:21.280  INFO 530588 --- [onPool-worker-5] .t.t.s.TourGuideClientRewardsServiceImpl : Service - Distance calculated: 7522.54415345718
2021-11-27 20:34:21.280  INFO 530588 --- [onPool-worker-8] .t.t.s.TourGuideClientRewardsServiceImpl : Service - Distance calculated: 774.5207212649109
2021-11-27 20:34:21.280  INFO 530588 --- [onPool-worker-5] .t.t.s.TourGuideClientRewardsServiceImpl : Service - Distance calculated: 6676.466229208842
2021-11-27 20:34:21.280  INFO 530588 --- [onPool-worker-5] .t.t.s.TourGuideClientRewardsServiceImpl : Service - Distance calculated: 6828.888878501425
2021-11-27 20:34:21.280  INFO 530588 --- [onPool-worker-5] .t.t.s.TourGuideClientRewardsServiceImpl : Service - Distance calculated: 7062.035865061872
2021-11-27 20:34:21.280  INFO 530588 --- [onPool-worker-8] .t.t.s.TourGuideClientRewardsServiceImpl : Service - Distance calculated: 164.91310606753288
2021-11-27 20:34:21.280  INFO 530588 --- [onPool-worker-5] .t.t.s.TourGuideClientRewardsServiceImpl : Service - Distance calculated: 6853.725382595554
2021-11-27 20:34:21.280  INFO 530588 --- [onPool-worker-8] .t.t.s.TourGuideClientRewardsServiceImpl : Service - Distance calculated: 115.99464245531166
2021-11-27 20:34:21.280  INFO 530588 --- [onPool-worker-5] .t.t.s.TourGuideClientRewardsServiceImpl : Service - Distance calculated: 7270.875350065756
2021-11-27 20:34:21.280  INFO 530588 --- [onPool-worker-8] .t.t.s.TourGuideClientRewardsServiceImpl : Service - Distance calculated: 1428.8577204882306
2021-11-27 20:34:21.280  INFO 530588 --- [onPool-worker-5] .t.t.s.TourGuideClientRewardsServiceImpl : Service - Distance calculated: 6853.454627579637
2021-11-27 20:34:21.280  INFO 530588 --- [onPool-worker-8] .t.t.s.TourGuideClientRewardsServiceImpl : Service - Distance calculated: 1418.571827418631
2021-11-27 20:34:21.280  INFO 530588 --- [onPool-worker-8] .t.t.s.TourGuideClientRewardsServiceImpl : Service - Distance calculated: 460.11990361699293
2021-11-27 20:34:21.280  INFO 530588 --- [onPool-worker-5] .t.t.s.TourGuideClientRewardsServiceImpl : Service - Distance calculated: 7046.339585193533
2021-11-27 20:34:21.280  INFO 530588 --- [onPool-worker-5] .t.t.s.TourGuideClientRewardsServiceImpl : Service - Distance calculated: 6735.609998885134
2021-11-27 20:34:21.280  INFO 530588 --- [onPool-worker-8] .t.t.s.TourGuideClientRewardsServiceImpl : Service - Distance calculated: 1992.7911930022951
2021-11-27 20:34:21.280  INFO 530588 --- [onPool-worker-5] .t.t.s.TourGuideClientRewardsServiceImpl : Service - Distance calculated: 7808.6093706322235
2021-11-27 20:34:21.280  INFO 530588 --- [onPool-worker-5] .t.t.s.TourGuideClientRewardsServiceImpl : Service - Distance calculated: 6935.6189393356435
2021-11-27 20:34:21.280  INFO 530588 --- [onPool-worker-8] .t.t.s.TourGuideClientRewardsServiceImpl : Service - Distance calculated: 1906.7972782801585
2021-11-27 20:34:21.280  INFO 530588 --- [onPool-worker-5] .t.t.s.TourGuideClientRewardsServiceImpl : Service - Distance calculated: 7436.502139115312
2021-11-27 20:34:21.280  INFO 530588 --- [onPool-worker-8] .t.t.s.TourGuideClientRewardsServiceImpl : Service - Distance calculated: 2360.645624935619
2021-11-27 20:34:21.280  INFO 530588 --- [onPool-worker-5] .t.t.s.TourGuideClientRewardsServiceImpl : Service - Distance calculated: 7683.355225241622
2021-11-27 20:34:21.280  INFO 530588 --- [onPool-worker-8] .t.t.s.TourGuideClientRewardsServiceImpl : Service - Distance calculated: 2434.494471527265
2021-11-27 20:34:21.280  INFO 530588 --- [onPool-worker-5] .t.t.s.TourGuideClientRewardsServiceImpl : Service - Distance calculated: 6769.900801658696
2021-11-27 20:34:21.280  INFO 530588 --- [onPool-worker-8] .t.t.s.TourGuideClientRewardsServiceImpl : Service - Distance calculated: 2148.3967563579567
2021-11-27 20:34:21.280  INFO 530588 --- [ol-284-thread-1] .t.t.s.TourGuideClientRewardsServiceImpl : Service - Reward added for user: internalUser97
2021-11-27 20:34:21.280  INFO 530588 --- [onPool-worker-8] .t.t.s.TourGuideClientRewardsServiceImpl : Service - Distance calculated: 2282.746325565392
2021-11-27 20:34:21.280  INFO 530588 --- [onPool-worker-5] .t.t.s.TourGuideClientRewardsServiceImpl : Service - Distance calculated: 5.8950310023474215E-5
2021-11-27 20:34:21.280  INFO 530588 --- [onPool-worker-8] .t.t.s.TourGuideClientRewardsServiceImpl : Service - Distance calculated: 2289.4339721013357
2021-11-27 20:34:21.280  INFO 530588 --- [onPool-worker-8] .t.t.s.TourGuideClientRewardsServiceImpl : Service - Distance calculated: 1204.372289719331
2021-11-27 20:34:21.280  INFO 530588 --- [onPool-worker-8] .t.t.s.TourGuideClientRewardsServiceImpl : Service - Distance calculated: 1742.5694022642394
2021-11-27 20:34:21.280  INFO 530588 --- [onPool-worker-8] .t.t.s.TourGuideClientRewardsServiceImpl : Service - Distance calculated: 1576.7472428725728
2021-11-27 20:34:21.280  INFO 530588 --- [onPool-worker-8] .t.t.s.TourGuideClientRewardsServiceImpl : Service - Distance calculated: 1921.4807999190489
2021-11-27 20:34:21.280  INFO 530588 --- [onPool-worker-8] .t.t.s.TourGuideClientRewardsServiceImpl : Service - Distance calculated: 1277.6245433336508
2021-11-27 20:34:21.280  INFO 530588 --- [onPool-worker-8] .t.t.s.TourGuideClientRewardsServiceImpl : Service - Distance calculated: 87.03441722159666
2021-11-27 20:34:21.280  INFO 530588 --- [onPool-worker-5] .t.t.s.TourGuideClientRewardsServiceImpl : Service - Distance calculated: 774.5207212649109
2021-11-27 20:34:21.280  INFO 530588 --- [onPool-worker-8] .t.t.s.TourGuideClientRewardsServiceImpl : Service - Distance calculated: 2127.2478407793283
2021-11-27 20:34:21.280  INFO 530588 --- [onPool-worker-8] .t.t.s.TourGuideClientRewardsServiceImpl : Service - Distance calculated: 2578.910516018122
2021-11-27 20:34:21.280  INFO 530588 --- [onPool-worker-5] .t.t.s.TourGuideClientRewardsServiceImpl : Service - Distance calculated: 164.91310606753288
2021-11-27 20:34:21.280  INFO 530588 --- [onPool-worker-8] .t.t.s.TourGuideClientRewardsServiceImpl : Service - Distance calculated: 680.6158831369517
2021-11-27 20:34:21.280  INFO 530588 --- [onPool-worker-5] .t.t.s.TourGuideClientRewardsServiceImpl : Service - Distance calculated: 115.99464245531166
2021-11-27 20:34:21.280  INFO 530588 --- [onPool-worker-5] .t.t.s.TourGuideClientRewardsServiceImpl : Service - Distance calculated: 1428.8577204882306
2021-11-27 20:34:21.280  INFO 530588 --- [onPool-worker-5] .t.t.s.TourGuideClientRewardsServiceImpl : Service - Distance calculated: 1418.571827418631
2021-11-27 20:34:21.281  INFO 530588 --- [onPool-worker-5] .t.t.s.TourGuideClientRewardsServiceImpl : Service - Distance calculated: 460.11990361699293
2021-11-27 20:34:21.281  INFO 530588 --- [onPool-worker-5] .t.t.s.TourGuideClientRewardsServiceImpl : Service - Distance calculated: 1992.7911930022951
2021-11-27 20:34:21.281  INFO 530588 --- [onPool-worker-5] .t.t.s.TourGuideClientRewardsServiceImpl : Service - Distance calculated: 1906.7972782801585
2021-11-27 20:34:21.280  INFO 530588 --- [onPool-worker-8] .t.t.s.TourGuideClientRewardsServiceImpl : Service - Distance calculated: 1344.090272349311
2021-11-27 20:34:21.281  INFO 530588 --- [onPool-worker-5] .t.t.s.TourGuideClientRewardsServiceImpl : Service - Distance calculated: 2360.645624935619
2021-11-27 20:34:21.281  INFO 530588 --- [onPool-worker-8] .t.t.s.TourGuideClientRewardsServiceImpl : Service - Distance calculated: 2440.177336041544
2021-11-27 20:34:21.281  INFO 530588 --- [onPool-worker-5] .t.t.s.TourGuideClientRewardsServiceImpl : Service - Distance calculated: 2434.494471527265
2021-11-27 20:34:21.281  INFO 530588 --- [onPool-worker-8] .t.t.s.TourGuideClientRewardsServiceImpl : Service - Distance calculated: 2168.830527042806
2021-11-27 20:34:21.281  INFO 530588 --- [onPool-worker-5] .t.t.s.TourGuideClientRewardsServiceImpl : Service - Distance calculated: 2148.3967563579567
2021-11-27 20:34:21.281  INFO 530588 --- [onPool-worker-8] .t.t.s.TourGuideClientRewardsServiceImpl : Service - Calculate rewards points for user: internalUser55
2021-11-27 20:34:21.281  INFO 530588 --- [onPool-worker-5] .t.t.s.TourGuideClientRewardsServiceImpl : Service - Distance calculated: 2282.746325565392
2021-11-27 20:34:21.281  INFO 530588 --- [onPool-worker-5] .t.t.s.TourGuideClientRewardsServiceImpl : Service - Distance calculated: 2289.4339721013357
2021-11-27 20:34:21.281  INFO 530588 --- [onPool-worker-5] .t.t.s.TourGuideClientRewardsServiceImpl : Service - Distance calculated: 1204.372289719331
2021-11-27 20:34:21.281  INFO 530588 --- [onPool-worker-5] .t.t.s.TourGuideClientRewardsServiceImpl : Service - Distance calculated: 1742.5694022642394
2021-11-27 20:34:21.281  INFO 530588 --- [onPool-worker-5] .t.t.s.TourGuideClientRewardsServiceImpl : Service - Distance calculated: 1576.7472428725728
2021-11-27 20:34:21.281  INFO 530588 --- [onPool-worker-5] .t.t.s.TourGuideClientRewardsServiceImpl : Service - Distance calculated: 1921.4807999190489
2021-11-27 20:34:21.281  INFO 530588 --- [onPool-worker-5] .t.t.s.TourGuideClientRewardsServiceImpl : Service - Distance calculated: 1277.6245433336508
2021-11-27 20:34:21.281  INFO 530588 --- [onPool-worker-5] .t.t.s.TourGuideClientRewardsServiceImpl : Service - Distance calculated: 87.03441722159666
2021-11-27 20:34:21.281  INFO 530588 --- [onPool-worker-5] .t.t.s.TourGuideClientRewardsServiceImpl : Service - Distance calculated: 2127.2478407793283
2021-11-27 20:34:21.281  INFO 530588 --- [onPool-worker-5] .t.t.s.TourGuideClientRewardsServiceImpl : Service - Distance calculated: 2578.910516018122
2021-11-27 20:34:21.281  INFO 530588 --- [onPool-worker-5] .t.t.s.TourGuideClientRewardsServiceImpl : Service - Distance calculated: 680.6158831369517
2021-11-27 20:34:21.281  INFO 530588 --- [onPool-worker-5] .t.t.s.TourGuideClientRewardsServiceImpl : Service - Distance calculated: 1344.090272349311
2021-11-27 20:34:21.281  INFO 530588 --- [onPool-worker-5] .t.t.s.TourGuideClientRewardsServiceImpl : Service - Distance calculated: 2440.177336041544
2021-11-27 20:34:21.281  INFO 530588 --- [onPool-worker-5] .t.t.s.TourGuideClientRewardsServiceImpl : Service - Distance calculated: 2168.830527042806
2021-11-27 20:34:21.281  INFO 530588 --- [onPool-worker-5] .t.t.s.TourGuideClientRewardsServiceImpl : Service - Calculate rewards points for user: internalUser42
2021-11-27 20:34:21.289  INFO 530588 --- [ol-260-thread-1] .t.t.s.TourGuideClientRewardsServiceImpl : Service - Reward added for user: internalUser81
2021-11-27 20:34:21.290  INFO 530588 --- [ol-200-thread-1] .t.t.s.TourGuideClientRewardsServiceImpl : Service - Reward added for user: internalUser82
2021-11-27 20:34:21.290  INFO 530588 --- [onPool-worker-4] .t.t.s.TourGuideClientRewardsServiceImpl : Service - Distance calculated: 6677.400382016573
2021-11-27 20:34:21.290  INFO 530588 --- [onPool-worker-4] .t.t.s.TourGuideClientRewardsServiceImpl : Service - Distance calculated: 6736.897089833013
2021-11-27 20:34:21.290  INFO 530588 --- [onPool-worker-4] .t.t.s.TourGuideClientRewardsServiceImpl : Service - Distance calculated: 6767.750989589761
2021-11-27 20:34:21.290  INFO 530588 --- [onPool-worker-4] .t.t.s.TourGuideClientRewardsServiceImpl : Service - Distance calculated: 6782.432789420537
2021-11-27 20:34:21.290  INFO 530588 --- [onPool-worker-1] .t.t.s.TourGuideClientRewardsServiceImpl : Service - Distance calculated: 3963.082739476025
2021-11-27 20:34:21.290  INFO 530588 --- [onPool-worker-4] .t.t.s.TourGuideClientRewardsServiceImpl : Service - Distance calculated: 7820.816825684871
2021-11-27 20:34:21.290  INFO 530588 --- [onPool-worker-1] .t.t.s.TourGuideClientRewardsServiceImpl : Service - Distance calculated: 3358.522271604003
2021-11-27 20:34:21.290  INFO 530588 --- [onPool-worker-4] .t.t.s.TourGuideClientRewardsServiceImpl : Service - Distance calculated: 7873.3365744555485
2021-11-27 20:34:21.290  INFO 530588 --- [onPool-worker-1] .t.t.s.TourGuideClientRewardsServiceImpl : Service - Distance calculated: 3893.775915447727
2021-11-27 20:34:21.290  INFO 530588 --- [onPool-worker-4] .t.t.s.TourGuideClientRewardsServiceImpl : Service - Distance calculated: 7133.917182282036
2021-11-27 20:34:21.290  INFO 530588 --- [onPool-worker-1] .t.t.s.TourGuideClientRewardsServiceImpl : Service - Distance calculated: 3976.3519747579985
2021-11-27 20:34:21.290  INFO 530588 --- [onPool-worker-1] .t.t.s.TourGuideClientRewardsServiceImpl : Service - Distance calculated: 4019.1299753324943
2021-11-27 20:34:21.290  INFO 530588 --- [onPool-worker-4] .t.t.s.TourGuideClientRewardsServiceImpl : Service - Distance calculated: 8022.91651106725
2021-11-27 20:34:21.290  INFO 530588 --- [onPool-worker-1] .t.t.s.TourGuideClientRewardsServiceImpl : Service - Distance calculated: 4117.313599880794
2021-11-27 20:34:21.290  INFO 530588 --- [onPool-worker-4] .t.t.s.TourGuideClientRewardsServiceImpl : Service - Distance calculated: 8111.278437558865
2021-11-27 20:34:21.290  INFO 530588 --- [onPool-worker-1] .t.t.s.TourGuideClientRewardsServiceImpl : Service - Distance calculated: 4163.6749914197435
2021-11-27 20:34:21.290  INFO 530588 --- [onPool-worker-4] .t.t.s.TourGuideClientRewardsServiceImpl : Service - Distance calculated: 4899.166161291224
2021-11-27 20:34:21.290  INFO 530588 --- [onPool-worker-1] .t.t.s.TourGuideClientRewardsServiceImpl : Service - Distance calculated: 3817.7527342301373
2021-11-27 20:34:21.290  INFO 530588 --- [onPool-worker-1] .t.t.s.TourGuideClientRewardsServiceImpl : Service - Distance calculated: 3999.742833300835
2021-11-27 20:34:21.290  INFO 530588 --- [onPool-worker-4] .t.t.s.TourGuideClientRewardsServiceImpl : Service - Distance calculated: 8233.0353397917
2021-11-27 20:34:21.290  INFO 530588 --- [onPool-worker-1] .t.t.s.TourGuideClientRewardsServiceImpl : Service - Distance calculated: 1825.0612983768588
2021-11-27 20:34:21.290  INFO 530588 --- [onPool-worker-1] .t.t.s.TourGuideClientRewardsServiceImpl : Service - Distance calculated: 3810.5589267286123
2021-11-27 20:34:21.290  INFO 530588 --- [onPool-worker-4] .t.t.s.TourGuideClientRewardsServiceImpl : Service - Distance calculated: 8120.483079247062
2021-11-27 20:34:21.290  INFO 530588 --- [onPool-worker-1] .t.t.s.TourGuideClientRewardsServiceImpl : Service - Distance calculated: 3837.574160041967
2021-11-27 20:34:21.290  INFO 530588 --- [onPool-worker-4] .t.t.s.TourGuideClientRewardsServiceImpl : Service - Distance calculated: 8253.563967558519
2021-11-27 20:34:21.290  INFO 530588 --- [onPool-worker-1] .t.t.s.TourGuideClientRewardsServiceImpl : Service - Distance calculated: 3920.921180619752
2021-11-27 20:34:21.290  INFO 530588 --- [onPool-worker-1] .t.t.s.TourGuideClientRewardsServiceImpl : Service - Distance calculated: 4727.470118215642
2021-11-27 20:34:21.290  INFO 530588 --- [onPool-worker-4] .t.t.s.TourGuideClientRewardsServiceImpl : Service - Distance calculated: 8791.175953837212
2021-11-27 20:34:21.290  INFO 530588 --- [onPool-worker-1] .t.t.s.TourGuideClientRewardsServiceImpl : Service - Distance calculated: 4372.3725032347975
2021-11-27 20:34:21.290  INFO 530588 --- [onPool-worker-4] .t.t.s.TourGuideClientRewardsServiceImpl : Service - Distance calculated: 7830.916403327272
2021-11-27 20:34:21.290  INFO 530588 --- [onPool-worker-1] .t.t.s.TourGuideClientRewardsServiceImpl : Service - Distance calculated: 4245.856381681456
2021-11-27 20:34:21.290  INFO 530588 --- [onPool-worker-4] .t.t.s.TourGuideClientRewardsServiceImpl : Service - Distance calculated: 8169.012126422028
2021-11-27 20:34:21.290  INFO 530588 --- [onPool-worker-1] .t.t.s.TourGuideClientRewardsServiceImpl : Service - Distance calculated: 4412.278888294503
2021-11-27 20:34:21.290  INFO 530588 --- [onPool-worker-4] .t.t.s.TourGuideClientRewardsServiceImpl : Service - Distance calculated: 8137.40920858096
2021-11-27 20:34:21.290  INFO 530588 --- [onPool-worker-1] .t.t.s.TourGuideClientRewardsServiceImpl : Service - Distance calculated: 4081.3942476198235
2021-11-27 20:34:21.290  INFO 530588 --- [onPool-worker-1] .t.t.s.TourGuideClientRewardsServiceImpl : Service - Distance calculated: 4360.659907181108
2021-11-27 20:34:21.290  INFO 530588 --- [onPool-worker-4] .t.t.s.TourGuideClientRewardsServiceImpl : Service - Distance calculated: 8177.201281731573
2021-11-27 20:34:21.290  INFO 530588 --- [onPool-worker-1] .t.t.s.TourGuideClientRewardsServiceImpl : Service - Distance calculated: 4043.715309854942
2021-11-27 20:34:21.290  INFO 530588 --- [onPool-worker-4] .t.t.s.TourGuideClientRewardsServiceImpl : Service - Distance calculated: 7885.842394282303
2021-11-27 20:34:21.290  INFO 530588 --- [onPool-worker-1] .t.t.s.TourGuideClientRewardsServiceImpl : Service - Distance calculated: 4635.781524349094
2021-11-27 20:34:21.290  INFO 530588 --- [onPool-worker-4] .t.t.s.TourGuideClientRewardsServiceImpl : Service - Distance calculated: 6747.198020607633
2021-11-27 20:34:21.290  INFO 530588 --- [onPool-worker-1] .t.t.s.TourGuideClientRewardsServiceImpl : Service - Distance calculated: 3717.8617417659916
2021-11-27 20:34:21.290  INFO 530588 --- [onPool-worker-4] .t.t.s.TourGuideClientRewardsServiceImpl : Service - Distance calculated: 8635.878372411686
2021-11-27 20:34:21.290  INFO 530588 --- [onPool-worker-4] .t.t.s.TourGuideClientRewardsServiceImpl : Service - Distance calculated: 8212.307847238277
2021-11-27 20:34:21.290  INFO 530588 --- [onPool-worker-1] .t.t.s.TourGuideClientRewardsServiceImpl : Service - Distance calculated: 4201.048137654193
2021-11-27 20:34:21.290  INFO 530588 --- [onPool-worker-4] .t.t.s.TourGuideClientRewardsServiceImpl : Service - Distance calculated: 7338.702980652186
2021-11-27 20:34:21.290  INFO 530588 --- [onPool-worker-1] .t.t.s.TourGuideClientRewardsServiceImpl : Service - Distance calculated: 3799.428194275541
2021-11-27 20:34:21.290  INFO 530588 --- [onPool-worker-4] .t.t.s.TourGuideClientRewardsServiceImpl : Service - Distance calculated: 7612.332619028355
2021-11-27 20:34:21.291  INFO 530588 --- [onPool-worker-1] .t.t.s.TourGuideClientRewardsServiceImpl : Service - Distance calculated: 3803.486293600553
2021-11-27 20:34:21.291  INFO 530588 --- [onPool-worker-4] .t.t.s.TourGuideClientRewardsServiceImpl : Service - Distance calculated: 8229.542001114254
2021-11-27 20:34:21.291  INFO 530588 --- [onPool-worker-1] .t.t.s.TourGuideClientRewardsServiceImpl : Service - Distance calculated: 4613.440076046006
2021-11-27 20:34:21.291  INFO 530588 --- [onPool-worker-4] .t.t.s.TourGuideClientRewardsServiceImpl : Service - Distance calculated: 8652.891440944888
2021-11-27 20:34:21.291  INFO 530588 --- [onPool-worker-1] .t.t.s.TourGuideClientRewardsServiceImpl : Service - Distance calculated: 5427.792686695865
2021-11-27 20:34:21.291  INFO 530588 --- [onPool-worker-4] .t.t.s.TourGuideClientRewardsServiceImpl : Service - Distance calculated: 7728.740615747117
2021-11-27 20:34:21.291  INFO 530588 --- [onPool-worker-1] .t.t.s.TourGuideClientRewardsServiceImpl : Service - Distance calculated: 5643.9651038977245
2021-11-27 20:34:21.291  INFO 530588 --- [onPool-worker-4] .t.t.s.TourGuideClientRewardsServiceImpl : Service - Distance calculated: 7759.048814019857
2021-11-27 20:34:21.291  INFO 530588 --- [onPool-worker-1] .t.t.s.TourGuideClientRewardsServiceImpl : Service - Distance calculated: 5391.272741369927
2021-11-27 20:34:21.291  INFO 530588 --- [onPool-worker-4] .t.t.s.TourGuideClientRewardsServiceImpl : Service - Distance calculated: 7661.242720184687
2021-11-27 20:34:21.291  INFO 530588 --- [onPool-worker-1] .t.t.s.TourGuideClientRewardsServiceImpl : Service - Distance calculated: 5346.496080138541
2021-11-27 20:34:21.291  INFO 530588 --- [onPool-worker-4] .t.t.s.TourGuideClientRewardsServiceImpl : Service - Distance calculated: 7633.14096487056
2021-11-27 20:34:21.291  INFO 530588 --- [onPool-worker-1] .t.t.s.TourGuideClientRewardsServiceImpl : Service - Distance calculated: 4674.52678890039
2021-11-27 20:34:21.291  INFO 530588 --- [onPool-worker-4] .t.t.s.TourGuideClientRewardsServiceImpl : Service - Distance calculated: 6682.496601353766
2021-11-27 20:34:21.291  INFO 530588 --- [onPool-worker-1] .t.t.s.TourGuideClientRewardsServiceImpl : Service - Distance calculated: 4592.469980719419
2021-11-27 20:34:21.291  INFO 530588 --- [onPool-worker-4] .t.t.s.TourGuideClientRewardsServiceImpl : Service - Distance calculated: 6625.58904986298
2021-11-27 20:34:21.291  INFO 530588 --- [onPool-worker-1] .t.t.s.TourGuideClientRewardsServiceImpl : Service - Distance calculated: 5020.749286139595
2021-11-27 20:34:21.291  INFO 530588 --- [onPool-worker-4] .t.t.s.TourGuideClientRewardsServiceImpl : Service - Distance calculated: 7287.312015274345
2021-11-27 20:34:21.291  INFO 530588 --- [onPool-worker-1] .t.t.s.TourGuideClientRewardsServiceImpl : Service - Distance calculated: 4711.5493846705285
2021-11-27 20:34:21.291  INFO 530588 --- [onPool-worker-4] .t.t.s.TourGuideClientRewardsServiceImpl : Service - Distance calculated: 6482.364435483885
2021-11-27 20:34:21.291  INFO 530588 --- [onPool-worker-1] .t.t.s.TourGuideClientRewardsServiceImpl : Service - Distance calculated: 4555.957882671073
2021-11-27 20:34:21.291  INFO 530588 --- [onPool-worker-4] .t.t.s.TourGuideClientRewardsServiceImpl : Service - Distance calculated: 6398.816850344198
2021-11-27 20:34:21.291  INFO 530588 --- [onPool-worker-1] .t.t.s.TourGuideClientRewardsServiceImpl : Service - Distance calculated: 7641.154275759394
2021-11-27 20:34:21.291  INFO 530588 --- [onPool-worker-4] .t.t.s.TourGuideClientRewardsServiceImpl : Service - Distance calculated: 9601.04963559421
2021-11-27 20:34:21.291  INFO 530588 --- [onPool-worker-1] .t.t.s.TourGuideClientRewardsServiceImpl : Service - Distance calculated: 4663.2341098533425
2021-11-27 20:34:21.291  INFO 530588 --- [onPool-worker-4] .t.t.s.TourGuideClientRewardsServiceImpl : Service - Distance calculated: 6246.625022492893
2021-11-27 20:34:21.291  INFO 530588 --- [onPool-worker-1] .t.t.s.TourGuideClientRewardsServiceImpl : Service - Distance calculated: 4666.5914397773995
2021-11-27 20:34:21.291  INFO 530588 --- [onPool-worker-4] .t.t.s.TourGuideClientRewardsServiceImpl : Service - Distance calculated: 6379.209698167048
2021-11-27 20:34:21.291  INFO 530588 --- [onPool-worker-1] .t.t.s.TourGuideClientRewardsServiceImpl : Service - Distance calculated: 4568.23422877064
2021-11-27 20:34:21.291  INFO 530588 --- [onPool-worker-4] .t.t.s.TourGuideClientRewardsServiceImpl : Service - Distance calculated: 6242.3758042251875
2021-11-27 20:34:21.291  INFO 530588 --- [onPool-worker-2] .t.t.s.TourGuideClientRewardsServiceImpl : Service - Distance calculated: 3556.1916384601
2021-11-27 20:34:21.291  INFO 530588 --- [onPool-worker-4] .t.t.s.TourGuideClientRewardsServiceImpl : Service - Distance calculated: 5715.49328141225
2021-11-27 20:34:21.291  INFO 530588 --- [onPool-worker-1] .t.t.s.TourGuideClientRewardsServiceImpl : Service - Distance calculated: 3812.083668847261
2021-11-27 20:34:21.291  INFO 530588 --- [onPool-worker-2] .t.t.s.TourGuideClientRewardsServiceImpl : Service - Distance calculated: 2973.759485216789
2021-11-27 20:34:21.291  INFO 530588 --- [onPool-worker-1] .t.t.s.TourGuideClientRewardsServiceImpl : Service - Distance calculated: 4478.981366710604
2021-11-27 20:34:21.291  INFO 530588 --- [onPool-worker-1] .t.t.s.TourGuideClientRewardsServiceImpl : Service - Distance calculated: 4374.713301669785
2021-11-27 20:34:21.291  INFO 530588 --- [onPool-worker-1] .t.t.s.TourGuideClientRewardsServiceImpl : Service - Distance calculated: 4290.852506609126
2021-11-27 20:34:21.291  INFO 530588 --- [onPool-worker-4] .t.t.s.TourGuideClientRewardsServiceImpl : Service - Distance calculated: 6634.306441147375
2021-11-27 20:34:21.291  INFO 530588 --- [onPool-worker-1] .t.t.s.TourGuideClientRewardsServiceImpl : Service - Distance calculated: 4476.547615560183
2021-11-27 20:34:21.291  INFO 530588 --- [onPool-worker-2] .t.t.s.TourGuideClientRewardsServiceImpl : Service - Distance calculated: 3492.1285853083705
2021-11-27 20:34:21.291  INFO 530588 --- [onPool-worker-1] .t.t.s.TourGuideClientRewardsServiceImpl : Service - Distance calculated: 4453.668726884098
2021-11-27 20:34:21.291  INFO 530588 --- [onPool-worker-4] .t.t.s.TourGuideClientRewardsServiceImpl : Service - Distance calculated: 6336.832272027895
2021-11-27 20:34:21.291  INFO 530588 --- [onPool-worker-2] .t.t.s.TourGuideClientRewardsServiceImpl : Service - Distance calculated: 3573.3460951792194
2021-11-27 20:34:21.291  INFO 530588 --- [onPool-worker-1] .t.t.s.TourGuideClientRewardsServiceImpl : Service - Distance calculated: 5344.28213864628
2021-11-27 20:34:21.291  INFO 530588 --- [onPool-worker-2] .t.t.s.TourGuideClientRewardsServiceImpl : Service - Distance calculated: 3694.412797705012
2021-11-27 20:34:21.291  INFO 530588 --- [onPool-worker-2] .t.t.s.TourGuideClientRewardsServiceImpl : Service - Distance calculated: 3789.974068775754
2021-11-27 20:34:21.291  INFO 530588 --- [onPool-worker-2] .t.t.s.TourGuideClientRewardsServiceImpl : Service - Distance calculated: 3772.6615191587703
2021-11-27 20:34:21.291  INFO 530588 --- [onPool-worker-4] .t.t.s.TourGuideClientRewardsServiceImpl : Service - Distance calculated: 6352.055270234075
2021-11-27 20:34:21.291  INFO 530588 --- [onPool-worker-1] .t.t.s.TourGuideClientRewardsServiceImpl : Service - Distance calculated: 3930.877171171028
2021-11-27 20:34:21.291  INFO 530588 --- [onPool-worker-2] .t.t.s.TourGuideClientRewardsServiceImpl : Service - Distance calculated: 3547.880194750096
2021-11-27 20:34:21.291  INFO 530588 --- [onPool-worker-1] .t.t.s.TourGuideClientRewardsServiceImpl : Service - Distance calculated: 4749.498804798019
2021-11-27 20:34:21.291  INFO 530588 --- [onPool-worker-2] .t.t.s.TourGuideClientRewardsServiceImpl : Service - Distance calculated: 3718.0390584982033
2021-11-27 20:34:21.291  INFO 530588 --- [onPool-worker-1] .t.t.s.TourGuideClientRewardsServiceImpl : Service - Distance calculated: 4866.83212756573
2021-11-27 20:34:21.291  INFO 530588 --- [onPool-worker-4] .t.t.s.TourGuideClientRewardsServiceImpl : Service - Distance calculated: 6333.24478058046
2021-11-27 20:34:21.291  INFO 530588 --- [onPool-worker-1] .t.t.s.TourGuideClientRewardsServiceImpl : Service - Distance calculated: 4904.337167597466
2021-11-27 20:34:21.291  INFO 530588 --- [onPool-worker-2] .t.t.s.TourGuideClientRewardsServiceImpl : Service - Distance calculated: 1413.3013195290323
2021-11-27 20:34:21.291  INFO 530588 --- [onPool-worker-4] .t.t.s.TourGuideClientRewardsServiceImpl : Service - Distance calculated: 6586.761248388531
2021-11-27 20:34:21.291  INFO 530588 --- [onPool-worker-1] .t.t.s.TourGuideClientRewardsServiceImpl : Service - Distance calculated: 4669.873249819389
2021-11-27 20:34:21.291  INFO 530588 --- [onPool-worker-4] .t.t.s.TourGuideClientRewardsServiceImpl : Service - Distance calculated: 7651.127680720048
2021-11-27 20:34:21.291  INFO 530588 --- [onPool-worker-2] .t.t.s.TourGuideClientRewardsServiceImpl : Service - Distance calculated: 3588.2491930239
2021-11-27 20:34:21.291  INFO 530588 --- [onPool-worker-1] .t.t.s.TourGuideClientRewardsServiceImpl : Service - Distance calculated: 3939.9462722930334
2021-11-27 20:34:21.291  INFO 530588 --- [onPool-worker-4] .t.t.s.TourGuideClientRewardsServiceImpl : Service - Distance calculated: 5868.655432886889
2021-11-27 20:34:21.291  INFO 530588 --- [onPool-worker-1] .t.t.s.TourGuideClientRewardsServiceImpl : Service - Distance calculated: 4043.1545254736448
2021-11-27 20:34:21.291  INFO 530588 --- [onPool-worker-2] .t.t.s.TourGuideClientRewardsServiceImpl : Service - Distance calculated: 3583.460489430704
2021-11-27 20:34:21.291  INFO 530588 --- [onPool-worker-4] .t.t.s.TourGuideClientRewardsServiceImpl : Service - Distance calculated: 6247.518171789667
2021-11-27 20:34:21.291  INFO 530588 --- [onPool-worker-1] .t.t.s.TourGuideClientRewardsServiceImpl : Service - Distance calculated: 3911.6066356992733
2021-11-27 20:34:21.291  INFO 530588 --- [onPool-worker-2] .t.t.s.TourGuideClientRewardsServiceImpl : Service - Distance calculated: 3679.2769766766783
2021-11-27 20:34:21.291  INFO 530588 --- [onPool-worker-2] .t.t.s.TourGuideClientRewardsServiceImpl : Service - Distance calculated: 4456.790841676031
2021-11-27 20:34:21.291  INFO 530588 --- [onPool-worker-2] .t.t.s.TourGuideClientRewardsServiceImpl : Service - Distance calculated: 4021.931982324626
2021-11-27 20:34:21.291  INFO 530588 --- [onPool-worker-2] .t.t.s.TourGuideClientRewardsServiceImpl : Service - Distance calculated: 3942.807428330889
2021-11-27 20:34:21.291  INFO 530588 --- [onPool-worker-4] .t.t.s.TourGuideClientRewardsServiceImpl : Service - Distance calculated: 7099.690480440021
2021-11-27 20:34:21.291  INFO 530588 --- [onPool-worker-1] .t.t.s.TourGuideClientRewardsServiceImpl : Service - Distance calculated: 4087.7774030740334
2021-11-27 20:34:21.291  INFO 530588 --- [onPool-worker-4] .t.t.s.TourGuideClientRewardsServiceImpl : Service - Distance calculated: 6894.538500088828
2021-11-27 20:34:21.291  INFO 530588 --- [onPool-worker-2] .t.t.s.TourGuideClientRewardsServiceImpl : Service - Distance calculated: 4089.666833647116
2021-11-27 20:34:21.291  INFO 530588 --- [onPool-worker-1] .t.t.s.TourGuideClientRewardsServiceImpl : Service - Distance calculated: 4127.899025411814
2021-11-27 20:34:21.291  INFO 530588 --- [onPool-worker-4] .t.t.s.TourGuideClientRewardsServiceImpl : Service - Distance calculated: 6249.228978913117
2021-11-27 20:34:21.291  INFO 530588 --- [onPool-worker-1] .t.t.s.TourGuideClientRewardsServiceImpl : Service - Distance calculated: 4966.945781443137
2021-11-27 20:34:21.291  INFO 530588 --- [onPool-worker-4] .t.t.s.TourGuideClientRewardsServiceImpl : Service - Distance calculated: 5853.90694819562
2021-11-27 20:34:21.291  INFO 530588 --- [onPool-worker-1] .t.t.s.TourGuideClientRewardsServiceImpl : Service - Distance calculated: 5031.196222582195
2021-11-27 20:34:21.291  INFO 530588 --- [onPool-worker-4] .t.t.s.TourGuideClientRewardsServiceImpl : Service - Distance calculated: 7191.539109488396
2021-11-27 20:34:21.291  INFO 530588 --- [onPool-worker-1] .t.t.s.TourGuideClientRewardsServiceImpl : Service - Distance calculated: 4461.294988473869
2021-11-27 20:34:21.291  INFO 530588 --- [onPool-worker-4] .t.t.s.TourGuideClientRewardsServiceImpl : Service - Distance calculated: 7870.584325517883
2021-11-27 20:34:21.291  INFO 530588 --- [onPool-worker-1] .t.t.s.TourGuideClientRewardsServiceImpl : Service - Distance calculated: 5124.635276760833
2021-11-27 20:34:21.291  INFO 530588 --- [onPool-worker-2] .t.t.s.TourGuideClientRewardsServiceImpl : Service - Distance calculated: 3799.226344145238
2021-11-27 20:34:21.291  INFO 530588 --- [onPool-worker-4] .t.t.s.TourGuideClientRewardsServiceImpl : Service - Distance calculated: 7282.768003261377
2021-11-27 20:34:21.291  INFO 530588 --- [onPool-worker-1] .t.t.s.TourGuideClientRewardsServiceImpl : Service - Distance calculated: 5219.741220516379
2021-11-27 20:34:21.291  INFO 530588 --- [onPool-worker-4] .t.t.s.TourGuideClientRewardsServiceImpl : Service - Distance calculated: 7195.677187603419
2021-11-27 20:34:21.291  INFO 530588 --- [onPool-worker-2] .t.t.s.TourGuideClientRewardsServiceImpl : Service - Distance calculated: 4016.03377198122
2021-11-27 20:34:21.291  INFO 530588 --- [onPool-worker-4] .t.t.s.TourGuideClientRewardsServiceImpl : Service - Distance calculated: 7436.106505772189
2021-11-27 20:34:21.291  INFO 530588 --- [onPool-worker-1] .t.t.s.TourGuideClientRewardsServiceImpl : Service - Distance calculated: 2000.7943787964912
2021-11-27 20:34:21.291  INFO 530588 --- [onPool-worker-2] .t.t.s.TourGuideClientRewardsServiceImpl : Service - Distance calculated: 3637.830051934195
2021-11-27 20:34:21.291  INFO 530588 --- [onPool-worker-4] .t.t.s.TourGuideClientRewardsServiceImpl : Service - Distance calculated: 7333.770920856555
2021-11-27 20:34:21.291  INFO 530588 --- [onPool-worker-1] .t.t.s.TourGuideClientRewardsServiceImpl : Service - Distance calculated: 5343.559303218302
2021-11-27 20:34:21.291  INFO 530588 --- [onPool-worker-4] .t.t.s.TourGuideClientRewardsServiceImpl : Service - Distance calculated: 7061.098401772628
2021-11-27 20:34:21.291  INFO 530588 --- [onPool-worker-2] .t.t.s.TourGuideClientRewardsServiceImpl : Service - Distance calculated: 4353.618345079758
2021-11-27 20:34:21.291  INFO 530588 --- [onPool-worker-4] .t.t.s.TourGuideClientRewardsServiceImpl : Service - Distance calculated: 7802.3838259568165
2021-11-27 20:34:21.291  INFO 530588 --- [onPool-worker-2] .t.t.s.TourGuideClientRewardsServiceImpl : Service - Distance calculated: 3514.409938998243
2021-11-27 20:34:21.291  INFO 530588 --- [onPool-worker-4] .t.t.s.TourGuideClientRewardsServiceImpl : Service - Distance calculated: 7594.607089865499
2021-11-27 20:34:21.291  INFO 530588 --- [onPool-worker-2] .t.t.s.TourGuideClientRewardsServiceImpl : Service - Distance calculated: 3821.1098959923233
2021-11-27 20:34:21.291  INFO 530588 --- [onPool-worker-1] .t.t.s.TourGuideClientRewardsServiceImpl : Service - Distance calculated: 5221.703798346665
2021-11-27 20:34:21.291  INFO 530588 --- [onPool-worker-2] .t.t.s.TourGuideClientRewardsServiceImpl : Service - Distance calculated: 3469.8516994007796
2021-11-27 20:34:21.291  INFO 530588 --- [onPool-worker-4] .t.t.s.TourGuideClientRewardsServiceImpl : Service - Distance calculated: 9226.911379118455
2021-11-27 20:34:21.291  INFO 530588 --- [onPool-worker-2] .t.t.s.TourGuideClientRewardsServiceImpl : Service - Distance calculated: 3581.9848355797935
2021-11-27 20:34:21.291  INFO 530588 --- [onPool-worker-4] .t.t.s.TourGuideClientRewardsServiceImpl : Service - Distance calculated: 7957.505429818082
2021-11-27 20:34:21.291  INFO 530588 --- [onPool-worker-1] .t.t.s.TourGuideClientRewardsServiceImpl : Service - Distance calculated: 5355.719800062245
2021-11-27 20:34:21.291  INFO 530588 --- [onPool-worker-4] .t.t.s.TourGuideClientRewardsServiceImpl : Service - Distance calculated: 7833.378316606188
2021-11-27 20:34:21.291  INFO 530588 --- [onPool-worker-1] .t.t.s.TourGuideClientRewardsServiceImpl : Service - Distance calculated: 5922.223445686854
2021-11-27 20:34:21.291  INFO 530588 --- [onPool-worker-4] .t.t.s.TourGuideClientRewardsServiceImpl : Service - Distance calculated: 7795.288256336361
2021-11-27 20:34:21.291  INFO 530588 --- [onPool-worker-2] .t.t.s.TourGuideClientRewardsServiceImpl : Service - Distance calculated: 4336.296423057839
2021-11-27 20:34:21.291  INFO 530588 --- [onPool-worker-1] .t.t.s.TourGuideClientRewardsServiceImpl : Service - Distance calculated: 5062.951345248275
2021-11-27 20:34:21.291  INFO 530588 --- [onPool-worker-2] .t.t.s.TourGuideClientRewardsServiceImpl : Service - Distance calculated: 2036.5343785016835
2021-11-27 20:34:21.291  INFO 530588 --- [onPool-worker-1] .t.t.s.TourGuideClientRewardsServiceImpl : Service - Distance calculated: 5305.557543562507
2021-11-27 20:34:21.291  INFO 530588 --- [onPool-worker-4] .t.t.s.TourGuideClientRewardsServiceImpl : Service - Distance calculated: 6947.087730895416
2021-11-27 20:34:21.291  INFO 530588 --- [onPool-worker-2] .t.t.s.TourGuideClientRewardsServiceImpl : Service - Distance calculated: 1440.30544897963
2021-11-27 20:34:21.291  INFO 530588 --- [onPool-worker-1] .t.t.s.TourGuideClientRewardsServiceImpl : Service - Distance calculated: 5315.851715522406
2021-11-27 20:34:21.291  INFO 530588 --- [onPool-worker-2] .t.t.s.TourGuideClientRewardsServiceImpl : Service - Distance calculated: 1872.1349845335367
2021-11-27 20:34:21.291  INFO 530588 --- [onPool-worker-4] .t.t.s.TourGuideClientRewardsServiceImpl : Service - Distance calculated: 7009.366920595044
2021-11-27 20:34:21.291  INFO 530588 --- [onPool-worker-1] .t.t.s.TourGuideClientRewardsServiceImpl : Service - Distance calculated: 5288.370863980439
2021-11-27 20:34:21.291  INFO 530588 --- [onPool-worker-2] .t.t.s.TourGuideClientRewardsServiceImpl : Service - Distance calculated: 1934.063874167882
2021-11-27 20:34:21.291  INFO 530588 --- [onPool-worker-1] .t.t.s.TourGuideClientRewardsServiceImpl : Service - Distance calculated: 5102.418612845096
2021-11-27 20:34:21.291  INFO 530588 --- [onPool-worker-4] .t.t.s.TourGuideClientRewardsServiceImpl : Service - Distance calculated: 7292.854251117026
2021-11-27 20:34:21.291  INFO 530588 --- [onPool-worker-2] .t.t.s.TourGuideClientRewardsServiceImpl : Service - Distance calculated: 776.696163092838
2021-11-27 20:34:21.291  INFO 530588 --- [onPool-worker-1] .t.t.s.TourGuideClientRewardsServiceImpl : Service - Distance calculated: 4125.847457357652
2021-11-27 20:34:21.291  INFO 530588 --- [onPool-worker-2] .t.t.s.TourGuideClientRewardsServiceImpl : Service - Distance calculated: 862.150342349327
2021-11-27 20:34:21.291  INFO 530588 --- [onPool-worker-1] .t.t.s.TourGuideClientRewardsServiceImpl : Service - Distance calculated: 5774.113986251608
2021-11-27 20:34:21.291  INFO 530588 --- [onPool-worker-4] .t.t.s.TourGuideClientRewardsServiceImpl : Service - Distance calculated: 7068.471890684088
2021-11-27 20:34:21.291  INFO 530588 --- [onPool-worker-1] .t.t.s.TourGuideClientRewardsServiceImpl : Service - Distance calculated: 5337.466342158053
2021-11-27 20:34:21.291  INFO 530588 --- [nPool-worker-15] .t.t.s.TourGuideClientRewardsServiceImpl : Service - Distance calculated: 4174.781291027166
2021-11-27 20:34:21.291  INFO 530588 --- [onPool-worker-4] .t.t.s.TourGuideClientRewardsServiceImpl : Service - Distance calculated: 7516.4722297679255
2021-11-27 20:34:21.291  INFO 530588 --- [onPool-worker-1] .t.t.s.TourGuideClientRewardsServiceImpl : Service - Distance calculated: 4629.915291070372
2021-11-27 20:34:21.291  INFO 530588 --- [onPool-worker-2] .t.t.s.TourGuideClientRewardsServiceImpl : Service - Distance calculated: 1740.3877668532632
2021-11-27 20:34:21.291  INFO 530588 --- [onPool-worker-4] .t.t.s.TourGuideClientRewardsServiceImpl : Service - Distance calculated: 7041.2557880884115
2021-11-27 20:34:21.291  INFO 530588 --- [onPool-worker-1] .t.t.s.TourGuideClientRewardsServiceImpl : Service - Distance calculated: 4748.041517992477
2021-11-27 20:34:21.292  INFO 530588 --- [onPool-worker-2] .t.t.s.TourGuideClientRewardsServiceImpl : Service - Distance calculated: 250.33613759797757
2021-11-27 20:34:21.292  INFO 530588 --- [nPool-worker-15] .t.t.s.TourGuideClientRewardsServiceImpl : Service - Distance calculated: 3769.3551481991885
2021-11-27 20:34:21.292  INFO 530588 --- [onPool-worker-2] .t.t.s.TourGuideClientRewardsServiceImpl : Service - Distance calculated: 457.34733064546543
2021-11-27 20:34:21.292  INFO 530588 --- [nPool-worker-15] .t.t.s.TourGuideClientRewardsServiceImpl : Service - Distance calculated: 4158.798233661957
2021-11-27 20:34:21.292  INFO 530588 --- [onPool-worker-2] .t.t.s.TourGuideClientRewardsServiceImpl : Service - Distance calculated: 2950.2402712844187
2021-11-27 20:34:21.292  INFO 530588 --- [nPool-worker-15] .t.t.s.TourGuideClientRewardsServiceImpl : Service - Distance calculated: 4225.2224082533085
2021-11-27 20:34:21.292  INFO 530588 --- [onPool-worker-1] .t.t.s.TourGuideClientRewardsServiceImpl : Service - Distance calculated: 5340.644300426182
2021-11-27 20:34:21.292  INFO 530588 --- [nPool-worker-15] .t.t.s.TourGuideClientRewardsServiceImpl : Service - Distance calculated: 4663.678124888163
2021-11-27 20:34:21.292  INFO 530588 --- [onPool-worker-4] .t.t.s.TourGuideClientRewardsServiceImpl : Service - Distance calculated: 7116.529685009644
2021-11-27 20:34:21.292  INFO 530588 --- [onPool-worker-1] .t.t.s.TourGuideClientRewardsServiceImpl : Service - Distance calculated: 5784.124235815163
2021-11-27 20:34:21.292  INFO 530588 --- [onPool-worker-2] .t.t.s.TourGuideClientRewardsServiceImpl : Service - Distance calculated: 447.9524169615238
2021-11-27 20:34:21.292  INFO 530588 --- [onPool-worker-1] .t.t.s.TourGuideClientRewardsServiceImpl : Service - Distance calculated: 6369.978775390833
2021-11-27 20:34:21.292  INFO 530588 --- [onPool-worker-1] .t.t.s.TourGuideClientRewardsServiceImpl : Service - Distance calculated: 5597.552021496327
2021-11-27 20:34:21.292  INFO 530588 --- [onPool-worker-2] .t.t.s.TourGuideClientRewardsServiceImpl : Service - Distance calculated: 280.2962199412275
2021-11-27 20:34:21.292  INFO 530588 --- [onPool-worker-1] .t.t.s.TourGuideClientRewardsServiceImpl : Service - Distance calculated: 6230.7963519410905
2021-11-27 20:34:21.292  INFO 530588 --- [onPool-worker-2] .t.t.s.TourGuideClientRewardsServiceImpl : Service - Distance calculated: 408.66367318785626
2021-11-27 20:34:21.292  INFO 530588 --- [onPool-worker-1] .t.t.s.TourGuideClientRewardsServiceImpl : Service - Distance calculated: 6319.16260829919
2021-11-27 20:34:21.292  INFO 530588 --- [onPool-worker-2] .t.t.s.TourGuideClientRewardsServiceImpl : Service - Distance calculated: 1153.9955196106957
2021-11-27 20:34:21.292  INFO 530588 --- [onPool-worker-1] .t.t.s.TourGuideClientRewardsServiceImpl : Service - Distance calculated: 5527.902143752043
2021-11-27 20:34:21.292  INFO 530588 --- [onPool-worker-2] .t.t.s.TourGuideClientRewardsServiceImpl : Service - Distance calculated: 1261.8802556721262
2021-11-27 20:34:21.292  INFO 530588 --- [onPool-worker-2] .t.t.s.TourGuideClientRewardsServiceImpl : Service - Distance calculated: 776.0810647695682
2021-11-27 20:34:21.292  INFO 530588 --- [onPool-worker-2] .t.t.s.TourGuideClientRewardsServiceImpl : Service - Distance calculated: 1040.0055617346281
2021-11-27 20:34:21.292  INFO 530588 --- [onPool-worker-2] .t.t.s.TourGuideClientRewardsServiceImpl : Service - Distance calculated: 534.9040627541248
2021-11-27 20:34:21.292  INFO 530588 --- [onPool-worker-2] .t.t.s.TourGuideClientRewardsServiceImpl : Service - Distance calculated: 1192.7607793966006
2021-11-27 20:34:21.292  INFO 530588 --- [onPool-worker-2] .t.t.s.TourGuideClientRewardsServiceImpl : Service - Distance calculated: 2036.6133714630926
2021-11-27 20:34:21.292  INFO 530588 --- [onPool-worker-2] .t.t.s.TourGuideClientRewardsServiceImpl : Service - Distance calculated: 1072.7709810747024
2021-11-27 20:34:21.292  INFO 530588 --- [onPool-worker-2] .t.t.s.TourGuideClientRewardsServiceImpl : Service - Distance calculated: 552.3369796100824
2021-11-27 20:34:21.292  INFO 530588 --- [onPool-worker-2] .t.t.s.TourGuideClientRewardsServiceImpl : Service - Distance calculated: 1560.3953178816605
2021-11-27 20:34:21.292  INFO 530588 --- [onPool-worker-2] .t.t.s.TourGuideClientRewardsServiceImpl : Service - Distance calculated: 725.9152849728775
2021-11-27 20:34:21.292  INFO 530588 --- [onPool-worker-2] .t.t.s.TourGuideClientRewardsServiceImpl : Service - Distance calculated: 449.78355353887827
2021-11-27 20:34:21.292  INFO 530588 --- [onPool-worker-2] .t.t.s.TourGuideClientRewardsServiceImpl : Service - Distance calculated: 1044.3456142239413
2021-11-27 20:34:21.292  INFO 530588 --- [onPool-worker-2] .t.t.s.TourGuideClientRewardsServiceImpl : Service - Distance calculated: 5657.978594087098
2021-11-27 20:34:21.292  INFO 530588 --- [onPool-worker-2] .t.t.s.TourGuideClientRewardsServiceImpl : Service - Distance calculated: 5008.898642286082
2021-11-27 20:34:21.292  INFO 530588 --- [onPool-worker-2] .t.t.s.TourGuideClientRewardsServiceImpl : Service - Distance calculated: 5493.512895671999
2021-11-27 20:34:21.292  INFO 530588 --- [onPool-worker-2] .t.t.s.TourGuideClientRewardsServiceImpl : Service - Distance calculated: 5555.033430620401
2021-11-27 20:34:21.292  INFO 530588 --- [onPool-worker-2] .t.t.s.TourGuideClientRewardsServiceImpl : Service - Distance calculated: 4297.4432268139335
2021-11-27 20:34:21.292  INFO 530588 --- [onPool-worker-2] .t.t.s.TourGuideClientRewardsServiceImpl : Service - Distance calculated: 4344.09219194989
2021-11-27 20:34:21.292  INFO 530588 --- [onPool-worker-2] .t.t.s.TourGuideClientRewardsServiceImpl : Service - Distance calculated: 5336.855919742401
2021-11-27 20:34:21.292  INFO 530588 --- [onPool-worker-2] .t.t.s.TourGuideClientRewardsServiceImpl : Service - Distance calculated: 3685.2268962205076
2021-11-27 20:34:21.292  INFO 530588 --- [onPool-worker-2] .t.t.s.TourGuideClientRewardsServiceImpl : Service - Distance calculated: 3812.2578025985854
2021-11-27 20:34:21.292  INFO 530588 --- [onPool-worker-2] .t.t.s.TourGuideClientRewardsServiceImpl : Service - Distance calculated: 5631.81856182178
2021-11-27 20:34:21.292  INFO 530588 --- [onPool-worker-2] .t.t.s.TourGuideClientRewardsServiceImpl : Service - Distance calculated: 3238.9741023706943
2021-11-27 20:34:21.292  INFO 530588 --- [onPool-worker-2] .t.t.s.TourGuideClientRewardsServiceImpl : Service - Distance calculated: 3532.0310711517777
2021-11-27 20:34:21.292  INFO 530588 --- [onPool-worker-2] .t.t.s.TourGuideClientRewardsServiceImpl : Service - Distance calculated: 3412.076640694395
2021-11-27 20:34:21.292  INFO 530588 --- [onPool-worker-2] .t.t.s.TourGuideClientRewardsServiceImpl : Service - Distance calculated: 3779.558883576583
2021-11-27 20:34:21.292  INFO 530588 --- [onPool-worker-2] .t.t.s.TourGuideClientRewardsServiceImpl : Service - Distance calculated: 4702.310968504476
2021-11-27 20:34:21.292  INFO 530588 --- [onPool-worker-2] .t.t.s.TourGuideClientRewardsServiceImpl : Service - Distance calculated: 4071.6823192097454
2021-11-27 20:34:21.292  INFO 530588 --- [onPool-worker-2] .t.t.s.TourGuideClientRewardsServiceImpl : Service - Distance calculated: 4334.8409692454225
2021-11-27 20:34:21.292  INFO 530588 --- [onPool-worker-2] .t.t.s.TourGuideClientRewardsServiceImpl : Service - Distance calculated: 3822.8557735395307
2021-11-27 20:34:21.292  INFO 530588 --- [onPool-worker-2] .t.t.s.TourGuideClientRewardsServiceImpl : Service - Distance calculated: 4616.982263946589
2021-11-27 20:34:21.292  INFO 530588 --- [onPool-worker-2] .t.t.s.TourGuideClientRewardsServiceImpl : Service - Distance calculated: 5656.7205062966
2021-11-27 20:34:21.292  INFO 530588 --- [onPool-worker-2] .t.t.s.TourGuideClientRewardsServiceImpl : Service - Distance calculated: 3892.008466517084
2021-11-27 20:34:21.292  INFO 530588 --- [onPool-worker-2] .t.t.s.TourGuideClientRewardsServiceImpl : Service - Distance calculated: 3083.4238281077137
2021-11-27 20:34:21.292  INFO 530588 --- [onPool-worker-2] .t.t.s.TourGuideClientRewardsServiceImpl : Service - Distance calculated: 5133.217776683849
2021-11-27 20:34:21.292  INFO 530588 --- [onPool-worker-2] .t.t.s.TourGuideClientRewardsServiceImpl : Service - Distance calculated: 4327.916849835283
2021-11-27 20:34:21.292  INFO 530588 --- [onPool-worker-2] .t.t.s.TourGuideClientRewardsServiceImpl : Service - Distance calculated: 3232.2729053951584
2021-11-27 20:34:21.292  INFO 530588 --- [onPool-worker-2] .t.t.s.TourGuideClientRewardsServiceImpl : Service - Distance calculated: 3831.9375544560917
2021-11-27 20:34:21.292  INFO 530588 --- [onPool-worker-2] .t.t.s.TourGuideClientRewardsServiceImpl : Service - Distance calculated: 3015.6940552076103
2021-11-27 20:34:21.292  INFO 530588 --- [onPool-worker-2] .t.t.s.TourGuideClientRewardsServiceImpl : Service - Distance calculated: 3668.6620034164525
2021-11-27 20:34:21.292  INFO 530588 --- [onPool-worker-7] .t.t.s.TourGuideClientRewardsServiceImpl : Service - Distance calculated: 5351.324653921968
2021-11-27 20:34:21.292  INFO 530588 --- [onPool-worker-7] .t.t.s.TourGuideClientRewardsServiceImpl : Service - Distance calculated: 4606.643258957249
2021-11-27 20:34:21.292  INFO 530588 --- [onPool-worker-7] .t.t.s.TourGuideClientRewardsServiceImpl : Service - Distance calculated: 5190.511973359256
2021-11-27 20:34:21.292  INFO 530588 --- [onPool-worker-7] .t.t.s.TourGuideClientRewardsServiceImpl : Service - Distance calculated: 5268.541291465155
2021-11-27 20:34:21.292  INFO 530588 --- [onPool-worker-7] .t.t.s.TourGuideClientRewardsServiceImpl : Service - Distance calculated: 4193.929566775673
2021-11-27 20:34:21.292  INFO 530588 --- [onPool-worker-7] .t.t.s.TourGuideClientRewardsServiceImpl : Service - Distance calculated: 4268.335184781296
2021-11-27 20:34:21.292  INFO 530588 --- [onPool-worker-7] .t.t.s.TourGuideClientRewardsServiceImpl : Service - Distance calculated: 5142.423435147433
2021-11-27 20:34:21.292  INFO 530588 --- [onPool-worker-7] .t.t.s.TourGuideClientRewardsServiceImpl : Service - Distance calculated: 3575.6080999147207
2021-11-27 20:34:21.292  INFO 530588 --- [onPool-worker-7] .t.t.s.TourGuideClientRewardsServiceImpl : Service - Distance calculated: 3756.579266744117
2021-11-27 20:34:21.292  INFO 530588 --- [onPool-worker-7] .t.t.s.TourGuideClientRewardsServiceImpl : Service - Distance calculated: 4724.623086123432
2021-11-27 20:34:21.292  INFO 530588 --- [onPool-worker-7] .t.t.s.TourGuideClientRewardsServiceImpl : Service - Distance calculated: 3164.822520164353
2021-11-27 20:34:21.292  INFO 530588 --- [onPool-worker-7] .t.t.s.TourGuideClientRewardsServiceImpl : Service - Distance calculated: 3443.8284254767054
2021-11-27 20:34:21.292  INFO 530588 --- [onPool-worker-7] .t.t.s.TourGuideClientRewardsServiceImpl : Service - Distance calculated: 3366.8675168732516
2021-11-27 20:34:21.292  INFO 530588 --- [onPool-worker-7] .t.t.s.TourGuideClientRewardsServiceImpl : Service - Distance calculated: 3991.000608489599
2021-11-27 20:34:21.292  INFO 530588 --- [onPool-worker-7] .t.t.s.TourGuideClientRewardsServiceImpl : Service - Distance calculated: 4665.27714935994
2021-11-27 20:34:21.292  INFO 530588 --- [onPool-worker-7] .t.t.s.TourGuideClientRewardsServiceImpl : Service - Distance calculated: 4073.691545649466
2021-11-27 20:34:21.292  INFO 530588 --- [onPool-worker-7] .t.t.s.TourGuideClientRewardsServiceImpl : Service - Distance calculated: 4360.591118599279
2021-11-27 20:34:21.292  INFO 530588 --- [onPool-worker-7] .t.t.s.TourGuideClientRewardsServiceImpl : Service - Distance calculated: 3795.6026475819426
2021-11-27 20:34:21.292  INFO 530588 --- [onPool-worker-7] .t.t.s.TourGuideClientRewardsServiceImpl : Service - Distance calculated: 4587.664041695518
2021-11-27 20:34:21.292  INFO 530588 --- [onPool-worker-7] .t.t.s.TourGuideClientRewardsServiceImpl : Service - Distance calculated: 5375.554309617894
2021-11-27 20:34:21.292  INFO 530588 --- [onPool-worker-7] .t.t.s.TourGuideClientRewardsServiceImpl : Service - Distance calculated: 4055.030477819003
2021-11-27 20:34:21.292  INFO 530588 --- [onPool-worker-7] .t.t.s.TourGuideClientRewardsServiceImpl : Service - Distance calculated: 2981.986437200777
2021-11-27 20:34:21.292  INFO 530588 --- [onPool-worker-7] .t.t.s.TourGuideClientRewardsServiceImpl : Service - Distance calculated: 4980.337525744602
2021-11-27 20:34:21.292  INFO 530588 --- [onPool-worker-7] .t.t.s.TourGuideClientRewardsServiceImpl : Service - Distance calculated: 4146.421928869198
2021-11-27 20:34:21.292  INFO 530588 --- [onPool-worker-7] .t.t.s.TourGuideClientRewardsServiceImpl : Service - Distance calculated: 3155.7771535290594
2021-11-27 20:34:21.292  INFO 530588 --- [onPool-worker-7] .t.t.s.TourGuideClientRewardsServiceImpl : Service - Distance calculated: 3995.2543753935306
2021-11-27 20:34:21.292  INFO 530588 --- [onPool-worker-7] .t.t.s.TourGuideClientRewardsServiceImpl : Service - Distance calculated: 2842.4339488158575
2021-11-27 20:34:21.292  INFO 530588 --- [onPool-worker-7] .t.t.s.TourGuideClientRewardsServiceImpl : Service - Distance calculated: 2233.33317434142
2021-11-27 20:34:21.292  INFO 530588 --- [onPool-worker-7] .t.t.s.TourGuideClientRewardsServiceImpl : Service - Distance calculated: 2768.2644792422534
2021-11-27 20:34:21.292  INFO 530588 --- [onPool-worker-7] .t.t.s.TourGuideClientRewardsServiceImpl : Service - Distance calculated: 2851.7048546255264
2021-11-27 20:34:21.292  INFO 530588 --- [onPool-worker-7] .t.t.s.TourGuideClientRewardsServiceImpl : Service - Distance calculated: 2966.6951335394797
2021-11-27 20:34:21.292  INFO 530588 --- [onPool-worker-7] .t.t.s.TourGuideClientRewardsServiceImpl : Service - Distance calculated: 3060.29001719701
2021-11-27 20:34:21.292  INFO 530588 --- [onPool-worker-7] .t.t.s.TourGuideClientRewardsServiceImpl : Service - Distance calculated: 3036.509364794938
2021-11-27 20:34:21.292  INFO 530588 --- [onPool-worker-7] .t.t.s.TourGuideClientRewardsServiceImpl : Service - Distance calculated: 2868.921046895021
2021-11-27 20:34:21.292  INFO 530588 --- [onPool-worker-7] .t.t.s.TourGuideClientRewardsServiceImpl : Service - Distance calculated: 3025.484541417948
2021-11-27 20:34:21.292  INFO 530588 --- [onPool-worker-7] .t.t.s.TourGuideClientRewardsServiceImpl : Service - Distance calculated: 987.94961995841
2021-11-27 20:34:21.292  INFO 530588 --- [onPool-worker-7] .t.t.s.TourGuideClientRewardsServiceImpl : Service - Distance calculated: 2963.63421199349
2021-11-27 20:34:21.292  INFO 530588 --- [onPool-worker-7] .t.t.s.TourGuideClientRewardsServiceImpl : Service - Distance calculated: 2921.213756280996
2021-11-27 20:34:21.292  INFO 530588 --- [onPool-worker-7] .t.t.s.TourGuideClientRewardsServiceImpl : Service - Distance calculated: 3029.9686176910495
2021-11-27 20:34:21.292  INFO 530588 --- [onPool-worker-7] .t.t.s.TourGuideClientRewardsServiceImpl : Service - Distance calculated: 3769.0175300110423
2021-11-27 20:34:21.293  INFO 530588 --- [onPool-worker-7] .t.t.s.TourGuideClientRewardsServiceImpl : Service - Distance calculated: 3280.932271255386
2021-11-27 20:34:21.293  INFO 530588 --- [onPool-worker-7] .t.t.s.TourGuideClientRewardsServiceImpl : Service - Distance calculated: 3229.8117429162694
2021-11-27 20:34:21.293  INFO 530588 --- [onPool-worker-7] .t.t.s.TourGuideClientRewardsServiceImpl : Service - Distance calculated: 3362.0039854227907
2021-11-27 20:34:21.293  INFO 530588 --- [onPool-worker-7] .t.t.s.TourGuideClientRewardsServiceImpl : Service - Distance calculated: 3105.551112311771
2021-11-27 20:34:21.293  INFO 530588 --- [onPool-worker-7] .t.t.s.TourGuideClientRewardsServiceImpl : Service - Distance calculated: 3277.09923818998
2021-11-27 20:34:21.293  INFO 530588 --- [onPool-worker-7] .t.t.s.TourGuideClientRewardsServiceImpl : Service - Distance calculated: 2921.709425244835
2021-11-27 20:34:21.293  INFO 530588 --- [onPool-worker-7] .t.t.s.TourGuideClientRewardsServiceImpl : Service - Distance calculated: 3655.9900909171615
2021-11-27 20:34:21.293  INFO 530588 --- [onPool-worker-7] .t.t.s.TourGuideClientRewardsServiceImpl : Service - Distance calculated: 2915.341408340062
2021-11-27 20:34:21.293  INFO 530588 --- [onPool-worker-7] .t.t.s.TourGuideClientRewardsServiceImpl : Service - Distance calculated: 3079.0179809536367
2021-11-27 20:34:21.293  INFO 530588 --- [onPool-worker-7] .t.t.s.TourGuideClientRewardsServiceImpl : Service - Distance calculated: 2739.8246335475806
2021-11-27 20:34:21.293  INFO 530588 --- [onPool-worker-7] .t.t.s.TourGuideClientRewardsServiceImpl : Service - Distance calculated: 2958.4866100192417
2021-11-27 20:34:21.293  INFO 530588 --- [onPool-worker-7] .t.t.s.TourGuideClientRewardsServiceImpl : Service - Distance calculated: 3643.3364244782892
2021-11-27 20:34:21.293  INFO 530588 --- [onPool-worker-7] .t.t.s.TourGuideClientRewardsServiceImpl : Service - Distance calculated: 3122.5704778029713
2021-11-27 20:34:21.293  INFO 530588 --- [onPool-worker-7] .t.t.s.TourGuideClientRewardsServiceImpl : Service - Distance calculated: 2465.6551202327337
2021-11-27 20:34:21.293  INFO 530588 --- [onPool-worker-7] .t.t.s.TourGuideClientRewardsServiceImpl : Service - Distance calculated: 3035.1600519130657
2021-11-27 20:34:21.293  INFO 530588 --- [onPool-worker-7] .t.t.s.TourGuideClientRewardsServiceImpl : Service - Distance calculated: 3121.3484154669536
2021-11-27 20:34:21.293  INFO 530588 --- [onPool-worker-7] .t.t.s.TourGuideClientRewardsServiceImpl : Service - Distance calculated: 3088.3331321383553
2021-11-27 20:34:21.293  INFO 530588 --- [onPool-worker-7] .t.t.s.TourGuideClientRewardsServiceImpl : Service - Distance calculated: 3186.3636001831755
2021-11-27 20:34:21.293  INFO 530588 --- [onPool-worker-7] .t.t.s.TourGuideClientRewardsServiceImpl : Service - Distance calculated: 3276.6757985991185
2021-11-27 20:34:21.293  INFO 530588 --- [onPool-worker-7] .t.t.s.TourGuideClientRewardsServiceImpl : Service - Distance calculated: 2909.20107983737
2021-11-27 20:34:21.293  INFO 530588 --- [onPool-worker-7] .t.t.s.TourGuideClientRewardsServiceImpl : Service - Distance calculated: 3083.944595602934
2021-11-27 20:34:21.293  INFO 530588 --- [nPool-worker-14] .t.t.s.TourGuideClientRewardsServiceImpl : Service - Distance calculated: 5688.950870447644
2021-11-27 20:34:21.293  INFO 530588 --- [onPool-worker-7] .t.t.s.TourGuideClientRewardsServiceImpl : Service - Distance calculated: 1351.5735098135854
2021-11-27 20:34:21.293  INFO 530588 --- [nPool-worker-14] .t.t.s.TourGuideClientRewardsServiceImpl : Service - Distance calculated: 6462.301027991488
2021-11-27 20:34:21.293  INFO 530588 --- [onPool-worker-7] .t.t.s.TourGuideClientRewardsServiceImpl : Service - Distance calculated: 2942.906653079654
2021-11-27 20:34:21.293  INFO 530588 --- [nPool-worker-14] .t.t.s.TourGuideClientRewardsServiceImpl : Service - Distance calculated: 5838.388997411214
2021-11-27 20:34:21.293  INFO 530588 --- [nPool-worker-14] .t.t.s.TourGuideClientRewardsServiceImpl : Service - Distance calculated: 5752.837936496361
2021-11-27 20:34:21.293  INFO 530588 --- [nPool-worker-14] .t.t.s.TourGuideClientRewardsServiceImpl : Service - Distance calculated: 6683.682863769649
2021-11-27 20:34:21.293  INFO 530588 --- [nPool-worker-14] .t.t.s.TourGuideClientRewardsServiceImpl : Service - Distance calculated: 6600.972666086291
2021-11-27 20:34:21.293  INFO 530588 --- [nPool-worker-14] .t.t.s.TourGuideClientRewardsServiceImpl : Service - Distance calculated: 5813.998068000457
2021-11-27 20:34:21.293  INFO 530588 --- [nPool-worker-14] .t.t.s.TourGuideClientRewardsServiceImpl : Service - Distance calculated: 7284.9680881745035
2021-11-27 20:34:21.293  INFO 530588 --- [nPool-worker-14] .t.t.s.TourGuideClientRewardsServiceImpl : Service - Distance calculated: 7092.0943502937635
2021-11-27 20:34:21.293  INFO 530588 --- [nPool-worker-14] .t.t.s.TourGuideClientRewardsServiceImpl : Service - Distance calculated: 6968.105210801154
2021-11-27 20:34:21.293  INFO 530588 --- [nPool-worker-14] .t.t.s.TourGuideClientRewardsServiceImpl : Service - Distance calculated: 7673.296102376872
2021-11-27 20:34:21.293  INFO 530588 --- [nPool-worker-14] .t.t.s.TourGuideClientRewardsServiceImpl : Service - Distance calculated: 7406.009653401879
2021-11-27 20:34:21.292  INFO 530588 --- [nPool-worker-15] .t.t.s.TourGuideClientRewardsServiceImpl : Service - Distance calculated: 4750.373254780418
2021-11-27 20:34:21.293  INFO 530588 --- [nPool-worker-15] .t.t.s.TourGuideClientRewardsServiceImpl : Service - Distance calculated: 4497.707821911658
2021-11-27 20:34:21.293  INFO 530588 --- [nPool-worker-10] .t.t.s.TourGuideClientRewardsServiceImpl : Service - Distance calculated: 9488.425097203117
2021-11-27 20:34:21.293  INFO 530588 --- [nPool-worker-10] .t.t.s.TourGuideClientRewardsServiceImpl : Service - Distance calculated: 10215.535858316209
2021-11-27 20:34:21.293  INFO 530588 --- [nPool-worker-10] .t.t.s.TourGuideClientRewardsServiceImpl : Service - Distance calculated: 9650.469214104913
2021-11-27 20:34:21.293  INFO 530588 --- [nPool-worker-10] .t.t.s.TourGuideClientRewardsServiceImpl : Service - Distance calculated: 9573.70952407797
2021-11-27 20:34:21.292  INFO 530588 --- [onPool-worker-4] .t.t.s.TourGuideClientRewardsServiceImpl : Service - Distance calculated: 6994.54073388574
2021-11-27 20:34:21.292  INFO 530588 --- [onPool-worker-1] .t.t.s.TourGuideClientRewardsServiceImpl : Service - Distance calculated: 5618.721042956052
2021-11-27 20:34:21.293  INFO 530588 --- [onPool-worker-4] .t.t.s.TourGuideClientRewardsServiceImpl : Service - Distance calculated: 8100.686814836903
2021-11-27 20:34:21.292  INFO 530588 --- [onPool-worker-2] .t.t.s.TourGuideClientRewardsServiceImpl : Service - Distance calculated: 3179.371915480352
2021-11-27 20:34:21.293  INFO 530588 --- [onPool-worker-4] .t.t.s.TourGuideClientRewardsServiceImpl : Service - Distance calculated: 7067.477732491607
2021-11-27 20:34:21.293  INFO 530588 --- [onPool-worker-9] .t.t.s.TourGuideClientRewardsServiceImpl : Service - Distance calculated: 8541.755031498053
2021-11-27 20:34:21.293  INFO 530588 --- [onPool-worker-9] .t.t.s.TourGuideClientRewardsServiceImpl : Service - Distance calculated: 8462.556169415848
2021-11-27 20:34:21.293  INFO 530588 --- [onPool-worker-2] .t.t.s.TourGuideClientRewardsServiceImpl : Service - Distance calculated: 3121.603314780443
2021-11-27 20:34:21.293  INFO 530588 --- [onPool-worker-9] .t.t.s.TourGuideClientRewardsServiceImpl : Service - Distance calculated: 8612.33936206558
2021-11-27 20:34:21.294  INFO 530588 --- [onPool-worker-9] .t.t.s.TourGuideClientRewardsServiceImpl : Service - Distance calculated: 8639.422176394768
2021-11-27 20:34:21.294  INFO 530588 --- [onPool-worker-9] .t.t.s.TourGuideClientRewardsServiceImpl : Service - Distance calculated: 9480.549140752632
2021-11-27 20:34:21.294  INFO 530588 --- [onPool-worker-9] .t.t.s.TourGuideClientRewardsServiceImpl : Service - Distance calculated: 9556.77569535284
2021-11-27 20:34:21.294  INFO 530588 --- [onPool-worker-9] .t.t.s.TourGuideClientRewardsServiceImpl : Service - Distance calculated: 8986.183663175203
2021-11-27 20:34:21.294  INFO 530588 --- [onPool-worker-9] .t.t.s.TourGuideClientRewardsServiceImpl : Service - Distance calculated: 9462.409318526115
2021-11-27 20:34:21.294  INFO 530588 --- [onPool-worker-9] .t.t.s.TourGuideClientRewardsServiceImpl : Service - Distance calculated: 9619.582248466828
2021-11-27 20:34:21.294  INFO 530588 --- [onPool-worker-9] .t.t.s.TourGuideClientRewardsServiceImpl : Service - Distance calculated: 6487.575194961692
2021-11-27 20:34:21.294  INFO 530588 --- [onPool-worker-9] .t.t.s.TourGuideClientRewardsServiceImpl : Service - Distance calculated: 9483.393019783893
2021-11-27 20:34:21.294  INFO 530588 --- [onPool-worker-9] .t.t.s.TourGuideClientRewardsServiceImpl : Service - Distance calculated: 9501.935794679834
2021-11-27 20:34:21.294  INFO 530588 --- [onPool-worker-9] .t.t.s.TourGuideClientRewardsServiceImpl : Service - Distance calculated: 9593.453282185274
2021-11-27 20:34:21.294  INFO 530588 --- [onPool-worker-9] .t.t.s.TourGuideClientRewardsServiceImpl : Service - Distance calculated: 10363.452075171048
2021-11-27 20:34:21.294  INFO 530588 --- [onPool-worker-9] .t.t.s.TourGuideClientRewardsServiceImpl : Service - Distance calculated: 9618.901039878563
2021-11-27 20:34:21.294  INFO 530588 --- [onPool-worker-9] .t.t.s.TourGuideClientRewardsServiceImpl : Service - Distance calculated: 9792.688247136526
2021-11-27 20:34:21.294  INFO 530588 --- [onPool-worker-9] .t.t.s.TourGuideClientRewardsServiceImpl : Service - Distance calculated: 9853.084552210303
2021-11-27 20:34:21.294  INFO 530588 --- [onPool-worker-9] .t.t.s.TourGuideClientRewardsServiceImpl : Service - Distance calculated: 9698.920335684805
2021-11-27 20:34:21.294  INFO 530588 --- [onPool-worker-9] .t.t.s.TourGuideClientRewardsServiceImpl : Service - Distance calculated: 9657.013276463118
2021-11-27 20:34:21.294  INFO 530588 --- [onPool-worker-9] .t.t.s.TourGuideClientRewardsServiceImpl : Service - Distance calculated: 8617.45314881805
2021-11-27 20:34:21.294  INFO 530588 --- [onPool-worker-9] .t.t.s.TourGuideClientRewardsServiceImpl : Service - Distance calculated: 10242.765487487748
2021-11-27 20:34:21.294  INFO 530588 --- [onPool-worker-9] .t.t.s.TourGuideClientRewardsServiceImpl : Service - Distance calculated: 9379.432131787393
2021-11-27 20:34:21.294  INFO 530588 --- [onPool-worker-9] .t.t.s.TourGuideClientRewardsServiceImpl : Service - Distance calculated: 9172.21611578669
2021-11-27 20:34:21.294  INFO 530588 --- [onPool-worker-9] .t.t.s.TourGuideClientRewardsServiceImpl : Service - Distance calculated: 9252.436379833372
2021-11-27 20:34:21.294  INFO 530588 --- [onPool-worker-9] .t.t.s.TourGuideClientRewardsServiceImpl : Service - Distance calculated: 9476.061455233152
2021-11-27 20:34:21.294  INFO 530588 --- [onPool-worker-9] .t.t.s.TourGuideClientRewardsServiceImpl : Service - Distance calculated: 10235.095098813756
2021-11-27 20:34:21.294  INFO 530588 --- [onPool-worker-9] .t.t.s.TourGuideClientRewardsServiceImpl : Service - Distance calculated: 6756.795978106547
2021-11-27 20:34:21.294  INFO 530588 --- [onPool-worker-9] .t.t.s.TourGuideClientRewardsServiceImpl : Service - Distance calculated: 6433.428063265783
2021-11-27 20:34:21.294  INFO 530588 --- [onPool-worker-9] .t.t.s.TourGuideClientRewardsServiceImpl : Service - Distance calculated: 6768.224320405678
2021-11-27 20:34:21.294  INFO 530588 --- [onPool-worker-9] .t.t.s.TourGuideClientRewardsServiceImpl : Service - Distance calculated: 6824.368580105148
2021-11-27 20:34:21.294  INFO 530588 --- [onPool-worker-9] .t.t.s.TourGuideClientRewardsServiceImpl : Service - Distance calculated: 7326.731694804921
2021-11-27 20:34:21.294  INFO 530588 --- [onPool-worker-9] .t.t.s.TourGuideClientRewardsServiceImpl : Service - Distance calculated: 7416.20103776685
2021-11-27 20:34:21.294  INFO 530588 --- [onPool-worker-9] .t.t.s.TourGuideClientRewardsServiceImpl : Service - Distance calculated: 7125.927488791954
2021-11-27 20:34:21.294  INFO 530588 --- [onPool-worker-9] .t.t.s.TourGuideClientRewardsServiceImpl : Service - Distance calculated: 7214.168482398366
2021-11-27 20:34:21.294  INFO 530588 --- [onPool-worker-9] .t.t.s.TourGuideClientRewardsServiceImpl : Service - Distance calculated: 7385.410795747039
2021-11-27 20:34:21.294  INFO 530588 --- [onPool-worker-9] .t.t.s.TourGuideClientRewardsServiceImpl : Service - Distance calculated: 4445.467770622404
2021-11-27 20:34:21.294  INFO 530588 --- [onPool-worker-9] .t.t.s.TourGuideClientRewardsServiceImpl : Service - Distance calculated: 7216.750244774445
2021-11-27 20:34:21.293  INFO 530588 --- [onPool-worker-6] .t.t.s.TourGuideClientRewardsServiceImpl : Service - Distance calculated: 7855.849532605603
2021-11-27 20:34:21.294  INFO 530588 --- [onPool-worker-9] .t.t.s.TourGuideClientRewardsServiceImpl : Service - Distance calculated: 7242.7736226546185
2021-11-27 20:34:21.293  INFO 530588 --- [onPool-worker-7] .t.t.s.TourGuideClientRewardsServiceImpl : Service - Distance calculated: 2940.781817128799
2021-11-27 20:34:21.294  INFO 530588 --- [onPool-worker-6] .t.t.s.TourGuideClientRewardsServiceImpl : Service - Distance calculated: 7253.274567437683
2021-11-27 20:34:21.293  INFO 530588 --- [onPool-worker-3] .t.t.s.TourGuideClientRewardsServiceImpl : Service - Distance calculated: 9451.226796010871
2021-11-27 20:34:21.294  INFO 530588 --- [onPool-worker-6] .t.t.s.TourGuideClientRewardsServiceImpl : Service - Distance calculated: 7794.200606108316
2021-11-27 20:34:21.294  INFO 530588 --- [onPool-worker-6] .t.t.s.TourGuideClientRewardsServiceImpl : Service - Distance calculated: 7875.497607548542
2021-11-27 20:34:21.294  INFO 530588 --- [onPool-worker-3] .t.t.s.TourGuideClientRewardsServiceImpl : Service - Distance calculated: 9586.853091163206
2021-11-27 20:34:21.294  INFO 530588 --- [onPool-worker-3] .t.t.s.TourGuideClientRewardsServiceImpl : Service - Distance calculated: 9564.624743828086
2021-11-27 20:34:21.294  INFO 530588 --- [onPool-worker-3] .t.t.s.TourGuideClientRewardsServiceImpl : Service - Distance calculated: 9563.65152228582
2021-11-27 20:34:21.294  INFO 530588 --- [onPool-worker-3] .t.t.s.TourGuideClientRewardsServiceImpl : Service - Distance calculated: 10668.974736059905
2021-11-27 20:34:21.294  INFO 530588 --- [onPool-worker-3] .t.t.s.TourGuideClientRewardsServiceImpl : Service - Distance calculated: 10723.30516716897
2021-11-27 20:34:21.294  INFO 530588 --- [onPool-worker-3] .t.t.s.TourGuideClientRewardsServiceImpl : Service - Distance calculated: 9910.106388813963
2021-11-27 20:34:21.294  INFO 530588 --- [onPool-worker-3] .t.t.s.TourGuideClientRewardsServiceImpl : Service - Distance calculated: 10765.983457304495
2021-11-27 20:34:21.294  INFO 530588 --- [onPool-worker-3] .t.t.s.TourGuideClientRewardsServiceImpl : Service - Distance calculated: 10903.99658630664
2021-11-27 20:34:21.294  INFO 530588 --- [onPool-worker-3] .t.t.s.TourGuideClientRewardsServiceImpl : Service - Distance calculated: 7696.90234329035
2021-11-27 20:34:21.294  INFO 530588 --- [onPool-worker-3] .t.t.s.TourGuideClientRewardsServiceImpl : Service - Distance calculated: 10800.663711283607
2021-11-27 20:34:21.294  INFO 530588 --- [onPool-worker-3] .t.t.s.TourGuideClientRewardsServiceImpl : Service - Distance calculated: 10816.766856981929
2021-11-27 20:34:21.294  INFO 530588 --- [onPool-worker-3] .t.t.s.TourGuideClientRewardsServiceImpl : Service - Distance calculated: 10912.458917092581
2021-11-27 20:34:21.294  INFO 530588 --- [onPool-worker-3] .t.t.s.TourGuideClientRewardsServiceImpl : Service - Distance calculated: 11630.772718297007
2021-11-27 20:34:21.294  INFO 530588 --- [onPool-worker-3] .t.t.s.TourGuideClientRewardsServiceImpl : Service - Distance calculated: 10648.141668918646
2021-11-27 20:34:21.294  INFO 530588 --- [onPool-worker-3] .t.t.s.TourGuideClientRewardsServiceImpl : Service - Distance calculated: 11013.45432437127
2021-11-27 20:34:21.294  INFO 530588 --- [onPool-worker-3] .t.t.s.TourGuideClientRewardsServiceImpl : Service - Distance calculated: 10981.97841804993
2021-11-27 20:34:21.294  INFO 530588 --- [onPool-worker-3] .t.t.s.TourGuideClientRewardsServiceImpl : Service - Distance calculated: 10979.234634201564
2021-11-27 20:34:21.294  INFO 530588 --- [onPool-worker-6] .t.t.s.TourGuideClientRewardsServiceImpl : Service - Distance calculated: 7736.722519913927
2021-11-27 20:34:21.294  INFO 530588 --- [onPool-worker-6] .t.t.s.TourGuideClientRewardsServiceImpl : Service - Distance calculated: 7839.040473123629
2021-11-27 20:34:21.294  INFO 530588 --- [onPool-worker-6] .t.t.s.TourGuideClientRewardsServiceImpl : Service - Distance calculated: 8062.596774583315
2021-11-27 20:34:21.294  INFO 530588 --- [onPool-worker-6] .t.t.s.TourGuideClientRewardsServiceImpl : Service - Distance calculated: 7328.526165457048
2021-11-27 20:34:21.294  INFO 530588 --- [onPool-worker-6] .t.t.s.TourGuideClientRewardsServiceImpl : Service - Distance calculated: 7540.934502668186
2021-11-27 20:34:21.294  INFO 530588 --- [onPool-worker-6] .t.t.s.TourGuideClientRewardsServiceImpl : Service - Distance calculated: 5557.3740083549565
2021-11-27 20:34:21.294  INFO 530588 --- [onPool-worker-6] .t.t.s.TourGuideClientRewardsServiceImpl : Service - Distance calculated: 7106.207636192722
2021-11-27 20:34:21.294  INFO 530588 --- [onPool-worker-6] .t.t.s.TourGuideClientRewardsServiceImpl : Service - Distance calculated: 7276.0359334149525
2021-11-27 20:34:21.294  INFO 530588 --- [onPool-worker-6] .t.t.s.TourGuideClientRewardsServiceImpl : Service - Distance calculated: 7289.263648923212
2021-11-27 20:34:21.294  INFO 530588 --- [onPool-worker-6] .t.t.s.TourGuideClientRewardsServiceImpl : Service - Distance calculated: 8121.343551100472
2021-11-27 20:34:21.294  INFO 530588 --- [onPool-worker-6] .t.t.s.TourGuideClientRewardsServiceImpl : Service - Distance calculated: 8167.980826384421
2021-11-27 20:34:21.294  INFO 530588 --- [onPool-worker-6] .t.t.s.TourGuideClientRewardsServiceImpl : Service - Distance calculated: 7856.874904740797
2021-11-27 20:34:21.294  INFO 530588 --- [onPool-worker-6] .t.t.s.TourGuideClientRewardsServiceImpl : Service - Distance calculated: 8095.76478207873
2021-11-27 20:34:21.294  INFO 530588 --- [onPool-worker-6] .t.t.s.TourGuideClientRewardsServiceImpl : Service - Distance calculated: 7615.476133246188
2021-11-27 20:34:21.294  INFO 530588 --- [onPool-worker-6] .t.t.s.TourGuideClientRewardsServiceImpl : Service - Distance calculated: 8135.646104464156
2021-11-27 20:34:21.294  INFO 530588 --- [onPool-worker-6] .t.t.s.TourGuideClientRewardsServiceImpl : Service - Distance calculated: 7938.49712588445
2021-11-27 20:34:21.294  INFO 530588 --- [onPool-worker-6] .t.t.s.TourGuideClientRewardsServiceImpl : Service - Distance calculated: 8103.565116262444
2021-11-27 20:34:21.294  INFO 530588 --- [onPool-worker-6] .t.t.s.TourGuideClientRewardsServiceImpl : Service - Distance calculated: 6941.634492697212
2021-11-27 20:34:21.294  INFO 530588 --- [onPool-worker-6] .t.t.s.TourGuideClientRewardsServiceImpl : Service - Distance calculated: 8083.60824326636
2021-11-27 20:34:21.294  INFO 530588 --- [onPool-worker-6] .t.t.s.TourGuideClientRewardsServiceImpl : Service - Distance calculated: 7547.197085274076
2021-11-27 20:34:21.294  INFO 530588 --- [onPool-worker-6] .t.t.s.TourGuideClientRewardsServiceImpl : Service - Distance calculated: 7096.58657508168
2021-11-27 20:34:21.294  INFO 530588 --- [onPool-worker-6] .t.t.s.TourGuideClientRewardsServiceImpl : Service - Distance calculated: 8057.840916731678
2021-11-27 20:34:21.294  INFO 530588 --- [onPool-worker-6] .t.t.s.TourGuideClientRewardsServiceImpl : Service - Distance calculated: 2661.493832907076
2021-11-27 20:34:21.294  INFO 530588 --- [onPool-worker-6] .t.t.s.TourGuideClientRewardsServiceImpl : Service - Distance calculated: 3154.9190246365583
2021-11-27 20:34:21.293  INFO 530588 --- [nPool-worker-14] .t.t.s.TourGuideClientRewardsServiceImpl : Service - Distance calculated: 7469.144264207018
2021-11-27 20:34:21.295  INFO 530588 --- [onPool-worker-6] .t.t.s.TourGuideClientRewardsServiceImpl : Service - Distance calculated: 2808.9592632432605
2021-11-27 20:34:21.295  INFO 530588 --- [nPool-worker-14] .t.t.s.TourGuideClientRewardsServiceImpl : Service - Distance calculated: 6813.119380949694
2021-11-27 20:34:21.295  INFO 530588 --- [onPool-worker-6] .t.t.s.TourGuideClientRewardsServiceImpl : Service - Distance calculated: 2777.1678651529087
2021-11-27 20:34:21.295  INFO 530588 --- [nPool-worker-14] .t.t.s.TourGuideClientRewardsServiceImpl : Service - Distance calculated: 6200.629121283368
2021-11-27 20:34:21.295  INFO 530588 --- [nPool-worker-14] .t.t.s.TourGuideClientRewardsServiceImpl : Service - Distance calculated: 6765.937852049725
2021-11-27 20:34:21.295  INFO 530588 --- [nPool-worker-14] .t.t.s.TourGuideClientRewardsServiceImpl : Service - Distance calculated: 6478.391179081516
2021-11-27 20:34:21.295  INFO 530588 --- [nPool-worker-14] .t.t.s.TourGuideClientRewardsServiceImpl : Service - Distance calculated: 7045.8794080662365
2021-11-27 20:34:21.295  INFO 530588 --- [nPool-worker-14] .t.t.s.TourGuideClientRewardsServiceImpl : Service - Distance calculated: 6273.508793025504
2021-11-27 20:34:21.295  INFO 530588 --- [nPool-worker-14] .t.t.s.TourGuideClientRewardsServiceImpl : Service - Distance calculated: 5647.695783232439
2021-11-27 20:34:21.295  INFO 530588 --- [nPool-worker-14] .t.t.s.TourGuideClientRewardsServiceImpl : Service - Distance calculated: 6753.569541010434
2021-11-27 20:34:21.295  INFO 530588 --- [nPool-worker-14] .t.t.s.TourGuideClientRewardsServiceImpl : Service - Distance calculated: 7857.927762432505
2021-11-27 20:34:21.295  INFO 530588 --- [nPool-worker-14] .t.t.s.TourGuideClientRewardsServiceImpl : Service - Distance calculated: 5946.707136504076
2021-11-27 20:34:21.295  INFO 530588 --- [nPool-worker-14] .t.t.s.TourGuideClientRewardsServiceImpl : Service - Distance calculated: 6762.9542626779985
2021-11-27 20:34:21.295  INFO 530588 --- [nPool-worker-14] .t.t.s.TourGuideClientRewardsServiceImpl : Service - Distance calculated: 7682.693935176667
2021-11-27 20:34:21.295  INFO 530588 --- [nPool-worker-14] .t.t.s.TourGuideClientRewardsServiceImpl : Service - Distance calculated: 6812.863839506681
2021-11-27 20:34:21.295  INFO 530588 --- [nPool-worker-14] .t.t.s.TourGuideClientRewardsServiceImpl : Service - Distance calculated: 8175.612467804909
2021-11-27 20:34:21.295  INFO 530588 --- [nPool-worker-14] .t.t.s.TourGuideClientRewardsServiceImpl : Service - Distance calculated: 7746.684576971364
2021-11-27 20:34:21.295  INFO 530588 --- [nPool-worker-14] .t.t.s.TourGuideClientRewardsServiceImpl : Service - Distance calculated: 8032.988903600111
2021-11-27 20:34:21.295  INFO 530588 --- [nPool-worker-14] .t.t.s.TourGuideClientRewardsServiceImpl : Service - Distance calculated: 8059.640346243645
2021-11-27 20:34:21.295  INFO 530588 --- [nPool-worker-14] .t.t.s.TourGuideClientRewardsServiceImpl : Service - Distance calculated: 6763.0213785768465
2021-11-27 20:34:21.295  INFO 530588 --- [nPool-worker-14] .t.t.s.TourGuideClientRewardsServiceImpl : Service - Distance calculated: 6761.916584566637
2021-11-27 20:34:21.295  INFO 530588 --- [nPool-worker-14] .t.t.s.TourGuideClientRewardsServiceImpl : Service - Distance calculated: 7739.4370734634895
2021-11-27 20:34:21.295  INFO 530588 --- [nPool-worker-14] .t.t.s.TourGuideClientRewardsServiceImpl : Service - Distance calculated: 6272.17004635032
2021-11-27 20:34:21.295  INFO 530588 --- [nPool-worker-14] .t.t.s.TourGuideClientRewardsServiceImpl : Service - Distance calculated: 6308.788877114421
2021-11-27 20:34:21.295  INFO 530588 --- [nPool-worker-14] .t.t.s.TourGuideClientRewardsServiceImpl : Service - Distance calculated: 8697.17289899898
2021-11-27 20:34:21.295  INFO 530588 --- [nPool-worker-14] .t.t.s.TourGuideClientRewardsServiceImpl : Service - Distance calculated: 5869.201995337383
2021-11-27 20:34:21.295  INFO 530588 --- [nPool-worker-14] .t.t.s.TourGuideClientRewardsServiceImpl : Service - Distance calculated: 6122.361720215654
2021-11-27 20:34:21.295  INFO 530588 --- [nPool-worker-14] .t.t.s.TourGuideClientRewardsServiceImpl : Service - Distance calculated: 5975.823409222241
2021-11-27 20:34:21.295  INFO 530588 --- [nPool-worker-14] .t.t.s.TourGuideClientRewardsServiceImpl : Service - Distance calculated: 5895.332260055453
2021-11-27 20:34:21.295  INFO 530588 --- [nPool-worker-14] .t.t.s.TourGuideClientRewardsServiceImpl : Service - Distance calculated: 6987.524595377348
2021-11-27 20:34:21.295  INFO 530588 --- [nPool-worker-14] .t.t.s.TourGuideClientRewardsServiceImpl : Service - Distance calculated: 6435.485726348934
2021-11-27 20:34:21.295  INFO 530588 --- [nPool-worker-14] .t.t.s.TourGuideClientRewardsServiceImpl : Service - Distance calculated: 6604.208237966748
2021-11-27 20:34:21.295  INFO 530588 --- [nPool-worker-14] .t.t.s.TourGuideClientRewardsServiceImpl : Service - Distance calculated: 6280.210697770637
2021-11-27 20:34:21.295  INFO 530588 --- [nPool-worker-14] .t.t.s.TourGuideClientRewardsServiceImpl : Service - Distance calculated: 6908.723152451159
2021-11-27 20:34:21.295  INFO 530588 --- [nPool-worker-14] .t.t.s.TourGuideClientRewardsServiceImpl : Service - Distance calculated: 8135.477009034181
2021-11-27 20:34:21.295  INFO 530588 --- [nPool-worker-14] .t.t.s.TourGuideClientRewardsServiceImpl : Service - Distance calculated: 6055.196978329229
2021-11-27 20:34:21.295  INFO 530588 --- [nPool-worker-14] .t.t.s.TourGuideClientRewardsServiceImpl : Service - Distance calculated: 5770.965595294978
2021-11-27 20:34:21.295  INFO 530588 --- [nPool-worker-14] .t.t.s.TourGuideClientRewardsServiceImpl : Service - Distance calculated: 7510.43932836011
2021-11-27 20:34:21.295  INFO 530588 --- [nPool-worker-14] .t.t.s.TourGuideClientRewardsServiceImpl : Service - Distance calculated: 6891.1123529458555
2021-11-27 20:34:21.295  INFO 530588 --- [nPool-worker-14] .t.t.s.TourGuideClientRewardsServiceImpl : Service - Distance calculated: 5866.298183366651
2021-11-27 20:34:21.295  INFO 530588 --- [nPool-worker-14] .t.t.s.TourGuideClientRewardsServiceImpl : Service - Distance calculated: 6010.71078875134
2021-11-27 20:34:21.295  INFO 530588 --- [nPool-worker-14] .t.t.s.TourGuideClientRewardsServiceImpl : Service - Distance calculated: 3551.8504232185173
2021-11-27 20:34:21.295  INFO 530588 --- [nPool-worker-14] .t.t.s.TourGuideClientRewardsServiceImpl : Service - Distance calculated: 4177.914423579671
2021-11-27 20:34:21.295  INFO 530588 --- [nPool-worker-14] .t.t.s.TourGuideClientRewardsServiceImpl : Service - Distance calculated: 3619.314858400074
2021-11-27 20:34:21.295  INFO 530588 --- [nPool-worker-14] .t.t.s.TourGuideClientRewardsServiceImpl : Service - Distance calculated: 3536.438067011197
2021-11-27 20:34:21.295  INFO 530588 --- [nPool-worker-14] .t.t.s.TourGuideClientRewardsServiceImpl : Service - Distance calculated: 3801.0123157831154
2021-11-27 20:34:21.295  INFO 530588 --- [nPool-worker-14] .t.t.s.TourGuideClientRewardsServiceImpl : Service - Distance calculated: 3700.1971864995226
2021-11-27 20:34:21.295  INFO 530588 --- [nPool-worker-14] .t.t.s.TourGuideClientRewardsServiceImpl : Service - Distance calculated: 3366.5372963294976
2021-11-27 20:34:21.295  INFO 530588 --- [nPool-worker-14] .t.t.s.TourGuideClientRewardsServiceImpl : Service - Distance calculated: 4278.804536177918
2021-11-27 20:34:21.295  INFO 530588 --- [nPool-worker-14] .t.t.s.TourGuideClientRewardsServiceImpl : Service - Distance calculated: 4065.5312330098077
2021-11-27 20:34:21.295  INFO 530588 --- [nPool-worker-14] .t.t.s.TourGuideClientRewardsServiceImpl : Service - Distance calculated: 5845.658754040667
2021-11-27 20:34:21.295  INFO 530588 --- [nPool-worker-14] .t.t.s.TourGuideClientRewardsServiceImpl : Service - Distance calculated: 4565.782979264093
2021-11-27 20:34:21.295  INFO 530588 --- [nPool-worker-14] .t.t.s.TourGuideClientRewardsServiceImpl : Service - Distance calculated: 4355.6126360192675
2021-11-27 20:34:21.295  INFO 530588 --- [nPool-worker-14] .t.t.s.TourGuideClientRewardsServiceImpl : Service - Distance calculated: 4369.121398676615
2021-11-27 20:34:21.295  INFO 530588 --- [nPool-worker-14] .t.t.s.TourGuideClientRewardsServiceImpl : Service - Distance calculated: 3586.7415322469446
2021-11-27 20:34:21.295  INFO 530588 --- [nPool-worker-14] .t.t.s.TourGuideClientRewardsServiceImpl : Service - Distance calculated: 3341.529832535285
2021-11-27 20:34:21.295  INFO 530588 --- [nPool-worker-14] .t.t.s.TourGuideClientRewardsServiceImpl : Service - Distance calculated: 3735.463445796855
2021-11-27 20:34:21.295  INFO 530588 --- [nPool-worker-14] .t.t.s.TourGuideClientRewardsServiceImpl : Service - Distance calculated: 3472.639232442837
2021-11-27 20:34:21.295  INFO 530588 --- [nPool-worker-14] .t.t.s.TourGuideClientRewardsServiceImpl : Service - Distance calculated: 3997.8976782155355
2021-11-27 20:34:21.295  INFO 530588 --- [nPool-worker-14] .t.t.s.TourGuideClientRewardsServiceImpl : Service - Distance calculated: 3385.0003407584913
2021-11-27 20:34:21.295  INFO 530588 --- [nPool-worker-14] .t.t.s.TourGuideClientRewardsServiceImpl : Service - Distance calculated: 3470.155233815559
2021-11-27 20:34:21.295  INFO 530588 --- [nPool-worker-14] .t.t.s.TourGuideClientRewardsServiceImpl : Service - Distance calculated: 3569.352441963612
2021-11-27 20:34:21.295  INFO 530588 --- [nPool-worker-14] .t.t.s.TourGuideClientRewardsServiceImpl : Service - Distance calculated: 4743.034133362752
2021-11-27 20:34:21.295  INFO 530588 --- [nPool-worker-14] .t.t.s.TourGuideClientRewardsServiceImpl : Service - Distance calculated: 3364.405780759135
2021-11-27 20:34:21.295  INFO 530588 --- [nPool-worker-14] .t.t.s.TourGuideClientRewardsServiceImpl : Service - Distance calculated: 3970.427376007806
2021-11-27 20:34:21.293  INFO 530588 --- [nPool-worker-15] .t.t.s.TourGuideClientRewardsServiceImpl : Service - Distance calculated: 4621.006287856804
2021-11-27 20:34:21.295  INFO 530588 --- [nPool-worker-15] .t.t.s.TourGuideClientRewardsServiceImpl : Service - Distance calculated: 4770.532616171347
2021-11-27 20:34:21.295  INFO 530588 --- [nPool-worker-15] .t.t.s.TourGuideClientRewardsServiceImpl : Service - Distance calculated: 1815.0001453793213
2021-11-27 20:34:21.295  INFO 530588 --- [nPool-worker-15] .t.t.s.TourGuideClientRewardsServiceImpl : Service - Distance calculated: 4714.182096207352
2021-11-27 20:34:21.295  INFO 530588 --- [nPool-worker-15] .t.t.s.TourGuideClientRewardsServiceImpl : Service - Distance calculated: 4676.491234521866
2021-11-27 20:34:21.295  INFO 530588 --- [nPool-worker-15] .t.t.s.TourGuideClientRewardsServiceImpl : Service - Distance calculated: 4785.269925780362
2021-11-27 20:34:21.295  INFO 530588 --- [nPool-worker-15] .t.t.s.TourGuideClientRewardsServiceImpl : Service - Distance calculated: 5514.166935154459
2021-11-27 20:34:21.295  INFO 530588 --- [nPool-worker-15] .t.t.s.TourGuideClientRewardsServiceImpl : Service - Distance calculated: 4910.913576450682
2021-11-27 20:34:21.295  INFO 530588 --- [nPool-worker-15] .t.t.s.TourGuideClientRewardsServiceImpl : Service - Distance calculated: 4953.027826980618
2021-11-27 20:34:21.293  INFO 530588 --- [nPool-worker-10] .t.t.s.TourGuideClientRewardsServiceImpl : Service - Distance calculated: 10576.614402971149
2021-11-27 20:34:21.295  INFO 530588 --- [nPool-worker-15] .t.t.s.TourGuideClientRewardsServiceImpl : Service - Distance calculated: 5053.935854725852
2021-11-27 20:34:21.293  INFO 530588 --- [onPool-worker-1] .t.t.s.TourGuideClientRewardsServiceImpl : Service - Distance calculated: 6305.049150819311
2021-11-27 20:34:21.295  INFO 530588 --- [nPool-worker-15] .t.t.s.TourGuideClientRewardsServiceImpl : Service - Distance calculated: 4849.4871508612305
2021-11-27 20:34:21.295  INFO 530588 --- [nPool-worker-10] .t.t.s.TourGuideClientRewardsServiceImpl : Service - Distance calculated: 10487.730415343654
2021-11-27 20:34:21.295  INFO 530588 --- [nPool-worker-15] .t.t.s.TourGuideClientRewardsServiceImpl : Service - Distance calculated: 4923.212309069787
2021-11-27 20:34:21.295  INFO 530588 --- [nPool-worker-10] .t.t.s.TourGuideClientRewardsServiceImpl : Service - Distance calculated: 9694.83286892561
2021-11-27 20:34:21.295  INFO 530588 --- [nPool-worker-15] .t.t.s.TourGuideClientRewardsServiceImpl : Service - Distance calculated: 4261.701999894743
2021-11-27 20:34:21.295  INFO 530588 --- [nPool-worker-10] .t.t.s.TourGuideClientRewardsServiceImpl : Service - Distance calculated: 11139.626214798447
2021-11-27 20:34:21.295  INFO 530588 --- [nPool-worker-15] .t.t.s.TourGuideClientRewardsServiceImpl : Service - Distance calculated: 5394.130470568802
2021-11-27 20:34:21.295  INFO 530588 --- [nPool-worker-10] .t.t.s.TourGuideClientRewardsServiceImpl : Service - Distance calculated: 10929.254132437043
2021-11-27 20:34:21.295  INFO 530588 --- [nPool-worker-15] .t.t.s.TourGuideClientRewardsServiceImpl : Service - Distance calculated: 4655.861079011322
2021-11-27 20:34:21.295  INFO 530588 --- [nPool-worker-10] .t.t.s.TourGuideClientRewardsServiceImpl : Service - Distance calculated: 9425.747638319426
2021-11-27 20:34:21.295  INFO 530588 --- [nPool-worker-10] .t.t.s.TourGuideClientRewardsServiceImpl : Service - Distance calculated: 11415.027739374735
2021-11-27 20:34:21.295  INFO 530588 --- [nPool-worker-12] .t.t.s.TourGuideClientRewardsServiceImpl : Service - Distance calculated: 8130.596650149284
2021-11-27 20:34:21.293  INFO 530588 --- [onPool-worker-4] .t.t.s.TourGuideClientRewardsServiceImpl : Service - Distance calculated: 7629.339587929188
2021-11-27 20:34:21.296  INFO 530588 --- [nPool-worker-12] .t.t.s.TourGuideClientRewardsServiceImpl : Service - Distance calculated: 8353.072613602717
2021-11-27 20:34:21.294  INFO 530588 --- [onPool-worker-2] .t.t.s.TourGuideClientRewardsServiceImpl : Service - Distance calculated: 4412.68917960412
2021-11-27 20:34:21.296  INFO 530588 --- [onPool-worker-4] .t.t.s.TourGuideClientRewardsServiceImpl : Service - Distance calculated: 7966.512288277274
2021-11-27 20:34:21.294  INFO 530588 --- [onPool-worker-9] .t.t.s.TourGuideClientRewardsServiceImpl : Service - Distance calculated: 7329.043087157156
2021-11-27 20:34:21.296  INFO 530588 --- [onPool-worker-4] .t.t.s.TourGuideClientRewardsServiceImpl : Service - Distance calculated: 7032.583460647365
2021-11-27 20:34:21.296  INFO 530588 --- [onPool-worker-4] .t.t.s.TourGuideClientRewardsServiceImpl : Service - Distance calculated: 5179.599134592087
2021-11-27 20:34:21.294  INFO 530588 --- [onPool-worker-7] .t.t.s.TourGuideClientRewardsServiceImpl : Service - Distance calculated: 3034.78497402381
2021-11-27 20:34:21.294  INFO 530588 --- [onPool-worker-3] .t.t.s.TourGuideClientRewardsServiceImpl : Service - Distance calculated: 10712.540689210933
2021-11-27 20:34:21.296  INFO 530588 --- [onPool-worker-7] .t.t.s.TourGuideClientRewardsServiceImpl : Service - Distance calculated: 3819.2606435693974
2021-11-27 20:34:21.296  INFO 530588 --- [onPool-worker-3] .t.t.s.TourGuideClientRewardsServiceImpl : Service - Distance calculated: 9509.260630228595
2021-11-27 20:34:21.296  INFO 530588 --- [onPool-worker-7] .t.t.s.TourGuideClientRewardsServiceImpl : Service - Distance calculated: 3444.5445458561767
2021-11-27 20:34:21.296  INFO 530588 --- [onPool-worker-3] .t.t.s.TourGuideClientRewardsServiceImpl : Service - Distance calculated: 11482.196845272507
2021-11-27 20:34:21.296  INFO 530588 --- [onPool-worker-3] .t.t.s.TourGuideClientRewardsServiceImpl : Service - Distance calculated: 10688.069838495221
2021-11-27 20:34:21.296  INFO 530588 --- [onPool-worker-3] .t.t.s.TourGuideClientRewardsServiceImpl : Service - Distance calculated: 10131.077313529613
2021-11-27 20:34:21.296  INFO 530588 --- [onPool-worker-3] .t.t.s.TourGuideClientRewardsServiceImpl : Service - Distance calculated: 10455.365751742675
2021-11-27 20:34:21.296  INFO 530588 --- [onPool-worker-3] .t.t.s.TourGuideClientRewardsServiceImpl : Service - Distance calculated: 10793.090376078628
2021-11-27 20:34:21.296  INFO 530588 --- [onPool-worker-3] .t.t.s.TourGuideClientRewardsServiceImpl : Service - Distance calculated: 11492.973938573503
2021-11-27 20:34:21.296  INFO 530588 --- [onPool-worker-3] .t.t.s.TourGuideClientRewardsServiceImpl : Service - Distance calculated: 8561.077304219503
2021-11-27 20:34:21.296  INFO 530588 --- [onPool-worker-3] .t.t.s.TourGuideClientRewardsServiceImpl : Service - Distance calculated: 8044.217350870139
2021-11-27 20:34:21.296  INFO 530588 --- [onPool-worker-3] .t.t.s.TourGuideClientRewardsServiceImpl : Service - Distance calculated: 8408.364959798388
2021-11-27 20:34:21.296  INFO 530588 --- [onPool-worker-3] .t.t.s.TourGuideClientRewardsServiceImpl : Service - Distance calculated: 8446.519518200308
2021-11-27 20:34:21.296  INFO 530588 --- [onPool-worker-3] .t.t.s.TourGuideClientRewardsServiceImpl : Service - Distance calculated: 7132.530466331778
2021-11-27 20:34:21.296  INFO 530588 --- [onPool-worker-3] .t.t.s.TourGuideClientRewardsServiceImpl : Service - Distance calculated: 7144.0000579497555
2021-11-27 20:34:21.296  INFO 530588 --- [onPool-worker-3] .t.t.s.TourGuideClientRewardsServiceImpl : Service - Distance calculated: 8148.040265569205
2021-11-27 20:34:21.296  INFO 530588 --- [onPool-worker-3] .t.t.s.TourGuideClientRewardsServiceImpl : Service - Distance calculated: 6596.426846618392
2021-11-27 20:34:21.296  INFO 530588 --- [onPool-worker-3] .t.t.s.TourGuideClientRewardsServiceImpl : Service - Distance calculated: 6659.65526256295
2021-11-27 20:34:21.296  INFO 530588 --- [onPool-worker-3] .t.t.s.TourGuideClientRewardsServiceImpl : Service - Distance calculated: 8680.344509620312
2021-11-27 20:34:21.296  INFO 530588 --- [onPool-worker-3] .t.t.s.TourGuideClientRewardsServiceImpl : Service - Distance calculated: 6171.745937512506
2021-11-27 20:34:21.296  INFO 530588 --- [onPool-worker-3] .t.t.s.TourGuideClientRewardsServiceImpl : Service - Distance calculated: 6442.409299605495
2021-11-27 20:34:21.296  INFO 530588 --- [onPool-worker-3] .t.t.s.TourGuideClientRewardsServiceImpl : Service - Distance calculated: 6300.377855495394
2021-11-27 20:34:21.296  INFO 530588 --- [onPool-worker-3] .t.t.s.TourGuideClientRewardsServiceImpl : Service - Distance calculated: 6321.879457901688
2021-11-27 20:34:21.296  INFO 530588 --- [onPool-worker-3] .t.t.s.TourGuideClientRewardsServiceImpl : Service - Distance calculated: 7407.111125991783
2021-11-27 20:34:21.296  INFO 530588 --- [onPool-worker-3] .t.t.s.TourGuideClientRewardsServiceImpl : Service - Distance calculated: 6823.249039635242
2021-11-27 20:34:21.296  INFO 530588 --- [onPool-worker-3] .t.t.s.TourGuideClientRewardsServiceImpl : Service - Distance calculated: 7017.936264487559
2021-11-27 20:34:21.296  INFO 530588 --- [onPool-worker-3] .t.t.s.TourGuideClientRewardsServiceImpl : Service - Distance calculated: 6640.840534092973
2021-11-27 20:34:21.296  INFO 530588 --- [onPool-worker-3] .t.t.s.TourGuideClientRewardsServiceImpl : Service - Distance calculated: 7324.901644626801
2021-11-27 20:34:21.296  INFO 530588 --- [onPool-worker-3] .t.t.s.TourGuideClientRewardsServiceImpl : Service - Distance calculated: 8531.906881790987
2021-11-27 20:34:21.296  INFO 530588 --- [onPool-worker-3] .t.t.s.TourGuideClientRewardsServiceImpl : Service - Distance calculated: 6476.925059651155
2021-11-27 20:34:21.296  INFO 530588 --- [onPool-worker-3] .t.t.s.TourGuideClientRewardsServiceImpl : Service - Distance calculated: 6053.323786974233
2021-11-27 20:34:21.296  INFO 530588 --- [onPool-worker-3] .t.t.s.TourGuideClientRewardsServiceImpl : Service - Distance calculated: 7920.280903475527
2021-11-27 20:34:21.296  INFO 530588 --- [onPool-worker-3] .t.t.s.TourGuideClientRewardsServiceImpl : Service - Distance calculated: 7235.35758880274
2021-11-27 20:34:21.296  INFO 530588 --- [onPool-worker-3] .t.t.s.TourGuideClientRewardsServiceImpl : Service - Distance calculated: 6167.614823768225
2021-11-27 20:34:21.296  INFO 530588 --- [onPool-worker-3] .t.t.s.TourGuideClientRewardsServiceImpl : Service - Distance calculated: 6428.092371438887
2021-11-27 20:34:21.296  INFO 530588 --- [onPool-worker-3] .t.t.s.TourGuideClientRewardsServiceImpl : Service - Distance calculated: 2391.869349955618
2021-11-27 20:34:21.296  INFO 530588 --- [onPool-worker-3] .t.t.s.TourGuideClientRewardsServiceImpl : Service - Distance calculated: 1617.4964475273048
2021-11-27 20:34:21.296  INFO 530588 --- [onPool-worker-3] .t.t.s.TourGuideClientRewardsServiceImpl : Service - Distance calculated: 2249.1606782666568
2021-11-27 20:34:21.296  INFO 530588 --- [onPool-worker-3] .t.t.s.TourGuideClientRewardsServiceImpl : Service - Distance calculated: 2337.1651309242634
2021-11-27 20:34:21.296  INFO 530588 --- [onPool-worker-3] .t.t.s.TourGuideClientRewardsServiceImpl : Service - Distance calculated: 1804.1236130362433
2021-11-27 20:34:21.295  INFO 530588 --- [onPool-worker-6] .t.t.s.TourGuideClientRewardsServiceImpl : Service - Distance calculated: 4084.635440437572
2021-11-27 20:34:21.296  INFO 530588 --- [onPool-worker-6] .t.t.s.TourGuideClientRewardsServiceImpl : Service - Distance calculated: 4079.512874436139
2021-11-27 20:34:21.296  INFO 530588 --- [onPool-worker-6] .t.t.s.TourGuideClientRewardsServiceImpl : Service - Distance calculated: 3091.368969516816
2021-11-27 20:34:21.296  INFO 530588 --- [onPool-worker-6] .t.t.s.TourGuideClientRewardsServiceImpl : Service - Distance calculated: 4606.8577683827725
2021-11-27 20:34:21.296  INFO 530588 --- [onPool-worker-6] .t.t.s.TourGuideClientRewardsServiceImpl : Service - Distance calculated: 4550.848119589903
2021-11-27 20:34:21.296  INFO 530588 --- [onPool-worker-6] .t.t.s.TourGuideClientRewardsServiceImpl : Service - Distance calculated: 2762.2385537561513
2021-11-27 20:34:21.296  INFO 530588 --- [onPool-worker-6] .t.t.s.TourGuideClientRewardsServiceImpl : Service - Distance calculated: 5028.664112716182
2021-11-27 20:34:21.296  INFO 530588 --- [onPool-worker-6] .t.t.s.TourGuideClientRewardsServiceImpl : Service - Distance calculated: 4760.26218998418
2021-11-27 20:34:21.296  INFO 530588 --- [onPool-worker-6] .t.t.s.TourGuideClientRewardsServiceImpl : Service - Distance calculated: 4903.381175296353
2021-11-27 20:34:21.296  INFO 530588 --- [onPool-worker-6] .t.t.s.TourGuideClientRewardsServiceImpl : Service - Distance calculated: 4934.151515612809
2021-11-27 20:34:21.296  INFO 530588 --- [onPool-worker-6] .t.t.s.TourGuideClientRewardsServiceImpl : Service - Distance calculated: 3842.113099673405
2021-11-27 20:34:21.296  INFO 530588 --- [onPool-worker-3] .t.t.s.TourGuideClientRewardsServiceImpl : Service - Distance calculated: 1906.4436924958911
2021-11-27 20:34:21.295  INFO 530588 --- [nPool-worker-14] .t.t.s.TourGuideClientRewardsServiceImpl : Service - Distance calculated: 4575.619558475119
2021-11-27 20:34:21.296  INFO 530588 --- [onPool-worker-3] .t.t.s.TourGuideClientRewardsServiceImpl : Service - Distance calculated: 2340.389406615472
2021-11-27 20:34:21.296  INFO 530588 --- [nPool-worker-14] .t.t.s.TourGuideClientRewardsServiceImpl : Service - Distance calculated: 3622.458625563373
2021-11-27 20:34:21.296  INFO 530588 --- [onPool-worker-3] .t.t.s.TourGuideClientRewardsServiceImpl : Service - Distance calculated: 1510.1710963678581
2021-11-27 20:34:21.296  INFO 530588 --- [nPool-worker-14] .t.t.s.TourGuideClientRewardsServiceImpl : Service - Distance calculated: 5640.850477605406
2021-11-27 20:34:21.296  INFO 530588 --- [onPool-worker-3] .t.t.s.TourGuideClientRewardsServiceImpl : Service - Distance calculated: 1699.2114782963895
2021-11-27 20:34:21.296  INFO 530588 --- [nPool-worker-14] .t.t.s.TourGuideClientRewardsServiceImpl : Service - Distance calculated: 5125.1309693715875
2021-11-27 20:34:21.296  INFO 530588 --- [onPool-worker-3] .t.t.s.TourGuideClientRewardsServiceImpl : Service - Distance calculated: 2032.87250049286
2021-11-27 20:34:21.296  INFO 530588 --- [nPool-worker-14] .t.t.s.TourGuideClientRewardsServiceImpl : Service - Distance calculated: 5485.170447107603
2021-11-27 20:34:21.296  INFO 530588 --- [onPool-worker-3] .t.t.s.TourGuideClientRewardsServiceImpl : Service - Distance calculated: 1527.755052641055
2021-11-27 20:34:21.296  INFO 530588 --- [nPool-worker-14] .t.t.s.TourGuideClientRewardsServiceImpl : Service - Distance calculated: 5527.568890680167
2021-11-27 20:34:21.296  INFO 530588 --- [onPool-worker-3] .t.t.s.TourGuideClientRewardsServiceImpl : Service - Distance calculated: 1528.3257712966654
2021-11-27 20:34:21.296  INFO 530588 --- [onPool-worker-3] .t.t.s.TourGuideClientRewardsServiceImpl : Service - Distance calculated: 1617.698676922291
2021-11-27 20:34:21.296  INFO 530588 --- [onPool-worker-3] .t.t.s.TourGuideClientRewardsServiceImpl : Service - Distance calculated: 2418.3665198665044
2021-11-27 20:34:21.296  INFO 530588 --- [onPool-worker-3] .t.t.s.TourGuideClientRewardsServiceImpl : Service - Distance calculated: 2239.1471879000514
2021-11-27 20:34:21.296  INFO 530588 --- [onPool-worker-3] .t.t.s.TourGuideClientRewardsServiceImpl : Service - Distance calculated: 1970.6942133870423
2021-11-27 20:34:21.296  INFO 530588 --- [onPool-worker-3] .t.t.s.TourGuideClientRewardsServiceImpl : Service - Distance calculated: 2176.635748587409
2021-11-27 20:34:21.296  INFO 530588 --- [onPool-worker-3] .t.t.s.TourGuideClientRewardsServiceImpl : Service - Distance calculated: 1780.664599286372
2021-11-27 20:34:21.296  INFO 530588 --- [onPool-worker-3] .t.t.s.TourGuideClientRewardsServiceImpl : Service - Distance calculated: 2202.321678280159
2021-11-27 20:34:21.296  INFO 530588 --- [onPool-worker-3] .t.t.s.TourGuideClientRewardsServiceImpl : Service - Distance calculated: 2439.5758587553305
2021-11-27 20:34:21.296  INFO 530588 --- [onPool-worker-3] .t.t.s.TourGuideClientRewardsServiceImpl : Service - Distance calculated: 2332.0000551671415
2021-11-27 20:34:21.296  INFO 530588 --- [onPool-worker-3] .t.t.s.TourGuideClientRewardsServiceImpl : Service - Distance calculated: 1468.0906550305026
2021-11-27 20:34:21.296  INFO 530588 --- [onPool-worker-3] .t.t.s.TourGuideClientRewardsServiceImpl : Service - Distance calculated: 2268.436042865715
2021-11-27 20:34:21.297  INFO 530588 --- [onPool-worker-3] .t.t.s.TourGuideClientRewardsServiceImpl : Service - Distance calculated: 1613.5468477453026
2021-11-27 20:34:21.295  INFO 530588 --- [onPool-worker-1] .t.t.s.TourGuideClientRewardsServiceImpl : Service - Distance calculated: 4960.248414388991
2021-11-27 20:34:21.297  INFO 530588 --- [onPool-worker-3] .t.t.s.TourGuideClientRewardsServiceImpl : Service - Distance calculated: 1521.8456880537037
2021-11-27 20:34:21.297  INFO 530588 --- [onPool-worker-3] .t.t.s.TourGuideClientRewardsServiceImpl : Service - Distance calculated: 2306.8476265487275
2021-11-27 20:34:21.297  INFO 530588 --- [onPool-worker-1] .t.t.s.TourGuideClientRewardsServiceImpl : Service - Distance calculated: 5165.18052275538
2021-11-27 20:34:21.297  INFO 530588 --- [onPool-worker-3] .t.t.s.TourGuideClientRewardsServiceImpl : Service - Distance calculated: 5463.179268116842
2021-11-27 20:34:21.297  INFO 530588 --- [onPool-worker-1] .t.t.s.TourGuideClientRewardsServiceImpl : Service - Distance calculated: 4895.910222053984
2021-11-27 20:34:21.295  INFO 530588 --- [nPool-worker-15] .t.t.s.TourGuideClientRewardsServiceImpl : Service - Distance calculated: 4602.617182570931
2021-11-27 20:34:21.297  INFO 530588 --- [onPool-worker-1] .t.t.s.TourGuideClientRewardsServiceImpl : Service - Distance calculated: 4612.630362657209
2021-11-27 20:34:21.297  INFO 530588 --- [onPool-worker-1] .t.t.s.TourGuideClientRewardsServiceImpl : Service - Distance calculated: 4856.322975275426
2021-11-27 20:34:21.297  INFO 530588 --- [nPool-worker-15] .t.t.s.TourGuideClientRewardsServiceImpl : Service - Distance calculated: 4433.61504600526
2021-11-27 20:34:21.297  INFO 530588 --- [onPool-worker-1] .t.t.s.TourGuideClientRewardsServiceImpl : Service - Distance calculated: 4815.785540504252
2021-11-27 20:34:21.297  INFO 530588 --- [nPool-worker-15] .t.t.s.TourGuideClientRewardsServiceImpl : Service - Distance calculated: 4708.687246970437
2021-11-27 20:34:21.297  INFO 530588 --- [onPool-worker-1] .t.t.s.TourGuideClientRewardsServiceImpl : Service - Distance calculated: 5549.714239251376
2021-11-27 20:34:21.297  INFO 530588 --- [nPool-worker-15] .t.t.s.TourGuideClientRewardsServiceImpl : Service - Distance calculated: 5385.3867623506185
2021-11-27 20:34:21.296  INFO 530588 --- [nPool-worker-10] .t.t.s.TourGuideClientRewardsServiceImpl : Service - Distance calculated: 11225.796514520669
2021-11-27 20:34:21.297  INFO 530588 --- [nPool-worker-15] .t.t.s.TourGuideClientRewardsServiceImpl : Service - Distance calculated: 6364.9978819571725
2021-11-27 20:34:21.296  INFO 530588 --- [nPool-worker-12] .t.t.s.TourGuideClientRewardsServiceImpl : Service - Distance calculated: 8104.185966833109
2021-11-27 20:34:21.297  INFO 530588 --- [nPool-worker-10] .t.t.s.TourGuideClientRewardsServiceImpl : Service - Distance calculated: 11230.5728887066
2021-11-27 20:34:21.296  INFO 530588 --- [onPool-worker-2] .t.t.s.TourGuideClientRewardsServiceImpl : Service - Distance calculated: 4380.89688861624
2021-11-27 20:34:21.297  INFO 530588 --- [nPool-worker-12] .t.t.s.TourGuideClientRewardsServiceImpl : Service - Distance calculated: 8055.23593314232
2021-11-27 20:34:21.296  INFO 530588 --- [onPool-worker-9] .t.t.s.TourGuideClientRewardsServiceImpl : Service - Distance calculated: 8123.911669524843
2021-11-27 20:34:21.297  INFO 530588 --- [nPool-worker-12] .t.t.s.TourGuideClientRewardsServiceImpl : Service - Distance calculated: 7338.590914565635
2021-11-27 20:34:21.297  INFO 530588 --- [onPool-worker-9] .t.t.s.TourGuideClientRewardsServiceImpl : Service - Distance calculated: 7582.662651138021
2021-11-27 20:34:21.296  INFO 530588 --- [onPool-worker-4] .t.t.s.TourGuideClientRewardsServiceImpl : Service - Distance calculated: 4466.39864861185
2021-11-27 20:34:21.297  INFO 530588 --- [onPool-worker-9] .t.t.s.TourGuideClientRewardsServiceImpl : Service - Distance calculated: 7599.819250984587
2021-11-27 20:34:21.296  INFO 530588 --- [onPool-worker-7] .t.t.s.TourGuideClientRewardsServiceImpl : Service - Distance calculated: 3320.1935469944983
2021-11-27 20:34:21.297  INFO 530588 --- [onPool-worker-4] .t.t.s.TourGuideClientRewardsServiceImpl : Service - Distance calculated: 5075.218187740796
2021-11-27 20:34:21.296  INFO 530588 --- [onPool-worker-6] .t.t.s.TourGuideClientRewardsServiceImpl : Service - Distance calculated: 4404.061930321765
2021-11-27 20:34:21.297  INFO 530588 --- [onPool-worker-4] .t.t.s.TourGuideClientRewardsServiceImpl : Service - Distance calculated: 5164.035402125028
2021-11-27 20:34:21.297  INFO 530588 --- [onPool-worker-6] .t.t.s.TourGuideClientRewardsServiceImpl : Service - Distance calculated: 4226.853996311101
2021-11-27 20:34:21.297  INFO 530588 --- [onPool-worker-7] .t.t.s.TourGuideClientRewardsServiceImpl : Service - Distance calculated: 3481.820206393723
2021-11-27 20:34:21.297  INFO 530588 --- [onPool-worker-6] .t.t.s.TourGuideClientRewardsServiceImpl : Service - Distance calculated: 4573.392109334228
2021-11-27 20:34:21.297  INFO 530588 --- [onPool-worker-7] .t.t.s.TourGuideClientRewardsServiceImpl : Service - Distance calculated: 3165.4179564336914
2021-11-27 20:34:21.297  INFO 530588 --- [onPool-worker-6] .t.t.s.TourGuideClientRewardsServiceImpl : Service - Distance calculated: 3921.542125068797
2021-11-27 20:34:21.297  INFO 530588 --- [onPool-worker-7] .t.t.s.TourGuideClientRewardsServiceImpl : Service - Distance calculated: 3431.1464569442564
2021-11-27 20:34:21.297  INFO 530588 --- [onPool-worker-6] .t.t.s.TourGuideClientRewardsServiceImpl : Service - Distance calculated: 2697.8290952354528
2021-11-27 20:34:21.297  INFO 530588 --- [onPool-worker-7] .t.t.s.TourGuideClientRewardsServiceImpl : Service - Distance calculated: 3198.3721726784506
2021-11-27 20:34:21.297  INFO 530588 --- [onPool-worker-6] .t.t.s.TourGuideClientRewardsServiceImpl : Service - Distance calculated: 4774.882037280335
2021-11-27 20:34:21.297  INFO 530588 --- [onPool-worker-7] .t.t.s.TourGuideClientRewardsServiceImpl : Service - Distance calculated: 3720.3553319113007
2021-11-27 20:34:21.297  INFO 530588 --- [onPool-worker-6] .t.t.s.TourGuideClientRewardsServiceImpl : Service - Distance calculated: 5145.862042683251
2021-11-27 20:34:21.297  INFO 530588 --- [onPool-worker-7] .t.t.s.TourGuideClientRewardsServiceImpl : Service - Distance calculated: 2870.58187058839
2021-11-27 20:34:21.297  INFO 530588 --- [onPool-worker-6] .t.t.s.TourGuideClientRewardsServiceImpl : Service - Distance calculated: 3320.398870784457
2021-11-27 20:34:21.297  INFO 530588 --- [onPool-worker-7] .t.t.s.TourGuideClientRewardsServiceImpl : Service - Distance calculated: 3296.1431864454808
2021-11-27 20:34:21.297  INFO 530588 --- [onPool-worker-6] .t.t.s.TourGuideClientRewardsServiceImpl : Service - Distance calculated: 3971.950185685161
2021-11-27 20:34:21.297  INFO 530588 --- [onPool-worker-7] .t.t.s.TourGuideClientRewardsServiceImpl : Service - Distance calculated: 2868.401809878409
2021-11-27 20:34:21.297  INFO 530588 --- [onPool-worker-6] .t.t.s.TourGuideClientRewardsServiceImpl : Service - Distance calculated: 5032.669814615844
2021-11-27 20:34:21.297  INFO 530588 --- [onPool-worker-7] .t.t.s.TourGuideClientRewardsServiceImpl : Service - Distance calculated: 2936.6617065512028
2021-11-27 20:34:21.296  INFO 530588 --- [nPool-worker-14] .t.t.s.TourGuideClientRewardsServiceImpl : Service - Distance calculated: 4212.9221962339225
2021-11-27 20:34:21.297  INFO 530588 --- [onPool-worker-7] .t.t.s.TourGuideClientRewardsServiceImpl : Service - Distance calculated: 3700.977353760511
2021-11-27 20:34:21.297  INFO 530588 --- [nPool-worker-14] .t.t.s.TourGuideClientRewardsServiceImpl : Service - Distance calculated: 4231.308973537676
2021-11-27 20:34:21.297  INFO 530588 --- [onPool-worker-7] .t.t.s.TourGuideClientRewardsServiceImpl : Service - Distance calculated: 6376.056857404209
2021-11-27 20:34:21.297  INFO 530588 --- [nPool-worker-14] .t.t.s.TourGuideClientRewardsServiceImpl : Service - Distance calculated: 5245.009260880723
2021-11-27 20:34:21.297  INFO 530588 --- [onPool-worker-7] .t.t.s.TourGuideClientRewardsServiceImpl : Service - Distance calculated: 5629.388513805333
2021-11-27 20:34:21.297  INFO 530588 --- [onPool-worker-3] .t.t.s.TourGuideClientRewardsServiceImpl : Service - Distance calculated: 5222.826045909624
2021-11-27 20:34:21.297  INFO 530588 --- [onPool-worker-7] .t.t.s.TourGuideClientRewardsServiceImpl : Service - Distance calculated: 6215.283965590578
2021-11-27 20:34:21.297  INFO 530588 --- [onPool-worker-1] .t.t.s.TourGuideClientRewardsServiceImpl : Service - Distance calculated: 6015.242340245631
2021-11-27 20:34:21.297  INFO 530588 --- [onPool-worker-7] .t.t.s.TourGuideClientRewardsServiceImpl : Service - Distance calculated: 6293.241251184531
2021-11-27 20:34:21.297  INFO 530588 --- [onPool-worker-3] .t.t.s.TourGuideClientRewardsServiceImpl : Service - Distance calculated: 5341.969551004676
2021-11-27 20:34:21.297  INFO 530588 --- [onPool-worker-7] .t.t.s.TourGuideClientRewardsServiceImpl : Service - Distance calculated: 5196.895293486473
2021-11-27 20:34:21.297  INFO 530588 --- [nPool-worker-15] .t.t.s.TourGuideClientRewardsServiceImpl : Service - Distance calculated: 5729.346601251349
2021-11-27 20:34:21.297  INFO 530588 --- [onPool-worker-1] .t.t.s.TourGuideClientRewardsServiceImpl : Service - Distance calculated: 5498.813219385177
2021-11-27 20:34:21.297  INFO 530588 --- [onPool-worker-7] .t.t.s.TourGuideClientRewardsServiceImpl : Service - Distance calculated: 5266.9494865221495
2021-11-27 20:34:21.297  INFO 530588 --- [nPool-worker-15] .t.t.s.TourGuideClientRewardsServiceImpl : Service - Distance calculated: 6290.162589709965
2021-11-27 20:34:21.297  INFO 530588 --- [onPool-worker-1] .t.t.s.TourGuideClientRewardsServiceImpl : Service - Distance calculated: 5781.992465328528
2021-11-27 20:34:21.297  INFO 530588 --- [nPool-worker-10] .t.t.s.TourGuideClientRewardsServiceImpl : Service - Distance calculated: 10397.433147221867
2021-11-27 20:34:21.297  INFO 530588 --- [onPool-worker-1] .t.t.s.TourGuideClientRewardsServiceImpl : Service - Distance calculated: 5221.375041568244
2021-11-27 20:34:21.297  INFO 530588 --- [onPool-worker-2] .t.t.s.TourGuideClientRewardsServiceImpl : Service - Distance calculated: 3366.958012266
2021-11-27 20:34:21.297  INFO 530588 --- [onPool-worker-1] .t.t.s.TourGuideClientRewardsServiceImpl : Service - Distance calculated: 5949.960286735927
2021-11-27 20:34:21.297  INFO 530588 --- [onPool-worker-1] .t.t.s.TourGuideClientRewardsServiceImpl : Service - Distance calculated: 6420.795809717548
2021-11-27 20:34:21.297  INFO 530588 --- [onPool-worker-2] .t.t.s.TourGuideClientRewardsServiceImpl : Service - Distance calculated: 5004.198825533333
2021-11-27 20:34:21.297  INFO 530588 --- [nPool-worker-12] .t.t.s.TourGuideClientRewardsServiceImpl : Service - Distance calculated: 7265.485378990248
2021-11-27 20:34:21.297  INFO 530588 --- [onPool-worker-9] .t.t.s.TourGuideClientRewardsServiceImpl : Service - Distance calculated: 7719.817824215094
2021-11-27 20:34:21.297  INFO 530588 --- [nPool-worker-12] .t.t.s.TourGuideClientRewardsServiceImpl : Service - Distance calculated: 7736.283498628159
2021-11-27 20:34:21.297  INFO 530588 --- [onPool-worker-4] .t.t.s.TourGuideClientRewardsServiceImpl : Service - Distance calculated: 4802.20621096728
2021-11-27 20:34:21.297  INFO 530588 --- [nPool-worker-12] .t.t.s.TourGuideClientRewardsServiceImpl : Service - Distance calculated: 7253.964927182595
2021-11-27 20:34:21.297  INFO 530588 --- [onPool-worker-6] .t.t.s.TourGuideClientRewardsServiceImpl : Service - Distance calculated: 4820.213353527831
2021-11-27 20:34:21.297  INFO 530588 --- [nPool-worker-12] .t.t.s.TourGuideClientRewardsServiceImpl : Service - Distance calculated: 7136.747060119734
2021-11-27 20:34:21.297  INFO 530588 --- [onPool-worker-4] .t.t.s.TourGuideClientRewardsServiceImpl : Service - Distance calculated: 4904.285628782087
2021-11-27 20:34:21.297  INFO 530588 --- [onPool-worker-6] .t.t.s.TourGuideClientRewardsServiceImpl : Service - Distance calculated: 11364.712193573172
2021-11-27 20:34:21.297  INFO 530588 --- [onPool-worker-4] .t.t.s.TourGuideClientRewardsServiceImpl : Service - Distance calculated: 5266.384270514182
2021-11-27 20:34:21.297  INFO 530588 --- [onPool-worker-6] .t.t.s.TourGuideClientRewardsServiceImpl : Service - Distance calculated: 10856.223531212056
2021-11-27 20:34:21.297  INFO 530588 --- [onPool-worker-6] .t.t.s.TourGuideClientRewardsServiceImpl : Service - Distance calculated: 11355.43283917133
2021-11-27 20:34:21.297  INFO 530588 --- [onPool-worker-4] .t.t.s.TourGuideClientRewardsServiceImpl : Service - Distance calculated: 4393.177250416325
2021-11-27 20:34:21.297  INFO 530588 --- [nPool-worker-14] .t.t.s.TourGuideClientRewardsServiceImpl : Service - Distance calculated: 3668.4214039184008
2021-11-27 20:34:21.297  INFO 530588 --- [onPool-worker-4] .t.t.s.TourGuideClientRewardsServiceImpl : Service - Distance calculated: 4604.413169403287
2021-11-27 20:34:21.297  INFO 530588 --- [nPool-worker-14] .t.t.s.TourGuideClientRewardsServiceImpl : Service - Distance calculated: 3734.852544260754
2021-11-27 20:34:21.297  INFO 530588 --- [onPool-worker-4] .t.t.s.TourGuideClientRewardsServiceImpl : Service - Distance calculated: 3291.081912582293
2021-11-27 20:34:21.297  INFO 530588 --- [nPool-worker-14] .t.t.s.TourGuideClientRewardsServiceImpl : Service - Distance calculated: 6192.303053508712
2021-11-27 20:34:21.297  INFO 530588 --- [onPool-worker-4] .t.t.s.TourGuideClientRewardsServiceImpl : Service - Distance calculated: 4204.38054987391
2021-11-27 20:34:21.297  INFO 530588 --- [nPool-worker-14] .t.t.s.TourGuideClientRewardsServiceImpl : Service - Distance calculated: 3246.839582378577
2021-11-27 20:34:21.297  INFO 530588 --- [onPool-worker-4] .t.t.s.TourGuideClientRewardsServiceImpl : Service - Distance calculated: 4349.5445655542035
2021-11-27 20:34:21.297  INFO 530588 --- [nPool-worker-14] .t.t.s.TourGuideClientRewardsServiceImpl : Service - Distance calculated: 3514.5983239003367
2021-11-27 20:34:21.297  INFO 530588 --- [onPool-worker-4] .t.t.s.TourGuideClientRewardsServiceImpl : Service - Distance calculated: 4375.899490037757
2021-11-27 20:34:21.297  INFO 530588 --- [onPool-worker-4] .t.t.s.TourGuideClientRewardsServiceImpl : Service - Distance calculated: 5221.351753344071
2021-11-27 20:34:21.297  INFO 530588 --- [onPool-worker-4] .t.t.s.TourGuideClientRewardsServiceImpl : Service - Distance calculated: 5248.200486216524
2021-11-27 20:34:21.297  INFO 530588 --- [onPool-worker-4] .t.t.s.TourGuideClientRewardsServiceImpl : Service - Distance calculated: 4917.134526948483
2021-11-27 20:34:21.297  INFO 530588 --- [onPool-worker-4] .t.t.s.TourGuideClientRewardsServiceImpl : Service - Distance calculated: 5155.8317766330065
2021-11-27 20:34:21.297  INFO 530588 --- [onPool-worker-4] .t.t.s.TourGuideClientRewardsServiceImpl : Service - Distance calculated: 4680.30738330927
2021-11-27 20:34:21.297  INFO 530588 --- [onPool-worker-4] .t.t.s.TourGuideClientRewardsServiceImpl : Service - Distance calculated: 5209.370115240428
2021-11-27 20:34:21.297  INFO 530588 --- [onPool-worker-4] .t.t.s.TourGuideClientRewardsServiceImpl : Service - Distance calculated: 5249.88945334851
2021-11-27 20:34:21.297  INFO 530588 --- [onPool-worker-4] .t.t.s.TourGuideClientRewardsServiceImpl : Service - Distance calculated: 5185.69481588316
2021-11-27 20:34:21.297  INFO 530588 --- [onPool-worker-4] .t.t.s.TourGuideClientRewardsServiceImpl : Service - Distance calculated: 4052.5311371474854
2021-11-27 20:34:21.297  INFO 530588 --- [onPool-worker-4] .t.t.s.TourGuideClientRewardsServiceImpl : Service - Distance calculated: 5238.254542873184
2021-11-27 20:34:21.297  INFO 530588 --- [onPool-worker-4] .t.t.s.TourGuideClientRewardsServiceImpl : Service - Distance calculated: 4621.107795988954
2021-11-27 20:34:21.297  INFO 530588 --- [onPool-worker-4] .t.t.s.TourGuideClientRewardsServiceImpl : Service - Distance calculated: 4195.090720801279
2021-11-27 20:34:21.297  INFO 530588 --- [onPool-worker-4] .t.t.s.TourGuideClientRewardsServiceImpl : Service - Distance calculated: 5144.166213372797
2021-11-27 20:34:21.297  INFO 530588 --- [onPool-worker-4] .t.t.s.TourGuideClientRewardsServiceImpl : Service - Distance calculated: 5.8950310023474215E-5
2021-11-27 20:34:21.297  INFO 530588 --- [onPool-worker-3] .t.t.s.TourGuideClientRewardsServiceImpl : Service - Distance calculated: 5349.3052775602855
2021-11-27 20:34:21.297  INFO 530588 --- [onPool-worker-7] .t.t.s.TourGuideClientRewardsServiceImpl : Service - Distance calculated: 6162.525298904745
2021-11-27 20:34:21.297  INFO 530588 --- [onPool-worker-3] .t.t.s.TourGuideClientRewardsServiceImpl : Service - Distance calculated: 4144.129561685473
2021-11-27 20:34:21.297  INFO 530588 --- [onPool-worker-7] .t.t.s.TourGuideClientRewardsServiceImpl : Service - Distance calculated: 4573.843134371179
2021-11-27 20:34:21.297  INFO 530588 --- [onPool-worker-3] .t.t.s.TourGuideClientRewardsServiceImpl : Service - Distance calculated: 4115.4765022787715
2021-11-27 20:34:21.297  INFO 530588 --- [onPool-worker-7] .t.t.s.TourGuideClientRewardsServiceImpl : Service - Distance calculated: 4746.056632383726
2021-11-27 20:34:21.297  INFO 530588 --- [nPool-worker-15] .t.t.s.TourGuideClientRewardsServiceImpl : Service - Distance calculated: 6374.30718307599
2021-11-27 20:34:21.297  INFO 530588 --- [nPool-worker-15] .t.t.s.TourGuideClientRewardsServiceImpl : Service - Distance calculated: 6214.351277048465
2021-11-27 20:34:21.297  INFO 530588 --- [nPool-worker-15] .t.t.s.TourGuideClientRewardsServiceImpl : Service - Distance calculated: 6316.663303776626
2021-11-27 20:34:21.298  INFO 530588 --- [nPool-worker-15] .t.t.s.TourGuideClientRewardsServiceImpl : Service - Distance calculated: 6540.542830908177
2021-11-27 20:34:21.298  INFO 530588 --- [nPool-worker-15] .t.t.s.TourGuideClientRewardsServiceImpl : Service - Distance calculated: 5843.008315869137
2021-11-27 20:34:21.298  INFO 530588 --- [nPool-worker-15] .t.t.s.TourGuideClientRewardsServiceImpl : Service - Distance calculated: 6052.140800561004
2021-11-27 20:34:21.298  INFO 530588 --- [nPool-worker-15] .t.t.s.TourGuideClientRewardsServiceImpl : Service - Distance calculated: 4154.033088883717
2021-11-27 20:34:21.298  INFO 530588 --- [nPool-worker-15] .t.t.s.TourGuideClientRewardsServiceImpl : Service - Distance calculated: 5667.711398132463
2021-11-27 20:34:21.298  INFO 530588 --- [nPool-worker-15] .t.t.s.TourGuideClientRewardsServiceImpl : Service - Distance calculated: 5806.325590743349
2021-11-27 20:34:21.298  INFO 530588 --- [nPool-worker-15] .t.t.s.TourGuideClientRewardsServiceImpl : Service - Distance calculated: 5837.215343622606
2021-11-27 20:34:21.298  INFO 530588 --- [ol-192-thread-1] .t.t.s.TourGuideClientRewardsServiceImpl : Service - Reward added for user: internalUser80
2021-11-27 20:34:21.297  INFO 530588 --- [nPool-worker-10] .t.t.s.TourGuideClientRewardsServiceImpl : Service - Distance calculated: 10089.451148978724
2021-11-27 20:34:21.297  INFO 530588 --- [onPool-worker-1] .t.t.s.TourGuideClientRewardsServiceImpl : Service - Distance calculated: 5584.339992819415
2021-11-27 20:34:21.298  INFO 530588 --- [nPool-worker-10] .t.t.s.TourGuideClientRewardsServiceImpl : Service - Distance calculated: 10595.309725538893
2021-11-27 20:34:21.297  INFO 530588 --- [onPool-worker-2] .t.t.s.TourGuideClientRewardsServiceImpl : Service - Distance calculated: 4900.065139004654
2021-11-27 20:34:21.298  INFO 530588 --- [nPool-worker-10] .t.t.s.TourGuideClientRewardsServiceImpl : Service - Distance calculated: 10318.027485162447
2021-11-27 20:34:21.298  INFO 530588 --- [nPool-worker-10] .t.t.s.TourGuideClientRewardsServiceImpl : Service - Distance calculated: 10865.58584166245
2021-11-27 20:34:21.298  INFO 530588 --- [onPool-worker-2] .t.t.s.TourGuideClientRewardsServiceImpl : Service - Distance calculated: 3684.068253581609
2021-11-27 20:34:21.298  INFO 530588 --- [onPool-worker-2] .t.t.s.TourGuideClientRewardsServiceImpl : Service - Distance calculated: 5448.311247489015
2021-11-27 20:34:21.298  INFO 530588 --- [onPool-worker-2] .t.t.s.TourGuideClientRewardsServiceImpl : Service - Distance calculated: 5159.440817248519
2021-11-27 20:34:21.298  INFO 530588 --- [onPool-worker-2] .t.t.s.TourGuideClientRewardsServiceImpl : Service - Distance calculated: 5289.175239748024
2021-11-27 20:34:21.297  INFO 530588 --- [onPool-worker-9] .t.t.s.TourGuideClientRewardsServiceImpl : Service - Distance calculated: 7466.509344973999
2021-11-27 20:34:21.298  INFO 530588 --- [onPool-worker-2] .t.t.s.TourGuideClientRewardsServiceImpl : Service - Distance calculated: 5112.887114086998
2021-11-27 20:34:21.298  INFO 530588 --- [onPool-worker-2] .t.t.s.TourGuideClientRewardsServiceImpl : Service - Distance calculated: 4064.535705807229
2021-11-27 20:34:21.298  INFO 530588 --- [onPool-worker-9] .t.t.s.TourGuideClientRewardsServiceImpl : Service - Distance calculated: 7595.700406448837
2021-11-27 20:34:21.298  INFO 530588 --- [onPool-worker-2] .t.t.s.TourGuideClientRewardsServiceImpl : Service - Distance calculated: 4682.697122527822
2021-11-27 20:34:21.298  INFO 530588 --- [onPool-worker-9] .t.t.s.TourGuideClientRewardsServiceImpl : Service - Distance calculated: 6843.0973651905015
2021-11-27 20:34:21.298  INFO 530588 --- [onPool-worker-2] .t.t.s.TourGuideClientRewardsServiceImpl : Service - Distance calculated: 4452.48228987752
2021-11-27 20:34:21.298  INFO 530588 --- [onPool-worker-9] .t.t.s.TourGuideClientRewardsServiceImpl : Service - Distance calculated: 8020.484544827728
2021-11-27 20:34:21.298  INFO 530588 --- [onPool-worker-2] .t.t.s.TourGuideClientRewardsServiceImpl : Service - Distance calculated: 4902.630837766536
2021-11-27 20:34:21.298  INFO 530588 --- [onPool-worker-9] .t.t.s.TourGuideClientRewardsServiceImpl : Service - Distance calculated: 7116.012864147243
2021-11-27 20:34:21.298  INFO 530588 --- [onPool-worker-2] .t.t.s.TourGuideClientRewardsServiceImpl : Service - Distance calculated: 4149.950171589946
2021-11-27 20:34:21.298  INFO 530588 --- [onPool-worker-9] .t.t.s.TourGuideClientRewardsServiceImpl : Service - Distance calculated: 7252.1548703603185
2021-11-27 20:34:21.298  INFO 530588 --- [onPool-worker-2] .t.t.s.TourGuideClientRewardsServiceImpl : Service - Distance calculated: 3022.573365484337
2021-11-27 20:34:21.298  INFO 530588 --- [onPool-worker-9] .t.t.s.TourGuideClientRewardsServiceImpl : Service - Distance calculated: 7097.332492355071
2021-11-27 20:34:21.298  INFO 530588 --- [onPool-worker-2] .t.t.s.TourGuideClientRewardsServiceImpl : Service - Distance calculated: 4968.231858007055
2021-11-27 20:34:21.298  INFO 530588 --- [onPool-worker-9] .t.t.s.TourGuideClientRewardsServiceImpl : Service - Distance calculated: 7209.457469260189
2021-11-27 20:34:21.298  INFO 530588 --- [onPool-worker-2] .t.t.s.TourGuideClientRewardsServiceImpl : Service - Distance calculated: 5594.603913333602
2021-11-27 20:34:21.298  INFO 530588 --- [onPool-worker-9] .t.t.s.TourGuideClientRewardsServiceImpl : Service - Distance calculated: 8003.785603979786
2021-11-27 20:34:21.298  INFO 530588 --- [onPool-worker-2] .t.t.s.TourGuideClientRewardsServiceImpl : Service - Distance calculated: 3583.9893898437945
2021-11-27 20:34:21.298  INFO 530588 --- [onPool-worker-9] .t.t.s.TourGuideClientRewardsServiceImpl : Service - Distance calculated: 3092.515765528729
2021-11-27 20:34:21.298  INFO 530588 --- [onPool-worker-2] .t.t.s.TourGuideClientRewardsServiceImpl : Service - Distance calculated: 4355.9590897348535
2021-11-27 20:34:21.298  INFO 530588 --- [onPool-worker-9] .t.t.s.TourGuideClientRewardsServiceImpl : Service - Distance calculated: 3611.6353973976675
2021-11-27 20:34:21.298  INFO 530588 --- [onPool-worker-2] .t.t.s.TourGuideClientRewardsServiceImpl : Service - Distance calculated: 5454.254260573664
2021-11-27 20:34:21.298  INFO 530588 --- [onPool-worker-9] .t.t.s.TourGuideClientRewardsServiceImpl : Service - Distance calculated: 3124.2883807714074
2021-11-27 20:34:21.298  INFO 530588 --- [onPool-worker-2] .t.t.s.TourGuideClientRewardsServiceImpl : Service - Distance calculated: 5022.360227010664
2021-11-27 20:34:21.298  INFO 530588 --- [onPool-worker-9] .t.t.s.TourGuideClientRewardsServiceImpl : Service - Distance calculated: 3051.211199088064
2021-11-27 20:34:21.298  INFO 530588 --- [onPool-worker-9] .t.t.s.TourGuideClientRewardsServiceImpl : Service - Distance calculated: 3077.3161323959393
2021-11-27 20:34:21.298  INFO 530588 --- [onPool-worker-2] .t.t.s.TourGuideClientRewardsServiceImpl : Service - Distance calculated: 5.8950310023474215E-5
2021-11-27 20:34:21.298  INFO 530588 --- [onPool-worker-2] .t.t.s.TourGuideClientRewardsServiceImpl : Service - Distance calculated: 774.5207212649109
2021-11-27 20:34:21.298  INFO 530588 --- [onPool-worker-2] .t.t.s.TourGuideClientRewardsServiceImpl : Service - Distance calculated: 164.91310606753288
2021-11-27 20:34:21.298  INFO 530588 --- [onPool-worker-2] .t.t.s.TourGuideClientRewardsServiceImpl : Service - Distance calculated: 115.99464245531166
2021-11-27 20:34:21.298  INFO 530588 --- [onPool-worker-2] .t.t.s.TourGuideClientRewardsServiceImpl : Service - Distance calculated: 1428.8577204882306
2021-11-27 20:34:21.298  INFO 530588 --- [onPool-worker-2] .t.t.s.TourGuideClientRewardsServiceImpl : Service - Distance calculated: 1418.571827418631
2021-11-27 20:34:21.298  INFO 530588 --- [onPool-worker-2] .t.t.s.TourGuideClientRewardsServiceImpl : Service - Distance calculated: 460.11990361699293
2021-11-27 20:34:21.298  INFO 530588 --- [onPool-worker-2] .t.t.s.TourGuideClientRewardsServiceImpl : Service - Distance calculated: 1992.7911930022951
2021-11-27 20:34:21.298  INFO 530588 --- [onPool-worker-2] .t.t.s.TourGuideClientRewardsServiceImpl : Service - Distance calculated: 1906.7972782801585
2021-11-27 20:34:21.298  INFO 530588 --- [onPool-worker-2] .t.t.s.TourGuideClientRewardsServiceImpl : Service - Distance calculated: 2360.645624935619
2021-11-27 20:34:21.298  INFO 530588 --- [onPool-worker-2] .t.t.s.TourGuideClientRewardsServiceImpl : Service - Distance calculated: 2434.494471527265
2021-11-27 20:34:21.298  INFO 530588 --- [onPool-worker-2] .t.t.s.TourGuideClientRewardsServiceImpl : Service - Distance calculated: 2148.3967563579567
2021-11-27 20:34:21.298  INFO 530588 --- [onPool-worker-2] .t.t.s.TourGuideClientRewardsServiceImpl : Service - Distance calculated: 2282.746325565392
2021-11-27 20:34:21.298  INFO 530588 --- [onPool-worker-2] .t.t.s.TourGuideClientRewardsServiceImpl : Service - Distance calculated: 2289.4339721013357
2021-11-27 20:34:21.298  INFO 530588 --- [onPool-worker-2] .t.t.s.TourGuideClientRewardsServiceImpl : Service - Distance calculated: 1204.372289719331
2021-11-27 20:34:21.298  INFO 530588 --- [onPool-worker-2] .t.t.s.TourGuideClientRewardsServiceImpl : Service - Distance calculated: 1742.5694022642394
2021-11-27 20:34:21.298  INFO 530588 --- [onPool-worker-2] .t.t.s.TourGuideClientRewardsServiceImpl : Service - Distance calculated: 1576.7472428725728
2021-11-27 20:34:21.298  INFO 530588 --- [onPool-worker-2] .t.t.s.TourGuideClientRewardsServiceImpl : Service - Distance calculated: 1921.4807999190489
2021-11-27 20:34:21.298  INFO 530588 --- [onPool-worker-2] .t.t.s.TourGuideClientRewardsServiceImpl : Service - Distance calculated: 1277.6245433336508
2021-11-27 20:34:21.298  INFO 530588 --- [onPool-worker-2] .t.t.s.TourGuideClientRewardsServiceImpl : Service - Distance calculated: 87.03441722159666
2021-11-27 20:34:21.298  INFO 530588 --- [onPool-worker-2] .t.t.s.TourGuideClientRewardsServiceImpl : Service - Distance calculated: 2127.2478407793283
2021-11-27 20:34:21.298  INFO 530588 --- [onPool-worker-2] .t.t.s.TourGuideClientRewardsServiceImpl : Service - Distance calculated: 2578.910516018122
2021-11-27 20:34:21.298  INFO 530588 --- [onPool-worker-2] .t.t.s.TourGuideClientRewardsServiceImpl : Service - Distance calculated: 680.6158831369517
2021-11-27 20:34:21.298  INFO 530588 --- [onPool-worker-2] .t.t.s.TourGuideClientRewardsServiceImpl : Service - Distance calculated: 1344.090272349311
2021-11-27 20:34:21.298  INFO 530588 --- [onPool-worker-2] .t.t.s.TourGuideClientRewardsServiceImpl : Service - Distance calculated: 2440.177336041544
2021-11-27 20:34:21.298  INFO 530588 --- [onPool-worker-2] .t.t.s.TourGuideClientRewardsServiceImpl : Service - Distance calculated: 2168.830527042806
2021-11-27 20:34:21.298  INFO 530588 --- [onPool-worker-2] .t.t.s.TourGuideClientRewardsServiceImpl : Service - Calculate rewards points for user: internalUser57
2021-11-27 20:34:21.297  INFO 530588 --- [nPool-worker-12] .t.t.s.TourGuideClientRewardsServiceImpl : Service - Distance calculated: 10335.4213629196
2021-11-27 20:34:21.297  INFO 530588 --- [onPool-worker-6] .t.t.s.TourGuideClientRewardsServiceImpl : Service - Distance calculated: 11422.716874006766
2021-11-27 20:34:21.299  INFO 530588 --- [onPool-worker-6] .t.t.s.TourGuideClientRewardsServiceImpl : Service - Distance calculated: 11021.55188607709
2021-11-27 20:34:21.299  INFO 530588 --- [onPool-worker-6] .t.t.s.TourGuideClientRewardsServiceImpl : Service - Distance calculated: 11101.51528582702
2021-11-27 20:34:21.299  INFO 530588 --- [onPool-worker-6] .t.t.s.TourGuideClientRewardsServiceImpl : Service - Distance calculated: 11664.027320828649
2021-11-27 20:34:21.299  INFO 530588 --- [onPool-worker-6] .t.t.s.TourGuideClientRewardsServiceImpl : Service - Distance calculated: 10410.257832896907
2021-11-27 20:34:21.299  INFO 530588 --- [onPool-worker-6] .t.t.s.TourGuideClientRewardsServiceImpl : Service - Distance calculated: 10589.102824191707
2021-11-27 20:34:21.299  INFO 530588 --- [onPool-worker-6] .t.t.s.TourGuideClientRewardsServiceImpl : Service - Distance calculated: 9012.539334770365
2021-11-27 20:34:21.299  INFO 530588 --- [onPool-worker-6] .t.t.s.TourGuideClientRewardsServiceImpl : Service - Distance calculated: 9993.962909717617
2021-11-27 20:34:21.299  INFO 530588 --- [onPool-worker-6] .t.t.s.TourGuideClientRewardsServiceImpl : Service - Distance calculated: 10277.920475165809
2021-11-27 20:34:21.299  INFO 530588 --- [onPool-worker-6] .t.t.s.TourGuideClientRewardsServiceImpl : Service - Distance calculated: 10192.049124410352
2021-11-27 20:34:21.299  INFO 530588 --- [onPool-worker-6] .t.t.s.TourGuideClientRewardsServiceImpl : Service - Distance calculated: 10597.948966226426
2021-11-27 20:34:21.299  INFO 530588 --- [onPool-worker-6] .t.t.s.TourGuideClientRewardsServiceImpl : Service - Distance calculated: 11500.11681900098
2021-11-27 20:34:21.299  INFO 530588 --- [onPool-worker-6] .t.t.s.TourGuideClientRewardsServiceImpl : Service - Distance calculated: 10893.563735199734
2021-11-27 20:34:21.299  INFO 530588 --- [onPool-worker-6] .t.t.s.TourGuideClientRewardsServiceImpl : Service - Distance calculated: 11172.409311776193
2021-11-27 20:34:21.299  INFO 530588 --- [onPool-worker-6] .t.t.s.TourGuideClientRewardsServiceImpl : Service - Distance calculated: 10622.042679674401
2021-11-27 20:34:21.299  INFO 530588 --- [onPool-worker-6] .t.t.s.TourGuideClientRewardsServiceImpl : Service - Distance calculated: 11422.325777407437
2021-11-27 20:34:21.299  INFO 530588 --- [onPool-worker-6] .t.t.s.TourGuideClientRewardsServiceImpl : Service - Distance calculated: 11451.469568248467
2021-11-27 20:34:21.299  INFO 530588 --- [onPool-worker-6] .t.t.s.TourGuideClientRewardsServiceImpl : Service - Distance calculated: 10728.324003658441
2021-11-27 20:34:21.299  INFO 530588 --- [onPool-worker-6] .t.t.s.TourGuideClientRewardsServiceImpl : Service - Distance calculated: 9813.573108463706
2021-11-27 20:34:21.299  INFO 530588 --- [onPool-worker-6] .t.t.s.TourGuideClientRewardsServiceImpl : Service - Distance calculated: 11667.999851502213
2021-11-27 20:34:21.299  INFO 530588 --- [onPool-worker-6] .t.t.s.TourGuideClientRewardsServiceImpl : Service - Distance calculated: 10930.958910058174
2021-11-27 20:34:21.299  INFO 530588 --- [onPool-worker-6] .t.t.s.TourGuideClientRewardsServiceImpl : Service - Distance calculated: 9985.26718951231
2021-11-27 20:34:21.299  INFO 530588 --- [onPool-worker-6] .t.t.s.TourGuideClientRewardsServiceImpl : Service - Distance calculated: 10669.908480271517
2021-11-27 20:34:21.299  INFO 530588 --- [onPool-worker-6] .t.t.s.TourGuideClientRewardsServiceImpl : Service - Distance calculated: 3778.2832194306848
2021-11-27 20:34:21.299  INFO 530588 --- [onPool-worker-6] .t.t.s.TourGuideClientRewardsServiceImpl : Service - Distance calculated: 3235.3522158884466
2021-11-27 20:34:21.299  INFO 530588 --- [onPool-worker-6] .t.t.s.TourGuideClientRewardsServiceImpl : Service - Distance calculated: 3725.8230321660208
2021-11-27 20:34:21.299  INFO 530588 --- [onPool-worker-6] .t.t.s.TourGuideClientRewardsServiceImpl : Service - Distance calculated: 3804.0001608206016
2021-11-27 20:34:21.299  INFO 530588 --- [onPool-worker-6] .t.t.s.TourGuideClientRewardsServiceImpl : Service - Distance calculated: 3998.7522004272505
2021-11-27 20:34:21.299  INFO 530588 --- [onPool-worker-6] .t.t.s.TourGuideClientRewardsServiceImpl : Service - Distance calculated: 4092.8462010551957
2021-11-27 20:34:21.299  INFO 530588 --- [onPool-worker-6] .t.t.s.TourGuideClientRewardsServiceImpl : Service - Distance calculated: 4022.843804270331
2021-11-27 20:34:21.299  INFO 530588 --- [onPool-worker-6] .t.t.s.TourGuideClientRewardsServiceImpl : Service - Distance calculated: 3870.0783896779008
2021-11-27 20:34:21.299  INFO 530588 --- [onPool-worker-6] .t.t.s.TourGuideClientRewardsServiceImpl : Service - Distance calculated: 4037.3647435804883
2021-11-27 20:34:21.299  INFO 530588 --- [onPool-worker-6] .t.t.s.TourGuideClientRewardsServiceImpl : Service - Distance calculated: 1526.348472456071
2021-11-27 20:34:21.299  INFO 530588 --- [onPool-worker-6] .t.t.s.TourGuideClientRewardsServiceImpl : Service - Distance calculated: 3916.2575364133813
2021-11-27 20:34:21.299  INFO 530588 --- [onPool-worker-6] .t.t.s.TourGuideClientRewardsServiceImpl : Service - Distance calculated: 3908.34144482488
2021-11-27 20:34:21.299  INFO 530588 --- [onPool-worker-6] .t.t.s.TourGuideClientRewardsServiceImpl : Service - Distance calculated: 4005.673719872438
2021-11-27 20:34:21.299  INFO 530588 --- [onPool-worker-6] .t.t.s.TourGuideClientRewardsServiceImpl : Service - Distance calculated: 4777.803109624667
2021-11-27 20:34:21.299  INFO 530588 --- [onPool-worker-6] .t.t.s.TourGuideClientRewardsServiceImpl : Service - Distance calculated: 4310.883469600886
2021-11-27 20:34:21.299  INFO 530588 --- [onPool-worker-6] .t.t.s.TourGuideClientRewardsServiceImpl : Service - Distance calculated: 4255.44413639701
2021-11-27 20:34:21.299  INFO 530588 --- [onPool-worker-6] .t.t.s.TourGuideClientRewardsServiceImpl : Service - Distance calculated: 4394.145769119606
2021-11-27 20:34:21.299  INFO 530588 --- [onPool-worker-6] .t.t.s.TourGuideClientRewardsServiceImpl : Service - Distance calculated: 4118.323237776894
2021-11-27 20:34:21.299  INFO 530588 --- [onPool-worker-6] .t.t.s.TourGuideClientRewardsServiceImpl : Service - Distance calculated: 4308.801806775234
2021-11-27 20:34:21.299  INFO 530588 --- [onPool-worker-6] .t.t.s.TourGuideClientRewardsServiceImpl : Service - Distance calculated: 3861.9688386859234
2021-11-27 20:34:21.299  INFO 530588 --- [onPool-worker-6] .t.t.s.TourGuideClientRewardsServiceImpl : Service - Distance calculated: 4671.996286684471
2021-11-27 20:34:21.299  INFO 530588 --- [onPool-worker-6] .t.t.s.TourGuideClientRewardsServiceImpl : Service - Distance calculated: 3842.9732025154026
2021-11-27 20:34:21.299  INFO 530588 --- [onPool-worker-6] .t.t.s.TourGuideClientRewardsServiceImpl : Service - Distance calculated: 4085.014962322099
2021-11-27 20:34:21.299  INFO 530588 --- [onPool-worker-6] .t.t.s.TourGuideClientRewardsServiceImpl : Service - Distance calculated: 3772.38639031401
2021-11-27 20:34:21.299  INFO 530588 --- [onPool-worker-6] .t.t.s.TourGuideClientRewardsServiceImpl : Service - Distance calculated: 3910.037669178
2021-11-27 20:34:21.299  INFO 530588 --- [onPool-worker-6] .t.t.s.TourGuideClientRewardsServiceImpl : Service - Distance calculated: 4655.956096523652
2021-11-27 20:34:21.299  INFO 530588 --- [onPool-worker-6] .t.t.s.TourGuideClientRewardsServiceImpl : Service - Distance calculated: 5.8950310023474215E-5
2021-11-27 20:34:21.297  INFO 530588 --- [nPool-worker-14] .t.t.s.TourGuideClientRewardsServiceImpl : Service - Distance calculated: 3372.293953630773
2021-11-27 20:34:21.297  INFO 530588 --- [onPool-worker-3] .t.t.s.TourGuideClientRewardsServiceImpl : Service - Distance calculated: 5006.598072082999
2021-11-27 20:34:21.297  INFO 530588 --- [onPool-worker-7] .t.t.s.TourGuideClientRewardsServiceImpl : Service - Distance calculated: 5576.50020293347
2021-11-27 20:34:21.300  INFO 530588 --- [nPool-worker-14] .t.t.s.TourGuideClientRewardsServiceImpl : Service - Distance calculated: 3472.6423375744544
2021-11-27 20:34:21.300  INFO 530588 --- [onPool-worker-3] .t.t.s.TourGuideClientRewardsServiceImpl : Service - Distance calculated: 3804.1365948758144
2021-11-27 20:34:21.300  INFO 530588 --- [onPool-worker-7] .t.t.s.TourGuideClientRewardsServiceImpl : Service - Distance calculated: 4150.635537557236
2021-11-27 20:34:21.300  INFO 530588 --- [nPool-worker-14] .t.t.s.TourGuideClientRewardsServiceImpl : Service - Distance calculated: 4524.939640981589
2021-11-27 20:34:21.300  INFO 530588 --- [onPool-worker-3] .t.t.s.TourGuideClientRewardsServiceImpl : Service - Distance calculated: 3765.2897598921672
2021-11-27 20:34:21.300  INFO 530588 --- [nPool-worker-14] .t.t.s.TourGuideClientRewardsServiceImpl : Service - Distance calculated: 3917.567886102937
2021-11-27 20:34:21.300  INFO 530588 --- [onPool-worker-3] .t.t.s.TourGuideClientRewardsServiceImpl : Service - Distance calculated: 6856.421758315439
2021-11-27 20:34:21.300  INFO 530588 --- [onPool-worker-3] .t.t.s.TourGuideClientRewardsServiceImpl : Service - Distance calculated: 3509.2277888117287
2021-11-27 20:34:21.298  INFO 530588 --- [nPool-worker-15] .t.t.s.TourGuideClientRewardsServiceImpl : Service - Distance calculated: 6683.870275009786
2021-11-27 20:34:21.298  INFO 530588 --- [onPool-worker-1] .t.t.s.TourGuideClientRewardsServiceImpl : Service - Distance calculated: 4429.427477729864
2021-11-27 20:34:21.298  INFO 530588 --- [nPool-worker-10] .t.t.s.TourGuideClientRewardsServiceImpl : Service - Distance calculated: 10156.612460003404
2021-11-27 20:34:21.300  INFO 530588 --- [nPool-worker-10] .t.t.s.TourGuideClientRewardsServiceImpl : Service - Distance calculated: 9466.768308733606
2021-11-27 20:34:21.300  INFO 530588 --- [nPool-worker-10] .t.t.s.TourGuideClientRewardsServiceImpl : Service - Distance calculated: 10416.860494819084
2021-11-27 20:34:21.300  INFO 530588 --- [nPool-worker-10] .t.t.s.TourGuideClientRewardsServiceImpl : Service - Distance calculated: 11572.465595825033
2021-11-27 20:34:21.300  INFO 530588 --- [nPool-worker-10] .t.t.s.TourGuideClientRewardsServiceImpl : Service - Distance calculated: 9844.361601464187
2021-11-27 20:34:21.300  INFO 530588 --- [nPool-worker-10] .t.t.s.TourGuideClientRewardsServiceImpl : Service - Distance calculated: 10666.385932383238
2021-11-27 20:34:21.300  INFO 530588 --- [nPool-worker-10] .t.t.s.TourGuideClientRewardsServiceImpl : Service - Distance calculated: 11424.584777431959
2021-11-27 20:34:21.300  INFO 530588 --- [nPool-worker-10] .t.t.s.TourGuideClientRewardsServiceImpl : Service - Distance calculated: 10463.605220975482
2021-11-27 20:34:21.300  INFO 530588 --- [nPool-worker-10] .t.t.s.TourGuideClientRewardsServiceImpl : Service - Distance calculated: 6970.543673560631
2021-11-27 20:34:21.300  INFO 530588 --- [nPool-worker-10] .t.t.s.TourGuideClientRewardsServiceImpl : Service - Distance calculated: 6198.995724719078
2021-11-27 20:34:21.300  INFO 530588 --- [nPool-worker-10] .t.t.s.TourGuideClientRewardsServiceImpl : Service - Distance calculated: 6832.577824301116
2021-11-27 20:34:21.300  INFO 530588 --- [nPool-worker-10] .t.t.s.TourGuideClientRewardsServiceImpl : Service - Distance calculated: 6921.121401154745
2021-11-27 20:34:21.300  INFO 530588 --- [nPool-worker-10] .t.t.s.TourGuideClientRewardsServiceImpl : Service - Distance calculated: 6120.430813445265
2021-11-27 20:34:21.300  INFO 530588 --- [nPool-worker-10] .t.t.s.TourGuideClientRewardsServiceImpl : Service - Distance calculated: 6209.7861793560305
2021-11-27 20:34:21.300  INFO 530588 --- [nPool-worker-10] .t.t.s.TourGuideClientRewardsServiceImpl : Service - Distance calculated: 6908.563341140057
2021-11-27 20:34:21.300  INFO 530588 --- [nPool-worker-10] .t.t.s.TourGuideClientRewardsServiceImpl : Service - Distance calculated: 5544.051630764668
2021-11-27 20:34:21.300  INFO 530588 --- [nPool-worker-10] .t.t.s.TourGuideClientRewardsServiceImpl : Service - Distance calculated: 5746.332402553158
2021-11-27 20:34:21.300  INFO 530588 --- [nPool-worker-10] .t.t.s.TourGuideClientRewardsServiceImpl : Service - Distance calculated: 5406.831114954022
2021-11-27 20:34:21.300  INFO 530588 --- [nPool-worker-10] .t.t.s.TourGuideClientRewardsServiceImpl : Service - Distance calculated: 5183.942656537982
2021-11-27 20:34:21.300  INFO 530588 --- [nPool-worker-10] .t.t.s.TourGuideClientRewardsServiceImpl : Service - Distance calculated: 5435.313730909625
2021-11-27 20:34:21.300  INFO 530588 --- [nPool-worker-10] .t.t.s.TourGuideClientRewardsServiceImpl : Service - Distance calculated: 5388.004177403427
2021-11-27 20:34:21.298  INFO 530588 --- [onPool-worker-4] .t.t.s.TourGuideClientRewardsServiceImpl : Service - Distance calculated: 774.5207212649109
2021-11-27 20:34:21.298  INFO 530588 --- [onPool-worker-9] .t.t.s.TourGuideClientRewardsServiceImpl : Service - Distance calculated: 2975.053518581301
2021-11-27 20:34:21.300  INFO 530588 --- [onPool-worker-4] .t.t.s.TourGuideClientRewardsServiceImpl : Service - Distance calculated: 164.91310606753288
2021-11-27 20:34:21.300  INFO 530588 --- [onPool-worker-4] .t.t.s.TourGuideClientRewardsServiceImpl : Service - Distance calculated: 115.99464245531166
2021-11-27 20:34:21.300  INFO 530588 --- [onPool-worker-4] .t.t.s.TourGuideClientRewardsServiceImpl : Service - Distance calculated: 1428.8577204882306
2021-11-27 20:34:21.300  INFO 530588 --- [onPool-worker-4] .t.t.s.TourGuideClientRewardsServiceImpl : Service - Distance calculated: 1418.571827418631
2021-11-27 20:34:21.299  INFO 530588 --- [nPool-worker-12] .t.t.s.TourGuideClientRewardsServiceImpl : Service - Distance calculated: 7083.11554780969
2021-11-27 20:34:21.300  INFO 530588 --- [nPool-worker-14] .t.t.s.TourGuideClientRewardsServiceImpl : Service - Distance calculated: 4135.384041100776
2021-11-27 20:34:21.300  INFO 530588 --- [onPool-worker-7] .t.t.s.TourGuideClientRewardsServiceImpl : Service - Distance calculated: 4436.382624354409
2021-11-27 20:34:21.300  INFO 530588 --- [nPool-worker-14] .t.t.s.TourGuideClientRewardsServiceImpl : Service - Distance calculated: 3719.694267762343
2021-11-27 20:34:21.300  INFO 530588 --- [onPool-worker-7] .t.t.s.TourGuideClientRewardsServiceImpl : Service - Distance calculated: 4349.082183350056
2021-11-27 20:34:21.300  INFO 530588 --- [nPool-worker-14] .t.t.s.TourGuideClientRewardsServiceImpl : Service - Distance calculated: 4440.160383721118
2021-11-27 20:34:21.300  INFO 530588 --- [onPool-worker-7] .t.t.s.TourGuideClientRewardsServiceImpl : Service - Distance calculated: 4905.757433610825
2021-11-27 20:34:21.300  INFO 530588 --- [nPool-worker-14] .t.t.s.TourGuideClientRewardsServiceImpl : Service - Distance calculated: 5617.1226998638085
2021-11-27 20:34:21.300  INFO 530588 --- [onPool-worker-7] .t.t.s.TourGuideClientRewardsServiceImpl : Service - Distance calculated: 5659.756504668794
2021-11-27 20:34:21.300  INFO 530588 --- [nPool-worker-14] .t.t.s.TourGuideClientRewardsServiceImpl : Service - Distance calculated: 3615.983748818511
2021-11-27 20:34:21.300  INFO 530588 --- [onPool-worker-7] .t.t.s.TourGuideClientRewardsServiceImpl : Service - Distance calculated: 5053.663858341684
2021-11-27 20:34:21.300  INFO 530588 --- [nPool-worker-14] .t.t.s.TourGuideClientRewardsServiceImpl : Service - Distance calculated: 3136.523541317629
2021-11-27 20:34:21.300  INFO 530588 --- [onPool-worker-7] .t.t.s.TourGuideClientRewardsServiceImpl : Service - Distance calculated: 5337.890602700454
2021-11-27 20:34:21.300  INFO 530588 --- [nPool-worker-14] .t.t.s.TourGuideClientRewardsServiceImpl : Service - Distance calculated: 5020.9363170519855
2021-11-27 20:34:21.300  INFO 530588 --- [onPool-worker-7] .t.t.s.TourGuideClientRewardsServiceImpl : Service - Distance calculated: 4779.235478238866
2021-11-27 20:34:21.300  INFO 530588 --- [nPool-worker-14] .t.t.s.TourGuideClientRewardsServiceImpl : Service - Distance calculated: 4307.969969175485
2021-11-27 20:34:21.300  INFO 530588 --- [onPool-worker-7] .t.t.s.TourGuideClientRewardsServiceImpl : Service - Distance calculated: 5579.871225427946
2021-11-27 20:34:21.300  INFO 530588 --- [nPool-worker-14] .t.t.s.TourGuideClientRewardsServiceImpl : Service - Distance calculated: 3243.0649195408396
2021-11-27 20:34:21.300  INFO 530588 --- [onPool-worker-7] .t.t.s.TourGuideClientRewardsServiceImpl : Service - Distance calculated: 6400.247105782336
2021-11-27 20:34:21.300  INFO 530588 --- [nPool-worker-14] .t.t.s.TourGuideClientRewardsServiceImpl : Service - Distance calculated: 3561.7955387084003
2021-11-27 20:34:21.300  INFO 530588 --- [onPool-worker-7] .t.t.s.TourGuideClientRewardsServiceImpl : Service - Distance calculated: 4987.936757639789
2021-11-27 20:34:21.300  INFO 530588 --- [onPool-worker-7] .t.t.s.TourGuideClientRewardsServiceImpl : Service - Distance calculated: 3970.8958069992864
2021-11-27 20:34:21.300  INFO 530588 --- [onPool-worker-7] .t.t.s.TourGuideClientRewardsServiceImpl : Service - Distance calculated: 5995.585023368606
2021-11-27 20:34:21.300  INFO 530588 --- [onPool-worker-6] .t.t.s.TourGuideClientRewardsServiceImpl : Service - Distance calculated: 774.5207212649109
2021-11-27 20:34:21.300  INFO 530588 --- [onPool-worker-7] .t.t.s.TourGuideClientRewardsServiceImpl : Service - Distance calculated: 5160.499508989695
2021-11-27 20:34:21.300  INFO 530588 --- [onPool-worker-6] .t.t.s.TourGuideClientRewardsServiceImpl : Service - Distance calculated: 164.91310606753288
2021-11-27 20:34:21.300  INFO 530588 --- [onPool-worker-6] .t.t.s.TourGuideClientRewardsServiceImpl : Service - Distance calculated: 115.99464245531166
2021-11-27 20:34:21.300  INFO 530588 --- [onPool-worker-3] .t.t.s.TourGuideClientRewardsServiceImpl : Service - Distance calculated: 3680.898509266699
2021-11-27 20:34:21.300  INFO 530588 --- [nPool-worker-15] .t.t.s.TourGuideClientRewardsServiceImpl : Service - Distance calculated: 6636.2737240218285
2021-11-27 20:34:21.300  INFO 530588 --- [onPool-worker-3] .t.t.s.TourGuideClientRewardsServiceImpl : Service - Distance calculated: 3535.9888022110845
2021-11-27 20:34:21.300  INFO 530588 --- [onPool-worker-1] .t.t.s.TourGuideClientRewardsServiceImpl : Service - Distance calculated: 6199.69876649071
2021-11-27 20:34:21.300  INFO 530588 --- [nPool-worker-15] .t.t.s.TourGuideClientRewardsServiceImpl : Service - Distance calculated: 6356.850757406677
2021-11-27 20:34:21.300  INFO 530588 --- [nPool-worker-10] .t.t.s.TourGuideClientRewardsServiceImpl : Service - Distance calculated: 6096.07606995042
2021-11-27 20:34:21.300  INFO 530588 --- [nPool-worker-15] .t.t.s.TourGuideClientRewardsServiceImpl : Service - Distance calculated: 6582.6797691983475
2021-11-27 20:34:21.300  INFO 530588 --- [onPool-worker-1] .t.t.s.TourGuideClientRewardsServiceImpl : Service - Distance calculated: 5417.401498770538
2021-11-27 20:34:21.300  INFO 530588 --- [nPool-worker-15] .t.t.s.TourGuideClientRewardsServiceImpl : Service - Distance calculated: 6129.585673281294
2021-11-27 20:34:21.300  INFO 530588 --- [onPool-worker-1] .t.t.s.TourGuideClientRewardsServiceImpl : Service - Distance calculated: 4602.878626883985
2021-11-27 20:34:21.300  INFO 530588 --- [onPool-worker-9] .t.t.s.TourGuideClientRewardsServiceImpl : Service - Distance calculated: 2816.8464588686434
2021-11-27 20:34:21.300  INFO 530588 --- [onPool-worker-1] .t.t.s.TourGuideClientRewardsServiceImpl : Service - Distance calculated: 5527.984431722171
2021-11-27 20:34:21.300  INFO 530588 --- [onPool-worker-9] .t.t.s.TourGuideClientRewardsServiceImpl : Service - Distance calculated: 3508.1463465193983
2021-11-27 20:34:21.300  INFO 530588 --- [onPool-worker-9] .t.t.s.TourGuideClientRewardsServiceImpl : Service - Distance calculated: 3294.563795138502
2021-11-27 20:34:21.300  INFO 530588 --- [onPool-worker-1] .t.t.s.TourGuideClientRewardsServiceImpl : Service - Distance calculated: 5.8950310023474215E-5
2021-11-27 20:34:21.300  INFO 530588 --- [onPool-worker-4] .t.t.s.TourGuideClientRewardsServiceImpl : Service - Distance calculated: 460.11990361699293
2021-11-27 20:34:21.300  INFO 530588 --- [nPool-worker-12] .t.t.s.TourGuideClientRewardsServiceImpl : Service - Distance calculated: 7172.1558876712315
2021-11-27 20:34:21.300  INFO 530588 --- [onPool-worker-4] .t.t.s.TourGuideClientRewardsServiceImpl : Service - Distance calculated: 1992.7911930022951
2021-11-27 20:34:21.300  INFO 530588 --- [nPool-worker-14] .t.t.s.TourGuideClientRewardsServiceImpl : Service - Distance calculated: 5.8950310023474215E-5
2021-11-27 20:34:21.301  INFO 530588 --- [onPool-worker-4] .t.t.s.TourGuideClientRewardsServiceImpl : Service - Distance calculated: 1906.7972782801585
2021-11-27 20:34:21.301  INFO 530588 --- [nPool-worker-12] .t.t.s.TourGuideClientRewardsServiceImpl : Service - Distance calculated: 7046.76226652805
2021-11-27 20:34:21.301  INFO 530588 --- [onPool-worker-4] .t.t.s.TourGuideClientRewardsServiceImpl : Service - Distance calculated: 2360.645624935619
2021-11-27 20:34:21.301  INFO 530588 --- [onPool-worker-4] .t.t.s.TourGuideClientRewardsServiceImpl : Service - Distance calculated: 2434.494471527265
2021-11-27 20:34:21.301  INFO 530588 --- [onPool-worker-4] .t.t.s.TourGuideClientRewardsServiceImpl : Service - Distance calculated: 2148.3967563579567
2021-11-27 20:34:21.301  INFO 530588 --- [onPool-worker-4] .t.t.s.TourGuideClientRewardsServiceImpl : Service - Distance calculated: 2282.746325565392
2021-11-27 20:34:21.301  INFO 530588 --- [onPool-worker-4] .t.t.s.TourGuideClientRewardsServiceImpl : Service - Distance calculated: 2289.4339721013357
2021-11-27 20:34:21.301  INFO 530588 --- [onPool-worker-4] .t.t.s.TourGuideClientRewardsServiceImpl : Service - Distance calculated: 1204.372289719331
2021-11-27 20:34:21.301  INFO 530588 --- [onPool-worker-1] .t.t.s.TourGuideClientRewardsServiceImpl : Service - Distance calculated: 774.5207212649109
2021-11-27 20:34:21.301  INFO 530588 --- [onPool-worker-1] .t.t.s.TourGuideClientRewardsServiceImpl : Service - Distance calculated: 164.91310606753288
2021-11-27 20:34:21.300  INFO 530588 --- [onPool-worker-7] .t.t.s.TourGuideClientRewardsServiceImpl : Service - Distance calculated: 4141.970823622795
2021-11-27 20:34:21.301  INFO 530588 --- [onPool-worker-1] .t.t.s.TourGuideClientRewardsServiceImpl : Service - Distance calculated: 115.99464245531166
2021-11-27 20:34:21.301  INFO 530588 --- [onPool-worker-7] .t.t.s.TourGuideClientRewardsServiceImpl : Service - Distance calculated: 4927.20696890788
2021-11-27 20:34:21.301  INFO 530588 --- [onPool-worker-7] .t.t.s.TourGuideClientRewardsServiceImpl : Service - Distance calculated: 5.8950310023474215E-5
2021-11-27 20:34:21.300  INFO 530588 --- [onPool-worker-6] .t.t.s.TourGuideClientRewardsServiceImpl : Service - Distance calculated: 1428.8577204882306
2021-11-27 20:34:21.301  INFO 530588 --- [onPool-worker-6] .t.t.s.TourGuideClientRewardsServiceImpl : Service - Distance calculated: 1418.571827418631
2021-11-27 20:34:21.301  INFO 530588 --- [onPool-worker-6] .t.t.s.TourGuideClientRewardsServiceImpl : Service - Distance calculated: 460.11990361699293
2021-11-27 20:34:21.301  INFO 530588 --- [onPool-worker-6] .t.t.s.TourGuideClientRewardsServiceImpl : Service - Distance calculated: 1992.7911930022951
2021-11-27 20:34:21.300  INFO 530588 --- [onPool-worker-3] .t.t.s.TourGuideClientRewardsServiceImpl : Service - Distance calculated: 3192.5041063495764
2021-11-27 20:34:21.301  INFO 530588 --- [onPool-worker-3] .t.t.s.TourGuideClientRewardsServiceImpl : Service - Distance calculated: 4259.642018453563
2021-11-27 20:34:21.301  INFO 530588 --- [onPool-worker-3] .t.t.s.TourGuideClientRewardsServiceImpl : Service - Distance calculated: 3793.4052263824587
2021-11-27 20:34:21.301  INFO 530588 --- [onPool-worker-3] .t.t.s.TourGuideClientRewardsServiceImpl : Service - Distance calculated: 3899.8972053674884
2021-11-27 20:34:21.301  INFO 530588 --- [onPool-worker-3] .t.t.s.TourGuideClientRewardsServiceImpl : Service - Distance calculated: 3713.4820057980855
2021-11-27 20:34:21.301  INFO 530588 --- [onPool-worker-3] .t.t.s.TourGuideClientRewardsServiceImpl : Service - Distance calculated: 4189.252578446692
2021-11-27 20:34:21.301  INFO 530588 --- [onPool-worker-3] .t.t.s.TourGuideClientRewardsServiceImpl : Service - Distance calculated: 5408.2382457691865
2021-11-27 20:34:21.301  INFO 530588 --- [onPool-worker-3] .t.t.s.TourGuideClientRewardsServiceImpl : Service - Distance calculated: 3356.098222438584
2021-11-27 20:34:21.301  INFO 530588 --- [onPool-worker-3] .t.t.s.TourGuideClientRewardsServiceImpl : Service - Distance calculated: 3489.4850726202294
2021-11-27 20:34:21.301  INFO 530588 --- [onPool-worker-3] .t.t.s.TourGuideClientRewardsServiceImpl : Service - Distance calculated: 4782.6086342826575
2021-11-27 20:34:21.301  INFO 530588 --- [onPool-worker-3] .t.t.s.TourGuideClientRewardsServiceImpl : Service - Distance calculated: 4322.3958262011
2021-11-27 20:34:21.301  INFO 530588 --- [nPool-worker-14] .t.t.s.TourGuideClientRewardsServiceImpl : Service - Distance calculated: 774.5207212649109
2021-11-27 20:34:21.301  INFO 530588 --- [nPool-worker-14] .t.t.s.TourGuideClientRewardsServiceImpl : Service - Distance calculated: 164.91310606753288
2021-11-27 20:34:21.301  INFO 530588 --- [nPool-worker-14] .t.t.s.TourGuideClientRewardsServiceImpl : Service - Distance calculated: 115.99464245531166
2021-11-27 20:34:21.301  INFO 530588 --- [nPool-worker-14] .t.t.s.TourGuideClientRewardsServiceImpl : Service - Distance calculated: 1428.8577204882306
2021-11-27 20:34:21.301  INFO 530588 --- [nPool-worker-14] .t.t.s.TourGuideClientRewardsServiceImpl : Service - Distance calculated: 1418.571827418631
2021-11-27 20:34:21.301  INFO 530588 --- [nPool-worker-14] .t.t.s.TourGuideClientRewardsServiceImpl : Service - Distance calculated: 460.11990361699293
2021-11-27 20:34:21.301  INFO 530588 --- [nPool-worker-14] .t.t.s.TourGuideClientRewardsServiceImpl : Service - Distance calculated: 1992.7911930022951
2021-11-27 20:34:21.300  INFO 530588 --- [nPool-worker-15] .t.t.s.TourGuideClientRewardsServiceImpl : Service - Distance calculated: 6606.49613756452
2021-11-27 20:34:21.300  INFO 530588 --- [onPool-worker-9] .t.t.s.TourGuideClientRewardsServiceImpl : Service - Distance calculated: 5451.57424339521
2021-11-27 20:34:21.301  INFO 530588 --- [nPool-worker-15] .t.t.s.TourGuideClientRewardsServiceImpl : Service - Distance calculated: 6444.707845436121
2021-11-27 20:34:21.301  INFO 530588 --- [onPool-worker-9] .t.t.s.TourGuideClientRewardsServiceImpl : Service - Distance calculated: 3768.7062535009086
2021-11-27 20:34:21.301  INFO 530588 --- [onPool-worker-9] .t.t.s.TourGuideClientRewardsServiceImpl : Service - Distance calculated: 3573.370208262587
2021-11-27 20:34:21.300  INFO 530588 --- [nPool-worker-10] .t.t.s.TourGuideClientRewardsServiceImpl : Service - Distance calculated: 6607.791407610556
2021-11-27 20:34:21.301  INFO 530588 --- [onPool-worker-9] .t.t.s.TourGuideClientRewardsServiceImpl : Service - Distance calculated: 3576.0491091447643
2021-11-27 20:34:21.301  INFO 530588 --- [nPool-worker-12] .t.t.s.TourGuideClientRewardsServiceImpl : Service - Distance calculated: 6410.653503148131
2021-11-27 20:34:21.301  INFO 530588 --- [nPool-worker-12] .t.t.s.TourGuideClientRewardsServiceImpl : Service - Distance calculated: 7188.517487408797
2021-11-27 20:34:21.301  INFO 530588 --- [onPool-worker-4] .t.t.s.TourGuideClientRewardsServiceImpl : Service - Distance calculated: 1742.5694022642394
2021-11-27 20:34:21.301  INFO 530588 --- [onPool-worker-1] .t.t.s.TourGuideClientRewardsServiceImpl : Service - Distance calculated: 1428.8577204882306
2021-11-27 20:34:21.301  INFO 530588 --- [onPool-worker-4] .t.t.s.TourGuideClientRewardsServiceImpl : Service - Distance calculated: 1576.7472428725728
2021-11-27 20:34:21.301  INFO 530588 --- [onPool-worker-7] .t.t.s.TourGuideClientRewardsServiceImpl : Service - Distance calculated: 774.5207212649109
2021-11-27 20:34:21.301  INFO 530588 --- [onPool-worker-4] .t.t.s.TourGuideClientRewardsServiceImpl : Service - Distance calculated: 1921.4807999190489
2021-11-27 20:34:21.301  INFO 530588 --- [onPool-worker-4] .t.t.s.TourGuideClientRewardsServiceImpl : Service - Distance calculated: 1277.6245433336508
2021-11-27 20:34:21.301  INFO 530588 --- [onPool-worker-7] .t.t.s.TourGuideClientRewardsServiceImpl : Service - Distance calculated: 164.91310606753288
2021-11-27 20:34:21.301  INFO 530588 --- [onPool-worker-4] .t.t.s.TourGuideClientRewardsServiceImpl : Service - Distance calculated: 87.03441722159666
2021-11-27 20:34:21.301  INFO 530588 --- [onPool-worker-7] .t.t.s.TourGuideClientRewardsServiceImpl : Service - Distance calculated: 115.99464245531166
2021-11-27 20:34:21.301  INFO 530588 --- [onPool-worker-4] .t.t.s.TourGuideClientRewardsServiceImpl : Service - Distance calculated: 2127.2478407793283
2021-11-27 20:34:21.301  INFO 530588 --- [onPool-worker-7] .t.t.s.TourGuideClientRewardsServiceImpl : Service - Distance calculated: 1428.8577204882306
2021-11-27 20:34:21.301  INFO 530588 --- [onPool-worker-4] .t.t.s.TourGuideClientRewardsServiceImpl : Service - Distance calculated: 2578.910516018122
2021-11-27 20:34:21.301  INFO 530588 --- [onPool-worker-7] .t.t.s.TourGuideClientRewardsServiceImpl : Service - Distance calculated: 1418.571827418631
2021-11-27 20:34:21.301  INFO 530588 --- [onPool-worker-4] .t.t.s.TourGuideClientRewardsServiceImpl : Service - Distance calculated: 680.6158831369517
2021-11-27 20:34:21.301  INFO 530588 --- [onPool-worker-7] .t.t.s.TourGuideClientRewardsServiceImpl : Service - Distance calculated: 460.11990361699293
2021-11-27 20:34:21.301  INFO 530588 --- [onPool-worker-4] .t.t.s.TourGuideClientRewardsServiceImpl : Service - Distance calculated: 1344.090272349311
2021-11-27 20:34:21.301  INFO 530588 --- [onPool-worker-7] .t.t.s.TourGuideClientRewardsServiceImpl : Service - Distance calculated: 1992.7911930022951
2021-11-27 20:34:21.301  INFO 530588 --- [onPool-worker-4] .t.t.s.TourGuideClientRewardsServiceImpl : Service - Distance calculated: 2440.177336041544
2021-11-27 20:34:21.301  INFO 530588 --- [onPool-worker-7] .t.t.s.TourGuideClientRewardsServiceImpl : Service - Distance calculated: 1906.7972782801585
2021-11-27 20:34:21.301  INFO 530588 --- [onPool-worker-4] .t.t.s.TourGuideClientRewardsServiceImpl : Service - Distance calculated: 2168.830527042806
2021-11-27 20:34:21.301  INFO 530588 --- [onPool-worker-7] .t.t.s.TourGuideClientRewardsServiceImpl : Service - Distance calculated: 2360.645624935619
2021-11-27 20:34:21.301  INFO 530588 --- [onPool-worker-6] .t.t.s.TourGuideClientRewardsServiceImpl : Service - Distance calculated: 1906.7972782801585
2021-11-27 20:34:21.301  INFO 530588 --- [onPool-worker-7] .t.t.s.TourGuideClientRewardsServiceImpl : Service - Distance calculated: 2434.494471527265
2021-11-27 20:34:21.301  INFO 530588 --- [onPool-worker-3] .t.t.s.TourGuideClientRewardsServiceImpl : Service - Distance calculated: 3510.5791417063733
2021-11-27 20:34:21.301  INFO 530588 --- [nPool-worker-14] .t.t.s.TourGuideClientRewardsServiceImpl : Service - Distance calculated: 1906.7972782801585
2021-11-27 20:34:21.301  INFO 530588 --- [onPool-worker-3] .t.t.s.TourGuideClientRewardsServiceImpl : Service - Distance calculated: 3322.9832696379062
2021-11-27 20:34:21.301  INFO 530588 --- [nPool-worker-14] .t.t.s.TourGuideClientRewardsServiceImpl : Service - Distance calculated: 2360.645624935619
2021-11-27 20:34:21.301  INFO 530588 --- [nPool-worker-14] .t.t.s.TourGuideClientRewardsServiceImpl : Service - Distance calculated: 2434.494471527265
2021-11-27 20:34:21.301  INFO 530588 --- [onPool-worker-3] .t.t.s.TourGuideClientRewardsServiceImpl : Service - Distance calculated: 5.8950310023474215E-5
2021-11-27 20:34:21.301  INFO 530588 --- [nPool-worker-14] .t.t.s.TourGuideClientRewardsServiceImpl : Service - Distance calculated: 2148.3967563579567
2021-11-27 20:34:21.301  INFO 530588 --- [nPool-worker-14] .t.t.s.TourGuideClientRewardsServiceImpl : Service - Distance calculated: 2282.746325565392
2021-11-27 20:34:21.301  INFO 530588 --- [nPool-worker-15] .t.t.s.TourGuideClientRewardsServiceImpl : Service - Distance calculated: 6644.316425897881
2021-11-27 20:34:21.302  INFO 530588 --- [nPool-worker-14] .t.t.s.TourGuideClientRewardsServiceImpl : Service - Distance calculated: 2289.4339721013357
2021-11-27 20:34:21.302  INFO 530588 --- [nPool-worker-15] .t.t.s.TourGuideClientRewardsServiceImpl : Service - Distance calculated: 5516.550060494073
2021-11-27 20:34:21.302  INFO 530588 --- [nPool-worker-14] .t.t.s.TourGuideClientRewardsServiceImpl : Service - Distance calculated: 1204.372289719331
2021-11-27 20:34:21.302  INFO 530588 --- [nPool-worker-15] .t.t.s.TourGuideClientRewardsServiceImpl : Service - Distance calculated: 6552.217841455545
2021-11-27 20:34:21.302  INFO 530588 --- [nPool-worker-14] .t.t.s.TourGuideClientRewardsServiceImpl : Service - Distance calculated: 1742.5694022642394
2021-11-27 20:34:21.302  INFO 530588 --- [nPool-worker-15] .t.t.s.TourGuideClientRewardsServiceImpl : Service - Distance calculated: 6019.181011288829
2021-11-27 20:34:21.302  INFO 530588 --- [nPool-worker-14] .t.t.s.TourGuideClientRewardsServiceImpl : Service - Distance calculated: 1576.7472428725728
2021-11-27 20:34:21.302  INFO 530588 --- [nPool-worker-15] .t.t.s.TourGuideClientRewardsServiceImpl : Service - Distance calculated: 5658.460882890858
2021-11-27 20:34:21.302  INFO 530588 --- [nPool-worker-14] .t.t.s.TourGuideClientRewardsServiceImpl : Service - Distance calculated: 1921.4807999190489
2021-11-27 20:34:21.302  INFO 530588 --- [nPool-worker-15] .t.t.s.TourGuideClientRewardsServiceImpl : Service - Distance calculated: 6604.137865836339
2021-11-27 20:34:21.302  INFO 530588 --- [nPool-worker-14] .t.t.s.TourGuideClientRewardsServiceImpl : Service - Distance calculated: 1277.6245433336508
2021-11-27 20:34:21.302  INFO 530588 --- [nPool-worker-15] .t.t.s.TourGuideClientRewardsServiceImpl : Service - Distance calculated: 3969.887788942742
2021-11-27 20:34:21.302  INFO 530588 --- [nPool-worker-14] .t.t.s.TourGuideClientRewardsServiceImpl : Service - Distance calculated: 87.03441722159666
2021-11-27 20:34:21.302  INFO 530588 --- [nPool-worker-15] .t.t.s.TourGuideClientRewardsServiceImpl : Service - Distance calculated: 3606.995716283944
2021-11-27 20:34:21.302  INFO 530588 --- [nPool-worker-14] .t.t.s.TourGuideClientRewardsServiceImpl : Service - Distance calculated: 2127.2478407793283
2021-11-27 20:34:21.302  INFO 530588 --- [nPool-worker-15] .t.t.s.TourGuideClientRewardsServiceImpl : Service - Distance calculated: 3963.276000360661
2021-11-27 20:34:21.302  INFO 530588 --- [nPool-worker-14] .t.t.s.TourGuideClientRewardsServiceImpl : Service - Distance calculated: 2578.910516018122
2021-11-27 20:34:21.302  INFO 530588 --- [nPool-worker-15] .t.t.s.TourGuideClientRewardsServiceImpl : Service - Distance calculated: 4026.1115303530605
2021-11-27 20:34:21.302  INFO 530588 --- [nPool-worker-14] .t.t.s.TourGuideClientRewardsServiceImpl : Service - Distance calculated: 680.6158831369517
2021-11-27 20:34:21.301  INFO 530588 --- [onPool-worker-9] .t.t.s.TourGuideClientRewardsServiceImpl : Service - Distance calculated: 2775.367561457574
2021-11-27 20:34:21.302  INFO 530588 --- [nPool-worker-14] .t.t.s.TourGuideClientRewardsServiceImpl : Service - Distance calculated: 1344.090272349311
2021-11-27 20:34:21.301  INFO 530588 --- [nPool-worker-10] .t.t.s.TourGuideClientRewardsServiceImpl : Service - Distance calculated: 6078.736947009614
2021-11-27 20:34:21.302  INFO 530588 --- [nPool-worker-14] .t.t.s.TourGuideClientRewardsServiceImpl : Service - Distance calculated: 2440.177336041544
2021-11-27 20:34:21.301  INFO 530588 --- [nPool-worker-12] .t.t.s.TourGuideClientRewardsServiceImpl : Service - Distance calculated: 7013.703018255265
2021-11-27 20:34:21.302  INFO 530588 --- [nPool-worker-10] .t.t.s.TourGuideClientRewardsServiceImpl : Service - Distance calculated: 6363.764788049994
2021-11-27 20:34:21.301  INFO 530588 --- [onPool-worker-1] .t.t.s.TourGuideClientRewardsServiceImpl : Service - Distance calculated: 1418.571827418631
2021-11-27 20:34:21.302  INFO 530588 --- [nPool-worker-10] .t.t.s.TourGuideClientRewardsServiceImpl : Service - Distance calculated: 5799.920032758789
2021-11-27 20:34:21.302  INFO 530588 --- [nPool-worker-12] .t.t.s.TourGuideClientRewardsServiceImpl : Service - Distance calculated: 6970.587771410729
2021-11-27 20:34:21.302  INFO 530588 --- [nPool-worker-10] .t.t.s.TourGuideClientRewardsServiceImpl : Service - Distance calculated: 6540.857103507039
2021-11-27 20:34:21.302  INFO 530588 --- [nPool-worker-12] .t.t.s.TourGuideClientRewardsServiceImpl : Service - Distance calculated: 7063.377702841488
2021-11-27 20:34:21.302  INFO 530588 --- [nPool-worker-10] .t.t.s.TourGuideClientRewardsServiceImpl : Service - Distance calculated: 7022.345776336429
2021-11-27 20:34:21.302  INFO 530588 --- [nPool-worker-12] .t.t.s.TourGuideClientRewardsServiceImpl : Service - Distance calculated: 7157.822072427164
2021-11-27 20:34:21.302  INFO 530588 --- [nPool-worker-12] .t.t.s.TourGuideClientRewardsServiceImpl : Service - Distance calculated: 8045.408243462694
2021-11-27 20:34:21.302  INFO 530588 --- [nPool-worker-12] .t.t.s.TourGuideClientRewardsServiceImpl : Service - Distance calculated: 6549.875553535698
2021-11-27 20:34:21.302  INFO 530588 --- [nPool-worker-12] .t.t.s.TourGuideClientRewardsServiceImpl : Service - Distance calculated: 7111.166412434279
2021-11-27 20:34:21.302  INFO 530588 --- [nPool-worker-12] .t.t.s.TourGuideClientRewardsServiceImpl : Service - Distance calculated: 7585.80907870451
2021-11-27 20:34:21.302  INFO 530588 --- [nPool-worker-12] .t.t.s.TourGuideClientRewardsServiceImpl : Service - Distance calculated: 7564.367688736124
2021-11-27 20:34:21.302  INFO 530588 --- [nPool-worker-10] .t.t.s.TourGuideClientRewardsServiceImpl : Service - Distance calculated: 6140.603142299384
2021-11-27 20:34:21.302  INFO 530588 --- [nPool-worker-10] .t.t.s.TourGuideClientRewardsServiceImpl : Service - Distance calculated: 4999.726204446605
2021-11-27 20:34:21.302  INFO 530588 --- [nPool-worker-10] .t.t.s.TourGuideClientRewardsServiceImpl : Service - Distance calculated: 6801.918588317918
2021-11-27 20:34:21.302  INFO 530588 --- [nPool-worker-10] .t.t.s.TourGuideClientRewardsServiceImpl : Service - Distance calculated: 6015.086718054848
2021-11-27 20:34:21.302  INFO 530588 --- [nPool-worker-10] .t.t.s.TourGuideClientRewardsServiceImpl : Service - Distance calculated: 5174.2726746874205
2021-11-27 20:34:21.301  INFO 530588 --- [onPool-worker-4] .t.t.s.TourGuideClientRewardsServiceImpl : Service - Calculate rewards points for user: internalUser54
2021-11-27 20:34:21.302  INFO 530588 --- [nPool-worker-10] .t.t.s.TourGuideClientRewardsServiceImpl : Service - Distance calculated: 6082.967699723191
2021-11-27 20:34:21.301  INFO 530588 --- [onPool-worker-6] .t.t.s.TourGuideClientRewardsServiceImpl : Service - Distance calculated: 2360.645624935619
2021-11-27 20:34:21.301  INFO 530588 --- [onPool-worker-7] .t.t.s.TourGuideClientRewardsServiceImpl : Service - Distance calculated: 2148.3967563579567
2021-11-27 20:34:21.302  INFO 530588 --- [onPool-worker-6] .t.t.s.TourGuideClientRewardsServiceImpl : Service - Distance calculated: 2434.494471527265
2021-11-27 20:34:21.302  INFO 530588 --- [onPool-worker-7] .t.t.s.TourGuideClientRewardsServiceImpl : Service - Distance calculated: 2282.746325565392
2021-11-27 20:34:21.302  INFO 530588 --- [onPool-worker-7] .t.t.s.TourGuideClientRewardsServiceImpl : Service - Distance calculated: 2289.4339721013357
2021-11-27 20:34:21.302  INFO 530588 --- [onPool-worker-7] .t.t.s.TourGuideClientRewardsServiceImpl : Service - Distance calculated: 1204.372289719331
2021-11-27 20:34:21.302  INFO 530588 --- [onPool-worker-7] .t.t.s.TourGuideClientRewardsServiceImpl : Service - Distance calculated: 1742.5694022642394
2021-11-27 20:34:21.302  INFO 530588 --- [onPool-worker-7] .t.t.s.TourGuideClientRewardsServiceImpl : Service - Distance calculated: 1576.7472428725728
2021-11-27 20:34:21.302  INFO 530588 --- [onPool-worker-7] .t.t.s.TourGuideClientRewardsServiceImpl : Service - Distance calculated: 1921.4807999190489
2021-11-27 20:34:21.302  INFO 530588 --- [onPool-worker-7] .t.t.s.TourGuideClientRewardsServiceImpl : Service - Distance calculated: 1277.6245433336508
2021-11-27 20:34:21.302  INFO 530588 --- [onPool-worker-7] .t.t.s.TourGuideClientRewardsServiceImpl : Service - Distance calculated: 87.03441722159666
2021-11-27 20:34:21.302  INFO 530588 --- [onPool-worker-7] .t.t.s.TourGuideClientRewardsServiceImpl : Service - Distance calculated: 2127.2478407793283
2021-11-27 20:34:21.302  INFO 530588 --- [onPool-worker-7] .t.t.s.TourGuideClientRewardsServiceImpl : Service - Distance calculated: 2578.910516018122
2021-11-27 20:34:21.302  INFO 530588 --- [onPool-worker-3] .t.t.s.TourGuideClientRewardsServiceImpl : Service - Distance calculated: 774.5207212649109
2021-11-27 20:34:21.302  INFO 530588 --- [onPool-worker-7] .t.t.s.TourGuideClientRewardsServiceImpl : Service - Distance calculated: 680.6158831369517
2021-11-27 20:34:21.302  INFO 530588 --- [nPool-worker-15] .t.t.s.TourGuideClientRewardsServiceImpl : Service - Distance calculated: 4542.612789661363
2021-11-27 20:34:21.302  INFO 530588 --- [onPool-worker-3] .t.t.s.TourGuideClientRewardsServiceImpl : Service - Distance calculated: 164.91310606753288
2021-11-27 20:34:21.302  INFO 530588 --- [nPool-worker-15] .t.t.s.TourGuideClientRewardsServiceImpl : Service - Distance calculated: 4625.390247399206
2021-11-27 20:34:21.302  INFO 530588 --- [onPool-worker-3] .t.t.s.TourGuideClientRewardsServiceImpl : Service - Distance calculated: 115.99464245531166
2021-11-27 20:34:21.302  INFO 530588 --- [nPool-worker-15] .t.t.s.TourGuideClientRewardsServiceImpl : Service - Distance calculated: 4310.905526301512
2021-11-27 20:34:21.302  INFO 530588 --- [onPool-worker-9] .t.t.s.TourGuideClientRewardsServiceImpl : Service - Distance calculated: 2646.5988779781255
2021-11-27 20:34:21.302  INFO 530588 --- [nPool-worker-15] .t.t.s.TourGuideClientRewardsServiceImpl : Service - Distance calculated: 4544.659261633403
2021-11-27 20:34:21.302  INFO 530588 --- [onPool-worker-9] .t.t.s.TourGuideClientRewardsServiceImpl : Service - Distance calculated: 2971.337750179748
2021-11-27 20:34:21.302  INFO 530588 --- [nPool-worker-15] .t.t.s.TourGuideClientRewardsServiceImpl : Service - Distance calculated: 4682.696579665119
2021-11-27 20:34:21.302  INFO 530588 --- [onPool-worker-9] .t.t.s.TourGuideClientRewardsServiceImpl : Service - Distance calculated: 2723.5347617452817
2021-11-27 20:34:21.302  INFO 530588 --- [nPool-worker-15] .t.t.s.TourGuideClientRewardsServiceImpl : Service - Distance calculated: 1622.640525903757
2021-11-27 20:34:21.302  INFO 530588 --- [onPool-worker-9] .t.t.s.TourGuideClientRewardsServiceImpl : Service - Distance calculated: 3223.0380453460025
2021-11-27 20:34:21.302  INFO 530588 --- [nPool-worker-15] .t.t.s.TourGuideClientRewardsServiceImpl : Service - Distance calculated: 4670.026758728203
2021-11-27 20:34:21.302  INFO 530588 --- [onPool-worker-9] .t.t.s.TourGuideClientRewardsServiceImpl : Service - Distance calculated: 2677.7264042029565
2021-11-27 20:34:21.302  INFO 530588 --- [nPool-worker-14] .t.t.s.TourGuideClientRewardsServiceImpl : Service - Distance calculated: 2168.830527042806
2021-11-27 20:34:21.302  INFO 530588 --- [onPool-worker-9] .t.t.s.TourGuideClientRewardsServiceImpl : Service - Distance calculated: 3006.0789226596594
2021-11-27 20:34:21.302  INFO 530588 --- [onPool-worker-1] .t.t.s.TourGuideClientRewardsServiceImpl : Service - Distance calculated: 460.11990361699293
2021-11-27 20:34:21.302  INFO 530588 --- [onPool-worker-9] .t.t.s.TourGuideClientRewardsServiceImpl : Service - Distance calculated: 2767.731331262521
2021-11-27 20:34:21.302  INFO 530588 --- [onPool-worker-9] .t.t.s.TourGuideClientRewardsServiceImpl : Service - Distance calculated: 3942.592066630614
2021-11-27 20:34:21.302  INFO 530588 --- [onPool-worker-1] .t.t.s.TourGuideClientRewardsServiceImpl : Service - Distance calculated: 1992.7911930022951
2021-11-27 20:34:21.302  INFO 530588 --- [onPool-worker-9] .t.t.s.TourGuideClientRewardsServiceImpl : Service - Distance calculated: 2766.160887059688
2021-11-27 20:34:21.302  INFO 530588 --- [onPool-worker-1] .t.t.s.TourGuideClientRewardsServiceImpl : Service - Distance calculated: 1906.7972782801585
2021-11-27 20:34:21.302  INFO 530588 --- [onPool-worker-1] .t.t.s.TourGuideClientRewardsServiceImpl : Service - Distance calculated: 2360.645624935619
2021-11-27 20:34:21.302  INFO 530588 --- [onPool-worker-1] .t.t.s.TourGuideClientRewardsServiceImpl : Service - Distance calculated: 2434.494471527265
2021-11-27 20:34:21.302  INFO 530588 --- [onPool-worker-1] .t.t.s.TourGuideClientRewardsServiceImpl : Service - Distance calculated: 2148.3967563579567
2021-11-27 20:34:21.302  INFO 530588 --- [onPool-worker-1] .t.t.s.TourGuideClientRewardsServiceImpl : Service - Distance calculated: 2282.746325565392
2021-11-27 20:34:21.302  INFO 530588 --- [onPool-worker-1] .t.t.s.TourGuideClientRewardsServiceImpl : Service - Distance calculated: 2289.4339721013357
2021-11-27 20:34:21.302  INFO 530588 --- [onPool-worker-1] .t.t.s.TourGuideClientRewardsServiceImpl : Service - Distance calculated: 1204.372289719331
2021-11-27 20:34:21.302  INFO 530588 --- [onPool-worker-1] .t.t.s.TourGuideClientRewardsServiceImpl : Service - Distance calculated: 1742.5694022642394
2021-11-27 20:34:21.302  INFO 530588 --- [nPool-worker-10] .t.t.s.TourGuideClientRewardsServiceImpl : Service - Distance calculated: 4178.636082318847
2021-11-27 20:34:21.302  INFO 530588 --- [nPool-worker-12] .t.t.s.TourGuideClientRewardsServiceImpl : Service - Distance calculated: 7087.129394655688
2021-11-27 20:34:21.302  INFO 530588 --- [nPool-worker-10] .t.t.s.TourGuideClientRewardsServiceImpl : Service - Distance calculated: 4943.363568270028
2021-11-27 20:34:21.302  INFO 530588 --- [onPool-worker-6] .t.t.s.TourGuideClientRewardsServiceImpl : Service - Distance calculated: 2148.3967563579567
2021-11-27 20:34:21.302  INFO 530588 --- [nPool-worker-10] .t.t.s.TourGuideClientRewardsServiceImpl : Service - Distance calculated: 4335.037901137545
2021-11-27 20:34:21.302  INFO 530588 --- [nPool-worker-12] .t.t.s.TourGuideClientRewardsServiceImpl : Service - Distance calculated: 6546.776814941817
2021-11-27 20:34:21.302  INFO 530588 --- [onPool-worker-6] .t.t.s.TourGuideClientRewardsServiceImpl : Service - Distance calculated: 2282.746325565392
2021-11-27 20:34:21.302  INFO 530588 --- [onPool-worker-7] .t.t.s.TourGuideClientRewardsServiceImpl : Service - Distance calculated: 1344.090272349311
2021-11-27 20:34:21.302  INFO 530588 --- [nPool-worker-12] .t.t.s.TourGuideClientRewardsServiceImpl : Service - Distance calculated: 10751.461977437755
2021-11-27 20:34:21.302  INFO 530588 --- [onPool-worker-7] .t.t.s.TourGuideClientRewardsServiceImpl : Service - Distance calculated: 2440.177336041544
2021-11-27 20:34:21.302  INFO 530588 --- [onPool-worker-3] .t.t.s.TourGuideClientRewardsServiceImpl : Service - Distance calculated: 1428.8577204882306
2021-11-27 20:34:21.303  INFO 530588 --- [nPool-worker-12] .t.t.s.TourGuideClientRewardsServiceImpl : Service - Distance calculated: 10344.836772931665
2021-11-27 20:34:21.303  INFO 530588 --- [onPool-worker-7] .t.t.s.TourGuideClientRewardsServiceImpl : Service - Distance calculated: 2168.830527042806
2021-11-27 20:34:21.303  INFO 530588 --- [nPool-worker-12] .t.t.s.TourGuideClientRewardsServiceImpl : Service - Distance calculated: 10622.269848019898
2021-11-27 20:34:21.303  INFO 530588 --- [nPool-worker-12] .t.t.s.TourGuideClientRewardsServiceImpl : Service - Distance calculated: 10636.649598700787
2021-11-27 20:34:21.303  INFO 530588 --- [nPool-worker-12] .t.t.s.TourGuideClientRewardsServiceImpl : Service - Distance calculated: 9366.574233719997
2021-11-27 20:34:21.303  INFO 530588 --- [nPool-worker-12] .t.t.s.TourGuideClientRewardsServiceImpl : Service - Distance calculated: 9359.428823893424
2021-11-27 20:34:21.303  INFO 530588 --- [nPool-worker-12] .t.t.s.TourGuideClientRewardsServiceImpl : Service - Distance calculated: 10296.39115146945
2021-11-27 20:34:21.303  INFO 530588 --- [nPool-worker-12] .t.t.s.TourGuideClientRewardsServiceImpl : Service - Distance calculated: 8877.814775995823
2021-11-27 20:34:21.303  INFO 530588 --- [nPool-worker-12] .t.t.s.TourGuideClientRewardsServiceImpl : Service - Distance calculated: 8917.294453683513
2021-11-27 20:34:21.303  INFO 530588 --- [nPool-worker-12] .t.t.s.TourGuideClientRewardsServiceImpl : Service - Distance calculated: 10459.627737643194
2021-11-27 20:34:21.303  INFO 530588 --- [nPool-worker-12] .t.t.s.TourGuideClientRewardsServiceImpl : Service - Distance calculated: 8465.58317928043
2021-11-27 20:34:21.303  INFO 530588 --- [nPool-worker-12] .t.t.s.TourGuideClientRewardsServiceImpl : Service - Distance calculated: 8726.513782091319
2021-11-27 20:34:21.303  INFO 530588 --- [nPool-worker-12] .t.t.s.TourGuideClientRewardsServiceImpl : Service - Distance calculated: 8581.053296944674
2021-11-27 20:34:21.303  INFO 530588 --- [nPool-worker-12] .t.t.s.TourGuideClientRewardsServiceImpl : Service - Distance calculated: 8464.565733009647
2021-11-27 20:34:21.303  INFO 530588 --- [nPool-worker-12] .t.t.s.TourGuideClientRewardsServiceImpl : Service - Distance calculated: 9547.113029795739
2021-11-27 20:34:21.303  INFO 530588 --- [nPool-worker-12] .t.t.s.TourGuideClientRewardsServiceImpl : Service - Distance calculated: 9031.864792926732
2021-11-27 20:34:21.303  INFO 530588 --- [nPool-worker-12] .t.t.s.TourGuideClientRewardsServiceImpl : Service - Distance calculated: 9177.370722795908
2021-11-27 20:34:21.302  INFO 530588 --- [nPool-worker-15] .t.t.s.TourGuideClientRewardsServiceImpl : Service - Distance calculated: 4610.731700326451
2021-11-27 20:34:21.303  INFO 530588 --- [nPool-worker-12] .t.t.s.TourGuideClientRewardsServiceImpl : Service - Distance calculated: 8887.579458339795
2021-11-27 20:34:21.303  INFO 530588 --- [nPool-worker-12] .t.t.s.TourGuideClientRewardsServiceImpl : Service - Distance calculated: 9474.152819230741
2021-11-27 20:34:21.303  INFO 530588 --- [nPool-worker-12] .t.t.s.TourGuideClientRewardsServiceImpl : Service - Distance calculated: 10698.07159006884
2021-11-27 20:34:21.303  INFO 530588 --- [nPool-worker-12] .t.t.s.TourGuideClientRewardsServiceImpl : Service - Distance calculated: 8627.443874161832
2021-11-27 20:34:21.303  INFO 530588 --- [nPool-worker-12] .t.t.s.TourGuideClientRewardsServiceImpl : Service - Distance calculated: 8355.02977123985
2021-11-27 20:34:21.303  INFO 530588 --- [nPool-worker-12] .t.t.s.TourGuideClientRewardsServiceImpl : Service - Distance calculated: 10071.591124629502
2021-11-27 20:34:21.303  INFO 530588 --- [nPool-worker-12] .t.t.s.TourGuideClientRewardsServiceImpl : Service - Distance calculated: 9499.69843316199
2021-11-27 20:34:21.303  INFO 530588 --- [nPool-worker-12] .t.t.s.TourGuideClientRewardsServiceImpl : Service - Distance calculated: 8462.046754753925
2021-11-27 20:34:21.303  INFO 530588 --- [nPool-worker-12] .t.t.s.TourGuideClientRewardsServiceImpl : Service - Distance calculated: 8587.917348921772
2021-11-27 20:34:21.303  INFO 530588 --- [nPool-worker-12] .t.t.s.TourGuideClientRewardsServiceImpl : Service - Distance calculated: 4775.761615042806
2021-11-27 20:34:21.302  INFO 530588 --- [nPool-worker-14] .t.t.s.TourGuideClientRewardsServiceImpl : Service - Calculate rewards points for user: internalUser53
2021-11-27 20:34:21.303  INFO 530588 --- [nPool-worker-12] .t.t.s.TourGuideClientRewardsServiceImpl : Service - Distance calculated: 4130.228437268488
2021-11-27 20:34:21.303  INFO 530588 --- [nPool-worker-12] .t.t.s.TourGuideClientRewardsServiceImpl : Service - Distance calculated: 4695.37305511623
2021-11-27 20:34:21.303  INFO 530588 --- [nPool-worker-12] .t.t.s.TourGuideClientRewardsServiceImpl : Service - Distance calculated: 4780.476226350385
2021-11-27 20:34:21.302  INFO 530588 --- [onPool-worker-9] .t.t.s.TourGuideClientRewardsServiceImpl : Service - Distance calculated: 3266.0551445085325
2021-11-27 20:34:21.302  INFO 530588 --- [onPool-worker-1] .t.t.s.TourGuideClientRewardsServiceImpl : Service - Distance calculated: 1576.7472428725728
2021-11-27 20:34:21.303  INFO 530588 --- [onPool-worker-9] .t.t.s.TourGuideClientRewardsServiceImpl : Service - Distance calculated: 3778.5085789957925
2021-11-27 20:34:21.302  INFO 530588 --- [nPool-worker-10] .t.t.s.TourGuideClientRewardsServiceImpl : Service - Distance calculated: 4253.309778209135
2021-11-27 20:34:21.302  INFO 530588 --- [onPool-worker-6] .t.t.s.TourGuideClientRewardsServiceImpl : Service - Distance calculated: 2289.4339721013357
2021-11-27 20:34:21.303  INFO 530588 --- [onPool-worker-7] .t.t.s.TourGuideClientRewardsServiceImpl : Service - Calculate rewards points for user: internalUser66
2021-11-27 20:34:21.303  INFO 530588 --- [onPool-worker-6] .t.t.s.TourGuideClientRewardsServiceImpl : Service - Distance calculated: 1204.372289719331
2021-11-27 20:34:21.303  INFO 530588 --- [nPool-worker-10] .t.t.s.TourGuideClientRewardsServiceImpl : Service - Distance calculated: 5319.435101327397
2021-11-27 20:34:21.303  INFO 530588 --- [onPool-worker-6] .t.t.s.TourGuideClientRewardsServiceImpl : Service - Distance calculated: 1742.5694022642394
2021-11-27 20:34:21.303  INFO 530588 --- [onPool-worker-6] .t.t.s.TourGuideClientRewardsServiceImpl : Service - Distance calculated: 1576.7472428725728
2021-11-27 20:34:21.303  INFO 530588 --- [nPool-worker-10] .t.t.s.TourGuideClientRewardsServiceImpl : Service - Distance calculated: 5250.260602322832
2021-11-27 20:34:21.303  INFO 530588 --- [nPool-worker-10] .t.t.s.TourGuideClientRewardsServiceImpl : Service - Distance calculated: 4361.608726019077
2021-11-27 20:34:21.303  INFO 530588 --- [nPool-worker-10] .t.t.s.TourGuideClientRewardsServiceImpl : Service - Distance calculated: 5943.033652015978
2021-11-27 20:34:21.303  INFO 530588 --- [nPool-worker-10] .t.t.s.TourGuideClientRewardsServiceImpl : Service - Distance calculated: 5773.64348398793
2021-11-27 20:34:21.303  INFO 530588 --- [nPool-worker-10] .t.t.s.TourGuideClientRewardsServiceImpl : Service - Distance calculated: 5449.53217849525
2021-11-27 20:34:21.303  INFO 530588 --- [nPool-worker-10] .t.t.s.TourGuideClientRewardsServiceImpl : Service - Distance calculated: 6369.388137210617
2021-11-27 20:34:21.303  INFO 530588 --- [nPool-worker-10] .t.t.s.TourGuideClientRewardsServiceImpl : Service - Distance calculated: 6081.822974895423
2021-11-27 20:34:21.303  INFO 530588 --- [nPool-worker-10] .t.t.s.TourGuideClientRewardsServiceImpl : Service - Distance calculated: 6172.82500156695
2021-11-27 20:34:21.303  INFO 530588 --- [onPool-worker-3] .t.t.s.TourGuideClientRewardsServiceImpl : Service - Distance calculated: 1418.571827418631
2021-11-27 20:34:21.303  INFO 530588 --- [onPool-worker-3] .t.t.s.TourGuideClientRewardsServiceImpl : Service - Distance calculated: 460.11990361699293
2021-11-27 20:34:21.303  INFO 530588 --- [onPool-worker-3] .t.t.s.TourGuideClientRewardsServiceImpl : Service - Distance calculated: 1992.7911930022951
2021-11-27 20:34:21.303  INFO 530588 --- [nPool-worker-15] .t.t.s.TourGuideClientRewardsServiceImpl : Service - Distance calculated: 4726.692163875396
2021-11-27 20:34:21.303  INFO 530588 --- [onPool-worker-3] .t.t.s.TourGuideClientRewardsServiceImpl : Service - Distance calculated: 1906.7972782801585
2021-11-27 20:34:21.303  INFO 530588 --- [onPool-worker-3] .t.t.s.TourGuideClientRewardsServiceImpl : Service - Distance calculated: 2360.645624935619
2021-11-27 20:34:21.303  INFO 530588 --- [onPool-worker-3] .t.t.s.TourGuideClientRewardsServiceImpl : Service - Distance calculated: 2434.494471527265
2021-11-27 20:34:21.303  INFO 530588 --- [onPool-worker-3] .t.t.s.TourGuideClientRewardsServiceImpl : Service - Distance calculated: 2148.3967563579567
2021-11-27 20:34:21.303  INFO 530588 --- [onPool-worker-3] .t.t.s.TourGuideClientRewardsServiceImpl : Service - Distance calculated: 2282.746325565392
2021-11-27 20:34:21.303  INFO 530588 --- [onPool-worker-3] .t.t.s.TourGuideClientRewardsServiceImpl : Service - Distance calculated: 2289.4339721013357
2021-11-27 20:34:21.303  INFO 530588 --- [onPool-worker-3] .t.t.s.TourGuideClientRewardsServiceImpl : Service - Distance calculated: 1204.372289719331
2021-11-27 20:34:21.303  INFO 530588 --- [onPool-worker-3] .t.t.s.TourGuideClientRewardsServiceImpl : Service - Distance calculated: 1742.5694022642394
2021-11-27 20:34:21.303  INFO 530588 --- [onPool-worker-3] .t.t.s.TourGuideClientRewardsServiceImpl : Service - Distance calculated: 1576.7472428725728
2021-11-27 20:34:21.303  INFO 530588 --- [onPool-worker-3] .t.t.s.TourGuideClientRewardsServiceImpl : Service - Distance calculated: 1921.4807999190489
2021-11-27 20:34:21.303  INFO 530588 --- [onPool-worker-3] .t.t.s.TourGuideClientRewardsServiceImpl : Service - Distance calculated: 1277.6245433336508
2021-11-27 20:34:21.303  INFO 530588 --- [onPool-worker-3] .t.t.s.TourGuideClientRewardsServiceImpl : Service - Distance calculated: 87.03441722159666
2021-11-27 20:34:21.303  INFO 530588 --- [onPool-worker-3] .t.t.s.TourGuideClientRewardsServiceImpl : Service - Distance calculated: 2127.2478407793283
2021-11-27 20:34:21.303  INFO 530588 --- [onPool-worker-3] .t.t.s.TourGuideClientRewardsServiceImpl : Service - Distance calculated: 2578.910516018122
2021-11-27 20:34:21.303  INFO 530588 --- [onPool-worker-3] .t.t.s.TourGuideClientRewardsServiceImpl : Service - Distance calculated: 680.6158831369517
2021-11-27 20:34:21.303  INFO 530588 --- [onPool-worker-3] .t.t.s.TourGuideClientRewardsServiceImpl : Service - Distance calculated: 1344.090272349311
2021-11-27 20:34:21.303  INFO 530588 --- [onPool-worker-3] .t.t.s.TourGuideClientRewardsServiceImpl : Service - Distance calculated: 2440.177336041544
2021-11-27 20:34:21.303  INFO 530588 --- [onPool-worker-3] .t.t.s.TourGuideClientRewardsServiceImpl : Service - Distance calculated: 2168.830527042806
2021-11-27 20:34:21.303  INFO 530588 --- [onPool-worker-3] .t.t.s.TourGuideClientRewardsServiceImpl : Service - Calculate rewards points for user: internalUser69
2021-11-27 20:34:21.303  INFO 530588 --- [nPool-worker-12] .t.t.s.TourGuideClientRewardsServiceImpl : Service - Distance calculated: 4667.763782016183
2021-11-27 20:34:21.303  INFO 530588 --- [onPool-worker-9] .t.t.s.TourGuideClientRewardsServiceImpl : Service - Distance calculated: 2818.753923075428
2021-11-27 20:34:21.304  INFO 530588 --- [onPool-worker-9] .t.t.s.TourGuideClientRewardsServiceImpl : Service - Distance calculated: 11761.198399090184
2021-11-27 20:34:21.304  INFO 530588 --- [onPool-worker-9] .t.t.s.TourGuideClientRewardsServiceImpl : Service - Distance calculated: 12119.910811944988
2021-11-27 20:34:21.304  INFO 530588 --- [onPool-worker-9] .t.t.s.TourGuideClientRewardsServiceImpl : Service - Distance calculated: 11849.20079317573
2021-11-27 20:34:21.304  INFO 530588 --- [onPool-worker-9] .t.t.s.TourGuideClientRewardsServiceImpl : Service - Distance calculated: 11764.999876312295
2021-11-27 20:34:21.304  INFO 530588 --- [onPool-worker-9] .t.t.s.TourGuideClientRewardsServiceImpl : Service - Distance calculated: 11048.651130476374
2021-11-27 20:34:21.304  INFO 530588 --- [onPool-worker-9] .t.t.s.TourGuideClientRewardsServiceImpl : Service - Distance calculated: 11010.10327826817
2021-11-27 20:34:21.304  INFO 530588 --- [onPool-worker-9] .t.t.s.TourGuideClientRewardsServiceImpl : Service - Distance calculated: 11548.924653196395
2021-11-27 20:34:21.304  INFO 530588 --- [onPool-worker-9] .t.t.s.TourGuideClientRewardsServiceImpl : Service - Distance calculated: 10642.383832817266
2021-11-27 20:34:21.304  INFO 530588 --- [onPool-worker-9] .t.t.s.TourGuideClientRewardsServiceImpl : Service - Distance calculated: 10653.738785403168
2021-11-27 20:34:21.304  INFO 530588 --- [onPool-worker-9] .t.t.s.TourGuideClientRewardsServiceImpl : Service - Distance calculated: 10610.585972680406
2021-11-27 20:34:21.304  INFO 530588 --- [onPool-worker-9] .t.t.s.TourGuideClientRewardsServiceImpl : Service - Distance calculated: 10242.323385118165
2021-11-27 20:34:21.304  INFO 530588 --- [onPool-worker-9] .t.t.s.TourGuideClientRewardsServiceImpl : Service - Distance calculated: 10494.923901812232
2021-11-27 20:34:21.304  INFO 530588 --- [onPool-worker-9] .t.t.s.TourGuideClientRewardsServiceImpl : Service - Distance calculated: 10347.43569605113
2021-11-27 20:34:21.304  INFO 530588 --- [onPool-worker-9] .t.t.s.TourGuideClientRewardsServiceImpl : Service - Distance calculated: 10080.920268936477
2021-11-27 20:34:21.304  INFO 530588 --- [onPool-worker-9] .t.t.s.TourGuideClientRewardsServiceImpl : Service - Distance calculated: 11035.493870934737
2021-11-27 20:34:21.304  INFO 530588 --- [onPool-worker-9] .t.t.s.TourGuideClientRewardsServiceImpl : Service - Distance calculated: 10696.29686158379
2021-11-27 20:34:21.304  INFO 530588 --- [onPool-worker-9] .t.t.s.TourGuideClientRewardsServiceImpl : Service - Distance calculated: 10754.49101321875
2021-11-27 20:34:21.304  INFO 530588 --- [onPool-worker-9] .t.t.s.TourGuideClientRewardsServiceImpl : Service - Distance calculated: 10611.060341525357
2021-11-27 20:34:21.304  INFO 530588 --- [onPool-worker-9] .t.t.s.TourGuideClientRewardsServiceImpl : Service - Distance calculated: 10992.75300278665
2021-11-27 20:34:21.304  INFO 530588 --- [onPool-worker-9] .t.t.s.TourGuideClientRewardsServiceImpl : Service - Distance calculated: 11688.329851803563
2021-11-27 20:34:21.304  INFO 530588 --- [onPool-worker-9] .t.t.s.TourGuideClientRewardsServiceImpl : Service - Distance calculated: 10241.884816162054
2021-11-27 20:34:21.304  INFO 530588 --- [onPool-worker-9] .t.t.s.TourGuideClientRewardsServiceImpl : Service - Distance calculated: 10134.607153230818
2021-11-27 20:34:21.304  INFO 530588 --- [onPool-worker-9] .t.t.s.TourGuideClientRewardsServiceImpl : Service - Distance calculated: 11438.731875810076
2021-11-27 20:34:21.304  INFO 530588 --- [onPool-worker-9] .t.t.s.TourGuideClientRewardsServiceImpl : Service - Distance calculated: 11226.864013591663
2021-11-27 20:34:21.303  INFO 530588 --- [onPool-worker-1] .t.t.s.TourGuideClientRewardsServiceImpl : Service - Distance calculated: 1921.4807999190489
2021-11-27 20:34:21.304  INFO 530588 --- [onPool-worker-1] .t.t.s.TourGuideClientRewardsServiceImpl : Service - Distance calculated: 1277.6245433336508
2021-11-27 20:34:21.304  INFO 530588 --- [onPool-worker-1] .t.t.s.TourGuideClientRewardsServiceImpl : Service - Distance calculated: 87.03441722159666
2021-11-27 20:34:21.304  INFO 530588 --- [onPool-worker-1] .t.t.s.TourGuideClientRewardsServiceImpl : Service - Distance calculated: 2127.2478407793283
2021-11-27 20:34:21.304  INFO 530588 --- [onPool-worker-1] .t.t.s.TourGuideClientRewardsServiceImpl : Service - Distance calculated: 2578.910516018122
2021-11-27 20:34:21.303  INFO 530588 --- [onPool-worker-6] .t.t.s.TourGuideClientRewardsServiceImpl : Service - Distance calculated: 1921.4807999190489
2021-11-27 20:34:21.304  INFO 530588 --- [onPool-worker-1] .t.t.s.TourGuideClientRewardsServiceImpl : Service - Distance calculated: 680.6158831369517
2021-11-27 20:34:21.304  INFO 530588 --- [onPool-worker-1] .t.t.s.TourGuideClientRewardsServiceImpl : Service - Distance calculated: 1344.090272349311
2021-11-27 20:34:21.304  INFO 530588 --- [onPool-worker-6] .t.t.s.TourGuideClientRewardsServiceImpl : Service - Distance calculated: 1277.6245433336508
2021-11-27 20:34:21.304  INFO 530588 --- [onPool-worker-1] .t.t.s.TourGuideClientRewardsServiceImpl : Service - Distance calculated: 2440.177336041544
2021-11-27 20:34:21.304  INFO 530588 --- [onPool-worker-6] .t.t.s.TourGuideClientRewardsServiceImpl : Service - Distance calculated: 87.03441722159666
2021-11-27 20:34:21.304  INFO 530588 --- [onPool-worker-1] .t.t.s.TourGuideClientRewardsServiceImpl : Service - Distance calculated: 2168.830527042806
2021-11-27 20:34:21.304  INFO 530588 --- [onPool-worker-1] .t.t.s.TourGuideClientRewardsServiceImpl : Service - Calculate rewards points for user: internalUser52
2021-11-27 20:34:21.303  INFO 530588 --- [nPool-worker-10] .t.t.s.TourGuideClientRewardsServiceImpl : Service - Distance calculated: 5669.433524667212
2021-11-27 20:34:21.303  INFO 530588 --- [nPool-worker-15] .t.t.s.TourGuideClientRewardsServiceImpl : Service - Distance calculated: 5423.22673037377
2021-11-27 20:34:21.304  INFO 530588 --- [nPool-worker-10] .t.t.s.TourGuideClientRewardsServiceImpl : Service - Distance calculated: 4859.211915830307
2021-11-27 20:34:21.304  INFO 530588 --- [nPool-worker-15] .t.t.s.TourGuideClientRewardsServiceImpl : Service - Distance calculated: 4761.590052127544
2021-11-27 20:34:21.304  INFO 530588 --- [nPool-worker-10] .t.t.s.TourGuideClientRewardsServiceImpl : Service - Distance calculated: 5471.313748396917
2021-11-27 20:34:21.304  INFO 530588 --- [nPool-worker-15] .t.t.s.TourGuideClientRewardsServiceImpl : Service - Distance calculated: 4845.10894728856
2021-11-27 20:34:21.304  INFO 530588 --- [nPool-worker-10] .t.t.s.TourGuideClientRewardsServiceImpl : Service - Distance calculated: 5189.646809029439
2021-11-27 20:34:21.304  INFO 530588 --- [nPool-worker-15] .t.t.s.TourGuideClientRewardsServiceImpl : Service - Distance calculated: 4927.711547598402
2021-11-27 20:34:21.304  INFO 530588 --- [nPool-worker-10] .t.t.s.TourGuideClientRewardsServiceImpl : Service - Distance calculated: 5743.081960421198
2021-11-27 20:34:21.304  INFO 530588 --- [nPool-worker-15] .t.t.s.TourGuideClientRewardsServiceImpl : Service - Distance calculated: 4759.964331647636
2021-11-27 20:34:21.304  INFO 530588 --- [nPool-worker-10] .t.t.s.TourGuideClientRewardsServiceImpl : Service - Distance calculated: 4939.968763864514
2021-11-27 20:34:21.304  INFO 530588 --- [nPool-worker-10] .t.t.s.TourGuideClientRewardsServiceImpl : Service - Distance calculated: 4146.521425230266
2021-11-27 20:34:21.304  INFO 530588 --- [nPool-worker-10] .t.t.s.TourGuideClientRewardsServiceImpl : Service - Distance calculated: 5571.8923282034275
2021-11-27 20:34:21.304  INFO 530588 --- [nPool-worker-10] .t.t.s.TourGuideClientRewardsServiceImpl : Service - Distance calculated: 6547.782377531662
2021-11-27 20:34:21.304  INFO 530588 --- [nPool-worker-10] .t.t.s.TourGuideClientRewardsServiceImpl : Service - Distance calculated: 4522.916876796104
2021-11-27 20:34:21.304  INFO 530588 --- [nPool-worker-10] .t.t.s.TourGuideClientRewardsServiceImpl : Service - Distance calculated: 5357.443814863757
2021-11-27 20:34:21.304  INFO 530588 --- [nPool-worker-10] .t.t.s.TourGuideClientRewardsServiceImpl : Service - Distance calculated: 6377.898398883404
2021-11-27 20:34:21.304  INFO 530588 --- [nPool-worker-10] .t.t.s.TourGuideClientRewardsServiceImpl : Service - Distance calculated: 5632.752106074896
2021-11-27 20:34:21.304  INFO 530588 --- [nPool-worker-10] .t.t.s.TourGuideClientRewardsServiceImpl : Service - Distance calculated: 4997.482225837618
2021-11-27 20:34:21.304  INFO 530588 --- [nPool-worker-10] .t.t.s.TourGuideClientRewardsServiceImpl : Service - Distance calculated: 4580.917401029407
2021-11-27 20:34:21.304  INFO 530588 --- [nPool-worker-10] .t.t.s.TourGuideClientRewardsServiceImpl : Service - Distance calculated: 4981.409365677166
2021-11-27 20:34:21.304  INFO 530588 --- [nPool-worker-10] .t.t.s.TourGuideClientRewardsServiceImpl : Service - Distance calculated: 5048.063563270213
2021-11-27 20:34:21.304  INFO 530588 --- [nPool-worker-10] .t.t.s.TourGuideClientRewardsServiceImpl : Service - Distance calculated: 5438.046829790183
2021-11-27 20:34:21.304  INFO 530588 --- [nPool-worker-10] .t.t.s.TourGuideClientRewardsServiceImpl : Service - Distance calculated: 5528.432442698753
2021-11-27 20:34:21.304  INFO 530588 --- [nPool-worker-10] .t.t.s.TourGuideClientRewardsServiceImpl : Service - Distance calculated: 5318.6154841757025
2021-11-27 20:34:21.304  INFO 530588 --- [nPool-worker-10] .t.t.s.TourGuideClientRewardsServiceImpl : Service - Distance calculated: 5339.185142537889
2021-11-27 20:34:21.304  INFO 530588 --- [nPool-worker-10] .t.t.s.TourGuideClientRewardsServiceImpl : Service - Distance calculated: 5503.553830216871
2021-11-27 20:34:21.304  INFO 530588 --- [nPool-worker-10] .t.t.s.TourGuideClientRewardsServiceImpl : Service - Distance calculated: 2637.866456111075
2021-11-27 20:34:21.304  INFO 530588 --- [nPool-worker-10] .t.t.s.TourGuideClientRewardsServiceImpl : Service - Distance calculated: 5380.568935616956
2021-11-27 20:34:21.304  INFO 530588 --- [nPool-worker-10] .t.t.s.TourGuideClientRewardsServiceImpl : Service - Distance calculated: 5378.314828842359
2021-11-27 20:34:21.304  INFO 530588 --- [nPool-worker-10] .t.t.s.TourGuideClientRewardsServiceImpl : Service - Distance calculated: 5474.630130850017
2021-11-27 20:34:21.304  INFO 530588 --- [nPool-worker-12] .t.t.s.TourGuideClientRewardsServiceImpl : Service - Distance calculated: 4769.226434459988
2021-11-27 20:34:21.304  INFO 530588 --- [onPool-worker-9] .t.t.s.TourGuideClientRewardsServiceImpl : Service - Distance calculated: 10239.123433176135
2021-11-27 20:34:21.304  INFO 530588 --- [nPool-worker-12] .t.t.s.TourGuideClientRewardsServiceImpl : Service - Distance calculated: 4941.4180708830845
2021-11-27 20:34:21.304  INFO 530588 --- [onPool-worker-6] .t.t.s.TourGuideClientRewardsServiceImpl : Service - Distance calculated: 2127.2478407793283
2021-11-27 20:34:21.304  INFO 530588 --- [nPool-worker-12] .t.t.s.TourGuideClientRewardsServiceImpl : Service - Distance calculated: 4367.091130803997
2021-11-27 20:34:21.304  INFO 530588 --- [nPool-worker-15] .t.t.s.TourGuideClientRewardsServiceImpl : Service - Distance calculated: 4779.259610134494
2021-11-27 20:34:21.304  INFO 530588 --- [nPool-worker-12] .t.t.s.TourGuideClientRewardsServiceImpl : Service - Distance calculated: 4566.657081203923
2021-11-27 20:34:21.304  INFO 530588 --- [nPool-worker-10] .t.t.s.TourGuideClientRewardsServiceImpl : Service - Distance calculated: 6245.537240211559
2021-11-27 20:34:21.304  INFO 530588 --- [nPool-worker-15] .t.t.s.TourGuideClientRewardsServiceImpl : Service - Distance calculated: 4056.9215073940327
2021-11-27 20:34:21.304  INFO 530588 --- [nPool-worker-12] .t.t.s.TourGuideClientRewardsServiceImpl : Service - Distance calculated: 2672.0728311581065
2021-11-27 20:34:21.304  INFO 530588 --- [onPool-worker-9] .t.t.s.TourGuideClientRewardsServiceImpl : Service - Distance calculated: 10216.57491727177
2021-11-27 20:34:21.304  INFO 530588 --- [nPool-worker-12] .t.t.s.TourGuideClientRewardsServiceImpl : Service - Distance calculated: 4270.616562056272
2021-11-27 20:34:21.304  INFO 530588 --- [nPool-worker-10] .t.t.s.TourGuideClientRewardsServiceImpl : Service - Distance calculated: 5710.787356666716
2021-11-27 20:34:21.304  INFO 530588 --- [onPool-worker-6] .t.t.s.TourGuideClientRewardsServiceImpl : Service - Distance calculated: 2578.910516018122
2021-11-27 20:34:21.304  INFO 530588 --- [nPool-worker-10] .t.t.s.TourGuideClientRewardsServiceImpl : Service - Distance calculated: 5710.701812208957
2021-11-27 20:34:21.304  INFO 530588 --- [onPool-worker-9] .t.t.s.TourGuideClientRewardsServiceImpl : Service - Distance calculated: 5.8950310023474215E-5
2021-11-27 20:34:21.304  INFO 530588 --- [nPool-worker-15] .t.t.s.TourGuideClientRewardsServiceImpl : Service - Distance calculated: 5295.961216312884
2021-11-27 20:34:21.304  INFO 530588 --- [nPool-worker-12] .t.t.s.TourGuideClientRewardsServiceImpl : Service - Distance calculated: 4356.7051169647875
2021-11-27 20:34:21.304  INFO 530588 --- [nPool-worker-15] .t.t.s.TourGuideClientRewardsServiceImpl : Service - Distance calculated: 4625.067885645528
2021-11-27 20:34:21.304  INFO 530588 --- [nPool-worker-15] .t.t.s.TourGuideClientRewardsServiceImpl : Service - Distance calculated: 4427.656967515958
2021-11-27 20:34:21.304  INFO 530588 --- [nPool-worker-15] .t.t.s.TourGuideClientRewardsServiceImpl : Service - Distance calculated: 4312.756099529655
2021-11-27 20:34:21.304  INFO 530588 --- [nPool-worker-15] .t.t.s.TourGuideClientRewardsServiceImpl : Service - Distance calculated: 4665.158232423785
2021-11-27 20:34:21.304  INFO 530588 --- [nPool-worker-15] .t.t.s.TourGuideClientRewardsServiceImpl : Service - Distance calculated: 5291.307785832667
2021-11-27 20:34:21.304  INFO 530588 --- [nPool-worker-15] .t.t.s.TourGuideClientRewardsServiceImpl : Service - Distance calculated: 6932.780035174124
2021-11-27 20:34:21.304  INFO 530588 --- [nPool-worker-15] .t.t.s.TourGuideClientRewardsServiceImpl : Service - Distance calculated: 6608.977370452197
2021-11-27 20:34:21.304  INFO 530588 --- [nPool-worker-15] .t.t.s.TourGuideClientRewardsServiceImpl : Service - Distance calculated: 6802.306399567946
2021-11-27 20:34:21.304  INFO 530588 --- [nPool-worker-15] .t.t.s.TourGuideClientRewardsServiceImpl : Service - Distance calculated: 6817.469683862963
2021-11-27 20:34:21.304  INFO 530588 --- [nPool-worker-15] .t.t.s.TourGuideClientRewardsServiceImpl : Service - Distance calculated: 5562.551651071689
2021-11-27 20:34:21.305  INFO 530588 --- [nPool-worker-15] .t.t.s.TourGuideClientRewardsServiceImpl : Service - Distance calculated: 5546.9493019332995
2021-11-27 20:34:21.305  INFO 530588 --- [nPool-worker-15] .t.t.s.TourGuideClientRewardsServiceImpl : Service - Distance calculated: 6482.083001394524
2021-11-27 20:34:21.305  INFO 530588 --- [nPool-worker-15] .t.t.s.TourGuideClientRewardsServiceImpl : Service - Distance calculated: 5141.069976920993
2021-11-27 20:34:21.305  INFO 530588 --- [nPool-worker-15] .t.t.s.TourGuideClientRewardsServiceImpl : Service - Distance calculated: 5141.176584995575
2021-11-27 20:34:21.305  INFO 530588 --- [nPool-worker-15] .t.t.s.TourGuideClientRewardsServiceImpl : Service - Distance calculated: 7970.684383874189
2021-11-27 20:34:21.305  INFO 530588 --- [nPool-worker-15] .t.t.s.TourGuideClientRewardsServiceImpl : Service - Distance calculated: 4781.464811119149
2021-11-27 20:34:21.305  INFO 530588 --- [nPool-worker-15] .t.t.s.TourGuideClientRewardsServiceImpl : Service - Distance calculated: 5001.376594648191
2021-11-27 20:34:21.305  INFO 530588 --- [nPool-worker-15] .t.t.s.TourGuideClientRewardsServiceImpl : Service - Distance calculated: 4852.727077221543
2021-11-27 20:34:21.305  INFO 530588 --- [nPool-worker-15] .t.t.s.TourGuideClientRewardsServiceImpl : Service - Distance calculated: 4644.444594973813
2021-11-27 20:34:21.305  INFO 530588 --- [nPool-worker-15] .t.t.s.TourGuideClientRewardsServiceImpl : Service - Distance calculated: 5729.675965979669
2021-11-27 20:34:21.305  INFO 530588 --- [nPool-worker-15] .t.t.s.TourGuideClientRewardsServiceImpl : Service - Distance calculated: 5219.83218213572
2021-11-27 20:34:21.305  INFO 530588 --- [nPool-worker-15] .t.t.s.TourGuideClientRewardsServiceImpl : Service - Distance calculated: 5357.27211274735
2021-11-27 20:34:21.305  INFO 530588 --- [nPool-worker-15] .t.t.s.TourGuideClientRewardsServiceImpl : Service - Distance calculated: 5100.710610891351
2021-11-27 20:34:21.305  INFO 530588 --- [nPool-worker-15] .t.t.s.TourGuideClientRewardsServiceImpl : Service - Distance calculated: 5655.213864780226
2021-11-27 20:34:21.305  INFO 530588 --- [nPool-worker-15] .t.t.s.TourGuideClientRewardsServiceImpl : Service - Distance calculated: 6883.315428746034
2021-11-27 20:34:21.305  INFO 530588 --- [nPool-worker-15] .t.t.s.TourGuideClientRewardsServiceImpl : Service - Distance calculated: 4807.341344628522
2021-11-27 20:34:21.305  INFO 530588 --- [nPool-worker-15] .t.t.s.TourGuideClientRewardsServiceImpl : Service - Distance calculated: 4717.38728903561
2021-11-27 20:34:21.305  INFO 530588 --- [nPool-worker-15] .t.t.s.TourGuideClientRewardsServiceImpl : Service - Distance calculated: 6255.060027548846
2021-11-27 20:34:21.305  INFO 530588 --- [nPool-worker-15] .t.t.s.TourGuideClientRewardsServiceImpl : Service - Distance calculated: 5718.299786756604
2021-11-27 20:34:21.305  INFO 530588 --- [nPool-worker-15] .t.t.s.TourGuideClientRewardsServiceImpl : Service - Distance calculated: 4780.489145645431
2021-11-27 20:34:21.305  INFO 530588 --- [nPool-worker-15] .t.t.s.TourGuideClientRewardsServiceImpl : Service - Distance calculated: 4768.260540282103
2021-11-27 20:34:21.305  INFO 530588 --- [nPool-worker-15] .t.t.s.TourGuideClientRewardsServiceImpl : Service - Distance calculated: 5.8950310023474215E-5
2021-11-27 20:34:21.305  INFO 530588 --- [nPool-worker-15] .t.t.s.TourGuideClientRewardsServiceImpl : Service - Distance calculated: 774.5207212649109
2021-11-27 20:34:21.305  INFO 530588 --- [nPool-worker-15] .t.t.s.TourGuideClientRewardsServiceImpl : Service - Distance calculated: 164.91310606753288
2021-11-27 20:34:21.305  INFO 530588 --- [nPool-worker-15] .t.t.s.TourGuideClientRewardsServiceImpl : Service - Distance calculated: 115.99464245531166
2021-11-27 20:34:21.305  INFO 530588 --- [nPool-worker-15] .t.t.s.TourGuideClientRewardsServiceImpl : Service - Distance calculated: 1428.8577204882306
2021-11-27 20:34:21.305  INFO 530588 --- [nPool-worker-15] .t.t.s.TourGuideClientRewardsServiceImpl : Service - Distance calculated: 1418.571827418631
2021-11-27 20:34:21.305  INFO 530588 --- [nPool-worker-15] .t.t.s.TourGuideClientRewardsServiceImpl : Service - Distance calculated: 460.11990361699293
2021-11-27 20:34:21.305  INFO 530588 --- [nPool-worker-15] .t.t.s.TourGuideClientRewardsServiceImpl : Service - Distance calculated: 1992.7911930022951
2021-11-27 20:34:21.305  INFO 530588 --- [nPool-worker-15] .t.t.s.TourGuideClientRewardsServiceImpl : Service - Distance calculated: 1906.7972782801585
2021-11-27 20:34:21.305  INFO 530588 --- [nPool-worker-15] .t.t.s.TourGuideClientRewardsServiceImpl : Service - Distance calculated: 2360.645624935619
2021-11-27 20:34:21.305  INFO 530588 --- [nPool-worker-15] .t.t.s.TourGuideClientRewardsServiceImpl : Service - Distance calculated: 2434.494471527265
2021-11-27 20:34:21.305  INFO 530588 --- [nPool-worker-15] .t.t.s.TourGuideClientRewardsServiceImpl : Service - Distance calculated: 2148.3967563579567
2021-11-27 20:34:21.305  INFO 530588 --- [nPool-worker-15] .t.t.s.TourGuideClientRewardsServiceImpl : Service - Distance calculated: 2282.746325565392
2021-11-27 20:34:21.305  INFO 530588 --- [nPool-worker-15] .t.t.s.TourGuideClientRewardsServiceImpl : Service - Distance calculated: 2289.4339721013357
2021-11-27 20:34:21.305  INFO 530588 --- [nPool-worker-15] .t.t.s.TourGuideClientRewardsServiceImpl : Service - Distance calculated: 1204.372289719331
2021-11-27 20:34:21.305  INFO 530588 --- [nPool-worker-15] .t.t.s.TourGuideClientRewardsServiceImpl : Service - Distance calculated: 1742.5694022642394
2021-11-27 20:34:21.305  INFO 530588 --- [nPool-worker-15] .t.t.s.TourGuideClientRewardsServiceImpl : Service - Distance calculated: 1576.7472428725728
2021-11-27 20:34:21.305  INFO 530588 --- [nPool-worker-15] .t.t.s.TourGuideClientRewardsServiceImpl : Service - Distance calculated: 1921.4807999190489
2021-11-27 20:34:21.305  INFO 530588 --- [nPool-worker-15] .t.t.s.TourGuideClientRewardsServiceImpl : Service - Distance calculated: 1277.6245433336508
2021-11-27 20:34:21.305  INFO 530588 --- [nPool-worker-15] .t.t.s.TourGuideClientRewardsServiceImpl : Service - Distance calculated: 87.03441722159666
2021-11-27 20:34:21.305  INFO 530588 --- [nPool-worker-15] .t.t.s.TourGuideClientRewardsServiceImpl : Service - Distance calculated: 2127.2478407793283
2021-11-27 20:34:21.305  INFO 530588 --- [nPool-worker-15] .t.t.s.TourGuideClientRewardsServiceImpl : Service - Distance calculated: 2578.910516018122
2021-11-27 20:34:21.305  INFO 530588 --- [nPool-worker-15] .t.t.s.TourGuideClientRewardsServiceImpl : Service - Distance calculated: 680.6158831369517
2021-11-27 20:34:21.305  INFO 530588 --- [nPool-worker-15] .t.t.s.TourGuideClientRewardsServiceImpl : Service - Distance calculated: 1344.090272349311
2021-11-27 20:34:21.305  INFO 530588 --- [onPool-worker-5] .t.t.s.TourGuideClientRewardsServiceImpl : Service - Distance calculated: 6199.92445296226
2021-11-27 20:34:21.305  INFO 530588 --- [onPool-worker-5] .t.t.s.TourGuideClientRewardsServiceImpl : Service - Distance calculated: 6429.119698969184
2021-11-27 20:34:21.305  INFO 530588 --- [onPool-worker-5] .t.t.s.TourGuideClientRewardsServiceImpl : Service - Distance calculated: 6317.637492179921
2021-11-27 20:34:21.305  INFO 530588 --- [onPool-worker-5] .t.t.s.TourGuideClientRewardsServiceImpl : Service - Distance calculated: 6313.008242318883
2021-11-27 20:34:21.305  INFO 530588 --- [onPool-worker-5] .t.t.s.TourGuideClientRewardsServiceImpl : Service - Distance calculated: 7507.89096413019
2021-11-27 20:34:21.306  INFO 530588 --- [onPool-worker-5] .t.t.s.TourGuideClientRewardsServiceImpl : Service - Distance calculated: 7537.311743498008
2021-11-27 20:34:21.304  INFO 530588 --- [onPool-worker-6] .t.t.s.TourGuideClientRewardsServiceImpl : Service - Distance calculated: 680.6158831369517
2021-11-27 20:34:21.306  INFO 530588 --- [onPool-worker-5] .t.t.s.TourGuideClientRewardsServiceImpl : Service - Distance calculated: 6658.220059930977
2021-11-27 20:34:21.306  INFO 530588 --- [onPool-worker-5] .t.t.s.TourGuideClientRewardsServiceImpl : Service - Distance calculated: 7853.868961978555
2021-11-27 20:34:21.306  INFO 530588 --- [onPool-worker-6] .t.t.s.TourGuideClientRewardsServiceImpl : Service - Distance calculated: 1344.090272349311
2021-11-27 20:34:21.306  INFO 530588 --- [onPool-worker-5] .t.t.s.TourGuideClientRewardsServiceImpl : Service - Distance calculated: 7888.167626200851
2021-11-27 20:34:21.306  INFO 530588 --- [onPool-worker-6] .t.t.s.TourGuideClientRewardsServiceImpl : Service - Distance calculated: 2440.177336041544
2021-11-27 20:34:21.306  INFO 530588 --- [onPool-worker-6] .t.t.s.TourGuideClientRewardsServiceImpl : Service - Distance calculated: 2168.830527042806
2021-11-27 20:34:21.306  INFO 530588 --- [onPool-worker-6] .t.t.s.TourGuideClientRewardsServiceImpl : Service - Calculate rewards points for user: internalUser50
2021-11-27 20:34:21.304  INFO 530588 --- [nPool-worker-10] .t.t.s.TourGuideClientRewardsServiceImpl : Service - Distance calculated: 5831.847578647557
2021-11-27 20:34:21.306  INFO 530588 --- [nPool-worker-10] .t.t.s.TourGuideClientRewardsServiceImpl : Service - Distance calculated: 5584.163438470572
2021-11-27 20:34:21.306  INFO 530588 --- [nPool-worker-10] .t.t.s.TourGuideClientRewardsServiceImpl : Service - Distance calculated: 5718.605769086798
2021-11-27 20:34:21.306  INFO 530588 --- [nPool-worker-10] .t.t.s.TourGuideClientRewardsServiceImpl : Service - Distance calculated: 5084.421943781319
2021-11-27 20:34:21.306  INFO 530588 --- [nPool-worker-10] .t.t.s.TourGuideClientRewardsServiceImpl : Service - Distance calculated: 6136.3682424142835
2021-11-27 20:34:21.306  INFO 530588 --- [nPool-worker-10] .t.t.s.TourGuideClientRewardsServiceImpl : Service - Distance calculated: 5299.672160791905
2021-11-27 20:34:21.306  INFO 530588 --- [nPool-worker-10] .t.t.s.TourGuideClientRewardsServiceImpl : Service - Distance calculated: 5419.202642349453
2021-11-27 20:34:21.306  INFO 530588 --- [nPool-worker-10] .t.t.s.TourGuideClientRewardsServiceImpl : Service - Distance calculated: 5208.988998880451
2021-11-27 20:34:21.306  INFO 530588 --- [nPool-worker-10] .t.t.s.TourGuideClientRewardsServiceImpl : Service - Distance calculated: 5374.077455080004
2021-11-27 20:34:21.306  INFO 530588 --- [nPool-worker-10] .t.t.s.TourGuideClientRewardsServiceImpl : Service - Distance calculated: 6122.127361581775
2021-11-27 20:34:21.306  INFO 530588 --- [nPool-worker-10] .t.t.s.TourGuideClientRewardsServiceImpl : Service - Distance calculated: 5.8950310023474215E-5
2021-11-27 20:34:21.306  INFO 530588 --- [nPool-worker-11] .t.t.s.TourGuideClientRewardsServiceImpl : Service - Distance calculated: 8033.63004706264
2021-11-27 20:34:21.306  INFO 530588 --- [nPool-worker-11] .t.t.s.TourGuideClientRewardsServiceImpl : Service - Distance calculated: 7299.288193944852
2021-11-27 20:34:21.306  INFO 530588 --- [nPool-worker-11] .t.t.s.TourGuideClientRewardsServiceImpl : Service - Distance calculated: 7870.68916412091
2021-11-27 20:34:21.306  INFO 530588 --- [nPool-worker-11] .t.t.s.TourGuideClientRewardsServiceImpl : Service - Distance calculated: 7945.142140100169
2021-11-27 20:34:21.306  INFO 530588 --- [nPool-worker-11] .t.t.s.TourGuideClientRewardsServiceImpl : Service - Distance calculated: 6775.199951822809
2021-11-27 20:34:21.306  INFO 530588 --- [nPool-worker-11] .t.t.s.TourGuideClientRewardsServiceImpl : Service - Distance calculated: 6833.395535421291
2021-11-27 20:34:21.306  INFO 530588 --- [nPool-worker-11] .t.t.s.TourGuideClientRewardsServiceImpl : Service - Distance calculated: 7784.263454578437
2021-11-27 20:34:21.306  INFO 530588 --- [nPool-worker-11] .t.t.s.TourGuideClientRewardsServiceImpl : Service - Distance calculated: 6150.695955752641
2021-11-27 20:34:21.306  INFO 530588 --- [nPool-worker-11] .t.t.s.TourGuideClientRewardsServiceImpl : Service - Distance calculated: 6301.143191437503
2021-11-27 20:34:21.306  INFO 530588 --- [nPool-worker-11] .t.t.s.TourGuideClientRewardsServiceImpl : Service - Distance calculated: 7114.175612674492
2021-11-27 20:34:21.306  INFO 530588 --- [nPool-worker-11] .t.t.s.TourGuideClientRewardsServiceImpl : Service - Distance calculated: 5710.516537327391
2021-11-27 20:34:21.306  INFO 530588 --- [nPool-worker-11] .t.t.s.TourGuideClientRewardsServiceImpl : Service - Distance calculated: 6003.701230062365
2021-11-27 20:34:21.306  INFO 530588 --- [nPool-worker-11] .t.t.s.TourGuideClientRewardsServiceImpl : Service - Distance calculated: 5897.910491698024
2021-11-27 20:34:21.306  INFO 530588 --- [nPool-worker-11] .t.t.s.TourGuideClientRewardsServiceImpl : Service - Distance calculated: 6313.729441261136
2021-11-27 20:34:21.306  INFO 530588 --- [nPool-worker-11] .t.t.s.TourGuideClientRewardsServiceImpl : Service - Distance calculated: 7209.063812745645
2021-11-27 20:34:21.306  INFO 530588 --- [nPool-worker-11] .t.t.s.TourGuideClientRewardsServiceImpl : Service - Distance calculated: 6582.176507756651
2021-11-27 20:34:21.306  INFO 530588 --- [nPool-worker-11] .t.t.s.TourGuideClientRewardsServiceImpl : Service - Distance calculated: 6853.9493445994085
2021-11-27 20:34:21.306  INFO 530588 --- [nPool-worker-11] .t.t.s.TourGuideClientRewardsServiceImpl : Service - Distance calculated: 6321.48242340821
2021-11-27 20:34:21.306  INFO 530588 --- [nPool-worker-11] .t.t.s.TourGuideClientRewardsServiceImpl : Service - Distance calculated: 7125.067587627663
2021-11-27 20:34:21.306  INFO 530588 --- [nPool-worker-11] .t.t.s.TourGuideClientRewardsServiceImpl : Service - Distance calculated: 8051.639185401554
2021-11-27 20:34:21.306  INFO 530588 --- [nPool-worker-11] .t.t.s.TourGuideClientRewardsServiceImpl : Service - Distance calculated: 6425.788756916679
2021-11-27 20:34:21.306  INFO 530588 --- [nPool-worker-11] .t.t.s.TourGuideClientRewardsServiceImpl : Service - Distance calculated: 5540.200593470587
2021-11-27 20:34:21.306  INFO 530588 --- [nPool-worker-11] .t.t.s.TourGuideClientRewardsServiceImpl : Service - Distance calculated: 7599.882631200452
2021-11-27 20:34:21.306  INFO 530588 --- [nPool-worker-10] .t.t.s.TourGuideClientRewardsServiceImpl : Service - Distance calculated: 774.5207212649109
2021-11-27 20:34:21.306  INFO 530588 --- [nPool-worker-10] .t.t.s.TourGuideClientRewardsServiceImpl : Service - Distance calculated: 164.91310606753288
2021-11-27 20:34:21.306  INFO 530588 --- [onPool-worker-8] .t.t.s.TourGuideClientRewardsServiceImpl : Service - Distance calculated: 4636.852944865922
2021-11-27 20:34:21.306  INFO 530588 --- [nPool-worker-10] .t.t.s.TourGuideClientRewardsServiceImpl : Service - Distance calculated: 115.99464245531166
2021-11-27 20:34:21.306  INFO 530588 --- [onPool-worker-8] .t.t.s.TourGuideClientRewardsServiceImpl : Service - Distance calculated: 5143.760715172786
2021-11-27 20:34:21.306  INFO 530588 --- [nPool-worker-10] .t.t.s.TourGuideClientRewardsServiceImpl : Service - Distance calculated: 1428.8577204882306
2021-11-27 20:34:21.306  INFO 530588 --- [onPool-worker-8] .t.t.s.TourGuideClientRewardsServiceImpl : Service - Distance calculated: 4669.811247705482
2021-11-27 20:34:21.306  INFO 530588 --- [nPool-worker-10] .t.t.s.TourGuideClientRewardsServiceImpl : Service - Distance calculated: 1418.571827418631
2021-11-27 20:34:21.306  INFO 530588 --- [onPool-worker-8] .t.t.s.TourGuideClientRewardsServiceImpl : Service - Distance calculated: 4596.772126145912
2021-11-27 20:34:21.306  INFO 530588 --- [nPool-worker-10] .t.t.s.TourGuideClientRewardsServiceImpl : Service - Distance calculated: 460.11990361699293
2021-11-27 20:34:21.306  INFO 530588 --- [onPool-worker-8] .t.t.s.TourGuideClientRewardsServiceImpl : Service - Distance calculated: 4497.535197027066
2021-11-27 20:34:21.306  INFO 530588 --- [nPool-worker-10] .t.t.s.TourGuideClientRewardsServiceImpl : Service - Distance calculated: 1992.7911930022951
2021-11-27 20:34:21.306  INFO 530588 --- [onPool-worker-8] .t.t.s.TourGuideClientRewardsServiceImpl : Service - Distance calculated: 4396.359867117334
2021-11-27 20:34:21.306  INFO 530588 --- [nPool-worker-10] .t.t.s.TourGuideClientRewardsServiceImpl : Service - Distance calculated: 1906.7972782801585
2021-11-27 20:34:21.306  INFO 530588 --- [nPool-worker-10] .t.t.s.TourGuideClientRewardsServiceImpl : Service - Distance calculated: 2360.645624935619
2021-11-27 20:34:21.306  INFO 530588 --- [nPool-worker-10] .t.t.s.TourGuideClientRewardsServiceImpl : Service - Distance calculated: 2434.494471527265
2021-11-27 20:34:21.306  INFO 530588 --- [nPool-worker-10] .t.t.s.TourGuideClientRewardsServiceImpl : Service - Distance calculated: 2148.3967563579567
2021-11-27 20:34:21.306  INFO 530588 --- [nPool-worker-10] .t.t.s.TourGuideClientRewardsServiceImpl : Service - Distance calculated: 2282.746325565392
2021-11-27 20:34:21.306  INFO 530588 --- [nPool-worker-10] .t.t.s.TourGuideClientRewardsServiceImpl : Service - Distance calculated: 2289.4339721013357
2021-11-27 20:34:21.306  INFO 530588 --- [nPool-worker-10] .t.t.s.TourGuideClientRewardsServiceImpl : Service - Distance calculated: 1204.372289719331
2021-11-27 20:34:21.306  INFO 530588 --- [nPool-worker-10] .t.t.s.TourGuideClientRewardsServiceImpl : Service - Distance calculated: 1742.5694022642394
2021-11-27 20:34:21.306  INFO 530588 --- [nPool-worker-10] .t.t.s.TourGuideClientRewardsServiceImpl : Service - Distance calculated: 1576.7472428725728
2021-11-27 20:34:21.306  INFO 530588 --- [nPool-worker-10] .t.t.s.TourGuideClientRewardsServiceImpl : Service - Distance calculated: 1921.4807999190489
2021-11-27 20:34:21.306  INFO 530588 --- [nPool-worker-10] .t.t.s.TourGuideClientRewardsServiceImpl : Service - Distance calculated: 1277.6245433336508
2021-11-27 20:34:21.306  INFO 530588 --- [nPool-worker-10] .t.t.s.TourGuideClientRewardsServiceImpl : Service - Distance calculated: 87.03441722159666
2021-11-27 20:34:21.307  INFO 530588 --- [nPool-worker-10] .t.t.s.TourGuideClientRewardsServiceImpl : Service - Distance calculated: 2127.2478407793283
2021-11-27 20:34:21.307  INFO 530588 --- [nPool-worker-10] .t.t.s.TourGuideClientRewardsServiceImpl : Service - Distance calculated: 2578.910516018122
2021-11-27 20:34:21.307  INFO 530588 --- [nPool-worker-10] .t.t.s.TourGuideClientRewardsServiceImpl : Service - Distance calculated: 680.6158831369517
2021-11-27 20:34:21.307  INFO 530588 --- [nPool-worker-10] .t.t.s.TourGuideClientRewardsServiceImpl : Service - Distance calculated: 1344.090272349311
2021-11-27 20:34:21.307  INFO 530588 --- [nPool-worker-10] .t.t.s.TourGuideClientRewardsServiceImpl : Service - Distance calculated: 2440.177336041544
2021-11-27 20:34:21.307  INFO 530588 --- [nPool-worker-10] .t.t.s.TourGuideClientRewardsServiceImpl : Service - Distance calculated: 2168.830527042806
2021-11-27 20:34:21.307  INFO 530588 --- [nPool-worker-10] .t.t.s.TourGuideClientRewardsServiceImpl : Service - Calculate rewards points for user: internalUser68
2021-11-27 20:34:21.307  INFO 530588 --- [nPool-worker-13] .t.t.s.TourGuideClientRewardsServiceImpl : Service - Distance calculated: 6358.014347920411
2021-11-27 20:34:21.307  INFO 530588 --- [nPool-worker-13] .t.t.s.TourGuideClientRewardsServiceImpl : Service - Distance calculated: 6325.889134718947
2021-11-27 20:34:21.307  INFO 530588 --- [nPool-worker-13] .t.t.s.TourGuideClientRewardsServiceImpl : Service - Distance calculated: 6274.388431445944
2021-11-27 20:34:21.307  INFO 530588 --- [nPool-worker-13] .t.t.s.TourGuideClientRewardsServiceImpl : Service - Distance calculated: 6255.559292492299
2021-11-27 20:34:21.307  INFO 530588 --- [nPool-worker-13] .t.t.s.TourGuideClientRewardsServiceImpl : Service - Distance calculated: 5244.061338487882
2021-11-27 20:34:21.307  INFO 530588 --- [nPool-worker-13] .t.t.s.TourGuideClientRewardsServiceImpl : Service - Distance calculated: 5189.987179924961
2021-11-27 20:34:21.307  INFO 530588 --- [nPool-worker-13] .t.t.s.TourGuideClientRewardsServiceImpl : Service - Distance calculated: 5904.908231754822
2021-11-27 20:34:21.307  INFO 530588 --- [nPool-worker-13] .t.t.s.TourGuideClientRewardsServiceImpl : Service - Distance calculated: 5043.242575720896
2021-11-27 20:34:21.307  INFO 530588 --- [nPool-worker-13] .t.t.s.TourGuideClientRewardsServiceImpl : Service - Distance calculated: 4956.264768358949
2021-11-27 20:34:21.307  INFO 530588 --- [nPool-worker-13] .t.t.s.TourGuideClientRewardsServiceImpl : Service - Distance calculated: 8166.368702886954
2021-11-27 20:34:21.307  INFO 530588 --- [nPool-worker-13] .t.t.s.TourGuideClientRewardsServiceImpl : Service - Distance calculated: 4824.797383228894
2021-11-27 20:34:21.307  INFO 530588 --- [nPool-worker-13] .t.t.s.TourGuideClientRewardsServiceImpl : Service - Distance calculated: 4943.912016214495
2021-11-27 20:34:21.304  INFO 530588 --- [nPool-worker-12] .t.t.s.TourGuideClientRewardsServiceImpl : Service - Distance calculated: 4413.960281230206
2021-11-27 20:34:21.305  INFO 530588 --- [onPool-worker-9] .t.t.s.TourGuideClientRewardsServiceImpl : Service - Distance calculated: 774.5207212649109
2021-11-27 20:34:21.307  INFO 530588 --- [nPool-worker-12] .t.t.s.TourGuideClientRewardsServiceImpl : Service - Distance calculated: 5255.387301651756
2021-11-27 20:34:21.307  INFO 530588 --- [nPool-worker-12] .t.t.s.TourGuideClientRewardsServiceImpl : Service - Distance calculated: 5065.74538651813
2021-11-27 20:34:21.305  INFO 530588 --- [nPool-worker-15] .t.t.s.TourGuideClientRewardsServiceImpl : Service - Distance calculated: 2440.177336041544
2021-11-27 20:34:21.307  INFO 530588 --- [nPool-worker-15] .t.t.s.TourGuideClientRewardsServiceImpl : Service - Distance calculated: 2168.830527042806
2021-11-27 20:34:21.307  INFO 530588 --- [nPool-worker-12] .t.t.s.TourGuideClientRewardsServiceImpl : Service - Distance calculated: 4848.185781042886
2021-11-27 20:34:21.306  INFO 530588 --- [onPool-worker-5] .t.t.s.TourGuideClientRewardsServiceImpl : Service - Distance calculated: 4834.47137981855
2021-11-27 20:34:21.306  INFO 530588 --- [nPool-worker-11] .t.t.s.TourGuideClientRewardsServiceImpl : Service - Distance calculated: 6769.323360578259
2021-11-27 20:34:21.307  INFO 530588 --- [nPool-worker-11] .t.t.s.TourGuideClientRewardsServiceImpl : Service - Distance calculated: 5702.741510524299
2021-11-27 20:34:21.307  INFO 530588 --- [nPool-worker-11] .t.t.s.TourGuideClientRewardsServiceImpl : Service - Distance calculated: 6365.5750140314685
2021-11-27 20:34:21.307  INFO 530588 --- [nPool-worker-11] .t.t.s.TourGuideClientRewardsServiceImpl : Service - Distance calculated: 2864.879283787764
2021-11-27 20:34:21.306  INFO 530588 --- [onPool-worker-8] .t.t.s.TourGuideClientRewardsServiceImpl : Service - Distance calculated: 4357.922432605366
2021-11-27 20:34:21.307  INFO 530588 --- [nPool-worker-13] .t.t.s.TourGuideClientRewardsServiceImpl : Service - Distance calculated: 4809.575821648258
2021-11-27 20:34:21.307  INFO 530588 --- [onPool-worker-8] .t.t.s.TourGuideClientRewardsServiceImpl : Service - Distance calculated: 4820.798944451271
2021-11-27 20:34:21.307  INFO 530588 --- [onPool-worker-9] .t.t.s.TourGuideClientRewardsServiceImpl : Service - Distance calculated: 164.91310606753288
2021-11-27 20:34:21.307  INFO 530588 --- [onPool-worker-8] .t.t.s.TourGuideClientRewardsServiceImpl : Service - Distance calculated: 4614.9392316555295
2021-11-27 20:34:21.307  INFO 530588 --- [nPool-worker-15] .t.t.s.TourGuideClientRewardsServiceImpl : Service - Calculate rewards points for user: internalUser67
2021-11-27 20:34:21.307  INFO 530588 --- [onPool-worker-9] .t.t.s.TourGuideClientRewardsServiceImpl : Service - Distance calculated: 115.99464245531166
2021-11-27 20:34:21.307  INFO 530588 --- [nPool-worker-12] .t.t.s.TourGuideClientRewardsServiceImpl : Service - Distance calculated: 5049.74995998097
2021-11-27 20:34:21.307  INFO 530588 --- [onPool-worker-9] .t.t.s.TourGuideClientRewardsServiceImpl : Service - Distance calculated: 1428.8577204882306
2021-11-27 20:34:21.307  INFO 530588 --- [onPool-worker-9] .t.t.s.TourGuideClientRewardsServiceImpl : Service - Distance calculated: 1418.571827418631
2021-11-27 20:34:21.307  INFO 530588 --- [nPool-worker-12] .t.t.s.TourGuideClientRewardsServiceImpl : Service - Distance calculated: 4647.175816443861
2021-11-27 20:34:21.307  INFO 530588 --- [onPool-worker-9] .t.t.s.TourGuideClientRewardsServiceImpl : Service - Distance calculated: 460.11990361699293
2021-11-27 20:34:21.307  INFO 530588 --- [nPool-worker-12] .t.t.s.TourGuideClientRewardsServiceImpl : Service - Distance calculated: 5042.598818653498
2021-11-27 20:34:21.307  INFO 530588 --- [onPool-worker-9] .t.t.s.TourGuideClientRewardsServiceImpl : Service - Distance calculated: 1992.7911930022951
2021-11-27 20:34:21.307  INFO 530588 --- [nPool-worker-12] .t.t.s.TourGuideClientRewardsServiceImpl : Service - Distance calculated: 4853.864422339377
2021-11-27 20:34:21.307  INFO 530588 --- [onPool-worker-9] .t.t.s.TourGuideClientRewardsServiceImpl : Service - Distance calculated: 1906.7972782801585
2021-11-27 20:34:21.307  INFO 530588 --- [nPool-worker-12] .t.t.s.TourGuideClientRewardsServiceImpl : Service - Distance calculated: 5188.6502406931195
2021-11-27 20:34:21.307  INFO 530588 --- [onPool-worker-9] .t.t.s.TourGuideClientRewardsServiceImpl : Service - Distance calculated: 2360.645624935619
2021-11-27 20:34:21.307  INFO 530588 --- [nPool-worker-12] .t.t.s.TourGuideClientRewardsServiceImpl : Service - Distance calculated: 4145.697476277601
2021-11-27 20:34:21.307  INFO 530588 --- [onPool-worker-9] .t.t.s.TourGuideClientRewardsServiceImpl : Service - Distance calculated: 2434.494471527265
2021-11-27 20:34:21.307  INFO 530588 --- [nPool-worker-12] .t.t.s.TourGuideClientRewardsServiceImpl : Service - Distance calculated: 4955.7118245699185
2021-11-27 20:34:21.307  INFO 530588 --- [onPool-worker-9] .t.t.s.TourGuideClientRewardsServiceImpl : Service - Distance calculated: 2148.3967563579567
2021-11-27 20:34:21.307  INFO 530588 --- [nPool-worker-12] .t.t.s.TourGuideClientRewardsServiceImpl : Service - Distance calculated: 4461.375800748329
2021-11-27 20:34:21.307  INFO 530588 --- [onPool-worker-9] .t.t.s.TourGuideClientRewardsServiceImpl : Service - Distance calculated: 2282.746325565392
2021-11-27 20:34:21.307  INFO 530588 --- [nPool-worker-12] .t.t.s.TourGuideClientRewardsServiceImpl : Service - Distance calculated: 4262.261229586624
2021-11-27 20:34:21.307  INFO 530588 --- [onPool-worker-9] .t.t.s.TourGuideClientRewardsServiceImpl : Service - Distance calculated: 2289.4339721013357
2021-11-27 20:34:21.307  INFO 530588 --- [onPool-worker-9] .t.t.s.TourGuideClientRewardsServiceImpl : Service - Distance calculated: 1204.372289719331
2021-11-27 20:34:21.307  INFO 530588 --- [onPool-worker-5] .t.t.s.TourGuideClientRewardsServiceImpl : Service - Distance calculated: 8162.025550911449
2021-11-27 20:34:21.307  INFO 530588 --- [nPool-worker-13] .t.t.s.TourGuideClientRewardsServiceImpl : Service - Distance calculated: 4274.770151967208
2021-11-27 20:34:21.307  INFO 530588 --- [onPool-worker-8] .t.t.s.TourGuideClientRewardsServiceImpl : Service - Distance calculated: 6993.233244164934
2021-11-27 20:34:21.307  INFO 530588 --- [nPool-worker-13] .t.t.s.TourGuideClientRewardsServiceImpl : Service - Distance calculated: 5220.90947104889
2021-11-27 20:34:21.307  INFO 530588 --- [onPool-worker-8] .t.t.s.TourGuideClientRewardsServiceImpl : Service - Distance calculated: 4980.690088877207
2021-11-27 20:34:21.307  INFO 530588 --- [nPool-worker-13] .t.t.s.TourGuideClientRewardsServiceImpl : Service - Distance calculated: 4896.712834710379
2021-11-27 20:34:21.307  INFO 530588 --- [onPool-worker-8] .t.t.s.TourGuideClientRewardsServiceImpl : Service - Distance calculated: 4849.4806420975465
2021-11-27 20:34:21.307  INFO 530588 --- [nPool-worker-13] .t.t.s.TourGuideClientRewardsServiceImpl : Service - Distance calculated: 4922.460107755125
2021-11-27 20:34:21.307  INFO 530588 --- [onPool-worker-8] .t.t.s.TourGuideClientRewardsServiceImpl : Service - Distance calculated: 4813.4906020218905
2021-11-27 20:34:21.307  INFO 530588 --- [nPool-worker-13] .t.t.s.TourGuideClientRewardsServiceImpl : Service - Distance calculated: 4890.4044178433305
2021-11-27 20:34:21.307  INFO 530588 --- [onPool-worker-8] .t.t.s.TourGuideClientRewardsServiceImpl : Service - Distance calculated: 3965.8216160571924
2021-11-27 20:34:21.307  INFO 530588 --- [nPool-worker-13] .t.t.s.TourGuideClientRewardsServiceImpl : Service - Distance calculated: 5168.420572929684
2021-11-27 20:34:21.307  INFO 530588 --- [onPool-worker-8] .t.t.s.TourGuideClientRewardsServiceImpl : Service - Distance calculated: 4114.334493856301
2021-11-27 20:34:21.307  INFO 530588 --- [nPool-worker-13] .t.t.s.TourGuideClientRewardsServiceImpl : Service - Distance calculated: 6285.62233052531
2021-11-27 20:34:21.308  INFO 530588 --- [nPool-worker-13] .t.t.s.TourGuideClientRewardsServiceImpl : Service - Distance calculated: 4429.266749802638
2021-11-27 20:34:21.308  INFO 530588 --- [nPool-worker-13] .t.t.s.TourGuideClientRewardsServiceImpl : Service - Distance calculated: 4839.001011844166
2021-11-27 20:34:21.307  INFO 530588 --- [nPool-worker-11] .t.t.s.TourGuideClientRewardsServiceImpl : Service - Distance calculated: 2100.677225077318
2021-11-27 20:34:21.308  INFO 530588 --- [onPool-worker-5] .t.t.s.TourGuideClientRewardsServiceImpl : Service - Distance calculated: 7980.064780907084
2021-11-27 20:34:21.308  INFO 530588 --- [nPool-worker-11] .t.t.s.TourGuideClientRewardsServiceImpl : Service - Distance calculated: 2733.672437549063
2021-11-27 20:34:21.307  INFO 530588 --- [nPool-worker-12] .t.t.s.TourGuideClientRewardsServiceImpl : Service - Distance calculated: 5156.85144155912
2021-11-27 20:34:21.308  INFO 530588 --- [nPool-worker-11] .t.t.s.TourGuideClientRewardsServiceImpl : Service - Distance calculated: 2823.184882234415
2021-11-27 20:34:21.308  INFO 530588 --- [nPool-worker-12] .t.t.s.TourGuideClientRewardsServiceImpl : Service - Distance calculated: 3442.289515767226
2021-11-27 20:34:21.307  INFO 530588 --- [onPool-worker-9] .t.t.s.TourGuideClientRewardsServiceImpl : Service - Distance calculated: 1742.5694022642394
2021-11-27 20:34:21.308  INFO 530588 --- [nPool-worker-12] .t.t.s.TourGuideClientRewardsServiceImpl : Service - Distance calculated: 4149.931866579235
2021-11-27 20:34:21.308  INFO 530588 --- [onPool-worker-8] .t.t.s.TourGuideClientRewardsServiceImpl : Service - Distance calculated: 4321.809718220653
2021-11-27 20:34:21.308  INFO 530588 --- [nPool-worker-13] .t.t.s.TourGuideClientRewardsServiceImpl : Service - Distance calculated: 5705.124750567816
2021-11-27 20:34:21.308  INFO 530588 --- [onPool-worker-5] .t.t.s.TourGuideClientRewardsServiceImpl : Service - Distance calculated: 8126.094494105528
2021-11-27 20:34:21.308  INFO 530588 --- [onPool-worker-8] .t.t.s.TourGuideClientRewardsServiceImpl : Service - Distance calculated: 4114.832260043145
2021-11-27 20:34:21.308  INFO 530588 --- [onPool-worker-8] .t.t.s.TourGuideClientRewardsServiceImpl : Service - Distance calculated: 4535.939573552724
2021-11-27 20:34:21.308  INFO 530588 --- [onPool-worker-8] .t.t.s.TourGuideClientRewardsServiceImpl : Service - Distance calculated: 4131.289910920735
2021-11-27 20:34:21.308  INFO 530588 --- [onPool-worker-8] .t.t.s.TourGuideClientRewardsServiceImpl : Service - Distance calculated: 4550.620780845985
2021-11-27 20:34:21.308  INFO 530588 --- [onPool-worker-8] .t.t.s.TourGuideClientRewardsServiceImpl : Service - Distance calculated: 4010.643375072953
2021-11-27 20:34:21.308  INFO 530588 --- [onPool-worker-8] .t.t.s.TourGuideClientRewardsServiceImpl : Service - Distance calculated: 5131.122928579052
2021-11-27 20:34:21.308  INFO 530588 --- [onPool-worker-8] .t.t.s.TourGuideClientRewardsServiceImpl : Service - Distance calculated: 4294.530038788257
2021-11-27 20:34:21.308  INFO 530588 --- [onPool-worker-8] .t.t.s.TourGuideClientRewardsServiceImpl : Service - Distance calculated: 4706.806267254165
2021-11-27 20:34:21.308  INFO 530588 --- [onPool-worker-8] .t.t.s.TourGuideClientRewardsServiceImpl : Service - Distance calculated: 4989.896734943197
2021-11-27 20:34:21.308  INFO 530588 --- [onPool-worker-8] .t.t.s.TourGuideClientRewardsServiceImpl : Service - Distance calculated: 4048.9384687232036
2021-11-27 20:34:21.308  INFO 530588 --- [onPool-worker-8] .t.t.s.TourGuideClientRewardsServiceImpl : Service - Distance calculated: 3248.416155238955
2021-11-27 20:34:21.308  INFO 530588 --- [onPool-worker-8] .t.t.s.TourGuideClientRewardsServiceImpl : Service - Distance calculated: 3629.8721378501004
2021-11-27 20:34:21.308  INFO 530588 --- [onPool-worker-8] .t.t.s.TourGuideClientRewardsServiceImpl : Service - Distance calculated: 3381.9799677174715
2021-11-27 20:34:21.308  INFO 530588 --- [onPool-worker-8] .t.t.s.TourGuideClientRewardsServiceImpl : Service - Distance calculated: 3363.9871667472516
2021-11-27 20:34:21.308  INFO 530588 --- [onPool-worker-8] .t.t.s.TourGuideClientRewardsServiceImpl : Service - Distance calculated: 4637.5578698865465
2021-11-27 20:34:21.308  INFO 530588 --- [onPool-worker-8] .t.t.s.TourGuideClientRewardsServiceImpl : Service - Distance calculated: 4646.034980723265
2021-11-27 20:34:21.308  INFO 530588 --- [onPool-worker-8] .t.t.s.TourGuideClientRewardsServiceImpl : Service - Distance calculated: 3697.8554689289303
2021-11-27 20:34:21.308  INFO 530588 --- [onPool-worker-8] .t.t.s.TourGuideClientRewardsServiceImpl : Service - Distance calculated: 5106.937561983532
2021-11-27 20:34:21.308  INFO 530588 --- [onPool-worker-8] .t.t.s.TourGuideClientRewardsServiceImpl : Service - Distance calculated: 5080.11255363342
2021-11-27 20:34:21.308  INFO 530588 --- [onPool-worker-8] .t.t.s.TourGuideClientRewardsServiceImpl : Service - Distance calculated: 2773.5623861467416
2021-11-27 20:34:21.308  INFO 530588 --- [onPool-worker-8] .t.t.s.TourGuideClientRewardsServiceImpl : Service - Distance calculated: 5503.552023245068
2021-11-27 20:34:21.308  INFO 530588 --- [onPool-worker-8] .t.t.s.TourGuideClientRewardsServiceImpl : Service - Distance calculated: 5255.065370786689
2021-11-27 20:34:21.308  INFO 530588 --- [onPool-worker-8] .t.t.s.TourGuideClientRewardsServiceImpl : Service - Distance calculated: 5402.420693943514
2021-11-27 20:34:21.308  INFO 530588 --- [onPool-worker-8] .t.t.s.TourGuideClientRewardsServiceImpl : Service - Distance calculated: 5537.791482487709
2021-11-27 20:34:21.308  INFO 530588 --- [onPool-worker-8] .t.t.s.TourGuideClientRewardsServiceImpl : Service - Distance calculated: 4450.5145014979025
2021-11-27 20:34:21.308  INFO 530588 --- [onPool-worker-8] .t.t.s.TourGuideClientRewardsServiceImpl : Service - Distance calculated: 4973.6170280045335
2021-11-27 20:34:21.308  INFO 530588 --- [onPool-worker-8] .t.t.s.TourGuideClientRewardsServiceImpl : Service - Distance calculated: 4824.975396922583
2021-11-27 20:34:21.308  INFO 530588 --- [onPool-worker-8] .t.t.s.TourGuideClientRewardsServiceImpl : Service - Distance calculated: 5112.941202203401
2021-11-27 20:34:21.308  INFO 530588 --- [nPool-worker-11] .t.t.s.TourGuideClientRewardsServiceImpl : Service - Distance calculated: 2368.246131996466
2021-11-27 20:34:21.308  INFO 530588 --- [onPool-worker-8] .t.t.s.TourGuideClientRewardsServiceImpl : Service - Distance calculated: 4525.524237218015
2021-11-27 20:34:21.308  INFO 530588 --- [nPool-worker-12] .t.t.s.TourGuideClientRewardsServiceImpl : Service - Distance calculated: 3607.046279382045
2021-11-27 20:34:21.308  INFO 530588 --- [onPool-worker-8] .t.t.s.TourGuideClientRewardsServiceImpl : Service - Distance calculated: 3296.7660706572933
2021-11-27 20:34:21.308  INFO 530588 --- [onPool-worker-8] .t.t.s.TourGuideClientRewardsServiceImpl : Service - Distance calculated: 5375.391856478226
2021-11-27 20:34:21.308  INFO 530588 --- [nPool-worker-12] .t.t.s.TourGuideClientRewardsServiceImpl : Service - Distance calculated: 3538.747942103968
2021-11-27 20:34:21.308  INFO 530588 --- [nPool-worker-12] .t.t.s.TourGuideClientRewardsServiceImpl : Service - Distance calculated: 4775.122494221807
2021-11-27 20:34:21.308  INFO 530588 --- [nPool-worker-12] .t.t.s.TourGuideClientRewardsServiceImpl : Service - Distance calculated: 4729.190181284065
2021-11-27 20:34:21.308  INFO 530588 --- [nPool-worker-12] .t.t.s.TourGuideClientRewardsServiceImpl : Service - Distance calculated: 3737.917391409971
2021-11-27 20:34:21.308  INFO 530588 --- [nPool-worker-12] .t.t.s.TourGuideClientRewardsServiceImpl : Service - Distance calculated: 5389.439828485297
2021-11-27 20:34:21.308  INFO 530588 --- [onPool-worker-9] .t.t.s.TourGuideClientRewardsServiceImpl : Service - Distance calculated: 1576.7472428725728
2021-11-27 20:34:21.308  INFO 530588 --- [nPool-worker-11] .t.t.s.TourGuideClientRewardsServiceImpl : Service - Distance calculated: 2470.5836679530566
2021-11-27 20:34:21.308  INFO 530588 --- [nPool-worker-13] .t.t.s.TourGuideClientRewardsServiceImpl : Service - Distance calculated: 5453.839888914259
2021-11-27 20:34:21.308  INFO 530588 --- [onPool-worker-9] .t.t.s.TourGuideClientRewardsServiceImpl : Service - Distance calculated: 1921.4807999190489
2021-11-27 20:34:21.308  INFO 530588 --- [nPool-worker-13] .t.t.s.TourGuideClientRewardsServiceImpl : Service - Distance calculated: 4828.001603097526
2021-11-27 20:34:21.308  INFO 530588 --- [onPool-worker-5] .t.t.s.TourGuideClientRewardsServiceImpl : Service - Distance calculated: 8461.841211836227
2021-11-27 20:34:21.308  INFO 530588 --- [nPool-worker-13] .t.t.s.TourGuideClientRewardsServiceImpl : Service - Distance calculated: 4413.125074459353
2021-11-27 20:34:21.308  INFO 530588 --- [onPool-worker-5] .t.t.s.TourGuideClientRewardsServiceImpl : Service - Distance calculated: 7401.336780414149
2021-11-27 20:34:21.308  INFO 530588 --- [onPool-worker-8] .t.t.s.TourGuideClientRewardsServiceImpl : Service - Distance calculated: 5598.669087144262
2021-11-27 20:34:21.308  INFO 530588 --- [onPool-worker-5] .t.t.s.TourGuideClientRewardsServiceImpl : Service - Distance calculated: 7858.825261728285
2021-11-27 20:34:21.308  INFO 530588 --- [nPool-worker-12] .t.t.s.TourGuideClientRewardsServiceImpl : Service - Distance calculated: 5260.467787205222
2021-11-27 20:34:21.308  INFO 530588 --- [onPool-worker-5] .t.t.s.TourGuideClientRewardsServiceImpl : Service - Distance calculated: 7756.6047128409655
2021-11-27 20:34:21.308  INFO 530588 --- [onPool-worker-8] .t.t.s.TourGuideClientRewardsServiceImpl : Service - Distance calculated: 3925.082228353253
2021-11-27 20:34:21.308  INFO 530588 --- [nPool-worker-12] .t.t.s.TourGuideClientRewardsServiceImpl : Service - Distance calculated: 4326.1038741266
2021-11-27 20:34:21.308  INFO 530588 --- [onPool-worker-5] .t.t.s.TourGuideClientRewardsServiceImpl : Service - Distance calculated: 7939.172424552073
2021-11-27 20:34:21.308  INFO 530588 --- [onPool-worker-8] .t.t.s.TourGuideClientRewardsServiceImpl : Service - Distance calculated: 4497.847944289839
2021-11-27 20:34:21.308  INFO 530588 --- [nPool-worker-12] .t.t.s.TourGuideClientRewardsServiceImpl : Service - Distance calculated: 5835.406743995293
2021-11-27 20:34:21.308  INFO 530588 --- [onPool-worker-5] .t.t.s.TourGuideClientRewardsServiceImpl : Service - Distance calculated: 7470.149267817097
2021-11-27 20:34:21.308  INFO 530588 --- [onPool-worker-8] .t.t.s.TourGuideClientRewardsServiceImpl : Service - Distance calculated: 5506.221268615294
2021-11-27 20:34:21.308  INFO 530588 --- [onPool-worker-5] .t.t.s.TourGuideClientRewardsServiceImpl : Service - Distance calculated: 6257.207286006039
2021-11-27 20:34:21.308  INFO 530588 --- [onPool-worker-5] .t.t.s.TourGuideClientRewardsServiceImpl : Service - Distance calculated: 8298.359371936871
2021-11-27 20:34:21.308  INFO 530588 --- [onPool-worker-5] .t.t.s.TourGuideClientRewardsServiceImpl : Service - Distance calculated: 8192.600974383167
2021-11-27 20:34:21.308  INFO 530588 --- [onPool-worker-5] .t.t.s.TourGuideClientRewardsServiceImpl : Service - Distance calculated: 6880.370242290342
2021-11-27 20:34:21.308  INFO 530588 --- [onPool-worker-5] .t.t.s.TourGuideClientRewardsServiceImpl : Service - Distance calculated: 7329.548663288991
2021-11-27 20:34:21.308  INFO 530588 --- [onPool-worker-5] .t.t.s.TourGuideClientRewardsServiceImpl : Service - Distance calculated: 8161.192175343594
2021-11-27 20:34:21.308  INFO 530588 --- [onPool-worker-5] .t.t.s.TourGuideClientRewardsServiceImpl : Service - Distance calculated: 8330.544335185616
2021-11-27 20:34:21.308  INFO 530588 --- [onPool-worker-5] .t.t.s.TourGuideClientRewardsServiceImpl : Service - Distance calculated: 5598.709681796116
2021-11-27 20:34:21.308  INFO 530588 --- [onPool-worker-5] .t.t.s.TourGuideClientRewardsServiceImpl : Service - Distance calculated: 6337.655277032089
2021-11-27 20:34:21.308  INFO 530588 --- [onPool-worker-5] .t.t.s.TourGuideClientRewardsServiceImpl : Service - Distance calculated: 5760.792902635693
2021-11-27 20:34:21.308  INFO 530588 --- [onPool-worker-5] .t.t.s.TourGuideClientRewardsServiceImpl : Service - Distance calculated: 5684.685674880428
2021-11-27 20:34:21.308  INFO 530588 --- [onPool-worker-5] .t.t.s.TourGuideClientRewardsServiceImpl : Service - Distance calculated: 6816.528269077455
2021-11-27 20:34:21.308  INFO 530588 --- [onPool-worker-5] .t.t.s.TourGuideClientRewardsServiceImpl : Service - Distance calculated: 6751.265795532393
2021-11-27 20:34:21.308  INFO 530588 --- [onPool-worker-5] .t.t.s.TourGuideClientRewardsServiceImpl : Service - Distance calculated: 5830.088667697531
2021-11-27 20:34:21.308  INFO 530588 --- [onPool-worker-5] .t.t.s.TourGuideClientRewardsServiceImpl : Service - Distance calculated: 7441.860477545867
2021-11-27 20:34:21.308  INFO 530588 --- [onPool-worker-5] .t.t.s.TourGuideClientRewardsServiceImpl : Service - Distance calculated: 7278.488294376335
2021-11-27 20:34:21.308  INFO 530588 --- [onPool-worker-5] .t.t.s.TourGuideClientRewardsServiceImpl : Service - Distance calculated: 6387.234948421305
2021-11-27 20:34:21.308  INFO 530588 --- [onPool-worker-5] .t.t.s.TourGuideClientRewardsServiceImpl : Service - Distance calculated: 7873.818220859706
2021-11-27 20:34:21.308  INFO 530588 --- [onPool-worker-5] .t.t.s.TourGuideClientRewardsServiceImpl : Service - Distance calculated: 7583.893516890646
2021-11-27 20:34:21.308  INFO 530588 --- [onPool-worker-5] .t.t.s.TourGuideClientRewardsServiceImpl : Service - Distance calculated: 7679.468492221797
2021-11-27 20:34:21.308  INFO 530588 --- [onPool-worker-5] .t.t.s.TourGuideClientRewardsServiceImpl : Service - Distance calculated: 7175.812270611819
2021-11-27 20:34:21.308  INFO 530588 --- [onPool-worker-5] .t.t.s.TourGuideClientRewardsServiceImpl : Service - Distance calculated: 6364.2246788523435
2021-11-27 20:34:21.308  INFO 530588 --- [onPool-worker-5] .t.t.s.TourGuideClientRewardsServiceImpl : Service - Distance calculated: 6980.725262242924
2021-11-27 20:34:21.309  INFO 530588 --- [onPool-worker-5] .t.t.s.TourGuideClientRewardsServiceImpl : Service - Distance calculated: 6700.327248804719
2021-11-27 20:34:21.309  INFO 530588 --- [onPool-worker-5] .t.t.s.TourGuideClientRewardsServiceImpl : Service - Distance calculated: 7250.557311954399
2021-11-27 20:34:21.309  INFO 530588 --- [onPool-worker-5] .t.t.s.TourGuideClientRewardsServiceImpl : Service - Distance calculated: 6446.002882247422
2021-11-27 20:34:21.309  INFO 530588 --- [onPool-worker-5] .t.t.s.TourGuideClientRewardsServiceImpl : Service - Distance calculated: 5577.869005975181
2021-11-27 20:34:21.309  INFO 530588 --- [onPool-worker-5] .t.t.s.TourGuideClientRewardsServiceImpl : Service - Distance calculated: 7081.925118389816
2021-11-27 20:34:21.309  INFO 530588 --- [onPool-worker-5] .t.t.s.TourGuideClientRewardsServiceImpl : Service - Distance calculated: 8049.968370505232
2021-11-27 20:34:21.309  INFO 530588 --- [onPool-worker-5] .t.t.s.TourGuideClientRewardsServiceImpl : Service - Distance calculated: 6004.959221724704
2021-11-27 20:34:21.309  INFO 530588 --- [onPool-worker-5] .t.t.s.TourGuideClientRewardsServiceImpl : Service - Distance calculated: 6839.615235005898
2021-11-27 20:34:21.309  INFO 530588 --- [onPool-worker-5] .t.t.s.TourGuideClientRewardsServiceImpl : Service - Distance calculated: 7882.121299238447
2021-11-27 20:34:21.309  INFO 530588 --- [onPool-worker-5] .t.t.s.TourGuideClientRewardsServiceImpl : Service - Distance calculated: 7142.811826881694
2021-11-27 20:34:21.309  INFO 530588 --- [onPool-worker-5] .t.t.s.TourGuideClientRewardsServiceImpl : Service - Distance calculated: 4673.0892752692325
2021-11-27 20:34:21.309  INFO 530588 --- [onPool-worker-5] .t.t.s.TourGuideClientRewardsServiceImpl : Service - Distance calculated: 4190.4230632271565
2021-11-27 20:34:21.309  INFO 530588 --- [onPool-worker-5] .t.t.s.TourGuideClientRewardsServiceImpl : Service - Distance calculated: 4639.295011852966
2021-11-27 20:34:21.309  INFO 530588 --- [onPool-worker-5] .t.t.s.TourGuideClientRewardsServiceImpl : Service - Distance calculated: 4712.00412268824
2021-11-27 20:34:21.309  INFO 530588 --- [onPool-worker-5] .t.t.s.TourGuideClientRewardsServiceImpl : Service - Distance calculated: 4988.288985873595
2021-11-27 20:34:21.309  INFO 530588 --- [onPool-worker-5] .t.t.s.TourGuideClientRewardsServiceImpl : Service - Distance calculated: 5081.833331003105
2021-11-27 20:34:21.309  INFO 530588 --- [onPool-worker-5] .t.t.s.TourGuideClientRewardsServiceImpl : Service - Distance calculated: 4957.889108348728
2021-11-27 20:34:21.309  INFO 530588 --- [onPool-worker-5] .t.t.s.TourGuideClientRewardsServiceImpl : Service - Distance calculated: 4852.236423344978
2021-11-27 20:34:21.309  INFO 530588 --- [onPool-worker-5] .t.t.s.TourGuideClientRewardsServiceImpl : Service - Distance calculated: 5023.555426980127
2021-11-27 20:34:21.309  INFO 530588 --- [onPool-worker-5] .t.t.s.TourGuideClientRewardsServiceImpl : Service - Distance calculated: 2326.202886372938
2021-11-27 20:34:21.309  INFO 530588 --- [onPool-worker-5] .t.t.s.TourGuideClientRewardsServiceImpl : Service - Distance calculated: 4874.468070052899
2021-11-27 20:34:21.309  INFO 530588 --- [onPool-worker-5] .t.t.s.TourGuideClientRewardsServiceImpl : Service - Distance calculated: 4884.084207591783
2021-11-27 20:34:21.309  INFO 530588 --- [onPool-worker-5] .t.t.s.TourGuideClientRewardsServiceImpl : Service - Distance calculated: 4975.404666484252
2021-11-27 20:34:21.309  INFO 530588 --- [onPool-worker-5] .t.t.s.TourGuideClientRewardsServiceImpl : Service - Distance calculated: 5761.7414976193095
2021-11-27 20:34:21.309  INFO 530588 --- [onPool-worker-5] .t.t.s.TourGuideClientRewardsServiceImpl : Service - Distance calculated: 5290.629437131165
2021-11-27 20:34:21.309  INFO 530588 --- [onPool-worker-5] .t.t.s.TourGuideClientRewardsServiceImpl : Service - Distance calculated: 5245.625183496435
2021-11-27 20:34:21.309  INFO 530588 --- [onPool-worker-5] .t.t.s.TourGuideClientRewardsServiceImpl : Service - Distance calculated: 5383.61354058253
2021-11-27 20:34:21.309  INFO 530588 --- [onPool-worker-5] .t.t.s.TourGuideClientRewardsServiceImpl : Service - Distance calculated: 5104.756245739408
2021-11-27 20:34:21.309  INFO 530588 --- [onPool-worker-5] .t.t.s.TourGuideClientRewardsServiceImpl : Service - Distance calculated: 5291.661570055752
2021-11-27 20:34:21.309  INFO 530588 --- [onPool-worker-5] .t.t.s.TourGuideClientRewardsServiceImpl : Service - Distance calculated: 4759.05719134098
2021-11-27 20:34:21.309  INFO 530588 --- [onPool-worker-5] .t.t.s.TourGuideClientRewardsServiceImpl : Service - Distance calculated: 5659.144306435717
2021-11-27 20:34:21.309  INFO 530588 --- [onPool-worker-5] .t.t.s.TourGuideClientRewardsServiceImpl : Service - Distance calculated: 4788.219593744159
2021-11-27 20:34:21.309  INFO 530588 --- [onPool-worker-5] .t.t.s.TourGuideClientRewardsServiceImpl : Service - Distance calculated: 5038.143039837903
2021-11-27 20:34:21.309  INFO 530588 --- [onPool-worker-5] .t.t.s.TourGuideClientRewardsServiceImpl : Service - Distance calculated: 4761.377447222602
2021-11-27 20:34:21.309  INFO 530588 --- [onPool-worker-5] .t.t.s.TourGuideClientRewardsServiceImpl : Service - Distance calculated: 4867.72064705914
2021-11-27 20:34:21.309  INFO 530588 --- [onPool-worker-5] .t.t.s.TourGuideClientRewardsServiceImpl : Service - Distance calculated: 5641.742408421013
2021-11-27 20:34:21.309  INFO 530588 --- [onPool-worker-5] .t.t.s.TourGuideClientRewardsServiceImpl : Service - Distance calculated: 8895.654975560465
2021-11-27 20:34:21.309  INFO 530588 --- [onPool-worker-5] .t.t.s.TourGuideClientRewardsServiceImpl : Service - Distance calculated: 9639.231666308273
2021-11-27 20:34:21.309  INFO 530588 --- [onPool-worker-5] .t.t.s.TourGuideClientRewardsServiceImpl : Service - Distance calculated: 9014.76876295537
2021-11-27 20:34:21.309  INFO 530588 --- [onPool-worker-5] .t.t.s.TourGuideClientRewardsServiceImpl : Service - Distance calculated: 8925.039714728884
2021-11-27 20:34:21.309  INFO 530588 --- [onPool-worker-5] .t.t.s.TourGuideClientRewardsServiceImpl : Service - Distance calculated: 9316.443635584486
2021-11-27 20:34:21.309  INFO 530588 --- [onPool-worker-5] .t.t.s.TourGuideClientRewardsServiceImpl : Service - Distance calculated: 9214.09466131484
2021-11-27 20:34:21.309  INFO 530588 --- [onPool-worker-5] .t.t.s.TourGuideClientRewardsServiceImpl : Service - Distance calculated: 8853.30671973251
2021-11-27 20:34:21.309  INFO 530588 --- [onPool-worker-5] .t.t.s.TourGuideClientRewardsServiceImpl : Service - Distance calculated: 9667.204962298947
2021-11-27 20:34:21.309  INFO 530588 --- [onPool-worker-5] .t.t.s.TourGuideClientRewardsServiceImpl : Service - Distance calculated: 9463.599074240314
2021-11-27 20:34:21.309  INFO 530588 --- [onPool-worker-5] .t.t.s.TourGuideClientRewardsServiceImpl : Service - Distance calculated: 10280.966907327502
2021-11-27 20:34:21.309  INFO 530588 --- [onPool-worker-5] .t.t.s.TourGuideClientRewardsServiceImpl : Service - Distance calculated: 9769.8491699616
2021-11-27 20:34:21.308  INFO 530588 --- [onPool-worker-9] .t.t.s.TourGuideClientRewardsServiceImpl : Service - Distance calculated: 1277.6245433336508
2021-11-27 20:34:21.308  INFO 530588 --- [nPool-worker-11] .t.t.s.TourGuideClientRewardsServiceImpl : Service - Distance calculated: 2863.0495864543373
2021-11-27 20:34:21.309  INFO 530588 --- [onPool-worker-9] .t.t.s.TourGuideClientRewardsServiceImpl : Service - Distance calculated: 87.03441722159666
2021-11-27 20:34:21.308  INFO 530588 --- [nPool-worker-13] .t.t.s.TourGuideClientRewardsServiceImpl : Service - Distance calculated: 4451.775499566184
2021-11-27 20:34:21.309  INFO 530588 --- [onPool-worker-9] .t.t.s.TourGuideClientRewardsServiceImpl : Service - Distance calculated: 2127.2478407793283
2021-11-27 20:34:21.309  INFO 530588 --- [nPool-worker-11] .t.t.s.TourGuideClientRewardsServiceImpl : Service - Distance calculated: 2044.192247299134
2021-11-27 20:34:21.309  INFO 530588 --- [onPool-worker-9] .t.t.s.TourGuideClientRewardsServiceImpl : Service - Distance calculated: 2578.910516018122
2021-11-27 20:34:21.309  INFO 530588 --- [nPool-worker-13] .t.t.s.TourGuideClientRewardsServiceImpl : Service - Distance calculated: 4310.163135582652
2021-11-27 20:34:21.309  INFO 530588 --- [onPool-worker-9] .t.t.s.TourGuideClientRewardsServiceImpl : Service - Distance calculated: 680.6158831369517
2021-11-27 20:34:21.309  INFO 530588 --- [nPool-worker-13] .t.t.s.TourGuideClientRewardsServiceImpl : Service - Distance calculated: 4343.435275435751
2021-11-27 20:34:21.309  INFO 530588 --- [onPool-worker-9] .t.t.s.TourGuideClientRewardsServiceImpl : Service - Distance calculated: 1344.090272349311
2021-11-27 20:34:21.308  INFO 530588 --- [nPool-worker-12] .t.t.s.TourGuideClientRewardsServiceImpl : Service - Distance calculated: 5541.792961291113
2021-11-27 20:34:21.309  INFO 530588 --- [onPool-worker-9] .t.t.s.TourGuideClientRewardsServiceImpl : Service - Distance calculated: 2440.177336041544
2021-11-27 20:34:21.309  INFO 530588 --- [onPool-worker-9] .t.t.s.TourGuideClientRewardsServiceImpl : Service - Distance calculated: 2168.830527042806
2021-11-27 20:34:21.309  INFO 530588 --- [onPool-worker-9] .t.t.s.TourGuideClientRewardsServiceImpl : Service - Calculate rewards points for user: internalUser58
2021-11-27 20:34:21.308  INFO 530588 --- [onPool-worker-8] .t.t.s.TourGuideClientRewardsServiceImpl : Service - Distance calculated: 5415.970875814264
2021-11-27 20:34:21.309  INFO 530588 --- [onPool-worker-8] .t.t.s.TourGuideClientRewardsServiceImpl : Service - Distance calculated: 6303.001209104616
2021-11-27 20:34:21.309  INFO 530588 --- [onPool-worker-8] .t.t.s.TourGuideClientRewardsServiceImpl : Service - Distance calculated: 5648.127171576445
2021-11-27 20:34:21.309  INFO 530588 --- [onPool-worker-8] .t.t.s.TourGuideClientRewardsServiceImpl : Service - Distance calculated: 6221.567320843507
2021-11-27 20:34:21.309  INFO 530588 --- [onPool-worker-8] .t.t.s.TourGuideClientRewardsServiceImpl : Service - Distance calculated: 6307.03998396032
2021-11-27 20:34:21.309  INFO 530588 --- [onPool-worker-8] .t.t.s.TourGuideClientRewardsServiceImpl : Service - Distance calculated: 6092.846773614073
2021-11-27 20:34:21.309  INFO 530588 --- [onPool-worker-8] .t.t.s.TourGuideClientRewardsServiceImpl : Service - Distance calculated: 6195.190144726595
2021-11-27 20:34:21.309  INFO 530588 --- [onPool-worker-8] .t.t.s.TourGuideClientRewardsServiceImpl : Service - Distance calculated: 6459.299186805733
2021-11-27 20:34:21.309  INFO 530588 --- [onPool-worker-8] .t.t.s.TourGuideClientRewardsServiceImpl : Service - Distance calculated: 5703.925804616013
2021-11-27 20:34:21.309  INFO 530588 --- [onPool-worker-8] .t.t.s.TourGuideClientRewardsServiceImpl : Service - Distance calculated: 5914.408245287758
2021-11-27 20:34:21.309  INFO 530588 --- [onPool-worker-8] .t.t.s.TourGuideClientRewardsServiceImpl : Service - Distance calculated: 4135.5582699484385
2021-11-27 20:34:21.309  INFO 530588 --- [onPool-worker-8] .t.t.s.TourGuideClientRewardsServiceImpl : Service - Distance calculated: 5515.7570409888685
2021-11-27 20:34:21.309  INFO 530588 --- [onPool-worker-8] .t.t.s.TourGuideClientRewardsServiceImpl : Service - Distance calculated: 5662.315144015687
2021-11-27 20:34:21.309  INFO 530588 --- [onPool-worker-8] .t.t.s.TourGuideClientRewardsServiceImpl : Service - Distance calculated: 5688.63240611042
2021-11-27 20:34:21.309  INFO 530588 --- [onPool-worker-8] .t.t.s.TourGuideClientRewardsServiceImpl : Service - Distance calculated: 6533.351807094218
2021-11-27 20:34:21.309  INFO 530588 --- [onPool-worker-8] .t.t.s.TourGuideClientRewardsServiceImpl : Service - Distance calculated: 6523.79714154726
2021-11-27 20:34:21.309  INFO 530588 --- [onPool-worker-8] .t.t.s.TourGuideClientRewardsServiceImpl : Service - Distance calculated: 6223.637807920042
2021-11-27 20:34:21.309  INFO 530588 --- [onPool-worker-8] .t.t.s.TourGuideClientRewardsServiceImpl : Service - Distance calculated: 6455.639710491152
2021-11-27 20:34:21.309  INFO 530588 --- [onPool-worker-8] .t.t.s.TourGuideClientRewardsServiceImpl : Service - Distance calculated: 5990.9435902126825
2021-11-27 20:34:21.309  INFO 530588 --- [onPool-worker-8] .t.t.s.TourGuideClientRewardsServiceImpl : Service - Distance calculated: 6490.903399933342
2021-11-27 20:34:21.309  INFO 530588 --- [onPool-worker-8] .t.t.s.TourGuideClientRewardsServiceImpl : Service - Distance calculated: 6381.031601628852
2021-11-27 20:34:21.309  INFO 530588 --- [onPool-worker-8] .t.t.s.TourGuideClientRewardsServiceImpl : Service - Distance calculated: 6498.694298391309
2021-11-27 20:34:21.309  INFO 530588 --- [onPool-worker-8] .t.t.s.TourGuideClientRewardsServiceImpl : Service - Distance calculated: 5361.54840279642
2021-11-27 20:34:21.309  INFO 530588 --- [onPool-worker-8] .t.t.s.TourGuideClientRewardsServiceImpl : Service - Distance calculated: 6461.071510397475
2021-11-27 20:34:21.309  INFO 530588 --- [onPool-worker-8] .t.t.s.TourGuideClientRewardsServiceImpl : Service - Distance calculated: 5902.429304182003
2021-11-27 20:34:21.309  INFO 530588 --- [onPool-worker-8] .t.t.s.TourGuideClientRewardsServiceImpl : Service - Distance calculated: 5506.410959793545
2021-11-27 20:34:21.309  INFO 530588 --- [onPool-worker-8] .t.t.s.TourGuideClientRewardsServiceImpl : Service - Distance calculated: 6457.106299712365
2021-11-27 20:34:21.309  INFO 530588 --- [onPool-worker-8] .t.t.s.TourGuideClientRewardsServiceImpl : Service - Distance calculated: 7181.9890265252625
2021-11-27 20:34:21.310  INFO 530588 --- [onPool-worker-8] .t.t.s.TourGuideClientRewardsServiceImpl : Service - Distance calculated: 6669.552912575589
2021-11-27 20:34:21.310  INFO 530588 --- [onPool-worker-8] .t.t.s.TourGuideClientRewardsServiceImpl : Service - Distance calculated: 7146.029144241358
2021-11-27 20:34:21.310  INFO 530588 --- [onPool-worker-8] .t.t.s.TourGuideClientRewardsServiceImpl : Service - Distance calculated: 7219.907436521985
2021-11-27 20:34:21.310  INFO 530588 --- [onPool-worker-8] .t.t.s.TourGuideClientRewardsServiceImpl : Service - Distance calculated: 7334.301381216054
2021-11-27 20:34:21.309  INFO 530588 --- [onPool-worker-5] .t.t.s.TourGuideClientRewardsServiceImpl : Service - Distance calculated: 9683.628090969605
2021-11-27 20:34:21.309  INFO 530588 --- [nPool-worker-11] .t.t.s.TourGuideClientRewardsServiceImpl : Service - Distance calculated: 2241.809683143708
2021-11-27 20:34:21.309  INFO 530588 --- [nPool-worker-13] .t.t.s.TourGuideClientRewardsServiceImpl : Service - Distance calculated: 4340.863286740279
2021-11-27 20:34:21.310  INFO 530588 --- [nPool-worker-11] .t.t.s.TourGuideClientRewardsServiceImpl : Service - Distance calculated: 1979.3901923219955
2021-11-27 20:34:21.310  INFO 530588 --- [nPool-worker-13] .t.t.s.TourGuideClientRewardsServiceImpl : Service - Distance calculated: 3221.2972519657274
2021-11-27 20:34:21.310  INFO 530588 --- [nPool-worker-11] .t.t.s.TourGuideClientRewardsServiceImpl : Service - Distance calculated: 1995.6736014437022
2021-11-27 20:34:21.310  INFO 530588 --- [nPool-worker-13] .t.t.s.TourGuideClientRewardsServiceImpl : Service - Distance calculated: 3175.835792455531
2021-11-27 20:34:21.310  INFO 530588 --- [nPool-worker-11] .t.t.s.TourGuideClientRewardsServiceImpl : Service - Distance calculated: 2043.492843225292
2021-11-27 20:34:21.310  INFO 530588 --- [nPool-worker-13] .t.t.s.TourGuideClientRewardsServiceImpl : Service - Distance calculated: 3991.738065444013
2021-11-27 20:34:21.310  INFO 530588 --- [nPool-worker-11] .t.t.s.TourGuideClientRewardsServiceImpl : Service - Distance calculated: 2115.069093804233
2021-11-27 20:34:21.310  INFO 530588 --- [nPool-worker-13] .t.t.s.TourGuideClientRewardsServiceImpl : Service - Distance calculated: 2999.321283422741
2021-11-27 20:34:21.310  INFO 530588 --- [nPool-worker-11] .t.t.s.TourGuideClientRewardsServiceImpl : Service - Distance calculated: 2942.274627693553
2021-11-27 20:34:21.310  INFO 530588 --- [nPool-worker-13] .t.t.s.TourGuideClientRewardsServiceImpl : Service - Distance calculated: 2912.4120388897086
2021-11-27 20:34:21.310  INFO 530588 --- [nPool-worker-11] .t.t.s.TourGuideClientRewardsServiceImpl : Service - Distance calculated: 2802.149222647451
2021-11-27 20:34:21.310  INFO 530588 --- [nPool-worker-13] .t.t.s.TourGuideClientRewardsServiceImpl : Service - Distance calculated: 6123.214128420379
2021-11-27 20:34:21.310  INFO 530588 --- [nPool-worker-11] .t.t.s.TourGuideClientRewardsServiceImpl : Service - Distance calculated: 2525.435471453162
2021-11-27 20:34:21.310  INFO 530588 --- [nPool-worker-13] .t.t.s.TourGuideClientRewardsServiceImpl : Service - Distance calculated: 2803.608594841164
2021-11-27 20:34:21.310  INFO 530588 --- [nPool-worker-11] .t.t.s.TourGuideClientRewardsServiceImpl : Service - Distance calculated: 2738.458329583293
2021-11-27 20:34:21.310  INFO 530588 --- [nPool-worker-13] .t.t.s.TourGuideClientRewardsServiceImpl : Service - Distance calculated: 2903.6521199078475
2021-11-27 20:34:21.310  INFO 530588 --- [nPool-worker-11] .t.t.s.TourGuideClientRewardsServiceImpl : Service - Distance calculated: 2322.5136610854743
2021-11-27 20:34:21.310  INFO 530588 --- [nPool-worker-13] .t.t.s.TourGuideClientRewardsServiceImpl : Service - Distance calculated: 2772.63242783829
2021-11-27 20:34:21.310  INFO 530588 --- [nPool-worker-11] .t.t.s.TourGuideClientRewardsServiceImpl : Service - Distance calculated: 2766.342518875953
2021-11-27 20:34:21.310  INFO 530588 --- [nPool-worker-13] .t.t.s.TourGuideClientRewardsServiceImpl : Service - Distance calculated: 2248.8366556919736
2021-11-27 20:34:21.310  INFO 530588 --- [nPool-worker-11] .t.t.s.TourGuideClientRewardsServiceImpl : Service - Distance calculated: 2921.151788533832
2021-11-27 20:34:21.310  INFO 530588 --- [nPool-worker-13] .t.t.s.TourGuideClientRewardsServiceImpl : Service - Distance calculated: 3261.608128132585
2021-11-27 20:34:21.310  INFO 530588 --- [nPool-worker-11] .t.t.s.TourGuideClientRewardsServiceImpl : Service - Distance calculated: 2867.268211044591
2021-11-27 20:34:21.309  INFO 530588 --- [nPool-worker-12] .t.t.s.TourGuideClientRewardsServiceImpl : Service - Distance calculated: 5660.4932986123
2021-11-27 20:34:21.310  INFO 530588 --- [nPool-worker-11] .t.t.s.TourGuideClientRewardsServiceImpl : Service - Distance calculated: 1901.658005829431
2021-11-27 20:34:21.310  INFO 530588 --- [onPool-worker-8] .t.t.s.TourGuideClientRewardsServiceImpl : Service - Distance calculated: 7434.769633989834
2021-11-27 20:34:21.310  INFO 530588 --- [onPool-worker-8] .t.t.s.TourGuideClientRewardsServiceImpl : Service - Distance calculated: 7455.693454862841
2021-11-27 20:34:21.310  INFO 530588 --- [onPool-worker-8] .t.t.s.TourGuideClientRewardsServiceImpl : Service - Distance calculated: 7038.9941868912765
2021-11-27 20:34:21.310  INFO 530588 --- [onPool-worker-8] .t.t.s.TourGuideClientRewardsServiceImpl : Service - Distance calculated: 7240.976634260779
2021-11-27 20:34:21.310  INFO 530588 --- [onPool-worker-8] .t.t.s.TourGuideClientRewardsServiceImpl : Service - Distance calculated: 4829.841716110655
2021-11-27 20:34:21.310  INFO 530588 --- [onPool-worker-5] .t.t.s.TourGuideClientRewardsServiceImpl : Service - Distance calculated: 9628.205364526242
2021-11-27 20:34:21.310  INFO 530588 --- [onPool-worker-8] .t.t.s.TourGuideClientRewardsServiceImpl : Service - Distance calculated: 6908.4720161873975
2021-11-27 20:34:21.310  INFO 530588 --- [onPool-worker-8] .t.t.s.TourGuideClientRewardsServiceImpl : Service - Distance calculated: 7020.275056137448
2021-11-27 20:34:21.310  INFO 530588 --- [nPool-worker-13] .t.t.s.TourGuideClientRewardsServiceImpl : Service - Distance calculated: 2870.038592292861
2021-11-27 20:34:21.310  INFO 530588 --- [onPool-worker-8] .t.t.s.TourGuideClientRewardsServiceImpl : Service - Distance calculated: 7066.346268019109
2021-11-27 20:34:21.310  INFO 530588 --- [nPool-worker-12] .t.t.s.TourGuideClientRewardsServiceImpl : Service - Distance calculated: 5365.02595056653
2021-11-27 20:34:21.310  INFO 530588 --- [nPool-worker-13] .t.t.s.TourGuideClientRewardsServiceImpl : Service - Distance calculated: 2927.7126398763144
2021-11-27 20:34:21.310  INFO 530588 --- [nPool-worker-12] .t.t.s.TourGuideClientRewardsServiceImpl : Service - Distance calculated: 4378.309251148249
2021-11-27 20:34:21.310  INFO 530588 --- [nPool-worker-12] .t.t.s.TourGuideClientRewardsServiceImpl : Service - Distance calculated: 5008.432485397488
2021-11-27 20:34:21.310  INFO 530588 --- [nPool-worker-12] .t.t.s.TourGuideClientRewardsServiceImpl : Service - Distance calculated: 4754.49452895955
2021-11-27 20:34:21.310  INFO 530588 --- [nPool-worker-12] .t.t.s.TourGuideClientRewardsServiceImpl : Service - Distance calculated: 5251.388987083489
2021-11-27 20:34:21.310  INFO 530588 --- [nPool-worker-12] .t.t.s.TourGuideClientRewardsServiceImpl : Service - Distance calculated: 4464.090614943235
2021-11-27 20:34:21.310  INFO 530588 --- [nPool-worker-12] .t.t.s.TourGuideClientRewardsServiceImpl : Service - Distance calculated: 3434.2529966373554
2021-11-27 20:34:21.310  INFO 530588 --- [nPool-worker-12] .t.t.s.TourGuideClientRewardsServiceImpl : Service - Distance calculated: 5233.9580361475455
2021-11-27 20:34:21.310  INFO 530588 --- [nPool-worker-12] .t.t.s.TourGuideClientRewardsServiceImpl : Service - Distance calculated: 5995.186240698779
2021-11-27 20:34:21.310  INFO 530588 --- [nPool-worker-12] .t.t.s.TourGuideClientRewardsServiceImpl : Service - Distance calculated: 3939.4404034516483
2021-11-27 20:34:21.310  INFO 530588 --- [nPool-worker-12] .t.t.s.TourGuideClientRewardsServiceImpl : Service - Distance calculated: 4751.224202884595
2021-11-27 20:34:21.310  INFO 530588 --- [nPool-worker-12] .t.t.s.TourGuideClientRewardsServiceImpl : Service - Distance calculated: 5842.333876815716
2021-11-27 20:34:21.310  INFO 530588 --- [nPool-worker-12] .t.t.s.TourGuideClientRewardsServiceImpl : Service - Distance calculated: 5291.74019639455
2021-11-27 20:34:21.310  INFO 530588 --- [nPool-worker-11] .t.t.s.TourGuideClientRewardsServiceImpl : Service - Distance calculated: 2808.5290396047462
2021-11-27 20:34:21.310  INFO 530588 --- [onPool-worker-5] .t.t.s.TourGuideClientRewardsServiceImpl : Service - Distance calculated: 8785.858173411109
2021-11-27 20:34:21.310  INFO 530588 --- [nPool-worker-12] .t.t.s.TourGuideClientRewardsServiceImpl : Service - Distance calculated: 5.8950310023474215E-5
2021-11-27 20:34:21.310  INFO 530588 --- [nPool-worker-11] .t.t.s.TourGuideClientRewardsServiceImpl : Service - Distance calculated: 2177.586847757519
2021-11-27 20:34:21.310  INFO 530588 --- [onPool-worker-8] .t.t.s.TourGuideClientRewardsServiceImpl : Service - Distance calculated: 7913.854251714616
2021-11-27 20:34:21.310  INFO 530588 --- [nPool-worker-11] .t.t.s.TourGuideClientRewardsServiceImpl : Service - Distance calculated: 1988.398442807453
2021-11-27 20:34:21.310  INFO 530588 --- [nPool-worker-13] .t.t.s.TourGuideClientRewardsServiceImpl : Service - Distance calculated: 2847.74390741578
2021-11-27 20:34:21.310  INFO 530588 --- [nPool-worker-11] .t.t.s.TourGuideClientRewardsServiceImpl : Service - Distance calculated: 2837.908178061701
2021-11-27 20:34:21.310  INFO 530588 --- [onPool-worker-5] .t.t.s.TourGuideClientRewardsServiceImpl : Service - Distance calculated: 8881.972059965055
2021-11-27 20:34:21.310  INFO 530588 --- [nPool-worker-11] .t.t.s.TourGuideClientRewardsServiceImpl : Service - Distance calculated: 2477.9912764028572
2021-11-27 20:34:21.310  INFO 530588 --- [onPool-worker-5] .t.t.s.TourGuideClientRewardsServiceImpl : Service - Distance calculated: 9169.647056893797
2021-11-27 20:34:21.310  INFO 530588 --- [nPool-worker-11] .t.t.s.TourGuideClientRewardsServiceImpl : Service - Distance calculated: 2856.4768820706727
2021-11-27 20:34:21.310  INFO 530588 --- [onPool-worker-5] .t.t.s.TourGuideClientRewardsServiceImpl : Service - Distance calculated: 8949.361323683359
2021-11-27 20:34:21.310  INFO 530588 --- [nPool-worker-11] .t.t.s.TourGuideClientRewardsServiceImpl : Service - Distance calculated: 2467.1110572413213
2021-11-27 20:34:21.310  INFO 530588 --- [onPool-worker-5] .t.t.s.TourGuideClientRewardsServiceImpl : Service - Distance calculated: 9384.042537985033
2021-11-27 20:34:21.310  INFO 530588 --- [nPool-worker-11] .t.t.s.TourGuideClientRewardsServiceImpl : Service - Distance calculated: 2409.690645463788
2021-11-27 20:34:21.310  INFO 530588 --- [onPool-worker-8] .t.t.s.TourGuideClientRewardsServiceImpl : Service - Distance calculated: 7706.918232818548
2021-11-27 20:34:21.310  INFO 530588 --- [onPool-worker-5] .t.t.s.TourGuideClientRewardsServiceImpl : Service - Distance calculated: 8917.396699684767
2021-11-27 20:34:21.310  INFO 530588 --- [nPool-worker-13] .t.t.s.TourGuideClientRewardsServiceImpl : Service - Distance calculated: 3198.5310450185757
2021-11-27 20:34:21.310  INFO 530588 --- [nPool-worker-13] .t.t.s.TourGuideClientRewardsServiceImpl : Service - Distance calculated: 4390.247288876056
2021-11-27 20:34:21.310  INFO 530588 --- [nPool-worker-13] .t.t.s.TourGuideClientRewardsServiceImpl : Service - Distance calculated: 2408.0688736364386
2021-11-27 20:34:21.310  INFO 530588 --- [nPool-worker-13] .t.t.s.TourGuideClientRewardsServiceImpl : Service - Distance calculated: 2839.064391590639
2021-11-27 20:34:21.310  INFO 530588 --- [nPool-worker-13] .t.t.s.TourGuideClientRewardsServiceImpl : Service - Distance calculated: 3774.383688048256
2021-11-27 20:34:21.310  INFO 530588 --- [nPool-worker-13] .t.t.s.TourGuideClientRewardsServiceImpl : Service - Distance calculated: 3423.0542840108897
2021-11-27 20:34:21.310  INFO 530588 --- [nPool-worker-13] .t.t.s.TourGuideClientRewardsServiceImpl : Service - Distance calculated: 2807.7160274835555
2021-11-27 20:34:21.310  INFO 530588 --- [nPool-worker-13] .t.t.s.TourGuideClientRewardsServiceImpl : Service - Distance calculated: 2386.1407809559023
2021-11-27 20:34:21.310  INFO 530588 --- [nPool-worker-13] .t.t.s.TourGuideClientRewardsServiceImpl : Service - Distance calculated: 8203.499515798687
2021-11-27 20:34:21.310  INFO 530588 --- [nPool-worker-13] .t.t.s.TourGuideClientRewardsServiceImpl : Service - Distance calculated: 7440.725341417905
2021-11-27 20:34:21.310  INFO 530588 --- [nPool-worker-11] .t.t.s.TourGuideClientRewardsServiceImpl : Service - Distance calculated: 2190.1051392494624
2021-11-27 20:34:21.310  INFO 530588 --- [nPool-worker-11] .t.t.s.TourGuideClientRewardsServiceImpl : Service - Distance calculated: 2087.930922074607
2021-11-27 20:34:21.310  INFO 530588 --- [nPool-worker-11] .t.t.s.TourGuideClientRewardsServiceImpl : Service - Distance calculated: 2115.538410342738
2021-11-27 20:34:21.310  INFO 530588 --- [nPool-worker-11] .t.t.s.TourGuideClientRewardsServiceImpl : Service - Distance calculated: 2592.9396876799497
2021-11-27 20:34:21.310  INFO 530588 --- [nPool-worker-11] .t.t.s.TourGuideClientRewardsServiceImpl : Service - Distance calculated: 2379.6124726197527
2021-11-27 20:34:21.310  INFO 530588 --- [nPool-worker-11] .t.t.s.TourGuideClientRewardsServiceImpl : Service - Distance calculated: 4804.082096132501
2021-11-27 20:34:21.310  INFO 530588 --- [nPool-worker-11] .t.t.s.TourGuideClientRewardsServiceImpl : Service - Distance calculated: 2851.8631274379472
2021-11-27 20:34:21.310  INFO 530588 --- [onPool-worker-5] .t.t.s.TourGuideClientRewardsServiceImpl : Service - Distance calculated: 8832.299031287095
2021-11-27 20:34:21.310  INFO 530588 --- [onPool-worker-8] .t.t.s.TourGuideClientRewardsServiceImpl : Service - Distance calculated: 7524.373715883186
2021-11-27 20:34:21.310  INFO 530588 --- [nPool-worker-12] .t.t.s.TourGuideClientRewardsServiceImpl : Service - Distance calculated: 774.5207212649109
2021-11-27 20:34:21.310  INFO 530588 --- [onPool-worker-8] .t.t.s.TourGuideClientRewardsServiceImpl : Service - Distance calculated: 7720.965835351193
2021-11-27 20:34:21.310  INFO 530588 --- [nPool-worker-12] .t.t.s.TourGuideClientRewardsServiceImpl : Service - Distance calculated: 164.91310606753288
2021-11-27 20:34:21.310  INFO 530588 --- [onPool-worker-8] .t.t.s.TourGuideClientRewardsServiceImpl : Service - Distance calculated: 7321.087339300957
2021-11-27 20:34:21.310  INFO 530588 --- [nPool-worker-12] .t.t.s.TourGuideClientRewardsServiceImpl : Service - Distance calculated: 115.99464245531166
2021-11-27 20:34:21.310  INFO 530588 --- [onPool-worker-8] .t.t.s.TourGuideClientRewardsServiceImpl : Service - Distance calculated: 7692.490004230321
2021-11-27 20:34:21.310  INFO 530588 --- [nPool-worker-12] .t.t.s.TourGuideClientRewardsServiceImpl : Service - Distance calculated: 1428.8577204882306
2021-11-27 20:34:21.310  INFO 530588 --- [nPool-worker-12] .t.t.s.TourGuideClientRewardsServiceImpl : Service - Distance calculated: 1418.571827418631
2021-11-27 20:34:21.310  INFO 530588 --- [nPool-worker-12] .t.t.s.TourGuideClientRewardsServiceImpl : Service - Distance calculated: 460.11990361699293
2021-11-27 20:34:21.310  INFO 530588 --- [nPool-worker-12] .t.t.s.TourGuideClientRewardsServiceImpl : Service - Distance calculated: 1992.7911930022951
2021-11-27 20:34:21.310  INFO 530588 --- [nPool-worker-12] .t.t.s.TourGuideClientRewardsServiceImpl : Service - Distance calculated: 1906.7972782801585
2021-11-27 20:34:21.310  INFO 530588 --- [nPool-worker-13] .t.t.s.TourGuideClientRewardsServiceImpl : Service - Distance calculated: 8074.094094003358
2021-11-27 20:34:21.311  INFO 530588 --- [nPool-worker-12] .t.t.s.TourGuideClientRewardsServiceImpl : Service - Distance calculated: 2360.645624935619
2021-11-27 20:34:21.311  INFO 530588 --- [nPool-worker-13] .t.t.s.TourGuideClientRewardsServiceImpl : Service - Distance calculated: 8163.568079427017
2021-11-27 20:34:21.311  INFO 530588 --- [nPool-worker-12] .t.t.s.TourGuideClientRewardsServiceImpl : Service - Distance calculated: 2434.494471527265
2021-11-27 20:34:21.311  INFO 530588 --- [nPool-worker-13] .t.t.s.TourGuideClientRewardsServiceImpl : Service - Distance calculated: 7400.544541148166
2021-11-27 20:34:21.311  INFO 530588 --- [nPool-worker-12] .t.t.s.TourGuideClientRewardsServiceImpl : Service - Distance calculated: 2148.3967563579567
2021-11-27 20:34:21.311  INFO 530588 --- [nPool-worker-13] .t.t.s.TourGuideClientRewardsServiceImpl : Service - Distance calculated: 7489.266822591823
2021-11-27 20:34:21.311  INFO 530588 --- [nPool-worker-12] .t.t.s.TourGuideClientRewardsServiceImpl : Service - Distance calculated: 2282.746325565392
2021-11-27 20:34:21.311  INFO 530588 --- [nPool-worker-13] .t.t.s.TourGuideClientRewardsServiceImpl : Service - Distance calculated: 8174.833631409521
2021-11-27 20:34:21.311  INFO 530588 --- [nPool-worker-12] .t.t.s.TourGuideClientRewardsServiceImpl : Service - Distance calculated: 2289.4339721013357
2021-11-27 20:34:21.311  INFO 530588 --- [nPool-worker-13] .t.t.s.TourGuideClientRewardsServiceImpl : Service - Distance calculated: 6819.380918952905
2021-11-27 20:34:21.311  INFO 530588 --- [nPool-worker-12] .t.t.s.TourGuideClientRewardsServiceImpl : Service - Distance calculated: 1204.372289719331
2021-11-27 20:34:21.311  INFO 530588 --- [nPool-worker-13] .t.t.s.TourGuideClientRewardsServiceImpl : Service - Distance calculated: 7019.2897132971675
2021-11-27 20:34:21.311  INFO 530588 --- [nPool-worker-12] .t.t.s.TourGuideClientRewardsServiceImpl : Service - Distance calculated: 1742.5694022642394
2021-11-27 20:34:21.311  INFO 530588 --- [nPool-worker-12] .t.t.s.TourGuideClientRewardsServiceImpl : Service - Distance calculated: 1576.7472428725728
2021-11-27 20:34:21.310  INFO 530588 --- [nPool-worker-11] .t.t.s.TourGuideClientRewardsServiceImpl : Service - Distance calculated: 2655.6861668579622
2021-11-27 20:34:21.311  INFO 530588 --- [nPool-worker-12] .t.t.s.TourGuideClientRewardsServiceImpl : Service - Distance calculated: 1921.4807999190489
2021-11-27 20:34:21.310  INFO 530588 --- [onPool-worker-5] .t.t.s.TourGuideClientRewardsServiceImpl : Service - Distance calculated: 8848.782080085932
2021-11-27 20:34:21.311  INFO 530588 --- [nPool-worker-11] .t.t.s.TourGuideClientRewardsServiceImpl : Service - Distance calculated: 2658.368989818179
2021-11-27 20:34:21.310  INFO 530588 --- [onPool-worker-8] .t.t.s.TourGuideClientRewardsServiceImpl : Service - Distance calculated: 7267.94173890969
2021-11-27 20:34:21.311  INFO 530588 --- [nPool-worker-11] .t.t.s.TourGuideClientRewardsServiceImpl : Service - Distance calculated: 1867.1442419940013
2021-11-27 20:34:21.311  INFO 530588 --- [onPool-worker-5] .t.t.s.TourGuideClientRewardsServiceImpl : Service - Distance calculated: 9889.463435925865
2021-11-27 20:34:21.311  INFO 530588 --- [nPool-worker-13] .t.t.s.TourGuideClientRewardsServiceImpl : Service - Distance calculated: 6388.1885166241245
2021-11-27 20:34:21.311  INFO 530588 --- [onPool-worker-8] .t.t.s.TourGuideClientRewardsServiceImpl : Service - Distance calculated: 7857.155934900063
2021-11-27 20:34:21.311  INFO 530588 --- [onPool-worker-5] .t.t.s.TourGuideClientRewardsServiceImpl : Service - Distance calculated: 8892.874563350213
2021-11-27 20:34:21.311  INFO 530588 --- [nPool-worker-13] .t.t.s.TourGuideClientRewardsServiceImpl : Service - Distance calculated: 6448.895884014743
2021-11-27 20:34:21.311  INFO 530588 --- [onPool-worker-5] .t.t.s.TourGuideClientRewardsServiceImpl : Service - Distance calculated: 9506.146989575134
2021-11-27 20:34:21.311  INFO 530588 --- [nPool-worker-13] .t.t.s.TourGuideClientRewardsServiceImpl : Service - Distance calculated: 6706.878127033724
2021-11-27 20:34:21.311  INFO 530588 --- [onPool-worker-5] .t.t.s.TourGuideClientRewardsServiceImpl : Service - Distance calculated: 9778.069465717961
2021-11-27 20:34:21.311  INFO 530588 --- [nPool-worker-13] .t.t.s.TourGuideClientRewardsServiceImpl : Service - Distance calculated: 6653.324676619516
2021-11-27 20:34:21.311  INFO 530588 --- [nPool-worker-12] .t.t.s.TourGuideClientRewardsServiceImpl : Service - Distance calculated: 1277.6245433336508
2021-11-27 20:34:21.311  INFO 530588 --- [nPool-worker-13] .t.t.s.TourGuideClientRewardsServiceImpl : Service - Distance calculated: 7326.801242310792
2021-11-27 20:34:21.311  INFO 530588 --- [nPool-worker-13] .t.t.s.TourGuideClientRewardsServiceImpl : Service - Distance calculated: 7887.806373180746
2021-11-27 20:34:21.311  INFO 530588 --- [nPool-worker-12] .t.t.s.TourGuideClientRewardsServiceImpl : Service - Distance calculated: 87.03441722159666
2021-11-27 20:34:21.311  INFO 530588 --- [nPool-worker-13] .t.t.s.TourGuideClientRewardsServiceImpl : Service - Distance calculated: 7350.097142849132
2021-11-27 20:34:21.311  INFO 530588 --- [nPool-worker-12] .t.t.s.TourGuideClientRewardsServiceImpl : Service - Distance calculated: 2127.2478407793283
2021-11-27 20:34:21.311  INFO 530588 --- [nPool-worker-12] .t.t.s.TourGuideClientRewardsServiceImpl : Service - Distance calculated: 2578.910516018122
2021-11-27 20:34:21.311  INFO 530588 --- [nPool-worker-12] .t.t.s.TourGuideClientRewardsServiceImpl : Service - Distance calculated: 680.6158831369517
2021-11-27 20:34:21.311  INFO 530588 --- [nPool-worker-12] .t.t.s.TourGuideClientRewardsServiceImpl : Service - Distance calculated: 1344.090272349311
2021-11-27 20:34:21.311  INFO 530588 --- [nPool-worker-12] .t.t.s.TourGuideClientRewardsServiceImpl : Service - Distance calculated: 2440.177336041544
2021-11-27 20:34:21.311  INFO 530588 --- [nPool-worker-12] .t.t.s.TourGuideClientRewardsServiceImpl : Service - Distance calculated: 2168.830527042806
2021-11-27 20:34:21.311  INFO 530588 --- [nPool-worker-12] .t.t.s.TourGuideClientRewardsServiceImpl : Service - Calculate rewards points for user: internalUser51
2021-11-27 20:34:21.311  INFO 530588 --- [nPool-worker-11] .t.t.s.TourGuideClientRewardsServiceImpl : Service - Distance calculated: 1792.009325185848
2021-11-27 20:34:21.311  INFO 530588 --- [onPool-worker-8] .t.t.s.TourGuideClientRewardsServiceImpl : Service - Distance calculated: 6766.962934385101
2021-11-27 20:34:21.311  INFO 530588 --- [nPool-worker-11] .t.t.s.TourGuideClientRewardsServiceImpl : Service - Distance calculated: 2059.8408151944145
2021-11-27 20:34:21.311  INFO 530588 --- [onPool-worker-5] .t.t.s.TourGuideClientRewardsServiceImpl : Service - Distance calculated: 8882.226884963824
2021-11-27 20:34:21.311  INFO 530588 --- [nPool-worker-11] .t.t.s.TourGuideClientRewardsServiceImpl : Service - Distance calculated: 1821.8279300762676
2021-11-27 20:34:21.311  INFO 530588 --- [onPool-worker-8] .t.t.s.TourGuideClientRewardsServiceImpl : Service - Distance calculated: 7518.876149514275
2021-11-27 20:34:21.311  INFO 530588 --- [nPool-worker-13] .t.t.s.TourGuideClientRewardsServiceImpl : Service - Distance calculated: 7636.394190304747
2021-11-27 20:34:21.311  INFO 530588 --- [onPool-worker-8] .t.t.s.TourGuideClientRewardsServiceImpl : Service - Distance calculated: 7121.5232178616825
2021-11-27 20:34:21.311  INFO 530588 --- [onPool-worker-8] .t.t.s.TourGuideClientRewardsServiceImpl : Service - Distance calculated: 6899.560828173643
2021-11-27 20:34:21.311  INFO 530588 --- [onPool-worker-8] .t.t.s.TourGuideClientRewardsServiceImpl : Service - Distance calculated: 7822.43943889181
2021-11-27 20:34:21.311  INFO 530588 --- [onPool-worker-8] .t.t.s.TourGuideClientRewardsServiceImpl : Service - Distance calculated: 5.8950310023474215E-5
2021-11-27 20:34:21.311  INFO 530588 --- [nPool-worker-11] .t.t.s.TourGuideClientRewardsServiceImpl : Service - Distance calculated: 2307.0594447989697
2021-11-27 20:34:21.311  INFO 530588 --- [nPool-worker-13] .t.t.s.TourGuideClientRewardsServiceImpl : Service - Distance calculated: 7070.469477187901
2021-11-27 20:34:21.311  INFO 530588 --- [onPool-worker-5] .t.t.s.TourGuideClientRewardsServiceImpl : Service - Distance calculated: 5.8950310023474215E-5
2021-11-27 20:34:21.311  INFO 530588 --- [nPool-worker-13] .t.t.s.TourGuideClientRewardsServiceImpl : Service - Distance calculated: 7820.136062933201
2021-11-27 20:34:21.311  INFO 530588 --- [nPool-worker-13] .t.t.s.TourGuideClientRewardsServiceImpl : Service - Distance calculated: 8261.436245528264
2021-11-27 20:34:21.311  INFO 530588 --- [nPool-worker-13] .t.t.s.TourGuideClientRewardsServiceImpl : Service - Distance calculated: 7384.457617811869
2021-11-27 20:34:21.311  INFO 530588 --- [nPool-worker-13] .t.t.s.TourGuideClientRewardsServiceImpl : Service - Distance calculated: 6264.188743750794
2021-11-27 20:34:21.311  INFO 530588 --- [nPool-worker-13] .t.t.s.TourGuideClientRewardsServiceImpl : Service - Distance calculated: 8076.8242404674875
2021-11-27 20:34:21.311  INFO 530588 --- [nPool-worker-13] .t.t.s.TourGuideClientRewardsServiceImpl : Service - Distance calculated: 7295.5674878248
2021-11-27 20:34:21.311  INFO 530588 --- [nPool-worker-13] .t.t.s.TourGuideClientRewardsServiceImpl : Service - Distance calculated: 6439.331547557109
2021-11-27 20:34:21.311  INFO 530588 --- [nPool-worker-13] .t.t.s.TourGuideClientRewardsServiceImpl : Service - Distance calculated: 7325.453869406181
2021-11-27 20:34:21.311  INFO 530588 --- [nPool-worker-13] .t.t.s.TourGuideClientRewardsServiceImpl : Service - Distance calculated: 9031.34655853704
2021-11-27 20:34:21.311  INFO 530588 --- [nPool-worker-13] .t.t.s.TourGuideClientRewardsServiceImpl : Service - Distance calculated: 9730.071861443055
2021-11-27 20:34:21.311  INFO 530588 --- [nPool-worker-13] .t.t.s.TourGuideClientRewardsServiceImpl : Service - Distance calculated: 9132.179328888433
2021-11-27 20:34:21.311  INFO 530588 --- [nPool-worker-13] .t.t.s.TourGuideClientRewardsServiceImpl : Service - Distance calculated: 9043.89459462705
2021-11-27 20:34:21.311  INFO 530588 --- [nPool-worker-13] .t.t.s.TourGuideClientRewardsServiceImpl : Service - Distance calculated: 9232.569115007143
2021-11-27 20:34:21.311  INFO 530588 --- [nPool-worker-13] .t.t.s.TourGuideClientRewardsServiceImpl : Service - Distance calculated: 9131.528566456893
2021-11-27 20:34:21.311  INFO 530588 --- [nPool-worker-13] .t.t.s.TourGuideClientRewardsServiceImpl : Service - Distance calculated: 8921.79497007774
2021-11-27 20:34:21.311  INFO 530588 --- [nPool-worker-13] .t.t.s.TourGuideClientRewardsServiceImpl : Service - Distance calculated: 9493.787569013868
2021-11-27 20:34:21.311  INFO 530588 --- [onPool-worker-8] .t.t.s.TourGuideClientRewardsServiceImpl : Service - Distance calculated: 774.5207212649109
2021-11-27 20:34:21.311  INFO 530588 --- [nPool-worker-11] .t.t.s.TourGuideClientRewardsServiceImpl : Service - Distance calculated: 1810.552682794246
2021-11-27 20:34:21.311  INFO 530588 --- [onPool-worker-8] .t.t.s.TourGuideClientRewardsServiceImpl : Service - Distance calculated: 164.91310606753288
2021-11-27 20:34:21.311  INFO 530588 --- [nPool-worker-11] .t.t.s.TourGuideClientRewardsServiceImpl : Service - Distance calculated: 2391.9951401490493
2021-11-27 20:34:21.311  INFO 530588 --- [nPool-worker-11] .t.t.s.TourGuideClientRewardsServiceImpl : Service - Distance calculated: 1851.9763144615647
2021-11-27 20:34:21.311  INFO 530588 --- [nPool-worker-11] .t.t.s.TourGuideClientRewardsServiceImpl : Service - Distance calculated: 3026.888258249912
2021-11-27 20:34:21.311  INFO 530588 --- [nPool-worker-11] .t.t.s.TourGuideClientRewardsServiceImpl : Service - Distance calculated: 2011.5835850792987
2021-11-27 20:34:21.311  INFO 530588 --- [nPool-worker-11] .t.t.s.TourGuideClientRewardsServiceImpl : Service - Distance calculated: 2391.4268791277873
2021-11-27 20:34:21.311  INFO 530588 --- [nPool-worker-11] .t.t.s.TourGuideClientRewardsServiceImpl : Service - Distance calculated: 2861.6778858758744
2021-11-27 20:34:21.311  INFO 530588 --- [nPool-worker-11] .t.t.s.TourGuideClientRewardsServiceImpl : Service - Distance calculated: 1904.0639845937847
2021-11-27 20:34:21.311  INFO 530588 --- [nPool-worker-11] .t.t.s.TourGuideClientRewardsServiceImpl : Service - Distance calculated: 8734.693901507007
2021-11-27 20:34:21.311  INFO 530588 --- [onPool-worker-5] .t.t.s.TourGuideClientRewardsServiceImpl : Service - Distance calculated: 774.5207212649109
2021-11-27 20:34:21.311  INFO 530588 --- [onPool-worker-5] .t.t.s.TourGuideClientRewardsServiceImpl : Service - Distance calculated: 164.91310606753288
2021-11-27 20:34:21.311  INFO 530588 --- [onPool-worker-5] .t.t.s.TourGuideClientRewardsServiceImpl : Service - Distance calculated: 115.99464245531166
2021-11-27 20:34:21.311  INFO 530588 --- [onPool-worker-5] .t.t.s.TourGuideClientRewardsServiceImpl : Service - Distance calculated: 1428.8577204882306
2021-11-27 20:34:21.311  INFO 530588 --- [onPool-worker-5] .t.t.s.TourGuideClientRewardsServiceImpl : Service - Distance calculated: 1418.571827418631
2021-11-27 20:34:21.311  INFO 530588 --- [onPool-worker-5] .t.t.s.TourGuideClientRewardsServiceImpl : Service - Distance calculated: 460.11990361699293
2021-11-27 20:34:21.311  INFO 530588 --- [onPool-worker-5] .t.t.s.TourGuideClientRewardsServiceImpl : Service - Distance calculated: 1992.7911930022951
2021-11-27 20:34:21.311  INFO 530588 --- [onPool-worker-5] .t.t.s.TourGuideClientRewardsServiceImpl : Service - Distance calculated: 1906.7972782801585
2021-11-27 20:34:21.311  INFO 530588 --- [onPool-worker-5] .t.t.s.TourGuideClientRewardsServiceImpl : Service - Distance calculated: 2360.645624935619
2021-11-27 20:34:21.311  INFO 530588 --- [onPool-worker-5] .t.t.s.TourGuideClientRewardsServiceImpl : Service - Distance calculated: 2434.494471527265
2021-11-27 20:34:21.311  INFO 530588 --- [onPool-worker-5] .t.t.s.TourGuideClientRewardsServiceImpl : Service - Distance calculated: 2148.3967563579567
2021-11-27 20:34:21.311  INFO 530588 --- [onPool-worker-5] .t.t.s.TourGuideClientRewardsServiceImpl : Service - Distance calculated: 2282.746325565392
2021-11-27 20:34:21.311  INFO 530588 --- [onPool-worker-5] .t.t.s.TourGuideClientRewardsServiceImpl : Service - Distance calculated: 2289.4339721013357
2021-11-27 20:34:21.311  INFO 530588 --- [onPool-worker-5] .t.t.s.TourGuideClientRewardsServiceImpl : Service - Distance calculated: 1204.372289719331
2021-11-27 20:34:21.311  INFO 530588 --- [onPool-worker-5] .t.t.s.TourGuideClientRewardsServiceImpl : Service - Distance calculated: 1742.5694022642394
2021-11-27 20:34:21.311  INFO 530588 --- [onPool-worker-5] .t.t.s.TourGuideClientRewardsServiceImpl : Service - Distance calculated: 1576.7472428725728
2021-11-27 20:34:21.311  INFO 530588 --- [onPool-worker-5] .t.t.s.TourGuideClientRewardsServiceImpl : Service - Distance calculated: 1921.4807999190489
2021-11-27 20:34:21.311  INFO 530588 --- [onPool-worker-5] .t.t.s.TourGuideClientRewardsServiceImpl : Service - Distance calculated: 1277.6245433336508
2021-11-27 20:34:21.311  INFO 530588 --- [onPool-worker-5] .t.t.s.TourGuideClientRewardsServiceImpl : Service - Distance calculated: 87.03441722159666
2021-11-27 20:34:21.312  INFO 530588 --- [onPool-worker-5] .t.t.s.TourGuideClientRewardsServiceImpl : Service - Distance calculated: 2127.2478407793283
2021-11-27 20:34:21.312  INFO 530588 --- [onPool-worker-5] .t.t.s.TourGuideClientRewardsServiceImpl : Service - Distance calculated: 2578.910516018122
2021-11-27 20:34:21.311  INFO 530588 --- [nPool-worker-13] .t.t.s.TourGuideClientRewardsServiceImpl : Service - Distance calculated: 9303.327469139382
2021-11-27 20:34:21.312  INFO 530588 --- [onPool-worker-5] .t.t.s.TourGuideClientRewardsServiceImpl : Service - Distance calculated: 680.6158831369517
2021-11-27 20:34:21.311  INFO 530588 --- [onPool-worker-8] .t.t.s.TourGuideClientRewardsServiceImpl : Service - Distance calculated: 115.99464245531166
2021-11-27 20:34:21.312  INFO 530588 --- [nPool-worker-13] .t.t.s.TourGuideClientRewardsServiceImpl : Service - Distance calculated: 10686.041636154816
2021-11-27 20:34:21.312  INFO 530588 --- [onPool-worker-8] .t.t.s.TourGuideClientRewardsServiceImpl : Service - Distance calculated: 1428.8577204882306
2021-11-27 20:34:21.312  INFO 530588 --- [onPool-worker-8] .t.t.s.TourGuideClientRewardsServiceImpl : Service - Distance calculated: 1418.571827418631
2021-11-27 20:34:21.312  INFO 530588 --- [onPool-worker-8] .t.t.s.TourGuideClientRewardsServiceImpl : Service - Distance calculated: 460.11990361699293
2021-11-27 20:34:21.312  INFO 530588 --- [onPool-worker-8] .t.t.s.TourGuideClientRewardsServiceImpl : Service - Distance calculated: 1992.7911930022951
2021-11-27 20:34:21.312  INFO 530588 --- [onPool-worker-8] .t.t.s.TourGuideClientRewardsServiceImpl : Service - Distance calculated: 1906.7972782801585
2021-11-27 20:34:21.312  INFO 530588 --- [onPool-worker-8] .t.t.s.TourGuideClientRewardsServiceImpl : Service - Distance calculated: 2360.645624935619
2021-11-27 20:34:21.312  INFO 530588 --- [onPool-worker-8] .t.t.s.TourGuideClientRewardsServiceImpl : Service - Distance calculated: 2434.494471527265
2021-11-27 20:34:21.312  INFO 530588 --- [nPool-worker-13] .t.t.s.TourGuideClientRewardsServiceImpl : Service - Distance calculated: 9525.484142113815
2021-11-27 20:34:21.312  INFO 530588 --- [nPool-worker-13] .t.t.s.TourGuideClientRewardsServiceImpl : Service - Distance calculated: 9484.757109285903
2021-11-27 20:34:21.312  INFO 530588 --- [nPool-worker-13] .t.t.s.TourGuideClientRewardsServiceImpl : Service - Distance calculated: 9408.292635623096
2021-11-27 20:34:21.312  INFO 530588 --- [nPool-worker-13] .t.t.s.TourGuideClientRewardsServiceImpl : Service - Distance calculated: 8588.54400580002
2021-11-27 20:34:21.312  INFO 530588 --- [nPool-worker-13] .t.t.s.TourGuideClientRewardsServiceImpl : Service - Distance calculated: 8837.532117289975
2021-11-27 20:34:21.312  INFO 530588 --- [nPool-worker-13] .t.t.s.TourGuideClientRewardsServiceImpl : Service - Distance calculated: 9037.528232209817
2021-11-27 20:34:21.312  INFO 530588 --- [nPool-worker-13] .t.t.s.TourGuideClientRewardsServiceImpl : Service - Distance calculated: 8847.250601835703
2021-11-27 20:34:21.312  INFO 530588 --- [nPool-worker-13] .t.t.s.TourGuideClientRewardsServiceImpl : Service - Distance calculated: 9221.870553437659
2021-11-27 20:34:21.312  INFO 530588 --- [nPool-worker-13] .t.t.s.TourGuideClientRewardsServiceImpl : Service - Distance calculated: 8860.899420421993
2021-11-27 20:34:21.312  INFO 530588 --- [nPool-worker-13] .t.t.s.TourGuideClientRewardsServiceImpl : Service - Distance calculated: 8959.985174920621
2021-11-27 20:34:21.312  INFO 530588 --- [nPool-worker-13] .t.t.s.TourGuideClientRewardsServiceImpl : Service - Distance calculated: 8671.048424285305
2021-11-27 20:34:21.312  INFO 530588 --- [nPool-worker-13] .t.t.s.TourGuideClientRewardsServiceImpl : Service - Distance calculated: 9621.964675153493
2021-11-27 20:34:21.312  INFO 530588 --- [nPool-worker-13] .t.t.s.TourGuideClientRewardsServiceImpl : Service - Distance calculated: 8927.150205496706
2021-11-27 20:34:21.312  INFO 530588 --- [nPool-worker-13] .t.t.s.TourGuideClientRewardsServiceImpl : Service - Distance calculated: 9441.252198415059
2021-11-27 20:34:21.312  INFO 530588 --- [nPool-worker-13] .t.t.s.TourGuideClientRewardsServiceImpl : Service - Distance calculated: 9532.769736705846
2021-11-27 20:34:21.312  INFO 530588 --- [nPool-worker-13] .t.t.s.TourGuideClientRewardsServiceImpl : Service - Distance calculated: 8697.291466599909
2021-11-27 20:34:21.312  INFO 530588 --- [nPool-worker-13] .t.t.s.TourGuideClientRewardsServiceImpl : Service - Distance calculated: 5.8950310023474215E-5
2021-11-27 20:34:21.311  INFO 530588 --- [nPool-worker-11] .t.t.s.TourGuideClientRewardsServiceImpl : Service - Distance calculated: 8229.185824016218
2021-11-27 20:34:21.312  INFO 530588 --- [nPool-worker-13] .t.t.s.TourGuideClientRewardsServiceImpl : Service - Distance calculated: 774.5207212649109
2021-11-27 20:34:21.312  INFO 530588 --- [onPool-worker-5] .t.t.s.TourGuideClientRewardsServiceImpl : Service - Distance calculated: 1344.090272349311
2021-11-27 20:34:21.312  INFO 530588 --- [onPool-worker-8] .t.t.s.TourGuideClientRewardsServiceImpl : Service - Distance calculated: 2148.3967563579567
2021-11-27 20:34:21.312  INFO 530588 --- [onPool-worker-5] .t.t.s.TourGuideClientRewardsServiceImpl : Service - Distance calculated: 2440.177336041544
2021-11-27 20:34:21.312  INFO 530588 --- [nPool-worker-11] .t.t.s.TourGuideClientRewardsServiceImpl : Service - Distance calculated: 8583.534901817893
2021-11-27 20:34:21.312  INFO 530588 --- [onPool-worker-5] .t.t.s.TourGuideClientRewardsServiceImpl : Service - Distance calculated: 2168.830527042806
2021-11-27 20:34:21.312  INFO 530588 --- [onPool-worker-8] .t.t.s.TourGuideClientRewardsServiceImpl : Service - Distance calculated: 2282.746325565392
2021-11-27 20:34:21.312  INFO 530588 --- [nPool-worker-11] .t.t.s.TourGuideClientRewardsServiceImpl : Service - Distance calculated: 8619.717398317825
2021-11-27 20:34:21.312  INFO 530588 --- [onPool-worker-8] .t.t.s.TourGuideClientRewardsServiceImpl : Service - Distance calculated: 2289.4339721013357
2021-11-27 20:34:21.312  INFO 530588 --- [nPool-worker-11] .t.t.s.TourGuideClientRewardsServiceImpl : Service - Distance calculated: 7307.177597512822
2021-11-27 20:34:21.312  INFO 530588 --- [onPool-worker-8] .t.t.s.TourGuideClientRewardsServiceImpl : Service - Distance calculated: 1204.372289719331
2021-11-27 20:34:21.312  INFO 530588 --- [onPool-worker-8] .t.t.s.TourGuideClientRewardsServiceImpl : Service - Distance calculated: 1742.5694022642394
2021-11-27 20:34:21.312  INFO 530588 --- [nPool-worker-13] .t.t.s.TourGuideClientRewardsServiceImpl : Service - Distance calculated: 164.91310606753288
2021-11-27 20:34:21.312  INFO 530588 --- [onPool-worker-8] .t.t.s.TourGuideClientRewardsServiceImpl : Service - Distance calculated: 1576.7472428725728
2021-11-27 20:34:21.312  INFO 530588 --- [onPool-worker-8] .t.t.s.TourGuideClientRewardsServiceImpl : Service - Distance calculated: 1921.4807999190489
2021-11-27 20:34:21.312  INFO 530588 --- [onPool-worker-8] .t.t.s.TourGuideClientRewardsServiceImpl : Service - Distance calculated: 1277.6245433336508
2021-11-27 20:34:21.312  INFO 530588 --- [nPool-worker-13] .t.t.s.TourGuideClientRewardsServiceImpl : Service - Distance calculated: 115.99464245531166
2021-11-27 20:34:21.312  INFO 530588 --- [onPool-worker-8] .t.t.s.TourGuideClientRewardsServiceImpl : Service - Distance calculated: 87.03441722159666
2021-11-27 20:34:21.312  INFO 530588 --- [onPool-worker-5] .t.t.s.TourGuideClientRewardsServiceImpl : Service - Calculate rewards points for user: internalUser64
2021-11-27 20:34:21.312  INFO 530588 --- [nPool-worker-11] .t.t.s.TourGuideClientRewardsServiceImpl : Service - Distance calculated: 7316.489889333609
2021-11-27 20:34:21.312  INFO 530588 --- [nPool-worker-13] .t.t.s.TourGuideClientRewardsServiceImpl : Service - Distance calculated: 1428.8577204882306
2021-11-27 20:34:21.312  INFO 530588 --- [nPool-worker-11] .t.t.s.TourGuideClientRewardsServiceImpl : Service - Distance calculated: 8316.570891149868
2021-11-27 20:34:21.312  INFO 530588 --- [onPool-worker-8] .t.t.s.TourGuideClientRewardsServiceImpl : Service - Distance calculated: 2127.2478407793283
2021-11-27 20:34:21.312  INFO 530588 --- [nPool-worker-11] .t.t.s.TourGuideClientRewardsServiceImpl : Service - Distance calculated: 6777.0843893046995
2021-11-27 20:34:21.312  INFO 530588 --- [nPool-worker-13] .t.t.s.TourGuideClientRewardsServiceImpl : Service - Distance calculated: 1418.571827418631
2021-11-27 20:34:21.312  INFO 530588 --- [nPool-worker-11] .t.t.s.TourGuideClientRewardsServiceImpl : Service - Distance calculated: 6836.741100246088
2021-11-27 20:34:21.312  INFO 530588 --- [onPool-worker-8] .t.t.s.TourGuideClientRewardsServiceImpl : Service - Distance calculated: 2578.910516018122
2021-11-27 20:34:21.312  INFO 530588 --- [nPool-worker-13] .t.t.s.TourGuideClientRewardsServiceImpl : Service - Distance calculated: 460.11990361699293
2021-11-27 20:34:21.312  INFO 530588 --- [nPool-worker-13] .t.t.s.TourGuideClientRewardsServiceImpl : Service - Distance calculated: 1992.7911930022951
2021-11-27 20:34:21.312  INFO 530588 --- [onPool-worker-8] .t.t.s.TourGuideClientRewardsServiceImpl : Service - Distance calculated: 680.6158831369517
2021-11-27 20:34:21.312  INFO 530588 --- [nPool-worker-13] .t.t.s.TourGuideClientRewardsServiceImpl : Service - Distance calculated: 1906.7972782801585
2021-11-27 20:34:21.312  INFO 530588 --- [nPool-worker-11] .t.t.s.TourGuideClientRewardsServiceImpl : Service - Distance calculated: 8862.937348592983
2021-11-27 20:34:21.312  INFO 530588 --- [nPool-worker-11] .t.t.s.TourGuideClientRewardsServiceImpl : Service - Distance calculated: 6354.558174321559
2021-11-27 20:34:21.312  INFO 530588 --- [onPool-worker-8] .t.t.s.TourGuideClientRewardsServiceImpl : Service - Distance calculated: 1344.090272349311
2021-11-27 20:34:21.312  INFO 530588 --- [nPool-worker-13] .t.t.s.TourGuideClientRewardsServiceImpl : Service - Distance calculated: 2360.645624935619
2021-11-27 20:34:21.312  INFO 530588 --- [nPool-worker-13] .t.t.s.TourGuideClientRewardsServiceImpl : Service - Distance calculated: 2434.494471527265
2021-11-27 20:34:21.312  INFO 530588 --- [onPool-worker-8] .t.t.s.TourGuideClientRewardsServiceImpl : Service - Distance calculated: 2440.177336041544
2021-11-27 20:34:21.312  INFO 530588 --- [onPool-worker-8] .t.t.s.TourGuideClientRewardsServiceImpl : Service - Distance calculated: 2168.830527042806
2021-11-27 20:34:21.312  INFO 530588 --- [onPool-worker-8] .t.t.s.TourGuideClientRewardsServiceImpl : Service - Calculate rewards points for user: internalUser65
2021-11-27 20:34:21.312  INFO 530588 --- [nPool-worker-11] .t.t.s.TourGuideClientRewardsServiceImpl : Service - Distance calculated: 6623.444491807433
2021-11-27 20:34:21.312  INFO 530588 --- [nPool-worker-13] .t.t.s.TourGuideClientRewardsServiceImpl : Service - Distance calculated: 2148.3967563579567
2021-11-27 20:34:21.313  INFO 530588 --- [nPool-worker-11] .t.t.s.TourGuideClientRewardsServiceImpl : Service - Distance calculated: 6480.722870824377
2021-11-27 20:34:21.313  INFO 530588 --- [nPool-worker-13] .t.t.s.TourGuideClientRewardsServiceImpl : Service - Distance calculated: 2282.746325565392
2021-11-27 20:34:21.313  INFO 530588 --- [nPool-worker-11] .t.t.s.TourGuideClientRewardsServiceImpl : Service - Distance calculated: 6484.3115513420225
2021-11-27 20:34:21.313  INFO 530588 --- [nPool-worker-13] .t.t.s.TourGuideClientRewardsServiceImpl : Service - Distance calculated: 2289.4339721013357
2021-11-27 20:34:21.313  INFO 530588 --- [nPool-worker-13] .t.t.s.TourGuideClientRewardsServiceImpl : Service - Distance calculated: 1204.372289719331
2021-11-27 20:34:21.313  INFO 530588 --- [nPool-worker-13] .t.t.s.TourGuideClientRewardsServiceImpl : Service - Distance calculated: 1742.5694022642394
2021-11-27 20:34:21.313  INFO 530588 --- [nPool-worker-13] .t.t.s.TourGuideClientRewardsServiceImpl : Service - Distance calculated: 1576.7472428725728
2021-11-27 20:34:21.313  INFO 530588 --- [nPool-worker-13] .t.t.s.TourGuideClientRewardsServiceImpl : Service - Distance calculated: 1921.4807999190489
2021-11-27 20:34:21.313  INFO 530588 --- [nPool-worker-11] .t.t.s.TourGuideClientRewardsServiceImpl : Service - Distance calculated: 7572.341877184956
2021-11-27 20:34:21.313  INFO 530588 --- [nPool-worker-13] .t.t.s.TourGuideClientRewardsServiceImpl : Service - Distance calculated: 1277.6245433336508
2021-11-27 20:34:21.313  INFO 530588 --- [nPool-worker-11] .t.t.s.TourGuideClientRewardsServiceImpl : Service - Distance calculated: 6994.353808302579
2021-11-27 20:34:21.313  INFO 530588 --- [nPool-worker-13] .t.t.s.TourGuideClientRewardsServiceImpl : Service - Distance calculated: 87.03441722159666
2021-11-27 20:34:21.313  INFO 530588 --- [nPool-worker-11] .t.t.s.TourGuideClientRewardsServiceImpl : Service - Distance calculated: 7184.024989137874
2021-11-27 20:34:21.313  INFO 530588 --- [nPool-worker-13] .t.t.s.TourGuideClientRewardsServiceImpl : Service - Distance calculated: 2127.2478407793283
2021-11-27 20:34:21.313  INFO 530588 --- [nPool-worker-11] .t.t.s.TourGuideClientRewardsServiceImpl : Service - Distance calculated: 6816.411701461803
2021-11-27 20:34:21.313  INFO 530588 --- [nPool-worker-13] .t.t.s.TourGuideClientRewardsServiceImpl : Service - Distance calculated: 2578.910516018122
2021-11-27 20:34:21.313  INFO 530588 --- [nPool-worker-11] .t.t.s.TourGuideClientRewardsServiceImpl : Service - Distance calculated: 7490.798207222193
2021-11-27 20:34:21.313  INFO 530588 --- [nPool-worker-13] .t.t.s.TourGuideClientRewardsServiceImpl : Service - Distance calculated: 680.6158831369517
2021-11-27 20:34:21.313  INFO 530588 --- [nPool-worker-11] .t.t.s.TourGuideClientRewardsServiceImpl : Service - Distance calculated: 8703.426818852666
2021-11-27 20:34:21.313  INFO 530588 --- [nPool-worker-13] .t.t.s.TourGuideClientRewardsServiceImpl : Service - Distance calculated: 1344.090272349311
2021-11-27 20:34:21.313  INFO 530588 --- [nPool-worker-11] .t.t.s.TourGuideClientRewardsServiceImpl : Service - Distance calculated: 6640.640379929742
2021-11-27 20:34:21.313  INFO 530588 --- [nPool-worker-13] .t.t.s.TourGuideClientRewardsServiceImpl : Service - Distance calculated: 2440.177336041544
2021-11-27 20:34:21.313  INFO 530588 --- [nPool-worker-11] .t.t.s.TourGuideClientRewardsServiceImpl : Service - Distance calculated: 6238.084124313157
2021-11-27 20:34:21.313  INFO 530588 --- [nPool-worker-13] .t.t.s.TourGuideClientRewardsServiceImpl : Service - Distance calculated: 2168.830527042806
2021-11-27 20:34:21.313  INFO 530588 --- [nPool-worker-11] .t.t.s.TourGuideClientRewardsServiceImpl : Service - Distance calculated: 8088.25792839018
2021-11-27 20:34:21.313  INFO 530588 --- [nPool-worker-13] .t.t.s.TourGuideClientRewardsServiceImpl : Service - Calculate rewards points for user: internalUser62
2021-11-27 20:34:21.313  INFO 530588 --- [nPool-worker-11] .t.t.s.TourGuideClientRewardsServiceImpl : Service - Distance calculated: 7413.981240594258
2021-11-27 20:34:21.313  INFO 530588 --- [nPool-worker-11] .t.t.s.TourGuideClientRewardsServiceImpl : Service - Distance calculated: 6350.556470259157
2021-11-27 20:34:21.313  INFO 530588 --- [nPool-worker-11] .t.t.s.TourGuideClientRewardsServiceImpl : Service - Distance calculated: 6592.733924097997
2021-11-27 20:34:21.313  INFO 530588 --- [nPool-worker-11] .t.t.s.TourGuideClientRewardsServiceImpl : Service - Distance calculated: 5.8950310023474215E-5
2021-11-27 20:34:21.313  INFO 530588 --- [nPool-worker-11] .t.t.s.TourGuideClientRewardsServiceImpl : Service - Distance calculated: 774.5207212649109
2021-11-27 20:34:21.313  INFO 530588 --- [nPool-worker-11] .t.t.s.TourGuideClientRewardsServiceImpl : Service - Distance calculated: 164.91310606753288
2021-11-27 20:34:21.313  INFO 530588 --- [nPool-worker-11] .t.t.s.TourGuideClientRewardsServiceImpl : Service - Distance calculated: 115.99464245531166
2021-11-27 20:34:21.313  INFO 530588 --- [nPool-worker-11] .t.t.s.TourGuideClientRewardsServiceImpl : Service - Distance calculated: 1428.8577204882306
2021-11-27 20:34:21.313  INFO 530588 --- [nPool-worker-11] .t.t.s.TourGuideClientRewardsServiceImpl : Service - Distance calculated: 1418.571827418631
2021-11-27 20:34:21.313  INFO 530588 --- [nPool-worker-11] .t.t.s.TourGuideClientRewardsServiceImpl : Service - Distance calculated: 460.11990361699293
2021-11-27 20:34:21.313  INFO 530588 --- [nPool-worker-11] .t.t.s.TourGuideClientRewardsServiceImpl : Service - Distance calculated: 1992.7911930022951
2021-11-27 20:34:21.313  INFO 530588 --- [nPool-worker-11] .t.t.s.TourGuideClientRewardsServiceImpl : Service - Distance calculated: 1906.7972782801585
2021-11-27 20:34:21.313  INFO 530588 --- [nPool-worker-11] .t.t.s.TourGuideClientRewardsServiceImpl : Service - Distance calculated: 2360.645624935619
2021-11-27 20:34:21.313  INFO 530588 --- [nPool-worker-11] .t.t.s.TourGuideClientRewardsServiceImpl : Service - Distance calculated: 2434.494471527265
2021-11-27 20:34:21.313  INFO 530588 --- [nPool-worker-11] .t.t.s.TourGuideClientRewardsServiceImpl : Service - Distance calculated: 2148.3967563579567
2021-11-27 20:34:21.313  INFO 530588 --- [nPool-worker-11] .t.t.s.TourGuideClientRewardsServiceImpl : Service - Distance calculated: 2282.746325565392
2021-11-27 20:34:21.313  INFO 530588 --- [nPool-worker-11] .t.t.s.TourGuideClientRewardsServiceImpl : Service - Distance calculated: 2289.4339721013357
2021-11-27 20:34:21.313  INFO 530588 --- [nPool-worker-11] .t.t.s.TourGuideClientRewardsServiceImpl : Service - Distance calculated: 1204.372289719331
2021-11-27 20:34:21.313  INFO 530588 --- [nPool-worker-11] .t.t.s.TourGuideClientRewardsServiceImpl : Service - Distance calculated: 1742.5694022642394
2021-11-27 20:34:21.313  INFO 530588 --- [nPool-worker-11] .t.t.s.TourGuideClientRewardsServiceImpl : Service - Distance calculated: 1576.7472428725728
2021-11-27 20:34:21.313  INFO 530588 --- [nPool-worker-11] .t.t.s.TourGuideClientRewardsServiceImpl : Service - Distance calculated: 1921.4807999190489
2021-11-27 20:34:21.313  INFO 530588 --- [nPool-worker-11] .t.t.s.TourGuideClientRewardsServiceImpl : Service - Distance calculated: 1277.6245433336508
2021-11-27 20:34:21.313  INFO 530588 --- [nPool-worker-11] .t.t.s.TourGuideClientRewardsServiceImpl : Service - Distance calculated: 87.03441722159666
2021-11-27 20:34:21.313  INFO 530588 --- [nPool-worker-11] .t.t.s.TourGuideClientRewardsServiceImpl : Service - Distance calculated: 2127.2478407793283
2021-11-27 20:34:21.313  INFO 530588 --- [nPool-worker-11] .t.t.s.TourGuideClientRewardsServiceImpl : Service - Distance calculated: 2578.910516018122
2021-11-27 20:34:21.313  INFO 530588 --- [nPool-worker-11] .t.t.s.TourGuideClientRewardsServiceImpl : Service - Distance calculated: 680.6158831369517
2021-11-27 20:34:21.313  INFO 530588 --- [nPool-worker-11] .t.t.s.TourGuideClientRewardsServiceImpl : Service - Distance calculated: 1344.090272349311
2021-11-27 20:34:21.313  INFO 530588 --- [nPool-worker-11] .t.t.s.TourGuideClientRewardsServiceImpl : Service - Distance calculated: 2440.177336041544
2021-11-27 20:34:21.313  INFO 530588 --- [nPool-worker-11] .t.t.s.TourGuideClientRewardsServiceImpl : Service - Distance calculated: 2168.830527042806
2021-11-27 20:34:21.313  INFO 530588 --- [nPool-worker-11] .t.t.s.TourGuideClientRewardsServiceImpl : Service - Calculate rewards points for user: internalUser63
2021-11-27 20:34:21.320  INFO 530588 --- [onPool-worker-2] .t.t.s.TourGuideClientRewardsServiceImpl : Service - Distance calculated: 1005.4755264958826
2021-11-27 20:34:21.321  INFO 530588 --- [onPool-worker-2] .t.t.s.TourGuideClientRewardsServiceImpl : Service - Distance calculated: 379.8910150047567
2021-11-27 20:34:21.321  INFO 530588 --- [onPool-worker-2] .t.t.s.TourGuideClientRewardsServiceImpl : Service - Distance calculated: 842.6741516491437
2021-11-27 20:34:21.321  INFO 530588 --- [onPool-worker-2] .t.t.s.TourGuideClientRewardsServiceImpl : Service - Distance calculated: 919.5807236966874
2021-11-27 20:34:21.321  INFO 530588 --- [onPool-worker-2] .t.t.s.TourGuideClientRewardsServiceImpl : Service - Distance calculated: 736.9047493690449
2021-11-27 20:34:21.321  INFO 530588 --- [onPool-worker-2] .t.t.s.TourGuideClientRewardsServiceImpl : Service - Distance calculated: 799.084460487621
2021-11-27 20:34:21.321  INFO 530588 --- [onPool-worker-2] .t.t.s.TourGuideClientRewardsServiceImpl : Service - Distance calculated: 853.5092224769489
2021-11-27 20:34:21.321  INFO 530588 --- [onPool-worker-2] .t.t.s.TourGuideClientRewardsServiceImpl : Service - Distance calculated: 1099.3866212981306
2021-11-27 20:34:21.321  INFO 530588 --- [onPool-worker-2] .t.t.s.TourGuideClientRewardsServiceImpl : Service - Distance calculated: 1089.8853596844706
2021-11-27 20:34:21.321  INFO 530588 --- [onPool-worker-2] .t.t.s.TourGuideClientRewardsServiceImpl : Service - Distance calculated: 2275.741331139409
2021-11-27 20:34:21.321  INFO 530588 --- [onPool-worker-2] .t.t.s.TourGuideClientRewardsServiceImpl : Service - Distance calculated: 1509.450088254267
2021-11-27 20:34:21.321  INFO 530588 --- [onPool-worker-2] .t.t.s.TourGuideClientRewardsServiceImpl : Service - Distance calculated: 1248.5758587998425
2021-11-27 20:34:21.321  INFO 530588 --- [onPool-worker-2] .t.t.s.TourGuideClientRewardsServiceImpl : Service - Distance calculated: 1395.255761828199
2021-11-27 20:34:21.321  INFO 530588 --- [onPool-worker-2] .t.t.s.TourGuideClientRewardsServiceImpl : Service - Distance calculated: 1706.4528575878057
2021-11-27 20:34:21.321  INFO 530588 --- [onPool-worker-2] .t.t.s.TourGuideClientRewardsServiceImpl : Service - Distance calculated: 922.9510327738302
2021-11-27 20:34:21.321  INFO 530588 --- [onPool-worker-2] .t.t.s.TourGuideClientRewardsServiceImpl : Service - Distance calculated: 1084.1751763451246
2021-11-27 20:34:21.321  INFO 530588 --- [onPool-worker-2] .t.t.s.TourGuideClientRewardsServiceImpl : Service - Distance calculated: 1090.2343940437772
2021-11-27 20:34:21.321  INFO 530588 --- [onPool-worker-2] .t.t.s.TourGuideClientRewardsServiceImpl : Service - Distance calculated: 1136.6320187841388
2021-11-27 20:34:21.321  INFO 530588 --- [onPool-worker-2] .t.t.s.TourGuideClientRewardsServiceImpl : Service - Distance calculated: 930.5005859414848
2021-11-27 20:34:21.321  INFO 530588 --- [onPool-worker-2] .t.t.s.TourGuideClientRewardsServiceImpl : Service - Distance calculated: 1026.5940588207468
2021-11-27 20:34:21.321  INFO 530588 --- [onPool-worker-2] .t.t.s.TourGuideClientRewardsServiceImpl : Service - Distance calculated: 1551.1334929770428
2021-11-27 20:34:21.321  INFO 530588 --- [onPool-worker-2] .t.t.s.TourGuideClientRewardsServiceImpl : Service - Distance calculated: 1629.3556645656536
2021-11-27 20:34:21.321  INFO 530588 --- [onPool-worker-2] .t.t.s.TourGuideClientRewardsServiceImpl : Service - Distance calculated: 785.9389019090191
2021-11-27 20:34:21.321  INFO 530588 --- [onPool-worker-2] .t.t.s.TourGuideClientRewardsServiceImpl : Service - Distance calculated: 530.7872328764549
2021-11-27 20:34:21.321  INFO 530588 --- [onPool-worker-2] .t.t.s.TourGuideClientRewardsServiceImpl : Service - Distance calculated: 1513.308512684603
2021-11-27 20:34:21.321  INFO 530588 --- [onPool-worker-2] .t.t.s.TourGuideClientRewardsServiceImpl : Service - Distance calculated: 1568.3461120603313
2021-11-27 20:34:21.321  INFO 530588 --- [onPool-worker-2] .t.t.s.TourGuideClientRewardsServiceImpl : Service - Distance calculated: 6292.226897296125
2021-11-27 20:34:21.321  INFO 530588 --- [onPool-worker-2] .t.t.s.TourGuideClientRewardsServiceImpl : Service - Distance calculated: 5572.847103318928
2021-11-27 20:34:21.321  INFO 530588 --- [onPool-worker-2] .t.t.s.TourGuideClientRewardsServiceImpl : Service - Distance calculated: 6128.402172719761
2021-11-27 20:34:21.321  INFO 530588 --- [onPool-worker-2] .t.t.s.TourGuideClientRewardsServiceImpl : Service - Distance calculated: 6201.033805023507
2021-11-27 20:34:21.321  INFO 530588 --- [onPool-worker-2] .t.t.s.TourGuideClientRewardsServiceImpl : Service - Distance calculated: 5032.7615392594425
2021-11-27 20:34:21.321  INFO 530588 --- [onPool-worker-4] .t.t.s.TourGuideClientRewardsServiceImpl : Service - Distance calculated: 5274.7003106581515
2021-11-27 20:34:21.321  INFO 530588 --- [onPool-worker-2] .t.t.s.TourGuideClientRewardsServiceImpl : Service - Distance calculated: 5094.4343999798675
2021-11-27 20:34:21.321  INFO 530588 --- [onPool-worker-2] .t.t.s.TourGuideClientRewardsServiceImpl : Service - Distance calculated: 6035.84039075248
2021-11-27 20:34:21.321  INFO 530588 --- [onPool-worker-4] .t.t.s.TourGuideClientRewardsServiceImpl : Service - Distance calculated: 5334.750024916953
2021-11-27 20:34:21.321  INFO 530588 --- [onPool-worker-2] .t.t.s.TourGuideClientRewardsServiceImpl : Service - Distance calculated: 4407.362358708339
2021-11-27 20:34:21.321  INFO 530588 --- [onPool-worker-4] .t.t.s.TourGuideClientRewardsServiceImpl : Service - Distance calculated: 5205.357902604138
2021-11-27 20:34:21.321  INFO 530588 --- [onPool-worker-2] .t.t.s.TourGuideClientRewardsServiceImpl : Service - Distance calculated: 4564.331670743695
2021-11-27 20:34:21.321  INFO 530588 --- [onPool-worker-4] .t.t.s.TourGuideClientRewardsServiceImpl : Service - Distance calculated: 5177.854913626145
2021-11-27 20:34:21.321  INFO 530588 --- [onPool-worker-2] .t.t.s.TourGuideClientRewardsServiceImpl : Service - Distance calculated: 5741.264078556968
2021-11-27 20:34:21.321  INFO 530588 --- [onPool-worker-4] .t.t.s.TourGuideClientRewardsServiceImpl : Service - Distance calculated: 4285.771045718851
2021-11-27 20:34:21.321  INFO 530588 --- [onPool-worker-2] .t.t.s.TourGuideClientRewardsServiceImpl : Service - Distance calculated: 3970.561402511632
2021-11-27 20:34:21.321  INFO 530588 --- [onPool-worker-4] .t.t.s.TourGuideClientRewardsServiceImpl : Service - Distance calculated: 4218.027235313411
2021-11-27 20:34:21.321  INFO 530588 --- [onPool-worker-2] .t.t.s.TourGuideClientRewardsServiceImpl : Service - Distance calculated: 4262.456596522397
2021-11-27 20:34:21.321  INFO 530588 --- [onPool-worker-4] .t.t.s.TourGuideClientRewardsServiceImpl : Service - Distance calculated: 4831.47418950916
2021-11-27 20:34:21.321  INFO 530588 --- [onPool-worker-2] .t.t.s.TourGuideClientRewardsServiceImpl : Service - Distance calculated: 4161.908524538418
2021-11-27 20:34:21.321  INFO 530588 --- [onPool-worker-4] .t.t.s.TourGuideClientRewardsServiceImpl : Service - Distance calculated: 4201.260342514408
2021-11-27 20:34:21.321  INFO 530588 --- [onPool-worker-2] .t.t.s.TourGuideClientRewardsServiceImpl : Service - Distance calculated: 4647.76389177253
2021-11-27 20:34:21.321  INFO 530588 --- [onPool-worker-4] .t.t.s.TourGuideClientRewardsServiceImpl : Service - Distance calculated: 4075.8327664412645
2021-11-27 20:34:21.321  INFO 530588 --- [onPool-worker-2] .t.t.s.TourGuideClientRewardsServiceImpl : Service - Distance calculated: 5477.000892187811
2021-11-27 20:34:21.321  INFO 530588 --- [onPool-worker-4] .t.t.s.TourGuideClientRewardsServiceImpl : Service - Distance calculated: 7279.199090024662
2021-11-27 20:34:21.321  INFO 530588 --- [onPool-worker-2] .t.t.s.TourGuideClientRewardsServiceImpl : Service - Distance calculated: 4856.074317637266
2021-11-27 20:34:21.321  INFO 530588 --- [onPool-worker-4] .t.t.s.TourGuideClientRewardsServiceImpl : Service - Distance calculated: 4076.3601760198117
2021-11-27 20:34:21.321  INFO 530588 --- [onPool-worker-4] .t.t.s.TourGuideClientRewardsServiceImpl : Service - Distance calculated: 4130.192900439608
2021-11-27 20:34:21.321  INFO 530588 --- [onPool-worker-2] .t.t.s.TourGuideClientRewardsServiceImpl : Service - Distance calculated: 5134.220830576589
2021-11-27 20:34:21.321  INFO 530588 --- [onPool-worker-4] .t.t.s.TourGuideClientRewardsServiceImpl : Service - Distance calculated: 4013.666149155103
2021-11-27 20:34:21.321  INFO 530588 --- [onPool-worker-2] .t.t.s.TourGuideClientRewardsServiceImpl : Service - Distance calculated: 4589.1513129323885
2021-11-27 20:34:21.321  INFO 530588 --- [onPool-worker-4] .t.t.s.TourGuideClientRewardsServiceImpl : Service - Distance calculated: 3347.937062448568
2021-11-27 20:34:21.321  INFO 530588 --- [onPool-worker-2] .t.t.s.TourGuideClientRewardsServiceImpl : Service - Distance calculated: 5394.28717466466
2021-11-27 20:34:21.321  INFO 530588 --- [onPool-worker-4] .t.t.s.TourGuideClientRewardsServiceImpl : Service - Distance calculated: 4189.168066756589
2021-11-27 20:34:21.321  INFO 530588 --- [onPool-worker-2] .t.t.s.TourGuideClientRewardsServiceImpl : Service - Distance calculated: 6307.137219947023
2021-11-27 20:34:21.321  INFO 530588 --- [onPool-worker-4] .t.t.s.TourGuideClientRewardsServiceImpl : Service - Distance calculated: 3954.2878852804333
2021-11-27 20:34:21.321  INFO 530588 --- [onPool-worker-2] .t.t.s.TourGuideClientRewardsServiceImpl : Service - Distance calculated: 4743.380041110774
2021-11-27 20:34:21.321  INFO 530588 --- [onPool-worker-2] .t.t.s.TourGuideClientRewardsServiceImpl : Service - Distance calculated: 3797.327520363802
2021-11-27 20:34:21.321  INFO 530588 --- [onPool-worker-2] .t.t.s.TourGuideClientRewardsServiceImpl : Service - Distance calculated: 5853.17370706097
2021-11-27 20:34:21.321  INFO 530588 --- [onPool-worker-2] .t.t.s.TourGuideClientRewardsServiceImpl : Service - Distance calculated: 5021.339688555134
2021-11-27 20:34:21.321  INFO 530588 --- [onPool-worker-2] .t.t.s.TourGuideClientRewardsServiceImpl : Service - Distance calculated: 3962.513762445894
2021-11-27 20:34:21.321  INFO 530588 --- [onPool-worker-4] .t.t.s.TourGuideClientRewardsServiceImpl : Service - Distance calculated: 3930.798869825476
2021-11-27 20:34:21.321  INFO 530588 --- [onPool-worker-2] .t.t.s.TourGuideClientRewardsServiceImpl : Service - Distance calculated: 4682.511129564163
2021-11-27 20:34:21.321  INFO 530588 --- [onPool-worker-2] .t.t.s.TourGuideClientRewardsServiceImpl : Service - Distance calculated: 4243.775464677161
2021-11-27 20:34:21.321  INFO 530588 --- [onPool-worker-4] .t.t.s.TourGuideClientRewardsServiceImpl : Service - Distance calculated: 4001.6041072464714
2021-11-27 20:34:21.321  INFO 530588 --- [onPool-worker-2] .t.t.s.TourGuideClientRewardsServiceImpl : Service - Distance calculated: 4262.02144117324
2021-11-27 20:34:21.322  INFO 530588 --- [onPool-worker-4] .t.t.s.TourGuideClientRewardsServiceImpl : Service - Distance calculated: 4146.489777448825
2021-11-27 20:34:21.322  INFO 530588 --- [onPool-worker-2] .t.t.s.TourGuideClientRewardsServiceImpl : Service - Distance calculated: 4162.875851048647
2021-11-27 20:34:21.322  INFO 530588 --- [onPool-worker-4] .t.t.s.TourGuideClientRewardsServiceImpl : Service - Distance calculated: 5198.212093135392
2021-11-27 20:34:21.322  INFO 530588 --- [onPool-worker-4] .t.t.s.TourGuideClientRewardsServiceImpl : Service - Distance calculated: 3488.5242237228654
2021-11-27 20:34:21.322  INFO 530588 --- [onPool-worker-2] .t.t.s.TourGuideClientRewardsServiceImpl : Service - Distance calculated: 4142.0142792293245
2021-11-27 20:34:21.322  INFO 530588 --- [onPool-worker-4] .t.t.s.TourGuideClientRewardsServiceImpl : Service - Distance calculated: 4135.2175931345055
2021-11-27 20:34:21.322  INFO 530588 --- [onPool-worker-2] .t.t.s.TourGuideClientRewardsServiceImpl : Service - Distance calculated: 3209.4915727948505
2021-11-27 20:34:21.322  INFO 530588 --- [onPool-worker-4] .t.t.s.TourGuideClientRewardsServiceImpl : Service - Distance calculated: 4644.755219946804
2021-11-27 20:34:21.322  INFO 530588 --- [onPool-worker-2] .t.t.s.TourGuideClientRewardsServiceImpl : Service - Distance calculated: 3142.0133081536082
2021-11-27 20:34:21.322  INFO 530588 --- [onPool-worker-4] .t.t.s.TourGuideClientRewardsServiceImpl : Service - Distance calculated: 4508.531521215599
2021-11-27 20:34:21.322  INFO 530588 --- [onPool-worker-2] .t.t.s.TourGuideClientRewardsServiceImpl : Service - Distance calculated: 3791.920266955578
2021-11-27 20:34:21.322  INFO 530588 --- [onPool-worker-4] .t.t.s.TourGuideClientRewardsServiceImpl : Service - Distance calculated: 4081.707222547844
2021-11-27 20:34:21.322  INFO 530588 --- [onPool-worker-2] .t.t.s.TourGuideClientRewardsServiceImpl : Service - Distance calculated: 3146.0872999231306
2021-11-27 20:34:21.322  INFO 530588 --- [onPool-worker-4] .t.t.s.TourGuideClientRewardsServiceImpl : Service - Distance calculated: 3484.282150642216
2021-11-27 20:34:21.322  INFO 530588 --- [onPool-worker-2] .t.t.s.TourGuideClientRewardsServiceImpl : Service - Distance calculated: 3010.664041190911
2021-11-27 20:34:21.322  INFO 530588 --- [onPool-worker-4] .t.t.s.TourGuideClientRewardsServiceImpl : Service - Distance calculated: 8233.4200729763
2021-11-27 20:34:21.322  INFO 530588 --- [onPool-worker-2] .t.t.s.TourGuideClientRewardsServiceImpl : Service - Distance calculated: 6203.757020857688
2021-11-27 20:34:21.322  INFO 530588 --- [onPool-worker-4] .t.t.s.TourGuideClientRewardsServiceImpl : Service - Distance calculated: 7525.030731866848
2021-11-27 20:34:21.322  INFO 530588 --- [onPool-worker-2] .t.t.s.TourGuideClientRewardsServiceImpl : Service - Distance calculated: 3060.904126099183
2021-11-27 20:34:21.322  INFO 530588 --- [onPool-worker-4] .t.t.s.TourGuideClientRewardsServiceImpl : Service - Distance calculated: 8133.459615332422
2021-11-27 20:34:21.322  INFO 530588 --- [onPool-worker-2] .t.t.s.TourGuideClientRewardsServiceImpl : Service - Distance calculated: 3085.6709530004464
2021-11-27 20:34:21.322  INFO 530588 --- [onPool-worker-4] .t.t.s.TourGuideClientRewardsServiceImpl : Service - Distance calculated: 8221.96589942134
2021-11-27 20:34:21.322  INFO 530588 --- [onPool-worker-2] .t.t.s.TourGuideClientRewardsServiceImpl : Service - Distance calculated: 2977.9163720747156
2021-11-27 20:34:21.322  INFO 530588 --- [onPool-worker-4] .t.t.s.TourGuideClientRewardsServiceImpl : Service - Distance calculated: 7730.519226520658
2021-11-27 20:34:21.322  INFO 530588 --- [onPool-worker-2] .t.t.s.TourGuideClientRewardsServiceImpl : Service - Distance calculated: 2276.5070697730357
2021-11-27 20:34:21.322  INFO 530588 --- [onPool-worker-4] .t.t.s.TourGuideClientRewardsServiceImpl : Service - Distance calculated: 7828.183555220219
2021-11-27 20:34:21.322  INFO 530588 --- [onPool-worker-2] .t.t.s.TourGuideClientRewardsServiceImpl : Service - Distance calculated: 3124.920501399601
2021-11-27 20:34:21.322  INFO 530588 --- [onPool-worker-4] .t.t.s.TourGuideClientRewardsServiceImpl : Service - Distance calculated: 8320.356989598553
2021-11-27 20:34:21.322  INFO 530588 --- [onPool-worker-2] .t.t.s.TourGuideClientRewardsServiceImpl : Service - Distance calculated: 2878.924832255317
2021-11-27 20:34:21.322  INFO 530588 --- [onPool-worker-4] .t.t.s.TourGuideClientRewardsServiceImpl : Service - Distance calculated: 7210.2556372127865
2021-11-27 20:34:21.322  INFO 530588 --- [onPool-worker-2] .t.t.s.TourGuideClientRewardsServiceImpl : Service - Distance calculated: 2856.1584053634633
2021-11-27 20:34:21.322  INFO 530588 --- [onPool-worker-4] .t.t.s.TourGuideClientRewardsServiceImpl : Service - Distance calculated: 7421.264448209989
2021-11-27 20:34:21.322  INFO 530588 --- [onPool-worker-2] .t.t.s.TourGuideClientRewardsServiceImpl : Service - Distance calculated: 2934.859164592204
2021-11-27 20:34:21.322  INFO 530588 --- [onPool-worker-4] .t.t.s.TourGuideClientRewardsServiceImpl : Service - Distance calculated: 6123.1902070879
2021-11-27 20:34:21.322  INFO 530588 --- [onPool-worker-2] .t.t.s.TourGuideClientRewardsServiceImpl : Service - Distance calculated: 3078.754019946553
2021-11-27 20:34:21.322  INFO 530588 --- [onPool-worker-4] .t.t.s.TourGuideClientRewardsServiceImpl : Service - Distance calculated: 6895.622227075062
2021-11-27 20:34:21.322  INFO 530588 --- [onPool-worker-2] .t.t.s.TourGuideClientRewardsServiceImpl : Service - Distance calculated: 4171.143182361389
2021-11-27 20:34:21.322  INFO 530588 --- [onPool-worker-4] .t.t.s.TourGuideClientRewardsServiceImpl : Service - Distance calculated: 7121.3883342841455
2021-11-27 20:34:21.322  INFO 530588 --- [onPool-worker-2] .t.t.s.TourGuideClientRewardsServiceImpl : Service - Distance calculated: 2414.2988033333672
2021-11-27 20:34:21.322  INFO 530588 --- [onPool-worker-2] .t.t.s.TourGuideClientRewardsServiceImpl : Service - Distance calculated: 3140.974002291469
2021-11-27 20:34:21.322  INFO 530588 --- [onPool-worker-2] .t.t.s.TourGuideClientRewardsServiceImpl : Service - Distance calculated: 3595.7316393031315
2021-11-27 20:34:21.322  INFO 530588 --- [onPool-worker-4] .t.t.s.TourGuideClientRewardsServiceImpl : Service - Distance calculated: 7095.872963381665
2021-11-27 20:34:21.322  INFO 530588 --- [onPool-worker-2] .t.t.s.TourGuideClientRewardsServiceImpl : Service - Distance calculated: 3432.4568611400205
2021-11-27 20:34:21.322  INFO 530588 --- [onPool-worker-2] .t.t.s.TourGuideClientRewardsServiceImpl : Service - Distance calculated: 3067.172936345157
2021-11-27 20:34:21.322  INFO 530588 --- [onPool-worker-4] .t.t.s.TourGuideClientRewardsServiceImpl : Service - Distance calculated: 7854.904175363236
2021-11-27 20:34:21.322  INFO 530588 --- [onPool-worker-2] .t.t.s.TourGuideClientRewardsServiceImpl : Service - Distance calculated: 2411.8678552555625
2021-11-27 20:34:21.322  INFO 530588 --- [onPool-worker-4] .t.t.s.TourGuideClientRewardsServiceImpl : Service - Distance calculated: 8208.231690398661
2021-11-27 20:34:21.322  INFO 530588 --- [onPool-worker-2] .t.t.s.TourGuideClientRewardsServiceImpl : Service - Distance calculated: 8644.505963339865
2021-11-27 20:34:21.322  INFO 530588 --- [onPool-worker-2] .t.t.s.TourGuideClientRewardsServiceImpl : Service - Distance calculated: 7884.550879516726
2021-11-27 20:34:21.322  INFO 530588 --- [onPool-worker-4] .t.t.s.TourGuideClientRewardsServiceImpl : Service - Distance calculated: 7755.024052067605
2021-11-27 20:34:21.322  INFO 530588 --- [onPool-worker-2] .t.t.s.TourGuideClientRewardsServiceImpl : Service - Distance calculated: 8517.310577431153
2021-11-27 20:34:21.322  INFO 530588 --- [onPool-worker-2] .t.t.s.TourGuideClientRewardsServiceImpl : Service - Distance calculated: 8606.908907590017
2021-11-27 20:34:21.322  INFO 530588 --- [onPool-worker-4] .t.t.s.TourGuideClientRewardsServiceImpl : Service - Distance calculated: 8029.133353943229
2021-11-27 20:34:21.322  INFO 530588 --- [onPool-worker-2] .t.t.s.TourGuideClientRewardsServiceImpl : Service - Distance calculated: 7843.015021880614
2021-11-27 20:34:21.322  INFO 530588 --- [onPool-worker-4] .t.t.s.TourGuideClientRewardsServiceImpl : Service - Distance calculated: 7484.216939257056
2021-11-27 20:34:21.322  INFO 530588 --- [onPool-worker-2] .t.t.s.TourGuideClientRewardsServiceImpl : Service - Distance calculated: 7930.704775243183
2021-11-27 20:34:21.322  INFO 530588 --- [onPool-worker-4] .t.t.s.TourGuideClientRewardsServiceImpl : Service - Distance calculated: 8154.3347059231055
2021-11-27 20:34:21.322  INFO 530588 --- [onPool-worker-2] .t.t.s.TourGuideClientRewardsServiceImpl : Service - Distance calculated: 8622.488610432214
2021-11-27 20:34:21.322  INFO 530588 --- [onPool-worker-4] .t.t.s.TourGuideClientRewardsServiceImpl : Service - Distance calculated: 8305.831180783101
2021-11-27 20:34:21.322  INFO 530588 --- [onPool-worker-2] .t.t.s.TourGuideClientRewardsServiceImpl : Service - Distance calculated: 7256.905671675719
2021-11-27 20:34:21.322  INFO 530588 --- [onPool-worker-4] .t.t.s.TourGuideClientRewardsServiceImpl : Service - Distance calculated: 7882.373467929925
2021-11-27 20:34:21.322  INFO 530588 --- [onPool-worker-2] .t.t.s.TourGuideClientRewardsServiceImpl : Service - Distance calculated: 7454.767754726594
2021-11-27 20:34:21.322  INFO 530588 --- [onPool-worker-4] .t.t.s.TourGuideClientRewardsServiceImpl : Service - Distance calculated: 6715.169563261938
2021-11-27 20:34:21.322  INFO 530588 --- [onPool-worker-2] .t.t.s.TourGuideClientRewardsServiceImpl : Service - Distance calculated: 6764.3282156652
2021-11-27 20:34:21.322  INFO 530588 --- [onPool-worker-4] .t.t.s.TourGuideClientRewardsServiceImpl : Service - Distance calculated: 8276.189929418657
2021-11-27 20:34:21.322  INFO 530588 --- [onPool-worker-2] .t.t.s.TourGuideClientRewardsServiceImpl : Service - Distance calculated: 6879.555133457679
2021-11-27 20:34:21.322  INFO 530588 --- [onPool-worker-4] .t.t.s.TourGuideClientRewardsServiceImpl : Service - Distance calculated: 7583.611856389169
2021-11-27 20:34:21.322  INFO 530588 --- [onPool-worker-2] .t.t.s.TourGuideClientRewardsServiceImpl : Service - Distance calculated: 7141.60546734757
2021-11-27 20:34:21.322  INFO 530588 --- [onPool-worker-4] .t.t.s.TourGuideClientRewardsServiceImpl : Service - Distance calculated: 6885.792440627458
2021-11-27 20:34:21.322  INFO 530588 --- [onPool-worker-2] .t.t.s.TourGuideClientRewardsServiceImpl : Service - Distance calculated: 7083.946675614325
2021-11-27 20:34:21.322  INFO 530588 --- [onPool-worker-4] .t.t.s.TourGuideClientRewardsServiceImpl : Service - Distance calculated: 7827.370652023033
2021-11-27 20:34:21.322  INFO 530588 --- [onPool-worker-2] .t.t.s.TourGuideClientRewardsServiceImpl : Service - Distance calculated: 7736.27629305316
2021-11-27 20:34:21.322  INFO 530588 --- [onPool-worker-4] .t.t.s.TourGuideClientRewardsServiceImpl : Service - Distance calculated: 6677.800351736472
2021-11-27 20:34:21.322  INFO 530588 --- [onPool-worker-2] .t.t.s.TourGuideClientRewardsServiceImpl : Service - Distance calculated: 8329.950465360296
2021-11-27 20:34:21.322  INFO 530588 --- [onPool-worker-4] .t.t.s.TourGuideClientRewardsServiceImpl : Service - Distance calculated: 6141.615589386499
2021-11-27 20:34:21.322  INFO 530588 --- [onPool-worker-2] .t.t.s.TourGuideClientRewardsServiceImpl : Service - Distance calculated: 7784.0448077897245
2021-11-27 20:34:21.322  INFO 530588 --- [onPool-worker-4] .t.t.s.TourGuideClientRewardsServiceImpl : Service - Distance calculated: 6634.01512443374
2021-11-27 20:34:21.322  INFO 530588 --- [onPool-worker-2] .t.t.s.TourGuideClientRewardsServiceImpl : Service - Distance calculated: 8071.0369050726395
2021-11-27 20:34:21.322  INFO 530588 --- [onPool-worker-4] .t.t.s.TourGuideClientRewardsServiceImpl : Service - Distance calculated: 6710.212405422138
2021-11-27 20:34:21.322  INFO 530588 --- [onPool-worker-2] .t.t.s.TourGuideClientRewardsServiceImpl : Service - Distance calculated: 7504.110465357813
2021-11-27 20:34:21.322  INFO 530588 --- [onPool-worker-4] .t.t.s.TourGuideClientRewardsServiceImpl : Service - Distance calculated: 6791.645973681831
2021-11-27 20:34:21.322  INFO 530588 --- [onPool-worker-2] .t.t.s.TourGuideClientRewardsServiceImpl : Service - Distance calculated: 8261.160274633326
2021-11-27 20:34:21.322  INFO 530588 --- [onPool-worker-4] .t.t.s.TourGuideClientRewardsServiceImpl : Service - Distance calculated: 6892.153478704312
2021-11-27 20:34:21.322  INFO 530588 --- [onPool-worker-4] .t.t.s.TourGuideClientRewardsServiceImpl : Service - Distance calculated: 6934.375660350451
2021-11-27 20:34:21.322  INFO 530588 --- [onPool-worker-2] .t.t.s.TourGuideClientRewardsServiceImpl : Service - Distance calculated: 8703.882740588113
2021-11-27 20:34:21.322  INFO 530588 --- [onPool-worker-4] .t.t.s.TourGuideClientRewardsServiceImpl : Service - Distance calculated: 6500.899763271707
2021-11-27 20:34:21.322  INFO 530588 --- [onPool-worker-2] .t.t.s.TourGuideClientRewardsServiceImpl : Service - Distance calculated: 7800.9949457075145
2021-11-27 20:34:21.322  INFO 530588 --- [onPool-worker-4] .t.t.s.TourGuideClientRewardsServiceImpl : Service - Distance calculated: 6701.6810347543305
2021-11-27 20:34:21.322  INFO 530588 --- [onPool-worker-2] .t.t.s.TourGuideClientRewardsServiceImpl : Service - Distance calculated: 6694.791021150576
2021-11-27 20:34:21.322  INFO 530588 --- [onPool-worker-4] .t.t.s.TourGuideClientRewardsServiceImpl : Service - Distance calculated: 4340.666478286024
2021-11-27 20:34:21.322  INFO 530588 --- [onPool-worker-2] .t.t.s.TourGuideClientRewardsServiceImpl : Service - Distance calculated: 8524.746242171748
2021-11-27 20:34:21.322  INFO 530588 --- [onPool-worker-2] .t.t.s.TourGuideClientRewardsServiceImpl : Service - Distance calculated: 7741.243002495538
2021-11-27 20:34:21.322  INFO 530588 --- [onPool-worker-4] .t.t.s.TourGuideClientRewardsServiceImpl : Service - Distance calculated: 6381.26828337853
2021-11-27 20:34:21.322  INFO 530588 --- [onPool-worker-2] .t.t.s.TourGuideClientRewardsServiceImpl : Service - Distance calculated: 6870.068114595277
2021-11-27 20:34:21.322  INFO 530588 --- [onPool-worker-2] .t.t.s.TourGuideClientRewardsServiceImpl : Service - Distance calculated: 7741.380798511357
2021-11-27 20:34:21.322  INFO 530588 --- [onPool-worker-4] .t.t.s.TourGuideClientRewardsServiceImpl : Service - Distance calculated: 6485.384968396623
2021-11-27 20:34:21.322  INFO 530588 --- [onPool-worker-4] .t.t.s.TourGuideClientRewardsServiceImpl : Service - Distance calculated: 6535.099481977985
2021-11-27 20:34:21.322  INFO 530588 --- [onPool-worker-4] .t.t.s.TourGuideClientRewardsServiceImpl : Service - Distance calculated: 7381.296835494235
2021-11-27 20:34:21.322  INFO 530588 --- [onPool-worker-2] .t.t.s.TourGuideClientRewardsServiceImpl : Service - Distance calculated: 5.8950310023474215E-5
2021-11-27 20:34:21.322  INFO 530588 --- [onPool-worker-4] .t.t.s.TourGuideClientRewardsServiceImpl : Service - Distance calculated: 7166.609861286039
2021-11-27 20:34:21.322  INFO 530588 --- [onPool-worker-4] .t.t.s.TourGuideClientRewardsServiceImpl : Service - Distance calculated: 6982.84118096279
2021-11-27 20:34:21.322  INFO 530588 --- [onPool-worker-4] .t.t.s.TourGuideClientRewardsServiceImpl : Service - Distance calculated: 7178.299026219151
2021-11-27 20:34:21.322  INFO 530588 --- [onPool-worker-4] .t.t.s.TourGuideClientRewardsServiceImpl : Service - Distance calculated: 6782.033642645521
2021-11-27 20:34:21.322  INFO 530588 --- [onPool-worker-4] .t.t.s.TourGuideClientRewardsServiceImpl : Service - Distance calculated: 7151.176606418988
2021-11-27 20:34:21.322  INFO 530588 --- [onPool-worker-4] .t.t.s.TourGuideClientRewardsServiceImpl : Service - Distance calculated: 6762.935445155863
2021-11-27 20:34:21.322  INFO 530588 --- [onPool-worker-4] .t.t.s.TourGuideClientRewardsServiceImpl : Service - Distance calculated: 7320.7480929170515
2021-11-27 20:34:21.322  INFO 530588 --- [onPool-worker-4] .t.t.s.TourGuideClientRewardsServiceImpl : Service - Distance calculated: 6243.973428438637
2021-11-27 20:34:21.322  INFO 530588 --- [onPool-worker-4] .t.t.s.TourGuideClientRewardsServiceImpl : Service - Distance calculated: 6989.711241412088
2021-11-27 20:34:21.322  INFO 530588 --- [onPool-worker-4] .t.t.s.TourGuideClientRewardsServiceImpl : Service - Distance calculated: 6579.15237137466
2021-11-27 20:34:21.322  INFO 530588 --- [onPool-worker-4] .t.t.s.TourGuideClientRewardsServiceImpl : Service - Distance calculated: 6372.498874231946
2021-11-27 20:34:21.322  INFO 530588 --- [onPool-worker-4] .t.t.s.TourGuideClientRewardsServiceImpl : Service - Distance calculated: 7287.196617081098
2021-11-27 20:34:21.322  INFO 530588 --- [onPool-worker-4] .t.t.s.TourGuideClientRewardsServiceImpl : Service - Distance calculated: 6180.400152767894
2021-11-27 20:34:21.322  INFO 530588 --- [onPool-worker-4] .t.t.s.TourGuideClientRewardsServiceImpl : Service - Distance calculated: 5670.882340661649
2021-11-27 20:34:21.322  INFO 530588 --- [onPool-worker-4] .t.t.s.TourGuideClientRewardsServiceImpl : Service - Distance calculated: 6025.832383104637
2021-11-27 20:34:21.322  INFO 530588 --- [onPool-worker-4] .t.t.s.TourGuideClientRewardsServiceImpl : Service - Distance calculated: 6066.614026179994
2021-11-27 20:34:21.322  INFO 530588 --- [onPool-worker-4] .t.t.s.TourGuideClientRewardsServiceImpl : Service - Distance calculated: 4751.678386795732
2021-11-27 20:34:21.322  INFO 530588 --- [onPool-worker-4] .t.t.s.TourGuideClientRewardsServiceImpl : Service - Distance calculated: 4767.397574240262
2021-11-27 20:34:21.322  INFO 530588 --- [onPool-worker-4] .t.t.s.TourGuideClientRewardsServiceImpl : Service - Distance calculated: 5778.829286329328
2021-11-27 20:34:21.322  INFO 530588 --- [onPool-worker-4] .t.t.s.TourGuideClientRewardsServiceImpl : Service - Distance calculated: 4212.853281678264
2021-11-27 20:34:21.322  INFO 530588 --- [onPool-worker-4] .t.t.s.TourGuideClientRewardsServiceImpl : Service - Distance calculated: 4275.9503881153305
2021-11-27 20:34:21.322  INFO 530588 --- [onPool-worker-4] .t.t.s.TourGuideClientRewardsServiceImpl : Service - Distance calculated: 6688.038610917632
2021-11-27 20:34:21.322  INFO 530588 --- [onPool-worker-4] .t.t.s.TourGuideClientRewardsServiceImpl : Service - Distance calculated: 3792.4455815509846
2021-11-27 20:34:21.322  INFO 530588 --- [onPool-worker-4] .t.t.s.TourGuideClientRewardsServiceImpl : Service - Distance calculated: 4059.2981989679256
2021-11-27 20:34:21.322  INFO 530588 --- [onPool-worker-4] .t.t.s.TourGuideClientRewardsServiceImpl : Service - Distance calculated: 3916.4973082132733
2021-11-27 20:34:21.323  INFO 530588 --- [onPool-worker-4] .t.t.s.TourGuideClientRewardsServiceImpl : Service - Distance calculated: 3986.8044139697113
2021-11-27 20:34:21.323  INFO 530588 --- [onPool-worker-4] .t.t.s.TourGuideClientRewardsServiceImpl : Service - Distance calculated: 5051.709449434464
2021-11-27 20:34:21.323  INFO 530588 --- [onPool-worker-4] .t.t.s.TourGuideClientRewardsServiceImpl : Service - Distance calculated: 4450.883201576068
2021-11-27 20:34:21.323  INFO 530588 --- [onPool-worker-4] .t.t.s.TourGuideClientRewardsServiceImpl : Service - Distance calculated: 4661.5335996961885
2021-11-27 20:34:21.323  INFO 530588 --- [onPool-worker-2] .t.t.s.TourGuideClientRewardsServiceImpl : Service - Distance calculated: 774.5207212649109
2021-11-27 20:34:21.323  INFO 530588 --- [onPool-worker-4] .t.t.s.TourGuideClientRewardsServiceImpl : Service - Distance calculated: 4258.935138727324
2021-11-27 20:34:21.323  INFO 530588 --- [onPool-worker-2] .t.t.s.TourGuideClientRewardsServiceImpl : Service - Distance calculated: 164.91310606753288
2021-11-27 20:34:21.323  INFO 530588 --- [onPool-worker-4] .t.t.s.TourGuideClientRewardsServiceImpl : Service - Distance calculated: 4967.527091466518
2021-11-27 20:34:21.323  INFO 530588 --- [onPool-worker-2] .t.t.s.TourGuideClientRewardsServiceImpl : Service - Distance calculated: 115.99464245531166
2021-11-27 20:34:21.323  INFO 530588 --- [onPool-worker-4] .t.t.s.TourGuideClientRewardsServiceImpl : Service - Distance calculated: 6154.81341162941
2021-11-27 20:34:21.323  INFO 530588 --- [onPool-worker-2] .t.t.s.TourGuideClientRewardsServiceImpl : Service - Distance calculated: 1428.8577204882306
2021-11-27 20:34:21.323  INFO 530588 --- [onPool-worker-4] .t.t.s.TourGuideClientRewardsServiceImpl : Service - Distance calculated: 4134.246169666693
2021-11-27 20:34:21.323  INFO 530588 --- [onPool-worker-2] .t.t.s.TourGuideClientRewardsServiceImpl : Service - Distance calculated: 1418.571827418631
2021-11-27 20:34:21.323  INFO 530588 --- [onPool-worker-4] .t.t.s.TourGuideClientRewardsServiceImpl : Service - Distance calculated: 3682.0963647947765
2021-11-27 20:34:21.323  INFO 530588 --- [onPool-worker-2] .t.t.s.TourGuideClientRewardsServiceImpl : Service - Distance calculated: 460.11990361699293
2021-11-27 20:34:21.323  INFO 530588 --- [onPool-worker-4] .t.t.s.TourGuideClientRewardsServiceImpl : Service - Distance calculated: 5553.429593397049
2021-11-27 20:34:21.323  INFO 530588 --- [onPool-worker-2] .t.t.s.TourGuideClientRewardsServiceImpl : Service - Distance calculated: 1992.7911930022951
2021-11-27 20:34:21.323  INFO 530588 --- [onPool-worker-4] .t.t.s.TourGuideClientRewardsServiceImpl : Service - Distance calculated: 4850.868215503286
2021-11-27 20:34:21.323  INFO 530588 --- [onPool-worker-2] .t.t.s.TourGuideClientRewardsServiceImpl : Service - Distance calculated: 1906.7972782801585
2021-11-27 20:34:21.323  INFO 530588 --- [onPool-worker-4] .t.t.s.TourGuideClientRewardsServiceImpl : Service - Distance calculated: 3788.706099777221
2021-11-27 20:34:21.323  INFO 530588 --- [onPool-worker-2] .t.t.s.TourGuideClientRewardsServiceImpl : Service - Distance calculated: 2360.645624935619
2021-11-27 20:34:21.323  INFO 530588 --- [onPool-worker-4] .t.t.s.TourGuideClientRewardsServiceImpl : Service - Distance calculated: 4081.5652712217234
2021-11-27 20:34:21.323  INFO 530588 --- [onPool-worker-2] .t.t.s.TourGuideClientRewardsServiceImpl : Service - Distance calculated: 2434.494471527265
2021-11-27 20:34:21.323  INFO 530588 --- [onPool-worker-2] .t.t.s.TourGuideClientRewardsServiceImpl : Service - Distance calculated: 2148.3967563579567
2021-11-27 20:34:21.323  INFO 530588 --- [onPool-worker-4] .t.t.s.TourGuideClientRewardsServiceImpl : Service - Distance calculated: 5.8950310023474215E-5
2021-11-27 20:34:21.323  INFO 530588 --- [onPool-worker-2] .t.t.s.TourGuideClientRewardsServiceImpl : Service - Distance calculated: 2282.746325565392
2021-11-27 20:34:21.323  INFO 530588 --- [onPool-worker-2] .t.t.s.TourGuideClientRewardsServiceImpl : Service - Distance calculated: 2289.4339721013357
2021-11-27 20:34:21.323  INFO 530588 --- [onPool-worker-2] .t.t.s.TourGuideClientRewardsServiceImpl : Service - Distance calculated: 1204.372289719331
2021-11-27 20:34:21.323  INFO 530588 --- [onPool-worker-2] .t.t.s.TourGuideClientRewardsServiceImpl : Service - Distance calculated: 1742.5694022642394
2021-11-27 20:34:21.323  INFO 530588 --- [onPool-worker-2] .t.t.s.TourGuideClientRewardsServiceImpl : Service - Distance calculated: 1576.7472428725728
2021-11-27 20:34:21.323  INFO 530588 --- [onPool-worker-2] .t.t.s.TourGuideClientRewardsServiceImpl : Service - Distance calculated: 1921.4807999190489
2021-11-27 20:34:21.323  INFO 530588 --- [onPool-worker-2] .t.t.s.TourGuideClientRewardsServiceImpl : Service - Distance calculated: 1277.6245433336508
2021-11-27 20:34:21.323  INFO 530588 --- [onPool-worker-2] .t.t.s.TourGuideClientRewardsServiceImpl : Service - Distance calculated: 87.03441722159666
2021-11-27 20:34:21.323  INFO 530588 --- [onPool-worker-2] .t.t.s.TourGuideClientRewardsServiceImpl : Service - Distance calculated: 2127.2478407793283
2021-11-27 20:34:21.323  INFO 530588 --- [onPool-worker-2] .t.t.s.TourGuideClientRewardsServiceImpl : Service - Distance calculated: 2578.910516018122
2021-11-27 20:34:21.323  INFO 530588 --- [onPool-worker-2] .t.t.s.TourGuideClientRewardsServiceImpl : Service - Distance calculated: 680.6158831369517
2021-11-27 20:34:21.323  INFO 530588 --- [onPool-worker-2] .t.t.s.TourGuideClientRewardsServiceImpl : Service - Distance calculated: 1344.090272349311
2021-11-27 20:34:21.323  INFO 530588 --- [onPool-worker-2] .t.t.s.TourGuideClientRewardsServiceImpl : Service - Distance calculated: 2440.177336041544
2021-11-27 20:34:21.323  INFO 530588 --- [onPool-worker-2] .t.t.s.TourGuideClientRewardsServiceImpl : Service - Distance calculated: 2168.830527042806
2021-11-27 20:34:21.323  INFO 530588 --- [onPool-worker-2] .t.t.s.TourGuideClientRewardsServiceImpl : Service - Calculate rewards points for user: internalUser61
2021-11-27 20:34:21.323  INFO 530588 --- [onPool-worker-4] .t.t.s.TourGuideClientRewardsServiceImpl : Service - Distance calculated: 774.5207212649109
2021-11-27 20:34:21.323  INFO 530588 --- [onPool-worker-4] .t.t.s.TourGuideClientRewardsServiceImpl : Service - Distance calculated: 164.91310606753288
2021-11-27 20:34:21.323  INFO 530588 --- [onPool-worker-4] .t.t.s.TourGuideClientRewardsServiceImpl : Service - Distance calculated: 115.99464245531166
2021-11-27 20:34:21.323  INFO 530588 --- [onPool-worker-4] .t.t.s.TourGuideClientRewardsServiceImpl : Service - Distance calculated: 1428.8577204882306
2021-11-27 20:34:21.323  INFO 530588 --- [onPool-worker-4] .t.t.s.TourGuideClientRewardsServiceImpl : Service - Distance calculated: 1418.571827418631
2021-11-27 20:34:21.323  INFO 530588 --- [onPool-worker-4] .t.t.s.TourGuideClientRewardsServiceImpl : Service - Distance calculated: 460.11990361699293
2021-11-27 20:34:21.323  INFO 530588 --- [onPool-worker-4] .t.t.s.TourGuideClientRewardsServiceImpl : Service - Distance calculated: 1992.7911930022951
2021-11-27 20:34:21.323  INFO 530588 --- [onPool-worker-4] .t.t.s.TourGuideClientRewardsServiceImpl : Service - Distance calculated: 1906.7972782801585
2021-11-27 20:34:21.323  INFO 530588 --- [onPool-worker-4] .t.t.s.TourGuideClientRewardsServiceImpl : Service - Distance calculated: 2360.645624935619
2021-11-27 20:34:21.323  INFO 530588 --- [onPool-worker-4] .t.t.s.TourGuideClientRewardsServiceImpl : Service - Distance calculated: 2434.494471527265
2021-11-27 20:34:21.323  INFO 530588 --- [onPool-worker-4] .t.t.s.TourGuideClientRewardsServiceImpl : Service - Distance calculated: 2148.3967563579567
2021-11-27 20:34:21.323  INFO 530588 --- [onPool-worker-4] .t.t.s.TourGuideClientRewardsServiceImpl : Service - Distance calculated: 2282.746325565392
2021-11-27 20:34:21.323  INFO 530588 --- [onPool-worker-4] .t.t.s.TourGuideClientRewardsServiceImpl : Service - Distance calculated: 2289.4339721013357
2021-11-27 20:34:21.323  INFO 530588 --- [onPool-worker-4] .t.t.s.TourGuideClientRewardsServiceImpl : Service - Distance calculated: 1204.372289719331
2021-11-27 20:34:21.323  INFO 530588 --- [onPool-worker-4] .t.t.s.TourGuideClientRewardsServiceImpl : Service - Distance calculated: 1742.5694022642394
2021-11-27 20:34:21.323  INFO 530588 --- [onPool-worker-4] .t.t.s.TourGuideClientRewardsServiceImpl : Service - Distance calculated: 1576.7472428725728
2021-11-27 20:34:21.323  INFO 530588 --- [onPool-worker-4] .t.t.s.TourGuideClientRewardsServiceImpl : Service - Distance calculated: 1921.4807999190489
2021-11-27 20:34:21.323  INFO 530588 --- [onPool-worker-4] .t.t.s.TourGuideClientRewardsServiceImpl : Service - Distance calculated: 1277.6245433336508
2021-11-27 20:34:21.323  INFO 530588 --- [onPool-worker-4] .t.t.s.TourGuideClientRewardsServiceImpl : Service - Distance calculated: 87.03441722159666
2021-11-27 20:34:21.323  INFO 530588 --- [onPool-worker-4] .t.t.s.TourGuideClientRewardsServiceImpl : Service - Distance calculated: 2127.2478407793283
2021-11-27 20:34:21.323  INFO 530588 --- [onPool-worker-4] .t.t.s.TourGuideClientRewardsServiceImpl : Service - Distance calculated: 2578.910516018122
2021-11-27 20:34:21.323  INFO 530588 --- [onPool-worker-4] .t.t.s.TourGuideClientRewardsServiceImpl : Service - Distance calculated: 680.6158831369517
2021-11-27 20:34:21.323  INFO 530588 --- [onPool-worker-4] .t.t.s.TourGuideClientRewardsServiceImpl : Service - Distance calculated: 1344.090272349311
2021-11-27 20:34:21.323  INFO 530588 --- [onPool-worker-4] .t.t.s.TourGuideClientRewardsServiceImpl : Service - Distance calculated: 2440.177336041544
2021-11-27 20:34:21.323  INFO 530588 --- [onPool-worker-4] .t.t.s.TourGuideClientRewardsServiceImpl : Service - Distance calculated: 2168.830527042806
2021-11-27 20:34:21.323  INFO 530588 --- [onPool-worker-4] .t.t.s.TourGuideClientRewardsServiceImpl : Service - Calculate rewards points for user: internalUser60
2021-11-27 20:34:21.335  INFO 530588 --- [ol-266-thread-1] .t.t.s.TourGuideClientRewardsServiceImpl : Service - Reward added for user: internalUser19
2021-11-27 20:34:21.336  INFO 530588 --- [ol-320-thread-1] .t.t.s.TourGuideClientRewardsServiceImpl : Service - Reward added for user: internalUser40
2021-11-27 20:34:21.344  INFO 530588 --- [ol-245-thread-1] .t.t.s.TourGuideClientRewardsServiceImpl : Service - Reward added for user: internalUser79
2021-11-27 20:34:21.349  INFO 530588 --- [ol-341-thread-1] .t.t.s.TourGuideClientRewardsServiceImpl : Service - Reward added for user: internalUser61
2021-11-27 20:34:21.352  INFO 530588 --- [ol-246-thread-1] .t.t.s.TourGuideClientRewardsServiceImpl : Service - Reward added for user: internalUser73
2021-11-27 20:34:21.363  INFO 530588 --- [ol-301-thread-1] .t.t.s.TourGuideClientRewardsServiceImpl : Service - Reward added for user: internalUser21
2021-11-27 20:34:21.369  INFO 530588 --- [ol-308-thread-1] .t.t.s.TourGuideClientRewardsServiceImpl : Service - Reward added for user: internalUser36
2021-11-27 20:34:21.374  INFO 530588 --- [ol-339-thread-1] .t.t.s.TourGuideClientRewardsServiceImpl : Service - Reward added for user: internalUser65
2021-11-27 20:34:21.375  INFO 530588 --- [ol-285-thread-1] .t.t.s.TourGuideClientRewardsServiceImpl : Service - Reward added for user: internalUser7
2021-11-27 20:34:21.385  INFO 530588 --- [ol-315-thread-1] .t.t.s.TourGuideClientRewardsServiceImpl : Service - Reward added for user: internalUser45
2021-11-27 20:34:21.385  INFO 530588 --- [ol-259-thread-1] .t.t.s.TourGuideClientRewardsServiceImpl : Service - Reward added for user: internalUser86
2021-11-27 20:34:21.411  INFO 530588 --- [ol-300-thread-1] .t.t.s.TourGuideClientRewardsServiceImpl : Service - Reward added for user: internalUser24
2021-11-27 20:34:21.411  INFO 530588 --- [ol-280-thread-1] .t.t.s.TourGuideClientRewardsServiceImpl : Service - Reward added for user: internalUser1
2021-11-27 20:34:21.422  INFO 530588 --- [ol-152-thread-1] .t.t.s.TourGuideClientRewardsServiceImpl : Service - Reward added for user: internalUser84
2021-11-27 20:34:21.427  INFO 530588 --- [ol-297-thread-1] .t.t.s.TourGuideClientRewardsServiceImpl : Service - Reward added for user: internalUser23
2021-11-27 20:34:21.437  INFO 530588 --- [ol-338-thread-1] .t.t.s.TourGuideClientRewardsServiceImpl : Service - Reward added for user: internalUser62
2021-11-27 20:34:21.445  INFO 530588 --- [ol-293-thread-1] .t.t.s.TourGuideClientRewardsServiceImpl : Service - Reward added for user: internalUser27
2021-11-27 20:34:21.445  INFO 530588 --- [ol-317-thread-1] .t.t.s.TourGuideClientRewardsServiceImpl : Service - Reward added for user: internalUser47
2021-11-27 20:34:21.459  INFO 530588 --- [ol-303-thread-1] .t.t.s.TourGuideClientRewardsServiceImpl : Service - Reward added for user: internalUser38
2021-11-27 20:34:21.494  INFO 530588 --- [ol-272-thread-1] .t.t.s.TourGuideClientRewardsServiceImpl : Service - Reward added for user: internalUser11
2021-11-27 20:34:21.542  INFO 530588 --- [ol-312-thread-1] .t.t.s.TourGuideClientRewardsServiceImpl : Service - Reward added for user: internalUser31
2021-11-27 20:34:21.556  INFO 530588 --- [ol-249-thread-1] .t.t.s.TourGuideClientRewardsServiceImpl : Service - Reward added for user: internalUser76
2021-11-27 20:34:21.597  INFO 530588 --- [ol-286-thread-1] .t.t.s.TourGuideClientRewardsServiceImpl : Service - Reward added for user: internalUser92
2021-11-27 20:34:21.610  INFO 530588 --- [ol-279-thread-1] .t.t.s.TourGuideClientRewardsServiceImpl : Service - Reward added for user: internalUser95
2021-11-27 20:34:21.617  INFO 530588 --- [ol-307-thread-1] .t.t.s.TourGuideClientRewardsServiceImpl : Service - Reward added for user: internalUser33
2021-11-27 20:34:21.619  INFO 530588 --- [ol-328-thread-1] .t.t.s.TourGuideClientRewardsServiceImpl : Service - Reward added for user: internalUser52
2021-11-27 20:34:21.622  INFO 530588 --- [ol-305-thread-1] .t.t.s.TourGuideClientRewardsServiceImpl : Service - Reward added for user: internalUser39
2021-11-27 20:34:21.651  INFO 530588 --- [ol-231-thread-1] .t.t.s.TourGuideClientRewardsServiceImpl : Service - Reward added for user: internalUser17
2021-11-27 20:34:21.676  INFO 530588 --- [ol-306-thread-1] .t.t.s.TourGuideClientRewardsServiceImpl : Service - Reward added for user: internalUser34
2021-11-27 20:34:21.683  INFO 530588 --- [ol-316-thread-1] .t.t.s.TourGuideClientRewardsServiceImpl : Service - Reward added for user: internalUser44
2021-11-27 20:34:21.684  INFO 530588 --- [ol-248-thread-1] .t.t.s.TourGuideClientRewardsServiceImpl : Service - Reward added for user: internalUser75
2021-11-27 20:34:21.701  INFO 530588 --- [ol-278-thread-1] .t.t.s.TourGuideClientRewardsServiceImpl : Service - Reward added for user: internalUser2
2021-11-27 20:34:21.705  INFO 530588 --- [ol-334-thread-1] .t.t.s.TourGuideClientRewardsServiceImpl : Service - Reward added for user: internalUser66
2021-11-27 20:34:21.712  INFO 530588 --- [ol-276-thread-1] .t.t.s.TourGuideClientRewardsServiceImpl : Service - Reward added for user: internalUser3
2021-11-27 20:34:21.720  INFO 530588 --- [ol-290-thread-1] .t.t.s.TourGuideClientRewardsServiceImpl : Service - Reward added for user: internalUser94
2021-11-27 20:34:21.738  INFO 530588 --- [ol-329-thread-1] .t.t.s.TourGuideClientRewardsServiceImpl : Service - Reward added for user: internalUser51
2021-11-27 20:34:21.739  INFO 530588 --- [ol-267-thread-1] .t.t.s.TourGuideClientRewardsServiceImpl : Service - Reward added for user: internalUser16
2021-11-27 20:34:21.753  INFO 530588 --- [ol-318-thread-1] .t.t.s.TourGuideClientRewardsServiceImpl : Service - Reward added for user: internalUser46
2021-11-27 20:34:21.759  INFO 530588 --- [ol-190-thread-1] .t.t.s.TourGuideClientRewardsServiceImpl : Service - Reward added for user: internalUser71
2021-11-27 20:34:21.760  INFO 530588 --- [ol-275-thread-1] .t.t.s.TourGuideClientRewardsServiceImpl : Service - Reward added for user: internalUser13
2021-11-27 20:34:21.768  INFO 530588 --- [ol-282-thread-1] .t.t.s.TourGuideClientRewardsServiceImpl : Service - Reward added for user: internalUser98
2021-11-27 20:34:21.788  INFO 530588 --- [ol-298-thread-1] .t.t.s.TourGuideClientRewardsServiceImpl : Service - Reward added for user: internalUser22
2021-11-27 20:34:21.799  INFO 530588 --- [ol-342-thread-1] .t.t.s.TourGuideClientRewardsServiceImpl : Service - Reward added for user: internalUser60
2021-11-27 20:34:21.809  INFO 530588 --- [ol-309-thread-1] .t.t.s.TourGuideClientRewardsServiceImpl : Service - Reward added for user: internalUser35
2021-11-27 20:34:21.822  INFO 530588 --- [ol-336-thread-1] .t.t.s.TourGuideClientRewardsServiceImpl : Service - Reward added for user: internalUser68
2021-11-27 20:34:21.826  INFO 530588 --- [ol-304-thread-1] .t.t.s.TourGuideClientRewardsServiceImpl : Service - Reward added for user: internalUser37
2021-11-27 20:34:21.858  INFO 530588 --- [ol-295-thread-1] .t.t.s.TourGuideClientRewardsServiceImpl : Service - Reward added for user: internalUser29
2021-11-27 20:34:21.858  INFO 530588 --- [ol-319-thread-1] .t.t.s.TourGuideClientRewardsServiceImpl : Service - Reward added for user: internalUser41
2021-11-27 20:34:21.864  INFO 530588 --- [ol-216-thread-1] .t.t.s.TourGuideClientRewardsServiceImpl : Service - Reward added for user: internalUser70
2021-11-27 20:34:21.865  INFO 530588 --- [ol-325-thread-1] .t.t.s.TourGuideClientRewardsServiceImpl : Service - Reward added for user: internalUser55
2021-11-27 20:34:21.868  INFO 530588 --- [ol-292-thread-1] .t.t.s.TourGuideClientRewardsServiceImpl : Service - Reward added for user: internalUser93
2021-11-27 20:34:21.879  INFO 530588 --- [ol-326-thread-1] .t.t.s.TourGuideClientRewardsServiceImpl : Service - Reward added for user: internalUser58
2021-11-27 20:34:21.886  INFO 530588 --- [ol-256-thread-1] .t.t.s.TourGuideClientRewardsServiceImpl : Service - Reward added for user: internalUser85
2021-11-27 20:34:21.890  INFO 530588 --- [ol-268-thread-1] .t.t.s.TourGuideClientRewardsServiceImpl : Service - Reward added for user: internalUser15
2021-11-27 20:34:21.896  INFO 530588 --- [ol-337-thread-1] .t.t.s.TourGuideClientRewardsServiceImpl : Service - Reward added for user: internalUser63
2021-11-27 20:34:21.933  INFO 530588 --- [ol-340-thread-1] .t.t.s.TourGuideClientRewardsServiceImpl : Service - Reward added for user: internalUser64
2021-11-27 20:34:21.935  INFO 530588 --- [ol-273-thread-1] .t.t.s.TourGuideClientRewardsServiceImpl : Service - Reward added for user: internalUser99
2021-11-27 20:34:21.950  INFO 530588 --- [ol-294-thread-1] .t.t.s.TourGuideClientRewardsServiceImpl : Service - Reward added for user: internalUser26
2021-11-27 20:34:21.955  INFO 530588 --- [ol-288-thread-1] .t.t.s.TourGuideClientRewardsServiceImpl : Service - Reward added for user: internalUser91
2021-11-27 20:34:21.963  INFO 530588 --- [ol-333-thread-1] .t.t.s.TourGuideClientRewardsServiceImpl : Service - Reward added for user: internalUser67
2021-11-27 20:34:21.963  INFO 530588 --- [ol-143-thread-1] .t.t.s.TourGuideClientRewardsServiceImpl : Service - Reward added for user: internalUser74
2021-11-27 20:34:21.971  INFO 530588 --- [ol-331-thread-1] .t.t.s.TourGuideClientRewardsServiceImpl : Service - Reward added for user: internalUser53
2021-11-27 20:34:21.976  INFO 530588 --- [ol-322-thread-1] .t.t.s.TourGuideClientRewardsServiceImpl : Service - Reward added for user: internalUser42
2021-11-27 20:34:21.988  INFO 530588 --- [ol-289-thread-1] .t.t.s.TourGuideClientRewardsServiceImpl : Service - Reward added for user: internalUser5
2021-11-27 20:34:21.989  INFO 530588 --- [ol-332-thread-1] .t.t.s.TourGuideClientRewardsServiceImpl : Service - Reward added for user: internalUser50
2021-11-27 20:34:22.033  INFO 530588 --- [ol-335-thread-1] .t.t.s.TourGuideClientRewardsServiceImpl : Service - Reward added for user: internalUser69
2021-11-27 20:34:22.037  INFO 530588 --- [ol-277-thread-1] .t.t.s.TourGuideClientRewardsServiceImpl : Service - Reward added for user: internalUser96
2021-11-27 20:34:22.038  INFO 530588 --- [ol-311-thread-1] .t.t.s.TourGuideClientRewardsServiceImpl : Service - Reward added for user: internalUser32
2021-11-27 20:34:22.039  INFO 530588 --- [ol-265-thread-1] .t.t.s.TourGuideClientRewardsServiceImpl : Service - Reward added for user: internalUser8
2021-11-27 20:34:22.041  INFO 530588 --- [ol-274-thread-1] .t.t.s.TourGuideClientRewardsServiceImpl : Service - Reward added for user: internalUser14
2021-11-27 20:34:22.043  INFO 530588 --- [ol-324-thread-1] .t.t.s.TourGuideClientRewardsServiceImpl : Service - Reward added for user: internalUser56
2021-11-27 20:34:22.088  INFO 530588 --- [ol-287-thread-1] .t.t.s.TourGuideClientRewardsServiceImpl : Service - Reward added for user: internalUser6
2021-11-27 20:34:22.089  INFO 530588 --- [ol-330-thread-1] .t.t.s.TourGuideClientRewardsServiceImpl : Service - Reward added for user: internalUser54
2021-11-27 20:34:22.107  INFO 530588 --- [ol-283-thread-1] .t.t.s.TourGuideClientRewardsServiceImpl : Service - Reward added for user: internalUser0
2021-11-27 20:34:22.138  INFO 530588 --- [ol-291-thread-1] .t.t.s.TourGuideClientRewardsServiceImpl : Service - Reward added for user: internalUser4
2021-11-27 20:34:22.148  INFO 530588 --- [ol-310-thread-1] .t.t.s.TourGuideClientRewardsServiceImpl : Service - Reward added for user: internalUser30
2021-11-27 20:34:22.151  INFO 530588 --- [ol-299-thread-1] .t.t.s.TourGuideClientRewardsServiceImpl : Service - Reward added for user: internalUser25
2021-11-27 20:34:22.157  INFO 530588 --- [ol-327-thread-1] .t.t.s.TourGuideClientRewardsServiceImpl : Service - Reward added for user: internalUser57
2021-11-27 20:34:22.157  INFO 530588 --- [ol-271-thread-1] .t.t.s.TourGuideClientRewardsServiceImpl : Service - Reward added for user: internalUser12
2021-11-27 20:34:22.187  INFO 530588 --- [ol-296-thread-1] .t.t.s.TourGuideClientRewardsServiceImpl : Service - Reward added for user: internalUser28
2021-11-27 20:34:22.199  INFO 530588 --- [ol-321-thread-1] .t.t.s.TourGuideClientRewardsServiceImpl : Service - Reward added for user: internalUser43
2021-11-27 20:34:22.234  INFO 530588 --- [ol-314-thread-1] .t.t.s.TourGuideClientRewardsServiceImpl : Service - Reward added for user: internalUser48
2021-11-27 20:34:22.253  INFO 530588 --- [ol-313-thread-1] .t.t.s.TourGuideClientRewardsServiceImpl : Service - Reward added for user: internalUser49
2021-11-27 20:34:22.267  INFO 530588 --- [ol-302-thread-1] .t.t.s.TourGuideClientRewardsServiceImpl : Service - Reward added for user: internalUser20
2021-11-27 20:34:22.277  INFO 530588 --- [ol-323-thread-1] .t.t.s.TourGuideClientRewardsServiceImpl : Service - Reward added for user: internalUser59
highVolumeGetRewards: Time Elapsed: 1 seconds.
]]></system-out>
  <system-err><![CDATA[]]></system-err>
</testsuite>
