<?xml version="1.0" encoding="UTF-8"?>
<testsuite name="com.tripMaster.tourguideclient.DAO.InternalUserMapDAOTest" tests="4" skipped="0" failures="0" errors="0" timestamp="2021-11-27T19:34:17" hostname="MSI" time="0.003">
  <properties/>
  <testcase name="addUserTest()" classname="com.tripMaster.tourguideclient.DAO.InternalUserMapDAOTest" time="0.001"/>
  <testcase name="getUserTest_whenUserNotExist_thenReturnNull()" classname="com.tripMaster.tourguideclient.DAO.InternalUserMapDAOTest" time="0.001"/>
  <testcase name="getUserTest_whenUserExistAndUserNameIsJon_thenReturnUser()" classname="com.tripMaster.tourguideclient.DAO.InternalUserMapDAOTest" time="0.0"/>
  <testcase name="getAllUsersTest_thenReturnListWithTwoUsersWhichContainUserAndUserOne()" classname="com.tripMaster.tourguideclient.DAO.InternalUserMapDAOTest" time="0.0"/>
  <system-out><![CDATA[]]></system-out>
  <system-err><![CDATA[]]></system-err>
</testsuite>
