<?xml version="1.0" encoding="UTF-8"?>
<testsuite name="com.tripMaster.tourguideclient.controller.TourGuideClientControllerTest" tests="10" skipped="0" failures="0" errors="0" timestamp="2021-11-27T19:34:17" hostname="MSI" time="0.287">
  <properties/>
  <testcase name="getNearbyAttractionsTest_whenUserNameNotExist_thenTrowUserNotFoundException()" classname="com.tripMaster.tourguideclient.controller.TourGuideClientControllerTest" time="0.111"/>
  <testcase name="userGpsGetLocationTest_whenUserNameIsJonAndVisitedLocationsListIsNotEmpty_thenReturnVisitedLocationOfJon()" classname="com.tripMaster.tourguideclient.controller.TourGuideClientControllerTest" time="0.096"/>
  <testcase name="userGpsGetLocationTest_whenUserNotExist_thenThrowUserNotFoundException()" classname="com.tripMaster.tourguideclient.controller.TourGuideClientControllerTest" time="0.007"/>
  <testcase name="getNearbyAttractionsTest_whenNoAttractionAreNearOfPosition_thenReturnListNearByAttractionWithFiveAttractions()" classname="com.tripMaster.tourguideclient.controller.TourGuideClientControllerTest" time="0.017"/>
  <testcase name="getAllCurrentLocationsTest()" classname="com.tripMaster.tourguideclient.controller.TourGuideClientControllerTest" time="0.007"/>
  <testcase name="userGpsGetLocationTest_whenUserNameIsJonAndVisitedLocationsIsEmpty_thenReturnVisitedLocationOfJonTracked()" classname="com.tripMaster.tourguideclient.controller.TourGuideClientControllerTest" time="0.007"/>
  <testcase name="getRewardsTest_whenUsernameIsJon_thenReturnListUserRewardsForJon()" classname="com.tripMaster.tourguideclient.controller.TourGuideClientControllerTest" time="0.008"/>
  <testcase name="getNearbyAttractionsTest_whenAllAttractionAreNearOfPosition_thenReturnListNearByAttractionWithFiveAttractions()" classname="com.tripMaster.tourguideclient.controller.TourGuideClientControllerTest" time="0.008"/>
  <testcase name="getTripDealsTest()" classname="com.tripMaster.tourguideclient.controller.TourGuideClientControllerTest" time="0.007"/>
  <testcase name="getAllCurrentLocationsTest_whenUserListIsEmpty()" classname="com.tripMaster.tourguideclient.controller.TourGuideClientControllerTest" time="0.008"/>
  <system-out><![CDATA[20:34:14.431 [Test worker] DEBUG org.springframework.test.context.BootstrapUtils - Instantiating CacheAwareContextLoaderDelegate from class [org.springframework.test.context.cache.DefaultCacheAwareContextLoaderDelegate]
20:34:14.440 [Test worker] DEBUG org.springframework.test.context.BootstrapUtils - Instantiating BootstrapContext using constructor [public org.springframework.test.context.support.DefaultBootstrapContext(java.lang.Class,org.springframework.test.context.CacheAwareContextLoaderDelegate)]
20:34:14.490 [Test worker] DEBUG org.springframework.test.context.BootstrapUtils - Instantiating TestContextBootstrapper for test class [com.tripMaster.tourguideclient.controller.TourGuideClientControllerTest] from class [org.springframework.boot.test.autoconfigure.web.servlet.WebMvcTestContextBootstrapper]
20:34:14.504 [Test worker] INFO org.springframework.boot.test.autoconfigure.web.servlet.WebMvcTestContextBootstrapper - Neither @ContextConfiguration nor @ContextHierarchy found for test class [com.tripMaster.tourguideclient.controller.TourGuideClientControllerTest], using SpringBootContextLoader
20:34:14.509 [Test worker] DEBUG org.springframework.test.context.support.AbstractContextLoader - Did not detect default resource location for test class [com.tripMaster.tourguideclient.controller.TourGuideClientControllerTest]: class path resource [com/tripMaster/tourguideclient/controller/TourGuideClientControllerTest-context.xml] does not exist
20:34:14.509 [Test worker] DEBUG org.springframework.test.context.support.AbstractContextLoader - Did not detect default resource location for test class [com.tripMaster.tourguideclient.controller.TourGuideClientControllerTest]: class path resource [com/tripMaster/tourguideclient/controller/TourGuideClientControllerTestContext.groovy] does not exist
20:34:14.509 [Test worker] INFO org.springframework.test.context.support.AbstractContextLoader - Could not detect default resource locations for test class [com.tripMaster.tourguideclient.controller.TourGuideClientControllerTest]: no resource found for suffixes {-context.xml, Context.groovy}.
20:34:14.510 [Test worker] INFO org.springframework.test.context.support.AnnotationConfigContextLoaderUtils - Could not detect default configuration classes for test class [com.tripMaster.tourguideclient.controller.TourGuideClientControllerTest]: TourGuideClientControllerTest does not declare any static, non-private, non-final, nested classes annotated with @Configuration.
20:34:14.592 [Test worker] DEBUG org.springframework.test.context.support.ActiveProfilesUtils - Could not find an 'annotation declaring class' for annotation type [org.springframework.test.context.ActiveProfiles] and class [com.tripMaster.tourguideclient.controller.TourGuideClientControllerTest]
20:34:14.661 [Test worker] DEBUG org.springframework.context.annotation.ClassPathScanningCandidateComponentProvider - Identified candidate component class: file [C:\Users\Kikine\Desktop\tripMaster\tourguide-client\build\classes\java\main\com\tripMaster\tourguideclient\TourGuideClientApplication.class]
20:34:14.662 [Test worker] INFO org.springframework.boot.test.context.SpringBootTestContextBootstrapper - Found @SpringBootConfiguration com.tripMaster.tourguideclient.TourGuideClientApplication for test class com.tripMaster.tourguideclient.controller.TourGuideClientControllerTest
20:34:14.665 [Test worker] DEBUG org.springframework.boot.test.autoconfigure.web.servlet.WebMvcTestContextBootstrapper - @TestExecutionListeners is not present for class [com.tripMaster.tourguideclient.controller.TourGuideClientControllerTest]: using defaults.
20:34:14.666 [Test worker] INFO org.springframework.boot.test.autoconfigure.web.servlet.WebMvcTestContextBootstrapper - Loaded default TestExecutionListener class names from location [META-INF/spring.factories]: [org.springframework.test.context.web.ServletTestExecutionListener, org.springframework.test.context.support.DirtiesContextBeforeModesTestExecutionListener, org.springframework.test.context.event.ApplicationEventsTestExecutionListener, org.springframework.test.context.support.DependencyInjectionTestExecutionListener, org.springframework.test.context.support.DirtiesContextTestExecutionListener, org.springframework.test.context.transaction.TransactionalTestExecutionListener, org.springframework.test.context.jdbc.SqlScriptsTestExecutionListener, org.springframework.test.context.event.EventPublishingTestExecutionListener, org.springframework.boot.test.autoconfigure.restdocs.RestDocsTestExecutionListener, org.springframework.boot.test.autoconfigure.web.client.MockRestServiceServerResetTestExecutionListener, org.springframework.boot.test.autoconfigure.web.servlet.MockMvcPrintOnlyOnFailureTestExecutionListener, org.springframework.boot.test.autoconfigure.web.servlet.WebDriverTestExecutionListener, org.springframework.boot.test.autoconfigure.webservices.client.MockWebServiceServerTestExecutionListener, org.springframework.boot.test.mock.mockito.MockitoTestExecutionListener, org.springframework.boot.test.mock.mockito.ResetMocksTestExecutionListener]
20:34:14.679 [Test worker] DEBUG org.springframework.boot.test.autoconfigure.web.servlet.WebMvcTestContextBootstrapper - Skipping candidate TestExecutionListener [org.springframework.test.context.transaction.TransactionalTestExecutionListener] due to a missing dependency. Specify custom listener classes or make the default listener classes and their required dependencies available. Offending class: [org/springframework/transaction/TransactionDefinition]
20:34:14.679 [Test worker] DEBUG org.springframework.boot.test.autoconfigure.web.servlet.WebMvcTestContextBootstrapper - Skipping candidate TestExecutionListener [org.springframework.test.context.jdbc.SqlScriptsTestExecutionListener] due to a missing dependency. Specify custom listener classes or make the default listener classes and their required dependencies available. Offending class: [org/springframework/transaction/interceptor/TransactionAttribute]
20:34:14.680 [Test worker] INFO org.springframework.boot.test.autoconfigure.web.servlet.WebMvcTestContextBootstrapper - Using TestExecutionListeners: [org.springframework.test.context.web.ServletTestExecutionListener@68b4e7b5, org.springframework.test.context.support.DirtiesContextBeforeModesTestExecutionListener@5a88ecb9, org.springframework.test.context.event.ApplicationEventsTestExecutionListener@5ace902e, org.springframework.boot.test.mock.mockito.MockitoTestExecutionListener@396a4dea, org.springframework.boot.test.autoconfigure.SpringBootDependencyInjectionTestExecutionListener@76ac8c3d, org.springframework.test.context.support.DirtiesContextTestExecutionListener@6b5c4b75, org.springframework.test.context.event.EventPublishingTestExecutionListener@453de9d0, org.springframework.boot.test.autoconfigure.restdocs.RestDocsTestExecutionListener@2e53f980, org.springframework.boot.test.autoconfigure.web.client.MockRestServiceServerResetTestExecutionListener@3c8c5513, org.springframework.boot.test.autoconfigure.web.servlet.MockMvcPrintOnlyOnFailureTestExecutionListener@3502b614, org.springframework.boot.test.autoconfigure.web.servlet.WebDriverTestExecutionListener@1fdbba0d, org.springframework.boot.test.autoconfigure.webservices.client.MockWebServiceServerTestExecutionListener@2ef5df8f, org.springframework.boot.test.mock.mockito.ResetMocksTestExecutionListener@708f238f]
20:34:14.685 [Test worker] DEBUG org.springframework.test.context.support.AbstractDirtiesContextTestExecutionListener - Before test class: context [DefaultTestContext@3f3abe67 testClass = TourGuideClientControllerTest, testInstance = [null], testMethod = [null], testException = [null], mergedContextConfiguration = [WebMergedContextConfiguration@64f1e9f8 testClass = TourGuideClientControllerTest, locations = '{}', classes = '{class com.tripMaster.tourguideclient.TourGuideClientApplication}', contextInitializerClasses = '[]', activeProfiles = '{}', propertySourceLocations = '{}', propertySourceProperties = '{org.springframework.boot.test.autoconfigure.web.servlet.WebMvcTestContextBootstrapper=true}', contextCustomizers = set[org.springframework.boot.test.autoconfigure.OverrideAutoConfigurationContextCustomizerFactory$DisableAutoConfigurationContextCustomizer@136a4800, org.springframework.boot.test.autoconfigure.actuate.metrics.MetricsExportContextCustomizerFactory$DisableMetricExportContextCustomizer@2a15bbf3, org.springframework.boot.test.autoconfigure.filter.TypeExcludeFiltersContextCustomizer@143b8558, org.springframework.boot.test.autoconfigure.properties.PropertyMappingContextCustomizer@fd9d8c53, org.springframework.boot.test.autoconfigure.web.servlet.WebDriverContextCustomizerFactory$Customizer@574e4184, [ImportsContextCustomizer@d3929ba key = [org.springframework.boot.autoconfigure.cache.CacheAutoConfiguration, org.springframework.boot.autoconfigure.context.MessageSourceAutoConfiguration, org.springframework.boot.autoconfigure.data.web.SpringDataWebAutoConfiguration, org.springframework.boot.autoconfigure.freemarker.FreeMarkerAutoConfiguration, org.springframework.boot.autoconfigure.groovy.template.GroovyTemplateAutoConfiguration, org.springframework.boot.autoconfigure.gson.GsonAutoConfiguration, org.springframework.boot.autoconfigure.hateoas.HypermediaAutoConfiguration, org.springframework.boot.autoconfigure.http.HttpMessageConvertersAutoConfiguration, org.springframework.boot.autoconfigure.jackson.JacksonAutoConfiguration, org.springframework.boot.autoconfigure.jsonb.JsonbAutoConfiguration, org.springframework.boot.autoconfigure.mustache.MustacheAutoConfiguration, org.springframework.boot.autoconfigure.task.TaskExecutionAutoConfiguration, org.springframework.boot.autoconfigure.thymeleaf.ThymeleafAutoConfiguration, org.springframework.boot.autoconfigure.validation.ValidationAutoConfiguration, org.springframework.boot.autoconfigure.web.servlet.error.ErrorMvcAutoConfiguration, org.springframework.boot.autoconfigure.web.servlet.HttpEncodingAutoConfiguration, org.springframework.boot.autoconfigure.web.servlet.WebMvcAutoConfiguration, org.springframework.boot.test.autoconfigure.web.servlet.MockMvcAutoConfiguration, org.springframework.boot.test.autoconfigure.web.servlet.MockMvcWebClientAutoConfiguration, org.springframework.boot.test.autoconfigure.web.servlet.MockMvcWebDriverAutoConfiguration, org.springframework.boot.autoconfigure.security.oauth2.client.servlet.OAuth2ClientAutoConfiguration, org.springframework.boot.autoconfigure.security.oauth2.resource.servlet.OAuth2ResourceServerAutoConfiguration, org.springframework.boot.autoconfigure.security.servlet.SecurityAutoConfiguration, org.springframework.boot.autoconfigure.security.servlet.SecurityFilterAutoConfiguration, org.springframework.boot.autoconfigure.security.servlet.UserDetailsServiceAutoConfiguration, org.springframework.boot.test.autoconfigure.web.servlet.MockMvcSecurityConfiguration]], org.springframework.boot.test.context.filter.ExcludeFilterContextCustomizer@752fecbf, org.springframework.boot.test.json.DuplicateJsonObjectContextCustomizerFactory$DuplicateJsonObjectContextCustomizer@28c75c93, org.springframework.boot.test.mock.mockito.MockitoContextCustomizer@e0e73df0, org.springframework.boot.test.context.SpringBootTestArgs@1, org.springframework.boot.test.context.SpringBootTestWebEnvironment@0], resourceBasePath = 'src/main/webapp', contextLoader = 'org.springframework.boot.test.context.SpringBootContextLoader', parent = [null]], attributes = map[[empty]]], class annotated with @DirtiesContext [false] with mode [null].
20:34:14.736 [Test worker] DEBUG org.springframework.test.context.support.TestPropertySourceUtils - Adding inlined properties to environment: {spring.jmx.enabled=false, org.springframework.boot.test.autoconfigure.web.servlet.WebMvcTestContextBootstrapper=true}

  .   ____          _            __ _ _
 /\\ / ___'_ __ _ _(_)_ __  __ _ \ \ \ \
( ( )\___ | '_ | '_| | '_ \/ _` | \ \ \ \
 \\/  ___)| |_)| | | | | || (_| |  ) ) ) )
  '  |____| .__|_| |_|_| |_\__, | / / / /
 =========|_|==============|___/=/_/_/_/
 :: Spring Boot ::                (v2.5.6)

2021-11-27 20:34:15.483  INFO 530588 --- [    Test worker] c.t.t.c.TourGuideClientControllerTest    : Starting TourGuideClientControllerTest using Java 1.8.0_281 on MSI with PID 530588 (started by Kikine in C:\Users\Kikine\Desktop\tripMaster\tourguide-client)
2021-11-27 20:34:15.484 DEBUG 530588 --- [    Test worker] c.t.t.c.TourGuideClientControllerTest    : Running with Spring Boot v2.5.6, Spring v5.3.12
2021-11-27 20:34:15.484  INFO 530588 --- [    Test worker] c.t.t.c.TourGuideClientControllerTest    : No active profile set, falling back to default profiles: default
2021-11-27 20:34:16.911  INFO 530588 --- [    Test worker] pertySourcedRequestMappingHandlerMapping : Mapped URL path [/v2/api-docs] onto method [springfox.documentation.swagger2.web.Swagger2Controller#getDocumentation(String, HttpServletRequest)]
2021-11-27 20:34:17.335  INFO 530588 --- [    Test worker] o.s.b.t.m.w.SpringBootMockServletContext : Initializing Spring TestDispatcherServlet ''
2021-11-27 20:34:17.335  INFO 530588 --- [    Test worker] o.s.t.web.servlet.TestDispatcherServlet  : Initializing Servlet ''
2021-11-27 20:34:17.337  INFO 530588 --- [    Test worker] o.s.t.web.servlet.TestDispatcherServlet  : Completed initialization in 2 ms
2021-11-27 20:34:17.369  INFO 530588 --- [    Test worker] d.s.w.p.DocumentationPluginsBootstrapper : Context refreshed
2021-11-27 20:34:17.411  INFO 530588 --- [    Test worker] d.s.w.p.DocumentationPluginsBootstrapper : Found 1 custom documentation plugin(s)
2021-11-27 20:34:17.450  INFO 530588 --- [    Test worker] s.d.s.w.s.ApiListingReferenceScanner     : Scanning for api listing references
2021-11-27 20:34:17.642  INFO 530588 --- [    Test worker] c.t.t.c.TourGuideClientControllerTest    : Started TourGuideClientControllerTest in 2.898 seconds (JVM running for 6.504)

MockHttpServletRequest:
      HTTP Method = GET
      Request URI = /getNearbyAttractions
       Parameters = {userName=[unknown]}
          Headers = []
             Body = null
    Session Attrs = {}

Handler:
             Type = com.tripMaster.tourguideclient.controller.TourGuideClientController
           Method = com.tripMaster.tourguideclient.controller.TourGuideClientController#getNearbyAttractions(String)

Async:
    Async started = false
     Async result = null

Resolved Exception:
             Type = com.tripMaster.tourguideclient.exception.UserNotFoundException

ModelAndView:
        View name = null
             View = null
            Model = null

FlashMap:
       Attributes = null

MockHttpServletResponse:
           Status = 404
    Error message = null
          Headers = [Content-Type:"application/json"]
     Content type = application/json
             Body = {"timestamp":"2021-11-27T20:34:17.707","message":"User not found"}
    Forwarded URL = null
   Redirected URL = null
          Cookies = []
2021-11-27 20:34:17.766 DEBUG 530588 --- [    Test worker] c.t.t.c.TourGuideClientController        : Controller - request tourGuideClient to get position username: jon

MockHttpServletRequest:
      HTTP Method = GET
      Request URI = /getLocation
       Parameters = {userName=[jon]}
          Headers = []
             Body = null
    Session Attrs = {}

Handler:
             Type = com.tripMaster.tourguideclient.controller.TourGuideClientController
           Method = com.tripMaster.tourguideclient.controller.TourGuideClientController#userGpsGetLocation(String)

Async:
    Async started = false
     Async result = null

Resolved Exception:
             Type = null

ModelAndView:
        View name = null
             View = null
            Model = null

FlashMap:
       Attributes = null

MockHttpServletResponse:
           Status = 200
    Error message = null
          Headers = [Content-Type:"application/json"]
     Content type = application/json
             Body = {"userId":"6908ca27-03cc-4951-9449-7e3b12e4eb49","location":{"latitude":35.817595,"longitude":-118.922008},"timeVisited":"2021-11-27T19:34:17.765+00:00"}
    Forwarded URL = null
   Redirected URL = null
          Cookies = []

MockHttpServletRequest:
      HTTP Method = GET
      Request URI = /getLocation
       Parameters = {userName=[unknown]}
          Headers = []
             Body = null
    Session Attrs = {}

Handler:
             Type = com.tripMaster.tourguideclient.controller.TourGuideClientController
           Method = com.tripMaster.tourguideclient.controller.TourGuideClientController#userGpsGetLocation(String)

Async:
    Async started = false
     Async result = null

Resolved Exception:
             Type = com.tripMaster.tourguideclient.exception.UserNotFoundException

ModelAndView:
        View name = null
             View = null
            Model = null

FlashMap:
       Attributes = null

MockHttpServletResponse:
           Status = 404
    Error message = null
          Headers = [Content-Type:"application/json"]
     Content type = application/json
             Body = {"timestamp":"2021-11-27T20:34:17.862","message":"User not found"}
    Forwarded URL = null
   Redirected URL = null
          Cookies = []
2021-11-27 20:34:17.871 DEBUG 530588 --- [    Test worker] c.t.t.c.TourGuideClientController        : Controller - get list of attraction near by position of user: jon

MockHttpServletRequest:
      HTTP Method = GET
      Request URI = /getNearbyAttractions
       Parameters = {userName=[jon]}
          Headers = []
             Body = null
    Session Attrs = {}

Handler:
             Type = com.tripMaster.tourguideclient.controller.TourGuideClientController
           Method = com.tripMaster.tourguideclient.controller.TourGuideClientController#getNearbyAttractions(String)

Async:
    Async started = false
     Async result = null

Resolved Exception:
             Type = null

ModelAndView:
        View name = null
             View = null
            Model = null

FlashMap:
       Attributes = null

MockHttpServletResponse:
           Status = 200
    Error message = null
          Headers = [Content-Type:"application/json"]
     Content type = application/json
             Body = [{"attractionName":"Disneyland","attractionLocation":{"latitude":48.8719,"longitude":2.776623},"userLocation":{"latitude":33.817595,"longitude":-116.922008},"distance":500,"rewardsPoints":200},{"attractionName":"Belem","attractionLocation":{"latitude":-1.455755,"longitude":2.776623},"userLocation":{"latitude":33.817595,"longitude":-116.922008},"distance":800,"rewardsPoints":300},{"attractionName":"Mojave National Preserve","attractionLocation":{"latitude":35.141689,"longitude":2.776623},"userLocation":{"latitude":33.817595,"longitude":-116.922008},"distance":900,"rewardsPoints":600},{"attractionName":"Disneyland","attractionLocation":{"latitude":33.817595,"longitude":2.776623},"userLocation":{"latitude":33.817595,"longitude":-116.922008},"distance":1000,"rewardsPoints":500},{"attractionName":"Jackson Hole","attractionLocation":{"latitude":43.582767,"longitude":2.776623},"userLocation":{"latitude":33.817595,"longitude":-116.922008},"distance":1200,"rewardsPoints":800}]
    Forwarded URL = null
   Redirected URL = null
          Cookies = []
2021-11-27 20:34:17.888  INFO 530588 --- [    Test worker] c.t.t.c.TourGuideClientController        : Controller - request to get current position of all users

MockHttpServletRequest:
      HTTP Method = GET
      Request URI = /getAllCurrentLocations
       Parameters = {}
          Headers = []
             Body = null
    Session Attrs = {}

Handler:
             Type = com.tripMaster.tourguideclient.controller.TourGuideClientController
           Method = com.tripMaster.tourguideclient.controller.TourGuideClientController#getAllCurrentLocations()

Async:
    Async started = false
     Async result = null

Resolved Exception:
             Type = null

ModelAndView:
        View name = null
             View = null
            Model = null

FlashMap:
       Attributes = null

MockHttpServletResponse:
           Status = 200
    Error message = null
          Headers = [Content-Type:"application/json"]
     Content type = application/json
             Body = [{"userId":"76df3c27-10c8-4a8b-ba1c-acff1a43be62","location":{"latitude":33.817595,"longitude":-116.922008}},{"userId":"c6b2a5b7-694b-46fe-b5a0-1088d3005835","location":{"latitude":35.817595,"longitude":-118.922008}}]
    Forwarded URL = null
   Redirected URL = null
          Cookies = []
2021-11-27 20:34:17.896 DEBUG 530588 --- [    Test worker] c.t.t.c.TourGuideClientController        : Controller - request tourGuideClient to get position username: jon

MockHttpServletRequest:
      HTTP Method = GET
      Request URI = /getLocation
       Parameters = {userName=[jon]}
          Headers = []
             Body = null
    Session Attrs = {}

Handler:
             Type = com.tripMaster.tourguideclient.controller.TourGuideClientController
           Method = com.tripMaster.tourguideclient.controller.TourGuideClientController#userGpsGetLocation(String)

Async:
    Async started = false
     Async result = null

Resolved Exception:
             Type = null

ModelAndView:
        View name = null
             View = null
            Model = null

FlashMap:
       Attributes = null

MockHttpServletResponse:
           Status = 200
    Error message = null
          Headers = [Content-Type:"application/json"]
     Content type = application/json
             Body = {"userId":"c7afbcd3-42c4-4d99-8ff8-3dad604076d2","location":{"latitude":33.817595,"longitude":-116.922008},"timeVisited":"2021-11-27T19:34:17.896+00:00"}
    Forwarded URL = null
   Redirected URL = null
          Cookies = []
2021-11-27 20:34:17.905 DEBUG 530588 --- [    Test worker] c.t.t.c.TourGuideClientController        : Controller - get list of rewards for username: jon

MockHttpServletRequest:
      HTTP Method = GET
      Request URI = /getRewards
       Parameters = {userName=[jon]}
          Headers = []
             Body = null
    Session Attrs = {}

Handler:
             Type = com.tripMaster.tourguideclient.controller.TourGuideClientController
           Method = com.tripMaster.tourguideclient.controller.TourGuideClientController#getRewards(String)

Async:
    Async started = false
     Async result = null

Resolved Exception:
             Type = null

ModelAndView:
        View name = null
             View = null
            Model = null

FlashMap:
       Attributes = null

MockHttpServletResponse:
           Status = 200
    Error message = null
          Headers = [Content-Type:"application/json"]
     Content type = application/json
             Body = [{"visitedLocation":{"userId":"c5161dfc-578d-45ec-bd89-b2a4333da55a","location":{"latitude":33.817595,"longitude":-116.922008},"timeVisited":"2021-11-27T19:34:17.904+00:00"},"attraction":{"latitude":33.817595,"longitude":-117.922008,"attractionName":"Disneyland","city":"Anaheim","state":"CA","attractionId":"c0fb00b1-72c6-4aab-afc7-5db4a600eba4"},"rewardPoints":250},{"visitedLocation":{"userId":"c5161dfc-578d-45ec-bd89-b2a4333da55a","location":{"latitude":34.817595,"longitude":-117.922008},"timeVisited":"2021-11-27T19:34:17.904+00:00"},"attraction":{"latitude":43.582767,"longitude":-110.821999,"attractionName":"Jackson Hole","city":"Jackson Hole","state":"WY","attractionId":"21a60b88-4c00-43eb-8b0f-0ffeaf63afb7"},"rewardPoints":500}]
    Forwarded URL = null
   Redirected URL = null
          Cookies = []
2021-11-27 20:34:17.914 DEBUG 530588 --- [    Test worker] c.t.t.c.TourGuideClientController        : Controller - get list of attraction near by position of user: jon

MockHttpServletRequest:
      HTTP Method = GET
      Request URI = /getNearbyAttractions
       Parameters = {userName=[jon]}
          Headers = []
             Body = null
    Session Attrs = {}

Handler:
             Type = com.tripMaster.tourguideclient.controller.TourGuideClientController
           Method = com.tripMaster.tourguideclient.controller.TourGuideClientController#getNearbyAttractions(String)

Async:
    Async started = false
     Async result = null

Resolved Exception:
             Type = null

ModelAndView:
        View name = null
             View = null
            Model = null

FlashMap:
       Attributes = null

MockHttpServletResponse:
           Status = 200
    Error message = null
          Headers = [Content-Type:"application/json"]
     Content type = application/json
             Body = [{"attractionName":"Disneyland","attractionLocation":{"latitude":48.8719,"longitude":2.776623},"userLocation":{"latitude":33.817595,"longitude":-116.922008},"distance":50,"rewardsPoints":200},{"attractionName":"Belem","attractionLocation":{"latitude":-1.455755,"longitude":2.776623},"userLocation":{"latitude":33.817595,"longitude":-116.922008},"distance":80,"rewardsPoints":300},{"attractionName":"Mojave National Preserve","attractionLocation":{"latitude":35.141689,"longitude":2.776623},"userLocation":{"latitude":33.817595,"longitude":-116.922008},"distance":90,"rewardsPoints":600},{"attractionName":"Disneyland","attractionLocation":{"latitude":33.817595,"longitude":2.776623},"userLocation":{"latitude":33.817595,"longitude":-116.922008},"distance":100,"rewardsPoints":500},{"attractionName":"Jackson Hole","attractionLocation":{"latitude":43.582767,"longitude":2.776623},"userLocation":{"latitude":33.817595,"longitude":-116.922008},"distance":120,"rewardsPoints":800}]
    Forwarded URL = null
   Redirected URL = null
          Cookies = []
2021-11-27 20:34:17.923 DEBUG 530588 --- [    Test worker] c.t.t.c.TourGuideClientController        : Controller - request to get Trip deals for user: jon

MockHttpServletRequest:
      HTTP Method = GET
      Request URI = /getTripDeals
       Parameters = {userName=[jon]}
          Headers = []
             Body = null
    Session Attrs = {}

Handler:
             Type = com.tripMaster.tourguideclient.controller.TourGuideClientController
           Method = com.tripMaster.tourguideclient.controller.TourGuideClientController#getTripDeals(String)

Async:
    Async started = false
     Async result = null

Resolved Exception:
             Type = null

ModelAndView:
        View name = null
             View = null
            Model = null

FlashMap:
       Attributes = null

MockHttpServletResponse:
           Status = 200
    Error message = null
          Headers = [Content-Type:"application/json"]
     Content type = application/json
             Body = [{"tripId":"82307c60-bda9-4275-a8c7-695baf3616f2","name":"Holiday Travels","price":200.0},{"tripId":"1b48d911-01c0-4b0e-be05-a4eb064053e0","name":"FlyAway Trips","price":150.0},{"tripId":"ed34db44-1069-41fe-bb40-dccf518a81d3","name":"Sunny Days","price":500.0}]
    Forwarded URL = null
   Redirected URL = null
          Cookies = []
2021-11-27 20:34:17.931  INFO 530588 --- [    Test worker] c.t.t.c.TourGuideClientController        : Controller - request to get current position of all users

MockHttpServletRequest:
      HTTP Method = GET
      Request URI = /getAllCurrentLocations
       Parameters = {}
          Headers = []
             Body = null
    Session Attrs = {}

Handler:
             Type = com.tripMaster.tourguideclient.controller.TourGuideClientController
           Method = com.tripMaster.tourguideclient.controller.TourGuideClientController#getAllCurrentLocations()

Async:
    Async started = false
     Async result = null

Resolved Exception:
             Type = null

ModelAndView:
        View name = null
             View = null
            Model = null

FlashMap:
       Attributes = null

MockHttpServletResponse:
           Status = 200
    Error message = null
          Headers = [Content-Type:"application/json"]
     Content type = application/json
             Body = []
    Forwarded URL = null
   Redirected URL = null
          Cookies = []
]]></system-out>
  <system-err><![CDATA[]]></system-err>
</testsuite>
