<?xml version="1.0" encoding="UTF-8"?>
<testsuite name="com.tripMaster.tourguideclient.TourGuideClientApplicationTests" tests="1" skipped="0" failures="0" errors="0" timestamp="2021-11-27T19:34:22" hostname="MSI" time="0.004">
  <properties/>
  <testcase name="contextLoads()" classname="com.tripMaster.tourguideclient.TourGuideClientApplicationTests" time="0.004"/>
  <system-out><![CDATA[2021-11-27 20:34:22.301  INFO 530588 --- [    Test worker] .b.t.c.SpringBootTestContextBootstrapper : Neither @ContextConfiguration nor @ContextHierarchy found for test class [com.tripMaster.tourguideclient.TourGuideClientApplicationTests], using SpringBootContextLoader
2021-11-27 20:34:22.302  INFO 530588 --- [    Test worker] o.s.t.c.support.AbstractContextLoader    : Could not detect default resource locations for test class [com.tripMaster.tourguideclient.TourGuideClientApplicationTests]: no resource found for suffixes {-context.xml, Context.groovy}.
2021-11-27 20:34:22.302  INFO 530588 --- [    Test worker] t.c.s.AnnotationConfigContextLoaderUtils : Could not detect default configuration classes for test class [com.tripMaster.tourguideclient.TourGuideClientApplicationTests]: TourGuideClientApplicationTests does not declare any static, non-private, non-final, nested classes annotated with @Configuration.
2021-11-27 20:34:22.303  INFO 530588 --- [    Test worker] .b.t.c.SpringBootTestContextBootstrapper : Found @SpringBootConfiguration com.tripMaster.tourguideclient.TourGuideClientApplication for test class com.tripMaster.tourguideclient.TourGuideClientApplicationTests
2021-11-27 20:34:22.304  INFO 530588 --- [    Test worker] .b.t.c.SpringBootTestContextBootstrapper : Loaded default TestExecutionListener class names from location [META-INF/spring.factories]: [org.springframework.test.context.web.ServletTestExecutionListener, org.springframework.test.context.support.DirtiesContextBeforeModesTestExecutionListener, org.springframework.test.context.event.ApplicationEventsTestExecutionListener, org.springframework.test.context.support.DependencyInjectionTestExecutionListener, org.springframework.test.context.support.DirtiesContextTestExecutionListener, org.springframework.test.context.transaction.TransactionalTestExecutionListener, org.springframework.test.context.jdbc.SqlScriptsTestExecutionListener, org.springframework.test.context.event.EventPublishingTestExecutionListener, org.springframework.boot.test.autoconfigure.restdocs.RestDocsTestExecutionListener, org.springframework.boot.test.autoconfigure.web.client.MockRestServiceServerResetTestExecutionListener, org.springframework.boot.test.autoconfigure.web.servlet.MockMvcPrintOnlyOnFailureTestExecutionListener, org.springframework.boot.test.autoconfigure.web.servlet.WebDriverTestExecutionListener, org.springframework.boot.test.autoconfigure.webservices.client.MockWebServiceServerTestExecutionListener, org.springframework.boot.test.mock.mockito.MockitoTestExecutionListener, org.springframework.boot.test.mock.mockito.ResetMocksTestExecutionListener]
2021-11-27 20:34:22.305  INFO 530588 --- [    Test worker] .b.t.c.SpringBootTestContextBootstrapper : Using TestExecutionListeners: [org.springframework.test.context.web.ServletTestExecutionListener@4dd130ce, org.springframework.test.context.support.DirtiesContextBeforeModesTestExecutionListener@70c38e0, org.springframework.test.context.event.ApplicationEventsTestExecutionListener@106e5abe, org.springframework.boot.test.mock.mockito.MockitoTestExecutionListener@1db29ecc, org.springframework.boot.test.autoconfigure.SpringBootDependencyInjectionTestExecutionListener@59219af4, org.springframework.test.context.support.DirtiesContextTestExecutionListener@3f0c6208, org.springframework.test.context.event.EventPublishingTestExecutionListener@5dd564fd, org.springframework.boot.test.autoconfigure.restdocs.RestDocsTestExecutionListener@5498c575, org.springframework.boot.test.autoconfigure.web.client.MockRestServiceServerResetTestExecutionListener@13b1328, org.springframework.boot.test.autoconfigure.web.servlet.MockMvcPrintOnlyOnFailureTestExecutionListener@5dfb3d25, org.springframework.boot.test.autoconfigure.web.servlet.WebDriverTestExecutionListener@2b7f48eb, org.springframework.boot.test.autoconfigure.webservices.client.MockWebServiceServerTestExecutionListener@39de939c, org.springframework.boot.test.mock.mockito.ResetMocksTestExecutionListener@602565dc]
]]></system-out>
  <system-err><![CDATA[]]></system-err>
</testsuite>
