<?xml version="1.0" encoding="UTF-8"?>
<testsuite name="com.tripMaster.microservicerewards.IT.RewardsTestIT" tests="1" skipped="0" failures="0" errors="0" timestamp="2021-11-23T15:00:30" hostname="MSI" time="1.519">
  <properties/>
  <testcase name="getRewardsPointsTest_thenReturnAnIntegerWithRewardsPoints()" classname="com.tripMaster.microservicerewards.IT.RewardsTestIT" time="1.519"/>
  <system-out><![CDATA[2021-11-23 16:00:29.392  INFO 678340 --- [    Test worker] .b.t.c.SpringBootTestContextBootstrapper : Neither @ContextConfiguration nor @ContextHierarchy found for test class [com.tripMaster.microservicerewards.IT.RewardsTestIT], using SpringBootContextLoader
2021-11-23 16:00:29.393  INFO 678340 --- [    Test worker] o.s.t.c.support.AbstractContextLoader    : Could not detect default resource locations for test class [com.tripMaster.microservicerewards.IT.RewardsTestIT]: no resource found for suffixes {-context.xml, Context.groovy}.
2021-11-23 16:00:29.393  INFO 678340 --- [    Test worker] t.c.s.AnnotationConfigContextLoaderUtils : Could not detect default configuration classes for test class [com.tripMaster.microservicerewards.IT.RewardsTestIT]: RewardsTestIT does not declare any static, non-private, non-final, nested classes annotated with @Configuration.
2021-11-23 16:00:29.400  INFO 678340 --- [    Test worker] .b.t.c.SpringBootTestContextBootstrapper : Found @SpringBootConfiguration com.tripMaster.microservicerewards.MicroserviceRewardsApplication for test class com.tripMaster.microservicerewards.IT.RewardsTestIT
2021-11-23 16:00:29.405  INFO 678340 --- [    Test worker] .b.t.c.SpringBootTestContextBootstrapper : Loaded default TestExecutionListener class names from location [META-INF/spring.factories]: [org.springframework.test.context.web.ServletTestExecutionListener, org.springframework.test.context.support.DirtiesContextBeforeModesTestExecutionListener, org.springframework.test.context.event.ApplicationEventsTestExecutionListener, org.springframework.test.context.support.DependencyInjectionTestExecutionListener, org.springframework.test.context.support.DirtiesContextTestExecutionListener, org.springframework.test.context.transaction.TransactionalTestExecutionListener, org.springframework.test.context.jdbc.SqlScriptsTestExecutionListener, org.springframework.test.context.event.EventPublishingTestExecutionListener, org.springframework.boot.test.autoconfigure.restdocs.RestDocsTestExecutionListener, org.springframework.boot.test.autoconfigure.web.client.MockRestServiceServerResetTestExecutionListener, org.springframework.boot.test.autoconfigure.web.servlet.MockMvcPrintOnlyOnFailureTestExecutionListener, org.springframework.boot.test.autoconfigure.web.servlet.WebDriverTestExecutionListener, org.springframework.boot.test.autoconfigure.webservices.client.MockWebServiceServerTestExecutionListener, org.springframework.boot.test.mock.mockito.MockitoTestExecutionListener, org.springframework.boot.test.mock.mockito.ResetMocksTestExecutionListener]
2021-11-23 16:00:29.406  INFO 678340 --- [    Test worker] .b.t.c.SpringBootTestContextBootstrapper : Using TestExecutionListeners: [org.springframework.test.context.web.ServletTestExecutionListener@24c0ff64, org.springframework.test.context.support.DirtiesContextBeforeModesTestExecutionListener@4d7648a5, org.springframework.test.context.event.ApplicationEventsTestExecutionListener@78c726d2, org.springframework.boot.test.mock.mockito.MockitoTestExecutionListener@1b78ce4, org.springframework.boot.test.autoconfigure.SpringBootDependencyInjectionTestExecutionListener@222f7869, org.springframework.test.context.support.DirtiesContextTestExecutionListener@5d632fe9, org.springframework.test.context.event.EventPublishingTestExecutionListener@1c536321, org.springframework.boot.test.autoconfigure.restdocs.RestDocsTestExecutionListener@21be0ce3, org.springframework.boot.test.autoconfigure.web.client.MockRestServiceServerResetTestExecutionListener@780bc48d, org.springframework.boot.test.autoconfigure.web.servlet.MockMvcPrintOnlyOnFailureTestExecutionListener@3c53a002, org.springframework.boot.test.autoconfigure.web.servlet.WebDriverTestExecutionListener@3b1e96c2, org.springframework.boot.test.autoconfigure.webservices.client.MockWebServiceServerTestExecutionListener@6a964c56, org.springframework.boot.test.mock.mockito.ResetMocksTestExecutionListener@4c1fd225]

  .   ____          _            __ _ _
 /\\ / ___'_ __ _ _(_)_ __  __ _ \ \ \ \
( ( )\___ | '_ | '_| | '_ \/ _` | \ \ \ \
 \\/  ___)| |_)| | | | | || (_| |  ) ) ) )
  '  |____| .__|_| |_|_| |_\__, | / / / /
 =========|_|==============|___/=/_/_/_/
 :: Spring Boot ::                (v2.5.6)

2021-11-23 16:00:29.437  INFO 678340 --- [    Test worker] c.t.m.IT.RewardsTestIT                   : Starting RewardsTestIT using Java 1.8.0_281 on MSI with PID 678340 (started by Kikine in C:\Users\Kikine\Desktop\tripMaster\microservice-rewards)
2021-11-23 16:00:29.438 DEBUG 678340 --- [    Test worker] c.t.m.IT.RewardsTestIT                   : Running with Spring Boot v2.5.6, Spring v5.3.12
2021-11-23 16:00:29.438  INFO 678340 --- [    Test worker] c.t.m.IT.RewardsTestIT                   : No active profile set, falling back to default profiles: default
2021-11-23 16:00:30.177  INFO 678340 --- [    Test worker] pertySourcedRequestMappingHandlerMapping : Mapped URL path [/v2/api-docs] onto method [springfox.documentation.swagger2.web.Swagger2Controller#getDocumentation(String, HttpServletRequest)]
2021-11-23 16:00:30.535  INFO 678340 --- [    Test worker] o.s.b.t.m.w.SpringBootMockServletContext : Initializing Spring TestDispatcherServlet ''
2021-11-23 16:00:30.535  INFO 678340 --- [    Test worker] o.s.t.web.servlet.TestDispatcherServlet  : Initializing Servlet ''
2021-11-23 16:00:30.536  INFO 678340 --- [    Test worker] o.s.t.web.servlet.TestDispatcherServlet  : Completed initialization in 1 ms
2021-11-23 16:00:30.542  INFO 678340 --- [    Test worker] d.s.w.p.DocumentationPluginsBootstrapper : Context refreshed
2021-11-23 16:00:30.542  INFO 678340 --- [    Test worker] d.s.w.p.DocumentationPluginsBootstrapper : Found 1 custom documentation plugin(s)
2021-11-23 16:00:30.547  INFO 678340 --- [    Test worker] s.d.s.w.s.ApiListingReferenceScanner     : Scanning for api listing references
2021-11-23 16:00:30.557  INFO 678340 --- [    Test worker] c.t.m.IT.RewardsTestIT                   : Started RewardsTestIT in 1.149 seconds (JVM running for 6.194)
2021-11-23 16:00:30.565  INFO 678340 --- [    Test worker] c.t.m.service.RewardsServiceImpl         : Service - Rewards points getted for user:ae1d345a-bfa5-4f21-9d81-828f05e7aa86
2021-11-23 16:00:31.167  INFO 678340 --- [    Test worker] c.t.m.controller.RewardsController       : Controller - request to get rewards points
2021-11-23 16:00:31.167  INFO 678340 --- [    Test worker] c.t.m.service.RewardsServiceImpl         : Service - Rewards points getted for user:ae1d345a-bfa5-4f21-9d81-828f05e7aa86

MockHttpServletRequest:
      HTTP Method = GET
      Request URI = /getRewards
       Parameters = {attractionId=[27843192-b407-4bd2-aa8a-542b9235f878], userId=[ae1d345a-bfa5-4f21-9d81-828f05e7aa86]}
          Headers = []
             Body = null
    Session Attrs = {}

Handler:
             Type = com.tripMaster.microservicerewards.controller.RewardsController
           Method = com.tripMaster.microservicerewards.controller.RewardsController#getRewardsPoints(UUID, UUID)

Async:
    Async started = false
     Async result = null

Resolved Exception:
             Type = null

ModelAndView:
        View name = null
             View = null
            Model = null

FlashMap:
       Attributes = null

MockHttpServletResponse:
           Status = 200
    Error message = null
          Headers = [Content-Type:"application/json"]
     Content type = application/json
             Body = 590
    Forwarded URL = null
   Redirected URL = null
          Cookies = []
]]></system-out>
  <system-err><![CDATA[]]></system-err>
</testsuite>
