<?xml version="1.0" encoding="UTF-8"?>
<testsuite name="com.tripMaster.microservicegps.MicroserviceGpsApplicationTests" tests="1" skipped="0" failures="0" errors="0" timestamp="2021-11-27T19:32:29" hostname="MSI" time="0.005">
  <properties/>
  <testcase name="contextLoads()" classname="com.tripMaster.microservicegps.MicroserviceGpsApplicationTests" time="0.005"/>
  <system-out><![CDATA[2021-11-27 20:32:28.576  INFO 534328 --- [    Test worker] .b.t.c.SpringBootTestContextBootstrapper : Neither @ContextConfiguration nor @ContextHierarchy found for test class [com.tripMaster.microservicegps.MicroserviceGpsApplicationTests], using SpringBootContextLoader
2021-11-27 20:32:28.577  INFO 534328 --- [    Test worker] o.s.t.c.support.AbstractContextLoader    : Could not detect default resource locations for test class [com.tripMaster.microservicegps.MicroserviceGpsApplicationTests]: no resource found for suffixes {-context.xml, Context.groovy}.
2021-11-27 20:32:28.577  INFO 534328 --- [    Test worker] t.c.s.AnnotationConfigContextLoaderUtils : Could not detect default configuration classes for test class [com.tripMaster.microservicegps.MicroserviceGpsApplicationTests]: MicroserviceGpsApplicationTests does not declare any static, non-private, non-final, nested classes annotated with @Configuration.
2021-11-27 20:32:28.580  INFO 534328 --- [    Test worker] .b.t.c.SpringBootTestContextBootstrapper : Found @SpringBootConfiguration com.tripMaster.microservicegps.MicroserviceGpsApplication for test class com.tripMaster.microservicegps.MicroserviceGpsApplicationTests
2021-11-27 20:32:28.582  INFO 534328 --- [    Test worker] .b.t.c.SpringBootTestContextBootstrapper : Loaded default TestExecutionListener class names from location [META-INF/spring.factories]: [org.springframework.test.context.web.ServletTestExecutionListener, org.springframework.test.context.support.DirtiesContextBeforeModesTestExecutionListener, org.springframework.test.context.event.ApplicationEventsTestExecutionListener, org.springframework.test.context.support.DependencyInjectionTestExecutionListener, org.springframework.test.context.support.DirtiesContextTestExecutionListener, org.springframework.test.context.transaction.TransactionalTestExecutionListener, org.springframework.test.context.jdbc.SqlScriptsTestExecutionListener, org.springframework.test.context.event.EventPublishingTestExecutionListener, org.springframework.boot.test.autoconfigure.restdocs.RestDocsTestExecutionListener, org.springframework.boot.test.autoconfigure.web.client.MockRestServiceServerResetTestExecutionListener, org.springframework.boot.test.autoconfigure.web.servlet.MockMvcPrintOnlyOnFailureTestExecutionListener, org.springframework.boot.test.autoconfigure.web.servlet.WebDriverTestExecutionListener, org.springframework.boot.test.autoconfigure.webservices.client.MockWebServiceServerTestExecutionListener, org.springframework.boot.test.mock.mockito.MockitoTestExecutionListener, org.springframework.boot.test.mock.mockito.ResetMocksTestExecutionListener]
2021-11-27 20:32:28.583  INFO 534328 --- [    Test worker] .b.t.c.SpringBootTestContextBootstrapper : Using TestExecutionListeners: [org.springframework.test.context.web.ServletTestExecutionListener@123702d, org.springframework.test.context.support.DirtiesContextBeforeModesTestExecutionListener@e0649c, org.springframework.test.context.event.ApplicationEventsTestExecutionListener@7b665276, org.springframework.boot.test.mock.mockito.MockitoTestExecutionListener@7e39360c, org.springframework.boot.test.autoconfigure.SpringBootDependencyInjectionTestExecutionListener@648183fe, org.springframework.test.context.support.DirtiesContextTestExecutionListener@67c6cf76, org.springframework.test.context.event.EventPublishingTestExecutionListener@2efac41a, org.springframework.boot.test.autoconfigure.restdocs.RestDocsTestExecutionListener@19c41e9f, org.springframework.boot.test.autoconfigure.web.client.MockRestServiceServerResetTestExecutionListener@7132e02a, org.springframework.boot.test.autoconfigure.web.servlet.MockMvcPrintOnlyOnFailureTestExecutionListener@205e3c05, org.springframework.boot.test.autoconfigure.web.servlet.WebDriverTestExecutionListener@587cf600, org.springframework.boot.test.autoconfigure.webservices.client.MockWebServiceServerTestExecutionListener@61f53b76, org.springframework.boot.test.mock.mockito.ResetMocksTestExecutionListener@7a0b4d2]

  .   ____          _            __ _ _
 /\\ / ___'_ __ _ _(_)_ __  __ _ \ \ \ \
( ( )\___ | '_ | '_| | '_ \/ _` | \ \ \ \
 \\/  ___)| |_)| | | | | || (_| |  ) ) ) )
  '  |____| .__|_| |_|_| |_\__, | / / / /
 =========|_|==============|___/=/_/_/_/
 :: Spring Boot ::                (v2.5.6)

2021-11-27 20:32:28.606  INFO 534328 --- [    Test worker] c.t.m.MicroserviceGpsApplicationTests    : Starting MicroserviceGpsApplicationTests using Java 1.8.0_281 on MSI with PID 534328 (started by Kikine in C:\Users\Kikine\Desktop\tripMaster\microservice-gps)
2021-11-27 20:32:28.607 DEBUG 534328 --- [    Test worker] c.t.m.MicroserviceGpsApplicationTests    : Running with Spring Boot v2.5.6, Spring v5.3.12
2021-11-27 20:32:28.607  INFO 534328 --- [    Test worker] c.t.m.MicroserviceGpsApplicationTests    : No active profile set, falling back to default profiles: default
2021-11-27 20:32:29.279  INFO 534328 --- [    Test worker] pertySourcedRequestMappingHandlerMapping : Mapped URL path [/v2/api-docs] onto method [springfox.documentation.swagger2.web.Swagger2Controller#getDocumentation(String, HttpServletRequest)]
2021-11-27 20:32:29.576  INFO 534328 --- [    Test worker] d.s.w.p.DocumentationPluginsBootstrapper : Context refreshed
2021-11-27 20:32:29.576  INFO 534328 --- [    Test worker] d.s.w.p.DocumentationPluginsBootstrapper : Found 1 custom documentation plugin(s)
2021-11-27 20:32:29.583  INFO 534328 --- [    Test worker] s.d.s.w.s.ApiListingReferenceScanner     : Scanning for api listing references
2021-11-27 20:32:29.601  INFO 534328 --- [    Test worker] c.t.m.MicroserviceGpsApplicationTests    : Started MicroserviceGpsApplicationTests in 1.015 seconds (JVM running for 7.853)
]]></system-out>
  <system-err><![CDATA[]]></system-err>
</testsuite>
