<?xml version="1.0" encoding="UTF-8"?>
<testsuite name="com.tripMaster.microservicegps.IT.UserGpsTestIT" tests="3" skipped="0" failures="0" errors="0" timestamp="2021-11-04T15:39:24" hostname="MSI" time="0.453">
  <properties/>
  <testcase name="userGpsGetLocationTest_whenUserNotExist_thenTrowUserNotFoundException()" classname="com.tripMaster.microservicegps.IT.UserGpsTestIT" time="0.255"/>
  <testcase name="userGpsGetLocationTest_whenUserNameIsJonaAndVisitedLocationsListEmpty_thenReturnVisitedLocationOfJonaTracked()" classname="com.tripMaster.microservicegps.IT.UserGpsTestIT" time="0.188"/>
  <testcase name="userGpsGetLocationTest_whenUserNameIsJonAndVisitedLocationsListIsNotEmpty_thenReturnLastVisitedLocationOfJon()" classname="com.tripMaster.microservicegps.IT.UserGpsTestIT" time="0.008"/>
  <system-out><![CDATA[16:39:22.237 [Test worker] DEBUG org.springframework.test.context.BootstrapUtils - Instantiating CacheAwareContextLoaderDelegate from class [org.springframework.test.context.cache.DefaultCacheAwareContextLoaderDelegate]
16:39:22.254 [Test worker] DEBUG org.springframework.test.context.BootstrapUtils - Instantiating BootstrapContext using constructor [public org.springframework.test.context.support.DefaultBootstrapContext(java.lang.Class,org.springframework.test.context.CacheAwareContextLoaderDelegate)]
16:39:22.307 [Test worker] DEBUG org.springframework.test.context.BootstrapUtils - Instantiating TestContextBootstrapper for test class [com.tripMaster.microservicegps.IT.UserGpsTestIT] from class [org.springframework.boot.test.context.SpringBootTestContextBootstrapper]
16:39:22.323 [Test worker] INFO org.springframework.boot.test.context.SpringBootTestContextBootstrapper - Neither @ContextConfiguration nor @ContextHierarchy found for test class [com.tripMaster.microservicegps.IT.UserGpsTestIT], using SpringBootContextLoader
16:39:22.331 [Test worker] DEBUG org.springframework.test.context.support.AbstractContextLoader - Did not detect default resource location for test class [com.tripMaster.microservicegps.IT.UserGpsTestIT]: class path resource [com/tripMaster/microservicegps/IT/UserGpsTestIT-context.xml] does not exist
16:39:22.332 [Test worker] DEBUG org.springframework.test.context.support.AbstractContextLoader - Did not detect default resource location for test class [com.tripMaster.microservicegps.IT.UserGpsTestIT]: class path resource [com/tripMaster/microservicegps/IT/UserGpsTestITContext.groovy] does not exist
16:39:22.332 [Test worker] INFO org.springframework.test.context.support.AbstractContextLoader - Could not detect default resource locations for test class [com.tripMaster.microservicegps.IT.UserGpsTestIT]: no resource found for suffixes {-context.xml, Context.groovy}.
16:39:22.333 [Test worker] INFO org.springframework.test.context.support.AnnotationConfigContextLoaderUtils - Could not detect default configuration classes for test class [com.tripMaster.microservicegps.IT.UserGpsTestIT]: UserGpsTestIT does not declare any static, non-private, non-final, nested classes annotated with @Configuration.
16:39:22.404 [Test worker] DEBUG org.springframework.test.context.support.ActiveProfilesUtils - Could not find an 'annotation declaring class' for annotation type [org.springframework.test.context.ActiveProfiles] and class [com.tripMaster.microservicegps.IT.UserGpsTestIT]
16:39:22.481 [Test worker] DEBUG org.springframework.context.annotation.ClassPathScanningCandidateComponentProvider - Identified candidate component class: file [C:\Users\Kikine\tourGuideProjet8\microservice-gps\build\classes\java\main\com\tripMaster\microservicegps\MicroserviceGpsApplication.class]
16:39:22.482 [Test worker] INFO org.springframework.boot.test.context.SpringBootTestContextBootstrapper - Found @SpringBootConfiguration com.tripMaster.microservicegps.MicroserviceGpsApplication for test class com.tripMaster.microservicegps.IT.UserGpsTestIT
16:39:22.618 [Test worker] DEBUG org.springframework.boot.test.context.SpringBootTestContextBootstrapper - @TestExecutionListeners is not present for class [com.tripMaster.microservicegps.IT.UserGpsTestIT]: using defaults.
16:39:22.619 [Test worker] INFO org.springframework.boot.test.context.SpringBootTestContextBootstrapper - Loaded default TestExecutionListener class names from location [META-INF/spring.factories]: [org.springframework.test.context.web.ServletTestExecutionListener, org.springframework.test.context.support.DirtiesContextBeforeModesTestExecutionListener, org.springframework.test.context.event.ApplicationEventsTestExecutionListener, org.springframework.test.context.support.DependencyInjectionTestExecutionListener, org.springframework.test.context.support.DirtiesContextTestExecutionListener, org.springframework.test.context.transaction.TransactionalTestExecutionListener, org.springframework.test.context.jdbc.SqlScriptsTestExecutionListener, org.springframework.test.context.event.EventPublishingTestExecutionListener, org.springframework.boot.test.autoconfigure.restdocs.RestDocsTestExecutionListener, org.springframework.boot.test.autoconfigure.web.client.MockRestServiceServerResetTestExecutionListener, org.springframework.boot.test.autoconfigure.web.servlet.MockMvcPrintOnlyOnFailureTestExecutionListener, org.springframework.boot.test.autoconfigure.web.servlet.WebDriverTestExecutionListener, org.springframework.boot.test.autoconfigure.webservices.client.MockWebServiceServerTestExecutionListener, org.springframework.boot.test.mock.mockito.MockitoTestExecutionListener, org.springframework.boot.test.mock.mockito.ResetMocksTestExecutionListener]
16:39:22.635 [Test worker] DEBUG org.springframework.boot.test.context.SpringBootTestContextBootstrapper - Skipping candidate TestExecutionListener [org.springframework.test.context.transaction.TransactionalTestExecutionListener] due to a missing dependency. Specify custom listener classes or make the default listener classes and their required dependencies available. Offending class: [org/springframework/transaction/TransactionDefinition]
16:39:22.635 [Test worker] DEBUG org.springframework.boot.test.context.SpringBootTestContextBootstrapper - Skipping candidate TestExecutionListener [org.springframework.test.context.jdbc.SqlScriptsTestExecutionListener] due to a missing dependency. Specify custom listener classes or make the default listener classes and their required dependencies available. Offending class: [org/springframework/transaction/interceptor/TransactionAttribute]
16:39:22.638 [Test worker] INFO org.springframework.boot.test.context.SpringBootTestContextBootstrapper - Using TestExecutionListeners: [org.springframework.test.context.web.ServletTestExecutionListener@3835b281, org.springframework.test.context.support.DirtiesContextBeforeModesTestExecutionListener@4c5e4bfa, org.springframework.test.context.event.ApplicationEventsTestExecutionListener@552cb0d5, org.springframework.boot.test.mock.mockito.MockitoTestExecutionListener@61d6c8c4, org.springframework.boot.test.autoconfigure.SpringBootDependencyInjectionTestExecutionListener@74e2cfc5, org.springframework.test.context.support.DirtiesContextTestExecutionListener@4a5d5b38, org.springframework.test.context.event.EventPublishingTestExecutionListener@7a47f0be, org.springframework.boot.test.autoconfigure.restdocs.RestDocsTestExecutionListener@2d8087da, org.springframework.boot.test.autoconfigure.web.client.MockRestServiceServerResetTestExecutionListener@4f7ef948, org.springframework.boot.test.autoconfigure.web.servlet.MockMvcPrintOnlyOnFailureTestExecutionListener@6fdaef04, org.springframework.boot.test.autoconfigure.web.servlet.WebDriverTestExecutionListener@2a5d2041, org.springframework.boot.test.autoconfigure.webservices.client.MockWebServiceServerTestExecutionListener@3cacc87, org.springframework.boot.test.mock.mockito.ResetMocksTestExecutionListener@3bc6c10f]
16:39:22.643 [Test worker] DEBUG org.springframework.test.context.support.AbstractDirtiesContextTestExecutionListener - Before test class: context [DefaultTestContext@3d4b45b testClass = UserGpsTestIT, testInstance = [null], testMethod = [null], testException = [null], mergedContextConfiguration = [WebMergedContextConfiguration@4d0b276e testClass = UserGpsTestIT, locations = '{}', classes = '{class com.tripMaster.microservicegps.MicroserviceGpsApplication}', contextInitializerClasses = '[]', activeProfiles = '{}', propertySourceLocations = '{}', propertySourceProperties = '{org.springframework.boot.test.context.SpringBootTestContextBootstrapper=true}', contextCustomizers = set[org.springframework.boot.test.autoconfigure.actuate.metrics.MetricsExportContextCustomizerFactory$DisableMetricExportContextCustomizer@15e8f9b2, org.springframework.boot.test.autoconfigure.properties.PropertyMappingContextCustomizer@4b3fa0b3, org.springframework.boot.test.autoconfigure.web.servlet.WebDriverContextCustomizerFactory$Customizer@6d69a0d3, [ImportsContextCustomizer@31531d0d key = [org.springframework.boot.test.autoconfigure.web.servlet.MockMvcAutoConfiguration, org.springframework.boot.test.autoconfigure.web.servlet.MockMvcWebClientAutoConfiguration, org.springframework.boot.test.autoconfigure.web.servlet.MockMvcWebDriverAutoConfiguration, org.springframework.boot.autoconfigure.security.oauth2.client.servlet.OAuth2ClientAutoConfiguration, org.springframework.boot.autoconfigure.security.oauth2.resource.servlet.OAuth2ResourceServerAutoConfiguration, org.springframework.boot.autoconfigure.security.servlet.SecurityAutoConfiguration, org.springframework.boot.autoconfigure.security.servlet.SecurityFilterAutoConfiguration, org.springframework.boot.autoconfigure.security.servlet.UserDetailsServiceAutoConfiguration, org.springframework.boot.test.autoconfigure.web.servlet.MockMvcSecurityConfiguration]], org.springframework.boot.test.context.filter.ExcludeFilterContextCustomizer@7d37ee0c, org.springframework.boot.test.json.DuplicateJsonObjectContextCustomizerFactory$DuplicateJsonObjectContextCustomizer@21b51e59, org.springframework.boot.test.mock.mockito.MockitoContextCustomizer@0, org.springframework.boot.test.web.client.TestRestTemplateContextCustomizer@129c4d19, org.springframework.boot.test.context.SpringBootTestArgs@1, org.springframework.boot.test.context.SpringBootTestWebEnvironment@3013909b], resourceBasePath = 'src/main/webapp', contextLoader = 'org.springframework.boot.test.context.SpringBootContextLoader', parent = [null]], attributes = map['org.springframework.test.context.web.ServletTestExecutionListener.activateListener' -> true]], class annotated with @DirtiesContext [false] with mode [null].
16:39:22.693 [Test worker] DEBUG org.springframework.test.context.support.TestPropertySourceUtils - Adding inlined properties to environment: {spring.jmx.enabled=false, org.springframework.boot.test.context.SpringBootTestContextBootstrapper=true}

  .   ____          _            __ _ _
 /\\ / ___'_ __ _ _(_)_ __  __ _ \ \ \ \
( ( )\___ | '_ | '_| | '_ \/ _` | \ \ \ \
 \\/  ___)| |_)| | | | | || (_| |  ) ) ) )
  '  |____| .__|_| |_|_| |_\__, | / / / /
 =========|_|==============|___/=/_/_/_/
 :: Spring Boot ::                (v2.5.6)

2021-11-04 16:39:23.027  INFO 97600 --- [    Test worker] c.t.microservicegps.IT.UserGpsTestIT     : Starting UserGpsTestIT using Java 1.8.0_281 on MSI with PID 97600 (started by Kikine in C:\Users\Kikine\tourGuideProjet8\microservice-gps)
2021-11-04 16:39:23.030  INFO 97600 --- [    Test worker] c.t.microservicegps.IT.UserGpsTestIT     : No active profile set, falling back to default profiles: default
2021-11-04 16:39:24.553  INFO 97600 --- [    Test worker] o.s.b.t.m.w.SpringBootMockServletContext : Initializing Spring TestDispatcherServlet ''
2021-11-04 16:39:24.554  INFO 97600 --- [    Test worker] o.s.t.web.servlet.TestDispatcherServlet  : Initializing Servlet ''
2021-11-04 16:39:24.555  INFO 97600 --- [    Test worker] o.s.t.web.servlet.TestDispatcherServlet  : Completed initialization in 1 ms
2021-11-04 16:39:24.579  INFO 97600 --- [    Test worker] c.t.microservicegps.IT.UserGpsTestIT     : Started UserGpsTestIT in 1.876 seconds (JVM running for 3.508)

MockHttpServletRequest:
      HTTP Method = GET
      Request URI = /getLocation
       Parameters = {userName=[unknown]}
          Headers = []
             Body = null
    Session Attrs = {}

Handler:
             Type = com.tripMaster.microservicegps.controller.UserGpsController
           Method = com.tripMaster.microservicegps.controller.UserGpsController#userGpsGetLocation(String)

Async:
    Async started = false
     Async result = null

Resolved Exception:
             Type = com.tripMaster.microservicegps.exception.UserNotFoundException

ModelAndView:
        View name = null
             View = null
            Model = null

FlashMap:
       Attributes = null

MockHttpServletResponse:
           Status = 404
    Error message = null
          Headers = []
     Content type = null
             Body = 
    Forwarded URL = null
   Redirected URL = null
          Cookies = []

MockHttpServletRequest:
      HTTP Method = GET
      Request URI = /getLocation
       Parameters = {userName=[jona]}
          Headers = []
             Body = null
    Session Attrs = {}

Handler:
             Type = com.tripMaster.microservicegps.controller.UserGpsController
           Method = com.tripMaster.microservicegps.controller.UserGpsController#userGpsGetLocation(String)

Async:
    Async started = false
     Async result = null

Resolved Exception:
             Type = null

ModelAndView:
        View name = null
             View = null
            Model = null

FlashMap:
       Attributes = null

MockHttpServletResponse:
           Status = 200
    Error message = null
          Headers = [Content-Type:"application/json"]
     Content type = application/json
             Body = {"userId":"db58c3ee-3a4b-414f-adf8-b969027ca652","location":{"longitude":-58.196501,"latitude":6.481195},"timeVisited":"2021-11-04T15:39:24.920+00:00"}
    Forwarded URL = null
   Redirected URL = null
          Cookies = []

MockHttpServletRequest:
      HTTP Method = GET
      Request URI = /getLocation
       Parameters = {userName=[jon]}
          Headers = []
             Body = null
    Session Attrs = {}

Handler:
             Type = com.tripMaster.microservicegps.controller.UserGpsController
           Method = com.tripMaster.microservicegps.controller.UserGpsController#userGpsGetLocation(String)

Async:
    Async started = false
     Async result = null

Resolved Exception:
             Type = null

ModelAndView:
        View name = null
             View = null
            Model = null

FlashMap:
       Attributes = null

MockHttpServletResponse:
           Status = 200
    Error message = null
          Headers = [Content-Type:"application/json"]
     Content type = application/json
             Body = {"userId":"b03e2687-4b98-4e73-b0ad-c73697980dd1","location":{"longitude":-118.922008,"latitude":35.817595},"timeVisited":"2021-11-04T15:39:25.049+00:00"}
    Forwarded URL = null
   Redirected URL = null
          Cookies = []
]]></system-out>
  <system-err><![CDATA[]]></system-err>
</testsuite>
