<?xml version="1.0" encoding="UTF-8"?>
<testsuite name="tourGuide.TestPerformance" tests="2" skipped="0" failures="0" errors="0" timestamp="2021-11-03T21:50:46" hostname="MSI" time="14.318">
  <properties/>
  <testcase name="highVolumeTrackLocation" classname="tourGuide.TestPerformance" time="6.42"/>
  <testcase name="highVolumeGetRewards" classname="tourGuide.TestPerformance" time="7.898"/>
  <system-out><![CDATA[22:50:46.113 [Test worker] INFO tourGuide.service.TourGuideService - TestMode enabled
22:50:46.113 [Test worker] DEBUG tourGuide.service.TourGuideService - Initializing users
22:50:46.125 [Test worker] DEBUG tourGuide.DAO.InternalUserMapDAO - Created 100 internal test users.
22:50:46.126 [Test worker] DEBUG tourGuide.service.TourGuideService - Finished initializing users
22:50:46.126 [pool-12-thread-1] DEBUG tourGuide.tracker.Tracker - Begin Tracker. Tracking 100 users.
visited location in service:pool-12-thread-1
visited location in service:pool-12-thread-1
visited location in service:pool-12-thread-1
visited location in service:pool-12-thread-1
visited location in service:pool-12-thread-1
visited location in service:pool-12-thread-1
Calculate reward on: pool-3-thread-2
visited location in service:pool-12-thread-1
visited location in service:pool-12-thread-1
visited location in service:pool-12-thread-1
visited location in service:pool-12-thread-1
visited location in service:pool-12-thread-1
visited location in service:pool-12-thread-1
visited location in service:pool-12-thread-1
visited location in service:pool-12-thread-1
visited location in service:pool-12-thread-1
visited location in service:pool-12-thread-1
visited location in service:pool-12-thread-1
visited location in service:pool-12-thread-1
visited location in service:pool-12-thread-1
Calculate reward on: pool-3-thread-2
visited location in service:pool-12-thread-1
visited location in service:pool-12-thread-1
visited location in service:pool-12-thread-1
Calculate reward on: pool-3-thread-2
visited location in service:pool-12-thread-1
visited location in service:pool-12-thread-1
visited location in service:pool-12-thread-1
Calculate reward on: pool-3-thread-2
visited location in service:pool-12-thread-1
visited location in service:pool-12-thread-1
visited location in service:pool-12-thread-1
Calculate reward on: pool-3-thread-2
visited location in service:pool-12-thread-1
visited location in service:pool-12-thread-1
visited location in service:pool-12-thread-1
visited location in service:pool-12-thread-1
visited location in service:pool-12-thread-1
visited location in service:pool-12-thread-1
visited location in service:pool-12-thread-1
visited location in service:pool-12-thread-1
visited location in service:pool-12-thread-1
visited location in service:pool-12-thread-1
visited location in service:pool-12-thread-1
visited location in service:pool-12-thread-1
Calculate reward on: pool-3-thread-2
visited location in service:pool-12-thread-1
Calculate reward on: pool-3-thread-2
visited location in service:pool-12-thread-1
visited location in service:pool-12-thread-1
visited location in service:pool-12-thread-1
visited location in service:pool-12-thread-1
visited location in service:pool-12-thread-1
visited location in service:pool-12-thread-1
visited location in service:pool-12-thread-1
visited location in service:pool-12-thread-1
visited location in service:pool-12-thread-1
visited location in service:pool-12-thread-1
Calculate reward on: pool-3-thread-2
visited location in service:pool-12-thread-1
visited location in service:pool-12-thread-1
visited location in service:pool-12-thread-1
visited location in service:pool-12-thread-1
visited location in service:pool-12-thread-1
Calculate reward on: pool-3-thread-2
visited location in service:pool-12-thread-1
visited location in service:pool-12-thread-1
visited location in service:pool-12-thread-1
visited location in service:pool-12-thread-1
visited location in service:pool-12-thread-1
visited location in service:pool-12-thread-1
visited location in service:pool-12-thread-1
Calculate reward on: pool-3-thread-2
visited location in service:pool-12-thread-1
visited location in service:pool-12-thread-1
visited location in service:pool-12-thread-1
visited location in service:pool-12-thread-1
visited location in service:pool-12-thread-1
visited location in service:pool-12-thread-1
visited location in service:pool-12-thread-1
visited location in service:pool-12-thread-1
visited location in service:pool-12-thread-1
visited location in service:pool-12-thread-1
visited location in service:pool-12-thread-1
Calculate reward on: pool-3-thread-2
visited location in service:pool-12-thread-1
visited location in service:pool-12-thread-1
Calculate reward on: pool-3-thread-2
visited location in service:pool-12-thread-1
visited location in service:pool-12-thread-1
visited location in service:pool-12-thread-1
visited location in service:pool-12-thread-1
visited location in service:pool-12-thread-1
visited location in service:pool-12-thread-1
visited location in service:pool-12-thread-1
visited location in service:pool-12-thread-1
visited location in service:pool-12-thread-1
visited location in service:pool-12-thread-1
visited location in service:pool-12-thread-1
visited location in service:pool-12-thread-1
visited location in service:pool-12-thread-1
visited location in service:pool-12-thread-1
Calculate reward on: pool-3-thread-2
visited location in service:pool-12-thread-1
Calculate reward on: pool-3-thread-2
Calculate reward on: pool-3-thread-2
visited location in service:pool-12-thread-1
visited location in service:pool-12-thread-1
visited location in service:pool-12-thread-1
visited location in service:pool-12-thread-1
highVolumeTrackLocation: Time Elapsed: 6 seconds.
22:50:52.534 [Test worker] INFO tourGuide.service.TourGuideService - TestMode enabled
22:50:52.534 [Test worker] DEBUG tourGuide.service.TourGuideService - Initializing users
22:50:52.541 [Test worker] DEBUG tourGuide.DAO.InternalUserMapDAO - Created 100 internal test users.
22:50:52.541 [Test worker] DEBUG tourGuide.service.TourGuideService - Finished initializing users
22:50:52.542 [pool-209-thread-1] DEBUG tourGuide.tracker.Tracker - Begin Tracker. Tracking 100 users.
Calculate reward on: Test worker
visited location in service:pool-12-thread-1
Calculate reward on: Test worker
visited location in service:pool-209-thread-1
visited location in service:pool-12-thread-1
visited location in service:pool-209-thread-1
visited location in service:pool-12-thread-1
Calculate reward on: pool-3-thread-2
Calculate reward on: pool-212-thread-2
visited location in service:pool-209-thread-1
Calculate reward on: pool-214-thread-2
visited location in service:pool-12-thread-1
visited location in service:pool-209-thread-1
visited location in service:pool-12-thread-1
22:50:52.807 [pool-12-thread-1] DEBUG tourGuide.tracker.Tracker - Tracker Time Elapsed: 6 seconds.
22:50:52.807 [pool-12-thread-1] DEBUG tourGuide.tracker.Tracker - Tracker sleeping
Calculate reward on: pool-216-thread-2
visited location in service:pool-209-thread-1
Calculate reward on: pool-218-thread-2
visited location in service:pool-209-thread-1
Calculate reward on: pool-219-thread-2
visited location in service:pool-209-thread-1
Calculate reward on: pool-220-thread-2
Calculate reward on: pool-3-thread-2
visited location in service:pool-209-thread-1
Calculate reward on: pool-221-thread-2
visited location in service:pool-209-thread-1
Calculate reward on: pool-222-thread-2
visited location in service:pool-209-thread-1
Calculate reward on: pool-223-thread-2
visited location in service:pool-209-thread-1
Calculate reward on: pool-224-thread-2
visited location in service:pool-209-thread-1
Calculate reward on: pool-225-thread-2
visited location in service:pool-209-thread-1
Calculate reward on: pool-226-thread-2
visited location in service:pool-209-thread-1
Calculate reward on: pool-227-thread-2
visited location in service:pool-209-thread-1
Calculate reward on: Test worker
Calculate reward on: pool-228-thread-2
visited location in service:pool-209-thread-1
Calculate reward on: pool-229-thread-2
visited location in service:pool-209-thread-1
Calculate reward on: pool-230-thread-2
visited location in service:pool-209-thread-1
Calculate reward on: pool-231-thread-2
Calculate reward on: pool-3-thread-2
Calculate reward on: pool-3-thread-2
visited location in service:pool-209-thread-1
Calculate reward on: pool-232-thread-2
visited location in service:pool-209-thread-1
Calculate reward on: pool-233-thread-2
visited location in service:pool-209-thread-1
Calculate reward on: pool-234-thread-2
visited location in service:pool-209-thread-1
Calculate reward on: pool-235-thread-2
visited location in service:pool-209-thread-1
Calculate reward on: pool-236-thread-2
visited location in service:pool-209-thread-1
Calculate reward on: pool-237-thread-2
visited location in service:pool-209-thread-1
Calculate reward on: pool-238-thread-2
visited location in service:pool-209-thread-1
Calculate reward on: pool-239-thread-2
Calculate reward on: Test worker
visited location in service:pool-209-thread-1
Calculate reward on: pool-240-thread-2
visited location in service:pool-209-thread-1
Calculate reward on: pool-241-thread-2
visited location in service:pool-209-thread-1
Calculate reward on: pool-242-thread-2
visited location in service:pool-209-thread-1
Calculate reward on: pool-243-thread-2
visited location in service:pool-209-thread-1
Calculate reward on: pool-244-thread-2
visited location in service:pool-209-thread-1
Calculate reward on: pool-245-thread-2
visited location in service:pool-209-thread-1
Calculate reward on: pool-246-thread-2
visited location in service:pool-209-thread-1
Calculate reward on: pool-247-thread-2
Calculate reward on: pool-3-thread-2
visited location in service:pool-209-thread-1
Calculate reward on: pool-248-thread-2
Calculate reward on: pool-3-thread-2
visited location in service:pool-209-thread-1
Calculate reward on: pool-249-thread-2
visited location in service:pool-209-thread-1
Calculate reward on: pool-250-thread-2
visited location in service:pool-209-thread-1
Calculate reward on: pool-251-thread-2
visited location in service:pool-209-thread-1
Calculate reward on: pool-252-thread-2
visited location in service:pool-209-thread-1
Calculate reward on: pool-253-thread-2
Calculate reward on: pool-3-thread-2
Calculate reward on: Test worker
visited location in service:pool-209-thread-1
Calculate reward on: pool-254-thread-2
visited location in service:pool-209-thread-1
Calculate reward on: pool-255-thread-2
visited location in service:pool-209-thread-1
Calculate reward on: pool-256-thread-2
visited location in service:pool-209-thread-1
Calculate reward on: pool-257-thread-2
visited location in service:pool-209-thread-1
Calculate reward on: pool-258-thread-2
visited location in service:pool-209-thread-1
Calculate reward on: pool-259-thread-2
visited location in service:pool-209-thread-1
Calculate reward on: pool-260-thread-2
visited location in service:pool-209-thread-1
Calculate reward on: pool-261-thread-2
visited location in service:pool-209-thread-1
Calculate reward on: pool-262-thread-2
visited location in service:pool-209-thread-1
Calculate reward on: pool-263-thread-2
visited location in service:pool-209-thread-1
Calculate reward on: pool-264-thread-2
visited location in service:pool-209-thread-1
Calculate reward on: pool-265-thread-2
visited location in service:pool-209-thread-1
Calculate reward on: pool-266-thread-2
visited location in service:pool-209-thread-1
Calculate reward on: pool-3-thread-2
Calculate reward on: pool-267-thread-2
Calculate reward on: Test worker
visited location in service:pool-209-thread-1
Calculate reward on: pool-268-thread-2
visited location in service:pool-209-thread-1
Calculate reward on: pool-269-thread-2
visited location in service:pool-209-thread-1
Calculate reward on: pool-270-thread-2
visited location in service:pool-209-thread-1
Calculate reward on: pool-271-thread-2
visited location in service:pool-209-thread-1
Calculate reward on: pool-272-thread-2
visited location in service:pool-209-thread-1
Calculate reward on: pool-273-thread-2
visited location in service:pool-209-thread-1
Calculate reward on: pool-274-thread-2
Calculate reward on: pool-3-thread-2
visited location in service:pool-209-thread-1
Calculate reward on: pool-275-thread-2
visited location in service:pool-209-thread-1
Calculate reward on: pool-276-thread-2
visited location in service:pool-209-thread-1
Calculate reward on: pool-277-thread-2
visited location in service:pool-209-thread-1
Calculate reward on: pool-278-thread-2
visited location in service:pool-209-thread-1
Calculate reward on: Test worker
Calculate reward on: pool-279-thread-2
Calculate reward on: Test worker
visited location in service:pool-209-thread-1
Calculate reward on: pool-280-thread-2
visited location in service:pool-209-thread-1
Calculate reward on: pool-281-thread-2
visited location in service:pool-209-thread-1
Calculate reward on: pool-282-thread-2
visited location in service:pool-209-thread-1
Calculate reward on: pool-283-thread-2
Calculate reward on: pool-3-thread-2
visited location in service:pool-209-thread-1
Calculate reward on: pool-284-thread-2
visited location in service:pool-209-thread-1
Calculate reward on: pool-285-thread-2
visited location in service:pool-209-thread-1
Calculate reward on: pool-286-thread-2
visited location in service:pool-209-thread-1
Calculate reward on: pool-287-thread-2
Calculate reward on: Test worker
visited location in service:pool-209-thread-1
Calculate reward on: pool-288-thread-2
visited location in service:pool-209-thread-1
Calculate reward on: pool-289-thread-2
visited location in service:pool-209-thread-1
Calculate reward on: pool-290-thread-2
visited location in service:pool-209-thread-1
Calculate reward on: pool-291-thread-2
visited location in service:pool-209-thread-1
Calculate reward on: pool-292-thread-2
visited location in service:pool-209-thread-1
Calculate reward on: pool-293-thread-2
visited location in service:pool-209-thread-1
Calculate reward on: pool-294-thread-2
visited location in service:pool-209-thread-1
Calculate reward on: pool-295-thread-2
visited location in service:pool-209-thread-1
Calculate reward on: pool-296-thread-2
Calculate reward on: Test worker
visited location in service:pool-209-thread-1
Calculate reward on: pool-297-thread-2
visited location in service:pool-209-thread-1
Calculate reward on: pool-298-thread-2
visited location in service:pool-209-thread-1
Calculate reward on: pool-299-thread-2
visited location in service:pool-209-thread-1
Calculate reward on: pool-300-thread-2
visited location in service:pool-209-thread-1
Calculate reward on: pool-301-thread-2
Calculate reward on: Test worker
visited location in service:pool-209-thread-1
Calculate reward on: pool-302-thread-2
visited location in service:pool-209-thread-1
Calculate reward on: pool-303-thread-2
visited location in service:pool-209-thread-1
Calculate reward on: pool-304-thread-2
visited location in service:pool-209-thread-1
Calculate reward on: pool-305-thread-2
visited location in service:pool-209-thread-1
Calculate reward on: pool-306-thread-2
visited location in service:pool-209-thread-1
Calculate reward on: pool-307-thread-2
visited location in service:pool-209-thread-1
Calculate reward on: pool-308-thread-2
Calculate reward on: Test worker
visited location in service:pool-209-thread-1
Calculate reward on: pool-309-thread-2
visited location in service:pool-209-thread-1
Calculate reward on: pool-310-thread-2
visited location in service:pool-209-thread-1
Calculate reward on: pool-311-thread-2
visited location in service:pool-209-thread-1
Calculate reward on: pool-312-thread-2
visited location in service:pool-209-thread-1
22:50:58.943 [pool-209-thread-1] DEBUG tourGuide.tracker.Tracker - Tracker Time Elapsed: 6 seconds.
22:50:58.943 [pool-209-thread-1] DEBUG tourGuide.tracker.Tracker - Tracker sleeping
Calculate reward on: pool-313-thread-2
Calculate reward on: Test worker
Calculate reward on: Test worker
highVolumeGetRewards: Time Elapsed: 7 seconds.
]]></system-out>
  <system-err><![CDATA[]]></system-err>
</testsuite>
